add_team: SUCCESS
add_team: SUCCESS
add_team: SUCCESS
add_team: SUCCESS
add_team: SUCCESS
add_team: SUCCESS
add_team: SUCCESS
add_team: SUCCESS
add_team: SUCCESS
add_team: SUCCESS
add_team: SUCCESS
add_team: SUCCESS
add_team: SUCCESS
add_team: SUCCESS
add_team: SUCCESS
add_team: SUCCESS
add_team: SUCCESS
add_team: SUCCESS
add_team: SUCCESS
add_team: SUCCESS
add_player: SUCCESS
add_player: SUCCESS
add_player: SUCCESS
add_player: SUCCESS
add_player: SUCCESS
add_player: SUCCESS
add_player: SUCCESS
add_player: SUCCESS
add_player: SUCCESS
add_player: SUCCESS
add_player: SUCCESS
add_player: SUCCESS
add_player: SUCCESS
add_player: SUCCESS
add_player: SUCCESS
add_player: SUCCESS
add_player: SUCCESS
add_player: SUCCESS
add_player: SUCCESS
add_player: SUCCESS
add_player: SUCCESS
add_player: SUCCESS
add_player: SUCCESS
add_player: SUCCESS
add_player: SUCCESS
add_player: SUCCESS
add_player: SUCCESS
add_player: SUCCESS
add_player: SUCCESS
add_player: SUCCESS
add_player: SUCCESS
add_player: SUCCESS
add_player: SUCCESS
add_player: SUCCESS
add_player: SUCCESS
add_player: SUCCESS
add_player: SUCCESS
add_player: SUCCESS
add_player: SUCCESS
add_player: SUCCESS
add_player: SUCCESS
add_player: SUCCESS
add_player: SUCCESS
add_player: SUCCESS
add_player: SUCCESS
add_player: SUCCESS
add_player: SUCCESS
add_player: SUCCESS
add_player: SUCCESS
add_player: SUCCESS
add_player: SUCCESS
add_player: SUCCESS
add_player: SUCCESS
add_player: SUCCESS
add_player: SUCCESS
add_player: SUCCESS
add_player: SUCCESS
add_player: SUCCESS
add_player: SUCCESS
add_player: SUCCESS
add_player: SUCCESS
add_player: SUCCESS
add_player: SUCCESS
add_player: SUCCESS
add_player: SUCCESS
add_player: SUCCESS
add_player: SUCCESS
add_player: SUCCESS
add_player: SUCCESS
add_player: SUCCESS
add_player: SUCCESS
add_player: SUCCESS
add_player: SUCCESS
add_player: SUCCESS
add_player: SUCCESS
add_player: SUCCESS
add_player: SUCCESS
add_player: SUCCESS
add_player: SUCCESS
add_player: SUCCESS
add_player: SUCCESS
add_player: SUCCESS
add_player: SUCCESS
add_player: SUCCESS
add_player: SUCCESS
add_player: SUCCESS
add_player: SUCCESS
add_player: SUCCESS
add_player: SUCCESS
add_player: SUCCESS
add_player: SUCCESS
add_player: SUCCESS
add_player: SUCCESS
add_player: SUCCESS
add_player: SUCCESS
add_player: SUCCESS
add_player: SUCCESS
add_player: SUCCESS
add_player: SUCCESS
add_player: SUCCESS
add_player: SUCCESS
add_player: SUCCESS
add_player: SUCCESS
add_player: SUCCESS
add_player: SUCCESS
add_player: SUCCESS
add_player: SUCCESS
add_player: SUCCESS
add_player: SUCCESS
add_player: SUCCESS
add_player: SUCCESS
add_player: SUCCESS
add_player: SUCCESS
add_player: SUCCESS
add_player: SUCCESS
add_player: SUCCESS
add_player: SUCCESS
add_player: SUCCESS
add_player: SUCCESS
add_player: SUCCESS
add_player: SUCCESS
add_player: SUCCESS
add_player: SUCCESS
add_player: SUCCESS
add_player: SUCCESS
add_player: SUCCESS
add_player: SUCCESS
add_player: SUCCESS
add_player: SUCCESS
add_player: SUCCESS
add_player: SUCCESS
add_player: SUCCESS
add_player: SUCCESS
add_player: SUCCESS
add_player: SUCCESS
add_player: SUCCESS
add_player: SUCCESS
add_player: SUCCESS
add_player: SUCCESS
add_player: SUCCESS
add_player: SUCCESS
add_player: SUCCESS
add_player: SUCCESS
add_player: SUCCESS
add_player: SUCCESS
add_player: SUCCESS
add_player: SUCCESS
add_player: SUCCESS
add_player: SUCCESS
add_player: SUCCESS
add_player: SUCCESS
add_player: SUCCESS
add_player: SUCCESS
add_player: SUCCESS
add_player: SUCCESS
add_player: SUCCESS
add_player: SUCCESS
add_player: SUCCESS
add_player: SUCCESS
add_player: SUCCESS
add_player: SUCCESS
add_player: SUCCESS
add_player: SUCCESS
add_player: SUCCESS
add_player: SUCCESS
add_player: SUCCESS
add_player: SUCCESS
add_player: SUCCESS
add_player: SUCCESS
add_player: SUCCESS
add_player: SUCCESS
add_player: SUCCESS
add_player: SUCCESS
add_player: SUCCESS
add_player: SUCCESS
add_player: SUCCESS
add_player: SUCCESS
add_player: SUCCESS
add_player: SUCCESS
add_player: SUCCESS
add_player: SUCCESS
add_player: SUCCESS
add_player: SUCCESS
add_player: SUCCESS
add_player: SUCCESS
add_player: SUCCESS
add_player: SUCCESS
add_player: SUCCESS
add_player: SUCCESS
add_player: SUCCESS
add_player: SUCCESS
add_player: SUCCESS
add_player: SUCCESS
add_player: SUCCESS
add_player: SUCCESS
add_player: SUCCESS
add_player: SUCCESS
add_player: SUCCESS
add_player: SUCCESS
add_player: SUCCESS
get_team_points: SUCCESS, 1876
get_all_players_count: SUCCESS, 7
update_player_stats: SUCCESS
add_player: FAILURE
play_match: FAILURE
get_all_players_count: SUCCESS, 10
add_player: FAILURE
get_team_points: SUCCESS, 6970
remove_player: SUCCESS
get_all_players_count: SUCCESS, 6
unite_teams: FAILURE
get_all_players: SUCCESS
110
194
7
27
181
143
105
unite_teams: FAILURE
unite_teams: FAILURE
get_top_scorer: SUCCESS, 46
get_closest_player: SUCCESS, 84
unite_teams: FAILURE
get_team_points: SUCCESS, 7701
get_closest_player: SUCCESS, 181
play_match: INVALID_INPUT
get_num_played_games: SUCCESS, 9488
add_team: FAILURE
get_all_players_count: SUCCESS, 12
play_match: FAILURE
get_all_players: SUCCESS
110
194
7
27
181
143
105
add_player: FAILURE
get_all_players: SUCCESS
63
6
150
39
58
31
176
79
163
96
120
189
190
get_closest_player: SUCCESS, 129
get_num_played_games: SUCCESS, 7098
remove_team: FAILURE
get_all_players: SUCCESS
126
118
23
106
182
24
75
54
4
173
69
37
remove_player: SUCCESS
add_player: FAILURE
get_all_players_count: SUCCESS, 10
add_team: FAILURE
get_team_points: SUCCESS, 1876
remove_team: FAILURE
unite_teams: FAILURE
knockout_winner: SUCCESS, 19
get_team_points: SUCCESS, 8889
knockout_winner: SUCCESS, 12
remove_team: FAILURE
get_all_players: SUCCESS
72
200
121
154
13
91
92
170
167
199
40
109
60
84
142
174
remove_player: SUCCESS
get_num_played_games: SUCCESS, 8111
get_top_scorer: SUCCESS, 190
knockout_winner: SUCCESS, 8
get_all_players: SUCCESS
135
148
151
2
125
192
53
184
111
89
33
get_top_scorer: SUCCESS, 177
play_match: FAILURE
unite_teams: FAILURE
add_player: FAILURE
get_all_players_count: SUCCESS, 15
add_player: FAILURE
get_num_played_games: SUCCESS, 1289
unite_teams: SUCCESS
play_match: FAILURE
get_team_points: SUCCESS, 4370
get_closest_player: SUCCESS, 57
add_team: FAILURE
add_team: FAILURE
add_player: FAILURE
get_all_players_count: SUCCESS, 7
remove_team: FAILURE
get_all_players: SUCCESS
22
3
133
81
87
123
159
5
145
70
add_player: FAILURE
get_all_players: SUCCESS
22
3
133
81
87
123
159
5
145
70
add_player: FAILURE
get_closest_player: SUCCESS, 163
add_team: FAILURE
get_all_players: SUCCESS
22
3
133
81
87
123
159
5
145
70
get_closest_player: SUCCESS, 79
update_player_stats: SUCCESS
get_num_played_games: SUCCESS, 7151
remove_team: FAILURE
remove_team: FAILURE
get_all_players_count: SUCCESS, 2
get_num_played_games: SUCCESS, 7280
remove_player: SUCCESS
remove_team: FAILURE
play_match: FAILURE
get_all_players_count: SUCCESS, 16
remove_player: SUCCESS
knockout_winner: SUCCESS, 13
remove_player: SUCCESS
remove_player: SUCCESS
add_team: FAILURE
get_all_players_count: SUCCESS, 7
unite_teams: FAILURE
get_top_scorer: SUCCESS, 64
get_num_played_games: SUCCESS, 1219
get_all_players_count: SUCCESS, 15
update_player_stats: SUCCESS
add_team: FAILURE
remove_player: SUCCESS
get_all_players_count: SUCCESS, 15
get_num_played_games: SUCCESS, 9424
update_player_stats: SUCCESS
add_player: FAILURE
knockout_winner: INVALID_INPUT
add_team: FAILURE
update_player_stats: SUCCESS
get_all_players: SUCCESS
41
134
76
21
146
61
187
18
19
162
62
add_team: FAILURE
get_top_scorer: SUCCESS, 177
get_team_points: SUCCESS, 542
get_all_players_count: SUCCESS, 15
remove_team: FAILURE
remove_team: FAILURE
get_team_points: SUCCESS, 7701
add_team: FAILURE
add_team: FAILURE
add_team: FAILURE
remove_team: FAILURE
get_closest_player: SUCCESS, 79
remove_team: FAILURE
remove_team: FAILURE
get_num_played_games: SUCCESS, 1580
unite_teams: FAILURE
add_player: FAILURE
add_player: FAILURE
play_match: FAILURE
remove_player: SUCCESS
get_num_played_games: SUCCESS, 2509
knockout_winner: SUCCESS, 19
add_player: FAILURE
unite_teams: FAILURE
add_player: FAILURE
get_top_scorer: SUCCESS, 30
knockout_winner: SUCCESS, 13
get_team_points: SUCCESS, 8988
play_match: FAILURE
get_num_played_games: SUCCESS, 1696
knockout_winner: SUCCESS, 18
play_match: FAILURE
get_all_players: SUCCESS
126
118
23
106
182
24
75
54
4
173
37
add_player: FAILURE
get_all_players: SUCCESS
180
165
101
71
141
107
172
86
28
32
90
168
94
136
77
44
66
99
161
26
175
108
59
67
20
193
15
147
get_all_players_count: SUCCESS, 6
unite_teams: FAILURE
remove_player: SUCCESS
remove_team: FAILURE
get_closest_player: SUCCESS, 98
update_player_stats: SUCCESS
remove_team: FAILURE
add_team: FAILURE
get_all_players: SUCCESS
63
6
150
39
58
31
176
79
163
96
120
189
190
knockout_winner: SUCCESS, 3
unite_teams: FAILURE
get_all_players: SUCCESS
135
148
151
2
125
53
184
111
89
33
get_num_played_games: SUCCESS, 4298
remove_team: FAILURE
play_match: FAILURE
unite_teams: FAILURE
get_team_points: SUCCESS, 842
get_all_players_count: SUCCESS, 11
play_match: FAILURE
knockout_winner: SUCCESS, 12
unite_teams: FAILURE
get_closest_player: SUCCESS, 10
unite_teams: FAILURE
knockout_winner: FAILURE
update_player_stats: SUCCESS
get_all_players: SUCCESS
63
6
150
39
58
31
176
79
163
96
120
189
190
play_match: FAILURE
unite_teams: SUCCESS
get_num_played_games: SUCCESS, 4878
knockout_winner: SUCCESS, 3
remove_team: FAILURE
get_team_points: SUCCESS, 551
knockout_winner: INVALID_INPUT
get_closest_player: SUCCESS, 26
knockout_winner: SUCCESS, 15
remove_team: FAILURE
knockout_winner: SUCCESS, 15
remove_team: FAILURE
knockout_winner: SUCCESS, 17
get_all_players_count: SUCCESS, 10
get_num_played_games: SUCCESS, 3656
play_match: FAILURE
get_all_players_count: SUCCESS, 11
get_all_players_count: SUCCESS, 9
update_player_stats: SUCCESS
remove_player: SUCCESS
get_num_played_games: SUCCESS, 12108
update_player_stats: SUCCESS
knockout_winner: FAILURE
remove_player: SUCCESS
remove_player: SUCCESS
play_match: FAILURE
get_closest_player: SUCCESS, 96
add_player: FAILURE
get_team_points: SUCCESS, 554
add_team: FAILURE
get_top_scorer: SUCCESS, 37
get_top_scorer: SUCCESS, 174
add_team: FAILURE
add_player: FAILURE
add_player: FAILURE
get_all_players: SUCCESS
180
165
101
71
141
107
172
86
28
32
90
168
94
136
77
44
66
99
161
26
175
108
59
67
20
193
15
147
get_top_scorer: SUCCESS, 57
unite_teams: FAILURE
add_player: FAILURE
play_match: INVALID_INPUT
remove_player: SUCCESS
play_match: FAILURE
get_closest_player: SUCCESS, 65
get_all_players_count: SUCCESS, 9
update_player_stats: SUCCESS
add_player: FAILURE
get_closest_player: SUCCESS, 190
knockout_winner: SUCCESS, 3
get_all_players_count: SUCCESS, 8
knockout_winner: FAILURE
get_all_players_count: SUCCESS, 8
add_team: FAILURE
add_team: FAILURE
play_match: FAILURE
knockout_winner: SUCCESS, 15
unite_teams: INVALID_INPUT
knockout_winner: SUCCESS, 15
unite_teams: INVALID_INPUT
remove_player: SUCCESS
update_player_stats: SUCCESS
get_top_scorer: SUCCESS, 30
get_num_played_games: SUCCESS, 9959
get_all_players: SUCCESS
135
148
151
2
125
53
184
111
89
33
remove_player: SUCCESS
add_player: FAILURE
unite_teams: FAILURE
unite_teams: SUCCESS
remove_player: SUCCESS
update_player_stats: SUCCESS
get_top_scorer: SUCCESS, 147
knockout_winner: SUCCESS, 15
update_player_stats: SUCCESS
add_player: FAILURE
get_top_scorer: SUCCESS, 147
get_all_players_count: SUCCESS, 10
remove_team: FAILURE
unite_teams: SUCCESS
get_num_played_games: SUCCESS, 1696
knockout_winner: FAILURE
get_team_points: SUCCESS, 7701
get_team_points: SUCCESS, 6973
unite_teams: INVALID_INPUT
get_team_points: SUCCESS, 11696
get_num_played_games: SUCCESS, 10805
add_player: FAILURE
get_all_players_count: SUCCESS, 12
get_top_scorer: SUCCESS, 186
get_num_played_games: SUCCESS, 3265
add_player: FAILURE
knockout_winner: SUCCESS, 17
add_player: FAILURE
add_team: FAILURE
get_all_players: SUCCESS
131
41
130
49
156
9
134
21
146
97
155
61
149
187
18
11
19
152
162
140
8
62
113
195
138
68
10
78
191
get_all_players_count: SUCCESS, 10
get_closest_player: SUCCESS, 134
get_num_played_games: SUCCESS, 4706
get_all_players_count: SUCCESS, 29
add_team: FAILURE
get_num_played_games: SUCCESS, 1219
play_match: FAILURE
get_all_players_count: SUCCESS, 4
update_player_stats: SUCCESS
get_all_players_count: SUCCESS, 6
get_closest_player: SUCCESS, 9
add_player: FAILURE
unite_teams: FAILURE
add_team: FAILURE
add_team: FAILURE
update_player_stats: SUCCESS
get_closest_player: SUCCESS, 30
play_match: FAILURE
unite_teams: FAILURE
unite_teams: FAILURE
get_team_points: SUCCESS, 6973
get_top_scorer: SUCCESS, 186
add_player: FAILURE
remove_team: FAILURE
play_match: FAILURE
get_all_players_count: SUCCESS, 10
get_num_played_games: SUCCESS, 11489
get_top_scorer: SUCCESS, 57
get_num_played_games: SUCCESS, 10467
update_player_stats: SUCCESS
get_top_scorer: SUCCESS, 96
remove_team: FAILURE
get_team_points: SUCCESS, 9091
unite_teams: FAILURE
get_top_scorer: SUCCESS, 177
get_num_played_games: SUCCESS, 15843
add_team: FAILURE
get_top_scorer: SUCCESS, 50
get_closest_player: SUCCESS, 31
add_player: FAILURE
add_team: FAILURE
remove_player: SUCCESS
knockout_winner: INVALID_INPUT
get_team_points: SUCCESS, 8889
remove_player: SUCCESS
unite_teams: FAILURE
remove_team: FAILURE
get_num_played_games: SUCCESS, 4216
add_player: FAILURE
unite_teams: SUCCESS
get_team_points: SUCCESS, 10405
remove_player: SUCCESS
get_top_scorer: SUCCESS, 64
get_num_played_games: SUCCESS, 21957
get_closest_player: SUCCESS, 10
add_team: FAILURE
get_all_players_count: SUCCESS, 9
get_all_players_count: SUCCESS, 12
update_player_stats: SUCCESS
get_top_scorer: SUCCESS, 147
play_match: FAILURE
get_num_played_games: SUCCESS, 1259
add_team: FAILURE
add_player: FAILURE
get_closest_player: SUCCESS, 154
play_match: SUCCESS
update_player_stats: SUCCESS
add_player: FAILURE
knockout_winner: SUCCESS, 12
update_player_stats: SUCCESS
play_match: SUCCESS
unite_teams: FAILURE
get_closest_player: SUCCESS, 148
get_all_players: SUCCESS
25
171
34
132
188
183
get_num_played_games: SUCCESS, 3747
play_match: SUCCESS
remove_team: FAILURE
get_closest_player: SUCCESS, 193
get_all_players: SUCCESS
139
164
104
35
80
122
82
95
88
100
144
64
get_team_points: SUCCESS, 10864
add_team: FAILURE
get_all_players_count: SUCCESS, 9
get_all_players: SUCCESS
3
81
87
123
159
133
5
145
22
70
knockout_winner: SUCCESS, 12
knockout_winner: INVALID_INPUT
remove_player: SUCCESS
play_match: FAILURE
get_team_points: SUCCESS, 210
add_team: FAILURE
get_team_points: SUCCESS, 4370
remove_player: SUCCESS
get_num_played_games: SUCCESS, 33
add_player: FAILURE
get_all_players_count: SUCCESS, 29
remove_player: SUCCESS
update_player_stats: SUCCESS
get_num_played_games: SUCCESS, 3012
remove_player: SUCCESS
play_match: FAILURE
add_team: FAILURE
get_all_players: SUCCESS
131
41
130
49
156
9
134
21
146
97
155
61
149
187
18
11
19
152
162
140
8
62
113
195
138
68
10
78
191
get_num_played_games: SUCCESS, 5721
get_all_players: SUCCESS
124
83
117
114
129
16
38
128
93
198
127
46
137
186
knockout_winner: SUCCESS, 4
get_all_players_count: SUCCESS, 3
knockout_winner: INVALID_INPUT
remove_player: SUCCESS
remove_team: FAILURE
get_closest_player: SUCCESS, 121
get_all_players: SUCCESS
180
165
101
71
141
107
172
86
28
32
90
168
94
136
77
44
66
99
161
26
175
108
59
67
20
193
15
knockout_winner: INVALID_INPUT
get_team_points: SUCCESS, 8193
remove_player: SUCCESS
get_team_points: SUCCESS, 7701
get_num_played_games: SUCCESS, 8951
knockout_winner: SUCCESS, 12
add_team: FAILURE
get_all_players: SUCCESS
110
47
194
45
1
7
119
181
29
17
get_team_points: SUCCESS, 2741
knockout_winner: SUCCESS, 17
get_num_played_games: SUCCESS, 11490
get_top_scorer: SUCCESS, 22
add_player: FAILURE
unite_teams: FAILURE
knockout_winner: SUCCESS, 4
knockout_winner: SUCCESS, 12
remove_player: SUCCESS
knockout_winner: INVALID_INPUT
get_top_scorer: SUCCESS, 191
get_closest_player: SUCCESS, 166
add_team: FAILURE
knockout_winner: SUCCESS, 12
get_closest_player: SUCCESS, 132
unite_teams: FAILURE
get_num_played_games: SUCCESS, 5335
get_all_players: SUCCESS
36
197
14
160
103
158
12
57
remove_team: FAILURE
add_team: FAILURE
get_closest_player: SUCCESS, 90
add_team: FAILURE
add_team: FAILURE
knockout_winner: SUCCESS, 17
get_top_scorer: SUCCESS, 50
get_team_points: SUCCESS, 10408
get_team_points: SUCCESS, 11696
knockout_winner: SUCCESS, 4
get_all_players_count: SUCCESS, 10
update_player_stats: SUCCESS
get_all_players: SUCCESS
73
30
unite_teams: SUCCESS
remove_team: FAILURE
get_num_played_games: SUCCESS, 8291
remove_team: FAILURE
remove_team: FAILURE
update_player_stats: SUCCESS
knockout_winner: SUCCESS, 8
update_player_stats: SUCCESS
add_player: FAILURE
get_top_scorer: SUCCESS, 17
remove_team: FAILURE
remove_team: FAILURE
play_match: INVALID_INPUT
get_all_players_count: SUCCESS, 28
get_team_points: SUCCESS, 9091
get_team_points: SUCCESS, 11343
get_top_scorer: SUCCESS, 96
play_match: FAILURE
update_player_stats: SUCCESS
get_num_played_games: SUCCESS, 4374
play_match: INVALID_INPUT
play_match: FAILURE
get_all_players_count: SUCCESS, 9
get_closest_player: SUCCESS, 146
play_match: SUCCESS
add_player: FAILURE
play_match: FAILURE
get_all_players: SUCCESS
124
83
117
114
129
16
128
93
198
127
38
46
137
186
get_all_players_count: SUCCESS, 22
remove_player: SUCCESS
remove_team: FAILURE
get_closest_player: SUCCESS, 177
get_team_points: SUCCESS, 8193
get_all_players: SUCCESS
131
130
49
156
9
134
21
146
97
155
149
187
18
11
19
152
162
140
62
113
195
138
68
10
41
78
191
add_team: FAILURE
get_all_players: SUCCESS
52
166
177
get_team_points: SUCCESS, 8193
remove_player: SUCCESS
get_all_players_count: SUCCESS, 3
add_player: FAILURE
unite_teams: FAILURE
get_num_played_games: SUCCESS, 11147
remove_team: FAILURE
get_num_played_games: SUCCESS, 12295
get_closest_player: SUCCESS, 134
get_top_scorer: SUCCESS, 57
add_team: FAILURE
add_team: FAILURE
get_closest_player: SUCCESS, 113
unite_teams: FAILURE
add_player: FAILURE
play_match: FAILURE
get_top_scorer: SUCCESS, 177
unite_teams: FAILURE
get_all_players_count: SUCCESS, 11
add_team: FAILURE
unite_teams: FAILURE
play_match: INVALID_INPUT
get_closest_player: SUCCESS, 154
play_match: FAILURE
get_num_played_games: SUCCESS, 4289
update_player_stats: SUCCESS
knockout_winner: INVALID_INPUT
unite_teams: FAILURE
remove_player: SUCCESS
get_all_players: SUCCESS
52
166
177
get_all_players: SUCCESS
180
165
101
71
141
107
172
86
28
32
168
94
136
77
44
66
161
175
108
59
67
20
193
15
90
99
get_closest_player: SUCCESS, 166
knockout_winner: INVALID_INPUT
remove_player: SUCCESS
add_team: FAILURE
get_num_played_games: SUCCESS, 9494
get_all_players: SUCCESS
36
197
14
160
103
158
12
57
update_player_stats: SUCCESS
knockout_winner: SUCCESS, 12
remove_player: SUCCESS
get_team_points: SUCCESS, 3742
get_all_players_count: SUCCESS, 13
remove_player: SUCCESS
get_closest_player: SUCCESS, 141
get_top_scorer: SUCCESS, 57
remove_player: SUCCESS
get_num_played_games: SUCCESS, 2837
get_all_players_count: SUCCESS, 10
remove_team: FAILURE
get_all_players_count: SUCCESS, 10
get_all_players: SUCCESS
180
165
101
71
141
107
172
86
28
32
168
94
136
77
44
66
161
175
108
59
67
20
193
15
90
99
get_all_players_count: SUCCESS, 26
remove_team: FAILURE
unite_teams: FAILURE
unite_teams: INVALID_INPUT
play_match: FAILURE
add_team: FAILURE
get_top_scorer: SUCCESS, 96
get_num_played_games: SUCCESS, 1009
get_num_played_games: SUCCESS, 5007
play_match: FAILURE
get_all_players_count: SUCCESS, 10
get_num_played_games: SUCCESS, 2955
update_player_stats: SUCCESS
add_player: FAILURE
remove_team: FAILURE
knockout_winner: SUCCESS, 13
unite_teams: FAILURE
add_player: FAILURE
remove_player: SUCCESS
knockout_winner: SUCCESS, 4
remove_team: FAILURE
get_all_players: SUCCESS
63
6
150
31
79
163
189
190
96
remove_player: SUCCESS
get_closest_player: SUCCESS, 180
get_top_scorer: SUCCESS, 30
get_num_played_games: SUCCESS, 856
get_team_points: SUCCESS, 10882
add_team: FAILURE
get_team_points: SUCCESS, 11696
get_all_players_count: SUCCESS, 9
add_team: FAILURE
update_player_stats: SUCCESS
add_team: FAILURE
get_num_played_games: SUCCESS, 11247
unite_teams: FAILURE
get_top_scorer: SUCCESS, 57
add_team: FAILURE
get_all_players: SUCCESS
25
171
34
132
188
183
update_player_stats: SUCCESS
add_team: FAILURE
get_top_scorer: SUCCESS, 183
unite_teams: FAILURE
get_team_points: SUCCESS, 9091
update_player_stats: SUCCESS
add_team: FAILURE
get_team_points: SUCCESS, 7701
get_top_scorer: SUCCESS, 57
knockout_winner: SUCCESS, 8
get_top_scorer: SUCCESS, 186
get_all_players_count: SUCCESS, 14
update_player_stats: SUCCESS
unite_teams: FAILURE
play_match: FAILURE
update_player_stats: SUCCESS
get_all_players: SUCCESS
73
30
get_all_players_count: SUCCESS, 12
get_team_points: SUCCESS, 10160
play_match: FAILURE
get_closest_player: SUCCESS, 183
remove_team: FAILURE
remove_team: FAILURE
get_num_played_games: SUCCESS, 4374
get_team_points: SUCCESS, 8901
get_all_players_count: SUCCESS, 6
add_player: FAILURE
remove_team: FAILURE
add_team: FAILURE
get_team_points: SUCCESS, 11696
get_num_played_games: SUCCESS, 1720
play_match: FAILURE
remove_player: SUCCESS
add_player: FAILURE
get_closest_player: SUCCESS, 11
remove_player: SUCCESS
update_player_stats: SUCCESS
get_all_players: SUCCESS
135
139
148
151
104
2
35
80
125
122
95
53
88
100
144
64
184
111
89
33
play_match: FAILURE
remove_player: SUCCESS
update_player_stats: SUCCESS
add_team: FAILURE
get_num_played_games: SUCCESS, 3882
remove_player: SUCCESS
play_match: FAILURE
add_team: FAILURE
get_closest_player: SUCCESS, 67
update_player_stats: SUCCESS
remove_player: SUCCESS
knockout_winner: FAILURE
remove_player: SUCCESS
get_num_played_games: SUCCESS, 2432
add_team: FAILURE
unite_teams: FAILURE
get_num_played_games: SUCCESS, 11832
get_top_scorer: SUCCESS, 96
get_all_players: SUCCESS
3
81
87
123
159
133
5
145
get_num_played_games: SUCCESS, 3773
knockout_winner: INVALID_INPUT
get_num_played_games: SUCCESS, 11818
play_match: FAILURE
unite_teams: FAILURE
add_team: FAILURE
get_num_played_games: SUCCESS, 695
get_top_scorer: SUCCESS, 57
remove_player: SUCCESS
add_player: FAILURE
update_player_stats: SUCCESS
knockout_winner: SUCCESS, 8
get_team_points: SUCCESS, 7701
unite_teams: FAILURE
get_all_players: SUCCESS
63
6
150
31
79
163
189
190
96
add_team: FAILURE
play_match: FAILURE
get_top_scorer: SUCCESS, 99
update_player_stats: SUCCESS
get_all_players_count: SUCCESS, 2
remove_team: FAILURE
knockout_winner: INVALID_INPUT
get_team_points: SUCCESS, 7701
get_all_players_count: SUCCESS, 20
get_all_players_count: SUCCESS, 23
get_team_points: SUCCESS, 8901
get_all_players: SUCCESS
85
55
112
169
98
115
43
50
unite_teams: FAILURE
get_team_points: SUCCESS, 10882
get_closest_player: SUCCESS, 150
unite_teams: FAILURE
remove_team: FAILURE
knockout_winner: INVALID_INPUT
play_match: INVALID_INPUT
update_player_stats: SUCCESS
get_all_players: SUCCESS
63
6
150
31
79
163
189
190
96
get_all_players: SUCCESS
47
194
45
1
7
119
181
29
17
get_team_points: SUCCESS, 10166
play_match: FAILURE
get_num_played_games: SUCCESS, 7151
update_player_stats: SUCCESS
unite_teams: FAILURE
get_all_players: SUCCESS
81
87
123
159
133
5
145
3
get_closest_player: SUCCESS, 137
add_team: FAILURE
get_top_scorer: SUCCESS, 183
get_all_players_count: SUCCESS, 20
get_top_scorer: SUCCESS, 183
play_match: FAILURE
knockout_winner: FAILURE
unite_teams: FAILURE
get_all_players_count: SUCCESS, 20
update_player_stats: SUCCESS
remove_player: SUCCESS
add_player: FAILURE
play_match: INVALID_INPUT
update_player_stats: SUCCESS
play_match: FAILURE
remove_player: SUCCESS
update_player_stats: SUCCESS
add_player: FAILURE
knockout_winner: SUCCESS, 4
get_closest_player: SUCCESS, 11
play_match: FAILURE
get_closest_player: SUCCESS, 190
add_player: FAILURE
play_match: FAILURE
get_all_players_count: SUCCESS, 8
get_all_players_count: SUCCESS, 24
remove_player: SUCCESS
play_match: INVALID_INPUT
get_closest_player: SUCCESS, 119
add_team: FAILURE
get_all_players: SUCCESS
81
87
123
159
133
5
145
3
knockout_winner: SUCCESS, 4
remove_team: FAILURE
knockout_winner: INVALID_INPUT
get_num_played_games: SUCCESS, 193
add_player: FAILURE
get_team_points: SUCCESS, 11696
play_match: FAILURE
get_num_played_games: SUCCESS, 33
get_top_scorer: SUCCESS, 138
remove_team: FAILURE
add_team: FAILURE
get_all_players: SUCCESS
81
87
123
159
133
5
145
3
get_closest_player: SUCCESS, 152
get_all_players: SUCCESS
135
139
148
151
104
2
35
80
125
122
95
53
88
100
144
64
184
111
89
33
update_player_stats: SUCCESS
get_num_played_games: SUCCESS, 9947
get_top_scorer: SUCCESS, 4
add_player: FAILURE
get_team_points: SUCCESS, 10888
remove_team: FAILURE
get_num_played_games: SUCCESS, 5851
update_player_stats: SUCCESS
get_num_played_games: SUCCESS, 2509
add_player: FAILURE
add_player: FAILURE
get_num_played_games: SUCCESS, 1444
get_num_played_games: SUCCESS, 15845
add_team: FAILURE
get_all_players: SUCCESS
165
101
180
141
107
172
86
28
168
136
77
44
66
161
71
175
59
67
193
15
90
108
99
get_top_scorer: SUCCESS, 137
play_match: FAILURE
remove_player: SUCCESS
get_closest_player: SUCCESS, 190
unite_teams: FAILURE
get_all_players: SUCCESS
52
166
177
get_top_scorer: SUCCESS, 96
add_player: FAILURE
play_match: FAILURE
get_all_players: SUCCESS
165
101
180
141
107
172
86
28
168
136
77
44
66
161
71
175
59
67
193
15
90
108
99
update_player_stats: SUCCESS
get_top_scorer: SUCCESS, 177
remove_team: FAILURE
knockout_winner: SUCCESS, 8
add_player: FAILURE
get_team_points: SUCCESS, 10888
add_team: FAILURE
unite_teams: FAILURE
play_match: FAILURE
remove_player: SUCCESS
add_player: FAILURE
remove_team: FAILURE
get_closest_player: SUCCESS, 73
add_team: FAILURE
get_team_points: SUCCESS, 8901
remove_player: SUCCESS
get_team_points: SUCCESS, 2741
get_all_players: SUCCESS
121
200
154
13
167
170
199
109
84
142
60
play_match: FAILURE
get_closest_player: SUCCESS, 44
unite_teams: FAILURE
get_all_players_count: SUCCESS, 11
update_player_stats: SUCCESS
unite_teams: FAILURE
get_num_played_games: SUCCESS, 597
add_team: FAILURE
remove_team: FAILURE
unite_teams: FAILURE
get_team_points: SUCCESS, 11696
add_player: FAILURE
add_player: FAILURE
get_num_played_games: SUCCESS, 23879
update_player_stats: SUCCESS
remove_player: SUCCESS
get_num_played_games: SUCCESS, 3524
get_closest_player: SUCCESS, 16
play_match: FAILURE
unite_teams: FAILURE
get_top_scorer: SUCCESS, 134
get_team_points: SUCCESS, 210
get_num_played_games: SUCCESS, 5981
remove_team: FAILURE
get_all_players_count: SUCCESS, 8
get_num_played_games: SUCCESS, 7860
add_player: FAILURE
play_match: SUCCESS
knockout_winner: INVALID_INPUT
get_all_players_count: SUCCESS, 8
get_closest_player: SUCCESS, 124
knockout_winner: SUCCESS, 12
get_team_points: SUCCESS, 11696
get_team_points: SUCCESS, 11696
add_team: FAILURE
remove_player: SUCCESS
get_top_scorer: SUCCESS, 57
get_all_players: SUCCESS
25
171
34
188
183
get_top_scorer: SUCCESS, 177
unite_teams: FAILURE
get_top_scorer: SUCCESS, 159
unite_teams: FAILURE
get_num_played_games: SUCCESS, 11402
unite_teams: SUCCESS
add_player: FAILURE
add_player: FAILURE
remove_player: SUCCESS
get_closest_player: SUCCESS, 166
knockout_winner: INVALID_INPUT
play_match: SUCCESS
remove_player: SUCCESS
update_player_stats: SUCCESS
get_closest_player: SUCCESS, 125
get_top_scorer: SUCCESS, 57
add_player: FAILURE
get_all_players_count: SUCCESS, 7
get_closest_player: SUCCESS, 3
add_team: FAILURE
get_closest_player: SUCCESS, 186
get_closest_player: SUCCESS, 108
get_all_players_count: SUCCESS, 14
play_match: SUCCESS
update_player_stats: SUCCESS
get_team_points: SUCCESS, 10166
play_match: FAILURE
get_num_played_games: SUCCESS, 2434
get_closest_player: SUCCESS, 86
play_match: FAILURE
add_player: FAILURE
get_top_scorer: SUCCESS, 57
add_team: FAILURE
unite_teams: FAILURE
get_closest_player: SUCCESS, 54
remove_player: SUCCESS
play_match: SUCCESS
get_closest_player: SUCCESS, 128
add_player: FAILURE
get_all_players_count: SUCCESS, 7
get_all_players: SUCCESS
85
55
112
169
98
43
115
50
get_closest_player: SUCCESS, 156
knockout_winner: INVALID_INPUT
get_closest_player: SUCCESS, 125
get_all_players_count: SUCCESS, 8
knockout_winner: SUCCESS, 12
get_team_points: SUCCESS, 8901
remove_team: FAILURE
add_team: FAILURE
get_top_scorer: SUCCESS, 60
get_team_points: SUCCESS, 1873
get_all_players_count: SUCCESS, 7
add_team: FAILURE
unite_teams: SUCCESS
remove_player: SUCCESS
get_team_points: SUCCESS, 10166
get_num_played_games: SUCCESS, 9735
unite_teams: FAILURE
add_player: FAILURE
unite_teams: FAILURE
get_num_played_games: SUCCESS, 4148
get_all_players: SUCCESS
135
139
52
148
151
104
2
125
122
166
95
53
88
144
64
184
111
89
33
177
100
get_top_scorer: SUCCESS, 183
remove_team: FAILURE
get_all_players: SUCCESS
47
194
45
1
7
119
181
17
get_closest_player: SUCCESS, 4
get_top_scorer: SUCCESS, 60
add_player: FAILURE
play_match: FAILURE
remove_team: FAILURE
get_all_players_count: SUCCESS, 14
remove_player: SUCCESS
unite_teams: FAILURE
remove_team: FAILURE
get_all_players_count: SUCCESS, 21
knockout_winner: SUCCESS, 18
get_team_points: SUCCESS, 10169
remove_team: FAILURE
get_all_players_count: SUCCESS, 20
remove_player: SUCCESS
knockout_winner: SUCCESS, 12
play_match: SUCCESS
get_all_players_count: SUCCESS, 8
unite_teams: FAILURE
get_team_points: SUCCESS, 9091
get_num_played_games: SUCCESS, 9495
update_player_stats: SUCCESS
remove_player: SUCCESS
unite_teams: INVALID_INPUT
get_closest_player: SUCCESS, 189
get_all_players: SUCCESS
81
87
123
133
5
145
3
159
get_all_players_count: SUCCESS, 11
get_team_points: SUCCESS, 10891
add_team: FAILURE
get_top_scorer: SUCCESS, 99
knockout_winner: INVALID_INPUT
remove_team: FAILURE
add_player: FAILURE
add_player: FAILURE
get_all_players_count: SUCCESS, 5
get_team_points: SUCCESS, 11696
get_num_played_games: SUCCESS, 11143
unite_teams: FAILURE
get_closest_player: SUCCESS, 200
knockout_winner: INVALID_INPUT
add_player: FAILURE
get_all_players: SUCCESS
47
194
45
1
7
119
181
17
remove_player: SUCCESS
play_match: FAILURE
get_all_players_count: SUCCESS, 18
update_player_stats: SUCCESS
unite_teams: FAILURE
unite_teams: FAILURE
remove_player: SUCCESS
get_all_players: SUCCESS
36
197
103
158
12
57
14
get_closest_player: SUCCESS, 3
remove_player: SUCCESS
remove_player: SUCCESS
add_player: FAILURE
add_player: FAILURE
add_player: FAILURE
get_all_players_count: SUCCESS, 17
remove_team: FAILURE
unite_teams: FAILURE
play_match: FAILURE
add_player: FAILURE
get_top_scorer: SUCCESS, 183
update_player_stats: SUCCESS
knockout_winner: SUCCESS, 9
add_player: FAILURE
get_top_scorer: SUCCESS, 183
get_top_scorer: SUCCESS, 17
get_all_players_count: SUCCESS, 7
get_team_points: SUCCESS, 10166
get_top_scorer: SUCCESS, 100
unite_teams: FAILURE
get_num_played_games: SUCCESS, 9736
add_player: FAILURE
get_all_players: SUCCESS
101
180
141
107
86
28
136
77
44
161
59
67
15
172
90
108
99
add_player: FAILURE
get_team_points: SUCCESS, 10408
get_top_scorer: SUCCESS, 14
remove_player: SUCCESS
get_top_scorer: SUCCESS, 159
unite_teams: FAILURE
get_num_played_games: SUCCESS, 2140
update_player_stats: SUCCESS
get_num_played_games: SUCCESS, 3905
remove_team: FAILURE
get_top_scorer: SUCCESS, 99
remove_player: SUCCESS
add_team: FAILURE
knockout_winner: SUCCESS, 19
knockout_winner: SUCCESS, 19
get_team_points: SUCCESS, 11562
get_all_players_count: SUCCESS, 17
remove_player: SUCCESS
get_top_scorer: SUCCESS, 159
remove_team: FAILURE
knockout_winner: SUCCESS, 19
get_closest_player: SUCCESS, 150
update_player_stats: SUCCESS
remove_player: SUCCESS
get_team_points: SUCCESS, 10166
get_all_players: SUCCESS
124
83
117
114
129
128
93
198
127
38
46
186
137
add_team: FAILURE
get_closest_player: SUCCESS, 198
get_closest_player: SUCCESS, 103
get_team_points: SUCCESS, 7701
knockout_winner: SUCCESS, 4
get_num_played_games: SUCCESS, 2406
remove_player: SUCCESS
get_all_players_count: SUCCESS, 21
add_player: FAILURE
remove_team: FAILURE
get_num_played_games: SUCCESS, 2213
play_match: FAILURE
play_match: FAILURE
play_match: INVALID_INPUT
knockout_winner: SUCCESS, 19
get_all_players_count: SUCCESS, 7
knockout_winner: SUCCESS, 12
get_all_players_count: SUCCESS, 13
unite_teams: FAILURE
add_team: FAILURE
get_closest_player: SUCCESS, 161
get_team_points: SUCCESS, 10181
play_match: FAILURE
add_player: FAILURE
get_closest_player: SUCCESS, 59
get_all_players_count: SUCCESS, 21
knockout_winner: INVALID_INPUT
get_all_players: SUCCESS
47
194
45
1
7
119
17
remove_team: FAILURE
unite_teams: FAILURE
update_player_stats: SUCCESS
get_all_players_count: SUCCESS, 11
remove_team: FAILURE
add_team: FAILURE
update_player_stats: SUCCESS
remove_team: FAILURE
update_player_stats: SUCCESS
get_team_points: SUCCESS, 7701
get_all_players_count: SUCCESS, 7
get_team_points: SUCCESS, 2741
unite_teams: FAILURE
add_player: FAILURE
play_match: FAILURE
get_all_players_count: SUCCESS, 21
get_top_scorer: SUCCESS, 30
update_player_stats: SUCCESS
update_player_stats: SUCCESS
get_all_players: SUCCESS
25
171
34
188
183
get_top_scorer: SUCCESS, 30
get_team_points: SUCCESS, 2741
get_top_scorer: SUCCESS, 17
remove_player: SUCCESS
get_top_scorer: SUCCESS, 60
play_match: SUCCESS
play_match: FAILURE
play_match: FAILURE
knockout_winner: SUCCESS, 19
add_player: FAILURE
get_closest_player: SUCCESS, 134
add_player: FAILURE
add_player: FAILURE
add_team: FAILURE
get_closest_player: SUCCESS, 104
get_all_players: SUCCESS
36
197
103
158
12
57
14
knockout_winner: SUCCESS, 13
get_top_scorer: SUCCESS, 137
get_top_scorer: SUCCESS, 14
add_team: FAILURE
get_all_players_count: SUCCESS, 5
get_all_players: SUCCESS
47
194
45
1
7
119
17
get_num_played_games: SUCCESS, 7282
play_match: SUCCESS
get_top_scorer: SUCCESS, 17
update_player_stats: SUCCESS
remove_player: SUCCESS
knockout_winner: INVALID_INPUT
get_team_points: SUCCESS, 10166
play_match: SUCCESS
remove_player: SUCCESS
remove_player: SUCCESS
remove_player: SUCCESS
remove_player: SUCCESS
remove_player: SUCCESS
remove_player: SUCCESS
remove_player: SUCCESS
remove_player: SUCCESS
remove_player: SUCCESS
remove_player: SUCCESS
remove_player: SUCCESS
remove_player: SUCCESS
remove_player: SUCCESS
remove_player: SUCCESS
remove_player: SUCCESS
remove_player: SUCCESS
remove_player: SUCCESS
remove_player: SUCCESS
remove_player: SUCCESS
remove_player: SUCCESS
remove_player: SUCCESS
remove_player: SUCCESS
remove_player: SUCCESS
remove_player: SUCCESS
remove_player: SUCCESS
remove_player: SUCCESS
remove_player: SUCCESS
remove_player: SUCCESS
remove_player: SUCCESS
remove_player: SUCCESS
remove_player: SUCCESS
remove_player: SUCCESS
remove_player: SUCCESS
remove_player: SUCCESS
remove_player: SUCCESS
remove_player: SUCCESS
remove_player: SUCCESS
remove_player: SUCCESS
remove_player: SUCCESS
remove_player: SUCCESS
remove_player: SUCCESS
remove_player: SUCCESS
remove_player: SUCCESS
remove_player: SUCCESS
remove_player: SUCCESS
remove_player: SUCCESS
remove_player: SUCCESS
remove_player: SUCCESS
remove_player: SUCCESS
remove_player: SUCCESS
remove_player: SUCCESS
remove_player: SUCCESS
remove_player: SUCCESS
remove_player: SUCCESS
remove_player: SUCCESS
remove_player: SUCCESS
remove_player: SUCCESS
remove_player: SUCCESS
remove_player: SUCCESS
remove_player: SUCCESS
remove_player: SUCCESS
remove_player: SUCCESS
remove_player: SUCCESS
remove_player: SUCCESS
remove_player: SUCCESS
remove_player: SUCCESS
remove_player: SUCCESS
remove_player: SUCCESS
remove_player: SUCCESS
remove_player: SUCCESS
remove_player: SUCCESS
remove_player: SUCCESS
remove_player: SUCCESS
remove_player: SUCCESS
remove_player: SUCCESS
remove_player: SUCCESS
remove_player: SUCCESS
remove_player: SUCCESS
remove_player: SUCCESS
remove_player: SUCCESS
remove_player: SUCCESS
remove_player: SUCCESS
remove_player: SUCCESS
remove_player: SUCCESS
remove_player: SUCCESS
remove_player: SUCCESS
remove_player: SUCCESS
remove_player: SUCCESS
remove_player: SUCCESS
remove_player: SUCCESS
remove_player: SUCCESS
remove_player: SUCCESS
remove_player: SUCCESS
remove_player: SUCCESS
remove_player: SUCCESS
remove_player: SUCCESS
remove_player: SUCCESS
remove_player: SUCCESS
remove_player: SUCCESS
remove_player: SUCCESS
remove_player: SUCCESS
remove_player: SUCCESS
remove_player: SUCCESS
remove_player: SUCCESS
remove_player: SUCCESS
remove_player: SUCCESS
remove_player: SUCCESS
remove_player: SUCCESS
remove_player: SUCCESS
remove_player: SUCCESS
remove_player: SUCCESS
remove_player: SUCCESS
remove_player: SUCCESS
remove_player: SUCCESS
remove_player: SUCCESS
remove_player: SUCCESS
remove_player: SUCCESS
remove_player: SUCCESS
remove_player: SUCCESS
remove_player: SUCCESS
remove_player: SUCCESS
remove_player: SUCCESS
remove_player: SUCCESS
remove_player: SUCCESS
remove_player: SUCCESS
remove_player: SUCCESS
remove_player: SUCCESS
remove_player: SUCCESS
remove_player: SUCCESS
remove_player: SUCCESS
remove_player: SUCCESS
remove_team: SUCCESS
remove_team: SUCCESS
remove_team: SUCCESS
remove_team: SUCCESS
remove_team: SUCCESS
remove_team: SUCCESS
remove_team: SUCCESS
remove_team: SUCCESS
remove_team: SUCCESS
remove_team: SUCCESS
remove_team: SUCCESS
remove_team: SUCCESS
