add_team: SUCCESS
add_team: SUCCESS
add_team: SUCCESS
add_team: SUCCESS
add_team: SUCCESS
add_team: SUCCESS
add_team: SUCCESS
add_team: SUCCESS
add_team: SUCCESS
add_team: SUCCESS
add_team: SUCCESS
add_team: SUCCESS
add_team: SUCCESS
add_team: SUCCESS
add_team: SUCCESS
add_team: SUCCESS
add_team: SUCCESS
add_team: SUCCESS
add_team: SUCCESS
add_team: SUCCESS
add_player: SUCCESS
add_player: SUCCESS
add_player: SUCCESS
add_player: SUCCESS
add_player: SUCCESS
add_player: SUCCESS
add_player: SUCCESS
add_player: SUCCESS
add_player: SUCCESS
add_player: SUCCESS
add_player: SUCCESS
add_player: SUCCESS
add_player: SUCCESS
add_player: SUCCESS
add_player: SUCCESS
add_player: SUCCESS
add_player: SUCCESS
add_player: SUCCESS
add_player: SUCCESS
add_player: SUCCESS
add_player: SUCCESS
add_player: SUCCESS
add_player: SUCCESS
add_player: SUCCESS
add_player: SUCCESS
add_player: SUCCESS
add_player: SUCCESS
add_player: SUCCESS
add_player: SUCCESS
add_player: SUCCESS
add_player: SUCCESS
add_player: SUCCESS
add_player: SUCCESS
add_player: SUCCESS
add_player: SUCCESS
add_player: SUCCESS
add_player: SUCCESS
add_player: SUCCESS
add_player: SUCCESS
add_player: SUCCESS
add_player: SUCCESS
add_player: SUCCESS
add_player: SUCCESS
add_player: SUCCESS
add_player: SUCCESS
add_player: SUCCESS
add_player: SUCCESS
add_player: SUCCESS
add_player: SUCCESS
add_player: SUCCESS
add_player: SUCCESS
add_player: SUCCESS
add_player: SUCCESS
add_player: SUCCESS
add_player: SUCCESS
add_player: SUCCESS
add_player: SUCCESS
add_player: SUCCESS
add_player: SUCCESS
add_player: SUCCESS
add_player: SUCCESS
add_player: SUCCESS
add_player: SUCCESS
add_player: SUCCESS
add_player: SUCCESS
add_player: SUCCESS
add_player: SUCCESS
add_player: SUCCESS
add_player: SUCCESS
add_player: SUCCESS
add_player: SUCCESS
add_player: SUCCESS
add_player: SUCCESS
add_player: SUCCESS
add_player: SUCCESS
add_player: SUCCESS
add_player: SUCCESS
add_player: SUCCESS
add_player: SUCCESS
add_player: SUCCESS
add_player: SUCCESS
add_player: SUCCESS
add_player: SUCCESS
add_player: SUCCESS
add_player: SUCCESS
add_player: SUCCESS
add_player: SUCCESS
add_player: SUCCESS
add_player: SUCCESS
add_player: SUCCESS
add_player: SUCCESS
add_player: SUCCESS
add_player: SUCCESS
add_player: SUCCESS
add_player: SUCCESS
add_player: SUCCESS
add_player: SUCCESS
add_player: SUCCESS
add_player: SUCCESS
add_player: SUCCESS
add_player: SUCCESS
add_player: SUCCESS
add_player: SUCCESS
add_player: SUCCESS
add_player: SUCCESS
add_player: SUCCESS
add_player: SUCCESS
add_player: SUCCESS
add_player: SUCCESS
add_player: SUCCESS
add_player: SUCCESS
add_player: SUCCESS
add_player: SUCCESS
add_player: SUCCESS
add_player: SUCCESS
add_player: SUCCESS
add_player: SUCCESS
add_player: SUCCESS
add_player: SUCCESS
add_player: SUCCESS
add_player: SUCCESS
add_player: SUCCESS
add_player: SUCCESS
add_player: SUCCESS
add_player: SUCCESS
add_player: SUCCESS
add_player: SUCCESS
add_player: SUCCESS
add_player: SUCCESS
add_player: SUCCESS
add_player: SUCCESS
add_player: SUCCESS
add_player: SUCCESS
add_player: SUCCESS
add_player: SUCCESS
add_player: SUCCESS
add_player: SUCCESS
add_player: SUCCESS
add_player: SUCCESS
add_player: SUCCESS
add_player: SUCCESS
add_player: SUCCESS
add_player: SUCCESS
add_player: SUCCESS
add_player: SUCCESS
add_player: SUCCESS
add_player: SUCCESS
add_player: SUCCESS
add_player: SUCCESS
add_player: SUCCESS
add_player: SUCCESS
add_player: SUCCESS
add_player: SUCCESS
add_player: SUCCESS
add_player: SUCCESS
add_player: SUCCESS
add_player: SUCCESS
add_player: SUCCESS
add_player: SUCCESS
add_player: SUCCESS
add_player: SUCCESS
add_player: SUCCESS
add_player: SUCCESS
add_player: SUCCESS
add_player: SUCCESS
add_player: SUCCESS
add_player: SUCCESS
add_player: SUCCESS
add_player: SUCCESS
add_player: SUCCESS
add_player: SUCCESS
add_player: SUCCESS
add_player: SUCCESS
add_player: SUCCESS
add_player: SUCCESS
add_player: SUCCESS
add_player: SUCCESS
add_player: SUCCESS
add_player: SUCCESS
add_player: SUCCESS
add_player: SUCCESS
add_player: SUCCESS
add_player: SUCCESS
add_player: SUCCESS
add_player: SUCCESS
add_player: SUCCESS
add_player: SUCCESS
add_player: SUCCESS
add_player: SUCCESS
add_player: SUCCESS
add_player: SUCCESS
add_player: SUCCESS
add_player: SUCCESS
add_player: SUCCESS
add_player: SUCCESS
add_player: SUCCESS
add_player: SUCCESS
add_player: SUCCESS
add_player: SUCCESS
add_player: SUCCESS
get_team_points: SUCCESS, 343
remove_player: SUCCESS
remove_player: SUCCESS
get_team_points: SUCCESS, 12068
get_top_scorer: SUCCESS, 120
get_all_players_count: SUCCESS, 13
get_team_points: SUCCESS, 2604
knockout_winner: SUCCESS, 11
knockout_winner: SUCCESS, 20
get_all_players_count: SUCCESS, 9
get_closest_player: SUCCESS, 143
unite_teams: FAILURE
add_player: FAILURE
add_player: FAILURE
get_num_played_games: SUCCESS, 10725
get_all_players: SUCCESS
6
193
65
96
92
151
176
153
56
play_match: FAILURE
remove_player: SUCCESS
knockout_winner: SUCCESS, 11
add_team: FAILURE
knockout_winner: SUCCESS, 13
get_all_players_count: SUCCESS, 7
get_top_scorer: SUCCESS, 67
knockout_winner: SUCCESS, 13
get_closest_player: SUCCESS, 149
unite_teams: FAILURE
play_match: FAILURE
play_match: FAILURE
add_team: FAILURE
knockout_winner: FAILURE
knockout_winner: SUCCESS, 18
play_match: FAILURE
update_player_stats: SUCCESS
play_match: FAILURE
get_num_played_games: SUCCESS, 1187
remove_player: SUCCESS
get_closest_player: SUCCESS, 142
get_all_players: SUCCESS
11
105
69
10
140
159
133
42
195
82
get_closest_player: SUCCESS, 186
get_num_played_games: SUCCESS, 4816
get_all_players_count: SUCCESS, 10
get_closest_player: SUCCESS, 150
get_all_players_count: SUCCESS, 10
get_all_players_count: SUCCESS, 8
get_top_scorer: SUCCESS, 120
get_team_points: SUCCESS, 9349
add_team: FAILURE
get_all_players_count: SUCCESS, 9
remove_player: SUCCESS
get_top_scorer: SUCCESS, 27
remove_player: SUCCESS
remove_team: FAILURE
unite_teams: FAILURE
update_player_stats: SUCCESS
get_num_played_games: SUCCESS, 1916
get_team_points: SUCCESS, 12068
get_num_played_games: SUCCESS, 10979
add_team: FAILURE
add_team: FAILURE
add_player: FAILURE
play_match: FAILURE
update_player_stats: SUCCESS
get_all_players: SUCCESS
104
161
114
135
71
55
85
18
118
64
102
9
67
update_player_stats: SUCCESS
get_all_players: SUCCESS
163
189
81
8
134
23
109
75
107
72
126
196
122
add_team: FAILURE
get_num_played_games: SUCCESS, 9332
remove_player: SUCCESS
get_team_points: SUCCESS, 11452
add_team: FAILURE
update_player_stats: SUCCESS
update_player_stats: SUCCESS
get_num_played_games: SUCCESS, 7607
unite_teams: FAILURE
play_match: FAILURE
update_player_stats: SUCCESS
remove_team: FAILURE
get_closest_player: SUCCESS, 141
get_team_points: SUCCESS, 508
unite_teams: FAILURE
get_all_players_count: SUCCESS, 7
get_top_scorer: SUCCESS, 180
get_num_played_games: SUCCESS, 1226
remove_team: FAILURE
update_player_stats: SUCCESS
remove_player: SUCCESS
knockout_winner: SUCCESS, 11
get_closest_player: SUCCESS, 111
get_team_points: SUCCESS, 11297
remove_team: FAILURE
add_team: FAILURE
remove_player: SUCCESS
get_all_players_count: SUCCESS, 18
add_player: FAILURE
get_all_players_count: SUCCESS, 9
add_player: FAILURE
remove_player: SUCCESS
add_player: FAILURE
get_team_points: SUCCESS, 11005
add_player: FAILURE
unite_teams: FAILURE
unite_teams: FAILURE
get_closest_player: SUCCESS, 17
get_all_players: SUCCESS
105
69
10
140
159
133
42
195
82
update_player_stats: SUCCESS
unite_teams: SUCCESS
update_player_stats: SUCCESS
update_player_stats: SUCCESS
play_match: FAILURE
play_match: FAILURE
knockout_winner: SUCCESS, 4
get_team_points: SUCCESS, 1307
add_team: FAILURE
update_player_stats: SUCCESS
add_player: FAILURE
remove_team: FAILURE
unite_teams: FAILURE
get_all_players: SUCCESS
175
3
30
4
198
185
84
119
91
19
44
142
182
get_top_scorer: SUCCESS, 180
get_num_played_games: SUCCESS, 9375
play_match: FAILURE
get_all_players: SUCCESS
17
88
80
27
knockout_winner: SUCCESS, 4
unite_teams: FAILURE
knockout_winner: SUCCESS, 20
play_match: INVALID_INPUT
get_team_points: SUCCESS, 12068
play_match: FAILURE
unite_teams: FAILURE
remove_team: FAILURE
update_player_stats: SUCCESS
remove_team: FAILURE
remove_team: FAILURE
get_all_players_count: SUCCESS, 7
play_match: FAILURE
get_closest_player: SUCCESS, 125
get_all_players_count: SUCCESS, 9
get_top_scorer: SUCCESS, 180
add_team: FAILURE
add_team: FAILURE
remove_player: SUCCESS
get_top_scorer: SUCCESS, 180
get_team_points: SUCCESS, 343
remove_team: FAILURE
knockout_winner: FAILURE
remove_player: SUCCESS
get_team_points: SUCCESS, 7379
play_match: FAILURE
remove_team: FAILURE
knockout_winner: SUCCESS, 4
get_all_players: SUCCESS
163
189
81
8
134
23
109
75
107
72
126
196
122
play_match: FAILURE
knockout_winner: SUCCESS, 11
remove_team: FAILURE
get_all_players_count: SUCCESS, 4
get_num_played_games: SUCCESS, 4513
get_num_played_games: SUCCESS, 11880
get_all_players: SUCCESS
78
12
21
87
108
194
145
158
58
169
188
120
93
get_all_players: SUCCESS
78
12
21
87
108
194
145
158
58
169
188
120
93
get_num_played_games: SUCCESS, 779
add_team: FAILURE
add_team: FAILURE
get_all_players: SUCCESS
17
88
80
27
get_team_points: SUCCESS, 343
remove_player: SUCCESS
update_player_stats: SUCCESS
get_team_points: SUCCESS, 11005
play_match: FAILURE
knockout_winner: SUCCESS, 4
add_team: FAILURE
update_player_stats: SUCCESS
get_all_players: SUCCESS
175
3
30
4
185
84
119
91
19
44
142
182
play_match: FAILURE
knockout_winner: SUCCESS, 4
remove_player: SUCCESS
remove_player: SUCCESS
get_top_scorer: SUCCESS, 110
get_team_points: SUCCESS, 6661
get_team_points: SUCCESS, 1307
unite_teams: SUCCESS
get_team_points: SUCCESS, 11297
add_player: FAILURE
knockout_winner: SUCCESS, 15
get_team_points: SUCCESS, 11452
add_player: FAILURE
get_num_played_games: SUCCESS, 3168
get_top_scorer: SUCCESS, 100
get_all_players: SUCCESS
40
13
162
174
33
137
35
29
1
add_team: FAILURE
add_player: FAILURE
get_all_players_count: SUCCESS, 8
add_team: FAILURE
add_player: FAILURE
get_team_points: SUCCESS, 6661
remove_player: SUCCESS
knockout_winner: SUCCESS, 11
get_all_players_count: SUCCESS, 4
add_player: FAILURE
knockout_winner: SUCCESS, 13
play_match: FAILURE
get_num_played_games: SUCCESS, 5446
knockout_winner: SUCCESS, 9
remove_player: SUCCESS
remove_player: SUCCESS
remove_player: SUCCESS
get_top_scorer: SUCCESS, 110
play_match: FAILURE
remove_team: FAILURE
remove_team: FAILURE
get_all_players: SUCCESS
164
128
191
43
89
31
156
177
get_all_players: SUCCESS
17
88
80
27
remove_team: FAILURE
knockout_winner: SUCCESS, 8
get_all_players: SUCCESS
164
128
191
43
89
31
156
177
add_team: FAILURE
get_closest_player: SUCCESS, 178
update_player_stats: SUCCESS
get_top_scorer: SUCCESS, 187
add_team: FAILURE
add_player: FAILURE
add_team: FAILURE
get_all_players: SUCCESS
111
179
36
124
197
50
83
update_player_stats: SUCCESS
knockout_winner: SUCCESS, 11
get_all_players: SUCCESS
163
189
81
8
134
23
109
75
107
72
126
196
122
knockout_winner: SUCCESS, 11
get_num_played_games: SUCCESS, 7800
get_all_players: SUCCESS
106
90
57
14
68
73
171
113
99
146
20
get_closest_player: SUCCESS, 141
get_top_scorer: SUCCESS, 100
add_team: FAILURE
get_closest_player: SUCCESS, 96
unite_teams: FAILURE
add_player: FAILURE
unite_teams: FAILURE
add_player: FAILURE
remove_player: SUCCESS
unite_teams: FAILURE
get_team_points: SUCCESS, 10240
get_all_players: SUCCESS
163
189
81
8
134
23
109
75
107
72
126
196
122
remove_player: SUCCESS
get_all_players_count: SUCCESS, 3
add_team: FAILURE
knockout_winner: SUCCESS, 4
remove_team: FAILURE
add_team: FAILURE
get_team_points: SUCCESS, 6988
remove_team: FAILURE
get_team_points: SUCCESS, 6988
add_player: FAILURE
remove_player: SUCCESS
get_top_scorer: SUCCESS, 100
play_match: SUCCESS
get_closest_player: SUCCESS, 126
get_closest_player: SUCCESS, 182
add_team: FAILURE
get_all_players: SUCCESS
164
128
191
43
89
31
177
156
get_team_points: SUCCESS, 4832
add_team: FAILURE
get_all_players: SUCCESS
200
132
24
152
61
103
49
51
112
95
168
165
38
32
60
139
39
get_num_played_games: SUCCESS, 8688
add_team: FAILURE
remove_player: SUCCESS
get_team_points: SUCCESS, 12184
get_closest_player: SUCCESS, 174
play_match: SUCCESS
get_closest_player: SUCCESS, 134
unite_teams: SUCCESS
get_closest_player: SUCCESS, 18
get_all_players: SUCCESS
104
161
114
135
71
55
85
18
118
64
102
9
remove_team: FAILURE
remove_player: SUCCESS
get_all_players: SUCCESS
200
132
24
152
61
103
49
51
112
95
168
165
38
32
60
139
39
get_num_played_games: SUCCESS, 1227
add_team: FAILURE
get_closest_player: SUCCESS, 147
remove_team: FAILURE
remove_team: FAILURE
add_player: FAILURE
get_all_players: SUCCESS
200
132
24
152
61
103
49
51
112
95
168
165
38
32
60
139
39
remove_team: FAILURE
get_team_points: SUCCESS, 6661
get_all_players_count: SUCCESS, 13
get_all_players: SUCCESS
104
161
114
135
71
55
85
18
118
64
102
9
remove_team: FAILURE
update_player_stats: SUCCESS
knockout_winner: FAILURE
remove_team: FAILURE
update_player_stats: SUCCESS
knockout_winner: FAILURE
get_closest_player: SUCCESS, 129
get_team_points: SUCCESS, 12184
get_all_players: SUCCESS
17
88
27
remove_player: SUCCESS
update_player_stats: SUCCESS
add_player: FAILURE
get_all_players: SUCCESS
40
13
162
174
33
137
35
29
1
get_top_scorer: SUCCESS, 39
get_all_players_count: SUCCESS, 7
add_player: FAILURE
get_num_played_games: SUCCESS, 1709
get_team_points: SUCCESS, 12068
remove_team: FAILURE
get_top_scorer: SUCCESS, 56
remove_team: FAILURE
get_team_points: SUCCESS, 6991
knockout_winner: SUCCESS, 11
remove_player: SUCCESS
add_team: FAILURE
get_all_players_count: SUCCESS, 10
remove_team: FAILURE
play_match: FAILURE
get_all_players_count: SUCCESS, 11
get_all_players: SUCCESS
141
86
150
53
180
117
play_match: FAILURE
get_team_points: SUCCESS, 11297
unite_teams: FAILURE
remove_team: FAILURE
play_match: FAILURE
get_all_players_count: SUCCESS, 12
remove_team: FAILURE
remove_team: FAILURE
get_closest_player: SUCCESS, 189
get_num_played_games: SUCCESS, 9496
remove_team: FAILURE
get_team_points: SUCCESS, 6991
update_player_stats: SUCCESS
get_all_players_count: SUCCESS, 11
unite_teams: FAILURE
get_num_played_games: SUCCESS, 2297
remove_player: SUCCESS
get_num_played_games: SUCCESS, 6237
add_player: FAILURE
remove_team: FAILURE
add_team: FAILURE
get_team_points: SUCCESS, 11602
add_team: FAILURE
get_top_scorer: SUCCESS, 82
remove_player: SUCCESS
add_player: FAILURE
remove_player: SUCCESS
get_top_scorer: SUCCESS, 5
get_all_players: SUCCESS
200
132
24
152
61
103
49
51
112
95
168
165
38
32
60
139
39
knockout_winner: SUCCESS, 15
remove_player: SUCCESS
get_all_players_count: SUCCESS, 9
play_match: FAILURE
get_top_scorer: SUCCESS, 110
get_num_played_games: SUCCESS, 4513
remove_team: FAILURE
update_player_stats: SUCCESS
update_player_stats: SUCCESS
play_match: FAILURE
add_player: FAILURE
remove_team: FAILURE
get_num_played_games: SUCCESS, 6859
get_num_played_games: SUCCESS, 7114
add_team: FAILURE
get_num_played_games: SUCCESS, 3773
get_closest_player: SUCCESS, 140
remove_team: FAILURE
get_closest_player: SUCCESS, 129
knockout_winner: SUCCESS, 4
remove_player: SUCCESS
unite_teams: FAILURE
play_match: FAILURE
unite_teams: FAILURE
update_player_stats: SUCCESS
remove_team: FAILURE
get_all_players_count: SUCCESS, 7
play_match: FAILURE
knockout_winner: SUCCESS, 9
remove_player: SUCCESS
unite_teams: SUCCESS
knockout_winner: SUCCESS, 11
remove_player: SUCCESS
add_team: FAILURE
remove_player: SUCCESS
get_top_scorer: SUCCESS, 27
get_all_players_count: SUCCESS, 8
remove_player: SUCCESS
play_match: SUCCESS
update_player_stats: SUCCESS
get_all_players: SUCCESS
40
13
162
174
33
137
35
29
1
update_player_stats: SUCCESS
remove_player: SUCCESS
get_all_players_count: SUCCESS, 9
add_team: FAILURE
get_top_scorer: SUCCESS, 1
get_closest_player: SUCCESS, 16
update_player_stats: SUCCESS
get_all_players: SUCCESS
3
30
185
84
119
91
44
142
182
get_team_points: SUCCESS, 11005
get_team_points: SUCCESS, 6991
get_closest_player: SUCCESS, 179
get_all_players_count: SUCCESS, 7
get_team_points: SUCCESS, 2216
add_player: FAILURE
get_all_players: SUCCESS
184
59
34
192
190
45
5
remove_player: SUCCESS
get_all_players: SUCCESS
172
74
163
116
189
81
8
48
134
47
109
97
107
72
143
187
122
196
get_all_players: SUCCESS
78
12
21
194
145
158
58
169
188
120
93
87
get_top_scorer: SUCCESS, 5
play_match: SUCCESS
get_top_scorer: SUCCESS, 68
get_closest_player: SUCCESS, 104
get_all_players: SUCCESS
104
161
114
135
71
55
85
18
118
64
102
9
get_top_scorer: SUCCESS, 196
get_all_players: SUCCESS
200
132
24
152
61
103
49
51
168
165
38
32
60
139
39
get_top_scorer: SUCCESS, 157
knockout_winner: SUCCESS, 15
get_num_played_games: SUCCESS, 4260
remove_player: SUCCESS
get_top_scorer: SUCCESS, 92
add_player: FAILURE
add_player: FAILURE
get_top_scorer: SUCCESS, 100
get_all_players: SUCCESS
3
30
185
84
119
91
44
142
182
get_all_players_count: SUCCESS, 15
knockout_winner: SUCCESS, 4
remove_team: FAILURE
get_num_played_games: SUCCESS, 11884
add_team: FAILURE
get_team_points: SUCCESS, 11005
get_all_players_count: SUCCESS, 5
get_team_points: SUCCESS, 11602
get_top_scorer: SUCCESS, 157
add_team: FAILURE
get_num_played_games: SUCCESS, 863
get_all_players_count: SUCCESS, 15
update_player_stats: SUCCESS
play_match: FAILURE
unite_teams: SUCCESS
remove_player: SUCCESS
play_match: FAILURE
remove_player: SUCCESS
add_player: FAILURE
get_num_played_games: SUCCESS, 3714
play_match: FAILURE
add_player: FAILURE
knockout_winner: SUCCESS, 4
update_player_stats: SUCCESS
unite_teams: SUCCESS
get_top_scorer: SUCCESS, 9
remove_player: SUCCESS
unite_teams: FAILURE
get_all_players: SUCCESS
130
178
181
76
65
88
96
151
46
186
153
79
110
27
remove_player: SUCCESS
get_all_players: SUCCESS
104
161
114
135
71
55
85
18
118
64
102
9
remove_player: SUCCESS
play_match: SUCCESS
add_team: FAILURE
get_team_points: SUCCESS, 1307
add_team: FAILURE
unite_teams: FAILURE
add_player: FAILURE
remove_team: FAILURE
get_team_points: SUCCESS, 9394
add_player: FAILURE
knockout_winner: SUCCESS, 11
get_team_points: SUCCESS, 6991
get_team_points: SUCCESS, 6661
get_all_players: SUCCESS
62
115
41
77
166
70
199
63
131
144
123
2
129
136
28
170
157
get_closest_player: SUCCESS, 150
knockout_winner: SUCCESS, 20
remove_player: SUCCESS
get_num_played_games: SUCCESS, 863
get_top_scorer: SUCCESS, 196
get_all_players_count: SUCCESS, 5
play_match: FAILURE
remove_team: FAILURE
update_player_stats: SUCCESS
add_player: FAILURE
remove_player: SUCCESS
add_player: FAILURE
remove_player: SUCCESS
get_num_played_games: SUCCESS, 9642
add_team: FAILURE
get_all_players: SUCCESS
40
13
111
179
162
36
124
197
174
33
83
137
35
29
50
1
play_match: SUCCESS
knockout_winner: INVALID_INPUT
add_team: FAILURE
get_top_scorer: SUCCESS, 1
get_all_players_count: SUCCESS, 7
remove_team: FAILURE
get_num_played_games: SUCCESS, 13143
get_num_played_games: SUCCESS, 9946
get_all_players_count: SUCCESS, 11
get_all_players: SUCCESS
104
161
114
135
71
55
85
18
118
64
102
9
knockout_winner: SUCCESS, 11
remove_team: FAILURE
add_team: FAILURE
get_all_players_count: SUCCESS, 5
get_closest_player: SUCCESS, 115
add_team: FAILURE
add_team: FAILURE
get_all_players_count: SUCCESS, 9
get_all_players: SUCCESS
106
90
57
14
73
171
113
99
146
20
68
get_team_points: SUCCESS, 4413
get_top_scorer: SUCCESS, 110
remove_team: FAILURE
knockout_winner: SUCCESS, 20
get_num_played_games: SUCCESS, 10030
remove_player: SUCCESS
knockout_winner: FAILURE
unite_teams: SUCCESS
get_top_scorer: SUCCESS, 68
remove_player: SUCCESS
knockout_winner: INVALID_INPUT
get_num_played_games: SUCCESS, 10947
add_player: FAILURE
get_top_scorer: SUCCESS, 82
knockout_winner: SUCCESS, 10
play_match: FAILURE
add_player: FAILURE
get_closest_player: SUCCESS, 16
play_match: SUCCESS
get_team_points: SUCCESS, 11602
remove_team: FAILURE
remove_team: FAILURE
get_team_points: SUCCESS, 9409
unite_teams: FAILURE
get_num_played_games: SUCCESS, 18159
add_team: FAILURE
play_match: SUCCESS
get_num_played_games: SUCCESS, 11978
add_team: FAILURE
remove_player: SUCCESS
add_player: FAILURE
get_team_points: SUCCESS, 22308
get_team_points: SUCCESS, 22962
knockout_winner: SUCCESS, 10
remove_player: SUCCESS
remove_player: SUCCESS
add_team: FAILURE
add_player: FAILURE
get_top_scorer: SUCCESS, 157
add_team: FAILURE
remove_player: SUCCESS
remove_player: SUCCESS
unite_teams: INVALID_INPUT
add_player: FAILURE
get_all_players_count: SUCCESS, 16
knockout_winner: SUCCESS, 15
get_closest_player: SUCCESS, 1
remove_player: SUCCESS
add_player: FAILURE
get_team_points: SUCCESS, 22962
get_all_players: SUCCESS
106
90
57
14
73
171
113
99
146
20
68
update_player_stats: SUCCESS
knockout_winner: INVALID_INPUT
add_player: FAILURE
remove_player: SUCCESS
remove_player: SUCCESS
get_team_points: SUCCESS, 6991
play_match: SUCCESS
get_num_played_games: SUCCESS, 32585
play_match: SUCCESS
get_num_played_games: SUCCESS, 10031
update_player_stats: SUCCESS
update_player_stats: SUCCESS
add_team: FAILURE
get_team_points: SUCCESS, 11008
get_all_players_count: SUCCESS, 15
add_player: FAILURE
get_top_scorer: SUCCESS, 9
remove_team: FAILURE
get_closest_player: SUCCESS, 140
get_closest_player: SUCCESS, 53
get_all_players: SUCCESS
184
59
192
190
play_match: FAILURE
get_num_played_games: SUCCESS, 10175
get_team_points: SUCCESS, 2604
knockout_winner: SUCCESS, 10
remove_player: SUCCESS
unite_teams: FAILURE
get_closest_player: SUCCESS, 114
get_all_players_count: SUCCESS, 16
unite_teams: FAILURE
unite_teams: FAILURE
get_num_played_games: SUCCESS, 10939
get_top_scorer: SUCCESS, 156
add_team: FAILURE
play_match: SUCCESS
add_team: FAILURE
get_closest_player: SUCCESS, 165
add_team: FAILURE
get_all_players: SUCCESS
105
10
140
69
42
195
82
update_player_stats: SUCCESS
get_all_players_count: SUCCESS, 7
play_match: SUCCESS
get_all_players: SUCCESS
78
12
21
158
58
169
188
120
93
87
194
get_all_players: SUCCESS
105
10
140
69
42
195
82
remove_player: SUCCESS
add_team: FAILURE
get_closest_player: SUCCESS, 136
get_num_played_games: SUCCESS, 10446
unite_teams: FAILURE
get_closest_player: SUCCESS, 86
play_match: SUCCESS
get_team_points: SUCCESS, 2604
remove_player: SUCCESS
play_match: SUCCESS
get_team_points: SUCCESS, 7379
add_player: FAILURE
unite_teams: INVALID_INPUT
get_all_players_count: SUCCESS, 8
play_match: FAILURE
get_num_played_games: SUCCESS, 3774
get_num_played_games: SUCCESS, 2043
get_all_players: SUCCESS
104
161
114
135
71
55
85
18
118
64
102
9
get_team_points: SUCCESS, 12771
add_player: FAILURE
get_team_points: SUCCESS, 22965
play_match: SUCCESS
remove_player: SUCCESS
get_closest_player: SUCCESS, 161
get_num_played_games: SUCCESS, 5233
remove_team: FAILURE
remove_team: FAILURE
get_team_points: SUCCESS, 9412
add_player: FAILURE
get_team_points: SUCCESS, 12771
get_num_played_games: SUCCESS, 9035
get_top_scorer: SUCCESS, 110
get_team_points: SUCCESS, 11008
remove_team: FAILURE
get_all_players_count: SUCCESS, 12
unite_teams: FAILURE
get_num_played_games: SUCCESS, 781
unite_teams: FAILURE
get_team_points: SUCCESS, 12199
get_team_points: SUCCESS, 6661
unite_teams: FAILURE
remove_team: FAILURE
play_match: SUCCESS
get_team_points: SUCCESS, 2216
add_team: FAILURE
get_all_players: SUCCESS
200
24
61
49
51
168
165
38
32
139
39
60
get_all_players: SUCCESS
94
22
25
101
141
138
16
86
100
53
117
knockout_winner: INVALID_INPUT
get_all_players: SUCCESS
200
24
61
49
51
168
165
38
32
139
39
60
get_num_played_games: SUCCESS, 8215
get_num_played_games: SUCCESS, 2574
get_top_scorer: SUCCESS, 170
knockout_winner: SUCCESS, 10
unite_teams: FAILURE
get_team_points: SUCCESS, 4413
play_match: FAILURE
get_all_players_count: SUCCESS, 13
play_match: SUCCESS
add_team: FAILURE
update_player_stats: SUCCESS
get_all_players_count: SUCCESS, 11
add_player: FAILURE
remove_team: FAILURE
get_all_players: SUCCESS
40
13
111
162
36
124
197
33
83
35
29
50
1
179
get_all_players: SUCCESS
106
90
57
14
73
171
99
146
20
68
113
play_match: FAILURE
update_player_stats: SUCCESS
update_player_stats: SUCCESS
play_match: SUCCESS
add_team: FAILURE
get_all_players: SUCCESS
105
10
140
69
42
195
82
unite_teams: FAILURE
get_num_played_games: SUCCESS, 10725
add_team: FAILURE
update_player_stats: SUCCESS
get_num_played_games: SUCCESS, 912
get_team_points: SUCCESS, 11611
get_top_scorer: SUCCESS, 117
update_player_stats: SUCCESS
get_top_scorer: SUCCESS, 110
remove_team: FAILURE
get_num_played_games: SUCCESS, 8228
get_all_players_count: SUCCESS, 12
get_closest_player: SUCCESS, 39
update_player_stats: SUCCESS
remove_player: SUCCESS
play_match: SUCCESS
get_top_scorer: SUCCESS, 60
add_team: FAILURE
add_team: FAILURE
get_num_played_games: SUCCESS, 4347
play_match: FAILURE
get_all_players_count: SUCCESS, 16
get_closest_player: SUCCESS, 165
knockout_winner: INVALID_INPUT
knockout_winner: INVALID_INPUT
get_closest_player: SUCCESS, 191
get_top_scorer: SUCCESS, 179
unite_teams: FAILURE
knockout_winner: SUCCESS, 20
get_closest_player: SUCCESS, 140
add_player: FAILURE
get_top_scorer: SUCCESS, 60
remove_player: SUCCESS
play_match: FAILURE
knockout_winner: SUCCESS, 10
get_closest_player: SUCCESS, 182
get_num_played_games: SUCCESS, 9567
remove_player: SUCCESS
add_player: FAILURE
get_all_players: SUCCESS
178
181
130
76
65
88
96
151
46
186
153
79
110
get_num_played_games: SUCCESS, 8025
get_team_points: SUCCESS, 2604
update_player_stats: SUCCESS
get_top_scorer: SUCCESS, 170
get_num_played_games: SUCCESS, 19850
get_top_scorer: SUCCESS, 194
unite_teams: FAILURE
get_all_players: SUCCESS
62
115
41
77
70
166
63
131
144
123
2
129
136
28
170
get_all_players_count: SUCCESS, 12
get_team_points: SUCCESS, 7000
add_player: FAILURE
get_all_players_count: SUCCESS, 4
get_all_players_count: SUCCESS, 10
knockout_winner: SUCCESS, 10
get_all_players_count: SUCCESS, 15
get_closest_player: SUCCESS, 59
get_all_players: SUCCESS
94
22
25
141
138
16
86
100
53
101
117
get_all_players: SUCCESS
62
115
41
77
70
166
63
131
144
123
2
129
136
28
170
unite_teams: FAILURE
get_team_points: SUCCESS, 4413
get_team_points: SUCCESS, 12199
get_team_points: SUCCESS, 4413
update_player_stats: SUCCESS
get_closest_player: SUCCESS, 29
unite_teams: SUCCESS
unite_teams: FAILURE
knockout_winner: SUCCESS, 11
knockout_winner: SUCCESS, 4
get_all_players_count: SUCCESS, 13
add_player: FAILURE
remove_player: SUCCESS
update_player_stats: SUCCESS
get_num_played_games: SUCCESS, 473
get_top_scorer: SUCCESS, 179
unite_teams: FAILURE
get_team_points: SUCCESS, 6661
get_top_scorer: SUCCESS, 113
get_team_points: SUCCESS, 22965
get_top_scorer: SUCCESS, 170
get_team_points: SUCCESS, 2604
add_player: FAILURE
unite_teams: FAILURE
remove_player: SUCCESS
update_player_stats: SUCCESS
knockout_winner: SUCCESS, 10
get_all_players_count: SUCCESS, 11
get_all_players: SUCCESS
104
161
114
135
55
85
18
118
64
102
9
get_top_scorer: SUCCESS, 69
update_player_stats: SUCCESS
get_num_played_games: SUCCESS, 12128
update_player_stats: SUCCESS
remove_team: FAILURE
unite_teams: FAILURE
get_team_points: SUCCESS, 2216
unite_teams: SUCCESS
knockout_winner: SUCCESS, 10
add_player: FAILURE
remove_player: SUCCESS
get_closest_player: SUCCESS, 55
knockout_winner: INVALID_INPUT
play_match: SUCCESS
get_team_points: SUCCESS, 2219
get_num_played_games: SUCCESS, 10884
update_player_stats: SUCCESS
add_player: FAILURE
remove_player: SUCCESS
get_closest_player: SUCCESS, 101
get_num_played_games: SUCCESS, 9375
get_team_points: SUCCESS, 7379
update_player_stats: SUCCESS
get_all_players: SUCCESS
184
59
192
remove_player: SUCCESS
add_team: FAILURE
get_all_players_count: SUCCESS, 15
get_top_scorer: SUCCESS, 9
get_closest_player: SUCCESS, 106
get_all_players_count: SUCCESS, 10
update_player_stats: SUCCESS
unite_teams: FAILURE
get_closest_player: SUCCESS, 194
remove_team: FAILURE
update_player_stats: SUCCESS
update_player_stats: SUCCESS
update_player_stats: SUCCESS
get_all_players: SUCCESS
74
163
116
81
8
134
47
109
48
143
122
189
97
196
187
add_player: FAILURE
get_num_played_games: SUCCESS, 18161
update_player_stats: SUCCESS
add_player: FAILURE
get_num_played_games: SUCCESS, 19870
add_team: FAILURE
play_match: SUCCESS
play_match: INVALID_INPUT
add_player: FAILURE
knockout_winner: INVALID_INPUT
get_all_players: SUCCESS
200
24
61
49
51
168
165
38
32
139
39
60
get_closest_player: SUCCESS, 109
get_closest_player: SUCCESS, 42
get_team_points: SUCCESS, 7000
add_team: FAILURE
unite_teams: FAILURE
remove_player: SUCCESS
get_closest_player: SUCCESS, 171
get_all_players_count: SUCCESS, 10
get_all_players_count: SUCCESS, 14
remove_player: SUCCESS
knockout_winner: SUCCESS, 1
remove_player: SUCCESS
remove_team: FAILURE
update_player_stats: SUCCESS
unite_teams: FAILURE
remove_team: FAILURE
get_all_players_count: SUCCESS, 10
unite_teams: FAILURE
get_team_points: SUCCESS, 2604
remove_team: FAILURE
get_top_scorer: SUCCESS, 192
add_team: FAILURE
unite_teams: FAILURE
play_match: FAILURE
get_num_played_games: SUCCESS, 11673
play_match: FAILURE
get_num_played_games: SUCCESS, 3023
remove_team: FAILURE
update_player_stats: SUCCESS
get_all_players: SUCCESS
62
77
115
41
70
166
63
131
144
123
2
129
136
28
170
get_all_players_count: SUCCESS, 8
get_top_scorer: SUCCESS, 146
get_team_points: SUCCESS, 7000
knockout_winner: INVALID_INPUT
update_player_stats: SUCCESS
unite_teams: FAILURE
get_closest_player: SUCCESS, 119
unite_teams: FAILURE
unite_teams: FAILURE
add_team: FAILURE
get_team_points: SUCCESS, 36799
get_num_played_games: SUCCESS, 11235
knockout_winner: SUCCESS, 11
knockout_winner: INVALID_INPUT
add_player: FAILURE
get_closest_player: SUCCESS, 97
get_closest_player: SUCCESS, 135
get_num_played_games: SUCCESS, 9910
add_team: FAILURE
play_match: FAILURE
get_closest_player: SUCCESS, 111
get_team_points: SUCCESS, 11014
get_all_players: SUCCESS
24
61
200
49
51
168
165
38
32
139
39
60
get_all_players: SUCCESS
104
161
114
135
55
85
18
118
64
9
get_num_played_games: SUCCESS, 1233
unite_teams: FAILURE
add_player: FAILURE
add_team: FAILURE
get_all_players_count: SUCCESS, 15
play_match: FAILURE
remove_player: SUCCESS
add_team: FAILURE
get_top_scorer: SUCCESS, 182
get_top_scorer: SUCCESS, 9
get_team_points: SUCCESS, 22308
get_closest_player: SUCCESS, 104
unite_teams: FAILURE
update_player_stats: SUCCESS
add_player: FAILURE
play_match: FAILURE
add_team: FAILURE
knockout_winner: INVALID_INPUT
update_player_stats: SUCCESS
add_team: FAILURE
remove_team: FAILURE
get_num_played_games: SUCCESS, 8218
play_match: FAILURE
play_match: FAILURE
add_team: FAILURE
get_team_points: SUCCESS, 12795
add_team: FAILURE
get_team_points: SUCCESS, 11611
get_top_scorer: SUCCESS, 117
get_num_played_games: SUCCESS, 3774
knockout_winner: SUCCESS, 10
unite_teams: INVALID_INPUT
play_match: FAILURE
play_match: FAILURE
get_all_players: SUCCESS
164
191
43
89
128
156
get_closest_player: SUCCESS, 120
unite_teams: FAILURE
play_match: FAILURE
get_closest_player: SUCCESS, 59
get_team_points: SUCCESS, 12208
get_closest_player: SUCCESS, 87
remove_team: FAILURE
get_all_players: SUCCESS
40
13
111
162
124
197
33
83
35
50
29
36
1
179
knockout_winner: SUCCESS, 6
knockout_winner: SUCCESS, 6
remove_player: SUCCESS
get_top_scorer: SUCCESS, 156
unite_teams: FAILURE
get_num_played_games: SUCCESS, 6866
get_num_played_games: SUCCESS, 10840
remove_player: SUCCESS
get_team_points: SUCCESS, 22308
get_all_players: SUCCESS
12
178
181
130
76
105
21
10
88
151
46
186
153
158
79
169
188
110
42
195
58
120
93
87
194
69
add_player: FAILURE
unite_teams: FAILURE
remove_player: SUCCESS
remove_player: SUCCESS
get_team_points: SUCCESS, 7000
remove_team: FAILURE
play_match: FAILURE
remove_player: SUCCESS
get_num_played_games: SUCCESS, 13148
get_top_scorer: SUCCESS, 39
remove_player: SUCCESS
remove_player: SUCCESS
add_team: FAILURE
knockout_winner: SUCCESS, 11
get_num_played_games: SUCCESS, 6898
remove_team: FAILURE
get_all_players_count: SUCCESS, 14
get_num_played_games: SUCCESS, 6149
get_all_players_count: SUCCESS, 14
play_match: FAILURE
get_num_played_games: SUCCESS, 12128
unite_teams: SUCCESS
remove_player: SUCCESS
get_team_points: SUCCESS, 7379
get_all_players: SUCCESS
104
161
114
55
85
118
64
9
update_player_stats: SUCCESS
get_team_points: SUCCESS, 22308
get_all_players: SUCCESS
164
191
43
89
128
156
knockout_winner: SUCCESS, 11
get_closest_player: SUCCESS, 113
get_all_players: SUCCESS
106
90
57
171
73
20
68
14
113
146
get_team_points: SUCCESS, 12208
add_team: FAILURE
remove_team: FAILURE
get_all_players_count: SUCCESS, 15
remove_player: SUCCESS
add_team: FAILURE
add_player: FAILURE
get_top_scorer: SUCCESS, 156
update_player_stats: SUCCESS
remove_team: FAILURE
unite_teams: FAILURE
get_top_scorer: SUCCESS, 69
add_team: FAILURE
get_top_scorer: SUCCESS, 156
remove_player: SUCCESS
remove_team: FAILURE
play_match: FAILURE
unite_teams: INVALID_INPUT
get_all_players: SUCCESS
12
178
181
130
76
105
21
10
88
151
46
186
153
158
79
188
110
42
195
58
120
93
87
194
69
update_player_stats: SUCCESS
knockout_winner: SUCCESS, 11
remove_team: FAILURE
add_player: FAILURE
play_match: INVALID_INPUT
get_all_players: SUCCESS
104
161
114
55
85
118
64
9
get_closest_player: SUCCESS, 136
remove_team: FAILURE
get_num_played_games: SUCCESS, 4565
add_team: FAILURE
get_top_scorer: SUCCESS, 170
remove_team: FAILURE
get_closest_player: SUCCESS, 53
add_team: FAILURE
get_all_players_count: SUCCESS, 8
get_team_points: SUCCESS, 12798
get_top_scorer: SUCCESS, 179
get_closest_player: SUCCESS, 168
add_team: FAILURE
play_match: FAILURE
get_all_players: SUCCESS
3
24
61
200
49
51
168
185
84
165
38
119
91
44
139
39
182
get_num_played_games: SUCCESS, 8284
get_num_played_games: SUCCESS, 7314
get_all_players_count: SUCCESS, 6
remove_player: SUCCESS
add_player: FAILURE
add_player: FAILURE
knockout_winner: SUCCESS, 11
get_all_players_count: SUCCESS, 6
get_top_scorer: SUCCESS, 182
get_num_played_games: SUCCESS, 13148
get_num_played_games: SUCCESS, 8229
knockout_winner: INVALID_INPUT
get_all_players: SUCCESS
40
13
111
162
124
197
33
83
35
50
29
1
179
get_all_players: SUCCESS
3
24
61
200
49
51
168
185
84
165
38
119
91
44
139
39
182
play_match: INVALID_INPUT
unite_teams: FAILURE
unite_teams: FAILURE
add_team: FAILURE
get_top_scorer: SUCCESS, 146
get_closest_player: SUCCESS, 2
get_num_played_games: SUCCESS, 11744
play_match: FAILURE
remove_player: SUCCESS
remove_player: SUCCESS
remove_player: SUCCESS
remove_player: SUCCESS
remove_player: SUCCESS
remove_player: SUCCESS
remove_player: SUCCESS
remove_player: SUCCESS
remove_player: SUCCESS
remove_player: SUCCESS
remove_player: SUCCESS
remove_player: SUCCESS
remove_player: SUCCESS
remove_player: SUCCESS
remove_player: SUCCESS
remove_player: SUCCESS
remove_player: SUCCESS
remove_player: SUCCESS
remove_player: SUCCESS
remove_player: SUCCESS
remove_player: SUCCESS
remove_player: SUCCESS
remove_player: SUCCESS
remove_player: SUCCESS
remove_player: SUCCESS
remove_player: SUCCESS
remove_player: SUCCESS
remove_player: SUCCESS
remove_player: SUCCESS
remove_player: SUCCESS
remove_player: SUCCESS
remove_player: SUCCESS
remove_player: SUCCESS
remove_player: SUCCESS
remove_player: SUCCESS
remove_player: SUCCESS
remove_player: SUCCESS
remove_player: SUCCESS
remove_player: SUCCESS
remove_player: SUCCESS
remove_player: SUCCESS
remove_player: SUCCESS
remove_player: SUCCESS
remove_player: SUCCESS
remove_player: SUCCESS
remove_player: SUCCESS
remove_player: SUCCESS
remove_player: SUCCESS
remove_player: SUCCESS
remove_player: SUCCESS
remove_player: SUCCESS
remove_player: SUCCESS
remove_player: SUCCESS
remove_player: SUCCESS
remove_player: SUCCESS
remove_player: SUCCESS
remove_player: SUCCESS
remove_player: SUCCESS
remove_player: SUCCESS
remove_player: SUCCESS
remove_player: SUCCESS
remove_player: SUCCESS
remove_player: SUCCESS
remove_player: SUCCESS
remove_player: SUCCESS
remove_player: SUCCESS
remove_player: SUCCESS
remove_player: SUCCESS
remove_player: SUCCESS
remove_player: SUCCESS
remove_player: SUCCESS
remove_player: SUCCESS
remove_player: SUCCESS
remove_player: SUCCESS
remove_player: SUCCESS
remove_player: SUCCESS
remove_player: SUCCESS
remove_player: SUCCESS
remove_player: SUCCESS
remove_player: SUCCESS
remove_player: SUCCESS
remove_player: SUCCESS
remove_player: SUCCESS
remove_player: SUCCESS
remove_player: SUCCESS
remove_player: SUCCESS
remove_player: SUCCESS
remove_player: SUCCESS
remove_player: SUCCESS
remove_player: SUCCESS
remove_player: SUCCESS
remove_player: SUCCESS
remove_player: SUCCESS
remove_player: SUCCESS
remove_player: SUCCESS
remove_player: SUCCESS
remove_player: SUCCESS
remove_player: SUCCESS
remove_player: SUCCESS
remove_player: SUCCESS
remove_player: SUCCESS
remove_player: SUCCESS
remove_player: SUCCESS
remove_player: SUCCESS
remove_player: SUCCESS
remove_player: SUCCESS
remove_player: SUCCESS
remove_player: SUCCESS
remove_player: SUCCESS
remove_player: SUCCESS
remove_player: SUCCESS
remove_player: SUCCESS
remove_player: SUCCESS
remove_player: SUCCESS
remove_player: SUCCESS
remove_player: SUCCESS
remove_player: SUCCESS
remove_team: SUCCESS
remove_team: SUCCESS
remove_team: SUCCESS
remove_team: SUCCESS
remove_team: SUCCESS
remove_team: SUCCESS
remove_team: SUCCESS
remove_team: SUCCESS
remove_team: SUCCESS
remove_team: SUCCESS
