add_team: SUCCESS
add_team: SUCCESS
add_team: SUCCESS
add_team: SUCCESS
add_team: SUCCESS
add_team: SUCCESS
add_team: SUCCESS
add_team: SUCCESS
add_team: SUCCESS
add_team: SUCCESS
add_team: SUCCESS
add_team: SUCCESS
add_team: SUCCESS
add_team: SUCCESS
add_team: SUCCESS
add_team: SUCCESS
add_team: SUCCESS
add_team: SUCCESS
add_team: SUCCESS
add_team: SUCCESS
add_player: SUCCESS
add_player: SUCCESS
add_player: SUCCESS
add_player: SUCCESS
add_player: SUCCESS
add_player: SUCCESS
add_player: SUCCESS
add_player: SUCCESS
add_player: SUCCESS
add_player: SUCCESS
add_player: SUCCESS
add_player: SUCCESS
add_player: SUCCESS
add_player: SUCCESS
add_player: SUCCESS
add_player: SUCCESS
add_player: SUCCESS
add_player: SUCCESS
add_player: SUCCESS
add_player: SUCCESS
add_player: SUCCESS
add_player: SUCCESS
add_player: SUCCESS
add_player: SUCCESS
add_player: SUCCESS
add_player: SUCCESS
add_player: SUCCESS
add_player: SUCCESS
add_player: SUCCESS
add_player: SUCCESS
add_player: SUCCESS
add_player: SUCCESS
add_player: SUCCESS
add_player: SUCCESS
add_player: SUCCESS
add_player: SUCCESS
add_player: SUCCESS
add_player: SUCCESS
add_player: SUCCESS
add_player: SUCCESS
add_player: SUCCESS
add_player: SUCCESS
add_player: SUCCESS
add_player: SUCCESS
add_player: SUCCESS
add_player: SUCCESS
add_player: SUCCESS
add_player: SUCCESS
add_player: SUCCESS
add_player: SUCCESS
add_player: SUCCESS
add_player: SUCCESS
add_player: SUCCESS
add_player: SUCCESS
add_player: SUCCESS
add_player: SUCCESS
add_player: SUCCESS
add_player: SUCCESS
add_player: SUCCESS
add_player: SUCCESS
add_player: SUCCESS
add_player: SUCCESS
add_player: SUCCESS
add_player: SUCCESS
add_player: SUCCESS
add_player: SUCCESS
add_player: SUCCESS
add_player: SUCCESS
add_player: SUCCESS
add_player: SUCCESS
add_player: SUCCESS
add_player: SUCCESS
add_player: SUCCESS
add_player: SUCCESS
add_player: SUCCESS
add_player: SUCCESS
add_player: SUCCESS
add_player: SUCCESS
add_player: SUCCESS
add_player: SUCCESS
add_player: SUCCESS
add_player: SUCCESS
add_player: SUCCESS
add_player: SUCCESS
add_player: SUCCESS
add_player: SUCCESS
add_player: SUCCESS
add_player: SUCCESS
add_player: SUCCESS
add_player: SUCCESS
add_player: SUCCESS
add_player: SUCCESS
add_player: SUCCESS
add_player: SUCCESS
add_player: SUCCESS
add_player: SUCCESS
add_player: SUCCESS
add_player: SUCCESS
add_player: SUCCESS
add_player: SUCCESS
add_player: SUCCESS
add_player: SUCCESS
add_player: SUCCESS
add_player: SUCCESS
add_player: SUCCESS
add_player: SUCCESS
add_player: SUCCESS
add_player: SUCCESS
add_player: SUCCESS
add_player: SUCCESS
add_player: SUCCESS
add_player: SUCCESS
add_player: SUCCESS
add_player: SUCCESS
add_player: SUCCESS
add_player: SUCCESS
add_player: SUCCESS
add_player: SUCCESS
add_player: SUCCESS
add_player: SUCCESS
add_player: SUCCESS
add_player: SUCCESS
add_player: SUCCESS
add_player: SUCCESS
add_player: SUCCESS
add_player: SUCCESS
add_player: SUCCESS
add_player: SUCCESS
add_player: SUCCESS
add_player: SUCCESS
add_player: SUCCESS
add_player: SUCCESS
add_player: SUCCESS
add_player: SUCCESS
add_player: SUCCESS
add_player: SUCCESS
add_player: SUCCESS
add_player: SUCCESS
add_player: SUCCESS
add_player: SUCCESS
add_player: SUCCESS
add_player: SUCCESS
add_player: SUCCESS
add_player: SUCCESS
add_player: SUCCESS
add_player: SUCCESS
add_player: SUCCESS
add_player: SUCCESS
add_player: SUCCESS
add_player: SUCCESS
add_player: SUCCESS
add_player: SUCCESS
add_player: SUCCESS
add_player: SUCCESS
add_player: SUCCESS
add_player: SUCCESS
add_player: SUCCESS
add_player: SUCCESS
add_player: SUCCESS
add_player: SUCCESS
add_player: SUCCESS
add_player: SUCCESS
add_player: SUCCESS
add_player: SUCCESS
add_player: SUCCESS
add_player: SUCCESS
add_player: SUCCESS
add_player: SUCCESS
add_player: SUCCESS
add_player: SUCCESS
add_player: SUCCESS
add_player: SUCCESS
add_player: SUCCESS
add_player: SUCCESS
add_player: SUCCESS
add_player: SUCCESS
add_player: SUCCESS
add_player: SUCCESS
add_player: SUCCESS
add_player: SUCCESS
add_player: SUCCESS
add_player: SUCCESS
add_player: SUCCESS
add_player: SUCCESS
add_player: SUCCESS
add_player: SUCCESS
add_player: SUCCESS
add_player: SUCCESS
add_player: SUCCESS
add_player: SUCCESS
add_player: SUCCESS
add_player: SUCCESS
add_player: SUCCESS
add_player: SUCCESS
add_player: SUCCESS
add_player: SUCCESS
add_player: SUCCESS
add_player: SUCCESS
add_player: SUCCESS
add_player: SUCCESS
knockout_winner: FAILURE
knockout_winner: SUCCESS, 17
knockout_winner: FAILURE
knockout_winner: FAILURE
knockout_winner: INVALID_INPUT
remove_team: FAILURE
play_match: FAILURE
knockout_winner: SUCCESS, 9
knockout_winner: SUCCESS, 17
knockout_winner: FAILURE
knockout_winner: SUCCESS, 17
knockout_winner: INVALID_INPUT
remove_team: FAILURE
get_closest_player: SUCCESS, 47
remove_team: FAILURE
get_team_points: SUCCESS, 4872
get_closest_player: SUCCESS, 164
remove_team: FAILURE
play_match: FAILURE
get_all_players: SUCCESS
189
77
40
63
97
103
188
39
add_team: FAILURE
update_player_stats: SUCCESS
add_team: FAILURE
knockout_winner: SUCCESS, 2
knockout_winner: INVALID_INPUT
knockout_winner: INVALID_INPUT
knockout_winner: FAILURE
knockout_winner: INVALID_INPUT
get_all_players_count: SUCCESS, 12
knockout_winner: SUCCESS, 17
knockout_winner: INVALID_INPUT
knockout_winner: INVALID_INPUT
knockout_winner: SUCCESS, 17
knockout_winner: SUCCESS, 9
unite_teams: SUCCESS
get_all_players_count: SUCCESS, 9
get_all_players_count: SUCCESS, 10
get_team_points: SUCCESS, 407
remove_player: SUCCESS
remove_team: FAILURE
remove_player: SUCCESS
add_team: FAILURE
get_team_points: SUCCESS, 7378
knockout_winner: SUCCESS, 17
knockout_winner: SUCCESS, 17
knockout_winner: FAILURE
knockout_winner: SUCCESS, 20
knockout_winner: INVALID_INPUT
add_player: FAILURE
get_top_scorer: SUCCESS, 111
get_top_scorer: SUCCESS, 164
remove_team: FAILURE
get_num_played_games: SUCCESS, 2420
get_num_played_games: SUCCESS, 11091
knockout_winner: SUCCESS, 15
knockout_winner: SUCCESS, 17
knockout_winner: SUCCESS, 8
knockout_winner: SUCCESS, 17
knockout_winner: INVALID_INPUT
add_player: FAILURE
knockout_winner: SUCCESS, 17
knockout_winner: SUCCESS, 17
knockout_winner: SUCCESS, 8
knockout_winner: SUCCESS, 20
knockout_winner: INVALID_INPUT
get_all_players_count: SUCCESS, 10
unite_teams: FAILURE
get_top_scorer: SUCCESS, 138
remove_player: SUCCESS
knockout_winner: SUCCESS, 17
knockout_winner: SUCCESS, 17
knockout_winner: SUCCESS, 8
knockout_winner: SUCCESS, 17
knockout_winner: INVALID_INPUT
add_player: FAILURE
get_team_points: SUCCESS, 5005
play_match: FAILURE
get_top_scorer: SUCCESS, 56
unite_teams: FAILURE
update_player_stats: SUCCESS
add_player: FAILURE
get_all_players_count: SUCCESS, 12
play_match: FAILURE
unite_teams: FAILURE
add_player: FAILURE
get_all_players_count: SUCCESS, 9
get_num_played_games: SUCCESS, 10383
knockout_winner: FAILURE
knockout_winner: SUCCESS, 17
knockout_winner: FAILURE
knockout_winner: SUCCESS, 17
knockout_winner: INVALID_INPUT
get_all_players_count: SUCCESS, 12
remove_team: FAILURE
get_all_players_count: SUCCESS, 9
get_all_players: SUCCESS
60
155
110
81
32
31
88
134
remove_player: SUCCESS
unite_teams: FAILURE
remove_team: FAILURE
get_all_players_count: SUCCESS, 8
play_match: FAILURE
get_team_points: SUCCESS, 75
add_team: FAILURE
add_player: FAILURE
get_all_players: SUCCESS
4
19
62
26
153
108
52
173
98
add_team: FAILURE
remove_team: FAILURE
remove_player: SUCCESS
unite_teams: FAILURE
update_player_stats: SUCCESS
get_all_players: SUCCESS
85
118
123
24
8
6
80
180
46
122
107
29
5
192
43
185
82
161
69
140
76
9
add_team: FAILURE
get_num_played_games: SUCCESS, 6424
update_player_stats: SUCCESS
add_player: FAILURE
get_all_players: SUCCESS
47
132
142
64
197
137
163
162
147
90
181
get_team_points: SUCCESS, 6138
get_all_players_count: SUCCESS, 12
get_all_players: SUCCESS
102
170
57
191
55
99
115
116
130
remove_team: FAILURE
get_num_played_games: SUCCESS, 12294
get_all_players_count: SUCCESS, 8
get_top_scorer: SUCCESS, 111
get_num_played_games: SUCCESS, 7190
get_top_scorer: SUCCESS, 178
knockout_winner: SUCCESS, 8
knockout_winner: SUCCESS, 17
knockout_winner: SUCCESS, 8
knockout_winner: SUCCESS, 17
knockout_winner: INVALID_INPUT
get_top_scorer: SUCCESS, 194
play_match: FAILURE
unite_teams: SUCCESS
unite_teams: INVALID_INPUT
get_top_scorer: SUCCESS, 138
get_all_players: SUCCESS
1
190
100
89
update_player_stats: SUCCESS
play_match: FAILURE
get_team_points: SUCCESS, 15851
get_all_players_count: SUCCESS, 10
unite_teams: FAILURE
add_team: FAILURE
get_all_players: SUCCESS
83
133
30
183
20
96
72
42
get_top_scorer: SUCCESS, 194
remove_team: FAILURE
get_closest_player: SUCCESS, 12
update_player_stats: SUCCESS
get_num_played_games: SUCCESS, 10044
get_closest_player: SUCCESS, 51
update_player_stats: SUCCESS
add_team: FAILURE
remove_team: FAILURE
get_all_players: SUCCESS
83
133
30
183
20
96
72
42
get_all_players_count: SUCCESS, 12
get_num_played_games: SUCCESS, 1144
knockout_winner: SUCCESS, 11
knockout_winner: SUCCESS, 11
knockout_winner: SUCCESS, 11
knockout_winner: SUCCESS, 17
knockout_winner: FAILURE
get_num_played_games: SUCCESS, 9395
remove_team: FAILURE
get_team_points: SUCCESS, 2282
play_match: SUCCESS
unite_teams: FAILURE
get_closest_player: SUCCESS, 176
get_all_players: SUCCESS
85
123
24
8
6
80
180
46
122
107
29
5
192
43
185
82
161
69
140
76
9
118
add_player: FAILURE
get_all_players: SUCCESS
102
170
57
191
55
99
115
116
130
get_all_players: SUCCESS
151
59
13
156
51
129
75
35
2
144
148
172
11
7
54
194
play_match: FAILURE
add_team: FAILURE
add_player: FAILURE
get_closest_player: SUCCESS, 29
play_match: SUCCESS
unite_teams: FAILURE
get_top_scorer: SUCCESS, 42
play_match: FAILURE
get_num_played_games: SUCCESS, 2674
add_team: FAILURE
remove_player: SUCCESS
play_match: FAILURE
add_player: FAILURE
play_match: FAILURE
get_top_scorer: SUCCESS, 42
play_match: SUCCESS
get_top_scorer: SUCCESS, 134
remove_team: FAILURE
play_match: FAILURE
get_all_players_count: SUCCESS, 6
add_team: FAILURE
play_match: FAILURE
get_top_scorer: SUCCESS, 194
remove_team: FAILURE
play_match: FAILURE
add_team: FAILURE
unite_teams: FAILURE
remove_player: SUCCESS
update_player_stats: SUCCESS
unite_teams: FAILURE
play_match: FAILURE
get_all_players: SUCCESS
92
49
15
109
106
87
94
196
187
73
159
28
add_player: FAILURE
get_top_scorer: SUCCESS, 138
remove_team: FAILURE
get_num_played_games: SUCCESS, 11477
remove_team: FAILURE
remove_team: FAILURE
add_team: FAILURE
knockout_winner: INVALID_INPUT
knockout_winner: SUCCESS, 15
knockout_winner: INVALID_INPUT
knockout_winner: INVALID_INPUT
knockout_winner: INVALID_INPUT
get_all_players: SUCCESS
27
16
166
125
38
37
143
157
101
25
131
138
get_num_played_games: SUCCESS, 10512
knockout_winner: SUCCESS, 11
knockout_winner: SUCCESS, 11
knockout_winner: FAILURE
knockout_winner: SUCCESS, 15
knockout_winner: INVALID_INPUT
get_all_players: SUCCESS
176
174
67
152
165
17
get_team_points: SUCCESS, 449
get_num_played_games: SUCCESS, 8565
add_player: FAILURE
get_top_scorer: SUCCESS, 181
update_player_stats: SUCCESS
unite_teams: FAILURE
get_all_players_count: SUCCESS, 8
update_player_stats: SUCCESS
remove_player: SUCCESS
play_match: FAILURE
get_closest_player: SUCCESS, 191
get_all_players_count: SUCCESS, 8
remove_team: FAILURE
play_match: FAILURE
get_all_players: SUCCESS
47
132
142
64
197
137
163
162
147
90
181
knockout_winner: FAILURE
knockout_winner: INVALID_INPUT
knockout_winner: INVALID_INPUT
knockout_winner: SUCCESS, 11
knockout_winner: INVALID_INPUT
get_closest_player: SUCCESS, 143
update_player_stats: SUCCESS
get_all_players: SUCCESS
102
170
57
191
55
99
115
130
116
update_player_stats: SUCCESS
get_top_scorer: SUCCESS, 42
get_team_points: SUCCESS, 2282
get_all_players: SUCCESS
4
19
62
153
52
108
173
98
26
remove_team: FAILURE
remove_team: FAILURE
get_all_players: SUCCESS
58
195
66
182
175
124
104
41
91
200
53
play_match: FAILURE
add_player: FAILURE
get_all_players_count: SUCCESS, 11
get_team_points: SUCCESS, 4872
add_player: FAILURE
get_team_points: SUCCESS, 15884
remove_player: SUCCESS
get_all_players_count: SUCCESS, 9
knockout_winner: SUCCESS, 17
knockout_winner: SUCCESS, 11
knockout_winner: SUCCESS, 11
knockout_winner: SUCCESS, 20
knockout_winner: INVALID_INPUT
unite_teams: FAILURE
get_all_players: SUCCESS
168
74
112
79
199
45
146
135
139
111
get_closest_player: SUCCESS, 70
get_all_players: SUCCESS
85
123
24
8
6
80
180
46
122
107
5
192
43
185
82
161
69
140
76
118
9
get_all_players_count: SUCCESS, 9
remove_player: SUCCESS
add_player: FAILURE
remove_team: FAILURE
knockout_winner: INVALID_INPUT
knockout_winner: SUCCESS, 15
knockout_winner: INVALID_INPUT
knockout_winner: INVALID_INPUT
knockout_winner: INVALID_INPUT
remove_team: FAILURE
update_player_stats: SUCCESS
remove_player: SUCCESS
add_team: FAILURE
update_player_stats: SUCCESS
add_player: FAILURE
get_team_points: SUCCESS, 6138
get_all_players: SUCCESS
189
40
63
97
103
77
188
39
play_match: FAILURE
get_closest_player: SUCCESS, 108
get_all_players_count: SUCCESS, 9
remove_team: FAILURE
get_all_players_count: SUCCESS, 4
update_player_stats: SUCCESS
add_player: FAILURE
get_team_points: SUCCESS, 11483
get_all_players: SUCCESS
176
174
67
152
165
17
get_num_played_games: SUCCESS, 6866
get_team_points: SUCCESS, 11483
get_team_points: SUCCESS, 11483
add_player: FAILURE
get_closest_player: SUCCESS, 72
remove_player: SUCCESS
get_all_players: SUCCESS
33
128
71
160
78
184
93
150
171
179
44
186
68
113
167
193
add_team: FAILURE
get_closest_player: SUCCESS, 35
get_team_points: SUCCESS, 5445
add_player: FAILURE
unite_teams: FAILURE
remove_player: SUCCESS
get_closest_player: SUCCESS, 4
add_team: FAILURE
remove_team: FAILURE
get_all_players: SUCCESS
27
16
166
38
37
143
157
101
25
131
138
get_closest_player: SUCCESS, 80
get_team_points: SUCCESS, 5054
get_all_players: SUCCESS
168
74
112
79
45
146
135
139
111
get_top_scorer: SUCCESS, 42
update_player_stats: SUCCESS
knockout_winner: SUCCESS, 11
knockout_winner: SUCCESS, 11
knockout_winner: SUCCESS, 2
knockout_winner: SUCCESS, 17
knockout_winner: INVALID_INPUT
knockout_winner: SUCCESS, 2
knockout_winner: INVALID_INPUT
knockout_winner: INVALID_INPUT
knockout_winner: SUCCESS, 11
knockout_winner: INVALID_INPUT
knockout_winner: SUCCESS, 17
knockout_winner: SUCCESS, 11
knockout_winner: SUCCESS, 11
knockout_winner: SUCCESS, 20
knockout_winner: INVALID_INPUT
get_team_points: SUCCESS, 5944
play_match: FAILURE
add_team: FAILURE
get_team_points: SUCCESS, 5054
get_all_players: SUCCESS
168
74
112
79
45
146
135
139
111
get_top_scorer: SUCCESS, 26
add_team: FAILURE
knockout_winner: FAILURE
knockout_winner: SUCCESS, 11
knockout_winner: SUCCESS, 8
knockout_winner: SUCCESS, 17
knockout_winner: INVALID_INPUT
get_closest_player: SUCCESS, 39
remove_player: SUCCESS
add_player: FAILURE
get_all_players_count: SUCCESS, 9
add_team: FAILURE
add_team: FAILURE
get_all_players: SUCCESS
14
141
95
70
23
158
169
105
136
84
48
177
154
145
164
get_num_played_games: SUCCESS, 10964
remove_team: FAILURE
add_team: FAILURE
get_all_players: SUCCESS
114
198
34
149
86
22
178
add_player: FAILURE
get_all_players: SUCCESS
189
40
63
97
103
77
188
39
get_all_players_count: SUCCESS, 11
unite_teams: FAILURE
add_player: FAILURE
get_team_points: SUCCESS, 7378
get_num_played_games: SUCCESS, 4246
get_num_played_games: SUCCESS, 9657
remove_team: FAILURE
knockout_winner: SUCCESS, 20
knockout_winner: SUCCESS, 17
knockout_winner: SUCCESS, 15
knockout_winner: FAILURE
knockout_winner: INVALID_INPUT
knockout_winner: INVALID_INPUT
knockout_winner: SUCCESS, 11
knockout_winner: INVALID_INPUT
knockout_winner: INVALID_INPUT
knockout_winner: INVALID_INPUT
update_player_stats: SUCCESS
add_team: FAILURE
remove_player: SUCCESS
get_num_played_games: SUCCESS, 4076
knockout_winner: SUCCESS, 8
knockout_winner: SUCCESS, 11
knockout_winner: FAILURE
knockout_winner: FAILURE
knockout_winner: INVALID_INPUT
get_all_players_count: SUCCESS, 8
get_all_players_count: SUCCESS, 16
add_team: FAILURE
knockout_winner: SUCCESS, 11
knockout_winner: SUCCESS, 11
knockout_winner: SUCCESS, 8
knockout_winner: SUCCESS, 17
knockout_winner: INVALID_INPUT
add_player: FAILURE
get_closest_player: SUCCESS, 44
play_match: FAILURE
unite_teams: FAILURE
get_all_players_count: SUCCESS, 16
update_player_stats: SUCCESS
get_all_players_count: SUCCESS, 7
get_team_points: SUCCESS, 8221
get_num_played_games: SUCCESS, 8692
unite_teams: FAILURE
remove_team: FAILURE
get_top_scorer: SUCCESS, 17
get_all_players_count: SUCCESS, 7
get_all_players_count: SUCCESS, 20
unite_teams: FAILURE
get_top_scorer: SUCCESS, 138
get_closest_player: SUCCESS, 162
get_all_players_count: SUCCESS, 9
unite_teams: FAILURE
get_all_players_count: SUCCESS, 7
add_player: FAILURE
play_match: FAILURE
play_match: SUCCESS
remove_team: FAILURE
add_team: FAILURE
add_team: FAILURE
update_player_stats: SUCCESS
get_team_points: SUCCESS, 6138
play_match: FAILURE
unite_teams: FAILURE
knockout_winner: INVALID_INPUT
knockout_winner: FAILURE
knockout_winner: INVALID_INPUT
knockout_winner: INVALID_INPUT
knockout_winner: INVALID_INPUT
get_all_players_count: SUCCESS, 16
add_team: FAILURE
unite_teams: FAILURE
knockout_winner: SUCCESS, 11
knockout_winner: SUCCESS, 11
knockout_winner: SUCCESS, 8
knockout_winner: SUCCESS, 17
knockout_winner: INVALID_INPUT
get_closest_player: SUCCESS, 196
get_closest_player: SUCCESS, 192
remove_player: SUCCESS
unite_teams: FAILURE
unite_teams: FAILURE
play_match: FAILURE
add_team: FAILURE
get_top_scorer: SUCCESS, 39
get_team_points: SUCCESS, 11492
get_top_scorer: SUCCESS, 26
knockout_winner: FAILURE
knockout_winner: SUCCESS, 11
knockout_winner: SUCCESS, 8
knockout_winner: SUCCESS, 17
knockout_winner: INVALID_INPUT
update_player_stats: SUCCESS
update_player_stats: SUCCESS
get_all_players: SUCCESS
1
190
100
89
unite_teams: FAILURE
knockout_winner: SUCCESS, 11
knockout_winner: INVALID_INPUT
knockout_winner: INVALID_INPUT
knockout_winner: SUCCESS, 11
knockout_winner: SUCCESS, 11
get_top_scorer: SUCCESS, 178
remove_player: SUCCESS
remove_team: FAILURE
add_team: FAILURE
get_closest_player: SUCCESS, 112
get_all_players_count: SUCCESS, 7
remove_player: SUCCESS
get_all_players_count: SUCCESS, 11
get_all_players: SUCCESS
85
123
24
8
6
180
46
122
80
107
5
192
43
185
82
161
69
140
118
9
update_player_stats: SUCCESS
get_closest_player: SUCCESS, 96
remove_player: SUCCESS
get_top_scorer: SUCCESS, 53
get_top_scorer: SUCCESS, 178
unite_teams: FAILURE
remove_team: FAILURE
remove_team: FAILURE
remove_team: FAILURE
remove_player: SUCCESS
add_player: FAILURE
update_player_stats: SUCCESS
get_team_points: SUCCESS, 6138
add_team: FAILURE
get_all_players_count: SUCCESS, 4
get_all_players: SUCCESS
60
110
81
32
31
88
134
get_num_played_games: SUCCESS, 7175
add_player: FAILURE
update_player_stats: SUCCESS
add_player: FAILURE
get_all_players_count: SUCCESS, 11
play_match: FAILURE
unite_teams: FAILURE
get_all_players: SUCCESS
47
132
142
64
197
147
162
90
181
get_team_points: SUCCESS, 7378
knockout_winner: INVALID_INPUT
knockout_winner: SUCCESS, 11
knockout_winner: INVALID_INPUT
knockout_winner: INVALID_INPUT
knockout_winner: INVALID_INPUT
unite_teams: FAILURE
get_all_players: SUCCESS
85
123
24
8
6
180
46
122
80
107
5
192
43
185
82
161
69
140
118
9
knockout_winner: SUCCESS, 9
knockout_winner: SUCCESS, 11
knockout_winner: SUCCESS, 1
knockout_winner: SUCCESS, 11
knockout_winner: INVALID_INPUT
add_player: FAILURE
unite_teams: FAILURE
remove_team: FAILURE
get_top_scorer: SUCCESS, 178
get_all_players_count: SUCCESS, 7
get_all_players_count: SUCCESS, 16
get_all_players: SUCCESS
189
40
63
97
103
77
188
39
add_player: FAILURE
remove_team: FAILURE
get_all_players: SUCCESS
121
65
12
119
21
126
50
120
117
unite_teams: FAILURE
get_closest_player: SUCCESS, 94
knockout_winner: SUCCESS, 11
knockout_winner: SUCCESS, 11
knockout_winner: FAILURE
knockout_winner: FAILURE
knockout_winner: INVALID_INPUT
update_player_stats: SUCCESS
update_player_stats: SUCCESS
update_player_stats: SUCCESS
get_num_played_games: SUCCESS, 12253
update_player_stats: SUCCESS
update_player_stats: SUCCESS
remove_player: SUCCESS
add_player: FAILURE
get_closest_player: SUCCESS, 95
get_team_points: SUCCESS, 1911
remove_player: SUCCESS
get_top_scorer: SUCCESS, 94
play_match: FAILURE
knockout_winner: INVALID_INPUT
knockout_winner: FAILURE
knockout_winner: INVALID_INPUT
knockout_winner: INVALID_INPUT
knockout_winner: INVALID_INPUT
get_top_scorer: SUCCESS, 53
get_team_points: SUCCESS, 5445
get_all_players_count: SUCCESS, 7
get_top_scorer: SUCCESS, 53
play_match: FAILURE
add_player: FAILURE
get_all_players: SUCCESS
151
59
13
156
51
129
75
35
2
144
148
172
11
7
54
194
get_num_played_games: SUCCESS, 6578
get_all_players_count: SUCCESS, 4
add_team: FAILURE
get_all_players: SUCCESS
60
110
81
32
31
88
134
add_team: FAILURE
get_all_players_count: SUCCESS, 5
get_num_played_games: SUCCESS, 13761
get_closest_player: SUCCESS, 191
remove_player: SUCCESS
play_match: FAILURE
get_team_points: SUCCESS, 16013
get_top_scorer: SUCCESS, 116
update_player_stats: SUCCESS
get_team_points: SUCCESS, 75
get_team_points: SUCCESS, 5054
add_team: FAILURE
knockout_winner: SUCCESS, 11
knockout_winner: SUCCESS, 11
knockout_winner: FAILURE
knockout_winner: SUCCESS, 15
knockout_winner: INVALID_INPUT
get_team_points: SUCCESS, 5962
add_player: FAILURE
get_num_played_games: SUCCESS, 1893
remove_team: FAILURE
remove_player: SUCCESS
play_match: FAILURE
get_num_played_games: SUCCESS, 6776
get_team_points: SUCCESS, 5394
knockout_winner: SUCCESS, 9
knockout_winner: INVALID_INPUT
knockout_winner: INVALID_INPUT
knockout_winner: SUCCESS, 11
knockout_winner: INVALID_INPUT
remove_player: SUCCESS
get_closest_player: SUCCESS, 101
get_top_scorer: SUCCESS, 116
get_top_scorer: SUCCESS, 161
get_team_points: SUCCESS, 11492
knockout_winner: SUCCESS, 11
knockout_winner: SUCCESS, 11
knockout_winner: SUCCESS, 11
knockout_winner: SUCCESS, 17
knockout_winner: FAILURE
get_team_points: SUCCESS, 5445
knockout_winner: SUCCESS, 9
knockout_winner: SUCCESS, 11
knockout_winner: FAILURE
knockout_winner: FAILURE
knockout_winner: INVALID_INPUT
get_team_points: SUCCESS, 16043
knockout_winner: FAILURE
knockout_winner: SUCCESS, 11
knockout_winner: FAILURE
knockout_winner: FAILURE
knockout_winner: INVALID_INPUT
play_match: FAILURE
update_player_stats: SUCCESS
get_team_points: SUCCESS, 1911
update_player_stats: SUCCESS
unite_teams: FAILURE
unite_teams: FAILURE
get_all_players_count: SUCCESS, 16
knockout_winner: INVALID_INPUT
knockout_winner: FAILURE
knockout_winner: INVALID_INPUT
knockout_winner: INVALID_INPUT
knockout_winner: INVALID_INPUT
add_player: FAILURE
update_player_stats: SUCCESS
get_top_scorer: SUCCESS, 94
get_all_players: SUCCESS
1
190
100
89
get_num_played_games: SUCCESS, 1146
update_player_stats: SUCCESS
play_match: FAILURE
get_team_points: SUCCESS, 5394
get_all_players_count: SUCCESS, 16
remove_player: SUCCESS
update_player_stats: SUCCESS
get_all_players: SUCCESS
174
67
152
165
17
remove_player: SUCCESS
remove_team: FAILURE
get_all_players: SUCCESS
189
40
63
97
103
77
188
39
get_closest_player: SUCCESS, 50
remove_team: FAILURE
update_player_stats: SUCCESS
get_top_scorer: SUCCESS, 13
get_all_players: SUCCESS
60
110
81
32
31
88
134
update_player_stats: SUCCESS
add_team: FAILURE
add_team: FAILURE
get_all_players: SUCCESS
198
34
149
22
114
178
86
remove_team: FAILURE
update_player_stats: SUCCESS
add_team: FAILURE
update_player_stats: SUCCESS
knockout_winner: SUCCESS, 11
knockout_winner: INVALID_INPUT
knockout_winner: INVALID_INPUT
knockout_winner: SUCCESS, 11
knockout_winner: SUCCESS, 9
unite_teams: FAILURE
remove_player: SUCCESS
unite_teams: INVALID_INPUT
play_match: FAILURE
unite_teams: FAILURE
get_all_players_count: SUCCESS, 13
knockout_winner: FAILURE
knockout_winner: SUCCESS, 17
knockout_winner: FAILURE
knockout_winner: FAILURE
knockout_winner: INVALID_INPUT
play_match: SUCCESS
get_team_points: SUCCESS, 16055
update_player_stats: SUCCESS
get_closest_player: SUCCESS, 11
update_player_stats: SUCCESS
get_all_players_count: SUCCESS, 19
update_player_stats: SUCCESS
knockout_winner: INVALID_INPUT
knockout_winner: SUCCESS, 11
knockout_winner: INVALID_INPUT
knockout_winner: INVALID_INPUT
knockout_winner: INVALID_INPUT
get_top_scorer: SUCCESS, 164
add_team: FAILURE
remove_team: FAILURE
knockout_winner: INVALID_INPUT
knockout_winner: FAILURE
knockout_winner: INVALID_INPUT
knockout_winner: INVALID_INPUT
knockout_winner: INVALID_INPUT
get_top_scorer: SUCCESS, 162
play_match: FAILURE
get_all_players_count: SUCCESS, 7
play_match: FAILURE
add_team: FAILURE
play_match: FAILURE
remove_player: SUCCESS
get_num_played_games: SUCCESS, 11264
get_all_players_count: SUCCESS, 13
update_player_stats: SUCCESS
remove_player: SUCCESS
get_team_points: SUCCESS, 5445
knockout_winner: INVALID_INPUT
knockout_winner: FAILURE
knockout_winner: INVALID_INPUT
knockout_winner: INVALID_INPUT
knockout_winner: INVALID_INPUT
remove_team: FAILURE
play_match: FAILURE
update_player_stats: SUCCESS
get_closest_player: SUCCESS, 92
add_player: FAILURE
get_team_points: SUCCESS, 11575
get_num_played_games: SUCCESS, 5080
play_match: FAILURE
add_player: FAILURE
get_closest_player: SUCCESS, 100
unite_teams: FAILURE
add_player: FAILURE
get_team_points: SUCCESS, 11575
get_closest_player: SUCCESS, 164
get_all_players: SUCCESS
102
170
57
191
55
99
115
130
116
knockout_winner: FAILURE
knockout_winner: SUCCESS, 11
knockout_winner: SUCCESS, 9
knockout_winner: SUCCESS, 20
knockout_winner: INVALID_INPUT
get_num_played_games: SUCCESS, 5965
update_player_stats: SUCCESS
remove_player: SUCCESS
remove_team: FAILURE
add_player: FAILURE
remove_team: FAILURE
add_player: FAILURE
knockout_winner: INVALID_INPUT
knockout_winner: SUCCESS, 11
knockout_winner: INVALID_INPUT
knockout_winner: INVALID_INPUT
knockout_winner: INVALID_INPUT
get_all_players_count: SUCCESS, 9
get_num_played_games: SUCCESS, 723
update_player_stats: SUCCESS
play_match: FAILURE
update_player_stats: SUCCESS
get_team_points: SUCCESS, 1657
get_top_scorer: SUCCESS, 193
get_num_played_games: SUCCESS, 1209
get_team_points: SUCCESS, 11575
unite_teams: FAILURE
play_match: FAILURE
get_all_players_count: SUCCESS, 9
remove_player: SUCCESS
get_all_players: SUCCESS
83
30
20
96
133
72
42
add_player: FAILURE
add_team: FAILURE
get_all_players_count: SUCCESS, 9
get_closest_player: SUCCESS, 45
get_all_players_count: SUCCESS, 7
remove_player: SUCCESS
unite_teams: FAILURE
knockout_winner: INVALID_INPUT
knockout_winner: FAILURE
knockout_winner: INVALID_INPUT
knockout_winner: INVALID_INPUT
knockout_winner: INVALID_INPUT
remove_team: FAILURE
add_team: FAILURE
get_all_players: SUCCESS
102
170
57
191
55
99
115
130
116
unite_teams: INVALID_INPUT
get_all_players: SUCCESS
92
49
109
106
87
187
196
73
159
94
15
add_team: FAILURE
play_match: FAILURE
knockout_winner: SUCCESS, 1
knockout_winner: INVALID_INPUT
knockout_winner: INVALID_INPUT
knockout_winner: SUCCESS, 9
knockout_winner: INVALID_INPUT
add_player: FAILURE
add_player: FAILURE
get_closest_player: SUCCESS, 40
play_match: FAILURE
remove_team: FAILURE
add_team: FAILURE
remove_team: FAILURE
get_all_players_count: SUCCESS, 9
get_team_points: SUCCESS, 485
get_closest_player: SUCCESS, 100
get_all_players_count: SUCCESS, 5
unite_teams: FAILURE
add_player: FAILURE
get_num_played_games: SUCCESS, 8692
get_team_points: SUCCESS, 5977
unite_teams: FAILURE
get_top_scorer: SUCCESS, 138
get_num_played_games: SUCCESS, 5530
get_all_players: SUCCESS
60
110
81
32
31
88
134
get_all_players_count: SUCCESS, 7
remove_team: FAILURE
add_player: FAILURE
get_closest_player: SUCCESS, 170
add_player: FAILURE
get_num_played_games: SUCCESS, 12217
remove_player: SUCCESS
play_match: FAILURE
add_player: FAILURE
add_team: FAILURE
get_all_players_count: SUCCESS, 9
get_top_scorer: SUCCESS, 193
unite_teams: FAILURE
knockout_winner: SUCCESS, 11
knockout_winner: SUCCESS, 11
knockout_winner: SUCCESS, 11
knockout_winner: SUCCESS, 17
knockout_winner: FAILURE
get_all_players: SUCCESS
59
156
51
129
75
2
35
144
148
172
11
7
54
194
13
unite_teams: FAILURE
get_num_played_games: SUCCESS, 9771
get_all_players_count: SUCCESS, 9
get_num_played_games: SUCCESS, 2179
get_all_players_count: SUCCESS, 9
get_top_scorer: SUCCESS, 193
get_all_players: SUCCESS
121
65
12
21
126
119
50
120
117
remove_team: FAILURE
add_player: FAILURE
remove_player: SUCCESS
remove_player: SUCCESS
get_num_played_games: SUCCESS, 11010
get_num_played_games: SUCCESS, 12462
play_match: FAILURE
remove_player: SUCCESS
unite_teams: FAILURE
knockout_winner: SUCCESS, 11
knockout_winner: SUCCESS, 11
knockout_winner: FAILURE
knockout_winner: FAILURE
knockout_winner: INVALID_INPUT
get_all_players_count: SUCCESS, 7
get_num_played_games: SUCCESS, 5744
get_all_players_count: SUCCESS, 15
play_match: FAILURE
update_player_stats: SUCCESS
unite_teams: SUCCESS
get_num_played_games: SUCCESS, 853
remove_player: SUCCESS
remove_team: FAILURE
update_player_stats: SUCCESS
play_match: FAILURE
add_team: FAILURE
remove_team: FAILURE
get_all_players: SUCCESS
58
14
141
70
23
158
182
105
136
84
195
91
177
124
145
164
66
104
53
200
remove_player: SUCCESS
play_match: SUCCESS
add_team: FAILURE
add_team: FAILURE
update_player_stats: SUCCESS
update_player_stats: SUCCESS
get_all_players: SUCCESS
49
109
106
87
187
196
159
94
73
15
add_player: FAILURE
get_top_scorer: SUCCESS, 134
add_player: FAILURE
remove_team: FAILURE
unite_teams: SUCCESS
unite_teams: FAILURE
get_top_scorer: SUCCESS, 39
get_team_points: SUCCESS, 5986
add_player: FAILURE
remove_team: FAILURE
get_all_players: SUCCESS
121
12
21
126
65
119
60
110
50
120
81
32
117
31
88
134
get_team_points: SUCCESS, 5394
get_top_scorer: SUCCESS, 26
add_player: FAILURE
get_all_players_count: SUCCESS, 7
update_player_stats: SUCCESS
add_player: FAILURE
remove_team: FAILURE
update_player_stats: SUCCESS
get_closest_player: SUCCESS, 97
play_match: FAILURE
get_num_played_games: SUCCESS, 18083
get_top_scorer: SUCCESS, 42
play_match: INVALID_INPUT
play_match: FAILURE
remove_team: FAILURE
remove_team: FAILURE
play_match: FAILURE
play_match: FAILURE
remove_player: SUCCESS
remove_team: FAILURE
add_team: FAILURE
get_top_scorer: SUCCESS, 26
get_closest_player: SUCCESS, 140
get_all_players_count: SUCCESS, 7
get_all_players_count: SUCCESS, 3
remove_player: SUCCESS
get_all_players_count: SUCCESS, 7
add_player: FAILURE
remove_player: SUCCESS
update_player_stats: SUCCESS
get_all_players: SUCCESS
85
123
6
46
122
80
107
24
192
43
185
82
69
140
118
9
161
get_closest_player: SUCCESS, 35
unite_teams: INVALID_INPUT
remove_team: FAILURE
unite_teams: FAILURE
get_top_scorer: SUCCESS, 15
remove_player: SUCCESS
get_num_played_games: SUCCESS, 16703
get_closest_player: SUCCESS, 39
get_top_scorer: SUCCESS, 26
get_num_played_games: SUCCESS, 14645
get_top_scorer: SUCCESS, 162
get_all_players: SUCCESS
49
109
106
87
187
196
159
94
73
15
get_top_scorer: SUCCESS, 39
add_team: FAILURE
get_top_scorer: SUCCESS, 39
update_player_stats: SUCCESS
unite_teams: INVALID_INPUT
play_match: FAILURE
remove_player: SUCCESS
get_team_points: SUCCESS, 8861
add_player: FAILURE
get_team_points: SUCCESS, 2282
get_top_scorer: SUCCESS, 9
get_closest_player: SUCCESS, 97
add_player: FAILURE
get_num_played_games: SUCCESS, 8202
remove_player: SUCCESS
get_all_players_count: SUCCESS, 15
add_team: FAILURE
remove_team: FAILURE
unite_teams: SUCCESS
get_num_played_games: SUCCESS, 8410
get_team_points: SUCCESS, 1657
get_top_scorer: SUCCESS, 193
add_team: FAILURE
remove_player: SUCCESS
get_team_points: SUCCESS, 11575
play_match: FAILURE
play_match: FAILURE
get_num_played_games: SUCCESS, 455
get_closest_player: SUCCESS, 12
get_closest_player: SUCCESS, 51
knockout_winner: SUCCESS, 17
knockout_winner: SUCCESS, 11
knockout_winner: SUCCESS, 11
knockout_winner: SUCCESS, 20
knockout_winner: INVALID_INPUT
add_team: FAILURE
get_all_players: SUCCESS
62
174
67
152
153
165
52
108
17
173
98
26
remove_team: FAILURE
get_closest_player: SUCCESS, 110
remove_player: SUCCESS
play_match: FAILURE
get_all_players_count: SUCCESS, 14
get_all_players: SUCCESS
189
63
97
103
188
39
get_team_points: SUCCESS, 10448
add_team: FAILURE
add_player: FAILURE
remove_team: FAILURE
unite_teams: SUCCESS
get_num_played_games: SUCCESS, 3789
play_match: FAILURE
knockout_winner: SUCCESS, 3
knockout_winner: INVALID_INPUT
knockout_winner: INVALID_INPUT
knockout_winner: FAILURE
knockout_winner: INVALID_INPUT
knockout_winner: SUCCESS, 13
knockout_winner: SUCCESS, 13
knockout_winner: SUCCESS, 9
knockout_winner: SUCCESS, 17
knockout_winner: INVALID_INPUT
remove_player: SUCCESS
play_match: FAILURE
update_player_stats: SUCCESS
get_all_players_count: SUCCESS, 9
add_player: FAILURE
get_top_scorer: SUCCESS, 193
unite_teams: FAILURE
get_team_points: SUCCESS, 11575
update_player_stats: SUCCESS
get_team_points: SUCCESS, 23739
knockout_winner: SUCCESS, 13
knockout_winner: SUCCESS, 13
knockout_winner: FAILURE
knockout_winner: FAILURE
knockout_winner: INVALID_INPUT
add_team: FAILURE
play_match: FAILURE
add_team: FAILURE
get_top_scorer: SUCCESS, 138
play_match: SUCCESS
add_team: FAILURE
play_match: FAILURE
remove_team: FAILURE
add_team: FAILURE
get_all_players_count: SUCCESS, 15
get_all_players: SUCCESS
33
71
49
160
78
184
128
109
106
171
87
186
187
68
44
196
113
179
167
159
93
94
73
15
193
remove_player: SUCCESS
get_top_scorer: SUCCESS, 9
get_top_scorer: SUCCESS, 162
get_all_players: SUCCESS
62
174
67
152
153
165
52
108
17
173
98
26
update_player_stats: SUCCESS
add_player: FAILURE
get_all_players: SUCCESS
121
12
21
65
119
60
110
50
120
81
32
117
31
88
134
play_match: SUCCESS
knockout_winner: FAILURE
knockout_winner: SUCCESS, 13
knockout_winner: FAILURE
knockout_winner: SUCCESS, 20
knockout_winner: INVALID_INPUT
get_closest_player: SUCCESS, 173
get_closest_player: SUCCESS, 13
add_player: FAILURE
unite_teams: FAILURE
unite_teams: FAILURE
add_team: FAILURE
unite_teams: SUCCESS
play_match: SUCCESS
get_num_played_games: SUCCESS, 10967
add_player: FAILURE
get_closest_player: SUCCESS, 178
get_all_players_count: SUCCESS, 15
get_num_played_games: SUCCESS, 3319
get_all_players_count: SUCCESS, 12
get_team_points: SUCCESS, 4872
get_team_points: SUCCESS, 6138
add_team: FAILURE
add_team: FAILURE
remove_player: SUCCESS
knockout_winner: SUCCESS, 20
knockout_winner: SUCCESS, 17
knockout_winner: SUCCESS, 15
knockout_winner: FAILURE
knockout_winner: INVALID_INPUT
get_all_players_count: SUCCESS, 3
get_closest_player: SUCCESS, 194
unite_teams: FAILURE
get_all_players: SUCCESS
121
12
21
65
119
60
110
50
120
81
32
117
31
88
134
get_top_scorer: SUCCESS, 116
play_match: FAILURE
add_team: FAILURE
add_team: FAILURE
get_all_players_count: SUCCESS, 9
update_player_stats: SUCCESS
play_match: INVALID_INPUT
get_all_players_count: SUCCESS, 3
get_all_players: SUCCESS
16
166
30
20
101
133
25
131
42
138
157
knockout_winner: SUCCESS, 20
knockout_winner: SUCCESS, 17
knockout_winner: SUCCESS, 13
knockout_winner: FAILURE
knockout_winner: INVALID_INPUT
play_match: INVALID_INPUT
get_all_players_count: SUCCESS, 15
get_team_points: SUCCESS, 1911
remove_team: FAILURE
remove_team: FAILURE
unite_teams: SUCCESS
add_player: FAILURE
get_closest_player: SUCCESS, 34
get_closest_player: SUCCESS, 200
get_num_played_games: SUCCESS, 13720
remove_player: SUCCESS
remove_player: SUCCESS
get_closest_player: SUCCESS, 97
knockout_winner: INVALID_INPUT
knockout_winner: INVALID_INPUT
knockout_winner: INVALID_INPUT
knockout_winner: INVALID_INPUT
knockout_winner: INVALID_INPUT
add_team: FAILURE
update_player_stats: SUCCESS
get_closest_player: SUCCESS, 178
update_player_stats: SUCCESS
get_all_players_count: SUCCESS, 15
get_num_played_games: SUCCESS, 5626
get_all_players: SUCCESS
198
34
22
114
178
86
get_closest_player: SUCCESS, 21
get_all_players_count: SUCCESS, 20
add_team: FAILURE
get_all_players: SUCCESS
198
34
22
114
178
86
get_top_scorer: SUCCESS, 116
play_match: FAILURE
get_all_players: SUCCESS
16
166
30
20
101
133
25
131
42
138
157
get_all_players_count: SUCCESS, 6
get_all_players: SUCCESS
198
34
22
114
178
86
get_all_players_count: SUCCESS, 14
get_top_scorer: SUCCESS, 116
knockout_winner: INVALID_INPUT
knockout_winner: SUCCESS, 17
knockout_winner: INVALID_INPUT
knockout_winner: INVALID_INPUT
knockout_winner: INVALID_INPUT
get_closest_player: SUCCESS, 49
get_all_players: SUCCESS
132
142
197
90
181
162
add_player: FAILURE
remove_player: SUCCESS
get_all_players: SUCCESS
102
170
57
191
55
99
115
130
116
get_team_points: SUCCESS, 6013
get_top_scorer: SUCCESS, 100
remove_player: SUCCESS
update_player_stats: SUCCESS
knockout_winner: INVALID_INPUT
knockout_winner: SUCCESS, 17
knockout_winner: INVALID_INPUT
knockout_winner: INVALID_INPUT
knockout_winner: INVALID_INPUT
play_match: FAILURE
get_num_played_games: SUCCESS, 5080
get_team_points: SUCCESS, 23739
add_player: FAILURE
remove_team: FAILURE
add_player: FAILURE
add_team: FAILURE
unite_teams: FAILURE
get_num_played_games: SUCCESS, 10702
unite_teams: FAILURE
get_top_scorer: SUCCESS, 134
get_top_scorer: SUCCESS, 54
remove_player: SUCCESS
add_player: FAILURE
unite_teams: FAILURE
knockout_winner: INVALID_INPUT
knockout_winner: INVALID_INPUT
knockout_winner: INVALID_INPUT
knockout_winner: INVALID_INPUT
knockout_winner: INVALID_INPUT
add_player: FAILURE
get_all_players_count: SUCCESS, 14
play_match: FAILURE
get_closest_player: SUCCESS, 91
update_player_stats: SUCCESS
play_match: INVALID_INPUT
add_player: FAILURE
get_closest_player: SUCCESS, 58
get_num_played_games: SUCCESS, 6064
get_top_scorer: SUCCESS, 116
remove_player: SUCCESS
get_top_scorer: SUCCESS, 39
add_player: FAILURE
get_all_players_count: SUCCESS, 6
get_num_played_games: SUCCESS, 10967
remove_player: SUCCESS
update_player_stats: SUCCESS
remove_team: FAILURE
knockout_winner: INVALID_INPUT
knockout_winner: INVALID_INPUT
knockout_winner: INVALID_INPUT
knockout_winner: INVALID_INPUT
knockout_winner: INVALID_INPUT
update_player_stats: SUCCESS
get_num_played_games: SUCCESS, 11091
remove_player: SUCCESS
remove_player: SUCCESS
get_closest_player: SUCCESS, 152
get_closest_player: SUCCESS, 12
add_player: FAILURE
get_num_played_games: SUCCESS, 24187
get_closest_player: SUCCESS, 78
remove_team: FAILURE
get_num_played_games: SUCCESS, 7824
remove_team: FAILURE
get_all_players_count: SUCCESS, 18
get_all_players: SUCCESS
132
142
197
90
181
162
remove_player: SUCCESS
unite_teams: FAILURE
get_team_points: SUCCESS, 12856
add_player: FAILURE
update_player_stats: SUCCESS
add_team: FAILURE
play_match: FAILURE
get_all_players_count: SUCCESS, 36
update_player_stats: SUCCESS
play_match: FAILURE
get_all_players: SUCCESS
62
67
152
153
165
174
52
108
17
98
26
173
add_team: FAILURE
get_num_played_games: SUCCESS, 1893
update_player_stats: SUCCESS
play_match: INVALID_INPUT
remove_player: SUCCESS
update_player_stats: SUCCESS
get_top_scorer: SUCCESS, 54
remove_player: SUCCESS
add_player: FAILURE
get_num_played_games: SUCCESS, 17990
get_top_scorer: SUCCESS, 173
add_player: FAILURE
update_player_stats: SUCCESS
add_team: FAILURE
remove_team: FAILURE
get_all_players_count: SUCCESS, 14
get_num_played_games: SUCCESS, 4273
get_num_played_games: SUCCESS, 10702
get_num_played_games: SUCCESS, 10167
get_top_scorer: SUCCESS, 86
get_top_scorer: SUCCESS, 54
remove_player: SUCCESS
unite_teams: FAILURE
get_all_players: SUCCESS
62
67
153
165
174
52
108
17
98
26
173
get_all_players: SUCCESS
121
12
21
65
119
60
110
50
120
81
32
31
88
117
get_num_played_games: SUCCESS, 728
get_num_played_games: SUCCESS, 5746
add_player: FAILURE
get_all_players: SUCCESS
121
12
21
65
119
60
110
50
120
81
32
31
88
117
remove_player: SUCCESS
remove_team: FAILURE
add_team: FAILURE
remove_player: SUCCESS
add_team: FAILURE
add_player: FAILURE
unite_teams: FAILURE
update_player_stats: SUCCESS
get_all_players_count: SUCCESS, 5
update_player_stats: SUCCESS
remove_team: FAILURE
get_num_played_games: SUCCESS, 2692
add_player: FAILURE
remove_team: FAILURE
get_all_players: SUCCESS
16
166
20
101
25
131
138
30
157
play_match: FAILURE
remove_team: FAILURE
remove_team: FAILURE
remove_player: SUCCESS
update_player_stats: SUCCESS
get_all_players: SUCCESS
166
20
101
25
131
138
30
157
get_num_played_games: SUCCESS, 6974
get_team_points: SUCCESS, 12856
knockout_winner: SUCCESS, 17
knockout_winner: SUCCESS, 13
knockout_winner: SUCCESS, 13
knockout_winner: FAILURE
knockout_winner: INVALID_INPUT
get_num_played_games: SUCCESS, 2180
add_player: FAILURE
unite_teams: FAILURE
add_team: FAILURE
unite_teams: FAILURE
get_num_played_games: SUCCESS, 10234
remove_player: SUCCESS
add_player: FAILURE
add_player: FAILURE
unite_teams: SUCCESS
add_team: FAILURE
get_all_players_count: SUCCESS, 9
add_player: FAILURE
remove_player: SUCCESS
play_match: INVALID_INPUT
get_team_points: SUCCESS, 8221
get_num_played_games: SUCCESS, 2123
unite_teams: SUCCESS
add_player: FAILURE
knockout_winner: SUCCESS, 13
knockout_winner: SUCCESS, 1
knockout_winner: SUCCESS, 1
knockout_winner: SUCCESS, 13
knockout_winner: FAILURE
update_player_stats: SUCCESS
update_player_stats: SUCCESS
update_player_stats: SUCCESS
add_team: FAILURE
remove_team: FAILURE
get_top_scorer: SUCCESS, 193
update_player_stats: SUCCESS
get_top_scorer: SUCCESS, 39
remove_player: SUCCESS
remove_player: SUCCESS
remove_player: SUCCESS
remove_player: SUCCESS
remove_player: SUCCESS
remove_player: SUCCESS
remove_player: SUCCESS
remove_player: SUCCESS
remove_player: SUCCESS
remove_player: SUCCESS
remove_player: SUCCESS
remove_player: SUCCESS
remove_player: SUCCESS
remove_player: SUCCESS
remove_player: SUCCESS
remove_player: SUCCESS
remove_player: SUCCESS
remove_player: SUCCESS
remove_player: SUCCESS
remove_player: SUCCESS
remove_player: SUCCESS
remove_player: SUCCESS
remove_player: SUCCESS
remove_player: SUCCESS
remove_player: SUCCESS
remove_player: SUCCESS
remove_player: SUCCESS
remove_player: SUCCESS
remove_player: SUCCESS
remove_player: SUCCESS
remove_player: SUCCESS
remove_player: SUCCESS
remove_player: SUCCESS
remove_player: SUCCESS
remove_player: SUCCESS
remove_player: SUCCESS
remove_player: SUCCESS
remove_player: SUCCESS
remove_player: SUCCESS
remove_player: SUCCESS
remove_player: SUCCESS
remove_player: SUCCESS
remove_player: SUCCESS
remove_player: SUCCESS
remove_player: SUCCESS
remove_player: SUCCESS
remove_player: SUCCESS
remove_player: SUCCESS
remove_player: SUCCESS
remove_player: SUCCESS
remove_player: SUCCESS
remove_player: SUCCESS
remove_player: SUCCESS
remove_player: SUCCESS
remove_player: SUCCESS
remove_player: SUCCESS
remove_player: SUCCESS
remove_player: SUCCESS
remove_player: SUCCESS
remove_player: SUCCESS
remove_player: SUCCESS
remove_player: SUCCESS
remove_player: SUCCESS
remove_player: SUCCESS
remove_player: SUCCESS
remove_player: SUCCESS
remove_player: SUCCESS
remove_player: SUCCESS
remove_player: SUCCESS
remove_player: SUCCESS
remove_player: SUCCESS
remove_player: SUCCESS
remove_player: SUCCESS
remove_player: SUCCESS
remove_player: SUCCESS
remove_player: SUCCESS
remove_player: SUCCESS
remove_player: SUCCESS
remove_player: SUCCESS
remove_player: SUCCESS
remove_player: SUCCESS
remove_player: SUCCESS
remove_player: SUCCESS
remove_player: SUCCESS
remove_player: SUCCESS
remove_player: SUCCESS
remove_player: SUCCESS
remove_player: SUCCESS
remove_player: SUCCESS
remove_player: SUCCESS
remove_player: SUCCESS
remove_player: SUCCESS
remove_player: SUCCESS
remove_player: SUCCESS
remove_player: SUCCESS
remove_player: SUCCESS
remove_player: SUCCESS
remove_player: SUCCESS
remove_player: SUCCESS
remove_player: SUCCESS
remove_player: SUCCESS
remove_player: SUCCESS
remove_player: SUCCESS
remove_player: SUCCESS
remove_player: SUCCESS
remove_player: SUCCESS
remove_player: SUCCESS
remove_player: SUCCESS
remove_player: SUCCESS
remove_player: SUCCESS
remove_player: SUCCESS
remove_player: SUCCESS
remove_player: SUCCESS
remove_player: SUCCESS
remove_player: SUCCESS
remove_player: SUCCESS
remove_player: SUCCESS
remove_player: SUCCESS
remove_player: SUCCESS
remove_player: SUCCESS
remove_player: SUCCESS
remove_player: SUCCESS
remove_player: SUCCESS
remove_player: SUCCESS
remove_player: SUCCESS
remove_player: SUCCESS
remove_player: SUCCESS
remove_player: SUCCESS
remove_player: SUCCESS
remove_player: SUCCESS
remove_player: SUCCESS
remove_player: SUCCESS
remove_team: SUCCESS
remove_team: SUCCESS
remove_team: SUCCESS
remove_team: SUCCESS
remove_team: SUCCESS
remove_team: SUCCESS
remove_team: SUCCESS
remove_team: SUCCESS
remove_team: SUCCESS
remove_team: SUCCESS
