add_team: SUCCESS
add_team: SUCCESS
add_team: SUCCESS
add_team: SUCCESS
add_team: SUCCESS
add_team: SUCCESS
add_team: SUCCESS
add_team: SUCCESS
add_team: SUCCESS
add_team: SUCCESS
add_team: SUCCESS
add_team: SUCCESS
add_team: SUCCESS
add_team: SUCCESS
add_team: SUCCESS
add_team: SUCCESS
add_team: SUCCESS
add_team: SUCCESS
add_team: SUCCESS
add_team: SUCCESS
add_player: SUCCESS
add_player: SUCCESS
add_player: SUCCESS
add_player: SUCCESS
add_player: SUCCESS
add_player: SUCCESS
add_player: SUCCESS
add_player: SUCCESS
add_player: SUCCESS
add_player: SUCCESS
add_player: SUCCESS
add_player: SUCCESS
add_player: SUCCESS
add_player: SUCCESS
add_player: SUCCESS
add_player: SUCCESS
add_player: SUCCESS
add_player: SUCCESS
add_player: SUCCESS
add_player: SUCCESS
add_player: SUCCESS
add_player: SUCCESS
add_player: SUCCESS
add_player: SUCCESS
add_player: SUCCESS
add_player: SUCCESS
add_player: SUCCESS
add_player: SUCCESS
add_player: SUCCESS
add_player: SUCCESS
add_player: SUCCESS
add_player: SUCCESS
add_player: SUCCESS
add_player: SUCCESS
add_player: SUCCESS
add_player: SUCCESS
add_player: SUCCESS
add_player: SUCCESS
add_player: SUCCESS
add_player: SUCCESS
add_player: SUCCESS
add_player: SUCCESS
add_player: SUCCESS
add_player: SUCCESS
add_player: SUCCESS
add_player: SUCCESS
add_player: SUCCESS
add_player: SUCCESS
add_player: SUCCESS
add_player: SUCCESS
add_player: SUCCESS
add_player: SUCCESS
add_player: SUCCESS
add_player: SUCCESS
add_player: SUCCESS
add_player: SUCCESS
add_player: SUCCESS
add_player: SUCCESS
add_player: SUCCESS
add_player: SUCCESS
add_player: SUCCESS
add_player: SUCCESS
add_player: SUCCESS
add_player: SUCCESS
add_player: SUCCESS
add_player: SUCCESS
add_player: SUCCESS
add_player: SUCCESS
add_player: SUCCESS
add_player: SUCCESS
add_player: SUCCESS
add_player: SUCCESS
add_player: SUCCESS
add_player: SUCCESS
add_player: SUCCESS
add_player: SUCCESS
add_player: SUCCESS
add_player: SUCCESS
add_player: SUCCESS
add_player: SUCCESS
add_player: SUCCESS
add_player: SUCCESS
add_player: SUCCESS
add_player: SUCCESS
add_player: SUCCESS
add_player: SUCCESS
add_player: SUCCESS
add_player: SUCCESS
add_player: SUCCESS
add_player: SUCCESS
add_player: SUCCESS
add_player: SUCCESS
add_player: SUCCESS
add_player: SUCCESS
add_player: SUCCESS
add_player: SUCCESS
add_player: SUCCESS
add_player: SUCCESS
add_player: SUCCESS
add_player: SUCCESS
add_player: SUCCESS
add_player: SUCCESS
add_player: SUCCESS
add_player: SUCCESS
add_player: SUCCESS
add_player: SUCCESS
add_player: SUCCESS
add_player: SUCCESS
add_player: SUCCESS
add_player: SUCCESS
add_player: SUCCESS
add_player: SUCCESS
add_player: SUCCESS
add_player: SUCCESS
add_player: SUCCESS
add_player: SUCCESS
add_player: SUCCESS
add_player: SUCCESS
add_player: SUCCESS
add_player: SUCCESS
add_player: SUCCESS
add_player: SUCCESS
add_player: SUCCESS
add_player: SUCCESS
add_player: SUCCESS
add_player: SUCCESS
add_player: SUCCESS
add_player: SUCCESS
add_player: SUCCESS
add_player: SUCCESS
add_player: SUCCESS
add_player: SUCCESS
add_player: SUCCESS
add_player: SUCCESS
add_player: SUCCESS
add_player: SUCCESS
add_player: SUCCESS
add_player: SUCCESS
add_player: SUCCESS
add_player: SUCCESS
add_player: SUCCESS
add_player: SUCCESS
add_player: SUCCESS
add_player: SUCCESS
add_player: SUCCESS
add_player: SUCCESS
add_player: SUCCESS
add_player: SUCCESS
add_player: SUCCESS
add_player: SUCCESS
add_player: SUCCESS
add_player: SUCCESS
add_player: SUCCESS
add_player: SUCCESS
add_player: SUCCESS
add_player: SUCCESS
add_player: SUCCESS
add_player: SUCCESS
add_player: SUCCESS
add_player: SUCCESS
add_player: SUCCESS
add_player: SUCCESS
add_player: SUCCESS
add_player: SUCCESS
add_player: SUCCESS
add_player: SUCCESS
add_player: SUCCESS
add_player: SUCCESS
add_player: SUCCESS
add_player: SUCCESS
add_player: SUCCESS
add_player: SUCCESS
add_player: SUCCESS
add_player: SUCCESS
add_player: SUCCESS
add_player: SUCCESS
add_player: SUCCESS
add_player: SUCCESS
add_player: SUCCESS
add_player: SUCCESS
add_player: SUCCESS
add_player: SUCCESS
add_player: SUCCESS
add_player: SUCCESS
add_player: SUCCESS
add_player: SUCCESS
add_player: SUCCESS
add_player: SUCCESS
add_player: SUCCESS
add_player: SUCCESS
add_player: SUCCESS
add_player: SUCCESS
add_player: SUCCESS
add_player: SUCCESS
add_player: SUCCESS
add_player: SUCCESS
add_player: SUCCESS
add_player: SUCCESS
add_player: SUCCESS
add_player: SUCCESS
remove_team: FAILURE
add_player: FAILURE
remove_player: SUCCESS
add_team: FAILURE
get_top_scorer: SUCCESS, 142
get_closest_player: SUCCESS, 146
get_top_scorer: SUCCESS, 97
get_closest_player: SUCCESS, 114
get_top_scorer: SUCCESS, 64
update_player_stats: SUCCESS
get_top_scorer: SUCCESS, 83
unite_teams: FAILURE
remove_team: FAILURE
add_team: FAILURE
get_all_players: SUCCESS
176
86
54
191
133
47
124
8
125
162
add_player: FAILURE
get_top_scorer: SUCCESS, 12
add_team: FAILURE
get_all_players: SUCCESS
176
86
54
191
133
47
124
8
125
162
play_match: FAILURE
add_team: FAILURE
get_top_scorer: SUCCESS, 83
remove_player: SUCCESS
play_match: FAILURE
get_all_players: SUCCESS
176
86
54
191
133
47
124
8
125
162
get_closest_player: SUCCESS, 119
update_player_stats: SUCCESS
get_top_scorer: SUCCESS, 102
get_num_played_games: SUCCESS, 5323
get_closest_player: SUCCESS, 52
get_num_played_games: SUCCESS, 5252
remove_player: SUCCESS
get_num_played_games: SUCCESS, 2347
get_num_played_games: SUCCESS, 10897
get_closest_player: SUCCESS, 187
get_all_players: SUCCESS
53
80
98
148
123
68
14
184
69
88
141
65
44
165
136
get_all_players: SUCCESS
99
112
187
114
48
95
170
20
193
97
get_all_players: SUCCESS
46
45
153
175
169
132
23
56
102
get_team_points: SUCCESS, 1175
get_num_played_games: SUCCESS, 12067
get_team_points: SUCCESS, 7441
get_top_scorer: SUCCESS, 81
play_match: FAILURE
get_closest_player: SUCCESS, 12
get_closest_player: SUCCESS, 31
get_all_players_count: SUCCESS, 9
play_match: FAILURE
update_player_stats: SUCCESS
get_all_players: SUCCESS
150
145
157
42
116
66
39
129
31
131
78
108
101
73
get_closest_player: SUCCESS, 158
unite_teams: FAILURE
get_num_played_games: SUCCESS, 11122
remove_team: FAILURE
add_team: FAILURE
get_all_players: SUCCESS
32
128
5
158
59
2
197
171
61
89
4
18
111
get_all_players: SUCCESS
159
94
106
35
41
120
58
196
143
154
135
update_player_stats: SUCCESS
get_team_points: SUCCESS, 6161
get_team_points: SUCCESS, 2809
get_all_players_count: SUCCESS, 8
update_player_stats: SUCCESS
get_all_players_count: SUCCESS, 13
remove_player: SUCCESS
knockout_winner: FAILURE
update_player_stats: SUCCESS
knockout_winner: SUCCESS, 18
get_top_scorer: SUCCESS, 142
add_player: FAILURE
knockout_winner: FAILURE
add_player: FAILURE
get_top_scorer: SUCCESS, 83
add_player: FAILURE
get_top_scorer: SUCCESS, 146
play_match: FAILURE
get_num_played_games: SUCCESS, 1714
add_player: FAILURE
unite_teams: FAILURE
get_num_played_games: SUCCESS, 4994
get_team_points: SUCCESS, 6589
knockout_winner: SUCCESS, 18
add_player: FAILURE
get_team_points: SUCCESS, 8690
remove_player: SUCCESS
add_player: FAILURE
get_all_players_count: SUCCESS, 14
add_team: FAILURE
get_all_players_count: SUCCESS, 14
remove_player: SUCCESS
get_all_players_count: SUCCESS, 12
knockout_winner: SUCCESS, 8
add_team: FAILURE
get_top_scorer: SUCCESS, 75
get_all_players: SUCCESS
176
86
54
191
133
47
124
8
125
162
remove_player: SUCCESS
get_all_players_count: SUCCESS, 8
get_top_scorer: SUCCESS, 73
update_player_stats: SUCCESS
remove_player: SUCCESS
play_match: SUCCESS
get_num_played_games: SUCCESS, 7001
remove_team: FAILURE
get_num_played_games: SUCCESS, 700
remove_team: FAILURE
add_team: FAILURE
add_player: FAILURE
knockout_winner: FAILURE
get_closest_player: SUCCESS, 142
unite_teams: FAILURE
play_match: FAILURE
play_match: FAILURE
knockout_winner: FAILURE
unite_teams: FAILURE
get_team_points: SUCCESS, 3283
get_closest_player: SUCCESS, 81
remove_team: FAILURE
update_player_stats: SUCCESS
get_team_points: SUCCESS, 1615
add_player: FAILURE
get_num_played_games: SUCCESS, 3755
unite_teams: FAILURE
get_all_players: SUCCESS
32
128
5
158
59
2
197
171
61
89
4
18
111
unite_teams: FAILURE
add_team: FAILURE
get_num_played_games: SUCCESS, 10798
remove_player: SUCCESS
remove_player: SUCCESS
get_num_played_games: SUCCESS, 6085
play_match: FAILURE
get_num_played_games: SUCCESS, 2663
knockout_winner: SUCCESS, 10
add_player: FAILURE
get_num_played_games: SUCCESS, 10301
get_all_players_count: SUCCESS, 11
add_team: FAILURE
knockout_winner: SUCCESS, 10
unite_teams: FAILURE
get_all_players: SUCCESS
51
156
55
34
137
29
168
26
get_team_points: SUCCESS, 8306
get_top_scorer: SUCCESS, 162
get_team_points: SUCCESS, 6161
get_closest_player: SUCCESS, 176
add_player: FAILURE
get_closest_player: SUCCESS, 72
get_top_scorer: SUCCESS, 81
get_all_players: SUCCESS
6
115
104
30
91
189
139
81
unite_teams: SUCCESS
remove_player: SUCCESS
update_player_stats: SUCCESS
get_closest_player: SUCCESS, 23
play_match: FAILURE
remove_player: SUCCESS
add_player: FAILURE
get_all_players: SUCCESS
159
94
106
35
41
120
58
196
154
143
135
play_match: FAILURE
get_all_players_count: SUCCESS, 9
unite_teams: FAILURE
unite_teams: FAILURE
knockout_winner: SUCCESS, 10
remove_player: SUCCESS
unite_teams: SUCCESS
remove_player: SUCCESS
add_player: FAILURE
add_player: FAILURE
get_top_scorer: SUCCESS, 97
play_match: FAILURE
remove_team: FAILURE
update_player_stats: SUCCESS
update_player_stats: SUCCESS
get_team_points: SUCCESS, 7724
get_all_players_count: SUCCESS, 13
unite_teams: FAILURE
get_top_scorer: SUCCESS, 195
get_all_players_count: SUCCESS, 9
get_all_players_count: SUCCESS, 10
add_player: FAILURE
get_top_scorer: SUCCESS, 26
unite_teams: FAILURE
get_closest_player: SUCCESS, 124
remove_player: SUCCESS
get_closest_player: SUCCESS, 76
get_closest_player: SUCCESS, 118
remove_player: SUCCESS
get_num_played_games: SUCCESS, 8044
remove_player: SUCCESS
add_team: FAILURE
remove_team: FAILURE
play_match: SUCCESS
add_player: FAILURE
remove_player: SUCCESS
play_match: FAILURE
update_player_stats: SUCCESS
unite_teams: INVALID_INPUT
remove_team: FAILURE
get_all_players_count: SUCCESS, 13
remove_player: SUCCESS
add_player: FAILURE
remove_player: SUCCESS
remove_team: FAILURE
get_team_points: SUCCESS, 7450
update_player_stats: SUCCESS
knockout_winner: SUCCESS, 16
get_team_points: SUCCESS, 6164
play_match: FAILURE
unite_teams: FAILURE
get_closest_player: SUCCESS, 170
remove_player: SUCCESS
add_team: FAILURE
play_match: SUCCESS
remove_team: FAILURE
get_team_points: SUCCESS, 6164
play_match: FAILURE
get_num_played_games: SUCCESS, 2734
update_player_stats: SUCCESS
get_top_scorer: SUCCESS, 136
unite_teams: INVALID_INPUT
knockout_winner: SUCCESS, 18
update_player_stats: SUCCESS
remove_player: SUCCESS
get_closest_player: SUCCESS, 75
get_all_players: SUCCESS
70
194
177
155
178
49
182
40
17
92
198
134
37
118
38
75
unite_teams: FAILURE
remove_team: FAILURE
add_player: FAILURE
unite_teams: FAILURE
get_all_players: SUCCESS
84
52
138
16
200
63
play_match: SUCCESS
knockout_winner: SUCCESS, 16
get_all_players: SUCCESS
163
122
195
play_match: FAILURE
add_team: FAILURE
play_match: INVALID_INPUT
update_player_stats: SUCCESS
get_all_players_count: SUCCESS, 12
play_match: FAILURE
add_player: FAILURE
get_all_players_count: SUCCESS, 12
get_team_points: SUCCESS, 7450
get_all_players: SUCCESS
105
183
152
161
74
172
103
33
72
164
144
50
140
147
add_team: FAILURE
remove_player: SUCCESS
get_num_played_games: SUCCESS, 12038
remove_player: SUCCESS
get_top_scorer: SUCCESS, 73
add_player: FAILURE
update_player_stats: SUCCESS
get_num_played_games: SUCCESS, 784
add_player: FAILURE
get_all_players_count: SUCCESS, 9
knockout_winner: SUCCESS, 13
get_team_points: SUCCESS, 11488
remove_team: FAILURE
add_team: FAILURE
unite_teams: FAILURE
get_all_players: SUCCESS
6
115
104
30
91
139
81
189
remove_team: FAILURE
get_all_players_count: SUCCESS, 8
play_match: FAILURE
get_num_played_games: SUCCESS, 13697
get_all_players: SUCCESS
181
87
119
149
13
199
173
185
64
21
add_player: FAILURE
get_closest_player: SUCCESS, 185
remove_team: FAILURE
add_player: FAILURE
add_team: FAILURE
get_top_scorer: SUCCESS, 77
remove_team: FAILURE
update_player_stats: SUCCESS
add_player: FAILURE
get_all_players: SUCCESS
70
194
177
155
178
49
182
40
17
92
134
37
118
38
75
add_player: FAILURE
get_top_scorer: SUCCESS, 113
remove_team: FAILURE
add_player: FAILURE
add_team: FAILURE
get_all_players: SUCCESS
15
90
174
67
151
109
130
79
77
180
knockout_winner: SUCCESS, 13
get_all_players: SUCCESS
32
128
5
158
59
2
197
61
89
4
18
111
get_num_played_games: SUCCESS, 7632
play_match: FAILURE
get_closest_player: SUCCESS, 179
get_num_played_games: SUCCESS, 12168
get_team_points: SUCCESS, 4461
update_player_stats: SUCCESS
unite_teams: FAILURE
add_player: FAILURE
unite_teams: FAILURE
get_closest_player: SUCCESS, 158
get_closest_player: SUCCESS, 194
get_all_players_count: SUCCESS, 9
knockout_winner: SUCCESS, 16
unite_teams: INVALID_INPUT
remove_player: SUCCESS
remove_team: FAILURE
get_top_scorer: SUCCESS, 162
remove_team: FAILURE
remove_team: FAILURE
knockout_winner: SUCCESS, 16
knockout_winner: FAILURE
get_all_players_count: SUCCESS, 6
update_player_stats: SUCCESS
update_player_stats: SUCCESS
remove_player: SUCCESS
remove_team: FAILURE
knockout_winner: SUCCESS, 16
play_match: FAILURE
get_top_scorer: SUCCESS, 25
get_closest_player: SUCCESS, 28
remove_team: FAILURE
remove_team: FAILURE
get_team_points: SUCCESS, 6164
get_all_players: SUCCESS
32
128
5
158
59
2
197
61
89
4
18
111
get_all_players: SUCCESS
176
86
54
191
133
47
124
8
125
162
add_player: FAILURE
play_match: FAILURE
get_all_players_count: SUCCESS, 3
unite_teams: FAILURE
get_closest_player: SUCCESS, 55
get_all_players_count: SUCCESS, 10
update_player_stats: SUCCESS
unite_teams: FAILURE
get_all_players_count: SUCCESS, 8
get_all_players_count: SUCCESS, 10
get_all_players: SUCCESS
82
100
166
60
121
7
93
83
25
get_all_players: SUCCESS
150
145
157
42
116
66
39
129
31
131
78
108
73
get_num_played_games: SUCCESS, 4685
get_top_scorer: SUCCESS, 25
get_team_points: SUCCESS, 3242
get_num_played_games: SUCCESS, 4570
add_team: FAILURE
get_num_played_games: SUCCESS, 1882
unite_teams: INVALID_INPUT
get_closest_player: SUCCESS, 55
get_all_players: SUCCESS
46
45
175
132
23
56
102
153
remove_player: SUCCESS
play_match: FAILURE
update_player_stats: SUCCESS
get_all_players: SUCCESS
15
90
174
67
151
109
79
130
77
180
knockout_winner: FAILURE
get_team_points: SUCCESS, 6589
get_num_played_games: SUCCESS, 2301
get_num_played_games: SUCCESS, 11471
get_all_players_count: SUCCESS, 10
knockout_winner: SUCCESS, 13
get_all_players: SUCCESS
105
183
152
161
74
172
103
33
72
164
144
50
140
147
remove_team: FAILURE
get_num_played_games: SUCCESS, 4642
get_all_players: SUCCESS
181
87
119
149
13
199
173
185
64
21
knockout_winner: SUCCESS, 19
get_team_points: SUCCESS, 3242
get_num_played_games: SUCCESS, 1399
get_all_players_count: SUCCESS, 8
unite_teams: FAILURE
remove_player: SUCCESS
remove_team: FAILURE
get_all_players: SUCCESS
181
87
119
149
13
199
173
185
64
21
get_team_points: SUCCESS, 6589
add_team: FAILURE
play_match: FAILURE
get_all_players_count: SUCCESS, 14
add_player: FAILURE
get_num_played_games: SUCCESS, 6086
get_all_players_count: SUCCESS, 8
add_player: FAILURE
update_player_stats: SUCCESS
get_top_scorer: SUCCESS, 63
get_team_points: SUCCESS, 14400
get_num_played_games: SUCCESS, 4562
get_all_players: SUCCESS
53
98
123
68
14
184
69
88
65
44
165
136
knockout_winner: SUCCESS, 13
unite_teams: FAILURE
get_team_points: SUCCESS, 6164
update_player_stats: SUCCESS
update_player_stats: SUCCESS
get_top_scorer: SUCCESS, 95
add_player: FAILURE
remove_team: FAILURE
add_team: FAILURE
add_player: FAILURE
get_num_played_games: SUCCESS, 4421
get_closest_player: SUCCESS, 55
get_num_played_games: SUCCESS, 12079
remove_player: SUCCESS
add_player: FAILURE
get_all_players_count: SUCCESS, 7
remove_team: FAILURE
get_team_points: SUCCESS, 6589
get_all_players_count: SUCCESS, 8
knockout_winner: INVALID_INPUT
remove_team: FAILURE
get_team_points: SUCCESS, 1692
get_num_played_games: SUCCESS, 4907
knockout_winner: SUCCESS, 13
get_all_players: SUCCESS
122
195
get_all_players: SUCCESS
82
100
166
60
121
7
93
83
25
get_all_players_count: SUCCESS, 2
get_all_players_count: SUCCESS, 10
get_top_scorer: SUCCESS, 136
get_closest_player: SUCCESS, 46
knockout_winner: FAILURE
add_player: FAILURE
get_num_played_games: SUCCESS, 9948
remove_player: SUCCESS
unite_teams: FAILURE
get_all_players: SUCCESS
176
86
54
191
133
47
124
8
125
162
play_match: SUCCESS
play_match: FAILURE
get_num_played_games: SUCCESS, 10326
get_all_players_count: SUCCESS, 7
get_all_players: SUCCESS
46
45
175
132
23
56
102
153
update_player_stats: SUCCESS
get_team_points: SUCCESS, 3242
unite_teams: SUCCESS
update_player_stats: SUCCESS
update_player_stats: SUCCESS
get_all_players_count: SUCCESS, 10
get_all_players_count: SUCCESS, 8
add_player: FAILURE
add_team: FAILURE
remove_team: FAILURE
get_closest_player: SUCCESS, 68
remove_team: FAILURE
get_all_players_count: SUCCESS, 8
get_all_players: SUCCESS
105
152
74
172
103
161
33
72
164
50
140
147
get_all_players_count: SUCCESS, 7
update_player_stats: SUCCESS
get_closest_player: SUCCESS, 162
get_team_points: SUCCESS, 7860
update_player_stats: SUCCESS
knockout_winner: SUCCESS, 4
knockout_winner: SUCCESS, 13
update_player_stats: SUCCESS
get_all_players: SUCCESS
82
100
166
60
121
7
93
83
25
update_player_stats: SUCCESS
get_team_points: SUCCESS, 14400
get_all_players_count: SUCCESS, 13
get_top_scorer: SUCCESS, 170
knockout_winner: INVALID_INPUT
remove_team: FAILURE
get_team_points: SUCCESS, 11488
remove_team: FAILURE
knockout_winner: FAILURE
get_closest_player: SUCCESS, 55
get_team_points: SUCCESS, 6167
remove_player: SUCCESS
get_all_players_count: SUCCESS, 10
add_player: FAILURE
remove_team: FAILURE
add_player: FAILURE
remove_team: FAILURE
update_player_stats: SUCCESS
remove_player: SUCCESS
get_num_played_games: SUCCESS, 2188
unite_teams: FAILURE
update_player_stats: SUCCESS
get_all_players_count: SUCCESS, 10
add_player: FAILURE
get_closest_player: SUCCESS, 157
update_player_stats: SUCCESS
get_team_points: SUCCESS, 1692
remove_team: FAILURE
remove_player: SUCCESS
play_match: FAILURE
unite_teams: FAILURE
add_team: FAILURE
get_all_players_count: SUCCESS, 12
update_player_stats: SUCCESS
knockout_winner: SUCCESS, 4
remove_player: SUCCESS
get_all_players_count: SUCCESS, 9
add_player: FAILURE
knockout_winner: SUCCESS, 19
remove_team: FAILURE
remove_team: FAILURE
get_num_played_games: SUCCESS, 3516
knockout_winner: SUCCESS, 13
add_player: FAILURE
get_all_players_count: SUCCESS, 9
get_all_players_count: SUCCESS, 12
remove_team: FAILURE
get_all_players_count: SUCCESS, 10
add_player: FAILURE
get_all_players: SUCCESS
27
57
96
117
11
12
113
71
get_team_points: SUCCESS, 1692
remove_team: FAILURE
knockout_winner: FAILURE
get_closest_player: SUCCESS, 147
remove_team: FAILURE
get_team_points: SUCCESS, 7450
knockout_winner: SUCCESS, 13
get_top_scorer: SUCCESS, 130
remove_team: FAILURE
remove_player: SUCCESS
get_all_players: SUCCESS
150
145
42
157
116
66
39
131
78
108
73
129
remove_player: SUCCESS
remove_player: SUCCESS
remove_player: SUCCESS
add_team: FAILURE
unite_teams: SUCCESS
remove_team: FAILURE
get_team_points: SUCCESS, 1615
remove_player: SUCCESS
update_player_stats: SUCCESS
remove_team: FAILURE
play_match: FAILURE
add_team: FAILURE
play_match: INVALID_INPUT
knockout_winner: SUCCESS, 13
add_team: FAILURE
get_closest_player: SUCCESS, 8
get_all_players_count: SUCCESS, 5
get_closest_player: SUCCESS, 44
get_all_players: SUCCESS
84
52
138
200
16
knockout_winner: SUCCESS, 13
get_closest_player: SUCCESS, 179
play_match: FAILURE
add_player: FAILURE
get_closest_player: SUCCESS, 168
unite_teams: FAILURE
add_player: FAILURE
play_match: FAILURE
get_closest_player: SUCCESS, 79
get_closest_player: SUCCESS, 82
add_team: FAILURE
get_team_points: SUCCESS, 7860
get_all_players_count: SUCCESS, 12
remove_team: FAILURE
get_team_points: SUCCESS, 14400
get_all_players_count: SUCCESS, 17
get_top_scorer: SUCCESS, 170
get_all_players_count: SUCCESS, 10
remove_team: FAILURE
add_player: FAILURE
remove_team: FAILURE
add_team: FAILURE
get_all_players_count: SUCCESS, 11
add_team: FAILURE
update_player_stats: SUCCESS
remove_player: SUCCESS
add_team: FAILURE
get_top_scorer: SUCCESS, 111
add_team: FAILURE
play_match: FAILURE
update_player_stats: SUCCESS
get_all_players: SUCCESS
27
57
96
117
11
12
113
71
get_closest_player: SUCCESS, 98
update_player_stats: SUCCESS
get_closest_player: SUCCESS, 111
update_player_stats: SUCCESS
remove_team: FAILURE
get_top_scorer: SUCCESS, 124
get_closest_player: SUCCESS, 98
get_all_players_count: SUCCESS, 8
get_num_played_games: SUCCESS, 4590
play_match: FAILURE
add_player: FAILURE
get_all_players: SUCCESS
9
24
76
187
114
48
179
188
28
20
193
142
97
112
85
170
get_num_played_games: SUCCESS, 6375
get_closest_player: SUCCESS, 197
get_team_points: SUCCESS, 407
get_team_points: SUCCESS, 407
remove_player: SUCCESS
remove_team: FAILURE
remove_player: SUCCESS
remove_team: FAILURE
unite_teams: FAILURE
unite_teams: FAILURE
add_player: FAILURE
remove_player: SUCCESS
unite_teams: FAILURE
add_team: FAILURE
get_all_players_count: SUCCESS, 8
get_team_points: SUCCESS, 9357
unite_teams: FAILURE
add_team: FAILURE
get_num_played_games: SUCCESS, 8857
get_top_scorer: SUCCESS, 58
get_all_players_count: SUCCESS, 9
get_closest_player: SUCCESS, 39
get_team_points: SUCCESS, 4935
knockout_winner: SUCCESS, 13
get_team_points: SUCCESS, 6589
update_player_stats: SUCCESS
get_all_players_count: SUCCESS, 16
get_all_players: SUCCESS
51
156
55
34
137
29
168
26
get_team_points: SUCCESS, 6167
update_player_stats: SUCCESS
knockout_winner: SUCCESS, 13
remove_player: SUCCESS
unite_teams: FAILURE
add_player: FAILURE
add_team: FAILURE
get_all_players_count: SUCCESS, 8
remove_team: FAILURE
play_match: INVALID_INPUT
remove_player: SUCCESS
remove_player: SUCCESS
update_player_stats: SUCCESS
get_top_scorer: SUCCESS, 147
get_all_players_count: SUCCESS, 10
unite_teams: FAILURE
get_all_players_count: SUCCESS, 8
play_match: FAILURE
knockout_winner: SUCCESS, 16
add_team: FAILURE
play_match: FAILURE
get_closest_player: SUCCESS, 157
get_team_points: SUCCESS, 2827
remove_team: FAILURE
add_team: FAILURE
get_closest_player: SUCCESS, 66
play_match: FAILURE
unite_teams: FAILURE
add_player: FAILURE
get_top_scorer: SUCCESS, 136
update_player_stats: SUCCESS
update_player_stats: SUCCESS
add_team: FAILURE
add_team: FAILURE
add_player: FAILURE
get_all_players: SUCCESS
115
30
139
189
remove_player: SUCCESS
update_player_stats: SUCCESS
get_team_points: SUCCESS, 6589
remove_team: FAILURE
update_player_stats: SUCCESS
add_player: FAILURE
get_top_scorer: SUCCESS, 189
update_player_stats: SUCCESS
remove_player: SUCCESS
add_player: FAILURE
get_all_players: SUCCESS
51
156
55
34
29
168
26
137
add_player: FAILURE
play_match: SUCCESS
play_match: FAILURE
add_team: FAILURE
remove_team: FAILURE
remove_team: FAILURE
get_top_scorer: SUCCESS, 147
get_all_players: SUCCESS
105
152
74
172
161
33
164
50
103
140
147
get_all_players: SUCCESS
46
175
23
56
102
45
132
153
add_team: FAILURE
get_num_played_games: SUCCESS, 8207
add_team: FAILURE
remove_player: SUCCESS
get_closest_player: SUCCESS, 157
get_num_played_games: SUCCESS, 6068
get_closest_player: SUCCESS, 176
get_team_points: SUCCESS, 1692
unite_teams: FAILURE
get_all_players_count: SUCCESS, 11
get_top_scorer: SUCCESS, 124
remove_player: SUCCESS
knockout_winner: SUCCESS, 16
get_team_points: SUCCESS, 4935
get_all_players: SUCCESS
46
175
23
56
102
45
132
153
get_top_scorer: SUCCESS, 124
remove_player: SUCCESS
get_closest_player: SUCCESS, 41
get_all_players: SUCCESS
52
138
200
16
remove_team: FAILURE
play_match: FAILURE
knockout_winner: INVALID_INPUT
play_match: FAILURE
add_team: FAILURE
add_team: FAILURE
get_num_played_games: SUCCESS, 6093
get_top_scorer: SUCCESS, 58
get_num_played_games: SUCCESS, 5963
add_player: FAILURE
get_all_players: SUCCESS
46
175
23
56
102
45
132
153
remove_team: FAILURE
update_player_stats: SUCCESS
get_all_players: SUCCESS
5
59
2
32
197
61
18
111
89
4
remove_team: FAILURE
play_match: FAILURE
add_team: FAILURE
get_team_points: SUCCESS, 9357
knockout_winner: SUCCESS, 13
get_all_players: SUCCESS
9
24
76
187
114
179
188
28
20
193
142
97
48
112
85
170
knockout_winner: SUCCESS, 13
get_closest_player: SUCCESS, 67
add_player: FAILURE
play_match: FAILURE
remove_player: SUCCESS
get_all_players_count: SUCCESS, 10
knockout_winner: SUCCESS, 4
play_match: SUCCESS
add_team: FAILURE
remove_player: SUCCESS
remove_player: SUCCESS
remove_player: SUCCESS
add_player: FAILURE
knockout_winner: SUCCESS, 13
get_num_played_games: SUCCESS, 2347
remove_team: FAILURE
update_player_stats: SUCCESS
get_team_points: SUCCESS, 7860
get_team_points: SUCCESS, 3242
get_team_points: SUCCESS, 11488
update_player_stats: SUCCESS
get_all_players: SUCCESS
70
194
155
178
49
40
17
134
92
118
38
75
get_top_scorer: SUCCESS, 147
get_num_played_games: SUCCESS, 11270
add_player: FAILURE
remove_player: SUCCESS
get_team_points: SUCCESS, 1692
remove_team: FAILURE
get_all_players_count: SUCCESS, 8
add_player: FAILURE
knockout_winner: INVALID_INPUT
update_player_stats: SUCCESS
get_top_scorer: SUCCESS, 75
get_closest_player: SUCCESS, 11
get_closest_player: SUCCESS, 119
update_player_stats: SUCCESS
add_team: FAILURE
get_closest_player: SUCCESS, 109
unite_teams: FAILURE
play_match: FAILURE
get_top_scorer: SUCCESS, 189
remove_team: FAILURE
knockout_winner: SUCCESS, 3
play_match: FAILURE
get_num_played_games: SUCCESS, 11046
get_closest_player: SUCCESS, 44
add_team: FAILURE
get_closest_player: SUCCESS, 117
get_team_points: SUCCESS, 3242
remove_player: SUCCESS
update_player_stats: SUCCESS
get_all_players: SUCCESS
46
175
23
56
102
45
132
153
remove_team: FAILURE
get_all_players_count: SUCCESS, 11
get_top_scorer: SUCCESS, 79
get_closest_player: SUCCESS, 14
knockout_winner: INVALID_INPUT
add_team: FAILURE
get_closest_player: SUCCESS, 61
get_num_played_games: SUCCESS, 5964
get_all_players_count: SUCCESS, 12
remove_player: SUCCESS
remove_team: FAILURE
knockout_winner: INVALID_INPUT
get_all_players: SUCCESS
9
24
76
187
114
179
188
28
20
193
142
97
48
112
85
170
add_team: FAILURE
get_num_played_games: SUCCESS, 7722
add_player: FAILURE
get_num_played_games: SUCCESS, 17229
get_team_points: SUCCESS, 4506
get_num_played_games: SUCCESS, 4378
get_closest_player: SUCCESS, 124
get_all_players_count: SUCCESS, 10
get_all_players: SUCCESS
51
156
55
34
29
168
26
137
update_player_stats: SUCCESS
unite_teams: FAILURE
remove_player: SUCCESS
get_team_points: SUCCESS, 4506
update_player_stats: SUCCESS
get_team_points: SUCCESS, 14400
remove_player: SUCCESS
get_all_players: SUCCESS
60
121
7
93
83
25
100
get_num_played_games: SUCCESS, 14336
remove_team: FAILURE
get_all_players_count: SUCCESS, 8
knockout_winner: INVALID_INPUT
unite_teams: FAILURE
get_team_points: SUCCESS, 11488
get_closest_player: SUCCESS, 59
get_closest_player: SUCCESS, 122
get_all_players: SUCCESS
152
172
161
33
164
105
50
103
140
147
update_player_stats: SUCCESS
get_all_players_count: SUCCESS, 10
add_player: FAILURE
remove_player: SUCCESS
get_closest_player: SUCCESS, 122
remove_team: FAILURE
get_all_players: SUCCESS
5
59
2
32
197
61
18
111
4
89
get_closest_player: SUCCESS, 191
play_match: FAILURE
unite_teams: FAILURE
remove_player: SUCCESS
remove_team: FAILURE
get_top_scorer: SUCCESS, 73
get_team_points: SUCCESS, 19409
play_match: FAILURE
remove_team: FAILURE
get_top_scorer: SUCCESS, 136
get_closest_player: SUCCESS, 184
unite_teams: FAILURE
remove_player: SUCCESS
get_num_played_games: SUCCESS, 8657
get_all_players_count: SUCCESS, 11
knockout_winner: INVALID_INPUT
play_match: FAILURE
unite_teams: FAILURE
get_num_played_games: SUCCESS, 4949
get_all_players: SUCCESS
52
138
200
16
add_player: FAILURE
get_closest_player: SUCCESS, 70
get_team_points: SUCCESS, 2827
update_player_stats: SUCCESS
get_closest_player: SUCCESS, 164
get_all_players_count: SUCCESS, 10
add_player: FAILURE
remove_team: FAILURE
get_all_players_count: SUCCESS, 10
knockout_winner: FAILURE
get_all_players_count: SUCCESS, 4
unite_teams: INVALID_INPUT
get_team_points: SUCCESS, 19409
update_player_stats: SUCCESS
get_all_players_count: SUCCESS, 9
add_player: FAILURE
get_all_players: SUCCESS
51
156
55
34
29
168
26
137
get_all_players_count: SUCCESS, 7
remove_player: SUCCESS
get_all_players_count: SUCCESS, 10
get_num_played_games: SUCCESS, 1841
get_all_players_count: SUCCESS, 7
add_player: FAILURE
play_match: FAILURE
get_num_played_games: SUCCESS, 7693
knockout_winner: INVALID_INPUT
get_team_points: SUCCESS, 2827
get_closest_player: SUCCESS, 14
get_closest_player: SUCCESS, 89
knockout_winner: INVALID_INPUT
add_team: FAILURE
get_top_scorer: SUCCESS, 124
update_player_stats: SUCCESS
play_match: FAILURE
play_match: FAILURE
remove_player: SUCCESS
remove_player: SUCCESS
get_all_players: SUCCESS
9
24
187
114
179
188
28
20
193
142
97
48
112
85
170
get_all_players: SUCCESS
150
145
42
157
66
131
78
73
116
39
remove_player: SUCCESS
update_player_stats: SUCCESS
get_all_players_count: SUCCESS, 3
remove_player: SUCCESS
knockout_winner: FAILURE
add_player: FAILURE
add_team: FAILURE
unite_teams: FAILURE
get_all_players_count: SUCCESS, 9
get_top_scorer: SUCCESS, 64
update_player_stats: SUCCESS
add_player: FAILURE
get_top_scorer: SUCCESS, 100
play_match: FAILURE
play_match: FAILURE
update_player_stats: SUCCESS
get_closest_player: SUCCESS, 60
unite_teams: FAILURE
knockout_winner: FAILURE
update_player_stats: SUCCESS
get_top_scorer: SUCCESS, 137
get_top_scorer: SUCCESS, 170
get_top_scorer: SUCCESS, 137
update_player_stats: SUCCESS
play_match: FAILURE
update_player_stats: SUCCESS
get_top_scorer: SUCCESS, 147
get_all_players_count: SUCCESS, 11
get_all_players: SUCCESS
159
106
41
120
135
154
update_player_stats: SUCCESS
remove_player: SUCCESS
get_top_scorer: SUCCESS, 79
update_player_stats: SUCCESS
unite_teams: FAILURE
knockout_winner: INVALID_INPUT
unite_teams: FAILURE
unite_teams: FAILURE
update_player_stats: SUCCESS
get_all_players: SUCCESS
51
156
55
34
29
168
26
137
get_top_scorer: SUCCESS, 39
remove_player: SUCCESS
get_num_played_games: SUCCESS, 7001
get_num_played_games: SUCCESS, 9697
knockout_winner: SUCCESS, 13
play_match: FAILURE
knockout_winner: FAILURE
unite_teams: SUCCESS
get_all_players_count: SUCCESS, 11
add_team: FAILURE
get_closest_player: SUCCESS, 153
add_team: FAILURE
knockout_winner: INVALID_INPUT
add_team: FAILURE
unite_teams: FAILURE
get_all_players_count: SUCCESS, 15
get_team_points: SUCCESS, 6167
get_top_scorer: SUCCESS, 189
add_player: FAILURE
get_all_players_count: SUCCESS, 8
unite_teams: FAILURE
remove_player: SUCCESS
unite_teams: FAILURE
get_num_played_games: SUCCESS, 3725
get_closest_player: SUCCESS, 150
get_all_players: SUCCESS
53
123
14
184
88
65
98
136
get_all_players: SUCCESS
159
106
41
120
135
154
get_num_played_games: SUCCESS, 17229
update_player_stats: SUCCESS
get_all_players_count: SUCCESS, 9
unite_teams: FAILURE
get_team_points: SUCCESS, 416
get_top_scorer: SUCCESS, 89
get_top_scorer: SUCCESS, 75
get_all_players_count: SUCCESS, 6
get_all_players_count: SUCCESS, 10
get_top_scorer: SUCCESS, 16
get_all_players_count: SUCCESS, 3
unite_teams: SUCCESS
get_num_played_games: SUCCESS, 4378
unite_teams: FAILURE
add_team: FAILURE
unite_teams: FAILURE
get_all_players_count: SUCCESS, 8
knockout_winner: SUCCESS, 13
get_top_scorer: SUCCESS, 147
get_closest_player: SUCCESS, 98
update_player_stats: SUCCESS
knockout_winner: FAILURE
unite_teams: FAILURE
get_top_scorer: SUCCESS, 39
play_match: FAILURE
get_num_played_games: SUCCESS, 3725
update_player_stats: SUCCESS
add_team: FAILURE
unite_teams: SUCCESS
knockout_winner: SUCCESS, 19
remove_team: FAILURE
update_player_stats: SUCCESS
unite_teams: FAILURE
get_all_players_count: SUCCESS, 3
remove_team: FAILURE
get_team_points: SUCCESS, 1692
update_player_stats: SUCCESS
play_match: FAILURE
add_team: FAILURE
get_top_scorer: SUCCESS, 137
remove_team: FAILURE
get_team_points: SUCCESS, 6589
knockout_winner: FAILURE
update_player_stats: SUCCESS
get_num_played_games: SUCCESS, 12033
get_num_played_games: SUCCESS, 7693
get_all_players: SUCCESS
60
7
93
83
25
100
get_all_players_count: SUCCESS, 7
play_match: FAILURE
remove_player: SUCCESS
remove_player: SUCCESS
update_player_stats: SUCCESS
get_closest_player: SUCCESS, 15
get_top_scorer: SUCCESS, 154
get_team_points: SUCCESS, 8306
get_team_points: SUCCESS, 13103
get_top_scorer: SUCCESS, 154
get_all_players: SUCCESS
53
123
14
184
88
65
98
136
knockout_winner: SUCCESS, 3
get_num_played_games: SUCCESS, 14892
get_closest_player: SUCCESS, 197
get_num_played_games: SUCCESS, 19876
update_player_stats: SUCCESS
add_player: FAILURE
get_team_points: SUCCESS, 416
remove_player: SUCCESS
unite_teams: FAILURE
get_top_scorer: SUCCESS, 113
get_num_played_games: SUCCESS, 11531
get_all_players_count: SUCCESS, 3
get_closest_player: SUCCESS, 175
update_player_stats: SUCCESS
get_all_players: SUCCESS
46
52
138
175
23
56
200
45
16
153
get_team_points: SUCCESS, 12366
play_match: FAILURE
add_team: FAILURE
knockout_winner: SUCCESS, 19
get_num_played_games: SUCCESS, 2281
unite_teams: FAILURE
play_match: FAILURE
get_top_scorer: SUCCESS, 170
get_closest_player: SUCCESS, 67
add_player: FAILURE
get_team_points: SUCCESS, 3242
get_all_players_count: SUCCESS, 8
update_player_stats: SUCCESS
get_all_players: SUCCESS
60
7
93
83
25
100
knockout_winner: SUCCESS, 19
get_all_players_count: SUCCESS, 9
add_team: FAILURE
get_all_players: SUCCESS
5
59
2
32
194
197
155
178
61
17
49
18
70
111
118
38
40
4
75
92
89
get_team_points: SUCCESS, 3242
add_team: FAILURE
get_top_scorer: SUCCESS, 170
update_player_stats: SUCCESS
get_num_played_games: SUCCESS, 11046
get_top_scorer: SUCCESS, 39
get_num_played_games: SUCCESS, 10429
remove_player: SUCCESS
remove_player: SUCCESS
remove_player: SUCCESS
remove_player: SUCCESS
remove_player: SUCCESS
remove_player: SUCCESS
remove_player: SUCCESS
remove_player: SUCCESS
remove_player: SUCCESS
remove_player: SUCCESS
remove_player: SUCCESS
remove_player: SUCCESS
remove_player: SUCCESS
remove_player: SUCCESS
remove_player: SUCCESS
remove_player: SUCCESS
remove_player: SUCCESS
remove_player: SUCCESS
remove_player: SUCCESS
remove_player: SUCCESS
remove_player: SUCCESS
remove_player: SUCCESS
remove_player: SUCCESS
remove_player: SUCCESS
remove_player: SUCCESS
remove_player: SUCCESS
remove_player: SUCCESS
remove_player: SUCCESS
remove_player: SUCCESS
remove_player: SUCCESS
remove_player: SUCCESS
remove_player: SUCCESS
remove_player: SUCCESS
remove_player: SUCCESS
remove_player: SUCCESS
remove_player: SUCCESS
remove_player: SUCCESS
remove_player: SUCCESS
remove_player: SUCCESS
remove_player: SUCCESS
remove_player: SUCCESS
remove_player: SUCCESS
remove_player: SUCCESS
remove_player: SUCCESS
remove_player: SUCCESS
remove_player: SUCCESS
remove_player: SUCCESS
remove_player: SUCCESS
remove_player: SUCCESS
remove_player: SUCCESS
remove_player: SUCCESS
remove_player: SUCCESS
remove_player: SUCCESS
remove_player: SUCCESS
remove_player: SUCCESS
remove_player: SUCCESS
remove_player: SUCCESS
remove_player: SUCCESS
remove_player: SUCCESS
remove_player: SUCCESS
remove_player: SUCCESS
remove_player: SUCCESS
remove_player: SUCCESS
remove_player: SUCCESS
remove_player: SUCCESS
remove_player: SUCCESS
remove_player: SUCCESS
remove_player: SUCCESS
remove_player: SUCCESS
remove_player: SUCCESS
remove_player: SUCCESS
remove_player: SUCCESS
remove_player: SUCCESS
remove_player: SUCCESS
remove_player: SUCCESS
remove_player: SUCCESS
remove_player: SUCCESS
remove_player: SUCCESS
remove_player: SUCCESS
remove_player: SUCCESS
remove_player: SUCCESS
remove_player: SUCCESS
remove_player: SUCCESS
remove_player: SUCCESS
remove_player: SUCCESS
remove_player: SUCCESS
remove_player: SUCCESS
remove_player: SUCCESS
remove_player: SUCCESS
remove_player: SUCCESS
remove_player: SUCCESS
remove_player: SUCCESS
remove_player: SUCCESS
remove_player: SUCCESS
remove_player: SUCCESS
remove_player: SUCCESS
remove_player: SUCCESS
remove_player: SUCCESS
remove_player: SUCCESS
remove_player: SUCCESS
remove_player: SUCCESS
remove_player: SUCCESS
remove_player: SUCCESS
remove_player: SUCCESS
remove_player: SUCCESS
remove_player: SUCCESS
remove_player: SUCCESS
remove_player: SUCCESS
remove_player: SUCCESS
remove_player: SUCCESS
remove_player: SUCCESS
remove_player: SUCCESS
remove_player: SUCCESS
remove_player: SUCCESS
remove_player: SUCCESS
remove_player: SUCCESS
remove_player: SUCCESS
remove_player: SUCCESS
remove_player: SUCCESS
remove_player: SUCCESS
remove_player: SUCCESS
remove_player: SUCCESS
remove_player: SUCCESS
remove_player: SUCCESS
remove_player: SUCCESS
remove_player: SUCCESS
remove_team: SUCCESS
remove_team: SUCCESS
remove_team: SUCCESS
remove_team: SUCCESS
remove_team: SUCCESS
remove_team: SUCCESS
remove_team: SUCCESS
remove_team: SUCCESS
remove_team: SUCCESS
remove_team: SUCCESS
remove_team: SUCCESS
remove_team: SUCCESS
remove_team: SUCCESS
