add_team: SUCCESS
add_team: SUCCESS
add_team: SUCCESS
add_team: SUCCESS
add_team: SUCCESS
add_team: SUCCESS
add_team: SUCCESS
add_team: SUCCESS
add_team: SUCCESS
add_team: SUCCESS
add_team: SUCCESS
add_team: SUCCESS
add_team: SUCCESS
add_team: SUCCESS
add_team: SUCCESS
add_team: SUCCESS
add_team: SUCCESS
add_team: SUCCESS
add_team: SUCCESS
add_team: SUCCESS
add_player: SUCCESS
add_player: SUCCESS
add_player: SUCCESS
add_player: SUCCESS
add_player: SUCCESS
add_player: SUCCESS
add_player: SUCCESS
add_player: SUCCESS
add_player: SUCCESS
add_player: SUCCESS
add_player: SUCCESS
add_player: SUCCESS
add_player: SUCCESS
add_player: SUCCESS
add_player: SUCCESS
add_player: SUCCESS
add_player: SUCCESS
add_player: SUCCESS
add_player: SUCCESS
add_player: SUCCESS
add_player: SUCCESS
add_player: SUCCESS
add_player: SUCCESS
add_player: SUCCESS
add_player: SUCCESS
add_player: SUCCESS
add_player: SUCCESS
add_player: SUCCESS
add_player: SUCCESS
add_player: SUCCESS
add_player: SUCCESS
add_player: SUCCESS
add_player: SUCCESS
add_player: SUCCESS
add_player: SUCCESS
add_player: SUCCESS
add_player: SUCCESS
add_player: SUCCESS
add_player: SUCCESS
add_player: SUCCESS
add_player: SUCCESS
add_player: SUCCESS
add_player: SUCCESS
add_player: SUCCESS
add_player: SUCCESS
add_player: SUCCESS
add_player: SUCCESS
add_player: SUCCESS
add_player: SUCCESS
add_player: SUCCESS
add_player: SUCCESS
add_player: SUCCESS
add_player: SUCCESS
add_player: SUCCESS
add_player: SUCCESS
add_player: SUCCESS
add_player: SUCCESS
add_player: SUCCESS
add_player: SUCCESS
add_player: SUCCESS
add_player: SUCCESS
add_player: SUCCESS
add_player: SUCCESS
add_player: SUCCESS
add_player: SUCCESS
add_player: SUCCESS
add_player: SUCCESS
add_player: SUCCESS
add_player: SUCCESS
add_player: SUCCESS
add_player: SUCCESS
add_player: SUCCESS
add_player: SUCCESS
add_player: SUCCESS
add_player: SUCCESS
add_player: SUCCESS
add_player: SUCCESS
add_player: SUCCESS
add_player: SUCCESS
add_player: SUCCESS
add_player: SUCCESS
add_player: SUCCESS
add_player: SUCCESS
add_player: SUCCESS
add_player: SUCCESS
add_player: SUCCESS
add_player: SUCCESS
add_player: SUCCESS
add_player: SUCCESS
add_player: SUCCESS
add_player: SUCCESS
add_player: SUCCESS
add_player: SUCCESS
add_player: SUCCESS
add_player: SUCCESS
add_player: SUCCESS
add_player: SUCCESS
add_player: SUCCESS
add_player: SUCCESS
add_player: SUCCESS
add_player: SUCCESS
add_player: SUCCESS
add_player: SUCCESS
add_player: SUCCESS
add_player: SUCCESS
add_player: SUCCESS
add_player: SUCCESS
add_player: SUCCESS
add_player: SUCCESS
add_player: SUCCESS
add_player: SUCCESS
add_player: SUCCESS
add_player: SUCCESS
add_player: SUCCESS
add_player: SUCCESS
add_player: SUCCESS
add_player: SUCCESS
add_player: SUCCESS
add_player: SUCCESS
add_player: SUCCESS
add_player: SUCCESS
add_player: SUCCESS
add_player: SUCCESS
add_player: SUCCESS
add_player: SUCCESS
add_player: SUCCESS
add_player: SUCCESS
add_player: SUCCESS
add_player: SUCCESS
add_player: SUCCESS
add_player: SUCCESS
add_player: SUCCESS
add_player: SUCCESS
add_player: SUCCESS
add_player: SUCCESS
add_player: SUCCESS
add_player: SUCCESS
add_player: SUCCESS
add_player: SUCCESS
add_player: SUCCESS
add_player: SUCCESS
add_player: SUCCESS
add_player: SUCCESS
add_player: SUCCESS
add_player: SUCCESS
add_player: SUCCESS
add_player: SUCCESS
add_player: SUCCESS
add_player: SUCCESS
add_player: SUCCESS
add_player: SUCCESS
add_player: SUCCESS
add_player: SUCCESS
add_player: SUCCESS
add_player: SUCCESS
add_player: SUCCESS
add_player: SUCCESS
add_player: SUCCESS
add_player: SUCCESS
add_player: SUCCESS
add_player: SUCCESS
add_player: SUCCESS
add_player: SUCCESS
add_player: SUCCESS
add_player: SUCCESS
add_player: SUCCESS
add_player: SUCCESS
add_player: SUCCESS
add_player: SUCCESS
add_player: SUCCESS
add_player: SUCCESS
add_player: SUCCESS
add_player: SUCCESS
add_player: SUCCESS
add_player: SUCCESS
add_player: SUCCESS
add_player: SUCCESS
add_player: SUCCESS
add_player: SUCCESS
add_player: SUCCESS
add_player: SUCCESS
add_player: SUCCESS
add_player: SUCCESS
add_player: SUCCESS
add_player: SUCCESS
add_player: SUCCESS
add_player: SUCCESS
add_player: SUCCESS
add_player: SUCCESS
add_player: SUCCESS
add_player: SUCCESS
add_player: SUCCESS
add_player: SUCCESS
add_player: SUCCESS
add_player: SUCCESS
add_player: SUCCESS
add_player: SUCCESS
add_player: SUCCESS
add_player: SUCCESS
add_player: SUCCESS
knockout_winner: SUCCESS, 16
knockout_winner: INVALID_INPUT
knockout_winner: INVALID_INPUT
knockout_winner: SUCCESS, 16
knockout_winner: SUCCESS, 11
get_team_points: SUCCESS, 611
update_player_stats: SUCCESS
play_match: SUCCESS
get_all_players: SUCCESS
196
68
101
100
14
140
199
get_all_players: SUCCESS
116
73
33
131
183
133
15
59
84
13
187
85
add_player: FAILURE
get_team_points: SUCCESS, 10539
remove_team: FAILURE
unite_teams: FAILURE
unite_teams: FAILURE
get_all_players_count: SUCCESS, 8
knockout_winner: SUCCESS, 16
knockout_winner: SUCCESS, 16
knockout_winner: SUCCESS, 7
knockout_winner: SUCCESS, 16
knockout_winner: SUCCESS, 11
get_num_played_games: SUCCESS, 2067
get_all_players: SUCCESS
116
73
33
131
183
133
15
59
84
13
187
85
remove_team: FAILURE
get_closest_player: SUCCESS, 160
play_match: FAILURE
remove_team: FAILURE
play_match: SUCCESS
get_all_players_count: SUCCESS, 12
get_top_scorer: SUCCESS, 199
get_closest_player: SUCCESS, 93
get_team_points: SUCCESS, 611
get_closest_player: SUCCESS, 74
add_player: FAILURE
play_match: SUCCESS
update_player_stats: SUCCESS
get_all_players_count: SUCCESS, 8
get_top_scorer: SUCCESS, 67
remove_player: SUCCESS
update_player_stats: SUCCESS
get_num_played_games: SUCCESS, 5717
get_closest_player: SUCCESS, 81
get_team_points: SUCCESS, 5028
update_player_stats: SUCCESS
add_team: FAILURE
get_top_scorer: SUCCESS, 80
remove_player: SUCCESS
get_all_players: SUCCESS
143
120
185
74
76
182
161
148
9
167
93
139
107
41
unite_teams: FAILURE
add_team: FAILURE
get_top_scorer: SUCCESS, 88
get_team_points: SUCCESS, 3563
get_top_scorer: SUCCESS, 174
add_team: FAILURE
remove_team: FAILURE
remove_team: FAILURE
add_player: FAILURE
add_player: FAILURE
add_player: FAILURE
get_closest_player: SUCCESS, 147
get_num_played_games: SUCCESS, 8013
get_all_players: SUCCESS
27
11
36
103
53
20
115
39
124
190
198
81
111
get_all_players: SUCCESS
135
110
49
188
132
66
109
82
8
43
178
get_closest_player: SUCCESS, 91
get_all_players: SUCCESS
97
168
137
173
35
38
31
30
136
17
104
78
58
55
remove_team: FAILURE
unite_teams: FAILURE
remove_player: SUCCESS
get_all_players: SUCCESS
181
62
114
5
127
24
125
195
80
get_team_points: SUCCESS, 5032
update_player_stats: SUCCESS
get_team_points: SUCCESS, 1606
get_top_scorer: SUCCESS, 169
get_top_scorer: SUCCESS, 174
get_num_played_games: SUCCESS, 10408
unite_teams: FAILURE
play_match: FAILURE
get_top_scorer: SUCCESS, 157
add_player: FAILURE
add_player: FAILURE
add_team: FAILURE
knockout_winner: SUCCESS, 20
knockout_winner: SUCCESS, 16
knockout_winner: FAILURE
knockout_winner: FAILURE
knockout_winner: INVALID_INPUT
get_all_players_count: SUCCESS, 7
get_all_players_count: SUCCESS, 12
get_closest_player: SUCCESS, 57
get_all_players: SUCCESS
69
6
40
79
3
191
142
89
170
149
180
get_top_scorer: SUCCESS, 85
get_closest_player: SUCCESS, 12
remove_player: SUCCESS
knockout_winner: SUCCESS, 7
knockout_winner: INVALID_INPUT
knockout_winner: INVALID_INPUT
knockout_winner: SUCCESS, 16
knockout_winner: SUCCESS, 10
get_all_players: SUCCESS
146
126
118
add_team: FAILURE
remove_team: FAILURE
get_closest_player: SUCCESS, 63
play_match: FAILURE
add_player: FAILURE
add_player: FAILURE
knockout_winner: SUCCESS, 7
knockout_winner: SUCCESS, 16
knockout_winner: SUCCESS, 7
knockout_winner: SUCCESS, 16
knockout_winner: INVALID_INPUT
get_top_scorer: SUCCESS, 61
get_top_scorer: SUCCESS, 85
get_top_scorer: SUCCESS, 111
knockout_winner: SUCCESS, 10
knockout_winner: SUCCESS, 16
knockout_winner: FAILURE
knockout_winner: SUCCESS, 16
knockout_winner: INVALID_INPUT
play_match: FAILURE
add_player: FAILURE
get_team_points: SUCCESS, 10925
play_match: FAILURE
get_all_players: SUCCESS
37
130
112
158
64
194
165
60
get_all_players: SUCCESS
97
168
137
173
35
38
31
30
136
17
104
78
58
55
play_match: SUCCESS
unite_teams: FAILURE
get_all_players_count: SUCCESS, 14
play_match: FAILURE
get_closest_player: SUCCESS, 95
get_closest_player: SUCCESS, 157
update_player_stats: SUCCESS
update_player_stats: SUCCESS
remove_player: SUCCESS
get_all_players_count: SUCCESS, 13
knockout_winner: SUCCESS, 16
knockout_winner: SUCCESS, 16
knockout_winner: SUCCESS, 7
knockout_winner: SUCCESS, 16
knockout_winner: FAILURE
get_closest_player: SUCCESS, 68
add_team: FAILURE
remove_player: SUCCESS
get_top_scorer: SUCCESS, 178
get_all_players: SUCCESS
105
162
123
197
91
177
75
50
19
57
update_player_stats: SUCCESS
add_team: FAILURE
knockout_winner: FAILURE
knockout_winner: SUCCESS, 16
knockout_winner: SUCCESS, 10
knockout_winner: SUCCESS, 20
knockout_winner: INVALID_INPUT
get_top_scorer: SUCCESS, 178
get_top_scorer: SUCCESS, 80
get_num_played_games: SUCCESS, 3037
add_player: FAILURE
get_all_players: SUCCESS
181
62
114
5
127
24
125
195
80
remove_team: FAILURE
get_closest_player: SUCCESS, 51
remove_player: SUCCESS
remove_player: SUCCESS
add_team: FAILURE
remove_player: SUCCESS
get_team_points: SUCCESS, 5032
get_top_scorer: SUCCESS, 14
get_all_players_count: SUCCESS, 6
get_all_players_count: SUCCESS, 10
get_closest_player: SUCCESS, 102
get_closest_player: SUCCESS, 86
get_all_players: SUCCESS
69
6
40
79
3
191
142
89
170
149
180
play_match: FAILURE
get_closest_player: SUCCESS, 75
get_closest_player: SUCCESS, 108
get_all_players_count: SUCCESS, 9
remove_team: FAILURE
unite_teams: FAILURE
get_all_players: SUCCESS
141
42
25
52
18
163
154
61
add_player: FAILURE
remove_player: SUCCESS
get_closest_player: SUCCESS, 129
get_all_players_count: SUCCESS, 10
update_player_stats: SUCCESS
unite_teams: FAILURE
get_top_scorer: SUCCESS, 118
play_match: FAILURE
get_all_players: SUCCESS
69
6
40
79
3
191
142
89
170
149
180
get_top_scorer: SUCCESS, 155
play_match: FAILURE
update_player_stats: SUCCESS
knockout_winner: SUCCESS, 17
knockout_winner: SUCCESS, 17
knockout_winner: SUCCESS, 10
knockout_winner: SUCCESS, 20
knockout_winner: INVALID_INPUT
get_top_scorer: SUCCESS, 34
get_closest_player: SUCCESS, 83
add_player: FAILURE
get_all_players: SUCCESS
37
130
112
64
194
165
60
get_num_played_games: SUCCESS, 422
get_top_scorer: SUCCESS, 200
add_player: FAILURE
remove_player: SUCCESS
get_top_scorer: SUCCESS, 60
unite_teams: FAILURE
add_player: FAILURE
get_closest_player: SUCCESS, 53
get_all_players: SUCCESS
102
71
145
47
172
113
16
22
70
32
1
156
remove_team: FAILURE
unite_teams: FAILURE
remove_player: SUCCESS
knockout_winner: SUCCESS, 7
knockout_winner: INVALID_INPUT
knockout_winner: INVALID_INPUT
knockout_winner: SUCCESS, 10
knockout_winner: INVALID_INPUT
get_team_points: SUCCESS, 6267
add_team: FAILURE
get_team_points: SUCCESS, 11363
remove_team: FAILURE
remove_team: FAILURE
get_all_players_count: SUCCESS, 7
unite_teams: FAILURE
get_all_players_count: SUCCESS, 14
get_team_points: SUCCESS, 5028
get_team_points: SUCCESS, 310
update_player_stats: SUCCESS
add_team: FAILURE
get_top_scorer: SUCCESS, 178
knockout_winner: FAILURE
knockout_winner: SUCCESS, 17
knockout_winner: SUCCESS, 8
knockout_winner: FAILURE
knockout_winner: INVALID_INPUT
add_team: FAILURE
get_all_players: SUCCESS
97
168
137
173
35
38
31
30
136
17
104
78
58
55
add_player: FAILURE
get_closest_player: SUCCESS, 99
remove_team: FAILURE
add_team: FAILURE
get_all_players: SUCCESS
181
62
114
127
24
125
195
80
knockout_winner: SUCCESS, 17
knockout_winner: SUCCESS, 17
knockout_winner: SUCCESS, 7
knockout_winner: SUCCESS, 17
knockout_winner: INVALID_INPUT
play_match: FAILURE
get_all_players_count: SUCCESS, 10
remove_team: FAILURE
get_all_players_count: SUCCESS, 6
get_top_scorer: SUCCESS, 80
update_player_stats: SUCCESS
knockout_winner: SUCCESS, 17
knockout_winner: SUCCESS, 17
knockout_winner: SUCCESS, 7
knockout_winner: SUCCESS, 17
knockout_winner: FAILURE
get_closest_player: SUCCESS, 194
get_top_scorer: SUCCESS, 80
add_team: FAILURE
add_player: FAILURE
remove_player: SUCCESS
remove_team: FAILURE
get_all_players_count: SUCCESS, 11
knockout_winner: SUCCESS, 7
knockout_winner: SUCCESS, 7
knockout_winner: FAILURE
knockout_winner: FAILURE
knockout_winner: INVALID_INPUT
add_player: FAILURE
add_player: FAILURE
get_team_points: SUCCESS, 3037
get_top_scorer: SUCCESS, 67
get_closest_player: SUCCESS, 61
play_match: FAILURE
get_num_played_games: SUCCESS, 6330
knockout_winner: SUCCESS, 7
knockout_winner: INVALID_INPUT
knockout_winner: INVALID_INPUT
knockout_winner: SUCCESS, 17
knockout_winner: INVALID_INPUT
update_player_stats: SUCCESS
knockout_winner: SUCCESS, 17
knockout_winner: SUCCESS, 17
knockout_winner: SUCCESS, 10
knockout_winner: SUCCESS, 20
knockout_winner: INVALID_INPUT
update_player_stats: SUCCESS
update_player_stats: SUCCESS
add_player: FAILURE
get_team_points: SUCCESS, 10539
remove_player: SUCCESS
get_all_players: SUCCESS
2
87
192
159
108
134
147
99
7
96
179
117
155
remove_team: FAILURE
get_num_played_games: SUCCESS, 5717
get_all_players: SUCCESS
97
168
137
173
35
38
31
30
136
17
104
78
58
55
get_closest_player: SUCCESS, 82
get_all_players: SUCCESS
135
110
49
132
66
109
82
8
43
178
unite_teams: FAILURE
remove_player: SUCCESS
get_closest_player: SUCCESS, 7
add_team: FAILURE
get_closest_player: SUCCESS, 115
get_all_players_count: SUCCESS, 13
unite_teams: FAILURE
add_player: FAILURE
knockout_winner: SUCCESS, 10
knockout_winner: SUCCESS, 20
knockout_winner: SUCCESS, 7
knockout_winner: SUCCESS, 20
knockout_winner: INVALID_INPUT
play_match: FAILURE
add_team: FAILURE
get_closest_player: SUCCESS, 24
play_match: FAILURE
play_match: FAILURE
get_top_scorer: SUCCESS, 156
remove_player: SUCCESS
add_player: FAILURE
get_closest_player: SUCCESS, 120
play_match: FAILURE
get_top_scorer: SUCCESS, 157
get_num_played_games: SUCCESS, 947
get_all_players_count: SUCCESS, 10
get_num_played_games: SUCCESS, 6267
play_match: SUCCESS
remove_team: FAILURE
add_player: FAILURE
unite_teams: FAILURE
remove_player: SUCCESS
add_player: FAILURE
remove_team: FAILURE
remove_team: FAILURE
knockout_winner: SUCCESS, 20
knockout_winner: SUCCESS, 20
knockout_winner: SUCCESS, 7
knockout_winner: SUCCESS, 20
knockout_winner: INVALID_INPUT
get_team_points: SUCCESS, 7741
unite_teams: INVALID_INPUT
knockout_winner: FAILURE
knockout_winner: SUCCESS, 7
knockout_winner: SUCCESS, 7
knockout_winner: FAILURE
knockout_winner: INVALID_INPUT
unite_teams: FAILURE
add_player: FAILURE
get_closest_player: SUCCESS, 60
remove_team: FAILURE
get_num_played_games: SUCCESS, 209
get_num_played_games: SUCCESS, 11156
get_all_players: SUCCESS
37
130
112
64
194
165
60
play_match: FAILURE
get_team_points: SUCCESS, 611
get_all_players: SUCCESS
106
28
54
77
169
83
update_player_stats: SUCCESS
remove_player: SUCCESS
add_team: FAILURE
update_player_stats: SUCCESS
get_team_points: SUCCESS, 337
get_top_scorer: SUCCESS, 200
unite_teams: FAILURE
play_match: FAILURE
update_player_stats: SUCCESS
get_all_players: SUCCESS
37
130
112
64
194
165
60
get_closest_player: SUCCESS, 163
get_top_scorer: SUCCESS, 67
remove_player: SUCCESS
get_team_points: SUCCESS, 3037
get_top_scorer: SUCCESS, 55
add_team: FAILURE
remove_team: FAILURE
update_player_stats: SUCCESS
update_player_stats: SUCCESS
remove_team: FAILURE
get_all_players_count: SUCCESS, 10
get_closest_player: SUCCESS, 17
update_player_stats: SUCCESS
get_closest_player: SUCCESS, 126
get_num_played_games: SUCCESS, 9644
unite_teams: SUCCESS
update_player_stats: SUCCESS
get_all_players: SUCCESS
193
4
128
176
186
23
157
get_all_players_count: SUCCESS, 3
knockout_winner: FAILURE
knockout_winner: INVALID_INPUT
knockout_winner: INVALID_INPUT
knockout_winner: SUCCESS, 7
knockout_winner: INVALID_INPUT
update_player_stats: SUCCESS
get_closest_player: SUCCESS, 101
play_match: FAILURE
add_player: FAILURE
play_match: FAILURE
update_player_stats: SUCCESS
get_all_players: SUCCESS
181
62
114
127
24
125
195
unite_teams: FAILURE
remove_player: SUCCESS
get_num_played_games: SUCCESS, 3186
unite_teams: FAILURE
knockout_winner: SUCCESS, 7
knockout_winner: INVALID_INPUT
knockout_winner: INVALID_INPUT
knockout_winner: SUCCESS, 10
knockout_winner: INVALID_INPUT
get_closest_player: SUCCESS, 110
update_player_stats: SUCCESS
remove_team: FAILURE
remove_player: SUCCESS
remove_player: SUCCESS
unite_teams: FAILURE
update_player_stats: SUCCESS
add_team: FAILURE
play_match: FAILURE
knockout_winner: SUCCESS, 20
knockout_winner: SUCCESS, 20
knockout_winner: SUCCESS, 10
knockout_winner: SUCCESS, 20
knockout_winner: INVALID_INPUT
update_player_stats: SUCCESS
update_player_stats: SUCCESS
knockout_winner: SUCCESS, 7
knockout_winner: INVALID_INPUT
knockout_winner: INVALID_INPUT
knockout_winner: SUCCESS, 7
knockout_winner: INVALID_INPUT
get_all_players: SUCCESS
106
28
54
77
169
83
update_player_stats: SUCCESS
get_all_players: SUCCESS
184
56
119
46
65
86
189
200
add_player: FAILURE
get_all_players: SUCCESS
120
185
76
182
161
148
167
139
107
74
41
93
remove_team: FAILURE
get_num_played_games: SUCCESS, 3670
get_num_played_games: SUCCESS, 6051
update_player_stats: SUCCESS
add_team: FAILURE
get_top_scorer: SUCCESS, 200
get_num_played_games: SUCCESS, 1899
play_match: INVALID_INPUT
remove_team: FAILURE
play_match: FAILURE
play_match: FAILURE
remove_team: FAILURE
remove_player: SUCCESS
update_player_stats: SUCCESS
get_all_players: SUCCESS
138
144
63
29
21
151
10
add_team: FAILURE
unite_teams: FAILURE
unite_teams: INVALID_INPUT
get_closest_player: SUCCESS, 176
update_player_stats: SUCCESS
get_closest_player: SUCCESS, 165
update_player_stats: SUCCESS
unite_teams: FAILURE
get_all_players: SUCCESS
110
49
132
109
82
8
43
178
135
knockout_winner: FAILURE
knockout_winner: INVALID_INPUT
knockout_winner: INVALID_INPUT
knockout_winner: SUCCESS, 7
knockout_winner: INVALID_INPUT
get_all_players: SUCCESS
105
123
197
91
75
162
19
177
57
50
play_match: FAILURE
add_player: FAILURE
knockout_winner: SUCCESS, 20
knockout_winner: SUCCESS, 7
knockout_winner: SUCCESS, 7
knockout_winner: SUCCESS, 20
knockout_winner: FAILURE
get_all_players_count: SUCCESS, 12
knockout_winner: SUCCESS, 7
knockout_winner: SUCCESS, 7
knockout_winner: SUCCESS, 7
knockout_winner: FAILURE
knockout_winner: INVALID_INPUT
remove_player: SUCCESS
get_all_players_count: SUCCESS, 7
get_top_scorer: SUCCESS, 111
unite_teams: FAILURE
remove_team: FAILURE
add_player: FAILURE
get_all_players: SUCCESS
26
90
48
153
164
92
121
174
update_player_stats: SUCCESS
get_closest_player: SUCCESS, 126
play_match: FAILURE
play_match: FAILURE
add_player: FAILURE
remove_team: FAILURE
play_match: FAILURE
add_player: FAILURE
get_closest_player: SUCCESS, 121
get_num_played_games: SUCCESS, 7704
play_match: FAILURE
knockout_winner: FAILURE
knockout_winner: SUCCESS, 7
knockout_winner: SUCCESS, 7
knockout_winner: SUCCESS, 20
knockout_winner: INVALID_INPUT
get_closest_player: SUCCESS, 75
add_player: FAILURE
knockout_winner: SUCCESS, 7
knockout_winner: SUCCESS, 7
knockout_winner: FAILURE
knockout_winner: FAILURE
knockout_winner: INVALID_INPUT
add_player: FAILURE
get_team_points: SUCCESS, 337
remove_player: SUCCESS
knockout_winner: SUCCESS, 10
knockout_winner: SUCCESS, 7
knockout_winner: SUCCESS, 7
knockout_winner: SUCCESS, 20
knockout_winner: INVALID_INPUT
update_player_stats: SUCCESS
get_top_scorer: SUCCESS, 135
get_top_scorer: SUCCESS, 99
remove_player: SUCCESS
get_all_players_count: SUCCESS, 7
knockout_winner: FAILURE
knockout_winner: INVALID_INPUT
knockout_winner: INVALID_INPUT
knockout_winner: SUCCESS, 10
knockout_winner: INVALID_INPUT
unite_teams: FAILURE
get_top_scorer: SUCCESS, 157
get_all_players: SUCCESS
2
51
87
192
152
44
98
94
108
129
134
175
160
147
150
95
166
7
96
179
67
171
117
159
155
99
unite_teams: INVALID_INPUT
get_all_players_count: SUCCESS, 9
add_team: FAILURE
remove_player: SUCCESS
get_all_players: SUCCESS
116
73
33
131
15
59
13
187
133
183
get_num_played_games: SUCCESS, 1826
add_player: FAILURE
add_player: FAILURE
add_player: FAILURE
play_match: INVALID_INPUT
update_player_stats: SUCCESS
remove_player: SUCCESS
remove_player: SUCCESS
add_team: FAILURE
get_num_played_games: SUCCESS, 351
play_match: FAILURE
get_team_points: SUCCESS, 9957
get_closest_player: SUCCESS, 43
get_num_played_games: SUCCESS, 6121
get_num_played_games: SUCCESS, 10298
get_num_played_games: SUCCESS, 7704
get_all_players_count: SUCCESS, 7
get_team_points: SUCCESS, 8479
get_num_played_games: SUCCESS, 7704
play_match: FAILURE
remove_team: FAILURE
get_team_points: SUCCESS, 5028
knockout_winner: SUCCESS, 7
knockout_winner: INVALID_INPUT
knockout_winner: INVALID_INPUT
knockout_winner: SUCCESS, 7
knockout_winner: INVALID_INPUT
play_match: FAILURE
remove_player: SUCCESS
unite_teams: FAILURE
get_num_played_games: SUCCESS, 6330
remove_team: FAILURE
get_top_scorer: SUCCESS, 61
remove_team: FAILURE
unite_teams: FAILURE
get_team_points: SUCCESS, 3578
add_player: FAILURE
unite_teams: FAILURE
remove_team: FAILURE
remove_team: FAILURE
update_player_stats: SUCCESS
get_all_players_count: SUCCESS, 9
remove_player: SUCCESS
get_team_points: SUCCESS, 5028
get_all_players: SUCCESS
196
101
100
140
14
199
knockout_winner: FAILURE
knockout_winner: SUCCESS, 7
knockout_winner: SUCCESS, 7
knockout_winner: SUCCESS, 20
knockout_winner: INVALID_INPUT
add_team: FAILURE
play_match: FAILURE
get_num_played_games: SUCCESS, 8459
unite_teams: FAILURE
remove_player: SUCCESS
get_all_players: SUCCESS
138
144
63
29
21
151
10
get_all_players: SUCCESS
106
28
54
77
83
169
remove_team: FAILURE
remove_player: SUCCESS
get_all_players_count: SUCCESS, 10
add_player: FAILURE
add_team: FAILURE
update_player_stats: SUCCESS
remove_team: FAILURE
remove_player: SUCCESS
add_player: FAILURE
update_player_stats: SUCCESS
remove_team: FAILURE
play_match: FAILURE
unite_teams: FAILURE
get_all_players: SUCCESS
26
90
48
153
164
92
121
174
knockout_winner: FAILURE
knockout_winner: SUCCESS, 20
knockout_winner: FAILURE
knockout_winner: FAILURE
knockout_winner: INVALID_INPUT
get_all_players: SUCCESS
138
144
63
29
21
151
play_match: FAILURE
get_closest_player: SUCCESS, 183
unite_teams: FAILURE
update_player_stats: SUCCESS
get_team_points: SUCCESS, 3578
get_num_played_games: SUCCESS, 5232
unite_teams: FAILURE
get_num_played_games: SUCCESS, 2874
update_player_stats: SUCCESS
add_team: FAILURE
remove_team: FAILURE
play_match: FAILURE
add_player: FAILURE
add_player: FAILURE
knockout_winner: SUCCESS, 20
knockout_winner: SUCCESS, 20
knockout_winner: FAILURE
knockout_winner: FAILURE
knockout_winner: INVALID_INPUT
get_closest_player: SUCCESS, 86
add_player: FAILURE
get_all_players_count: SUCCESS, 3
get_closest_player: SUCCESS, 128
remove_team: FAILURE
get_all_players_count: SUCCESS, 14
get_all_players_count: SUCCESS, 6
get_num_played_games: SUCCESS, 23391
add_team: FAILURE
get_closest_player: SUCCESS, 164
play_match: SUCCESS
knockout_winner: FAILURE
knockout_winner: SUCCESS, 10
knockout_winner: FAILURE
knockout_winner: FAILURE
knockout_winner: INVALID_INPUT
update_player_stats: SUCCESS
get_all_players: SUCCESS
2
51
87
192
152
44
98
94
108
134
175
147
150
166
7
96
179
67
171
117
159
155
160
95
99
remove_team: FAILURE
get_num_played_games: SUCCESS, 2409
add_player: FAILURE
get_num_played_games: SUCCESS, 4636
get_top_scorer: SUCCESS, 41
update_player_stats: SUCCESS
update_player_stats: SUCCESS
get_all_players: SUCCESS
181
62
114
127
125
get_all_players_count: SUCCESS, 10
get_all_players: SUCCESS
123
197
91
75
162
19
177
57
50
get_closest_player: SUCCESS, 83
get_all_players: SUCCESS
196
101
100
140
14
199
update_player_stats: SUCCESS
get_closest_player: SUCCESS, 15
get_team_points: SUCCESS, 11072
get_team_points: SUCCESS, 5032
add_team: FAILURE
get_num_played_games: SUCCESS, 4129
unite_teams: FAILURE
get_top_scorer: SUCCESS, 50
get_all_players: SUCCESS
141
42
25
52
154
18
61
remove_player: SUCCESS
remove_player: SUCCESS
get_closest_player: SUCCESS, 108
unite_teams: FAILURE
remove_team: FAILURE
knockout_winner: FAILURE
knockout_winner: SUCCESS, 20
knockout_winner: SUCCESS, 10
knockout_winner: SUCCESS, 20
knockout_winner: INVALID_INPUT
unite_teams: FAILURE
get_top_scorer: SUCCESS, 92
unite_teams: SUCCESS
knockout_winner: SUCCESS, 10
knockout_winner: SUCCESS, 14
knockout_winner: FAILURE
knockout_winner: SUCCESS, 14
knockout_winner: INVALID_INPUT
unite_teams: FAILURE
get_all_players_count: SUCCESS, 9
play_match: FAILURE
get_closest_player: SUCCESS, 180
get_num_played_games: SUCCESS, 23849
add_team: FAILURE
play_match: FAILURE
get_closest_player: SUCCESS, 148
get_team_points: SUCCESS, 2319
remove_team: FAILURE
knockout_winner: SUCCESS, 20
knockout_winner: SUCCESS, 20
knockout_winner: SUCCESS, 14
knockout_winner: SUCCESS, 20
knockout_winner: SUCCESS, 14
update_player_stats: SUCCESS
get_top_scorer: SUCCESS, 41
get_closest_player: SUCCESS, 95
remove_team: FAILURE
get_all_players: SUCCESS
184
56
46
119
65
86
200
add_team: FAILURE
remove_player: SUCCESS
update_player_stats: SUCCESS
add_team: FAILURE
knockout_winner: FAILURE
knockout_winner: SUCCESS, 14
knockout_winner: FAILURE
knockout_winner: SUCCESS, 14
knockout_winner: INVALID_INPUT
play_match: FAILURE
get_num_played_games: SUCCESS, 13418
unite_teams: INVALID_INPUT
get_team_points: SUCCESS, 5032
get_num_played_games: SUCCESS, 10040
unite_teams: FAILURE
remove_player: SUCCESS
update_player_stats: SUCCESS
get_all_players_count: SUCCESS, 16
get_top_scorer: SUCCESS, 125
add_player: FAILURE
play_match: FAILURE
add_player: FAILURE
remove_team: FAILURE
get_team_points: SUCCESS, 4107
get_all_players_count: SUCCESS, 6
get_num_played_games: SUCCESS, 16216
remove_team: FAILURE
get_all_players_count: SUCCESS, 9
get_top_scorer: SUCCESS, 41
update_player_stats: SUCCESS
get_all_players_count: SUCCESS, 5
remove_team: FAILURE
add_team: FAILURE
get_num_played_games: SUCCESS, 14959
remove_player: SUCCESS
get_closest_player: SUCCESS, 61
knockout_winner: SUCCESS, 14
knockout_winner: INVALID_INPUT
knockout_winner: INVALID_INPUT
knockout_winner: SUCCESS, 14
knockout_winner: SUCCESS, 10
get_closest_player: SUCCESS, 140
add_player: FAILURE
get_top_scorer: SUCCESS, 60
update_player_stats: SUCCESS
add_team: FAILURE
add_team: FAILURE
get_top_scorer: SUCCESS, 92
get_all_players_count: SUCCESS, 8
remove_player: SUCCESS
add_player: FAILURE
get_all_players: SUCCESS
145
172
113
102
70
1
156
22
get_closest_player: SUCCESS, 184
update_player_stats: SUCCESS
get_all_players: SUCCESS
37
130
64
194
165
60
remove_team: FAILURE
play_match: FAILURE
add_player: FAILURE
update_player_stats: SUCCESS
remove_team: FAILURE
get_closest_player: SUCCESS, 97
unite_teams: FAILURE
update_player_stats: SUCCESS
add_player: FAILURE
unite_teams: FAILURE
get_closest_player: SUCCESS, 61
add_player: FAILURE
get_all_players_count: SUCCESS, 3
add_player: FAILURE
get_closest_player: SUCCESS, 8
knockout_winner: SUCCESS, 14
knockout_winner: SUCCESS, 14
knockout_winner: FAILURE
knockout_winner: SUCCESS, 14
knockout_winner: INVALID_INPUT
get_all_players: SUCCESS
196
101
100
140
14
199
add_team: FAILURE
remove_player: SUCCESS
remove_player: SUCCESS
remove_player: SUCCESS
get_team_points: SUCCESS, 3852
get_closest_player: SUCCESS, 191
get_top_scorer: SUCCESS, 169
update_player_stats: SUCCESS
add_player: FAILURE
add_player: FAILURE
update_player_stats: SUCCESS
unite_teams: FAILURE
add_player: FAILURE
get_all_players: SUCCESS
196
101
100
140
14
199
get_all_players_count: SUCCESS, 9
get_top_scorer: SUCCESS, 118
get_all_players: SUCCESS
145
172
113
102
70
1
156
22
remove_player: SUCCESS
remove_player: SUCCESS
remove_player: SUCCESS
get_num_played_games: SUCCESS, 7930
knockout_winner: SUCCESS, 14
knockout_winner: INVALID_INPUT
knockout_winner: INVALID_INPUT
knockout_winner: SUCCESS, 14
knockout_winner: SUCCESS, 10
get_all_players: SUCCESS
146
126
118
play_match: FAILURE
knockout_winner: INVALID_INPUT
knockout_winner: FAILURE
knockout_winner: INVALID_INPUT
knockout_winner: INVALID_INPUT
knockout_winner: INVALID_INPUT
get_team_points: SUCCESS, 9957
add_team: FAILURE
add_team: FAILURE
remove_player: SUCCESS
unite_teams: FAILURE
knockout_winner: SUCCESS, 10
knockout_winner: SUCCESS, 14
knockout_winner: FAILURE
knockout_winner: SUCCESS, 14
knockout_winner: INVALID_INPUT
remove_player: SUCCESS
get_top_scorer: SUCCESS, 50
get_all_players: SUCCESS
181
62
114
127
125
add_player: FAILURE
update_player_stats: SUCCESS
add_team: FAILURE
remove_player: SUCCESS
play_match: FAILURE
add_player: FAILURE
play_match: FAILURE
knockout_winner: FAILURE
knockout_winner: INVALID_INPUT
knockout_winner: INVALID_INPUT
knockout_winner: SUCCESS, 10
knockout_winner: INVALID_INPUT
get_all_players: SUCCESS
193
6
4
128
79
3
176
23
191
157
170
149
180
186
142
add_team: FAILURE
add_player: FAILURE
get_num_played_games: SUCCESS, 11628
get_num_played_games: SUCCESS, 18575
remove_player: SUCCESS
knockout_winner: SUCCESS, 14
knockout_winner: SUCCESS, 14
knockout_winner: FAILURE
knockout_winner: FAILURE
knockout_winner: INVALID_INPUT
add_player: FAILURE
unite_teams: SUCCESS
get_all_players_count: SUCCESS, 3
add_player: FAILURE
add_player: FAILURE
update_player_stats: SUCCESS
play_match: FAILURE
get_team_points: SUCCESS, 3037
get_all_players_count: SUCCESS, 23
get_all_players: SUCCESS
106
28
54
77
83
169
get_team_points: SUCCESS, 337
get_num_played_games: SUCCESS, 14112
knockout_winner: FAILURE
knockout_winner: SUCCESS, 20
knockout_winner: SUCCESS, 10
knockout_winner: SUCCESS, 20
knockout_winner: INVALID_INPUT
remove_team: FAILURE
update_player_stats: SUCCESS
get_closest_player: SUCCESS, 148
get_all_players_count: SUCCESS, 10
add_team: FAILURE
unite_teams: FAILURE
update_player_stats: SUCCESS
get_team_points: SUCCESS, 1606
get_team_points: SUCCESS, 2319
play_match: FAILURE
add_player: FAILURE
remove_player: SUCCESS
get_all_players_count: SUCCESS, 5
get_team_points: SUCCESS, 9957
add_team: FAILURE
get_top_scorer: SUCCESS, 21
get_all_players_count: SUCCESS, 23
get_all_players_count: SUCCESS, 14
remove_player: SUCCESS
get_top_scorer: SUCCESS, 22
get_all_players_count: SUCCESS, 5
update_player_stats: SUCCESS
get_all_players: SUCCESS
146
118
remove_team: FAILURE
get_team_points: SUCCESS, 4107
get_team_points: SUCCESS, 4107
get_team_points: SUCCESS, 9957
remove_team: FAILURE
knockout_winner: SUCCESS, 10
knockout_winner: SUCCESS, 13
knockout_winner: FAILURE
knockout_winner: SUCCESS, 13
knockout_winner: INVALID_INPUT
get_top_scorer: SUCCESS, 17
get_all_players: SUCCESS
193
6
4
26
90
128
79
48
153
164
176
23
121
191
157
174
170
149
92
186
3
142
180
knockout_winner: SUCCESS, 10
knockout_winner: SUCCESS, 13
knockout_winner: FAILURE
knockout_winner: FAILURE
knockout_winner: INVALID_INPUT
get_top_scorer: SUCCESS, 17
get_num_played_games: SUCCESS, 4044
get_closest_player: SUCCESS, 23
get_team_points: SUCCESS, 11363
get_team_points: SUCCESS, 5234
get_top_scorer: SUCCESS, 180
unite_teams: FAILURE
get_team_points: SUCCESS, 11072
remove_player: SUCCESS
knockout_winner: FAILURE
knockout_winner: SUCCESS, 20
knockout_winner: SUCCESS, 13
knockout_winner: FAILURE
knockout_winner: INVALID_INPUT
update_player_stats: SUCCESS
get_all_players_count: SUCCESS, 7
remove_team: FAILURE
remove_player: SUCCESS
get_closest_player: SUCCESS, 190
unite_teams: FAILURE
get_all_players: SUCCESS
106
28
54
77
83
169
get_all_players: SUCCESS
2
87
192
44
98
94
108
134
175
147
150
96
179
152
67
171
166
159
155
160
99
get_team_points: SUCCESS, 8522
get_num_played_games: SUCCESS, 2651
get_top_scorer: SUCCESS, 21
get_top_scorer: SUCCESS, 86
remove_player: SUCCESS
get_all_players: SUCCESS
141
42
25
52
154
18
61
get_num_played_games: SUCCESS, 18792
get_all_players: SUCCESS
168
173
35
137
38
97
31
30
136
104
78
55
58
17
get_closest_player: SUCCESS, 174
get_team_points: SUCCESS, 13809
knockout_winner: SUCCESS, 13
knockout_winner: SUCCESS, 20
knockout_winner: SUCCESS, 10
knockout_winner: SUCCESS, 20
knockout_winner: INVALID_INPUT
add_team: FAILURE
knockout_winner: SUCCESS, 10
knockout_winner: SUCCESS, 13
knockout_winner: FAILURE
knockout_winner: SUCCESS, 13
knockout_winner: INVALID_INPUT
get_all_players_count: SUCCESS, 5
get_all_players: SUCCESS
181
62
114
127
125
play_match: FAILURE
get_all_players_count: SUCCESS, 23
update_player_stats: SUCCESS
update_player_stats: SUCCESS
unite_teams: FAILURE
play_match: FAILURE
get_top_scorer: SUCCESS, 60
play_match: FAILURE
unite_teams: FAILURE
remove_team: FAILURE
remove_team: FAILURE
remove_team: FAILURE
unite_teams: FAILURE
play_match: FAILURE
remove_team: FAILURE
add_player: FAILURE
get_num_played_games: SUCCESS, 8459
update_player_stats: SUCCESS
remove_player: SUCCESS
get_team_points: SUCCESS, 337
get_num_played_games: SUCCESS, 850
get_num_played_games: SUCCESS, 6408
get_top_scorer: SUCCESS, 111
get_top_scorer: SUCCESS, 61
get_top_scorer: SUCCESS, 199
get_num_played_games: SUCCESS, 16274
remove_player: SUCCESS
get_num_played_games: SUCCESS, 8370
remove_team: FAILURE
knockout_winner: FAILURE
knockout_winner: SUCCESS, 20
knockout_winner: SUCCESS, 13
knockout_winner: FAILURE
knockout_winner: INVALID_INPUT
get_top_scorer: SUCCESS, 125
unite_teams: FAILURE
update_player_stats: SUCCESS
get_top_scorer: SUCCESS, 22
get_team_points: SUCCESS, 8522
remove_player: SUCCESS
add_team: FAILURE
get_all_players: SUCCESS
138
63
29
151
21
knockout_winner: FAILURE
knockout_winner: INVALID_INPUT
knockout_winner: INVALID_INPUT
knockout_winner: FAILURE
knockout_winner: INVALID_INPUT
get_all_players_count: SUCCESS, 5
add_team: FAILURE
knockout_winner: FAILURE
knockout_winner: SUCCESS, 13
knockout_winner: FAILURE
knockout_winner: SUCCESS, 13
knockout_winner: INVALID_INPUT
add_player: FAILURE
remove_team: FAILURE
knockout_winner: SUCCESS, 20
knockout_winner: SUCCESS, 20
knockout_winner: FAILURE
knockout_winner: FAILURE
knockout_winner: INVALID_INPUT
get_all_players_count: SUCCESS, 6
get_closest_player: SUCCESS, 182
remove_team: FAILURE
get_top_scorer: SUCCESS, 21
play_match: FAILURE
unite_teams: INVALID_INPUT
unite_teams: FAILURE
get_num_played_games: SUCCESS, 14112
get_top_scorer: SUCCESS, 180
get_all_players: SUCCESS
73
33
59
13
187
133
183
15
get_all_players_count: SUCCESS, 7
get_team_points: SUCCESS, 5234
unite_teams: FAILURE
add_team: FAILURE
remove_player: SUCCESS
get_team_points: SUCCESS, 3852
get_num_played_games: SUCCESS, 12172
unite_teams: FAILURE
get_num_played_games: SUCCESS, 505
remove_player: SUCCESS
add_player: FAILURE
add_player: FAILURE
play_match: FAILURE
update_player_stats: SUCCESS
play_match: FAILURE
add_player: FAILURE
update_player_stats: SUCCESS
get_top_scorer: SUCCESS, 180
knockout_winner: FAILURE
knockout_winner: SUCCESS, 20
knockout_winner: SUCCESS, 10
knockout_winner: SUCCESS, 20
knockout_winner: INVALID_INPUT
get_all_players_count: SUCCESS, 5
remove_team: FAILURE
get_num_played_games: SUCCESS, 9240
add_team: FAILURE
get_top_scorer: SUCCESS, 60
get_all_players: SUCCESS
27
36
115
39
81
111
get_top_scorer: SUCCESS, 21
get_all_players_count: SUCCESS, 21
knockout_winner: SUCCESS, 20
knockout_winner: SUCCESS, 20
knockout_winner: SUCCESS, 13
knockout_winner: SUCCESS, 20
knockout_winner: SUCCESS, 13
knockout_winner: SUCCESS, 10
knockout_winner: SUCCESS, 13
knockout_winner: FAILURE
knockout_winner: FAILURE
knockout_winner: INVALID_INPUT
add_player: FAILURE
get_team_points: SUCCESS, 4107
get_all_players: SUCCESS
196
100
140
14
199
get_all_players: SUCCESS
27
36
115
39
81
111
knockout_winner: SUCCESS, 13
knockout_winner: SUCCESS, 20
knockout_winner: SUCCESS, 13
knockout_winner: SUCCESS, 20
knockout_winner: INVALID_INPUT
remove_team: FAILURE
get_team_points: SUCCESS, 337
knockout_winner: SUCCESS, 10
knockout_winner: INVALID_INPUT
knockout_winner: INVALID_INPUT
knockout_winner: SUCCESS, 13
knockout_winner: INVALID_INPUT
update_player_stats: SUCCESS
get_num_played_games: SUCCESS, 16636
add_player: FAILURE
get_num_played_games: SUCCESS, 12172
update_player_stats: SUCCESS
knockout_winner: FAILURE
knockout_winner: SUCCESS, 20
knockout_winner: SUCCESS, 10
knockout_winner: SUCCESS, 20
knockout_winner: INVALID_INPUT
get_closest_player: SUCCESS, 60
update_player_stats: SUCCESS
get_team_points: SUCCESS, 5028
unite_teams: SUCCESS
get_top_scorer: SUCCESS, 17
get_top_scorer: SUCCESS, 111
get_team_points: SUCCESS, 5028
unite_teams: FAILURE
get_all_players: SUCCESS
146
118
get_closest_player: SUCCESS, 102
add_player: FAILURE
get_num_played_games: SUCCESS, 3290
remove_team: FAILURE
get_team_points: SUCCESS, 1606
unite_teams: FAILURE
get_top_scorer: SUCCESS, 180
get_closest_player: SUCCESS, 98
unite_teams: SUCCESS
get_num_played_games: SUCCESS, 20266
get_team_points: SUCCESS, 13836
remove_team: FAILURE
get_all_players_count: SUCCESS, 20
knockout_winner: SUCCESS, 20
knockout_winner: SUCCESS, 20
knockout_winner: FAILURE
knockout_winner: FAILURE
knockout_winner: INVALID_INPUT
update_player_stats: SUCCESS
knockout_winner: INVALID_INPUT
knockout_winner: FAILURE
knockout_winner: INVALID_INPUT
knockout_winner: INVALID_INPUT
knockout_winner: INVALID_INPUT
get_team_points: SUCCESS, 19865
get_all_players_count: SUCCESS, 29
get_num_played_games: SUCCESS, 9585
remove_team: FAILURE
remove_player: SUCCESS
get_team_points: SUCCESS, 16597
remove_team: FAILURE
get_all_players_count: SUCCESS, 5
unite_teams: SUCCESS
get_all_players_count: SUCCESS, 5
remove_team: FAILURE
add_team: FAILURE
play_match: FAILURE
remove_team: FAILURE
add_player: FAILURE
remove_team: FAILURE
get_top_scorer: SUCCESS, 169
update_player_stats: SUCCESS
remove_player: SUCCESS
get_top_scorer: SUCCESS, 111
get_all_players_count: SUCCESS, 27
get_team_points: SUCCESS, 2319
unite_teams: FAILURE
get_num_played_games: SUCCESS, 70
add_team: FAILURE
update_player_stats: SUCCESS
remove_team: FAILURE
get_all_players_count: SUCCESS, 7
play_match: FAILURE
play_match: INVALID_INPUT
play_match: FAILURE
unite_teams: FAILURE
get_all_players_count: SUCCESS, 5
update_player_stats: SUCCESS
get_team_points: SUCCESS, 4107
get_top_scorer: SUCCESS, 18
get_closest_player: SUCCESS, 60
get_closest_player: SUCCESS, 54
add_player: FAILURE
get_closest_player: SUCCESS, 181
knockout_winner: FAILURE
knockout_winner: SUCCESS, 11
knockout_winner: SUCCESS, 11
knockout_winner: FAILURE
knockout_winner: INVALID_INPUT
knockout_winner: SUCCESS, 11
knockout_winner: SUCCESS, 11
knockout_winner: SUCCESS, 11
knockout_winner: SUCCESS, 11
knockout_winner: SUCCESS, 11
get_team_points: SUCCESS, 9957
add_team: FAILURE
add_player: FAILURE
get_num_played_games: SUCCESS, 6520
get_all_players: SUCCESS
37
130
146
194
165
60
118
get_all_players: SUCCESS
196
100
140
14
199
remove_team: FAILURE
update_player_stats: SUCCESS
add_team: FAILURE
add_team: FAILURE
add_team: FAILURE
get_top_scorer: SUCCESS, 22
get_closest_player: SUCCESS, 166
remove_team: FAILURE
play_match: SUCCESS
get_all_players: SUCCESS
27
36
115
39
81
111
get_top_scorer: SUCCESS, 15
add_player: FAILURE
update_player_stats: SUCCESS
get_all_players_count: SUCCESS, 6
get_top_scorer: SUCCESS, 180
get_top_scorer: SUCCESS, 111
get_closest_player: SUCCESS, 183
add_player: FAILURE
unite_teams: FAILURE
unite_teams: FAILURE
unite_teams: INVALID_INPUT
get_top_scorer: SUCCESS, 86
add_team: FAILURE
get_num_played_games: SUCCESS, 9345
get_num_played_games: SUCCESS, 9499
get_closest_player: SUCCESS, 1
play_match: FAILURE
get_num_played_games: SUCCESS, 9345
get_all_players_count: SUCCESS, 6
get_all_players_count: SUCCESS, 7
remove_team: FAILURE
play_match: FAILURE
get_all_players_count: SUCCESS, 5
update_player_stats: SUCCESS
add_player: FAILURE
unite_teams: FAILURE
add_team: FAILURE
remove_team: FAILURE
remove_team: FAILURE
get_all_players_count: SUCCESS, 5
knockout_winner: INVALID_INPUT
knockout_winner: SUCCESS, 3
knockout_winner: INVALID_INPUT
knockout_winner: INVALID_INPUT
knockout_winner: INVALID_INPUT
play_match: FAILURE
get_num_played_games: SUCCESS, 18009
unite_teams: SUCCESS
get_all_players_count: SUCCESS, 34
add_player: FAILURE
remove_player: SUCCESS
remove_player: SUCCESS
update_player_stats: SUCCESS
get_team_points: SUCCESS, 11072
get_top_scorer: SUCCESS, 21
knockout_winner: INVALID_INPUT
knockout_winner: FAILURE
knockout_winner: INVALID_INPUT
knockout_winner: INVALID_INPUT
knockout_winner: INVALID_INPUT
unite_teams: FAILURE
update_player_stats: SUCCESS
get_num_played_games: SUCCESS, 3609
get_all_players: SUCCESS
185
161
167
139
107
148
41
182
74
get_all_players: SUCCESS
123
91
162
19
50
get_all_players: SUCCESS
73
33
59
13
187
133
183
15
unite_teams: SUCCESS
unite_teams: FAILURE
get_closest_player: SUCCESS, 186
get_all_players_count: SUCCESS, 6
get_team_points: SUCCESS, 6267
get_closest_player: SUCCESS, 192
play_match: FAILURE
add_team: FAILURE
add_player: FAILURE
remove_player: SUCCESS
play_match: FAILURE
get_team_points: SUCCESS, 3852
knockout_winner: SUCCESS, 11
knockout_winner: SUCCESS, 3
knockout_winner: SUCCESS, 3
knockout_winner: SUCCESS, 11
knockout_winner: INVALID_INPUT
play_match: FAILURE
add_player: FAILURE
get_top_scorer: SUCCESS, 180
update_player_stats: SUCCESS
add_team: FAILURE
get_team_points: SUCCESS, 3037
get_top_scorer: SUCCESS, 118
get_all_players_count: SUCCESS, 9
remove_team: FAILURE
get_num_played_games: SUCCESS, 2538
get_closest_player: SUCCESS, 55
get_num_played_games: SUCCESS, 9270
play_match: FAILURE
remove_player: SUCCESS
get_num_played_games: SUCCESS, 10919
remove_team: FAILURE
remove_player: SUCCESS
unite_teams: FAILURE
remove_player: SUCCESS
remove_player: SUCCESS
remove_player: SUCCESS
remove_player: SUCCESS
remove_player: SUCCESS
remove_player: SUCCESS
remove_player: SUCCESS
remove_player: SUCCESS
remove_player: SUCCESS
remove_player: SUCCESS
remove_player: SUCCESS
remove_player: SUCCESS
remove_player: SUCCESS
remove_player: SUCCESS
remove_player: SUCCESS
remove_player: SUCCESS
remove_player: SUCCESS
remove_player: SUCCESS
remove_player: SUCCESS
remove_player: SUCCESS
remove_player: SUCCESS
remove_player: SUCCESS
remove_player: SUCCESS
remove_player: SUCCESS
remove_player: SUCCESS
remove_player: SUCCESS
remove_player: SUCCESS
remove_player: SUCCESS
remove_player: SUCCESS
remove_player: SUCCESS
remove_player: SUCCESS
remove_player: SUCCESS
remove_player: SUCCESS
remove_player: SUCCESS
remove_player: SUCCESS
remove_player: SUCCESS
remove_player: SUCCESS
remove_player: SUCCESS
remove_player: SUCCESS
remove_player: SUCCESS
remove_player: SUCCESS
remove_player: SUCCESS
remove_player: SUCCESS
remove_player: SUCCESS
remove_player: SUCCESS
remove_player: SUCCESS
remove_player: SUCCESS
remove_player: SUCCESS
remove_player: SUCCESS
remove_player: SUCCESS
remove_player: SUCCESS
remove_player: SUCCESS
remove_player: SUCCESS
remove_player: SUCCESS
remove_player: SUCCESS
remove_player: SUCCESS
remove_player: SUCCESS
remove_player: SUCCESS
remove_player: SUCCESS
remove_player: SUCCESS
remove_player: SUCCESS
remove_player: SUCCESS
remove_player: SUCCESS
remove_player: SUCCESS
remove_player: SUCCESS
remove_player: SUCCESS
remove_player: SUCCESS
remove_player: SUCCESS
remove_player: SUCCESS
remove_player: SUCCESS
remove_player: SUCCESS
remove_player: SUCCESS
remove_player: SUCCESS
remove_player: SUCCESS
remove_player: SUCCESS
remove_player: SUCCESS
remove_player: SUCCESS
remove_player: SUCCESS
remove_player: SUCCESS
remove_player: SUCCESS
remove_player: SUCCESS
remove_player: SUCCESS
remove_player: SUCCESS
remove_player: SUCCESS
remove_player: SUCCESS
remove_player: SUCCESS
remove_player: SUCCESS
remove_player: SUCCESS
remove_player: SUCCESS
remove_player: SUCCESS
remove_player: SUCCESS
remove_player: SUCCESS
remove_player: SUCCESS
remove_player: SUCCESS
remove_player: SUCCESS
remove_player: SUCCESS
remove_player: SUCCESS
remove_player: SUCCESS
remove_player: SUCCESS
remove_player: SUCCESS
remove_player: SUCCESS
remove_player: SUCCESS
remove_player: SUCCESS
remove_player: SUCCESS
remove_player: SUCCESS
remove_player: SUCCESS
remove_player: SUCCESS
remove_player: SUCCESS
remove_player: SUCCESS
remove_player: SUCCESS
remove_player: SUCCESS
remove_player: SUCCESS
remove_player: SUCCESS
remove_player: SUCCESS
remove_player: SUCCESS
remove_player: SUCCESS
remove_player: SUCCESS
remove_player: SUCCESS
remove_player: SUCCESS
remove_player: SUCCESS
remove_player: SUCCESS
remove_player: SUCCESS
remove_player: SUCCESS
remove_player: SUCCESS
remove_player: SUCCESS
remove_player: SUCCESS
remove_player: SUCCESS
remove_player: SUCCESS
remove_player: SUCCESS
remove_player: SUCCESS
remove_player: SUCCESS
remove_player: SUCCESS
remove_player: SUCCESS
remove_team: SUCCESS
remove_team: SUCCESS
remove_team: SUCCESS
remove_team: SUCCESS
remove_team: SUCCESS
remove_team: SUCCESS
remove_team: SUCCESS
remove_team: SUCCESS
remove_team: SUCCESS
remove_team: SUCCESS
remove_team: SUCCESS
remove_team: SUCCESS
