add_team: SUCCESS
add_team: SUCCESS
add_team: SUCCESS
add_team: SUCCESS
add_team: SUCCESS
add_team: SUCCESS
add_team: SUCCESS
add_team: SUCCESS
add_team: SUCCESS
add_team: SUCCESS
add_team: SUCCESS
add_team: SUCCESS
add_team: SUCCESS
add_team: SUCCESS
add_team: SUCCESS
add_team: SUCCESS
add_team: SUCCESS
add_team: SUCCESS
add_team: SUCCESS
add_team: SUCCESS
add_player: SUCCESS
add_player: SUCCESS
add_player: SUCCESS
add_player: SUCCESS
add_player: SUCCESS
add_player: SUCCESS
add_player: SUCCESS
add_player: SUCCESS
add_player: SUCCESS
add_player: SUCCESS
add_player: SUCCESS
add_player: SUCCESS
add_player: SUCCESS
add_player: SUCCESS
add_player: SUCCESS
add_player: SUCCESS
add_player: SUCCESS
add_player: SUCCESS
add_player: SUCCESS
add_player: SUCCESS
add_player: SUCCESS
add_player: SUCCESS
add_player: SUCCESS
add_player: SUCCESS
add_player: SUCCESS
add_player: SUCCESS
add_player: SUCCESS
add_player: SUCCESS
add_player: SUCCESS
add_player: SUCCESS
add_player: SUCCESS
add_player: SUCCESS
add_player: SUCCESS
add_player: SUCCESS
add_player: SUCCESS
add_player: SUCCESS
add_player: SUCCESS
add_player: SUCCESS
add_player: SUCCESS
add_player: SUCCESS
add_player: SUCCESS
add_player: SUCCESS
add_player: SUCCESS
add_player: SUCCESS
add_player: SUCCESS
add_player: SUCCESS
add_player: SUCCESS
add_player: SUCCESS
add_player: SUCCESS
add_player: SUCCESS
add_player: SUCCESS
add_player: SUCCESS
add_player: SUCCESS
add_player: SUCCESS
add_player: SUCCESS
add_player: SUCCESS
add_player: SUCCESS
add_player: SUCCESS
add_player: SUCCESS
add_player: SUCCESS
add_player: SUCCESS
add_player: SUCCESS
add_player: SUCCESS
add_player: SUCCESS
add_player: SUCCESS
add_player: SUCCESS
add_player: SUCCESS
add_player: SUCCESS
add_player: SUCCESS
add_player: SUCCESS
add_player: SUCCESS
add_player: SUCCESS
add_player: SUCCESS
add_player: SUCCESS
add_player: SUCCESS
add_player: SUCCESS
add_player: SUCCESS
add_player: SUCCESS
add_player: SUCCESS
add_player: SUCCESS
add_player: SUCCESS
add_player: SUCCESS
add_player: SUCCESS
add_player: SUCCESS
add_player: SUCCESS
add_player: SUCCESS
add_player: SUCCESS
add_player: SUCCESS
add_player: SUCCESS
add_player: SUCCESS
add_player: SUCCESS
add_player: SUCCESS
add_player: SUCCESS
add_player: SUCCESS
add_player: SUCCESS
add_player: SUCCESS
add_player: SUCCESS
add_player: SUCCESS
add_player: SUCCESS
add_player: SUCCESS
add_player: SUCCESS
add_player: SUCCESS
add_player: SUCCESS
add_player: SUCCESS
add_player: SUCCESS
add_player: SUCCESS
add_player: SUCCESS
add_player: SUCCESS
add_player: SUCCESS
add_player: SUCCESS
add_player: SUCCESS
add_player: SUCCESS
add_player: SUCCESS
add_player: SUCCESS
add_player: SUCCESS
add_player: SUCCESS
add_player: SUCCESS
add_player: SUCCESS
add_player: SUCCESS
add_player: SUCCESS
add_player: SUCCESS
add_player: SUCCESS
add_player: SUCCESS
add_player: SUCCESS
add_player: SUCCESS
add_player: SUCCESS
add_player: SUCCESS
add_player: SUCCESS
add_player: SUCCESS
add_player: SUCCESS
add_player: SUCCESS
add_player: SUCCESS
add_player: SUCCESS
add_player: SUCCESS
add_player: SUCCESS
add_player: SUCCESS
add_player: SUCCESS
add_player: SUCCESS
add_player: SUCCESS
add_player: SUCCESS
add_player: SUCCESS
add_player: SUCCESS
add_player: SUCCESS
add_player: SUCCESS
add_player: SUCCESS
add_player: SUCCESS
add_player: SUCCESS
add_player: SUCCESS
add_player: SUCCESS
add_player: SUCCESS
add_player: SUCCESS
add_player: SUCCESS
add_player: SUCCESS
add_player: SUCCESS
add_player: SUCCESS
add_player: SUCCESS
add_player: SUCCESS
add_player: SUCCESS
add_player: SUCCESS
add_player: SUCCESS
add_player: SUCCESS
add_player: SUCCESS
add_player: SUCCESS
add_player: SUCCESS
add_player: SUCCESS
add_player: SUCCESS
add_player: SUCCESS
add_player: SUCCESS
add_player: SUCCESS
add_player: SUCCESS
add_player: SUCCESS
add_player: SUCCESS
add_player: SUCCESS
add_player: SUCCESS
add_player: SUCCESS
add_player: SUCCESS
add_player: SUCCESS
add_player: SUCCESS
add_player: SUCCESS
add_player: SUCCESS
add_player: SUCCESS
add_player: SUCCESS
add_player: SUCCESS
add_player: SUCCESS
add_player: SUCCESS
add_player: SUCCESS
add_player: SUCCESS
add_player: SUCCESS
add_player: SUCCESS
add_player: SUCCESS
add_player: SUCCESS
add_player: SUCCESS
add_player: SUCCESS
add_player: SUCCESS
add_player: SUCCESS
add_player: SUCCESS
add_player: SUCCESS
add_player: SUCCESS
add_player: SUCCESS
add_player: SUCCESS
get_all_players: SUCCESS
70
172
142
81
22
114
remove_player: SUCCESS
get_team_points: SUCCESS, 8712
get_team_points: SUCCESS, 9174
knockout_winner: FAILURE
remove_player: SUCCESS
get_all_players_count: SUCCESS, 6
get_team_points: SUCCESS, 3181
add_player: FAILURE
get_all_players_count: SUCCESS, 7
get_closest_player: SUCCESS, 103
play_match: FAILURE
knockout_winner: SUCCESS, 10
knockout_winner: SUCCESS, 17
add_team: FAILURE
unite_teams: FAILURE
get_all_players_count: SUCCESS, 14
get_closest_player: SUCCESS, 91
get_all_players_count: SUCCESS, 9
get_closest_player: SUCCESS, 65
get_all_players_count: SUCCESS, 14
remove_team: FAILURE
get_all_players_count: SUCCESS, 6
add_team: FAILURE
update_player_stats: SUCCESS
remove_team: FAILURE
get_num_played_games: SUCCESS, 12189
get_all_players: SUCCESS
71
159
157
58
76
68
124
174
137
107
122
get_num_played_games: SUCCESS, 7518
unite_teams: FAILURE
update_player_stats: SUCCESS
get_team_points: SUCCESS, 144
unite_teams: FAILURE
add_team: FAILURE
get_num_played_games: SUCCESS, 4065
add_player: FAILURE
remove_player: SUCCESS
remove_player: SUCCESS
unite_teams: FAILURE
get_num_played_games: SUCCESS, 6564
update_player_stats: SUCCESS
get_top_scorer: SUCCESS, 130
add_team: FAILURE
get_all_players_count: SUCCESS, 15
add_team: FAILURE
add_player: FAILURE
get_all_players: SUCCESS
7
158
65
148
163
97
37
29
80
47
93
185
79
72
18
get_top_scorer: SUCCESS, 160
get_num_played_games: SUCCESS, 411
add_team: FAILURE
get_closest_player: SUCCESS, 121
get_top_scorer: SUCCESS, 43
play_match: FAILURE
knockout_winner: SUCCESS, 10
get_all_players_count: SUCCESS, 17
play_match: FAILURE
get_all_players_count: SUCCESS, 9
knockout_winner: FAILURE
get_closest_player: SUCCESS, 38
add_team: FAILURE
get_num_played_games: SUCCESS, 4995
add_team: FAILURE
add_team: FAILURE
remove_team: FAILURE
get_closest_player: SUCCESS, 164
get_closest_player: SUCCESS, 145
play_match: FAILURE
get_closest_player: SUCCESS, 194
remove_team: FAILURE
add_team: FAILURE
get_team_points: SUCCESS, 8285
unite_teams: FAILURE
remove_player: SUCCESS
remove_player: SUCCESS
get_all_players_count: SUCCESS, 15
add_player: FAILURE
knockout_winner: SUCCESS, 13
remove_team: FAILURE
get_top_scorer: SUCCESS, 196
knockout_winner: FAILURE
get_closest_player: SUCCESS, 197
knockout_winner: SUCCESS, 10
add_player: FAILURE
remove_team: FAILURE
unite_teams: FAILURE
remove_team: FAILURE
get_num_played_games: SUCCESS, 3398
update_player_stats: SUCCESS
add_team: FAILURE
add_player: FAILURE
unite_teams: FAILURE
get_top_scorer: SUCCESS, 51
play_match: FAILURE
get_closest_player: SUCCESS, 28
get_all_players_count: SUCCESS, 7
remove_team: FAILURE
remove_team: FAILURE
update_player_stats: SUCCESS
play_match: SUCCESS
update_player_stats: SUCCESS
add_player: FAILURE
remove_player: SUCCESS
update_player_stats: SUCCESS
knockout_winner: FAILURE
play_match: FAILURE
update_player_stats: SUCCESS
remove_player: SUCCESS
get_num_played_games: SUCCESS, 10066
add_team: FAILURE
get_team_points: SUCCESS, 10311
get_top_scorer: SUCCESS, 161
remove_team: FAILURE
get_top_scorer: SUCCESS, 122
update_player_stats: SUCCESS
remove_team: FAILURE
remove_player: SUCCESS
update_player_stats: SUCCESS
update_player_stats: SUCCESS
get_closest_player: SUCCESS, 55
knockout_winner: SUCCESS, 17
get_all_players: SUCCESS
82
113
13
131
170
59
34
remove_player: SUCCESS
remove_player: SUCCESS
get_closest_player: SUCCESS, 145
get_closest_player: SUCCESS, 70
get_num_played_games: SUCCESS, 2109
get_closest_player: SUCCESS, 146
add_player: FAILURE
get_top_scorer: SUCCESS, 154
get_closest_player: SUCCESS, 47
get_team_points: SUCCESS, 3232
update_player_stats: SUCCESS
get_top_scorer: SUCCESS, 51
get_team_points: SUCCESS, 8715
play_match: FAILURE
get_all_players: SUCCESS
70
172
142
81
22
114
play_match: FAILURE
remove_team: FAILURE
play_match: FAILURE
add_player: FAILURE
unite_teams: FAILURE
play_match: FAILURE
get_num_played_games: SUCCESS, 3131
get_num_played_games: SUCCESS, 8796
knockout_winner: SUCCESS, 3
remove_player: SUCCESS
unite_teams: FAILURE
get_top_scorer: SUCCESS, 196
get_all_players: SUCCESS
171
155
193
30
156
78
112
add_player: FAILURE
get_all_players: SUCCESS
70
172
142
81
22
114
add_team: FAILURE
get_top_scorer: SUCCESS, 130
get_closest_player: SUCCESS, 179
get_all_players: SUCCESS
129
150
120
132
75
164
130
play_match: FAILURE
get_top_scorer: SUCCESS, 74
get_top_scorer: SUCCESS, 179
get_all_players: SUCCESS
171
155
193
30
156
78
112
knockout_winner: FAILURE
get_all_players: SUCCESS
145
180
84
15
98
play_match: FAILURE
unite_teams: FAILURE
unite_teams: INVALID_INPUT
unite_teams: FAILURE
add_team: FAILURE
get_team_points: SUCCESS, 147
get_all_players: SUCCESS
102
23
69
194
140
160
get_closest_player: SUCCESS, 185
get_num_played_games: SUCCESS, 9370
get_top_scorer: SUCCESS, 179
remove_player: SUCCESS
add_player: FAILURE
knockout_winner: SUCCESS, 5
get_top_scorer: SUCCESS, 161
play_match: FAILURE
get_all_players_count: SUCCESS, 5
get_num_played_games: SUCCESS, 7879
get_all_players: SUCCESS
39
21
109
6
188
184
127
96
43
remove_player: SUCCESS
get_top_scorer: SUCCESS, 34
unite_teams: FAILURE
remove_player: SUCCESS
get_team_points: SUCCESS, 5462
get_all_players: SUCCESS
199
166
10
11
8
197
143
135
85
25
92
16
103
12
56
161
knockout_winner: FAILURE
get_all_players: SUCCESS
167
61
32
195
88
179
get_num_played_games: SUCCESS, 3432
add_team: FAILURE
knockout_winner: SUCCESS, 13
get_closest_player: SUCCESS, 108
get_num_played_games: SUCCESS, 23389
get_team_points: SUCCESS, 11457
get_num_played_games: SUCCESS, 10664
play_match: FAILURE
knockout_winner: SUCCESS, 13
get_top_scorer: SUCCESS, 74
get_all_players: SUCCESS
145
180
84
15
98
get_team_points: SUCCESS, 3244
add_team: FAILURE
unite_teams: FAILURE
unite_teams: FAILURE
unite_teams: FAILURE
add_player: FAILURE
get_all_players_count: SUCCESS, 4
add_team: FAILURE
get_all_players: SUCCESS
39
21
109
6
188
184
127
96
43
knockout_winner: SUCCESS, 13
play_match: FAILURE
play_match: SUCCESS
knockout_winner: SUCCESS, 13
get_all_players: SUCCESS
52
152
41
4
134
86
64
106
33
46
183
101
95
40
182
get_team_points: SUCCESS, 3223
add_team: FAILURE
unite_teams: FAILURE
remove_player: SUCCESS
knockout_winner: FAILURE
get_num_played_games: SUCCESS, 6157
get_all_players_count: SUCCESS, 6
get_all_players_count: SUCCESS, 10
get_team_points: SUCCESS, 8285
remove_team: FAILURE
get_top_scorer: SUCCESS, 80
get_all_players_count: SUCCESS, 12
get_num_played_games: SUCCESS, 3131
get_all_players: SUCCESS
52
152
41
4
134
86
64
106
33
46
183
101
95
40
182
get_num_played_games: SUCCESS, 6485
get_num_played_games: SUCCESS, 7721
remove_team: FAILURE
get_all_players: SUCCESS
39
21
109
6
188
184
127
96
43
remove_team: FAILURE
get_all_players_count: SUCCESS, 10
play_match: FAILURE
get_all_players: SUCCESS
82
113
13
131
170
59
34
update_player_stats: SUCCESS
play_match: FAILURE
get_top_scorer: SUCCESS, 74
knockout_winner: SUCCESS, 11
get_all_players: SUCCESS
70
172
142
81
22
114
update_player_stats: SUCCESS
add_player: FAILURE
get_all_players_count: SUCCESS, 15
unite_teams: FAILURE
add_team: FAILURE
get_team_points: SUCCESS, 7055
add_player: FAILURE
get_all_players_count: SUCCESS, 10
add_team: FAILURE
get_all_players_count: SUCCESS, 11
get_team_points: SUCCESS, 213
remove_player: SUCCESS
get_closest_player: SUCCESS, 149
remove_player: SUCCESS
get_top_scorer: SUCCESS, 160
get_all_players: SUCCESS
168
146
63
144
91
play_match: FAILURE
add_player: FAILURE
play_match: FAILURE
get_all_players: SUCCESS
171
155
193
30
156
78
112
get_closest_player: SUCCESS, 83
unite_teams: FAILURE
get_closest_player: SUCCESS, 5
get_closest_player: SUCCESS, 148
add_player: FAILURE
get_num_played_games: SUCCESS, 721
add_team: FAILURE
remove_team: FAILURE
remove_team: FAILURE
add_team: FAILURE
remove_team: FAILURE
get_all_players: SUCCESS
82
113
13
131
170
59
34
get_all_players_count: SUCCESS, 15
play_match: FAILURE
update_player_stats: SUCCESS
get_num_played_games: SUCCESS, 8170
get_top_scorer: SUCCESS, 200
get_num_played_games: SUCCESS, 2787
remove_player: SUCCESS
get_team_points: SUCCESS, 11408
update_player_stats: SUCCESS
add_player: FAILURE
unite_teams: FAILURE
remove_team: FAILURE
unite_teams: FAILURE
remove_player: SUCCESS
add_team: FAILURE
unite_teams: FAILURE
add_team: FAILURE
add_player: FAILURE
remove_player: SUCCESS
get_all_players_count: SUCCESS, 15
unite_teams: FAILURE
get_num_played_games: SUCCESS, 2101
remove_player: SUCCESS
get_closest_player: SUCCESS, 12
knockout_winner: FAILURE
get_all_players_count: SUCCESS, 14
add_player: FAILURE
add_team: FAILURE
get_all_players: SUCCESS
94
90
1
151
38
186
110
54
20
74
add_team: FAILURE
get_all_players: SUCCESS
177
147
27
5
191
89
48
19
154
get_top_scorer: SUCCESS, 34
play_match: FAILURE
get_all_players_count: SUCCESS, 8
get_team_points: SUCCESS, 9174
update_player_stats: SUCCESS
play_match: FAILURE
knockout_winner: FAILURE
remove_team: FAILURE
add_player: FAILURE
get_all_players: SUCCESS
94
90
1
151
38
186
110
54
20
74
get_num_played_games: SUCCESS, 3427
add_player: FAILURE
remove_player: SUCCESS
remove_player: SUCCESS
get_team_points: SUCCESS, 10311
remove_player: SUCCESS
add_team: FAILURE
get_num_played_games: SUCCESS, 9822
get_all_players: SUCCESS
102
23
69
194
140
160
get_top_scorer: SUCCESS, 98
unite_teams: SUCCESS
add_player: FAILURE
remove_player: SUCCESS
add_team: FAILURE
add_team: FAILURE
remove_player: SUCCESS
update_player_stats: SUCCESS
remove_team: FAILURE
update_player_stats: SUCCESS
get_all_players_count: SUCCESS, 14
remove_team: FAILURE
remove_player: SUCCESS
get_all_players: SUCCESS
166
11
8
197
143
135
85
16
103
12
56
92
161
play_match: FAILURE
get_all_players_count: SUCCESS, 6
unite_teams: FAILURE
play_match: FAILURE
get_team_points: SUCCESS, 8285
remove_player: SUCCESS
get_top_scorer: SUCCESS, 2
play_match: FAILURE
get_team_points: SUCCESS, 11701
remove_team: FAILURE
get_closest_player: SUCCESS, 132
unite_teams: FAILURE
get_team_points: SUCCESS, 11701
unite_teams: FAILURE
remove_team: FAILURE
get_all_players_count: SUCCESS, 8
unite_teams: FAILURE
get_all_players: SUCCESS
167
61
32
195
88
get_top_scorer: SUCCESS, 88
add_team: FAILURE
get_team_points: SUCCESS, 7783
get_all_players_count: SUCCESS, 9
play_match: FAILURE
get_all_players: SUCCESS
145
180
84
15
98
play_match: FAILURE
get_team_points: SUCCESS, 8718
add_team: FAILURE
get_closest_player: SUCCESS, 142
get_closest_player: SUCCESS, 59
get_num_played_games: SUCCESS, 8170
knockout_winner: SUCCESS, 11
remove_player: SUCCESS
get_closest_player: SUCCESS, 7
add_player: FAILURE
add_player: FAILURE
add_team: FAILURE
add_player: FAILURE
knockout_winner: FAILURE
update_player_stats: SUCCESS
remove_team: FAILURE
get_closest_player: SUCCESS, 194
remove_player: SUCCESS
unite_teams: FAILURE
unite_teams: FAILURE
knockout_winner: SUCCESS, 15
get_top_scorer: SUCCESS, 1
update_player_stats: SUCCESS
add_team: FAILURE
get_closest_player: SUCCESS, 54
get_closest_player: SUCCESS, 174
get_team_points: SUCCESS, 5462
unite_teams: FAILURE
unite_teams: FAILURE
update_player_stats: SUCCESS
get_top_scorer: SUCCESS, 119
get_top_scorer: SUCCESS, 34
play_match: FAILURE
remove_team: FAILURE
get_all_players: SUCCESS
7
158
65
148
97
37
29
47
93
185
79
163
18
80
72
update_player_stats: SUCCESS
unite_teams: INVALID_INPUT
add_player: FAILURE
play_match: FAILURE
add_team: FAILURE
get_all_players: SUCCESS
177
27
5
191
89
48
147
19
154
add_player: FAILURE
get_closest_player: SUCCESS, 5
update_player_stats: SUCCESS
play_match: FAILURE
get_top_scorer: SUCCESS, 95
get_top_scorer: SUCCESS, 98
knockout_winner: INVALID_INPUT
remove_player: SUCCESS
play_match: FAILURE
get_top_scorer: SUCCESS, 72
knockout_winner: SUCCESS, 3
get_all_players_count: SUCCESS, 6
knockout_winner: SUCCESS, 15
get_top_scorer: SUCCESS, 160
unite_teams: FAILURE
knockout_winner: SUCCESS, 15
remove_team: FAILURE
remove_team: FAILURE
get_team_points: SUCCESS, 7055
update_player_stats: SUCCESS
remove_team: FAILURE
get_closest_player: SUCCESS, 42
get_num_played_games: SUCCESS, 3131
add_team: FAILURE
play_match: FAILURE
get_all_players_count: SUCCESS, 12
add_team: FAILURE
get_team_points: SUCCESS, 11701
get_all_players_count: SUCCESS, 7
remove_team: FAILURE
knockout_winner: FAILURE
unite_teams: FAILURE
remove_team: FAILURE
get_num_played_games: SUCCESS, 2787
knockout_winner: FAILURE
get_all_players: SUCCESS
145
180
84
15
98
remove_team: FAILURE
get_closest_player: SUCCESS, 186
get_team_points: SUCCESS, 5975
get_closest_player: SUCCESS, 81
get_num_played_games: SUCCESS, 1946
get_closest_player: SUCCESS, 103
get_all_players: SUCCESS
167
61
32
195
88
add_team: FAILURE
knockout_winner: FAILURE
get_num_played_games: SUCCESS, 1563
add_team: FAILURE
remove_player: SUCCESS
remove_team: FAILURE
play_match: FAILURE
unite_teams: INVALID_INPUT
get_all_players: SUCCESS
149
187
178
42
36
31
51
get_team_points: SUCCESS, 3181
get_all_players_count: SUCCESS, 14
update_player_stats: SUCCESS
get_num_played_games: SUCCESS, 11810
get_team_points: SUCCESS, 11457
update_player_stats: SUCCESS
add_player: FAILURE
play_match: FAILURE
unite_teams: FAILURE
get_team_points: SUCCESS, 11408
add_player: FAILURE
remove_player: SUCCESS
play_match: FAILURE
get_team_points: SUCCESS, 159
remove_player: SUCCESS
play_match: SUCCESS
get_team_points: SUCCESS, 3253
update_player_stats: SUCCESS
unite_teams: FAILURE
add_player: FAILURE
unite_teams: FAILURE
get_all_players: SUCCESS
145
180
84
15
98
knockout_winner: SUCCESS, 15
update_player_stats: SUCCESS
unite_teams: FAILURE
get_top_scorer: SUCCESS, 107
update_player_stats: SUCCESS
get_num_played_games: SUCCESS, 7839
remove_team: FAILURE
get_num_played_games: SUCCESS, 930
update_player_stats: SUCCESS
get_all_players_count: SUCCESS, 6
get_all_players_count: SUCCESS, 5
knockout_winner: SUCCESS, 15
add_team: FAILURE
add_player: FAILURE
get_top_scorer: SUCCESS, 30
add_player: FAILURE
unite_teams: FAILURE
get_num_played_games: SUCCESS, 8330
play_match: FAILURE
unite_teams: FAILURE
get_num_played_games: SUCCESS, 7839
get_all_players_count: SUCCESS, 12
remove_team: FAILURE
knockout_winner: FAILURE
get_closest_player: SUCCESS, 77
get_all_players: SUCCESS
50
173
116
123
175
190
73
17
77
53
2
unite_teams: FAILURE
unite_teams: FAILURE
unite_teams: FAILURE
get_team_points: SUCCESS, 5462
get_num_played_games: SUCCESS, 8330
unite_teams: FAILURE
get_top_scorer: SUCCESS, 30
update_player_stats: SUCCESS
knockout_winner: SUCCESS, 15
get_closest_player: SUCCESS, 177
unite_teams: FAILURE
get_top_scorer: SUCCESS, 119
get_all_players: SUCCESS
82
113
131
170
59
34
get_all_players: SUCCESS
117
181
138
192
118
139
108
99
133
unite_teams: FAILURE
remove_team: FAILURE
remove_player: SUCCESS
get_team_points: SUCCESS, 6283
get_closest_player: SUCCESS, 98
remove_team: FAILURE
unite_teams: FAILURE
remove_team: FAILURE
add_player: FAILURE
add_team: FAILURE
get_team_points: SUCCESS, 159
add_player: FAILURE
remove_team: FAILURE
get_team_points: SUCCESS, 6283
get_num_played_games: SUCCESS, 11268
update_player_stats: SUCCESS
add_player: FAILURE
get_top_scorer: SUCCESS, 95
get_num_played_games: SUCCESS, 6600
get_all_players_count: SUCCESS, 6
get_num_played_games: SUCCESS, 7696
get_all_players: SUCCESS
145
180
84
98
15
knockout_winner: SUCCESS, 17
add_player: FAILURE
get_all_players_count: SUCCESS, 5
add_player: FAILURE
get_all_players_count: SUCCESS, 15
knockout_winner: SUCCESS, 17
get_num_played_games: SUCCESS, 14404
get_all_players_count: SUCCESS, 5
update_player_stats: SUCCESS
knockout_winner: SUCCESS, 11
update_player_stats: SUCCESS
get_team_points: SUCCESS, 6260
remove_team: FAILURE
get_top_scorer: SUCCESS, 88
get_team_points: SUCCESS, 6283
get_all_players_count: SUCCESS, 5
get_closest_player: SUCCESS, 5
get_all_players: SUCCESS
177
27
5
191
89
48
147
154
add_player: FAILURE
get_team_points: SUCCESS, 5462
knockout_winner: FAILURE
knockout_winner: FAILURE
get_num_played_games: SUCCESS, 10388
unite_teams: INVALID_INPUT
play_match: FAILURE
remove_player: SUCCESS
play_match: FAILURE
get_closest_player: SUCCESS, 20
get_top_scorer: SUCCESS, 119
get_team_points: SUCCESS, 3253
get_num_played_games: SUCCESS, 25321
play_match: FAILURE
unite_teams: SUCCESS
remove_player: SUCCESS
unite_teams: FAILURE
update_player_stats: SUCCESS
get_all_players: SUCCESS
177
5
191
89
27
48
147
154
get_all_players_count: SUCCESS, 13
get_top_scorer: SUCCESS, 21
remove_player: SUCCESS
get_all_players_count: SUCCESS, 5
get_all_players: SUCCESS
177
5
191
89
27
48
147
154
add_team: FAILURE
play_match: FAILURE
get_team_points: SUCCESS, 2267
get_all_players_count: SUCCESS, 7
get_team_points: SUCCESS, 8285
get_all_players_count: SUCCESS, 7
play_match: FAILURE
remove_team: FAILURE
get_closest_player: SUCCESS, 64
add_team: FAILURE
remove_player: SUCCESS
remove_team: FAILURE
remove_team: FAILURE
get_closest_player: SUCCESS, 114
play_match: FAILURE
get_closest_player: SUCCESS, 54
knockout_winner: SUCCESS, 17
get_team_points: SUCCESS, 6260
add_player: FAILURE
add_player: FAILURE
get_all_players_count: SUCCESS, 9
get_all_players: SUCCESS
102
23
69
194
140
160
add_player: FAILURE
get_top_scorer: SUCCESS, 119
get_all_players_count: SUCCESS, 12
play_match: FAILURE
get_top_scorer: SUCCESS, 91
get_closest_player: SUCCESS, 146
add_player: FAILURE
get_all_players_count: SUCCESS, 5
update_player_stats: SUCCESS
get_top_scorer: SUCCESS, 2
add_team: FAILURE
get_all_players_count: SUCCESS, 12
get_all_players_count: SUCCESS, 7
remove_player: SUCCESS
get_closest_player: SUCCESS, 99
add_team: FAILURE
update_player_stats: SUCCESS
get_all_players: SUCCESS
145
180
84
98
15
update_player_stats: SUCCESS
get_num_played_games: SUCCESS, 11448
unite_teams: FAILURE
unite_teams: FAILURE
remove_team: FAILURE
unite_teams: SUCCESS
remove_player: SUCCESS
update_player_stats: SUCCESS
unite_teams: FAILURE
update_player_stats: SUCCESS
remove_player: SUCCESS
update_player_stats: SUCCESS
add_player: FAILURE
add_player: FAILURE
get_team_points: SUCCESS, 3181
remove_team: FAILURE
get_top_scorer: SUCCESS, 51
knockout_winner: SUCCESS, 20
update_player_stats: SUCCESS
knockout_winner: SUCCESS, 17
play_match: FAILURE
get_top_scorer: SUCCESS, 30
get_all_players_count: SUCCESS, 5
get_closest_player: SUCCESS, 130
get_top_scorer: SUCCESS, 30
add_team: FAILURE
get_all_players: SUCCESS
145
180
84
98
15
unite_teams: FAILURE
get_team_points: SUCCESS, 8285
get_top_scorer: SUCCESS, 133
update_player_stats: SUCCESS
get_closest_player: SUCCESS, 143
get_team_points: SUCCESS, 9020
play_match: FAILURE
update_player_stats: SUCCESS
get_all_players_count: SUCCESS, 6
get_all_players_count: SUCCESS, 6
add_team: FAILURE
get_all_players: SUCCESS
168
146
63
144
91
get_top_scorer: SUCCESS, 92
update_player_stats: SUCCESS
get_closest_player: SUCCESS, 131
get_num_played_games: SUCCESS, 721
get_team_points: SUCCESS, 14844
add_team: FAILURE
remove_player: SUCCESS
remove_player: SUCCESS
get_all_players: SUCCESS
177
5
191
89
27
48
147
154
add_player: FAILURE
unite_teams: FAILURE
knockout_winner: SUCCESS, 17
unite_teams: INVALID_INPUT
update_player_stats: SUCCESS
get_closest_player: SUCCESS, 54
unite_teams: FAILURE
knockout_winner: FAILURE
get_closest_player: SUCCESS, 92
add_team: FAILURE
get_all_players_count: SUCCESS, 5
add_player: FAILURE
play_match: SUCCESS
get_all_players: SUCCESS
102
23
69
194
140
160
add_player: FAILURE
get_all_players_count: SUCCESS, 11
get_all_players: SUCCESS
102
23
69
194
140
160
get_team_points: SUCCESS, 14844
update_player_stats: SUCCESS
add_player: FAILURE
add_player: FAILURE
remove_team: FAILURE
get_all_players: SUCCESS
102
23
69
194
140
160
add_team: FAILURE
get_num_played_games: SUCCESS, 2271
play_match: FAILURE
get_all_players_count: SUCCESS, 14
knockout_winner: SUCCESS, 15
get_team_points: SUCCESS, 3181
remove_team: FAILURE
knockout_winner: SUCCESS, 13
knockout_winner: SUCCESS, 17
get_num_played_games: SUCCESS, 5186
add_team: FAILURE
remove_team: FAILURE
remove_team: FAILURE
get_num_played_games: SUCCESS, 1099
remove_team: FAILURE
get_all_players_count: SUCCESS, 9
get_num_played_games: SUCCESS, 6715
play_match: FAILURE
update_player_stats: SUCCESS
update_player_stats: SUCCESS
get_top_scorer: SUCCESS, 51
get_top_scorer: SUCCESS, 172
add_player: FAILURE
unite_teams: FAILURE
update_player_stats: SUCCESS
get_all_players: SUCCESS
149
187
42
178
36
31
51
get_closest_player: SUCCESS, 27
update_player_stats: SUCCESS
add_team: FAILURE
get_team_points: SUCCESS, 159
remove_team: FAILURE
knockout_winner: FAILURE
get_num_played_games: SUCCESS, 17760
get_num_played_games: SUCCESS, 9371
get_team_points: SUCCESS, 6304
update_player_stats: SUCCESS
play_match: SUCCESS
get_num_played_games: SUCCESS, 6600
add_player: FAILURE
get_all_players: SUCCESS
168
146
63
144
91
get_all_players_count: SUCCESS, 7
unite_teams: INVALID_INPUT
get_closest_player: SUCCESS, 139
get_team_points: SUCCESS, 3223
get_all_players: SUCCESS
70
81
22
114
172
remove_team: FAILURE
get_all_players: SUCCESS
177
5
191
89
27
48
147
154
get_closest_player: SUCCESS, 88
get_closest_player: SUCCESS, 140
add_player: FAILURE
remove_team: FAILURE
remove_team: FAILURE
get_all_players_count: SUCCESS, 7
play_match: FAILURE
update_player_stats: SUCCESS
get_all_players_count: SUCCESS, 6
get_all_players_count: SUCCESS, 17
get_num_played_games: SUCCESS, 11812
knockout_winner: SUCCESS, 20
unite_teams: FAILURE
unite_teams: FAILURE
get_all_players_count: SUCCESS, 6
update_player_stats: SUCCESS
get_closest_player: SUCCESS, 181
update_player_stats: SUCCESS
get_team_points: SUCCESS, 11408
update_player_stats: SUCCESS
remove_team: FAILURE
unite_teams: FAILURE
play_match: FAILURE
knockout_winner: SUCCESS, 15
add_team: FAILURE
add_player: FAILURE
get_top_scorer: SUCCESS, 20
get_top_scorer: SUCCESS, 150
get_num_played_games: SUCCESS, 22371
add_player: FAILURE
get_top_scorer: SUCCESS, 92
unite_teams: SUCCESS
get_team_points: SUCCESS, 8285
remove_team: FAILURE
add_team: FAILURE
add_player: FAILURE
remove_player: SUCCESS
remove_team: FAILURE
add_team: FAILURE
get_top_scorer: SUCCESS, 51
add_team: FAILURE
knockout_winner: SUCCESS, 13
get_team_points: SUCCESS, 11408
remove_player: SUCCESS
remove_player: SUCCESS
get_closest_player: SUCCESS, 164
get_team_points: SUCCESS, 14972
add_player: FAILURE
get_closest_player: SUCCESS, 90
get_closest_player: SUCCESS, 138
add_player: FAILURE
remove_player: SUCCESS
remove_player: SUCCESS
unite_teams: FAILURE
get_all_players: SUCCESS
94
90
165
125
186
110
54
74
1
196
38
20
get_all_players_count: SUCCESS, 6
knockout_winner: SUCCESS, 17
unite_teams: FAILURE
add_player: FAILURE
get_num_played_games: SUCCESS, 11584
get_num_played_games: SUCCESS, 6807
get_top_scorer: SUCCESS, 51
play_match: SUCCESS
add_player: FAILURE
get_all_players: SUCCESS
166
6
8
188
197
135
127
85
96
12
43
56
21
11
103
161
92
knockout_winner: FAILURE
get_num_played_games: SUCCESS, 9306
get_team_points: SUCCESS, 10311
get_num_played_games: SUCCESS, 20120
play_match: FAILURE
add_player: FAILURE
get_top_scorer: SUCCESS, 78
get_top_scorer: SUCCESS, 51
add_team: FAILURE
get_team_points: SUCCESS, 14978
unite_teams: SUCCESS
update_player_stats: SUCCESS
knockout_winner: FAILURE
remove_team: FAILURE
knockout_winner: FAILURE
get_num_played_games: SUCCESS, 2787
remove_team: FAILURE
get_top_scorer: SUCCESS, 92
knockout_winner: INVALID_INPUT
update_player_stats: SUCCESS
get_all_players: SUCCESS
102
23
69
194
140
160
unite_teams: FAILURE
add_team: FAILURE
get_closest_player: SUCCESS, 157
get_all_players: SUCCESS
177
5
191
89
27
48
147
154
update_player_stats: SUCCESS
get_num_played_games: SUCCESS, 1100
knockout_winner: SUCCESS, 20
get_top_scorer: SUCCESS, 2
remove_team: FAILURE
get_closest_player: SUCCESS, 63
add_team: FAILURE
get_num_played_games: SUCCESS, 17379
get_team_points: SUCCESS, 9020
unite_teams: FAILURE
get_top_scorer: SUCCESS, 172
get_num_played_games: SUCCESS, 6807
get_all_players: SUCCESS
171
4
155
134
86
64
193
106
152
33
46
156
40
182
183
112
30
78
play_match: FAILURE
knockout_winner: INVALID_INPUT
add_team: FAILURE
get_closest_player: SUCCESS, 160
add_player: FAILURE
get_num_played_games: SUCCESS, 3432
get_all_players: SUCCESS
167
61
50
116
123
32
195
175
190
73
17
173
88
53
77
2
get_team_points: SUCCESS, 20196
knockout_winner: SUCCESS, 20
remove_team: FAILURE
get_team_points: SUCCESS, 9174
add_team: FAILURE
get_num_played_games: SUCCESS, 5036
update_player_stats: SUCCESS
remove_team: FAILURE
update_player_stats: SUCCESS
play_match: FAILURE
get_closest_player: SUCCESS, 42
update_player_stats: SUCCESS
get_all_players: SUCCESS
145
180
84
98
add_player: FAILURE
get_closest_player: SUCCESS, 173
get_top_scorer: SUCCESS, 51
update_player_stats: SUCCESS
get_num_played_games: SUCCESS, 7324
knockout_winner: SUCCESS, 17
get_top_scorer: SUCCESS, 154
remove_team: FAILURE
update_player_stats: SUCCESS
unite_teams: FAILURE
get_closest_player: SUCCESS, 90
add_player: FAILURE
remove_team: FAILURE
get_all_players: SUCCESS
159
158
157
65
76
7
97
124
174
29
47
93
137
79
107
18
148
72
37
80
get_team_points: SUCCESS, 14981
add_player: FAILURE
unite_teams: FAILURE
get_closest_player: SUCCESS, 160
get_num_played_games: SUCCESS, 6755
unite_teams: FAILURE
add_team: FAILURE
get_num_played_games: SUCCESS, 12067
knockout_winner: SUCCESS, 6
update_player_stats: SUCCESS
knockout_winner: INVALID_INPUT
update_player_stats: SUCCESS
get_all_players: SUCCESS
159
158
157
65
76
7
97
124
174
29
47
93
137
79
107
18
148
72
37
80
get_team_points: SUCCESS, 11408
get_num_played_games: SUCCESS, 4066
knockout_winner: SUCCESS, 13
add_player: FAILURE
knockout_winner: SUCCESS, 13
knockout_winner: SUCCESS, 20
remove_team: FAILURE
get_all_players: SUCCESS
120
75
132
164
130
150
remove_player: SUCCESS
unite_teams: SUCCESS
unite_teams: FAILURE
play_match: FAILURE
add_player: FAILURE
remove_team: FAILURE
update_player_stats: SUCCESS
get_team_points: SUCCESS, 6260
get_all_players: SUCCESS
149
187
42
178
36
31
51
remove_player: SUCCESS
get_all_players: SUCCESS
166
6
8
188
197
135
127
85
96
12
43
56
11
103
161
21
92
add_player: FAILURE
remove_player: SUCCESS
get_closest_player: SUCCESS, 130
get_num_played_games: SUCCESS, 3633
add_player: FAILURE
knockout_winner: INVALID_INPUT
remove_player: SUCCESS
get_closest_player: SUCCESS, 40
get_top_scorer: SUCCESS, 160
play_match: FAILURE
get_all_players: SUCCESS
177
82
113
5
131
170
59
191
89
27
48
147
154
34
knockout_winner: SUCCESS, 20
remove_player: SUCCESS
get_all_players_count: SUCCESS, 5
get_team_points: SUCCESS, 15779
get_top_scorer: SUCCESS, 150
add_team: FAILURE
remove_player: SUCCESS
get_closest_player: SUCCESS, 154
get_all_players: SUCCESS
23
102
194
140
69
160
remove_player: SUCCESS
play_match: FAILURE
get_top_scorer: SUCCESS, 150
get_all_players: SUCCESS
166
6
8
188
197
135
127
85
96
12
56
11
103
161
21
92
remove_player: SUCCESS
update_player_stats: SUCCESS
unite_teams: FAILURE
update_player_stats: SUCCESS
add_team: FAILURE
unite_teams: FAILURE
unite_teams: FAILURE
update_player_stats: SUCCESS
unite_teams: FAILURE
get_all_players: SUCCESS
23
194
140
69
160
get_num_played_games: SUCCESS, 12525
update_player_stats: SUCCESS
remove_team: FAILURE
play_match: FAILURE
play_match: INVALID_INPUT
get_team_points: SUCCESS, 3181
get_num_played_games: SUCCESS, 5640
play_match: SUCCESS
get_closest_player: SUCCESS, 63
remove_player: SUCCESS
remove_team: FAILURE
update_player_stats: SUCCESS
get_all_players: SUCCESS
177
82
113
5
131
170
191
89
27
48
147
154
34
unite_teams: FAILURE
remove_team: FAILURE
unite_teams: FAILURE
add_player: FAILURE
get_team_points: SUCCESS, 6260
get_all_players_count: SUCCESS, 7
play_match: FAILURE
unite_teams: FAILURE
update_player_stats: SUCCESS
add_team: FAILURE
get_closest_player: SUCCESS, 81
get_team_points: SUCCESS, 20196
get_num_played_games: SUCCESS, 6486
get_top_scorer: SUCCESS, 98
get_num_played_games: SUCCESS, 5217
unite_teams: FAILURE
remove_team: FAILURE
remove_team: FAILURE
play_match: FAILURE
get_all_players: SUCCESS
166
6
8
188
197
135
127
85
12
56
11
103
96
161
21
92
add_team: FAILURE
unite_teams: FAILURE
play_match: FAILURE
knockout_winner: SUCCESS, 10
get_team_points: SUCCESS, 8285
get_closest_player: SUCCESS, 92
play_match: FAILURE
remove_player: SUCCESS
get_all_players: SUCCESS
149
187
42
178
31
51
36
remove_player: SUCCESS
remove_team: FAILURE
unite_teams: FAILURE
get_all_players_count: SUCCESS, 13
get_closest_player: SUCCESS, 175
knockout_winner: INVALID_INPUT
knockout_winner: SUCCESS, 10
get_team_points: SUCCESS, 20196
get_top_scorer: SUCCESS, 78
get_num_played_games: SUCCESS, 10666
remove_player: SUCCESS
add_team: FAILURE
update_player_stats: SUCCESS
knockout_winner: SUCCESS, 20
get_all_players_count: SUCCESS, 12
get_num_played_games: SUCCESS, 8072
get_num_played_games: SUCCESS, 8428
get_all_players: SUCCESS
120
75
132
164
130
150
get_all_players: SUCCESS
167
61
50
116
123
32
195
175
190
73
17
173
88
53
77
2
remove_player: SUCCESS
remove_player: SUCCESS
remove_player: SUCCESS
remove_player: SUCCESS
remove_player: SUCCESS
remove_player: SUCCESS
remove_player: SUCCESS
remove_player: SUCCESS
remove_player: SUCCESS
remove_player: SUCCESS
remove_player: SUCCESS
remove_player: SUCCESS
remove_player: SUCCESS
remove_player: SUCCESS
remove_player: SUCCESS
remove_player: SUCCESS
remove_player: SUCCESS
remove_player: SUCCESS
remove_player: SUCCESS
remove_player: SUCCESS
remove_player: SUCCESS
remove_player: SUCCESS
remove_player: SUCCESS
remove_player: SUCCESS
remove_player: SUCCESS
remove_player: SUCCESS
remove_player: SUCCESS
remove_player: SUCCESS
remove_player: SUCCESS
remove_player: SUCCESS
remove_player: SUCCESS
remove_player: SUCCESS
remove_player: SUCCESS
remove_player: SUCCESS
remove_player: SUCCESS
remove_player: SUCCESS
remove_player: SUCCESS
remove_player: SUCCESS
remove_player: SUCCESS
remove_player: SUCCESS
remove_player: SUCCESS
remove_player: SUCCESS
remove_player: SUCCESS
remove_player: SUCCESS
remove_player: SUCCESS
remove_player: SUCCESS
remove_player: SUCCESS
remove_player: SUCCESS
remove_player: SUCCESS
remove_player: SUCCESS
remove_player: SUCCESS
remove_player: SUCCESS
remove_player: SUCCESS
remove_player: SUCCESS
remove_player: SUCCESS
remove_player: SUCCESS
remove_player: SUCCESS
remove_player: SUCCESS
remove_player: SUCCESS
remove_player: SUCCESS
remove_player: SUCCESS
remove_player: SUCCESS
remove_player: SUCCESS
remove_player: SUCCESS
remove_player: SUCCESS
remove_player: SUCCESS
remove_player: SUCCESS
remove_player: SUCCESS
remove_player: SUCCESS
remove_player: SUCCESS
remove_player: SUCCESS
remove_player: SUCCESS
remove_player: SUCCESS
remove_player: SUCCESS
remove_player: SUCCESS
remove_player: SUCCESS
remove_player: SUCCESS
remove_player: SUCCESS
remove_player: SUCCESS
remove_player: SUCCESS
remove_player: SUCCESS
remove_player: SUCCESS
remove_player: SUCCESS
remove_player: SUCCESS
remove_player: SUCCESS
remove_player: SUCCESS
remove_player: SUCCESS
remove_player: SUCCESS
remove_player: SUCCESS
remove_player: SUCCESS
remove_player: SUCCESS
remove_player: SUCCESS
remove_player: SUCCESS
remove_player: SUCCESS
remove_player: SUCCESS
remove_player: SUCCESS
remove_player: SUCCESS
remove_player: SUCCESS
remove_player: SUCCESS
remove_player: SUCCESS
remove_player: SUCCESS
remove_player: SUCCESS
remove_player: SUCCESS
remove_player: SUCCESS
remove_player: SUCCESS
remove_player: SUCCESS
remove_player: SUCCESS
remove_player: SUCCESS
remove_player: SUCCESS
remove_player: SUCCESS
remove_player: SUCCESS
remove_player: SUCCESS
remove_player: SUCCESS
remove_player: SUCCESS
remove_player: SUCCESS
remove_player: SUCCESS
remove_player: SUCCESS
remove_player: SUCCESS
remove_player: SUCCESS
remove_player: SUCCESS
remove_player: SUCCESS
remove_player: SUCCESS
remove_player: SUCCESS
remove_player: SUCCESS
remove_player: SUCCESS
remove_player: SUCCESS
remove_player: SUCCESS
remove_player: SUCCESS
remove_player: SUCCESS
remove_player: SUCCESS
remove_player: SUCCESS
remove_player: SUCCESS
remove_player: SUCCESS
remove_player: SUCCESS
remove_player: SUCCESS
remove_player: SUCCESS
remove_player: SUCCESS
remove_player: SUCCESS
remove_team: SUCCESS
remove_team: SUCCESS
remove_team: SUCCESS
remove_team: SUCCESS
remove_team: SUCCESS
remove_team: SUCCESS
remove_team: SUCCESS
remove_team: SUCCESS
remove_team: SUCCESS
remove_team: SUCCESS
remove_team: SUCCESS
remove_team: SUCCESS
remove_team: SUCCESS
remove_team: SUCCESS
