add_team: SUCCESS
add_team: SUCCESS
add_team: SUCCESS
add_team: SUCCESS
add_team: SUCCESS
add_team: SUCCESS
add_team: SUCCESS
add_team: SUCCESS
add_team: SUCCESS
add_team: SUCCESS
add_team: SUCCESS
add_team: SUCCESS
add_team: SUCCESS
add_team: SUCCESS
add_team: SUCCESS
add_team: SUCCESS
add_team: SUCCESS
add_team: SUCCESS
add_team: SUCCESS
add_team: SUCCESS
add_player: SUCCESS
add_player: SUCCESS
add_player: SUCCESS
add_player: SUCCESS
add_player: SUCCESS
add_player: SUCCESS
add_player: SUCCESS
add_player: SUCCESS
add_player: SUCCESS
add_player: SUCCESS
add_player: SUCCESS
add_player: SUCCESS
add_player: SUCCESS
add_player: SUCCESS
add_player: SUCCESS
add_player: SUCCESS
add_player: SUCCESS
add_player: SUCCESS
add_player: SUCCESS
add_player: SUCCESS
add_player: SUCCESS
add_player: SUCCESS
add_player: SUCCESS
add_player: SUCCESS
add_player: SUCCESS
add_player: SUCCESS
add_player: SUCCESS
add_player: SUCCESS
add_player: SUCCESS
add_player: SUCCESS
add_player: SUCCESS
add_player: SUCCESS
add_player: SUCCESS
add_player: SUCCESS
add_player: SUCCESS
add_player: SUCCESS
add_player: SUCCESS
add_player: SUCCESS
add_player: SUCCESS
add_player: SUCCESS
add_player: SUCCESS
add_player: SUCCESS
add_player: SUCCESS
add_player: SUCCESS
add_player: SUCCESS
add_player: SUCCESS
add_player: SUCCESS
add_player: SUCCESS
add_player: SUCCESS
add_player: SUCCESS
add_player: SUCCESS
add_player: SUCCESS
add_player: SUCCESS
add_player: SUCCESS
add_player: SUCCESS
add_player: SUCCESS
add_player: SUCCESS
add_player: SUCCESS
add_player: SUCCESS
add_player: SUCCESS
add_player: SUCCESS
add_player: SUCCESS
add_player: SUCCESS
add_player: SUCCESS
add_player: SUCCESS
add_player: SUCCESS
add_player: SUCCESS
add_player: SUCCESS
add_player: SUCCESS
add_player: SUCCESS
add_player: SUCCESS
add_player: SUCCESS
add_player: SUCCESS
add_player: SUCCESS
add_player: SUCCESS
add_player: SUCCESS
add_player: SUCCESS
add_player: SUCCESS
add_player: SUCCESS
add_player: SUCCESS
add_player: SUCCESS
add_player: SUCCESS
add_player: SUCCESS
add_player: SUCCESS
add_player: SUCCESS
add_player: SUCCESS
add_player: SUCCESS
add_player: SUCCESS
add_player: SUCCESS
add_player: SUCCESS
add_player: SUCCESS
add_player: SUCCESS
add_player: SUCCESS
add_player: SUCCESS
add_player: SUCCESS
add_player: SUCCESS
add_player: SUCCESS
add_player: SUCCESS
add_player: SUCCESS
add_player: SUCCESS
add_player: SUCCESS
add_player: SUCCESS
add_player: SUCCESS
add_player: SUCCESS
add_player: SUCCESS
add_player: SUCCESS
add_player: SUCCESS
add_player: SUCCESS
add_player: SUCCESS
add_player: SUCCESS
add_player: SUCCESS
add_player: SUCCESS
add_player: SUCCESS
add_player: SUCCESS
add_player: SUCCESS
add_player: SUCCESS
add_player: SUCCESS
add_player: SUCCESS
add_player: SUCCESS
add_player: SUCCESS
add_player: SUCCESS
add_player: SUCCESS
add_player: SUCCESS
add_player: SUCCESS
add_player: SUCCESS
add_player: SUCCESS
add_player: SUCCESS
add_player: SUCCESS
add_player: SUCCESS
add_player: SUCCESS
add_player: SUCCESS
add_player: SUCCESS
add_player: SUCCESS
add_player: SUCCESS
add_player: SUCCESS
add_player: SUCCESS
add_player: SUCCESS
add_player: SUCCESS
add_player: SUCCESS
add_player: SUCCESS
add_player: SUCCESS
add_player: SUCCESS
add_player: SUCCESS
add_player: SUCCESS
add_player: SUCCESS
add_player: SUCCESS
add_player: SUCCESS
add_player: SUCCESS
add_player: SUCCESS
add_player: SUCCESS
add_player: SUCCESS
add_player: SUCCESS
add_player: SUCCESS
add_player: SUCCESS
add_player: SUCCESS
add_player: SUCCESS
add_player: SUCCESS
add_player: SUCCESS
add_player: SUCCESS
add_player: SUCCESS
add_player: SUCCESS
add_player: SUCCESS
add_player: SUCCESS
add_player: SUCCESS
add_player: SUCCESS
add_player: SUCCESS
add_player: SUCCESS
add_player: SUCCESS
add_player: SUCCESS
add_player: SUCCESS
add_player: SUCCESS
add_player: SUCCESS
add_player: SUCCESS
add_player: SUCCESS
add_player: SUCCESS
add_player: SUCCESS
add_player: SUCCESS
add_player: SUCCESS
add_player: SUCCESS
add_player: SUCCESS
add_player: SUCCESS
add_player: SUCCESS
add_player: SUCCESS
add_player: SUCCESS
add_player: SUCCESS
add_player: SUCCESS
add_player: SUCCESS
add_player: SUCCESS
add_player: SUCCESS
add_player: SUCCESS
add_player: SUCCESS
add_player: SUCCESS
add_player: SUCCESS
add_player: SUCCESS
add_player: SUCCESS
add_player: SUCCESS
add_player: SUCCESS
add_player: SUCCESS
add_player: SUCCESS
add_player: SUCCESS
play_match: INVALID_INPUT
get_all_players_count: SUCCESS, 7
remove_team: FAILURE
get_all_players_count: SUCCESS, 5
get_team_points: SUCCESS, 11735
get_top_scorer: SUCCESS, 38
remove_team: FAILURE
get_all_players_count: SUCCESS, 13
add_player: FAILURE
add_team: FAILURE
add_team: FAILURE
play_match: SUCCESS
knockout_winner: FAILURE
knockout_winner: SUCCESS, 8
knockout_winner: SUCCESS, 6
knockout_winner: SUCCESS, 17
knockout_winner: INVALID_INPUT
update_player_stats: SUCCESS
knockout_winner: FAILURE
knockout_winner: SUCCESS, 9
knockout_winner: SUCCESS, 9
knockout_winner: FAILURE
knockout_winner: INVALID_INPUT
get_team_points: SUCCESS, 1733
knockout_winner: SUCCESS, 17
knockout_winner: SUCCESS, 8
knockout_winner: SUCCESS, 8
knockout_winner: SUCCESS, 17
knockout_winner: INVALID_INPUT
update_player_stats: SUCCESS
get_closest_player: SUCCESS, 94
get_closest_player: SUCCESS, 187
play_match: FAILURE
get_team_points: SUCCESS, 5620
add_player: FAILURE
get_closest_player: SUCCESS, 52
get_all_players_count: SUCCESS, 10
get_closest_player: SUCCESS, 12
get_all_players: SUCCESS
37
70
157
139
95
73
81
65
remove_team: FAILURE
add_team: FAILURE
get_top_scorer: SUCCESS, 92
play_match: FAILURE
get_top_scorer: SUCCESS, 96
get_top_scorer: SUCCESS, 65
get_all_players_count: SUCCESS, 8
add_player: FAILURE
add_team: FAILURE
remove_player: SUCCESS
get_closest_player: SUCCESS, 73
play_match: FAILURE
get_all_players: SUCCESS
30
194
85
112
126
76
189
167
22
11
remove_team: FAILURE
play_match: SUCCESS
get_team_points: SUCCESS, 1650
update_player_stats: SUCCESS
play_match: SUCCESS
remove_player: SUCCESS
update_player_stats: SUCCESS
add_team: FAILURE
get_num_played_games: SUCCESS, 6544
get_team_points: SUCCESS, 3135
play_match: FAILURE
get_all_players: SUCCESS
94
80
31
196
183
99
60
172
4
46
136
64
add_team: FAILURE
unite_teams: FAILURE
update_player_stats: SUCCESS
get_num_played_games: SUCCESS, 10039
remove_player: SUCCESS
get_all_players_count: SUCCESS, 12
get_all_players: SUCCESS
52
170
49
148
175
176
get_team_points: SUCCESS, 5620
add_player: FAILURE
add_player: FAILURE
knockout_winner: SUCCESS, 17
knockout_winner: SUCCESS, 17
knockout_winner: SUCCESS, 13
knockout_winner: FAILURE
knockout_winner: INVALID_INPUT
remove_team: FAILURE
get_top_scorer: SUCCESS, 42
add_team: FAILURE
get_all_players_count: SUCCESS, 11
remove_team: FAILURE
get_num_played_games: SUCCESS, 3041
get_all_players: SUCCESS
3
122
182
186
193
54
110
106
20
114
191
knockout_winner: SUCCESS, 8
knockout_winner: INVALID_INPUT
knockout_winner: INVALID_INPUT
knockout_winner: SUCCESS, 8
knockout_winner: INVALID_INPUT
knockout_winner: SUCCESS, 17
knockout_winner: SUCCESS, 17
knockout_winner: SUCCESS, 9
knockout_winner: SUCCESS, 20
knockout_winner: INVALID_INPUT
play_match: FAILURE
get_closest_player: SUCCESS, 59
unite_teams: FAILURE
play_match: FAILURE
add_team: FAILURE
knockout_winner: SUCCESS, 8
knockout_winner: INVALID_INPUT
knockout_winner: INVALID_INPUT
knockout_winner: SUCCESS, 9
knockout_winner: INVALID_INPUT
knockout_winner: SUCCESS, 17
knockout_winner: SUCCESS, 17
knockout_winner: FAILURE
knockout_winner: FAILURE
knockout_winner: INVALID_INPUT
get_all_players: SUCCESS
59
32
116
6
143
58
93
44
45
168
109
knockout_winner: SUCCESS, 20
knockout_winner: SUCCESS, 17
knockout_winner: FAILURE
knockout_winner: FAILURE
knockout_winner: INVALID_INPUT
get_num_played_games: SUCCESS, 2583
unite_teams: FAILURE
remove_team: FAILURE
get_all_players: SUCCESS
155
179
164
150
140
89
2
29
17
38
132
update_player_stats: SUCCESS
get_all_players: SUCCESS
30
194
85
112
126
76
189
167
22
11
remove_player: SUCCESS
update_player_stats: SUCCESS
add_team: FAILURE
add_team: FAILURE
get_all_players_count: SUCCESS, 12
unite_teams: FAILURE
play_match: FAILURE
unite_teams: FAILURE
add_team: FAILURE
knockout_winner: SUCCESS, 18
knockout_winner: SUCCESS, 18
knockout_winner: SUCCESS, 13
knockout_winner: FAILURE
knockout_winner: INVALID_INPUT
get_top_scorer: SUCCESS, 142
unite_teams: SUCCESS
get_closest_player: SUCCESS, 8
get_top_scorer: SUCCESS, 109
unite_teams: FAILURE
update_player_stats: SUCCESS
update_player_stats: SUCCESS
get_top_scorer: SUCCESS, 142
get_closest_player: SUCCESS, 100
get_num_played_games: SUCCESS, 6867
remove_player: SUCCESS
remove_player: SUCCESS
get_all_players: SUCCESS
52
170
49
148
175
176
knockout_winner: SUCCESS, 18
knockout_winner: SUCCESS, 18
knockout_winner: SUCCESS, 13
knockout_winner: FAILURE
knockout_winner: INVALID_INPUT
update_player_stats: SUCCESS
remove_team: FAILURE
get_all_players_count: SUCCESS, 8
update_player_stats: SUCCESS
get_all_players: SUCCESS
75
158
173
138
161
188
181
add_player: FAILURE
get_closest_player: SUCCESS, 140
update_player_stats: SUCCESS
remove_player: SUCCESS
knockout_winner: FAILURE
knockout_winner: SUCCESS, 8
knockout_winner: FAILURE
knockout_winner: FAILURE
knockout_winner: INVALID_INPUT
remove_team: FAILURE
add_player: FAILURE
get_all_players_count: SUCCESS, 11
update_player_stats: SUCCESS
play_match: SUCCESS
get_top_scorer: SUCCESS, 132
update_player_stats: SUCCESS
remove_player: SUCCESS
remove_player: SUCCESS
add_player: FAILURE
update_player_stats: SUCCESS
knockout_winner: SUCCESS, 8
knockout_winner: SUCCESS, 8
knockout_winner: SUCCESS, 8
knockout_winner: SUCCESS, 18
knockout_winner: SUCCESS, 13
remove_team: FAILURE
play_match: FAILURE
get_closest_player: SUCCESS, 160
add_team: FAILURE
remove_player: SUCCESS
get_closest_player: SUCCESS, 62
add_player: FAILURE
add_player: FAILURE
get_all_players: SUCCESS
129
57
67
124
160
100
147
192
62
195
108
102
get_top_scorer: SUCCESS, 65
play_match: FAILURE
remove_team: FAILURE
update_player_stats: SUCCESS
add_team: FAILURE
play_match: FAILURE
get_all_players_count: SUCCESS, 10
unite_teams: FAILURE
get_all_players_count: SUCCESS, 7
knockout_winner: SUCCESS, 13
knockout_winner: SUCCESS, 8
knockout_winner: SUCCESS, 8
knockout_winner: SUCCESS, 18
knockout_winner: INVALID_INPUT
knockout_winner: SUCCESS, 8
knockout_winner: SUCCESS, 8
knockout_winner: SUCCESS, 8
knockout_winner: SUCCESS, 18
knockout_winner: FAILURE
add_player: FAILURE
get_top_scorer: SUCCESS, 66
knockout_winner: SUCCESS, 8
knockout_winner: SUCCESS, 8
knockout_winner: SUCCESS, 8
knockout_winner: SUCCESS, 18
knockout_winner: INVALID_INPUT
get_all_players_count: SUCCESS, 8
remove_player: SUCCESS
get_all_players: SUCCESS
165
174
105
34
39
156
117
166
56
98
144
171
play_match: FAILURE
add_player: FAILURE
get_num_played_games: SUCCESS, 8965
remove_team: FAILURE
add_team: FAILURE
unite_teams: FAILURE
remove_player: SUCCESS
get_closest_player: SUCCESS, 71
unite_teams: FAILURE
play_match: FAILURE
knockout_winner: FAILURE
knockout_winner: SUCCESS, 18
knockout_winner: FAILURE
knockout_winner: FAILURE
knockout_winner: INVALID_INPUT
play_match: SUCCESS
remove_team: FAILURE
add_player: FAILURE
play_match: FAILURE
play_match: FAILURE
remove_team: FAILURE
unite_teams: SUCCESS
get_all_players_count: SUCCESS, 11
update_player_stats: SUCCESS
get_team_points: SUCCESS, 10833
knockout_winner: INVALID_INPUT
knockout_winner: INVALID_INPUT
knockout_winner: INVALID_INPUT
knockout_winner: INVALID_INPUT
knockout_winner: INVALID_INPUT
knockout_winner: SUCCESS, 10
knockout_winner: SUCCESS, 8
knockout_winner: FAILURE
knockout_winner: FAILURE
knockout_winner: INVALID_INPUT
update_player_stats: SUCCESS
get_closest_player: SUCCESS, 115
add_team: FAILURE
update_player_stats: SUCCESS
remove_player: SUCCESS
get_team_points: SUCCESS, 3459
update_player_stats: SUCCESS
remove_team: FAILURE
get_num_played_games: SUCCESS, 3317
get_closest_player: SUCCESS, 29
get_all_players: SUCCESS
71
115
152
35
get_top_scorer: SUCCESS, 40
remove_player: SUCCESS
remove_team: FAILURE
get_all_players_count: SUCCESS, 8
get_closest_player: SUCCESS, 174
get_top_scorer: SUCCESS, 92
get_closest_player: SUCCESS, 132
remove_team: FAILURE
get_top_scorer: SUCCESS, 142
update_player_stats: SUCCESS
get_num_played_games: SUCCESS, 6066
get_top_scorer: SUCCESS, 191
get_top_scorer: SUCCESS, 11
get_closest_player: SUCCESS, 24
unite_teams: FAILURE
get_closest_player: SUCCESS, 129
add_player: FAILURE
remove_player: SUCCESS
get_num_played_games: SUCCESS, 8386
get_all_players_count: SUCCESS, 8
get_all_players: SUCCESS
37
70
157
139
73
81
65
95
unite_teams: FAILURE
get_closest_player: SUCCESS, 41
remove_player: SUCCESS
get_all_players: SUCCESS
30
85
112
76
189
167
22
194
11
play_match: FAILURE
get_team_points: SUCCESS, 19465
get_num_played_games: SUCCESS, 16205
update_player_stats: SUCCESS
remove_player: SUCCESS
remove_team: FAILURE
play_match: FAILURE
unite_teams: FAILURE
play_match: FAILURE
add_team: FAILURE
get_all_players_count: SUCCESS, 12
remove_player: SUCCESS
get_num_played_games: SUCCESS, 12194
get_num_played_games: SUCCESS, 2753
get_all_players: SUCCESS
71
152
115
35
remove_team: FAILURE
get_num_played_games: SUCCESS, 9238
update_player_stats: SUCCESS
get_all_players: SUCCESS
200
63
199
135
169
123
69
33
134
26
149
83
130
add_player: FAILURE
get_all_players_count: SUCCESS, 13
remove_player: SUCCESS
play_match: SUCCESS
knockout_winner: SUCCESS, 8
knockout_winner: SUCCESS, 8
knockout_winner: SUCCESS, 4
knockout_winner: FAILURE
knockout_winner: INVALID_INPUT
remove_player: SUCCESS
knockout_winner: SUCCESS, 8
knockout_winner: SUCCESS, 8
knockout_winner: SUCCESS, 4
knockout_winner: FAILURE
knockout_winner: INVALID_INPUT
knockout_winner: SUCCESS, 6
knockout_winner: SUCCESS, 8
knockout_winner: FAILURE
knockout_winner: FAILURE
knockout_winner: INVALID_INPUT
get_top_scorer: SUCCESS, 171
remove_team: FAILURE
update_player_stats: SUCCESS
add_team: FAILURE
get_top_scorer: SUCCESS, 11
knockout_winner: SUCCESS, 10
knockout_winner: SUCCESS, 8
knockout_winner: SUCCESS, 8
knockout_winner: SUCCESS, 20
knockout_winner: INVALID_INPUT
get_num_played_games: SUCCESS, 3817
remove_player: SUCCESS
get_all_players_count: SUCCESS, 10
add_team: FAILURE
get_num_played_games: SUCCESS, 6066
add_player: FAILURE
unite_teams: FAILURE
get_team_points: SUCCESS, 9461
remove_player: SUCCESS
get_all_players: SUCCESS
37
70
157
139
73
81
65
95
remove_team: FAILURE
add_player: FAILURE
get_all_players: SUCCESS
129
160
147
192
62
195
124
100
108
102
get_all_players_count: SUCCESS, 10
add_team: FAILURE
play_match: FAILURE
unite_teams: FAILURE
remove_team: FAILURE
add_player: FAILURE
remove_player: SUCCESS
play_match: FAILURE
unite_teams: FAILURE
unite_teams: FAILURE
add_team: FAILURE
get_closest_player: SUCCESS, 150
get_num_played_games: SUCCESS, 4866
get_all_players: SUCCESS
71
152
115
35
get_all_players_count: SUCCESS, 7
get_all_players: SUCCESS
131
55
91
120
72
18
88
127
50
163
133
66
get_all_players_count: SUCCESS, 6
get_all_players: SUCCESS
71
152
115
35
get_team_points: SUCCESS, 2220
get_num_played_games: SUCCESS, 4146
get_closest_player: SUCCESS, 87
get_closest_player: SUCCESS, 140
unite_teams: FAILURE
unite_teams: INVALID_INPUT
unite_teams: FAILURE
remove_team: FAILURE
get_num_played_games: SUCCESS, 9367
play_match: SUCCESS
unite_teams: FAILURE
get_all_players_count: SUCCESS, 4
add_player: FAILURE
get_num_played_games: SUCCESS, 9828
update_player_stats: SUCCESS
remove_team: FAILURE
knockout_winner: FAILURE
knockout_winner: SUCCESS, 10
knockout_winner: SUCCESS, 10
knockout_winner: SUCCESS, 20
knockout_winner: INVALID_INPUT
add_team: FAILURE
add_team: FAILURE
remove_player: SUCCESS
remove_team: FAILURE
unite_teams: FAILURE
knockout_winner: INVALID_INPUT
knockout_winner: FAILURE
knockout_winner: INVALID_INPUT
knockout_winner: INVALID_INPUT
knockout_winner: INVALID_INPUT
play_match: FAILURE
remove_team: FAILURE
get_closest_player: SUCCESS, 130
unite_teams: FAILURE
knockout_winner: INVALID_INPUT
knockout_winner: SUCCESS, 10
knockout_winner: INVALID_INPUT
knockout_winner: INVALID_INPUT
knockout_winner: INVALID_INPUT
unite_teams: FAILURE
unite_teams: FAILURE
get_all_players: SUCCESS
48
103
8
184
10
74
185
187
21
145
add_player: FAILURE
remove_team: FAILURE
play_match: INVALID_INPUT
get_team_points: SUCCESS, 4784
remove_team: FAILURE
add_team: FAILURE
get_all_players_count: SUCCESS, 10
get_all_players: SUCCESS
48
103
8
184
10
74
185
187
21
145
get_closest_player: SUCCESS, 160
get_closest_player: SUCCESS, 124
add_player: FAILURE
add_player: FAILURE
remove_team: FAILURE
get_top_scorer: SUCCESS, 142
unite_teams: FAILURE
get_num_played_games: SUCCESS, 9633
knockout_winner: SUCCESS, 10
knockout_winner: SUCCESS, 10
knockout_winner: SUCCESS, 4
knockout_winner: FAILURE
knockout_winner: INVALID_INPUT
unite_teams: FAILURE
add_player: FAILURE
get_closest_player: SUCCESS, 86
get_top_scorer: SUCCESS, 35
play_match: FAILURE
remove_player: SUCCESS
get_all_players_count: SUCCESS, 23
get_top_scorer: SUCCESS, 66
remove_team: FAILURE
get_team_points: SUCCESS, 5041
knockout_winner: INVALID_INPUT
knockout_winner: SUCCESS, 10
knockout_winner: INVALID_INPUT
knockout_winner: INVALID_INPUT
knockout_winner: INVALID_INPUT
get_team_points: SUCCESS, 9461
unite_teams: FAILURE
remove_team: FAILURE
add_player: FAILURE
play_match: FAILURE
get_all_players_count: SUCCESS, 7
get_top_scorer: SUCCESS, 197
get_team_points: SUCCESS, 5041
play_match: FAILURE
knockout_winner: SUCCESS, 20
knockout_winner: SUCCESS, 20
knockout_winner: FAILURE
knockout_winner: FAILURE
knockout_winner: INVALID_INPUT
remove_player: SUCCESS
update_player_stats: SUCCESS
add_team: FAILURE
unite_teams: FAILURE
get_team_points: SUCCESS, 19465
get_top_scorer: SUCCESS, 66
get_all_players: SUCCESS
129
160
147
192
62
195
124
100
108
102
remove_player: SUCCESS
remove_team: FAILURE
remove_team: FAILURE
add_player: FAILURE
unite_teams: FAILURE
knockout_winner: SUCCESS, 10
knockout_winner: SUCCESS, 10
knockout_winner: FAILURE
knockout_winner: FAILURE
knockout_winner: INVALID_INPUT
play_match: FAILURE
get_closest_player: SUCCESS, 169
get_num_played_games: SUCCESS, 7896
knockout_winner: SUCCESS, 4
knockout_winner: INVALID_INPUT
knockout_winner: INVALID_INPUT
knockout_winner: SUCCESS, 10
knockout_winner: INVALID_INPUT
remove_team: FAILURE
play_match: FAILURE
get_top_scorer: SUCCESS, 17
unite_teams: FAILURE
remove_team: FAILURE
get_closest_player: SUCCESS, 188
play_match: FAILURE
get_num_played_games: SUCCESS, 9199
play_match: FAILURE
unite_teams: FAILURE
get_team_points: SUCCESS, 2220
remove_player: SUCCESS
get_num_played_games: SUCCESS, 9633
get_all_players_count: SUCCESS, 8
unite_teams: FAILURE
remove_team: FAILURE
get_all_players: SUCCESS
200
63
199
135
169
123
69
33
134
26
149
83
130
get_top_scorer: SUCCESS, 142
unite_teams: FAILURE
get_all_players: SUCCESS
165
174
105
34
39
156
117
166
56
98
144
171
unite_teams: FAILURE
play_match: FAILURE
get_closest_player: SUCCESS, 187
play_match: FAILURE
get_top_scorer: SUCCESS, 17
play_match: FAILURE
get_all_players_count: SUCCESS, 13
unite_teams: FAILURE
remove_team: FAILURE
get_all_players_count: SUCCESS, 8
get_all_players_count: SUCCESS, 10
get_top_scorer: SUCCESS, 191
get_all_players_count: SUCCESS, 23
unite_teams: FAILURE
remove_player: SUCCESS
add_player: FAILURE
update_player_stats: SUCCESS
get_num_played_games: SUCCESS, 4187
get_all_players_count: SUCCESS, 13
get_closest_player: SUCCESS, 134
remove_team: FAILURE
knockout_winner: SUCCESS, 10
knockout_winner: INVALID_INPUT
knockout_winner: INVALID_INPUT
knockout_winner: SUCCESS, 10
knockout_winner: SUCCESS, 10
play_match: FAILURE
remove_team: FAILURE
get_all_players: SUCCESS
58
116
143
44
45
109
6
93
168
get_num_played_games: SUCCESS, 6409
knockout_winner: SUCCESS, 6
knockout_winner: SUCCESS, 10
knockout_winner: FAILURE
knockout_winner: FAILURE
knockout_winner: INVALID_INPUT
play_match: FAILURE
get_top_scorer: SUCCESS, 17
add_team: FAILURE
knockout_winner: INVALID_INPUT
knockout_winner: FAILURE
knockout_winner: INVALID_INPUT
knockout_winner: INVALID_INPUT
knockout_winner: INVALID_INPUT
add_player: FAILURE
remove_team: FAILURE
get_num_played_games: SUCCESS, 9486
add_team: FAILURE
add_team: FAILURE
get_team_points: SUCCESS, 1665
update_player_stats: SUCCESS
add_team: FAILURE
get_all_players: SUCCESS
15
101
198
177
28
154
51
remove_player: SUCCESS
add_team: FAILURE
get_all_players: SUCCESS
75
158
173
161
188
get_top_scorer: SUCCESS, 176
update_player_stats: SUCCESS
remove_player: SUCCESS
remove_team: FAILURE
get_all_players_count: SUCCESS, 13
get_top_scorer: SUCCESS, 197
unite_teams: FAILURE
add_player: FAILURE
get_team_points: SUCCESS, 4554
add_team: FAILURE
add_team: FAILURE
remove_player: SUCCESS
get_all_players_count: SUCCESS, 13
get_top_scorer: SUCCESS, 95
remove_player: SUCCESS
add_player: FAILURE
unite_teams: FAILURE
update_player_stats: SUCCESS
update_player_stats: SUCCESS
get_team_points: SUCCESS, 1187
get_all_players_count: SUCCESS, 22
unite_teams: FAILURE
remove_team: FAILURE
knockout_winner: FAILURE
knockout_winner: SUCCESS, 10
knockout_winner: SUCCESS, 9
knockout_winner: FAILURE
knockout_winner: INVALID_INPUT
update_player_stats: SUCCESS
remove_player: SUCCESS
remove_team: FAILURE
play_match: FAILURE
get_all_players_count: SUCCESS, 10
update_player_stats: SUCCESS
get_top_scorer: SUCCESS, 17
get_closest_player: SUCCESS, 98
remove_player: SUCCESS
play_match: FAILURE
get_all_players_count: SUCCESS, 8
update_player_stats: SUCCESS
update_player_stats: SUCCESS
remove_player: SUCCESS
knockout_winner: FAILURE
knockout_winner: INVALID_INPUT
knockout_winner: INVALID_INPUT
knockout_winner: SUCCESS, 10
knockout_winner: INVALID_INPUT
add_player: FAILURE
unite_teams: INVALID_INPUT
remove_team: FAILURE
get_all_players: SUCCESS
70
157
139
73
81
65
95
remove_team: FAILURE
get_top_scorer: SUCCESS, 168
get_num_played_games: SUCCESS, 8074
get_all_players_count: SUCCESS, 9
remove_team: FAILURE
add_team: FAILURE
get_all_players_count: SUCCESS, 12
remove_player: SUCCESS
remove_player: SUCCESS
unite_teams: FAILURE
unite_teams: INVALID_INPUT
get_all_players: SUCCESS
48
103
8
184
10
185
187
21
145
remove_player: SUCCESS
knockout_winner: FAILURE
knockout_winner: SUCCESS, 10
knockout_winner: SUCCESS, 10
knockout_winner: SUCCESS, 20
knockout_winner: INVALID_INPUT
add_player: FAILURE
get_top_scorer: SUCCESS, 98
get_top_scorer: SUCCESS, 26
add_team: FAILURE
knockout_winner: SUCCESS, 10
knockout_winner: SUCCESS, 10
knockout_winner: FAILURE
knockout_winner: FAILURE
knockout_winner: INVALID_INPUT
update_player_stats: SUCCESS
get_top_scorer: SUCCESS, 197
add_player: FAILURE
get_num_played_games: SUCCESS, 11886
play_match: FAILURE
add_player: FAILURE
update_player_stats: SUCCESS
knockout_winner: SUCCESS, 10
knockout_winner: SUCCESS, 10
knockout_winner: SUCCESS, 10
knockout_winner: SUCCESS, 20
knockout_winner: INVALID_INPUT
get_all_players: SUCCESS
15
101
198
177
154
51
unite_teams: FAILURE
knockout_winner: FAILURE
knockout_winner: INVALID_INPUT
knockout_winner: INVALID_INPUT
knockout_winner: SUCCESS, 6
knockout_winner: INVALID_INPUT
knockout_winner: SUCCESS, 6
knockout_winner: SUCCESS, 10
knockout_winner: FAILURE
knockout_winner: FAILURE
knockout_winner: INVALID_INPUT
add_player: FAILURE
add_player: FAILURE
remove_team: FAILURE
get_closest_player: SUCCESS, 19
add_team: FAILURE
get_team_points: SUCCESS, 1680
play_match: FAILURE
add_team: FAILURE
remove_player: SUCCESS
unite_teams: FAILURE
get_closest_player: SUCCESS, 23
play_match: FAILURE
play_match: FAILURE
remove_team: FAILURE
get_all_players_count: SUCCESS, 12
get_num_played_games: SUCCESS, 5226
add_team: FAILURE
get_team_points: SUCCESS, 2220
get_team_points: SUCCESS, 3609
get_top_scorer: SUCCESS, 124
update_player_stats: SUCCESS
add_player: FAILURE
unite_teams: FAILURE
unite_teams: FAILURE
get_closest_player: SUCCESS, 110
unite_teams: FAILURE
unite_teams: FAILURE
add_team: FAILURE
get_num_played_games: SUCCESS, 8037
get_num_played_games: SUCCESS, 9735
knockout_winner: INVALID_INPUT
knockout_winner: INVALID_INPUT
knockout_winner: INVALID_INPUT
knockout_winner: INVALID_INPUT
knockout_winner: INVALID_INPUT
get_team_points: SUCCESS, 5041
get_all_players: SUCCESS
15
101
198
177
154
51
play_match: FAILURE
get_all_players: SUCCESS
131
91
120
72
18
88
163
133
127
66
update_player_stats: SUCCESS
knockout_winner: FAILURE
knockout_winner: SUCCESS, 10
knockout_winner: SUCCESS, 10
knockout_winner: SUCCESS, 20
knockout_winner: INVALID_INPUT
play_match: INVALID_INPUT
update_player_stats: SUCCESS
update_player_stats: SUCCESS
unite_teams: FAILURE
add_team: FAILURE
get_closest_player: SUCCESS, 114
get_all_players_count: SUCCESS, 10
add_player: FAILURE
get_all_players: SUCCESS
3
80
31
196
182
186
183
193
99
60
54
110
172
106
20
114
4
46
136
64
191
update_player_stats: SUCCESS
play_match: FAILURE
play_match: FAILURE
get_team_points: SUCCESS, 8159
get_team_points: SUCCESS, 5620
add_team: FAILURE
unite_teams: FAILURE
get_all_players: SUCCESS
70
157
139
73
81
65
95
play_match: FAILURE
remove_team: FAILURE
remove_player: SUCCESS
unite_teams: FAILURE
remove_player: SUCCESS
get_team_points: SUCCESS, 3248
update_player_stats: SUCCESS
get_all_players: SUCCESS
129
160
147
192
62
100
108
102
124
get_team_points: SUCCESS, 4784
remove_player: SUCCESS
add_team: FAILURE
get_all_players: SUCCESS
70
157
139
73
81
65
95
get_all_players_count: SUCCESS, 9
remove_player: SUCCESS
get_all_players: SUCCESS
48
103
8
184
10
185
187
21
145
remove_player: SUCCESS
remove_player: SUCCESS
unite_teams: SUCCESS
update_player_stats: SUCCESS
remove_player: SUCCESS
add_team: FAILURE
add_team: FAILURE
remove_player: SUCCESS
get_closest_player: SUCCESS, 75
play_match: FAILURE
remove_player: SUCCESS
get_top_scorer: SUCCESS, 92
remove_player: SUCCESS
update_player_stats: SUCCESS
remove_player: SUCCESS
knockout_winner: SUCCESS, 14
knockout_winner: SUCCESS, 10
knockout_winner: SUCCESS, 9
knockout_winner: FAILURE
knockout_winner: INVALID_INPUT
update_player_stats: SUCCESS
get_num_played_games: SUCCESS, 8386
get_top_scorer: SUCCESS, 47
get_team_points: SUCCESS, 8159
get_closest_player: SUCCESS, 174
remove_team: FAILURE
play_match: FAILURE
update_player_stats: SUCCESS
add_team: FAILURE
play_match: FAILURE
get_all_players_count: SUCCESS, 9
unite_teams: FAILURE
update_player_stats: SUCCESS
get_team_points: SUCCESS, 1733
add_team: FAILURE
get_closest_player: SUCCESS, 136
play_match: FAILURE
unite_teams: FAILURE
get_closest_player: SUCCESS, 13
get_all_players: SUCCESS
129
160
147
192
62
100
108
102
124
get_num_played_games: SUCCESS, 1830
get_all_players: SUCCESS
71
152
115
35
get_top_scorer: SUCCESS, 194
add_player: FAILURE
get_top_scorer: SUCCESS, 188
add_team: FAILURE
knockout_winner: SUCCESS, 10
knockout_winner: SUCCESS, 10
knockout_winner: SUCCESS, 10
knockout_winner: SUCCESS, 10
knockout_winner: SUCCESS, 10
get_closest_player: SUCCESS, 161
unite_teams: FAILURE
get_top_scorer: SUCCESS, 17
play_match: FAILURE
remove_player: SUCCESS
update_player_stats: SUCCESS
get_top_scorer: SUCCESS, 188
get_num_played_games: SUCCESS, 18780
add_team: FAILURE
get_num_played_games: SUCCESS, 9199
get_top_scorer: SUCCESS, 92
get_num_played_games: SUCCESS, 27948
get_all_players: SUCCESS
113
27
14
121
92
remove_player: SUCCESS
play_match: FAILURE
remove_player: SUCCESS
knockout_winner: SUCCESS, 14
knockout_winner: SUCCESS, 10
knockout_winner: SUCCESS, 10
knockout_winner: FAILURE
knockout_winner: INVALID_INPUT
get_num_played_games: SUCCESS, 12329
get_all_players: SUCCESS
15
101
154
198
51
get_closest_player: SUCCESS, 182
unite_teams: FAILURE
get_num_played_games: SUCCESS, 11886
remove_team: FAILURE
play_match: INVALID_INPUT
remove_team: FAILURE
get_all_players: SUCCESS
112
76
189
167
22
194
play_match: FAILURE
add_player: FAILURE
get_all_players_count: SUCCESS, 9
remove_team: FAILURE
get_all_players_count: SUCCESS, 4
get_closest_player: SUCCESS, 93
unite_teams: FAILURE
get_all_players_count: SUCCESS, 5
add_team: FAILURE
get_all_players: SUCCESS
165
105
34
39
156
117
166
56
144
171
98
get_all_players_count: SUCCESS, 11
get_num_played_games: SUCCESS, 27948
add_player: FAILURE
add_player: FAILURE
get_num_played_games: SUCCESS, 12329
add_player: FAILURE
get_all_players_count: SUCCESS, 9
get_closest_player: SUCCESS, 155
get_team_points: SUCCESS, 3248
play_match: FAILURE
get_all_players: SUCCESS
113
27
14
121
92
knockout_winner: FAILURE
knockout_winner: SUCCESS, 14
knockout_winner: FAILURE
knockout_winner: FAILURE
knockout_winner: INVALID_INPUT
get_team_points: SUCCESS, 8159
play_match: FAILURE
get_team_points: SUCCESS, 3023
remove_player: SUCCESS
knockout_winner: SUCCESS, 9
knockout_winner: INVALID_INPUT
knockout_winner: INVALID_INPUT
knockout_winner: SUCCESS, 10
knockout_winner: INVALID_INPUT
unite_teams: FAILURE
unite_teams: FAILURE
get_top_scorer: SUCCESS, 124
update_player_stats: SUCCESS
knockout_winner: FAILURE
knockout_winner: FAILURE
knockout_winner: FAILURE
knockout_winner: FAILURE
knockout_winner: INVALID_INPUT
get_all_players: SUCCESS
112
76
189
167
22
194
add_player: FAILURE
get_num_played_games: SUCCESS, 11905
play_match: FAILURE
get_top_scorer: SUCCESS, 17
unite_teams: FAILURE
get_top_scorer: SUCCESS, 17
unite_teams: FAILURE
get_num_played_games: SUCCESS, 20792
get_team_points: SUCCESS, 3248
remove_player: SUCCESS
add_player: FAILURE
get_num_played_games: SUCCESS, 5478
add_player: FAILURE
remove_player: SUCCESS
get_team_points: SUCCESS, 5041
update_player_stats: SUCCESS
get_all_players: SUCCESS
97
153
146
9
84
41
118
16
107
104
87
61
178
get_num_played_games: SUCCESS, 12194
add_team: FAILURE
remove_team: FAILURE
get_top_scorer: SUCCESS, 178
get_all_players: SUCCESS
53
86
23
128
197
update_player_stats: SUCCESS
remove_team: FAILURE
get_top_scorer: SUCCESS, 51
add_player: FAILURE
get_all_players: SUCCESS
200
199
123
69
33
134
130
149
26
83
add_team: FAILURE
remove_player: SUCCESS
add_player: FAILURE
knockout_winner: SUCCESS, 10
knockout_winner: INVALID_INPUT
knockout_winner: INVALID_INPUT
knockout_winner: SUCCESS, 10
knockout_winner: INVALID_INPUT
get_all_players_count: SUCCESS, 8
get_all_players_count: SUCCESS, 8
play_match: FAILURE
get_all_players_count: SUCCESS, 10
update_player_stats: SUCCESS
remove_player: SUCCESS
add_team: FAILURE
play_match: FAILURE
get_closest_player: SUCCESS, 98
remove_player: SUCCESS
get_top_scorer: SUCCESS, 35
get_closest_player: SUCCESS, 33
get_all_players_count: SUCCESS, 5
get_top_scorer: SUCCESS, 17
unite_teams: FAILURE
add_player: FAILURE
add_team: FAILURE
remove_player: SUCCESS
remove_player: SUCCESS
play_match: FAILURE
unite_teams: FAILURE
remove_team: FAILURE
add_player: FAILURE
add_team: FAILURE
play_match: FAILURE
knockout_winner: INVALID_INPUT
knockout_winner: FAILURE
knockout_winner: INVALID_INPUT
knockout_winner: INVALID_INPUT
knockout_winner: INVALID_INPUT
get_top_scorer: SUCCESS, 17
add_team: FAILURE
get_closest_player: SUCCESS, 75
get_num_played_games: SUCCESS, 12329
knockout_winner: SUCCESS, 14
knockout_winner: SUCCESS, 10
knockout_winner: SUCCESS, 9
knockout_winner: FAILURE
knockout_winner: INVALID_INPUT
remove_player: SUCCESS
get_num_played_games: SUCCESS, 4273
get_num_played_games: SUCCESS, 3317
remove_team: FAILURE
get_team_points: SUCCESS, 1187
get_all_players: SUCCESS
200
199
123
69
33
134
130
149
26
83
get_num_played_games: SUCCESS, 16576
get_all_players: SUCCESS
7
159
79
13
162
82
142
47
unite_teams: FAILURE
remove_player: SUCCESS
add_team: FAILURE
remove_player: SUCCESS
update_player_stats: SUCCESS
remove_player: SUCCESS
get_num_played_games: SUCCESS, 3158
get_all_players: SUCCESS
53
86
23
128
197
get_all_players_count: SUCCESS, 5
get_all_players: SUCCESS
3
80
182
186
70
193
99
60
54
110
157
172
139
106
20
114
4
73
46
136
81
64
65
191
183
95
get_all_players_count: SUCCESS, 11
get_all_players: SUCCESS
155
164
29
140
38
17
get_top_scorer: SUCCESS, 197
play_match: FAILURE
remove_player: SUCCESS
unite_teams: FAILURE
knockout_winner: INVALID_INPUT
knockout_winner: SUCCESS, 14
knockout_winner: INVALID_INPUT
knockout_winner: INVALID_INPUT
knockout_winner: INVALID_INPUT
get_num_played_games: SUCCESS, 4204
add_team: FAILURE
get_all_players: SUCCESS
58
116
143
44
45
6
168
get_top_scorer: SUCCESS, 176
get_team_points: SUCCESS, 1733
update_player_stats: SUCCESS
get_top_scorer: SUCCESS, 66
get_top_scorer: SUCCESS, 176
get_all_players_count: SUCCESS, 5
get_all_players: SUCCESS
53
86
23
128
197
remove_player: SUCCESS
add_player: FAILURE
remove_player: SUCCESS
add_team: FAILURE
play_match: FAILURE
get_all_players: SUCCESS
7
159
79
13
162
82
142
47
update_player_stats: SUCCESS
get_team_points: SUCCESS, 1187
play_match: FAILURE
unite_teams: FAILURE
update_player_stats: SUCCESS
knockout_winner: FAILURE
knockout_winner: INVALID_INPUT
knockout_winner: INVALID_INPUT
knockout_winner: SUCCESS, 9
knockout_winner: INVALID_INPUT
add_team: FAILURE
get_num_played_games: SUCCESS, 12194
get_closest_player: SUCCESS, 188
get_top_scorer: SUCCESS, 124
get_all_players_count: SUCCESS, 3
remove_player: SUCCESS
unite_teams: SUCCESS
update_player_stats: SUCCESS
get_top_scorer: SUCCESS, 168
remove_team: FAILURE
remove_team: FAILURE
get_closest_player: SUCCESS, 34
get_num_played_games: SUCCESS, 9802
knockout_winner: INVALID_INPUT
knockout_winner: FAILURE
knockout_winner: INVALID_INPUT
knockout_winner: INVALID_INPUT
knockout_winner: INVALID_INPUT
update_player_stats: SUCCESS
add_player: FAILURE
update_player_stats: SUCCESS
get_all_players: SUCCESS
113
27
14
121
92
get_all_players_count: SUCCESS, 5
update_player_stats: SUCCESS
get_top_scorer: SUCCESS, 83
unite_teams: FAILURE
remove_team: FAILURE
get_all_players: SUCCESS
58
116
143
44
45
6
168
get_top_scorer: SUCCESS, 83
get_closest_player: SUCCESS, 144
add_player: FAILURE
unite_teams: FAILURE
get_top_scorer: SUCCESS, 176
get_closest_player: SUCCESS, 182
remove_player: SUCCESS
remove_player: SUCCESS
get_closest_player: SUCCESS, 98
get_num_played_games: SUCCESS, 6343
get_top_scorer: SUCCESS, 83
update_player_stats: SUCCESS
get_all_players: SUCCESS
200
123
69
33
134
130
199
149
26
83
add_team: FAILURE
get_all_players_count: SUCCESS, 6
knockout_winner: FAILURE
knockout_winner: SUCCESS, 14
knockout_winner: FAILURE
knockout_winner: FAILURE
knockout_winner: INVALID_INPUT
play_match: FAILURE
get_num_played_games: SUCCESS, 9735
get_all_players: SUCCESS
158
188
161
get_all_players_count: SUCCESS, 7
knockout_winner: INVALID_INPUT
knockout_winner: SUCCESS, 14
knockout_winner: INVALID_INPUT
knockout_winner: INVALID_INPUT
knockout_winner: INVALID_INPUT
get_num_played_games: SUCCESS, 1564
get_all_players: SUCCESS
53
86
23
128
197
update_player_stats: SUCCESS
get_all_players: SUCCESS
7
159
13
162
142
79
47
update_player_stats: SUCCESS
get_all_players: SUCCESS
152
115
35
remove_team: FAILURE
play_match: FAILURE
remove_team: FAILURE
remove_player: SUCCESS
add_player: FAILURE
get_all_players_count: SUCCESS, 9
add_player: FAILURE
add_team: FAILURE
get_top_scorer: SUCCESS, 145
get_closest_player: SUCCESS, 136
unite_teams: FAILURE
knockout_winner: FAILURE
knockout_winner: SUCCESS, 14
knockout_winner: FAILURE
knockout_winner: FAILURE
knockout_winner: INVALID_INPUT
update_player_stats: SUCCESS
unite_teams: FAILURE
get_team_points: SUCCESS, 2336
play_match: FAILURE
knockout_winner: FAILURE
knockout_winner: SUCCESS, 14
knockout_winner: SUCCESS, 4
knockout_winner: SUCCESS, 14
knockout_winner: INVALID_INPUT
knockout_winner: SUCCESS, 14
knockout_winner: SUCCESS, 14
knockout_winner: FAILURE
knockout_winner: FAILURE
knockout_winner: INVALID_INPUT
get_top_scorer: SUCCESS, 161
get_top_scorer: SUCCESS, 124
get_all_players_count: SUCCESS, 5
get_all_players_count: SUCCESS, 6
unite_teams: SUCCESS
get_all_players: SUCCESS
48
103
184
10
185
187
21
145
knockout_winner: SUCCESS, 4
knockout_winner: INVALID_INPUT
knockout_winner: INVALID_INPUT
knockout_winner: FAILURE
knockout_winner: INVALID_INPUT
get_closest_player: SUCCESS, 79
add_player: FAILURE
add_team: FAILURE
unite_teams: FAILURE
get_num_played_games: SUCCESS, 1564
add_player: FAILURE
add_player: FAILURE
get_closest_player: SUCCESS, 98
unite_teams: SUCCESS
play_match: FAILURE
add_team: FAILURE
knockout_winner: FAILURE
knockout_winner: INVALID_INPUT
knockout_winner: INVALID_INPUT
knockout_winner: FAILURE
knockout_winner: INVALID_INPUT
play_match: FAILURE
get_num_played_games: SUCCESS, 5565
remove_player: SUCCESS
get_team_points: SUCCESS, 4554
add_player: FAILURE
get_closest_player: SUCCESS, 34
play_match: FAILURE
get_top_scorer: SUCCESS, 95
update_player_stats: SUCCESS
get_team_points: SUCCESS, 3248
remove_player: SUCCESS
get_top_scorer: SUCCESS, 35
get_top_scorer: SUCCESS, 167
remove_player: SUCCESS
get_all_players_count: SUCCESS, 6
add_team: FAILURE
play_match: SUCCESS
get_team_points: SUCCESS, 1733
get_closest_player: SUCCESS, 61
get_num_played_games: SUCCESS, 33043
get_all_players: SUCCESS
53
23
128
86
197
unite_teams: FAILURE
get_num_played_games: SUCCESS, 8732
get_num_played_games: SUCCESS, 8269
play_match: FAILURE
remove_team: FAILURE
remove_player: SUCCESS
remove_player: SUCCESS
add_player: FAILURE
get_top_scorer: SUCCESS, 161
add_player: FAILURE
play_match: FAILURE
get_team_points: SUCCESS, 8159
remove_player: SUCCESS
add_team: FAILURE
get_top_scorer: SUCCESS, 83
knockout_winner: SUCCESS, 14
knockout_winner: SUCCESS, 14
knockout_winner: FAILURE
knockout_winner: SUCCESS, 16
knockout_winner: INVALID_INPUT
knockout_winner: SUCCESS, 16
knockout_winner: SUCCESS, 14
knockout_winner: FAILURE
knockout_winner: FAILURE
knockout_winner: INVALID_INPUT
update_player_stats: SUCCESS
get_num_played_games: SUCCESS, 8038
knockout_winner: SUCCESS, 14
knockout_winner: SUCCESS, 14
knockout_winner: FAILURE
knockout_winner: SUCCESS, 16
knockout_winner: INVALID_INPUT
knockout_winner: INVALID_INPUT
knockout_winner: INVALID_INPUT
knockout_winner: INVALID_INPUT
knockout_winner: INVALID_INPUT
knockout_winner: INVALID_INPUT
play_match: FAILURE
get_all_players: SUCCESS
58
116
143
44
45
6
168
get_all_players: SUCCESS
48
103
184
10
185
187
145
add_team: FAILURE
get_team_points: SUCCESS, 1733
remove_team: FAILURE
get_top_scorer: SUCCESS, 168
add_player: FAILURE
add_team: FAILURE
unite_teams: FAILURE
get_all_players: SUCCESS
113
14
92
add_player: FAILURE
get_team_points: SUCCESS, 10998
remove_team: FAILURE
add_player: FAILURE
update_player_stats: SUCCESS
add_player: FAILURE
add_team: FAILURE
add_team: FAILURE
get_all_players: SUCCESS
58
116
143
44
45
6
168
get_num_played_games: SUCCESS, 8870
add_team: FAILURE
add_team: FAILURE
unite_teams: FAILURE
get_closest_player: SUCCESS, 127
add_player: FAILURE
get_team_points: SUCCESS, 3609
add_player: FAILURE
get_num_played_games: SUCCESS, 7527
add_player: FAILURE
get_team_points: SUCCESS, 3213
remove_player: SUCCESS
knockout_winner: SUCCESS, 16
knockout_winner: SUCCESS, 14
knockout_winner: FAILURE
knockout_winner: FAILURE
knockout_winner: INVALID_INPUT
update_player_stats: SUCCESS
add_team: FAILURE
update_player_stats: SUCCESS
knockout_winner: SUCCESS, 14
knockout_winner: SUCCESS, 14
knockout_winner: FAILURE
knockout_winner: FAILURE
knockout_winner: INVALID_INPUT
remove_team: FAILURE
get_num_played_games: SUCCESS, 13221
knockout_winner: SUCCESS, 14
knockout_winner: SUCCESS, 14
knockout_winner: FAILURE
knockout_winner: FAILURE
knockout_winner: INVALID_INPUT
get_top_scorer: SUCCESS, 167
play_match: FAILURE
unite_teams: FAILURE
knockout_winner: SUCCESS, 14
knockout_winner: SUCCESS, 14
knockout_winner: FAILURE
knockout_winner: SUCCESS, 14
knockout_winner: INVALID_INPUT
get_all_players_count: SUCCESS, 9
add_player: FAILURE
remove_team: FAILURE
get_all_players: SUCCESS
58
116
143
44
45
6
168
knockout_winner: SUCCESS, 16
knockout_winner: SUCCESS, 14
knockout_winner: FAILURE
knockout_winner: FAILURE
knockout_winner: INVALID_INPUT
play_match: FAILURE
get_top_scorer: SUCCESS, 145
unite_teams: FAILURE
get_all_players: SUCCESS
113
14
92
play_match: FAILURE
unite_teams: FAILURE
update_player_stats: SUCCESS
add_player: FAILURE
get_all_players: SUCCESS
155
164
140
38
17
29
get_top_scorer: SUCCESS, 167
play_match: FAILURE
remove_team: FAILURE
remove_player: SUCCESS
add_player: FAILURE
remove_player: SUCCESS
add_player: FAILURE
get_closest_player: SUCCESS, 45
remove_player: SUCCESS
update_player_stats: SUCCESS
get_all_players_count: SUCCESS, 21
get_top_scorer: SUCCESS, 161
update_player_stats: SUCCESS
remove_team: FAILURE
update_player_stats: SUCCESS
get_top_scorer: SUCCESS, 92
get_all_players_count: SUCCESS, 4
add_team: FAILURE
unite_teams: FAILURE
get_team_points: SUCCESS, 9461
remove_team: FAILURE
unite_teams: FAILURE
add_team: FAILURE
add_team: FAILURE
get_closest_player: SUCCESS, 129
unite_teams: FAILURE
knockout_winner: INVALID_INPUT
knockout_winner: SUCCESS, 14
knockout_winner: INVALID_INPUT
knockout_winner: INVALID_INPUT
knockout_winner: INVALID_INPUT
remove_player: SUCCESS
remove_player: SUCCESS
remove_player: SUCCESS
remove_player: SUCCESS
remove_player: SUCCESS
remove_player: SUCCESS
remove_player: SUCCESS
remove_player: SUCCESS
remove_player: SUCCESS
remove_player: SUCCESS
remove_player: SUCCESS
remove_player: SUCCESS
remove_player: SUCCESS
remove_player: SUCCESS
remove_player: SUCCESS
remove_player: SUCCESS
remove_player: SUCCESS
remove_player: SUCCESS
remove_player: SUCCESS
remove_player: SUCCESS
remove_player: SUCCESS
remove_player: SUCCESS
remove_player: SUCCESS
remove_player: SUCCESS
remove_player: SUCCESS
remove_player: SUCCESS
remove_player: SUCCESS
remove_player: SUCCESS
remove_player: SUCCESS
remove_player: SUCCESS
remove_player: SUCCESS
remove_player: SUCCESS
remove_player: SUCCESS
remove_player: SUCCESS
remove_player: SUCCESS
remove_player: SUCCESS
remove_player: SUCCESS
remove_player: SUCCESS
remove_player: SUCCESS
remove_player: SUCCESS
remove_player: SUCCESS
remove_player: SUCCESS
remove_player: SUCCESS
remove_player: SUCCESS
remove_player: SUCCESS
remove_player: SUCCESS
remove_player: SUCCESS
remove_player: SUCCESS
remove_player: SUCCESS
remove_player: SUCCESS
remove_player: SUCCESS
remove_player: SUCCESS
remove_player: SUCCESS
remove_player: SUCCESS
remove_player: SUCCESS
remove_player: SUCCESS
remove_player: SUCCESS
remove_player: SUCCESS
remove_player: SUCCESS
remove_player: SUCCESS
remove_player: SUCCESS
remove_player: SUCCESS
remove_player: SUCCESS
remove_player: SUCCESS
remove_player: SUCCESS
remove_player: SUCCESS
remove_player: SUCCESS
remove_player: SUCCESS
remove_player: SUCCESS
remove_player: SUCCESS
remove_player: SUCCESS
remove_player: SUCCESS
remove_player: SUCCESS
remove_player: SUCCESS
remove_player: SUCCESS
remove_player: SUCCESS
remove_player: SUCCESS
remove_player: SUCCESS
remove_player: SUCCESS
remove_player: SUCCESS
remove_player: SUCCESS
remove_player: SUCCESS
remove_player: SUCCESS
remove_player: SUCCESS
remove_player: SUCCESS
remove_player: SUCCESS
remove_player: SUCCESS
remove_player: SUCCESS
remove_player: SUCCESS
remove_player: SUCCESS
remove_player: SUCCESS
remove_player: SUCCESS
remove_player: SUCCESS
remove_player: SUCCESS
remove_player: SUCCESS
remove_player: SUCCESS
remove_player: SUCCESS
remove_player: SUCCESS
remove_player: SUCCESS
remove_player: SUCCESS
remove_player: SUCCESS
remove_player: SUCCESS
remove_player: SUCCESS
remove_player: SUCCESS
remove_player: SUCCESS
remove_player: SUCCESS
remove_player: SUCCESS
remove_player: SUCCESS
remove_player: SUCCESS
remove_player: SUCCESS
remove_player: SUCCESS
remove_player: SUCCESS
remove_player: SUCCESS
remove_player: SUCCESS
remove_player: SUCCESS
remove_player: SUCCESS
remove_player: SUCCESS
remove_team: SUCCESS
remove_team: SUCCESS
remove_team: SUCCESS
remove_team: SUCCESS
remove_team: SUCCESS
remove_team: SUCCESS
remove_team: SUCCESS
remove_team: SUCCESS
remove_team: SUCCESS
remove_team: SUCCESS
remove_team: SUCCESS
remove_team: SUCCESS
remove_team: SUCCESS
remove_team: SUCCESS
