add_team: SUCCESS
add_team: SUCCESS
add_team: SUCCESS
add_team: SUCCESS
add_team: SUCCESS
add_team: SUCCESS
add_team: SUCCESS
add_team: SUCCESS
add_team: SUCCESS
add_team: SUCCESS
add_team: SUCCESS
add_team: SUCCESS
add_team: SUCCESS
add_team: SUCCESS
add_team: SUCCESS
add_team: SUCCESS
add_team: SUCCESS
add_team: SUCCESS
add_team: SUCCESS
add_team: SUCCESS
add_player: SUCCESS
add_player: SUCCESS
add_player: SUCCESS
add_player: SUCCESS
add_player: SUCCESS
add_player: SUCCESS
add_player: SUCCESS
add_player: SUCCESS
add_player: SUCCESS
add_player: SUCCESS
add_player: SUCCESS
add_player: SUCCESS
add_player: SUCCESS
add_player: SUCCESS
add_player: SUCCESS
add_player: SUCCESS
add_player: SUCCESS
add_player: SUCCESS
add_player: SUCCESS
add_player: SUCCESS
add_player: SUCCESS
add_player: SUCCESS
add_player: SUCCESS
add_player: SUCCESS
add_player: SUCCESS
add_player: SUCCESS
add_player: SUCCESS
add_player: SUCCESS
add_player: SUCCESS
add_player: SUCCESS
add_player: SUCCESS
add_player: SUCCESS
add_player: SUCCESS
add_player: SUCCESS
add_player: SUCCESS
add_player: SUCCESS
add_player: SUCCESS
add_player: SUCCESS
add_player: SUCCESS
add_player: SUCCESS
add_player: SUCCESS
add_player: SUCCESS
add_player: SUCCESS
add_player: SUCCESS
add_player: SUCCESS
add_player: SUCCESS
add_player: SUCCESS
add_player: SUCCESS
add_player: SUCCESS
add_player: SUCCESS
add_player: SUCCESS
add_player: SUCCESS
add_player: SUCCESS
add_player: SUCCESS
add_player: SUCCESS
add_player: SUCCESS
add_player: SUCCESS
add_player: SUCCESS
add_player: SUCCESS
add_player: SUCCESS
add_player: SUCCESS
add_player: SUCCESS
add_player: SUCCESS
add_player: SUCCESS
add_player: SUCCESS
add_player: SUCCESS
add_player: SUCCESS
add_player: SUCCESS
add_player: SUCCESS
add_player: SUCCESS
add_player: SUCCESS
add_player: SUCCESS
add_player: SUCCESS
add_player: SUCCESS
add_player: SUCCESS
add_player: SUCCESS
add_player: SUCCESS
add_player: SUCCESS
add_player: SUCCESS
add_player: SUCCESS
add_player: SUCCESS
add_player: SUCCESS
add_player: SUCCESS
add_player: SUCCESS
add_player: SUCCESS
add_player: SUCCESS
add_player: SUCCESS
add_player: SUCCESS
add_player: SUCCESS
add_player: SUCCESS
add_player: SUCCESS
add_player: SUCCESS
add_player: SUCCESS
add_player: SUCCESS
add_player: SUCCESS
add_player: SUCCESS
add_player: SUCCESS
add_player: SUCCESS
add_player: SUCCESS
add_player: SUCCESS
add_player: SUCCESS
add_player: SUCCESS
add_player: SUCCESS
add_player: SUCCESS
add_player: SUCCESS
add_player: SUCCESS
add_player: SUCCESS
add_player: SUCCESS
add_player: SUCCESS
add_player: SUCCESS
add_player: SUCCESS
add_player: SUCCESS
add_player: SUCCESS
add_player: SUCCESS
add_player: SUCCESS
add_player: SUCCESS
add_player: SUCCESS
add_player: SUCCESS
add_player: SUCCESS
add_player: SUCCESS
add_player: SUCCESS
add_player: SUCCESS
add_player: SUCCESS
add_player: SUCCESS
add_player: SUCCESS
add_player: SUCCESS
add_player: SUCCESS
add_player: SUCCESS
add_player: SUCCESS
add_player: SUCCESS
add_player: SUCCESS
add_player: SUCCESS
add_player: SUCCESS
add_player: SUCCESS
add_player: SUCCESS
add_player: SUCCESS
add_player: SUCCESS
add_player: SUCCESS
add_player: SUCCESS
add_player: SUCCESS
add_player: SUCCESS
add_player: SUCCESS
add_player: SUCCESS
add_player: SUCCESS
add_player: SUCCESS
add_player: SUCCESS
add_player: SUCCESS
add_player: SUCCESS
add_player: SUCCESS
add_player: SUCCESS
add_player: SUCCESS
add_player: SUCCESS
add_player: SUCCESS
add_player: SUCCESS
add_player: SUCCESS
add_player: SUCCESS
add_player: SUCCESS
add_player: SUCCESS
add_player: SUCCESS
add_player: SUCCESS
add_player: SUCCESS
add_player: SUCCESS
add_player: SUCCESS
add_player: SUCCESS
add_player: SUCCESS
add_player: SUCCESS
add_player: SUCCESS
add_player: SUCCESS
add_player: SUCCESS
add_player: SUCCESS
add_player: SUCCESS
add_player: SUCCESS
add_player: SUCCESS
add_player: SUCCESS
add_player: SUCCESS
add_player: SUCCESS
add_player: SUCCESS
add_player: SUCCESS
add_player: SUCCESS
add_player: SUCCESS
add_player: SUCCESS
add_player: SUCCESS
add_player: SUCCESS
add_player: SUCCESS
add_player: SUCCESS
add_player: SUCCESS
add_player: SUCCESS
add_player: SUCCESS
add_player: SUCCESS
add_player: SUCCESS
add_player: SUCCESS
add_player: SUCCESS
add_player: SUCCESS
add_player: SUCCESS
add_player: SUCCESS
add_player: SUCCESS
add_player: SUCCESS
add_player: SUCCESS
add_player: SUCCESS
add_player: SUCCESS
get_num_played_games: SUCCESS, 7227
add_team: FAILURE
knockout_winner: SUCCESS, 6
knockout_winner: INVALID_INPUT
knockout_winner: INVALID_INPUT
knockout_winner: SUCCESS, 19
knockout_winner: SUCCESS, 11
add_player: FAILURE
update_player_stats: SUCCESS
get_num_played_games: SUCCESS, 6627
get_team_points: SUCCESS, 2791
play_match: FAILURE
unite_teams: FAILURE
add_player: FAILURE
get_top_scorer: SUCCESS, 172
play_match: FAILURE
remove_team: FAILURE
add_player: FAILURE
remove_player: SUCCESS
add_player: FAILURE
get_team_points: SUCCESS, 420
knockout_winner: FAILURE
knockout_winner: SUCCESS, 19
knockout_winner: FAILURE
knockout_winner: FAILURE
knockout_winner: INVALID_INPUT
get_all_players_count: SUCCESS, 14
add_player: FAILURE
get_closest_player: SUCCESS, 82
add_team: FAILURE
add_player: FAILURE
remove_player: SUCCESS
remove_player: SUCCESS
unite_teams: SUCCESS
add_player: FAILURE
play_match: FAILURE
add_player: FAILURE
unite_teams: INVALID_INPUT
remove_team: FAILURE
get_num_played_games: SUCCESS, 2145
add_player: FAILURE
unite_teams: FAILURE
get_top_scorer: SUCCESS, 78
remove_player: SUCCESS
get_num_played_games: SUCCESS, 10491
get_team_points: SUCCESS, 5706
get_all_players_count: SUCCESS, 4
get_all_players_count: SUCCESS, 6
play_match: FAILURE
add_player: FAILURE
remove_player: SUCCESS
get_top_scorer: SUCCESS, 26
play_match: FAILURE
play_match: FAILURE
get_closest_player: SUCCESS, 41
get_closest_player: SUCCESS, 180
get_top_scorer: SUCCESS, 128
knockout_winner: FAILURE
knockout_winner: SUCCESS, 14
knockout_winner: FAILURE
knockout_winner: SUCCESS, 17
knockout_winner: INVALID_INPUT
remove_team: FAILURE
get_top_scorer: SUCCESS, 127
remove_team: FAILURE
get_all_players_count: SUCCESS, 4
add_player: FAILURE
add_team: FAILURE
play_match: FAILURE
get_num_played_games: SUCCESS, 4139
get_top_scorer: SUCCESS, 167
unite_teams: FAILURE
knockout_winner: SUCCESS, 4
knockout_winner: INVALID_INPUT
knockout_winner: INVALID_INPUT
knockout_winner: SUCCESS, 10
knockout_winner: INVALID_INPUT
get_closest_player: SUCCESS, 197
unite_teams: INVALID_INPUT
get_top_scorer: SUCCESS, 41
get_team_points: SUCCESS, 3209
get_all_players: SUCCESS
148
57
111
58
103
44
191
190
127
add_player: FAILURE
knockout_winner: INVALID_INPUT
knockout_winner: SUCCESS, 19
knockout_winner: INVALID_INPUT
knockout_winner: INVALID_INPUT
knockout_winner: INVALID_INPUT
get_top_scorer: SUCCESS, 121
knockout_winner: SUCCESS, 11
knockout_winner: SUCCESS, 6
knockout_winner: SUCCESS, 6
knockout_winner: SUCCESS, 17
knockout_winner: INVALID_INPUT
get_all_players_count: SUCCESS, 14
get_num_played_games: SUCCESS, 6188
get_top_scorer: SUCCESS, 162
knockout_winner: INVALID_INPUT
knockout_winner: SUCCESS, 19
knockout_winner: INVALID_INPUT
knockout_winner: INVALID_INPUT
knockout_winner: INVALID_INPUT
get_num_played_games: SUCCESS, 4298
get_closest_player: SUCCESS, 9
get_num_played_games: SUCCESS, 9501
remove_team: FAILURE
get_closest_player: SUCCESS, 189
get_all_players: SUCCESS
139
16
135
196
7
143
33
89
get_all_players: SUCCESS
187
10
6
96
87
25
93
91
133
66
184
179
19
167
remove_player: SUCCESS
get_top_scorer: SUCCESS, 162
unite_teams: FAILURE
get_num_played_games: SUCCESS, 6307
get_closest_player: SUCCESS, 100
get_all_players: SUCCESS
35
13
45
43
137
53
4
176
136
116
124
99
get_top_scorer: SUCCESS, 110
update_player_stats: SUCCESS
remove_player: SUCCESS
get_all_players: SUCCESS
139
16
135
196
7
143
33
89
get_team_points: SUCCESS, 663
remove_player: SUCCESS
unite_teams: FAILURE
knockout_winner: SUCCESS, 14
knockout_winner: SUCCESS, 14
knockout_winner: SUCCESS, 14
knockout_winner: SUCCESS, 19
knockout_winner: INVALID_INPUT
play_match: FAILURE
get_closest_player: SUCCESS, 167
get_num_played_games: SUCCESS, 3918
play_match: FAILURE
get_closest_player: SUCCESS, 129
add_player: FAILURE
unite_teams: FAILURE
unite_teams: FAILURE
get_num_played_games: SUCCESS, 613
knockout_winner: SUCCESS, 11
knockout_winner: SUCCESS, 6
knockout_winner: SUCCESS, 6
knockout_winner: SUCCESS, 14
knockout_winner: INVALID_INPUT
get_all_players: SUCCESS
94
95
102
180
194
56
145
47
38
140
162
play_match: FAILURE
get_all_players_count: SUCCESS, 8
remove_team: FAILURE
add_player: FAILURE
add_player: FAILURE
play_match: FAILURE
play_match: SUCCESS
get_closest_player: SUCCESS, 111
play_match: SUCCESS
get_top_scorer: SUCCESS, 172
get_top_scorer: SUCCESS, 59
add_team: FAILURE
get_top_scorer: SUCCESS, 127
remove_player: SUCCESS
add_player: FAILURE
get_top_scorer: SUCCESS, 162
get_all_players: SUCCESS
139
16
135
196
7
143
33
89
get_closest_player: SUCCESS, 72
knockout_winner: SUCCESS, 19
knockout_winner: SUCCESS, 14
knockout_winner: SUCCESS, 14
knockout_winner: FAILURE
knockout_winner: INVALID_INPUT
knockout_winner: SUCCESS, 6
knockout_winner: INVALID_INPUT
knockout_winner: INVALID_INPUT
knockout_winner: SUCCESS, 14
knockout_winner: SUCCESS, 14
get_all_players: SUCCESS
49
101
199
186
61
158
68
134
177
106
64
1
knockout_winner: SUCCESS, 6
knockout_winner: SUCCESS, 6
knockout_winner: SUCCESS, 6
knockout_winner: SUCCESS, 14
knockout_winner: INVALID_INPUT
get_top_scorer: SUCCESS, 127
unite_teams: FAILURE
get_team_points: SUCCESS, 9939
remove_team: FAILURE
remove_player: SUCCESS
get_closest_player: SUCCESS, 179
unite_teams: FAILURE
get_closest_player: SUCCESS, 55
remove_player: SUCCESS
add_team: FAILURE
get_all_players: SUCCESS
153
197
151
54
112
62
11
100
63
170
138
163
121
remove_team: FAILURE
add_player: FAILURE
remove_player: SUCCESS
get_top_scorer: SUCCESS, 89
get_team_points: SUCCESS, 1466
unite_teams: FAILURE
unite_teams: FAILURE
add_player: FAILURE
get_top_scorer: SUCCESS, 96
get_top_scorer: SUCCESS, 189
get_top_scorer: SUCCESS, 110
get_all_players_count: SUCCESS, 11
knockout_winner: SUCCESS, 19
knockout_winner: SUCCESS, 14
knockout_winner: SUCCESS, 14
knockout_winner: FAILURE
knockout_winner: INVALID_INPUT
get_num_played_games: SUCCESS, 7919
knockout_winner: SUCCESS, 14
knockout_winner: SUCCESS, 14
knockout_winner: FAILURE
knockout_winner: SUCCESS, 19
knockout_winner: INVALID_INPUT
update_player_stats: SUCCESS
knockout_winner: SUCCESS, 14
knockout_winner: SUCCESS, 14
knockout_winner: FAILURE
knockout_winner: SUCCESS, 19
knockout_winner: INVALID_INPUT
get_num_played_games: SUCCESS, 6536
knockout_winner: INVALID_INPUT
knockout_winner: SUCCESS, 14
knockout_winner: INVALID_INPUT
knockout_winner: INVALID_INPUT
knockout_winner: INVALID_INPUT
get_closest_player: SUCCESS, 20
get_num_played_games: SUCCESS, 613
remove_team: FAILURE
knockout_winner: SUCCESS, 14
knockout_winner: SUCCESS, 14
knockout_winner: FAILURE
knockout_winner: SUCCESS, 19
knockout_winner: INVALID_INPUT
update_player_stats: SUCCESS
add_player: FAILURE
get_top_scorer: SUCCESS, 81
play_match: FAILURE
get_top_scorer: SUCCESS, 96
knockout_winner: SUCCESS, 14
knockout_winner: SUCCESS, 6
knockout_winner: SUCCESS, 6
knockout_winner: SUCCESS, 19
knockout_winner: INVALID_INPUT
remove_team: FAILURE
knockout_winner: FAILURE
knockout_winner: SUCCESS, 6
knockout_winner: FAILURE
knockout_winner: FAILURE
knockout_winner: INVALID_INPUT
play_match: FAILURE
get_all_players_count: SUCCESS, 11
knockout_winner: FAILURE
knockout_winner: INVALID_INPUT
knockout_winner: INVALID_INPUT
knockout_winner: SUCCESS, 6
knockout_winner: INVALID_INPUT
get_closest_player: SUCCESS, 152
play_match: FAILURE
remove_team: FAILURE
add_team: FAILURE
get_all_players: SUCCESS
159
123
72
52
200
117
48
28
79
195
2
126
32
110
remove_team: FAILURE
get_num_played_games: SUCCESS, 8555
remove_player: SUCCESS
unite_teams: SUCCESS
get_closest_player: SUCCESS, 26
get_all_players_count: SUCCESS, 10
get_all_players_count: SUCCESS, 9
get_team_points: SUCCESS, 1587
add_team: FAILURE
play_match: SUCCESS
get_num_played_games: SUCCESS, 1130
add_team: FAILURE
get_top_scorer: SUCCESS, 96
add_team: FAILURE
get_num_played_games: SUCCESS, 1965
remove_player: SUCCESS
add_team: FAILURE
get_all_players_count: SUCCESS, 8
unite_teams: FAILURE
get_num_played_games: SUCCESS, 831
update_player_stats: SUCCESS
get_team_points: SUCCESS, 8212
add_player: FAILURE
get_closest_player: SUCCESS, 28
unite_teams: FAILURE
play_match: SUCCESS
knockout_winner: SUCCESS, 19
knockout_winner: SUCCESS, 14
knockout_winner: SUCCESS, 14
knockout_winner: FAILURE
knockout_winner: INVALID_INPUT
add_team: FAILURE
add_player: FAILURE
get_team_points: SUCCESS, 663
remove_player: SUCCESS
get_top_scorer: SUCCESS, 59
get_team_points: SUCCESS, 8212
unite_teams: FAILURE
remove_player: SUCCESS
get_num_played_games: SUCCESS, 9258
get_num_played_games: SUCCESS, 6307
get_top_scorer: SUCCESS, 46
remove_team: FAILURE
remove_team: FAILURE
get_all_players_count: SUCCESS, 12
unite_teams: FAILURE
add_team: FAILURE
get_closest_player: SUCCESS, 126
get_all_players_count: SUCCESS, 6
remove_player: SUCCESS
update_player_stats: SUCCESS
add_team: FAILURE
get_team_points: SUCCESS, 168
remove_player: SUCCESS
remove_team: FAILURE
get_team_points: SUCCESS, 1466
get_closest_player: SUCCESS, 153
get_closest_player: SUCCESS, 106
unite_teams: FAILURE
get_team_points: SUCCESS, 168
add_player: FAILURE
add_team: FAILURE
knockout_winner: SUCCESS, 19
knockout_winner: SUCCESS, 14
knockout_winner: SUCCESS, 14
knockout_winner: FAILURE
knockout_winner: INVALID_INPUT
get_closest_player: SUCCESS, 33
add_team: FAILURE
update_player_stats: SUCCESS
get_all_players_count: SUCCESS, 7
get_all_players_count: SUCCESS, 8
add_player: FAILURE
add_player: FAILURE
update_player_stats: SUCCESS
add_team: FAILURE
get_top_scorer: SUCCESS, 41
update_player_stats: SUCCESS
play_match: FAILURE
unite_teams: FAILURE
add_team: FAILURE
add_player: FAILURE
get_closest_player: SUCCESS, 174
play_match: SUCCESS
knockout_winner: SUCCESS, 5
knockout_winner: INVALID_INPUT
knockout_winner: INVALID_INPUT
knockout_winner: SUCCESS, 10
knockout_winner: INVALID_INPUT
add_player: FAILURE
update_player_stats: SUCCESS
add_team: FAILURE
get_top_scorer: SUCCESS, 128
add_team: FAILURE
remove_player: SUCCESS
unite_teams: FAILURE
unite_teams: FAILURE
remove_team: FAILURE
get_top_scorer: SUCCESS, 64
unite_teams: FAILURE
update_player_stats: SUCCESS
get_num_played_games: SUCCESS, 9111
remove_player: SUCCESS
unite_teams: FAILURE
add_team: FAILURE
knockout_winner: SUCCESS, 6
knockout_winner: INVALID_INPUT
knockout_winner: INVALID_INPUT
knockout_winner: SUCCESS, 6
knockout_winner: INVALID_INPUT
get_all_players: SUCCESS
3
165
164
125
105
37
59
118
remove_team: FAILURE
remove_player: SUCCESS
remove_player: SUCCESS
play_match: FAILURE
get_closest_player: SUCCESS, 9
add_team: FAILURE
remove_player: SUCCESS
remove_player: SUCCESS
add_team: FAILURE
unite_teams: FAILURE
get_num_played_games: SUCCESS, 5196
remove_player: SUCCESS
get_num_played_games: SUCCESS, 7368
unite_teams: FAILURE
update_player_stats: SUCCESS
add_team: FAILURE
get_num_played_games: SUCCESS, 6386
get_all_players: SUCCESS
123
72
52
200
117
79
195
28
2
126
159
110
get_team_points: SUCCESS, 5706
get_all_players: SUCCESS
83
20
142
97
161
198
129
get_top_scorer: SUCCESS, 167
get_team_points: SUCCESS, 116
get_top_scorer: SUCCESS, 26
remove_team: FAILURE
add_player: FAILURE
get_all_players: SUCCESS
65
9
55
188
90
182
70
67
146
119
71
15
get_all_players: SUCCESS
50
29
173
149
17
152
185
189
add_player: FAILURE
get_num_played_games: SUCCESS, 11049
knockout_winner: SUCCESS, 6
knockout_winner: INVALID_INPUT
knockout_winner: INVALID_INPUT
knockout_winner: SUCCESS, 14
knockout_winner: INVALID_INPUT
get_team_points: SUCCESS, 781
play_match: FAILURE
remove_player: SUCCESS
knockout_winner: FAILURE
knockout_winner: SUCCESS, 19
knockout_winner: SUCCESS, 10
knockout_winner: FAILURE
knockout_winner: INVALID_INPUT
get_closest_player: SUCCESS, 14
get_closest_player: SUCCESS, 191
remove_team: FAILURE
get_top_scorer: SUCCESS, 183
remove_player: SUCCESS
unite_teams: SUCCESS
get_num_played_games: SUCCESS, 518
unite_teams: FAILURE
add_team: FAILURE
add_team: FAILURE
add_team: FAILURE
get_top_scorer: SUCCESS, 121
get_team_points: SUCCESS, 663
get_num_played_games: SUCCESS, 7734
get_closest_player: SUCCESS, 46
unite_teams: SUCCESS
get_all_players: SUCCESS
10
87
25
93
91
133
66
184
179
19
96
167
unite_teams: FAILURE
knockout_winner: SUCCESS, 6
knockout_winner: INVALID_INPUT
knockout_winner: INVALID_INPUT
knockout_winner: SUCCESS, 19
knockout_winner: SUCCESS, 14
get_all_players: SUCCESS
107
131
74
36
130
128
knockout_winner: INVALID_INPUT
knockout_winner: SUCCESS, 14
knockout_winner: INVALID_INPUT
knockout_winner: INVALID_INPUT
knockout_winner: INVALID_INPUT
play_match: FAILURE
get_closest_player: SUCCESS, 47
get_closest_player: SUCCESS, 68
get_top_scorer: SUCCESS, 110
update_player_stats: SUCCESS
add_player: FAILURE
update_player_stats: SUCCESS
get_all_players: SUCCESS
83
20
142
97
161
198
129
add_player: FAILURE
update_player_stats: SUCCESS
remove_player: SUCCESS
add_player: FAILURE
get_top_scorer: SUCCESS, 81
remove_player: SUCCESS
remove_player: SUCCESS
get_all_players_count: SUCCESS, 12
add_team: FAILURE
get_all_players_count: SUCCESS, 27
get_top_scorer: SUCCESS, 64
play_match: FAILURE
add_player: FAILURE
unite_teams: FAILURE
unite_teams: FAILURE
get_team_points: SUCCESS, 432
get_closest_player: SUCCESS, 194
get_closest_player: SUCCESS, 51
add_team: FAILURE
update_player_stats: SUCCESS
knockout_winner: SUCCESS, 19
knockout_winner: SUCCESS, 19
knockout_winner: SUCCESS, 14
knockout_winner: FAILURE
knockout_winner: INVALID_INPUT
get_team_points: SUCCESS, 7641
add_team: FAILURE
add_player: FAILURE
remove_player: SUCCESS
get_team_points: SUCCESS, 168
add_player: FAILURE
get_closest_player: SUCCESS, 185
unite_teams: FAILURE
add_team: FAILURE
update_player_stats: SUCCESS
get_top_scorer: SUCCESS, 127
get_num_played_games: SUCCESS, 6225
play_match: FAILURE
unite_teams: FAILURE
remove_player: SUCCESS
add_team: FAILURE
unite_teams: FAILURE
remove_team: FAILURE
knockout_winner: SUCCESS, 19
knockout_winner: SUCCESS, 19
knockout_winner: SUCCESS, 11
knockout_winner: FAILURE
knockout_winner: INVALID_INPUT
remove_player: SUCCESS
add_team: FAILURE
get_num_played_games: SUCCESS, 10441
remove_team: FAILURE
get_top_scorer: SUCCESS, 189
knockout_winner: SUCCESS, 6
knockout_winner: SUCCESS, 5
knockout_winner: FAILURE
knockout_winner: SUCCESS, 11
knockout_winner: INVALID_INPUT
remove_team: FAILURE
get_num_played_games: SUCCESS, 11945
update_player_stats: SUCCESS
add_team: FAILURE
get_team_points: SUCCESS, 663
get_closest_player: SUCCESS, 57
get_all_players_count: SUCCESS, 11
get_all_players_count: SUCCESS, 12
get_all_players: SUCCESS
148
57
58
103
44
191
190
127
get_all_players: SUCCESS
156
132
82
147
34
76
155
40
73
46
86
knockout_winner: SUCCESS, 5
knockout_winner: INVALID_INPUT
knockout_winner: INVALID_INPUT
knockout_winner: SUCCESS, 11
knockout_winner: INVALID_INPUT
get_all_players: SUCCESS
123
72
52
200
117
195
28
2
126
159
110
get_closest_player: SUCCESS, 155
get_closest_player: SUCCESS, 87
update_player_stats: SUCCESS
get_closest_player: SUCCESS, 42
add_team: FAILURE
play_match: FAILURE
get_closest_player: SUCCESS, 99
get_all_players: SUCCESS
65
9
55
188
90
182
70
146
119
71
15
play_match: FAILURE
get_top_scorer: SUCCESS, 86
update_player_stats: SUCCESS
knockout_winner: SUCCESS, 19
knockout_winner: SUCCESS, 19
knockout_winner: FAILURE
knockout_winner: FAILURE
knockout_winner: INVALID_INPUT
knockout_winner: SUCCESS, 5
knockout_winner: INVALID_INPUT
knockout_winner: INVALID_INPUT
knockout_winner: SUCCESS, 11
knockout_winner: INVALID_INPUT
add_team: FAILURE
play_match: SUCCESS
get_team_points: SUCCESS, 11457
get_all_players_count: SUCCESS, 9
add_player: FAILURE
knockout_winner: SUCCESS, 5
knockout_winner: INVALID_INPUT
knockout_winner: INVALID_INPUT
knockout_winner: SUCCESS, 10
knockout_winner: INVALID_INPUT
get_all_players: SUCCESS
65
9
55
188
90
182
70
146
119
71
15
remove_player: SUCCESS
get_team_points: SUCCESS, 1466
get_all_players_count: SUCCESS, 6
update_player_stats: SUCCESS
get_all_players_count: SUCCESS, 7
get_top_scorer: SUCCESS, 64
remove_player: SUCCESS
get_all_players: SUCCESS
148
57
58
103
191
190
127
knockout_winner: SUCCESS, 19
knockout_winner: SUCCESS, 5
knockout_winner: SUCCESS, 5
knockout_winner: SUCCESS, 19
knockout_winner: FAILURE
get_num_played_games: SUCCESS, 6225
get_closest_player: SUCCESS, 194
add_player: FAILURE
get_num_played_games: SUCCESS, 5196
get_all_players: SUCCESS
10
87
93
133
184
179
19
96
167
66
play_match: FAILURE
get_all_players_count: SUCCESS, 11
update_player_stats: SUCCESS
get_num_played_games: SUCCESS, 2316
get_top_scorer: SUCCESS, 162
add_team: FAILURE
get_all_players_count: SUCCESS, 11
update_player_stats: SUCCESS
get_top_scorer: SUCCESS, 162
remove_team: FAILURE
add_player: FAILURE
remove_team: FAILURE
remove_team: FAILURE
get_team_points: SUCCESS, 7445
get_closest_player: SUCCESS, 109
add_team: FAILURE
get_all_players_count: SUCCESS, 6
get_num_played_games: SUCCESS, 277
add_player: FAILURE
get_all_players_count: SUCCESS, 7
unite_teams: FAILURE
add_player: FAILURE
unite_teams: FAILURE
get_num_played_games: SUCCESS, 9766
unite_teams: SUCCESS
update_player_stats: SUCCESS
remove_player: SUCCESS
knockout_winner: SUCCESS, 10
knockout_winner: SUCCESS, 6
knockout_winner: SUCCESS, 5
knockout_winner: FAILURE
knockout_winner: INVALID_INPUT
get_num_played_games: SUCCESS, 4928
get_closest_player: SUCCESS, 133
unite_teams: FAILURE
get_top_scorer: SUCCESS, 89
unite_teams: SUCCESS
get_all_players: SUCCESS
10
87
93
133
184
179
19
96
167
66
remove_team: FAILURE
knockout_winner: SUCCESS, 12
knockout_winner: SUCCESS, 6
knockout_winner: SUCCESS, 6
knockout_winner: SUCCESS, 19
knockout_winner: INVALID_INPUT
knockout_winner: INVALID_INPUT
knockout_winner: INVALID_INPUT
knockout_winner: INVALID_INPUT
knockout_winner: INVALID_INPUT
knockout_winner: INVALID_INPUT
get_team_points: SUCCESS, 278
play_match: FAILURE
unite_teams: FAILURE
remove_player: SUCCESS
remove_team: FAILURE
unite_teams: FAILURE
get_all_players: SUCCESS
123
72
52
200
117
195
28
2
126
159
110
add_team: FAILURE
get_num_played_games: SUCCESS, 2255
add_team: FAILURE
get_closest_player: SUCCESS, 148
get_num_played_games: SUCCESS, 8019
knockout_winner: INVALID_INPUT
knockout_winner: SUCCESS, 19
knockout_winner: INVALID_INPUT
knockout_winner: INVALID_INPUT
knockout_winner: INVALID_INPUT
unite_teams: FAILURE
get_all_players: SUCCESS
35
13
65
51
80
45
122
9
18
12
55
188
109
5
90
182
70
169
137
53
4
176
166
136
146
21
60
119
174
116
124
99
88
41
71
15
42
81
add_team: FAILURE
add_team: FAILURE
add_team: FAILURE
unite_teams: FAILURE
play_match: INVALID_INPUT
remove_player: SUCCESS
play_match: FAILURE
get_closest_player: SUCCESS, 156
get_top_scorer: SUCCESS, 64
unite_teams: FAILURE
unite_teams: FAILURE
unite_teams: FAILURE
update_player_stats: SUCCESS
remove_player: SUCCESS
get_top_scorer: SUCCESS, 81
get_all_players_count: SUCCESS, 6
remove_team: FAILURE
get_num_played_games: SUCCESS, 1496
update_player_stats: SUCCESS
get_all_players_count: SUCCESS, 11
play_match: FAILURE
add_team: FAILURE
knockout_winner: INVALID_INPUT
knockout_winner: SUCCESS, 10
knockout_winner: INVALID_INPUT
knockout_winner: INVALID_INPUT
knockout_winner: INVALID_INPUT
get_all_players_count: SUCCESS, 10
get_top_scorer: SUCCESS, 128
remove_team: FAILURE
get_all_players_count: SUCCESS, 37
update_player_stats: SUCCESS
get_closest_player: SUCCESS, 179
get_closest_player: SUCCESS, 9
get_closest_player: SUCCESS, 20
get_team_points: SUCCESS, 168
unite_teams: FAILURE
remove_player: SUCCESS
add_player: FAILURE
knockout_winner: FAILURE
knockout_winner: SUCCESS, 19
knockout_winner: FAILURE
knockout_winner: SUCCESS, 19
knockout_winner: INVALID_INPUT
get_closest_player: SUCCESS, 70
play_match: SUCCESS
knockout_winner: SUCCESS, 6
knockout_winner: INVALID_INPUT
knockout_winner: INVALID_INPUT
knockout_winner: SUCCESS, 19
knockout_winner: SUCCESS, 12
get_all_players: SUCCESS
50
29
173
149
17
185
189
152
get_team_points: SUCCESS, 1635
remove_player: SUCCESS
remove_team: FAILURE
remove_team: FAILURE
add_team: FAILURE
add_team: FAILURE
add_player: FAILURE
get_team_points: SUCCESS, 1635
unite_teams: FAILURE
get_team_points: SUCCESS, 1635
unite_teams: FAILURE
get_all_players_count: SUCCESS, 6
update_player_stats: SUCCESS
get_all_players: SUCCESS
123
72
52
200
117
195
28
2
126
159
110
play_match: FAILURE
get_all_players_count: SUCCESS, 11
knockout_winner: SUCCESS, 6
knockout_winner: SUCCESS, 6
knockout_winner: FAILURE
knockout_winner: FAILURE
knockout_winner: INVALID_INPUT
update_player_stats: SUCCESS
remove_player: SUCCESS
get_num_played_games: SUCCESS, 1496
get_top_scorer: SUCCESS, 26
get_closest_player: SUCCESS, 52
play_match: FAILURE
get_top_scorer: SUCCESS, 127
get_num_played_games: SUCCESS, 10445
get_all_players_count: SUCCESS, 11
remove_team: FAILURE
unite_teams: FAILURE
unite_teams: FAILURE
get_num_played_games: SUCCESS, 2767
get_closest_player: SUCCESS, 99
get_top_scorer: SUCCESS, 127
unite_teams: SUCCESS
remove_team: FAILURE
knockout_winner: INVALID_INPUT
knockout_winner: FAILURE
knockout_winner: INVALID_INPUT
knockout_winner: INVALID_INPUT
knockout_winner: INVALID_INPUT
knockout_winner: SUCCESS, 9
knockout_winner: SUCCESS, 6
knockout_winner: SUCCESS, 4
knockout_winner: FAILURE
knockout_winner: INVALID_INPUT
add_player: FAILURE
get_num_played_games: SUCCESS, 637
remove_team: FAILURE
remove_player: SUCCESS
remove_player: SUCCESS
get_team_points: SUCCESS, 1466
add_team: FAILURE
get_closest_player: SUCCESS, 102
add_team: FAILURE
remove_team: FAILURE
get_all_players_count: SUCCESS, 9
add_team: FAILURE
get_all_players: SUCCESS
101
199
61
158
68
134
177
106
186
1
64
remove_player: SUCCESS
remove_player: SUCCESS
add_player: FAILURE
add_player: FAILURE
get_closest_player: SUCCESS, 118
get_team_points: SUCCESS, 7641
update_player_stats: SUCCESS
get_closest_player: SUCCESS, 139
get_team_points: SUCCESS, 7641
get_num_played_games: SUCCESS, 11524
get_all_players: SUCCESS
35
13
65
51
80
45
122
9
18
12
55
188
109
90
182
70
169
137
53
4
176
166
136
21
60
119
116
124
88
41
71
5
42
81
15
remove_player: SUCCESS
update_player_stats: SUCCESS
play_match: FAILURE
get_num_played_games: SUCCESS, 7921
play_match: FAILURE
get_top_scorer: SUCCESS, 15
get_closest_player: SUCCESS, 53
add_player: FAILURE
add_player: FAILURE
get_closest_player: SUCCESS, 103
remove_player: SUCCESS
get_all_players: SUCCESS
94
95
102
180
194
145
56
38
140
162
get_all_players: SUCCESS
101
199
61
158
68
134
177
106
186
1
64
play_match: SUCCESS
get_all_players_count: SUCCESS, 11
get_num_played_games: SUCCESS, 9791
knockout_winner: SUCCESS, 9
knockout_winner: SUCCESS, 6
knockout_winner: FAILURE
knockout_winner: FAILURE
knockout_winner: INVALID_INPUT
get_team_points: SUCCESS, 1638
knockout_winner: FAILURE
knockout_winner: SUCCESS, 19
knockout_winner: SUCCESS, 9
knockout_winner: SUCCESS, 19
knockout_winner: INVALID_INPUT
get_num_played_games: SUCCESS, 11946
get_all_players_count: SUCCESS, 7
get_team_points: SUCCESS, 20178
get_closest_player: SUCCESS, 125
get_num_played_games: SUCCESS, 6411
get_all_players_count: SUCCESS, 8
get_all_players: SUCCESS
104
30
22
157
85
98
77
26
get_all_players_count: SUCCESS, 10
get_all_players: SUCCESS
35
13
65
51
80
45
122
9
18
12
55
188
109
90
182
70
169
137
53
4
176
166
136
21
60
119
116
124
88
41
71
5
42
81
15
add_player: FAILURE
unite_teams: FAILURE
get_all_players_count: SUCCESS, 8
get_all_players_count: SUCCESS, 7
unite_teams: FAILURE
remove_player: SUCCESS
update_player_stats: SUCCESS
update_player_stats: SUCCESS
get_all_players: SUCCESS
94
102
180
194
145
95
56
38
140
162
unite_teams: FAILURE
get_all_players_count: SUCCESS, 5
get_team_points: SUCCESS, 11964
remove_team: FAILURE
get_closest_player: SUCCESS, 143
get_all_players_count: SUCCESS, 6
unite_teams: FAILURE
add_team: FAILURE
play_match: SUCCESS
add_team: FAILURE
add_player: FAILURE
unite_teams: INVALID_INPUT
get_team_points: SUCCESS, 20178
knockout_winner: SUCCESS, 6
knockout_winner: INVALID_INPUT
knockout_winner: INVALID_INPUT
knockout_winner: SUCCESS, 9
knockout_winner: FAILURE
get_team_points: SUCCESS, 7641
get_all_players_count: SUCCESS, 11
get_team_points: SUCCESS, 663
get_closest_player: SUCCESS, 50
add_player: FAILURE
knockout_winner: INVALID_INPUT
knockout_winner: SUCCESS, 12
knockout_winner: INVALID_INPUT
knockout_winner: INVALID_INPUT
knockout_winner: INVALID_INPUT
get_top_scorer: SUCCESS, 118
update_player_stats: SUCCESS
get_num_played_games: SUCCESS, 7156
get_team_points: SUCCESS, 7570
knockout_winner: SUCCESS, 6
knockout_winner: INVALID_INPUT
knockout_winner: INVALID_INPUT
knockout_winner: SUCCESS, 9
knockout_winner: INVALID_INPUT
remove_team: FAILURE
get_all_players: SUCCESS
107
131
74
36
130
128
update_player_stats: SUCCESS
get_team_points: SUCCESS, 1466
remove_player: SUCCESS
get_closest_player: SUCCESS, 95
get_top_scorer: SUCCESS, 127
get_num_played_games: SUCCESS, 14259
get_all_players: SUCCESS
148
57
58
103
191
190
127
get_num_played_games: SUCCESS, 7737
get_all_players_count: SUCCESS, 6
add_team: FAILURE
get_all_players: SUCCESS
50
29
173
149
185
189
152
knockout_winner: SUCCESS, 12
knockout_winner: SUCCESS, 9
knockout_winner: FAILURE
knockout_winner: FAILURE
knockout_winner: INVALID_INPUT
remove_player: SUCCESS
add_team: FAILURE
get_closest_player: SUCCESS, 106
knockout_winner: INVALID_INPUT
knockout_winner: SUCCESS, 9
knockout_winner: INVALID_INPUT
knockout_winner: INVALID_INPUT
knockout_winner: INVALID_INPUT
get_team_points: SUCCESS, 1466
update_player_stats: SUCCESS
update_player_stats: SUCCESS
add_player: FAILURE
play_match: FAILURE
play_match: FAILURE
add_player: FAILURE
unite_teams: FAILURE
remove_player: SUCCESS
knockout_winner: FAILURE
knockout_winner: INVALID_INPUT
knockout_winner: INVALID_INPUT
knockout_winner: SUCCESS, 9
knockout_winner: INVALID_INPUT
add_team: FAILURE
get_num_played_games: SUCCESS, 2497
remove_team: FAILURE
update_player_stats: SUCCESS
play_match: FAILURE
play_match: FAILURE
knockout_winner: SUCCESS, 12
knockout_winner: SUCCESS, 6
knockout_winner: SUCCESS, 6
knockout_winner: SUCCESS, 19
knockout_winner: INVALID_INPUT
unite_teams: INVALID_INPUT
get_top_scorer: SUCCESS, 183
unite_teams: SUCCESS
remove_team: FAILURE
unite_teams: SUCCESS
get_team_points: SUCCESS, 20178
update_player_stats: SUCCESS
remove_team: FAILURE
get_all_players: SUCCESS
148
57
58
103
191
190
127
knockout_winner: INVALID_INPUT
knockout_winner: INVALID_INPUT
knockout_winner: INVALID_INPUT
knockout_winner: INVALID_INPUT
knockout_winner: INVALID_INPUT
remove_player: SUCCESS
get_all_players: SUCCESS
139
16
135
143
89
get_all_players: SUCCESS
153
197
156
151
132
112
82
62
147
34
75
76
160
155
172
121
73
46
138
54
86
163
update_player_stats: SUCCESS
knockout_winner: SUCCESS, 12
knockout_winner: SUCCESS, 9
knockout_winner: FAILURE
knockout_winner: FAILURE
knockout_winner: INVALID_INPUT
get_top_scorer: SUCCESS, 2
get_top_scorer: SUCCESS, 128
get_team_points: SUCCESS, 278
remove_team: FAILURE
get_num_played_games: SUCCESS, 4076
get_team_points: SUCCESS, 1466
get_num_played_games: SUCCESS, 11814
get_top_scorer: SUCCESS, 15
get_closest_player: SUCCESS, 95
remove_team: FAILURE
update_player_stats: SUCCESS
get_top_scorer: SUCCESS, 15
add_team: FAILURE
remove_player: SUCCESS
unite_teams: FAILURE
get_top_scorer: SUCCESS, 127
get_closest_player: SUCCESS, 89
get_top_scorer: SUCCESS, 127
get_all_players_count: SUCCESS, 10
get_top_scorer: SUCCESS, 127
get_team_points: SUCCESS, 20178
get_team_points: SUCCESS, 20178
get_top_scorer: SUCCESS, 89
get_all_players: SUCCESS
139
16
135
143
89
add_team: FAILURE
update_player_stats: SUCCESS
unite_teams: FAILURE
knockout_winner: SUCCESS, 12
knockout_winner: SUCCESS, 9
knockout_winner: FAILURE
knockout_winner: FAILURE
knockout_winner: INVALID_INPUT
add_team: FAILURE
get_num_played_games: SUCCESS, 4710
get_team_points: SUCCESS, 11964
remove_team: FAILURE
unite_teams: FAILURE
unite_teams: SUCCESS
unite_teams: FAILURE
play_match: FAILURE
add_player: FAILURE
get_all_players_count: SUCCESS, 44
update_player_stats: SUCCESS
get_team_points: SUCCESS, 12891
remove_team: FAILURE
remove_player: SUCCESS
add_player: FAILURE
add_player: FAILURE
remove_player: SUCCESS
play_match: FAILURE
knockout_winner: INVALID_INPUT
knockout_winner: SUCCESS, 9
knockout_winner: INVALID_INPUT
knockout_winner: INVALID_INPUT
knockout_winner: INVALID_INPUT
play_match: SUCCESS
get_closest_player: SUCCESS, 155
update_player_stats: SUCCESS
add_team: FAILURE
remove_team: FAILURE
get_all_players: SUCCESS
83
178
139
16
135
20
14
142
114
143
161
97
168
198
89
78
8
183
remove_team: FAILURE
play_match: FAILURE
update_player_stats: SUCCESS
add_player: FAILURE
unite_teams: SUCCESS
play_match: INVALID_INPUT
knockout_winner: SUCCESS, 19
knockout_winner: SUCCESS, 19
knockout_winner: FAILURE
knockout_winner: FAILURE
knockout_winner: INVALID_INPUT
add_team: FAILURE
remove_player: SUCCESS
remove_player: SUCCESS
get_closest_player: SUCCESS, 156
get_all_players: SUCCESS
153
156
151
132
112
82
147
34
75
76
197
160
155
172
121
73
46
138
54
86
163
play_match: FAILURE
get_team_points: SUCCESS, 10107
get_all_players_count: SUCCESS, 18
remove_team: FAILURE
get_closest_player: SUCCESS, 194
get_all_players: SUCCESS
50
30
173
22
157
29
85
98
189
26
152
185
77
knockout_winner: SUCCESS, 19
knockout_winner: SUCCESS, 19
knockout_winner: FAILURE
knockout_winner: FAILURE
knockout_winner: INVALID_INPUT
get_team_points: SUCCESS, 10107
get_team_points: SUCCESS, 663
knockout_winner: SUCCESS, 19
knockout_winner: SUCCESS, 19
knockout_winner: FAILURE
knockout_winner: FAILURE
knockout_winner: INVALID_INPUT
unite_teams: FAILURE
unite_teams: SUCCESS
get_closest_player: SUCCESS, 14
get_all_players_count: SUCCESS, 6
get_team_points: SUCCESS, 663
get_num_played_games: SUCCESS, 6640
remove_team: FAILURE
play_match: SUCCESS
get_all_players: SUCCESS
50
30
173
22
157
29
85
98
189
26
152
185
77
remove_team: FAILURE
add_team: FAILURE
get_all_players_count: SUCCESS, 6
get_closest_player: SUCCESS, 26
add_team: FAILURE
remove_player: SUCCESS
update_player_stats: SUCCESS
unite_teams: FAILURE
get_closest_player: SUCCESS, 198
add_player: FAILURE
get_all_players_count: SUCCESS, 9
get_closest_player: SUCCESS, 57
get_all_players: SUCCESS
50
30
173
22
157
29
85
98
189
26
152
185
77
add_player: FAILURE
unite_teams: INVALID_INPUT
remove_player: SUCCESS
get_all_players_count: SUCCESS, 7
play_match: FAILURE
get_all_players: SUCCESS
94
102
180
145
95
56
140
162
38
remove_player: SUCCESS
add_player: FAILURE
add_player: FAILURE
knockout_winner: SUCCESS, 12
knockout_winner: INVALID_INPUT
knockout_winner: INVALID_INPUT
knockout_winner: SUCCESS, 12
knockout_winner: FAILURE
add_player: FAILURE
unite_teams: FAILURE
get_all_players: SUCCESS
3
165
125
105
59
118
get_top_scorer: SUCCESS, 163
knockout_winner: SUCCESS, 19
knockout_winner: SUCCESS, 19
knockout_winner: SUCCESS, 12
knockout_winner: SUCCESS, 19
knockout_winner: INVALID_INPUT
get_team_points: SUCCESS, 10107
get_team_points: SUCCESS, 1466
get_closest_player: SUCCESS, 177
add_team: FAILURE
add_player: FAILURE
remove_team: FAILURE
update_player_stats: SUCCESS
play_match: SUCCESS
add_team: FAILURE
add_player: FAILURE
get_num_played_games: SUCCESS, 4802
knockout_winner: INVALID_INPUT
knockout_winner: INVALID_INPUT
knockout_winner: INVALID_INPUT
knockout_winner: INVALID_INPUT
knockout_winner: INVALID_INPUT
remove_team: FAILURE
remove_team: FAILURE
get_all_players_count: SUCCESS, 6
knockout_winner: INVALID_INPUT
knockout_winner: SUCCESS, 19
knockout_winner: INVALID_INPUT
knockout_winner: INVALID_INPUT
knockout_winner: INVALID_INPUT
remove_player: SUCCESS
get_closest_player: SUCCESS, 66
get_closest_player: SUCCESS, 1
get_closest_player: SUCCESS, 173
get_all_players: SUCCESS
94
102
180
145
95
56
140
162
38
remove_team: FAILURE
get_closest_player: SUCCESS, 136
get_num_played_games: SUCCESS, 12814
get_top_scorer: SUCCESS, 77
add_player: FAILURE
update_player_stats: SUCCESS
add_team: FAILURE
get_closest_player: SUCCESS, 76
unite_teams: FAILURE
get_all_players: SUCCESS
94
102
180
145
95
56
140
162
38
add_player: FAILURE
get_closest_player: SUCCESS, 57
update_player_stats: SUCCESS
get_closest_player: SUCCESS, 106
get_num_played_games: SUCCESS, 1790
get_top_scorer: SUCCESS, 77
play_match: FAILURE
play_match: FAILURE
remove_team: FAILURE
get_top_scorer: SUCCESS, 163
remove_team: FAILURE
remove_team: FAILURE
get_all_players: SUCCESS
148
57
58
103
190
127
191
get_closest_player: SUCCESS, 45
get_all_players_count: SUCCESS, 8
remove_team: FAILURE
remove_team: FAILURE
update_player_stats: SUCCESS
get_team_points: SUCCESS, 20178
knockout_winner: SUCCESS, 12
knockout_winner: INVALID_INPUT
knockout_winner: INVALID_INPUT
knockout_winner: SUCCESS, 19
knockout_winner: FAILURE
add_team: FAILURE
get_all_players: SUCCESS
3
165
125
105
59
118
get_closest_player: SUCCESS, 195
add_team: FAILURE
remove_team: FAILURE
add_team: FAILURE
remove_team: FAILURE
knockout_winner: SUCCESS, 12
knockout_winner: SUCCESS, 12
knockout_winner: FAILURE
knockout_winner: FAILURE
knockout_winner: INVALID_INPUT
play_match: FAILURE
update_player_stats: SUCCESS
remove_player: SUCCESS
add_player: FAILURE
get_all_players: SUCCESS
148
57
58
103
190
127
191
update_player_stats: SUCCESS
get_team_points: SUCCESS, 5706
get_all_players: SUCCESS
72
200
195
28
123
126
159
2
add_player: FAILURE
get_num_played_games: SUCCESS, 2755
add_team: FAILURE
play_match: FAILURE
remove_team: FAILURE
get_all_players_count: SUCCESS, 12
get_all_players_count: SUCCESS, 37
get_num_played_games: SUCCESS, 19291
get_all_players: SUCCESS
50
30
173
22
157
29
85
98
189
26
185
77
update_player_stats: SUCCESS
get_closest_player: SUCCESS, 97
get_team_points: SUCCESS, 1466
add_player: FAILURE
get_num_played_games: SUCCESS, 16221
play_match: FAILURE
update_player_stats: SUCCESS
add_team: FAILURE
add_team: FAILURE
play_match: INVALID_INPUT
unite_teams: FAILURE
knockout_winner: SUCCESS, 12
knockout_winner: SUCCESS, 12
knockout_winner: FAILURE
knockout_winner: FAILURE
knockout_winner: INVALID_INPUT
get_num_played_games: SUCCESS, 13424
add_player: FAILURE
unite_teams: FAILURE
get_top_scorer: SUCCESS, 38
get_all_players: SUCCESS
72
200
195
28
123
126
159
2
remove_team: FAILURE
update_player_stats: SUCCESS
get_closest_player: SUCCESS, 75
get_all_players_count: SUCCESS, 49
get_closest_player: SUCCESS, 105
get_num_played_games: SUCCESS, 30038
get_all_players_count: SUCCESS, 8
get_all_players_count: SUCCESS, 8
update_player_stats: SUCCESS
remove_player: SUCCESS
add_team: FAILURE
play_match: FAILURE
knockout_winner: INVALID_INPUT
knockout_winner: INVALID_INPUT
knockout_winner: INVALID_INPUT
knockout_winner: INVALID_INPUT
knockout_winner: INVALID_INPUT
unite_teams: FAILURE
get_team_points: SUCCESS, 7641
get_top_scorer: SUCCESS, 77
get_team_points: SUCCESS, 19836
get_all_players_count: SUCCESS, 12
knockout_winner: SUCCESS, 12
knockout_winner: INVALID_INPUT
knockout_winner: INVALID_INPUT
knockout_winner: SUCCESS, 12
knockout_winner: FAILURE
get_closest_player: SUCCESS, 64
get_closest_player: SUCCESS, 182
get_all_players_count: SUCCESS, 12
knockout_winner: SUCCESS, 19
knockout_winner: SUCCESS, 19
knockout_winner: FAILURE
knockout_winner: FAILURE
knockout_winner: INVALID_INPUT
get_top_scorer: SUCCESS, 66
get_all_players: SUCCESS
153
83
178
156
139
151
16
135
14
112
82
142
147
114
34
75
197
160
161
155
172
121
97
168
73
46
198
89
78
138
8
143
54
183
86
76
163
add_team: FAILURE
add_player: FAILURE
get_top_scorer: SUCCESS, 163
add_player: FAILURE
get_all_players_count: SUCCESS, 6
remove_player: SUCCESS
remove_player: SUCCESS
add_player: FAILURE
add_player: FAILURE
remove_player: SUCCESS
remove_team: FAILURE
update_player_stats: SUCCESS
get_top_scorer: SUCCESS, 118
update_player_stats: SUCCESS
knockout_winner: INVALID_INPUT
knockout_winner: SUCCESS, 12
knockout_winner: INVALID_INPUT
knockout_winner: INVALID_INPUT
knockout_winner: INVALID_INPUT
unite_teams: FAILURE
get_closest_player: SUCCESS, 172
remove_team: FAILURE
get_all_players_count: SUCCESS, 12
update_player_stats: SUCCESS
update_player_stats: SUCCESS
get_team_points: SUCCESS, 5706
get_top_scorer: SUCCESS, 191
get_all_players: SUCCESS
50
30
173
22
157
29
85
98
189
26
185
77
update_player_stats: SUCCESS
add_team: FAILURE
knockout_winner: SUCCESS, 12
knockout_winner: SUCCESS, 12
knockout_winner: FAILURE
knockout_winner: FAILURE
knockout_winner: INVALID_INPUT
get_all_players_count: SUCCESS, 48
get_closest_player: SUCCESS, 184
get_top_scorer: SUCCESS, 118
get_all_players: SUCCESS
35
51
80
45
122
9
18
12
101
55
13
199
188
107
90
182
65
109
61
70
158
169
137
4
176
68
134
166
136
21
60
119
106
124
131
74
88
36
41
1
71
128
177
81
5
186
64
15
remove_team: FAILURE
unite_teams: FAILURE
unite_teams: FAILURE
get_num_played_games: SUCCESS, 7739
remove_player: SUCCESS
get_closest_player: SUCCESS, 97
knockout_winner: INVALID_INPUT
knockout_winner: FAILURE
knockout_winner: INVALID_INPUT
knockout_winner: INVALID_INPUT
knockout_winner: INVALID_INPUT
get_num_played_games: SUCCESS, 11949
add_player: FAILURE
get_num_played_games: SUCCESS, 14261
get_team_points: SUCCESS, 7641
get_team_points: SUCCESS, 5706
update_player_stats: SUCCESS
remove_player: SUCCESS
get_all_players_count: SUCCESS, 36
update_player_stats: SUCCESS
get_closest_player: SUCCESS, 168
remove_team: FAILURE
update_player_stats: SUCCESS
get_num_played_games: SUCCESS, 17926
remove_player: SUCCESS
get_num_played_games: SUCCESS, 7372
update_player_stats: SUCCESS
knockout_winner: INVALID_INPUT
knockout_winner: INVALID_INPUT
knockout_winner: INVALID_INPUT
knockout_winner: INVALID_INPUT
knockout_winner: INVALID_INPUT
add_player: FAILURE
get_all_players_count: SUCCESS, 8
get_all_players_count: SUCCESS, 11
update_player_stats: SUCCESS
get_closest_player: SUCCESS, 14
unite_teams: FAILURE
unite_teams: SUCCESS
get_team_points: SUCCESS, 7641
get_closest_player: SUCCESS, 29
play_match: SUCCESS
play_match: FAILURE
get_num_played_games: SUCCESS, 7739
update_player_stats: SUCCESS
remove_team: FAILURE
add_player: FAILURE
remove_team: FAILURE
remove_player: SUCCESS
get_team_points: SUCCESS, 16112
get_team_points: SUCCESS, 16112
get_num_played_games: SUCCESS, 5742
get_closest_player: SUCCESS, 82
remove_team: FAILURE
get_team_points: SUCCESS, 25548
remove_player: SUCCESS
remove_player: SUCCESS
remove_player: SUCCESS
remove_player: SUCCESS
remove_player: SUCCESS
remove_player: SUCCESS
remove_player: SUCCESS
remove_player: SUCCESS
remove_player: SUCCESS
remove_player: SUCCESS
remove_player: SUCCESS
remove_player: SUCCESS
remove_player: SUCCESS
remove_player: SUCCESS
remove_player: SUCCESS
remove_player: SUCCESS
remove_player: SUCCESS
remove_player: SUCCESS
remove_player: SUCCESS
remove_player: SUCCESS
remove_player: SUCCESS
remove_player: SUCCESS
remove_player: SUCCESS
remove_player: SUCCESS
remove_player: SUCCESS
remove_player: SUCCESS
remove_player: SUCCESS
remove_player: SUCCESS
remove_player: SUCCESS
remove_player: SUCCESS
remove_player: SUCCESS
remove_player: SUCCESS
remove_player: SUCCESS
remove_player: SUCCESS
remove_player: SUCCESS
remove_player: SUCCESS
remove_player: SUCCESS
remove_player: SUCCESS
remove_player: SUCCESS
remove_player: SUCCESS
remove_player: SUCCESS
remove_player: SUCCESS
remove_player: SUCCESS
remove_player: SUCCESS
remove_player: SUCCESS
remove_player: SUCCESS
remove_player: SUCCESS
remove_player: SUCCESS
remove_player: SUCCESS
remove_player: SUCCESS
remove_player: SUCCESS
remove_player: SUCCESS
remove_player: SUCCESS
remove_player: SUCCESS
remove_player: SUCCESS
remove_player: SUCCESS
remove_player: SUCCESS
remove_player: SUCCESS
remove_player: SUCCESS
remove_player: SUCCESS
remove_player: SUCCESS
remove_player: SUCCESS
remove_player: SUCCESS
remove_player: SUCCESS
remove_player: SUCCESS
remove_player: SUCCESS
remove_player: SUCCESS
remove_player: SUCCESS
remove_player: SUCCESS
remove_player: SUCCESS
remove_player: SUCCESS
remove_player: SUCCESS
remove_player: SUCCESS
remove_player: SUCCESS
remove_player: SUCCESS
remove_player: SUCCESS
remove_player: SUCCESS
remove_player: SUCCESS
remove_player: SUCCESS
remove_player: SUCCESS
remove_player: SUCCESS
remove_player: SUCCESS
remove_player: SUCCESS
remove_player: SUCCESS
remove_player: SUCCESS
remove_player: SUCCESS
remove_player: SUCCESS
remove_player: SUCCESS
remove_player: SUCCESS
remove_player: SUCCESS
remove_player: SUCCESS
remove_player: SUCCESS
remove_player: SUCCESS
remove_player: SUCCESS
remove_player: SUCCESS
remove_player: SUCCESS
remove_player: SUCCESS
remove_player: SUCCESS
remove_player: SUCCESS
remove_player: SUCCESS
remove_player: SUCCESS
remove_player: SUCCESS
remove_player: SUCCESS
remove_player: SUCCESS
remove_player: SUCCESS
remove_player: SUCCESS
remove_player: SUCCESS
remove_player: SUCCESS
remove_player: SUCCESS
remove_player: SUCCESS
remove_player: SUCCESS
remove_player: SUCCESS
remove_player: SUCCESS
remove_player: SUCCESS
remove_player: SUCCESS
remove_player: SUCCESS
remove_player: SUCCESS
remove_player: SUCCESS
remove_player: SUCCESS
remove_player: SUCCESS
remove_player: SUCCESS
remove_player: SUCCESS
remove_player: SUCCESS
remove_player: SUCCESS
remove_player: SUCCESS
remove_player: SUCCESS
remove_player: SUCCESS
remove_player: SUCCESS
remove_player: SUCCESS
remove_team: SUCCESS
remove_team: SUCCESS
remove_team: SUCCESS
remove_team: SUCCESS
remove_team: SUCCESS
remove_team: SUCCESS
remove_team: SUCCESS
