add_team: SUCCESS
add_team: SUCCESS
add_team: SUCCESS
add_team: SUCCESS
add_team: SUCCESS
add_team: SUCCESS
add_team: SUCCESS
add_team: SUCCESS
add_team: SUCCESS
add_team: SUCCESS
add_team: SUCCESS
add_team: SUCCESS
add_team: SUCCESS
add_team: SUCCESS
add_team: SUCCESS
add_team: SUCCESS
add_team: SUCCESS
add_team: SUCCESS
add_team: SUCCESS
add_team: SUCCESS
add_player: SUCCESS
add_player: SUCCESS
add_player: SUCCESS
add_player: SUCCESS
add_player: SUCCESS
add_player: SUCCESS
add_player: SUCCESS
add_player: SUCCESS
add_player: SUCCESS
add_player: SUCCESS
add_player: SUCCESS
add_player: SUCCESS
add_player: SUCCESS
add_player: SUCCESS
add_player: SUCCESS
add_player: SUCCESS
add_player: SUCCESS
add_player: SUCCESS
add_player: SUCCESS
add_player: SUCCESS
add_player: SUCCESS
add_player: SUCCESS
add_player: SUCCESS
add_player: SUCCESS
add_player: SUCCESS
add_player: SUCCESS
add_player: SUCCESS
add_player: SUCCESS
add_player: SUCCESS
add_player: SUCCESS
add_player: SUCCESS
add_player: SUCCESS
add_player: SUCCESS
add_player: SUCCESS
add_player: SUCCESS
add_player: SUCCESS
add_player: SUCCESS
add_player: SUCCESS
add_player: SUCCESS
add_player: SUCCESS
add_player: SUCCESS
add_player: SUCCESS
add_player: SUCCESS
add_player: SUCCESS
add_player: SUCCESS
add_player: SUCCESS
add_player: SUCCESS
add_player: SUCCESS
add_player: SUCCESS
add_player: SUCCESS
add_player: SUCCESS
add_player: SUCCESS
add_player: SUCCESS
add_player: SUCCESS
add_player: SUCCESS
add_player: SUCCESS
add_player: SUCCESS
add_player: SUCCESS
add_player: SUCCESS
add_player: SUCCESS
add_player: SUCCESS
add_player: SUCCESS
add_player: SUCCESS
add_player: SUCCESS
add_player: SUCCESS
add_player: SUCCESS
add_player: SUCCESS
add_player: SUCCESS
add_player: SUCCESS
add_player: SUCCESS
add_player: SUCCESS
add_player: SUCCESS
add_player: SUCCESS
add_player: SUCCESS
add_player: SUCCESS
add_player: SUCCESS
add_player: SUCCESS
add_player: SUCCESS
add_player: SUCCESS
add_player: SUCCESS
add_player: SUCCESS
add_player: SUCCESS
add_player: SUCCESS
add_player: SUCCESS
add_player: SUCCESS
add_player: SUCCESS
add_player: SUCCESS
add_player: SUCCESS
add_player: SUCCESS
add_player: SUCCESS
add_player: SUCCESS
add_player: SUCCESS
add_player: SUCCESS
add_player: SUCCESS
add_player: SUCCESS
add_player: SUCCESS
add_player: SUCCESS
add_player: SUCCESS
add_player: SUCCESS
add_player: SUCCESS
add_player: SUCCESS
add_player: SUCCESS
add_player: SUCCESS
add_player: SUCCESS
add_player: SUCCESS
add_player: SUCCESS
add_player: SUCCESS
add_player: SUCCESS
add_player: SUCCESS
add_player: SUCCESS
add_player: SUCCESS
add_player: SUCCESS
add_player: SUCCESS
add_player: SUCCESS
add_player: SUCCESS
add_player: SUCCESS
add_player: SUCCESS
add_player: SUCCESS
add_player: SUCCESS
add_player: SUCCESS
add_player: SUCCESS
add_player: SUCCESS
add_player: SUCCESS
add_player: SUCCESS
add_player: SUCCESS
add_player: SUCCESS
add_player: SUCCESS
add_player: SUCCESS
add_player: SUCCESS
add_player: SUCCESS
add_player: SUCCESS
add_player: SUCCESS
add_player: SUCCESS
add_player: SUCCESS
add_player: SUCCESS
add_player: SUCCESS
add_player: SUCCESS
add_player: SUCCESS
add_player: SUCCESS
add_player: SUCCESS
add_player: SUCCESS
add_player: SUCCESS
add_player: SUCCESS
add_player: SUCCESS
add_player: SUCCESS
add_player: SUCCESS
add_player: SUCCESS
add_player: SUCCESS
add_player: SUCCESS
add_player: SUCCESS
add_player: SUCCESS
add_player: SUCCESS
add_player: SUCCESS
add_player: SUCCESS
add_player: SUCCESS
add_player: SUCCESS
add_player: SUCCESS
add_player: SUCCESS
add_player: SUCCESS
add_player: SUCCESS
add_player: SUCCESS
add_player: SUCCESS
add_player: SUCCESS
add_player: SUCCESS
add_player: SUCCESS
add_player: SUCCESS
add_player: SUCCESS
add_player: SUCCESS
add_player: SUCCESS
add_player: SUCCESS
add_player: SUCCESS
add_player: SUCCESS
add_player: SUCCESS
add_player: SUCCESS
add_player: SUCCESS
add_player: SUCCESS
add_player: SUCCESS
add_player: SUCCESS
add_player: SUCCESS
add_player: SUCCESS
add_player: SUCCESS
add_player: SUCCESS
add_player: SUCCESS
add_player: SUCCESS
add_player: SUCCESS
add_player: SUCCESS
add_player: SUCCESS
add_player: SUCCESS
add_player: SUCCESS
add_player: SUCCESS
add_player: SUCCESS
add_player: SUCCESS
add_player: SUCCESS
add_player: SUCCESS
add_player: SUCCESS
add_player: SUCCESS
add_player: SUCCESS
add_player: SUCCESS
add_player: SUCCESS
add_player: SUCCESS
knockout_winner: SUCCESS, 14
knockout_winner: SUCCESS, 3
knockout_winner: SUCCESS, 3
knockout_winner: SUCCESS, 17
knockout_winner: SUCCESS, 11
get_closest_player: SUCCESS, 152
add_team: FAILURE
unite_teams: FAILURE
get_closest_player: SUCCESS, 76
unite_teams: FAILURE
get_all_players_count: SUCCESS, 8
get_top_scorer: SUCCESS, 24
get_all_players: SUCCESS
137
13
97
15
92
184
18
50
get_num_played_games: SUCCESS, 10797
get_closest_player: SUCCESS, 10
play_match: FAILURE
get_num_played_games: SUCCESS, 1030
play_match: SUCCESS
add_team: FAILURE
add_player: FAILURE
get_top_scorer: SUCCESS, 24
remove_team: FAILURE
knockout_winner: FAILURE
knockout_winner: SUCCESS, 17
knockout_winner: FAILURE
knockout_winner: FAILURE
knockout_winner: INVALID_INPUT
get_closest_player: SUCCESS, 65
add_player: FAILURE
get_num_played_games: SUCCESS, 5132
play_match: FAILURE
add_team: FAILURE
knockout_winner: SUCCESS, 3
knockout_winner: INVALID_INPUT
knockout_winner: INVALID_INPUT
knockout_winner: SUCCESS, 14
knockout_winner: FAILURE
knockout_winner: SUCCESS, 11
knockout_winner: SUCCESS, 14
knockout_winner: FAILURE
knockout_winner: FAILURE
knockout_winner: INVALID_INPUT
remove_team: FAILURE
get_all_players_count: SUCCESS, 9
add_team: FAILURE
remove_team: FAILURE
knockout_winner: SUCCESS, 3
knockout_winner: INVALID_INPUT
knockout_winner: INVALID_INPUT
knockout_winner: SUCCESS, 14
knockout_winner: INVALID_INPUT
get_num_played_games: SUCCESS, 384
get_top_scorer: SUCCESS, 8
add_player: FAILURE
get_team_points: SUCCESS, 3581
knockout_winner: FAILURE
knockout_winner: SUCCESS, 17
knockout_winner: FAILURE
knockout_winner: FAILURE
knockout_winner: INVALID_INPUT
unite_teams: FAILURE
get_num_played_games: SUCCESS, 3930
add_player: FAILURE
get_all_players: SUCCESS
147
56
66
195
188
124
132
remove_team: FAILURE
update_player_stats: SUCCESS
remove_team: FAILURE
update_player_stats: SUCCESS
remove_team: FAILURE
get_closest_player: SUCCESS, 59
get_all_players_count: SUCCESS, 6
get_all_players: SUCCESS
94
44
146
117
118
73
148
131
52
130
2
197
179
176
play_match: FAILURE
get_all_players_count: SUCCESS, 8
get_all_players: SUCCESS
107
42
51
174
196
114
168
189
remove_team: FAILURE
update_player_stats: SUCCESS
update_player_stats: SUCCESS
get_closest_player: SUCCESS, 38
play_match: SUCCESS
get_num_played_games: SUCCESS, 11002
update_player_stats: SUCCESS
add_player: FAILURE
get_all_players_count: SUCCESS, 9
play_match: SUCCESS
get_num_played_games: SUCCESS, 3676
unite_teams: FAILURE
get_top_scorer: SUCCESS, 50
update_player_stats: SUCCESS
get_closest_player: SUCCESS, 99
update_player_stats: SUCCESS
remove_player: SUCCESS
add_player: FAILURE
get_team_points: SUCCESS, 3723
get_num_played_games: SUCCESS, 3522
get_num_played_games: SUCCESS, 6419
add_team: FAILURE
add_team: FAILURE
unite_teams: FAILURE
get_all_players: SUCCESS
25
38
63
65
14
183
160
162
190
135
134
24
get_all_players: SUCCESS
147
56
66
195
188
124
132
get_team_points: SUCCESS, 4257
get_closest_player: SUCCESS, 193
get_num_played_games: SUCCESS, 64
get_all_players_count: SUCCESS, 8
add_team: FAILURE
add_team: FAILURE
get_all_players_count: SUCCESS, 12
unite_teams: FAILURE
get_team_points: SUCCESS, 4257
get_top_scorer: SUCCESS, 164
get_team_points: SUCCESS, 3584
update_player_stats: SUCCESS
get_all_players_count: SUCCESS, 12
get_team_points: SUCCESS, 2964
get_top_scorer: SUCCESS, 82
knockout_winner: FAILURE
knockout_winner: SUCCESS, 14
knockout_winner: SUCCESS, 14
knockout_winner: FAILURE
knockout_winner: INVALID_INPUT
get_closest_player: SUCCESS, 57
get_top_scorer: SUCCESS, 16
get_all_players: SUCCESS
11
10
47
142
78
30
33
157
119
178
55
113
get_all_players_count: SUCCESS, 12
get_closest_player: SUCCESS, 112
add_player: FAILURE
unite_teams: FAILURE
unite_teams: FAILURE
knockout_winner: SUCCESS, 8
knockout_winner: INVALID_INPUT
knockout_winner: INVALID_INPUT
knockout_winner: SUCCESS, 11
knockout_winner: INVALID_INPUT
update_player_stats: SUCCESS
remove_team: FAILURE
get_team_points: SUCCESS, 9237
get_closest_player: SUCCESS, 43
get_top_scorer: SUCCESS, 194
play_match: FAILURE
get_top_scorer: SUCCESS, 16
get_num_played_games: SUCCESS, 5802
get_all_players_count: SUCCESS, 10
unite_teams: FAILURE
get_num_played_games: SUCCESS, 2370
get_num_played_games: SUCCESS, 9212
get_top_scorer: SUCCESS, 16
remove_player: SUCCESS
add_player: FAILURE
unite_teams: FAILURE
play_match: FAILURE
add_team: FAILURE
get_top_scorer: SUCCESS, 31
unite_teams: FAILURE
add_player: FAILURE
remove_team: FAILURE
remove_team: FAILURE
remove_team: FAILURE
get_team_points: SUCCESS, 8031
get_closest_player: SUCCESS, 7
get_top_scorer: SUCCESS, 8
get_all_players_count: SUCCESS, 14
unite_teams: FAILURE
add_team: FAILURE
get_closest_player: SUCCESS, 100
remove_team: FAILURE
get_num_played_games: SUCCESS, 11372
get_all_players: SUCCESS
147
56
66
195
188
124
132
remove_player: SUCCESS
update_player_stats: SUCCESS
remove_player: SUCCESS
update_player_stats: SUCCESS
get_all_players_count: SUCCESS, 6
get_all_players_count: SUCCESS, 9
remove_player: SUCCESS
get_all_players: SUCCESS
107
42
51
174
196
168
189
114
get_all_players_count: SUCCESS, 8
play_match: FAILURE
remove_player: SUCCESS
update_player_stats: SUCCESS
get_team_points: SUCCESS, 4257
get_team_points: SUCCESS, 5793
unite_teams: INVALID_INPUT
remove_player: SUCCESS
add_player: FAILURE
knockout_winner: SUCCESS, 14
knockout_winner: SUCCESS, 3
knockout_winner: SUCCESS, 3
knockout_winner: SUCCESS, 14
knockout_winner: INVALID_INPUT
get_closest_player: SUCCESS, 197
get_team_points: SUCCESS, 2964
unite_teams: FAILURE
get_all_players: SUCCESS
90
145
77
75
108
166
70
125
29
71
get_all_players_count: SUCCESS, 10
get_closest_player: SUCCESS, 28
get_team_points: SUCCESS, 3723
get_all_players_count: SUCCESS, 12
unite_teams: FAILURE
remove_player: SUCCESS
get_top_scorer: SUCCESS, 82
play_match: FAILURE
get_closest_player: SUCCESS, 65
add_player: FAILURE
update_player_stats: SUCCESS
get_num_played_games: SUCCESS, 414
remove_player: SUCCESS
play_match: INVALID_INPUT
get_top_scorer: SUCCESS, 8
remove_team: FAILURE
get_num_played_games: SUCCESS, 6626
get_team_points: SUCCESS, 10702
remove_team: FAILURE
add_team: FAILURE
get_top_scorer: SUCCESS, 164
get_team_points: SUCCESS, 2964
get_closest_player: SUCCESS, 123
unite_teams: FAILURE
get_team_points: SUCCESS, 6654
get_closest_player: SUCCESS, 74
add_player: FAILURE
update_player_stats: SUCCESS
get_team_points: SUCCESS, 6654
update_player_stats: SUCCESS
get_all_players: SUCCESS
25
63
65
14
183
160
162
38
134
24
get_closest_player: SUCCESS, 20
add_player: FAILURE
remove_player: SUCCESS
get_top_scorer: SUCCESS, 164
remove_team: FAILURE
remove_player: SUCCESS
knockout_winner: SUCCESS, 17
knockout_winner: SUCCESS, 14
knockout_winner: FAILURE
knockout_winner: FAILURE
knockout_winner: INVALID_INPUT
get_num_played_games: SUCCESS, 5513
knockout_winner: SUCCESS, 14
knockout_winner: SUCCESS, 2
knockout_winner: SUCCESS, 2
knockout_winner: SUCCESS, 14
knockout_winner: INVALID_INPUT
get_team_points: SUCCESS, 5793
get_all_players_count: SUCCESS, 10
get_num_played_games: SUCCESS, 7814
get_num_played_games: SUCCESS, 919
remove_team: FAILURE
play_match: FAILURE
add_player: FAILURE
play_match: FAILURE
get_all_players: SUCCESS
109
193
58
31
28
play_match: FAILURE
play_match: FAILURE
unite_teams: FAILURE
get_all_players_count: SUCCESS, 10
play_match: FAILURE
update_player_stats: SUCCESS
remove_team: FAILURE
remove_team: FAILURE
add_player: FAILURE
get_all_players_count: SUCCESS, 12
get_all_players_count: SUCCESS, 6
unite_teams: INVALID_INPUT
get_team_points: SUCCESS, 4777
unite_teams: FAILURE
get_team_points: SUCCESS, 8830
unite_teams: FAILURE
get_top_scorer: SUCCESS, 8
play_match: FAILURE
update_player_stats: SUCCESS
play_match: FAILURE
remove_team: FAILURE
remove_team: FAILURE
unite_teams: FAILURE
remove_team: FAILURE
get_all_players_count: SUCCESS, 12
get_all_players: SUCCESS
11
10
47
142
78
30
33
157
119
178
55
113
knockout_winner: SUCCESS, 14
knockout_winner: INVALID_INPUT
knockout_winner: INVALID_INPUT
knockout_winner: SUCCESS, 17
knockout_winner: SUCCESS, 11
add_player: FAILURE
knockout_winner: SUCCESS, 11
knockout_winner: SUCCESS, 2
knockout_winner: SUCCESS, 2
knockout_winner: SUCCESS, 17
knockout_winner: INVALID_INPUT
get_top_scorer: SUCCESS, 194
play_match: FAILURE
get_top_scorer: SUCCESS, 32
update_player_stats: SUCCESS
remove_team: FAILURE
unite_teams: FAILURE
get_num_played_games: SUCCESS, 11912
get_all_players_count: SUCCESS, 9
knockout_winner: SUCCESS, 17
knockout_winner: SUCCESS, 14
knockout_winner: FAILURE
knockout_winner: FAILURE
knockout_winner: INVALID_INPUT
remove_player: SUCCESS
get_num_played_games: SUCCESS, 8595
play_match: INVALID_INPUT
knockout_winner: FAILURE
knockout_winner: SUCCESS, 14
knockout_winner: FAILURE
knockout_winner: FAILURE
knockout_winner: INVALID_INPUT
add_team: FAILURE
knockout_winner: SUCCESS, 14
knockout_winner: INVALID_INPUT
knockout_winner: INVALID_INPUT
knockout_winner: SUCCESS, 14
knockout_winner: SUCCESS, 11
remove_player: SUCCESS
knockout_winner: SUCCESS, 14
knockout_winner: SUCCESS, 14
knockout_winner: FAILURE
knockout_winner: FAILURE
knockout_winner: INVALID_INPUT
update_player_stats: SUCCESS
get_top_scorer: SUCCESS, 187
knockout_winner: FAILURE
knockout_winner: INVALID_INPUT
knockout_winner: INVALID_INPUT
knockout_winner: SUCCESS, 11
knockout_winner: INVALID_INPUT
remove_team: FAILURE
get_top_scorer: SUCCESS, 194
get_all_players: SUCCESS
147
56
66
195
132
get_team_points: SUCCESS, 3584
get_team_points: SUCCESS, 9225
add_team: FAILURE
get_team_points: SUCCESS, 4257
update_player_stats: SUCCESS
add_team: FAILURE
unite_teams: FAILURE
get_num_played_games: SUCCESS, 6419
knockout_winner: SUCCESS, 14
knockout_winner: SUCCESS, 2
knockout_winner: SUCCESS, 2
knockout_winner: SUCCESS, 14
knockout_winner: SUCCESS, 11
play_match: FAILURE
get_top_scorer: SUCCESS, 180
remove_player: SUCCESS
get_all_players: SUCCESS
9
22
61
139
105
27
172
86
68
add_player: FAILURE
play_match: FAILURE
remove_player: SUCCESS
get_closest_player: SUCCESS, 200
get_all_players_count: SUCCESS, 12
get_team_points: SUCCESS, 2221
remove_player: SUCCESS
get_closest_player: SUCCESS, 22
knockout_winner: SUCCESS, 14
knockout_winner: SUCCESS, 14
knockout_winner: SUCCESS, 11
knockout_winner: FAILURE
knockout_winner: INVALID_INPUT
remove_player: SUCCESS
get_closest_player: SUCCESS, 62
get_num_played_games: SUCCESS, 9168
play_match: FAILURE
add_team: FAILURE
add_player: FAILURE
update_player_stats: SUCCESS
update_player_stats: SUCCESS
get_closest_player: SUCCESS, 80
add_team: FAILURE
get_top_scorer: SUCCESS, 132
unite_teams: FAILURE
get_top_scorer: SUCCESS, 8
get_closest_player: SUCCESS, 32
get_closest_player: SUCCESS, 12
get_closest_player: SUCCESS, 39
knockout_winner: FAILURE
knockout_winner: SUCCESS, 14
knockout_winner: SUCCESS, 14
knockout_winner: FAILURE
knockout_winner: INVALID_INPUT
add_player: FAILURE
add_player: FAILURE
knockout_winner: SUCCESS, 11
knockout_winner: SUCCESS, 14
knockout_winner: SUCCESS, 3
knockout_winner: SUCCESS, 14
knockout_winner: INVALID_INPUT
get_top_scorer: SUCCESS, 164
knockout_winner: SUCCESS, 14
knockout_winner: SUCCESS, 14
knockout_winner: SUCCESS, 11
knockout_winner: SUCCESS, 14
knockout_winner: INVALID_INPUT
get_closest_player: SUCCESS, 57
get_all_players_count: SUCCESS, 11
add_player: FAILURE
get_all_players_count: SUCCESS, 6
add_team: FAILURE
remove_player: SUCCESS
add_team: FAILURE
add_team: FAILURE
get_top_scorer: SUCCESS, 68
get_closest_player: SUCCESS, 146
remove_team: FAILURE
get_all_players_count: SUCCESS, 10
remove_player: SUCCESS
get_all_players: SUCCESS
11
10
47
142
78
30
33
157
119
178
55
113
unite_teams: FAILURE
get_top_scorer: SUCCESS, 65
get_team_points: SUCCESS, 8830
get_all_players: SUCCESS
90
145
77
75
108
166
70
125
29
71
get_all_players_count: SUCCESS, 5
remove_team: FAILURE
remove_team: FAILURE
update_player_stats: SUCCESS
unite_teams: FAILURE
get_team_points: SUCCESS, 3937
get_num_played_games: SUCCESS, 8681
play_match: FAILURE
play_match: FAILURE
get_all_players_count: SUCCESS, 5
get_team_points: SUCCESS, 10702
get_top_scorer: SUCCESS, 180
add_team: FAILURE
get_num_played_games: SUCCESS, 11664
play_match: FAILURE
knockout_winner: SUCCESS, 14
knockout_winner: SUCCESS, 2
knockout_winner: SUCCESS, 2
knockout_winner: SUCCESS, 14
knockout_winner: SUCCESS, 14
knockout_winner: SUCCESS, 14
knockout_winner: SUCCESS, 14
knockout_winner: SUCCESS, 14
knockout_winner: SUCCESS, 17
knockout_winner: FAILURE
get_top_scorer: SUCCESS, 65
play_match: FAILURE
get_closest_player: SUCCESS, 172
knockout_winner: FAILURE
knockout_winner: SUCCESS, 14
knockout_winner: FAILURE
knockout_winner: SUCCESS, 14
knockout_winner: INVALID_INPUT
remove_team: FAILURE
unite_teams: FAILURE
get_closest_player: SUCCESS, 62
get_team_points: SUCCESS, 2964
get_num_played_games: SUCCESS, 11418
get_num_played_games: SUCCESS, 1850
add_player: FAILURE
add_team: FAILURE
update_player_stats: SUCCESS
get_all_players_count: SUCCESS, 11
update_player_stats: SUCCESS
knockout_winner: SUCCESS, 11
knockout_winner: SUCCESS, 14
knockout_winner: FAILURE
knockout_winner: SUCCESS, 14
knockout_winner: INVALID_INPUT
remove_team: FAILURE
add_player: FAILURE
get_all_players_count: SUCCESS, 7
get_closest_player: SUCCESS, 120
play_match: FAILURE
get_closest_player: SUCCESS, 50
knockout_winner: SUCCESS, 14
knockout_winner: SUCCESS, 14
knockout_winner: SUCCESS, 14
knockout_winner: FAILURE
knockout_winner: INVALID_INPUT
knockout_winner: SUCCESS, 14
knockout_winner: SUCCESS, 14
knockout_winner: SUCCESS, 11
knockout_winner: FAILURE
knockout_winner: INVALID_INPUT
add_team: FAILURE
remove_player: SUCCESS
add_team: FAILURE
add_team: FAILURE
remove_team: FAILURE
play_match: FAILURE
get_top_scorer: SUCCESS, 2
get_all_players: SUCCESS
147
56
66
195
132
knockout_winner: SUCCESS, 3
knockout_winner: INVALID_INPUT
knockout_winner: INVALID_INPUT
knockout_winner: SUCCESS, 14
knockout_winner: SUCCESS, 11
add_team: FAILURE
get_team_points: SUCCESS, 946
unite_teams: FAILURE
remove_team: FAILURE
play_match: FAILURE
add_player: FAILURE
update_player_stats: SUCCESS
remove_player: SUCCESS
update_player_stats: SUCCESS
get_closest_player: SUCCESS, 15
get_team_points: SUCCESS, 6730
unite_teams: FAILURE
unite_teams: FAILURE
get_team_points: SUCCESS, 9237
knockout_winner: FAILURE
knockout_winner: SUCCESS, 14
knockout_winner: SUCCESS, 14
knockout_winner: FAILURE
knockout_winner: INVALID_INPUT
remove_team: FAILURE
get_top_scorer: SUCCESS, 82
add_team: FAILURE
add_player: FAILURE
get_closest_player: SUCCESS, 115
get_all_players_count: SUCCESS, 10
update_player_stats: SUCCESS
get_num_played_games: SUCCESS, 1016
get_all_players_count: SUCCESS, 7
unite_teams: SUCCESS
get_all_players: SUCCESS
69
173
192
89
177
182
85
100
64
140
83
add_team: FAILURE
unite_teams: FAILURE
update_player_stats: SUCCESS
get_all_players_count: SUCCESS, 10
remove_player: SUCCESS
get_top_scorer: SUCCESS, 132
knockout_winner: SUCCESS, 11
knockout_winner: SUCCESS, 14
knockout_winner: FAILURE
knockout_winner: SUCCESS, 17
knockout_winner: INVALID_INPUT
unite_teams: FAILURE
remove_team: FAILURE
unite_teams: FAILURE
get_all_players: SUCCESS
169
101
74
153
171
103
87
98
133
62
update_player_stats: SUCCESS
update_player_stats: SUCCESS
update_player_stats: SUCCESS
play_match: FAILURE
get_all_players: SUCCESS
42
174
196
189
168
114
play_match: FAILURE
get_top_scorer: SUCCESS, 180
get_top_scorer: SUCCESS, 129
remove_team: FAILURE
get_top_scorer: SUCCESS, 83
get_top_scorer: SUCCESS, 62
add_team: FAILURE
unite_teams: FAILURE
update_player_stats: SUCCESS
update_player_stats: SUCCESS
knockout_winner: INVALID_INPUT
knockout_winner: SUCCESS, 14
knockout_winner: INVALID_INPUT
knockout_winner: INVALID_INPUT
knockout_winner: INVALID_INPUT
play_match: SUCCESS
get_closest_player: SUCCESS, 121
add_team: FAILURE
add_player: FAILURE
remove_team: FAILURE
update_player_stats: SUCCESS
get_all_players_count: SUCCESS, 14
play_match: FAILURE
add_player: FAILURE
remove_team: FAILURE
get_num_played_games: SUCCESS, 9214
remove_player: SUCCESS
knockout_winner: SUCCESS, 14
knockout_winner: SUCCESS, 14
knockout_winner: SUCCESS, 11
knockout_winner: SUCCESS, 17
knockout_winner: INVALID_INPUT
unite_teams: SUCCESS
play_match: SUCCESS
play_match: FAILURE
get_closest_player: SUCCESS, 58
play_match: FAILURE
knockout_winner: SUCCESS, 2
knockout_winner: INVALID_INPUT
knockout_winner: INVALID_INPUT
knockout_winner: SUCCESS, 14
knockout_winner: FAILURE
get_team_points: SUCCESS, 8830
get_all_players_count: SUCCESS, 10
get_all_players: SUCCESS
109
193
58
28
31
unite_teams: FAILURE
add_team: FAILURE
get_all_players: SUCCESS
12
91
102
199
48
115
123
155
161
185
4
136
46
122
57
194
180
get_all_players: SUCCESS
44
146
73
117
148
131
130
118
197
179
176
52
2
add_player: FAILURE
get_top_scorer: SUCCESS, 152
add_player: FAILURE
remove_player: SUCCESS
add_team: FAILURE
add_player: FAILURE
get_top_scorer: SUCCESS, 187
play_match: FAILURE
knockout_winner: FAILURE
knockout_winner: SUCCESS, 14
knockout_winner: SUCCESS, 14
knockout_winner: FAILURE
knockout_winner: INVALID_INPUT
unite_teams: FAILURE
get_all_players_count: SUCCESS, 5
get_num_played_games: SUCCESS, 7077
get_closest_player: SUCCESS, 42
get_all_players: SUCCESS
159
165
104
151
200
198
get_all_players: SUCCESS
169
101
74
153
171
103
87
98
133
62
get_num_played_games: SUCCESS, 3962
get_team_points: SUCCESS, 2964
add_player: FAILURE
add_player: FAILURE
get_top_scorer: SUCCESS, 152
knockout_winner: SUCCESS, 3
knockout_winner: INVALID_INPUT
knockout_winner: INVALID_INPUT
knockout_winner: FAILURE
knockout_winner: INVALID_INPUT
get_top_scorer: SUCCESS, 129
get_all_players_count: SUCCESS, 6
get_team_points: SUCCESS, 9225
remove_player: SUCCESS
remove_player: SUCCESS
get_num_played_games: SUCCESS, 9082
knockout_winner: INVALID_INPUT
knockout_winner: SUCCESS, 14
knockout_winner: INVALID_INPUT
knockout_winner: INVALID_INPUT
knockout_winner: INVALID_INPUT
get_num_played_games: SUCCESS, 7815
knockout_winner: SUCCESS, 14
knockout_winner: SUCCESS, 14
knockout_winner: FAILURE
knockout_winner: FAILURE
knockout_winner: INVALID_INPUT
update_player_stats: SUCCESS
get_team_points: SUCCESS, 9801
knockout_winner: SUCCESS, 14
knockout_winner: SUCCESS, 14
knockout_winner: FAILURE
knockout_winner: FAILURE
knockout_winner: INVALID_INPUT
get_num_played_games: SUCCESS, 744
add_player: FAILURE
get_all_players: SUCCESS
81
138
93
59
49
129
add_player: FAILURE
update_player_stats: SUCCESS
get_top_scorer: SUCCESS, 13
get_team_points: SUCCESS, 5793
add_player: FAILURE
get_all_players_count: SUCCESS, 9
get_top_scorer: SUCCESS, 167
add_player: FAILURE
get_all_players_count: SUCCESS, 9
add_player: FAILURE
update_player_stats: SUCCESS
get_all_players_count: SUCCESS, 10
get_closest_player: SUCCESS, 197
get_all_players: SUCCESS
147
66
195
132
56
get_top_scorer: SUCCESS, 83
get_all_players_count: SUCCESS, 17
get_closest_player: SUCCESS, 154
get_num_played_games: SUCCESS, 13000
add_team: FAILURE
knockout_winner: SUCCESS, 14
knockout_winner: SUCCESS, 14
knockout_winner: FAILURE
knockout_winner: SUCCESS, 17
knockout_winner: INVALID_INPUT
update_player_stats: SUCCESS
get_num_played_games: SUCCESS, 1647
unite_teams: FAILURE
get_num_played_games: SUCCESS, 788
update_player_stats: SUCCESS
get_top_scorer: SUCCESS, 198
get_num_played_games: SUCCESS, 6280
add_team: FAILURE
add_team: FAILURE
get_all_players: SUCCESS
159
165
104
151
200
198
get_all_players_count: SUCCESS, 17
get_all_players_count: SUCCESS, 6
get_all_players_count: SUCCESS, 13
get_closest_player: SUCCESS, 101
knockout_winner: SUCCESS, 14
knockout_winner: INVALID_INPUT
knockout_winner: INVALID_INPUT
knockout_winner: SUCCESS, 14
knockout_winner: FAILURE
remove_player: SUCCESS
remove_player: SUCCESS
get_top_scorer: SUCCESS, 2
remove_team: FAILURE
add_player: FAILURE
remove_player: SUCCESS
add_player: FAILURE
get_team_points: SUCCESS, 9225
get_team_points: SUCCESS, 4530
get_closest_player: SUCCESS, 85
remove_team: FAILURE
get_closest_player: SUCCESS, 177
get_all_players: SUCCESS
169
101
74
171
103
87
98
153
133
62
get_closest_player: SUCCESS, 58
get_num_played_games: SUCCESS, 6835
get_top_scorer: SUCCESS, 180
get_top_scorer: SUCCESS, 31
remove_player: SUCCESS
add_player: FAILURE
update_player_stats: SUCCESS
get_top_scorer: SUCCESS, 83
play_match: INVALID_INPUT
get_num_played_games: SUCCESS, 2224
add_team: FAILURE
update_player_stats: SUCCESS
get_closest_player: SUCCESS, 50
unite_teams: FAILURE
get_all_players: SUCCESS
72
111
154
41
128
17
186
37
164
152
update_player_stats: SUCCESS
remove_team: FAILURE
add_team: FAILURE
get_team_points: SUCCESS, 9801
unite_teams: FAILURE
add_team: FAILURE
get_num_played_games: SUCCESS, 20306
remove_player: SUCCESS
update_player_stats: SUCCESS
get_all_players: SUCCESS
147
66
195
132
56
get_closest_player: SUCCESS, 104
get_closest_player: SUCCESS, 60
update_player_stats: SUCCESS
play_match: FAILURE
knockout_winner: SUCCESS, 14
knockout_winner: SUCCESS, 14
knockout_winner: SUCCESS, 14
knockout_winner: SUCCESS, 14
knockout_winner: SUCCESS, 14
add_team: FAILURE
get_team_points: SUCCESS, 6528
remove_team: FAILURE
get_all_players_count: SUCCESS, 5
get_closest_player: SUCCESS, 93
unite_teams: FAILURE
get_top_scorer: SUCCESS, 180
knockout_winner: FAILURE
knockout_winner: SUCCESS, 2
knockout_winner: SUCCESS, 2
knockout_winner: SUCCESS, 14
knockout_winner: INVALID_INPUT
remove_player: SUCCESS
unite_teams: FAILURE
get_top_scorer: SUCCESS, 180
get_all_players: SUCCESS
11
10
47
142
78
30
157
119
178
55
33
113
add_team: FAILURE
update_player_stats: SUCCESS
unite_teams: FAILURE
knockout_winner: FAILURE
knockout_winner: SUCCESS, 2
knockout_winner: SUCCESS, 2
knockout_winner: SUCCESS, 14
knockout_winner: INVALID_INPUT
remove_player: SUCCESS
play_match: FAILURE
unite_teams: FAILURE
get_all_players: SUCCESS
159
165
104
151
200
198
knockout_winner: FAILURE
knockout_winner: SUCCESS, 14
knockout_winner: FAILURE
knockout_winner: FAILURE
knockout_winner: INVALID_INPUT
remove_team: FAILURE
add_team: FAILURE
get_team_points: SUCCESS, 6730
get_team_points: SUCCESS, 2964
add_player: FAILURE
remove_player: SUCCESS
get_closest_player: SUCCESS, 16
get_num_played_games: SUCCESS, 9048
get_team_points: SUCCESS, 3723
get_top_scorer: SUCCESS, 31
get_top_scorer: SUCCESS, 170
add_player: FAILURE
get_closest_player: SUCCESS, 100
get_top_scorer: SUCCESS, 8
add_player: FAILURE
unite_teams: FAILURE
add_player: FAILURE
get_num_played_games: SUCCESS, 2696
get_all_players_count: SUCCESS, 6
remove_team: FAILURE
get_num_played_games: SUCCESS, 2261
remove_player: SUCCESS
add_player: FAILURE
play_match: FAILURE
play_match: SUCCESS
get_all_players: SUCCESS
69
173
89
177
182
85
100
64
140
192
83
knockout_winner: SUCCESS, 14
knockout_winner: SUCCESS, 14
knockout_winner: FAILURE
knockout_winner: SUCCESS, 17
knockout_winner: INVALID_INPUT
get_num_played_games: SUCCESS, 8180
get_top_scorer: SUCCESS, 13
get_top_scorer: SUCCESS, 68
get_top_scorer: SUCCESS, 197
unite_teams: FAILURE
play_match: SUCCESS
get_closest_player: SUCCESS, 47
add_player: FAILURE
knockout_winner: SUCCESS, 14
knockout_winner: SUCCESS, 2
knockout_winner: SUCCESS, 2
knockout_winner: SUCCESS, 14
knockout_winner: SUCCESS, 12
update_player_stats: SUCCESS
get_top_scorer: SUCCESS, 16
knockout_winner: FAILURE
knockout_winner: SUCCESS, 2
knockout_winner: SUCCESS, 2
knockout_winner: SUCCESS, 12
knockout_winner: INVALID_INPUT
get_all_players_count: SUCCESS, 8
get_all_players: SUCCESS
11
10
47
142
78
30
157
119
178
55
33
113
unite_teams: FAILURE
get_all_players_count: SUCCESS, 6
get_all_players_count: SUCCESS, 13
add_team: FAILURE
play_match: FAILURE
add_player: FAILURE
knockout_winner: SUCCESS, 12
knockout_winner: SUCCESS, 14
knockout_winner: FAILURE
knockout_winner: SUCCESS, 17
knockout_winner: INVALID_INPUT
knockout_winner: FAILURE
knockout_winner: SUCCESS, 17
knockout_winner: FAILURE
knockout_winner: FAILURE
knockout_winner: INVALID_INPUT
get_all_players_count: SUCCESS, 12
get_team_points: SUCCESS, 8031
update_player_stats: SUCCESS
update_player_stats: SUCCESS
add_player: FAILURE
get_top_scorer: SUCCESS, 65
add_team: FAILURE
unite_teams: FAILURE
unite_teams: SUCCESS
knockout_winner: SUCCESS, 14
knockout_winner: SUCCESS, 14
knockout_winner: FAILURE
knockout_winner: SUCCESS, 17
knockout_winner: INVALID_INPUT
add_player: FAILURE
unite_teams: FAILURE
get_all_players: SUCCESS
79
39
95
149
144
167
170
play_match: FAILURE
add_player: FAILURE
get_team_points: SUCCESS, 5793
get_all_players: SUCCESS
79
39
95
149
144
167
170
unite_teams: FAILURE
add_player: FAILURE
add_team: FAILURE
update_player_stats: SUCCESS
update_player_stats: SUCCESS
add_player: FAILURE
play_match: SUCCESS
get_all_players_count: SUCCESS, 10
get_team_points: SUCCESS, 8031
get_all_players_count: SUCCESS, 9
play_match: FAILURE
update_player_stats: SUCCESS
get_top_scorer: SUCCESS, 62
update_player_stats: SUCCESS
get_top_scorer: SUCCESS, 187
get_closest_player: SUCCESS, 93
get_num_played_games: SUCCESS, 12169
remove_team: FAILURE
remove_team: FAILURE
unite_teams: FAILURE
remove_team: FAILURE
unite_teams: FAILURE
unite_teams: FAILURE
update_player_stats: SUCCESS
add_player: FAILURE
play_match: SUCCESS
get_closest_player: SUCCESS, 195
get_top_scorer: SUCCESS, 31
update_player_stats: SUCCESS
get_top_scorer: SUCCESS, 184
play_match: FAILURE
get_closest_player: SUCCESS, 42
get_num_played_games: SUCCESS, 15088
get_num_played_games: SUCCESS, 7872
get_top_scorer: SUCCESS, 8
unite_teams: FAILURE
get_all_players_count: SUCCESS, 10
get_team_points: SUCCESS, 10702
add_player: FAILURE
get_closest_player: SUCCESS, 29
play_match: SUCCESS
add_player: FAILURE
get_team_points: SUCCESS, 9807
add_team: FAILURE
get_top_scorer: SUCCESS, 197
play_match: FAILURE
unite_teams: FAILURE
play_match: FAILURE
get_team_points: SUCCESS, 6654
play_match: FAILURE
knockout_winner: SUCCESS, 14
knockout_winner: SUCCESS, 14
knockout_winner: SUCCESS, 14
knockout_winner: SUCCESS, 17
knockout_winner: INVALID_INPUT
knockout_winner: SUCCESS, 14
knockout_winner: SUCCESS, 14
knockout_winner: SUCCESS, 14
knockout_winner: FAILURE
knockout_winner: INVALID_INPUT
remove_team: FAILURE
get_closest_player: SUCCESS, 144
get_all_players: SUCCESS
69
173
89
177
182
85
100
64
140
192
83
get_closest_player: SUCCESS, 23
get_top_scorer: SUCCESS, 198
remove_team: FAILURE
add_team: FAILURE
get_top_scorer: SUCCESS, 197
play_match: FAILURE
get_team_points: SUCCESS, 10702
remove_team: FAILURE
get_num_played_games: SUCCESS, 4511
get_closest_player: SUCCESS, 37
get_num_played_games: SUCCESS, 12170
play_match: FAILURE
get_num_played_games: SUCCESS, 7999
remove_team: FAILURE
get_num_played_games: SUCCESS, 1084
get_all_players: SUCCESS
163
127
120
80
121
45
36
88
1
60
187
knockout_winner: INVALID_INPUT
knockout_winner: INVALID_INPUT
knockout_winner: INVALID_INPUT
knockout_winner: INVALID_INPUT
knockout_winner: INVALID_INPUT
add_player: FAILURE
add_team: FAILURE
get_num_played_games: SUCCESS, 23107
get_all_players_count: SUCCESS, 10
update_player_stats: SUCCESS
knockout_winner: SUCCESS, 14
knockout_winner: SUCCESS, 14
knockout_winner: SUCCESS, 14
knockout_winner: FAILURE
knockout_winner: INVALID_INPUT
add_team: FAILURE
get_all_players: SUCCESS
69
173
89
177
182
85
100
64
140
192
83
get_num_played_games: SUCCESS, 3461
add_team: FAILURE
remove_team: FAILURE
play_match: SUCCESS
add_player: FAILURE
unite_teams: FAILURE
get_closest_player: SUCCESS, 99
play_match: FAILURE
get_top_scorer: SUCCESS, 16
add_player: FAILURE
add_player: FAILURE
add_player: FAILURE
add_team: FAILURE
update_player_stats: SUCCESS
get_all_players_count: SUCCESS, 10
get_num_played_games: SUCCESS, 9797
get_all_players_count: SUCCESS, 17
get_team_points: SUCCESS, 8503
get_closest_player: SUCCESS, 153
remove_player: SUCCESS
get_num_played_games: SUCCESS, 1408
add_player: FAILURE
unite_teams: FAILURE
add_team: FAILURE
get_top_scorer: SUCCESS, 56
knockout_winner: INVALID_INPUT
knockout_winner: INVALID_INPUT
knockout_winner: INVALID_INPUT
knockout_winner: INVALID_INPUT
knockout_winner: INVALID_INPUT
add_team: FAILURE
get_all_players: SUCCESS
72
111
154
41
128
17
186
37
152
add_team: FAILURE
knockout_winner: INVALID_INPUT
knockout_winner: SUCCESS, 17
knockout_winner: INVALID_INPUT
knockout_winner: INVALID_INPUT
knockout_winner: INVALID_INPUT
get_all_players_count: SUCCESS, 8
unite_teams: SUCCESS
knockout_winner: SUCCESS, 4
knockout_winner: INVALID_INPUT
knockout_winner: INVALID_INPUT
knockout_winner: SUCCESS, 14
knockout_winner: FAILURE
play_match: FAILURE
get_top_scorer: SUCCESS, 184
get_all_players_count: SUCCESS, 6
get_num_played_games: SUCCESS, 9072
unite_teams: FAILURE
get_closest_player: SUCCESS, 115
update_player_stats: SUCCESS
unite_teams: FAILURE
get_top_scorer: SUCCESS, 129
get_all_players_count: SUCCESS, 11
add_player: FAILURE
get_num_played_games: SUCCESS, 11073
get_closest_player: SUCCESS, 48
remove_team: FAILURE
unite_teams: FAILURE
unite_teams: FAILURE
get_num_played_games: SUCCESS, 8171
get_team_points: SUCCESS, 4530
knockout_winner: SUCCESS, 4
knockout_winner: INVALID_INPUT
knockout_winner: INVALID_INPUT
knockout_winner: SUCCESS, 14
knockout_winner: SUCCESS, 14
get_top_scorer: SUCCESS, 56
get_team_points: SUCCESS, 18310
get_all_players: SUCCESS
72
111
154
41
128
17
186
37
152
get_top_scorer: SUCCESS, 62
unite_teams: SUCCESS
add_team: FAILURE
add_player: FAILURE
remove_team: FAILURE
update_player_stats: SUCCESS
get_all_players: SUCCESS
109
193
58
28
31
add_team: FAILURE
unite_teams: FAILURE
update_player_stats: SUCCESS
unite_teams: FAILURE
remove_player: SUCCESS
get_all_players_count: SUCCESS, 24
add_team: FAILURE
get_top_scorer: SUCCESS, 62
get_all_players: SUCCESS
169
101
171
87
98
103
153
133
62
get_all_players: SUCCESS
81
138
93
59
49
129
get_num_played_games: SUCCESS, 9403
knockout_winner: SUCCESS, 12
knockout_winner: SUCCESS, 17
knockout_winner: FAILURE
knockout_winner: SUCCESS, 17
knockout_winner: INVALID_INPUT
play_match: SUCCESS
get_team_points: SUCCESS, 10255
remove_player: SUCCESS
knockout_winner: SUCCESS, 17
knockout_winner: SUCCESS, 17
knockout_winner: SUCCESS, 12
knockout_winner: SUCCESS, 17
knockout_winner: INVALID_INPUT
get_top_scorer: SUCCESS, 184
update_player_stats: SUCCESS
unite_teams: FAILURE
remove_team: FAILURE
add_team: FAILURE
get_num_played_games: SUCCESS, 5479
play_match: SUCCESS
unite_teams: FAILURE
get_all_players: SUCCESS
79
39
149
144
167
95
170
get_closest_player: SUCCESS, 47
remove_player: SUCCESS
get_team_points: SUCCESS, 5793
unite_teams: FAILURE
get_all_players_count: SUCCESS, 24
get_all_players_count: SUCCESS, 23
remove_team: FAILURE
get_all_players: SUCCESS
72
111
154
41
128
17
186
37
152
update_player_stats: SUCCESS
remove_player: SUCCESS
get_closest_player: SUCCESS, 66
get_num_played_games: SUCCESS, 156
knockout_winner: INVALID_INPUT
knockout_winner: INVALID_INPUT
knockout_winner: INVALID_INPUT
knockout_winner: INVALID_INPUT
knockout_winner: INVALID_INPUT
knockout_winner: SUCCESS, 2
knockout_winner: INVALID_INPUT
knockout_winner: INVALID_INPUT
knockout_winner: FAILURE
knockout_winner: INVALID_INPUT
get_top_scorer: SUCCESS, 157
play_match: FAILURE
remove_team: FAILURE
add_team: FAILURE
add_team: FAILURE
get_all_players: SUCCESS
169
101
171
87
98
103
153
133
62
get_all_players: SUCCESS
81
138
93
59
129
get_closest_player: SUCCESS, 23
play_match: FAILURE
update_player_stats: SUCCESS
get_closest_player: SUCCESS, 59
unite_teams: FAILURE
add_player: FAILURE
get_all_players: SUCCESS
116
90
145
75
108
166
23
70
19
175
21
29
77
99
16
71
add_team: FAILURE
remove_team: FAILURE
unite_teams: FAILURE
get_team_points: SUCCESS, 2970
get_all_players_count: SUCCESS, 24
knockout_winner: SUCCESS, 17
knockout_winner: SUCCESS, 4
knockout_winner: SUCCESS, 4
knockout_winner: SUCCESS, 17
knockout_winner: INVALID_INPUT
add_player: FAILURE
get_num_played_games: SUCCESS, 2373
knockout_winner: INVALID_INPUT
knockout_winner: INVALID_INPUT
knockout_winner: INVALID_INPUT
knockout_winner: INVALID_INPUT
knockout_winner: INVALID_INPUT
remove_player: SUCCESS
get_all_players_count: SUCCESS, 7
play_match: FAILURE
play_match: SUCCESS
play_match: FAILURE
get_num_played_games: SUCCESS, 21472
get_all_players: SUCCESS
11
10
47
142
78
30
119
55
33
178
113
157
add_team: FAILURE
update_player_stats: SUCCESS
add_team: FAILURE
knockout_winner: INVALID_INPUT
knockout_winner: INVALID_INPUT
knockout_winner: INVALID_INPUT
knockout_winner: INVALID_INPUT
knockout_winner: INVALID_INPUT
remove_team: FAILURE
get_closest_player: SUCCESS, 98
add_player: FAILURE
get_all_players: SUCCESS
116
90
145
75
108
166
23
70
19
175
21
29
77
99
16
71
get_top_scorer: SUCCESS, 198
get_all_players_count: SUCCESS, 9
get_all_players_count: SUCCESS, 6
get_closest_player: SUCCESS, 89
get_num_played_games: SUCCESS, 8428
get_closest_player: SUCCESS, 109
update_player_stats: SUCCESS
get_closest_player: SUCCESS, 99
get_team_points: SUCCESS, 6528
update_player_stats: SUCCESS
remove_team: FAILURE
get_num_played_games: SUCCESS, 2261
play_match: FAILURE
get_top_scorer: SUCCESS, 152
add_team: FAILURE
get_top_scorer: SUCCESS, 62
play_match: FAILURE
play_match: FAILURE
update_player_stats: SUCCESS
get_top_scorer: SUCCESS, 180
remove_team: FAILURE
remove_player: SUCCESS
get_closest_player: SUCCESS, 7
get_closest_player: SUCCESS, 85
unite_teams: FAILURE
get_num_played_games: SUCCESS, 2985
remove_team: FAILURE
add_team: FAILURE
get_closest_player: SUCCESS, 83
knockout_winner: SUCCESS, 1
knockout_winner: INVALID_INPUT
knockout_winner: INVALID_INPUT
knockout_winner: FAILURE
knockout_winner: INVALID_INPUT
update_player_stats: SUCCESS
add_team: FAILURE
get_num_played_games: SUCCESS, 9973
update_player_stats: SUCCESS
get_all_players_count: SUCCESS, 9
remove_team: FAILURE
add_player: FAILURE
get_team_points: SUCCESS, 6528
add_player: FAILURE
remove_team: FAILURE
knockout_winner: INVALID_INPUT
knockout_winner: SUCCESS, 17
knockout_winner: INVALID_INPUT
knockout_winner: INVALID_INPUT
knockout_winner: INVALID_INPUT
get_top_scorer: SUCCESS, 65
remove_team: FAILURE
get_all_players: SUCCESS
143
96
67
158
150
112
7
get_num_played_games: SUCCESS, 8689
get_all_players_count: SUCCESS, 5
get_team_points: SUCCESS, 10702
get_all_players_count: SUCCESS, 5
play_match: FAILURE
get_team_points: SUCCESS, 9237
unite_teams: FAILURE
add_team: FAILURE
unite_teams: FAILURE
get_closest_player: SUCCESS, 16
get_closest_player: SUCCESS, 179
get_num_played_games: SUCCESS, 10797
add_team: FAILURE
knockout_winner: INVALID_INPUT
knockout_winner: INVALID_INPUT
knockout_winner: INVALID_INPUT
knockout_winner: INVALID_INPUT
knockout_winner: INVALID_INPUT
unite_teams: FAILURE
get_all_players_count: SUCCESS, 9
add_team: FAILURE
play_match: FAILURE
remove_team: FAILURE
get_closest_player: SUCCESS, 64
get_all_players_count: SUCCESS, 23
get_top_scorer: SUCCESS, 56
get_team_points: SUCCESS, 2970
get_num_played_games: SUCCESS, 3576
update_player_stats: SUCCESS
knockout_winner: INVALID_INPUT
knockout_winner: SUCCESS, 1
knockout_winner: INVALID_INPUT
knockout_winner: INVALID_INPUT
knockout_winner: INVALID_INPUT
get_closest_player: SUCCESS, 29
update_player_stats: SUCCESS
knockout_winner: SUCCESS, 17
knockout_winner: SUCCESS, 4
knockout_winner: SUCCESS, 4
knockout_winner: SUCCESS, 17
knockout_winner: INVALID_INPUT
update_player_stats: SUCCESS
remove_team: FAILURE
get_all_players: SUCCESS
25
63
14
183
160
38
162
134
24
65
get_closest_player: SUCCESS, 147
play_match: FAILURE
get_top_scorer: SUCCESS, 2
add_player: FAILURE
add_team: FAILURE
unite_teams: FAILURE
get_closest_player: SUCCESS, 36
get_team_points: SUCCESS, 4530
play_match: FAILURE
play_match: FAILURE
get_all_players: SUCCESS
109
193
58
28
31
unite_teams: FAILURE
knockout_winner: FAILURE
knockout_winner: SUCCESS, 17
knockout_winner: FAILURE
knockout_winner: FAILURE
knockout_winner: INVALID_INPUT
get_closest_player: SUCCESS, 168
unite_teams: FAILURE
add_player: FAILURE
update_player_stats: SUCCESS
remove_team: FAILURE
get_all_players_count: SUCCESS, 7
add_player: FAILURE
unite_teams: SUCCESS
get_team_points: SUCCESS, 2970
knockout_winner: SUCCESS, 4
knockout_winner: INVALID_INPUT
knockout_winner: INVALID_INPUT
knockout_winner: SUCCESS, 12
knockout_winner: INVALID_INPUT
add_team: FAILURE
play_match: FAILURE
get_team_points: SUCCESS, 6528
remove_team: FAILURE
update_player_stats: SUCCESS
update_player_stats: SUCCESS
get_all_players_count: SUCCESS, 5
get_all_players_count: SUCCESS, 6
get_top_scorer: SUCCESS, 71
unite_teams: FAILURE
update_player_stats: SUCCESS
unite_teams: FAILURE
get_closest_player: SUCCESS, 137
add_player: FAILURE
get_team_points: SUCCESS, 8197
unite_teams: FAILURE
get_all_players: SUCCESS
147
66
195
132
56
add_player: FAILURE
get_num_played_games: SUCCESS, 856
get_all_players: SUCCESS
169
101
171
87
103
153
98
133
62
get_num_played_games: SUCCESS, 6626
add_player: FAILURE
get_all_players_count: SUCCESS, 10
remove_team: FAILURE
add_player: FAILURE
unite_teams: FAILURE
get_num_played_games: SUCCESS, 3527
get_closest_player: SUCCESS, 144
remove_player: SUCCESS
add_team: FAILURE
get_all_players: SUCCESS
81
138
93
59
129
remove_player: SUCCESS
remove_player: SUCCESS
remove_player: SUCCESS
remove_player: SUCCESS
remove_player: SUCCESS
remove_player: SUCCESS
remove_player: SUCCESS
remove_player: SUCCESS
remove_player: SUCCESS
remove_player: SUCCESS
remove_player: SUCCESS
remove_player: SUCCESS
remove_player: SUCCESS
remove_player: SUCCESS
remove_player: SUCCESS
remove_player: SUCCESS
remove_player: SUCCESS
remove_player: SUCCESS
remove_player: SUCCESS
remove_player: SUCCESS
remove_player: SUCCESS
remove_player: SUCCESS
remove_player: SUCCESS
remove_player: SUCCESS
remove_player: SUCCESS
remove_player: SUCCESS
remove_player: SUCCESS
remove_player: SUCCESS
remove_player: SUCCESS
remove_player: SUCCESS
remove_player: SUCCESS
remove_player: SUCCESS
remove_player: SUCCESS
remove_player: SUCCESS
remove_player: SUCCESS
remove_player: SUCCESS
remove_player: SUCCESS
remove_player: SUCCESS
remove_player: SUCCESS
remove_player: SUCCESS
remove_player: SUCCESS
remove_player: SUCCESS
remove_player: SUCCESS
remove_player: SUCCESS
remove_player: SUCCESS
remove_player: SUCCESS
remove_player: SUCCESS
remove_player: SUCCESS
remove_player: SUCCESS
remove_player: SUCCESS
remove_player: SUCCESS
remove_player: SUCCESS
remove_player: SUCCESS
remove_player: SUCCESS
remove_player: SUCCESS
remove_player: SUCCESS
remove_player: SUCCESS
remove_player: SUCCESS
remove_player: SUCCESS
remove_player: SUCCESS
remove_player: SUCCESS
remove_player: SUCCESS
remove_player: SUCCESS
remove_player: SUCCESS
remove_player: SUCCESS
remove_player: SUCCESS
remove_player: SUCCESS
remove_player: SUCCESS
remove_player: SUCCESS
remove_player: SUCCESS
remove_player: SUCCESS
remove_player: SUCCESS
remove_player: SUCCESS
remove_player: SUCCESS
remove_player: SUCCESS
remove_player: SUCCESS
remove_player: SUCCESS
remove_player: SUCCESS
remove_player: SUCCESS
remove_player: SUCCESS
remove_player: SUCCESS
remove_player: SUCCESS
remove_player: SUCCESS
remove_player: SUCCESS
remove_player: SUCCESS
remove_player: SUCCESS
remove_player: SUCCESS
remove_player: SUCCESS
remove_player: SUCCESS
remove_player: SUCCESS
remove_player: SUCCESS
remove_player: SUCCESS
remove_player: SUCCESS
remove_player: SUCCESS
remove_player: SUCCESS
remove_player: SUCCESS
remove_player: SUCCESS
remove_player: SUCCESS
remove_player: SUCCESS
remove_player: SUCCESS
remove_player: SUCCESS
remove_player: SUCCESS
remove_player: SUCCESS
remove_player: SUCCESS
remove_player: SUCCESS
remove_player: SUCCESS
remove_player: SUCCESS
remove_player: SUCCESS
remove_player: SUCCESS
remove_player: SUCCESS
remove_player: SUCCESS
remove_player: SUCCESS
remove_player: SUCCESS
remove_player: SUCCESS
remove_player: SUCCESS
remove_player: SUCCESS
remove_player: SUCCESS
remove_player: SUCCESS
remove_player: SUCCESS
remove_player: SUCCESS
remove_player: SUCCESS
remove_player: SUCCESS
remove_player: SUCCESS
remove_player: SUCCESS
remove_player: SUCCESS
remove_player: SUCCESS
remove_player: SUCCESS
remove_player: SUCCESS
remove_player: SUCCESS
remove_player: SUCCESS
remove_player: SUCCESS
remove_player: SUCCESS
remove_player: SUCCESS
remove_player: SUCCESS
remove_player: SUCCESS
remove_player: SUCCESS
remove_player: SUCCESS
remove_player: SUCCESS
remove_player: SUCCESS
remove_player: SUCCESS
remove_player: SUCCESS
remove_player: SUCCESS
remove_player: SUCCESS
remove_player: SUCCESS
remove_player: SUCCESS
remove_player: SUCCESS
remove_player: SUCCESS
remove_player: SUCCESS
remove_player: SUCCESS
remove_player: SUCCESS
remove_player: SUCCESS
remove_player: SUCCESS
remove_player: SUCCESS
remove_player: SUCCESS
remove_player: SUCCESS
remove_player: SUCCESS
remove_player: SUCCESS
remove_team: SUCCESS
remove_team: SUCCESS
remove_team: SUCCESS
remove_team: SUCCESS
remove_team: SUCCESS
remove_team: SUCCESS
remove_team: SUCCESS
remove_team: SUCCESS
remove_team: SUCCESS
remove_team: SUCCESS
remove_team: SUCCESS
remove_team: SUCCESS
remove_team: SUCCESS
remove_team: SUCCESS
