add_team: SUCCESS
add_team: SUCCESS
add_team: SUCCESS
add_team: SUCCESS
add_team: SUCCESS
add_team: SUCCESS
add_team: SUCCESS
add_team: SUCCESS
add_team: SUCCESS
add_team: SUCCESS
add_team: SUCCESS
add_team: SUCCESS
add_team: SUCCESS
add_team: SUCCESS
add_team: SUCCESS
add_team: SUCCESS
add_team: SUCCESS
add_team: SUCCESS
add_team: SUCCESS
add_team: SUCCESS
add_player: SUCCESS
add_player: SUCCESS
add_player: SUCCESS
add_player: SUCCESS
add_player: SUCCESS
add_player: SUCCESS
add_player: SUCCESS
add_player: SUCCESS
add_player: SUCCESS
add_player: SUCCESS
add_player: SUCCESS
add_player: SUCCESS
add_player: SUCCESS
add_player: SUCCESS
add_player: SUCCESS
add_player: SUCCESS
add_player: SUCCESS
add_player: SUCCESS
add_player: SUCCESS
add_player: SUCCESS
add_player: SUCCESS
add_player: SUCCESS
add_player: SUCCESS
add_player: SUCCESS
add_player: SUCCESS
add_player: SUCCESS
add_player: SUCCESS
add_player: SUCCESS
add_player: SUCCESS
add_player: SUCCESS
add_player: SUCCESS
add_player: SUCCESS
add_player: SUCCESS
add_player: SUCCESS
add_player: SUCCESS
add_player: SUCCESS
add_player: SUCCESS
add_player: SUCCESS
add_player: SUCCESS
add_player: SUCCESS
add_player: SUCCESS
add_player: SUCCESS
add_player: SUCCESS
add_player: SUCCESS
add_player: SUCCESS
add_player: SUCCESS
add_player: SUCCESS
add_player: SUCCESS
add_player: SUCCESS
add_player: SUCCESS
add_player: SUCCESS
add_player: SUCCESS
add_player: SUCCESS
add_player: SUCCESS
add_player: SUCCESS
add_player: SUCCESS
add_player: SUCCESS
add_player: SUCCESS
add_player: SUCCESS
add_player: SUCCESS
add_player: SUCCESS
add_player: SUCCESS
add_player: SUCCESS
add_player: SUCCESS
add_player: SUCCESS
add_player: SUCCESS
add_player: SUCCESS
add_player: SUCCESS
add_player: SUCCESS
add_player: SUCCESS
add_player: SUCCESS
add_player: SUCCESS
add_player: SUCCESS
add_player: SUCCESS
add_player: SUCCESS
add_player: SUCCESS
add_player: SUCCESS
add_player: SUCCESS
add_player: SUCCESS
add_player: SUCCESS
add_player: SUCCESS
add_player: SUCCESS
add_player: SUCCESS
add_player: SUCCESS
add_player: SUCCESS
add_player: SUCCESS
add_player: SUCCESS
add_player: SUCCESS
add_player: SUCCESS
add_player: SUCCESS
add_player: SUCCESS
add_player: SUCCESS
add_player: SUCCESS
add_player: SUCCESS
add_player: SUCCESS
add_player: SUCCESS
add_player: SUCCESS
add_player: SUCCESS
add_player: SUCCESS
add_player: SUCCESS
add_player: SUCCESS
add_player: SUCCESS
add_player: SUCCESS
add_player: SUCCESS
add_player: SUCCESS
add_player: SUCCESS
add_player: SUCCESS
add_player: SUCCESS
add_player: SUCCESS
add_player: SUCCESS
add_player: SUCCESS
add_player: SUCCESS
add_player: SUCCESS
add_player: SUCCESS
add_player: SUCCESS
add_player: SUCCESS
add_player: SUCCESS
add_player: SUCCESS
add_player: SUCCESS
add_player: SUCCESS
add_player: SUCCESS
add_player: SUCCESS
add_player: SUCCESS
add_player: SUCCESS
add_player: SUCCESS
add_player: SUCCESS
add_player: SUCCESS
add_player: SUCCESS
add_player: SUCCESS
add_player: SUCCESS
add_player: SUCCESS
add_player: SUCCESS
add_player: SUCCESS
add_player: SUCCESS
add_player: SUCCESS
add_player: SUCCESS
add_player: SUCCESS
add_player: SUCCESS
add_player: SUCCESS
add_player: SUCCESS
add_player: SUCCESS
add_player: SUCCESS
add_player: SUCCESS
add_player: SUCCESS
add_player: SUCCESS
add_player: SUCCESS
add_player: SUCCESS
add_player: SUCCESS
add_player: SUCCESS
add_player: SUCCESS
add_player: SUCCESS
add_player: SUCCESS
add_player: SUCCESS
add_player: SUCCESS
add_player: SUCCESS
add_player: SUCCESS
add_player: SUCCESS
add_player: SUCCESS
add_player: SUCCESS
add_player: SUCCESS
add_player: SUCCESS
add_player: SUCCESS
add_player: SUCCESS
add_player: SUCCESS
add_player: SUCCESS
add_player: SUCCESS
add_player: SUCCESS
add_player: SUCCESS
add_player: SUCCESS
add_player: SUCCESS
add_player: SUCCESS
add_player: SUCCESS
add_player: SUCCESS
add_player: SUCCESS
add_player: SUCCESS
add_player: SUCCESS
add_player: SUCCESS
add_player: SUCCESS
add_player: SUCCESS
add_player: SUCCESS
add_player: SUCCESS
add_player: SUCCESS
add_player: SUCCESS
add_player: SUCCESS
add_player: SUCCESS
add_player: SUCCESS
add_player: SUCCESS
add_player: SUCCESS
add_player: SUCCESS
add_player: SUCCESS
add_player: SUCCESS
add_player: SUCCESS
add_player: SUCCESS
add_player: SUCCESS
add_player: SUCCESS
add_player: SUCCESS
add_player: SUCCESS
add_player: SUCCESS
add_player: SUCCESS
add_player: SUCCESS
get_all_players: SUCCESS
93
143
162
194
95
108
177
85
3
get_top_scorer: SUCCESS, 142
get_closest_player: SUCCESS, 61
get_team_points: SUCCESS, 2555
add_team: FAILURE
play_match: FAILURE
add_team: FAILURE
get_team_points: SUCCESS, 8196
remove_team: FAILURE
get_top_scorer: SUCCESS, 10
remove_player: SUCCESS
remove_player: SUCCESS
remove_team: FAILURE
add_team: FAILURE
remove_team: FAILURE
get_all_players_count: SUCCESS, 16
unite_teams: FAILURE
get_team_points: SUCCESS, 11061
play_match: SUCCESS
play_match: FAILURE
get_team_points: SUCCESS, 5884
remove_team: FAILURE
get_closest_player: SUCCESS, 119
add_player: FAILURE
add_player: FAILURE
remove_player: SUCCESS
unite_teams: FAILURE
remove_team: FAILURE
remove_player: SUCCESS
get_all_players_count: SUCCESS, 8
get_team_points: SUCCESS, 5650
knockout_winner: SUCCESS, 15
knockout_winner: SUCCESS, 11
knockout_winner: SUCCESS, 11
knockout_winner: FAILURE
knockout_winner: INVALID_INPUT
unite_teams: FAILURE
get_top_scorer: SUCCESS, 134
knockout_winner: FAILURE
knockout_winner: SUCCESS, 15
knockout_winner: SUCCESS, 15
knockout_winner: FAILURE
knockout_winner: INVALID_INPUT
add_player: FAILURE
get_num_played_games: SUCCESS, 6740
get_top_scorer: SUCCESS, 165
get_team_points: SUCCESS, 11659
unite_teams: FAILURE
get_closest_player: SUCCESS, 193
update_player_stats: SUCCESS
get_all_players_count: SUCCESS, 10
get_num_played_games: SUCCESS, 10670
get_all_players: SUCCESS
186
127
172
37
135
174
195
29
62
192
128
112
132
27
154
get_closest_player: SUCCESS, 111
get_all_players: SUCCESS
68
129
196
70
171
82
131
120
168
get_all_players_count: SUCCESS, 15
remove_team: FAILURE
get_all_players: SUCCESS
187
35
197
188
76
156
38
56
178
124
add_team: FAILURE
play_match: FAILURE
get_team_points: SUCCESS, 4815
knockout_winner: SUCCESS, 11
knockout_winner: INVALID_INPUT
knockout_winner: INVALID_INPUT
knockout_winner: SUCCESS, 11
knockout_winner: SUCCESS, 11
knockout_winner: SUCCESS, 4
knockout_winner: INVALID_INPUT
knockout_winner: INVALID_INPUT
knockout_winner: SUCCESS, 11
knockout_winner: INVALID_INPUT
play_match: FAILURE
remove_team: FAILURE
add_team: FAILURE
get_closest_player: SUCCESS, 39
get_team_points: SUCCESS, 6835
play_match: FAILURE
get_top_scorer: SUCCESS, 10
play_match: FAILURE
get_num_played_games: SUCCESS, 6408
unite_teams: FAILURE
get_team_points: SUCCESS, 4594
remove_team: FAILURE
update_player_stats: SUCCESS
add_team: FAILURE
update_player_stats: SUCCESS
add_team: FAILURE
update_player_stats: SUCCESS
add_player: FAILURE
remove_team: FAILURE
get_all_players: SUCCESS
176
158
84
161
13
unite_teams: INVALID_INPUT
get_team_points: SUCCESS, 5683
unite_teams: FAILURE
get_all_players_count: SUCCESS, 9
get_num_played_games: SUCCESS, 2703
remove_player: SUCCESS
remove_player: SUCCESS
knockout_winner: FAILURE
knockout_winner: SUCCESS, 15
knockout_winner: FAILURE
knockout_winner: FAILURE
knockout_winner: INVALID_INPUT
add_player: FAILURE
unite_teams: FAILURE
remove_team: FAILURE
get_num_played_games: SUCCESS, 9906
remove_player: SUCCESS
get_all_players_count: SUCCESS, 9
get_all_players: SUCCESS
187
35
197
188
76
156
38
56
178
124
get_team_points: SUCCESS, 6817
get_top_scorer: SUCCESS, 28
get_closest_player: SUCCESS, 177
unite_teams: FAILURE
get_top_scorer: SUCCESS, 10
unite_teams: INVALID_INPUT
remove_player: SUCCESS
add_player: FAILURE
play_match: FAILURE
get_num_played_games: SUCCESS, 8580
play_match: FAILURE
update_player_stats: SUCCESS
get_all_players_count: SUCCESS, 9
add_team: FAILURE
get_top_scorer: SUCCESS, 111
remove_player: SUCCESS
add_team: FAILURE
update_player_stats: SUCCESS
get_num_played_games: SUCCESS, 4526
get_team_points: SUCCESS, 10156
play_match: FAILURE
add_team: FAILURE
unite_teams: FAILURE
get_closest_player: SUCCESS, 179
update_player_stats: SUCCESS
get_team_points: SUCCESS, 11933
get_num_played_games: SUCCESS, 10178
get_closest_player: SUCCESS, 126
add_team: FAILURE
get_closest_player: SUCCESS, 95
knockout_winner: SUCCESS, 11
knockout_winner: SUCCESS, 11
knockout_winner: SUCCESS, 11
knockout_winner: SUCCESS, 15
knockout_winner: INVALID_INPUT
knockout_winner: SUCCESS, 11
knockout_winner: SUCCESS, 11
knockout_winner: SUCCESS, 11
knockout_winner: SUCCESS, 11
knockout_winner: SUCCESS, 11
play_match: FAILURE
get_team_points: SUCCESS, 6817
unite_teams: FAILURE
knockout_winner: SUCCESS, 15
knockout_winner: SUCCESS, 11
knockout_winner: FAILURE
knockout_winner: FAILURE
knockout_winner: INVALID_INPUT
get_num_played_games: SUCCESS, 3890
get_all_players: SUCCESS
48
198
67
39
100
164
133
103
150
23
77
125
71
113
163
unite_teams: FAILURE
get_num_played_games: SUCCESS, 6601
get_num_played_games: SUCCESS, 8364
play_match: FAILURE
get_num_played_games: SUCCESS, 10732
knockout_winner: SUCCESS, 15
knockout_winner: SUCCESS, 11
knockout_winner: SUCCESS, 11
knockout_winner: FAILURE
knockout_winner: INVALID_INPUT
add_team: FAILURE
get_num_played_games: SUCCESS, 10171
get_all_players_count: SUCCESS, 14
remove_team: FAILURE
remove_player: SUCCESS
unite_teams: FAILURE
remove_player: SUCCESS
get_closest_player: SUCCESS, 141
get_all_players: SUCCESS
30
19
104
22
20
add_player: FAILURE
knockout_winner: SUCCESS, 11
knockout_winner: INVALID_INPUT
knockout_winner: INVALID_INPUT
knockout_winner: SUCCESS, 11
knockout_winner: SUCCESS, 11
play_match: SUCCESS
unite_teams: FAILURE
get_all_players_count: SUCCESS, 2
get_top_scorer: SUCCESS, 3
get_closest_player: SUCCESS, 2
get_num_played_games: SUCCESS, 7358
get_num_played_games: SUCCESS, 12003
remove_player: SUCCESS
unite_teams: FAILURE
get_all_players: SUCCESS
109
117
106
50
32
46
139
75
199
add_player: FAILURE
knockout_winner: FAILURE
knockout_winner: SUCCESS, 11
knockout_winner: SUCCESS, 11
knockout_winner: FAILURE
knockout_winner: INVALID_INPUT
get_team_points: SUCCESS, 6835
update_player_stats: SUCCESS
get_all_players_count: SUCCESS, 10
get_num_played_games: SUCCESS, 3077
get_closest_player: SUCCESS, 50
unite_teams: FAILURE
knockout_winner: SUCCESS, 11
knockout_winner: INVALID_INPUT
knockout_winner: INVALID_INPUT
knockout_winner: SUCCESS, 11
knockout_winner: SUCCESS, 11
knockout_winner: SUCCESS, 11
knockout_winner: SUCCESS, 11
knockout_winner: SUCCESS, 11
knockout_winner: SUCCESS, 15
knockout_winner: INVALID_INPUT
get_top_scorer: SUCCESS, 165
get_top_scorer: SUCCESS, 154
remove_team: FAILURE
remove_player: SUCCESS
add_team: FAILURE
get_num_played_games: SUCCESS, 15670
remove_player: SUCCESS
update_player_stats: SUCCESS
update_player_stats: SUCCESS
remove_team: FAILURE
play_match: INVALID_INPUT
get_all_players: SUCCESS
176
158
84
161
13
get_team_points: SUCCESS, 11659
get_closest_player: SUCCESS, 117
remove_player: SUCCESS
remove_player: SUCCESS
knockout_winner: SUCCESS, 15
knockout_winner: SUCCESS, 11
knockout_winner: SUCCESS, 11
knockout_winner: FAILURE
knockout_winner: INVALID_INPUT
get_closest_player: SUCCESS, 170
remove_team: FAILURE
add_player: FAILURE
play_match: FAILURE
get_all_players: SUCCESS
186
127
172
37
135
195
29
62
192
128
112
174
27
154
knockout_winner: SUCCESS, 11
knockout_winner: SUCCESS, 11
knockout_winner: SUCCESS, 11
knockout_winner: SUCCESS, 11
knockout_winner: SUCCESS, 11
add_team: FAILURE
remove_team: FAILURE
get_all_players: SUCCESS
187
35
197
188
76
38
178
124
knockout_winner: SUCCESS, 11
knockout_winner: INVALID_INPUT
knockout_winner: INVALID_INPUT
knockout_winner: SUCCESS, 11
knockout_winner: INVALID_INPUT
get_team_points: SUCCESS, 5800
update_player_stats: SUCCESS
get_closest_player: SUCCESS, 20
unite_teams: FAILURE
remove_team: FAILURE
knockout_winner: SUCCESS, 11
knockout_winner: SUCCESS, 11
knockout_winner: SUCCESS, 4
knockout_winner: SUCCESS, 15
knockout_winner: INVALID_INPUT
add_player: FAILURE
remove_team: FAILURE
get_num_played_games: SUCCESS, 2221
remove_team: FAILURE
get_all_players: SUCCESS
116
6
33
88
152
11
153
73
87
get_all_players: SUCCESS
176
158
84
161
13
get_all_players_count: SUCCESS, 13
get_all_players_count: SUCCESS, 2
get_top_scorer: SUCCESS, 190
add_player: FAILURE
add_team: FAILURE
add_team: FAILURE
get_num_played_games: SUCCESS, 8709
remove_player: SUCCESS
add_team: FAILURE
get_num_played_games: SUCCESS, 3387
get_num_played_games: SUCCESS, 7555
knockout_winner: FAILURE
knockout_winner: SUCCESS, 11
knockout_winner: FAILURE
knockout_winner: FAILURE
knockout_winner: INVALID_INPUT
add_player: FAILURE
get_top_scorer: SUCCESS, 47
play_match: FAILURE
add_player: FAILURE
add_team: FAILURE
play_match: FAILURE
remove_player: SUCCESS
unite_teams: FAILURE
remove_team: FAILURE
get_all_players: SUCCESS
173
90
52
110
138
get_all_players_count: SUCCESS, 10
add_player: FAILURE
remove_team: FAILURE
add_player: FAILURE
get_all_players: SUCCESS
147
25
1
59
126
183
145
102
181
10
unite_teams: FAILURE
play_match: FAILURE
get_all_players_count: SUCCESS, 15
get_team_points: SUCCESS, 4815
play_match: FAILURE
remove_team: FAILURE
remove_team: FAILURE
get_team_points: SUCCESS, 5809
remove_team: FAILURE
add_player: FAILURE
get_num_played_games: SUCCESS, 7928
get_num_played_games: SUCCESS, 4164
get_team_points: SUCCESS, 8196
remove_player: SUCCESS
remove_player: SUCCESS
remove_team: FAILURE
add_player: FAILURE
unite_teams: FAILURE
get_num_played_games: SUCCESS, 4526
knockout_winner: FAILURE
knockout_winner: SUCCESS, 15
knockout_winner: SUCCESS, 15
knockout_winner: FAILURE
knockout_winner: INVALID_INPUT
add_team: FAILURE
unite_teams: FAILURE
get_team_points: SUCCESS, 4815
get_closest_player: SUCCESS, 140
play_match: FAILURE
add_team: FAILURE
get_team_points: SUCCESS, 5809
knockout_winner: SUCCESS, 4
knockout_winner: INVALID_INPUT
knockout_winner: INVALID_INPUT
knockout_winner: FAILURE
knockout_winner: INVALID_INPUT
unite_teams: FAILURE
remove_team: FAILURE
get_top_scorer: SUCCESS, 69
get_team_points: SUCCESS, 5272
get_num_played_games: SUCCESS, 7358
add_team: FAILURE
get_top_scorer: SUCCESS, 154
get_top_scorer: SUCCESS, 154
knockout_winner: SUCCESS, 11
knockout_winner: SUCCESS, 11
knockout_winner: SUCCESS, 6
knockout_winner: FAILURE
knockout_winner: INVALID_INPUT
remove_team: FAILURE
remove_player: SUCCESS
unite_teams: INVALID_INPUT
remove_player: SUCCESS
add_player: FAILURE
update_player_stats: SUCCESS
play_match: FAILURE
add_team: FAILURE
unite_teams: FAILURE
get_top_scorer: SUCCESS, 163
remove_team: FAILURE
knockout_winner: FAILURE
knockout_winner: SUCCESS, 15
knockout_winner: SUCCESS, 15
knockout_winner: FAILURE
knockout_winner: INVALID_INPUT
unite_teams: FAILURE
update_player_stats: SUCCESS
unite_teams: FAILURE
add_team: FAILURE
get_top_scorer: SUCCESS, 10
remove_team: FAILURE
remove_player: SUCCESS
update_player_stats: SUCCESS
get_closest_player: SUCCESS, 96
remove_team: FAILURE
get_top_scorer: SUCCESS, 63
get_num_played_games: SUCCESS, 910
add_player: FAILURE
get_closest_player: SUCCESS, 69
remove_team: FAILURE
add_team: FAILURE
get_num_played_games: SUCCESS, 11654
get_top_scorer: SUCCESS, 87
update_player_stats: SUCCESS
get_all_players_count: SUCCESS, 5
add_player: FAILURE
unite_teams: FAILURE
add_team: FAILURE
get_all_players_count: SUCCESS, 8
play_match: FAILURE
get_all_players_count: SUCCESS, 13
get_closest_player: SUCCESS, 150
play_match: FAILURE
remove_team: FAILURE
get_closest_player: SUCCESS, 124
get_num_played_games: SUCCESS, 5943
get_top_scorer: SUCCESS, 79
play_match: FAILURE
remove_player: SUCCESS
remove_player: SUCCESS
get_team_points: SUCCESS, 5831
get_all_players: SUCCESS
48
198
67
39
100
164
133
103
150
23
77
125
71
113
163
get_num_played_games: SUCCESS, 6740
knockout_winner: SUCCESS, 11
knockout_winner: SUCCESS, 11
knockout_winner: SUCCESS, 4
knockout_winner: SUCCESS, 15
knockout_winner: INVALID_INPUT
get_closest_player: SUCCESS, 129
get_top_scorer: SUCCESS, 138
knockout_winner: FAILURE
knockout_winner: SUCCESS, 15
knockout_winner: SUCCESS, 15
knockout_winner: FAILURE
knockout_winner: INVALID_INPUT
play_match: FAILURE
add_team: FAILURE
remove_team: FAILURE
get_team_points: SUCCESS, 5831
add_player: FAILURE
unite_teams: FAILURE
add_player: FAILURE
play_match: FAILURE
remove_player: SUCCESS
get_num_played_games: SUCCESS, 1330
update_player_stats: SUCCESS
get_all_players_count: SUCCESS, 13
unite_teams: FAILURE
get_all_players_count: SUCCESS, 7
remove_player: SUCCESS
add_team: FAILURE
get_all_players: SUCCESS
147
25
1
59
126
183
145
102
181
10
update_player_stats: SUCCESS
get_num_played_games: SUCCESS, 2381
update_player_stats: SUCCESS
remove_team: FAILURE
remove_team: FAILURE
get_top_scorer: SUCCESS, 165
add_player: FAILURE
play_match: FAILURE
add_team: FAILURE
knockout_winner: FAILURE
knockout_winner: SUCCESS, 15
knockout_winner: FAILURE
knockout_winner: FAILURE
knockout_winner: INVALID_INPUT
get_closest_player: SUCCESS, 57
get_num_played_games: SUCCESS, 2249
get_top_scorer: SUCCESS, 13
add_player: FAILURE
get_team_points: SUCCESS, 9120
get_num_played_games: SUCCESS, 4124
update_player_stats: SUCCESS
get_all_players_count: SUCCESS, 4
play_match: FAILURE
remove_player: SUCCESS
knockout_winner: SUCCESS, 11
knockout_winner: SUCCESS, 11
knockout_winner: SUCCESS, 11
knockout_winner: FAILURE
knockout_winner: INVALID_INPUT
get_all_players: SUCCESS
109
117
106
32
139
75
199
get_closest_player: SUCCESS, 94
add_team: FAILURE
remove_team: FAILURE
update_player_stats: SUCCESS
get_closest_player: SUCCESS, 160
get_all_players: SUCCESS
122
146
184
170
99
118
148
79
remove_player: SUCCESS
update_player_stats: SUCCESS
add_player: FAILURE
remove_player: SUCCESS
get_num_played_games: SUCCESS, 6740
remove_player: SUCCESS
get_closest_player: SUCCESS, 114
play_match: FAILURE
get_num_played_games: SUCCESS, 1765
add_player: FAILURE
remove_player: SUCCESS
add_player: FAILURE
add_player: FAILURE
knockout_winner: FAILURE
knockout_winner: SUCCESS, 11
knockout_winner: SUCCESS, 11
knockout_winner: FAILURE
knockout_winner: INVALID_INPUT
get_closest_player: SUCCESS, 71
play_match: FAILURE
get_closest_player: SUCCESS, 100
get_all_players: SUCCESS
119
86
18
193
69
remove_player: SUCCESS
get_all_players: SUCCESS
157
36
78
58
72
45
60
114
63
remove_player: SUCCESS
get_num_played_games: SUCCESS, 5384
remove_team: FAILURE
get_all_players_count: SUCCESS, 13
play_match: FAILURE
get_num_played_games: SUCCESS, 1765
play_match: FAILURE
add_team: FAILURE
add_player: FAILURE
knockout_winner: SUCCESS, 15
knockout_winner: SUCCESS, 11
knockout_winner: FAILURE
knockout_winner: FAILURE
knockout_winner: INVALID_INPUT
knockout_winner: SUCCESS, 11
knockout_winner: SUCCESS, 11
knockout_winner: SUCCESS, 6
knockout_winner: SUCCESS, 11
knockout_winner: INVALID_INPUT
knockout_winner: FAILURE
knockout_winner: SUCCESS, 11
knockout_winner: SUCCESS, 11
knockout_winner: FAILURE
knockout_winner: INVALID_INPUT
get_closest_player: SUCCESS, 77
unite_teams: FAILURE
update_player_stats: SUCCESS
get_closest_player: SUCCESS, 135
remove_team: FAILURE
get_top_scorer: SUCCESS, 10
get_all_players: SUCCESS
196
70
171
131
120
129
168
get_team_points: SUCCESS, 2555
get_team_points: SUCCESS, 8202
play_match: FAILURE
update_player_stats: SUCCESS
remove_team: FAILURE
get_top_scorer: SUCCESS, 87
get_top_scorer: SUCCESS, 69
add_player: FAILURE
get_team_points: SUCCESS, 6817
get_closest_player: SUCCESS, 145
get_team_points: SUCCESS, 10156
get_top_scorer: SUCCESS, 87
unite_teams: FAILURE
get_top_scorer: SUCCESS, 17
play_match: FAILURE
get_num_played_games: SUCCESS, 9267
add_player: FAILURE
update_player_stats: SUCCESS
remove_team: FAILURE
get_all_players: SUCCESS
182
185
191
179
92
137
17
get_team_points: SUCCESS, 1412
knockout_winner: SUCCESS, 15
knockout_winner: SUCCESS, 11
knockout_winner: SUCCESS, 11
knockout_winner: FAILURE
knockout_winner: INVALID_INPUT
remove_player: SUCCESS
get_num_played_games: SUCCESS, 8928
get_closest_player: SUCCESS, 78
play_match: SUCCESS
get_team_points: SUCCESS, 180
knockout_winner: SUCCESS, 11
knockout_winner: INVALID_INPUT
knockout_winner: INVALID_INPUT
knockout_winner: SUCCESS, 11
knockout_winner: SUCCESS, 6
get_closest_player: SUCCESS, 153
get_team_points: SUCCESS, 9120
get_top_scorer: SUCCESS, 47
play_match: FAILURE
get_team_points: SUCCESS, 11659
get_team_points: SUCCESS, 10156
get_closest_player: SUCCESS, 25
get_all_players_count: SUCCESS, 8
remove_team: FAILURE
get_team_points: SUCCESS, 5878
get_top_scorer: SUCCESS, 20
add_team: FAILURE
unite_teams: SUCCESS
get_team_points: SUCCESS, 11659
get_team_points: SUCCESS, 5878
update_player_stats: SUCCESS
remove_team: FAILURE
unite_teams: FAILURE
play_match: FAILURE
get_all_players_count: SUCCESS, 9
remove_player: SUCCESS
get_closest_player: SUCCESS, 129
knockout_winner: FAILURE
knockout_winner: SUCCESS, 15
knockout_winner: FAILURE
knockout_winner: FAILURE
knockout_winner: INVALID_INPUT
get_all_players_count: SUCCESS, 9
add_player: FAILURE
knockout_winner: SUCCESS, 11
knockout_winner: INVALID_INPUT
knockout_winner: INVALID_INPUT
knockout_winner: SUCCESS, 11
knockout_winner: SUCCESS, 11
add_player: FAILURE
add_player: FAILURE
get_all_players: SUCCESS
96
26
43
159
7
61
165
unite_teams: FAILURE
unite_teams: FAILURE
get_all_players: SUCCESS
182
185
191
179
92
137
17
add_player: FAILURE
get_team_points: SUCCESS, 6835
remove_team: FAILURE
add_team: FAILURE
get_top_scorer: SUCCESS, 55
play_match: FAILURE
add_team: FAILURE
play_match: FAILURE
add_team: FAILURE
get_all_players: SUCCESS
167
151
42
5
160
141
66
8
9
80
142
74
2
115
55
add_team: FAILURE
get_team_points: SUCCESS, 4594
update_player_stats: SUCCESS
unite_teams: FAILURE
remove_player: SUCCESS
add_player: FAILURE
get_top_scorer: SUCCESS, 3
get_num_played_games: SUCCESS, 8928
remove_player: SUCCESS
knockout_winner: SUCCESS, 15
knockout_winner: INVALID_INPUT
knockout_winner: INVALID_INPUT
knockout_winner: SUCCESS, 15
knockout_winner: SUCCESS, 11
get_top_scorer: SUCCESS, 154
add_team: FAILURE
play_match: FAILURE
play_match: FAILURE
remove_team: FAILURE
update_player_stats: SUCCESS
remove_player: SUCCESS
remove_team: FAILURE
remove_team: FAILURE
update_player_stats: SUCCESS
get_all_players: SUCCESS
119
86
18
193
69
get_all_players_count: SUCCESS, 5
update_player_stats: SUCCESS
update_player_stats: SUCCESS
add_player: FAILURE
get_team_points: SUCCESS, 5022
get_num_played_games: SUCCESS, 7358
remove_team: FAILURE
update_player_stats: SUCCESS
remove_team: FAILURE
add_team: FAILURE
get_num_played_games: SUCCESS, 9881
remove_player: SUCCESS
get_closest_player: SUCCESS, 102
play_match: FAILURE
remove_team: FAILURE
get_closest_player: SUCCESS, 35
add_player: FAILURE
add_team: FAILURE
get_team_points: SUCCESS, 11659
get_top_scorer: SUCCESS, 79
get_all_players_count: SUCCESS, 10
get_all_players: SUCCESS
119
86
18
193
69
get_all_players_count: SUCCESS, 7
unite_teams: FAILURE
knockout_winner: SUCCESS, 11
knockout_winner: INVALID_INPUT
knockout_winner: INVALID_INPUT
knockout_winner: SUCCESS, 15
knockout_winner: SUCCESS, 6
get_all_players: SUCCESS
198
67
39
100
164
133
103
150
23
77
71
163
125
add_team: FAILURE
remove_team: FAILURE
knockout_winner: SUCCESS, 11
knockout_winner: SUCCESS, 15
knockout_winner: SUCCESS, 6
knockout_winner: SUCCESS, 15
knockout_winner: INVALID_INPUT
unite_teams: FAILURE
get_closest_player: SUCCESS, 125
get_top_scorer: SUCCESS, 168
get_team_points: SUCCESS, 11061
get_num_played_games: SUCCESS, 5260
get_all_players_count: SUCCESS, 7
get_closest_player: SUCCESS, 178
knockout_winner: INVALID_INPUT
knockout_winner: SUCCESS, 11
knockout_winner: INVALID_INPUT
knockout_winner: INVALID_INPUT
knockout_winner: INVALID_INPUT
knockout_winner: SUCCESS, 15
knockout_winner: SUCCESS, 15
knockout_winner: SUCCESS, 11
knockout_winner: SUCCESS, 15
knockout_winner: INVALID_INPUT
get_team_points: SUCCESS, 4594
get_all_players: SUCCESS
173
90
138
remove_player: SUCCESS
get_top_scorer: SUCCESS, 154
get_top_scorer: SUCCESS, 26
get_team_points: SUCCESS, 11659
get_all_players: SUCCESS
198
67
39
100
164
133
103
150
23
77
71
163
125
unite_teams: FAILURE
remove_team: FAILURE
add_team: FAILURE
update_player_stats: SUCCESS
get_closest_player: SUCCESS, 124
unite_teams: FAILURE
unite_teams: FAILURE
remove_team: FAILURE
get_top_scorer: SUCCESS, 10
get_num_played_games: SUCCESS, 4558
play_match: FAILURE
play_match: FAILURE
play_match: FAILURE
update_player_stats: SUCCESS
unite_teams: FAILURE
get_all_players_count: SUCCESS, 13
update_player_stats: SUCCESS
get_num_played_games: SUCCESS, 11765
get_all_players_count: SUCCESS, 7
get_all_players_count: SUCCESS, 8
play_match: FAILURE
add_player: FAILURE
unite_teams: FAILURE
remove_team: FAILURE
knockout_winner: SUCCESS, 11
knockout_winner: SUCCESS, 15
knockout_winner: SUCCESS, 6
knockout_winner: SUCCESS, 15
knockout_winner: INVALID_INPUT
add_team: FAILURE
get_all_players_count: SUCCESS, 7
knockout_winner: FAILURE
knockout_winner: SUCCESS, 15
knockout_winner: SUCCESS, 15
knockout_winner: FAILURE
knockout_winner: INVALID_INPUT
play_match: FAILURE
knockout_winner: SUCCESS, 15
knockout_winner: SUCCESS, 15
knockout_winner: SUCCESS, 11
knockout_winner: FAILURE
knockout_winner: INVALID_INPUT
get_all_players: SUCCESS
109
117
106
32
139
75
199
add_player: FAILURE
unite_teams: FAILURE
get_num_played_games: SUCCESS, 5738
get_num_played_games: SUCCESS, 15255
remove_player: SUCCESS
get_all_players_count: SUCCESS, 9
knockout_winner: SUCCESS, 15
knockout_winner: SUCCESS, 15
knockout_winner: SUCCESS, 11
knockout_winner: FAILURE
knockout_winner: INVALID_INPUT
remove_team: FAILURE
add_team: FAILURE
get_num_played_games: SUCCESS, 3291
remove_team: FAILURE
add_player: FAILURE
remove_player: SUCCESS
get_team_points: SUCCESS, 4594
get_all_players_count: SUCCESS, 7
get_team_points: SUCCESS, 8211
get_all_players_count: SUCCESS, 13
add_player: FAILURE
remove_team: FAILURE
get_all_players: SUCCESS
157
36
58
72
78
45
60
63
get_all_players: SUCCESS
172
135
195
29
62
192
128
112
174
154
knockout_winner: SUCCESS, 6
knockout_winner: INVALID_INPUT
knockout_winner: INVALID_INPUT
knockout_winner: SUCCESS, 15
knockout_winner: INVALID_INPUT
knockout_winner: SUCCESS, 15
knockout_winner: SUCCESS, 15
knockout_winner: SUCCESS, 11
knockout_winner: SUCCESS, 15
knockout_winner: SUCCESS, 11
play_match: FAILURE
play_match: SUCCESS
play_match: FAILURE
get_closest_player: SUCCESS, 7
play_match: FAILURE
add_team: FAILURE
unite_teams: FAILURE
get_all_players: SUCCESS
151
5
160
141
8
9
167
80
142
74
2
115
55
knockout_winner: SUCCESS, 11
knockout_winner: SUCCESS, 15
knockout_winner: SUCCESS, 6
knockout_winner: SUCCESS, 15
knockout_winner: INVALID_INPUT
update_player_stats: SUCCESS
add_team: FAILURE
update_player_stats: SUCCESS
update_player_stats: SUCCESS
get_team_points: SUCCESS, 6817
get_top_scorer: SUCCESS, 47
get_all_players: SUCCESS
190
remove_player: SUCCESS
play_match: FAILURE
get_top_scorer: SUCCESS, 26
remove_player: SUCCESS
get_num_played_games: SUCCESS, 10096
remove_team: FAILURE
get_top_scorer: SUCCESS, 26
get_top_scorer: SUCCESS, 63
get_team_points: SUCCESS, 2555
update_player_stats: SUCCESS
play_match: FAILURE
get_team_points: SUCCESS, 11972
get_all_players_count: SUCCESS, 7
add_player: FAILURE
remove_team: FAILURE
add_team: FAILURE
get_top_scorer: SUCCESS, 190
play_match: FAILURE
get_top_scorer: SUCCESS, 69
remove_team: FAILURE
add_team: FAILURE
remove_team: FAILURE
unite_teams: FAILURE
add_team: FAILURE
remove_player: SUCCESS
get_all_players_count: SUCCESS, 12
get_num_played_games: SUCCESS, 9460
get_team_points: SUCCESS, 10254
get_team_points: SUCCESS, 4815
get_all_players: SUCCESS
147
25
1
126
59
145
183
102
181
10
play_match: FAILURE
update_player_stats: SUCCESS
unite_teams: FAILURE
get_num_played_games: SUCCESS, 4378
get_closest_player: SUCCESS, 31
get_top_scorer: SUCCESS, 134
get_all_players: SUCCESS
151
5
160
141
8
9
167
80
142
74
2
115
55
update_player_stats: SUCCESS
remove_team: FAILURE
get_num_played_games: SUCCESS, 2381
update_player_stats: SUCCESS
remove_team: FAILURE
remove_player: SUCCESS
get_closest_player: SUCCESS, 133
add_team: FAILURE
remove_team: FAILURE
play_match: FAILURE
get_closest_player: SUCCESS, 81
update_player_stats: SUCCESS
add_player: FAILURE
get_all_players_count: SUCCESS, 7
remove_team: FAILURE
get_all_players: SUCCESS
176
158
161
19
104
22
20
84
13
knockout_winner: INVALID_INPUT
knockout_winner: SUCCESS, 11
knockout_winner: INVALID_INPUT
knockout_winner: INVALID_INPUT
knockout_winner: INVALID_INPUT
get_num_played_games: SUCCESS, 12213
get_all_players: SUCCESS
4
16
83
97
81
53
31
121
64
189
41
47
unite_teams: FAILURE
knockout_winner: FAILURE
knockout_winner: SUCCESS, 15
knockout_winner: FAILURE
knockout_winner: FAILURE
knockout_winner: INVALID_INPUT
get_num_played_games: SUCCESS, 11066
update_player_stats: SUCCESS
play_match: FAILURE
get_all_players_count: SUCCESS, 8
add_player: FAILURE
get_all_players: SUCCESS
166
34
12
51
149
107
15
101
98
123
105
140
91
136
134
update_player_stats: SUCCESS
unite_teams: FAILURE
get_all_players: SUCCESS
39
100
164
198
103
150
23
77
67
71
163
125
133
get_team_points: SUCCESS, 10254
unite_teams: FAILURE
get_team_points: SUCCESS, 11659
get_all_players: SUCCESS
6
88
152
11
153
116
87
73
get_all_players: SUCCESS
172
135
195
29
62
192
128
112
174
154
knockout_winner: FAILURE
knockout_winner: SUCCESS, 11
knockout_winner: FAILURE
knockout_winner: FAILURE
knockout_winner: INVALID_INPUT
get_all_players: SUCCESS
109
106
117
32
139
75
get_num_played_games: SUCCESS, 49
get_team_points: SUCCESS, 180
update_player_stats: SUCCESS
remove_player: SUCCESS
get_closest_player: SUCCESS, 6
play_match: FAILURE
get_all_players_count: SUCCESS, 12
get_num_played_games: SUCCESS, 13784
get_num_played_games: SUCCESS, 14159
get_top_scorer: SUCCESS, 55
get_top_scorer: SUCCESS, 55
get_top_scorer: SUCCESS, 47
unite_teams: FAILURE
remove_player: SUCCESS
get_all_players_count: SUCCESS, 7
get_num_played_games: SUCCESS, 11188
get_closest_player: SUCCESS, 154
add_player: FAILURE
get_all_players_count: SUCCESS, 5
play_match: FAILURE
update_player_stats: SUCCESS
remove_team: FAILURE
get_all_players: SUCCESS
6
88
152
11
153
116
87
73
knockout_winner: INVALID_INPUT
knockout_winner: INVALID_INPUT
knockout_winner: INVALID_INPUT
knockout_winner: INVALID_INPUT
knockout_winner: INVALID_INPUT
update_player_stats: SUCCESS
update_player_stats: SUCCESS
get_num_played_games: SUCCESS, 8508
update_player_stats: SUCCESS
knockout_winner: SUCCESS, 15
knockout_winner: SUCCESS, 15
knockout_winner: SUCCESS, 11
knockout_winner: FAILURE
knockout_winner: INVALID_INPUT
play_match: FAILURE
get_top_scorer: SUCCESS, 154
add_team: FAILURE
get_all_players_count: SUCCESS, 5
get_all_players_count: SUCCESS, 5
remove_team: FAILURE
add_player: FAILURE
remove_player: SUCCESS
knockout_winner: SUCCESS, 11
knockout_winner: SUCCESS, 15
knockout_winner: SUCCESS, 6
knockout_winner: SUCCESS, 15
knockout_winner: INVALID_INPUT
remove_player: SUCCESS
get_team_points: SUCCESS, 4815
knockout_winner: SUCCESS, 15
knockout_winner: SUCCESS, 15
knockout_winner: SUCCESS, 11
knockout_winner: FAILURE
knockout_winner: INVALID_INPUT
play_match: FAILURE
get_num_played_games: SUCCESS, 3862
add_player: FAILURE
play_match: FAILURE
get_num_played_games: SUCCESS, 1006
get_all_players: SUCCESS
172
135
195
29
62
192
128
112
174
154
get_all_players_count: SUCCESS, 8
get_top_scorer: SUCCESS, 3
remove_player: SUCCESS
knockout_winner: FAILURE
knockout_winner: SUCCESS, 15
knockout_winner: SUCCESS, 15
knockout_winner: FAILURE
knockout_winner: INVALID_INPUT
remove_team: FAILURE
get_closest_player: SUCCESS, 150
get_team_points: SUCCESS, 11659
remove_team: FAILURE
unite_teams: INVALID_INPUT
get_num_played_games: SUCCESS, 9156
remove_player: SUCCESS
get_all_players_count: SUCCESS, 10
get_num_played_games: SUCCESS, 11188
remove_team: FAILURE
add_player: FAILURE
get_all_players: SUCCESS
96
43
159
7
165
61
26
remove_player: SUCCESS
remove_player: SUCCESS
remove_player: SUCCESS
add_team: FAILURE
update_player_stats: SUCCESS
add_team: FAILURE
unite_teams: FAILURE
get_all_players: SUCCESS
184
170
99
118
148
146
79
add_team: FAILURE
get_closest_player: SUCCESS, 38
get_all_players: SUCCESS
147
25
1
126
59
145
183
102
181
10
remove_player: SUCCESS
remove_team: FAILURE
unite_teams: SUCCESS
play_match: FAILURE
knockout_winner: FAILURE
knockout_winner: INVALID_INPUT
knockout_winner: INVALID_INPUT
knockout_winner: FAILURE
knockout_winner: INVALID_INPUT
knockout_winner: SUCCESS, 15
knockout_winner: SUCCESS, 15
knockout_winner: SUCCESS, 6
knockout_winner: SUCCESS, 15
knockout_winner: INVALID_INPUT
remove_team: FAILURE
knockout_winner: SUCCESS, 6
knockout_winner: SUCCESS, 11
knockout_winner: FAILURE
knockout_winner: SUCCESS, 11
knockout_winner: INVALID_INPUT
play_match: FAILURE
unite_teams: FAILURE
get_num_played_games: SUCCESS, 22895
update_player_stats: SUCCESS
add_team: FAILURE
get_team_points: SUCCESS, 5938
add_team: FAILURE
add_player: FAILURE
update_player_stats: SUCCESS
add_player: FAILURE
remove_team: FAILURE
get_top_scorer: SUCCESS, 90
get_closest_player: SUCCESS, 99
get_num_played_games: SUCCESS, 6321
add_team: FAILURE
add_team: FAILURE
unite_teams: FAILURE
get_num_played_games: SUCCESS, 5652
remove_team: FAILURE
get_top_scorer: SUCCESS, 168
update_player_stats: SUCCESS
add_player: FAILURE
get_top_scorer: SUCCESS, 69
update_player_stats: SUCCESS
get_closest_player: SUCCESS, 7
get_closest_player: SUCCESS, 71
add_player: FAILURE
unite_teams: FAILURE
play_match: FAILURE
play_match: FAILURE
add_player: FAILURE
update_player_stats: SUCCESS
add_team: FAILURE
unite_teams: FAILURE
add_player: FAILURE
get_all_players_count: SUCCESS, 12
add_team: FAILURE
get_closest_player: SUCCESS, 196
update_player_stats: SUCCESS
get_closest_player: SUCCESS, 117
unite_teams: FAILURE
add_team: FAILURE
play_match: FAILURE
get_top_scorer: SUCCESS, 133
get_num_played_games: SUCCESS, 15255
add_player: FAILURE
update_player_stats: SUCCESS
get_num_played_games: SUCCESS, 8849
get_all_players: SUCCESS
119
193
86
18
69
get_top_scorer: SUCCESS, 26
get_num_played_games: SUCCESS, 1712
knockout_winner: INVALID_INPUT
knockout_winner: INVALID_INPUT
knockout_winner: INVALID_INPUT
knockout_winner: INVALID_INPUT
knockout_winner: INVALID_INPUT
knockout_winner: INVALID_INPUT
knockout_winner: SUCCESS, 15
knockout_winner: INVALID_INPUT
knockout_winner: INVALID_INPUT
knockout_winner: INVALID_INPUT
get_num_played_games: SUCCESS, 10450
get_all_players: SUCCESS
166
34
12
51
149
107
98
140
91
105
136
15
134
add_player: FAILURE
add_player: FAILURE
add_team: FAILURE
get_all_players: SUCCESS
25
126
147
59
183
102
1
181
10
145
get_top_scorer: SUCCESS, 145
remove_player: SUCCESS
get_closest_player: SUCCESS, 63
get_all_players_count: SUCCESS, 1
update_player_stats: SUCCESS
get_all_players_count: SUCCESS, 5
knockout_winner: FAILURE
knockout_winner: SUCCESS, 15
knockout_winner: SUCCESS, 11
knockout_winner: FAILURE
knockout_winner: INVALID_INPUT
get_num_played_games: SUCCESS, 7928
add_team: FAILURE
add_player: FAILURE
get_num_played_games: SUCCESS, 13266
knockout_winner: SUCCESS, 15
knockout_winner: SUCCESS, 15
knockout_winner: FAILURE
knockout_winner: FAILURE
knockout_winner: INVALID_INPUT
get_team_points: SUCCESS, 5938
get_num_played_games: SUCCESS, 1514
add_team: FAILURE
unite_teams: FAILURE
knockout_winner: INVALID_INPUT
knockout_winner: FAILURE
knockout_winner: INVALID_INPUT
knockout_winner: INVALID_INPUT
knockout_winner: INVALID_INPUT
get_top_scorer: SUCCESS, 47
get_team_points: SUCCESS, 4594
update_player_stats: SUCCESS
get_team_points: SUCCESS, 6817
remove_player: SUCCESS
get_num_played_games: SUCCESS, 11008
add_player: FAILURE
get_num_played_games: SUCCESS, 2249
update_player_stats: SUCCESS
get_top_scorer: SUCCESS, 75
get_all_players_count: SUCCESS, 7
get_all_players_count: SUCCESS, 7
add_team: FAILURE
remove_player: SUCCESS
get_team_points: SUCCESS, 180
knockout_winner: SUCCESS, 15
knockout_winner: SUCCESS, 15
knockout_winner: SUCCESS, 11
knockout_winner: SUCCESS, 15
knockout_winner: INVALID_INPUT
get_all_players_count: SUCCESS, 13
knockout_winner: SUCCESS, 15
knockout_winner: SUCCESS, 15
knockout_winner: SUCCESS, 11
knockout_winner: SUCCESS, 15
knockout_winner: INVALID_INPUT
remove_player: SUCCESS
get_team_points: SUCCESS, 6835
get_all_players_count: SUCCESS, 10
unite_teams: FAILURE
remove_player: SUCCESS
get_num_played_games: SUCCESS, 2221
get_all_players: SUCCESS
25
126
147
59
183
102
1
181
10
145
knockout_winner: SUCCESS, 11
knockout_winner: INVALID_INPUT
knockout_winner: INVALID_INPUT
knockout_winner: SUCCESS, 15
knockout_winner: FAILURE
play_match: FAILURE
knockout_winner: INVALID_INPUT
knockout_winner: INVALID_INPUT
knockout_winner: INVALID_INPUT
knockout_winner: INVALID_INPUT
knockout_winner: INVALID_INPUT
add_player: FAILURE
get_num_played_games: SUCCESS, 9268
get_all_players_count: SUCCESS, 11
unite_teams: FAILURE
update_player_stats: SUCCESS
remove_player: SUCCESS
remove_team: FAILURE
get_team_points: SUCCESS, 5953
get_num_played_games: SUCCESS, 3750
update_player_stats: SUCCESS
get_team_points: SUCCESS, 5831
knockout_winner: SUCCESS, 6
knockout_winner: INVALID_INPUT
knockout_winner: INVALID_INPUT
knockout_winner: SUCCESS, 11
knockout_winner: INVALID_INPUT
get_top_scorer: SUCCESS, 3
get_num_played_games: SUCCESS, 12282
get_num_played_games: SUCCESS, 1332
play_match: FAILURE
get_team_points: SUCCESS, 6817
get_num_played_games: SUCCESS, 2349
add_team: FAILURE
remove_player: SUCCESS
unite_teams: FAILURE
get_num_played_games: SUCCESS, 9156
knockout_winner: SUCCESS, 6
knockout_winner: SUCCESS, 11
knockout_winner: FAILURE
knockout_winner: SUCCESS, 11
knockout_winner: INVALID_INPUT
remove_team: FAILURE
knockout_winner: INVALID_INPUT
knockout_winner: SUCCESS, 15
knockout_winner: INVALID_INPUT
knockout_winner: INVALID_INPUT
knockout_winner: INVALID_INPUT
get_all_players: SUCCESS
184
170
99
118
148
146
79
get_all_players: SUCCESS
184
170
99
118
148
146
79
remove_player: SUCCESS
get_top_scorer: SUCCESS, 75
add_team: FAILURE
get_num_played_games: SUCCESS, 9412
get_all_players_count: SUCCESS, 6
play_match: FAILURE
add_team: FAILURE
get_top_scorer: SUCCESS, 133
get_team_points: SUCCESS, 5831
remove_team: FAILURE
add_team: FAILURE
get_all_players: SUCCESS
6
88
152
11
153
87
add_player: FAILURE
get_all_players: SUCCESS
157
36
58
72
45
60
78
63
knockout_winner: FAILURE
knockout_winner: SUCCESS, 15
knockout_winner: SUCCESS, 11
knockout_winner: FAILURE
knockout_winner: INVALID_INPUT
get_all_players_count: SUCCESS, 5
remove_player: SUCCESS
play_match: FAILURE
remove_team: FAILURE
remove_player: SUCCESS
get_all_players: INVALID_INPUT
get_team_points: SUCCESS, 8223
get_num_played_games: SUCCESS, 4558
get_top_scorer: SUCCESS, 13
get_closest_player: SUCCESS, 152
add_player: FAILURE
get_all_players: SUCCESS
100
164
198
103
150
23
77
67
163
125
133
get_num_played_games: SUCCESS, 5652
add_team: FAILURE
knockout_winner: FAILURE
knockout_winner: SUCCESS, 11
knockout_winner: FAILURE
knockout_winner: FAILURE
knockout_winner: INVALID_INPUT
knockout_winner: SUCCESS, 15
knockout_winner: SUCCESS, 15
knockout_winner: SUCCESS, 11
knockout_winner: FAILURE
knockout_winner: INVALID_INPUT
knockout_winner: SUCCESS, 15
knockout_winner: INVALID_INPUT
knockout_winner: INVALID_INPUT
knockout_winner: SUCCESS, 15
knockout_winner: FAILURE
update_player_stats: SUCCESS
knockout_winner: FAILURE
knockout_winner: INVALID_INPUT
knockout_winner: INVALID_INPUT
knockout_winner: SUCCESS, 6
knockout_winner: INVALID_INPUT
get_all_players_count: SUCCESS, 6
get_all_players_count: SUCCESS, 12
get_num_played_games: SUCCESS, 13266
play_match: FAILURE
unite_teams: FAILURE
get_num_played_games: SUCCESS, 1765
get_top_scorer: SUCCESS, 17
get_team_points: SUCCESS, 5884
play_match: FAILURE
add_team: FAILURE
knockout_winner: SUCCESS, 6
knockout_winner: INVALID_INPUT
knockout_winner: INVALID_INPUT
knockout_winner: SUCCESS, 11
knockout_winner: INVALID_INPUT
remove_player: SUCCESS
knockout_winner: INVALID_INPUT
knockout_winner: SUCCESS, 15
knockout_winner: INVALID_INPUT
knockout_winner: INVALID_INPUT
knockout_winner: INVALID_INPUT
play_match: FAILURE
get_top_scorer: SUCCESS, 55
get_num_played_games: SUCCESS, 20056
get_team_points: SUCCESS, 6835
get_team_points: SUCCESS, 4815
get_all_players: SUCCESS
176
158
161
19
104
22
20
84
13
get_num_played_games: SUCCESS, 10670
get_team_points: SUCCESS, 2555
get_all_players: SUCCESS
97
81
53
4
121
64
189
47
remove_team: FAILURE
add_team: FAILURE
get_all_players_count: SUCCESS, 5
get_top_scorer: SUCCESS, 133
get_team_points: SUCCESS, 6835
remove_player: SUCCESS
get_num_played_games: SUCCESS, 3890
get_num_played_games: SUCCESS, 3365
get_all_players: SUCCESS
196
70
171
131
120
129
168
get_team_points: SUCCESS, 5022
get_all_players: SUCCESS
196
70
171
131
120
129
168
remove_team: FAILURE
get_team_points: SUCCESS, 10308
get_closest_player: SUCCESS, 59
get_team_points: SUCCESS, 6835
get_all_players: SUCCESS
119
193
86
18
69
get_team_points: SUCCESS, 12492
get_num_played_games: SUCCESS, 11066
get_closest_player: SUCCESS, 120
knockout_winner: FAILURE
knockout_winner: SUCCESS, 15
knockout_winner: FAILURE
knockout_winner: SUCCESS, 15
knockout_winner: INVALID_INPUT
get_team_points: SUCCESS, 12492
get_top_scorer: SUCCESS, 47
unite_teams: FAILURE
remove_player: SUCCESS
get_top_scorer: SUCCESS, 13
unite_teams: FAILURE
play_match: FAILURE
get_num_played_games: SUCCESS, 5385
add_player: FAILURE
get_num_played_games: SUCCESS, 9412
unite_teams: FAILURE
get_team_points: SUCCESS, 5272
play_match: FAILURE
get_top_scorer: SUCCESS, 47
get_closest_player: SUCCESS, 149
get_all_players_count: SUCCESS, 8
get_num_played_games: SUCCESS, 18206
get_top_scorer: SUCCESS, 75
remove_player: SUCCESS
get_top_scorer: SUCCESS, 63
knockout_winner: FAILURE
knockout_winner: SUCCESS, 11
knockout_winner: FAILURE
knockout_winner: FAILURE
knockout_winner: INVALID_INPUT
update_player_stats: SUCCESS
knockout_winner: SUCCESS, 15
knockout_winner: SUCCESS, 15
knockout_winner: SUCCESS, 11
knockout_winner: SUCCESS, 15
knockout_winner: INVALID_INPUT
update_player_stats: SUCCESS
get_team_points: SUCCESS, 10156
remove_player: SUCCESS
remove_player: SUCCESS
remove_player: SUCCESS
remove_player: SUCCESS
remove_player: SUCCESS
remove_player: SUCCESS
remove_player: SUCCESS
remove_player: SUCCESS
remove_player: SUCCESS
remove_player: SUCCESS
remove_player: SUCCESS
remove_player: SUCCESS
remove_player: SUCCESS
remove_player: SUCCESS
remove_player: SUCCESS
remove_player: SUCCESS
remove_player: SUCCESS
remove_player: SUCCESS
remove_player: SUCCESS
remove_player: SUCCESS
remove_player: SUCCESS
remove_player: SUCCESS
remove_player: SUCCESS
remove_player: SUCCESS
remove_player: SUCCESS
remove_player: SUCCESS
remove_player: SUCCESS
remove_player: SUCCESS
remove_player: SUCCESS
remove_player: SUCCESS
remove_player: SUCCESS
remove_player: SUCCESS
remove_player: SUCCESS
remove_player: SUCCESS
remove_player: SUCCESS
remove_player: SUCCESS
remove_player: SUCCESS
remove_player: SUCCESS
remove_player: SUCCESS
remove_player: SUCCESS
remove_player: SUCCESS
remove_player: SUCCESS
remove_player: SUCCESS
remove_player: SUCCESS
remove_player: SUCCESS
remove_player: SUCCESS
remove_player: SUCCESS
remove_player: SUCCESS
remove_player: SUCCESS
remove_player: SUCCESS
remove_player: SUCCESS
remove_player: SUCCESS
remove_player: SUCCESS
remove_player: SUCCESS
remove_player: SUCCESS
remove_player: SUCCESS
remove_player: SUCCESS
remove_player: SUCCESS
remove_player: SUCCESS
remove_player: SUCCESS
remove_player: SUCCESS
remove_player: SUCCESS
remove_player: SUCCESS
remove_player: SUCCESS
remove_player: SUCCESS
remove_player: SUCCESS
remove_player: SUCCESS
remove_player: SUCCESS
remove_player: SUCCESS
remove_player: SUCCESS
remove_player: SUCCESS
remove_player: SUCCESS
remove_player: SUCCESS
remove_player: SUCCESS
remove_player: SUCCESS
remove_player: SUCCESS
remove_player: SUCCESS
remove_player: SUCCESS
remove_player: SUCCESS
remove_player: SUCCESS
remove_player: SUCCESS
remove_player: SUCCESS
remove_player: SUCCESS
remove_player: SUCCESS
remove_player: SUCCESS
remove_player: SUCCESS
remove_player: SUCCESS
remove_player: SUCCESS
remove_player: SUCCESS
remove_player: SUCCESS
remove_player: SUCCESS
remove_player: SUCCESS
remove_player: SUCCESS
remove_player: SUCCESS
remove_player: SUCCESS
remove_player: SUCCESS
remove_player: SUCCESS
remove_player: SUCCESS
remove_player: SUCCESS
remove_player: SUCCESS
remove_player: SUCCESS
remove_player: SUCCESS
remove_player: SUCCESS
remove_player: SUCCESS
remove_player: SUCCESS
remove_player: SUCCESS
remove_player: SUCCESS
remove_player: SUCCESS
remove_player: SUCCESS
remove_player: SUCCESS
remove_player: SUCCESS
remove_player: SUCCESS
remove_player: SUCCESS
remove_player: SUCCESS
remove_player: SUCCESS
remove_player: SUCCESS
remove_player: SUCCESS
remove_player: SUCCESS
remove_player: SUCCESS
remove_player: SUCCESS
remove_player: SUCCESS
remove_player: SUCCESS
remove_player: SUCCESS
remove_player: SUCCESS
remove_player: SUCCESS
remove_player: SUCCESS
remove_player: SUCCESS
remove_player: SUCCESS
remove_player: SUCCESS
remove_team: SUCCESS
remove_team: SUCCESS
remove_team: SUCCESS
remove_team: SUCCESS
remove_team: SUCCESS
remove_team: SUCCESS
remove_team: SUCCESS
remove_team: SUCCESS
remove_team: SUCCESS
remove_team: SUCCESS
remove_team: SUCCESS
remove_team: SUCCESS
remove_team: SUCCESS
remove_team: SUCCESS
remove_team: SUCCESS
remove_team: SUCCESS
remove_team: SUCCESS
remove_team: SUCCESS
