add_team: SUCCESS
add_team: SUCCESS
add_team: SUCCESS
add_team: SUCCESS
add_team: SUCCESS
add_team: SUCCESS
add_team: SUCCESS
add_team: SUCCESS
add_team: SUCCESS
add_team: SUCCESS
add_team: SUCCESS
add_team: SUCCESS
add_team: SUCCESS
add_team: SUCCESS
add_team: SUCCESS
add_team: SUCCESS
add_team: SUCCESS
add_team: SUCCESS
add_team: SUCCESS
add_team: SUCCESS
add_player: SUCCESS
add_player: SUCCESS
add_player: SUCCESS
add_player: SUCCESS
add_player: SUCCESS
add_player: SUCCESS
add_player: SUCCESS
add_player: SUCCESS
add_player: SUCCESS
add_player: SUCCESS
add_player: SUCCESS
add_player: SUCCESS
add_player: SUCCESS
add_player: SUCCESS
add_player: SUCCESS
add_player: SUCCESS
add_player: SUCCESS
add_player: SUCCESS
add_player: SUCCESS
add_player: SUCCESS
add_player: SUCCESS
add_player: SUCCESS
add_player: SUCCESS
add_player: SUCCESS
add_player: SUCCESS
add_player: SUCCESS
add_player: SUCCESS
add_player: SUCCESS
add_player: SUCCESS
add_player: SUCCESS
add_player: SUCCESS
add_player: SUCCESS
add_player: SUCCESS
add_player: SUCCESS
add_player: SUCCESS
add_player: SUCCESS
add_player: SUCCESS
add_player: SUCCESS
add_player: SUCCESS
add_player: SUCCESS
add_player: SUCCESS
add_player: SUCCESS
add_player: SUCCESS
add_player: SUCCESS
add_player: SUCCESS
add_player: SUCCESS
add_player: SUCCESS
add_player: SUCCESS
add_player: SUCCESS
add_player: SUCCESS
add_player: SUCCESS
add_player: SUCCESS
add_player: SUCCESS
add_player: SUCCESS
add_player: SUCCESS
add_player: SUCCESS
add_player: SUCCESS
add_player: SUCCESS
add_player: SUCCESS
add_player: SUCCESS
add_player: SUCCESS
add_player: SUCCESS
add_player: SUCCESS
add_player: SUCCESS
add_player: SUCCESS
add_player: SUCCESS
add_player: SUCCESS
add_player: SUCCESS
add_player: SUCCESS
add_player: SUCCESS
add_player: SUCCESS
add_player: SUCCESS
add_player: SUCCESS
add_player: SUCCESS
add_player: SUCCESS
add_player: SUCCESS
add_player: SUCCESS
add_player: SUCCESS
add_player: SUCCESS
add_player: SUCCESS
add_player: SUCCESS
add_player: SUCCESS
add_player: SUCCESS
add_player: SUCCESS
add_player: SUCCESS
add_player: SUCCESS
add_player: SUCCESS
add_player: SUCCESS
add_player: SUCCESS
add_player: SUCCESS
add_player: SUCCESS
add_player: SUCCESS
add_player: SUCCESS
add_player: SUCCESS
add_player: SUCCESS
add_player: SUCCESS
add_player: SUCCESS
add_player: SUCCESS
add_player: SUCCESS
add_player: SUCCESS
add_player: SUCCESS
add_player: SUCCESS
add_player: SUCCESS
add_player: SUCCESS
add_player: SUCCESS
add_player: SUCCESS
add_player: SUCCESS
add_player: SUCCESS
add_player: SUCCESS
add_player: SUCCESS
add_player: SUCCESS
add_player: SUCCESS
add_player: SUCCESS
add_player: SUCCESS
add_player: SUCCESS
add_player: SUCCESS
add_player: SUCCESS
add_player: SUCCESS
add_player: SUCCESS
add_player: SUCCESS
add_player: SUCCESS
add_player: SUCCESS
add_player: SUCCESS
add_player: SUCCESS
add_player: SUCCESS
add_player: SUCCESS
add_player: SUCCESS
add_player: SUCCESS
add_player: SUCCESS
add_player: SUCCESS
add_player: SUCCESS
add_player: SUCCESS
add_player: SUCCESS
add_player: SUCCESS
add_player: SUCCESS
add_player: SUCCESS
add_player: SUCCESS
add_player: SUCCESS
add_player: SUCCESS
add_player: SUCCESS
add_player: SUCCESS
add_player: SUCCESS
add_player: SUCCESS
add_player: SUCCESS
add_player: SUCCESS
add_player: SUCCESS
add_player: SUCCESS
add_player: SUCCESS
add_player: SUCCESS
add_player: SUCCESS
add_player: SUCCESS
add_player: SUCCESS
add_player: SUCCESS
add_player: SUCCESS
add_player: SUCCESS
add_player: SUCCESS
add_player: SUCCESS
add_player: SUCCESS
add_player: SUCCESS
add_player: SUCCESS
add_player: SUCCESS
add_player: SUCCESS
add_player: SUCCESS
add_player: SUCCESS
add_player: SUCCESS
add_player: SUCCESS
add_player: SUCCESS
add_player: SUCCESS
add_player: SUCCESS
add_player: SUCCESS
add_player: SUCCESS
add_player: SUCCESS
add_player: SUCCESS
add_player: SUCCESS
add_player: SUCCESS
add_player: SUCCESS
add_player: SUCCESS
add_player: SUCCESS
add_player: SUCCESS
add_player: SUCCESS
add_player: SUCCESS
add_player: SUCCESS
add_player: SUCCESS
add_player: SUCCESS
add_player: SUCCESS
add_player: SUCCESS
add_player: SUCCESS
add_player: SUCCESS
add_player: SUCCESS
add_player: SUCCESS
add_player: SUCCESS
add_player: SUCCESS
add_player: SUCCESS
add_player: SUCCESS
add_player: SUCCESS
add_player: SUCCESS
add_player: SUCCESS
add_player: SUCCESS
add_player: SUCCESS
add_player: SUCCESS
get_closest_player: SUCCESS, 113
unite_teams: FAILURE
get_all_players_count: SUCCESS, 7
play_match: FAILURE
get_all_players_count: SUCCESS, 10
get_team_points: SUCCESS, 5606
get_num_played_games: SUCCESS, 507
add_player: FAILURE
get_closest_player: SUCCESS, 118
get_num_played_games: SUCCESS, 11710
knockout_winner: SUCCESS, 17
knockout_winner: SUCCESS, 17
knockout_winner: SUCCESS, 8
knockout_winner: SUCCESS, 17
knockout_winner: INVALID_INPUT
remove_team: FAILURE
update_player_stats: SUCCESS
get_closest_player: SUCCESS, 35
get_num_played_games: SUCCESS, 1671
remove_player: SUCCESS
remove_player: SUCCESS
add_team: FAILURE
get_all_players_count: SUCCESS, 9
unite_teams: FAILURE
get_num_played_games: SUCCESS, 6951
remove_player: SUCCESS
remove_team: FAILURE
get_closest_player: SUCCESS, 21
add_team: FAILURE
play_match: FAILURE
add_team: FAILURE
remove_player: SUCCESS
get_team_points: SUCCESS, 4873
update_player_stats: SUCCESS
play_match: SUCCESS
get_closest_player: SUCCESS, 66
get_top_scorer: SUCCESS, 96
get_all_players_count: SUCCESS, 5
add_player: FAILURE
get_num_played_games: SUCCESS, 11236
remove_player: SUCCESS
add_player: FAILURE
get_top_scorer: SUCCESS, 64
unite_teams: FAILURE
knockout_winner: SUCCESS, 15
knockout_winner: SUCCESS, 17
knockout_winner: SUCCESS, 9
knockout_winner: SUCCESS, 19
knockout_winner: INVALID_INPUT
get_top_scorer: SUCCESS, 121
remove_team: FAILURE
get_closest_player: SUCCESS, 82
get_closest_player: SUCCESS, 143
get_closest_player: SUCCESS, 30
knockout_winner: SUCCESS, 4
knockout_winner: INVALID_INPUT
knockout_winner: INVALID_INPUT
knockout_winner: SUCCESS, 8
knockout_winner: INVALID_INPUT
update_player_stats: SUCCESS
get_all_players: SUCCESS
15
90
82
40
191
158
142
12
56
184
127
remove_player: SUCCESS
remove_team: FAILURE
remove_player: SUCCESS
unite_teams: FAILURE
add_team: FAILURE
remove_team: FAILURE
get_all_players: SUCCESS
164
77
44
172
53
8
141
183
35
48
101
20
163
update_player_stats: SUCCESS
get_all_players_count: SUCCESS, 5
get_top_scorer: SUCCESS, 123
get_all_players_count: SUCCESS, 13
add_player: FAILURE
knockout_winner: FAILURE
knockout_winner: SUCCESS, 17
knockout_winner: SUCCESS, 15
knockout_winner: FAILURE
knockout_winner: INVALID_INPUT
knockout_winner: SUCCESS, 8
knockout_winner: INVALID_INPUT
knockout_winner: INVALID_INPUT
knockout_winner: SUCCESS, 17
knockout_winner: SUCCESS, 8
get_num_played_games: SUCCESS, 384
get_all_players_count: SUCCESS, 7
get_all_players: SUCCESS
15
90
82
40
191
158
142
12
56
184
127
get_all_players_count: SUCCESS, 11
get_top_scorer: SUCCESS, 59
add_player: FAILURE
remove_player: SUCCESS
add_team: FAILURE
get_all_players_count: SUCCESS, 12
unite_teams: FAILURE
get_top_scorer: SUCCESS, 127
remove_team: FAILURE
get_all_players_count: SUCCESS, 9
knockout_winner: SUCCESS, 15
knockout_winner: SUCCESS, 17
knockout_winner: SUCCESS, 8
knockout_winner: SUCCESS, 19
knockout_winner: INVALID_INPUT
get_num_played_games: SUCCESS, 1170
add_player: FAILURE
get_all_players_count: SUCCESS, 7
add_player: FAILURE
get_all_players: SUCCESS
174
200
31
4
52
135
7
59
unite_teams: FAILURE
unite_teams: FAILURE
remove_player: SUCCESS
unite_teams: SUCCESS
get_all_players: SUCCESS
174
200
31
4
52
135
7
59
get_top_scorer: SUCCESS, 161
update_player_stats: SUCCESS
knockout_winner: SUCCESS, 8
knockout_winner: INVALID_INPUT
knockout_winner: INVALID_INPUT
knockout_winner: SUCCESS, 17
knockout_winner: SUCCESS, 9
remove_player: SUCCESS
update_player_stats: SUCCESS
remove_team: FAILURE
remove_team: FAILURE
get_num_played_games: SUCCESS, 1755
get_all_players: SUCCESS
164
77
44
172
53
8
141
183
35
48
101
20
163
get_team_points: SUCCESS, 11610
get_team_points: SUCCESS, 4873
knockout_winner: SUCCESS, 15
knockout_winner: SUCCESS, 17
knockout_winner: FAILURE
knockout_winner: FAILURE
knockout_winner: INVALID_INPUT
add_player: FAILURE
get_num_played_games: SUCCESS, 4111
remove_team: FAILURE
update_player_stats: SUCCESS
add_player: FAILURE
knockout_winner: FAILURE
knockout_winner: SUCCESS, 17
knockout_winner: FAILURE
knockout_winner: FAILURE
knockout_winner: INVALID_INPUT
get_all_players_count: SUCCESS, 7
get_team_points: SUCCESS, 232
remove_player: SUCCESS
play_match: INVALID_INPUT
play_match: FAILURE
add_team: FAILURE
unite_teams: FAILURE
get_all_players: SUCCESS
166
139
83
41
113
168
117
play_match: FAILURE
remove_player: SUCCESS
add_player: FAILURE
get_team_points: SUCCESS, 4873
remove_team: FAILURE
get_closest_player: SUCCESS, 42
get_all_players: SUCCESS
171
120
85
3
173
154
162
22
96
get_closest_player: SUCCESS, 13
add_team: FAILURE
knockout_winner: SUCCESS, 17
knockout_winner: SUCCESS, 17
knockout_winner: SUCCESS, 8
knockout_winner: SUCCESS, 17
knockout_winner: INVALID_INPUT
knockout_winner: SUCCESS, 17
knockout_winner: SUCCESS, 17
knockout_winner: SUCCESS, 11
knockout_winner: FAILURE
knockout_winner: INVALID_INPUT
get_team_points: SUCCESS, 2292
get_team_points: SUCCESS, 2292
get_team_points: SUCCESS, 9118
play_match: FAILURE
remove_player: SUCCESS
unite_teams: FAILURE
remove_player: SUCCESS
get_num_played_games: SUCCESS, 4926
get_all_players_count: SUCCESS, 11
get_team_points: SUCCESS, 5746
get_all_players_count: SUCCESS, 7
get_team_points: SUCCESS, 11848
play_match: FAILURE
knockout_winner: INVALID_INPUT
knockout_winner: SUCCESS, 17
knockout_winner: INVALID_INPUT
knockout_winner: INVALID_INPUT
knockout_winner: INVALID_INPUT
get_top_scorer: SUCCESS, 96
add_team: FAILURE
get_all_players_count: SUCCESS, 8
play_match: SUCCESS
get_all_players_count: SUCCESS, 7
get_all_players_count: SUCCESS, 13
unite_teams: FAILURE
add_team: FAILURE
add_team: FAILURE
unite_teams: FAILURE
play_match: FAILURE
get_team_points: SUCCESS, 3429
unite_teams: SUCCESS
unite_teams: FAILURE
get_all_players: SUCCESS
171
120
85
3
173
154
162
22
96
update_player_stats: SUCCESS
get_top_scorer: SUCCESS, 67
get_team_points: SUCCESS, 5606
get_team_points: SUCCESS, 3268
unite_teams: FAILURE
get_team_points: SUCCESS, 11848
get_all_players_count: SUCCESS, 19
get_team_points: SUCCESS, 3856
get_top_scorer: SUCCESS, 127
get_num_played_games: SUCCESS, 863
remove_player: SUCCESS
add_team: FAILURE
add_player: FAILURE
get_num_played_games: SUCCESS, 5065
get_team_points: SUCCESS, 21095
remove_team: FAILURE
get_all_players_count: SUCCESS, 7
knockout_winner: SUCCESS, 11
knockout_winner: SUCCESS, 17
knockout_winner: SUCCESS, 8
knockout_winner: SUCCESS, 17
knockout_winner: INVALID_INPUT
get_all_players: SUCCESS
166
139
83
41
113
168
117
add_team: FAILURE
get_all_players_count: SUCCESS, 9
add_player: FAILURE
update_player_stats: SUCCESS
add_team: FAILURE
play_match: FAILURE
get_num_played_games: SUCCESS, 1800
remove_player: SUCCESS
get_team_points: SUCCESS, 8608
get_all_players_count: SUCCESS, 7
get_top_scorer: SUCCESS, 145
get_num_played_games: SUCCESS, 10322
knockout_winner: INVALID_INPUT
knockout_winner: SUCCESS, 17
knockout_winner: INVALID_INPUT
knockout_winner: INVALID_INPUT
knockout_winner: INVALID_INPUT
add_team: FAILURE
get_all_players_count: SUCCESS, 9
remove_player: SUCCESS
remove_player: SUCCESS
add_team: FAILURE
add_team: FAILURE
remove_player: SUCCESS
get_all_players_count: SUCCESS, 7
play_match: FAILURE
get_all_players: SUCCESS
171
120
85
3
173
154
162
22
96
get_all_players: SUCCESS
186
89
68
6
151
185
34
86
161
remove_team: FAILURE
update_player_stats: SUCCESS
get_closest_player: SUCCESS, 90
remove_player: SUCCESS
knockout_winner: SUCCESS, 14
knockout_winner: SUCCESS, 17
knockout_winner: SUCCESS, 9
knockout_winner: FAILURE
knockout_winner: INVALID_INPUT
get_top_scorer: SUCCESS, 199
knockout_winner: SUCCESS, 17
knockout_winner: SUCCESS, 17
knockout_winner: SUCCESS, 14
knockout_winner: FAILURE
knockout_winner: INVALID_INPUT
remove_player: SUCCESS
get_top_scorer: SUCCESS, 127
get_team_points: SUCCESS, 3429
remove_team: FAILURE
remove_team: FAILURE
get_top_scorer: SUCCESS, 67
add_team: FAILURE
get_top_scorer: SUCCESS, 145
get_closest_player: SUCCESS, 128
play_match: SUCCESS
remove_team: FAILURE
add_player: FAILURE
get_team_points: SUCCESS, 11848
add_team: FAILURE
remove_player: SUCCESS
get_all_players: SUCCESS
148
126
21
65
169
178
50
157
43
155
123
109
get_team_points: SUCCESS, 232
get_all_players: SUCCESS
90
82
40
191
158
142
12
56
15
184
127
get_num_played_games: SUCCESS, 6228
remove_team: FAILURE
add_player: FAILURE
remove_team: FAILURE
get_all_players: SUCCESS
18
38
42
164
77
44
172
53
8
141
103
183
35
48
60
32
66
150
101
163
get_closest_player: SUCCESS, 154
remove_team: FAILURE
play_match: FAILURE
remove_team: FAILURE
add_player: FAILURE
knockout_winner: SUCCESS, 15
knockout_winner: SUCCESS, 17
knockout_winner: SUCCESS, 9
knockout_winner: FAILURE
knockout_winner: INVALID_INPUT
update_player_stats: SUCCESS
remove_team: FAILURE
remove_team: FAILURE
play_match: FAILURE
get_closest_player: SUCCESS, 112
get_closest_player: SUCCESS, 126
update_player_stats: SUCCESS
add_team: FAILURE
get_team_points: SUCCESS, 3429
get_all_players_count: SUCCESS, 8
remove_team: FAILURE
get_team_points: SUCCESS, 5606
play_match: FAILURE
get_closest_player: SUCCESS, 35
knockout_winner: FAILURE
knockout_winner: SUCCESS, 17
knockout_winner: SUCCESS, 15
knockout_winner: FAILURE
knockout_winner: INVALID_INPUT
update_player_stats: SUCCESS
add_team: FAILURE
get_all_players_count: SUCCESS, 11
remove_player: SUCCESS
get_closest_player: SUCCESS, 118
get_all_players: SUCCESS
186
89
68
151
185
34
86
161
6
get_top_scorer: SUCCESS, 138
get_all_players: SUCCESS
148
126
21
65
169
178
50
157
43
155
123
109
knockout_winner: SUCCESS, 17
knockout_winner: SUCCESS, 17
knockout_winner: SUCCESS, 15
knockout_winner: SUCCESS, 17
knockout_winner: SUCCESS, 15
knockout_winner: FAILURE
knockout_winner: SUCCESS, 17
knockout_winner: SUCCESS, 14
knockout_winner: FAILURE
knockout_winner: INVALID_INPUT
remove_player: SUCCESS
unite_teams: FAILURE
update_player_stats: SUCCESS
play_match: FAILURE
unite_teams: FAILURE
get_closest_player: SUCCESS, 115
update_player_stats: SUCCESS
update_player_stats: SUCCESS
add_player: FAILURE
get_all_players: SUCCESS
131
47
181
107
198
79
63
115
94
119
get_closest_player: SUCCESS, 54
remove_team: FAILURE
get_all_players_count: SUCCESS, 10
add_team: FAILURE
get_all_players: SUCCESS
90
82
40
191
158
142
12
56
15
184
127
remove_team: FAILURE
get_num_played_games: SUCCESS, 7137
unite_teams: INVALID_INPUT
get_top_scorer: SUCCESS, 125
get_team_points: SUCCESS, 2292
get_top_scorer: SUCCESS, 59
add_player: FAILURE
get_num_played_games: SUCCESS, 4134
add_team: FAILURE
get_top_scorer: SUCCESS, 127
get_closest_player: SUCCESS, 125
remove_player: SUCCESS
get_team_points: SUCCESS, 5746
knockout_winner: INVALID_INPUT
knockout_winner: INVALID_INPUT
knockout_winner: INVALID_INPUT
knockout_winner: INVALID_INPUT
knockout_winner: INVALID_INPUT
get_num_played_games: SUCCESS, 7529
update_player_stats: SUCCESS
play_match: FAILURE
play_match: FAILURE
update_player_stats: SUCCESS
add_player: FAILURE
play_match: FAILURE
add_player: FAILURE
remove_player: SUCCESS
get_closest_player: SUCCESS, 194
update_player_stats: SUCCESS
get_team_points: SUCCESS, 3429
play_match: FAILURE
get_all_players: SUCCESS
186
89
68
151
185
34
161
6
remove_player: SUCCESS
knockout_winner: SUCCESS, 15
knockout_winner: SUCCESS, 17
knockout_winner: SUCCESS, 9
knockout_winner: SUCCESS, 17
knockout_winner: INVALID_INPUT
add_player: FAILURE
update_player_stats: SUCCESS
add_team: FAILURE
play_match: FAILURE
play_match: FAILURE
get_team_points: SUCCESS, 3268
update_player_stats: SUCCESS
add_player: FAILURE
get_all_players_count: SUCCESS, 7
play_match: SUCCESS
update_player_stats: SUCCESS
knockout_winner: SUCCESS, 17
knockout_winner: SUCCESS, 17
knockout_winner: SUCCESS, 9
knockout_winner: SUCCESS, 17
knockout_winner: FAILURE
get_top_scorer: SUCCESS, 192
get_all_players: SUCCESS
166
139
83
41
113
168
117
remove_player: SUCCESS
get_closest_player: SUCCESS, 32
update_player_stats: SUCCESS
add_player: FAILURE
get_all_players: SUCCESS
112
197
110
14
111
188
159
98
74
64
24
get_closest_player: SUCCESS, 67
remove_player: SUCCESS
knockout_winner: SUCCESS, 15
knockout_winner: SUCCESS, 17
knockout_winner: FAILURE
knockout_winner: FAILURE
knockout_winner: INVALID_INPUT
add_player: FAILURE
play_match: FAILURE
remove_team: FAILURE
get_all_players: SUCCESS
90
82
40
191
158
142
12
15
184
127
get_team_points: SUCCESS, 10588
get_team_points: SUCCESS, 3429
remove_team: FAILURE
remove_team: FAILURE
remove_team: FAILURE
get_all_players: SUCCESS
37
106
108
144
177
30
167
199
remove_team: FAILURE
get_closest_player: SUCCESS, 27
remove_team: FAILURE
get_team_points: SUCCESS, 10132
get_all_players_count: SUCCESS, 11
get_team_points: SUCCESS, 11848
remove_team: FAILURE
get_num_played_games: SUCCESS, 6951
add_player: FAILURE
update_player_stats: SUCCESS
knockout_winner: SUCCESS, 11
knockout_winner: SUCCESS, 17
knockout_winner: FAILURE
knockout_winner: SUCCESS, 17
knockout_winner: INVALID_INPUT
remove_team: FAILURE
get_top_scorer: SUCCESS, 59
remove_team: FAILURE
update_player_stats: SUCCESS
add_player: FAILURE
unite_teams: INVALID_INPUT
get_top_scorer: SUCCESS, 119
play_match: FAILURE
knockout_winner: SUCCESS, 15
knockout_winner: SUCCESS, 17
knockout_winner: SUCCESS, 9
knockout_winner: SUCCESS, 17
knockout_winner: INVALID_INPUT
play_match: FAILURE
add_player: FAILURE
knockout_winner: FAILURE
knockout_winner: SUCCESS, 17
knockout_winner: SUCCESS, 15
knockout_winner: FAILURE
knockout_winner: INVALID_INPUT
get_all_players: SUCCESS
186
89
68
151
185
34
161
6
get_closest_player: SUCCESS, 2
get_all_players_count: SUCCESS, 11
remove_team: FAILURE
get_num_played_games: SUCCESS, 15513
knockout_winner: SUCCESS, 15
knockout_winner: SUCCESS, 17
knockout_winner: SUCCESS, 9
knockout_winner: SUCCESS, 17
knockout_winner: INVALID_INPUT
knockout_winner: INVALID_INPUT
knockout_winner: SUCCESS, 9
knockout_winner: INVALID_INPUT
knockout_winner: INVALID_INPUT
knockout_winner: INVALID_INPUT
play_match: SUCCESS
unite_teams: FAILURE
get_all_players_count: SUCCESS, 6
play_match: FAILURE
remove_team: FAILURE
knockout_winner: SUCCESS, 4
knockout_winner: INVALID_INPUT
knockout_winner: INVALID_INPUT
knockout_winner: SUCCESS, 9
knockout_winner: INVALID_INPUT
get_top_scorer: SUCCESS, 54
update_player_stats: SUCCESS
get_num_played_games: SUCCESS, 4416
get_all_players: SUCCESS
17
152
189
153
190
194
180
93
13
156
27
136
84
170
49
124
192
54
add_player: FAILURE
remove_player: SUCCESS
get_all_players_count: SUCCESS, 8
add_player: FAILURE
add_team: FAILURE
knockout_winner: SUCCESS, 17
knockout_winner: SUCCESS, 17
knockout_winner: SUCCESS, 11
knockout_winner: SUCCESS, 17
knockout_winner: FAILURE
play_match: FAILURE
unite_teams: FAILURE
add_team: FAILURE
remove_team: FAILURE
get_all_players: SUCCESS
126
21
65
178
50
157
43
155
169
123
109
unite_teams: FAILURE
add_player: FAILURE
add_player: FAILURE
update_player_stats: SUCCESS
add_team: FAILURE
add_team: FAILURE
update_player_stats: SUCCESS
add_player: FAILURE
get_num_played_games: SUCCESS, 3074
add_player: FAILURE
play_match: FAILURE
get_all_players_count: SUCCESS, 8
get_all_players_count: SUCCESS, 20
get_top_scorer: SUCCESS, 54
remove_team: FAILURE
update_player_stats: SUCCESS
add_player: FAILURE
get_all_players: SUCCESS
166
139
83
41
113
168
117
unite_teams: FAILURE
knockout_winner: INVALID_INPUT
knockout_winner: SUCCESS, 17
knockout_winner: INVALID_INPUT
knockout_winner: INVALID_INPUT
knockout_winner: INVALID_INPUT
play_match: FAILURE
get_closest_player: SUCCESS, 118
get_num_played_games: SUCCESS, 17700
get_team_points: SUCCESS, 3429
update_player_stats: SUCCESS
play_match: FAILURE
remove_team: FAILURE
add_team: FAILURE
remove_player: SUCCESS
get_top_scorer: SUCCESS, 76
get_num_played_games: SUCCESS, 13016
remove_team: FAILURE
get_num_played_games: SUCCESS, 5916
get_all_players_count: SUCCESS, 7
get_team_points: SUCCESS, 10132
get_all_players_count: SUCCESS, 7
get_top_scorer: SUCCESS, 102
add_player: FAILURE
get_top_scorer: SUCCESS, 42
knockout_winner: INVALID_INPUT
knockout_winner: INVALID_INPUT
knockout_winner: INVALID_INPUT
knockout_winner: INVALID_INPUT
knockout_winner: INVALID_INPUT
remove_team: FAILURE
remove_player: SUCCESS
knockout_winner: SUCCESS, 9
knockout_winner: SUCCESS, 17
knockout_winner: SUCCESS, 9
knockout_winner: SUCCESS, 17
knockout_winner: INVALID_INPUT
get_num_played_games: SUCCESS, 11033
remove_player: SUCCESS
knockout_winner: SUCCESS, 17
knockout_winner: SUCCESS, 17
knockout_winner: SUCCESS, 11
knockout_winner: SUCCESS, 17
knockout_winner: FAILURE
get_all_players: SUCCESS
17
152
189
153
190
194
180
93
13
156
27
136
84
170
49
124
192
54
get_closest_player: SUCCESS, 109
get_top_scorer: SUCCESS, 42
unite_teams: FAILURE
get_all_players: SUCCESS
5
114
92
70
182
76
update_player_stats: SUCCESS
get_closest_player: SUCCESS, 162
remove_player: SUCCESS
update_player_stats: SUCCESS
get_team_points: SUCCESS, 9118
get_closest_player: SUCCESS, 53
remove_player: SUCCESS
knockout_winner: SUCCESS, 15
knockout_winner: SUCCESS, 17
knockout_winner: SUCCESS, 9
knockout_winner: FAILURE
knockout_winner: INVALID_INPUT
get_num_played_games: SUCCESS, 11455
remove_team: FAILURE
get_all_players: SUCCESS
166
139
83
41
113
168
117
add_team: FAILURE
get_team_points: SUCCESS, 8608
get_all_players_count: SUCCESS, 8
get_closest_player: SUCCESS, 183
play_match: INVALID_INPUT
update_player_stats: SUCCESS
get_all_players_count: SUCCESS, 6
get_top_scorer: SUCCESS, 127
get_num_played_games: SUCCESS, 3515
get_num_played_games: SUCCESS, 5149
unite_teams: FAILURE
play_match: SUCCESS
add_team: FAILURE
add_team: FAILURE
get_num_played_games: SUCCESS, 1106
unite_teams: SUCCESS
get_all_players: SUCCESS
106
108
144
177
30
167
199
add_player: FAILURE
get_num_played_games: SUCCESS, 1949
get_top_scorer: SUCCESS, 199
get_all_players: SUCCESS
174
200
31
4
52
7
59
remove_player: SUCCESS
knockout_winner: SUCCESS, 15
knockout_winner: SUCCESS, 15
knockout_winner: SUCCESS, 9
knockout_winner: SUCCESS, 15
knockout_winner: INVALID_INPUT
remove_team: FAILURE
add_player: FAILURE
unite_teams: FAILURE
add_team: FAILURE
update_player_stats: SUCCESS
get_all_players_count: SUCCESS, 7
add_team: FAILURE
play_match: FAILURE
get_all_players_count: SUCCESS, 7
unite_teams: SUCCESS
update_player_stats: SUCCESS
get_closest_player: SUCCESS, 141
remove_player: SUCCESS
add_team: FAILURE
remove_team: FAILURE
update_player_stats: SUCCESS
add_player: FAILURE
unite_teams: FAILURE
get_top_scorer: SUCCESS, 96
get_top_scorer: SUCCESS, 59
get_closest_player: SUCCESS, 98
update_player_stats: SUCCESS
get_top_scorer: SUCCESS, 199
get_team_points: SUCCESS, 5147
update_player_stats: SUCCESS
knockout_winner: SUCCESS, 15
knockout_winner: SUCCESS, 15
knockout_winner: SUCCESS, 6
knockout_winner: SUCCESS, 15
knockout_winner: INVALID_INPUT
knockout_winner: SUCCESS, 6
knockout_winner: SUCCESS, 6
knockout_winner: FAILURE
knockout_winner: FAILURE
knockout_winner: INVALID_INPUT
play_match: INVALID_INPUT
unite_teams: FAILURE
get_team_points: SUCCESS, 11848
get_team_points: SUCCESS, 2292
add_team: FAILURE
knockout_winner: INVALID_INPUT
knockout_winner: INVALID_INPUT
knockout_winner: INVALID_INPUT
knockout_winner: INVALID_INPUT
knockout_winner: INVALID_INPUT
play_match: FAILURE
get_team_points: SUCCESS, 5978
add_player: FAILURE
get_all_players_count: SUCCESS, 11
get_team_points: SUCCESS, 3432
add_team: FAILURE
get_all_players_count: SUCCESS, 22
get_team_points: SUCCESS, 2292
get_all_players_count: SUCCESS, 22
get_num_played_games: SUCCESS, 2730
get_team_points: SUCCESS, 9532
get_team_points: SUCCESS, 10588
unite_teams: FAILURE
update_player_stats: SUCCESS
get_top_scorer: SUCCESS, 59
remove_player: SUCCESS
get_all_players_count: SUCCESS, 11
knockout_winner: SUCCESS, 15
knockout_winner: SUCCESS, 15
knockout_winner: FAILURE
knockout_winner: FAILURE
knockout_winner: INVALID_INPUT
get_num_played_games: SUCCESS, 15605
get_num_played_games: SUCCESS, 1953
get_team_points: SUCCESS, 5978
unite_teams: FAILURE
play_match: FAILURE
update_player_stats: SUCCESS
get_closest_player: SUCCESS, 161
update_player_stats: SUCCESS
add_player: FAILURE
get_all_players: SUCCESS
90
82
40
158
142
12
15
127
184
add_player: FAILURE
remove_team: FAILURE
add_player: FAILURE
get_team_points: SUCCESS, 9532
get_closest_player: SUCCESS, 101
add_team: FAILURE
unite_teams: FAILURE
add_team: FAILURE
get_closest_player: SUCCESS, 98
remove_player: SUCCESS
get_all_players: SUCCESS
126
21
65
178
157
43
155
50
169
123
remove_player: SUCCESS
get_num_played_games: SUCCESS, 11031
play_match: FAILURE
remove_player: SUCCESS
remove_player: SUCCESS
get_num_played_games: SUCCESS, 2713
add_team: FAILURE
get_all_players_count: SUCCESS, 9
get_closest_player: SUCCESS, 113
get_all_players_count: SUCCESS, 9
update_player_stats: SUCCESS
unite_teams: INVALID_INPUT
get_all_players: SUCCESS
89
186
68
151
185
34
6
knockout_winner: FAILURE
knockout_winner: SUCCESS, 15
knockout_winner: FAILURE
knockout_winner: FAILURE
knockout_winner: INVALID_INPUT
update_player_stats: SUCCESS
get_team_points: SUCCESS, 9118
add_team: FAILURE
add_team: FAILURE
get_all_players_count: SUCCESS, 7
get_num_played_games: SUCCESS, 10998
update_player_stats: SUCCESS
remove_team: FAILURE
get_closest_player: SUCCESS, 38
get_team_points: SUCCESS, 2292
add_player: FAILURE
remove_team: FAILURE
play_match: FAILURE
play_match: FAILURE
add_team: FAILURE
get_team_points: SUCCESS, 3856
add_player: FAILURE
get_all_players_count: SUCCESS, 6
add_team: FAILURE
get_all_players: SUCCESS
179
116
71
9
33
25
146
125
160
45
update_player_stats: SUCCESS
get_top_scorer: SUCCESS, 175
add_player: FAILURE
remove_team: FAILURE
play_match: FAILURE
play_match: FAILURE
add_team: FAILURE
knockout_winner: INVALID_INPUT
knockout_winner: SUCCESS, 6
knockout_winner: INVALID_INPUT
knockout_winner: INVALID_INPUT
knockout_winner: INVALID_INPUT
add_player: FAILURE
add_team: FAILURE
get_top_scorer: SUCCESS, 6
knockout_winner: SUCCESS, 6
knockout_winner: SUCCESS, 6
knockout_winner: FAILURE
knockout_winner: FAILURE
knockout_winner: INVALID_INPUT
get_team_points: SUCCESS, 11848
remove_team: FAILURE
add_player: FAILURE
get_all_players_count: SUCCESS, 22
get_num_played_games: SUCCESS, 4396
add_team: FAILURE
play_match: FAILURE
get_top_scorer: SUCCESS, 59
get_team_points: SUCCESS, 3856
remove_player: SUCCESS
add_player: FAILURE
unite_teams: FAILURE
play_match: FAILURE
add_team: FAILURE
get_top_scorer: SUCCESS, 184
unite_teams: FAILURE
add_player: FAILURE
update_player_stats: SUCCESS
add_player: FAILURE
update_player_stats: SUCCESS
get_all_players: SUCCESS
166
139
41
113
168
117
83
remove_player: SUCCESS
update_player_stats: SUCCESS
get_all_players: SUCCESS
82
40
158
142
12
127
184
get_top_scorer: SUCCESS, 42
add_team: FAILURE
get_all_players: SUCCESS
38
164
77
44
172
18
53
8
141
103
183
35
48
60
32
66
150
101
163
42
get_all_players: SUCCESS
174
200
31
4
52
7
59
get_all_players_count: SUCCESS, 6
add_player: FAILURE
update_player_stats: SUCCESS
get_top_scorer: SUCCESS, 6
get_top_scorer: SUCCESS, 184
add_player: FAILURE
remove_team: FAILURE
get_all_players_count: SUCCESS, 13
get_closest_player: SUCCESS, 9
remove_player: SUCCESS
remove_player: SUCCESS
unite_teams: FAILURE
get_closest_player: SUCCESS, 35
get_top_scorer: SUCCESS, 184
play_match: FAILURE
unite_teams: FAILURE
remove_team: FAILURE
remove_team: FAILURE
get_num_played_games: SUCCESS, 3303
get_team_points: SUCCESS, 9532
get_closest_player: SUCCESS, 183
get_num_played_games: SUCCESS, 3421
get_top_scorer: SUCCESS, 83
play_match: FAILURE
knockout_winner: SUCCESS, 15
knockout_winner: SUCCESS, 15
knockout_winner: SUCCESS, 6
knockout_winner: FAILURE
knockout_winner: INVALID_INPUT
add_team: FAILURE
unite_teams: FAILURE
knockout_winner: INVALID_INPUT
knockout_winner: INVALID_INPUT
knockout_winner: INVALID_INPUT
knockout_winner: INVALID_INPUT
knockout_winner: INVALID_INPUT
add_team: FAILURE
get_all_players_count: SUCCESS, 10
get_closest_player: SUCCESS, 162
get_team_points: SUCCESS, 3856
remove_player: SUCCESS
get_all_players: SUCCESS
89
186
68
151
185
34
6
unite_teams: FAILURE
get_top_scorer: SUCCESS, 83
get_all_players_count: SUCCESS, 9
get_num_played_games: SUCCESS, 292
get_closest_player: SUCCESS, 156
add_player: FAILURE
remove_player: SUCCESS
get_all_players_count: SUCCESS, 7
add_team: FAILURE
get_all_players_count: SUCCESS, 6
get_top_scorer: SUCCESS, 145
add_player: FAILURE
get_team_points: SUCCESS, 5147
get_all_players: SUCCESS
112
110
14
188
159
98
74
197
111
get_all_players: SUCCESS
118
147
132
78
39
28
57
121
75
get_all_players_count: SUCCESS, 9
unite_teams: FAILURE
get_top_scorer: SUCCESS, 83
play_match: FAILURE
get_top_scorer: SUCCESS, 111
get_closest_player: SUCCESS, 38
get_team_points: SUCCESS, 9532
get_all_players_count: SUCCESS, 7
get_closest_player: SUCCESS, 67
add_player: FAILURE
remove_player: SUCCESS
remove_player: SUCCESS
get_all_players_count: SUCCESS, 5
add_player: FAILURE
get_closest_player: SUCCESS, 10
add_team: FAILURE
get_num_played_games: SUCCESS, 11031
remove_player: SUCCESS
get_closest_player: SUCCESS, 188
remove_team: FAILURE
add_player: FAILURE
knockout_winner: SUCCESS, 15
knockout_winner: SUCCESS, 15
knockout_winner: SUCCESS, 6
knockout_winner: FAILURE
knockout_winner: INVALID_INPUT
knockout_winner: SUCCESS, 15
knockout_winner: SUCCESS, 15
knockout_winner: SUCCESS, 15
knockout_winner: SUCCESS, 15
knockout_winner: SUCCESS, 15
get_team_points: SUCCESS, 10588
get_num_played_games: SUCCESS, 8664
get_team_points: SUCCESS, 31230
get_all_players_count: SUCCESS, 9
get_all_players_count: SUCCESS, 19
get_all_players_count: SUCCESS, 7
get_team_points: SUCCESS, 4873
get_num_played_games: SUCCESS, 12416
get_all_players: SUCCESS
174
200
31
4
52
7
59
get_closest_player: SUCCESS, 96
knockout_winner: INVALID_INPUT
knockout_winner: INVALID_INPUT
knockout_winner: INVALID_INPUT
knockout_winner: INVALID_INPUT
knockout_winner: INVALID_INPUT
remove_team: FAILURE
add_team: FAILURE
get_top_scorer: SUCCESS, 59
knockout_winner: FAILURE
knockout_winner: SUCCESS, 15
knockout_winner: SUCCESS, 15
knockout_winner: FAILURE
knockout_winner: INVALID_INPUT
get_top_scorer: SUCCESS, 45
update_player_stats: SUCCESS
remove_player: SUCCESS
get_top_scorer: SUCCESS, 6
add_team: FAILURE
unite_teams: FAILURE
get_all_players: SUCCESS
38
164
77
44
172
18
53
8
141
103
183
35
48
60
32
66
101
163
42
get_all_players: SUCCESS
166
139
41
113
168
117
83
get_top_scorer: SUCCESS, 45
update_player_stats: SUCCESS
get_closest_player: SUCCESS, 92
update_player_stats: SUCCESS
update_player_stats: SUCCESS
get_all_players_count: SUCCESS, 5
add_player: FAILURE
knockout_winner: FAILURE
knockout_winner: SUCCESS, 15
knockout_winner: SUCCESS, 6
knockout_winner: SUCCESS, 15
knockout_winner: INVALID_INPUT
unite_teams: FAILURE
get_top_scorer: SUCCESS, 10
get_all_players_count: SUCCESS, 5
get_closest_player: SUCCESS, 166
get_closest_player: SUCCESS, 123
remove_player: SUCCESS
get_all_players: SUCCESS
126
21
65
157
43
155
178
169
123
knockout_winner: INVALID_INPUT
knockout_winner: INVALID_INPUT
knockout_winner: INVALID_INPUT
knockout_winner: INVALID_INPUT
knockout_winner: INVALID_INPUT
get_num_played_games: SUCCESS, 723
play_match: INVALID_INPUT
get_top_scorer: SUCCESS, 83
remove_player: SUCCESS
knockout_winner: FAILURE
knockout_winner: SUCCESS, 15
knockout_winner: SUCCESS, 6
knockout_winner: SUCCESS, 15
knockout_winner: INVALID_INPUT
add_team: FAILURE
add_player: FAILURE
unite_teams: FAILURE
get_num_played_games: SUCCESS, 15293
play_match: FAILURE
get_top_scorer: SUCCESS, 59
unite_teams: SUCCESS
remove_team: FAILURE
get_all_players_count: SUCCESS, 7
remove_team: FAILURE
remove_team: FAILURE
add_player: FAILURE
add_player: FAILURE
add_team: FAILURE
remove_player: SUCCESS
get_team_points: SUCCESS, 5147
update_player_stats: SUCCESS
get_all_players_count: SUCCESS, 7
remove_player: SUCCESS
get_num_played_games: SUCCESS, 766
update_player_stats: SUCCESS
remove_player: SUCCESS
update_player_stats: SUCCESS
unite_teams: FAILURE
knockout_winner: FAILURE
knockout_winner: SUCCESS, 15
knockout_winner: FAILURE
knockout_winner: FAILURE
knockout_winner: INVALID_INPUT
play_match: FAILURE
get_closest_player: SUCCESS, 77
get_num_played_games: SUCCESS, 1106
get_all_players_count: SUCCESS, 21
unite_teams: FAILURE
get_all_players_count: SUCCESS, 8
add_player: FAILURE
get_top_scorer: SUCCESS, 45
play_match: FAILURE
remove_player: SUCCESS
get_closest_player: SUCCESS, 46
get_num_played_games: SUCCESS, 3369
remove_team: FAILURE
remove_team: FAILURE
add_team: FAILURE
knockout_winner: INVALID_INPUT
knockout_winner: FAILURE
knockout_winner: INVALID_INPUT
knockout_winner: INVALID_INPUT
knockout_winner: INVALID_INPUT
remove_team: FAILURE
get_num_played_games: SUCCESS, 12144
unite_teams: FAILURE
play_match: FAILURE
remove_player: SUCCESS
get_closest_player: SUCCESS, 11
get_team_points: SUCCESS, 3856
get_closest_player: SUCCESS, 131
unite_teams: FAILURE
play_match: FAILURE
update_player_stats: SUCCESS
get_team_points: SUCCESS, 5438
remove_player: SUCCESS
unite_teams: FAILURE
get_closest_player: SUCCESS, 45
get_all_players: SUCCESS
17
149
152
80
189
190
194
180
93
13
176
156
153
27
170
124
16
61
128
136
192
update_player_stats: SUCCESS
add_player: FAILURE
get_all_players: SUCCESS
38
164
77
44
172
18
53
8
141
103
35
48
60
32
66
101
183
163
42
unite_teams: FAILURE
add_team: FAILURE
get_top_scorer: SUCCESS, 83
update_player_stats: SUCCESS
remove_team: FAILURE
get_team_points: SUCCESS, 4873
unite_teams: FAILURE
unite_teams: SUCCESS
unite_teams: FAILURE
get_num_played_games: SUCCESS, 2315
knockout_winner: FAILURE
knockout_winner: INVALID_INPUT
knockout_winner: INVALID_INPUT
knockout_winner: SUCCESS, 7
knockout_winner: INVALID_INPUT
remove_player: SUCCESS
remove_player: SUCCESS
add_player: FAILURE
knockout_winner: FAILURE
knockout_winner: SUCCESS, 15
knockout_winner: FAILURE
knockout_winner: FAILURE
knockout_winner: INVALID_INPUT
get_all_players_count: SUCCESS, 8
add_team: FAILURE
add_player: FAILURE
add_team: FAILURE
get_closest_player: SUCCESS, 147
get_num_played_games: SUCCESS, 12416
update_player_stats: SUCCESS
get_all_players_count: SUCCESS, 7
knockout_winner: SUCCESS, 6
knockout_winner: INVALID_INPUT
knockout_winner: INVALID_INPUT
knockout_winner: SUCCESS, 7
knockout_winner: INVALID_INPUT
get_num_played_games: SUCCESS, 3303
get_num_played_games: SUCCESS, 1755
remove_player: SUCCESS
get_all_players_count: SUCCESS, 21
get_all_players_count: SUCCESS, 8
remove_player: SUCCESS
add_team: FAILURE
play_match: SUCCESS
get_top_scorer: SUCCESS, 96
add_player: FAILURE
add_player: FAILURE
remove_team: FAILURE
get_num_played_games: SUCCESS, 3977
get_top_scorer: SUCCESS, 83
add_team: FAILURE
get_all_players_count: SUCCESS, 6
get_team_points: SUCCESS, 3268
get_top_scorer: SUCCESS, 59
knockout_winner: SUCCESS, 15
knockout_winner: SUCCESS, 6
knockout_winner: SUCCESS, 6
knockout_winner: SUCCESS, 15
knockout_winner: INVALID_INPUT
remove_player: SUCCESS
get_top_scorer: SUCCESS, 45
play_match: FAILURE
update_player_stats: SUCCESS
play_match: FAILURE
update_player_stats: SUCCESS
get_num_played_games: SUCCESS, 16807
add_team: FAILURE
get_all_players_count: SUCCESS, 7
get_top_scorer: SUCCESS, 175
get_team_points: SUCCESS, 11619
add_player: FAILURE
get_top_scorer: SUCCESS, 59
get_num_played_games: SUCCESS, 767
knockout_winner: SUCCESS, 15
knockout_winner: SUCCESS, 6
knockout_winner: SUCCESS, 6
knockout_winner: SUCCESS, 15
knockout_winner: SUCCESS, 14
get_team_points: SUCCESS, 3856
update_player_stats: SUCCESS
add_player: FAILURE
add_player: FAILURE
update_player_stats: SUCCESS
get_top_scorer: SUCCESS, 63
get_all_players_count: SUCCESS, 6
get_all_players: SUCCESS
82
40
158
142
12
127
knockout_winner: INVALID_INPUT
knockout_winner: SUCCESS, 15
knockout_winner: INVALID_INPUT
knockout_winner: INVALID_INPUT
knockout_winner: INVALID_INPUT
remove_player: SUCCESS
get_all_players: SUCCESS
166
139
113
168
117
41
83
get_top_scorer: SUCCESS, 192
get_team_points: SUCCESS, 3856
remove_player: SUCCESS
update_player_stats: SUCCESS
add_team: FAILURE
unite_teams: FAILURE
get_all_players_count: SUCCESS, 13
get_num_played_games: SUCCESS, 9727
remove_team: FAILURE
remove_team: FAILURE
unite_teams: SUCCESS
get_top_scorer: SUCCESS, 145
remove_player: SUCCESS
update_player_stats: SUCCESS
get_all_players: SUCCESS
166
139
113
168
117
41
83
update_player_stats: SUCCESS
add_player: FAILURE
add_team: FAILURE
add_player: FAILURE
update_player_stats: SUCCESS
get_all_players: SUCCESS
17
149
152
80
189
190
194
180
93
13
176
156
153
27
170
124
16
61
128
136
192
get_top_scorer: SUCCESS, 45
remove_player: SUCCESS
get_num_played_games: SUCCESS, 6228
remove_player: SUCCESS
add_player: FAILURE
get_closest_player: SUCCESS, 132
add_player: FAILURE
remove_player: SUCCESS
get_all_players_count: SUCCESS, 12
remove_team: FAILURE
update_player_stats: SUCCESS
get_all_players: SUCCESS
116
9
25
146
125
45
add_player: FAILURE
get_all_players: SUCCESS
164
77
172
18
53
8
2
46
141
11
103
35
48
60
32
66
101
183
163
42
38
104
145
get_all_players: SUCCESS
166
139
113
168
117
41
83
knockout_winner: SUCCESS, 6
knockout_winner: SUCCESS, 6
knockout_winner: SUCCESS, 6
knockout_winner: SUCCESS, 15
knockout_winner: INVALID_INPUT
add_player: FAILURE
remove_player: SUCCESS
remove_player: SUCCESS
get_all_players_count: SUCCESS, 7
get_num_played_games: SUCCESS, 11016
add_team: FAILURE
get_all_players_count: SUCCESS, 12
play_match: FAILURE
remove_team: FAILURE
get_team_points: SUCCESS, 5147
get_closest_player: SUCCESS, 38
knockout_winner: SUCCESS, 6
knockout_winner: INVALID_INPUT
knockout_winner: INVALID_INPUT
knockout_winner: SUCCESS, 7
knockout_winner: SUCCESS, 7
remove_team: FAILURE
get_all_players_count: SUCCESS, 7
add_player: FAILURE
add_player: FAILURE
add_team: FAILURE
remove_player: SUCCESS
update_player_stats: SUCCESS
get_num_played_games: SUCCESS, 2315
update_player_stats: SUCCESS
get_all_players_count: SUCCESS, 20
remove_team: FAILURE
unite_teams: SUCCESS
remove_player: SUCCESS
add_player: FAILURE
remove_team: FAILURE
get_all_players_count: SUCCESS, 5
add_team: FAILURE
get_top_scorer: SUCCESS, 45
get_all_players: SUCCESS
106
87
108
177
30
26
88
138
167
102
199
remove_player: SUCCESS
add_player: FAILURE
get_all_players_count: SUCCESS, 6
get_all_players_count: SUCCESS, 9
knockout_winner: INVALID_INPUT
knockout_winner: SUCCESS, 15
knockout_winner: INVALID_INPUT
knockout_winner: INVALID_INPUT
knockout_winner: INVALID_INPUT
unite_teams: SUCCESS
unite_teams: FAILURE
unite_teams: SUCCESS
remove_player: SUCCESS
play_match: FAILURE
knockout_winner: INVALID_INPUT
knockout_winner: SUCCESS, 9
knockout_winner: INVALID_INPUT
knockout_winner: INVALID_INPUT
knockout_winner: INVALID_INPUT
knockout_winner: SUCCESS, 6
knockout_winner: SUCCESS, 9
knockout_winner: FAILURE
knockout_winner: FAILURE
knockout_winner: INVALID_INPUT
remove_player: SUCCESS
get_top_scorer: SUCCESS, 83
get_all_players_count: SUCCESS, 36
unite_teams: FAILURE
add_player: FAILURE
add_player: FAILURE
add_team: FAILURE
get_all_players: SUCCESS
114
92
70
182
76
remove_player: SUCCESS
remove_team: FAILURE
unite_teams: FAILURE
unite_teams: FAILURE
remove_player: SUCCESS
add_player: FAILURE
unite_teams: FAILURE
get_all_players: SUCCESS
40
158
142
12
127
get_team_points: SUCCESS, 9294
get_closest_player: SUCCESS, 66
knockout_winner: SUCCESS, 6
knockout_winner: SUCCESS, 9
knockout_winner: FAILURE
knockout_winner: FAILURE
knockout_winner: INVALID_INPUT
get_all_players: SUCCESS
40
158
142
12
127
get_team_points: SUCCESS, 16194
remove_player: SUCCESS
knockout_winner: INVALID_INPUT
knockout_winner: SUCCESS, 9
knockout_winner: INVALID_INPUT
knockout_winner: INVALID_INPUT
knockout_winner: INVALID_INPUT
get_num_played_games: SUCCESS, 9647
remove_team: FAILURE
update_player_stats: SUCCESS
get_num_played_games: SUCCESS, 13778
add_team: FAILURE
update_player_stats: SUCCESS
play_match: FAILURE
add_player: FAILURE
get_all_players_count: SUCCESS, 5
play_match: FAILURE
add_player: FAILURE
add_player: FAILURE
remove_player: SUCCESS
knockout_winner: FAILURE
knockout_winner: SUCCESS, 9
knockout_winner: FAILURE
knockout_winner: SUCCESS, 17
knockout_winner: INVALID_INPUT
unite_teams: SUCCESS
get_all_players: SUCCESS
112
131
47
110
14
107
188
79
159
63
get_closest_player: SUCCESS, 159
add_player: FAILURE
remove_player: SUCCESS
get_closest_player: SUCCESS, 199
get_closest_player: SUCCESS, 149
play_match: FAILURE
remove_player: SUCCESS
get_all_players: SUCCESS
114
92
70
182
76
get_team_points: SUCCESS, 2292
get_num_played_games: SUCCESS, 11879
play_match: FAILURE
play_match: FAILURE
get_all_players_count: SUCCESS, 19
remove_team: FAILURE
get_top_scorer: SUCCESS, 127
add_team: FAILURE
add_team: FAILURE
unite_teams: FAILURE
update_player_stats: SUCCESS
update_player_stats: SUCCESS
remove_player: SUCCESS
remove_player: SUCCESS
remove_player: SUCCESS
remove_player: SUCCESS
remove_player: SUCCESS
remove_player: SUCCESS
remove_player: SUCCESS
remove_player: SUCCESS
remove_player: SUCCESS
remove_player: SUCCESS
remove_player: SUCCESS
remove_player: SUCCESS
remove_player: SUCCESS
remove_player: SUCCESS
remove_player: SUCCESS
remove_player: SUCCESS
remove_player: SUCCESS
remove_player: SUCCESS
remove_player: SUCCESS
remove_player: SUCCESS
remove_player: SUCCESS
remove_player: SUCCESS
remove_player: SUCCESS
remove_player: SUCCESS
remove_player: SUCCESS
remove_player: SUCCESS
remove_player: SUCCESS
remove_player: SUCCESS
remove_player: SUCCESS
remove_player: SUCCESS
remove_player: SUCCESS
remove_player: SUCCESS
remove_player: SUCCESS
remove_player: SUCCESS
remove_player: SUCCESS
remove_player: SUCCESS
remove_player: SUCCESS
remove_player: SUCCESS
remove_player: SUCCESS
remove_player: SUCCESS
remove_player: SUCCESS
remove_player: SUCCESS
remove_player: SUCCESS
remove_player: SUCCESS
remove_player: SUCCESS
remove_player: SUCCESS
remove_player: SUCCESS
remove_player: SUCCESS
remove_player: SUCCESS
remove_player: SUCCESS
remove_player: SUCCESS
remove_player: SUCCESS
remove_player: SUCCESS
remove_player: SUCCESS
remove_player: SUCCESS
remove_player: SUCCESS
remove_player: SUCCESS
remove_player: SUCCESS
remove_player: SUCCESS
remove_player: SUCCESS
remove_player: SUCCESS
remove_player: SUCCESS
remove_player: SUCCESS
remove_player: SUCCESS
remove_player: SUCCESS
remove_player: SUCCESS
remove_player: SUCCESS
remove_player: SUCCESS
remove_player: SUCCESS
remove_player: SUCCESS
remove_player: SUCCESS
remove_player: SUCCESS
remove_player: SUCCESS
remove_player: SUCCESS
remove_player: SUCCESS
remove_player: SUCCESS
remove_player: SUCCESS
remove_player: SUCCESS
remove_player: SUCCESS
remove_player: SUCCESS
remove_player: SUCCESS
remove_player: SUCCESS
remove_player: SUCCESS
remove_player: SUCCESS
remove_player: SUCCESS
remove_player: SUCCESS
remove_player: SUCCESS
remove_player: SUCCESS
remove_player: SUCCESS
remove_player: SUCCESS
remove_player: SUCCESS
remove_player: SUCCESS
remove_player: SUCCESS
remove_player: SUCCESS
remove_player: SUCCESS
remove_player: SUCCESS
remove_player: SUCCESS
remove_player: SUCCESS
remove_player: SUCCESS
remove_player: SUCCESS
remove_player: SUCCESS
remove_player: SUCCESS
remove_player: SUCCESS
remove_player: SUCCESS
remove_player: SUCCESS
remove_player: SUCCESS
remove_player: SUCCESS
remove_player: SUCCESS
remove_player: SUCCESS
remove_player: SUCCESS
remove_player: SUCCESS
remove_player: SUCCESS
remove_player: SUCCESS
remove_player: SUCCESS
remove_player: SUCCESS
remove_player: SUCCESS
remove_team: SUCCESS
remove_team: SUCCESS
remove_team: SUCCESS
remove_team: SUCCESS
remove_team: SUCCESS
remove_team: SUCCESS
remove_team: SUCCESS
remove_team: SUCCESS
remove_team: SUCCESS
