add_team: SUCCESS
add_team: SUCCESS
add_team: SUCCESS
add_team: SUCCESS
add_team: SUCCESS
add_team: SUCCESS
add_team: SUCCESS
add_team: SUCCESS
add_team: SUCCESS
add_team: SUCCESS
add_team: SUCCESS
add_team: SUCCESS
add_team: SUCCESS
add_team: SUCCESS
add_team: SUCCESS
add_team: SUCCESS
add_team: SUCCESS
add_team: SUCCESS
add_team: SUCCESS
add_team: SUCCESS
add_player: SUCCESS
add_player: SUCCESS
add_player: SUCCESS
add_player: SUCCESS
add_player: SUCCESS
add_player: SUCCESS
add_player: SUCCESS
add_player: SUCCESS
add_player: SUCCESS
add_player: SUCCESS
add_player: SUCCESS
add_player: SUCCESS
add_player: SUCCESS
add_player: SUCCESS
add_player: SUCCESS
add_player: SUCCESS
add_player: SUCCESS
add_player: SUCCESS
add_player: SUCCESS
add_player: SUCCESS
add_player: SUCCESS
add_player: SUCCESS
add_player: SUCCESS
add_player: SUCCESS
add_player: SUCCESS
add_player: SUCCESS
add_player: SUCCESS
add_player: SUCCESS
add_player: SUCCESS
add_player: SUCCESS
add_player: SUCCESS
add_player: SUCCESS
add_player: SUCCESS
add_player: SUCCESS
add_player: SUCCESS
add_player: SUCCESS
add_player: SUCCESS
add_player: SUCCESS
add_player: SUCCESS
add_player: SUCCESS
add_player: SUCCESS
add_player: SUCCESS
add_player: SUCCESS
add_player: SUCCESS
add_player: SUCCESS
add_player: SUCCESS
add_player: SUCCESS
add_player: SUCCESS
add_player: SUCCESS
add_player: SUCCESS
add_player: SUCCESS
add_player: SUCCESS
add_player: SUCCESS
add_player: SUCCESS
add_player: SUCCESS
add_player: SUCCESS
add_player: SUCCESS
add_player: SUCCESS
add_player: SUCCESS
add_player: SUCCESS
add_player: SUCCESS
add_player: SUCCESS
add_player: SUCCESS
add_player: SUCCESS
add_player: SUCCESS
add_player: SUCCESS
add_player: SUCCESS
add_player: SUCCESS
add_player: SUCCESS
add_player: SUCCESS
add_player: SUCCESS
add_player: SUCCESS
add_player: SUCCESS
add_player: SUCCESS
add_player: SUCCESS
add_player: SUCCESS
add_player: SUCCESS
add_player: SUCCESS
add_player: SUCCESS
add_player: SUCCESS
add_player: SUCCESS
add_player: SUCCESS
add_player: SUCCESS
add_player: SUCCESS
add_player: SUCCESS
add_player: SUCCESS
add_player: SUCCESS
add_player: SUCCESS
add_player: SUCCESS
add_player: SUCCESS
add_player: SUCCESS
add_player: SUCCESS
add_player: SUCCESS
add_player: SUCCESS
add_player: SUCCESS
add_player: SUCCESS
add_player: SUCCESS
add_player: SUCCESS
add_player: SUCCESS
add_player: SUCCESS
add_player: SUCCESS
add_player: SUCCESS
add_player: SUCCESS
add_player: SUCCESS
add_player: SUCCESS
add_player: SUCCESS
add_player: SUCCESS
add_player: SUCCESS
add_player: SUCCESS
add_player: SUCCESS
add_player: SUCCESS
add_player: SUCCESS
add_player: SUCCESS
add_player: SUCCESS
add_player: SUCCESS
add_player: SUCCESS
add_player: SUCCESS
add_player: SUCCESS
add_player: SUCCESS
add_player: SUCCESS
add_player: SUCCESS
add_player: SUCCESS
add_player: SUCCESS
add_player: SUCCESS
add_player: SUCCESS
add_player: SUCCESS
add_player: SUCCESS
add_player: SUCCESS
add_player: SUCCESS
add_player: SUCCESS
add_player: SUCCESS
add_player: SUCCESS
add_player: SUCCESS
add_player: SUCCESS
add_player: SUCCESS
add_player: SUCCESS
add_player: SUCCESS
add_player: SUCCESS
add_player: SUCCESS
add_player: SUCCESS
add_player: SUCCESS
add_player: SUCCESS
add_player: SUCCESS
add_player: SUCCESS
add_player: SUCCESS
add_player: SUCCESS
add_player: SUCCESS
add_player: SUCCESS
add_player: SUCCESS
add_player: SUCCESS
add_player: SUCCESS
add_player: SUCCESS
add_player: SUCCESS
add_player: SUCCESS
add_player: SUCCESS
add_player: SUCCESS
add_player: SUCCESS
add_player: SUCCESS
add_player: SUCCESS
add_player: SUCCESS
add_player: SUCCESS
add_player: SUCCESS
add_player: SUCCESS
add_player: SUCCESS
add_player: SUCCESS
add_player: SUCCESS
add_player: SUCCESS
add_player: SUCCESS
add_player: SUCCESS
add_player: SUCCESS
add_player: SUCCESS
add_player: SUCCESS
add_player: SUCCESS
add_player: SUCCESS
add_player: SUCCESS
add_player: SUCCESS
add_player: SUCCESS
add_player: SUCCESS
add_player: SUCCESS
add_player: SUCCESS
add_player: SUCCESS
add_player: SUCCESS
add_player: SUCCESS
add_player: SUCCESS
add_player: SUCCESS
add_player: SUCCESS
add_player: SUCCESS
add_player: SUCCESS
add_player: SUCCESS
add_player: SUCCESS
add_player: SUCCESS
add_player: SUCCESS
add_player: SUCCESS
add_player: SUCCESS
add_player: SUCCESS
add_player: SUCCESS
add_player: SUCCESS
add_player: SUCCESS
add_player: SUCCESS
add_player: SUCCESS
remove_player: SUCCESS
get_num_played_games: SUCCESS, 1899
get_team_points: SUCCESS, 3559
get_team_points: SUCCESS, 11002
get_top_scorer: SUCCESS, 197
knockout_winner: FAILURE
get_num_played_games: SUCCESS, 7369
get_all_players_count: SUCCESS, 11
play_match: FAILURE
play_match: FAILURE
remove_player: SUCCESS
remove_player: SUCCESS
get_all_players_count: SUCCESS, 7
get_all_players_count: SUCCESS, 9
get_top_scorer: SUCCESS, 83
get_closest_player: SUCCESS, 129
get_all_players: SUCCESS
193
130
87
2
88
51
20
119
197
get_team_points: SUCCESS, 11002
get_num_played_games: SUCCESS, 3442
get_top_scorer: SUCCESS, 44
remove_team: FAILURE
add_player: FAILURE
get_top_scorer: SUCCESS, 150
get_closest_player: SUCCESS, 159
get_num_played_games: SUCCESS, 1938
remove_player: SUCCESS
get_num_played_games: SUCCESS, 11499
get_team_points: SUCCESS, 8678
update_player_stats: SUCCESS
remove_team: FAILURE
get_team_points: SUCCESS, 12172
play_match: FAILURE
get_team_points: SUCCESS, 11854
get_team_points: SUCCESS, 11583
get_top_scorer: SUCCESS, 10
add_team: FAILURE
remove_team: FAILURE
get_team_points: SUCCESS, 9906
get_num_played_games: SUCCESS, 572
remove_team: FAILURE
get_all_players_count: SUCCESS, 10
get_closest_player: SUCCESS, 3
get_closest_player: SUCCESS, 116
remove_player: SUCCESS
add_player: FAILURE
get_all_players_count: SUCCESS, 11
add_player: FAILURE
remove_player: SUCCESS
update_player_stats: SUCCESS
add_team: FAILURE
knockout_winner: FAILURE
unite_teams: SUCCESS
add_team: FAILURE
get_all_players: SUCCESS
181
15
128
190
40
194
126
66
knockout_winner: SUCCESS, 7
get_team_points: SUCCESS, 12831
update_player_stats: SUCCESS
play_match: SUCCESS
get_num_played_games: SUCCESS, 9308
add_player: FAILURE
remove_player: SUCCESS
get_team_points: SUCCESS, 12041
add_player: FAILURE
remove_player: SUCCESS
remove_player: SUCCESS
get_num_played_games: SUCCESS, 3578
add_player: FAILURE
get_closest_player: SUCCESS, 73
remove_player: SUCCESS
remove_player: SUCCESS
get_team_points: SUCCESS, 11854
get_all_players: SUCCESS
180
31
156
125
100
17
27
121
38
9
133
134
122
39
36
5
174
add_team: FAILURE
add_player: FAILURE
get_top_scorer: SUCCESS, 164
play_match: FAILURE
get_all_players_count: SUCCESS, 10
get_closest_player: SUCCESS, 111
get_num_played_games: SUCCESS, 1365
get_top_scorer: SUCCESS, 66
unite_teams: FAILURE
knockout_winner: SUCCESS, 7
get_all_players_count: SUCCESS, 15
remove_player: SUCCESS
update_player_stats: SUCCESS
add_team: FAILURE
get_all_players_count: SUCCESS, 8
remove_player: SUCCESS
update_player_stats: SUCCESS
add_player: FAILURE
unite_teams: FAILURE
play_match: FAILURE
get_closest_player: SUCCESS, 40
play_match: FAILURE
knockout_winner: SUCCESS, 7
unite_teams: FAILURE
unite_teams: FAILURE
add_team: FAILURE
get_closest_player: SUCCESS, 96
get_all_players: SUCCESS
181
15
128
190
40
194
126
66
add_team: FAILURE
update_player_stats: SUCCESS
remove_team: FAILURE
update_player_stats: SUCCESS
remove_player: SUCCESS
remove_player: SUCCESS
remove_team: FAILURE
update_player_stats: SUCCESS
get_all_players: SUCCESS
12
49
149
74
165
151
24
117
21
127
91
113
29
62
44
add_team: FAILURE
get_closest_player: SUCCESS, 157
get_all_players: SUCCESS
59
161
179
23
163
82
47
160
182
55
137
158
104
get_all_players: SUCCESS
77
43
96
25
171
148
120
3
101
150
124
knockout_winner: SUCCESS, 2
remove_player: SUCCESS
play_match: FAILURE
add_team: FAILURE
get_closest_player: SUCCESS, 88
get_closest_player: SUCCESS, 84
knockout_winner: SUCCESS, 7
remove_player: SUCCESS
get_team_points: SUCCESS, 11002
add_player: FAILURE
get_closest_player: SUCCESS, 153
get_all_players: SUCCESS
181
15
128
190
40
194
126
66
remove_player: SUCCESS
play_match: INVALID_INPUT
get_all_players_count: SUCCESS, 7
remove_team: FAILURE
knockout_winner: FAILURE
unite_teams: INVALID_INPUT
unite_teams: FAILURE
play_match: FAILURE
get_all_players: SUCCESS
42
53
169
178
198
72
10
get_team_points: SUCCESS, 138
get_all_players: SUCCESS
147
155
118
145
41
152
33
add_player: FAILURE
get_all_players: SUCCESS
191
81
18
80
184
123
95
199
168
remove_player: SUCCESS
remove_player: SUCCESS
add_team: FAILURE
add_team: FAILURE
get_num_played_games: SUCCESS, 2062
get_top_scorer: SUCCESS, 10
knockout_winner: FAILURE
knockout_winner: SUCCESS, 11
get_num_played_games: SUCCESS, 10221
get_team_points: SUCCESS, 12041
knockout_winner: SUCCESS, 1
remove_player: SUCCESS
add_player: FAILURE
play_match: FAILURE
remove_player: SUCCESS
unite_teams: FAILURE
unite_teams: FAILURE
remove_team: FAILURE
get_top_scorer: SUCCESS, 174
add_player: FAILURE
get_all_players: SUCCESS
177
167
69
186
141
99
108
188
get_all_players_count: SUCCESS, 5
get_team_points: SUCCESS, 377
update_player_stats: SUCCESS
update_player_stats: SUCCESS
update_player_stats: SUCCESS
get_team_points: SUCCESS, 827
get_team_points: SUCCESS, 4036
remove_player: SUCCESS
remove_team: FAILURE
get_top_scorer: SUCCESS, 64
update_player_stats: SUCCESS
remove_team: FAILURE
get_all_players: SUCCESS
107
90
129
157
64
get_num_played_games: SUCCESS, 6306
add_team: FAILURE
get_closest_player: SUCCESS, 36
get_top_scorer: SUCCESS, 44
get_closest_player: SUCCESS, 57
play_match: FAILURE
knockout_winner: SUCCESS, 2
add_player: FAILURE
add_player: FAILURE
knockout_winner: FAILURE
get_all_players_count: SUCCESS, 6
get_all_players: SUCCESS
177
167
69
186
141
99
108
188
get_team_points: SUCCESS, 9034
unite_teams: SUCCESS
add_team: FAILURE
get_top_scorer: SUCCESS, 10
get_top_scorer: SUCCESS, 104
remove_player: SUCCESS
remove_team: FAILURE
get_num_played_games: SUCCESS, 1938
get_all_players_count: SUCCESS, 17
add_team: FAILURE
get_all_players_count: SUCCESS, 5
unite_teams: FAILURE
get_team_points: SUCCESS, 2875
play_match: FAILURE
remove_player: SUCCESS
remove_team: FAILURE
remove_team: FAILURE
update_player_stats: SUCCESS
knockout_winner: FAILURE
add_player: FAILURE
add_player: FAILURE
get_top_scorer: SUCCESS, 64
get_closest_player: SUCCESS, 176
unite_teams: FAILURE
knockout_winner: INVALID_INPUT
unite_teams: FAILURE
update_player_stats: SUCCESS
update_player_stats: SUCCESS
play_match: FAILURE
update_player_stats: SUCCESS
get_closest_player: SUCCESS, 98
get_all_players_count: SUCCESS, 14
play_match: FAILURE
add_player: FAILURE
update_player_stats: SUCCESS
add_team: FAILURE
get_num_played_games: SUCCESS, 4743
get_team_points: SUCCESS, 7772
get_top_scorer: SUCCESS, 104
get_top_scorer: SUCCESS, 44
get_all_players: SUCCESS
139
78
144
166
45
13
knockout_winner: SUCCESS, 13
get_all_players_count: SUCCESS, 17
add_player: FAILURE
remove_player: SUCCESS
add_player: FAILURE
knockout_winner: SUCCESS, 7
unite_teams: FAILURE
knockout_winner: SUCCESS, 13
get_team_points: SUCCESS, 138
add_player: FAILURE
play_match: FAILURE
get_closest_player: SUCCESS, 186
get_all_players: SUCCESS
73
183
16
103
1
110
111
189
14
106
173
get_all_players: SUCCESS
46
6
153
115
52
68
71
196
98
109
get_all_players: SUCCESS
193
130
87
20
119
197
2
88
get_team_points: SUCCESS, 8764
get_closest_player: SUCCESS, 7
get_team_points: SUCCESS, 7772
get_team_points: SUCCESS, 11854
remove_player: SUCCESS
get_num_played_games: SUCCESS, 5357
remove_team: FAILURE
add_team: FAILURE
get_closest_player: SUCCESS, 20
add_team: FAILURE
remove_team: FAILURE
remove_team: FAILURE
remove_team: FAILURE
unite_teams: FAILURE
knockout_winner: FAILURE
get_num_played_games: SUCCESS, 3353
get_team_points: SUCCESS, 11854
add_team: FAILURE
add_team: FAILURE
get_all_players_count: SUCCESS, 11
get_all_players: SUCCESS
139
78
144
166
45
13
add_team: FAILURE
get_all_players_count: SUCCESS, 5
get_team_points: SUCCESS, 3740
get_num_played_games: SUCCESS, 1365
remove_team: FAILURE
get_closest_player: SUCCESS, 197
knockout_winner: SUCCESS, 7
add_player: FAILURE
get_all_players_count: SUCCESS, 11
remove_player: SUCCESS
get_all_players_count: SUCCESS, 14
add_player: FAILURE
knockout_winner: INVALID_INPUT
get_num_played_games: SUCCESS, 10828
unite_teams: FAILURE
get_team_points: SUCCESS, 3585
update_player_stats: SUCCESS
play_match: FAILURE
remove_team: FAILURE
get_all_players: SUCCESS
56
112
162
19
86
79
159
26
94
172
get_all_players: SUCCESS
193
130
87
20
119
197
2
88
update_player_stats: SUCCESS
remove_team: FAILURE
get_num_played_games: SUCCESS, 9107
play_match: FAILURE
knockout_winner: FAILURE
remove_team: FAILURE
get_team_points: SUCCESS, 11854
play_match: FAILURE
update_player_stats: SUCCESS
remove_player: SUCCESS
remove_player: SUCCESS
get_num_played_games: SUCCESS, 9107
add_player: FAILURE
play_match: INVALID_INPUT
remove_team: FAILURE
get_team_points: SUCCESS, 3585
remove_team: FAILURE
remove_team: FAILURE
get_top_scorer: SUCCESS, 188
get_all_players: SUCCESS
46
6
153
115
52
68
71
196
98
109
knockout_winner: SUCCESS, 4
remove_player: SUCCESS
remove_player: SUCCESS
get_closest_player: SUCCESS, 74
play_match: FAILURE
get_all_players: SUCCESS
54
34
65
138
97
140
50
57
154
135
58
4
164
remove_team: FAILURE
get_closest_player: SUCCESS, 57
get_all_players_count: SUCCESS, 6
get_team_points: SUCCESS, 3585
remove_team: FAILURE
get_top_scorer: SUCCESS, 104
get_team_points: SUCCESS, 11002
remove_player: SUCCESS
knockout_winner: SUCCESS, 12
get_closest_player: SUCCESS, 9
add_team: FAILURE
get_num_played_games: SUCCESS, 3918
add_player: FAILURE
get_closest_player: SUCCESS, 42
play_match: FAILURE
add_player: FAILURE
add_team: FAILURE
get_all_players: SUCCESS
77
43
96
25
171
148
3
101
150
124
update_player_stats: SUCCESS
update_player_stats: SUCCESS
get_num_played_games: SUCCESS, 2519
remove_team: FAILURE
remove_team: FAILURE
remove_team: FAILURE
knockout_winner: SUCCESS, 4
update_player_stats: SUCCESS
get_top_scorer: SUCCESS, 104
update_player_stats: SUCCESS
play_match: FAILURE
update_player_stats: SUCCESS
knockout_winner: SUCCESS, 13
get_top_scorer: SUCCESS, 76
play_match: FAILURE
get_num_played_games: SUCCESS, 3742
remove_player: SUCCESS
get_top_scorer: SUCCESS, 76
unite_teams: FAILURE
add_player: FAILURE
remove_team: FAILURE
get_closest_player: SUCCESS, 189
get_closest_player: SUCCESS, 145
get_all_players: SUCCESS
112
162
19
56
86
79
159
26
94
172
get_all_players: SUCCESS
139
78
144
166
45
13
knockout_winner: INVALID_INPUT
play_match: FAILURE
get_top_scorer: SUCCESS, 109
update_player_stats: SUCCESS
remove_player: SUCCESS
get_team_points: SUCCESS, 11583
get_all_players_count: SUCCESS, 7
get_team_points: SUCCESS, 11002
get_closest_player: SUCCESS, 18
update_player_stats: SUCCESS
remove_team: FAILURE
knockout_winner: FAILURE
get_closest_player: SUCCESS, 73
add_team: FAILURE
get_closest_player: SUCCESS, 97
get_closest_player: SUCCESS, 30
get_top_scorer: SUCCESS, 28
get_all_players: SUCCESS
193
87
119
197
20
88
2
add_player: FAILURE
update_player_stats: SUCCESS
remove_player: SUCCESS
knockout_winner: SUCCESS, 13
get_closest_player: SUCCESS, 140
remove_team: FAILURE
get_closest_player: SUCCESS, 10
update_player_stats: SUCCESS
get_top_scorer: SUCCESS, 109
remove_player: SUCCESS
get_num_played_games: SUCCESS, 9454
get_team_points: SUCCESS, 9906
get_num_played_games: SUCCESS, 2842
get_all_players: SUCCESS
112
162
19
56
86
79
159
26
94
172
get_num_played_games: SUCCESS, 2938
add_player: FAILURE
knockout_winner: INVALID_INPUT
knockout_winner: SUCCESS, 7
get_closest_player: SUCCESS, 168
add_player: FAILURE
remove_player: SUCCESS
get_top_scorer: SUCCESS, 66
get_num_played_games: SUCCESS, 10545
get_top_scorer: SUCCESS, 28
add_player: FAILURE
remove_team: FAILURE
update_player_stats: SUCCESS
get_closest_player: SUCCESS, 160
add_player: FAILURE
get_num_played_games: SUCCESS, 12302
play_match: FAILURE
add_team: FAILURE
get_num_played_games: SUCCESS, 8103
play_match: FAILURE
play_match: FAILURE
get_team_points: SUCCESS, 7772
get_num_played_games: SUCCESS, 524
remove_player: SUCCESS
get_num_played_games: SUCCESS, 12702
remove_team: FAILURE
get_all_players_count: SUCCESS, 16
get_all_players_count: SUCCESS, 14
get_all_players: SUCCESS
177
167
186
141
99
108
188
get_all_players: SUCCESS
77
43
96
25
171
148
3
101
150
124
get_all_players: SUCCESS
155
118
145
41
33
update_player_stats: SUCCESS
get_all_players_count: SUCCESS, 10
update_player_stats: SUCCESS
get_num_played_games: SUCCESS, 15035
get_all_players_count: SUCCESS, 9
add_player: FAILURE
knockout_winner: FAILURE
get_top_scorer: SUCCESS, 2
add_player: FAILURE
get_all_players: SUCCESS
180
31
125
100
17
27
121
38
9
133
134
39
36
5
122
174
get_closest_player: SUCCESS, 20
get_top_scorer: SUCCESS, 188
knockout_winner: SUCCESS, 7
get_closest_player: SUCCESS, 64
get_closest_player: SUCCESS, 121
play_match: FAILURE
unite_teams: SUCCESS
add_player: FAILURE
add_player: FAILURE
add_player: FAILURE
remove_player: SUCCESS
remove_team: FAILURE
get_team_points: SUCCESS, 9034
add_player: FAILURE
knockout_winner: FAILURE
get_all_players_count: SUCCESS, 5
get_all_players: SUCCESS
12
49
149
74
165
151
117
21
127
91
113
29
62
44
knockout_winner: SUCCESS, 4
remove_team: FAILURE
get_closest_player: SUCCESS, 200
unite_teams: FAILURE
update_player_stats: SUCCESS
get_all_players_count: SUCCESS, 14
knockout_winner: SUCCESS, 2
get_team_points: SUCCESS, 9034
get_closest_player: SUCCESS, 80
get_team_points: SUCCESS, 11583
add_player: FAILURE
get_team_points: SUCCESS, 383
play_match: FAILURE
update_player_stats: SUCCESS
play_match: FAILURE
get_all_players: SUCCESS
139
169
178
198
78
72
144
166
10
53
remove_player: SUCCESS
knockout_winner: FAILURE
get_num_played_games: SUCCESS, 6672
knockout_winner: SUCCESS, 7
get_top_scorer: SUCCESS, 173
get_team_points: SUCCESS, 9906
remove_team: FAILURE
add_player: FAILURE
remove_team: FAILURE
get_all_players: SUCCESS
15
190
40
194
126
66
remove_team: FAILURE
get_closest_player: SUCCESS, 76
play_match: FAILURE
update_player_stats: SUCCESS
get_closest_player: SUCCESS, 190
get_all_players: SUCCESS
107
90
129
157
64
get_num_played_games: SUCCESS, 8959
get_all_players_count: SUCCESS, 12
remove_team: FAILURE
get_all_players_count: SUCCESS, 9
unite_teams: FAILURE
remove_player: SUCCESS
update_player_stats: SUCCESS
get_closest_player: SUCCESS, 123
play_match: FAILURE
get_all_players_count: SUCCESS, 10
unite_teams: SUCCESS
remove_player: SUCCESS
update_player_stats: SUCCESS
add_team: FAILURE
get_closest_player: SUCCESS, 125
remove_team: FAILURE
add_team: FAILURE
play_match: FAILURE
remove_player: SUCCESS
remove_player: SUCCESS
get_all_players_count: SUCCESS, 10
knockout_winner: SUCCESS, 13
add_team: FAILURE
get_num_played_games: SUCCESS, 7172
remove_player: SUCCESS
knockout_winner: INVALID_INPUT
update_player_stats: SUCCESS
get_top_scorer: SUCCESS, 28
get_all_players: SUCCESS
54
34
138
97
140
57
154
135
58
4
164
65
remove_player: SUCCESS
get_all_players: SUCCESS
176
7
187
185
63
195
61
76
remove_player: SUCCESS
update_player_stats: SUCCESS
update_player_stats: SUCCESS
remove_player: SUCCESS
add_team: FAILURE
get_num_played_games: SUCCESS, 2797
get_top_scorer: SUCCESS, 129
unite_teams: FAILURE
unite_teams: FAILURE
knockout_winner: SUCCESS, 9
remove_player: SUCCESS
get_closest_player: SUCCESS, 168
knockout_winner: SUCCESS, 9
get_all_players_count: SUCCESS, 8
update_player_stats: SUCCESS
get_closest_player: SUCCESS, 58
get_all_players_count: SUCCESS, 8
knockout_winner: FAILURE
get_closest_player: SUCCESS, 127
get_closest_player: SUCCESS, 43
unite_teams: FAILURE
play_match: SUCCESS
get_team_points: SUCCESS, 827
add_player: FAILURE
get_num_played_games: SUCCESS, 8612
get_team_points: SUCCESS, 383
get_closest_player: SUCCESS, 63
remove_team: FAILURE
add_team: FAILURE
get_num_played_games: SUCCESS, 3049
play_match: FAILURE
get_all_players: SUCCESS
107
90
129
unite_teams: FAILURE
get_all_players_count: SUCCESS, 11
get_top_scorer: SUCCESS, 129
get_team_points: SUCCESS, 11854
remove_player: SUCCESS
play_match: FAILURE
get_team_points: SUCCESS, 9034
get_team_points: SUCCESS, 383
play_match: FAILURE
remove_player: SUCCESS
knockout_winner: FAILURE
get_all_players_count: SUCCESS, 11
add_team: FAILURE
remove_team: FAILURE
get_num_played_games: SUCCESS, 4371
unite_teams: FAILURE
get_all_players: SUCCESS
180
125
100
17
27
121
38
9
133
39
36
5
31
122
174
unite_teams: FAILURE
get_all_players_count: SUCCESS, 11
knockout_winner: FAILURE
remove_team: FAILURE
get_top_scorer: SUCCESS, 65
get_top_scorer: SUCCESS, 188
add_player: FAILURE
get_all_players_count: SUCCESS, 8
add_team: FAILURE
remove_player: SUCCESS
knockout_winner: INVALID_INPUT
get_team_points: SUCCESS, 7791
get_all_players_count: SUCCESS, 15
unite_teams: FAILURE
get_all_players_count: SUCCESS, 8
add_player: FAILURE
get_team_points: SUCCESS, 7772
remove_team: FAILURE
get_all_players_count: SUCCESS, 15
remove_team: FAILURE
add_team: FAILURE
get_closest_player: SUCCESS, 121
get_all_players_count: SUCCESS, 11
update_player_stats: SUCCESS
remove_player: SUCCESS
knockout_winner: FAILURE
remove_player: SUCCESS
add_player: FAILURE
get_closest_player: SUCCESS, 29
add_team: FAILURE
get_all_players_count: SUCCESS, 10
play_match: FAILURE
get_num_played_games: SUCCESS, 10699
get_top_scorer: SUCCESS, 104
get_num_played_games: SUCCESS, 11970
update_player_stats: SUCCESS
play_match: FAILURE
get_top_scorer: SUCCESS, 44
knockout_winner: FAILURE
get_top_scorer: SUCCESS, 66
update_player_stats: SUCCESS
add_player: FAILURE
remove_team: FAILURE
remove_team: FAILURE
get_all_players_count: SUCCESS, 8
knockout_winner: SUCCESS, 13
remove_team: FAILURE
add_team: FAILURE
get_num_played_games: SUCCESS, 4018
remove_team: FAILURE
update_player_stats: SUCCESS
get_all_players: SUCCESS
112
19
162
56
86
79
26
94
159
172
get_closest_player: SUCCESS, 66
get_top_scorer: SUCCESS, 44
get_num_played_games: SUCCESS, 10699
add_player: FAILURE
get_closest_player: SUCCESS, 30
add_team: FAILURE
knockout_winner: FAILURE
get_all_players: SUCCESS
73
183
16
1
110
106
remove_player: SUCCESS
remove_team: FAILURE
add_player: FAILURE
remove_team: FAILURE
remove_player: SUCCESS
get_num_played_games: SUCCESS, 8456
unite_teams: FAILURE
get_num_played_games: SUCCESS, 11677
add_team: FAILURE
get_all_players_count: SUCCESS, 13
get_top_scorer: SUCCESS, 2
update_player_stats: SUCCESS
unite_teams: INVALID_INPUT
remove_player: SUCCESS
unite_teams: SUCCESS
get_all_players: SUCCESS
112
19
162
56
86
79
26
159
172
94
add_team: FAILURE
play_match: FAILURE
get_top_scorer: SUCCESS, 174
remove_team: FAILURE
update_player_stats: SUCCESS
unite_teams: FAILURE
knockout_winner: SUCCESS, 7
play_match: FAILURE
play_match: FAILURE
get_closest_player: SUCCESS, 168
knockout_winner: INVALID_INPUT
remove_player: SUCCESS
get_all_players: SUCCESS
46
6
153
52
115
68
196
71
98
109
remove_team: FAILURE
get_all_players_count: SUCCESS, 10
get_top_scorer: SUCCESS, 65
add_player: FAILURE
remove_team: FAILURE
remove_team: FAILURE
get_closest_player: SUCCESS, 18
add_team: FAILURE
get_top_scorer: SUCCESS, 188
unite_teams: SUCCESS
get_num_played_games: SUCCESS, 7615
get_top_scorer: SUCCESS, 44
get_top_scorer: SUCCESS, 9
get_all_players_count: SUCCESS, 10
unite_teams: FAILURE
get_top_scorer: SUCCESS, 76
play_match: FAILURE
play_match: FAILURE
update_player_stats: SUCCESS
unite_teams: FAILURE
unite_teams: FAILURE
play_match: FAILURE
remove_team: FAILURE
knockout_winner: SUCCESS, 6
add_player: FAILURE
get_num_played_games: SUCCESS, 11736
update_player_stats: SUCCESS
remove_player: SUCCESS
knockout_winner: INVALID_INPUT
get_top_scorer: SUCCESS, 94
unite_teams: FAILURE
get_top_scorer: SUCCESS, 109
add_team: FAILURE
unite_teams: SUCCESS
update_player_stats: SUCCESS
knockout_winner: INVALID_INPUT
remove_player: SUCCESS
add_team: FAILURE
get_num_played_games: SUCCESS, 7615
get_all_players_count: SUCCESS, 14
get_team_points: SUCCESS, 11854
get_all_players_count: SUCCESS, 12
unite_teams: INVALID_INPUT
get_all_players: SUCCESS
112
19
56
86
79
162
26
159
172
94
remove_player: SUCCESS
update_player_stats: SUCCESS
knockout_winner: SUCCESS, 15
get_team_points: SUCCESS, 11854
add_team: FAILURE
add_team: FAILURE
get_closest_player: SUCCESS, 145
add_team: FAILURE
get_all_players_count: SUCCESS, 8
unite_teams: FAILURE
unite_teams: FAILURE
knockout_winner: INVALID_INPUT
remove_team: FAILURE
get_top_scorer: SUCCESS, 65
play_match: FAILURE
play_match: FAILURE
unite_teams: FAILURE
knockout_winner: FAILURE
remove_team: FAILURE
get_team_points: SUCCESS, 24390
unite_teams: FAILURE
get_top_scorer: SUCCESS, 28
add_team: FAILURE
add_player: FAILURE
unite_teams: FAILURE
add_player: FAILURE
update_player_stats: SUCCESS
play_match: FAILURE
play_match: SUCCESS
remove_player: SUCCESS
unite_teams: SUCCESS
get_top_scorer: SUCCESS, 94
get_all_players_count: SUCCESS, 10
get_all_players_count: SUCCESS, 13
add_player: FAILURE
remove_team: FAILURE
add_team: FAILURE
add_team: FAILURE
update_player_stats: SUCCESS
get_all_players_count: SUCCESS, 12
get_team_points: SUCCESS, 12919
update_player_stats: SUCCESS
get_num_played_games: SUCCESS, 10700
get_team_points: SUCCESS, 24390
remove_team: FAILURE
add_team: FAILURE
add_team: FAILURE
update_player_stats: SUCCESS
unite_teams: SUCCESS
get_all_players: SUCCESS
107
90
129
remove_team: FAILURE
knockout_winner: SUCCESS, 6
add_team: FAILURE
get_closest_player: SUCCESS, 116
unite_teams: FAILURE
play_match: FAILURE
unite_teams: FAILURE
get_closest_player: SUCCESS, 106
add_team: FAILURE
remove_player: SUCCESS
unite_teams: FAILURE
remove_player: SUCCESS
knockout_winner: INVALID_INPUT
knockout_winner: SUCCESS, 19
get_num_played_games: SUCCESS, 4019
remove_team: FAILURE
remove_team: FAILURE
remove_team: FAILURE
remove_team: FAILURE
remove_team: FAILURE
update_player_stats: SUCCESS
add_team: FAILURE
add_player: FAILURE
get_num_played_games: SUCCESS, 5673
remove_team: FAILURE
add_player: FAILURE
get_top_scorer: SUCCESS, 129
get_closest_player: SUCCESS, 90
play_match: INVALID_INPUT
remove_team: FAILURE
remove_team: FAILURE
get_all_players: SUCCESS
180
100
121
133
125
39
36
5
27
122
174
9
add_team: FAILURE
update_player_stats: SUCCESS
update_player_stats: SUCCESS
remove_player: SUCCESS
get_all_players: SUCCESS
49
149
139
74
15
177
167
151
141
178
78
117
99
72
21
190
166
127
108
40
91
113
12
53
29
62
44
126
66
188
remove_team: FAILURE
get_top_scorer: SUCCESS, 104
get_top_scorer: SUCCESS, 104
remove_team: FAILURE
get_num_played_games: SUCCESS, 3050
get_all_players_count: SUCCESS, 12
get_all_players: SUCCESS
107
90
129
add_player: FAILURE
play_match: FAILURE
remove_team: FAILURE
add_team: FAILURE
add_player: FAILURE
play_match: SUCCESS
remove_team: FAILURE
unite_teams: FAILURE
unite_teams: FAILURE
get_all_players_count: SUCCESS, 10
add_team: FAILURE
get_closest_player: SUCCESS, 32
get_closest_player: SUCCESS, 195
remove_player: SUCCESS
add_team: FAILURE
add_team: FAILURE
get_all_players_count: SUCCESS, 10
get_num_played_games: SUCCESS, 4389
add_player: FAILURE
remove_team: FAILURE
add_player: FAILURE
add_team: FAILURE
get_all_players: SUCCESS
107
90
129
get_team_points: SUCCESS, 7772
update_player_stats: SUCCESS
knockout_winner: SUCCESS, 19
get_closest_player: SUCCESS, 94
knockout_winner: SUCCESS, 19
get_team_points: SUCCESS, 7772
get_closest_player: SUCCESS, 115
get_closest_player: SUCCESS, 179
get_top_scorer: SUCCESS, 188
get_closest_player: SUCCESS, 33
remove_team: FAILURE
add_player: FAILURE
play_match: FAILURE
add_team: FAILURE
get_closest_player: SUCCESS, 104
get_num_played_games: SUCCESS, 3050
add_team: FAILURE
get_closest_player: SUCCESS, 158
play_match: FAILURE
get_team_points: SUCCESS, 389
update_player_stats: SUCCESS
get_all_players_count: SUCCESS, 11
get_all_players_count: SUCCESS, 11
update_player_stats: SUCCESS
update_player_stats: SUCCESS
get_closest_player: SUCCESS, 97
remove_player: SUCCESS
get_num_played_games: SUCCESS, 12178
get_all_players_count: SUCCESS, 21
get_num_played_games: SUCCESS, 8426
add_player: FAILURE
get_all_players: SUCCESS
155
145
41
33
119
20
193
88
2
play_match: FAILURE
remove_player: SUCCESS
update_player_stats: SUCCESS
unite_teams: SUCCESS
play_match: FAILURE
play_match: FAILURE
get_all_players: SUCCESS
149
139
74
15
177
167
151
141
178
78
117
99
72
21
190
166
127
108
40
91
113
49
12
53
29
62
66
188
44
add_team: FAILURE
get_all_players_count: SUCCESS, 21
get_all_players_count: SUCCESS, 21
get_num_played_games: SUCCESS, 1271
add_team: FAILURE
remove_player: SUCCESS
get_all_players_count: SUCCESS, 11
remove_team: FAILURE
get_all_players: SUCCESS
59
179
200
23
82
47
22
182
55
158
163
104
remove_team: FAILURE
get_team_points: SUCCESS, 12258
remove_player: SUCCESS
get_closest_player: SUCCESS, 86
get_all_players_count: SUCCESS, 10
play_match: FAILURE
play_match: FAILURE
knockout_winner: SUCCESS, 17
add_player: FAILURE
get_all_players: SUCCESS
107
90
129
play_match: SUCCESS
remove_player: SUCCESS
add_team: FAILURE
knockout_winner: FAILURE
get_all_players: SUCCESS
46
6
153
52
115
68
196
98
109
remove_player: SUCCESS
remove_player: SUCCESS
remove_player: SUCCESS
get_num_played_games: SUCCESS, 10828
play_match: FAILURE
unite_teams: FAILURE
remove_player: SUCCESS
remove_team: FAILURE
get_all_players: SUCCESS
77
43
96
25
148
171
101
124
get_all_players_count: SUCCESS, 12
get_top_scorer: SUCCESS, 76
unite_teams: SUCCESS
remove_team: FAILURE
get_team_points: SUCCESS, 25220
get_closest_player: SUCCESS, 166
get_top_scorer: SUCCESS, 36
get_num_played_games: SUCCESS, 232
get_all_players_count: SUCCESS, 9
remove_team: FAILURE
get_top_scorer: SUCCESS, 44
get_num_played_games: SUCCESS, 11010
knockout_winner: SUCCESS, 4
update_player_stats: SUCCESS
get_all_players_count: SUCCESS, 17
update_player_stats: SUCCESS
get_closest_player: SUCCESS, 49
knockout_winner: FAILURE
add_team: FAILURE
add_player: FAILURE
unite_teams: FAILURE
get_num_played_games: SUCCESS, 14990
play_match: FAILURE
knockout_winner: INVALID_INPUT
add_player: FAILURE
remove_team: FAILURE
add_player: FAILURE
get_top_scorer: SUCCESS, 124
add_player: FAILURE
play_match: FAILURE
remove_team: FAILURE
add_team: FAILURE
add_team: FAILURE
get_top_scorer: SUCCESS, 109
get_num_played_games: SUCCESS, 4162
get_num_played_games: SUCCESS, 2063
update_player_stats: SUCCESS
get_num_played_games: SUCCESS, 11126
remove_team: FAILURE
get_top_scorer: SUCCESS, 2
update_player_stats: SUCCESS
unite_teams: INVALID_INPUT
get_num_played_games: SUCCESS, 4021
update_player_stats: SUCCESS
add_player: FAILURE
get_all_players_count: SUCCESS, 17
play_match: FAILURE
unite_teams: FAILURE
play_match: FAILURE
get_num_played_games: SUCCESS, 2509
get_all_players: SUCCESS
46
6
153
52
115
68
196
98
109
get_all_players_count: SUCCESS, 8
get_team_points: SUCCESS, 11854
get_all_players_count: SUCCESS, 3
get_closest_player: SUCCESS, 199
unite_teams: FAILURE
get_all_players_count: SUCCESS, 29
get_num_played_games: SUCCESS, 5056
remove_team: FAILURE
get_all_players: SUCCESS
77
43
96
25
148
171
101
124
update_player_stats: SUCCESS
update_player_stats: SUCCESS
get_closest_player: SUCCESS, 61
update_player_stats: SUCCESS
get_num_played_games: SUCCESS, 9960
play_match: FAILURE
add_player: FAILURE
play_match: FAILURE
get_all_players_count: SUCCESS, 3
remove_player: SUCCESS
get_top_scorer: SUCCESS, 2
knockout_winner: SUCCESS, 6
get_all_players: SUCCESS
180
100
121
116
35
32
133
131
125
28
5
27
174
9
93
36
30
remove_team: FAILURE
get_all_players: SUCCESS
107
90
129
get_all_players_count: SUCCESS, 11
remove_player: SUCCESS
remove_team: FAILURE
update_player_stats: SUCCESS
get_top_scorer: SUCCESS, 44
get_top_scorer: SUCCESS, 30
get_team_points: SUCCESS, 11854
add_team: FAILURE
knockout_winner: INVALID_INPUT
play_match: FAILURE
get_team_points: SUCCESS, 389
get_all_players: SUCCESS
180
100
121
116
35
32
133
131
125
28
5
27
174
9
93
36
30
get_all_players_count: SUCCESS, 17
add_team: FAILURE
get_all_players: SUCCESS
46
6
153
52
115
68
196
98
109
update_player_stats: SUCCESS
unite_teams: INVALID_INPUT
get_all_players: SUCCESS
46
6
153
52
115
68
196
98
109
play_match: INVALID_INPUT
get_all_players: SUCCESS
73
112
19
183
16
7
187
56
184
123
191
195
1
86
81
79
162
61
26
168
80
199
159
106
172
76
110
94
get_top_scorer: SUCCESS, 163
unite_teams: FAILURE
add_player: FAILURE
remove_player: SUCCESS
get_top_scorer: SUCCESS, 30
play_match: FAILURE
add_player: FAILURE
remove_team: FAILURE
unite_teams: FAILURE
update_player_stats: SUCCESS
remove_team: FAILURE
add_player: FAILURE
play_match: INVALID_INPUT
update_player_stats: SUCCESS
add_team: FAILURE
add_player: FAILURE
get_top_scorer: SUCCESS, 135
get_num_played_games: SUCCESS, 5875
get_team_points: SUCCESS, 35510
remove_team: FAILURE
remove_team: FAILURE
remove_team: FAILURE
get_closest_player: SUCCESS, 199
get_closest_player: SUCCESS, 180
get_all_players: SUCCESS
73
112
19
183
16
7
187
184
123
191
195
1
86
81
162
61
26
168
80
199
56
159
106
172
76
110
94
remove_player: SUCCESS
get_all_players_count: SUCCESS, 9
get_all_players_count: SUCCESS, 3
get_closest_player: SUCCESS, 52
remove_team: FAILURE
remove_player: SUCCESS
remove_player: SUCCESS
remove_player: SUCCESS
remove_player: SUCCESS
remove_player: SUCCESS
remove_player: SUCCESS
remove_player: SUCCESS
remove_player: SUCCESS
remove_player: SUCCESS
remove_player: SUCCESS
remove_player: SUCCESS
remove_player: SUCCESS
remove_player: SUCCESS
remove_player: SUCCESS
remove_player: SUCCESS
remove_player: SUCCESS
remove_player: SUCCESS
remove_player: SUCCESS
remove_player: SUCCESS
remove_player: SUCCESS
remove_player: SUCCESS
remove_player: SUCCESS
remove_player: SUCCESS
remove_player: SUCCESS
remove_player: SUCCESS
remove_player: SUCCESS
remove_player: SUCCESS
remove_player: SUCCESS
remove_player: SUCCESS
remove_player: SUCCESS
remove_player: SUCCESS
remove_player: SUCCESS
remove_player: SUCCESS
remove_player: SUCCESS
remove_player: SUCCESS
remove_player: SUCCESS
remove_player: SUCCESS
remove_player: SUCCESS
remove_player: SUCCESS
remove_player: SUCCESS
remove_player: SUCCESS
remove_player: SUCCESS
remove_player: SUCCESS
remove_player: SUCCESS
remove_player: SUCCESS
remove_player: SUCCESS
remove_player: SUCCESS
remove_player: SUCCESS
remove_player: SUCCESS
remove_player: SUCCESS
remove_player: SUCCESS
remove_player: SUCCESS
remove_player: SUCCESS
remove_player: SUCCESS
remove_player: SUCCESS
remove_player: SUCCESS
remove_player: SUCCESS
remove_player: SUCCESS
remove_player: SUCCESS
remove_player: SUCCESS
remove_player: SUCCESS
remove_player: SUCCESS
remove_player: SUCCESS
remove_player: SUCCESS
remove_player: SUCCESS
remove_player: SUCCESS
remove_player: SUCCESS
remove_player: SUCCESS
remove_player: SUCCESS
remove_player: SUCCESS
remove_player: SUCCESS
remove_player: SUCCESS
remove_player: SUCCESS
remove_player: SUCCESS
remove_player: SUCCESS
remove_player: SUCCESS
remove_player: SUCCESS
remove_player: SUCCESS
remove_player: SUCCESS
remove_player: SUCCESS
remove_player: SUCCESS
remove_player: SUCCESS
remove_player: SUCCESS
remove_player: SUCCESS
remove_player: SUCCESS
remove_player: SUCCESS
remove_player: SUCCESS
remove_player: SUCCESS
remove_player: SUCCESS
remove_player: SUCCESS
remove_player: SUCCESS
remove_player: SUCCESS
remove_player: SUCCESS
remove_player: SUCCESS
remove_player: SUCCESS
remove_player: SUCCESS
remove_player: SUCCESS
remove_player: SUCCESS
remove_player: SUCCESS
remove_player: SUCCESS
remove_player: SUCCESS
remove_player: SUCCESS
remove_player: SUCCESS
remove_player: SUCCESS
remove_player: SUCCESS
remove_player: SUCCESS
remove_player: SUCCESS
remove_player: SUCCESS
remove_player: SUCCESS
remove_player: SUCCESS
remove_player: SUCCESS
remove_player: SUCCESS
remove_player: SUCCESS
remove_player: SUCCESS
remove_player: SUCCESS
remove_player: SUCCESS
remove_player: SUCCESS
remove_player: SUCCESS
remove_player: SUCCESS
remove_player: SUCCESS
remove_team: SUCCESS
remove_team: SUCCESS
remove_team: SUCCESS
remove_team: SUCCESS
remove_team: SUCCESS
remove_team: SUCCESS
remove_team: SUCCESS
remove_team: SUCCESS
remove_team: SUCCESS
