add_team: SUCCESS
add_team: SUCCESS
add_team: SUCCESS
add_team: SUCCESS
add_team: SUCCESS
add_team: SUCCESS
add_team: SUCCESS
add_team: SUCCESS
add_team: SUCCESS
add_team: SUCCESS
add_team: SUCCESS
add_team: SUCCESS
add_team: SUCCESS
add_team: SUCCESS
add_team: SUCCESS
add_team: SUCCESS
add_team: SUCCESS
add_team: SUCCESS
add_team: SUCCESS
add_team: SUCCESS
add_player: SUCCESS
add_player: SUCCESS
add_player: SUCCESS
add_player: SUCCESS
add_player: SUCCESS
add_player: SUCCESS
add_player: SUCCESS
add_player: SUCCESS
add_player: SUCCESS
add_player: SUCCESS
add_player: SUCCESS
add_player: SUCCESS
add_player: SUCCESS
add_player: SUCCESS
add_player: SUCCESS
add_player: SUCCESS
add_player: SUCCESS
add_player: SUCCESS
add_player: SUCCESS
add_player: SUCCESS
add_player: SUCCESS
add_player: SUCCESS
add_player: SUCCESS
add_player: SUCCESS
add_player: SUCCESS
add_player: SUCCESS
add_player: SUCCESS
add_player: SUCCESS
add_player: SUCCESS
add_player: SUCCESS
add_player: SUCCESS
add_player: SUCCESS
add_player: SUCCESS
add_player: SUCCESS
add_player: SUCCESS
add_player: SUCCESS
add_player: SUCCESS
add_player: SUCCESS
add_player: SUCCESS
add_player: SUCCESS
add_player: SUCCESS
add_player: SUCCESS
add_player: SUCCESS
add_player: SUCCESS
add_player: SUCCESS
add_player: SUCCESS
add_player: SUCCESS
add_player: SUCCESS
add_player: SUCCESS
add_player: SUCCESS
add_player: SUCCESS
add_player: SUCCESS
add_player: SUCCESS
add_player: SUCCESS
add_player: SUCCESS
add_player: SUCCESS
add_player: SUCCESS
add_player: SUCCESS
add_player: SUCCESS
add_player: SUCCESS
add_player: SUCCESS
add_player: SUCCESS
add_player: SUCCESS
add_player: SUCCESS
add_player: SUCCESS
add_player: SUCCESS
add_player: SUCCESS
add_player: SUCCESS
add_player: SUCCESS
add_player: SUCCESS
add_player: SUCCESS
add_player: SUCCESS
add_player: SUCCESS
add_player: SUCCESS
add_player: SUCCESS
add_player: SUCCESS
add_player: SUCCESS
add_player: SUCCESS
add_player: SUCCESS
add_player: SUCCESS
add_player: SUCCESS
add_player: SUCCESS
add_player: SUCCESS
add_player: SUCCESS
add_player: SUCCESS
add_player: SUCCESS
add_player: SUCCESS
add_player: SUCCESS
add_player: SUCCESS
add_player: SUCCESS
add_player: SUCCESS
add_player: SUCCESS
add_player: SUCCESS
add_player: SUCCESS
add_player: SUCCESS
add_player: SUCCESS
add_player: SUCCESS
add_player: SUCCESS
add_player: SUCCESS
add_player: SUCCESS
add_player: SUCCESS
add_player: SUCCESS
add_player: SUCCESS
add_player: SUCCESS
add_player: SUCCESS
add_player: SUCCESS
add_player: SUCCESS
add_player: SUCCESS
add_player: SUCCESS
add_player: SUCCESS
add_player: SUCCESS
add_player: SUCCESS
add_player: SUCCESS
add_player: SUCCESS
add_player: SUCCESS
add_player: SUCCESS
add_player: SUCCESS
add_player: SUCCESS
add_player: SUCCESS
add_player: SUCCESS
add_player: SUCCESS
add_player: SUCCESS
add_player: SUCCESS
add_player: SUCCESS
add_player: SUCCESS
add_player: SUCCESS
add_player: SUCCESS
add_player: SUCCESS
add_player: SUCCESS
add_player: SUCCESS
add_player: SUCCESS
add_player: SUCCESS
add_player: SUCCESS
add_player: SUCCESS
add_player: SUCCESS
add_player: SUCCESS
add_player: SUCCESS
add_player: SUCCESS
add_player: SUCCESS
add_player: SUCCESS
add_player: SUCCESS
add_player: SUCCESS
add_player: SUCCESS
add_player: SUCCESS
add_player: SUCCESS
add_player: SUCCESS
add_player: SUCCESS
add_player: SUCCESS
add_player: SUCCESS
add_player: SUCCESS
add_player: SUCCESS
add_player: SUCCESS
add_player: SUCCESS
add_player: SUCCESS
add_player: SUCCESS
add_player: SUCCESS
add_player: SUCCESS
add_player: SUCCESS
add_player: SUCCESS
add_player: SUCCESS
add_player: SUCCESS
add_player: SUCCESS
add_player: SUCCESS
add_player: SUCCESS
add_player: SUCCESS
add_player: SUCCESS
add_player: SUCCESS
add_player: SUCCESS
add_player: SUCCESS
add_player: SUCCESS
add_player: SUCCESS
add_player: SUCCESS
add_player: SUCCESS
add_player: SUCCESS
add_player: SUCCESS
add_player: SUCCESS
add_player: SUCCESS
add_player: SUCCESS
add_player: SUCCESS
add_player: SUCCESS
add_player: SUCCESS
add_player: SUCCESS
add_player: SUCCESS
add_player: SUCCESS
add_player: SUCCESS
add_player: SUCCESS
add_player: SUCCESS
add_player: SUCCESS
add_player: SUCCESS
add_player: SUCCESS
add_player: SUCCESS
add_player: SUCCESS
add_player: SUCCESS
add_player: SUCCESS
add_player: SUCCESS
add_player: SUCCESS
add_player: SUCCESS
add_player: SUCCESS
add_player: SUCCESS
add_player: SUCCESS
play_match: FAILURE
add_player: FAILURE
get_all_players: SUCCESS
60
140
44
131
199
187
add_player: FAILURE
get_closest_player: SUCCESS, 158
get_team_points: SUCCESS, 3851
remove_player: SUCCESS
update_player_stats: SUCCESS
remove_team: FAILURE
update_player_stats: SUCCESS
remove_team: FAILURE
unite_teams: FAILURE
unite_teams: FAILURE
add_player: FAILURE
get_top_scorer: SUCCESS, 129
add_team: FAILURE
get_top_scorer: SUCCESS, 176
knockout_winner: FAILURE
remove_team: FAILURE
get_all_players: SUCCESS
132
84
130
103
122
9
40
174
17
31
155
remove_player: SUCCESS
get_num_played_games: SUCCESS, 8314
knockout_winner: SUCCESS, 7
play_match: FAILURE
unite_teams: FAILURE
get_top_scorer: SUCCESS, 155
unite_teams: FAILURE
get_num_played_games: SUCCESS, 5594
get_closest_player: SUCCESS, 62
knockout_winner: FAILURE
remove_player: SUCCESS
get_all_players: SUCCESS
133
180
68
100
64
121
172
111
192
181
get_all_players: SUCCESS
62
50
200
134
55
30
59
125
117
157
41
119
remove_team: FAILURE
add_team: FAILURE
play_match: FAILURE
remove_player: SUCCESS
remove_player: SUCCESS
play_match: SUCCESS
get_top_scorer: SUCCESS, 176
get_closest_player: SUCCESS, 197
knockout_winner: SUCCESS, 20
unite_teams: FAILURE
knockout_winner: SUCCESS, 7
remove_team: FAILURE
remove_team: FAILURE
remove_team: FAILURE
update_player_stats: SUCCESS
knockout_winner: SUCCESS, 7
get_closest_player: SUCCESS, 65
get_top_scorer: SUCCESS, 163
get_num_played_games: SUCCESS, 4393
get_team_points: SUCCESS, 5579
add_team: FAILURE
get_closest_player: SUCCESS, 143
update_player_stats: SUCCESS
update_player_stats: SUCCESS
unite_teams: FAILURE
get_all_players: SUCCESS
72
101
144
unite_teams: FAILURE
play_match: FAILURE
get_top_scorer: SUCCESS, 155
knockout_winner: SUCCESS, 11
get_all_players: SUCCESS
105
37
24
43
53
10
39
get_all_players: SUCCESS
49
56
106
108
160
21
34
165
161
142
91
3
87
knockout_winner: FAILURE
get_num_played_games: SUCCESS, 2258
unite_teams: SUCCESS
get_num_played_games: SUCCESS, 5240
update_player_stats: SUCCESS
get_top_scorer: SUCCESS, 155
update_player_stats: SUCCESS
update_player_stats: SUCCESS
get_all_players_count: SUCCESS, 9
unite_teams: FAILURE
get_num_played_games: SUCCESS, 5790
remove_team: FAILURE
knockout_winner: SUCCESS, 20
play_match: FAILURE
remove_player: SUCCESS
remove_team: FAILURE
get_team_points: SUCCESS, 313
add_team: FAILURE
add_player: FAILURE
get_top_scorer: SUCCESS, 142
unite_teams: FAILURE
get_top_scorer: SUCCESS, 187
knockout_winner: SUCCESS, 14
get_top_scorer: SUCCESS, 79
get_num_played_games: SUCCESS, 2422
unite_teams: SUCCESS
get_all_players: SUCCESS
170
70
166
15
85
168
47
127
6
97
195
164
156
188
138
32
136
182
109
78
162
19
knockout_winner: SUCCESS, 5
get_closest_player: SUCCESS, 168
add_player: FAILURE
get_top_scorer: SUCCESS, 163
remove_team: FAILURE
update_player_stats: SUCCESS
add_team: FAILURE
get_team_points: SUCCESS, 3851
play_match: FAILURE
add_player: FAILURE
get_team_points: SUCCESS, 2492
add_team: FAILURE
knockout_winner: SUCCESS, 20
knockout_winner: FAILURE
update_player_stats: SUCCESS
remove_team: FAILURE
unite_teams: FAILURE
remove_team: FAILURE
remove_team: FAILURE
update_player_stats: SUCCESS
get_closest_player: SUCCESS, 133
get_top_scorer: SUCCESS, 19
get_team_points: SUCCESS, 2492
play_match: FAILURE
remove_player: SUCCESS
add_player: FAILURE
get_closest_player: SUCCESS, 197
update_player_stats: SUCCESS
add_team: FAILURE
get_top_scorer: SUCCESS, 39
update_player_stats: SUCCESS
play_match: FAILURE
knockout_winner: SUCCESS, 14
get_closest_player: SUCCESS, 26
play_match: FAILURE
unite_teams: FAILURE
knockout_winner: SUCCESS, 14
remove_team: FAILURE
play_match: INVALID_INPUT
add_team: FAILURE
add_player: FAILURE
knockout_winner: SUCCESS, 7
update_player_stats: SUCCESS
unite_teams: FAILURE
get_team_points: SUCCESS, 18363
get_team_points: SUCCESS, 18363
get_all_players_count: SUCCESS, 9
get_all_players_count: SUCCESS, 7
remove_player: SUCCESS
remove_player: SUCCESS
add_team: FAILURE
remove_player: SUCCESS
get_top_scorer: SUCCESS, 94
remove_team: FAILURE
get_closest_player: SUCCESS, 6
get_all_players_count: SUCCESS, 11
unite_teams: FAILURE
get_all_players: SUCCESS
105
37
24
43
53
10
39
remove_player: SUCCESS
update_player_stats: SUCCESS
get_all_players: SUCCESS
86
115
112
13
107
177
23
18
198
137
179
186
178
get_team_points: SUCCESS, 7975
add_team: FAILURE
update_player_stats: SUCCESS
remove_player: SUCCESS
play_match: INVALID_INPUT
get_top_scorer: SUCCESS, 22
get_closest_player: SUCCESS, 196
remove_team: FAILURE
remove_team: FAILURE
update_player_stats: SUCCESS
get_all_players: SUCCESS
92
80
196
99
102
74
73
163
play_match: INVALID_INPUT
add_team: FAILURE
knockout_winner: SUCCESS, 14
add_player: FAILURE
remove_team: FAILURE
get_all_players_count: SUCCESS, 11
get_all_players: SUCCESS
93
67
128
169
63
154
33
143
7
194
14
83
191
69
148
88
129
22
remove_player: SUCCESS
get_closest_player: SUCCESS, 6
get_all_players: SUCCESS
145
77
58
146
189
57
48
173
get_closest_player: SUCCESS, 15
remove_team: FAILURE
get_team_points: SUCCESS, 7975
get_all_players: SUCCESS
93
67
128
169
63
154
33
143
7
194
14
83
191
69
148
88
129
22
knockout_winner: SUCCESS, 14
play_match: FAILURE
add_player: FAILURE
add_player: FAILURE
play_match: FAILURE
play_match: FAILURE
update_player_stats: SUCCESS
get_all_players: SUCCESS
52
1
171
95
120
175
150
197
38
190
110
remove_team: FAILURE
get_num_played_games: SUCCESS, 8952
add_player: FAILURE
get_team_points: SUCCESS, 17280
get_num_played_games: SUCCESS, 10647
add_player: FAILURE
get_all_players_count: SUCCESS, 7
get_all_players_count: SUCCESS, 9
get_all_players_count: SUCCESS, 11
get_top_scorer: SUCCESS, 28
update_player_stats: SUCCESS
play_match: FAILURE
get_all_players: SUCCESS
105
37
24
43
53
10
39
add_player: FAILURE
add_team: FAILURE
get_closest_player: SUCCESS, 51
get_closest_player: SUCCESS, 162
remove_player: SUCCESS
remove_team: FAILURE
get_team_points: SUCCESS, 313
get_all_players_count: SUCCESS, 3
unite_teams: FAILURE
play_match: FAILURE
get_num_played_games: SUCCESS, 17163
get_team_points: SUCCESS, 7396
get_team_points: SUCCESS, 6844
get_top_scorer: SUCCESS, 181
remove_team: FAILURE
unite_teams: SUCCESS
get_all_players_count: SUCCESS, 11
get_num_played_games: SUCCESS, 1473
knockout_winner: SUCCESS, 7
add_team: FAILURE
get_all_players_count: SUCCESS, 10
get_num_played_games: SUCCESS, 3825
get_team_points: SUCCESS, 10671
knockout_winner: SUCCESS, 14
get_team_points: SUCCESS, 5507
get_team_points: SUCCESS, 2382
get_num_played_games: SUCCESS, 10647
get_closest_player: SUCCESS, 68
unite_teams: FAILURE
knockout_winner: SUCCESS, 14
get_closest_player: SUCCESS, 22
get_team_points: SUCCESS, 17295
get_all_players: SUCCESS
72
144
101
get_team_points: SUCCESS, 3851
add_player: FAILURE
remove_player: SUCCESS
play_match: FAILURE
update_player_stats: SUCCESS
unite_teams: FAILURE
knockout_winner: SUCCESS, 14
unite_teams: FAILURE
remove_player: SUCCESS
get_all_players: SUCCESS
92
80
196
99
102
74
73
163
remove_player: SUCCESS
add_player: FAILURE
get_closest_player: SUCCESS, 107
remove_team: FAILURE
get_team_points: SUCCESS, 1379
remove_team: FAILURE
add_team: FAILURE
get_team_points: SUCCESS, 1724
get_top_scorer: SUCCESS, 94
get_num_played_games: SUCCESS, 7035
add_team: FAILURE
get_num_played_games: SUCCESS, 6079
get_all_players: SUCCESS
86
115
112
13
107
177
23
18
198
137
179
186
178
knockout_winner: INVALID_INPUT
get_team_points: SUCCESS, 1379
get_all_players_count: SUCCESS, 11
get_closest_player: SUCCESS, 66
update_player_stats: SUCCESS
remove_player: SUCCESS
get_closest_player: SUCCESS, 78
get_top_scorer: SUCCESS, 5
remove_team: FAILURE
remove_player: SUCCESS
play_match: SUCCESS
get_all_players_count: SUCCESS, 11
add_player: FAILURE
remove_player: SUCCESS
get_closest_player: SUCCESS, 70
unite_teams: FAILURE
play_match: FAILURE
get_team_points: SUCCESS, 2382
get_all_players_count: SUCCESS, 7
get_closest_player: SUCCESS, 169
get_num_played_games: SUCCESS, 5664
play_match: SUCCESS
knockout_winner: SUCCESS, 14
add_team: FAILURE
remove_team: FAILURE
update_player_stats: SUCCESS
add_team: FAILURE
update_player_stats: SUCCESS
get_team_points: SUCCESS, 7320
get_all_players: SUCCESS
93
67
128
169
63
154
33
143
7
194
14
83
191
69
148
88
129
22
get_all_players_count: SUCCESS, 20
update_player_stats: SUCCESS
get_all_players: SUCCESS
132
84
130
103
122
9
40
174
17
31
155
add_team: FAILURE
update_player_stats: SUCCESS
update_player_stats: SUCCESS
get_num_played_games: SUCCESS, 16997
add_team: FAILURE
get_all_players: SUCCESS
105
37
24
43
53
10
39
remove_player: SUCCESS
add_team: FAILURE
add_team: FAILURE
play_match: FAILURE
add_team: FAILURE
get_num_played_games: SUCCESS, 4342
remove_team: FAILURE
get_num_played_games: SUCCESS, 11703
get_all_players_count: SUCCESS, 7
play_match: FAILURE
add_team: FAILURE
add_player: FAILURE
remove_player: SUCCESS
get_closest_player: SUCCESS, 146
knockout_winner: SUCCESS, 14
get_team_points: SUCCESS, 7396
get_closest_player: SUCCESS, 90
get_team_points: SUCCESS, 1727
get_all_players_count: SUCCESS, 8
remove_team: FAILURE
remove_team: FAILURE
unite_teams: FAILURE
unite_teams: FAILURE
play_match: FAILURE
update_player_stats: SUCCESS
unite_teams: INVALID_INPUT
add_team: FAILURE
add_player: FAILURE
knockout_winner: SUCCESS, 5
add_player: FAILURE
get_team_points: SUCCESS, 3851
add_player: FAILURE
unite_teams: FAILURE
knockout_winner: SUCCESS, 20
update_player_stats: SUCCESS
knockout_winner: INVALID_INPUT
remove_player: SUCCESS
add_team: FAILURE
add_team: FAILURE
unite_teams: FAILURE
get_top_scorer: SUCCESS, 178
knockout_winner: SUCCESS, 14
get_num_played_games: SUCCESS, 8314
remove_team: FAILURE
get_closest_player: SUCCESS, 157
get_num_played_games: SUCCESS, 6172
get_top_scorer: SUCCESS, 39
get_team_points: SUCCESS, 10671
get_all_players_count: SUCCESS, 20
unite_teams: FAILURE
remove_player: SUCCESS
get_num_played_games: SUCCESS, 4534
add_player: FAILURE
get_all_players: SUCCESS
132
84
130
103
122
40
174
17
31
155
get_top_scorer: SUCCESS, 155
update_player_stats: SUCCESS
remove_team: FAILURE
get_all_players_count: SUCCESS, 3
remove_player: SUCCESS
play_match: FAILURE
add_team: FAILURE
get_all_players: SUCCESS
49
106
34
165
21
161
56
91
3
87
142
get_team_points: SUCCESS, 17316
unite_teams: FAILURE
add_player: FAILURE
remove_player: SUCCESS
get_all_players: SUCCESS
52
1
171
95
120
175
150
197
38
190
update_player_stats: SUCCESS
play_match: FAILURE
get_top_scorer: SUCCESS, 94
add_team: FAILURE
add_player: FAILURE
get_num_played_games: SUCCESS, 6263
get_all_players_count: SUCCESS, 10
play_match: FAILURE
remove_team: FAILURE
remove_team: FAILURE
get_all_players: SUCCESS
45
76
123
46
25
82
71
16
98
54
124
151
26
27
96
184
94
remove_player: SUCCESS
get_closest_player: SUCCESS, 124
remove_player: SUCCESS
get_num_played_games: SUCCESS, 4290
get_closest_player: SUCCESS, 37
get_closest_player: SUCCESS, 124
get_num_played_games: SUCCESS, 12219
get_closest_player: SUCCESS, 154
get_team_points: SUCCESS, 6856
update_player_stats: SUCCESS
knockout_winner: SUCCESS, 11
add_team: FAILURE
get_all_players_count: SUCCESS, 6
get_top_scorer: SUCCESS, 94
knockout_winner: SUCCESS, 5
knockout_winner: SUCCESS, 11
get_num_played_games: SUCCESS, 2545
update_player_stats: SUCCESS
remove_player: SUCCESS
get_all_players: SUCCESS
133
180
68
64
172
111
100
192
121
181
get_top_scorer: SUCCESS, 50
get_top_scorer: SUCCESS, 50
add_team: FAILURE
get_top_scorer: SUCCESS, 163
get_closest_player: SUCCESS, 30
add_player: FAILURE
remove_player: SUCCESS
update_player_stats: SUCCESS
get_top_scorer: SUCCESS, 39
get_all_players_count: SUCCESS, 6
get_all_players: SUCCESS
92
80
196
99
102
74
73
163
get_closest_player: SUCCESS, 36
get_all_players_count: SUCCESS, 9
unite_teams: SUCCESS
remove_player: SUCCESS
get_num_played_games: SUCCESS, 976
get_all_players: SUCCESS
52
1
171
95
120
175
150
197
38
190
remove_team: FAILURE
get_all_players_count: SUCCESS, 7
add_player: FAILURE
add_team: FAILURE
get_all_players_count: SUCCESS, 7
get_all_players_count: SUCCESS, 10
get_top_scorer: SUCCESS, 39
add_team: FAILURE
get_top_scorer: SUCCESS, 23
remove_player: SUCCESS
play_match: FAILURE
add_player: FAILURE
add_team: FAILURE
remove_player: SUCCESS
get_all_players: SUCCESS
62
55
30
125
117
41
157
119
50
get_top_scorer: SUCCESS, 28
get_num_played_games: SUCCESS, 8080
unite_teams: SUCCESS
get_team_points: SUCCESS, 7326
add_player: FAILURE
get_all_players_count: SUCCESS, 17
get_all_players: SUCCESS
93
67
128
169
63
154
33
143
7
194
14
191
69
148
88
129
22
knockout_winner: FAILURE
get_num_played_games: SUCCESS, 6355
update_player_stats: SUCCESS
remove_team: FAILURE
get_top_scorer: SUCCESS, 28
get_all_players: SUCCESS
105
37
24
43
53
10
39
get_closest_player: SUCCESS, 154
remove_team: FAILURE
remove_team: FAILURE
unite_teams: FAILURE
play_match: FAILURE
remove_team: FAILURE
update_player_stats: SUCCESS
remove_player: SUCCESS
get_all_players_count: SUCCESS, 11
get_all_players_count: SUCCESS, 11
get_all_players_count: SUCCESS, 7
update_player_stats: SUCCESS
get_all_players: SUCCESS
49
165
21
161
56
91
3
87
34
unite_teams: FAILURE
play_match: FAILURE
update_player_stats: SUCCESS
add_player: FAILURE
update_player_stats: SUCCESS
unite_teams: FAILURE
get_team_points: SUCCESS, 7326
get_num_played_games: SUCCESS, 12031
knockout_winner: FAILURE
remove_team: FAILURE
get_top_scorer: SUCCESS, 22
get_all_players_count: SUCCESS, 6
get_all_players_count: SUCCESS, 10
get_all_players: SUCCESS
72
144
101
add_team: FAILURE
add_player: FAILURE
get_top_scorer: SUCCESS, 32
get_num_played_games: SUCCESS, 10137
remove_player: SUCCESS
add_player: FAILURE
get_team_points: SUCCESS, 2492
update_player_stats: SUCCESS
add_player: FAILURE
get_all_players_count: SUCCESS, 7
update_player_stats: SUCCESS
remove_team: FAILURE
get_top_scorer: SUCCESS, 77
unite_teams: FAILURE
get_top_scorer: SUCCESS, 31
unite_teams: FAILURE
get_team_points: SUCCESS, 1382
knockout_winner: FAILURE
remove_player: SUCCESS
remove_player: SUCCESS
get_top_scorer: SUCCESS, 22
get_num_played_games: SUCCESS, 1096
update_player_stats: SUCCESS
get_closest_player: SUCCESS, 154
get_all_players: SUCCESS
49
165
21
161
56
91
3
87
34
get_all_players: SUCCESS
60
140
44
131
199
187
remove_player: SUCCESS
get_all_players: SUCCESS
62
55
30
125
117
41
157
119
50
get_all_players: SUCCESS
145
58
146
57
48
77
remove_player: SUCCESS
update_player_stats: SUCCESS
add_team: FAILURE
get_all_players: SUCCESS
80
196
99
102
73
163
update_player_stats: SUCCESS
remove_player: SUCCESS
get_top_scorer: SUCCESS, 101
get_all_players: SUCCESS
52
1
171
95
120
175
150
38
190
get_top_scorer: SUCCESS, 12
unite_teams: FAILURE
get_num_played_games: SUCCESS, 10461
knockout_winner: SUCCESS, 8
knockout_winner: SUCCESS, 20
play_match: FAILURE
get_num_played_games: SUCCESS, 3652
unite_teams: FAILURE
play_match: FAILURE
add_player: FAILURE
add_team: FAILURE
get_top_scorer: SUCCESS, 32
play_match: FAILURE
play_match: FAILURE
add_player: FAILURE
remove_team: FAILURE
play_match: FAILURE
play_match: FAILURE
add_team: FAILURE
play_match: FAILURE
add_team: FAILURE
unite_teams: SUCCESS
get_top_scorer: SUCCESS, 190
unite_teams: SUCCESS
get_top_scorer: SUCCESS, 31
unite_teams: FAILURE
unite_teams: FAILURE
remove_player: SUCCESS
get_all_players: SUCCESS
52
1
171
95
120
175
150
38
190
get_all_players_count: SUCCESS, 3
play_match: FAILURE
get_top_scorer: SUCCESS, 31
add_team: FAILURE
get_closest_player: SUCCESS, 185
remove_player: SUCCESS
remove_player: SUCCESS
play_match: FAILURE
remove_team: FAILURE
get_all_players: SUCCESS
170
70
86
115
166
118
36
15
112
85
47
13
107
177
66
127
6
116
97
104
198
137
156
188
149
138
65
136
109
186
178
78
162
79
19
5
23
135
32
update_player_stats: SUCCESS
unite_teams: FAILURE
update_player_stats: SUCCESS
knockout_winner: SUCCESS, 5
get_top_scorer: SUCCESS, 34
play_match: FAILURE
get_top_scorer: SUCCESS, 50
get_num_played_games: SUCCESS, 2133
remove_player: SUCCESS
remove_team: FAILURE
update_player_stats: SUCCESS
add_team: FAILURE
get_all_players_count: SUCCESS, 11
remove_player: SUCCESS
play_match: FAILURE
unite_teams: SUCCESS
get_all_players_count: SUCCESS, 38
play_match: FAILURE
get_team_points: SUCCESS, 10671
update_player_stats: SUCCESS
get_num_played_games: SUCCESS, 5263
get_num_played_games: SUCCESS, 2574
get_all_players_count: SUCCESS, 32
play_match: FAILURE
get_all_players: SUCCESS
80
196
99
102
73
163
get_top_scorer: SUCCESS, 50
remove_player: SUCCESS
add_player: FAILURE
get_all_players: SUCCESS
55
30
125
117
41
157
119
50
play_match: FAILURE
get_top_scorer: SUCCESS, 12
add_player: FAILURE
get_team_points: SUCCESS, 485
get_num_played_games: SUCCESS, 7688
update_player_stats: SUCCESS
remove_player: SUCCESS
knockout_winner: SUCCESS, 16
update_player_stats: SUCCESS
get_all_players_count: SUCCESS, 6
unite_teams: FAILURE
add_player: FAILURE
remove_team: FAILURE
add_team: FAILURE
play_match: FAILURE
get_all_players_count: SUCCESS, 38
add_player: FAILURE
get_all_players_count: SUCCESS, 2
remove_player: SUCCESS
add_player: FAILURE
add_player: FAILURE
get_team_points: SUCCESS, 2382
play_match: SUCCESS
remove_player: SUCCESS
add_player: FAILURE
get_all_players_count: SUCCESS, 13
knockout_winner: SUCCESS, 13
add_team: FAILURE
get_top_scorer: SUCCESS, 12
remove_team: FAILURE
get_num_played_games: SUCCESS, 11483
remove_team: FAILURE
get_team_points: SUCCESS, 1382
knockout_winner: SUCCESS, 13
add_player: FAILURE
add_team: FAILURE
get_closest_player: SUCCESS, 57
get_all_players: SUCCESS
147
141
193
89
183
2
35
185
167
75
28
add_team: FAILURE
get_top_scorer: SUCCESS, 31
play_match: FAILURE
add_team: FAILURE
play_match: SUCCESS
add_team: FAILURE
add_team: FAILURE
unite_teams: FAILURE
get_all_players_count: SUCCESS, 16
remove_player: SUCCESS
add_team: FAILURE
get_all_players_count: SUCCESS, 2
knockout_winner: SUCCESS, 5
add_player: FAILURE
add_team: FAILURE
add_player: FAILURE
play_match: INVALID_INPUT
get_closest_player: SUCCESS, 185
add_player: FAILURE
knockout_winner: SUCCESS, 8
knockout_winner: SUCCESS, 13
add_player: FAILURE
get_top_scorer: SUCCESS, 32
knockout_winner: SUCCESS, 20
get_closest_player: SUCCESS, 180
get_all_players: SUCCESS
52
145
133
180
68
1
171
95
64
114
120
58
146
113
172
57
111
48
51
175
90
100
192
150
38
190
29
121
176
181
77
12
get_all_players: SUCCESS
105
37
24
43
53
10
39
add_team: FAILURE
play_match: FAILURE
add_player: FAILURE
knockout_winner: SUCCESS, 5
get_closest_player: SUCCESS, 56
unite_teams: FAILURE
knockout_winner: SUCCESS, 13
get_closest_player: SUCCESS, 121
get_team_points: SUCCESS, 2382
unite_teams: SUCCESS
play_match: FAILURE
play_match: FAILURE
unite_teams: FAILURE
unite_teams: SUCCESS
unite_teams: FAILURE
add_team: FAILURE
add_team: FAILURE
add_player: FAILURE
get_top_scorer: SUCCESS, 163
remove_player: SUCCESS
get_top_scorer: SUCCESS, 39
get_num_played_games: SUCCESS, 2184
get_closest_player: SUCCESS, 191
unite_teams: FAILURE
get_top_scorer: SUCCESS, 32
get_team_points: SUCCESS, 10671
get_all_players_count: SUCCESS, 13
add_team: FAILURE
get_all_players_count: SUCCESS, 38
update_player_stats: SUCCESS
get_num_played_games: SUCCESS, 2814
add_player: FAILURE
get_top_scorer: SUCCESS, 34
get_top_scorer: SUCCESS, 191
update_player_stats: SUCCESS
unite_teams: FAILURE
remove_player: SUCCESS
get_top_scorer: SUCCESS, 101
unite_teams: SUCCESS
knockout_winner: SUCCESS, 5
update_player_stats: SUCCESS
get_num_played_games: SUCCESS, 9916
add_player: FAILURE
get_team_points: SUCCESS, 10707
knockout_winner: SUCCESS, 13
remove_team: FAILURE
get_num_played_games: SUCCESS, 20069
get_num_played_games: SUCCESS, 9945
add_player: FAILURE
get_num_played_games: SUCCESS, 10354
play_match: FAILURE
get_team_points: SUCCESS, 2382
play_match: FAILURE
get_all_players: SUCCESS
45
123
82
71
16
54
124
26
25
76
184
94
get_all_players_count: SUCCESS, 22
get_team_points: SUCCESS, 32414
add_player: FAILURE
update_player_stats: SUCCESS
get_top_scorer: SUCCESS, 12
get_top_scorer: SUCCESS, 31
add_team: FAILURE
update_player_stats: SUCCESS
get_closest_player: SUCCESS, 43
add_team: FAILURE
remove_team: FAILURE
add_team: FAILURE
get_top_scorer: SUCCESS, 28
add_player: FAILURE
unite_teams: FAILURE
get_top_scorer: SUCCESS, 31
update_player_stats: SUCCESS
unite_teams: FAILURE
get_all_players: SUCCESS
93
63
154
33
143
7
14
128
67
69
194
169
148
129
22
191
update_player_stats: SUCCESS
remove_player: SUCCESS
unite_teams: INVALID_INPUT
play_match: SUCCESS
get_top_scorer: SUCCESS, 12
get_all_players: SUCCESS
45
123
82
71
16
54
124
26
25
76
184
94
remove_team: FAILURE
unite_teams: SUCCESS
get_closest_player: SUCCESS, 75
get_top_scorer: SUCCESS, 34
knockout_winner: SUCCESS, 13
play_match: FAILURE
remove_team: FAILURE
get_all_players: SUCCESS
45
123
82
71
16
54
124
26
25
76
184
94
remove_player: SUCCESS
update_player_stats: SUCCESS
get_team_points: SUCCESS, 18363
update_player_stats: SUCCESS
update_player_stats: SUCCESS
get_num_played_games: SUCCESS, 7715
add_team: FAILURE
add_player: FAILURE
remove_team: FAILURE
play_match: FAILURE
remove_team: FAILURE
knockout_winner: SUCCESS, 13
add_team: FAILURE
get_all_players: SUCCESS
132
103
174
155
31
knockout_winner: SUCCESS, 5
update_player_stats: SUCCESS
get_closest_player: SUCCESS, 99
add_player: FAILURE
add_player: FAILURE
play_match: FAILURE
get_num_played_games: SUCCESS, 10058
add_player: FAILURE
add_team: FAILURE
remove_team: FAILURE
remove_player: SUCCESS
add_player: FAILURE
remove_player: SUCCESS
knockout_winner: SUCCESS, 13
get_top_scorer: SUCCESS, 34
add_player: FAILURE
knockout_winner: SUCCESS, 13
get_all_players: SUCCESS
105
37
24
43
10
39
53
unite_teams: FAILURE
update_player_stats: SUCCESS
get_closest_player: SUCCESS, 131
knockout_winner: SUCCESS, 5
get_all_players: SUCCESS
45
123
82
71
16
124
26
25
76
184
94
get_top_scorer: SUCCESS, 34
add_team: FAILURE
unite_teams: SUCCESS
get_all_players: SUCCESS
93
63
154
33
143
165
7
14
21
161
91
128
67
69
194
169
129
22
148
56
191
34
knockout_winner: SUCCESS, 20
remove_player: SUCCESS
get_all_players_count: SUCCESS, 21
remove_team: FAILURE
get_team_points: SUCCESS, 10671
get_top_scorer: SUCCESS, 53
get_num_played_games: SUCCESS, 5457
get_closest_player: SUCCESS, 191
get_all_players_count: SUCCESS, 21
remove_team: FAILURE
remove_team: FAILURE
get_top_scorer: SUCCESS, 94
get_team_points: SUCCESS, 32417
get_team_points: SUCCESS, 24389
play_match: FAILURE
add_player: FAILURE
add_player: FAILURE
remove_team: FAILURE
get_team_points: SUCCESS, 6287
play_match: FAILURE
get_all_players: SUCCESS
55
30
125
117
41
157
144
50
101
119
get_num_played_games: SUCCESS, 10461
add_team: FAILURE
get_top_scorer: SUCCESS, 53
get_all_players_count: SUCCESS, 38
get_num_played_games: SUCCESS, 14725
remove_player: SUCCESS
get_all_players: SUCCESS
55
30
125
117
41
157
144
50
101
119
unite_teams: SUCCESS
remove_player: SUCCESS
get_all_players: SUCCESS
45
123
82
71
16
124
26
25
76
184
94
get_team_points: SUCCESS, 50078
get_all_players_count: SUCCESS, 72
add_team: FAILURE
get_team_points: SUCCESS, 32417
play_match: FAILURE
remove_team: FAILURE
remove_player: SUCCESS
add_team: FAILURE
get_closest_player: SUCCESS, 86
remove_team: FAILURE
update_player_stats: SUCCESS
get_all_players: SUCCESS
132
103
174
155
play_match: FAILURE
get_top_scorer: SUCCESS, 94
add_player: FAILURE
update_player_stats: SUCCESS
unite_teams: FAILURE
get_closest_player: SUCCESS, 58
get_closest_player: SUCCESS, 131
get_team_points: SUCCESS, 32417
get_team_points: SUCCESS, 6287
update_player_stats: SUCCESS
get_all_players: SUCCESS
105
37
24
43
10
39
53
knockout_winner: SUCCESS, 16
unite_teams: FAILURE
get_top_scorer: SUCCESS, 53
get_all_players: SUCCESS
55
30
41
157
144
50
117
125
101
119
play_match: FAILURE
get_team_points: SUCCESS, 6287
get_closest_player: SUCCESS, 5
get_all_players: SUCCESS
132
103
174
155
add_team: FAILURE
get_closest_player: SUCCESS, 86
get_all_players: SUCCESS
93
52
145
133
180
68
63
147
154
33
171
95
60
196
143
140
44
64
114
7
120
58
146
113
1
14
141
21
89
161
99
2
172
91
57
128
67
131
35
111
102
69
51
194
175
90
100
169
192
73
150
199
38
185
129
29
22
167
187
75
163
121
48
28
148
181
190
77
191
34
12
update_player_stats: SUCCESS
get_num_played_games: SUCCESS, 10321
add_team: FAILURE
knockout_winner: SUCCESS, 5
update_player_stats: SUCCESS
get_closest_player: SUCCESS, 138
get_all_players_count: SUCCESS, 37
update_player_stats: SUCCESS
get_closest_player: SUCCESS, 73
update_player_stats: SUCCESS
update_player_stats: SUCCESS
play_match: SUCCESS
remove_team: FAILURE
get_all_players: SUCCESS
93
52
145
133
180
68
63
147
154
33
171
95
60
196
143
140
44
64
7
120
58
146
113
1
14
141
21
89
161
99
2
172
91
57
128
67
131
35
111
102
69
51
194
175
90
100
169
192
114
73
150
199
38
185
129
29
22
167
187
75
121
48
148
181
190
77
191
34
163
28
12
remove_team: FAILURE
get_closest_player: SUCCESS, 60
get_all_players_count: SUCCESS, 37
get_team_points: SUCCESS, 10707
get_closest_player: SUCCESS, 133
remove_team: FAILURE
unite_teams: SUCCESS
add_team: FAILURE
play_match: FAILURE
add_player: FAILURE
add_team: FAILURE
get_top_scorer: SUCCESS, 32
remove_player: SUCCESS
get_all_players: SUCCESS
93
52
145
133
180
68
63
147
154
33
171
95
60
196
143
140
44
64
7
120
58
146
113
1
14
141
21
89
161
99
2
172
91
57
128
67
131
35
111
102
69
51
194
175
90
100
169
192
114
73
150
199
38
185
129
29
22
167
187
75
121
48
148
181
190
77
191
34
163
28
12
unite_teams: SUCCESS
get_team_points: SUCCESS, 10671
knockout_winner: SUCCESS, 5
unite_teams: FAILURE
get_closest_player: SUCCESS, 13
get_closest_player: SUCCESS, 36
unite_teams: FAILURE
remove_player: SUCCESS
add_team: FAILURE
get_all_players_count: SUCCESS, 71
knockout_winner: SUCCESS, 20
add_team: FAILURE
get_all_players: SUCCESS
93
52
145
133
180
68
63
147
154
33
171
95
60
196
143
140
44
64
7
120
58
146
113
1
14
141
21
89
161
99
2
172
91
57
128
67
131
35
111
102
69
51
194
175
90
100
169
192
114
73
150
199
38
185
129
29
22
167
187
75
121
48
148
181
190
77
191
34
163
28
12
play_match: SUCCESS
add_team: FAILURE
get_closest_player: SUCCESS, 14
update_player_stats: SUCCESS
play_match: INVALID_INPUT
add_player: FAILURE
add_player: FAILURE
get_closest_player: SUCCESS, 121
add_player: FAILURE
add_team: FAILURE
get_team_points: SUCCESS, 2382
get_closest_player: SUCCESS, 132
remove_team: FAILURE
play_match: INVALID_INPUT
add_player: FAILURE
get_all_players: SUCCESS
45
123
82
71
16
26
25
76
184
124
94
get_team_points: SUCCESS, 50081
remove_player: SUCCESS
knockout_winner: SUCCESS, 20
get_closest_player: SUCCESS, 94
play_match: INVALID_INPUT
add_team: FAILURE
get_top_scorer: SUCCESS, 94
update_player_stats: SUCCESS
knockout_winner: INVALID_INPUT
knockout_winner: SUCCESS, 20
remove_player: SUCCESS
knockout_winner: INVALID_INPUT
get_all_players: SUCCESS
105
37
24
43
10
39
53
get_all_players: SUCCESS
93
52
145
133
180
68
63
147
154
33
171
95
60
196
143
140
44
64
120
58
146
113
1
14
141
21
89
161
99
2
172
91
57
128
67
131
35
111
102
51
194
175
90
100
169
192
114
73
150
199
38
185
129
29
167
187
75
121
48
148
181
69
190
77
191
34
22
163
28
12
update_player_stats: SUCCESS
get_all_players: SUCCESS
45
123
82
71
16
26
25
76
184
124
94
get_all_players_count: SUCCESS, 11
get_all_players: SUCCESS
170
70
132
115
166
103
118
36
112
85
13
107
177
66
55
30
127
116
97
174
104
198
137
156
149
41
157
138
65
109
144
186
178
78
155
162
79
19
5
23
117
135
125
101
119
136
50
32
play_match: INVALID_INPUT
play_match: SUCCESS
remove_team: FAILURE
get_all_players: SUCCESS
105
37
24
43
10
39
53
play_match: SUCCESS
play_match: SUCCESS
knockout_winner: SUCCESS, 16
remove_team: FAILURE
get_num_played_games: SUCCESS, 11882
remove_player: SUCCESS
get_closest_player: SUCCESS, 141
get_closest_player: SUCCESS, 112
knockout_winner: SUCCESS, 5
remove_team: FAILURE
get_top_scorer: SUCCESS, 53
play_match: FAILURE
get_team_points: SUCCESS, 10671
play_match: SUCCESS
get_closest_player: SUCCESS, 33
play_match: FAILURE
add_player: FAILURE
get_num_played_games: SUCCESS, 2428
get_num_played_games: SUCCESS, 11652
get_team_points: SUCCESS, 10671
remove_team: FAILURE
unite_teams: FAILURE
get_team_points: SUCCESS, 50090
add_team: FAILURE
add_player: FAILURE
remove_player: SUCCESS
remove_player: SUCCESS
play_match: FAILURE
play_match: SUCCESS
play_match: FAILURE
add_player: FAILURE
add_player: FAILURE
add_team: FAILURE
remove_player: SUCCESS
add_team: FAILURE
play_match: SUCCESS
get_all_players_count: SUCCESS, 11
play_match: FAILURE
remove_player: SUCCESS
get_team_points: SUCCESS, 2382
get_all_players: SUCCESS
170
70
132
166
103
118
36
112
85
13
107
177
66
55
30
127
116
97
174
104
137
156
149
41
157
138
65
109
144
186
178
78
155
162
79
19
5
23
117
135
101
119
136
50
32
play_match: FAILURE
update_player_stats: SUCCESS
play_match: SUCCESS
update_player_stats: SUCCESS
get_all_players_count: SUCCESS, 68
knockout_winner: SUCCESS, 20
get_team_points: SUCCESS, 2382
knockout_winner: SUCCESS, 16
get_num_played_games: SUCCESS, 115
get_all_players: SUCCESS
105
37
43
10
39
24
53
get_team_points: SUCCESS, 50093
get_team_points: SUCCESS, 10671
unite_teams: SUCCESS
get_top_scorer: SUCCESS, 32
get_top_scorer: SUCCESS, 12
add_team: FAILURE
get_team_points: SUCCESS, 13053
add_team: FAILURE
get_num_played_games: SUCCESS, 22605
add_team: FAILURE
get_all_players_count: SUCCESS, 18
update_player_stats: SUCCESS
get_num_played_games: SUCCESS, 953
get_all_players_count: SUCCESS, 68
get_num_played_games: SUCCESS, 11885
knockout_winner: SUCCESS, 5
add_player: FAILURE
add_team: FAILURE
unite_teams: SUCCESS
get_all_players: SUCCESS
105
170
70
132
166
45
103
37
118
36
123
112
85
82
13
107
71
177
66
55
30
16
127
116
43
97
174
26
104
25
137
156
76
149
41
157
138
65
184
109
144
10
186
178
78
155
39
162
79
124
19
5
23
24
53
117
135
101
119
94
136
50
32
get_num_played_games: SUCCESS, 8587
unite_teams: SUCCESS
remove_player: SUCCESS
get_closest_player: SUCCESS, 5
get_top_scorer: SUCCESS, 12
get_team_points: SUCCESS, 112572
play_match: INVALID_INPUT
get_team_points: SUCCESS, 112572
knockout_winner: SUCCESS, 20
get_closest_player: SUCCESS, 35
get_team_points: SUCCESS, 112572
remove_player: SUCCESS
get_num_played_games: SUCCESS, 1320
get_all_players: SUCCESS
93
105
52
70
145
132
133
180
68
166
63
45
103
37
118
36
147
154
123
112
85
33
171
95
60
82
196
13
143
140
107
44
71
64
177
66
55
120
58
30
16
146
113
1
127
116
14
141
43
21
97
89
161
99
174
26
2
172
104
25
91
137
156
57
128
67
76
131
35
149
111
102
41
157
51
194
138
90
65
100
169
184
192
109
144
150
199
10
186
38
185
178
129
29
78
155
39
162
79
124
187
75
19
5
121
48
148
181
23
24
69
53
190
77
191
117
135
34
175
101
119
163
94
136
28
22
50
32
12
add_player: FAILURE
get_team_points: SUCCESS, 112572
get_team_points: SUCCESS, 112572
add_player: FAILURE
knockout_winner: SUCCESS, 20
unite_teams: INVALID_INPUT
remove_player: SUCCESS
knockout_winner: SUCCESS, 20
add_player: FAILURE
remove_player: SUCCESS
remove_player: SUCCESS
remove_player: SUCCESS
remove_player: SUCCESS
remove_player: SUCCESS
remove_player: SUCCESS
remove_player: SUCCESS
remove_player: SUCCESS
remove_player: SUCCESS
remove_player: SUCCESS
remove_player: SUCCESS
remove_player: SUCCESS
remove_player: SUCCESS
remove_player: SUCCESS
remove_player: SUCCESS
remove_player: SUCCESS
remove_player: SUCCESS
remove_player: SUCCESS
remove_player: SUCCESS
remove_player: SUCCESS
remove_player: SUCCESS
remove_player: SUCCESS
remove_player: SUCCESS
remove_player: SUCCESS
remove_player: SUCCESS
remove_player: SUCCESS
remove_player: SUCCESS
remove_player: SUCCESS
remove_player: SUCCESS
remove_player: SUCCESS
remove_player: SUCCESS
remove_player: SUCCESS
remove_player: SUCCESS
remove_player: SUCCESS
remove_player: SUCCESS
remove_player: SUCCESS
remove_player: SUCCESS
remove_player: SUCCESS
remove_player: SUCCESS
remove_player: SUCCESS
remove_player: SUCCESS
remove_player: SUCCESS
remove_player: SUCCESS
remove_player: SUCCESS
remove_player: SUCCESS
remove_player: SUCCESS
remove_player: SUCCESS
remove_player: SUCCESS
remove_player: SUCCESS
remove_player: SUCCESS
remove_player: SUCCESS
remove_player: SUCCESS
remove_player: SUCCESS
remove_player: SUCCESS
remove_player: SUCCESS
remove_player: SUCCESS
remove_player: SUCCESS
remove_player: SUCCESS
remove_player: SUCCESS
remove_player: SUCCESS
remove_player: SUCCESS
remove_player: SUCCESS
remove_player: SUCCESS
remove_player: SUCCESS
remove_player: SUCCESS
remove_player: SUCCESS
remove_player: SUCCESS
remove_player: SUCCESS
remove_player: SUCCESS
remove_player: SUCCESS
remove_player: SUCCESS
remove_player: SUCCESS
remove_player: SUCCESS
remove_player: SUCCESS
remove_player: SUCCESS
remove_player: SUCCESS
remove_player: SUCCESS
remove_player: SUCCESS
remove_player: SUCCESS
remove_player: SUCCESS
remove_player: SUCCESS
remove_player: SUCCESS
remove_player: SUCCESS
remove_player: SUCCESS
remove_player: SUCCESS
remove_player: SUCCESS
remove_player: SUCCESS
remove_player: SUCCESS
remove_player: SUCCESS
remove_player: SUCCESS
remove_player: SUCCESS
remove_player: SUCCESS
remove_player: SUCCESS
remove_player: SUCCESS
remove_player: SUCCESS
remove_player: SUCCESS
remove_player: SUCCESS
remove_player: SUCCESS
remove_player: SUCCESS
remove_player: SUCCESS
remove_player: SUCCESS
remove_player: SUCCESS
remove_player: SUCCESS
remove_player: SUCCESS
remove_player: SUCCESS
remove_player: SUCCESS
remove_player: SUCCESS
remove_player: SUCCESS
remove_player: SUCCESS
remove_player: SUCCESS
remove_player: SUCCESS
remove_player: SUCCESS
remove_player: SUCCESS
remove_player: SUCCESS
remove_player: SUCCESS
remove_player: SUCCESS
remove_player: SUCCESS
remove_player: SUCCESS
remove_player: SUCCESS
remove_player: SUCCESS
remove_player: SUCCESS
remove_player: SUCCESS
remove_player: SUCCESS
remove_player: SUCCESS
remove_player: SUCCESS
remove_player: SUCCESS
remove_player: SUCCESS
remove_player: SUCCESS
remove_team: SUCCESS
