add_team: SUCCESS
add_team: SUCCESS
add_team: SUCCESS
add_team: SUCCESS
add_team: SUCCESS
add_team: SUCCESS
add_team: SUCCESS
add_team: SUCCESS
add_team: SUCCESS
add_team: SUCCESS
add_team: SUCCESS
add_team: SUCCESS
add_team: SUCCESS
add_team: SUCCESS
add_team: SUCCESS
add_team: SUCCESS
add_team: SUCCESS
add_team: SUCCESS
add_team: SUCCESS
add_team: SUCCESS
add_player: SUCCESS
add_player: SUCCESS
add_player: SUCCESS
add_player: SUCCESS
add_player: SUCCESS
add_player: SUCCESS
add_player: SUCCESS
add_player: SUCCESS
add_player: SUCCESS
add_player: SUCCESS
add_player: SUCCESS
add_player: SUCCESS
add_player: SUCCESS
add_player: SUCCESS
add_player: SUCCESS
add_player: SUCCESS
add_player: SUCCESS
add_player: SUCCESS
add_player: SUCCESS
add_player: SUCCESS
add_player: SUCCESS
add_player: SUCCESS
add_player: SUCCESS
add_player: SUCCESS
add_player: SUCCESS
add_player: SUCCESS
add_player: SUCCESS
add_player: SUCCESS
add_player: SUCCESS
add_player: SUCCESS
add_player: SUCCESS
add_player: SUCCESS
add_player: SUCCESS
add_player: SUCCESS
add_player: SUCCESS
add_player: SUCCESS
add_player: SUCCESS
add_player: SUCCESS
add_player: SUCCESS
add_player: SUCCESS
add_player: SUCCESS
add_player: SUCCESS
add_player: SUCCESS
add_player: SUCCESS
add_player: SUCCESS
add_player: SUCCESS
add_player: SUCCESS
add_player: SUCCESS
add_player: SUCCESS
add_player: SUCCESS
add_player: SUCCESS
add_player: SUCCESS
add_player: SUCCESS
add_player: SUCCESS
add_player: SUCCESS
add_player: SUCCESS
add_player: SUCCESS
add_player: SUCCESS
add_player: SUCCESS
add_player: SUCCESS
add_player: SUCCESS
add_player: SUCCESS
add_player: SUCCESS
add_player: SUCCESS
add_player: SUCCESS
add_player: SUCCESS
add_player: SUCCESS
add_player: SUCCESS
add_player: SUCCESS
add_player: SUCCESS
add_player: SUCCESS
add_player: SUCCESS
add_player: SUCCESS
add_player: SUCCESS
add_player: SUCCESS
add_player: SUCCESS
add_player: SUCCESS
add_player: SUCCESS
add_player: SUCCESS
add_player: SUCCESS
add_player: SUCCESS
add_player: SUCCESS
add_player: SUCCESS
add_player: SUCCESS
add_player: SUCCESS
add_player: SUCCESS
add_player: SUCCESS
add_player: SUCCESS
add_player: SUCCESS
add_player: SUCCESS
add_player: SUCCESS
add_player: SUCCESS
add_player: SUCCESS
add_player: SUCCESS
add_player: SUCCESS
add_player: SUCCESS
add_player: SUCCESS
add_player: SUCCESS
add_player: SUCCESS
add_player: SUCCESS
add_player: SUCCESS
add_player: SUCCESS
add_player: SUCCESS
add_player: SUCCESS
add_player: SUCCESS
add_player: SUCCESS
add_player: SUCCESS
add_player: SUCCESS
add_player: SUCCESS
add_player: SUCCESS
add_player: SUCCESS
add_player: SUCCESS
add_player: SUCCESS
add_player: SUCCESS
add_player: SUCCESS
add_player: SUCCESS
add_player: SUCCESS
add_player: SUCCESS
add_player: SUCCESS
add_player: SUCCESS
add_player: SUCCESS
add_player: SUCCESS
add_player: SUCCESS
add_player: SUCCESS
add_player: SUCCESS
add_player: SUCCESS
add_player: SUCCESS
add_player: SUCCESS
add_player: SUCCESS
add_player: SUCCESS
add_player: SUCCESS
add_player: SUCCESS
add_player: SUCCESS
add_player: SUCCESS
add_player: SUCCESS
add_player: SUCCESS
add_player: SUCCESS
add_player: SUCCESS
add_player: SUCCESS
add_player: SUCCESS
add_player: SUCCESS
add_player: SUCCESS
add_player: SUCCESS
add_player: SUCCESS
add_player: SUCCESS
add_player: SUCCESS
add_player: SUCCESS
add_player: SUCCESS
add_player: SUCCESS
add_player: SUCCESS
add_player: SUCCESS
add_player: SUCCESS
add_player: SUCCESS
add_player: SUCCESS
add_player: SUCCESS
add_player: SUCCESS
add_player: SUCCESS
add_player: SUCCESS
add_player: SUCCESS
add_player: SUCCESS
add_player: SUCCESS
add_player: SUCCESS
add_player: SUCCESS
add_player: SUCCESS
add_player: SUCCESS
add_player: SUCCESS
add_player: SUCCESS
add_player: SUCCESS
add_player: SUCCESS
add_player: SUCCESS
add_player: SUCCESS
add_player: SUCCESS
add_player: SUCCESS
add_player: SUCCESS
add_player: SUCCESS
add_player: SUCCESS
add_player: SUCCESS
add_player: SUCCESS
add_player: SUCCESS
add_player: SUCCESS
add_player: SUCCESS
add_player: SUCCESS
add_player: SUCCESS
add_player: SUCCESS
add_player: SUCCESS
add_player: SUCCESS
add_player: SUCCESS
add_player: SUCCESS
add_player: SUCCESS
add_player: SUCCESS
add_player: SUCCESS
add_player: SUCCESS
add_player: SUCCESS
add_player: SUCCESS
add_player: SUCCESS
add_player: SUCCESS
add_player: SUCCESS
add_player: SUCCESS
add_player: SUCCESS
add_player: SUCCESS
add_player: FAILURE
get_team_points: SUCCESS, 9133
get_num_played_games: SUCCESS, 7168
play_match: FAILURE
get_num_played_games: SUCCESS, 11372
unite_teams: FAILURE
remove_player: SUCCESS
get_closest_player: SUCCESS, 157
get_team_points: SUCCESS, 11029
unite_teams: FAILURE
add_team: FAILURE
add_team: FAILURE
get_top_scorer: SUCCESS, 181
knockout_winner: SUCCESS, 4
knockout_winner: INVALID_INPUT
knockout_winner: INVALID_INPUT
knockout_winner: SUCCESS, 7
knockout_winner: INVALID_INPUT
get_all_players_count: SUCCESS, 6
unite_teams: FAILURE
get_team_points: SUCCESS, 6934
get_team_points: SUCCESS, 1228
remove_team: FAILURE
unite_teams: FAILURE
get_top_scorer: SUCCESS, 54
knockout_winner: SUCCESS, 4
knockout_winner: INVALID_INPUT
knockout_winner: INVALID_INPUT
knockout_winner: SUCCESS, 10
knockout_winner: INVALID_INPUT
update_player_stats: SUCCESS
unite_teams: SUCCESS
remove_player: SUCCESS
get_all_players: SUCCESS
49
92
175
29
135
139
172
122
51
74
41
get_closest_player: SUCCESS, 73
remove_team: FAILURE
get_all_players_count: SUCCESS, 8
unite_teams: FAILURE
get_team_points: SUCCESS, 5699
play_match: FAILURE
remove_player: SUCCESS
get_top_scorer: SUCCESS, 53
update_player_stats: SUCCESS
get_num_played_games: SUCCESS, 9579
get_num_played_games: SUCCESS, 6660
knockout_winner: INVALID_INPUT
knockout_winner: INVALID_INPUT
knockout_winner: INVALID_INPUT
knockout_winner: INVALID_INPUT
knockout_winner: INVALID_INPUT
get_all_players_count: SUCCESS, 10
get_num_played_games: SUCCESS, 8365
get_all_players: SUCCESS
3
100
124
11
118
54
add_team: FAILURE
get_top_scorer: SUCCESS, 4
remove_player: SUCCESS
get_all_players_count: SUCCESS, 5
get_closest_player: SUCCESS, 133
get_team_points: SUCCESS, 10796
play_match: SUCCESS
add_team: FAILURE
get_closest_player: SUCCESS, 151
add_player: FAILURE
get_all_players: SUCCESS
162
47
101
24
173
94
142
get_all_players_count: SUCCESS, 5
add_player: FAILURE
get_all_players: SUCCESS
158
27
38
60
163
131
79
121
get_all_players: SUCCESS
162
47
101
24
173
94
142
get_all_players_count: SUCCESS, 6
get_closest_player: SUCCESS, 63
unite_teams: FAILURE
add_team: FAILURE
get_all_players_count: SUCCESS, 10
get_num_played_games: SUCCESS, 5469
get_closest_player: SUCCESS, 80
add_team: FAILURE
get_team_points: SUCCESS, 9133
get_all_players_count: SUCCESS, 11
add_team: FAILURE
get_team_points: SUCCESS, 11197
knockout_winner: FAILURE
knockout_winner: SUCCESS, 17
knockout_winner: FAILURE
knockout_winner: FAILURE
knockout_winner: INVALID_INPUT
unite_teams: FAILURE
unite_teams: FAILURE
add_team: FAILURE
get_all_players_count: SUCCESS, 10
add_player: FAILURE
play_match: FAILURE
get_team_points: SUCCESS, 10836
add_team: FAILURE
add_team: FAILURE
get_team_points: SUCCESS, 9133
update_player_stats: SUCCESS
update_player_stats: SUCCESS
get_all_players: SUCCESS
146
103
9
61
157
185
152
7
17
23
128
update_player_stats: SUCCESS
knockout_winner: SUCCESS, 14
knockout_winner: SUCCESS, 14
knockout_winner: SUCCESS, 14
knockout_winner: SUCCESS, 19
knockout_winner: INVALID_INPUT
add_player: FAILURE
knockout_winner: SUCCESS, 14
knockout_winner: SUCCESS, 14
knockout_winner: SUCCESS, 10
knockout_winner: SUCCESS, 19
knockout_winner: INVALID_INPUT
get_all_players: SUCCESS
158
27
38
60
163
131
79
121
add_team: FAILURE
get_team_points: SUCCESS, 2922
get_all_players: SUCCESS
158
27
38
60
163
131
79
121
get_top_scorer: SUCCESS, 199
remove_player: SUCCESS
add_player: FAILURE
play_match: SUCCESS
get_num_played_games: SUCCESS, 1365
update_player_stats: SUCCESS
get_closest_player: SUCCESS, 196
get_top_scorer: SUCCESS, 53
get_team_points: SUCCESS, 9133
get_team_points: SUCCESS, 11197
unite_teams: FAILURE
add_team: FAILURE
get_all_players: SUCCESS
158
27
38
60
131
79
121
knockout_winner: SUCCESS, 14
knockout_winner: SUCCESS, 14
knockout_winner: SUCCESS, 6
knockout_winner: SUCCESS, 14
knockout_winner: SUCCESS, 14
add_team: FAILURE
add_player: FAILURE
remove_player: SUCCESS
get_all_players: SUCCESS
6
171
111
91
30
73
63
35
119
64
69
159
165
186
107
get_all_players: SUCCESS
110
197
87
45
147
160
8
13
10
53
get_num_played_games: SUCCESS, 388
get_all_players_count: SUCCESS, 7
add_team: FAILURE
get_top_scorer: SUCCESS, 4
add_player: FAILURE
get_all_players: SUCCESS
3
100
124
11
118
54
remove_player: SUCCESS
remove_team: FAILURE
add_team: FAILURE
knockout_winner: SUCCESS, 7
knockout_winner: SUCCESS, 6
knockout_winner: FAILURE
knockout_winner: FAILURE
knockout_winner: INVALID_INPUT
knockout_winner: SUCCESS, 14
knockout_winner: SUCCESS, 14
knockout_winner: SUCCESS, 10
knockout_winner: SUCCESS, 19
knockout_winner: INVALID_INPUT
get_top_scorer: SUCCESS, 167
add_player: FAILURE
knockout_winner: FAILURE
knockout_winner: SUCCESS, 14
knockout_winner: FAILURE
knockout_winner: FAILURE
knockout_winner: INVALID_INPUT
get_top_scorer: SUCCESS, 162
knockout_winner: SUCCESS, 4
knockout_winner: INVALID_INPUT
knockout_winner: INVALID_INPUT
knockout_winner: SUCCESS, 7
knockout_winner: INVALID_INPUT
get_num_played_games: SUCCESS, 5427
get_all_players: SUCCESS
70
89
93
144
134
50
129
184
76
177
get_closest_player: SUCCESS, 147
get_all_players_count: SUCCESS, 7
get_team_points: SUCCESS, 21298
get_closest_player: SUCCESS, 197
get_all_players_count: SUCCESS, 15
get_all_players_count: SUCCESS, 11
remove_team: FAILURE
play_match: SUCCESS
get_all_players_count: SUCCESS, 8
get_team_points: SUCCESS, 10836
get_closest_player: SUCCESS, 154
get_closest_player: SUCCESS, 200
get_team_points: SUCCESS, 8873
update_player_stats: SUCCESS
play_match: FAILURE
get_all_players: SUCCESS
158
27
38
60
131
79
121
get_all_players_count: SUCCESS, 10
add_team: FAILURE
get_top_scorer: SUCCESS, 188
get_team_points: SUCCESS, 9317
remove_team: FAILURE
play_match: FAILURE
get_team_points: SUCCESS, 3833
remove_player: SUCCESS
get_team_points: SUCCESS, 10796
get_all_players_count: SUCCESS, 5
play_match: FAILURE
get_all_players: SUCCESS
161
22
130
32
154
105
43
108
180
20
77
update_player_stats: SUCCESS
get_num_played_games: SUCCESS, 5361
add_player: FAILURE
get_all_players_count: SUCCESS, 7
remove_player: SUCCESS
update_player_stats: SUCCESS
get_top_scorer: SUCCESS, 77
update_player_stats: SUCCESS
add_player: FAILURE
update_player_stats: SUCCESS
remove_team: FAILURE
unite_teams: FAILURE
get_team_points: SUCCESS, 6934
add_team: FAILURE
get_all_players: SUCCESS
158
27
38
60
131
79
121
get_all_players: SUCCESS
49
92
175
135
139
172
122
51
74
41
remove_player: SUCCESS
get_all_players: SUCCESS
112
34
28
192
5
126
83
remove_team: FAILURE
play_match: INVALID_INPUT
get_all_players: SUCCESS
146
103
9
185
152
7
17
23
61
knockout_winner: INVALID_INPUT
knockout_winner: INVALID_INPUT
knockout_winner: INVALID_INPUT
knockout_winner: INVALID_INPUT
knockout_winner: INVALID_INPUT
add_team: FAILURE
remove_player: SUCCESS
get_all_players: SUCCESS
95
164
102
52
68
169
37
66
151
104
156
16
189
play_match: FAILURE
get_closest_player: SUCCESS, 151
get_num_played_games: SUCCESS, 2990
remove_team: FAILURE
get_all_players: SUCCESS
49
175
135
139
172
122
51
74
41
remove_player: SUCCESS
get_all_players_count: SUCCESS, 9
add_player: FAILURE
get_all_players: SUCCESS
6
171
111
91
30
73
63
35
119
64
69
165
186
159
107
remove_player: SUCCESS
get_num_played_games: SUCCESS, 5476
get_team_points: SUCCESS, 10836
get_num_played_games: SUCCESS, 9458
get_num_played_games: SUCCESS, 8284
remove_team: FAILURE
add_team: FAILURE
play_match: FAILURE
get_team_points: SUCCESS, 11029
unite_teams: FAILURE
knockout_winner: INVALID_INPUT
knockout_winner: SUCCESS, 6
knockout_winner: INVALID_INPUT
knockout_winner: INVALID_INPUT
knockout_winner: INVALID_INPUT
get_team_points: SUCCESS, 2041
add_team: FAILURE
unite_teams: FAILURE
get_team_points: SUCCESS, 10896
unite_teams: FAILURE
get_num_played_games: SUCCESS, 5427
remove_player: SUCCESS
remove_team: FAILURE
update_player_stats: SUCCESS
get_num_played_games: SUCCESS, 5867
get_top_scorer: SUCCESS, 53
get_num_played_games: SUCCESS, 6091
get_all_players_count: SUCCESS, 9
play_match: FAILURE
get_team_points: SUCCESS, 21298
update_player_stats: SUCCESS
add_player: FAILURE
add_player: FAILURE
get_num_played_games: SUCCESS, 9267
get_closest_player: SUCCESS, 130
play_match: FAILURE
knockout_winner: FAILURE
knockout_winner: SUCCESS, 10
knockout_winner: FAILURE
knockout_winner: SUCCESS, 19
knockout_winner: INVALID_INPUT
add_player: FAILURE
update_player_stats: SUCCESS
get_num_played_games: SUCCESS, 3607
get_top_scorer: SUCCESS, 121
get_top_scorer: SUCCESS, 41
get_num_played_games: SUCCESS, 6486
update_player_stats: SUCCESS
get_closest_player: SUCCESS, 18
get_team_points: SUCCESS, 3833
get_top_scorer: SUCCESS, 46
get_all_players: SUCCESS
95
164
102
52
68
169
37
66
151
104
156
16
189
remove_player: SUCCESS
play_match: FAILURE
remove_team: FAILURE
knockout_winner: FAILURE
knockout_winner: SUCCESS, 19
knockout_winner: FAILURE
knockout_winner: FAILURE
knockout_winner: INVALID_INPUT
remove_player: SUCCESS
get_top_scorer: SUCCESS, 4
get_num_played_games: SUCCESS, 3197
add_team: FAILURE
remove_team: FAILURE
add_team: FAILURE
get_all_players: SUCCESS
42
58
31
33
194
140
191
46
get_num_played_games: SUCCESS, 12013
get_top_scorer: SUCCESS, 107
remove_team: FAILURE
remove_team: FAILURE
update_player_stats: SUCCESS
add_player: FAILURE
play_match: FAILURE
get_all_players: SUCCESS
146
103
9
185
152
7
17
23
61
get_num_played_games: SUCCESS, 20528
unite_teams: FAILURE
get_num_played_games: SUCCESS, 1469
update_player_stats: SUCCESS
get_top_scorer: SUCCESS, 107
get_all_players_count: SUCCESS, 11
get_team_points: SUCCESS, 6934
unite_teams: FAILURE
unite_teams: INVALID_INPUT
update_player_stats: SUCCESS
remove_player: SUCCESS
add_player: FAILURE
add_team: FAILURE
remove_team: FAILURE
get_team_points: SUCCESS, 9317
get_num_played_games: SUCCESS, 8818
get_all_players_count: SUCCESS, 14
remove_player: SUCCESS
add_player: FAILURE
add_player: FAILURE
add_team: FAILURE
get_team_points: SUCCESS, 2518
get_team_points: SUCCESS, 5705
get_team_points: SUCCESS, 8427
get_closest_player: SUCCESS, 59
play_match: FAILURE
add_team: FAILURE
add_team: FAILURE
knockout_winner: INVALID_INPUT
knockout_winner: INVALID_INPUT
knockout_winner: INVALID_INPUT
knockout_winner: INVALID_INPUT
knockout_winner: INVALID_INPUT
remove_team: FAILURE
play_match: FAILURE
remove_player: SUCCESS
remove_team: FAILURE
unite_teams: INVALID_INPUT
get_team_points: SUCCESS, 1228
get_closest_player: SUCCESS, 87
play_match: FAILURE
knockout_winner: INVALID_INPUT
knockout_winner: INVALID_INPUT
knockout_winner: INVALID_INPUT
knockout_winner: INVALID_INPUT
knockout_winner: INVALID_INPUT
knockout_winner: SUCCESS, 19
knockout_winner: SUCCESS, 19
knockout_winner: FAILURE
knockout_winner: FAILURE
knockout_winner: INVALID_INPUT
get_all_players_count: SUCCESS, 7
unite_teams: FAILURE
get_team_points: SUCCESS, 9317
get_all_players_count: SUCCESS, 7
add_player: FAILURE
unite_teams: FAILURE
knockout_winner: FAILURE
knockout_winner: SUCCESS, 19
knockout_winner: FAILURE
knockout_winner: FAILURE
knockout_winner: INVALID_INPUT
get_closest_player: SUCCESS, 133
knockout_winner: FAILURE
knockout_winner: SUCCESS, 19
knockout_winner: FAILURE
knockout_winner: FAILURE
knockout_winner: INVALID_INPUT
get_closest_player: SUCCESS, 76
remove_team: FAILURE
unite_teams: FAILURE
add_team: FAILURE
remove_team: FAILURE
get_all_players: SUCCESS
112
28
192
5
126
34
83
play_match: INVALID_INPUT
remove_team: FAILURE
add_team: FAILURE
update_player_stats: SUCCESS
update_player_stats: SUCCESS
knockout_winner: FAILURE
knockout_winner: SUCCESS, 6
knockout_winner: SUCCESS, 6
knockout_winner: FAILURE
knockout_winner: INVALID_INPUT
play_match: FAILURE
unite_teams: FAILURE
unite_teams: FAILURE
get_closest_player: SUCCESS, 39
unite_teams: FAILURE
remove_team: FAILURE
remove_player: SUCCESS
get_all_players_count: SUCCESS, 17
add_team: FAILURE
get_closest_player: SUCCESS, 194
remove_player: SUCCESS
unite_teams: FAILURE
get_all_players_count: SUCCESS, 9
get_top_scorer: SUCCESS, 86
add_player: FAILURE
add_player: FAILURE
remove_player: SUCCESS
add_team: FAILURE
get_num_played_games: SUCCESS, 11708
get_closest_player: SUCCESS, 89
play_match: FAILURE
get_num_played_games: SUCCESS, 5674
add_player: FAILURE
get_team_points: SUCCESS, 10836
add_player: FAILURE
unite_teams: FAILURE
remove_player: SUCCESS
knockout_winner: SUCCESS, 19
knockout_winner: SUCCESS, 19
knockout_winner: FAILURE
knockout_winner: FAILURE
knockout_winner: INVALID_INPUT
get_top_scorer: SUCCESS, 125
add_team: FAILURE
add_player: FAILURE
get_top_scorer: SUCCESS, 46
remove_player: SUCCESS
add_team: FAILURE
remove_player: SUCCESS
add_team: FAILURE
get_top_scorer: SUCCESS, 54
get_closest_player: SUCCESS, 108
knockout_winner: SUCCESS, 6
knockout_winner: INVALID_INPUT
knockout_winner: INVALID_INPUT
knockout_winner: SUCCESS, 19
knockout_winner: FAILURE
add_team: FAILURE
get_all_players_count: SUCCESS, 7
get_top_scorer: SUCCESS, 121
get_num_played_games: SUCCESS, 13361
add_player: FAILURE
unite_teams: SUCCESS
get_closest_player: SUCCESS, 167
remove_team: FAILURE
get_top_scorer: SUCCESS, 162
get_all_players_count: SUCCESS, 7
get_closest_player: SUCCESS, 114
get_team_points: SUCCESS, 10796
unite_teams: FAILURE
knockout_winner: SUCCESS, 19
knockout_winner: SUCCESS, 19
knockout_winner: FAILURE
knockout_winner: FAILURE
knockout_winner: INVALID_INPUT
add_team: FAILURE
get_closest_player: SUCCESS, 191
get_all_players_count: SUCCESS, 8
get_team_points: SUCCESS, 8427
get_top_scorer: SUCCESS, 77
unite_teams: FAILURE
add_team: FAILURE
update_player_stats: SUCCESS
update_player_stats: SUCCESS
get_all_players_count: SUCCESS, 7
play_match: FAILURE
unite_teams: INVALID_INPUT
get_top_scorer: SUCCESS, 107
get_num_played_games: SUCCESS, 1319
add_team: FAILURE
get_all_players: SUCCESS
70
89
93
144
134
129
184
76
177
get_all_players_count: SUCCESS, 7
unite_teams: FAILURE
remove_player: SUCCESS
add_team: FAILURE
get_team_points: SUCCESS, 2596
get_team_points: SUCCESS, 2041
play_match: INVALID_INPUT
knockout_winner: FAILURE
knockout_winner: SUCCESS, 19
knockout_winner: FAILURE
knockout_winner: SUCCESS, 19
knockout_winner: INVALID_INPUT
get_team_points: SUCCESS, 10836
get_team_points: SUCCESS, 10836
get_all_players_count: SUCCESS, 7
get_num_played_games: SUCCESS, 9821
get_all_players: SUCCESS
42
58
31
33
194
140
191
46
get_num_played_games: SUCCESS, 6295
add_player: FAILURE
update_player_stats: SUCCESS
get_num_played_games: SUCCESS, 3803
add_player: FAILURE
add_player: FAILURE
get_all_players_count: SUCCESS, 8
remove_team: FAILURE
get_team_points: SUCCESS, 21298
unite_teams: FAILURE
unite_teams: SUCCESS
get_num_played_games: SUCCESS, 866
get_all_players: SUCCESS
6
171
111
91
30
73
63
119
64
69
165
186
159
107
knockout_winner: SUCCESS, 17
knockout_winner: INVALID_INPUT
knockout_winner: INVALID_INPUT
knockout_winner: SUCCESS, 17
knockout_winner: SUCCESS, 6
get_top_scorer: SUCCESS, 61
get_closest_player: SUCCESS, 74
add_team: FAILURE
knockout_winner: FAILURE
knockout_winner: SUCCESS, 17
knockout_winner: FAILURE
knockout_winner: FAILURE
knockout_winner: INVALID_INPUT
add_player: FAILURE
unite_teams: INVALID_INPUT
remove_team: FAILURE
get_team_points: SUCCESS, 10896
get_num_played_games: SUCCESS, 2946
play_match: INVALID_INPUT
remove_player: SUCCESS
get_all_players_count: SUCCESS, 5
update_player_stats: SUCCESS
knockout_winner: SUCCESS, 17
knockout_winner: SUCCESS, 17
knockout_winner: FAILURE
knockout_winner: SUCCESS, 19
knockout_winner: INVALID_INPUT
play_match: INVALID_INPUT
remove_player: SUCCESS
unite_teams: FAILURE
get_top_scorer: SUCCESS, 28
add_player: FAILURE
get_all_players_count: SUCCESS, 17
play_match: INVALID_INPUT
get_closest_player: SUCCESS, 156
get_team_points: SUCCESS, 9301
update_player_stats: SUCCESS
remove_player: SUCCESS
get_all_players: SUCCESS
12
97
174
155
14
78
136
84
132
85
115
21
80
178
145
200
99
120
39
86
add_player: FAILURE
get_closest_player: SUCCESS, 188
remove_team: FAILURE
add_player: FAILURE
update_player_stats: SUCCESS
remove_team: FAILURE
remove_player: SUCCESS
update_player_stats: SUCCESS
get_team_points: SUCCESS, 9301
update_player_stats: SUCCESS
get_num_played_games: SUCCESS, 9742
unite_teams: FAILURE
remove_team: FAILURE
get_top_scorer: SUCCESS, 4
remove_team: FAILURE
update_player_stats: SUCCESS
knockout_winner: SUCCESS, 6
knockout_winner: INVALID_INPUT
knockout_winner: INVALID_INPUT
knockout_winner: SUCCESS, 17
knockout_winner: FAILURE
add_player: FAILURE
unite_teams: FAILURE
unite_teams: FAILURE
remove_player: SUCCESS
get_all_players: SUCCESS
3
100
124
11
118
54
get_num_played_games: SUCCESS, 377
remove_player: SUCCESS
update_player_stats: SUCCESS
get_num_played_games: SUCCESS, 20528
update_player_stats: SUCCESS
remove_player: SUCCESS
get_all_players_count: SUCCESS, 16
play_match: FAILURE
get_team_points: SUCCESS, 12055
remove_player: SUCCESS
remove_player: SUCCESS
update_player_stats: SUCCESS
get_all_players_count: SUCCESS, 6
knockout_winner: SUCCESS, 7
knockout_winner: SUCCESS, 7
knockout_winner: FAILURE
knockout_winner: FAILURE
knockout_winner: INVALID_INPUT
knockout_winner: SUCCESS, 7
knockout_winner: INVALID_INPUT
knockout_winner: INVALID_INPUT
knockout_winner: FAILURE
knockout_winner: INVALID_INPUT
remove_player: SUCCESS
remove_team: FAILURE
knockout_winner: SUCCESS, 7
knockout_winner: INVALID_INPUT
knockout_winner: INVALID_INPUT
knockout_winner: SUCCESS, 7
knockout_winner: INVALID_INPUT
remove_team: FAILURE
get_all_players_count: SUCCESS, 7
get_team_points: SUCCESS, 11200
get_team_points: SUCCESS, 10896
remove_player: SUCCESS
add_player: FAILURE
unite_teams: FAILURE
knockout_winner: FAILURE
knockout_winner: INVALID_INPUT
knockout_winner: INVALID_INPUT
knockout_winner: FAILURE
knockout_winner: INVALID_INPUT
knockout_winner: SUCCESS, 17
knockout_winner: SUCCESS, 17
knockout_winner: SUCCESS, 7
knockout_winner: SUCCESS, 17
knockout_winner: FAILURE
add_player: FAILURE
knockout_winner: SUCCESS, 17
knockout_winner: INVALID_INPUT
knockout_winner: INVALID_INPUT
knockout_winner: SUCCESS, 17
knockout_winner: SUCCESS, 7
add_team: FAILURE
get_all_players: SUCCESS
146
103
9
175
135
172
51
185
7
17
23
74
41
152
61
add_team: FAILURE
get_all_players: SUCCESS
153
143
113
149
4
get_all_players_count: SUCCESS, 15
get_num_played_games: SUCCESS, 9596
update_player_stats: SUCCESS
add_player: FAILURE
get_num_played_games: SUCCESS, 866
add_team: FAILURE
knockout_winner: SUCCESS, 17
knockout_winner: SUCCESS, 17
knockout_winner: SUCCESS, 7
knockout_winner: SUCCESS, 17
knockout_winner: INVALID_INPUT
get_closest_player: SUCCESS, 42
get_closest_player: SUCCESS, 166
get_all_players_count: SUCCESS, 8
update_player_stats: SUCCESS
get_all_players: SUCCESS
27
158
38
60
131
79
121
get_num_played_games: SUCCESS, 8284
remove_player: SUCCESS
get_all_players: SUCCESS
44
116
127
62
150
play_match: FAILURE
remove_player: SUCCESS
add_player: FAILURE
get_closest_player: SUCCESS, 44
remove_team: FAILURE
update_player_stats: SUCCESS
get_all_players_count: SUCCESS, 10
add_player: FAILURE
play_match: FAILURE
get_closest_player: SUCCESS, 120
play_match: FAILURE
add_player: FAILURE
remove_player: SUCCESS
get_all_players_count: SUCCESS, 7
update_player_stats: SUCCESS
get_all_players_count: SUCCESS, 7
remove_team: FAILURE
remove_player: SUCCESS
get_team_points: SUCCESS, 12055
update_player_stats: SUCCESS
get_team_points: SUCCESS, 9317
get_team_points: SUCCESS, 12055
remove_player: SUCCESS
get_all_players_count: SUCCESS, 5
knockout_winner: SUCCESS, 19
knockout_winner: SUCCESS, 17
knockout_winner: FAILURE
knockout_winner: FAILURE
knockout_winner: INVALID_INPUT
get_num_played_games: SUCCESS, 9821
get_all_players_count: SUCCESS, 16
get_closest_player: SUCCESS, 11
unite_teams: FAILURE
remove_player: SUCCESS
add_player: FAILURE
get_all_players: SUCCESS
95
52
68
164
37
151
66
156
16
104
unite_teams: FAILURE
add_team: FAILURE
get_team_points: SUCCESS, 8873
get_top_scorer: SUCCESS, 13
get_all_players: SUCCESS
110
197
81
137
123
45
90
147
15
8
106
190
199
53
13
update_player_stats: SUCCESS
get_team_points: SUCCESS, 11029
get_team_points: SUCCESS, 8873
add_player: FAILURE
remove_team: FAILURE
get_top_scorer: SUCCESS, 13
remove_player: SUCCESS
get_all_players: SUCCESS
195
148
117
166
183
167
125
109
remove_player: SUCCESS
unite_teams: FAILURE
get_closest_player: SUCCESS, 142
update_player_stats: SUCCESS
get_closest_player: SUCCESS, 153
update_player_stats: SUCCESS
play_match: FAILURE
get_closest_player: SUCCESS, 148
remove_player: SUCCESS
get_all_players: SUCCESS
27
158
38
60
131
79
121
get_top_scorer: SUCCESS, 150
get_num_played_games: SUCCESS, 8017
add_player: FAILURE
get_top_scorer: SUCCESS, 159
get_closest_player: SUCCESS, 129
add_team: FAILURE
get_team_points: SUCCESS, 10796
remove_team: FAILURE
get_num_played_games: SUCCESS, 264
knockout_winner: INVALID_INPUT
knockout_winner: SUCCESS, 17
knockout_winner: INVALID_INPUT
knockout_winner: INVALID_INPUT
knockout_winner: INVALID_INPUT
remove_player: SUCCESS
remove_team: FAILURE
get_num_played_games: SUCCESS, 18306
knockout_winner: FAILURE
knockout_winner: SUCCESS, 17
knockout_winner: SUCCESS, 7
knockout_winner: SUCCESS, 17
knockout_winner: INVALID_INPUT
add_team: FAILURE
update_player_stats: SUCCESS
get_closest_player: SUCCESS, 120
unite_teams: FAILURE
update_player_stats: SUCCESS
get_num_played_games: SUCCESS, 12022
unite_teams: FAILURE
get_all_players: SUCCESS
153
143
149
113
4
remove_team: FAILURE
get_closest_player: SUCCESS, 167
remove_player: SUCCESS
add_team: FAILURE
knockout_winner: SUCCESS, 17
knockout_winner: SUCCESS, 17
knockout_winner: SUCCESS, 7
knockout_winner: SUCCESS, 17
knockout_winner: FAILURE
get_num_played_games: SUCCESS, 8629
get_team_points: SUCCESS, 2518
get_num_played_games: SUCCESS, 7492
play_match: FAILURE
remove_team: FAILURE
remove_team: FAILURE
get_closest_player: SUCCESS, 75
get_team_points: SUCCESS, 9301
remove_team: FAILURE
add_player: FAILURE
add_team: FAILURE
remove_team: FAILURE
play_match: FAILURE
get_closest_player: SUCCESS, 199
get_team_points: SUCCESS, 8427
remove_player: SUCCESS
get_closest_player: SUCCESS, 70
knockout_winner: SUCCESS, 19
knockout_winner: SUCCESS, 17
knockout_winner: FAILURE
knockout_winner: FAILURE
knockout_winner: INVALID_INPUT
unite_teams: FAILURE
get_all_players: SUCCESS
12
97
174
155
14
78
84
132
85
21
80
178
145
200
99
120
39
86
unite_teams: INVALID_INPUT
play_match: FAILURE
get_all_players_count: SUCCESS, 5
remove_team: FAILURE
unite_teams: FAILURE
update_player_stats: SUCCESS
unite_teams: FAILURE
update_player_stats: SUCCESS
add_player: FAILURE
update_player_stats: SUCCESS
get_top_scorer: SUCCESS, 54
remove_team: FAILURE
add_player: FAILURE
play_match: FAILURE
add_player: FAILURE
get_all_players: SUCCESS
6
171
111
30
63
119
69
165
186
159
get_top_scorer: SUCCESS, 104
knockout_winner: INVALID_INPUT
knockout_winner: FAILURE
knockout_winner: INVALID_INPUT
knockout_winner: INVALID_INPUT
knockout_winner: INVALID_INPUT
add_team: FAILURE
add_team: FAILURE
update_player_stats: SUCCESS
remove_player: SUCCESS
get_top_scorer: SUCCESS, 46
update_player_stats: SUCCESS
remove_player: SUCCESS
get_all_players_count: SUCCESS, 6
get_team_points: SUCCESS, 2041
get_all_players: SUCCESS
47
101
24
173
94
162
142
get_top_scorer: SUCCESS, 142
get_team_points: SUCCESS, 10796
get_all_players_count: SUCCESS, 14
get_closest_player: SUCCESS, 191
knockout_winner: INVALID_INPUT
knockout_winner: SUCCESS, 17
knockout_winner: INVALID_INPUT
knockout_winner: INVALID_INPUT
knockout_winner: INVALID_INPUT
get_closest_player: SUCCESS, 154
add_team: FAILURE
get_all_players: SUCCESS
70
89
134
129
76
93
add_team: FAILURE
update_player_stats: SUCCESS
play_match: FAILURE
get_team_points: SUCCESS, 21298
remove_team: FAILURE
get_all_players: SUCCESS
124
100
11
118
54
remove_player: SUCCESS
update_player_stats: SUCCESS
knockout_winner: SUCCESS, 7
knockout_winner: INVALID_INPUT
knockout_winner: INVALID_INPUT
knockout_winner: FAILURE
knockout_winner: INVALID_INPUT
get_all_players: SUCCESS
146
103
175
172
51
185
7
17
23
135
41
152
74
61
knockout_winner: FAILURE
knockout_winner: SUCCESS, 17
knockout_winner: SUCCESS, 7
knockout_winner: SUCCESS, 17
knockout_winner: INVALID_INPUT
play_match: FAILURE
add_player: FAILURE
get_top_scorer: SUCCESS, 13
remove_team: FAILURE
unite_teams: FAILURE
remove_player: SUCCESS
get_closest_player: SUCCESS, 59
play_match: SUCCESS
remove_player: SUCCESS
get_all_players_count: SUCCESS, 13
update_player_stats: SUCCESS
get_all_players: SUCCESS
47
101
24
173
94
162
142
update_player_stats: SUCCESS
get_closest_player: SUCCESS, 186
get_all_players_count: SUCCESS, 7
get_all_players_count: SUCCESS, 13
knockout_winner: INVALID_INPUT
knockout_winner: FAILURE
knockout_winner: INVALID_INPUT
knockout_winner: INVALID_INPUT
knockout_winner: INVALID_INPUT
knockout_winner: SUCCESS, 17
knockout_winner: SUCCESS, 17
knockout_winner: FAILURE
knockout_winner: SUCCESS, 19
knockout_winner: INVALID_INPUT
get_closest_player: SUCCESS, 129
get_top_scorer: SUCCESS, 86
get_closest_player: SUCCESS, 24
knockout_winner: SUCCESS, 7
knockout_winner: INVALID_INPUT
knockout_winner: INVALID_INPUT
knockout_winner: SUCCESS, 17
knockout_winner: SUCCESS, 7
play_match: FAILURE
knockout_winner: SUCCESS, 19
knockout_winner: SUCCESS, 17
knockout_winner: FAILURE
knockout_winner: FAILURE
knockout_winner: INVALID_INPUT
get_team_points: SUCCESS, 11029
get_all_players: SUCCESS
42
31
194
140
191
46
update_player_stats: SUCCESS
get_num_played_games: SUCCESS, 5867
get_top_scorer: SUCCESS, 54
get_all_players: SUCCESS
153
143
149
113
4
get_all_players: SUCCESS
6
171
111
30
63
119
69
165
186
159
get_num_played_games: SUCCESS, 9719
update_player_stats: SUCCESS
unite_teams: FAILURE
remove_team: FAILURE
update_player_stats: SUCCESS
play_match: FAILURE
get_all_players: SUCCESS
70
89
134
129
76
93
get_team_points: SUCCESS, 2518
remove_player: SUCCESS
get_top_scorer: SUCCESS, 168
get_num_played_games: SUCCESS, 6486
add_team: FAILURE
update_player_stats: SUCCESS
get_closest_player: SUCCESS, 84
remove_team: FAILURE
get_closest_player: SUCCESS, 84
get_top_scorer: SUCCESS, 54
get_all_players: SUCCESS
146
103
172
51
185
7
17
23
41
152
74
61
135
update_player_stats: SUCCESS
get_all_players: SUCCESS
153
143
149
113
4
get_all_players: SUCCESS
42
31
194
140
191
46
get_num_played_games: SUCCESS, 18306
unite_teams: FAILURE
knockout_winner: SUCCESS, 17
knockout_winner: SUCCESS, 17
knockout_winner: FAILURE
knockout_winner: SUCCESS, 19
knockout_winner: INVALID_INPUT
get_closest_player: SUCCESS, 194
play_match: FAILURE
remove_team: FAILURE
update_player_stats: SUCCESS
knockout_winner: FAILURE
knockout_winner: SUCCESS, 7
knockout_winner: SUCCESS, 6
knockout_winner: FAILURE
knockout_winner: INVALID_INPUT
add_team: FAILURE
get_team_points: SUCCESS, 21301
unite_teams: SUCCESS
add_team: FAILURE
get_top_scorer: SUCCESS, 13
get_team_points: SUCCESS, 11029
remove_team: FAILURE
remove_team: FAILURE
play_match: FAILURE
update_player_stats: SUCCESS
update_player_stats: SUCCESS
get_all_players_count: SUCCESS, 6
remove_player: SUCCESS
unite_teams: FAILURE
add_team: FAILURE
knockout_winner: SUCCESS, 9
knockout_winner: INVALID_INPUT
knockout_winner: INVALID_INPUT
knockout_winner: SUCCESS, 17
knockout_winner: SUCCESS, 9
get_team_points: SUCCESS, 9317
update_player_stats: SUCCESS
get_closest_player: SUCCESS, 145
get_num_played_games: SUCCESS, 10090
play_match: FAILURE
get_all_players: SUCCESS
112
192
5
126
34
83
28
add_team: FAILURE
get_all_players_count: SUCCESS, 7
get_num_played_games: SUCCESS, 8139
unite_teams: FAILURE
add_team: FAILURE
add_player: FAILURE
play_match: SUCCESS
get_top_scorer: SUCCESS, 26
remove_player: SUCCESS
play_match: FAILURE
remove_player: SUCCESS
unite_teams: FAILURE
unite_teams: FAILURE
remove_team: FAILURE
remove_team: FAILURE
get_top_scorer: SUCCESS, 13
remove_player: SUCCESS
play_match: FAILURE
add_player: FAILURE
get_all_players_count: SUCCESS, 6
get_closest_player: SUCCESS, 173
play_match: FAILURE
get_all_players: SUCCESS
95
52
68
164
37
66
156
16
104
add_team: FAILURE
get_all_players: SUCCESS
138
40
114
19
193
25
182
71
59
170
188
168
knockout_winner: INVALID_INPUT
knockout_winner: FAILURE
knockout_winner: INVALID_INPUT
knockout_winner: INVALID_INPUT
knockout_winner: INVALID_INPUT
remove_player: SUCCESS
add_team: FAILURE
add_team: FAILURE
play_match: FAILURE
unite_teams: FAILURE
get_closest_player: SUCCESS, 117
get_top_scorer: SUCCESS, 172
unite_teams: FAILURE
unite_teams: FAILURE
get_all_players_count: SUCCESS, 21
get_all_players: SUCCESS
195
117
167
109
166
get_team_points: SUCCESS, 23819
add_team: FAILURE
get_num_played_games: SUCCESS, 7892
get_all_players_count: SUCCESS, 5
update_player_stats: SUCCESS
add_player: FAILURE
get_all_players: SUCCESS
6
171
111
30
63
119
69
165
186
159
add_player: FAILURE
add_player: FAILURE
unite_teams: SUCCESS
get_num_played_games: SUCCESS, 750
get_all_players_count: SUCCESS, 6
get_team_points: SUCCESS, 11029
unite_teams: SUCCESS
update_player_stats: SUCCESS
remove_team: FAILURE
get_closest_player: SUCCESS, 171
knockout_winner: SUCCESS, 6
knockout_winner: SUCCESS, 9
knockout_winner: FAILURE
knockout_winner: FAILURE
knockout_winner: INVALID_INPUT
get_closest_player: SUCCESS, 24
knockout_winner: INVALID_INPUT
knockout_winner: SUCCESS, 17
knockout_winner: INVALID_INPUT
knockout_winner: INVALID_INPUT
knockout_winner: INVALID_INPUT
remove_player: SUCCESS
add_player: FAILURE
get_closest_player: SUCCESS, 118
knockout_winner: SUCCESS, 17
knockout_winner: INVALID_INPUT
knockout_winner: INVALID_INPUT
knockout_winner: SUCCESS, 17
knockout_winner: SUCCESS, 13
remove_team: FAILURE
unite_teams: FAILURE
get_num_played_games: SUCCESS, 5865
remove_player: SUCCESS
remove_team: FAILURE
update_player_stats: SUCCESS
add_team: FAILURE
get_num_played_games: SUCCESS, 7892
get_team_points: SUCCESS, 10836
add_team: FAILURE
get_num_played_games: SUCCESS, 7471
remove_player: SUCCESS
add_player: FAILURE
knockout_winner: SUCCESS, 6
knockout_winner: SUCCESS, 9
knockout_winner: FAILURE
knockout_winner: FAILURE
knockout_winner: INVALID_INPUT
remove_player: SUCCESS
knockout_winner: INVALID_INPUT
knockout_winner: SUCCESS, 17
knockout_winner: INVALID_INPUT
knockout_winner: INVALID_INPUT
knockout_winner: INVALID_INPUT
get_team_points: SUCCESS, 10896
get_closest_player: SUCCESS, 108
get_all_players: SUCCESS
138
40
114
19
193
25
182
71
59
170
188
get_num_played_games: SUCCESS, 7399
get_top_scorer: SUCCESS, 159
get_all_players_count: SUCCESS, 15
get_team_points: SUCCESS, 1228
update_player_stats: SUCCESS
add_player: FAILURE
get_team_points: SUCCESS, 6934
remove_team: FAILURE
knockout_winner: SUCCESS, 13
knockout_winner: SUCCESS, 13
knockout_winner: SUCCESS, 6
knockout_winner: SUCCESS, 17
knockout_winner: INVALID_INPUT
knockout_winner: SUCCESS, 17
knockout_winner: SUCCESS, 13
knockout_winner: FAILURE
knockout_winner: FAILURE
knockout_winner: INVALID_INPUT
play_match: INVALID_INPUT
knockout_winner: FAILURE
knockout_winner: SUCCESS, 13
knockout_winner: FAILURE
knockout_winner: FAILURE
knockout_winner: INVALID_INPUT
get_num_played_games: SUCCESS, 377
remove_player: SUCCESS
knockout_winner: SUCCESS, 13
knockout_winner: INVALID_INPUT
knockout_winner: INVALID_INPUT
knockout_winner: SUCCESS, 17
knockout_winner: SUCCESS, 13
unite_teams: FAILURE
get_all_players: SUCCESS
95
52
68
164
37
156
16
104
add_team: FAILURE
get_all_players: SUCCESS
138
40
114
19
193
25
182
71
59
170
188
knockout_winner: SUCCESS, 19
knockout_winner: SUCCESS, 17
knockout_winner: FAILURE
knockout_winner: FAILURE
knockout_winner: INVALID_INPUT
add_team: FAILURE
update_player_stats: SUCCESS
knockout_winner: SUCCESS, 13
knockout_winner: SUCCESS, 13
knockout_winner: SUCCESS, 9
knockout_winner: SUCCESS, 13
knockout_winner: FAILURE
get_team_points: SUCCESS, 10836
remove_team: FAILURE
add_player: FAILURE
remove_player: SUCCESS
get_all_players: SUCCESS
44
116
127
150
get_top_scorer: SUCCESS, 104
add_player: FAILURE
add_team: FAILURE
update_player_stats: SUCCESS
remove_team: FAILURE
add_team: FAILURE
get_all_players_count: SUCCESS, 4
remove_player: SUCCESS
get_all_players_count: SUCCESS, 5
get_all_players: SUCCESS
146
103
51
185
7
23
41
152
74
61
135
172
add_team: FAILURE
get_all_players_count: SUCCESS, 4
knockout_winner: FAILURE
knockout_winner: SUCCESS, 17
knockout_winner: FAILURE
knockout_winner: FAILURE
knockout_winner: INVALID_INPUT
add_team: FAILURE
add_team: FAILURE
knockout_winner: INVALID_INPUT
knockout_winner: SUCCESS, 17
knockout_winner: INVALID_INPUT
knockout_winner: INVALID_INPUT
knockout_winner: INVALID_INPUT
update_player_stats: SUCCESS
update_player_stats: SUCCESS
get_num_played_games: SUCCESS, 7399
unite_teams: FAILURE
update_player_stats: SUCCESS
get_all_players: SUCCESS
27
158
47
101
38
192
5
60
79
126
121
83
173
94
162
28
34
131
24
142
add_player: FAILURE
get_team_points: SUCCESS, 8427
unite_teams: FAILURE
unite_teams: FAILURE
add_team: FAILURE
remove_team: FAILURE
knockout_winner: SUCCESS, 9
knockout_winner: SUCCESS, 13
knockout_winner: FAILURE
knockout_winner: FAILURE
knockout_winner: INVALID_INPUT
unite_teams: FAILURE
play_match: FAILURE
get_closest_player: SUCCESS, 127
add_player: FAILURE
get_top_scorer: SUCCESS, 188
unite_teams: FAILURE
add_team: FAILURE
add_team: FAILURE
remove_player: SUCCESS
update_player_stats: SUCCESS
play_match: INVALID_INPUT
get_all_players_count: SUCCESS, 5
get_closest_player: SUCCESS, 19
get_num_played_games: SUCCESS, 4605
get_closest_player: SUCCESS, 188
get_all_players_count: SUCCESS, 15
unite_teams: FAILURE
remove_team: FAILURE
get_closest_player: SUCCESS, 21
knockout_winner: SUCCESS, 13
knockout_winner: SUCCESS, 13
knockout_winner: FAILURE
knockout_winner: FAILURE
knockout_winner: INVALID_INPUT
remove_team: FAILURE
remove_team: FAILURE
get_all_players_count: SUCCESS, 10
knockout_winner: SUCCESS, 13
knockout_winner: SUCCESS, 13
knockout_winner: FAILURE
knockout_winner: SUCCESS, 17
knockout_winner: INVALID_INPUT
get_team_points: SUCCESS, 10896
get_team_points: SUCCESS, 10836
remove_player: SUCCESS
get_team_points: SUCCESS, 9541
remove_team: FAILURE
get_all_players: SUCCESS
95
52
68
164
37
156
16
104
update_player_stats: SUCCESS
get_team_points: SUCCESS, 2041
add_player: FAILURE
update_player_stats: SUCCESS
get_top_scorer: SUCCESS, 172
add_team: FAILURE
get_all_players: SUCCESS
146
103
51
185
7
23
41
152
74
61
135
172
add_team: FAILURE
get_closest_player: SUCCESS, 52
add_team: FAILURE
get_closest_player: SUCCESS, 84
get_team_points: SUCCESS, 2041
get_team_points: SUCCESS, 12055
get_team_points: SUCCESS, 12055
add_player: FAILURE
get_all_players_count: SUCCESS, 6
remove_player: SUCCESS
unite_teams: FAILURE
get_num_played_games: SUCCESS, 9719
knockout_winner: SUCCESS, 19
knockout_winner: SUCCESS, 17
knockout_winner: FAILURE
knockout_winner: FAILURE
knockout_winner: INVALID_INPUT
remove_team: FAILURE
add_player: FAILURE
remove_player: SUCCESS
get_team_points: SUCCESS, 23819
get_num_played_games: SUCCESS, 9716
play_match: FAILURE
get_all_players_count: SUCCESS, 19
get_closest_player: SUCCESS, 110
play_match: FAILURE
get_top_scorer: SUCCESS, 172
knockout_winner: SUCCESS, 13
knockout_winner: SUCCESS, 17
knockout_winner: SUCCESS, 13
knockout_winner: SUCCESS, 17
knockout_winner: INVALID_INPUT
knockout_winner: SUCCESS, 13
knockout_winner: INVALID_INPUT
knockout_winner: INVALID_INPUT
knockout_winner: SUCCESS, 17
knockout_winner: SUCCESS, 9
unite_teams: FAILURE
remove_team: FAILURE
get_all_players_count: SUCCESS, 6
unite_teams: SUCCESS
play_match: FAILURE
add_team: FAILURE
get_top_scorer: SUCCESS, 150
add_player: FAILURE
play_match: FAILURE
get_num_played_games: SUCCESS, 1813
get_all_players_count: SUCCESS, 4
knockout_winner: INVALID_INPUT
knockout_winner: SUCCESS, 17
knockout_winner: INVALID_INPUT
knockout_winner: INVALID_INPUT
knockout_winner: INVALID_INPUT
get_all_players_count: SUCCESS, 7
remove_team: FAILURE
knockout_winner: SUCCESS, 9
knockout_winner: SUCCESS, 13
knockout_winner: FAILURE
knockout_winner: FAILURE
knockout_winner: INVALID_INPUT
knockout_winner: INVALID_INPUT
knockout_winner: SUCCESS, 9
knockout_winner: INVALID_INPUT
knockout_winner: INVALID_INPUT
knockout_winner: INVALID_INPUT
get_team_points: SUCCESS, 23819
get_num_played_games: SUCCESS, 12351
unite_teams: FAILURE
remove_team: FAILURE
get_all_players: SUCCESS
124
100
118
54
remove_team: FAILURE
play_match: FAILURE
add_team: FAILURE
remove_team: FAILURE
get_num_played_games: SUCCESS, 5865
get_team_points: SUCCESS, 9541
update_player_stats: SUCCESS
play_match: FAILURE
play_match: FAILURE
remove_player: SUCCESS
add_player: FAILURE
remove_player: SUCCESS
get_num_played_games: SUCCESS, 10512
unite_teams: FAILURE
get_all_players_count: SUCCESS, 4
knockout_winner: INVALID_INPUT
knockout_winner: SUCCESS, 17
knockout_winner: INVALID_INPUT
knockout_winner: INVALID_INPUT
knockout_winner: INVALID_INPUT
get_all_players_count: SUCCESS, 18
get_team_points: SUCCESS, 10896
get_all_players_count: SUCCESS, 6
remove_player: SUCCESS
remove_player: SUCCESS
knockout_winner: SUCCESS, 13
knockout_winner: SUCCESS, 17
knockout_winner: SUCCESS, 13
knockout_winner: SUCCESS, 17
knockout_winner: INVALID_INPUT
get_all_players_count: SUCCESS, 6
add_player: FAILURE
get_team_points: SUCCESS, 9541
knockout_winner: INVALID_INPUT
knockout_winner: SUCCESS, 13
knockout_winner: INVALID_INPUT
knockout_winner: INVALID_INPUT
knockout_winner: INVALID_INPUT
get_closest_player: SUCCESS, 161
get_top_scorer: SUCCESS, 159
get_all_players_count: SUCCESS, 18
remove_player: SUCCESS
knockout_winner: SUCCESS, 13
knockout_winner: INVALID_INPUT
knockout_winner: INVALID_INPUT
knockout_winner: SUCCESS, 17
knockout_winner: SUCCESS, 13
play_match: FAILURE
get_all_players: SUCCESS
6
171
30
63
119
69
159
remove_player: SUCCESS
update_player_stats: SUCCESS
get_closest_player: SUCCESS, 6
update_player_stats: SUCCESS
play_match: FAILURE
get_num_played_games: SUCCESS, 15044
get_top_scorer: SUCCESS, 140
get_closest_player: SUCCESS, 145
remove_player: SUCCESS
play_match: FAILURE
play_match: FAILURE
get_closest_player: SUCCESS, 52
remove_player: SUCCESS
remove_player: SUCCESS
remove_player: SUCCESS
remove_player: SUCCESS
remove_player: SUCCESS
remove_player: SUCCESS
remove_player: SUCCESS
remove_player: SUCCESS
remove_player: SUCCESS
remove_player: SUCCESS
remove_player: SUCCESS
remove_player: SUCCESS
remove_player: SUCCESS
remove_player: SUCCESS
remove_player: SUCCESS
remove_player: SUCCESS
remove_player: SUCCESS
remove_player: SUCCESS
remove_player: SUCCESS
remove_player: SUCCESS
remove_player: SUCCESS
remove_player: SUCCESS
remove_player: SUCCESS
remove_player: SUCCESS
remove_player: SUCCESS
remove_player: SUCCESS
remove_player: SUCCESS
remove_player: SUCCESS
remove_player: SUCCESS
remove_player: SUCCESS
remove_player: SUCCESS
remove_player: SUCCESS
remove_player: SUCCESS
remove_player: SUCCESS
remove_player: SUCCESS
remove_player: SUCCESS
remove_player: SUCCESS
remove_player: SUCCESS
remove_player: SUCCESS
remove_player: SUCCESS
remove_player: SUCCESS
remove_player: SUCCESS
remove_player: SUCCESS
remove_player: SUCCESS
remove_player: SUCCESS
remove_player: SUCCESS
remove_player: SUCCESS
remove_player: SUCCESS
remove_player: SUCCESS
remove_player: SUCCESS
remove_player: SUCCESS
remove_player: SUCCESS
remove_player: SUCCESS
remove_player: SUCCESS
remove_player: SUCCESS
remove_player: SUCCESS
remove_player: SUCCESS
remove_player: SUCCESS
remove_player: SUCCESS
remove_player: SUCCESS
remove_player: SUCCESS
remove_player: SUCCESS
remove_player: SUCCESS
remove_player: SUCCESS
remove_player: SUCCESS
remove_player: SUCCESS
remove_player: SUCCESS
remove_player: SUCCESS
remove_player: SUCCESS
remove_player: SUCCESS
remove_player: SUCCESS
remove_player: SUCCESS
remove_player: SUCCESS
remove_player: SUCCESS
remove_player: SUCCESS
remove_player: SUCCESS
remove_player: SUCCESS
remove_player: SUCCESS
remove_player: SUCCESS
remove_player: SUCCESS
remove_player: SUCCESS
remove_player: SUCCESS
remove_player: SUCCESS
remove_player: SUCCESS
remove_player: SUCCESS
remove_player: SUCCESS
remove_player: SUCCESS
remove_player: SUCCESS
remove_player: SUCCESS
remove_player: SUCCESS
remove_player: SUCCESS
remove_player: SUCCESS
remove_player: SUCCESS
remove_player: SUCCESS
remove_player: SUCCESS
remove_player: SUCCESS
remove_player: SUCCESS
remove_player: SUCCESS
remove_player: SUCCESS
remove_player: SUCCESS
remove_player: SUCCESS
remove_player: SUCCESS
remove_player: SUCCESS
remove_player: SUCCESS
remove_player: SUCCESS
remove_player: SUCCESS
remove_player: SUCCESS
remove_player: SUCCESS
remove_player: SUCCESS
remove_player: SUCCESS
remove_player: SUCCESS
remove_player: SUCCESS
remove_player: SUCCESS
remove_player: SUCCESS
remove_player: SUCCESS
remove_player: SUCCESS
remove_player: SUCCESS
remove_player: SUCCESS
remove_player: SUCCESS
remove_player: SUCCESS
remove_player: SUCCESS
remove_player: SUCCESS
remove_team: SUCCESS
remove_team: SUCCESS
remove_team: SUCCESS
remove_team: SUCCESS
remove_team: SUCCESS
remove_team: SUCCESS
remove_team: SUCCESS
remove_team: SUCCESS
remove_team: SUCCESS
remove_team: SUCCESS
remove_team: SUCCESS
remove_team: SUCCESS
remove_team: SUCCESS
