add_team: SUCCESS
add_team: SUCCESS
add_team: SUCCESS
add_team: SUCCESS
add_team: SUCCESS
add_team: SUCCESS
add_team: SUCCESS
add_team: SUCCESS
add_team: SUCCESS
add_team: SUCCESS
add_team: SUCCESS
add_team: SUCCESS
add_team: SUCCESS
add_team: SUCCESS
add_team: SUCCESS
add_team: SUCCESS
add_team: SUCCESS
add_team: SUCCESS
add_team: SUCCESS
add_team: SUCCESS
add_player: SUCCESS
add_player: SUCCESS
add_player: SUCCESS
add_player: SUCCESS
add_player: SUCCESS
add_player: SUCCESS
add_player: SUCCESS
add_player: SUCCESS
add_player: SUCCESS
add_player: SUCCESS
add_player: SUCCESS
add_player: SUCCESS
add_player: SUCCESS
add_player: SUCCESS
add_player: SUCCESS
add_player: SUCCESS
add_player: SUCCESS
add_player: SUCCESS
add_player: SUCCESS
add_player: SUCCESS
add_player: SUCCESS
add_player: SUCCESS
add_player: SUCCESS
add_player: SUCCESS
add_player: SUCCESS
add_player: SUCCESS
add_player: SUCCESS
add_player: SUCCESS
add_player: SUCCESS
add_player: SUCCESS
add_player: SUCCESS
add_player: SUCCESS
add_player: SUCCESS
add_player: SUCCESS
add_player: SUCCESS
add_player: SUCCESS
add_player: SUCCESS
add_player: SUCCESS
add_player: SUCCESS
add_player: SUCCESS
add_player: SUCCESS
add_player: SUCCESS
add_player: SUCCESS
add_player: SUCCESS
add_player: SUCCESS
add_player: SUCCESS
add_player: SUCCESS
add_player: SUCCESS
add_player: SUCCESS
add_player: SUCCESS
add_player: SUCCESS
add_player: SUCCESS
add_player: SUCCESS
add_player: SUCCESS
add_player: SUCCESS
add_player: SUCCESS
add_player: SUCCESS
add_player: SUCCESS
add_player: SUCCESS
add_player: SUCCESS
add_player: SUCCESS
add_player: SUCCESS
add_player: SUCCESS
add_player: SUCCESS
add_player: SUCCESS
add_player: SUCCESS
add_player: SUCCESS
add_player: SUCCESS
add_player: SUCCESS
add_player: SUCCESS
add_player: SUCCESS
add_player: SUCCESS
add_player: SUCCESS
add_player: SUCCESS
add_player: SUCCESS
add_player: SUCCESS
add_player: SUCCESS
add_player: SUCCESS
add_player: SUCCESS
add_player: SUCCESS
add_player: SUCCESS
add_player: SUCCESS
add_player: SUCCESS
add_player: SUCCESS
add_player: SUCCESS
add_player: SUCCESS
add_player: SUCCESS
add_player: SUCCESS
add_player: SUCCESS
add_player: SUCCESS
add_player: SUCCESS
add_player: SUCCESS
add_player: SUCCESS
add_player: SUCCESS
add_player: SUCCESS
add_player: SUCCESS
add_player: SUCCESS
add_player: SUCCESS
add_player: SUCCESS
add_player: SUCCESS
add_player: SUCCESS
add_player: SUCCESS
add_player: SUCCESS
add_player: SUCCESS
add_player: SUCCESS
add_player: SUCCESS
add_player: SUCCESS
add_player: SUCCESS
add_player: SUCCESS
add_player: SUCCESS
add_player: SUCCESS
add_player: SUCCESS
add_player: SUCCESS
add_player: SUCCESS
add_player: SUCCESS
add_player: SUCCESS
add_player: SUCCESS
add_player: SUCCESS
add_player: SUCCESS
add_player: SUCCESS
add_player: SUCCESS
add_player: SUCCESS
add_player: SUCCESS
add_player: SUCCESS
add_player: SUCCESS
add_player: SUCCESS
add_player: SUCCESS
add_player: SUCCESS
add_player: SUCCESS
add_player: SUCCESS
add_player: SUCCESS
add_player: SUCCESS
add_player: SUCCESS
add_player: SUCCESS
add_player: SUCCESS
add_player: SUCCESS
add_player: SUCCESS
add_player: SUCCESS
add_player: SUCCESS
add_player: SUCCESS
add_player: SUCCESS
add_player: SUCCESS
add_player: SUCCESS
add_player: SUCCESS
add_player: SUCCESS
add_player: SUCCESS
add_player: SUCCESS
add_player: SUCCESS
add_player: SUCCESS
add_player: SUCCESS
add_player: SUCCESS
add_player: SUCCESS
add_player: SUCCESS
add_player: SUCCESS
add_player: SUCCESS
add_player: SUCCESS
add_player: SUCCESS
add_player: SUCCESS
add_player: SUCCESS
add_player: SUCCESS
add_player: SUCCESS
add_player: SUCCESS
add_player: SUCCESS
add_player: SUCCESS
add_player: SUCCESS
add_player: SUCCESS
add_player: SUCCESS
add_player: SUCCESS
add_player: SUCCESS
add_player: SUCCESS
add_player: SUCCESS
add_player: SUCCESS
add_player: SUCCESS
add_player: SUCCESS
add_player: SUCCESS
add_player: SUCCESS
add_player: SUCCESS
add_player: SUCCESS
add_player: SUCCESS
add_player: SUCCESS
add_player: SUCCESS
add_player: SUCCESS
add_player: SUCCESS
add_player: SUCCESS
add_player: SUCCESS
add_player: SUCCESS
add_player: SUCCESS
add_player: SUCCESS
add_player: SUCCESS
add_player: SUCCESS
add_player: SUCCESS
add_player: SUCCESS
add_player: SUCCESS
add_player: SUCCESS
add_player: SUCCESS
add_player: SUCCESS
add_player: SUCCESS
add_player: SUCCESS
add_player: SUCCESS
add_player: SUCCESS
knockout_winner: SUCCESS, 19
add_player: FAILURE
get_all_players: SUCCESS
47
18
196
186
42
78
5
173
160
123
get_closest_player: SUCCESS, 90
add_team: FAILURE
unite_teams: FAILURE
get_closest_player: SUCCESS, 54
play_match: FAILURE
add_team: FAILURE
add_team: FAILURE
remove_player: SUCCESS
play_match: FAILURE
get_top_scorer: SUCCESS, 10
get_num_played_games: SUCCESS, 7478
play_match: FAILURE
get_top_scorer: SUCCESS, 95
get_top_scorer: SUCCESS, 126
knockout_winner: SUCCESS, 11
get_all_players_count: SUCCESS, 9
play_match: FAILURE
remove_team: FAILURE
remove_player: SUCCESS
add_player: FAILURE
get_closest_player: SUCCESS, 80
play_match: FAILURE
get_closest_player: SUCCESS, 7
play_match: FAILURE
get_team_points: SUCCESS, 10758
update_player_stats: SUCCESS
play_match: FAILURE
get_team_points: SUCCESS, 254
knockout_winner: SUCCESS, 14
add_player: FAILURE
get_closest_player: SUCCESS, 165
add_team: FAILURE
remove_team: FAILURE
get_num_played_games: SUCCESS, 2512
play_match: SUCCESS
add_team: FAILURE
add_player: FAILURE
knockout_winner: FAILURE
get_top_scorer: SUCCESS, 95
get_closest_player: SUCCESS, 66
add_team: FAILURE
knockout_winner: SUCCESS, 1
knockout_winner: SUCCESS, 8
get_all_players: SUCCESS
174
112
146
51
166
52
177
19
132
197
remove_team: FAILURE
add_player: FAILURE
knockout_winner: SUCCESS, 19
get_top_scorer: SUCCESS, 120
remove_player: SUCCESS
remove_player: SUCCESS
get_all_players: SUCCESS
118
192
191
136
2
14
30
105
195
137
117
100
91
get_all_players: SUCCESS
153
122
36
99
162
152
190
knockout_winner: SUCCESS, 11
play_match: INVALID_INPUT
get_num_played_games: SUCCESS, 3385
get_num_played_games: SUCCESS, 9212
remove_player: SUCCESS
remove_team: FAILURE
remove_player: SUCCESS
unite_teams: FAILURE
get_top_scorer: SUCCESS, 11
get_closest_player: SUCCESS, 196
get_closest_player: SUCCESS, 80
remove_team: FAILURE
get_all_players: SUCCESS
119
130
6
106
65
68
120
get_all_players_count: SUCCESS, 9
get_all_players: SUCCESS
151
84
170
109
165
189
157
95
remove_player: SUCCESS
get_num_played_games: SUCCESS, 5662
add_team: FAILURE
get_all_players: SUCCESS
32
134
71
60
89
28
62
125
96
update_player_stats: SUCCESS
update_player_stats: SUCCESS
get_team_points: SUCCESS, 12294
get_closest_player: SUCCESS, 26
get_num_played_games: SUCCESS, 12010
unite_teams: FAILURE
unite_teams: SUCCESS
update_player_stats: SUCCESS
get_num_played_games: SUCCESS, 335
knockout_winner: INVALID_INPUT
add_player: FAILURE
add_player: FAILURE
play_match: FAILURE
add_team: FAILURE
remove_player: SUCCESS
get_team_points: SUCCESS, 12116
get_closest_player: SUCCESS, 30
play_match: FAILURE
get_closest_player: SUCCESS, 29
knockout_winner: SUCCESS, 17
get_top_scorer: SUCCESS, 190
get_num_played_games: SUCCESS, 1748
update_player_stats: SUCCESS
get_team_points: SUCCESS, 3314
remove_team: FAILURE
remove_player: SUCCESS
add_player: FAILURE
get_all_players: SUCCESS
153
36
99
162
152
190
get_all_players_count: SUCCESS, 6
remove_team: FAILURE
add_player: FAILURE
unite_teams: FAILURE
remove_team: FAILURE
remove_team: FAILURE
get_num_played_games: SUCCESS, 5483
add_team: FAILURE
unite_teams: FAILURE
knockout_winner: SUCCESS, 17
get_top_scorer: SUCCESS, 190
get_top_scorer: SUCCESS, 10
get_top_scorer: SUCCESS, 146
get_closest_player: SUCCESS, 105
play_match: FAILURE
get_top_scorer: SUCCESS, 146
get_all_players: SUCCESS
108
150
93
143
15
9
12
199
159
184
get_num_played_games: SUCCESS, 8429
get_team_points: SUCCESS, 8566
get_num_played_games: SUCCESS, 11745
get_team_points: SUCCESS, 6170
get_closest_player: SUCCESS, 196
get_num_played_games: SUCCESS, 3486
unite_teams: FAILURE
add_player: FAILURE
get_all_players_count: SUCCESS, 9
play_match: FAILURE
add_team: FAILURE
remove_player: SUCCESS
get_all_players: SUCCESS
121
54
154
31
8
34
149
23
7
194
45
172
116
get_closest_player: SUCCESS, 128
get_num_played_games: SUCCESS, 9212
get_top_scorer: SUCCESS, 184
get_closest_player: SUCCESS, 112
add_player: FAILURE
update_player_stats: SUCCESS
get_top_scorer: SUCCESS, 11
get_closest_player: SUCCESS, 4
add_team: FAILURE
add_player: FAILURE
remove_player: SUCCESS
remove_team: FAILURE
get_all_players_count: SUCCESS, 8
get_team_points: SUCCESS, 6170
knockout_winner: FAILURE
get_team_points: SUCCESS, 12294
unite_teams: FAILURE
remove_player: SUCCESS
get_all_players_count: SUCCESS, 13
knockout_winner: SUCCESS, 17
play_match: FAILURE
add_team: FAILURE
unite_teams: FAILURE
unite_teams: FAILURE
remove_player: SUCCESS
unite_teams: SUCCESS
get_team_points: SUCCESS, 7849
remove_team: FAILURE
play_match: FAILURE
knockout_winner: FAILURE
get_top_scorer: SUCCESS, 146
play_match: FAILURE
get_top_scorer: SUCCESS, 104
update_player_stats: SUCCESS
remove_team: FAILURE
get_num_played_games: SUCCESS, 5081
get_top_scorer: SUCCESS, 25
add_player: FAILURE
add_player: FAILURE
get_num_played_games: SUCCESS, 1813
get_all_players: SUCCESS
13
179
169
22
20
83
142
70
41
182
138
94
64
178
unite_teams: FAILURE
knockout_winner: FAILURE
play_match: FAILURE
remove_team: FAILURE
get_num_played_games: SUCCESS, 9525
remove_team: FAILURE
remove_team: FAILURE
get_top_scorer: SUCCESS, 56
update_player_stats: SUCCESS
remove_team: FAILURE
add_team: FAILURE
get_closest_player: SUCCESS, 44
get_num_played_games: SUCCESS, 4628
remove_player: SUCCESS
get_all_players: SUCCESS
118
192
191
136
2
14
30
105
195
137
117
100
91
get_team_points: SUCCESS, 263
unite_teams: FAILURE
add_player: FAILURE
update_player_stats: SUCCESS
add_player: FAILURE
get_closest_player: SUCCESS, 167
knockout_winner: SUCCESS, 12
get_all_players_count: SUCCESS, 14
get_team_points: SUCCESS, 10266
get_all_players: SUCCESS
13
179
169
22
20
83
70
41
182
138
94
142
64
178
knockout_winner: INVALID_INPUT
remove_player: SUCCESS
get_all_players_count: SUCCESS, 6
remove_team: FAILURE
get_top_scorer: SUCCESS, 80
get_top_scorer: SUCCESS, 104
get_all_players_count: SUCCESS, 13
unite_teams: FAILURE
get_all_players: SUCCESS
187
124
79
131
144
198
128
200
27
66
74
25
get_closest_player: SUCCESS, 37
add_player: FAILURE
get_team_points: SUCCESS, 8566
get_team_points: SUCCESS, 263
get_team_points: SUCCESS, 10758
get_num_played_games: SUCCESS, 9515
get_all_players: SUCCESS
180
135
get_all_players_count: SUCCESS, 10
get_num_played_games: SUCCESS, 1353
add_team: FAILURE
remove_team: FAILURE
get_all_players: SUCCESS
108
150
93
143
15
9
12
199
159
184
get_top_scorer: SUCCESS, 96
remove_player: SUCCESS
get_team_points: SUCCESS, 122
play_match: FAILURE
add_player: FAILURE
get_top_scorer: SUCCESS, 157
get_top_scorer: SUCCESS, 135
get_top_scorer: SUCCESS, 96
get_all_players_count: SUCCESS, 12
get_closest_player: SUCCESS, 156
update_player_stats: SUCCESS
unite_teams: FAILURE
get_top_scorer: SUCCESS, 116
remove_player: SUCCESS
update_player_stats: SUCCESS
get_closest_player: SUCCESS, 60
remove_player: SUCCESS
unite_teams: FAILURE
get_team_points: SUCCESS, 11283
get_num_played_games: SUCCESS, 3962
get_all_players: SUCCESS
17
50
73
111
47
59
18
57
196
186
161
163
42
5
173
188
24
48
123
add_player: FAILURE
get_team_points: SUCCESS, 8566
add_player: FAILURE
knockout_winner: INVALID_INPUT
add_team: FAILURE
add_team: FAILURE
get_all_players: SUCCESS
108
150
93
143
15
9
12
199
159
184
get_team_points: SUCCESS, 3314
unite_teams: FAILURE
get_num_played_games: SUCCESS, 9188
remove_team: FAILURE
get_closest_player: SUCCESS, 148
get_top_scorer: SUCCESS, 126
get_all_players: SUCCESS
118
192
191
136
2
14
30
105
195
137
117
100
91
remove_team: FAILURE
unite_teams: FAILURE
remove_player: SUCCESS
play_match: FAILURE
remove_player: SUCCESS
add_player: FAILURE
get_top_scorer: SUCCESS, 178
get_all_players_count: SUCCESS, 9
get_top_scorer: SUCCESS, 123
add_player: FAILURE
get_team_points: SUCCESS, 11175
get_all_players: SUCCESS
103
44
37
82
26
145
4
67
1
remove_team: FAILURE
add_player: FAILURE
play_match: FAILURE
get_team_points: SUCCESS, 122
remove_player: SUCCESS
get_all_players: SUCCESS
121
54
154
31
8
149
7
194
45
172
116
add_player: FAILURE
get_team_points: SUCCESS, 11175
get_num_played_games: SUCCESS, 1405
get_all_players: SUCCESS
180
135
get_team_points: SUCCESS, 2610
remove_player: SUCCESS
knockout_winner: FAILURE
unite_teams: INVALID_INPUT
knockout_winner: SUCCESS, 17
unite_teams: FAILURE
unite_teams: FAILURE
get_num_played_games: SUCCESS, 10790
get_all_players_count: SUCCESS, 11
play_match: FAILURE
play_match: FAILURE
get_closest_player: SUCCESS, 196
get_top_scorer: SUCCESS, 146
add_team: FAILURE
add_player: FAILURE
get_top_scorer: SUCCESS, 1
unite_teams: FAILURE
remove_player: SUCCESS
get_closest_player: SUCCESS, 131
get_all_players_count: SUCCESS, 10
remove_team: FAILURE
add_player: FAILURE
get_all_players_count: SUCCESS, 8
play_match: FAILURE
knockout_winner: INVALID_INPUT
get_team_points: SUCCESS, 6170
update_player_stats: SUCCESS
remove_player: SUCCESS
remove_team: FAILURE
get_all_players_count: SUCCESS, 10
get_closest_player: SUCCESS, 143
get_all_players_count: SUCCESS, 12
unite_teams: FAILURE
unite_teams: FAILURE
remove_team: FAILURE
remove_team: FAILURE
get_top_scorer: SUCCESS, 1
update_player_stats: SUCCESS
play_match: FAILURE
knockout_winner: FAILURE
get_all_players_count: SUCCESS, 8
add_player: FAILURE
get_closest_player: SUCCESS, 39
unite_teams: FAILURE
get_closest_player: SUCCESS, 140
remove_player: SUCCESS
get_all_players_count: SUCCESS, 10
update_player_stats: SUCCESS
knockout_winner: SUCCESS, 17
unite_teams: FAILURE
get_top_scorer: SUCCESS, 184
get_num_played_games: SUCCESS, 9188
play_match: INVALID_INPUT
unite_teams: FAILURE
unite_teams: FAILURE
get_closest_player: SUCCESS, 83
remove_player: SUCCESS
get_num_played_games: SUCCESS, 1235
get_num_played_games: SUCCESS, 8977
get_num_played_games: SUCCESS, 6821
remove_player: SUCCESS
get_closest_player: SUCCESS, 161
get_closest_player: SUCCESS, 190
remove_player: SUCCESS
play_match: FAILURE
remove_team: FAILURE
add_team: FAILURE
get_all_players_count: SUCCESS, 8
get_all_players_count: SUCCESS, 7
play_match: FAILURE
knockout_winner: FAILURE
add_team: FAILURE
get_num_played_games: SUCCESS, 10838
get_top_scorer: SUCCESS, 25
add_team: FAILURE
get_all_players: SUCCESS
187
124
79
131
144
198
128
200
27
66
74
25
remove_player: SUCCESS
add_player: FAILURE
get_all_players: SUCCESS
180
135
remove_team: FAILURE
get_closest_player: SUCCESS, 15
knockout_winner: SUCCESS, 8
get_closest_player: SUCCESS, 47
get_closest_player: SUCCESS, 136
play_match: FAILURE
get_all_players_count: SUCCESS, 7
add_player: FAILURE
remove_player: SUCCESS
play_match: FAILURE
play_match: SUCCESS
knockout_winner: FAILURE
get_all_players: SUCCESS
87
86
33
158
90
88
129
126
get_closest_player: SUCCESS, 87
add_team: FAILURE
remove_team: FAILURE
get_num_played_games: SUCCESS, 8429
add_player: FAILURE
play_match: FAILURE
get_top_scorer: SUCCESS, 123
remove_player: SUCCESS
get_team_points: SUCCESS, 7849
add_player: FAILURE
knockout_winner: SUCCESS, 17
get_all_players: SUCCESS
76
185
75
171
148
92
104
175
unite_teams: FAILURE
remove_team: FAILURE
add_player: FAILURE
remove_player: SUCCESS
get_all_players_count: SUCCESS, 15
remove_player: SUCCESS
remove_player: SUCCESS
unite_teams: FAILURE
get_team_points: SUCCESS, 11100
remove_team: FAILURE
get_top_scorer: SUCCESS, 1
get_closest_player: SUCCESS, 16
unite_teams: FAILURE
add_player: FAILURE
remove_team: FAILURE
get_closest_player: SUCCESS, 194
get_all_players: SUCCESS
119
130
140
55
110
167
155
106
65
102
63
141
68
113
120
get_num_played_games: SUCCESS, 4628
unite_teams: FAILURE
play_match: FAILURE
add_player: FAILURE
get_all_players: SUCCESS
58
77
81
16
69
156
133
97
80
35
get_all_players_count: SUCCESS, 2
add_team: FAILURE
get_num_played_games: SUCCESS, 770
get_all_players_count: SUCCESS, 10
get_all_players: SUCCESS
103
44
37
82
145
4
67
1
get_all_players_count: SUCCESS, 7
knockout_winner: SUCCESS, 4
knockout_winner: SUCCESS, 17
get_closest_player: SUCCESS, 121
play_match: FAILURE
unite_teams: FAILURE
get_all_players_count: SUCCESS, 8
get_team_points: SUCCESS, 2610
add_player: FAILURE
get_all_players_count: SUCCESS, 2
update_player_stats: SUCCESS
update_player_stats: SUCCESS
add_team: FAILURE
get_top_scorer: SUCCESS, 184
update_player_stats: SUCCESS
play_match: FAILURE
unite_teams: FAILURE
unite_teams: FAILURE
get_all_players: SUCCESS
121
54
154
31
149
7
194
45
172
116
get_closest_player: SUCCESS, 119
get_top_scorer: SUCCESS, 120
get_closest_player: SUCCESS, 104
remove_team: FAILURE
get_top_scorer: SUCCESS, 178
remove_team: FAILURE
knockout_winner: FAILURE
add_team: FAILURE
get_all_players_count: SUCCESS, 9
unite_teams: FAILURE
get_num_played_games: SUCCESS, 2678
remove_team: FAILURE
get_all_players_count: SUCCESS, 11
add_player: FAILURE
play_match: FAILURE
remove_team: FAILURE
update_player_stats: SUCCESS
update_player_stats: SUCCESS
play_match: FAILURE
add_player: FAILURE
remove_player: SUCCESS
remove_player: SUCCESS
get_all_players_count: SUCCESS, 7
remove_team: FAILURE
add_player: FAILURE
play_match: FAILURE
remove_team: FAILURE
get_all_players_count: SUCCESS, 8
get_top_scorer: SUCCESS, 123
remove_player: SUCCESS
remove_team: FAILURE
knockout_winner: INVALID_INPUT
knockout_winner: FAILURE
update_player_stats: SUCCESS
update_player_stats: SUCCESS
get_closest_player: SUCCESS, 136
unite_teams: FAILURE
get_team_points: SUCCESS, 6550
add_team: FAILURE
get_all_players_count: SUCCESS, 6
remove_player: SUCCESS
remove_team: FAILURE
get_closest_player: SUCCESS, 100
add_player: FAILURE
get_all_players: SUCCESS
103
44
37
82
145
4
67
1
get_top_scorer: SUCCESS, 116
play_match: FAILURE
remove_team: FAILURE
play_match: FAILURE
get_all_players_count: SUCCESS, 11
get_num_played_games: SUCCESS, 13804
unite_teams: FAILURE
add_team: FAILURE
get_closest_player: SUCCESS, 161
unite_teams: FAILURE
get_closest_player: SUCCESS, 63
remove_team: FAILURE
add_team: FAILURE
get_all_players_count: SUCCESS, 7
get_num_played_games: SUCCESS, 881
add_team: FAILURE
play_match: FAILURE
remove_player: SUCCESS
get_all_players: SUCCESS
103
44
37
82
145
4
67
1
play_match: FAILURE
add_team: FAILURE
get_num_played_games: SUCCESS, 11744
get_top_scorer: SUCCESS, 178
update_player_stats: SUCCESS
get_all_players_count: SUCCESS, 11
get_closest_player: SUCCESS, 53
add_player: FAILURE
get_closest_player: SUCCESS, 27
add_player: FAILURE
update_player_stats: SUCCESS
play_match: FAILURE
update_player_stats: SUCCESS
get_all_players_count: SUCCESS, 6
add_player: FAILURE
unite_teams: FAILURE
remove_player: SUCCESS
get_closest_player: SUCCESS, 103
remove_team: FAILURE
add_player: FAILURE
unite_teams: SUCCESS
update_player_stats: SUCCESS
get_all_players: SUCCESS
151
84
170
165
95
157
add_team: FAILURE
get_top_scorer: SUCCESS, 1
get_all_players_count: SUCCESS, 6
get_team_points: SUCCESS, 10758
get_top_scorer: SUCCESS, 120
get_team_points: SUCCESS, 12294
add_team: FAILURE
add_player: FAILURE
get_all_players: SUCCESS
58
77
81
16
69
156
133
97
80
35
add_player: FAILURE
unite_teams: FAILURE
update_player_stats: SUCCESS
add_player: FAILURE
add_team: FAILURE
add_team: FAILURE
update_player_stats: SUCCESS
update_player_stats: SUCCESS
add_player: FAILURE
remove_player: SUCCESS
get_top_scorer: SUCCESS, 157
add_player: FAILURE
get_closest_player: SUCCESS, 25
get_team_points: SUCCESS, 6634
add_player: FAILURE
get_team_points: SUCCESS, 3314
unite_teams: FAILURE
get_all_players: SUCCESS
87
33
90
158
129
88
126
get_top_scorer: SUCCESS, 135
get_closest_player: SUCCESS, 25
play_match: FAILURE
play_match: FAILURE
get_top_scorer: SUCCESS, 25
knockout_winner: SUCCESS, 8
get_all_players_count: SUCCESS, 11
remove_team: FAILURE
get_all_players: SUCCESS
58
77
81
16
69
156
133
97
80
35
get_num_played_games: SUCCESS, 8165
get_closest_player: SUCCESS, 44
get_all_players: SUCCESS
58
77
81
16
69
156
133
97
80
35
remove_team: FAILURE
remove_team: FAILURE
remove_player: SUCCESS
get_num_played_games: SUCCESS, 5025
remove_player: SUCCESS
get_all_players: SUCCESS
174
134
71
112
60
166
52
125
19
132
96
197
146
89
62
remove_team: FAILURE
remove_player: SUCCESS
get_closest_player: SUCCESS, 124
remove_player: SUCCESS
remove_player: SUCCESS
get_all_players_count: SUCCESS, 8
update_player_stats: SUCCESS
add_team: FAILURE
get_num_played_games: SUCCESS, 7212
get_all_players: SUCCESS
85
176
53
61
38
56
get_all_players: SUCCESS
87
33
90
158
129
88
126
remove_player: SUCCESS
add_team: FAILURE
play_match: FAILURE
unite_teams: FAILURE
add_team: FAILURE
get_top_scorer: SUCCESS, 184
get_all_players_count: SUCCESS, 11
unite_teams: FAILURE
play_match: SUCCESS
get_top_scorer: SUCCESS, 1
unite_teams: FAILURE
get_all_players: SUCCESS
118
192
136
2
14
30
105
195
117
91
100
unite_teams: FAILURE
get_all_players: SUCCESS
119
130
140
110
167
106
102
63
141
68
113
120
55
add_player: FAILURE
remove_team: FAILURE
remove_team: FAILURE
update_player_stats: SUCCESS
get_top_scorer: SUCCESS, 25
update_player_stats: SUCCESS
update_player_stats: SUCCESS
remove_team: FAILURE
remove_team: FAILURE
get_closest_player: SUCCESS, 113
get_top_scorer: SUCCESS, 190
add_player: FAILURE
get_team_points: SUCCESS, 22275
unite_teams: FAILURE
get_closest_player: SUCCESS, 131
knockout_winner: SUCCESS, 17
remove_player: SUCCESS
add_team: FAILURE
remove_player: SUCCESS
knockout_winner: INVALID_INPUT
knockout_winner: INVALID_INPUT
add_player: FAILURE
get_all_players_count: SUCCESS, 6
get_team_points: SUCCESS, 2610
get_team_points: SUCCESS, 11289
get_all_players_count: SUCCESS, 6
get_num_played_games: SUCCESS, 12264
add_team: FAILURE
add_team: FAILURE
add_player: FAILURE
knockout_winner: SUCCESS, 8
play_match: FAILURE
get_all_players_count: SUCCESS, 15
unite_teams: FAILURE
get_closest_player: SUCCESS, 52
remove_player: SUCCESS
remove_team: FAILURE
get_team_points: SUCCESS, 12294
add_team: FAILURE
get_all_players: SUCCESS
187
124
79
131
144
198
128
200
27
66
25
update_player_stats: SUCCESS
unite_teams: FAILURE
get_closest_player: SUCCESS, 187
unite_teams: FAILURE
get_num_played_games: SUCCESS, 8851
remove_team: FAILURE
play_match: INVALID_INPUT
play_match: FAILURE
get_num_played_games: SUCCESS, 4793
update_player_stats: SUCCESS
remove_player: SUCCESS
update_player_stats: SUCCESS
remove_team: FAILURE
get_team_points: SUCCESS, 4491
unite_teams: FAILURE
get_all_players: SUCCESS
180
135
remove_player: SUCCESS
remove_player: SUCCESS
unite_teams: FAILURE
get_closest_player: SUCCESS, 136
knockout_winner: FAILURE
add_team: FAILURE
get_all_players_count: SUCCESS, 9
get_all_players: SUCCESS
40
98
127
114
39
46
get_num_played_games: SUCCESS, 10248
get_top_scorer: SUCCESS, 46
add_team: FAILURE
knockout_winner: INVALID_INPUT
remove_team: FAILURE
update_player_stats: SUCCESS
add_player: FAILURE
update_player_stats: SUCCESS
add_player: FAILURE
get_num_played_games: SUCCESS, 9184
add_team: FAILURE
get_all_players_count: SUCCESS, 9
get_top_scorer: SUCCESS, 157
update_player_stats: SUCCESS
play_match: FAILURE
get_closest_player: SUCCESS, 12
get_all_players_count: SUCCESS, 2
add_player: FAILURE
get_team_points: SUCCESS, 10266
add_player: FAILURE
get_all_players_count: SUCCESS, 14
add_player: FAILURE
add_team: FAILURE
get_team_points: SUCCESS, 263
get_num_played_games: SUCCESS, 9726
get_all_players_count: SUCCESS, 9
update_player_stats: SUCCESS
get_team_points: SUCCESS, 4491
remove_team: FAILURE
get_num_played_games: SUCCESS, 5239
add_player: FAILURE
add_team: FAILURE
remove_player: SUCCESS
update_player_stats: SUCCESS
get_top_scorer: SUCCESS, 55
remove_team: FAILURE
get_closest_player: SUCCESS, 106
remove_team: FAILURE
play_match: FAILURE
get_team_points: SUCCESS, 8566
unite_teams: SUCCESS
get_all_players_count: SUCCESS, 10
get_team_points: SUCCESS, 3314
get_all_players: SUCCESS
40
98
127
114
39
46
add_team: FAILURE
add_player: FAILURE
get_all_players_count: SUCCESS, 10
get_num_played_games: SUCCESS, 18507
play_match: FAILURE
get_team_points: SUCCESS, 7849
get_num_played_games: SUCCESS, 335
get_top_scorer: SUCCESS, 35
get_closest_player: SUCCESS, 100
play_match: FAILURE
get_all_players: SUCCESS
87
158
129
126
33
90
get_top_scorer: SUCCESS, 1
get_all_players_count: SUCCESS, 8
add_team: FAILURE
unite_teams: FAILURE
add_team: FAILURE
remove_player: SUCCESS
get_all_players_count: SUCCESS, 6
get_all_players_count: SUCCESS, 6
add_team: FAILURE
get_all_players: SUCCESS
76
185
75
171
148
92
104
175
knockout_winner: INVALID_INPUT
update_player_stats: SUCCESS
unite_teams: FAILURE
get_all_players: SUCCESS
87
158
129
126
33
90
get_all_players: SUCCESS
180
135
knockout_winner: SUCCESS, 17
add_team: FAILURE
knockout_winner: SUCCESS, 4
knockout_winner: SUCCESS, 17
play_match: INVALID_INPUT
add_team: FAILURE
remove_player: SUCCESS
unite_teams: FAILURE
remove_team: FAILURE
remove_team: FAILURE
knockout_winner: SUCCESS, 3
add_player: FAILURE
remove_team: FAILURE
get_top_scorer: SUCCESS, 184
play_match: SUCCESS
add_player: FAILURE
knockout_winner: FAILURE
unite_teams: FAILURE
get_num_played_games: SUCCESS, 9966
get_team_points: SUCCESS, 13159
play_match: SUCCESS
unite_teams: FAILURE
update_player_stats: SUCCESS
get_team_points: SUCCESS, 3314
add_team: FAILURE
remove_player: SUCCESS
unite_teams: FAILURE
get_num_played_games: SUCCESS, 4952
update_player_stats: SUCCESS
get_closest_player: SUCCESS, 128
get_top_scorer: SUCCESS, 116
get_all_players: SUCCESS
118
136
2
14
30
105
195
117
91
100
add_player: FAILURE
get_all_players: SUCCESS
180
135
remove_team: FAILURE
get_closest_player: SUCCESS, 46
add_player: FAILURE
update_player_stats: SUCCESS
get_all_players_count: SUCCESS, 10
add_team: FAILURE
knockout_winner: INVALID_INPUT
remove_team: FAILURE
remove_team: FAILURE
remove_team: FAILURE
get_all_players_count: SUCCESS, 8
get_closest_player: SUCCESS, 161
get_closest_player: SUCCESS, 13
play_match: FAILURE
get_closest_player: SUCCESS, 198
get_num_played_games: SUCCESS, 8388
knockout_winner: FAILURE
add_team: FAILURE
get_team_points: SUCCESS, 10758
knockout_winner: INVALID_INPUT
update_player_stats: SUCCESS
unite_teams: FAILURE
add_player: FAILURE
get_closest_player: SUCCESS, 140
get_num_played_games: SUCCESS, 12743
get_top_scorer: SUCCESS, 141
get_all_players: SUCCESS
119
130
110
167
106
102
63
68
113
140
120
55
141
get_num_played_games: SUCCESS, 12031
knockout_winner: FAILURE
get_team_points: SUCCESS, 6634
remove_player: SUCCESS
knockout_winner: FAILURE
add_team: FAILURE
unite_teams: FAILURE
get_num_played_games: SUCCESS, 930
remove_team: FAILURE
unite_teams: FAILURE
get_all_players_count: SUCCESS, 8
update_player_stats: SUCCESS
add_player: FAILURE
get_closest_player: SUCCESS, 22
get_top_scorer: SUCCESS, 35
get_all_players_count: SUCCESS, 8
add_team: FAILURE
get_top_scorer: SUCCESS, 184
knockout_winner: INVALID_INPUT
remove_team: FAILURE
knockout_winner: SUCCESS, 17
play_match: FAILURE
add_player: FAILURE
get_top_scorer: SUCCESS, 151
get_closest_player: SUCCESS, 100
add_player: FAILURE
remove_team: FAILURE
knockout_winner: INVALID_INPUT
knockout_winner: FAILURE
unite_teams: FAILURE
get_num_played_games: SUCCESS, 33
get_team_points: SUCCESS, 7849
remove_player: SUCCESS
add_player: FAILURE
unite_teams: INVALID_INPUT
get_all_players: SUCCESS
85
176
53
61
56
38
remove_team: FAILURE
remove_player: SUCCESS
knockout_winner: SUCCESS, 17
knockout_winner: FAILURE
remove_player: SUCCESS
update_player_stats: SUCCESS
add_player: FAILURE
get_team_points: SUCCESS, 7849
get_team_points: SUCCESS, 7849
get_closest_player: SUCCESS, 19
add_player: FAILURE
get_team_points: SUCCESS, 19331
unite_teams: FAILURE
play_match: FAILURE
remove_player: SUCCESS
get_all_players: SUCCESS
118
136
2
30
105
195
117
14
91
100
unite_teams: FAILURE
get_all_players_count: SUCCESS, 2
play_match: FAILURE
update_player_stats: SUCCESS
get_all_players_count: SUCCESS, 14
unite_teams: FAILURE
remove_player: SUCCESS
knockout_winner: INVALID_INPUT
get_top_scorer: SUCCESS, 35
get_num_played_games: SUCCESS, 33
get_num_played_games: SUCCESS, 12743
update_player_stats: SUCCESS
add_player: FAILURE
unite_teams: FAILURE
unite_teams: FAILURE
unite_teams: FAILURE
get_all_players: SUCCESS
180
135
get_team_points: SUCCESS, 4494
update_player_stats: SUCCESS
remove_player: SUCCESS
knockout_winner: INVALID_INPUT
remove_player: SUCCESS
remove_player: SUCCESS
get_closest_player: SUCCESS, 95
update_player_stats: SUCCESS
get_all_players_count: SUCCESS, 14
remove_player: SUCCESS
knockout_winner: SUCCESS, 17
get_all_players_count: SUCCESS, 12
get_all_players_count: SUCCESS, 9
get_all_players_count: SUCCESS, 5
play_match: FAILURE
play_match: FAILURE
add_player: FAILURE
add_team: FAILURE
add_player: FAILURE
knockout_winner: SUCCESS, 2
remove_player: SUCCESS
get_num_played_games: SUCCESS, 4630
get_closest_player: SUCCESS, 17
knockout_winner: SUCCESS, 17
get_closest_player: SUCCESS, 91
get_top_scorer: SUCCESS, 175
get_team_points: SUCCESS, 2610
remove_team: FAILURE
add_player: FAILURE
get_team_points: SUCCESS, 6634
add_player: FAILURE
add_player: FAILURE
get_top_scorer: SUCCESS, 95
update_player_stats: SUCCESS
remove_player: SUCCESS
play_match: FAILURE
remove_player: SUCCESS
add_player: FAILURE
add_team: FAILURE
add_team: FAILURE
get_all_players: SUCCESS
119
130
110
167
106
102
63
68
113
140
120
141
get_all_players_count: SUCCESS, 6
knockout_winner: FAILURE
remove_team: FAILURE
get_all_players_count: SUCCESS, 9
get_team_points: SUCCESS, 7849
add_team: FAILURE
update_player_stats: SUCCESS
get_all_players: SUCCESS
58
77
81
16
156
133
97
knockout_winner: FAILURE
get_all_players: SUCCESS
150
93
143
15
9
12
199
159
184
get_top_scorer: SUCCESS, 116
unite_teams: SUCCESS
update_player_stats: SUCCESS
get_closest_player: SUCCESS, 112
get_all_players: SUCCESS
154
31
194
45
172
116
get_team_points: SUCCESS, 17923
remove_team: FAILURE
knockout_winner: INVALID_INPUT
add_team: FAILURE
remove_player: SUCCESS
add_player: FAILURE
get_top_scorer: SUCCESS, 100
remove_player: SUCCESS
knockout_winner: SUCCESS, 15
remove_player: SUCCESS
get_team_points: SUCCESS, 13159
get_closest_player: SUCCESS, 37
remove_team: FAILURE
add_team: FAILURE
add_team: FAILURE
add_team: FAILURE
get_team_points: SUCCESS, 263
get_team_points: SUCCESS, 7849
get_top_scorer: SUCCESS, 100
get_all_players_count: SUCCESS, 6
get_top_scorer: SUCCESS, 17
get_top_scorer: SUCCESS, 180
add_team: FAILURE
play_match: FAILURE
update_player_stats: SUCCESS
get_closest_player: SUCCESS, 146
knockout_winner: FAILURE
get_team_points: SUCCESS, 13159
remove_player: SUCCESS
get_all_players_count: SUCCESS, 10
add_player: FAILURE
remove_team: FAILURE
update_player_stats: SUCCESS
unite_teams: SUCCESS
unite_teams: SUCCESS
remove_team: FAILURE
add_team: FAILURE
remove_player: SUCCESS
get_team_points: SUCCESS, 6550
get_team_points: SUCCESS, 10880
remove_team: FAILURE
get_num_played_games: SUCCESS, 3341
remove_player: SUCCESS
update_player_stats: SUCCESS
unite_teams: FAILURE
update_player_stats: SUCCESS
get_all_players_count: SUCCESS, 11
get_top_scorer: SUCCESS, 184
get_team_points: SUCCESS, 263
get_all_players_count: SUCCESS, 8
get_num_played_games: SUCCESS, 9392
play_match: FAILURE
update_player_stats: SUCCESS
get_team_points: SUCCESS, 3314
update_player_stats: SUCCESS
get_num_played_games: SUCCESS, 33
update_player_stats: SUCCESS
add_team: FAILURE
get_team_points: SUCCESS, 3314
get_all_players: SUCCESS
79
124
131
198
128
200
27
66
25
add_team: FAILURE
remove_team: FAILURE
remove_player: SUCCESS
add_team: FAILURE
knockout_winner: INVALID_INPUT
remove_team: FAILURE
get_all_players: SUCCESS
179
169
22
20
83
70
138
142
135
180
178
64
update_player_stats: SUCCESS
update_player_stats: SUCCESS
remove_player: SUCCESS
get_all_players_count: SUCCESS, 9
unite_teams: FAILURE
get_team_points: SUCCESS, 263
play_match: FAILURE
get_team_points: SUCCESS, 263
unite_teams: FAILURE
knockout_winner: FAILURE
knockout_winner: SUCCESS, 11
get_all_players_count: SUCCESS, 10
get_all_players_count: SUCCESS, 12
remove_player: SUCCESS
get_all_players: SUCCESS
58
77
81
156
133
97
16
get_top_scorer: SUCCESS, 25
get_all_players: SUCCESS
73
111
163
18
5
24
42
161
123
17
play_match: FAILURE
add_team: FAILURE
remove_team: FAILURE
get_team_points: SUCCESS, 22287
get_all_players_count: SUCCESS, 9
knockout_winner: INVALID_INPUT
unite_teams: FAILURE
knockout_winner: SUCCESS, 11
remove_player: SUCCESS
unite_teams: FAILURE
get_all_players_count: SUCCESS, 9
get_num_played_games: SUCCESS, 7212
remove_player: SUCCESS
remove_player: SUCCESS
remove_player: SUCCESS
remove_player: SUCCESS
remove_player: SUCCESS
remove_player: SUCCESS
remove_player: SUCCESS
remove_player: SUCCESS
remove_player: SUCCESS
remove_player: SUCCESS
remove_player: SUCCESS
remove_player: SUCCESS
remove_player: SUCCESS
remove_player: SUCCESS
remove_player: SUCCESS
remove_player: SUCCESS
remove_player: SUCCESS
remove_player: SUCCESS
remove_player: SUCCESS
remove_player: SUCCESS
remove_player: SUCCESS
remove_player: SUCCESS
remove_player: SUCCESS
remove_player: SUCCESS
remove_player: SUCCESS
remove_player: SUCCESS
remove_player: SUCCESS
remove_player: SUCCESS
remove_player: SUCCESS
remove_player: SUCCESS
remove_player: SUCCESS
remove_player: SUCCESS
remove_player: SUCCESS
remove_player: SUCCESS
remove_player: SUCCESS
remove_player: SUCCESS
remove_player: SUCCESS
remove_player: SUCCESS
remove_player: SUCCESS
remove_player: SUCCESS
remove_player: SUCCESS
remove_player: SUCCESS
remove_player: SUCCESS
remove_player: SUCCESS
remove_player: SUCCESS
remove_player: SUCCESS
remove_player: SUCCESS
remove_player: SUCCESS
remove_player: SUCCESS
remove_player: SUCCESS
remove_player: SUCCESS
remove_player: SUCCESS
remove_player: SUCCESS
remove_player: SUCCESS
remove_player: SUCCESS
remove_player: SUCCESS
remove_player: SUCCESS
remove_player: SUCCESS
remove_player: SUCCESS
remove_player: SUCCESS
remove_player: SUCCESS
remove_player: SUCCESS
remove_player: SUCCESS
remove_player: SUCCESS
remove_player: SUCCESS
remove_player: SUCCESS
remove_player: SUCCESS
remove_player: SUCCESS
remove_player: SUCCESS
remove_player: SUCCESS
remove_player: SUCCESS
remove_player: SUCCESS
remove_player: SUCCESS
remove_player: SUCCESS
remove_player: SUCCESS
remove_player: SUCCESS
remove_player: SUCCESS
remove_player: SUCCESS
remove_player: SUCCESS
remove_player: SUCCESS
remove_player: SUCCESS
remove_player: SUCCESS
remove_player: SUCCESS
remove_player: SUCCESS
remove_player: SUCCESS
remove_player: SUCCESS
remove_player: SUCCESS
remove_player: SUCCESS
remove_player: SUCCESS
remove_player: SUCCESS
remove_player: SUCCESS
remove_player: SUCCESS
remove_player: SUCCESS
remove_player: SUCCESS
remove_player: SUCCESS
remove_player: SUCCESS
remove_player: SUCCESS
remove_player: SUCCESS
remove_player: SUCCESS
remove_player: SUCCESS
remove_player: SUCCESS
remove_player: SUCCESS
remove_player: SUCCESS
remove_player: SUCCESS
remove_player: SUCCESS
remove_player: SUCCESS
remove_player: SUCCESS
remove_player: SUCCESS
remove_player: SUCCESS
remove_player: SUCCESS
remove_player: SUCCESS
remove_player: SUCCESS
remove_player: SUCCESS
remove_player: SUCCESS
remove_player: SUCCESS
remove_player: SUCCESS
remove_player: SUCCESS
remove_player: SUCCESS
remove_player: SUCCESS
remove_player: SUCCESS
remove_team: SUCCESS
remove_team: SUCCESS
remove_team: SUCCESS
remove_team: SUCCESS
remove_team: SUCCESS
remove_team: SUCCESS
remove_team: SUCCESS
remove_team: SUCCESS
remove_team: SUCCESS
remove_team: SUCCESS
remove_team: SUCCESS
remove_team: SUCCESS
remove_team: SUCCESS
