add_team: SUCCESS
add_team: SUCCESS
add_team: SUCCESS
add_team: SUCCESS
add_team: SUCCESS
add_team: SUCCESS
add_team: SUCCESS
add_team: SUCCESS
add_team: SUCCESS
add_team: SUCCESS
add_team: SUCCESS
add_team: SUCCESS
add_team: SUCCESS
add_team: SUCCESS
add_team: SUCCESS
add_team: SUCCESS
add_team: SUCCESS
add_team: SUCCESS
add_team: SUCCESS
add_team: SUCCESS
add_player: SUCCESS
add_player: SUCCESS
add_player: SUCCESS
add_player: SUCCESS
add_player: SUCCESS
add_player: SUCCESS
add_player: SUCCESS
add_player: SUCCESS
add_player: SUCCESS
add_player: SUCCESS
add_player: SUCCESS
add_player: SUCCESS
add_player: SUCCESS
add_player: SUCCESS
add_player: SUCCESS
add_player: SUCCESS
add_player: SUCCESS
add_player: SUCCESS
add_player: SUCCESS
add_player: SUCCESS
add_player: SUCCESS
add_player: SUCCESS
add_player: SUCCESS
add_player: SUCCESS
add_player: SUCCESS
add_player: SUCCESS
add_player: SUCCESS
add_player: SUCCESS
add_player: SUCCESS
add_player: SUCCESS
add_player: SUCCESS
add_player: SUCCESS
add_player: SUCCESS
add_player: SUCCESS
add_player: SUCCESS
add_player: SUCCESS
add_player: SUCCESS
add_player: SUCCESS
add_player: SUCCESS
add_player: SUCCESS
add_player: SUCCESS
add_player: SUCCESS
add_player: SUCCESS
add_player: SUCCESS
add_player: SUCCESS
add_player: SUCCESS
add_player: SUCCESS
add_player: SUCCESS
add_player: SUCCESS
add_player: SUCCESS
add_player: SUCCESS
add_player: SUCCESS
add_player: SUCCESS
add_player: SUCCESS
add_player: SUCCESS
add_player: SUCCESS
add_player: SUCCESS
add_player: SUCCESS
add_player: SUCCESS
add_player: SUCCESS
add_player: SUCCESS
add_player: SUCCESS
add_player: SUCCESS
add_player: SUCCESS
add_player: SUCCESS
add_player: SUCCESS
add_player: SUCCESS
add_player: SUCCESS
add_player: SUCCESS
add_player: SUCCESS
add_player: SUCCESS
add_player: SUCCESS
add_player: SUCCESS
add_player: SUCCESS
add_player: SUCCESS
add_player: SUCCESS
add_player: SUCCESS
add_player: SUCCESS
add_player: SUCCESS
add_player: SUCCESS
add_player: SUCCESS
add_player: SUCCESS
add_player: SUCCESS
add_player: SUCCESS
add_player: SUCCESS
add_player: SUCCESS
add_player: SUCCESS
add_player: SUCCESS
add_player: SUCCESS
add_player: SUCCESS
add_player: SUCCESS
add_player: SUCCESS
add_player: SUCCESS
add_player: SUCCESS
add_player: SUCCESS
add_player: SUCCESS
add_player: SUCCESS
add_player: SUCCESS
add_player: SUCCESS
add_player: SUCCESS
add_player: SUCCESS
add_player: SUCCESS
add_player: SUCCESS
add_player: SUCCESS
add_player: SUCCESS
add_player: SUCCESS
add_player: SUCCESS
add_player: SUCCESS
add_player: SUCCESS
add_player: SUCCESS
add_player: SUCCESS
add_player: SUCCESS
add_player: SUCCESS
add_player: SUCCESS
add_player: SUCCESS
add_player: SUCCESS
add_player: SUCCESS
add_player: SUCCESS
add_player: SUCCESS
add_player: SUCCESS
add_player: SUCCESS
add_player: SUCCESS
add_player: SUCCESS
add_player: SUCCESS
add_player: SUCCESS
add_player: SUCCESS
add_player: SUCCESS
add_player: SUCCESS
add_player: SUCCESS
add_player: SUCCESS
add_player: SUCCESS
add_player: SUCCESS
add_player: SUCCESS
add_player: SUCCESS
add_player: SUCCESS
add_player: SUCCESS
add_player: SUCCESS
add_player: SUCCESS
add_player: SUCCESS
add_player: SUCCESS
add_player: SUCCESS
add_player: SUCCESS
add_player: SUCCESS
add_player: SUCCESS
add_player: SUCCESS
add_player: SUCCESS
add_player: SUCCESS
add_player: SUCCESS
add_player: SUCCESS
add_player: SUCCESS
add_player: SUCCESS
add_player: SUCCESS
add_player: SUCCESS
add_player: SUCCESS
add_player: SUCCESS
add_player: SUCCESS
add_player: SUCCESS
add_player: SUCCESS
add_player: SUCCESS
add_player: SUCCESS
add_player: SUCCESS
add_player: SUCCESS
add_player: SUCCESS
add_player: SUCCESS
add_player: SUCCESS
add_player: SUCCESS
add_player: SUCCESS
add_player: SUCCESS
add_player: SUCCESS
add_player: SUCCESS
add_player: SUCCESS
add_player: SUCCESS
add_player: SUCCESS
add_player: SUCCESS
add_player: SUCCESS
add_player: SUCCESS
add_player: SUCCESS
add_player: SUCCESS
add_player: SUCCESS
add_player: SUCCESS
add_player: SUCCESS
add_player: SUCCESS
add_player: SUCCESS
add_player: SUCCESS
add_player: SUCCESS
add_player: SUCCESS
add_player: SUCCESS
add_player: SUCCESS
add_player: SUCCESS
add_player: SUCCESS
add_player: SUCCESS
add_player: SUCCESS
add_player: SUCCESS
add_player: SUCCESS
add_player: SUCCESS
add_player: SUCCESS
add_player: SUCCESS
add_player: SUCCESS
add_player: SUCCESS
add_player: SUCCESS
get_top_scorer: SUCCESS, 122
remove_player: SUCCESS
get_num_played_games: SUCCESS, 9975
get_num_played_games: SUCCESS, 8228
play_match: FAILURE
get_team_points: SUCCESS, 7715
get_top_scorer: SUCCESS, 35
remove_player: SUCCESS
get_closest_player: SUCCESS, 24
get_closest_player: SUCCESS, 32
get_all_players_count: SUCCESS, 11
knockout_winner: SUCCESS, 13
knockout_winner: INVALID_INPUT
knockout_winner: INVALID_INPUT
knockout_winner: SUCCESS, 13
knockout_winner: FAILURE
get_top_scorer: SUCCESS, 11
get_num_played_games: SUCCESS, 7834
get_top_scorer: SUCCESS, 134
play_match: FAILURE
get_all_players: SUCCESS
133
117
155
4
85
182
99
145
30
23
12
172
175
play_match: SUCCESS
get_all_players_count: SUCCESS, 9
add_team: FAILURE
unite_teams: FAILURE
add_team: FAILURE
unite_teams: FAILURE
add_team: FAILURE
add_player: FAILURE
knockout_winner: FAILURE
knockout_winner: INVALID_INPUT
knockout_winner: INVALID_INPUT
knockout_winner: FAILURE
knockout_winner: INVALID_INPUT
add_team: FAILURE
remove_team: FAILURE
get_all_players_count: SUCCESS, 13
remove_player: SUCCESS
get_top_scorer: SUCCESS, 11
add_player: FAILURE
unite_teams: FAILURE
get_all_players_count: SUCCESS, 13
knockout_winner: FAILURE
knockout_winner: SUCCESS, 13
knockout_winner: SUCCESS, 10
knockout_winner: SUCCESS, 20
knockout_winner: INVALID_INPUT
knockout_winner: SUCCESS, 13
knockout_winner: SUCCESS, 13
knockout_winner: SUCCESS, 13
knockout_winner: SUCCESS, 20
knockout_winner: INVALID_INPUT
play_match: FAILURE
remove_player: SUCCESS
add_team: FAILURE
knockout_winner: FAILURE
knockout_winner: SUCCESS, 17
knockout_winner: FAILURE
knockout_winner: FAILURE
knockout_winner: INVALID_INPUT
add_team: FAILURE
get_top_scorer: SUCCESS, 165
get_num_played_games: SUCCESS, 5168
get_closest_player: SUCCESS, 14
add_player: FAILURE
get_all_players_count: SUCCESS, 7
get_num_played_games: SUCCESS, 9162
get_team_points: SUCCESS, 3777
remove_player: SUCCESS
update_player_stats: SUCCESS
get_all_players: SUCCESS
62
105
35
get_num_played_games: SUCCESS, 58
play_match: FAILURE
add_player: FAILURE
add_team: FAILURE
get_all_players: SUCCESS
29
15
109
104
103
152
61
162
112
remove_player: SUCCESS
get_all_players_count: SUCCESS, 11
get_num_played_games: SUCCESS, 5928
remove_team: FAILURE
add_player: FAILURE
add_team: FAILURE
play_match: FAILURE
remove_team: FAILURE
get_all_players_count: SUCCESS, 11
get_num_played_games: SUCCESS, 4387
get_num_played_games: SUCCESS, 11638
remove_player: SUCCESS
get_num_played_games: SUCCESS, 10255
remove_team: FAILURE
get_all_players: SUCCESS
29
15
109
104
103
152
61
162
112
play_match: FAILURE
update_player_stats: SUCCESS
update_player_stats: SUCCESS
get_team_points: SUCCESS, 2757
get_all_players_count: SUCCESS, 9
remove_player: SUCCESS
remove_team: FAILURE
add_player: FAILURE
add_player: FAILURE
get_closest_player: SUCCESS, 180
add_player: FAILURE
play_match: FAILURE
remove_player: SUCCESS
add_player: FAILURE
add_team: FAILURE
update_player_stats: SUCCESS
play_match: FAILURE
add_player: FAILURE
get_all_players_count: SUCCESS, 9
unite_teams: FAILURE
get_all_players: SUCCESS
168
20
80
47
51
173
167
159
48
100
38
139
knockout_winner: FAILURE
knockout_winner: SUCCESS, 13
knockout_winner: SUCCESS, 13
knockout_winner: FAILURE
knockout_winner: INVALID_INPUT
remove_player: SUCCESS
play_match: FAILURE
remove_player: SUCCESS
get_num_played_games: SUCCESS, 3873
get_top_scorer: SUCCESS, 82
add_player: FAILURE
unite_teams: FAILURE
get_all_players_count: SUCCESS, 18
get_closest_player: SUCCESS, 156
get_top_scorer: SUCCESS, 94
play_match: SUCCESS
get_num_played_games: SUCCESS, 5940
get_team_points: SUCCESS, 8039
get_all_players_count: SUCCESS, 10
get_num_played_games: SUCCESS, 21
remove_player: SUCCESS
get_all_players_count: SUCCESS, 10
remove_player: SUCCESS
update_player_stats: SUCCESS
get_closest_player: SUCCESS, 76
knockout_winner: SUCCESS, 13
knockout_winner: SUCCESS, 13
knockout_winner: SUCCESS, 13
knockout_winner: SUCCESS, 13
knockout_winner: SUCCESS, 13
play_match: FAILURE
unite_teams: FAILURE
remove_team: FAILURE
play_match: FAILURE
get_closest_player: SUCCESS, 181
knockout_winner: FAILURE
knockout_winner: SUCCESS, 13
knockout_winner: SUCCESS, 3
knockout_winner: SUCCESS, 13
knockout_winner: INVALID_INPUT
get_top_scorer: SUCCESS, 138
add_player: FAILURE
knockout_winner: SUCCESS, 3
knockout_winner: INVALID_INPUT
knockout_winner: INVALID_INPUT
knockout_winner: SUCCESS, 7
knockout_winner: INVALID_INPUT
knockout_winner: SUCCESS, 13
knockout_winner: INVALID_INPUT
knockout_winner: INVALID_INPUT
knockout_winner: SUCCESS, 13
knockout_winner: SUCCESS, 7
unite_teams: FAILURE
get_top_scorer: SUCCESS, 134
add_team: FAILURE
get_top_scorer: SUCCESS, 82
remove_player: SUCCESS
unite_teams: FAILURE
remove_team: FAILURE
get_all_players_count: SUCCESS, 9
add_team: FAILURE
remove_player: SUCCESS
play_match: FAILURE
knockout_winner: SUCCESS, 14
knockout_winner: SUCCESS, 13
knockout_winner: FAILURE
knockout_winner: FAILURE
knockout_winner: INVALID_INPUT
play_match: FAILURE
add_player: FAILURE
play_match: FAILURE
play_match: FAILURE
get_num_played_games: SUCCESS, 2070
get_top_scorer: SUCCESS, 37
play_match: FAILURE
add_player: FAILURE
get_top_scorer: SUCCESS, 17
get_team_points: SUCCESS, 7715
remove_player: SUCCESS
update_player_stats: SUCCESS
remove_team: FAILURE
get_team_points: SUCCESS, 8039
get_num_played_games: SUCCESS, 8390
get_closest_player: SUCCESS, 17
add_player: FAILURE
remove_team: FAILURE
get_closest_player: SUCCESS, 188
add_player: FAILURE
knockout_winner: SUCCESS, 13
knockout_winner: INVALID_INPUT
knockout_winner: INVALID_INPUT
knockout_winner: SUCCESS, 13
knockout_winner: FAILURE
get_top_scorer: SUCCESS, 165
unite_teams: FAILURE
get_closest_player: SUCCESS, 192
get_closest_player: SUCCESS, 135
get_num_played_games: SUCCESS, 5131
get_all_players_count: SUCCESS, 9
get_all_players_count: SUCCESS, 6
get_all_players_count: SUCCESS, 2
get_closest_player: SUCCESS, 49
knockout_winner: SUCCESS, 13
knockout_winner: SUCCESS, 13
knockout_winner: SUCCESS, 7
knockout_winner: SUCCESS, 14
knockout_winner: INVALID_INPUT
remove_player: SUCCESS
update_player_stats: SUCCESS
get_team_points: SUCCESS, 7145
remove_team: FAILURE
unite_teams: FAILURE
update_player_stats: SUCCESS
add_team: FAILURE
knockout_winner: SUCCESS, 13
knockout_winner: SUCCESS, 13
knockout_winner: SUCCESS, 7
knockout_winner: FAILURE
knockout_winner: INVALID_INPUT
get_num_played_games: SUCCESS, 9448
get_top_scorer: SUCCESS, 165
add_player: FAILURE
get_all_players_count: SUCCESS, 11
get_num_played_games: SUCCESS, 9298
remove_player: SUCCESS
add_player: FAILURE
play_match: FAILURE
get_all_players: SUCCESS
71
149
125
163
195
78
123
60
138
get_all_players_count: SUCCESS, 10
remove_player: SUCCESS
get_num_played_games: SUCCESS, 11607
get_num_played_games: SUCCESS, 11173
get_all_players: SUCCESS
136
28
6
188
115
151
9
24
199
13
154
52
190
knockout_winner: SUCCESS, 7
knockout_winner: SUCCESS, 13
knockout_winner: SUCCESS, 5
knockout_winner: SUCCESS, 13
knockout_winner: INVALID_INPUT
play_match: FAILURE
get_all_players: SUCCESS
124
27
92
87
134
add_team: FAILURE
get_team_points: SUCCESS, 8039
play_match: FAILURE
get_all_players: SUCCESS
62
35
remove_player: SUCCESS
remove_player: SUCCESS
remove_player: SUCCESS
add_player: FAILURE
get_num_played_games: SUCCESS, 3351
get_all_players: SUCCESS
136
28
6
188
115
151
9
24
199
13
154
52
190
get_all_players_count: SUCCESS, 11
get_top_scorer: SUCCESS, 128
get_all_players_count: SUCCESS, 11
knockout_winner: FAILURE
knockout_winner: SUCCESS, 13
knockout_winner: FAILURE
knockout_winner: FAILURE
knockout_winner: INVALID_INPUT
knockout_winner: SUCCESS, 13
knockout_winner: SUCCESS, 13
knockout_winner: SUCCESS, 7
knockout_winner: SUCCESS, 13
knockout_winner: INVALID_INPUT
update_player_stats: SUCCESS
get_closest_player: SUCCESS, 56
get_num_played_games: SUCCESS, 9509
remove_team: FAILURE
knockout_winner: SUCCESS, 7
knockout_winner: INVALID_INPUT
knockout_winner: INVALID_INPUT
knockout_winner: SUCCESS, 13
knockout_winner: INVALID_INPUT
unite_teams: FAILURE
remove_team: FAILURE
get_team_points: SUCCESS, 11411
unite_teams: FAILURE
add_team: FAILURE
add_player: FAILURE
play_match: FAILURE
knockout_winner: SUCCESS, 7
knockout_winner: SUCCESS, 13
knockout_winner: SUCCESS, 3
knockout_winner: SUCCESS, 13
knockout_winner: INVALID_INPUT
get_team_points: SUCCESS, 2581
get_top_scorer: SUCCESS, 94
get_closest_player: SUCCESS, 67
update_player_stats: SUCCESS
get_all_players_count: SUCCESS, 8
get_closest_player: SUCCESS, 16
remove_team: FAILURE
get_all_players_count: SUCCESS, 8
get_all_players: SUCCESS
45
33
197
176
70
3
86
74
113
59
171
get_team_points: SUCCESS, 962
unite_teams: FAILURE
get_num_played_games: SUCCESS, 6639
get_num_played_games: SUCCESS, 3081
get_team_points: SUCCESS, 2928
update_player_stats: SUCCESS
update_player_stats: SUCCESS
update_player_stats: SUCCESS
unite_teams: FAILURE
knockout_winner: SUCCESS, 13
knockout_winner: SUCCESS, 13
knockout_winner: FAILURE
knockout_winner: FAILURE
knockout_winner: INVALID_INPUT
unite_teams: FAILURE
unite_teams: FAILURE
knockout_winner: SUCCESS, 3
knockout_winner: INVALID_INPUT
knockout_winner: INVALID_INPUT
knockout_winner: SUCCESS, 7
knockout_winner: INVALID_INPUT
get_closest_player: SUCCESS, 10
update_player_stats: SUCCESS
add_player: FAILURE
get_team_points: SUCCESS, 6806
unite_teams: FAILURE
remove_player: SUCCESS
get_team_points: SUCCESS, 2581
play_match: FAILURE
add_player: FAILURE
add_player: FAILURE
play_match: FAILURE
get_all_players: SUCCESS
71
125
163
149
195
78
123
60
138
unite_teams: FAILURE
get_all_players_count: SUCCESS, 10
add_team: FAILURE
add_team: FAILURE
play_match: SUCCESS
play_match: FAILURE
get_num_played_games: SUCCESS, 1603
remove_team: FAILURE
unite_teams: FAILURE
get_all_players: SUCCESS
62
35
remove_player: SUCCESS
play_match: FAILURE
knockout_winner: SUCCESS, 7
knockout_winner: INVALID_INPUT
knockout_winner: INVALID_INPUT
knockout_winner: SUCCESS, 14
knockout_winner: FAILURE
update_player_stats: SUCCESS
update_player_stats: SUCCESS
get_all_players_count: SUCCESS, 5
get_closest_player: SUCCESS, 28
get_team_points: SUCCESS, 8039
get_closest_player: SUCCESS, 30
add_player: FAILURE
update_player_stats: SUCCESS
knockout_winner: SUCCESS, 14
knockout_winner: SUCCESS, 14
knockout_winner: FAILURE
knockout_winner: FAILURE
knockout_winner: INVALID_INPUT
get_all_players_count: SUCCESS, 13
get_closest_player: SUCCESS, 96
get_all_players: SUCCESS
54
156
98
132
141
146
remove_player: SUCCESS
unite_teams: FAILURE
unite_teams: FAILURE
get_closest_player: SUCCESS, 187
get_closest_player: SUCCESS, 50
unite_teams: FAILURE
get_top_scorer: SUCCESS, 142
update_player_stats: SUCCESS
unite_teams: FAILURE
play_match: FAILURE
remove_team: FAILURE
update_player_stats: SUCCESS
get_all_players_count: SUCCESS, 10
play_match: FAILURE
get_top_scorer: SUCCESS, 37
get_top_scorer: SUCCESS, 142
get_all_players_count: SUCCESS, 10
play_match: FAILURE
add_player: FAILURE
knockout_winner: FAILURE
knockout_winner: SUCCESS, 14
knockout_winner: FAILURE
knockout_winner: FAILURE
knockout_winner: INVALID_INPUT
knockout_winner: SUCCESS, 7
knockout_winner: SUCCESS, 7
knockout_winner: SUCCESS, 7
knockout_winner: SUCCESS, 14
knockout_winner: FAILURE
get_top_scorer: SUCCESS, 112
play_match: FAILURE
get_all_players_count: SUCCESS, 9
get_closest_player: SUCCESS, 124
get_all_players_count: SUCCESS, 5
add_player: FAILURE
unite_teams: FAILURE
knockout_winner: SUCCESS, 7
knockout_winner: SUCCESS, 7
knockout_winner: SUCCESS, 7
knockout_winner: SUCCESS, 14
knockout_winner: FAILURE
add_player: FAILURE
get_closest_player: SUCCESS, 15
get_all_players: SUCCESS
133
117
155
4
182
145
30
23
12
175
85
get_top_scorer: SUCCESS, 131
play_match: FAILURE
get_top_scorer: SUCCESS, 67
unite_teams: FAILURE
remove_player: SUCCESS
get_all_players: SUCCESS
135
72
129
121
114
148
95
14
play_match: FAILURE
get_top_scorer: SUCCESS, 85
add_team: FAILURE
get_all_players_count: SUCCESS, 10
get_all_players_count: SUCCESS, 6
get_closest_player: SUCCESS, 11
get_team_points: SUCCESS, 7715
get_top_scorer: SUCCESS, 165
play_match: FAILURE
get_num_played_games: SUCCESS, 11043
get_top_scorer: SUCCESS, 3
remove_team: FAILURE
get_num_played_games: SUCCESS, 6979
update_player_stats: SUCCESS
get_top_scorer: SUCCESS, 17
get_all_players: SUCCESS
53
75
127
94
get_top_scorer: SUCCESS, 112
get_top_scorer: SUCCESS, 93
unite_teams: FAILURE
remove_player: SUCCESS
unite_teams: FAILURE
knockout_winner: SUCCESS, 14
knockout_winner: SUCCESS, 7
knockout_winner: SUCCESS, 7
knockout_winner: FAILURE
knockout_winner: INVALID_INPUT
add_player: FAILURE
knockout_winner: SUCCESS, 14
knockout_winner: SUCCESS, 7
knockout_winner: SUCCESS, 7
knockout_winner: FAILURE
knockout_winner: INVALID_INPUT
get_team_points: SUCCESS, 2757
play_match: FAILURE
get_team_points: SUCCESS, 8039
get_closest_player: SUCCESS, 79
remove_team: FAILURE
remove_team: FAILURE
update_player_stats: SUCCESS
get_team_points: SUCCESS, 3777
add_team: FAILURE
knockout_winner: FAILURE
knockout_winner: SUCCESS, 14
knockout_winner: SUCCESS, 14
knockout_winner: FAILURE
knockout_winner: INVALID_INPUT
get_top_scorer: SUCCESS, 17
play_match: FAILURE
get_all_players_count: SUCCESS, 6
update_player_stats: SUCCESS
get_closest_player: SUCCESS, 153
play_match: FAILURE
get_team_points: SUCCESS, 3777
get_closest_player: SUCCESS, 135
unite_teams: FAILURE
get_top_scorer: SUCCESS, 93
add_team: FAILURE
get_num_played_games: SUCCESS, 21
get_all_players_count: SUCCESS, 9
get_top_scorer: SUCCESS, 165
remove_player: SUCCESS
get_top_scorer: SUCCESS, 134
get_team_points: SUCCESS, 6806
get_team_points: SUCCESS, 962
get_closest_player: SUCCESS, 194
get_all_players_count: SUCCESS, 10
remove_player: SUCCESS
get_top_scorer: SUCCESS, 175
get_team_points: SUCCESS, 9175
get_top_scorer: SUCCESS, 14
get_all_players: SUCCESS
36
32
22
8
5
26
122
185
91
get_num_played_games: SUCCESS, 9352
unite_teams: FAILURE
add_team: FAILURE
unite_teams: FAILURE
get_team_points: SUCCESS, 2584
get_all_players_count: SUCCESS, 2
add_team: FAILURE
update_player_stats: SUCCESS
get_all_players_count: SUCCESS, 10
knockout_winner: SUCCESS, 7
knockout_winner: SUCCESS, 7
knockout_winner: SUCCESS, 5
knockout_winner: SUCCESS, 14
knockout_winner: INVALID_INPUT
play_match: FAILURE
update_player_stats: SUCCESS
update_player_stats: SUCCESS
get_team_points: SUCCESS, 7145
get_top_scorer: SUCCESS, 112
get_team_points: SUCCESS, 747
unite_teams: FAILURE
add_team: FAILURE
remove_player: SUCCESS
add_player: FAILURE
add_player: FAILURE
get_team_points: SUCCESS, 2584
update_player_stats: SUCCESS
add_team: FAILURE
get_num_played_games: SUCCESS, 58
get_team_points: SUCCESS, 11081
get_closest_player: SUCCESS, 70
get_team_points: SUCCESS, 11081
get_top_scorer: SUCCESS, 112
knockout_winner: SUCCESS, 7
knockout_winner: SUCCESS, 7
knockout_winner: SUCCESS, 7
knockout_winner: SUCCESS, 14
knockout_winner: INVALID_INPUT
unite_teams: FAILURE
get_closest_player: SUCCESS, 1
add_team: FAILURE
add_player: FAILURE
unite_teams: FAILURE
get_all_players: SUCCESS
135
72
129
121
114
148
95
14
play_match: FAILURE
get_all_players_count: SUCCESS, 14
knockout_winner: FAILURE
knockout_winner: SUCCESS, 14
knockout_winner: FAILURE
knockout_winner: FAILURE
knockout_winner: INVALID_INPUT
update_player_stats: SUCCESS
remove_team: FAILURE
get_closest_player: SUCCESS, 32
remove_player: SUCCESS
update_player_stats: SUCCESS
knockout_winner: SUCCESS, 14
knockout_winner: SUCCESS, 7
knockout_winner: SUCCESS, 7
knockout_winner: SUCCESS, 14
knockout_winner: SUCCESS, 14
add_team: FAILURE
remove_player: SUCCESS
add_player: FAILURE
get_top_scorer: SUCCESS, 100
unite_teams: FAILURE
knockout_winner: SUCCESS, 14
knockout_winner: SUCCESS, 7
knockout_winner: SUCCESS, 7
knockout_winner: SUCCESS, 14
knockout_winner: SUCCESS, 14
update_player_stats: SUCCESS
get_all_players: SUCCESS
168
20
80
47
51
173
48
38
139
167
100
add_player: FAILURE
add_player: FAILURE
get_all_players_count: SUCCESS, 8
get_top_scorer: SUCCESS, 194
remove_team: FAILURE
get_num_played_games: SUCCESS, 6639
get_all_players_count: SUCCESS, 4
get_team_points: SUCCESS, 4212
get_all_players_count: SUCCESS, 5
add_team: FAILURE
knockout_winner: FAILURE
knockout_winner: SUCCESS, 7
knockout_winner: SUCCESS, 7
knockout_winner: SUCCESS, 14
knockout_winner: INVALID_INPUT
remove_player: SUCCESS
get_all_players_count: SUCCESS, 12
get_top_scorer: SUCCESS, 3
add_team: FAILURE
get_num_played_games: SUCCESS, 9465
get_closest_player: SUCCESS, 198
get_team_points: SUCCESS, 2584
get_top_scorer: SUCCESS, 93
play_match: FAILURE
update_player_stats: SUCCESS
remove_team: FAILURE
get_all_players_count: SUCCESS, 5
get_team_points: SUCCESS, 7145
update_player_stats: SUCCESS
remove_player: SUCCESS
knockout_winner: FAILURE
knockout_winner: SUCCESS, 14
knockout_winner: SUCCESS, 14
knockout_winner: FAILURE
knockout_winner: INVALID_INPUT
get_all_players: SUCCESS
54
156
98
141
146
update_player_stats: SUCCESS
update_player_stats: SUCCESS
remove_team: FAILURE
knockout_winner: FAILURE
knockout_winner: SUCCESS, 7
knockout_winner: SUCCESS, 4
knockout_winner: SUCCESS, 14
knockout_winner: INVALID_INPUT
update_player_stats: SUCCESS
add_team: FAILURE
get_team_points: SUCCESS, 747
play_match: FAILURE
get_closest_player: SUCCESS, 49
play_match: FAILURE
knockout_winner: SUCCESS, 14
knockout_winner: SUCCESS, 7
knockout_winner: SUCCESS, 7
knockout_winner: FAILURE
knockout_winner: INVALID_INPUT
get_team_points: SUCCESS, 1013
remove_player: SUCCESS
remove_player: SUCCESS
get_team_points: SUCCESS, 1013
add_team: FAILURE
get_top_scorer: SUCCESS, 142
update_player_stats: SUCCESS
knockout_winner: SUCCESS, 7
knockout_winner: SUCCESS, 7
knockout_winner: SUCCESS, 7
knockout_winner: SUCCESS, 14
knockout_winner: FAILURE
remove_team: FAILURE
unite_teams: FAILURE
remove_player: SUCCESS
knockout_winner: SUCCESS, 7
knockout_winner: INVALID_INPUT
knockout_winner: INVALID_INPUT
knockout_winner: SUCCESS, 14
knockout_winner: INVALID_INPUT
update_player_stats: SUCCESS
play_match: FAILURE
get_all_players: SUCCESS
136
28
6
188
115
151
24
199
13
154
52
190
add_team: FAILURE
remove_player: SUCCESS
play_match: FAILURE
unite_teams: FAILURE
get_top_scorer: SUCCESS, 194
remove_player: SUCCESS
remove_player: SUCCESS
remove_team: FAILURE
update_player_stats: SUCCESS
remove_player: SUCCESS
get_all_players_count: SUCCESS, 12
get_closest_player: SUCCESS, 112
remove_team: FAILURE
unite_teams: FAILURE
get_team_points: SUCCESS, 5961
update_player_stats: SUCCESS
get_top_scorer: SUCCESS, 190
play_match: FAILURE
unite_teams: FAILURE
add_team: FAILURE
play_match: FAILURE
get_top_scorer: SUCCESS, 175
get_num_played_games: SUCCESS, 9791
knockout_winner: FAILURE
knockout_winner: FAILURE
knockout_winner: FAILURE
knockout_winner: FAILURE
knockout_winner: INVALID_INPUT
knockout_winner: SUCCESS, 7
knockout_winner: SUCCESS, 7
knockout_winner: FAILURE
knockout_winner: FAILURE
knockout_winner: INVALID_INPUT
knockout_winner: FAILURE
knockout_winner: SUCCESS, 7
knockout_winner: SUCCESS, 7
knockout_winner: FAILURE
knockout_winner: INVALID_INPUT
remove_team: FAILURE
play_match: FAILURE
get_team_points: SUCCESS, 2757
get_top_scorer: SUCCESS, 35
add_player: FAILURE
get_team_points: SUCCESS, 2584
knockout_winner: SUCCESS, 7
knockout_winner: INVALID_INPUT
knockout_winner: INVALID_INPUT
knockout_winner: FAILURE
knockout_winner: INVALID_INPUT
unite_teams: FAILURE
get_all_players_count: SUCCESS, 11
update_player_stats: SUCCESS
get_team_points: SUCCESS, 2757
unite_teams: FAILURE
remove_player: SUCCESS
play_match: FAILURE
add_player: FAILURE
get_top_scorer: SUCCESS, 14
get_top_scorer: SUCCESS, 103
get_all_players: SUCCESS
158
43
153
65
88
73
140
79
181
remove_player: SUCCESS
get_top_scorer: SUCCESS, 103
get_team_points: SUCCESS, 9175
get_closest_player: SUCCESS, 200
add_player: FAILURE
get_num_played_games: SUCCESS, 3351
remove_player: SUCCESS
remove_player: SUCCESS
get_team_points: SUCCESS, 11081
unite_teams: FAILURE
get_top_scorer: SUCCESS, 194
add_team: FAILURE
get_num_played_games: SUCCESS, 15373
unite_teams: FAILURE
get_all_players: SUCCESS
120
40
110
69
143
198
170
118
39
17
unite_teams: SUCCESS
get_team_points: SUCCESS, 3777
unite_teams: FAILURE
get_num_played_games: SUCCESS, 11043
get_all_players_count: SUCCESS, 4
remove_team: FAILURE
play_match: FAILURE
get_team_points: SUCCESS, 962
update_player_stats: SUCCESS
play_match: FAILURE
add_player: FAILURE
get_all_players: SUCCESS
136
28
6
158
188
115
43
151
153
24
65
199
13
154
88
73
52
140
190
79
181
get_all_players: SUCCESS
8
5
36
122
185
22
91
play_match: FAILURE
get_num_played_games: SUCCESS, 3222
get_all_players: SUCCESS
58
81
128
56
get_top_scorer: SUCCESS, 146
add_team: FAILURE
get_closest_player: SUCCESS, 89
get_all_players: SUCCESS
136
28
6
158
188
115
43
151
153
24
65
199
13
154
88
73
52
140
190
79
181
get_all_players_count: SUCCESS, 8
get_num_played_games: SUCCESS, 4356
get_team_points: SUCCESS, 9484
unite_teams: FAILURE
get_num_played_games: SUCCESS, 4955
get_num_played_games: SUCCESS, 10183
remove_player: SUCCESS
get_all_players: SUCCESS
120
40
110
69
143
198
170
118
39
17
get_top_scorer: SUCCESS, 56
get_num_played_games: SUCCESS, 6221
remove_team: FAILURE
get_top_scorer: SUCCESS, 82
remove_player: SUCCESS
get_closest_player: SUCCESS, 96
get_num_played_games: SUCCESS, 11423
get_all_players_count: SUCCESS, 10
get_num_played_games: SUCCESS, 10093
remove_team: FAILURE
play_match: FAILURE
get_all_players: SUCCESS
124
27
92
87
134
get_num_played_games: SUCCESS, 10972
remove_player: SUCCESS
get_team_points: SUCCESS, 5961
knockout_winner: SUCCESS, 7
knockout_winner: INVALID_INPUT
knockout_winner: INVALID_INPUT
knockout_winner: SUCCESS, 10
knockout_winner: SUCCESS, 10
update_player_stats: SUCCESS
unite_teams: FAILURE
get_all_players: SUCCESS
54
156
98
141
146
remove_player: SUCCESS
get_all_players_count: SUCCESS, 9
get_all_players_count: SUCCESS, 5
get_all_players_count: SUCCESS, 5
remove_team: FAILURE
get_top_scorer: SUCCESS, 138
get_closest_player: SUCCESS, 101
unite_teams: FAILURE
get_closest_player: SUCCESS, 181
remove_player: SUCCESS
remove_player: SUCCESS
get_top_scorer: SUCCESS, 35
get_all_players: SUCCESS
58
81
128
56
remove_player: SUCCESS
knockout_winner: INVALID_INPUT
knockout_winner: FAILURE
knockout_winner: INVALID_INPUT
knockout_winner: INVALID_INPUT
knockout_winner: INVALID_INPUT
knockout_winner: FAILURE
knockout_winner: SUCCESS, 10
knockout_winner: SUCCESS, 10
knockout_winner: FAILURE
knockout_winner: INVALID_INPUT
get_all_players: SUCCESS
19
57
90
186
34
178
1
68
111
147
161
82
play_match: FAILURE
knockout_winner: SUCCESS, 10
knockout_winner: INVALID_INPUT
knockout_winner: INVALID_INPUT
knockout_winner: SUCCESS, 10
knockout_winner: SUCCESS, 10
get_num_played_games: SUCCESS, 3480
get_team_points: SUCCESS, 2584
play_match: FAILURE
update_player_stats: SUCCESS
unite_teams: FAILURE
play_match: FAILURE
remove_player: SUCCESS
get_top_scorer: SUCCESS, 56
add_player: FAILURE
get_all_players_count: SUCCESS, 4
get_all_players_count: SUCCESS, 8
get_top_scorer: SUCCESS, 3
get_closest_player: SUCCESS, 180
get_num_played_games: SUCCESS, 2609
unite_teams: FAILURE
remove_team: FAILURE
get_closest_player: SUCCESS, 146
update_player_stats: SUCCESS
get_num_played_games: SUCCESS, 2230
get_top_scorer: SUCCESS, 91
get_all_players_count: SUCCESS, 10
get_num_played_games: SUCCESS, 11784
update_player_stats: SUCCESS
get_team_points: SUCCESS, 747
unite_teams: FAILURE
add_team: FAILURE
unite_teams: FAILURE
unite_teams: FAILURE
remove_team: FAILURE
get_team_points: SUCCESS, 747
update_player_stats: SUCCESS
add_team: FAILURE
remove_player: SUCCESS
knockout_winner: FAILURE
knockout_winner: SUCCESS, 10
knockout_winner: FAILURE
knockout_winner: FAILURE
knockout_winner: INVALID_INPUT
knockout_winner: SUCCESS, 7
knockout_winner: SUCCESS, 10
knockout_winner: FAILURE
knockout_winner: FAILURE
knockout_winner: INVALID_INPUT
update_player_stats: SUCCESS
add_team: FAILURE
add_player: FAILURE
unite_teams: FAILURE
remove_team: FAILURE
get_top_scorer: SUCCESS, 181
get_all_players_count: SUCCESS, 8
update_player_stats: SUCCESS
add_player: FAILURE
knockout_winner: SUCCESS, 10
knockout_winner: SUCCESS, 10
knockout_winner: FAILURE
knockout_winner: FAILURE
knockout_winner: INVALID_INPUT
knockout_winner: FAILURE
knockout_winner: FAILURE
knockout_winner: FAILURE
knockout_winner: FAILURE
knockout_winner: INVALID_INPUT
get_num_played_games: SUCCESS, 939
get_closest_player: SUCCESS, 192
get_all_players_count: SUCCESS, 1
unite_teams: FAILURE
get_team_points: SUCCESS, 8039
play_match: FAILURE
unite_teams: FAILURE
add_team: FAILURE
remove_team: FAILURE
unite_teams: FAILURE
play_match: FAILURE
play_match: FAILURE
get_all_players: SUCCESS
55
192
7
89
16
189
106
144
11
142
get_all_players_count: SUCCESS, 6
get_all_players: SUCCESS
124
27
92
87
134
remove_team: FAILURE
get_all_players: SUCCESS
53
75
94
127
get_all_players: SUCCESS
58
128
56
81
get_all_players_count: SUCCESS, 10
add_team: FAILURE
remove_team: FAILURE
add_player: FAILURE
get_team_points: SUCCESS, 1013
get_team_points: SUCCESS, 3585
knockout_winner: FAILURE
knockout_winner: INVALID_INPUT
knockout_winner: INVALID_INPUT
knockout_winner: SUCCESS, 10
knockout_winner: INVALID_INPUT
get_closest_player: SUCCESS, 161
get_all_players: SUCCESS
124
27
92
87
134
update_player_stats: SUCCESS
get_all_players_count: SUCCESS, 10
play_match: FAILURE
get_closest_player: SUCCESS, 200
get_all_players_count: SUCCESS, 7
knockout_winner: SUCCESS, 7
knockout_winner: INVALID_INPUT
knockout_winner: INVALID_INPUT
knockout_winner: SUCCESS, 10
knockout_winner: INVALID_INPUT
get_all_players: SUCCESS
120
40
110
69
143
198
170
118
39
17
add_player: FAILURE
remove_player: SUCCESS
remove_player: SUCCESS
add_team: FAILURE
get_all_players_count: SUCCESS, 8
play_match: FAILURE
get_top_scorer: SUCCESS, 142
get_all_players_count: SUCCESS, 6
get_closest_player: SUCCESS, 94
get_top_scorer: SUCCESS, 35
remove_team: FAILURE
add_player: FAILURE
get_num_played_games: SUCCESS, 10183
remove_player: SUCCESS
remove_team: FAILURE
get_team_points: SUCCESS, 160
add_player: FAILURE
knockout_winner: FAILURE
knockout_winner: INVALID_INPUT
knockout_winner: INVALID_INPUT
knockout_winner: SUCCESS, 10
knockout_winner: INVALID_INPUT
play_match: INVALID_INPUT
remove_player: SUCCESS
add_team: FAILURE
get_all_players: SUCCESS
136
6
158
188
115
43
151
153
24
13
154
88
73
52
140
190
79
199
181
add_player: FAILURE
get_num_played_games: SUCCESS, 15093
add_team: FAILURE
get_all_players: SUCCESS
35
play_match: FAILURE
remove_player: SUCCESS
play_match: FAILURE
knockout_winner: FAILURE
knockout_winner: SUCCESS, 10
knockout_winner: SUCCESS, 10
knockout_winner: FAILURE
knockout_winner: INVALID_INPUT
get_top_scorer: SUCCESS, 82
get_team_points: SUCCESS, 962
get_all_players_count: SUCCESS, 4
add_player: FAILURE
add_player: FAILURE
unite_teams: INVALID_INPUT
update_player_stats: SUCCESS
get_team_points: SUCCESS, 2928
remove_team: FAILURE
knockout_winner: FAILURE
knockout_winner: SUCCESS, 7
knockout_winner: SUCCESS, 7
knockout_winner: FAILURE
knockout_winner: INVALID_INPUT
get_top_scorer: FAILURE
get_closest_player: SUCCESS, 11
get_all_players_count: SUCCESS, 7
get_all_players: SUCCESS
54
156
98
141
146
get_all_players: SUCCESS
53
75
94
127
get_closest_player: SUCCESS, 200
get_closest_player: SUCCESS, 61
get_all_players_count: SUCCESS, 5
get_top_scorer: SUCCESS, 127
get_all_players: SUCCESS
200
46
164
18
187
76
37
get_num_played_games: SUCCESS, 11114
remove_team: FAILURE
add_team: FAILURE
update_player_stats: SUCCESS
update_player_stats: SUCCESS
get_top_scorer: SUCCESS, 194
get_team_points: SUCCESS, 5961
get_closest_player: SUCCESS, 112
remove_player: SUCCESS
remove_player: SUCCESS
add_team: FAILURE
add_player: FAILURE
get_num_played_games: SUCCESS, 15493
get_team_points: SUCCESS, 1013
add_team: FAILURE
get_all_players: SUCCESS
136
6
158
188
43
151
153
24
13
154
88
73
52
140
190
79
199
181
remove_player: SUCCESS
add_team: FAILURE
get_all_players: INVALID_INPUT
get_top_scorer: SUCCESS, 134
get_num_played_games: SUCCESS, 5849
remove_team: FAILURE
get_team_points: SUCCESS, 962
get_all_players_count: SUCCESS, 5
update_player_stats: SUCCESS
play_match: FAILURE
add_player: FAILURE
remove_team: FAILURE
get_all_players: SUCCESS
40
110
143
198
170
118
39
17
add_team: FAILURE
play_match: FAILURE
get_team_points: SUCCESS, 7145
remove_team: FAILURE
get_team_points: SUCCESS, 7145
update_player_stats: SUCCESS
get_closest_player: SUCCESS, 34
get_num_played_games: SUCCESS, 15373
knockout_winner: FAILURE
knockout_winner: FAILURE
knockout_winner: FAILURE
knockout_winner: FAILURE
knockout_winner: INVALID_INPUT
play_match: FAILURE
get_team_points: SUCCESS, 9175
add_team: FAILURE
unite_teams: FAILURE
add_player: FAILURE
get_num_played_games: SUCCESS, 15749
get_all_players_count: SUCCESS, 0
add_player: FAILURE
get_closest_player: SUCCESS, 87
get_team_points: SUCCESS, 747
play_match: FAILURE
knockout_winner: INVALID_INPUT
knockout_winner: FAILURE
knockout_winner: INVALID_INPUT
knockout_winner: INVALID_INPUT
knockout_winner: INVALID_INPUT
get_team_points: SUCCESS, 962
get_all_players: SUCCESS
200
46
164
18
187
76
37
add_team: FAILURE
add_team: FAILURE
get_all_players_count: SUCCESS, 11
get_closest_player: SUCCESS, 13
knockout_winner: SUCCESS, 10
knockout_winner: SUCCESS, 10
knockout_winner: SUCCESS, 7
knockout_winner: FAILURE
knockout_winner: INVALID_INPUT
get_team_points: SUCCESS, 7715
unite_teams: FAILURE
unite_teams: FAILURE
remove_team: FAILURE
get_top_scorer: SUCCESS, 138
get_all_players: SUCCESS
66
49
21
196
31
165
add_player: FAILURE
remove_player: SUCCESS
get_num_played_games: SUCCESS, 6742
add_player: FAILURE
get_num_played_games: SUCCESS, 636
get_team_points: SUCCESS, 1013
get_team_points: SUCCESS, 6806
knockout_winner: SUCCESS, 10
knockout_winner: SUCCESS, 10
knockout_winner: SUCCESS, 10
knockout_winner: FAILURE
knockout_winner: INVALID_INPUT
remove_team: FAILURE
add_player: FAILURE
get_all_players: SUCCESS
20
47
80
173
48
168
139
167
100
38
get_all_players: SUCCESS
124
27
92
87
134
get_top_scorer: SUCCESS, 82
get_num_played_games: SUCCESS, 6829
play_match: FAILURE
unite_teams: FAILURE
update_player_stats: SUCCESS
unite_teams: FAILURE
get_all_players: SUCCESS
66
49
21
196
165
unite_teams: SUCCESS
get_num_played_games: SUCCESS, 10972
get_team_points: SUCCESS, 4212
update_player_stats: SUCCESS
get_closest_player: SUCCESS, 101
add_team: FAILURE
play_match: FAILURE
get_team_points: SUCCESS, 4212
knockout_winner: SUCCESS, 7
knockout_winner: INVALID_INPUT
knockout_winner: INVALID_INPUT
knockout_winner: SUCCESS, 18
knockout_winner: FAILURE
get_team_points: SUCCESS, 5961
knockout_winner: FAILURE
knockout_winner: INVALID_INPUT
knockout_winner: INVALID_INPUT
knockout_winner: SUCCESS, 7
knockout_winner: INVALID_INPUT
unite_teams: FAILURE
get_top_scorer: SUCCESS, 82
add_player: FAILURE
get_closest_player: SUCCESS, 34
get_all_players: SUCCESS
40
110
143
198
170
118
39
17
play_match: FAILURE
add_team: FAILURE
update_player_stats: SUCCESS
get_all_players: SUCCESS
200
46
164
18
187
76
37
get_all_players_count: SUCCESS, 5
get_top_scorer: SUCCESS, 165
get_num_played_games: SUCCESS, 7950
get_all_players_count: SUCCESS, 3
add_player: FAILURE
add_team: FAILURE
get_all_players: SUCCESS
8
5
36
122
22
185
91
play_match: FAILURE
get_team_points: SUCCESS, 160
remove_team: FAILURE
get_top_scorer: SUCCESS, 194
add_player: FAILURE
unite_teams: FAILURE
update_player_stats: SUCCESS
add_player: FAILURE
get_top_scorer: SUCCESS, 37
add_player: FAILURE
add_team: FAILURE
add_player: FAILURE
knockout_winner: INVALID_INPUT
knockout_winner: SUCCESS, 18
knockout_winner: INVALID_INPUT
knockout_winner: INVALID_INPUT
knockout_winner: INVALID_INPUT
get_num_played_games: SUCCESS, 9448
update_player_stats: SUCCESS
add_player: FAILURE
play_match: FAILURE
get_all_players: SUCCESS
192
7
55
89
16
189
106
144
11
142
get_all_players: SUCCESS
45
33
197
74
113
59
171
86
3
update_player_stats: SUCCESS
remove_team: FAILURE
remove_player: SUCCESS
remove_player: SUCCESS
remove_team: FAILURE
remove_player: SUCCESS
get_top_scorer: SUCCESS, 82
get_all_players: SUCCESS
71
125
163
195
78
123
138
play_match: FAILURE
get_team_points: SUCCESS, 747
unite_teams: FAILURE
update_player_stats: SUCCESS
get_all_players_count: SUCCESS, 6
knockout_winner: SUCCESS, 18
knockout_winner: SUCCESS, 18
knockout_winner: FAILURE
knockout_winner: FAILURE
knockout_winner: INVALID_INPUT
add_team: FAILURE
get_all_players: SUCCESS
46
164
18
76
200
37
get_all_players: SUCCESS
136
6
158
188
58
43
151
153
24
13
154
128
88
56
73
52
140
190
79
81
199
181
remove_team: FAILURE
get_num_played_games: SUCCESS, 10357
get_team_points: SUCCESS, 962
update_player_stats: SUCCESS
get_all_players: INVALID_INPUT
remove_team: FAILURE
knockout_winner: FAILURE
knockout_winner: SUCCESS, 18
knockout_winner: FAILURE
knockout_winner: FAILURE
knockout_winner: INVALID_INPUT
get_all_players_count: SUCCESS, 10
remove_player: SUCCESS
get_top_scorer: SUCCESS, 103
remove_team: FAILURE
unite_teams: FAILURE
get_all_players_count: SUCCESS, 6
get_closest_player: SUCCESS, 133
get_all_players_count: SUCCESS, 7
get_top_scorer: SUCCESS, 82
get_closest_player: SUCCESS, 147
get_team_points: SUCCESS, 2584
play_match: FAILURE
remove_player: SUCCESS
get_closest_player: SUCCESS, 141
get_all_players_count: SUCCESS, 3
get_top_scorer: SUCCESS, 146
play_match: FAILURE
get_team_points: SUCCESS, 4212
add_team: FAILURE
get_num_played_games: SUCCESS, 20818
get_team_points: SUCCESS, 4212
get_closest_player: SUCCESS, 3
play_match: FAILURE
play_match: FAILURE
knockout_winner: SUCCESS, 18
knockout_winner: SUCCESS, 18
knockout_winner: FAILURE
knockout_winner: SUCCESS, 18
knockout_winner: INVALID_INPUT
get_all_players: SUCCESS
54
156
98
141
146
unite_teams: FAILURE
get_closest_player: SUCCESS, 89
update_player_stats: SUCCESS
get_top_scorer: SUCCESS, 37
add_player: FAILURE
remove_player: SUCCESS
knockout_winner: FAILURE
knockout_winner: INVALID_INPUT
knockout_winner: INVALID_INPUT
knockout_winner: FAILURE
knockout_winner: INVALID_INPUT
add_team: FAILURE
remove_player: SUCCESS
get_all_players_count: SUCCESS, 6
get_top_scorer: SUCCESS, 181
get_top_scorer: SUCCESS, 127
get_num_played_games: SUCCESS, 11784
get_all_players: SUCCESS
124
27
92
87
134
get_num_played_games: SUCCESS, 3426
get_team_points: SUCCESS, 1013
get_all_players: SUCCESS
135
129
121
148
95
114
knockout_winner: FAILURE
knockout_winner: FAILURE
knockout_winner: FAILURE
knockout_winner: FAILURE
knockout_winner: INVALID_INPUT
knockout_winner: FAILURE
knockout_winner: SUCCESS, 18
knockout_winner: FAILURE
knockout_winner: SUCCESS, 18
knockout_winner: FAILURE
remove_player: SUCCESS
play_match: FAILURE
knockout_winner: SUCCESS, 18
knockout_winner: INVALID_INPUT
knockout_winner: INVALID_INPUT
knockout_winner: SUCCESS, 18
knockout_winner: FAILURE
remove_team: FAILURE
get_team_points: SUCCESS, 3777
unite_teams: FAILURE
get_all_players_count: SUCCESS, 6
unite_teams: INVALID_INPUT
remove_player: SUCCESS
remove_player: SUCCESS
add_player: FAILURE
update_player_stats: SUCCESS
get_closest_player: SUCCESS, 114
add_team: FAILURE
get_closest_player: SUCCESS, 146
remove_team: SUCCESS
get_all_players: SUCCESS
133
182
145
23
12
175
get_top_scorer: SUCCESS, 127
get_all_players_count: SUCCESS, 10
get_all_players: SUCCESS
133
182
145
23
12
175
get_closest_player: SUCCESS, 86
get_all_players: SUCCESS
8
5
36
122
22
185
91
add_player: FAILURE
play_match: FAILURE
get_all_players_count: SUCCESS, 6
remove_team: FAILURE
get_all_players: SUCCESS
15
104
162
112
61
103
remove_team: FAILURE
get_closest_player: SUCCESS, 52
add_team: FAILURE
get_all_players: SUCCESS
133
182
145
23
12
175
knockout_winner: FAILURE
knockout_winner: INVALID_INPUT
knockout_winner: INVALID_INPUT
knockout_winner: SUCCESS, 18
knockout_winner: FAILURE
add_team: FAILURE
update_player_stats: SUCCESS
get_all_players_count: SUCCESS, 5
add_player: FAILURE
add_team: FAILURE
get_all_players_count: SUCCESS, 6
add_team: FAILURE
unite_teams: FAILURE
get_num_played_games: SUCCESS, 5850
unite_teams: FAILURE
remove_team: FAILURE
add_team: FAILURE
get_all_players_count: SUCCESS, 10
remove_player: SUCCESS
get_team_points: SUCCESS, 2584
add_player: FAILURE
unite_teams: FAILURE
add_player: FAILURE
add_player: FAILURE
get_all_players_count: SUCCESS, 5
knockout_winner: SUCCESS, 18
knockout_winner: SUCCESS, 18
knockout_winner: FAILURE
knockout_winner: FAILURE
knockout_winner: INVALID_INPUT
get_closest_player: SUCCESS, 111
play_match: FAILURE
remove_team: FAILURE
add_player: FAILURE
remove_player: SUCCESS
unite_teams: FAILURE
get_all_players: SUCCESS
133
182
145
23
12
175
get_team_points: SUCCESS, 7715
get_all_players_count: SUCCESS, 9
remove_player: SUCCESS
update_player_stats: SUCCESS
knockout_winner: FAILURE
knockout_winner: SUCCESS, 18
knockout_winner: FAILURE
knockout_winner: FAILURE
knockout_winner: INVALID_INPUT
remove_player: SUCCESS
remove_player: SUCCESS
remove_player: SUCCESS
remove_player: SUCCESS
remove_player: SUCCESS
remove_player: SUCCESS
remove_player: SUCCESS
remove_player: SUCCESS
remove_player: SUCCESS
remove_player: SUCCESS
remove_player: SUCCESS
remove_player: SUCCESS
remove_player: SUCCESS
remove_player: SUCCESS
remove_player: SUCCESS
remove_player: SUCCESS
remove_player: SUCCESS
remove_player: SUCCESS
remove_player: SUCCESS
remove_player: SUCCESS
remove_player: SUCCESS
remove_player: SUCCESS
remove_player: SUCCESS
remove_player: SUCCESS
remove_player: SUCCESS
remove_player: SUCCESS
remove_player: SUCCESS
remove_player: SUCCESS
remove_player: SUCCESS
remove_player: SUCCESS
remove_player: SUCCESS
remove_player: SUCCESS
remove_player: SUCCESS
remove_player: SUCCESS
remove_player: SUCCESS
remove_player: SUCCESS
remove_player: SUCCESS
remove_player: SUCCESS
remove_player: SUCCESS
remove_player: SUCCESS
remove_player: SUCCESS
remove_player: SUCCESS
remove_player: SUCCESS
remove_player: SUCCESS
remove_player: SUCCESS
remove_player: SUCCESS
remove_player: SUCCESS
remove_player: SUCCESS
remove_player: SUCCESS
remove_player: SUCCESS
remove_player: SUCCESS
remove_player: SUCCESS
remove_player: SUCCESS
remove_player: SUCCESS
remove_player: SUCCESS
remove_player: SUCCESS
remove_player: SUCCESS
remove_player: SUCCESS
remove_player: SUCCESS
remove_player: SUCCESS
remove_player: SUCCESS
remove_player: SUCCESS
remove_player: SUCCESS
remove_player: SUCCESS
remove_player: SUCCESS
remove_player: SUCCESS
remove_player: SUCCESS
remove_player: SUCCESS
remove_player: SUCCESS
remove_player: SUCCESS
remove_player: SUCCESS
remove_player: SUCCESS
remove_player: SUCCESS
remove_player: SUCCESS
remove_player: SUCCESS
remove_player: SUCCESS
remove_player: SUCCESS
remove_player: SUCCESS
remove_player: SUCCESS
remove_player: SUCCESS
remove_player: SUCCESS
remove_player: SUCCESS
remove_player: SUCCESS
remove_player: SUCCESS
remove_player: SUCCESS
remove_player: SUCCESS
remove_player: SUCCESS
remove_player: SUCCESS
remove_player: SUCCESS
remove_player: SUCCESS
remove_player: SUCCESS
remove_player: SUCCESS
remove_player: SUCCESS
remove_player: SUCCESS
remove_player: SUCCESS
remove_player: SUCCESS
remove_player: SUCCESS
remove_player: SUCCESS
remove_player: SUCCESS
remove_player: SUCCESS
remove_player: SUCCESS
remove_player: SUCCESS
remove_player: SUCCESS
remove_player: SUCCESS
remove_player: SUCCESS
remove_player: SUCCESS
remove_player: SUCCESS
remove_player: SUCCESS
remove_player: SUCCESS
remove_player: SUCCESS
remove_player: SUCCESS
remove_player: SUCCESS
remove_player: SUCCESS
remove_player: SUCCESS
remove_player: SUCCESS
remove_player: SUCCESS
remove_player: SUCCESS
remove_player: SUCCESS
remove_player: SUCCESS
remove_player: SUCCESS
remove_player: SUCCESS
remove_player: SUCCESS
remove_player: SUCCESS
remove_player: SUCCESS
remove_team: SUCCESS
remove_team: SUCCESS
remove_team: SUCCESS
remove_team: SUCCESS
remove_team: SUCCESS
remove_team: SUCCESS
remove_team: SUCCESS
remove_team: SUCCESS
remove_team: SUCCESS
remove_team: SUCCESS
remove_team: SUCCESS
remove_team: SUCCESS
remove_team: SUCCESS
remove_team: SUCCESS
remove_team: SUCCESS
remove_team: SUCCESS
remove_team: SUCCESS
