add_team: SUCCESS
add_team: SUCCESS
add_team: SUCCESS
add_team: SUCCESS
add_team: SUCCESS
add_team: SUCCESS
add_team: SUCCESS
add_team: SUCCESS
add_team: SUCCESS
add_team: SUCCESS
add_team: SUCCESS
add_team: SUCCESS
add_team: SUCCESS
add_team: SUCCESS
add_team: SUCCESS
add_team: SUCCESS
add_team: SUCCESS
add_team: SUCCESS
add_team: SUCCESS
add_team: SUCCESS
add_player: SUCCESS
add_player: SUCCESS
add_player: SUCCESS
add_player: SUCCESS
add_player: SUCCESS
add_player: SUCCESS
add_player: SUCCESS
add_player: SUCCESS
add_player: SUCCESS
add_player: SUCCESS
add_player: SUCCESS
add_player: SUCCESS
add_player: SUCCESS
add_player: SUCCESS
add_player: SUCCESS
add_player: SUCCESS
add_player: SUCCESS
add_player: SUCCESS
add_player: SUCCESS
add_player: SUCCESS
add_player: SUCCESS
add_player: SUCCESS
add_player: SUCCESS
add_player: SUCCESS
add_player: SUCCESS
add_player: SUCCESS
add_player: SUCCESS
add_player: SUCCESS
add_player: SUCCESS
add_player: SUCCESS
add_player: SUCCESS
add_player: SUCCESS
add_player: SUCCESS
add_player: SUCCESS
add_player: SUCCESS
add_player: SUCCESS
add_player: SUCCESS
add_player: SUCCESS
add_player: SUCCESS
add_player: SUCCESS
add_player: SUCCESS
add_player: SUCCESS
add_player: SUCCESS
add_player: SUCCESS
add_player: SUCCESS
add_player: SUCCESS
add_player: SUCCESS
add_player: SUCCESS
add_player: SUCCESS
add_player: SUCCESS
add_player: SUCCESS
add_player: SUCCESS
add_player: SUCCESS
add_player: SUCCESS
add_player: SUCCESS
add_player: SUCCESS
add_player: SUCCESS
add_player: SUCCESS
add_player: SUCCESS
add_player: SUCCESS
add_player: SUCCESS
add_player: SUCCESS
add_player: SUCCESS
add_player: SUCCESS
add_player: SUCCESS
add_player: SUCCESS
add_player: SUCCESS
add_player: SUCCESS
add_player: SUCCESS
add_player: SUCCESS
add_player: SUCCESS
add_player: SUCCESS
add_player: SUCCESS
add_player: SUCCESS
add_player: SUCCESS
add_player: SUCCESS
add_player: SUCCESS
add_player: SUCCESS
add_player: SUCCESS
add_player: SUCCESS
add_player: SUCCESS
add_player: SUCCESS
add_player: SUCCESS
add_player: SUCCESS
add_player: SUCCESS
add_player: SUCCESS
add_player: SUCCESS
add_player: SUCCESS
add_player: SUCCESS
add_player: SUCCESS
add_player: SUCCESS
add_player: SUCCESS
add_player: SUCCESS
add_player: SUCCESS
add_player: SUCCESS
add_player: SUCCESS
add_player: SUCCESS
add_player: SUCCESS
add_player: SUCCESS
add_player: SUCCESS
add_player: SUCCESS
add_player: SUCCESS
add_player: SUCCESS
add_player: SUCCESS
add_player: SUCCESS
add_player: SUCCESS
add_player: SUCCESS
add_player: SUCCESS
add_player: SUCCESS
add_player: SUCCESS
add_player: SUCCESS
add_player: SUCCESS
add_player: SUCCESS
add_player: SUCCESS
add_player: SUCCESS
add_player: SUCCESS
add_player: SUCCESS
add_player: SUCCESS
add_player: SUCCESS
add_player: SUCCESS
add_player: SUCCESS
add_player: SUCCESS
add_player: SUCCESS
add_player: SUCCESS
add_player: SUCCESS
add_player: SUCCESS
add_player: SUCCESS
add_player: SUCCESS
add_player: SUCCESS
add_player: SUCCESS
add_player: SUCCESS
add_player: SUCCESS
add_player: SUCCESS
add_player: SUCCESS
add_player: SUCCESS
add_player: SUCCESS
add_player: SUCCESS
add_player: SUCCESS
add_player: SUCCESS
add_player: SUCCESS
add_player: SUCCESS
add_player: SUCCESS
add_player: SUCCESS
add_player: SUCCESS
add_player: SUCCESS
add_player: SUCCESS
add_player: SUCCESS
add_player: SUCCESS
add_player: SUCCESS
add_player: SUCCESS
add_player: SUCCESS
add_player: SUCCESS
add_player: SUCCESS
add_player: SUCCESS
add_player: SUCCESS
add_player: SUCCESS
add_player: SUCCESS
add_player: SUCCESS
add_player: SUCCESS
add_player: SUCCESS
add_player: SUCCESS
add_player: SUCCESS
add_player: SUCCESS
add_player: SUCCESS
add_player: SUCCESS
add_player: SUCCESS
add_player: SUCCESS
add_player: SUCCESS
add_player: SUCCESS
add_player: SUCCESS
add_player: SUCCESS
add_player: SUCCESS
add_player: SUCCESS
add_player: SUCCESS
add_player: SUCCESS
add_player: SUCCESS
add_player: SUCCESS
add_player: SUCCESS
add_player: SUCCESS
add_player: SUCCESS
add_player: SUCCESS
add_player: SUCCESS
add_player: SUCCESS
add_player: SUCCESS
add_player: SUCCESS
add_player: SUCCESS
add_player: SUCCESS
add_player: SUCCESS
add_player: SUCCESS
add_player: SUCCESS
add_player: SUCCESS
add_player: SUCCESS
add_player: SUCCESS
add_player: SUCCESS
add_player: SUCCESS
add_player: SUCCESS
add_player: SUCCESS
add_player: SUCCESS
add_player: SUCCESS
add_player: SUCCESS
add_player: FAILURE
get_top_scorer: SUCCESS, 39
knockout_winner: SUCCESS, 19
knockout_winner: SUCCESS, 13
knockout_winner: SUCCESS, 13
knockout_winner: FAILURE
knockout_winner: INVALID_INPUT
get_top_scorer: SUCCESS, 89
add_team: FAILURE
get_top_scorer: SUCCESS, 97
update_player_stats: SUCCESS
unite_teams: FAILURE
get_closest_player: SUCCESS, 23
get_all_players_count: SUCCESS, 10
get_team_points: SUCCESS, 4054
add_team: FAILURE
remove_player: SUCCESS
get_team_points: SUCCESS, 3484
get_closest_player: SUCCESS, 137
remove_team: FAILURE
update_player_stats: SUCCESS
remove_player: SUCCESS
update_player_stats: SUCCESS
unite_teams: FAILURE
get_all_players: SUCCESS
166
180
101
86
38
64
45
play_match: FAILURE
get_closest_player: SUCCESS, 103
get_all_players_count: SUCCESS, 12
get_num_played_games: SUCCESS, 12004
unite_teams: FAILURE
unite_teams: FAILURE
unite_teams: FAILURE
add_team: FAILURE
update_player_stats: SUCCESS
get_top_scorer: SUCCESS, 1
update_player_stats: SUCCESS
get_team_points: SUCCESS, 10944
add_player: FAILURE
add_player: FAILURE
get_closest_player: SUCCESS, 112
add_team: FAILURE
remove_team: FAILURE
update_player_stats: SUCCESS
get_num_played_games: SUCCESS, 11879
unite_teams: FAILURE
get_top_scorer: SUCCESS, 127
play_match: SUCCESS
play_match: SUCCESS
knockout_winner: SUCCESS, 13
knockout_winner: SUCCESS, 10
knockout_winner: SUCCESS, 10
knockout_winner: SUCCESS, 19
knockout_winner: INVALID_INPUT
get_num_played_games: SUCCESS, 11022
get_team_points: SUCCESS, 1099
unite_teams: FAILURE
update_player_stats: SUCCESS
add_player: FAILURE
update_player_stats: SUCCESS
get_all_players: SUCCESS
21
190
54
37
172
90
20
27
179
111
174
142
108
1
remove_player: SUCCESS
add_player: FAILURE
remove_team: FAILURE
get_team_points: SUCCESS, 669
get_all_players: SUCCESS
136
152
41
80
add_team: FAILURE
get_all_players: SUCCESS
143
74
56
193
85
93
48
75
18
182
78
25
68
40
97
get_all_players: SUCCESS
125
91
4
169
130
100
33
138
153
92
141
112
99
add_team: FAILURE
remove_player: SUCCESS
update_player_stats: SUCCESS
play_match: FAILURE
update_player_stats: SUCCESS
play_match: FAILURE
add_player: FAILURE
get_num_played_games: SUCCESS, 6222
remove_player: SUCCESS
play_match: FAILURE
add_team: FAILURE
get_all_players: SUCCESS
21
190
54
37
172
90
20
27
179
111
174
142
108
1
get_num_played_games: SUCCESS, 1166
get_closest_player: SUCCESS, 34
get_all_players: SUCCESS
118
120
189
148
187
77
122
2
200
remove_team: FAILURE
remove_player: SUCCESS
knockout_winner: SUCCESS, 8
knockout_winner: SUCCESS, 10
knockout_winner: SUCCESS, 3
knockout_winner: SUCCESS, 13
knockout_winner: INVALID_INPUT
play_match: FAILURE
get_all_players: SUCCESS
161
49
17
44
57
87
168
58
158
94
7
unite_teams: FAILURE
play_match: FAILURE
get_closest_player: SUCCESS, 92
get_top_scorer: SUCCESS, 3
get_all_players: SUCCESS
192
147
177
126
60
98
195
197
67
82
183
72
knockout_winner: SUCCESS, 19
knockout_winner: SUCCESS, 10
knockout_winner: SUCCESS, 10
knockout_winner: SUCCESS, 20
knockout_winner: INVALID_INPUT
update_player_stats: SUCCESS
unite_teams: FAILURE
remove_player: SUCCESS
remove_team: FAILURE
remove_team: FAILURE
play_match: FAILURE
get_top_scorer: SUCCESS, 149
get_all_players: SUCCESS
22
170
150
62
81
128
31
24
10
get_num_played_games: SUCCESS, 1215
update_player_stats: SUCCESS
unite_teams: FAILURE
knockout_winner: FAILURE
knockout_winner: SUCCESS, 13
knockout_winner: FAILURE
knockout_winner: FAILURE
knockout_winner: INVALID_INPUT
get_closest_player: SUCCESS, 121
get_all_players: SUCCESS
152
41
80
get_top_scorer: SUCCESS, 3
update_player_stats: SUCCESS
play_match: FAILURE
get_top_scorer: SUCCESS, 97
add_team: FAILURE
remove_player: SUCCESS
unite_teams: FAILURE
add_player: FAILURE
get_team_points: SUCCESS, 7220
get_team_points: SUCCESS, 4754
get_top_scorer: SUCCESS, 149
knockout_winner: SUCCESS, 10
knockout_winner: INVALID_INPUT
knockout_winner: INVALID_INPUT
knockout_winner: SUCCESS, 10
knockout_winner: SUCCESS, 8
unite_teams: FAILURE
update_player_stats: SUCCESS
update_player_stats: SUCCESS
get_closest_player: SUCCESS, 95
update_player_stats: SUCCESS
knockout_winner: SUCCESS, 10
knockout_winner: SUCCESS, 10
knockout_winner: FAILURE
knockout_winner: SUCCESS, 17
knockout_winner: INVALID_INPUT
get_top_scorer: SUCCESS, 45
unite_teams: FAILURE
add_player: FAILURE
add_player: FAILURE
knockout_winner: SUCCESS, 13
knockout_winner: SUCCESS, 10
knockout_winner: SUCCESS, 8
knockout_winner: SUCCESS, 19
knockout_winner: INVALID_INPUT
get_all_players: SUCCESS
73
71
160
155
135
198
get_team_points: SUCCESS, 5071
add_team: FAILURE
play_match: FAILURE
get_team_points: SUCCESS, 7281
unite_teams: FAILURE
unite_teams: INVALID_INPUT
play_match: INVALID_INPUT
remove_team: FAILURE
remove_player: SUCCESS
get_top_scorer: SUCCESS, 89
play_match: FAILURE
add_team: FAILURE
unite_teams: FAILURE
get_all_players: SUCCESS
118
120
189
148
187
77
122
2
200
get_all_players_count: SUCCESS, 14
play_match: FAILURE
remove_team: FAILURE
remove_player: SUCCESS
add_player: FAILURE
play_match: FAILURE
add_player: FAILURE
add_player: FAILURE
add_player: FAILURE
get_all_players: SUCCESS
117
114
157
14
63
162
46
131
156
add_team: FAILURE
get_top_scorer: SUCCESS, 89
knockout_winner: SUCCESS, 10
knockout_winner: INVALID_INPUT
knockout_winner: INVALID_INPUT
knockout_winner: SUCCESS, 10
knockout_winner: SUCCESS, 10
add_player: FAILURE
add_player: FAILURE
unite_teams: FAILURE
play_match: FAILURE
add_team: FAILURE
add_team: FAILURE
add_team: FAILURE
update_player_stats: SUCCESS
play_match: FAILURE
unite_teams: FAILURE
add_player: FAILURE
get_num_played_games: SUCCESS, 3150
add_player: FAILURE
remove_team: FAILURE
update_player_stats: SUCCESS
remove_team: FAILURE
get_team_points: SUCCESS, 2827
update_player_stats: SUCCESS
remove_player: SUCCESS
get_closest_player: SUCCESS, 163
add_team: FAILURE
unite_teams: FAILURE
remove_team: FAILURE
remove_team: FAILURE
knockout_winner: SUCCESS, 13
knockout_winner: SUCCESS, 10
knockout_winner: SUCCESS, 10
knockout_winner: SUCCESS, 20
knockout_winner: INVALID_INPUT
remove_team: FAILURE
get_team_points: SUCCESS, 12106
get_num_played_games: SUCCESS, 7439
get_all_players: SUCCESS
152
41
80
get_team_points: SUCCESS, 9521
get_all_players_count: SUCCESS, 6
knockout_winner: SUCCESS, 17
knockout_winner: SUCCESS, 10
knockout_winner: SUCCESS, 10
knockout_winner: SUCCESS, 20
knockout_winner: INVALID_INPUT
remove_team: FAILURE
knockout_winner: FAILURE
knockout_winner: SUCCESS, 13
knockout_winner: FAILURE
knockout_winner: FAILURE
knockout_winner: INVALID_INPUT
get_top_scorer: SUCCESS, 89
unite_teams: SUCCESS
get_top_scorer: SUCCESS, 52
get_team_points: SUCCESS, 7281
get_num_played_games: SUCCESS, 10382
update_player_stats: SUCCESS
play_match: FAILURE
add_player: FAILURE
remove_player: SUCCESS
add_player: FAILURE
get_closest_player: SUCCESS, 117
add_team: FAILURE
get_num_played_games: SUCCESS, 394
add_player: FAILURE
update_player_stats: SUCCESS
get_all_players: SUCCESS
21
190
54
37
172
20
27
179
111
90
174
142
108
1
remove_player: SUCCESS
get_all_players_count: SUCCESS, 7
get_num_played_games: SUCCESS, 7899
play_match: FAILURE
get_top_scorer: SUCCESS, 99
get_team_points: SUCCESS, 5071
remove_player: SUCCESS
play_match: FAILURE
get_all_players_count: SUCCESS, 12
get_team_points: SUCCESS, 8591
play_match: FAILURE
get_num_played_games: SUCCESS, 5967
unite_teams: FAILURE
add_team: FAILURE
remove_player: SUCCESS
get_closest_player: SUCCESS, 150
update_player_stats: SUCCESS
get_top_scorer: SUCCESS, 68
remove_player: SUCCESS
knockout_winner: SUCCESS, 18
knockout_winner: INVALID_INPUT
knockout_winner: INVALID_INPUT
knockout_winner: SUCCESS, 18
knockout_winner: SUCCESS, 8
add_team: FAILURE
knockout_winner: SUCCESS, 13
knockout_winner: SUCCESS, 18
knockout_winner: SUCCESS, 8
knockout_winner: SUCCESS, 18
knockout_winner: INVALID_INPUT
get_num_played_games: SUCCESS, 11809
update_player_stats: SUCCESS
get_top_scorer: SUCCESS, 45
get_all_players: SUCCESS
170
150
62
81
128
31
24
22
10
add_team: FAILURE
remove_team: FAILURE
remove_team: FAILURE
add_team: FAILURE
get_closest_player: SUCCESS, 135
remove_team: FAILURE
add_team: FAILURE
knockout_winner: SUCCESS, 18
knockout_winner: SUCCESS, 18
knockout_winner: SUCCESS, 8
knockout_winner: SUCCESS, 18
knockout_winner: INVALID_INPUT
play_match: FAILURE
remove_team: FAILURE
remove_player: SUCCESS
remove_team: FAILURE
play_match: SUCCESS
add_player: FAILURE
play_match: FAILURE
add_player: FAILURE
remove_player: SUCCESS
get_top_scorer: SUCCESS, 10
remove_team: FAILURE
remove_player: SUCCESS
add_player: FAILURE
get_top_scorer: SUCCESS, 45
remove_player: SUCCESS
play_match: SUCCESS
get_team_points: SUCCESS, 8599
get_num_played_games: SUCCESS, 1168
get_all_players: SUCCESS
194
199
140
121
139
185
188
65
52
get_team_points: SUCCESS, 7281
remove_player: SUCCESS
unite_teams: FAILURE
get_closest_player: SUCCESS, 198
unite_teams: FAILURE
remove_team: FAILURE
get_all_players: SUCCESS
6
23
164
149
12
add_player: FAILURE
remove_player: SUCCESS
get_all_players_count: SUCCESS, 13
remove_team: FAILURE
knockout_winner: SUCCESS, 18
knockout_winner: INVALID_INPUT
knockout_winner: INVALID_INPUT
knockout_winner: SUCCESS, 18
knockout_winner: SUCCESS, 8
remove_player: SUCCESS
remove_player: SUCCESS
add_team: FAILURE
get_team_points: SUCCESS, 3520
get_all_players_count: SUCCESS, 11
remove_team: FAILURE
get_team_points: SUCCESS, 8599
get_num_played_games: SUCCESS, 12202
unite_teams: FAILURE
get_all_players_count: SUCCESS, 13
add_player: FAILURE
knockout_winner: FAILURE
knockout_winner: SUCCESS, 8
knockout_winner: FAILURE
knockout_winner: SUCCESS, 17
knockout_winner: INVALID_INPUT
update_player_stats: SUCCESS
get_closest_player: SUCCESS, 142
get_num_played_games: SUCCESS, 8449
remove_player: SUCCESS
update_player_stats: SUCCESS
unite_teams: SUCCESS
add_player: FAILURE
get_top_scorer: SUCCESS, 198
add_team: FAILURE
get_top_scorer: SUCCESS, 130
remove_player: SUCCESS
add_team: FAILURE
update_player_stats: SUCCESS
get_num_played_games: SUCCESS, 7596
update_player_stats: SUCCESS
remove_team: FAILURE
knockout_winner: SUCCESS, 18
knockout_winner: SUCCESS, 18
knockout_winner: SUCCESS, 13
knockout_winner: FAILURE
knockout_winner: INVALID_INPUT
get_num_played_games: SUCCESS, 864
get_all_players_count: SUCCESS, 5
remove_team: FAILURE
remove_player: SUCCESS
get_all_players_count: SUCCESS, 8
get_all_players: SUCCESS
21
54
37
172
20
179
111
90
174
142
108
1
knockout_winner: SUCCESS, 18
knockout_winner: INVALID_INPUT
knockout_winner: INVALID_INPUT
knockout_winner: SUCCESS, 18
knockout_winner: SUCCESS, 8
unite_teams: FAILURE
unite_teams: FAILURE
play_match: FAILURE
remove_team: FAILURE
add_player: FAILURE
get_all_players_count: SUCCESS, 13
get_team_points: SUCCESS, 9852
unite_teams: FAILURE
add_team: FAILURE
get_top_scorer: SUCCESS, 80
get_all_players: SUCCESS
104
19
53
36
144
28
34
89
unite_teams: FAILURE
play_match: FAILURE
play_match: FAILURE
add_player: FAILURE
get_top_scorer: SUCCESS, 66
get_all_players: SUCCESS
104
19
53
36
144
28
34
89
get_num_played_games: SUCCESS, 15930
play_match: FAILURE
get_top_scorer: SUCCESS, 110
add_player: FAILURE
play_match: FAILURE
unite_teams: FAILURE
get_num_played_games: SUCCESS, 1381
unite_teams: FAILURE
get_all_players_count: SUCCESS, 10
update_player_stats: SUCCESS
knockout_winner: SUCCESS, 18
knockout_winner: SUCCESS, 18
knockout_winner: SUCCESS, 8
knockout_winner: SUCCESS, 18
knockout_winner: INVALID_INPUT
get_all_players_count: SUCCESS, 10
knockout_winner: SUCCESS, 13
knockout_winner: SUCCESS, 18
knockout_winner: SUCCESS, 8
knockout_winner: SUCCESS, 18
knockout_winner: INVALID_INPUT
add_team: FAILURE
get_closest_player: SUCCESS, 127
get_all_players_count: SUCCESS, 7
get_team_points: SUCCESS, 1099
unite_teams: FAILURE
play_match: INVALID_INPUT
unite_teams: FAILURE
update_player_stats: SUCCESS
get_top_scorer: SUCCESS, 46
knockout_winner: SUCCESS, 18
knockout_winner: SUCCESS, 18
knockout_winner: SUCCESS, 13
knockout_winner: SUCCESS, 20
knockout_winner: INVALID_INPUT
unite_teams: SUCCESS
add_team: FAILURE
get_num_played_games: SUCCESS, 4827
get_top_scorer: SUCCESS, 178
knockout_winner: SUCCESS, 13
knockout_winner: SUCCESS, 8
knockout_winner: SUCCESS, 8
knockout_winner: FAILURE
knockout_winner: INVALID_INPUT
add_player: FAILURE
knockout_winner: FAILURE
knockout_winner: SUCCESS, 19
knockout_winner: FAILURE
knockout_winner: FAILURE
knockout_winner: INVALID_INPUT
add_team: FAILURE
update_player_stats: SUCCESS
update_player_stats: SUCCESS
remove_team: FAILURE
get_num_played_games: SUCCESS, 11708
get_top_scorer: SUCCESS, 12
get_num_played_games: SUCCESS, 11632
update_player_stats: SUCCESS
get_all_players_count: SUCCESS, 3
get_num_played_games: SUCCESS, 2256
add_team: FAILURE
get_top_scorer: SUCCESS, 83
get_all_players_count: SUCCESS, 5
get_num_played_games: SUCCESS, 5340
remove_player: SUCCESS
get_all_players_count: SUCCESS, 9
unite_teams: FAILURE
add_player: FAILURE
get_top_scorer: SUCCESS, 198
get_team_points: SUCCESS, 4754
get_closest_player: SUCCESS, 157
get_team_points: SUCCESS, 2827
update_player_stats: SUCCESS
get_all_players: SUCCESS
152
41
80
remove_team: FAILURE
add_team: FAILURE
add_player: FAILURE
add_player: FAILURE
remove_player: SUCCESS
add_team: FAILURE
add_player: FAILURE
remove_team: FAILURE
play_match: INVALID_INPUT
unite_teams: FAILURE
remove_player: SUCCESS
add_team: FAILURE
get_all_players: SUCCESS
170
150
62
31
24
get_all_players: SUCCESS
161
166
95
180
17
84
49
44
57
76
87
184
86
154
58
158
159
38
191
113
30
79
94
64
42
45
47
124
145
88
167
7
171
83
get_closest_player: SUCCESS, 45
get_all_players: SUCCESS
152
41
80
get_all_players_count: SUCCESS, 34
add_player: FAILURE
knockout_winner: FAILURE
knockout_winner: INVALID_INPUT
knockout_winner: INVALID_INPUT
knockout_winner: SUCCESS, 8
knockout_winner: INVALID_INPUT
get_all_players: SUCCESS
161
166
95
180
17
84
49
44
57
76
87
184
86
154
58
158
159
38
191
113
30
79
94
64
42
45
47
124
145
88
167
7
171
83
update_player_stats: SUCCESS
update_player_stats: SUCCESS
knockout_winner: INVALID_INPUT
knockout_winner: SUCCESS, 19
knockout_winner: INVALID_INPUT
knockout_winner: INVALID_INPUT
knockout_winner: INVALID_INPUT
update_player_stats: SUCCESS
add_player: FAILURE
get_all_players_count: SUCCESS, 34
add_player: FAILURE
remove_team: FAILURE
get_team_points: SUCCESS, 5071
get_closest_player: SUCCESS, 184
update_player_stats: SUCCESS
get_team_points: SUCCESS, 10944
get_team_points: SUCCESS, 9521
get_all_players: SUCCESS
91
4
169
100
125
33
138
153
92
141
112
99
130
remove_player: SUCCESS
play_match: FAILURE
remove_player: SUCCESS
update_player_stats: SUCCESS
unite_teams: FAILURE
update_player_stats: SUCCESS
get_num_played_games: SUCCESS, 7831
get_closest_player: SUCCESS, 86
get_all_players: SUCCESS
163
51
13
61
186
96
103
146
175
151
get_closest_player: SUCCESS, 37
unite_teams: FAILURE
get_closest_player: SUCCESS, 122
remove_player: SUCCESS
add_player: FAILURE
knockout_winner: SUCCESS, 8
knockout_winner: INVALID_INPUT
knockout_winner: INVALID_INPUT
knockout_winner: SUCCESS, 19
knockout_winner: SUCCESS, 8
knockout_winner: SUCCESS, 8
knockout_winner: INVALID_INPUT
knockout_winner: INVALID_INPUT
knockout_winner: SUCCESS, 19
knockout_winner: FAILURE
get_closest_player: SUCCESS, 85
get_closest_player: SUCCESS, 112
get_all_players: SUCCESS
170
150
62
31
24
get_closest_player: SUCCESS, 42
add_player: FAILURE
get_num_played_games: SUCCESS, 16562
remove_team: FAILURE
remove_team: FAILURE
remove_team: FAILURE
get_num_played_games: SUCCESS, 5340
get_top_scorer: SUCCESS, 9
unite_teams: FAILURE
get_all_players: SUCCESS
192
147
177
126
98
195
197
67
72
183
60
remove_player: SUCCESS
get_closest_player: SUCCESS, 105
update_player_stats: SUCCESS
update_player_stats: SUCCESS
get_all_players: SUCCESS
59
16
137
55
109
3
178
get_all_players_count: SUCCESS, 7
get_top_scorer: SUCCESS, 66
get_num_played_games: SUCCESS, 11650
get_top_scorer: SUCCESS, 66
remove_team: FAILURE
add_team: FAILURE
update_player_stats: SUCCESS
get_top_scorer: SUCCESS, 198
play_match: FAILURE
remove_player: SUCCESS
play_match: FAILURE
knockout_winner: FAILURE
knockout_winner: SUCCESS, 8
knockout_winner: FAILURE
knockout_winner: FAILURE
knockout_winner: INVALID_INPUT
add_player: FAILURE
unite_teams: FAILURE
get_top_scorer: SUCCESS, 130
remove_team: FAILURE
unite_teams: SUCCESS
remove_player: SUCCESS
add_player: FAILURE
knockout_winner: SUCCESS, 8
knockout_winner: SUCCESS, 8
knockout_winner: SUCCESS, 1
knockout_winner: SUCCESS, 13
knockout_winner: INVALID_INPUT
get_closest_player: SUCCESS, 197
get_all_players_count: SUCCESS, 9
add_player: FAILURE
unite_teams: FAILURE
update_player_stats: SUCCESS
add_team: FAILURE
knockout_winner: SUCCESS, 8
knockout_winner: INVALID_INPUT
knockout_winner: INVALID_INPUT
knockout_winner: SUCCESS, 13
knockout_winner: INVALID_INPUT
unite_teams: FAILURE
get_all_players_count: SUCCESS, 9
play_match: FAILURE
get_num_played_games: SUCCESS, 2655
get_top_scorer: SUCCESS, 52
get_closest_player: SUCCESS, 6
knockout_winner: SUCCESS, 13
knockout_winner: SUCCESS, 19
knockout_winner: SUCCESS, 8
knockout_winner: SUCCESS, 19
knockout_winner: INVALID_INPUT
get_all_players: SUCCESS
194
199
140
121
139
185
188
65
52
get_all_players_count: SUCCESS, 33
unite_teams: FAILURE
play_match: FAILURE
add_team: FAILURE
unite_teams: FAILURE
remove_team: FAILURE
add_team: FAILURE
remove_team: FAILURE
get_all_players_count: SUCCESS, 16
get_all_players: SUCCESS
21
6
54
37
172
20
179
90
174
108
149
1
111
164
23
12
add_team: FAILURE
update_player_stats: SUCCESS
get_num_played_games: SUCCESS, 2767
get_num_played_games: SUCCESS, 7325
get_team_points: SUCCESS, 4754
remove_team: FAILURE
remove_team: FAILURE
get_team_points: SUCCESS, 33351
get_num_played_games: SUCCESS, 1013
remove_team: FAILURE
get_all_players: SUCCESS
73
71
155
160
198
get_team_points: SUCCESS, 2827
get_all_players: SUCCESS
73
71
155
160
198
remove_team: FAILURE
unite_teams: FAILURE
get_closest_player: SUCCESS, 68
get_all_players_count: SUCCESS, 14
get_closest_player: SUCCESS, 76
remove_team: FAILURE
get_top_scorer: SUCCESS, 200
get_team_points: SUCCESS, 11046
get_all_players: SUCCESS
59
16
137
55
109
3
178
knockout_winner: INVALID_INPUT
knockout_winner: SUCCESS, 8
knockout_winner: INVALID_INPUT
knockout_winner: INVALID_INPUT
knockout_winner: INVALID_INPUT
remove_team: FAILURE
remove_player: SUCCESS
knockout_winner: FAILURE
knockout_winner: SUCCESS, 8
knockout_winner: FAILURE
knockout_winner: FAILURE
knockout_winner: INVALID_INPUT
get_closest_player: SUCCESS, 149
get_team_points: SUCCESS, 9521
knockout_winner: SUCCESS, 8
knockout_winner: SUCCESS, 8
knockout_winner: SUCCESS, 1
knockout_winner: SUCCESS, 13
knockout_winner: INVALID_INPUT
add_player: FAILURE
play_match: FAILURE
get_team_points: SUCCESS, 9690
get_team_points: SUCCESS, 2827
knockout_winner: FAILURE
knockout_winner: SUCCESS, 19
knockout_winner: FAILURE
knockout_winner: SUCCESS, 19
knockout_winner: INVALID_INPUT
remove_team: FAILURE
get_num_played_games: SUCCESS, 5217
get_all_players: SUCCESS
59
16
137
55
109
3
178
get_closest_player: SUCCESS, 174
update_player_stats: SUCCESS
update_player_stats: SUCCESS
remove_team: FAILURE
add_team: FAILURE
knockout_winner: SUCCESS, 19
knockout_winner: SUCCESS, 19
knockout_winner: FAILURE
knockout_winner: FAILURE
knockout_winner: INVALID_INPUT
remove_team: FAILURE
get_all_players_count: SUCCESS, 3
remove_team: FAILURE
play_match: FAILURE
unite_teams: FAILURE
get_top_scorer: SUCCESS, 200
get_all_players_count: SUCCESS, 5
get_all_players_count: SUCCESS, 9
remove_team: FAILURE
get_num_played_games: SUCCESS, 6415
remove_team: FAILURE
knockout_winner: SUCCESS, 19
knockout_winner: INVALID_INPUT
knockout_winner: INVALID_INPUT
knockout_winner: SUCCESS, 19
knockout_winner: SUCCESS, 8
remove_player: SUCCESS
update_player_stats: SUCCESS
get_closest_player: SUCCESS, 56
remove_player: SUCCESS
update_player_stats: SUCCESS
unite_teams: FAILURE
unite_teams: FAILURE
update_player_stats: SUCCESS
get_team_points: SUCCESS, 3523
unite_teams: FAILURE
play_match: FAILURE
add_team: FAILURE
update_player_stats: SUCCESS
get_num_played_games: SUCCESS, 13450
update_player_stats: SUCCESS
knockout_winner: SUCCESS, 13
knockout_winner: SUCCESS, 19
knockout_winner: SUCCESS, 8
knockout_winner: SUCCESS, 19
knockout_winner: INVALID_INPUT
unite_teams: SUCCESS
knockout_winner: FAILURE
knockout_winner: SUCCESS, 19
knockout_winner: SUCCESS, 8
knockout_winner: SUCCESS, 19
knockout_winner: INVALID_INPUT
get_top_scorer: SUCCESS, 66
add_team: FAILURE
get_top_scorer: SUCCESS, 46
remove_team: FAILURE
play_match: FAILURE
get_team_points: SUCCESS, 10944
knockout_winner: INVALID_INPUT
knockout_winner: FAILURE
knockout_winner: INVALID_INPUT
knockout_winner: INVALID_INPUT
knockout_winner: INVALID_INPUT
add_player: FAILURE
get_all_players_count: SUCCESS, 7
add_player: FAILURE
add_player: FAILURE
play_match: FAILURE
remove_team: FAILURE
remove_player: SUCCESS
remove_team: FAILURE
get_num_played_games: SUCCESS, 8168
get_top_scorer: SUCCESS, 24
play_match: FAILURE
play_match: FAILURE
add_player: FAILURE
get_top_scorer: SUCCESS, 198
get_num_played_games: SUCCESS, 7637
get_all_players: SUCCESS
91
4
169
100
125
33
153
92
141
112
138
130
get_num_played_games: SUCCESS, 6222
knockout_winner: SUCCESS, 7
knockout_winner: SUCCESS, 8
knockout_winner: FAILURE
knockout_winner: FAILURE
knockout_winner: INVALID_INPUT
add_team: FAILURE
get_all_players: SUCCESS
161
166
180
17
84
49
44
57
76
87
184
86
154
58
159
191
38
30
94
64
42
45
47
124
145
88
167
7
171
83
79
unite_teams: SUCCESS
get_team_points: SUCCESS, 33375
get_closest_player: SUCCESS, 67
get_closest_player: SUCCESS, 71
add_player: FAILURE
remove_team: FAILURE
get_team_points: SUCCESS, 9521
get_closest_player: SUCCESS, 71
update_player_stats: SUCCESS
get_num_played_games: SUCCESS, 2706
get_all_players_count: SUCCESS, 5
get_top_scorer: SUCCESS, 52
get_all_players: SUCCESS
117
157
14
63
162
131
46
get_top_scorer: SUCCESS, 79
get_closest_player: SUCCESS, 61
update_player_stats: SUCCESS
knockout_winner: SUCCESS, 8
knockout_winner: INVALID_INPUT
knockout_winner: INVALID_INPUT
knockout_winner: SUCCESS, 8
knockout_winner: INVALID_INPUT
get_all_players_count: SUCCESS, 5
get_num_played_games: SUCCESS, 1947
play_match: FAILURE
get_num_played_games: SUCCESS, 2298
get_team_points: SUCCESS, 11613
unite_teams: SUCCESS
add_player: FAILURE
get_all_players: SUCCESS
73
71
155
160
198
get_team_points: SUCCESS, 11613
update_player_stats: SUCCESS
remove_player: SUCCESS
add_team: FAILURE
get_team_points: SUCCESS, 2827
update_player_stats: SUCCESS
get_team_points: SUCCESS, 9521
remove_player: SUCCESS
play_match: FAILURE
remove_team: FAILURE
play_match: FAILURE
add_team: FAILURE
knockout_winner: INVALID_INPUT
knockout_winner: INVALID_INPUT
knockout_winner: INVALID_INPUT
knockout_winner: INVALID_INPUT
knockout_winner: INVALID_INPUT
knockout_winner: FAILURE
knockout_winner: SUCCESS, 19
knockout_winner: FAILURE
knockout_winner: FAILURE
knockout_winner: INVALID_INPUT
add_team: FAILURE
add_team: FAILURE
add_team: FAILURE
remove_player: SUCCESS
play_match: FAILURE
add_team: FAILURE
add_player: FAILURE
remove_team: FAILURE
remove_player: SUCCESS
get_team_points: SUCCESS, 8606
unite_teams: SUCCESS
get_num_played_games: SUCCESS, 8044
get_all_players: SUCCESS
73
71
155
160
198
update_player_stats: SUCCESS
add_team: FAILURE
remove_player: SUCCESS
remove_team: FAILURE
update_player_stats: SUCCESS
get_all_players_count: SUCCESS, 10
knockout_winner: INVALID_INPUT
knockout_winner: FAILURE
knockout_winner: INVALID_INPUT
knockout_winner: INVALID_INPUT
knockout_winner: INVALID_INPUT
play_match: INVALID_INPUT
get_all_players: SUCCESS
189
148
187
77
122
152
41
80
200
unite_teams: FAILURE
play_match: FAILURE
remove_player: SUCCESS
update_player_stats: SUCCESS
add_player: FAILURE
play_match: FAILURE
play_match: FAILURE
remove_player: SUCCESS
get_team_points: SUCCESS, 11433
unite_teams: FAILURE
get_all_players: SUCCESS
73
71
155
160
198
unite_teams: FAILURE
get_all_players: SUCCESS
104
53
144
28
36
19
89
34
get_team_points: SUCCESS, 33375
get_all_players_count: SUCCESS, 8
get_team_points: SUCCESS, 7220
remove_player: SUCCESS
play_match: FAILURE
get_team_points: SUCCESS, 9521
remove_player: SUCCESS
play_match: INVALID_INPUT
get_closest_player: SUCCESS, 75
get_all_players_count: SUCCESS, 15
add_player: FAILURE
get_top_scorer: SUCCESS, 9
get_closest_player: SUCCESS, 174
play_match: FAILURE
unite_teams: FAILURE
update_player_stats: SUCCESS
get_closest_player: SUCCESS, 76
get_all_players: SUCCESS
194
199
140
121
139
188
65
185
52
add_player: FAILURE
get_all_players: SUCCESS
163
61
13
186
96
146
103
175
play_match: FAILURE
play_match: SUCCESS
get_num_played_games: SUCCESS, 8129
get_all_players_count: SUCCESS, 12
remove_team: FAILURE
unite_teams: SUCCESS
get_all_players: SUCCESS
91
4
169
100
125
33
153
92
141
112
138
130
remove_player: SUCCESS
unite_teams: INVALID_INPUT
update_player_stats: SUCCESS
get_closest_player: SUCCESS, 182
remove_team: FAILURE
unite_teams: FAILURE
get_num_played_games: SUCCESS, 7359
get_num_played_games: SUCCESS, 114
update_player_stats: SUCCESS
remove_team: FAILURE
add_player: FAILURE
get_num_played_games: SUCCESS, 5862
add_player: FAILURE
add_team: FAILURE
knockout_winner: INVALID_INPUT
knockout_winner: INVALID_INPUT
knockout_winner: INVALID_INPUT
knockout_winner: INVALID_INPUT
knockout_winner: INVALID_INPUT
get_team_points: SUCCESS, 9690
unite_teams: FAILURE
get_team_points: SUCCESS, 9690
update_player_stats: SUCCESS
knockout_winner: FAILURE
knockout_winner: SUCCESS, 8
knockout_winner: SUCCESS, 7
knockout_winner: FAILURE
knockout_winner: INVALID_INPUT
remove_team: FAILURE
remove_team: FAILURE
get_closest_player: SUCCESS, 152
get_team_points: SUCCESS, 13811
get_closest_player: SUCCESS, 14
remove_player: SUCCESS
knockout_winner: SUCCESS, 8
knockout_winner: INVALID_INPUT
knockout_winner: INVALID_INPUT
knockout_winner: SUCCESS, 19
knockout_winner: SUCCESS, 8
get_closest_player: SUCCESS, 57
get_team_points: SUCCESS, 4054
remove_player: SUCCESS
add_player: FAILURE
knockout_winner: INVALID_INPUT
knockout_winner: SUCCESS, 8
knockout_winner: INVALID_INPUT
knockout_winner: INVALID_INPUT
knockout_winner: INVALID_INPUT
update_player_stats: SUCCESS
unite_teams: SUCCESS
get_all_players_count: SUCCESS, 9
knockout_winner: SUCCESS, 1
knockout_winner: INVALID_INPUT
knockout_winner: INVALID_INPUT
knockout_winner: SUCCESS, 6
knockout_winner: INVALID_INPUT
get_top_scorer: SUCCESS, 89
get_closest_player: SUCCESS, 9
play_match: SUCCESS
add_team: FAILURE
knockout_winner: SUCCESS, 19
knockout_winner: SUCCESS, 19
knockout_winner: FAILURE
knockout_winner: FAILURE
knockout_winner: INVALID_INPUT
unite_teams: FAILURE
remove_player: SUCCESS
add_player: FAILURE
add_team: FAILURE
update_player_stats: SUCCESS
get_team_points: SUCCESS, 14501
get_closest_player: SUCCESS, 109
remove_player: SUCCESS
get_all_players: SUCCESS
192
170
150
35
177
62
8
126
116
98
195
43
197
67
31
72
110
24
183
9
get_team_points: SUCCESS, 14501
get_all_players_count: SUCCESS, 15
add_team: FAILURE
get_team_points: SUCCESS, 11436
add_team: FAILURE
unite_teams: FAILURE
get_team_points: SUCCESS, 9963
remove_player: SUCCESS
add_player: FAILURE
unite_teams: FAILURE
knockout_winner: FAILURE
knockout_winner: SUCCESS, 19
knockout_winner: SUCCESS, 12
knockout_winner: FAILURE
knockout_winner: INVALID_INPUT
update_player_stats: SUCCESS
remove_team: FAILURE
add_player: FAILURE
get_top_scorer: SUCCESS, 149
update_player_stats: SUCCESS
update_player_stats: SUCCESS
unite_teams: FAILURE
play_match: FAILURE
add_team: FAILURE
remove_player: SUCCESS
add_player: FAILURE
knockout_winner: SUCCESS, 8
knockout_winner: SUCCESS, 8
knockout_winner: SUCCESS, 6
knockout_winner: SUCCESS, 12
knockout_winner: INVALID_INPUT
play_match: SUCCESS
get_top_scorer: SUCCESS, 178
add_player: FAILURE
knockout_winner: FAILURE
knockout_winner: INVALID_INPUT
knockout_winner: INVALID_INPUT
knockout_winner: SUCCESS, 7
knockout_winner: INVALID_INPUT
get_num_played_games: SUCCESS, 7359
get_all_players_count: SUCCESS, 19
get_top_scorer: SUCCESS, 52
get_num_played_games: SUCCESS, 11809
add_team: FAILURE
add_team: FAILURE
get_team_points: SUCCESS, 14501
get_closest_player: SUCCESS, 129
update_player_stats: SUCCESS
remove_team: FAILURE
update_player_stats: SUCCESS
remove_player: SUCCESS
get_top_scorer: SUCCESS, 9
update_player_stats: SUCCESS
add_team: FAILURE
add_player: FAILURE
get_team_points: SUCCESS, 14501
play_match: FAILURE
get_top_scorer: SUCCESS, 79
get_team_points: SUCCESS, 44997
play_match: FAILURE
remove_player: SUCCESS
remove_player: SUCCESS
unite_teams: FAILURE
remove_player: SUCCESS
knockout_winner: FAILURE
knockout_winner: SUCCESS, 19
knockout_winner: FAILURE
knockout_winner: FAILURE
knockout_winner: INVALID_INPUT
get_team_points: SUCCESS, 11448
get_num_played_games: SUCCESS, 12202
get_num_played_games: SUCCESS, 14860
add_player: FAILURE
remove_team: FAILURE
get_num_played_games: SUCCESS, 24083
get_all_players: SUCCESS
73
71
117
155
14
63
160
162
198
46
131
get_all_players_count: SUCCESS, 8
add_player: FAILURE
get_team_points: SUCCESS, 4054
remove_team: FAILURE
unite_teams: SUCCESS
remove_player: SUCCESS
add_team: FAILURE
unite_teams: INVALID_INPUT
play_match: FAILURE
get_team_points: SUCCESS, 13811
knockout_winner: SUCCESS, 19
knockout_winner: SUCCESS, 19
knockout_winner: SUCCESS, 7
knockout_winner: SUCCESS, 19
knockout_winner: INVALID_INPUT
get_top_scorer: SUCCESS, 66
add_player: FAILURE
play_match: FAILURE
update_player_stats: SUCCESS
remove_player: SUCCESS
unite_teams: FAILURE
get_closest_player: SUCCESS, 6
knockout_winner: SUCCESS, 7
knockout_winner: SUCCESS, 6
knockout_winner: FAILURE
knockout_winner: FAILURE
knockout_winner: INVALID_INPUT
add_team: FAILURE
play_match: INVALID_INPUT
play_match: FAILURE
add_player: FAILURE
get_top_scorer: SUCCESS, 34
get_all_players_count: SUCCESS, 19
unite_teams: FAILURE
unite_teams: SUCCESS
remove_player: SUCCESS
get_all_players_count: SUCCESS, 27
add_team: FAILURE
get_all_players: SUCCESS
73
71
117
155
14
63
162
46
131
add_team: FAILURE
get_team_points: SUCCESS, 14501
update_player_stats: SUCCESS
remove_team: FAILURE
add_player: FAILURE
get_closest_player: SUCCESS, 155
get_top_scorer: SUCCESS, 175
knockout_winner: SUCCESS, 7
knockout_winner: INVALID_INPUT
knockout_winner: INVALID_INPUT
knockout_winner: SUCCESS, 15
knockout_winner: SUCCESS, 7
remove_player: SUCCESS
remove_team: FAILURE
remove_team: FAILURE
play_match: FAILURE
get_all_players: SUCCESS
73
71
117
155
63
162
46
131
unite_teams: FAILURE
get_all_players: SUCCESS
192
170
150
35
104
177
62
53
8
126
116
144
98
195
28
43
197
36
67
31
19
110
24
183
89
34
9
remove_team: FAILURE
get_all_players: SUCCESS
163
61
13
96
146
103
175
get_all_players: SUCCESS
192
170
150
35
104
177
62
53
8
126
116
144
98
195
28
43
197
36
67
31
19
110
24
183
89
34
9
add_team: FAILURE
play_match: SUCCESS
get_all_players_count: SUCCESS, 27
remove_player: SUCCESS
add_player: FAILURE
get_closest_player: SUCCESS, 4
get_all_players: SUCCESS
59
16
56
193
85
93
48
75
137
18
182
78
25
40
109
3
55
68
178
get_all_players: SUCCESS
59
16
56
193
85
93
48
75
137
18
182
78
25
40
109
3
55
68
178
play_match: FAILURE
remove_team: FAILURE
unite_teams: FAILURE
play_match: INVALID_INPUT
play_match: FAILURE
add_team: FAILURE
get_all_players_count: SUCCESS, 27
play_match: FAILURE
get_num_played_games: SUCCESS, 3238
get_all_players_count: SUCCESS, 42
knockout_winner: SUCCESS, 1
knockout_winner: INVALID_INPUT
knockout_winner: INVALID_INPUT
knockout_winner: SUCCESS, 15
knockout_winner: SUCCESS, 7
add_team: FAILURE
add_player: FAILURE
remove_team: FAILURE
get_num_played_games: SUCCESS, 23677
remove_player: SUCCESS
get_top_scorer: SUCCESS, 52
unite_teams: INVALID_INPUT
unite_teams: FAILURE
remove_team: FAILURE
get_num_played_games: SUCCESS, 20335
remove_player: SUCCESS
update_player_stats: SUCCESS
remove_player: SUCCESS
get_team_points: SUCCESS, 9690
get_num_played_games: SUCCESS, 48
knockout_winner: INVALID_INPUT
knockout_winner: SUCCESS, 19
knockout_winner: INVALID_INPUT
knockout_winner: INVALID_INPUT
knockout_winner: INVALID_INPUT
get_closest_player: SUCCESS, 65
update_player_stats: SUCCESS
unite_teams: SUCCESS
update_player_stats: SUCCESS
get_all_players_count: SUCCESS, 18
knockout_winner: INVALID_INPUT
knockout_winner: INVALID_INPUT
knockout_winner: INVALID_INPUT
knockout_winner: INVALID_INPUT
knockout_winner: INVALID_INPUT
unite_teams: FAILURE
remove_team: FAILURE
remove_team: FAILURE
remove_team: FAILURE
get_all_players: SUCCESS
161
166
180
84
49
57
189
76
91
187
87
184
77
154
58
4
169
41
100
159
153
80
30
141
94
112
45
86
124
167
145
138
191
33
130
92
122
7
171
83
79
get_closest_player: SUCCESS, 31
unite_teams: SUCCESS
knockout_winner: SUCCESS, 15
knockout_winner: INVALID_INPUT
knockout_winner: INVALID_INPUT
knockout_winner: SUCCESS, 19
knockout_winner: FAILURE
get_top_scorer: SUCCESS, 52
update_player_stats: SUCCESS
play_match: FAILURE
get_team_points: SUCCESS, 19255
update_player_stats: SUCCESS
update_player_stats: SUCCESS
get_closest_player: SUCCESS, 117
knockout_winner: SUCCESS, 19
knockout_winner: SUCCESS, 19
knockout_winner: FAILURE
knockout_winner: FAILURE
knockout_winner: INVALID_INPUT
knockout_winner: SUCCESS, 19
knockout_winner: SUCCESS, 19
knockout_winner: FAILURE
knockout_winner: FAILURE
knockout_winner: INVALID_INPUT
play_match: FAILURE
get_closest_player: SUCCESS, 77
update_player_stats: SUCCESS
get_closest_player: SUCCESS, 94
play_match: SUCCESS
get_num_played_games: SUCCESS, 12217
add_player: FAILURE
get_top_scorer: SUCCESS, 66
remove_team: FAILURE
get_num_played_games: SUCCESS, 12005
add_team: FAILURE
remove_team: FAILURE
add_team: FAILURE
add_player: FAILURE
add_team: FAILURE
remove_player: SUCCESS
remove_team: FAILURE
play_match: FAILURE
play_match: SUCCESS
remove_team: FAILURE
get_team_points: SUCCESS, 13814
add_team: FAILURE
unite_teams: INVALID_INPUT
add_team: FAILURE
remove_team: FAILURE
add_player: FAILURE
add_player: FAILURE
add_team: FAILURE
get_all_players_count: SUCCESS, 8
get_num_played_games: SUCCESS, 19137
get_team_points: SUCCESS, 54993
get_team_points: SUCCESS, 30671
knockout_winner: SUCCESS, 19
knockout_winner: INVALID_INPUT
knockout_winner: INVALID_INPUT
knockout_winner: SUCCESS, 19
knockout_winner: FAILURE
play_match: FAILURE
play_match: FAILURE
remove_team: FAILURE
get_top_scorer: SUCCESS, 68
get_all_players: SUCCESS
163
61
96
146
13
103
175
get_num_played_games: SUCCESS, 11413
add_team: FAILURE
add_player: FAILURE
unite_teams: FAILURE
get_team_points: SUCCESS, 30671
add_team: FAILURE
get_all_players: SUCCESS
73
71
117
194
155
140
121
139
63
162
188
65
46
131
52
remove_team: FAILURE
unite_teams: FAILURE
add_player: FAILURE
get_top_scorer: SUCCESS, 68
unite_teams: SUCCESS
get_top_scorer: SUCCESS, 66
get_all_players: SUCCESS
161
166
73
71
117
180
84
49
57
189
194
155
76
91
140
121
187
139
87
184
63
77
154
162
58
4
169
41
100
159
188
153
80
30
141
94
65
112
45
86
124
167
145
138
191
46
33
130
92
122
7
171
83
131
52
79
get_team_points: SUCCESS, 30671
get_all_players_count: SUCCESS, 8
get_all_players_count: SUCCESS, 8
add_team: FAILURE
get_top_scorer: SUCCESS, 68
get_num_played_games: SUCCESS, 5852
play_match: INVALID_INPUT
remove_team: FAILURE
unite_teams: SUCCESS
remove_player: SUCCESS
add_player: FAILURE
knockout_winner: SUCCESS, 19
knockout_winner: SUCCESS, 19
knockout_winner: FAILURE
knockout_winner: FAILURE
knockout_winner: INVALID_INPUT
get_top_scorer: SUCCESS, 79
get_team_points: SUCCESS, 13817
add_team: FAILURE
get_all_players: SUCCESS
6
192
170
21
150
35
104
177
20
53
179
8
126
116
144
54
172
98
174
195
43
197
36
67
62
108
31
1
19
110
24
183
89
34
37
9
111
164
12
28
149
get_all_players: SUCCESS
6
192
170
21
150
35
104
177
20
53
179
8
126
116
144
54
172
98
174
195
43
197
36
67
62
108
31
1
19
110
24
183
89
34
37
9
111
164
12
28
149
play_match: FAILURE
play_match: SUCCESS
knockout_winner: SUCCESS, 15
knockout_winner: INVALID_INPUT
knockout_winner: INVALID_INPUT
knockout_winner: SUCCESS, 19
knockout_winner: FAILURE
unite_teams: INVALID_INPUT
get_closest_player: SUCCESS, 63
add_player: FAILURE
add_team: FAILURE
remove_player: SUCCESS
remove_player: SUCCESS
remove_player: SUCCESS
knockout_winner: SUCCESS, 1
knockout_winner: INVALID_INPUT
knockout_winner: INVALID_INPUT
knockout_winner: FAILURE
knockout_winner: INVALID_INPUT
get_closest_player: SUCCESS, 127
update_player_stats: SUCCESS
add_player: FAILURE
knockout_winner: SUCCESS, 19
knockout_winner: INVALID_INPUT
knockout_winner: INVALID_INPUT
knockout_winner: SUCCESS, 19
knockout_winner: FAILURE
get_team_points: SUCCESS, 13820
get_closest_player: SUCCESS, 127
get_closest_player: SUCCESS, 89
play_match: SUCCESS
get_top_scorer: SUCCESS, 66
update_player_stats: SUCCESS
play_match: SUCCESS
get_num_played_games: SUCCESS, 5346
get_num_played_games: SUCCESS, 6012
update_player_stats: SUCCESS
update_player_stats: SUCCESS
add_team: FAILURE
remove_player: SUCCESS
remove_player: SUCCESS
remove_player: SUCCESS
remove_player: SUCCESS
remove_player: SUCCESS
remove_player: SUCCESS
remove_player: SUCCESS
remove_player: SUCCESS
remove_player: SUCCESS
remove_player: SUCCESS
remove_player: SUCCESS
remove_player: SUCCESS
remove_player: SUCCESS
remove_player: SUCCESS
remove_player: SUCCESS
remove_player: SUCCESS
remove_player: SUCCESS
remove_player: SUCCESS
remove_player: SUCCESS
remove_player: SUCCESS
remove_player: SUCCESS
remove_player: SUCCESS
remove_player: SUCCESS
remove_player: SUCCESS
remove_player: SUCCESS
remove_player: SUCCESS
remove_player: SUCCESS
remove_player: SUCCESS
remove_player: SUCCESS
remove_player: SUCCESS
remove_player: SUCCESS
remove_player: SUCCESS
remove_player: SUCCESS
remove_player: SUCCESS
remove_player: SUCCESS
remove_player: SUCCESS
remove_player: SUCCESS
remove_player: SUCCESS
remove_player: SUCCESS
remove_player: SUCCESS
remove_player: SUCCESS
remove_player: SUCCESS
remove_player: SUCCESS
remove_player: SUCCESS
remove_player: SUCCESS
remove_player: SUCCESS
remove_player: SUCCESS
remove_player: SUCCESS
remove_player: SUCCESS
remove_player: SUCCESS
remove_player: SUCCESS
remove_player: SUCCESS
remove_player: SUCCESS
remove_player: SUCCESS
remove_player: SUCCESS
remove_player: SUCCESS
remove_player: SUCCESS
remove_player: SUCCESS
remove_player: SUCCESS
remove_player: SUCCESS
remove_player: SUCCESS
remove_player: SUCCESS
remove_player: SUCCESS
remove_player: SUCCESS
remove_player: SUCCESS
remove_player: SUCCESS
remove_player: SUCCESS
remove_player: SUCCESS
remove_player: SUCCESS
remove_player: SUCCESS
remove_player: SUCCESS
remove_player: SUCCESS
remove_player: SUCCESS
remove_player: SUCCESS
remove_player: SUCCESS
remove_player: SUCCESS
remove_player: SUCCESS
remove_player: SUCCESS
remove_player: SUCCESS
remove_player: SUCCESS
remove_player: SUCCESS
remove_player: SUCCESS
remove_player: SUCCESS
remove_player: SUCCESS
remove_player: SUCCESS
remove_player: SUCCESS
remove_player: SUCCESS
remove_player: SUCCESS
remove_player: SUCCESS
remove_player: SUCCESS
remove_player: SUCCESS
remove_player: SUCCESS
remove_player: SUCCESS
remove_player: SUCCESS
remove_player: SUCCESS
remove_player: SUCCESS
remove_player: SUCCESS
remove_player: SUCCESS
remove_player: SUCCESS
remove_player: SUCCESS
remove_player: SUCCESS
remove_player: SUCCESS
remove_player: SUCCESS
remove_player: SUCCESS
remove_player: SUCCESS
remove_player: SUCCESS
remove_player: SUCCESS
remove_player: SUCCESS
remove_player: SUCCESS
remove_player: SUCCESS
remove_player: SUCCESS
remove_player: SUCCESS
remove_player: SUCCESS
remove_player: SUCCESS
remove_player: SUCCESS
remove_player: SUCCESS
remove_player: SUCCESS
remove_player: SUCCESS
remove_player: SUCCESS
remove_player: SUCCESS
remove_player: SUCCESS
remove_player: SUCCESS
remove_player: SUCCESS
remove_player: SUCCESS
remove_player: SUCCESS
remove_player: SUCCESS
remove_player: SUCCESS
remove_team: SUCCESS
remove_team: SUCCESS
remove_team: SUCCESS
remove_team: SUCCESS
