add_team: SUCCESS
add_team: SUCCESS
add_team: SUCCESS
add_team: SUCCESS
add_team: SUCCESS
add_team: SUCCESS
add_team: SUCCESS
add_team: SUCCESS
add_team: SUCCESS
add_team: SUCCESS
add_team: SUCCESS
add_team: SUCCESS
add_team: SUCCESS
add_team: SUCCESS
add_team: SUCCESS
add_team: SUCCESS
add_team: SUCCESS
add_team: SUCCESS
add_team: SUCCESS
add_team: SUCCESS
add_player: SUCCESS
add_player: SUCCESS
add_player: SUCCESS
add_player: SUCCESS
add_player: SUCCESS
add_player: SUCCESS
add_player: SUCCESS
add_player: SUCCESS
add_player: SUCCESS
add_player: SUCCESS
add_player: SUCCESS
add_player: SUCCESS
add_player: SUCCESS
add_player: SUCCESS
add_player: SUCCESS
add_player: SUCCESS
add_player: SUCCESS
add_player: SUCCESS
add_player: SUCCESS
add_player: SUCCESS
add_player: SUCCESS
add_player: SUCCESS
add_player: SUCCESS
add_player: SUCCESS
add_player: SUCCESS
add_player: SUCCESS
add_player: SUCCESS
add_player: SUCCESS
add_player: SUCCESS
add_player: SUCCESS
add_player: SUCCESS
add_player: SUCCESS
add_player: SUCCESS
add_player: SUCCESS
add_player: SUCCESS
add_player: SUCCESS
add_player: SUCCESS
add_player: SUCCESS
add_player: SUCCESS
add_player: SUCCESS
add_player: SUCCESS
add_player: SUCCESS
add_player: SUCCESS
add_player: SUCCESS
add_player: SUCCESS
add_player: SUCCESS
add_player: SUCCESS
add_player: SUCCESS
add_player: SUCCESS
add_player: SUCCESS
add_player: SUCCESS
add_player: SUCCESS
add_player: SUCCESS
add_player: SUCCESS
add_player: SUCCESS
add_player: SUCCESS
add_player: SUCCESS
add_player: SUCCESS
add_player: SUCCESS
add_player: SUCCESS
add_player: SUCCESS
add_player: SUCCESS
add_player: SUCCESS
add_player: SUCCESS
add_player: SUCCESS
add_player: SUCCESS
add_player: SUCCESS
add_player: SUCCESS
add_player: SUCCESS
add_player: SUCCESS
add_player: SUCCESS
add_player: SUCCESS
add_player: SUCCESS
add_player: SUCCESS
add_player: SUCCESS
add_player: SUCCESS
add_player: SUCCESS
add_player: SUCCESS
add_player: SUCCESS
add_player: SUCCESS
add_player: SUCCESS
add_player: SUCCESS
add_player: SUCCESS
add_player: SUCCESS
add_player: SUCCESS
add_player: SUCCESS
add_player: SUCCESS
add_player: SUCCESS
add_player: SUCCESS
add_player: SUCCESS
add_player: SUCCESS
add_player: SUCCESS
add_player: SUCCESS
add_player: SUCCESS
add_player: SUCCESS
add_player: SUCCESS
add_player: SUCCESS
add_player: SUCCESS
add_player: SUCCESS
add_player: SUCCESS
add_player: SUCCESS
add_player: SUCCESS
add_player: SUCCESS
add_player: SUCCESS
add_player: SUCCESS
add_player: SUCCESS
add_player: SUCCESS
add_player: SUCCESS
add_player: SUCCESS
add_player: SUCCESS
add_player: SUCCESS
add_player: SUCCESS
add_player: SUCCESS
add_player: SUCCESS
add_player: SUCCESS
add_player: SUCCESS
add_player: SUCCESS
add_player: SUCCESS
add_player: SUCCESS
add_player: SUCCESS
add_player: SUCCESS
add_player: SUCCESS
add_player: SUCCESS
add_player: SUCCESS
add_player: SUCCESS
add_player: SUCCESS
add_player: SUCCESS
add_player: SUCCESS
add_player: SUCCESS
add_player: SUCCESS
add_player: SUCCESS
add_player: SUCCESS
add_player: SUCCESS
add_player: SUCCESS
add_player: SUCCESS
add_player: SUCCESS
add_player: SUCCESS
add_player: SUCCESS
add_player: SUCCESS
add_player: SUCCESS
add_player: SUCCESS
add_player: SUCCESS
add_player: SUCCESS
add_player: SUCCESS
add_player: SUCCESS
add_player: SUCCESS
add_player: SUCCESS
add_player: SUCCESS
add_player: SUCCESS
add_player: SUCCESS
add_player: SUCCESS
add_player: SUCCESS
add_player: SUCCESS
add_player: SUCCESS
add_player: SUCCESS
add_player: SUCCESS
add_player: SUCCESS
add_player: SUCCESS
add_player: SUCCESS
add_player: SUCCESS
add_player: SUCCESS
add_player: SUCCESS
add_player: SUCCESS
add_player: SUCCESS
add_player: SUCCESS
add_player: SUCCESS
add_player: SUCCESS
add_player: SUCCESS
add_player: SUCCESS
add_player: SUCCESS
add_player: SUCCESS
add_player: SUCCESS
add_player: SUCCESS
add_player: SUCCESS
add_player: SUCCESS
add_player: SUCCESS
add_player: SUCCESS
add_player: SUCCESS
add_player: SUCCESS
add_player: SUCCESS
add_player: SUCCESS
add_player: SUCCESS
add_player: SUCCESS
add_player: SUCCESS
add_player: SUCCESS
add_player: SUCCESS
add_player: SUCCESS
add_player: SUCCESS
add_player: SUCCESS
add_player: SUCCESS
add_player: SUCCESS
add_player: SUCCESS
add_player: SUCCESS
add_player: SUCCESS
add_player: SUCCESS
add_player: SUCCESS
add_player: SUCCESS
add_player: SUCCESS
add_player: SUCCESS
add_player: SUCCESS
get_all_players_count: SUCCESS, 14
remove_player: SUCCESS
unite_teams: SUCCESS
get_closest_player: SUCCESS, 199
get_all_players_count: SUCCESS, 8
get_all_players: SUCCESS
21
143
134
77
38
16
92
178
133
177
67
35
106
get_top_scorer: SUCCESS, 69
get_num_played_games: SUCCESS, 4598
get_closest_player: SUCCESS, 188
update_player_stats: SUCCESS
get_top_scorer: SUCCESS, 106
update_player_stats: SUCCESS
get_num_played_games: SUCCESS, 11863
remove_team: FAILURE
update_player_stats: SUCCESS
add_team: FAILURE
add_player: FAILURE
update_player_stats: SUCCESS
unite_teams: FAILURE
get_closest_player: SUCCESS, 125
update_player_stats: SUCCESS
get_num_played_games: SUCCESS, 1040
remove_team: FAILURE
get_team_points: SUCCESS, 4214
update_player_stats: SUCCESS
get_all_players: SUCCESS
96
25
78
146
58
72
189
101
57
29
48
11
130
add_player: FAILURE
knockout_winner: SUCCESS, 10
knockout_winner: SUCCESS, 9
knockout_winner: SUCCESS, 9
knockout_winner: SUCCESS, 16
knockout_winner: INVALID_INPUT
unite_teams: FAILURE
update_player_stats: SUCCESS
update_player_stats: SUCCESS
knockout_winner: SUCCESS, 9
knockout_winner: INVALID_INPUT
knockout_winner: INVALID_INPUT
knockout_winner: SUCCESS, 9
knockout_winner: SUCCESS, 9
add_player: FAILURE
update_player_stats: SUCCESS
unite_teams: FAILURE
play_match: FAILURE
get_top_scorer: SUCCESS, 9
add_team: FAILURE
get_num_played_games: SUCCESS, 11823
update_player_stats: SUCCESS
add_team: FAILURE
get_num_played_games: SUCCESS, 8372
add_player: FAILURE
add_team: FAILURE
add_team: FAILURE
remove_team: FAILURE
play_match: FAILURE
get_all_players: SUCCESS
171
15
126
110
4
34
56
add_team: FAILURE
get_all_players: SUCCESS
164
149
62
87
12
1
112
24
81
get_top_scorer: SUCCESS, 132
update_player_stats: SUCCESS
get_team_points: SUCCESS, 4214
get_team_points: SUCCESS, 773
play_match: SUCCESS
get_all_players_count: SUCCESS, 13
get_team_points: SUCCESS, 3299
knockout_winner: SUCCESS, 10
knockout_winner: SUCCESS, 9
knockout_winner: SUCCESS, 9
knockout_winner: SUCCESS, 20
knockout_winner: FAILURE
update_player_stats: SUCCESS
get_closest_player: SUCCESS, 147
add_player: FAILURE
remove_team: FAILURE
get_closest_player: SUCCESS, 55
play_match: FAILURE
remove_team: FAILURE
get_num_played_games: SUCCESS, 11571
update_player_stats: SUCCESS
play_match: FAILURE
update_player_stats: SUCCESS
get_closest_player: SUCCESS, 65
get_num_played_games: SUCCESS, 9200
get_all_players_count: SUCCESS, 13
unite_teams: FAILURE
get_all_players: SUCCESS
21
143
134
77
38
16
92
178
133
177
67
35
106
get_all_players_count: SUCCESS, 8
get_team_points: SUCCESS, 6232
get_all_players_count: SUCCESS, 13
get_all_players: SUCCESS
164
149
62
87
12
1
112
24
81
add_team: FAILURE
unite_teams: FAILURE
remove_player: SUCCESS
remove_player: SUCCESS
unite_teams: FAILURE
get_all_players: SUCCESS
46
95
55
142
68
88
3
41
113
148
116
play_match: FAILURE
add_player: FAILURE
remove_player: SUCCESS
get_num_played_games: SUCCESS, 4532
get_top_scorer: SUCCESS, 17
play_match: FAILURE
get_top_scorer: SUCCESS, 132
add_player: FAILURE
get_top_scorer: SUCCESS, 169
add_team: FAILURE
get_team_points: SUCCESS, 7112
add_player: FAILURE
get_closest_player: SUCCESS, 158
get_team_points: SUCCESS, 4214
get_closest_player: SUCCESS, 98
add_team: FAILURE
knockout_winner: SUCCESS, 14
knockout_winner: SUCCESS, 9
knockout_winner: SUCCESS, 9
knockout_winner: SUCCESS, 20
knockout_winner: INVALID_INPUT
get_closest_player: SUCCESS, 45
play_match: FAILURE
get_team_points: SUCCESS, 5212
get_all_players_count: SUCCESS, 13
remove_player: SUCCESS
add_team: FAILURE
add_player: FAILURE
get_num_played_games: SUCCESS, 11497
play_match: SUCCESS
get_closest_player: SUCCESS, 94
unite_teams: FAILURE
knockout_winner: SUCCESS, 12
knockout_winner: SUCCESS, 9
knockout_winner: FAILURE
knockout_winner: FAILURE
knockout_winner: INVALID_INPUT
get_team_points: SUCCESS, 10851
get_top_scorer: SUCCESS, 169
unite_teams: FAILURE
get_all_players_count: SUCCESS, 10
add_player: FAILURE
remove_team: FAILURE
get_num_played_games: SUCCESS, 8441
get_team_points: SUCCESS, 791
add_team: FAILURE
remove_team: FAILURE
get_team_points: SUCCESS, 1100
knockout_winner: SUCCESS, 9
knockout_winner: SUCCESS, 9
knockout_winner: SUCCESS, 1
knockout_winner: SUCCESS, 14
knockout_winner: INVALID_INPUT
get_top_scorer: SUCCESS, 56
get_closest_player: SUCCESS, 191
add_player: FAILURE
knockout_winner: SUCCESS, 14
knockout_winner: SUCCESS, 9
knockout_winner: SUCCESS, 9
knockout_winner: SUCCESS, 20
knockout_winner: INVALID_INPUT
get_all_players: SUCCESS
7
103
192
6
156
195
10
60
add_team: FAILURE
unite_teams: SUCCESS
get_all_players_count: SUCCESS, 5
unite_teams: FAILURE
get_team_points: SUCCESS, 9521
add_player: FAILURE
knockout_winner: SUCCESS, 9
knockout_winner: SUCCESS, 9
knockout_winner: SUCCESS, 4
knockout_winner: SUCCESS, 14
knockout_winner: INVALID_INPUT
get_closest_player: SUCCESS, 109
get_top_scorer: SUCCESS, 116
remove_player: SUCCESS
add_player: FAILURE
get_closest_player: SUCCESS, 14
get_all_players: SUCCESS
51
168
90
135
75
197
176
54
61
89
120
37
131
137
64
knockout_winner: SUCCESS, 16
knockout_winner: SUCCESS, 20
knockout_winner: SUCCESS, 12
knockout_winner: FAILURE
knockout_winner: INVALID_INPUT
play_match: FAILURE
add_team: FAILURE
remove_team: FAILURE
get_top_scorer: SUCCESS, 9
remove_player: SUCCESS
get_top_scorer: SUCCESS, 63
update_player_stats: SUCCESS
remove_team: FAILURE
get_team_points: SUCCESS, 4101
get_all_players_count: SUCCESS, 9
get_closest_player: SUCCESS, 81
get_all_players_count: SUCCESS, 13
remove_team: FAILURE
add_player: FAILURE
unite_teams: FAILURE
get_closest_player: SUCCESS, 56
get_top_scorer: SUCCESS, 116
remove_team: FAILURE
get_all_players_count: SUCCESS, 6
add_player: FAILURE
get_all_players_count: SUCCESS, 6
get_num_played_games: SUCCESS, 5275
get_top_scorer: SUCCESS, 19
get_closest_player: SUCCESS, 169
remove_player: SUCCESS
get_top_scorer: SUCCESS, 106
add_team: FAILURE
update_player_stats: SUCCESS
get_all_players: SUCCESS
164
149
87
12
1
112
24
81
get_num_played_games: SUCCESS, 8190
unite_teams: FAILURE
get_all_players: SUCCESS
141
43
2
26
44
119
71
180
86
155
remove_player: SUCCESS
add_player: FAILURE
unite_teams: FAILURE
get_all_players: SUCCESS
185
47
53
194
18
19
add_team: FAILURE
knockout_winner: SUCCESS, 20
knockout_winner: SUCCESS, 20
knockout_winner: SUCCESS, 14
knockout_winner: FAILURE
knockout_winner: INVALID_INPUT
get_num_played_games: SUCCESS, 8314
get_num_played_games: SUCCESS, 9609
get_closest_player: SUCCESS, 111
add_team: FAILURE
update_player_stats: SUCCESS
get_num_played_games: SUCCESS, 5049
play_match: FAILURE
update_player_stats: SUCCESS
remove_team: FAILURE
knockout_winner: INVALID_INPUT
knockout_winner: SUCCESS, 14
knockout_winner: INVALID_INPUT
knockout_winner: INVALID_INPUT
knockout_winner: INVALID_INPUT
get_all_players_count: SUCCESS, 14
get_top_scorer: SUCCESS, 17
get_top_scorer: SUCCESS, 63
get_closest_player: SUCCESS, 112
unite_teams: FAILURE
unite_teams: FAILURE
get_team_points: SUCCESS, 10851
remove_team: FAILURE
knockout_winner: SUCCESS, 16
knockout_winner: SUCCESS, 20
knockout_winner: SUCCESS, 12
knockout_winner: SUCCESS, 20
knockout_winner: INVALID_INPUT
knockout_winner: SUCCESS, 16
knockout_winner: SUCCESS, 20
knockout_winner: SUCCESS, 12
knockout_winner: FAILURE
knockout_winner: INVALID_INPUT
get_team_points: SUCCESS, 9521
play_match: FAILURE
remove_player: SUCCESS
unite_teams: SUCCESS
add_team: FAILURE
get_team_points: SUCCESS, 5349
get_all_players: SUCCESS
199
144
124
125
127
174
83
175
63
get_num_played_games: SUCCESS, 8990
unite_teams: SUCCESS
get_num_played_games: SUCCESS, 8567
play_match: INVALID_INPUT
get_num_played_games: SUCCESS, 2579
add_team: FAILURE
unite_teams: FAILURE
get_closest_player: SUCCESS, 36
add_player: FAILURE
add_player: FAILURE
get_team_points: SUCCESS, 15077
remove_team: FAILURE
remove_team: FAILURE
get_num_played_games: SUCCESS, 2980
play_match: FAILURE
get_top_scorer: SUCCESS, 154
get_team_points: SUCCESS, 11627
get_team_points: SUCCESS, 5349
knockout_winner: INVALID_INPUT
knockout_winner: INVALID_INPUT
knockout_winner: INVALID_INPUT
knockout_winner: INVALID_INPUT
knockout_winner: INVALID_INPUT
get_closest_player: SUCCESS, 175
get_num_played_games: SUCCESS, 7216
knockout_winner: SUCCESS, 4
knockout_winner: INVALID_INPUT
knockout_winner: INVALID_INPUT
knockout_winner: SUCCESS, 20
knockout_winner: SUCCESS, 12
get_all_players_count: SUCCESS, 12
get_team_points: SUCCESS, 2483
knockout_winner: INVALID_INPUT
knockout_winner: SUCCESS, 14
knockout_winner: INVALID_INPUT
knockout_winner: INVALID_INPUT
knockout_winner: INVALID_INPUT
get_team_points: SUCCESS, 3299
update_player_stats: SUCCESS
remove_team: FAILURE
remove_team: FAILURE
add_player: FAILURE
add_team: FAILURE
unite_teams: SUCCESS
get_num_played_games: SUCCESS, 1383
add_player: FAILURE
get_num_played_games: SUCCESS, 5411
get_num_played_games: SUCCESS, 1193
get_all_players_count: SUCCESS, 21
get_team_points: SUCCESS, 8642
add_team: FAILURE
get_all_players: SUCCESS
200
122
172
160
154
play_match: FAILURE
remove_team: FAILURE
get_top_scorer: SUCCESS, 19
get_all_players_count: SUCCESS, 6
get_closest_player: SUCCESS, 36
remove_team: FAILURE
add_team: FAILURE
get_num_played_games: SUCCESS, 5266
get_closest_player: SUCCESS, 93
knockout_winner: FAILURE
knockout_winner: SUCCESS, 14
knockout_winner: FAILURE
knockout_winner: FAILURE
knockout_winner: INVALID_INPUT
add_team: FAILURE
remove_team: FAILURE
remove_team: FAILURE
get_num_played_games: SUCCESS, 8567
unite_teams: FAILURE
get_team_points: SUCCESS, 12096
remove_player: SUCCESS
play_match: SUCCESS
add_player: FAILURE
play_match: SUCCESS
remove_team: FAILURE
get_team_points: SUCCESS, 4101
knockout_winner: SUCCESS, 14
knockout_winner: SUCCESS, 4
knockout_winner: SUCCESS, 4
knockout_winner: SUCCESS, 20
knockout_winner: SUCCESS, 14
get_top_scorer: SUCCESS, 9
knockout_winner: INVALID_INPUT
knockout_winner: INVALID_INPUT
knockout_winner: INVALID_INPUT
knockout_winner: INVALID_INPUT
knockout_winner: INVALID_INPUT
unite_teams: FAILURE
knockout_winner: SUCCESS, 16
knockout_winner: SUCCESS, 20
knockout_winner: FAILURE
knockout_winner: FAILURE
knockout_winner: INVALID_INPUT
add_team: FAILURE
get_num_played_games: SUCCESS, 9200
knockout_winner: SUCCESS, 6
knockout_winner: SUCCESS, 4
knockout_winner: SUCCESS, 1
knockout_winner: SUCCESS, 12
knockout_winner: INVALID_INPUT
remove_team: FAILURE
get_top_scorer: SUCCESS, 81
add_player: FAILURE
get_team_points: SUCCESS, 15083
get_top_scorer: SUCCESS, 182
get_closest_player: SUCCESS, 177
get_num_played_games: SUCCESS, 9976
knockout_winner: SUCCESS, 20
knockout_winner: SUCCESS, 20
knockout_winner: FAILURE
knockout_winner: FAILURE
knockout_winner: INVALID_INPUT
remove_team: FAILURE
add_player: FAILURE
add_team: FAILURE
add_team: FAILURE
play_match: FAILURE
knockout_winner: INVALID_INPUT
knockout_winner: SUCCESS, 17
knockout_winner: INVALID_INPUT
knockout_winner: INVALID_INPUT
knockout_winner: INVALID_INPUT
get_all_players: SUCCESS
141
43
2
26
44
119
71
180
86
155
add_team: FAILURE
get_all_players: SUCCESS
85
139
74
5
158
128
121
45
100
31
79
14
82
23
get_team_points: SUCCESS, 9521
get_num_played_games: SUCCESS, 85
play_match: FAILURE
get_all_players_count: SUCCESS, 8
update_player_stats: SUCCESS
remove_team: FAILURE
add_player: FAILURE
update_player_stats: SUCCESS
remove_player: SUCCESS
add_team: FAILURE
get_all_players_count: SUCCESS, 10
unite_teams: FAILURE
get_closest_player: SUCCESS, 43
knockout_winner: SUCCESS, 4
knockout_winner: INVALID_INPUT
knockout_winner: INVALID_INPUT
knockout_winner: FAILURE
knockout_winner: INVALID_INPUT
get_all_players_count: SUCCESS, 15
get_all_players: SUCCESS
200
122
172
160
154
knockout_winner: INVALID_INPUT
knockout_winner: INVALID_INPUT
knockout_winner: INVALID_INPUT
knockout_winner: INVALID_INPUT
knockout_winner: INVALID_INPUT
play_match: INVALID_INPUT
remove_team: FAILURE
play_match: FAILURE
get_closest_player: SUCCESS, 130
remove_player: SUCCESS
add_team: FAILURE
play_match: FAILURE
play_match: INVALID_INPUT
unite_teams: FAILURE
get_all_players_count: SUCCESS, 40
get_all_players_count: SUCCESS, 12
get_top_scorer: SUCCESS, 156
get_all_players_count: SUCCESS, 40
get_num_played_games: SUCCESS, 4200
get_team_points: SUCCESS, 12096
get_num_played_games: SUCCESS, 3147
remove_player: SUCCESS
update_player_stats: SUCCESS
get_all_players: SUCCESS
167
183
181
98
39
94
109
163
188
105
166
173
add_team: FAILURE
remove_team: FAILURE
get_top_scorer: SUCCESS, 3
get_team_points: SUCCESS, 4101
get_team_points: SUCCESS, 9699
get_num_played_games: SUCCESS, 8316
get_top_scorer: SUCCESS, 81
remove_player: SUCCESS
remove_player: SUCCESS
get_top_scorer: SUCCESS, 155
remove_team: FAILURE
get_top_scorer: SUCCESS, 16
remove_player: SUCCESS
remove_player: SUCCESS
get_closest_player: SUCCESS, 168
get_top_scorer: SUCCESS, 3
get_closest_player: SUCCESS, 22
remove_team: FAILURE
knockout_winner: SUCCESS, 4
knockout_winner: INVALID_INPUT
knockout_winner: INVALID_INPUT
knockout_winner: SUCCESS, 20
knockout_winner: FAILURE
get_closest_player: SUCCESS, 54
get_closest_player: SUCCESS, 35
add_player: FAILURE
get_top_scorer: SUCCESS, 169
unite_teams: FAILURE
get_team_points: SUCCESS, 8642
add_team: FAILURE
get_team_points: SUCCESS, 2179
get_all_players_count: SUCCESS, 15
play_match: SUCCESS
unite_teams: FAILURE
update_player_stats: SUCCESS
get_all_players: SUCCESS
96
25
78
146
58
189
57
29
101
130
add_player: FAILURE
knockout_winner: FAILURE
knockout_winner: SUCCESS, 20
knockout_winner: SUCCESS, 14
knockout_winner: FAILURE
knockout_winner: INVALID_INPUT
unite_teams: FAILURE
remove_team: FAILURE
get_all_players: SUCCESS
20
65
66
162
76
107
196
17
add_player: FAILURE
get_closest_player: SUCCESS, 27
get_all_players_count: SUCCESS, 10
update_player_stats: SUCCESS
unite_teams: INVALID_INPUT
get_num_played_games: SUCCESS, 3148
get_closest_player: SUCCESS, 138
remove_player: SUCCESS
remove_team: FAILURE
get_top_scorer: SUCCESS, 130
get_all_players: SUCCESS
85
139
74
5
128
121
100
31
79
14
82
23
remove_team: FAILURE
remove_player: SUCCESS
get_num_played_games: SUCCESS, 19708
get_top_scorer: SUCCESS, 9
remove_team: FAILURE
get_all_players: SUCCESS
20
65
66
162
76
107
196
17
get_all_players: SUCCESS
46
95
68
88
41
113
148
116
3
remove_player: SUCCESS
get_team_points: SUCCESS, 5403
play_match: FAILURE
get_closest_player: SUCCESS, 76
remove_team: FAILURE
get_closest_player: SUCCESS, 196
get_all_players: SUCCESS
153
7
159
33
103
192
6
179
36
52
10
60
22
156
remove_player: SUCCESS
add_team: FAILURE
get_team_points: SUCCESS, 8642
unite_teams: FAILURE
get_closest_player: SUCCESS, 196
play_match: FAILURE
knockout_winner: SUCCESS, 1
knockout_winner: INVALID_INPUT
knockout_winner: INVALID_INPUT
knockout_winner: SUCCESS, 6
knockout_winner: INVALID_INPUT
unite_teams: FAILURE
knockout_winner: INVALID_INPUT
knockout_winner: INVALID_INPUT
knockout_winner: INVALID_INPUT
knockout_winner: INVALID_INPUT
knockout_winner: INVALID_INPUT
get_top_scorer: SUCCESS, 16
update_player_stats: SUCCESS
get_all_players: SUCCESS
20
65
66
162
76
107
196
17
play_match: FAILURE
get_closest_player: SUCCESS, 27
unite_teams: FAILURE
add_team: FAILURE
get_num_played_games: SUCCESS, 92
get_team_points: SUCCESS, 9610
knockout_winner: SUCCESS, 14
knockout_winner: SUCCESS, 20
knockout_winner: SUCCESS, 6
knockout_winner: SUCCESS, 20
knockout_winner: INVALID_INPUT
get_top_scorer: SUCCESS, 154
knockout_winner: SUCCESS, 4
knockout_winner: INVALID_INPUT
knockout_winner: INVALID_INPUT
knockout_winner: SUCCESS, 20
knockout_winner: SUCCESS, 6
knockout_winner: FAILURE
knockout_winner: SUCCESS, 14
knockout_winner: FAILURE
knockout_winner: SUCCESS, 17
knockout_winner: INVALID_INPUT
add_player: FAILURE
get_team_points: SUCCESS, 8642
add_player: FAILURE
get_team_points: SUCCESS, 9699
get_top_scorer: SUCCESS, 17
get_all_players: SUCCESS
171
15
110
4
34
56
add_player: FAILURE
get_top_scorer: SUCCESS, 3
get_closest_player: SUCCESS, 109
knockout_winner: SUCCESS, 14
knockout_winner: SUCCESS, 14
knockout_winner: FAILURE
knockout_winner: FAILURE
knockout_winner: INVALID_INPUT
knockout_winner: INVALID_INPUT
knockout_winner: FAILURE
knockout_winner: INVALID_INPUT
knockout_winner: INVALID_INPUT
knockout_winner: INVALID_INPUT
get_all_players_count: SUCCESS, 12
remove_team: FAILURE
get_all_players_count: SUCCESS, 10
get_all_players: SUCCESS
21
143
199
144
124
125
77
174
38
92
83
133
177
67
175
35
106
63
127
16
remove_player: SUCCESS
play_match: FAILURE
unite_teams: FAILURE
get_top_scorer: SUCCESS, 130
remove_team: FAILURE
get_num_played_games: SUCCESS, 5852
get_all_players_count: SUCCESS, 8
add_player: FAILURE
add_team: FAILURE
get_top_scorer: SUCCESS, 130
remove_team: FAILURE
knockout_winner: SUCCESS, 20
knockout_winner: SUCCESS, 4
knockout_winner: SUCCESS, 4
knockout_winner: SUCCESS, 20
knockout_winner: SUCCESS, 14
add_team: FAILURE
unite_teams: FAILURE
knockout_winner: SUCCESS, 17
knockout_winner: SUCCESS, 20
knockout_winner: FAILURE
knockout_winner: FAILURE
knockout_winner: INVALID_INPUT
unite_teams: FAILURE
get_all_players_count: SUCCESS, 10
knockout_winner: SUCCESS, 20
knockout_winner: SUCCESS, 20
knockout_winner: SUCCESS, 14
knockout_winner: FAILURE
knockout_winner: INVALID_INPUT
get_num_played_games: SUCCESS, 9594
remove_player: SUCCESS
remove_team: FAILURE
unite_teams: SUCCESS
knockout_winner: SUCCESS, 2
knockout_winner: INVALID_INPUT
knockout_winner: INVALID_INPUT
knockout_winner: FAILURE
knockout_winner: INVALID_INPUT
add_team: FAILURE
get_team_points: SUCCESS, 7400
get_team_points: SUCCESS, 9699
unite_teams: FAILURE
get_all_players_count: SUCCESS, 10
get_num_played_games: SUCCESS, 670
get_top_scorer: SUCCESS, 173
play_match: INVALID_INPUT
get_team_points: SUCCESS, 4692
get_team_points: SUCCESS, 8642
add_team: FAILURE
get_all_players: SUCCESS
167
183
181
39
94
109
163
188
105
166
173
knockout_winner: SUCCESS, 14
knockout_winner: SUCCESS, 4
knockout_winner: SUCCESS, 4
knockout_winner: SUCCESS, 20
knockout_winner: INVALID_INPUT
get_all_players: SUCCESS
171
15
110
4
34
56
get_closest_player: SUCCESS, 56
update_player_stats: SUCCESS
get_top_scorer: SUCCESS, 182
unite_teams: FAILURE
get_closest_player: SUCCESS, 32
play_match: FAILURE
get_all_players_count: SUCCESS, 8
get_team_points: SUCCESS, 11711
get_closest_player: SUCCESS, 58
remove_player: SUCCESS
add_player: FAILURE
remove_player: SUCCESS
get_top_scorer: SUCCESS, 16
get_top_scorer: SUCCESS, 173
unite_teams: FAILURE
update_player_stats: SUCCESS
add_team: FAILURE
remove_team: FAILURE
get_closest_player: SUCCESS, 2
get_top_scorer: SUCCESS, 173
knockout_winner: INVALID_INPUT
knockout_winner: INVALID_INPUT
knockout_winner: INVALID_INPUT
knockout_winner: INVALID_INPUT
knockout_winner: INVALID_INPUT
add_team: FAILURE
update_player_stats: SUCCESS
get_all_players_count: SUCCESS, 11
play_match: FAILURE
remove_team: FAILURE
get_top_scorer: SUCCESS, 3
get_top_scorer: SUCCESS, 130
get_team_points: SUCCESS, 1100
remove_team: FAILURE
get_top_scorer: SUCCESS, 9
play_match: FAILURE
remove_player: SUCCESS
remove_team: FAILURE
get_team_points: SUCCESS, 9521
get_all_players: SUCCESS
200
122
172
160
154
get_team_points: SUCCESS, 7400
get_closest_player: SUCCESS, 177
get_team_points: SUCCESS, 9521
get_closest_player: SUCCESS, 5
add_team: FAILURE
remove_player: SUCCESS
get_closest_player: SUCCESS, 83
remove_player: SUCCESS
unite_teams: FAILURE
get_num_played_games: SUCCESS, 21131
get_num_played_games: SUCCESS, 11316
get_team_points: SUCCESS, 15086
remove_team: FAILURE
remove_player: SUCCESS
get_num_played_games: SUCCESS, 953
update_player_stats: SUCCESS
play_match: SUCCESS
add_team: FAILURE
get_all_players: SUCCESS
15
110
4
34
56
play_match: FAILURE
unite_teams: FAILURE
get_num_played_games: SUCCESS, 16315
add_player: FAILURE
remove_team: FAILURE
get_all_players_count: SUCCESS, 5
remove_player: SUCCESS
get_all_players_count: SUCCESS, 11
get_team_points: SUCCESS, 12096
update_player_stats: SUCCESS
add_team: FAILURE
remove_player: SUCCESS
get_closest_player: SUCCESS, 146
get_closest_player: SUCCESS, 120
get_all_players: SUCCESS
141
43
46
95
2
26
44
88
119
41
180
86
113
148
116
68
155
3
remove_team: FAILURE
unite_teams: FAILURE
unite_teams: FAILURE
get_team_points: SUCCESS, 15089
get_top_scorer: SUCCESS, 156
knockout_winner: SUCCESS, 14
knockout_winner: SUCCESS, 14
knockout_winner: FAILURE
knockout_winner: FAILURE
knockout_winner: INVALID_INPUT
get_team_points: SUCCESS, 12096
play_match: SUCCESS
remove_team: FAILURE
get_all_players_count: SUCCESS, 5
unite_teams: FAILURE
get_num_played_games: SUCCESS, 4815
knockout_winner: INVALID_INPUT
knockout_winner: INVALID_INPUT
knockout_winner: INVALID_INPUT
knockout_winner: INVALID_INPUT
knockout_winner: INVALID_INPUT
knockout_winner: SUCCESS, 4
knockout_winner: INVALID_INPUT
knockout_winner: INVALID_INPUT
knockout_winner: FAILURE
knockout_winner: INVALID_INPUT
get_num_played_games: SUCCESS, 8442
add_team: FAILURE
play_match: FAILURE
get_num_played_games: SUCCESS, 17103
remove_player: SUCCESS
remove_player: SUCCESS
get_top_scorer: SUCCESS, 130
get_top_scorer: SUCCESS, 18
add_player: FAILURE
get_all_players: SUCCESS
51
168
32
90
8
165
135
186
197
187
30
176
151
54
13
93
61
49
123
120
152
37
131
198
147
136
138
28
59
140
69
137
132
64
89
80
169
get_all_players_count: SUCCESS, 14
get_all_players: SUCCESS
164
149
87
12
1
24
112
81
get_all_players: SUCCESS
51
168
32
90
8
165
135
186
197
187
30
176
151
54
13
93
61
49
123
120
152
37
131
198
147
136
138
28
59
140
69
137
132
64
89
80
169
add_team: FAILURE
get_team_points: SUCCESS, 12096
knockout_winner: SUCCESS, 14
knockout_winner: SUCCESS, 14
knockout_winner: FAILURE
knockout_winner: FAILURE
knockout_winner: INVALID_INPUT
add_team: FAILURE
get_team_points: SUCCESS, 5233
get_team_points: SUCCESS, 1528
knockout_winner: SUCCESS, 14
knockout_winner: SUCCESS, 4
knockout_winner: SUCCESS, 4
knockout_winner: SUCCESS, 14
knockout_winner: INVALID_INPUT
update_player_stats: SUCCESS
knockout_winner: SUCCESS, 14
knockout_winner: SUCCESS, 4
knockout_winner: SUCCESS, 4
knockout_winner: SUCCESS, 14
knockout_winner: FAILURE
get_team_points: SUCCESS, 9631
unite_teams: INVALID_INPUT
get_team_points: SUCCESS, 9699
get_top_scorer: SUCCESS, 17
remove_team: FAILURE
update_player_stats: SUCCESS
get_all_players_count: SUCCESS, 10
get_all_players_count: SUCCESS, 9
unite_teams: FAILURE
add_player: FAILURE
get_top_scorer: SUCCESS, 14
get_top_scorer: SUCCESS, 56
remove_team: FAILURE
knockout_winner: INVALID_INPUT
knockout_winner: SUCCESS, 17
knockout_winner: INVALID_INPUT
knockout_winner: INVALID_INPUT
knockout_winner: INVALID_INPUT
get_all_players_count: SUCCESS, 5
play_match: FAILURE
remove_team: FAILURE
get_closest_player: SUCCESS, 38
get_top_scorer: SUCCESS, 56
remove_player: SUCCESS
get_team_points: SUCCESS, 7400
remove_player: SUCCESS
play_match: FAILURE
add_team: FAILURE
knockout_winner: INVALID_INPUT
knockout_winner: INVALID_INPUT
knockout_winner: INVALID_INPUT
knockout_winner: INVALID_INPUT
knockout_winner: INVALID_INPUT
unite_teams: FAILURE
remove_team: FAILURE
get_team_points: SUCCESS, 5490
get_all_players_count: SUCCESS, 17
remove_player: SUCCESS
remove_player: SUCCESS
update_player_stats: SUCCESS
get_top_scorer: SUCCESS, 169
add_team: FAILURE
unite_teams: FAILURE
add_team: FAILURE
knockout_winner: SUCCESS, 14
knockout_winner: SUCCESS, 14
knockout_winner: FAILURE
knockout_winner: SUCCESS, 17
knockout_winner: INVALID_INPUT
get_all_players_count: SUCCESS, 4
add_team: FAILURE
get_all_players_count: SUCCESS, 11
get_all_players: SUCCESS
15
110
4
34
56
add_team: FAILURE
get_all_players: SUCCESS
167
183
181
39
109
163
188
105
166
173
get_all_players: SUCCESS
153
7
159
33
103
192
6
179
36
52
10
60
22
156
get_all_players_count: SUCCESS, 8
get_all_players: SUCCESS
21
143
199
144
124
77
174
38
92
83
133
177
67
106
63
127
16
get_num_played_games: SUCCESS, 7755
add_team: FAILURE
add_player: FAILURE
update_player_stats: SUCCESS
add_player: FAILURE
play_match: FAILURE
update_player_stats: SUCCESS
update_player_stats: SUCCESS
add_player: FAILURE
get_team_points: SUCCESS, 11735
update_player_stats: SUCCESS
get_top_scorer: SUCCESS, 154
get_all_players_count: SUCCESS, 10
get_all_players_count: SUCCESS, 10
get_top_scorer: SUCCESS, 130
remove_player: SUCCESS
get_closest_player: SUCCESS, 2
get_team_points: SUCCESS, 5496
add_player: FAILURE
remove_team: FAILURE
add_player: FAILURE
remove_player: SUCCESS
get_num_played_games: SUCCESS, 6622
remove_team: FAILURE
get_num_played_games: SUCCESS, 1863
knockout_winner: INVALID_INPUT
knockout_winner: SUCCESS, 17
knockout_winner: INVALID_INPUT
knockout_winner: INVALID_INPUT
knockout_winner: INVALID_INPUT
remove_player: SUCCESS
play_match: FAILURE
add_team: FAILURE
knockout_winner: INVALID_INPUT
knockout_winner: SUCCESS, 17
knockout_winner: INVALID_INPUT
knockout_winner: INVALID_INPUT
knockout_winner: INVALID_INPUT
knockout_winner: SUCCESS, 17
knockout_winner: SUCCESS, 4
knockout_winner: SUCCESS, 4
knockout_winner: SUCCESS, 17
knockout_winner: FAILURE
remove_team: FAILURE
update_player_stats: SUCCESS
get_top_scorer: SUCCESS, 6
get_top_scorer: SUCCESS, 173
add_player: FAILURE
update_player_stats: SUCCESS
get_top_scorer: SUCCESS, 56
knockout_winner: INVALID_INPUT
knockout_winner: INVALID_INPUT
knockout_winner: INVALID_INPUT
knockout_winner: INVALID_INPUT
knockout_winner: INVALID_INPUT
get_closest_player: SUCCESS, 130
unite_teams: FAILURE
unite_teams: FAILURE
get_num_played_games: SUCCESS, 16019
get_all_players_count: SUCCESS, 14
remove_player: SUCCESS
add_player: FAILURE
unite_teams: FAILURE
get_team_points: SUCCESS, 15101
get_all_players: SUCCESS
96
25
78
146
58
189
57
101
130
29
get_num_played_games: SUCCESS, 16091
get_all_players_count: SUCCESS, 17
update_player_stats: SUCCESS
get_closest_player: SUCCESS, 99
knockout_winner: INVALID_INPUT
knockout_winner: INVALID_INPUT
knockout_winner: INVALID_INPUT
knockout_winner: INVALID_INPUT
knockout_winner: INVALID_INPUT
unite_teams: FAILURE
play_match: FAILURE
add_player: FAILURE
add_team: FAILURE
remove_team: FAILURE
unite_teams: FAILURE
get_all_players_count: SUCCESS, 8
get_num_played_games: SUCCESS, 11309
update_player_stats: SUCCESS
remove_team: FAILURE
get_top_scorer: SUCCESS, 154
add_player: FAILURE
get_closest_player: SUCCESS, 95
unite_teams: FAILURE
get_all_players_count: SUCCESS, 17
remove_team: FAILURE
get_team_points: SUCCESS, 15101
get_top_scorer: SUCCESS, 56
update_player_stats: SUCCESS
unite_teams: SUCCESS
play_match: FAILURE
play_match: FAILURE
get_team_points: SUCCESS, 8642
play_match: FAILURE
play_match: FAILURE
get_team_points: SUCCESS, 1528
get_top_scorer: SUCCESS, 182
knockout_winner: SUCCESS, 13
knockout_winner: SUCCESS, 13
knockout_winner: SUCCESS, 4
knockout_winner: SUCCESS, 13
knockout_winner: INVALID_INPUT
add_team: FAILURE
get_closest_player: SUCCESS, 44
unite_teams: FAILURE
get_all_players_count: SUCCESS, 16
play_match: FAILURE
add_team: FAILURE
add_team: FAILURE
remove_team: FAILURE
play_match: FAILURE
get_team_points: SUCCESS, 9521
get_closest_player: SUCCESS, 32
get_team_points: SUCCESS, 8642
get_all_players_count: SUCCESS, 34
add_team: FAILURE
get_num_played_games: SUCCESS, 10603
add_team: FAILURE
add_player: FAILURE
get_all_players: SUCCESS
96
25
78
146
58
189
57
101
130
29
update_player_stats: SUCCESS
get_team_points: SUCCESS, 5810
update_player_stats: SUCCESS
update_player_stats: SUCCESS
get_all_players: SUCCESS
51
168
32
90
8
186
197
187
30
176
151
54
13
93
61
49
123
120
152
37
131
198
147
136
138
28
59
140
137
132
64
89
80
169
remove_player: SUCCESS
update_player_stats: SUCCESS
get_team_points: SUCCESS, 2179
play_match: FAILURE
get_all_players: SUCCESS
96
25
78
146
58
189
57
101
130
29
get_all_players_count: SUCCESS, 10
get_team_points: SUCCESS, 1528
get_top_scorer: SUCCESS, 91
remove_player: SUCCESS
get_all_players: SUCCESS
15
110
4
34
56
get_all_players_count: SUCCESS, 8
remove_player: SUCCESS
get_top_scorer: SUCCESS, 91
get_closest_player: SUCCESS, 17
get_num_played_games: SUCCESS, 9816
get_closest_player: SUCCESS, 2
update_player_stats: SUCCESS
get_top_scorer: SUCCESS, 6
remove_team: FAILURE
remove_team: FAILURE
get_top_scorer: SUCCESS, 6
get_all_players_count: SUCCESS, 5
add_player: FAILURE
get_top_scorer: SUCCESS, 56
remove_team: FAILURE
get_closest_player: SUCCESS, 16
remove_player: SUCCESS
play_match: INVALID_INPUT
update_player_stats: SUCCESS
get_closest_player: SUCCESS, 116
get_closest_player: SUCCESS, 9
add_player: FAILURE
knockout_winner: SUCCESS, 4
knockout_winner: INVALID_INPUT
knockout_winner: INVALID_INPUT
knockout_winner: FAILURE
knockout_winner: INVALID_INPUT
get_num_played_games: SUCCESS, 10859
get_num_played_games: SUCCESS, 22705
get_all_players_count: SUCCESS, 10
get_closest_player: SUCCESS, 66
update_player_stats: SUCCESS
get_all_players_count: SUCCESS, 10
play_match: FAILURE
add_team: FAILURE
remove_player: SUCCESS
get_top_scorer: SUCCESS, 3
remove_player: SUCCESS
get_top_scorer: SUCCESS, 196
add_team: FAILURE
knockout_winner: SUCCESS, 13
knockout_winner: INVALID_INPUT
knockout_winner: INVALID_INPUT
knockout_winner: SUCCESS, 13
knockout_winner: FAILURE
get_closest_player: SUCCESS, 110
remove_player: SUCCESS
remove_player: SUCCESS
get_all_players_count: SUCCESS, 14
remove_team: FAILURE
knockout_winner: INVALID_INPUT
knockout_winner: FAILURE
knockout_winner: INVALID_INPUT
knockout_winner: INVALID_INPUT
knockout_winner: INVALID_INPUT
get_top_scorer: SUCCESS, 80
remove_player: SUCCESS
update_player_stats: SUCCESS
knockout_winner: INVALID_INPUT
knockout_winner: INVALID_INPUT
knockout_winner: INVALID_INPUT
knockout_winner: INVALID_INPUT
knockout_winner: INVALID_INPUT
play_match: FAILURE
play_match: SUCCESS
unite_teams: FAILURE
get_top_scorer: SUCCESS, 182
play_match: FAILURE
add_team: FAILURE
add_team: FAILURE
get_team_points: SUCCESS, 7400
get_all_players: SUCCESS
15
110
4
34
56
play_match: FAILURE
remove_team: FAILURE
get_num_played_games: SUCCESS, 9138
remove_team: FAILURE
get_num_played_games: SUCCESS, 9976
get_top_scorer: SUCCESS, 80
add_player: FAILURE
remove_player: SUCCESS
remove_player: SUCCESS
update_player_stats: SUCCESS
remove_player: SUCCESS
get_all_players_count: SUCCESS, 13
get_all_players_count: SUCCESS, 10
play_match: SUCCESS
unite_teams: INVALID_INPUT
get_all_players_count: SUCCESS, 4
knockout_winner: INVALID_INPUT
knockout_winner: SUCCESS, 17
knockout_winner: INVALID_INPUT
knockout_winner: INVALID_INPUT
knockout_winner: INVALID_INPUT
get_num_played_games: SUCCESS, 16694
get_top_scorer: SUCCESS, 80
add_player: FAILURE
get_top_scorer: SUCCESS, 81
get_all_players: SUCCESS
185
47
53
18
get_top_scorer: SUCCESS, 3
update_player_stats: SUCCESS
remove_team: FAILURE
get_all_players_count: SUCCESS, 9
add_player: FAILURE
get_closest_player: SUCCESS, 153
play_match: FAILURE
unite_teams: FAILURE
add_player: FAILURE
update_player_stats: SUCCESS
remove_player: SUCCESS
knockout_winner: SUCCESS, 1
knockout_winner: INVALID_INPUT
knockout_winner: INVALID_INPUT
knockout_winner: FAILURE
knockout_winner: INVALID_INPUT
unite_teams: FAILURE
get_team_points: SUCCESS, 15104
play_match: SUCCESS
get_closest_player: SUCCESS, 181
play_match: FAILURE
remove_player: SUCCESS
update_player_stats: SUCCESS
remove_player: SUCCESS
remove_team: FAILURE
remove_player: SUCCESS
get_all_players_count: SUCCESS, 10
add_team: FAILURE
get_all_players_count: SUCCESS, 15
get_all_players: SUCCESS
199
124
77
174
38
92
83
133
67
106
63
127
16
unite_teams: FAILURE
play_match: FAILURE
get_num_played_games: SUCCESS, 6622
knockout_winner: SUCCESS, 13
knockout_winner: INVALID_INPUT
knockout_winner: INVALID_INPUT
knockout_winner: SUCCESS, 13
knockout_winner: FAILURE
get_all_players_count: SUCCESS, 4
play_match: FAILURE
get_top_scorer: SUCCESS, 3
remove_team: FAILURE
get_all_players_count: SUCCESS, 10
get_team_points: SUCCESS, 8642
get_num_played_games: SUCCESS, 7924
add_player: FAILURE
get_team_points: SUCCESS, 9699
remove_player: SUCCESS
unite_teams: SUCCESS
get_num_played_games: SUCCESS, 1383
unite_teams: SUCCESS
get_all_players: SUCCESS
193
70
99
111
114
27
102
9
91
get_team_points: SUCCESS, 20337
add_team: FAILURE
get_all_players: SUCCESS
185
47
53
18
get_all_players: SUCCESS
108
150
170
40
42
184
117
182
remove_team: FAILURE
play_match: SUCCESS
add_player: FAILURE
add_team: FAILURE
get_num_played_games: SUCCESS, 5896
get_num_played_games: SUCCESS, 5111
get_all_players: SUCCESS
7
159
33
103
179
153
10
60
156
192
22
36
6
unite_teams: FAILURE
update_player_stats: SUCCESS
unite_teams: SUCCESS
get_top_scorer: SUCCESS, 18
get_num_played_games: SUCCESS, 4813
remove_player: SUCCESS
remove_team: FAILURE
unite_teams: FAILURE
remove_player: SUCCESS
get_all_players: SUCCESS
85
164
149
139
5
128
121
79
1
24
87
14
112
12
81
get_team_points: SUCCESS, 1528
get_all_players: SUCCESS
108
150
170
40
42
184
117
182
remove_team: FAILURE
add_player: FAILURE
add_player: FAILURE
remove_team: FAILURE
add_player: FAILURE
get_all_players: SUCCESS
183
181
39
199
167
124
77
109
174
38
163
92
83
133
188
67
105
106
63
166
173
remove_player: SUCCESS
get_num_played_games: SUCCESS, 4813
add_player: FAILURE
update_player_stats: SUCCESS
remove_player: SUCCESS
update_player_stats: SUCCESS
play_match: FAILURE
remove_team: FAILURE
knockout_winner: FAILURE
knockout_winner: SUCCESS, 13
knockout_winner: FAILURE
knockout_winner: FAILURE
knockout_winner: INVALID_INPUT
add_player: FAILURE
unite_teams: FAILURE
get_all_players: SUCCESS
96
25
78
146
58
189
57
101
29
130
get_team_points: SUCCESS, 9521
remove_player: SUCCESS
get_closest_player: SUCCESS, 176
get_all_players: SUCCESS
200
122
172
154
unite_teams: FAILURE
add_team: FAILURE
remove_team: FAILURE
get_closest_player: SUCCESS, 155
get_closest_player: SUCCESS, 3
unite_teams: INVALID_INPUT
add_team: FAILURE
remove_player: SUCCESS
unite_teams: FAILURE
remove_player: SUCCESS
knockout_winner: SUCCESS, 6
knockout_winner: SUCCESS, 6
knockout_winner: FAILURE
knockout_winner: FAILURE
knockout_winner: INVALID_INPUT
get_all_players: SUCCESS
85
149
139
5
128
121
1
24
14
79
112
12
81
87
add_player: FAILURE
update_player_stats: SUCCESS
add_player: FAILURE
remove_team: FAILURE
get_closest_player: SUCCESS, 29
get_all_players_count: SUCCESS, 4
get_team_points: SUCCESS, 17031
get_top_scorer: SUCCESS, 173
add_team: FAILURE
remove_player: SUCCESS
add_player: FAILURE
get_all_players: SUCCESS
85
149
139
5
128
121
1
24
14
79
112
12
81
87
add_player: FAILURE
unite_teams: FAILURE
remove_team: FAILURE
remove_team: FAILURE
remove_team: FAILURE
remove_player: SUCCESS
add_player: FAILURE
add_team: FAILURE
get_closest_player: SUCCESS, 155
add_player: FAILURE
get_closest_player: SUCCESS, 117
get_closest_player: SUCCESS, 168
unite_teams: SUCCESS
play_match: INVALID_INPUT
remove_team: FAILURE
get_top_scorer: SUCCESS, 6
knockout_winner: SUCCESS, 7
knockout_winner: SUCCESS, 6
knockout_winner: FAILURE
knockout_winner: FAILURE
knockout_winner: INVALID_INPUT
get_num_played_games: SUCCESS, 10206
get_team_points: SUCCESS, 21932
get_closest_player: SUCCESS, 32
get_all_players: SUCCESS
96
25
146
58
189
57
101
29
130
get_num_played_games: SUCCESS, 759
unite_teams: INVALID_INPUT
remove_team: FAILURE
get_all_players_count: SUCCESS, 3
get_num_played_games: SUCCESS, 5852
play_match: FAILURE
add_player: FAILURE
get_all_players: SUCCESS
183
181
39
199
167
124
77
109
174
38
163
92
83
133
188
67
105
106
63
166
173
knockout_winner: SUCCESS, 17
knockout_winner: SUCCESS, 13
knockout_winner: SUCCESS, 13
knockout_winner: FAILURE
knockout_winner: INVALID_INPUT
unite_teams: FAILURE
get_num_played_games: SUCCESS, 5852
add_player: FAILURE
get_all_players: SUCCESS
108
150
170
40
42
184
117
182
get_all_players_count: SUCCESS, 14
remove_team: FAILURE
play_match: FAILURE
remove_team: FAILURE
get_all_players: SUCCESS
193
70
99
111
114
27
102
9
91
get_team_points: SUCCESS, 12096
get_top_scorer: SUCCESS, 56
remove_team: FAILURE
get_all_players_count: SUCCESS, 3
update_player_stats: SUCCESS
get_num_played_games: SUCCESS, 9944
get_all_players: SUCCESS
108
150
170
40
42
184
117
182
unite_teams: FAILURE
get_team_points: SUCCESS, 20340
get_closest_player: SUCCESS, 70
get_closest_player: SUCCESS, 133
unite_teams: FAILURE
get_num_played_games: SUCCESS, 92
get_team_points: SUCCESS, 12096
get_team_points: SUCCESS, 9521
get_closest_player: SUCCESS, 91
get_team_points: SUCCESS, 17031
add_team: FAILURE
get_all_players_count: SUCCESS, 9
get_num_played_games: SUCCESS, 9753
knockout_winner: FAILURE
knockout_winner: SUCCESS, 13
knockout_winner: FAILURE
knockout_winner: FAILURE
knockout_winner: INVALID_INPUT
play_match: FAILURE
get_all_players_count: SUCCESS, 9
get_top_scorer: SUCCESS, 89
add_player: FAILURE
remove_team: FAILURE
remove_player: SUCCESS
get_team_points: SUCCESS, 21932
unite_teams: SUCCESS
add_player: FAILURE
knockout_winner: SUCCESS, 17
knockout_winner: SUCCESS, 17
knockout_winner: FAILURE
knockout_winner: FAILURE
knockout_winner: INVALID_INPUT
get_all_players: SUCCESS
141
46
7
95
2
159
33
103
44
179
88
153
180
60
148
156
119
68
155
192
22
36
3
6
get_team_points: SUCCESS, 21932
get_closest_player: SUCCESS, 13
get_closest_player: SUCCESS, 114
remove_player: SUCCESS
remove_player: SUCCESS
remove_player: SUCCESS
remove_player: SUCCESS
remove_player: SUCCESS
remove_player: SUCCESS
remove_player: SUCCESS
remove_player: SUCCESS
remove_player: SUCCESS
remove_player: SUCCESS
remove_player: SUCCESS
remove_player: SUCCESS
remove_player: SUCCESS
remove_player: SUCCESS
remove_player: SUCCESS
remove_player: SUCCESS
remove_player: SUCCESS
remove_player: SUCCESS
remove_player: SUCCESS
remove_player: SUCCESS
remove_player: SUCCESS
remove_player: SUCCESS
remove_player: SUCCESS
remove_player: SUCCESS
remove_player: SUCCESS
remove_player: SUCCESS
remove_player: SUCCESS
remove_player: SUCCESS
remove_player: SUCCESS
remove_player: SUCCESS
remove_player: SUCCESS
remove_player: SUCCESS
remove_player: SUCCESS
remove_player: SUCCESS
remove_player: SUCCESS
remove_player: SUCCESS
remove_player: SUCCESS
remove_player: SUCCESS
remove_player: SUCCESS
remove_player: SUCCESS
remove_player: SUCCESS
remove_player: SUCCESS
remove_player: SUCCESS
remove_player: SUCCESS
remove_player: SUCCESS
remove_player: SUCCESS
remove_player: SUCCESS
remove_player: SUCCESS
remove_player: SUCCESS
remove_player: SUCCESS
remove_player: SUCCESS
remove_player: SUCCESS
remove_player: SUCCESS
remove_player: SUCCESS
remove_player: SUCCESS
remove_player: SUCCESS
remove_player: SUCCESS
remove_player: SUCCESS
remove_player: SUCCESS
remove_player: SUCCESS
remove_player: SUCCESS
remove_player: SUCCESS
remove_player: SUCCESS
remove_player: SUCCESS
remove_player: SUCCESS
remove_player: SUCCESS
remove_player: SUCCESS
remove_player: SUCCESS
remove_player: SUCCESS
remove_player: SUCCESS
remove_player: SUCCESS
remove_player: SUCCESS
remove_player: SUCCESS
remove_player: SUCCESS
remove_player: SUCCESS
remove_player: SUCCESS
remove_player: SUCCESS
remove_player: SUCCESS
remove_player: SUCCESS
remove_player: SUCCESS
remove_player: SUCCESS
remove_player: SUCCESS
remove_player: SUCCESS
remove_player: SUCCESS
remove_player: SUCCESS
remove_player: SUCCESS
remove_player: SUCCESS
remove_player: SUCCESS
remove_player: SUCCESS
remove_player: SUCCESS
remove_player: SUCCESS
remove_player: SUCCESS
remove_player: SUCCESS
remove_player: SUCCESS
remove_player: SUCCESS
remove_player: SUCCESS
remove_player: SUCCESS
remove_player: SUCCESS
remove_player: SUCCESS
remove_player: SUCCESS
remove_player: SUCCESS
remove_player: SUCCESS
remove_player: SUCCESS
remove_player: SUCCESS
remove_player: SUCCESS
remove_player: SUCCESS
remove_player: SUCCESS
remove_player: SUCCESS
remove_player: SUCCESS
remove_player: SUCCESS
remove_player: SUCCESS
remove_player: SUCCESS
remove_player: SUCCESS
remove_player: SUCCESS
remove_player: SUCCESS
remove_player: SUCCESS
remove_player: SUCCESS
remove_player: SUCCESS
remove_player: SUCCESS
remove_player: SUCCESS
remove_player: SUCCESS
remove_player: SUCCESS
remove_player: SUCCESS
remove_player: SUCCESS
remove_player: SUCCESS
remove_player: SUCCESS
remove_player: SUCCESS
remove_player: SUCCESS
remove_player: SUCCESS
remove_player: SUCCESS
remove_player: SUCCESS
remove_team: SUCCESS
remove_team: SUCCESS
remove_team: SUCCESS
remove_team: SUCCESS
remove_team: SUCCESS
remove_team: SUCCESS
remove_team: SUCCESS
remove_team: SUCCESS
