add_team: SUCCESS
add_team: SUCCESS
add_team: SUCCESS
add_team: SUCCESS
add_team: SUCCESS
add_team: SUCCESS
add_team: SUCCESS
add_team: SUCCESS
add_team: SUCCESS
add_team: SUCCESS
add_team: SUCCESS
add_team: SUCCESS
add_team: SUCCESS
add_team: SUCCESS
add_team: SUCCESS
add_team: SUCCESS
add_team: SUCCESS
add_team: SUCCESS
add_team: SUCCESS
add_team: SUCCESS
add_player: SUCCESS
add_player: SUCCESS
add_player: SUCCESS
add_player: SUCCESS
add_player: SUCCESS
add_player: SUCCESS
add_player: SUCCESS
add_player: SUCCESS
add_player: SUCCESS
add_player: SUCCESS
add_player: SUCCESS
add_player: SUCCESS
add_player: SUCCESS
add_player: SUCCESS
add_player: SUCCESS
add_player: SUCCESS
add_player: SUCCESS
add_player: SUCCESS
add_player: SUCCESS
add_player: SUCCESS
add_player: SUCCESS
add_player: SUCCESS
add_player: SUCCESS
add_player: SUCCESS
add_player: SUCCESS
add_player: SUCCESS
add_player: SUCCESS
add_player: SUCCESS
add_player: SUCCESS
add_player: SUCCESS
add_player: SUCCESS
add_player: SUCCESS
add_player: SUCCESS
add_player: SUCCESS
add_player: SUCCESS
add_player: SUCCESS
add_player: SUCCESS
add_player: SUCCESS
add_player: SUCCESS
add_player: SUCCESS
add_player: SUCCESS
add_player: SUCCESS
add_player: SUCCESS
add_player: SUCCESS
add_player: SUCCESS
add_player: SUCCESS
add_player: SUCCESS
add_player: SUCCESS
add_player: SUCCESS
add_player: SUCCESS
add_player: SUCCESS
add_player: SUCCESS
add_player: SUCCESS
add_player: SUCCESS
add_player: SUCCESS
add_player: SUCCESS
add_player: SUCCESS
add_player: SUCCESS
add_player: SUCCESS
add_player: SUCCESS
add_player: SUCCESS
add_player: SUCCESS
add_player: SUCCESS
add_player: SUCCESS
add_player: SUCCESS
add_player: SUCCESS
add_player: SUCCESS
add_player: SUCCESS
add_player: SUCCESS
add_player: SUCCESS
add_player: SUCCESS
add_player: SUCCESS
add_player: SUCCESS
add_player: SUCCESS
add_player: SUCCESS
add_player: SUCCESS
add_player: SUCCESS
add_player: SUCCESS
add_player: SUCCESS
add_player: SUCCESS
add_player: SUCCESS
add_player: SUCCESS
add_player: SUCCESS
add_player: SUCCESS
add_player: SUCCESS
add_player: SUCCESS
add_player: SUCCESS
add_player: SUCCESS
add_player: SUCCESS
add_player: SUCCESS
add_player: SUCCESS
add_player: SUCCESS
add_player: SUCCESS
add_player: SUCCESS
add_player: SUCCESS
add_player: SUCCESS
add_player: SUCCESS
add_player: SUCCESS
add_player: SUCCESS
add_player: SUCCESS
add_player: SUCCESS
add_player: SUCCESS
add_player: SUCCESS
add_player: SUCCESS
add_player: SUCCESS
add_player: SUCCESS
add_player: SUCCESS
add_player: SUCCESS
add_player: SUCCESS
add_player: SUCCESS
add_player: SUCCESS
add_player: SUCCESS
add_player: SUCCESS
add_player: SUCCESS
add_player: SUCCESS
add_player: SUCCESS
add_player: SUCCESS
add_player: SUCCESS
add_player: SUCCESS
add_player: SUCCESS
add_player: SUCCESS
add_player: SUCCESS
add_player: SUCCESS
add_player: SUCCESS
add_player: SUCCESS
add_player: SUCCESS
add_player: SUCCESS
add_player: SUCCESS
add_player: SUCCESS
add_player: SUCCESS
add_player: SUCCESS
add_player: SUCCESS
add_player: SUCCESS
add_player: SUCCESS
add_player: SUCCESS
add_player: SUCCESS
add_player: SUCCESS
add_player: SUCCESS
add_player: SUCCESS
add_player: SUCCESS
add_player: SUCCESS
add_player: SUCCESS
add_player: SUCCESS
add_player: SUCCESS
add_player: SUCCESS
add_player: SUCCESS
add_player: SUCCESS
add_player: SUCCESS
add_player: SUCCESS
add_player: SUCCESS
add_player: SUCCESS
add_player: SUCCESS
add_player: SUCCESS
add_player: SUCCESS
add_player: SUCCESS
add_player: SUCCESS
add_player: SUCCESS
add_player: SUCCESS
add_player: SUCCESS
add_player: SUCCESS
add_player: SUCCESS
add_player: SUCCESS
add_player: SUCCESS
add_player: SUCCESS
add_player: SUCCESS
add_player: SUCCESS
add_player: SUCCESS
add_player: SUCCESS
add_player: SUCCESS
add_player: SUCCESS
add_player: SUCCESS
add_player: SUCCESS
add_player: SUCCESS
add_player: SUCCESS
add_player: SUCCESS
add_player: SUCCESS
add_player: SUCCESS
add_player: SUCCESS
add_player: SUCCESS
add_player: SUCCESS
add_player: SUCCESS
add_player: SUCCESS
add_player: SUCCESS
add_player: SUCCESS
add_player: SUCCESS
add_player: SUCCESS
add_player: SUCCESS
add_player: SUCCESS
add_player: SUCCESS
add_player: SUCCESS
add_player: SUCCESS
add_player: SUCCESS
add_player: SUCCESS
add_player: SUCCESS
add_player: SUCCESS
add_player: SUCCESS
add_player: SUCCESS
add_player: SUCCESS
add_player: SUCCESS
add_player: SUCCESS
get_all_players_count: SUCCESS, 10
remove_team: FAILURE
add_player: FAILURE
knockout_winner: SUCCESS, 8
knockout_winner: SUCCESS, 16
knockout_winner: SUCCESS, 8
knockout_winner: SUCCESS, 16
knockout_winner: FAILURE
get_num_played_games: SUCCESS, 10105
get_team_points: SUCCESS, 383
get_team_points: SUCCESS, 12273
remove_player: SUCCESS
play_match: FAILURE
play_match: SUCCESS
get_all_players_count: SUCCESS, 11
unite_teams: FAILURE
get_all_players: SUCCESS
41
172
173
73
44
7
191
145
130
126
104
knockout_winner: SUCCESS, 14
knockout_winner: SUCCESS, 16
knockout_winner: SUCCESS, 8
knockout_winner: FAILURE
knockout_winner: INVALID_INPUT
get_closest_player: SUCCESS, 85
unite_teams: FAILURE
knockout_winner: SUCCESS, 16
knockout_winner: SUCCESS, 20
knockout_winner: SUCCESS, 10
knockout_winner: SUCCESS, 20
knockout_winner: INVALID_INPUT
get_closest_player: SUCCESS, 100
get_top_scorer: SUCCESS, 134
get_team_points: SUCCESS, 6868
remove_team: FAILURE
knockout_winner: SUCCESS, 8
knockout_winner: INVALID_INPUT
knockout_winner: INVALID_INPUT
knockout_winner: SUCCESS, 16
knockout_winner: INVALID_INPUT
remove_team: FAILURE
add_player: FAILURE
get_closest_player: SUCCESS, 65
unite_teams: FAILURE
knockout_winner: SUCCESS, 16
knockout_winner: SUCCESS, 20
knockout_winner: SUCCESS, 10
knockout_winner: SUCCESS, 20
knockout_winner: INVALID_INPUT
get_num_played_games: SUCCESS, 778
remove_team: FAILURE
get_num_played_games: SUCCESS, 183
remove_player: SUCCESS
get_closest_player: SUCCESS, 190
get_top_scorer: SUCCESS, 60
add_team: FAILURE
get_top_scorer: SUCCESS, 3
remove_player: SUCCESS
unite_teams: FAILURE
get_closest_player: SUCCESS, 165
knockout_winner: SUCCESS, 8
knockout_winner: INVALID_INPUT
knockout_winner: INVALID_INPUT
knockout_winner: SUCCESS, 8
knockout_winner: INVALID_INPUT
get_num_played_games: SUCCESS, 8914
add_player: FAILURE
remove_team: FAILURE
add_team: FAILURE
get_all_players: SUCCESS
190
84
162
108
116
143
186
remove_player: SUCCESS
get_team_points: SUCCESS, 3576
get_top_scorer: SUCCESS, 25
remove_player: SUCCESS
remove_team: FAILURE
add_player: FAILURE
remove_team: FAILURE
remove_team: FAILURE
update_player_stats: SUCCESS
remove_player: SUCCESS
play_match: SUCCESS
knockout_winner: SUCCESS, 16
knockout_winner: SUCCESS, 16
knockout_winner: SUCCESS, 10
knockout_winner: SUCCESS, 20
knockout_winner: INVALID_INPUT
get_all_players_count: SUCCESS, 6
get_all_players: SUCCESS
57
165
61
33
128
54
121
8
140
117
30
get_all_players_count: SUCCESS, 11
get_num_played_games: SUCCESS, 832
remove_player: SUCCESS
get_closest_player: SUCCESS, 8
remove_player: SUCCESS
add_team: FAILURE
get_all_players_count: SUCCESS, 11
knockout_winner: SUCCESS, 15
knockout_winner: SUCCESS, 16
knockout_winner: SUCCESS, 10
knockout_winner: SUCCESS, 20
knockout_winner: INVALID_INPUT
get_top_scorer: SUCCESS, 99
update_player_stats: SUCCESS
get_closest_player: SUCCESS, 35
unite_teams: FAILURE
remove_team: FAILURE
knockout_winner: SUCCESS, 16
knockout_winner: SUCCESS, 16
knockout_winner: SUCCESS, 15
knockout_winner: FAILURE
knockout_winner: INVALID_INPUT
update_player_stats: SUCCESS
remove_player: SUCCESS
add_team: FAILURE
add_player: FAILURE
get_num_played_games: SUCCESS, 7898
get_all_players: SUCCESS
98
11
39
5
76
60
remove_team: FAILURE
get_all_players_count: SUCCESS, 10
get_team_points: SUCCESS, 11463
knockout_winner: SUCCESS, 15
knockout_winner: SUCCESS, 16
knockout_winner: SUCCESS, 6
knockout_winner: SUCCESS, 16
knockout_winner: INVALID_INPUT
get_closest_player: SUCCESS, 20
get_num_played_games: SUCCESS, 11242
get_all_players: SUCCESS
88
46
151
102
123
152
90
156
133
47
get_team_points: SUCCESS, 6868
get_team_points: SUCCESS, 6008
remove_team: FAILURE
get_num_played_games: SUCCESS, 11751
play_match: FAILURE
add_player: FAILURE
update_player_stats: SUCCESS
get_all_players_count: SUCCESS, 14
knockout_winner: FAILURE
knockout_winner: SUCCESS, 16
knockout_winner: FAILURE
knockout_winner: FAILURE
knockout_winner: INVALID_INPUT
knockout_winner: SUCCESS, 2
knockout_winner: INVALID_INPUT
knockout_winner: INVALID_INPUT
knockout_winner: SUCCESS, 6
knockout_winner: INVALID_INPUT
remove_team: FAILURE
get_top_scorer: SUCCESS, 149
remove_team: FAILURE
get_closest_player: SUCCESS, 173
unite_teams: SUCCESS
add_player: FAILURE
play_match: FAILURE
update_player_stats: SUCCESS
get_all_players: SUCCESS
159
48
119
68
161
18
24
55
play_match: FAILURE
get_closest_player: SUCCESS, 92
add_player: FAILURE
get_team_points: SUCCESS, 5751
get_team_points: SUCCESS, 6868
get_closest_player: SUCCESS, 159
get_closest_player: SUCCESS, 193
get_team_points: SUCCESS, 3579
get_closest_player: SUCCESS, 138
knockout_winner: SUCCESS, 16
knockout_winner: SUCCESS, 16
knockout_winner: SUCCESS, 6
knockout_winner: SUCCESS, 16
knockout_winner: SUCCESS, 15
get_team_points: SUCCESS, 8142
remove_team: FAILURE
update_player_stats: SUCCESS
get_all_players: SUCCESS
88
46
151
102
123
152
90
156
133
47
add_player: FAILURE
play_match: FAILURE
add_player: FAILURE
get_top_scorer: SUCCESS, 138
add_player: FAILURE
update_player_stats: SUCCESS
knockout_winner: INVALID_INPUT
knockout_winner: INVALID_INPUT
knockout_winner: INVALID_INPUT
knockout_winner: INVALID_INPUT
knockout_winner: INVALID_INPUT
remove_player: SUCCESS
remove_player: SUCCESS
get_top_scorer: SUCCESS, 162
get_all_players: SUCCESS
168
196
127
160
99
remove_player: SUCCESS
get_closest_player: SUCCESS, 24
get_top_scorer: SUCCESS, 193
knockout_winner: SUCCESS, 16
knockout_winner: SUCCESS, 16
knockout_winner: SUCCESS, 6
knockout_winner: SUCCESS, 16
knockout_winner: INVALID_INPUT
remove_player: SUCCESS
get_all_players_count: SUCCESS, 8
get_num_played_games: SUCCESS, 9951
update_player_stats: SUCCESS
get_closest_player: SUCCESS, 51
knockout_winner: SUCCESS, 16
knockout_winner: SUCCESS, 2
knockout_winner: SUCCESS, 2
knockout_winner: SUCCESS, 16
knockout_winner: FAILURE
add_player: FAILURE
get_top_scorer: SUCCESS, 162
get_top_scorer: SUCCESS, 70
get_all_players: SUCCESS
57
165
61
33
128
54
121
8
117
30
140
get_all_players: SUCCESS
56
195
192
12
23
199
67
179
142
153
6
get_team_points: SUCCESS, 3579
get_team_points: SUCCESS, 12273
unite_teams: FAILURE
knockout_winner: SUCCESS, 6
knockout_winner: INVALID_INPUT
knockout_winner: INVALID_INPUT
knockout_winner: FAILURE
knockout_winner: INVALID_INPUT
knockout_winner: SUCCESS, 16
knockout_winner: SUCCESS, 16
knockout_winner: FAILURE
knockout_winner: SUCCESS, 20
knockout_winner: INVALID_INPUT
get_top_scorer: SUCCESS, 3
get_closest_player: SUCCESS, 120
get_top_scorer: SUCCESS, 82
unite_teams: FAILURE
add_player: FAILURE
get_closest_player: SUCCESS, 33
play_match: FAILURE
get_all_players: SUCCESS
190
84
108
116
143
186
162
get_top_scorer: SUCCESS, 70
play_match: FAILURE
get_top_scorer: SUCCESS, 70
get_closest_player: SUCCESS, 29
unite_teams: FAILURE
remove_team: FAILURE
get_team_points: SUCCESS, 4692
knockout_winner: SUCCESS, 16
knockout_winner: INVALID_INPUT
knockout_winner: INVALID_INPUT
knockout_winner: SUCCESS, 16
knockout_winner: FAILURE
update_player_stats: SUCCESS
get_closest_player: SUCCESS, 146
unite_teams: FAILURE
get_top_scorer: SUCCESS, 157
get_all_players_count: SUCCESS, 6
knockout_winner: SUCCESS, 16
knockout_winner: SUCCESS, 16
knockout_winner: SUCCESS, 15
knockout_winner: SUCCESS, 20
knockout_winner: INVALID_INPUT
get_all_players: SUCCESS
180
124
101
36
29
111
158
125
1
136
105
get_top_scorer: SUCCESS, 78
add_player: FAILURE
remove_team: FAILURE
get_top_scorer: SUCCESS, 78
play_match: SUCCESS
get_top_scorer: SUCCESS, 47
get_all_players_count: SUCCESS, 9
unite_teams: FAILURE
get_all_players: SUCCESS
49
163
62
21
134
82
get_team_points: SUCCESS, 3756
get_all_players_count: SUCCESS, 9
get_all_players_count: SUCCESS, 5
remove_player: SUCCESS
get_num_played_games: SUCCESS, 6406
add_player: FAILURE
get_team_points: SUCCESS, 3579
get_team_points: SUCCESS, 6868
add_player: FAILURE
add_team: FAILURE
remove_player: SUCCESS
knockout_winner: FAILURE
knockout_winner: INVALID_INPUT
knockout_winner: INVALID_INPUT
knockout_winner: FAILURE
knockout_winner: INVALID_INPUT
get_all_players: SUCCESS
51
98
11
77
17
169
86
52
39
13
91
16
60
35
79
25
78
get_top_scorer: SUCCESS, 148
knockout_winner: SUCCESS, 6
knockout_winner: SUCCESS, 2
knockout_winner: SUCCESS, 2
knockout_winner: FAILURE
knockout_winner: INVALID_INPUT
get_num_played_games: SUCCESS, 2288
add_team: FAILURE
unite_teams: FAILURE
get_num_played_games: SUCCESS, 1485
remove_player: SUCCESS
get_all_players_count: SUCCESS, 13
knockout_winner: SUCCESS, 16
knockout_winner: SUCCESS, 16
knockout_winner: SUCCESS, 15
knockout_winner: FAILURE
knockout_winner: INVALID_INPUT
add_player: FAILURE
get_all_players_count: SUCCESS, 7
knockout_winner: FAILURE
knockout_winner: SUCCESS, 16
knockout_winner: FAILURE
knockout_winner: FAILURE
knockout_winner: INVALID_INPUT
update_player_stats: SUCCESS
add_team: FAILURE
play_match: FAILURE
play_match: FAILURE
unite_teams: FAILURE
get_all_players_count: SUCCESS, 14
update_player_stats: SUCCESS
unite_teams: FAILURE
knockout_winner: SUCCESS, 16
knockout_winner: SUCCESS, 16
knockout_winner: SUCCESS, 6
knockout_winner: SUCCESS, 16
knockout_winner: INVALID_INPUT
update_player_stats: SUCCESS
get_all_players_count: SUCCESS, 8
get_team_points: SUCCESS, 3576
remove_player: SUCCESS
get_team_points: SUCCESS, 6008
add_player: FAILURE
get_closest_player: SUCCESS, 131
get_all_players_count: SUCCESS, 12
get_closest_player: SUCCESS, 137
unite_teams: FAILURE
knockout_winner: SUCCESS, 16
knockout_winner: SUCCESS, 16
knockout_winner: FAILURE
knockout_winner: FAILURE
knockout_winner: INVALID_INPUT
get_closest_player: SUCCESS, 172
remove_team: FAILURE
remove_player: SUCCESS
get_num_played_games: SUCCESS, 7472
get_top_scorer: SUCCESS, 162
play_match: FAILURE
remove_team: FAILURE
get_top_scorer: SUCCESS, 82
play_match: FAILURE
get_closest_player: SUCCESS, 2
get_all_players_count: SUCCESS, 17
add_team: FAILURE
get_num_played_games: SUCCESS, 3112
get_team_points: SUCCESS, 6868
get_num_played_games: SUCCESS, 1904
get_all_players: SUCCESS
190
84
108
116
143
186
162
get_num_played_games: SUCCESS, 8594
get_team_points: SUCCESS, 3249
add_player: FAILURE
get_top_scorer: SUCCESS, 140
get_num_played_games: SUCCESS, 7898
remove_team: FAILURE
get_closest_player: SUCCESS, 129
play_match: SUCCESS
get_top_scorer: SUCCESS, 131
unite_teams: INVALID_INPUT
add_player: FAILURE
remove_player: SUCCESS
get_top_scorer: SUCCESS, 104
remove_player: SUCCESS
get_all_players_count: SUCCESS, 14
get_closest_player: SUCCESS, 129
get_team_points: SUCCESS, 7979
get_all_players_count: SUCCESS, 5
get_num_played_games: SUCCESS, 6692
add_player: FAILURE
update_player_stats: SUCCESS
unite_teams: INVALID_INPUT
remove_player: SUCCESS
play_match: FAILURE
get_all_players: SUCCESS
113
20
135
118
19
167
183
74
115
add_player: FAILURE
knockout_winner: SUCCESS, 16
knockout_winner: SUCCESS, 16
knockout_winner: SUCCESS, 2
knockout_winner: SUCCESS, 16
knockout_winner: INVALID_INPUT
remove_team: FAILURE
remove_player: SUCCESS
add_player: FAILURE
get_team_points: SUCCESS, 6008
get_closest_player: SUCCESS, 126
get_closest_player: SUCCESS, 46
play_match: INVALID_INPUT
get_team_points: SUCCESS, 4692
update_player_stats: SUCCESS
knockout_winner: SUCCESS, 16
knockout_winner: SUCCESS, 16
knockout_winner: SUCCESS, 15
knockout_winner: FAILURE
knockout_winner: INVALID_INPUT
get_top_scorer: SUCCESS, 157
add_team: FAILURE
get_closest_player: SUCCESS, 96
update_player_stats: SUCCESS
get_team_points: SUCCESS, 8142
get_all_players_count: SUCCESS, 5
add_player: FAILURE
add_team: FAILURE
get_all_players: SUCCESS
106
95
194
175
9
89
103
157
get_closest_player: SUCCESS, 170
add_player: FAILURE
remove_player: SUCCESS
get_top_scorer: SUCCESS, 104
unite_teams: FAILURE
update_player_stats: SUCCESS
get_closest_player: SUCCESS, 90
knockout_winner: SUCCESS, 16
knockout_winner: SUCCESS, 16
knockout_winner: SUCCESS, 3
knockout_winner: SUCCESS, 16
knockout_winner: INVALID_INPUT
get_all_players_count: SUCCESS, 10
get_all_players_count: SUCCESS, 9
play_match: FAILURE
update_player_stats: SUCCESS
unite_teams: FAILURE
add_player: FAILURE
get_all_players: SUCCESS
56
195
192
12
23
199
67
179
142
153
6
remove_player: SUCCESS
add_team: FAILURE
unite_teams: FAILURE
unite_teams: FAILURE
get_all_players_count: SUCCESS, 9
add_player: FAILURE
get_num_played_games: SUCCESS, 7966
unite_teams: FAILURE
update_player_stats: SUCCESS
remove_team: FAILURE
get_all_players: SUCCESS
200
166
155
178
181
164
72
197
85
149
70
knockout_winner: SUCCESS, 16
knockout_winner: SUCCESS, 16
knockout_winner: SUCCESS, 15
knockout_winner: FAILURE
knockout_winner: INVALID_INPUT
get_num_played_games: SUCCESS, 10628
get_num_played_games: SUCCESS, 2512
get_all_players: SUCCESS
168
196
127
160
99
remove_team: FAILURE
remove_team: FAILURE
get_all_players: SUCCESS
200
166
155
178
181
164
72
197
85
149
70
add_player: FAILURE
knockout_winner: SUCCESS, 16
knockout_winner: SUCCESS, 16
knockout_winner: SUCCESS, 15
knockout_winner: SUCCESS, 16
knockout_winner: INVALID_INPUT
get_all_players: SUCCESS
137
14
75
50
81
148
182
remove_player: SUCCESS
get_num_played_games: SUCCESS, 1795
add_player: FAILURE
get_team_points: SUCCESS, 8510
get_team_points: SUCCESS, 8142
get_team_points: SUCCESS, 7979
play_match: FAILURE
get_all_players: SUCCESS
88
46
151
102
123
152
90
133
47
get_all_players: SUCCESS
200
166
155
178
181
164
72
197
85
149
70
play_match: FAILURE
remove_player: SUCCESS
remove_player: SUCCESS
get_all_players_count: SUCCESS, 5
remove_team: FAILURE
add_team: FAILURE
remove_team: FAILURE
unite_teams: FAILURE
get_all_players_count: SUCCESS, 10
get_all_players_count: SUCCESS, 6
get_all_players: SUCCESS
190
84
108
116
143
186
162
add_player: FAILURE
remove_team: FAILURE
play_match: FAILURE
get_team_points: SUCCESS, 383
get_num_played_games: SUCCESS, 14686
remove_team: FAILURE
get_all_players_count: SUCCESS, 5
get_num_played_games: SUCCESS, 11906
knockout_winner: SUCCESS, 5
knockout_winner: SUCCESS, 2
knockout_winner: SUCCESS, 2
knockout_winner: SUCCESS, 15
knockout_winner: INVALID_INPUT
unite_teams: SUCCESS
add_player: FAILURE
get_all_players_count: SUCCESS, 17
get_all_players_count: SUCCESS, 17
get_top_scorer: SUCCESS, 104
get_closest_player: SUCCESS, 141
play_match: FAILURE
remove_team: FAILURE
get_all_players_count: SUCCESS, 4
update_player_stats: SUCCESS
knockout_winner: SUCCESS, 3
knockout_winner: INVALID_INPUT
knockout_winner: INVALID_INPUT
knockout_winner: SUCCESS, 14
knockout_winner: INVALID_INPUT
get_all_players: SUCCESS
168
196
127
160
99
get_closest_player: SUCCESS, 192
get_num_played_games: SUCCESS, 10032
remove_team: FAILURE
get_closest_player: SUCCESS, 32
unite_teams: FAILURE
get_all_players_count: SUCCESS, 9
get_top_scorer: SUCCESS, 47
remove_team: FAILURE
get_all_players_count: SUCCESS, 16
update_player_stats: SUCCESS
get_team_points: SUCCESS, 4692
remove_team: FAILURE
get_top_scorer: SUCCESS, 70
update_player_stats: SUCCESS
get_top_scorer: SUCCESS, 188
get_closest_player: SUCCESS, 146
get_num_played_games: SUCCESS, 2834
play_match: FAILURE
remove_player: SUCCESS
get_top_scorer: SUCCESS, 6
get_all_players_count: SUCCESS, 9
unite_teams: FAILURE
remove_team: FAILURE
knockout_winner: SUCCESS, 5
knockout_winner: SUCCESS, 15
knockout_winner: SUCCESS, 2
knockout_winner: SUCCESS, 15
knockout_winner: INVALID_INPUT
remove_team: FAILURE
add_player: FAILURE
remove_player: SUCCESS
add_team: FAILURE
knockout_winner: SUCCESS, 15
knockout_winner: SUCCESS, 15
knockout_winner: SUCCESS, 2
knockout_winner: SUCCESS, 15
knockout_winner: INVALID_INPUT
add_team: FAILURE
get_num_played_games: SUCCESS, 6932
unite_teams: FAILURE
get_top_scorer: SUCCESS, 99
knockout_winner: SUCCESS, 2
knockout_winner: INVALID_INPUT
knockout_winner: INVALID_INPUT
knockout_winner: FAILURE
knockout_winner: INVALID_INPUT
get_num_played_games: SUCCESS, 3518
get_num_played_games: SUCCESS, 5249
get_all_players: SUCCESS
61
33
128
54
121
8
30
117
140
add_player: FAILURE
remove_team: FAILURE
remove_team: FAILURE
get_all_players_count: SUCCESS, 6
get_all_players: SUCCESS
168
196
127
160
99
get_team_points: SUCCESS, 21485
get_top_scorer: SUCCESS, 47
knockout_winner: FAILURE
knockout_winner: SUCCESS, 15
knockout_winner: SUCCESS, 15
knockout_winner: FAILURE
knockout_winner: INVALID_INPUT
add_player: FAILURE
remove_team: FAILURE
add_player: FAILURE
get_all_players_count: SUCCESS, 5
get_num_played_games: SUCCESS, 1897
remove_team: FAILURE
get_top_scorer: SUCCESS, 182
update_player_stats: SUCCESS
remove_player: SUCCESS
get_top_scorer: SUCCESS, 182
remove_team: FAILURE
get_team_points: SUCCESS, 3252
get_all_players: SUCCESS
66
59
198
15
get_top_scorer: SUCCESS, 162
remove_team: FAILURE
play_match: SUCCESS
add_team: FAILURE
unite_teams: FAILURE
add_player: FAILURE
unite_teams: FAILURE
add_player: FAILURE
knockout_winner: FAILURE
knockout_winner: SUCCESS, 15
knockout_winner: FAILURE
knockout_winner: FAILURE
knockout_winner: INVALID_INPUT
get_team_points: SUCCESS, 6008
add_player: FAILURE
add_player: FAILURE
get_num_played_games: SUCCESS, 4143
get_closest_player: SUCCESS, 145
get_closest_player: SUCCESS, 124
unite_teams: FAILURE
unite_teams: FAILURE
get_top_scorer: SUCCESS, 162
knockout_winner: INVALID_INPUT
knockout_winner: SUCCESS, 5
knockout_winner: INVALID_INPUT
knockout_winner: INVALID_INPUT
knockout_winner: INVALID_INPUT
get_top_scorer: SUCCESS, 109
get_all_players_count: SUCCESS, 10
get_top_scorer: SUCCESS, 188
get_team_points: SUCCESS, 21485
unite_teams: FAILURE
get_all_players_count: SUCCESS, 10
unite_teams: FAILURE
knockout_winner: FAILURE
knockout_winner: SUCCESS, 15
knockout_winner: FAILURE
knockout_winner: FAILURE
knockout_winner: INVALID_INPUT
get_team_points: SUCCESS, 5751
remove_team: FAILURE
knockout_winner: SUCCESS, 15
knockout_winner: INVALID_INPUT
knockout_winner: INVALID_INPUT
knockout_winner: SUCCESS, 15
knockout_winner: FAILURE
get_all_players_count: SUCCESS, 11
add_player: FAILURE
get_top_scorer: SUCCESS, 104
add_team: FAILURE
add_player: FAILURE
add_player: FAILURE
get_num_played_games: SUCCESS, 5020
remove_player: SUCCESS
get_all_players_count: SUCCESS, 7
add_team: FAILURE
get_all_players_count: SUCCESS, 7
get_top_scorer: SUCCESS, 193
remove_team: FAILURE
get_team_points: SUCCESS, 21485
get_all_players: SUCCESS
137
14
75
50
81
148
182
knockout_winner: FAILURE
knockout_winner: SUCCESS, 15
knockout_winner: SUCCESS, 5
knockout_winner: SUCCESS, 15
knockout_winner: INVALID_INPUT
get_team_points: SUCCESS, 6008
add_team: FAILURE
update_player_stats: SUCCESS
play_match: SUCCESS
get_top_scorer: SUCCESS, 182
get_team_points: SUCCESS, 3756
knockout_winner: INVALID_INPUT
knockout_winner: INVALID_INPUT
knockout_winner: INVALID_INPUT
knockout_winner: INVALID_INPUT
knockout_winner: INVALID_INPUT
get_all_players_count: SUCCESS, 7
get_all_players_count: SUCCESS, 14
unite_teams: FAILURE
get_all_players_count: SUCCESS, 10
add_player: FAILURE
play_match: SUCCESS
get_closest_player: SUCCESS, 140
remove_player: SUCCESS
get_top_scorer: SUCCESS, 193
remove_team: FAILURE
remove_team: FAILURE
remove_team: FAILURE
get_num_played_games: SUCCESS, 6791
get_team_points: SUCCESS, 6008
knockout_winner: FAILURE
knockout_winner: SUCCESS, 15
knockout_winner: SUCCESS, 2
knockout_winner: SUCCESS, 15
knockout_winner: INVALID_INPUT
get_top_scorer: SUCCESS, 70
play_match: FAILURE
knockout_winner: SUCCESS, 15
knockout_winner: SUCCESS, 5
knockout_winner: SUCCESS, 5
knockout_winner: SUCCESS, 15
knockout_winner: SUCCESS, 15
get_closest_player: SUCCESS, 6
update_player_stats: SUCCESS
remove_team: FAILURE
get_top_scorer: SUCCESS, 47
remove_player: SUCCESS
get_closest_player: SUCCESS, 51
get_all_players_count: SUCCESS, 4
get_num_played_games: SUCCESS, 2899
get_all_players: SUCCESS
88
46
151
102
123
152
90
133
47
unite_teams: FAILURE
unite_teams: FAILURE
get_all_players_count: SUCCESS, 7
get_all_players_count: SUCCESS, 5
remove_player: SUCCESS
remove_team: FAILURE
unite_teams: INVALID_INPUT
knockout_winner: FAILURE
knockout_winner: SUCCESS, 15
knockout_winner: FAILURE
knockout_winner: FAILURE
knockout_winner: INVALID_INPUT
play_match: FAILURE
update_player_stats: SUCCESS
get_team_points: SUCCESS, 7979
knockout_winner: INVALID_INPUT
knockout_winner: SUCCESS, 15
knockout_winner: INVALID_INPUT
knockout_winner: INVALID_INPUT
knockout_winner: INVALID_INPUT
knockout_winner: SUCCESS, 14
knockout_winner: SUCCESS, 15
knockout_winner: FAILURE
knockout_winner: FAILURE
knockout_winner: INVALID_INPUT
get_closest_player: SUCCESS, 10
get_team_points: SUCCESS, 5751
get_all_players_count: SUCCESS, 9
knockout_winner: SUCCESS, 2
knockout_winner: INVALID_INPUT
knockout_winner: INVALID_INPUT
knockout_winner: FAILURE
knockout_winner: INVALID_INPUT
get_team_points: SUCCESS, 8142
get_all_players: SUCCESS
172
173
73
44
7
191
145
130
126
104
play_match: INVALID_INPUT
get_num_played_games: SUCCESS, 18292
get_top_scorer: SUCCESS, 140
add_player: FAILURE
knockout_winner: SUCCESS, 14
knockout_winner: SUCCESS, 15
knockout_winner: FAILURE
knockout_winner: FAILURE
knockout_winner: INVALID_INPUT
add_team: FAILURE
get_all_players: SUCCESS
124
101
36
29
111
158
125
136
get_top_scorer: SUCCESS, 162
unite_teams: FAILURE
get_all_players: SUCCESS
42
2
144
112
96
32
139
107
100
146
43
94
92
40
get_all_players: SUCCESS
42
2
144
112
96
32
139
107
100
146
43
94
92
40
knockout_winner: FAILURE
knockout_winner: SUCCESS, 15
knockout_winner: FAILURE
knockout_winner: FAILURE
knockout_winner: INVALID_INPUT
add_player: FAILURE
get_team_points: SUCCESS, 5751
get_closest_player: SUCCESS, 69
remove_player: SUCCESS
get_team_points: SUCCESS, 3252
update_player_stats: SUCCESS
unite_teams: FAILURE
knockout_winner: FAILURE
knockout_winner: SUCCESS, 15
knockout_winner: FAILURE
knockout_winner: FAILURE
knockout_winner: INVALID_INPUT
unite_teams: FAILURE
play_match: FAILURE
remove_team: FAILURE
get_team_points: SUCCESS, 4692
get_team_points: SUCCESS, 3756
add_team: FAILURE
unite_teams: FAILURE
knockout_winner: FAILURE
knockout_winner: SUCCESS, 15
knockout_winner: FAILURE
knockout_winner: FAILURE
knockout_winner: INVALID_INPUT
get_all_players: SUCCESS
95
194
175
9
89
103
157
get_num_played_games: SUCCESS, 365
get_top_scorer: SUCCESS, 115
add_team: FAILURE
get_top_scorer: SUCCESS, 15
unite_teams: FAILURE
get_all_players_count: SUCCESS, 7
remove_player: SUCCESS
update_player_stats: SUCCESS
remove_team: FAILURE
add_team: FAILURE
update_player_stats: SUCCESS
add_team: FAILURE
knockout_winner: INVALID_INPUT
knockout_winner: INVALID_INPUT
knockout_winner: INVALID_INPUT
knockout_winner: INVALID_INPUT
knockout_winner: INVALID_INPUT
get_closest_player: SUCCESS, 181
update_player_stats: SUCCESS
update_player_stats: SUCCESS
get_num_played_games: SUCCESS, 4331
knockout_winner: SUCCESS, 15
knockout_winner: SUCCESS, 15
knockout_winner: SUCCESS, 5
knockout_winner: SUCCESS, 15
knockout_winner: INVALID_INPUT
update_player_stats: SUCCESS
knockout_winner: INVALID_INPUT
knockout_winner: SUCCESS, 15
knockout_winner: INVALID_INPUT
knockout_winner: INVALID_INPUT
knockout_winner: INVALID_INPUT
update_player_stats: SUCCESS
update_player_stats: SUCCESS
add_player: FAILURE
get_closest_player: SUCCESS, 46
remove_player: SUCCESS
get_num_played_games: SUCCESS, 572
unite_teams: FAILURE
get_team_points: SUCCESS, 3252
get_top_scorer: SUCCESS, 160
get_team_points: SUCCESS, 3756
remove_team: FAILURE
unite_teams: FAILURE
get_all_players: SUCCESS
195
192
12
23
67
179
142
153
6
get_top_scorer: SUCCESS, 47
add_team: FAILURE
remove_player: SUCCESS
knockout_winner: SUCCESS, 15
knockout_winner: INVALID_INPUT
knockout_winner: INVALID_INPUT
knockout_winner: SUCCESS, 15
knockout_winner: FAILURE
get_all_players: SUCCESS
95
194
175
9
89
103
157
get_all_players: SUCCESS
95
194
175
9
89
103
157
add_team: FAILURE
unite_teams: FAILURE
unite_teams: FAILURE
get_all_players_count: SUCCESS, 9
get_closest_player: SUCCESS, 93
get_all_players_count: SUCCESS, 4
get_closest_player: SUCCESS, 122
knockout_winner: FAILURE
knockout_winner: SUCCESS, 15
knockout_winner: SUCCESS, 15
knockout_winner: FAILURE
knockout_winner: INVALID_INPUT
get_all_players: SUCCESS
88
46
151
102
123
152
90
133
47
add_player: FAILURE
remove_player: SUCCESS
play_match: FAILURE
unite_teams: FAILURE
get_num_played_games: SUCCESS, 8852
get_all_players: SUCCESS
66
59
198
15
knockout_winner: SUCCESS, 2
knockout_winner: INVALID_INPUT
knockout_winner: INVALID_INPUT
knockout_winner: FAILURE
knockout_winner: INVALID_INPUT
knockout_winner: SUCCESS, 15
knockout_winner: SUCCESS, 15
knockout_winner: FAILURE
knockout_winner: FAILURE
knockout_winner: INVALID_INPUT
remove_team: FAILURE
remove_team: FAILURE
update_player_stats: SUCCESS
update_player_stats: SUCCESS
update_player_stats: SUCCESS
get_all_players: SUCCESS
83
141
187
69
185
170
120
110
129
177
109
114
remove_player: SUCCESS
remove_player: SUCCESS
unite_teams: FAILURE
get_team_points: SUCCESS, 5751
get_top_scorer: SUCCESS, 188
add_team: FAILURE
add_player: FAILURE
remove_team: FAILURE
unite_teams: FAILURE
add_player: FAILURE
get_top_scorer: SUCCESS, 78
get_num_played_games: SUCCESS, 6216
get_closest_player: SUCCESS, 91
get_top_scorer: SUCCESS, 104
update_player_stats: SUCCESS
get_top_scorer: SUCCESS, 6
get_all_players_count: SUCCESS, 14
get_top_scorer: SUCCESS, 15
remove_player: SUCCESS
get_team_points: SUCCESS, 12273
add_team: FAILURE
play_match: FAILURE
get_all_players: SUCCESS
113
20
159
135
118
19
68
161
167
183
18
24
74
55
119
115
get_all_players_count: SUCCESS, 9
get_all_players: SUCCESS
195
192
12
23
67
179
142
153
6
knockout_winner: INVALID_INPUT
knockout_winner: SUCCESS, 15
knockout_winner: INVALID_INPUT
knockout_winner: INVALID_INPUT
knockout_winner: INVALID_INPUT
play_match: FAILURE
remove_team: FAILURE
remove_player: SUCCESS
play_match: FAILURE
add_team: FAILURE
get_num_played_games: SUCCESS, 2709
get_team_points: SUCCESS, 8516
get_all_players: SUCCESS
200
166
155
178
181
72
197
85
149
164
70
unite_teams: FAILURE
update_player_stats: SUCCESS
get_top_scorer: SUCCESS, 47
get_top_scorer: SUCCESS, 109
get_all_players_count: SUCCESS, 9
update_player_stats: SUCCESS
add_team: FAILURE
get_all_players: SUCCESS
200
166
155
178
181
72
197
85
149
164
70
play_match: FAILURE
knockout_winner: SUCCESS, 15
knockout_winner: INVALID_INPUT
knockout_winner: INVALID_INPUT
knockout_winner: SUCCESS, 15
knockout_winner: SUCCESS, 15
get_team_points: SUCCESS, 11155
get_team_points: SUCCESS, 7979
get_all_players_count: SUCCESS, 17
remove_player: SUCCESS
get_team_points: SUCCESS, 8516
add_player: FAILURE
remove_team: FAILURE
remove_player: SUCCESS
knockout_winner: SUCCESS, 15
knockout_winner: SUCCESS, 15
knockout_winner: FAILURE
knockout_winner: FAILURE
knockout_winner: INVALID_INPUT
get_top_scorer: SUCCESS, 100
get_num_played_games: SUCCESS, 5217
update_player_stats: SUCCESS
add_team: FAILURE
add_player: FAILURE
get_closest_player: SUCCESS, 141
get_all_players: SUCCESS
4
87
64
27
97
28
138
188
remove_team: FAILURE
get_all_players: SUCCESS
88
46
102
123
152
90
133
47
add_team: FAILURE
remove_player: SUCCESS
get_num_played_games: SUCCESS, 12284
remove_team: FAILURE
get_top_scorer: SUCCESS, 162
get_all_players: SUCCESS
95
194
175
89
103
157
9
get_all_players: SUCCESS
42
2
144
112
96
32
139
107
146
43
94
92
40
100
knockout_winner: SUCCESS, 15
knockout_winner: SUCCESS, 15
knockout_winner: FAILURE
knockout_winner: SUCCESS, 15
knockout_winner: INVALID_INPUT
get_num_played_games: SUCCESS, 1631
get_num_played_games: SUCCESS, 4412
get_team_points: SUCCESS, 7320
get_num_played_games: SUCCESS, 1690
get_closest_player: SUCCESS, 70
update_player_stats: SUCCESS
update_player_stats: SUCCESS
add_player: FAILURE
get_all_players: SUCCESS
4
87
64
27
97
28
138
188
get_all_players: SUCCESS
195
192
12
23
67
179
142
153
6
remove_team: FAILURE
get_team_points: SUCCESS, 21485
remove_team: FAILURE
remove_team: FAILURE
play_match: FAILURE
update_player_stats: SUCCESS
add_player: FAILURE
get_all_players: SUCCESS
88
46
102
123
152
90
133
47
get_num_played_games: SUCCESS, 6905
get_top_scorer: SUCCESS, 82
get_num_played_games: SUCCESS, 12284
get_team_points: SUCCESS, 383
unite_teams: FAILURE
get_all_players: SUCCESS
172
173
73
44
7
191
145
130
126
104
add_player: FAILURE
remove_player: SUCCESS
remove_player: SUCCESS
get_all_players: SUCCESS
42
144
112
96
32
139
107
146
43
2
94
92
40
100
get_closest_player: SUCCESS, 117
update_player_stats: SUCCESS
remove_player: SUCCESS
add_player: FAILURE
add_player: FAILURE
get_all_players_count: SUCCESS, 9
get_num_played_games: SUCCESS, 11065
add_team: FAILURE
unite_teams: FAILURE
add_team: FAILURE
play_match: FAILURE
remove_player: SUCCESS
add_player: FAILURE
get_team_points: SUCCESS, 11463
unite_teams: FAILURE
unite_teams: FAILURE
add_team: FAILURE
get_team_points: SUCCESS, 4692
unite_teams: FAILURE
play_match: FAILURE
add_player: FAILURE
get_num_played_games: SUCCESS, 7893
get_num_played_games: SUCCESS, 2899
play_match: FAILURE
add_team: FAILURE
get_top_scorer: SUCCESS, 9
knockout_winner: FAILURE
knockout_winner: SUCCESS, 2
knockout_winner: FAILURE
knockout_winner: FAILURE
knockout_winner: INVALID_INPUT
get_all_players: SUCCESS
137
14
75
50
81
148
182
play_match: FAILURE
update_player_stats: SUCCESS
get_closest_player: SUCCESS, 152
add_team: FAILURE
add_team: FAILURE
unite_teams: FAILURE
get_num_played_games: SUCCESS, 365
get_all_players: SUCCESS
61
33
128
54
8
30
117
140
get_all_players_count: SUCCESS, 8
unite_teams: FAILURE
play_match: FAILURE
play_match: FAILURE
unite_teams: FAILURE
unite_teams: FAILURE
get_team_points: SUCCESS, 3756
get_closest_player: SUCCESS, 188
knockout_winner: INVALID_INPUT
knockout_winner: INVALID_INPUT
knockout_winner: INVALID_INPUT
knockout_winner: INVALID_INPUT
knockout_winner: INVALID_INPUT
remove_player: SUCCESS
get_num_played_games: SUCCESS, 8106
get_all_players_count: SUCCESS, 8
remove_team: FAILURE
get_all_players: SUCCESS
190
84
116
186
162
get_team_points: SUCCESS, 5218
remove_team: FAILURE
get_team_points: SUCCESS, 3756
add_team: FAILURE
knockout_winner: INVALID_INPUT
knockout_winner: SUCCESS, 15
knockout_winner: INVALID_INPUT
knockout_winner: INVALID_INPUT
knockout_winner: INVALID_INPUT
get_closest_player: SUCCESS, 10
update_player_stats: SUCCESS
get_all_players_count: SUCCESS, 14
get_team_points: SUCCESS, 7320
play_match: FAILURE
play_match: FAILURE
get_all_players: SUCCESS
51
11
77
17
169
52
39
13
91
98
16
79
25
86
35
60
78
get_all_players_count: SUCCESS, 4
unite_teams: SUCCESS
knockout_winner: SUCCESS, 18
knockout_winner: SUCCESS, 18
knockout_winner: FAILURE
knockout_winner: FAILURE
knockout_winner: INVALID_INPUT
get_top_scorer: SUCCESS, 162
knockout_winner: SUCCESS, 14
knockout_winner: SUCCESS, 18
knockout_winner: FAILURE
knockout_winner: FAILURE
knockout_winner: INVALID_INPUT
knockout_winner: SUCCESS, 18
knockout_winner: SUCCESS, 2
knockout_winner: SUCCESS, 2
knockout_winner: SUCCESS, 18
knockout_winner: FAILURE
knockout_winner: SUCCESS, 14
knockout_winner: SUCCESS, 18
knockout_winner: FAILURE
knockout_winner: FAILURE
knockout_winner: INVALID_INPUT
remove_team: FAILURE
get_closest_player: SUCCESS, 142
get_num_played_games: SUCCESS, 8594
add_team: FAILURE
get_all_players: SUCCESS
51
11
77
17
169
52
39
13
91
98
16
79
25
86
35
60
78
get_top_scorer: SUCCESS, 182
play_match: INVALID_INPUT
knockout_winner: SUCCESS, 3
knockout_winner: INVALID_INPUT
knockout_winner: INVALID_INPUT
knockout_winner: SUCCESS, 15
knockout_winner: INVALID_INPUT
get_all_players: SUCCESS
10
122
93
22
get_all_players: SUCCESS
83
141
187
69
185
170
120
109
remove_team: FAILURE
knockout_winner: FAILURE
knockout_winner: SUCCESS, 15
knockout_winner: SUCCESS, 3
knockout_winner: SUCCESS, 15
knockout_winner: INVALID_INPUT
get_all_players_count: SUCCESS, 11
update_player_stats: SUCCESS
add_team: FAILURE
update_player_stats: SUCCESS
add_team: FAILURE
add_team: FAILURE
add_team: FAILURE
remove_player: SUCCESS
remove_team: FAILURE
knockout_winner: SUCCESS, 18
knockout_winner: SUCCESS, 18
knockout_winner: FAILURE
knockout_winner: SUCCESS, 18
knockout_winner: INVALID_INPUT
play_match: FAILURE
get_closest_player: SUCCESS, 157
remove_player: SUCCESS
get_num_played_games: SUCCESS, 2453
remove_team: FAILURE
get_closest_player: SUCCESS, 25
get_num_played_games: SUCCESS, 20326
knockout_winner: SUCCESS, 3
knockout_winner: INVALID_INPUT
knockout_winner: INVALID_INPUT
knockout_winner: SUCCESS, 18
knockout_winner: FAILURE
get_all_players: SUCCESS
83
141
187
69
185
170
120
109
knockout_winner: SUCCESS, 2
knockout_winner: INVALID_INPUT
knockout_winner: INVALID_INPUT
knockout_winner: FAILURE
knockout_winner: INVALID_INPUT
play_match: FAILURE
update_player_stats: SUCCESS
remove_team: FAILURE
get_all_players: SUCCESS
190
84
116
186
162
add_player: FAILURE
play_match: FAILURE
get_top_scorer: SUCCESS, 15
play_match: FAILURE
remove_player: SUCCESS
remove_team: FAILURE
get_closest_player: SUCCESS, 139
unite_teams: INVALID_INPUT
add_team: FAILURE
add_player: FAILURE
get_top_scorer: SUCCESS, 140
play_match: FAILURE
update_player_stats: SUCCESS
get_all_players: SUCCESS
137
124
14
101
50
36
29
81
111
158
125
136
148
182
get_all_players: SUCCESS
42
112
96
32
139
107
146
43
2
94
92
40
100
144
remove_player: SUCCESS
get_top_scorer: SUCCESS, 109
get_num_played_games: SUCCESS, 11243
unite_teams: FAILURE
get_team_points: SUCCESS, 12273
knockout_winner: INVALID_INPUT
knockout_winner: FAILURE
knockout_winner: INVALID_INPUT
knockout_winner: INVALID_INPUT
knockout_winner: INVALID_INPUT
get_all_players_count: SUCCESS, 9
remove_player: SUCCESS
get_all_players_count: SUCCESS, 8
play_match: FAILURE
add_player: FAILURE
get_closest_player: SUCCESS, 74
update_player_stats: SUCCESS
knockout_winner: SUCCESS, 14
knockout_winner: SUCCESS, 18
knockout_winner: FAILURE
knockout_winner: SUCCESS, 18
knockout_winner: INVALID_INPUT
get_all_players_count: SUCCESS, 14
get_num_played_games: SUCCESS, 17089
get_closest_player: SUCCESS, 134
update_player_stats: SUCCESS
add_team: FAILURE
unite_teams: INVALID_INPUT
get_all_players_count: SUCCESS, 10
get_top_scorer: SUCCESS, 140
get_closest_player: SUCCESS, 119
get_closest_player: SUCCESS, 111
play_match: FAILURE
remove_player: SUCCESS
add_player: FAILURE
get_closest_player: SUCCESS, 54
get_all_players: SUCCESS
172
173
73
44
7
191
145
130
126
104
remove_team: FAILURE
remove_player: SUCCESS
add_team: FAILURE
remove_player: SUCCESS
get_num_played_games: SUCCESS, 3148
get_all_players: SUCCESS
10
122
93
22
add_team: FAILURE
get_all_players_count: SUCCESS, 7
remove_team: FAILURE
get_all_players_count: SUCCESS, 10
remove_team: FAILURE
remove_team: FAILURE
get_all_players_count: SUCCESS, 4
remove_player: SUCCESS
unite_teams: FAILURE
get_top_scorer: SUCCESS, 144
unite_teams: SUCCESS
get_all_players: SUCCESS
10
122
93
22
get_num_played_games: SUCCESS, 10495
get_num_played_games: SUCCESS, 1795
get_all_players: SUCCESS
172
173
73
44
62
7
191
145
130
126
134
21
82
knockout_winner: SUCCESS, 10
knockout_winner: SUCCESS, 2
knockout_winner: SUCCESS, 2
knockout_winner: SUCCESS, 18
knockout_winner: INVALID_INPUT
remove_team: FAILURE
update_player_stats: SUCCESS
knockout_winner: SUCCESS, 10
knockout_winner: SUCCESS, 2
knockout_winner: SUCCESS, 2
knockout_winner: SUCCESS, 14
knockout_winner: INVALID_INPUT
get_closest_player: SUCCESS, 130
get_all_players: SUCCESS
4
87
64
97
28
138
188
remove_player: SUCCESS
get_all_players_count: SUCCESS, 10
get_num_played_games: SUCCESS, 9270
get_top_scorer: SUCCESS, 9
get_all_players: SUCCESS
83
141
187
69
170
120
185
109
add_player: FAILURE
remove_team: FAILURE
knockout_winner: INVALID_INPUT
knockout_winner: SUCCESS, 14
knockout_winner: INVALID_INPUT
knockout_winner: INVALID_INPUT
knockout_winner: INVALID_INPUT
knockout_winner: FAILURE
knockout_winner: SUCCESS, 10
knockout_winner: SUCCESS, 3
knockout_winner: FAILURE
knockout_winner: INVALID_INPUT
play_match: FAILURE
play_match: FAILURE
get_team_points: SUCCESS, 21485
get_num_played_games: SUCCESS, 6216
get_all_players: SUCCESS
113
159
135
19
68
167
183
18
24
74
118
55
115
unite_teams: FAILURE
add_team: FAILURE
remove_player: SUCCESS
unite_teams: SUCCESS
remove_team: FAILURE
get_closest_player: SUCCESS, 160
remove_team: FAILURE
get_top_scorer: SUCCESS, 115
remove_player: SUCCESS
get_closest_player: SUCCESS, 15
remove_team: FAILURE
unite_teams: SUCCESS
remove_player: SUCCESS
get_team_points: SUCCESS, 3579
get_all_players: SUCCESS
33
128
54
8
30
117
140
get_team_points: SUCCESS, 383
remove_team: FAILURE
get_all_players_count: SUCCESS, 2
get_all_players: SUCCESS
113
159
135
19
68
167
183
18
24
74
115
update_player_stats: SUCCESS
get_team_points: SUCCESS, 16965
get_closest_player: SUCCESS, 101
get_top_scorer: SUCCESS, 22
get_all_players_count: SUCCESS, 11
get_num_played_games: SUCCESS, 3285
knockout_winner: SUCCESS, 8
knockout_winner: SUCCESS, 8
knockout_winner: SUCCESS, 3
knockout_winner: FAILURE
knockout_winner: INVALID_INPUT
add_team: FAILURE
get_all_players_count: SUCCESS, 15
add_player: FAILURE
update_player_stats: SUCCESS
get_closest_player: SUCCESS, 94
add_player: FAILURE
remove_player: SUCCESS
knockout_winner: SUCCESS, 18
knockout_winner: SUCCESS, 18
knockout_winner: FAILURE
knockout_winner: FAILURE
knockout_winner: INVALID_INPUT
get_closest_player: SUCCESS, 93
play_match: FAILURE
add_team: FAILURE
unite_teams: FAILURE
knockout_winner: SUCCESS, 2
knockout_winner: INVALID_INPUT
knockout_winner: INVALID_INPUT
knockout_winner: SUCCESS, 8
knockout_winner: SUCCESS, 8
unite_teams: FAILURE
add_team: FAILURE
unite_teams: FAILURE
get_team_points: SUCCESS, 10447
play_match: FAILURE
get_team_points: SUCCESS, 3756
unite_teams: SUCCESS
get_top_scorer: SUCCESS, 115
unite_teams: FAILURE
get_closest_player: SUCCESS, 54
update_player_stats: SUCCESS
add_team: FAILURE
knockout_winner: INVALID_INPUT
knockout_winner: SUCCESS, 2
knockout_winner: INVALID_INPUT
knockout_winner: INVALID_INPUT
knockout_winner: INVALID_INPUT
play_match: FAILURE
play_match: FAILURE
get_team_points: SUCCESS, 3579
get_top_scorer: SUCCESS, 162
get_closest_player: SUCCESS, 112
add_team: FAILURE
remove_team: FAILURE
add_team: FAILURE
play_match: INVALID_INPUT
get_top_scorer: SUCCESS, 70
add_team: FAILURE
add_team: FAILURE
update_player_stats: SUCCESS
get_all_players_count: SUCCESS, 9
get_num_played_games: SUCCESS, 10850
get_top_scorer: SUCCESS, 78
get_all_players: SUCCESS
83
141
187
172
173
44
69
170
62
73
7
120
191
145
130
126
134
185
109
21
82
remove_player: SUCCESS
get_all_players_count: SUCCESS, 9
update_player_stats: SUCCESS
get_closest_player: SUCCESS, 32
knockout_winner: INVALID_INPUT
knockout_winner: SUCCESS, 8
knockout_winner: INVALID_INPUT
knockout_winner: INVALID_INPUT
knockout_winner: INVALID_INPUT
remove_team: FAILURE
knockout_winner: SUCCESS, 5
knockout_winner: INVALID_INPUT
knockout_winner: INVALID_INPUT
knockout_winner: SUCCESS, 8
knockout_winner: INVALID_INPUT
get_top_scorer: SUCCESS, 67
unite_teams: INVALID_INPUT
add_player: FAILURE
get_closest_player: SUCCESS, 13
get_closest_player: SUCCESS, 195
get_num_played_games: SUCCESS, 9752
knockout_winner: INVALID_INPUT
knockout_winner: FAILURE
knockout_winner: INVALID_INPUT
knockout_winner: INVALID_INPUT
knockout_winner: INVALID_INPUT
get_team_points: SUCCESS, 10447
get_top_scorer: SUCCESS, 84
get_all_players_count: SUCCESS, 15
update_player_stats: SUCCESS
get_team_points: SUCCESS, 3579
get_team_points: SUCCESS, 8142
play_match: SUCCESS
update_player_stats: SUCCESS
unite_teams: FAILURE
add_player: FAILURE
get_team_points: SUCCESS, 10447
get_team_points: SUCCESS, 22246
knockout_winner: SUCCESS, 8
knockout_winner: SUCCESS, 8
knockout_winner: SUCCESS, 2
knockout_winner: SUCCESS, 14
knockout_winner: INVALID_INPUT
knockout_winner: INVALID_INPUT
knockout_winner: FAILURE
knockout_winner: INVALID_INPUT
knockout_winner: INVALID_INPUT
knockout_winner: INVALID_INPUT
get_all_players: SUCCESS
33
54
8
30
117
140
remove_team: FAILURE
remove_player: SUCCESS
remove_player: SUCCESS
remove_player: SUCCESS
remove_player: SUCCESS
remove_player: SUCCESS
remove_player: SUCCESS
remove_player: SUCCESS
remove_player: SUCCESS
remove_player: SUCCESS
remove_player: SUCCESS
remove_player: SUCCESS
remove_player: SUCCESS
remove_player: SUCCESS
remove_player: SUCCESS
remove_player: SUCCESS
remove_player: SUCCESS
remove_player: SUCCESS
remove_player: SUCCESS
remove_player: SUCCESS
remove_player: SUCCESS
remove_player: SUCCESS
remove_player: SUCCESS
remove_player: SUCCESS
remove_player: SUCCESS
remove_player: SUCCESS
remove_player: SUCCESS
remove_player: SUCCESS
remove_player: SUCCESS
remove_player: SUCCESS
remove_player: SUCCESS
remove_player: SUCCESS
remove_player: SUCCESS
remove_player: SUCCESS
remove_player: SUCCESS
remove_player: SUCCESS
remove_player: SUCCESS
remove_player: SUCCESS
remove_player: SUCCESS
remove_player: SUCCESS
remove_player: SUCCESS
remove_player: SUCCESS
remove_player: SUCCESS
remove_player: SUCCESS
remove_player: SUCCESS
remove_player: SUCCESS
remove_player: SUCCESS
remove_player: SUCCESS
remove_player: SUCCESS
remove_player: SUCCESS
remove_player: SUCCESS
remove_player: SUCCESS
remove_player: SUCCESS
remove_player: SUCCESS
remove_player: SUCCESS
remove_player: SUCCESS
remove_player: SUCCESS
remove_player: SUCCESS
remove_player: SUCCESS
remove_player: SUCCESS
remove_player: SUCCESS
remove_player: SUCCESS
remove_player: SUCCESS
remove_player: SUCCESS
remove_player: SUCCESS
remove_player: SUCCESS
remove_player: SUCCESS
remove_player: SUCCESS
remove_player: SUCCESS
remove_player: SUCCESS
remove_player: SUCCESS
remove_player: SUCCESS
remove_player: SUCCESS
remove_player: SUCCESS
remove_player: SUCCESS
remove_player: SUCCESS
remove_player: SUCCESS
remove_player: SUCCESS
remove_player: SUCCESS
remove_player: SUCCESS
remove_player: SUCCESS
remove_player: SUCCESS
remove_player: SUCCESS
remove_player: SUCCESS
remove_player: SUCCESS
remove_player: SUCCESS
remove_player: SUCCESS
remove_player: SUCCESS
remove_player: SUCCESS
remove_player: SUCCESS
remove_player: SUCCESS
remove_player: SUCCESS
remove_player: SUCCESS
remove_player: SUCCESS
remove_player: SUCCESS
remove_player: SUCCESS
remove_player: SUCCESS
remove_player: SUCCESS
remove_player: SUCCESS
remove_player: SUCCESS
remove_player: SUCCESS
remove_player: SUCCESS
remove_player: SUCCESS
remove_player: SUCCESS
remove_player: SUCCESS
remove_player: SUCCESS
remove_player: SUCCESS
remove_player: SUCCESS
remove_player: SUCCESS
remove_player: SUCCESS
remove_player: SUCCESS
remove_player: SUCCESS
remove_player: SUCCESS
remove_player: SUCCESS
remove_player: SUCCESS
remove_player: SUCCESS
remove_player: SUCCESS
remove_player: SUCCESS
remove_player: SUCCESS
remove_player: SUCCESS
remove_player: SUCCESS
remove_player: SUCCESS
remove_player: SUCCESS
remove_player: SUCCESS
remove_player: SUCCESS
remove_player: SUCCESS
remove_player: SUCCESS
remove_player: SUCCESS
remove_player: SUCCESS
remove_player: SUCCESS
remove_player: SUCCESS
remove_player: SUCCESS
remove_player: SUCCESS
remove_player: SUCCESS
remove_player: SUCCESS
remove_team: SUCCESS
remove_team: SUCCESS
remove_team: SUCCESS
remove_team: SUCCESS
remove_team: SUCCESS
remove_team: SUCCESS
remove_team: SUCCESS
remove_team: SUCCESS
remove_team: SUCCESS
remove_team: SUCCESS
remove_team: SUCCESS
remove_team: SUCCESS
remove_team: SUCCESS
