add_team: SUCCESS
add_team: SUCCESS
add_team: SUCCESS
add_team: SUCCESS
add_team: SUCCESS
add_team: SUCCESS
add_team: SUCCESS
add_team: SUCCESS
add_team: SUCCESS
add_team: SUCCESS
add_team: SUCCESS
add_team: SUCCESS
add_team: SUCCESS
add_team: SUCCESS
add_team: SUCCESS
add_team: SUCCESS
add_team: SUCCESS
add_team: SUCCESS
add_team: SUCCESS
add_team: SUCCESS
add_player: SUCCESS
add_player: SUCCESS
add_player: SUCCESS
add_player: SUCCESS
add_player: SUCCESS
add_player: SUCCESS
add_player: SUCCESS
add_player: SUCCESS
add_player: SUCCESS
add_player: SUCCESS
add_player: SUCCESS
add_player: SUCCESS
add_player: SUCCESS
add_player: SUCCESS
add_player: SUCCESS
add_player: SUCCESS
add_player: SUCCESS
add_player: SUCCESS
add_player: SUCCESS
add_player: SUCCESS
add_player: SUCCESS
add_player: SUCCESS
add_player: SUCCESS
add_player: SUCCESS
add_player: SUCCESS
add_player: SUCCESS
add_player: SUCCESS
add_player: SUCCESS
add_player: SUCCESS
add_player: SUCCESS
add_player: SUCCESS
add_player: SUCCESS
add_player: SUCCESS
add_player: SUCCESS
add_player: SUCCESS
add_player: SUCCESS
add_player: SUCCESS
add_player: SUCCESS
add_player: SUCCESS
add_player: SUCCESS
add_player: SUCCESS
add_player: SUCCESS
add_player: SUCCESS
add_player: SUCCESS
add_player: SUCCESS
add_player: SUCCESS
add_player: SUCCESS
add_player: SUCCESS
add_player: SUCCESS
add_player: SUCCESS
add_player: SUCCESS
add_player: SUCCESS
add_player: SUCCESS
add_player: SUCCESS
add_player: SUCCESS
add_player: SUCCESS
add_player: SUCCESS
add_player: SUCCESS
add_player: SUCCESS
add_player: SUCCESS
add_player: SUCCESS
add_player: SUCCESS
add_player: SUCCESS
add_player: SUCCESS
add_player: SUCCESS
add_player: SUCCESS
add_player: SUCCESS
add_player: SUCCESS
add_player: SUCCESS
add_player: SUCCESS
add_player: SUCCESS
add_player: SUCCESS
add_player: SUCCESS
add_player: SUCCESS
add_player: SUCCESS
add_player: SUCCESS
add_player: SUCCESS
add_player: SUCCESS
add_player: SUCCESS
add_player: SUCCESS
add_player: SUCCESS
add_player: SUCCESS
add_player: SUCCESS
add_player: SUCCESS
add_player: SUCCESS
add_player: SUCCESS
add_player: SUCCESS
add_player: SUCCESS
add_player: SUCCESS
add_player: SUCCESS
add_player: SUCCESS
add_player: SUCCESS
add_player: SUCCESS
add_player: SUCCESS
add_player: SUCCESS
add_player: SUCCESS
add_player: SUCCESS
add_player: SUCCESS
add_player: SUCCESS
add_player: SUCCESS
add_player: SUCCESS
add_player: SUCCESS
add_player: SUCCESS
add_player: SUCCESS
add_player: SUCCESS
add_player: SUCCESS
add_player: SUCCESS
add_player: SUCCESS
add_player: SUCCESS
add_player: SUCCESS
add_player: SUCCESS
add_player: SUCCESS
add_player: SUCCESS
add_player: SUCCESS
add_player: SUCCESS
add_player: SUCCESS
add_player: SUCCESS
add_player: SUCCESS
add_player: SUCCESS
add_player: SUCCESS
add_player: SUCCESS
add_player: SUCCESS
add_player: SUCCESS
add_player: SUCCESS
add_player: SUCCESS
add_player: SUCCESS
add_player: SUCCESS
add_player: SUCCESS
add_player: SUCCESS
add_player: SUCCESS
add_player: SUCCESS
add_player: SUCCESS
add_player: SUCCESS
add_player: SUCCESS
add_player: SUCCESS
add_player: SUCCESS
add_player: SUCCESS
add_player: SUCCESS
add_player: SUCCESS
add_player: SUCCESS
add_player: SUCCESS
add_player: SUCCESS
add_player: SUCCESS
add_player: SUCCESS
add_player: SUCCESS
add_player: SUCCESS
add_player: SUCCESS
add_player: SUCCESS
add_player: SUCCESS
add_player: SUCCESS
add_player: SUCCESS
add_player: SUCCESS
add_player: SUCCESS
add_player: SUCCESS
add_player: SUCCESS
add_player: SUCCESS
add_player: SUCCESS
add_player: SUCCESS
add_player: SUCCESS
add_player: SUCCESS
add_player: SUCCESS
add_player: SUCCESS
add_player: SUCCESS
add_player: SUCCESS
add_player: SUCCESS
add_player: SUCCESS
add_player: SUCCESS
add_player: SUCCESS
add_player: SUCCESS
add_player: SUCCESS
add_player: SUCCESS
add_player: SUCCESS
add_player: SUCCESS
add_player: SUCCESS
add_player: SUCCESS
add_player: SUCCESS
add_player: SUCCESS
add_player: SUCCESS
add_player: SUCCESS
add_player: SUCCESS
add_player: SUCCESS
add_player: SUCCESS
add_player: SUCCESS
add_player: SUCCESS
add_player: SUCCESS
add_player: SUCCESS
add_player: SUCCESS
add_player: SUCCESS
add_player: SUCCESS
add_player: SUCCESS
add_player: SUCCESS
add_player: SUCCESS
add_player: SUCCESS
add_player: SUCCESS
add_player: SUCCESS
add_player: SUCCESS
add_player: SUCCESS
add_player: SUCCESS
add_player: SUCCESS
add_player: SUCCESS
get_team_points: SUCCESS, 7179
play_match: INVALID_INPUT
play_match: FAILURE
add_team: FAILURE
add_player: FAILURE
get_top_scorer: SUCCESS, 89
add_team: FAILURE
get_num_played_games: SUCCESS, 11223
remove_player: SUCCESS
get_all_players: SUCCESS
64
81
74
104
163
130
152
get_team_points: SUCCESS, 9783
knockout_winner: SUCCESS, 6
knockout_winner: SUCCESS, 3
knockout_winner: FAILURE
knockout_winner: SUCCESS, 10
knockout_winner: INVALID_INPUT
play_match: FAILURE
add_team: FAILURE
remove_team: FAILURE
get_closest_player: SUCCESS, 11
get_closest_player: SUCCESS, 119
add_team: FAILURE
get_top_scorer: SUCCESS, 52
add_team: FAILURE
knockout_winner: SUCCESS, 3
knockout_winner: INVALID_INPUT
knockout_winner: INVALID_INPUT
knockout_winner: SUCCESS, 10
knockout_winner: INVALID_INPUT
add_player: FAILURE
get_team_points: SUCCESS, 9246
get_top_scorer: SUCCESS, 138
add_player: FAILURE
add_player: FAILURE
remove_player: SUCCESS
get_top_scorer: SUCCESS, 109
remove_team: FAILURE
get_team_points: SUCCESS, 7072
get_all_players: SUCCESS
93
55
131
68
27
26
14
199
31
124
60
101
41
138
knockout_winner: SUCCESS, 10
knockout_winner: SUCCESS, 8
knockout_winner: SUCCESS, 8
knockout_winner: SUCCESS, 20
knockout_winner: INVALID_INPUT
knockout_winner: SUCCESS, 3
knockout_winner: INVALID_INPUT
knockout_winner: INVALID_INPUT
knockout_winner: SUCCESS, 10
knockout_winner: SUCCESS, 10
update_player_stats: SUCCESS
knockout_winner: SUCCESS, 4
knockout_winner: INVALID_INPUT
knockout_winner: INVALID_INPUT
knockout_winner: FAILURE
knockout_winner: INVALID_INPUT
remove_player: SUCCESS
get_top_scorer: SUCCESS, 122
add_team: FAILURE
remove_player: SUCCESS
unite_teams: FAILURE
knockout_winner: FAILURE
knockout_winner: SUCCESS, 20
knockout_winner: FAILURE
knockout_winner: FAILURE
knockout_winner: INVALID_INPUT
get_top_scorer: SUCCESS, 181
add_team: FAILURE
get_all_players: SUCCESS
113
34
188
4
119
48
126
164
37
61
unite_teams: FAILURE
update_player_stats: SUCCESS
add_team: FAILURE
add_team: FAILURE
get_top_scorer: SUCCESS, 89
get_top_scorer: SUCCESS, 54
get_top_scorer: SUCCESS, 161
get_num_played_games: SUCCESS, 4369
add_team: FAILURE
get_num_played_games: SUCCESS, 5336
add_team: FAILURE
play_match: FAILURE
get_num_played_games: SUCCESS, 2521
get_all_players: SUCCESS
69
1
189
25
98
65
198
76
154
109
get_all_players: SUCCESS
83
82
156
7
183
143
play_match: FAILURE
unite_teams: INVALID_INPUT
get_all_players_count: SUCCESS, 3
get_all_players_count: SUCCESS, 10
remove_team: FAILURE
get_team_points: SUCCESS, 1088
add_player: FAILURE
remove_player: SUCCESS
get_team_points: SUCCESS, 552
unite_teams: FAILURE
get_num_played_games: SUCCESS, 5138
get_top_scorer: SUCCESS, 91
play_match: FAILURE
remove_team: FAILURE
play_match: SUCCESS
get_top_scorer: SUCCESS, 89
get_team_points: SUCCESS, 7072
get_closest_player: SUCCESS, 56
get_all_players_count: SUCCESS, 15
get_closest_player: SUCCESS, 24
get_all_players: SUCCESS
112
57
97
29
111
28
56
116
172
87
133
45
70
89
get_num_played_games: SUCCESS, 6037
get_all_players_count: SUCCESS, 8
get_top_scorer: SUCCESS, 176
get_all_players: SUCCESS
93
55
131
68
27
26
14
199
31
124
60
101
41
138
get_all_players: SUCCESS
53
66
100
88
16
44
19
174
get_team_points: SUCCESS, 7919
add_player: FAILURE
play_match: FAILURE
add_player: FAILURE
play_match: FAILURE
get_top_scorer: SUCCESS, 138
add_player: FAILURE
knockout_winner: FAILURE
knockout_winner: SUCCESS, 20
knockout_winner: FAILURE
knockout_winner: FAILURE
knockout_winner: INVALID_INPUT
get_top_scorer: SUCCESS, 92
remove_player: SUCCESS
update_player_stats: SUCCESS
play_match: SUCCESS
get_closest_player: SUCCESS, 58
get_all_players_count: SUCCESS, 9
get_team_points: SUCCESS, 6670
remove_team: FAILURE
get_closest_player: SUCCESS, 126
play_match: FAILURE
get_closest_player: SUCCESS, 71
get_closest_player: SUCCESS, 82
update_player_stats: SUCCESS
remove_player: SUCCESS
add_player: FAILURE
remove_player: SUCCESS
play_match: SUCCESS
get_closest_player: SUCCESS, 71
remove_player: SUCCESS
get_closest_player: SUCCESS, 39
remove_team: FAILURE
knockout_winner: SUCCESS, 8
knockout_winner: INVALID_INPUT
knockout_winner: INVALID_INPUT
knockout_winner: SUCCESS, 8
knockout_winner: INVALID_INPUT
get_all_players_count: SUCCESS, 6
update_player_stats: SUCCESS
update_player_stats: SUCCESS
get_closest_player: SUCCESS, 138
add_player: FAILURE
unite_teams: FAILURE
remove_player: SUCCESS
add_player: FAILURE
get_team_points: SUCCESS, 7072
remove_player: SUCCESS
remove_player: SUCCESS
knockout_winner: SUCCESS, 20
knockout_winner: SUCCESS, 8
knockout_winner: SUCCESS, 8
knockout_winner: SUCCESS, 20
knockout_winner: INVALID_INPUT
get_closest_player: SUCCESS, 37
get_all_players_count: SUCCESS, 15
knockout_winner: SUCCESS, 20
knockout_winner: SUCCESS, 20
knockout_winner: FAILURE
knockout_winner: FAILURE
knockout_winner: INVALID_INPUT
add_player: FAILURE
remove_player: SUCCESS
get_team_points: SUCCESS, 8192
unite_teams: FAILURE
add_player: FAILURE
update_player_stats: SUCCESS
add_player: FAILURE
get_all_players_count: SUCCESS, 8
get_top_scorer: SUCCESS, 168
remove_player: SUCCESS
play_match: FAILURE
get_team_points: SUCCESS, 3343
knockout_winner: FAILURE
knockout_winner: SUCCESS, 10
knockout_winner: SUCCESS, 10
knockout_winner: SUCCESS, 20
knockout_winner: INVALID_INPUT
unite_teams: FAILURE
add_team: FAILURE
unite_teams: FAILURE
get_num_played_games: SUCCESS, 1347
remove_player: SUCCESS
unite_teams: FAILURE
play_match: FAILURE
add_player: FAILURE
unite_teams: FAILURE
get_num_played_games: SUCCESS, 4376
get_team_points: SUCCESS, 11593
play_match: FAILURE
unite_teams: FAILURE
get_top_scorer: SUCCESS, 168
remove_team: FAILURE
get_num_played_games: SUCCESS, 11703
get_closest_player: SUCCESS, 66
get_closest_player: SUCCESS, 2
add_team: FAILURE
get_team_points: SUCCESS, 7182
update_player_stats: SUCCESS
get_top_scorer: SUCCESS, 95
get_num_played_games: SUCCESS, 625
remove_player: SUCCESS
unite_teams: FAILURE
knockout_winner: FAILURE
knockout_winner: SUCCESS, 8
knockout_winner: FAILURE
knockout_winner: SUCCESS, 10
knockout_winner: INVALID_INPUT
get_all_players: SUCCESS
112
57
97
28
56
29
116
172
87
133
45
70
89
111
unite_teams: FAILURE
remove_team: FAILURE
get_all_players: SUCCESS
110
191
42
6
161
95
get_top_scorer: SUCCESS, 168
add_player: FAILURE
get_all_players: SUCCESS
11
121
8
59
160
47
168
unite_teams: FAILURE
get_all_players_count: SUCCESS, 9
get_top_scorer: SUCCESS, 176
update_player_stats: SUCCESS
get_top_scorer: SUCCESS, 52
get_top_scorer: SUCCESS, 132
add_team: FAILURE
get_top_scorer: SUCCESS, 170
update_player_stats: SUCCESS
add_player: FAILURE
get_num_played_games: SUCCESS, 2447
get_closest_player: SUCCESS, 82
remove_player: SUCCESS
get_all_players_count: SUCCESS, 6
add_player: FAILURE
get_all_players_count: SUCCESS, 7
get_team_points: SUCCESS, 3343
add_player: FAILURE
get_top_scorer: SUCCESS, 177
remove_player: SUCCESS
knockout_winner: FAILURE
knockout_winner: SUCCESS, 10
knockout_winner: SUCCESS, 10
knockout_winner: SUCCESS, 20
knockout_winner: INVALID_INPUT
remove_player: SUCCESS
update_player_stats: SUCCESS
get_team_points: SUCCESS, 3343
update_player_stats: SUCCESS
update_player_stats: SUCCESS
add_team: FAILURE
add_team: FAILURE
get_team_points: SUCCESS, 11323
remove_player: SUCCESS
get_top_scorer: SUCCESS, 168
get_all_players: SUCCESS
32
115
140
20
137
46
40
5
117
24
52
update_player_stats: SUCCESS
update_player_stats: SUCCESS
get_all_players_count: SUCCESS, 13
play_match: FAILURE
get_all_players_count: SUCCESS, 15
play_match: FAILURE
get_closest_player: SUCCESS, 88
update_player_stats: SUCCESS
get_top_scorer: SUCCESS, 109
get_num_played_games: SUCCESS, 8330
knockout_winner: SUCCESS, 8
knockout_winner: INVALID_INPUT
knockout_winner: INVALID_INPUT
knockout_winner: SUCCESS, 10
knockout_winner: SUCCESS, 10
get_num_played_games: SUCCESS, 3314
get_all_players: SUCCESS
96
94
75
77
192
136
194
unite_teams: FAILURE
get_top_scorer: SUCCESS, 13
remove_player: SUCCESS
get_all_players: SUCCESS
67
23
166
157
180
50
10
39
173
36
167
155
147
54
13
remove_player: SUCCESS
play_match: FAILURE
get_closest_player: SUCCESS, 55
play_match: FAILURE
add_team: FAILURE
knockout_winner: FAILURE
knockout_winner: SUCCESS, 20
knockout_winner: FAILURE
knockout_winner: FAILURE
knockout_winner: INVALID_INPUT
add_player: FAILURE
get_all_players: SUCCESS
58
146
51
182
187
144
33
185
114
106
134
3
181
get_team_points: SUCCESS, 7294
get_all_players: SUCCESS
35
118
21
128
103
127
135
22
120
18
84
15
179
122
142
get_closest_player: SUCCESS, 18
get_all_players: SUCCESS
96
94
75
77
192
136
194
unite_teams: FAILURE
get_closest_player: SUCCESS, 53
unite_teams: FAILURE
get_closest_player: SUCCESS, 197
unite_teams: FAILURE
knockout_winner: FAILURE
knockout_winner: SUCCESS, 20
knockout_winner: FAILURE
knockout_winner: FAILURE
knockout_winner: INVALID_INPUT
add_player: FAILURE
get_all_players: SUCCESS
12
78
17
158
145
197
107
38
159
62
get_top_scorer: SUCCESS, 62
get_all_players: SUCCESS
151
190
105
125
2
170
162
add_player: FAILURE
update_player_stats: SUCCESS
remove_team: FAILURE
get_all_players: SUCCESS
64
74
163
130
152
104
remove_player: SUCCESS
add_team: FAILURE
get_all_players: SUCCESS
93
55
131
68
26
14
199
31
124
60
101
41
138
get_num_played_games: SUCCESS, 4477
get_all_players: SUCCESS
32
115
140
20
137
46
40
5
117
24
52
update_player_stats: SUCCESS
get_closest_player: SUCCESS, 152
get_team_points: SUCCESS, 11323
add_team: FAILURE
unite_teams: SUCCESS
update_player_stats: SUCCESS
knockout_winner: FAILURE
knockout_winner: SUCCESS, 13
knockout_winner: SUCCESS, 13
knockout_winner: FAILURE
knockout_winner: INVALID_INPUT
get_top_scorer: SUCCESS, 62
get_top_scorer: SUCCESS, 181
get_all_players: SUCCESS
99
79
91
knockout_winner: FAILURE
knockout_winner: SUCCESS, 13
knockout_winner: SUCCESS, 13
knockout_winner: FAILURE
knockout_winner: INVALID_INPUT
get_num_played_games: SUCCESS, 2100
get_num_played_games: SUCCESS, 6973
play_match: FAILURE
get_team_points: SUCCESS, 9246
get_all_players_count: SUCCESS, 11
get_closest_player: SUCCESS, 20
add_team: FAILURE
knockout_winner: SUCCESS, 8
knockout_winner: INVALID_INPUT
knockout_winner: INVALID_INPUT
knockout_winner: SUCCESS, 13
knockout_winner: INVALID_INPUT
get_closest_player: SUCCESS, 11
get_all_players: SUCCESS
110
191
6
161
95
play_match: FAILURE
add_team: FAILURE
add_team: FAILURE
knockout_winner: INVALID_INPUT
knockout_winner: SUCCESS, 13
knockout_winner: INVALID_INPUT
knockout_winner: INVALID_INPUT
knockout_winner: INVALID_INPUT
get_top_scorer: SUCCESS, 19
update_player_stats: SUCCESS
unite_teams: FAILURE
get_all_players: SUCCESS
1
189
25
65
198
76
109
get_closest_player: SUCCESS, 132
knockout_winner: SUCCESS, 13
knockout_winner: SUCCESS, 8
knockout_winner: SUCCESS, 8
knockout_winner: FAILURE
knockout_winner: INVALID_INPUT
get_all_players: SUCCESS
110
191
6
161
95
play_match: SUCCESS
remove_team: FAILURE
add_team: FAILURE
knockout_winner: SUCCESS, 13
knockout_winner: SUCCESS, 8
knockout_winner: SUCCESS, 8
knockout_winner: FAILURE
knockout_winner: INVALID_INPUT
get_team_points: SUCCESS, 7182
knockout_winner: INVALID_INPUT
knockout_winner: SUCCESS, 13
knockout_winner: INVALID_INPUT
knockout_winner: INVALID_INPUT
knockout_winner: INVALID_INPUT
get_all_players: SUCCESS
85
86
72
171
92
132
get_all_players_count: SUCCESS, 6
unite_teams: SUCCESS
remove_player: SUCCESS
get_team_points: SUCCESS, 1177
get_num_played_games: SUCCESS, 4666
add_team: FAILURE
get_team_points: SUCCESS, 10626
get_team_points: SUCCESS, 6670
add_player: FAILURE
add_player: FAILURE
get_team_points: SUCCESS, 1834
get_all_players_count: SUCCESS, 9
add_team: FAILURE
get_all_players: SUCCESS
11
121
8
59
160
47
168
remove_team: FAILURE
unite_teams: FAILURE
get_all_players_count: SUCCESS, 3
get_top_scorer: SUCCESS, 61
remove_team: FAILURE
get_closest_player: SUCCESS, 107
unite_teams: INVALID_INPUT
remove_player: SUCCESS
unite_teams: FAILURE
get_all_players: SUCCESS
67
23
166
157
180
50
10
39
173
36
167
155
147
54
13
add_team: FAILURE
get_num_played_games: SUCCESS, 15214
update_player_stats: SUCCESS
get_team_points: SUCCESS, 1834
unite_teams: FAILURE
play_match: FAILURE
get_top_scorer: SUCCESS, 61
remove_player: SUCCESS
play_match: FAILURE
get_num_played_games: SUCCESS, 3195
remove_team: FAILURE
get_closest_player: SUCCESS, 133
remove_team: FAILURE
remove_team: FAILURE
get_closest_player: SUCCESS, 99
get_team_points: SUCCESS, 8192
add_player: FAILURE
get_all_players_count: SUCCESS, 7
remove_player: SUCCESS
get_team_points: SUCCESS, 11262
add_player: FAILURE
unite_teams: FAILURE
get_all_players_count: SUCCESS, 6
play_match: FAILURE
unite_teams: FAILURE
get_num_played_games: SUCCESS, 3314
add_player: FAILURE
get_closest_player: SUCCESS, 138
get_all_players_count: SUCCESS, 11
knockout_winner: SUCCESS, 8
knockout_winner: INVALID_INPUT
knockout_winner: INVALID_INPUT
knockout_winner: SUCCESS, 10
knockout_winner: INVALID_INPUT
get_all_players: SUCCESS
78
17
158
145
197
107
38
159
62
get_all_players: SUCCESS
55
131
68
26
14
199
93
31
124
60
101
41
138
get_closest_player: SUCCESS, 169
add_player: FAILURE
remove_team: FAILURE
get_closest_player: SUCCESS, 153
remove_team: FAILURE
add_team: FAILURE
get_team_points: SUCCESS, 1088
get_top_scorer: SUCCESS, 138
get_all_players_count: SUCCESS, 15
get_num_played_games: SUCCESS, 15214
get_team_points: SUCCESS, 8192
get_num_played_games: SUCCESS, 4105
get_closest_player: SUCCESS, 185
unite_teams: FAILURE
get_all_players_count: SUCCESS, 7
update_player_stats: SUCCESS
remove_team: FAILURE
get_all_players: SUCCESS
85
86
72
171
92
132
get_all_players_count: SUCCESS, 7
remove_player: SUCCESS
add_team: FAILURE
get_team_points: SUCCESS, 7294
remove_team: FAILURE
unite_teams: FAILURE
unite_teams: FAILURE
get_team_points: SUCCESS, 9786
add_player: FAILURE
remove_player: SUCCESS
get_num_played_games: SUCCESS, 258
get_all_players_count: SUCCESS, 13
get_team_points: SUCCESS, 8192
update_player_stats: SUCCESS
get_all_players: SUCCESS
55
131
68
26
14
199
93
31
124
60
101
41
138
unite_teams: SUCCESS
remove_player: SUCCESS
unite_teams: FAILURE
add_player: FAILURE
remove_team: FAILURE
add_team: FAILURE
get_team_points: SUCCESS, 11593
get_num_played_games: SUCCESS, 8118
get_team_points: SUCCESS, 9786
add_team: FAILURE
unite_teams: FAILURE
get_closest_player: SUCCESS, 40
add_team: FAILURE
knockout_winner: SUCCESS, 10
knockout_winner: SUCCESS, 3
knockout_winner: SUCCESS, 3
knockout_winner: SUCCESS, 10
knockout_winner: INVALID_INPUT
get_closest_player: SUCCESS, 64
knockout_winner: SUCCESS, 10
knockout_winner: SUCCESS, 3
knockout_winner: SUCCESS, 3
knockout_winner: SUCCESS, 10
knockout_winner: INVALID_INPUT
add_team: FAILURE
add_player: FAILURE
remove_player: SUCCESS
add_team: FAILURE
remove_team: FAILURE
knockout_winner: SUCCESS, 10
knockout_winner: SUCCESS, 3
knockout_winner: SUCCESS, 3
knockout_winner: FAILURE
knockout_winner: INVALID_INPUT
get_all_players_count: SUCCESS, 6
get_num_played_games: SUCCESS, 9708
update_player_stats: SUCCESS
unite_teams: FAILURE
add_player: FAILURE
play_match: SUCCESS
play_match: FAILURE
get_team_points: SUCCESS, 11593
get_closest_player: SUCCESS, 132
get_all_players_count: SUCCESS, 13
get_team_points: SUCCESS, 5657
add_team: FAILURE
get_closest_player: SUCCESS, 163
get_num_played_games: SUCCESS, 4779
get_closest_player: SUCCESS, 70
get_num_played_games: SUCCESS, 7357
get_closest_player: SUCCESS, 142
remove_player: SUCCESS
play_match: FAILURE
get_top_scorer: SUCCESS, 138
knockout_winner: SUCCESS, 4
knockout_winner: INVALID_INPUT
knockout_winner: INVALID_INPUT
knockout_winner: SUCCESS, 10
knockout_winner: INVALID_INPUT
get_all_players: SUCCESS
58
146
51
182
144
33
185
114
106
134
3
181
remove_team: FAILURE
play_match: FAILURE
get_top_scorer: SUCCESS, 161
knockout_winner: INVALID_INPUT
knockout_winner: SUCCESS, 18
knockout_winner: INVALID_INPUT
knockout_winner: INVALID_INPUT
knockout_winner: INVALID_INPUT
play_match: SUCCESS
get_all_players: SUCCESS
85
86
72
92
132
get_team_points: SUCCESS, 1834
remove_player: SUCCESS
remove_player: SUCCESS
get_all_players_count: SUCCESS, 4
get_all_players_count: SUCCESS, 12
add_team: FAILURE
unite_teams: FAILURE
remove_player: SUCCESS
update_player_stats: SUCCESS
remove_team: FAILURE
knockout_winner: SUCCESS, 4
knockout_winner: INVALID_INPUT
knockout_winner: INVALID_INPUT
knockout_winner: SUCCESS, 10
knockout_winner: INVALID_INPUT
knockout_winner: SUCCESS, 18
knockout_winner: SUCCESS, 20
knockout_winner: FAILURE
knockout_winner: FAILURE
knockout_winner: INVALID_INPUT
get_all_players: SUCCESS
110
191
6
161
unite_teams: FAILURE
add_team: FAILURE
remove_player: SUCCESS
add_team: FAILURE
get_top_scorer: SUCCESS, 132
get_closest_player: SUCCESS, 157
get_closest_player: SUCCESS, 35
get_num_played_games: SUCCESS, 4016
unite_teams: FAILURE
knockout_winner: SUCCESS, 8
knockout_winner: SUCCESS, 3
knockout_winner: SUCCESS, 3
knockout_winner: SUCCESS, 18
knockout_winner: INVALID_INPUT
get_all_players: SUCCESS
49
123
184
112
97
28
43
148
29
116
172
87
133
45
57
200
70
176
89
111
add_player: FAILURE
add_team: FAILURE
remove_team: FAILURE
get_all_players_count: SUCCESS, 13
remove_player: SUCCESS
knockout_winner: SUCCESS, 10
knockout_winner: SUCCESS, 3
knockout_winner: SUCCESS, 3
knockout_winner: FAILURE
knockout_winner: INVALID_INPUT
update_player_stats: SUCCESS
get_top_scorer: SUCCESS, 13
update_player_stats: SUCCESS
get_top_scorer: SUCCESS, 109
get_all_players_count: SUCCESS, 9
get_all_players: SUCCESS
55
131
68
26
14
199
93
31
124
60
101
41
138
get_closest_player: SUCCESS, 173
knockout_winner: SUCCESS, 8
knockout_winner: INVALID_INPUT
knockout_winner: INVALID_INPUT
knockout_winner: SUCCESS, 10
knockout_winner: INVALID_INPUT
get_closest_player: SUCCESS, 123
remove_team: FAILURE
add_player: FAILURE
get_top_scorer: SUCCESS, 104
get_top_scorer: SUCCESS, 91
remove_team: FAILURE
get_top_scorer: SUCCESS, 104
add_team: FAILURE
get_all_players_count: SUCCESS, 14
play_match: SUCCESS
add_player: FAILURE
remove_player: SUCCESS
knockout_winner: SUCCESS, 10
knockout_winner: SUCCESS, 3
knockout_winner: SUCCESS, 3
knockout_winner: FAILURE
knockout_winner: INVALID_INPUT
add_team: FAILURE
remove_player: SUCCESS
update_player_stats: SUCCESS
knockout_winner: FAILURE
knockout_winner: SUCCESS, 10
knockout_winner: FAILURE
knockout_winner: FAILURE
knockout_winner: INVALID_INPUT
get_top_scorer: SUCCESS, 13
remove_team: FAILURE
get_team_points: SUCCESS, 6670
update_player_stats: SUCCESS
add_team: FAILURE
get_all_players: SUCCESS
96
94
75
7
192
183
136
194
143
remove_team: FAILURE
get_all_players: SUCCESS
11
121
59
160
8
47
168
get_all_players: SUCCESS
96
94
75
7
192
183
136
194
143
get_top_scorer: SUCCESS, 168
add_player: FAILURE
get_closest_player: SUCCESS, 23
get_top_scorer: SUCCESS, 62
play_match: FAILURE
remove_player: SUCCESS
add_player: FAILURE
update_player_stats: SUCCESS
get_closest_player: SUCCESS, 46
update_player_stats: SUCCESS
remove_team: FAILURE
update_player_stats: SUCCESS
get_all_players_count: SUCCESS, 15
unite_teams: FAILURE
remove_team: FAILURE
get_all_players: SUCCESS
11
121
59
160
8
47
168
get_team_points: SUCCESS, 5657
add_player: FAILURE
update_player_stats: SUCCESS
remove_player: SUCCESS
add_team: FAILURE
add_player: FAILURE
get_num_played_games: SUCCESS, 5913
get_all_players_count: SUCCESS, 6
play_match: FAILURE
get_team_points: SUCCESS, 11265
get_all_players_count: SUCCESS, 3
add_player: FAILURE
get_all_players: SUCCESS
58
146
51
182
144
33
185
106
134
114
3
181
update_player_stats: SUCCESS
play_match: FAILURE
get_num_played_games: SUCCESS, 7725
remove_team: FAILURE
get_top_scorer: SUCCESS, 111
get_all_players_count: SUCCESS, 9
get_closest_player: SUCCESS, 17
remove_team: FAILURE
get_closest_player: SUCCESS, 50
get_all_players_count: SUCCESS, 9
get_team_points: SUCCESS, 11323
play_match: FAILURE
get_all_players_count: SUCCESS, 3
get_all_players_count: SUCCESS, 7
get_top_scorer: SUCCESS, 104
add_player: FAILURE
update_player_stats: SUCCESS
remove_team: FAILURE
add_player: FAILURE
remove_player: SUCCESS
get_all_players: SUCCESS
85
86
72
92
132
unite_teams: FAILURE
unite_teams: FAILURE
get_team_points: SUCCESS, 1177
add_player: FAILURE
get_top_scorer: SUCCESS, 141
play_match: FAILURE
knockout_winner: SUCCESS, 3
knockout_winner: INVALID_INPUT
knockout_winner: INVALID_INPUT
knockout_winner: SUCCESS, 10
knockout_winner: INVALID_INPUT
get_all_players_count: SUCCESS, 9
play_match: FAILURE
get_top_scorer: SUCCESS, 132
knockout_winner: SUCCESS, 20
knockout_winner: SUCCESS, 10
knockout_winner: SUCCESS, 10
knockout_winner: SUCCESS, 20
knockout_winner: INVALID_INPUT
get_closest_player: SUCCESS, 173
add_team: FAILURE
get_team_points: SUCCESS, 11717
get_all_players_count: SUCCESS, 8
get_num_played_games: SUCCESS, 3195
update_player_stats: SUCCESS
knockout_winner: SUCCESS, 3
knockout_winner: INVALID_INPUT
knockout_winner: INVALID_INPUT
knockout_winner: SUCCESS, 10
knockout_winner: INVALID_INPUT
get_top_scorer: SUCCESS, 162
play_match: FAILURE
update_player_stats: SUCCESS
get_team_points: SUCCESS, 11265
knockout_winner: INVALID_INPUT
knockout_winner: SUCCESS, 18
knockout_winner: INVALID_INPUT
knockout_winner: INVALID_INPUT
knockout_winner: INVALID_INPUT
add_player: FAILURE
get_team_points: SUCCESS, 2700
add_team: FAILURE
get_all_players_count: SUCCESS, 5
get_team_points: SUCCESS, 10529
play_match: FAILURE
remove_player: SUCCESS
update_player_stats: SUCCESS
get_all_players: SUCCESS
74
64
152
130
104
get_num_played_games: SUCCESS, 5902
update_player_stats: SUCCESS
add_team: FAILURE
play_match: FAILURE
get_all_players: SUCCESS
113
188
4
119
48
126
164
61
get_all_players: SUCCESS
17
158
197
145
107
38
159
78
62
update_player_stats: SUCCESS
add_player: FAILURE
update_player_stats: SUCCESS
remove_team: FAILURE
remove_team: FAILURE
play_match: FAILURE
remove_team: FAILURE
remove_team: FAILURE
play_match: FAILURE
get_top_scorer: SUCCESS, 168
update_player_stats: SUCCESS
remove_team: FAILURE
remove_player: SUCCESS
add_team: FAILURE
update_player_stats: SUCCESS
get_all_players_count: SUCCESS, 9
get_all_players_count: SUCCESS, 13
remove_player: SUCCESS
add_player: FAILURE
get_all_players_count: SUCCESS, 8
get_all_players: SUCCESS
99
79
91
get_num_played_games: SUCCESS, 4016
play_match: SUCCESS
add_team: FAILURE
unite_teams: FAILURE
add_team: FAILURE
remove_player: SUCCESS
remove_player: SUCCESS
get_closest_player: SUCCESS, 121
get_top_scorer: SUCCESS, 104
unite_teams: FAILURE
get_team_points: SUCCESS, 1177
add_player: FAILURE
add_team: FAILURE
unite_teams: FAILURE
get_closest_player: SUCCESS, 68
get_top_scorer: SUCCESS, 89
get_closest_player: SUCCESS, 147
get_all_players_count: SUCCESS, 20
remove_team: FAILURE
get_num_played_games: SUCCESS, 11212
update_player_stats: SUCCESS
get_all_players_count: SUCCESS, 7
get_all_players: SUCCESS
58
146
51
182
33
185
106
134
114
3
181
144
get_closest_player: SUCCESS, 101
get_num_played_games: SUCCESS, 6903
get_all_players: SUCCESS
113
188
119
48
126
164
61
get_closest_player: SUCCESS, 109
knockout_winner: FAILURE
knockout_winner: SUCCESS, 8
knockout_winner: SUCCESS, 8
knockout_winner: SUCCESS, 18
knockout_winner: INVALID_INPUT
play_match: FAILURE
get_all_players_count: SUCCESS, 3
knockout_winner: FAILURE
knockout_winner: SUCCESS, 8
knockout_winner: SUCCESS, 8
knockout_winner: SUCCESS, 18
knockout_winner: INVALID_INPUT
get_all_players_count: SUCCESS, 10
add_player: FAILURE
get_all_players: SUCCESS
96
94
7
192
183
194
143
add_team: FAILURE
knockout_winner: SUCCESS, 8
knockout_winner: SUCCESS, 3
knockout_winner: SUCCESS, 3
knockout_winner: FAILURE
knockout_winner: INVALID_INPUT
remove_team: FAILURE
unite_teams: SUCCESS
knockout_winner: SUCCESS, 8
knockout_winner: SUCCESS, 14
knockout_winner: SUCCESS, 3
knockout_winner: SUCCESS, 14
knockout_winner: INVALID_INPUT
add_player: FAILURE
play_match: FAILURE
get_all_players: SUCCESS
105
125
162
remove_team: FAILURE
get_num_played_games: SUCCESS, 3633
get_closest_player: SUCCESS, 97
get_team_points: SUCCESS, 6759
remove_player: SUCCESS
get_all_players: SUCCESS
74
64
152
130
104
get_team_points: SUCCESS, 21379
get_all_players: SUCCESS
108
71
149
193
90
175
169
177
141
remove_team: FAILURE
get_top_scorer: SUCCESS, 168
get_num_played_games: SUCCESS, 6903
get_num_played_games: SUCCESS, 807
get_top_scorer: SUCCESS, 142
add_team: FAILURE
get_all_players_count: SUCCESS, 14
get_closest_player: SUCCESS, 182
unite_teams: FAILURE
remove_team: FAILURE
get_num_played_games: SUCCESS, 5464
get_team_points: SUCCESS, 7294
get_num_played_games: SUCCESS, 3341
get_closest_player: SUCCESS, 185
get_top_scorer: SUCCESS, 52
unite_teams: FAILURE
add_team: FAILURE
remove_player: SUCCESS
knockout_winner: INVALID_INPUT
knockout_winner: SUCCESS, 14
knockout_winner: INVALID_INPUT
knockout_winner: INVALID_INPUT
knockout_winner: INVALID_INPUT
add_team: FAILURE
knockout_winner: SUCCESS, 14
knockout_winner: SUCCESS, 14
knockout_winner: SUCCESS, 14
knockout_winner: SUCCESS, 18
knockout_winner: INVALID_INPUT
remove_team: FAILURE
update_player_stats: SUCCESS
get_num_played_games: SUCCESS, 5913
unite_teams: FAILURE
get_all_players_count: SUCCESS, 20
add_team: FAILURE
get_team_points: SUCCESS, 21379
get_closest_player: SUCCESS, 90
get_all_players: SUCCESS
99
79
91
get_num_played_games: SUCCESS, 7245
play_match: FAILURE
get_team_points: SUCCESS, 21379
knockout_winner: INVALID_INPUT
knockout_winner: SUCCESS, 14
knockout_winner: INVALID_INPUT
knockout_winner: INVALID_INPUT
knockout_winner: INVALID_INPUT
get_all_players: SUCCESS
67
23
166
157
180
50
10
173
167
155
147
54
36
13
unite_teams: FAILURE
get_all_players_count: SUCCESS, 9
get_top_scorer: SUCCESS, 141
get_num_played_games: SUCCESS, 6527
play_match: FAILURE
update_player_stats: SUCCESS
add_team: FAILURE
add_team: FAILURE
get_top_scorer: SUCCESS, 162
add_team: FAILURE
update_player_stats: SUCCESS
add_player: FAILURE
add_player: FAILURE
get_num_played_games: SUCCESS, 7517
unite_teams: FAILURE
knockout_winner: SUCCESS, 10
knockout_winner: SUCCESS, 3
knockout_winner: SUCCESS, 3
knockout_winner: SUCCESS, 14
knockout_winner: INVALID_INPUT
knockout_winner: SUCCESS, 4
knockout_winner: INVALID_INPUT
knockout_winner: INVALID_INPUT
knockout_winner: SUCCESS, 10
knockout_winner: INVALID_INPUT
get_all_players_count: SUCCESS, 20
get_all_players: SUCCESS
32
115
140
20
137
46
117
5
24
52
get_closest_player: SUCCESS, 14
remove_team: FAILURE
get_closest_player: SUCCESS, 91
get_all_players_count: SUCCESS, 13
add_player: FAILURE
remove_player: SUCCESS
get_team_points: SUCCESS, 5657
knockout_winner: SUCCESS, 8
knockout_winner: SUCCESS, 3
knockout_winner: SUCCESS, 3
knockout_winner: FAILURE
knockout_winner: INVALID_INPUT
add_player: FAILURE
unite_teams: FAILURE
add_player: FAILURE
play_match: FAILURE
add_team: FAILURE
get_num_played_games: SUCCESS, 6323
get_all_players: SUCCESS
58
146
51
182
33
185
106
134
114
3
181
144
remove_team: FAILURE
remove_team: FAILURE
add_player: FAILURE
get_top_scorer: SUCCESS, 159
get_num_played_games: SUCCESS, 5831
add_team: FAILURE
update_player_stats: SUCCESS
play_match: FAILURE
get_all_players: SUCCESS
67
23
166
157
180
50
10
173
167
155
147
54
36
13
add_player: FAILURE
update_player_stats: SUCCESS
get_all_players: SUCCESS
58
146
51
182
33
185
106
134
114
3
181
144
get_num_played_games: SUCCESS, 9221
remove_team: FAILURE
add_player: FAILURE
remove_player: SUCCESS
remove_player: SUCCESS
knockout_winner: FAILURE
knockout_winner: SUCCESS, 14
knockout_winner: FAILURE
knockout_winner: FAILURE
knockout_winner: INVALID_INPUT
add_team: FAILURE
remove_team: FAILURE
get_all_players: SUCCESS
105
125
play_match: SUCCESS
add_player: FAILURE
play_match: SUCCESS
remove_player: SUCCESS
remove_team: FAILURE
remove_player: SUCCESS
remove_player: SUCCESS
remove_team: FAILURE
remove_team: FAILURE
knockout_winner: SUCCESS, 14
knockout_winner: SUCCESS, 14
knockout_winner: FAILURE
knockout_winner: FAILURE
knockout_winner: INVALID_INPUT
unite_teams: FAILURE
remove_team: FAILURE
knockout_winner: FAILURE
knockout_winner: SUCCESS, 14
knockout_winner: SUCCESS, 10
knockout_winner: FAILURE
knockout_winner: INVALID_INPUT
get_all_players_count: SUCCESS, 5
get_all_players: SUCCESS
11
121
59
160
8
47
168
add_player: FAILURE
remove_player: SUCCESS
add_team: FAILURE
add_team: FAILURE
remove_player: SUCCESS
unite_teams: FAILURE
add_player: FAILURE
update_player_stats: SUCCESS
add_team: FAILURE
play_match: FAILURE
get_all_players_count: SUCCESS, 19
get_closest_player: SUCCESS, 8
get_team_points: SUCCESS, 8192
add_team: FAILURE
get_num_played_games: SUCCESS, 12100
update_player_stats: SUCCESS
remove_player: SUCCESS
get_closest_player: SUCCESS, 122
knockout_winner: SUCCESS, 14
knockout_winner: SUCCESS, 14
knockout_winner: FAILURE
knockout_winner: FAILURE
knockout_winner: INVALID_INPUT
remove_player: SUCCESS
get_team_points: SUCCESS, 21379
update_player_stats: SUCCESS
play_match: FAILURE
get_closest_player: SUCCESS, 8
knockout_winner: SUCCESS, 18
knockout_winner: SUCCESS, 18
knockout_winner: FAILURE
knockout_winner: FAILURE
knockout_winner: INVALID_INPUT
update_player_stats: SUCCESS
unite_teams: FAILURE
add_team: FAILURE
update_player_stats: SUCCESS
get_team_points: SUCCESS, 11717
remove_team: FAILURE
get_all_players_count: SUCCESS, 5
remove_player: SUCCESS
unite_teams: FAILURE
unite_teams: FAILURE
get_closest_player: SUCCESS, 101
update_player_stats: SUCCESS
get_closest_player: SUCCESS, 135
unite_teams: FAILURE
get_all_players: SUCCESS
49
123
184
112
97
43
148
29
116
172
133
45
70
176
28
111
87
57
200
get_team_points: SUCCESS, 5657
remove_player: SUCCESS
remove_player: SUCCESS
play_match: FAILURE
add_team: FAILURE
remove_player: SUCCESS
add_player: FAILURE
remove_player: SUCCESS
get_closest_player: SUCCESS, 194
unite_teams: FAILURE
get_num_played_games: SUCCESS, 9198
knockout_winner: FAILURE
knockout_winner: SUCCESS, 18
knockout_winner: SUCCESS, 10
knockout_winner: SUCCESS, 18
knockout_winner: INVALID_INPUT
get_top_scorer: SUCCESS, 168
remove_team: FAILURE
get_closest_player: SUCCESS, 106
get_closest_player: SUCCESS, 28
get_team_points: SUCCESS, 11717
knockout_winner: SUCCESS, 18
knockout_winner: SUCCESS, 18
knockout_winner: FAILURE
knockout_winner: FAILURE
knockout_winner: INVALID_INPUT
get_num_played_games: SUCCESS, 10635
unite_teams: FAILURE
add_player: FAILURE
update_player_stats: SUCCESS
unite_teams: FAILURE
get_all_players_count: SUCCESS, 2
get_all_players_count: SUCCESS, 5
add_player: FAILURE
update_player_stats: SUCCESS
get_all_players_count: SUCCESS, 4
knockout_winner: FAILURE
knockout_winner: SUCCESS, 18
knockout_winner: FAILURE
knockout_winner: FAILURE
knockout_winner: INVALID_INPUT
get_num_played_games: SUCCESS, 8764
play_match: FAILURE
unite_teams: FAILURE
get_num_played_games: SUCCESS, 2949
knockout_winner: SUCCESS, 18
knockout_winner: SUCCESS, 18
knockout_winner: SUCCESS, 10
knockout_winner: SUCCESS, 18
knockout_winner: INVALID_INPUT
play_match: FAILURE
remove_team: FAILURE
get_team_points: SUCCESS, 21379
get_all_players: SUCCESS
11
121
59
160
8
47
168
play_match: FAILURE
get_num_played_games: SUCCESS, 7357
remove_team: FAILURE
add_team: FAILURE
get_team_points: SUCCESS, 5657
add_player: FAILURE
get_num_played_games: SUCCESS, 6108
get_num_played_games: SUCCESS, 10197
add_player: FAILURE
get_closest_player: SUCCESS, 90
get_team_points: SUCCESS, 6759
play_match: FAILURE
update_player_stats: SUCCESS
get_num_played_games: SUCCESS, 11285
add_team: FAILURE
add_team: FAILURE
get_top_scorer: SUCCESS, 177
unite_teams: FAILURE
update_player_stats: SUCCESS
knockout_winner: SUCCESS, 10
knockout_winner: SUCCESS, 18
knockout_winner: SUCCESS, 8
knockout_winner: SUCCESS, 18
knockout_winner: INVALID_INPUT
get_all_players: SUCCESS
85
86
72
92
132
add_team: FAILURE
get_team_points: SUCCESS, 11323
get_team_points: SUCCESS, 7294
get_all_players_count: SUCCESS, 4
unite_teams: FAILURE
get_num_played_games: SUCCESS, 20960
knockout_winner: INVALID_INPUT
knockout_winner: SUCCESS, 18
knockout_winner: INVALID_INPUT
knockout_winner: INVALID_INPUT
knockout_winner: INVALID_INPUT
play_match: SUCCESS
get_top_scorer: SUCCESS, 142
get_top_scorer: SUCCESS, 132
get_team_points: SUCCESS, 11268
unite_teams: FAILURE
get_team_points: SUCCESS, 1834
update_player_stats: SUCCESS
get_top_scorer: SUCCESS, 24
play_match: FAILURE
remove_player: SUCCESS
add_team: FAILURE
add_player: FAILURE
add_player: FAILURE
remove_player: SUCCESS
remove_player: SUCCESS
get_num_played_games: SUCCESS, 9541
get_team_points: SUCCESS, 1834
update_player_stats: SUCCESS
get_top_scorer: SUCCESS, 168
remove_player: SUCCESS
remove_player: SUCCESS
add_player: FAILURE
get_top_scorer: SUCCESS, 24
remove_player: SUCCESS
add_team: FAILURE
knockout_winner: SUCCESS, 18
knockout_winner: SUCCESS, 3
knockout_winner: SUCCESS, 3
knockout_winner: SUCCESS, 18
knockout_winner: SUCCESS, 10
get_num_played_games: SUCCESS, 11835
remove_player: SUCCESS
get_team_points: SUCCESS, 1834
knockout_winner: SUCCESS, 3
knockout_winner: INVALID_INPUT
knockout_winner: INVALID_INPUT
knockout_winner: SUCCESS, 18
knockout_winner: SUCCESS, 8
get_team_points: SUCCESS, 8192
get_all_players_count: SUCCESS, 7
get_all_players: SUCCESS
35
118
21
84
15
179
22
122
135
120
142
unite_teams: FAILURE
add_team: FAILURE
play_match: FAILURE
knockout_winner: SUCCESS, 3
knockout_winner: INVALID_INPUT
knockout_winner: INVALID_INPUT
knockout_winner: SUCCESS, 10
knockout_winner: INVALID_INPUT
remove_player: SUCCESS
add_team: FAILURE
remove_team: FAILURE
get_all_players: SUCCESS
55
131
68
26
14
93
124
101
138
41
31
60
update_player_stats: SUCCESS
add_team: FAILURE
get_num_played_games: SUCCESS, 10806
knockout_winner: FAILURE
knockout_winner: SUCCESS, 10
knockout_winner: FAILURE
knockout_winner: FAILURE
knockout_winner: INVALID_INPUT
remove_player: SUCCESS
add_team: FAILURE
remove_team: FAILURE
update_player_stats: SUCCESS
play_match: FAILURE
get_all_players: SUCCESS
1
66
100
189
88
25
16
44
19
109
198
get_all_players: SUCCESS
74
64
152
130
104
get_all_players_count: SUCCESS, 12
get_top_scorer: SUCCESS, 57
add_player: FAILURE
unite_teams: FAILURE
remove_player: SUCCESS
unite_teams: FAILURE
knockout_winner: SUCCESS, 3
knockout_winner: INVALID_INPUT
knockout_winner: INVALID_INPUT
knockout_winner: FAILURE
knockout_winner: INVALID_INPUT
update_player_stats: SUCCESS
get_top_scorer: SUCCESS, 125
add_player: FAILURE
get_all_players_count: SUCCESS, 9
get_all_players_count: SUCCESS, 8
get_top_scorer: SUCCESS, 125
get_top_scorer: SUCCESS, 143
get_num_played_games: SUCCESS, 6325
remove_player: SUCCESS
get_closest_player: SUCCESS, 179
knockout_winner: FAILURE
knockout_winner: SUCCESS, 10
knockout_winner: SUCCESS, 10
knockout_winner: FAILURE
knockout_winner: INVALID_INPUT
get_top_scorer: SUCCESS, 125
get_all_players: SUCCESS
105
125
get_team_points: SUCCESS, 1834
add_team: FAILURE
remove_player: SUCCESS
add_player: FAILURE
get_top_scorer: SUCCESS, 143
remove_team: FAILURE
get_all_players_count: SUCCESS, 9
play_match: FAILURE
get_top_scorer: SUCCESS, 177
get_all_players: SUCCESS
67
166
157
173
167
155
147
54
10
36
13
get_num_played_games: SUCCESS, 12100
play_match: FAILURE
knockout_winner: FAILURE
knockout_winner: SUCCESS, 10
knockout_winner: FAILURE
knockout_winner: FAILURE
knockout_winner: INVALID_INPUT
unite_teams: FAILURE
get_team_points: SUCCESS, 21379
get_all_players: SUCCESS
67
166
157
173
167
155
147
54
10
36
13
unite_teams: FAILURE
add_player: FAILURE
get_closest_player: SUCCESS, 172
get_num_played_games: SUCCESS, 11453
get_all_players: SUCCESS
113
126
119
61
get_all_players_count: SUCCESS, 12
remove_team: FAILURE
update_player_stats: SUCCESS
get_team_points: SUCCESS, 6670
remove_team: FAILURE
get_num_played_games: SUCCESS, 8330
update_player_stats: SUCCESS
add_player: FAILURE
get_all_players: SUCCESS
58
146
51
182
33
106
134
114
144
185
knockout_winner: FAILURE
knockout_winner: SUCCESS, 10
knockout_winner: SUCCESS, 10
knockout_winner: FAILURE
knockout_winner: INVALID_INPUT
add_player: FAILURE
get_top_scorer: SUCCESS, 132
get_closest_player: SUCCESS, 152
unite_teams: FAILURE
get_top_scorer: SUCCESS, 132
get_team_points: SUCCESS, 8192
add_player: FAILURE
remove_team: FAILURE
get_all_players: SUCCESS
110
17
158
6
107
161
78
38
play_match: FAILURE
get_all_players: SUCCESS
1
66
100
189
25
16
44
19
109
198
update_player_stats: SUCCESS
add_player: FAILURE
get_closest_player: SUCCESS, 36
add_player: FAILURE
knockout_winner: SUCCESS, 10
knockout_winner: SUCCESS, 3
knockout_winner: SUCCESS, 3
knockout_winner: FAILURE
knockout_winner: INVALID_INPUT
get_num_played_games: SUCCESS, 668
update_player_stats: SUCCESS
get_closest_player: SUCCESS, 133
get_team_points: SUCCESS, 7294
remove_team: FAILURE
get_all_players_count: SUCCESS, 5
knockout_winner: SUCCESS, 3
knockout_winner: INVALID_INPUT
knockout_winner: INVALID_INPUT
knockout_winner: SUCCESS, 10
knockout_winner: INVALID_INPUT
get_num_played_games: SUCCESS, 23572
add_team: FAILURE
get_num_played_games: SUCCESS, 2949
update_player_stats: SUCCESS
get_num_played_games: SUCCESS, 7159
remove_player: SUCCESS
remove_player: SUCCESS
remove_player: SUCCESS
remove_player: SUCCESS
remove_player: SUCCESS
remove_player: SUCCESS
remove_player: SUCCESS
remove_player: SUCCESS
remove_player: SUCCESS
remove_player: SUCCESS
remove_player: SUCCESS
remove_player: SUCCESS
remove_player: SUCCESS
remove_player: SUCCESS
remove_player: SUCCESS
remove_player: SUCCESS
remove_player: SUCCESS
remove_player: SUCCESS
remove_player: SUCCESS
remove_player: SUCCESS
remove_player: SUCCESS
remove_player: SUCCESS
remove_player: SUCCESS
remove_player: SUCCESS
remove_player: SUCCESS
remove_player: SUCCESS
remove_player: SUCCESS
remove_player: SUCCESS
remove_player: SUCCESS
remove_player: SUCCESS
remove_player: SUCCESS
remove_player: SUCCESS
remove_player: SUCCESS
remove_player: SUCCESS
remove_player: SUCCESS
remove_player: SUCCESS
remove_player: SUCCESS
remove_player: SUCCESS
remove_player: SUCCESS
remove_player: SUCCESS
remove_player: SUCCESS
remove_player: SUCCESS
remove_player: SUCCESS
remove_player: SUCCESS
remove_player: SUCCESS
remove_player: SUCCESS
remove_player: SUCCESS
remove_player: SUCCESS
remove_player: SUCCESS
remove_player: SUCCESS
remove_player: SUCCESS
remove_player: SUCCESS
remove_player: SUCCESS
remove_player: SUCCESS
remove_player: SUCCESS
remove_player: SUCCESS
remove_player: SUCCESS
remove_player: SUCCESS
remove_player: SUCCESS
remove_player: SUCCESS
remove_player: SUCCESS
remove_player: SUCCESS
remove_player: SUCCESS
remove_player: SUCCESS
remove_player: SUCCESS
remove_player: SUCCESS
remove_player: SUCCESS
remove_player: SUCCESS
remove_player: SUCCESS
remove_player: SUCCESS
remove_player: SUCCESS
remove_player: SUCCESS
remove_player: SUCCESS
remove_player: SUCCESS
remove_player: SUCCESS
remove_player: SUCCESS
remove_player: SUCCESS
remove_player: SUCCESS
remove_player: SUCCESS
remove_player: SUCCESS
remove_player: SUCCESS
remove_player: SUCCESS
remove_player: SUCCESS
remove_player: SUCCESS
remove_player: SUCCESS
remove_player: SUCCESS
remove_player: SUCCESS
remove_player: SUCCESS
remove_player: SUCCESS
remove_player: SUCCESS
remove_player: SUCCESS
remove_player: SUCCESS
remove_player: SUCCESS
remove_player: SUCCESS
remove_player: SUCCESS
remove_player: SUCCESS
remove_player: SUCCESS
remove_player: SUCCESS
remove_player: SUCCESS
remove_player: SUCCESS
remove_player: SUCCESS
remove_player: SUCCESS
remove_player: SUCCESS
remove_player: SUCCESS
remove_player: SUCCESS
remove_player: SUCCESS
remove_player: SUCCESS
remove_player: SUCCESS
remove_player: SUCCESS
remove_player: SUCCESS
remove_player: SUCCESS
remove_player: SUCCESS
remove_player: SUCCESS
remove_player: SUCCESS
remove_player: SUCCESS
remove_player: SUCCESS
remove_player: SUCCESS
remove_player: SUCCESS
remove_player: SUCCESS
remove_player: SUCCESS
remove_player: SUCCESS
remove_player: SUCCESS
remove_player: SUCCESS
remove_player: SUCCESS
remove_team: SUCCESS
remove_team: SUCCESS
remove_team: SUCCESS
remove_team: SUCCESS
remove_team: SUCCESS
remove_team: SUCCESS
remove_team: SUCCESS
remove_team: SUCCESS
remove_team: SUCCESS
remove_team: SUCCESS
remove_team: SUCCESS
remove_team: SUCCESS
remove_team: SUCCESS
remove_team: SUCCESS
remove_team: SUCCESS
remove_team: SUCCESS
