add_team: SUCCESS
add_team: SUCCESS
add_team: SUCCESS
add_team: SUCCESS
add_team: SUCCESS
add_team: SUCCESS
add_team: SUCCESS
add_team: SUCCESS
add_team: SUCCESS
add_team: SUCCESS
add_team: SUCCESS
add_team: SUCCESS
add_team: SUCCESS
add_team: SUCCESS
add_team: SUCCESS
add_team: SUCCESS
add_team: SUCCESS
add_team: SUCCESS
add_team: SUCCESS
add_team: SUCCESS
add_player: SUCCESS
add_player: SUCCESS
add_player: SUCCESS
add_player: SUCCESS
add_player: SUCCESS
add_player: SUCCESS
add_player: SUCCESS
add_player: SUCCESS
add_player: SUCCESS
add_player: SUCCESS
add_player: SUCCESS
add_player: SUCCESS
add_player: SUCCESS
add_player: SUCCESS
add_player: SUCCESS
add_player: SUCCESS
add_player: SUCCESS
add_player: SUCCESS
add_player: SUCCESS
add_player: SUCCESS
add_player: SUCCESS
add_player: SUCCESS
add_player: SUCCESS
add_player: SUCCESS
add_player: SUCCESS
add_player: SUCCESS
add_player: SUCCESS
add_player: SUCCESS
add_player: SUCCESS
add_player: SUCCESS
add_player: SUCCESS
add_player: SUCCESS
add_player: SUCCESS
add_player: SUCCESS
add_player: SUCCESS
add_player: SUCCESS
add_player: SUCCESS
add_player: SUCCESS
add_player: SUCCESS
add_player: SUCCESS
add_player: SUCCESS
add_player: SUCCESS
add_player: SUCCESS
add_player: SUCCESS
add_player: SUCCESS
add_player: SUCCESS
add_player: SUCCESS
add_player: SUCCESS
add_player: SUCCESS
add_player: SUCCESS
add_player: SUCCESS
add_player: SUCCESS
add_player: SUCCESS
add_player: SUCCESS
add_player: SUCCESS
add_player: SUCCESS
add_player: SUCCESS
add_player: SUCCESS
add_player: SUCCESS
add_player: SUCCESS
add_player: SUCCESS
add_player: SUCCESS
add_player: SUCCESS
add_player: SUCCESS
add_player: SUCCESS
add_player: SUCCESS
add_player: SUCCESS
add_player: SUCCESS
add_player: SUCCESS
add_player: SUCCESS
add_player: SUCCESS
add_player: SUCCESS
add_player: SUCCESS
add_player: SUCCESS
add_player: SUCCESS
add_player: SUCCESS
add_player: SUCCESS
add_player: SUCCESS
add_player: SUCCESS
add_player: SUCCESS
add_player: SUCCESS
add_player: SUCCESS
add_player: SUCCESS
add_player: SUCCESS
add_player: SUCCESS
add_player: SUCCESS
add_player: SUCCESS
add_player: SUCCESS
add_player: SUCCESS
add_player: SUCCESS
add_player: SUCCESS
add_player: SUCCESS
add_player: SUCCESS
add_player: SUCCESS
add_player: SUCCESS
add_player: SUCCESS
add_player: SUCCESS
add_player: SUCCESS
add_player: SUCCESS
add_player: SUCCESS
add_player: SUCCESS
add_player: SUCCESS
add_player: SUCCESS
add_player: SUCCESS
add_player: SUCCESS
add_player: SUCCESS
add_player: SUCCESS
add_player: SUCCESS
add_player: SUCCESS
add_player: SUCCESS
add_player: SUCCESS
add_player: SUCCESS
add_player: SUCCESS
add_player: SUCCESS
add_player: SUCCESS
add_player: SUCCESS
add_player: SUCCESS
add_player: SUCCESS
add_player: SUCCESS
add_player: SUCCESS
add_player: SUCCESS
add_player: SUCCESS
add_player: SUCCESS
add_player: SUCCESS
add_player: SUCCESS
add_player: SUCCESS
add_player: SUCCESS
add_player: SUCCESS
add_player: SUCCESS
add_player: SUCCESS
add_player: SUCCESS
add_player: SUCCESS
add_player: SUCCESS
add_player: SUCCESS
add_player: SUCCESS
add_player: SUCCESS
add_player: SUCCESS
add_player: SUCCESS
add_player: SUCCESS
add_player: SUCCESS
add_player: SUCCESS
add_player: SUCCESS
add_player: SUCCESS
add_player: SUCCESS
add_player: SUCCESS
add_player: SUCCESS
add_player: SUCCESS
add_player: SUCCESS
add_player: SUCCESS
add_player: SUCCESS
add_player: SUCCESS
add_player: SUCCESS
add_player: SUCCESS
add_player: SUCCESS
add_player: SUCCESS
add_player: SUCCESS
add_player: SUCCESS
add_player: SUCCESS
add_player: SUCCESS
add_player: SUCCESS
add_player: SUCCESS
add_player: SUCCESS
add_player: SUCCESS
add_player: SUCCESS
add_player: SUCCESS
add_player: SUCCESS
add_player: SUCCESS
add_player: SUCCESS
add_player: SUCCESS
add_player: SUCCESS
add_player: SUCCESS
add_player: SUCCESS
add_player: SUCCESS
add_player: SUCCESS
add_player: SUCCESS
add_player: SUCCESS
add_player: SUCCESS
add_player: SUCCESS
add_player: SUCCESS
add_player: SUCCESS
add_player: SUCCESS
add_player: SUCCESS
add_player: SUCCESS
add_player: SUCCESS
add_player: SUCCESS
add_player: SUCCESS
add_player: SUCCESS
add_player: SUCCESS
add_player: SUCCESS
add_player: SUCCESS
add_player: SUCCESS
add_player: SUCCESS
add_player: SUCCESS
add_player: SUCCESS
add_player: SUCCESS
add_player: SUCCESS
add_player: SUCCESS
add_player: SUCCESS
add_player: SUCCESS
add_player: SUCCESS
get_team_points: SUCCESS, 3102
get_top_scorer: SUCCESS, 61
update_player_stats: SUCCESS
remove_player: SUCCESS
remove_team: FAILURE
knockout_winner: SUCCESS, 4
knockout_winner: INVALID_INPUT
knockout_winner: INVALID_INPUT
knockout_winner: SUCCESS, 9
knockout_winner: INVALID_INPUT
remove_team: FAILURE
add_team: FAILURE
add_team: FAILURE
get_closest_player: SUCCESS, 138
add_player: FAILURE
play_match: FAILURE
unite_teams: FAILURE
add_player: FAILURE
remove_team: FAILURE
play_match: FAILURE
get_closest_player: SUCCESS, 123
get_num_played_games: SUCCESS, 1731
get_num_played_games: SUCCESS, 8092
get_team_points: SUCCESS, 2445
update_player_stats: SUCCESS
knockout_winner: FAILURE
knockout_winner: SUCCESS, 13
knockout_winner: SUCCESS, 13
knockout_winner: FAILURE
knockout_winner: INVALID_INPUT
unite_teams: FAILURE
update_player_stats: SUCCESS
get_all_players: SUCCESS
120
53
179
184
124
149
182
54
110
43
101
28
90
16
14
85
192
update_player_stats: SUCCESS
get_team_points: SUCCESS, 11437
get_team_points: SUCCESS, 10263
get_team_points: SUCCESS, 10001
get_all_players_count: SUCCESS, 12
add_team: FAILURE
knockout_winner: FAILURE
knockout_winner: SUCCESS, 11
knockout_winner: SUCCESS, 11
knockout_winner: FAILURE
knockout_winner: INVALID_INPUT
get_all_players_count: SUCCESS, 9
unite_teams: FAILURE
unite_teams: FAILURE
get_team_points: SUCCESS, 154
get_all_players_count: SUCCESS, 9
update_player_stats: SUCCESS
get_team_points: SUCCESS, 10150
get_top_scorer: SUCCESS, 4
get_closest_player: SUCCESS, 4
remove_team: FAILURE
add_player: FAILURE
get_closest_player: SUCCESS, 110
get_num_played_games: SUCCESS, 5356
get_top_scorer: SUCCESS, 36
unite_teams: FAILURE
knockout_winner: SUCCESS, 9
knockout_winner: SUCCESS, 9
knockout_winner: SUCCESS, 4
knockout_winner: SUCCESS, 13
knockout_winner: INVALID_INPUT
get_num_played_games: SUCCESS, 2559
get_top_scorer: SUCCESS, 68
get_num_played_games: SUCCESS, 8138
get_all_players_count: SUCCESS, 12
get_top_scorer: SUCCESS, 19
get_all_players_count: SUCCESS, 7
play_match: SUCCESS
add_team: FAILURE
add_team: FAILURE
play_match: FAILURE
remove_team: FAILURE
knockout_winner: FAILURE
knockout_winner: FAILURE
knockout_winner: FAILURE
knockout_winner: FAILURE
knockout_winner: INVALID_INPUT
remove_player: SUCCESS
get_all_players_count: SUCCESS, 9
unite_teams: FAILURE
get_closest_player: SUCCESS, 56
get_closest_player: SUCCESS, 59
get_top_scorer: SUCCESS, 19
update_player_stats: SUCCESS
get_num_played_games: SUCCESS, 3981
add_player: FAILURE
play_match: FAILURE
knockout_winner: FAILURE
knockout_winner: SUCCESS, 11
knockout_winner: FAILURE
knockout_winner: FAILURE
knockout_winner: INVALID_INPUT
get_team_points: SUCCESS, 9722
get_closest_player: SUCCESS, 134
get_closest_player: SUCCESS, 163
add_player: FAILURE
remove_team: FAILURE
get_num_played_games: SUCCESS, 11029
get_team_points: SUCCESS, 11437
get_all_players_count: SUCCESS, 7
remove_team: FAILURE
add_team: FAILURE
get_all_players: SUCCESS
156
63
168
118
67
131
176
unite_teams: FAILURE
remove_team: FAILURE
get_team_points: SUCCESS, 3199
add_player: FAILURE
remove_team: FAILURE
get_all_players_count: SUCCESS, 17
add_player: FAILURE
get_num_played_games: SUCCESS, 1149
update_player_stats: SUCCESS
remove_team: FAILURE
get_closest_player: SUCCESS, 51
remove_player: SUCCESS
add_team: FAILURE
update_player_stats: SUCCESS
unite_teams: FAILURE
get_all_players: SUCCESS
113
181
183
83
128
154
140
145
177
171
7
20
114
99
add_team: FAILURE
get_closest_player: SUCCESS, 73
unite_teams: FAILURE
knockout_winner: SUCCESS, 9
knockout_winner: INVALID_INPUT
knockout_winner: INVALID_INPUT
knockout_winner: SUCCESS, 9
knockout_winner: SUCCESS, 9
add_team: FAILURE
add_player: FAILURE
remove_player: SUCCESS
update_player_stats: SUCCESS
unite_teams: SUCCESS
add_team: FAILURE
update_player_stats: SUCCESS
add_player: FAILURE
remove_team: FAILURE
get_all_players: SUCCESS
93
136
121
72
153
2
189
44
56
198
185
70
52
knockout_winner: INVALID_INPUT
knockout_winner: INVALID_INPUT
knockout_winner: INVALID_INPUT
knockout_winner: INVALID_INPUT
knockout_winner: INVALID_INPUT
unite_teams: FAILURE
unite_teams: FAILURE
update_player_stats: SUCCESS
get_all_players: SUCCESS
113
181
183
83
128
154
140
145
177
171
7
20
114
99
get_all_players: SUCCESS
5
165
89
148
remove_player: SUCCESS
remove_player: SUCCESS
get_top_scorer: SUCCESS, 88
get_top_scorer: SUCCESS, 9
get_all_players: SUCCESS
29
146
97
12
187
172
91
37
9
remove_player: SUCCESS
unite_teams: INVALID_INPUT
update_player_stats: SUCCESS
add_player: FAILURE
play_match: SUCCESS
get_top_scorer: SUCCESS, 99
knockout_winner: SUCCESS, 9
knockout_winner: SUCCESS, 9
knockout_winner: SUCCESS, 4
knockout_winner: FAILURE
knockout_winner: INVALID_INPUT
get_team_points: SUCCESS, 6236
get_all_players: SUCCESS
123
157
126
87
39
151
104
164
update_player_stats: SUCCESS
get_team_points: SUCCESS, 8644
update_player_stats: SUCCESS
add_player: FAILURE
get_closest_player: SUCCESS, 30
get_top_scorer: SUCCESS, 99
get_top_scorer: SUCCESS, 10
remove_team: FAILURE
get_top_scorer: SUCCESS, 148
add_team: FAILURE
get_num_played_games: SUCCESS, 8239
add_team: FAILURE
get_closest_player: SUCCESS, 110
add_player: FAILURE
update_player_stats: SUCCESS
get_team_points: SUCCESS, 11437
get_top_scorer: SUCCESS, 187
knockout_winner: SUCCESS, 1
knockout_winner: INVALID_INPUT
knockout_winner: INVALID_INPUT
knockout_winner: SUCCESS, 6
knockout_winner: INVALID_INPUT
knockout_winner: SUCCESS, 9
knockout_winner: SUCCESS, 9
knockout_winner: SUCCESS, 9
knockout_winner: FAILURE
knockout_winner: FAILURE
get_top_scorer: SUCCESS, 192
get_all_players: SUCCESS
94
137
95
173
11
1
135
102
21
31
180
163
57
64
139
141
169
107
47
68
61
106
10
get_closest_player: SUCCESS, 181
remove_team: FAILURE
get_num_played_games: SUCCESS, 4283
add_team: FAILURE
get_team_points: SUCCESS, 4111
get_closest_player: SUCCESS, 99
get_all_players_count: SUCCESS, 14
update_player_stats: SUCCESS
play_match: FAILURE
play_match: FAILURE
play_match: FAILURE
play_match: FAILURE
knockout_winner: SUCCESS, 11
knockout_winner: SUCCESS, 9
knockout_winner: SUCCESS, 9
knockout_winner: FAILURE
knockout_winner: INVALID_INPUT
unite_teams: FAILURE
get_team_points: SUCCESS, 1092
get_team_points: SUCCESS, 2469
unite_teams: FAILURE
remove_player: SUCCESS
unite_teams: SUCCESS
get_all_players_count: SUCCESS, 9
get_top_scorer: SUCCESS, 88
get_all_players_count: SUCCESS, 8
add_player: FAILURE
update_player_stats: SUCCESS
get_all_players_count: SUCCESS, 7
get_team_points: SUCCESS, 14033
add_player: FAILURE
remove_player: SUCCESS
get_all_players: SUCCESS
147
41
48
78
96
186
24
117
130
19
178
remove_player: SUCCESS
update_player_stats: SUCCESS
update_player_stats: SUCCESS
get_num_played_games: SUCCESS, 5468
get_closest_player: SUCCESS, 182
get_closest_player: SUCCESS, 137
get_team_points: SUCCESS, 2469
remove_player: SUCCESS
get_all_players_count: SUCCESS, 7
update_player_stats: SUCCESS
add_player: FAILURE
play_match: FAILURE
update_player_stats: SUCCESS
get_closest_player: SUCCESS, 38
get_num_played_games: SUCCESS, 442
update_player_stats: SUCCESS
knockout_winner: SUCCESS, 9
knockout_winner: INVALID_INPUT
knockout_winner: INVALID_INPUT
knockout_winner: SUCCESS, 9
knockout_winner: INVALID_INPUT
update_player_stats: SUCCESS
get_top_scorer: SUCCESS, 144
add_team: FAILURE
add_team: FAILURE
remove_player: SUCCESS
get_team_points: SUCCESS, 8702
get_num_played_games: SUCCESS, 2727
get_top_scorer: SUCCESS, 144
play_match: FAILURE
play_match: FAILURE
get_all_players_count: SUCCESS, 11
get_top_scorer: SUCCESS, 159
get_team_points: SUCCESS, 9806
get_closest_player: SUCCESS, 23
update_player_stats: SUCCESS
get_all_players: SUCCESS
25
195
86
174
38
3
45
58
84
144
unite_teams: FAILURE
get_all_players: SUCCESS
103
199
81
76
170
152
188
75
18
add_player: FAILURE
get_all_players: SUCCESS
69
161
51
42
50
36
159
get_top_scorer: SUCCESS, 164
get_num_played_games: SUCCESS, 960
unite_teams: FAILURE
unite_teams: FAILURE
unite_teams: FAILURE
get_all_players: SUCCESS
123
157
126
87
39
151
104
164
remove_player: SUCCESS
get_closest_player: SUCCESS, 167
play_match: SUCCESS
remove_player: SUCCESS
get_closest_player: SUCCESS, 184
add_player: FAILURE
get_all_players_count: SUCCESS, 4
get_all_players_count: SUCCESS, 8
add_player: FAILURE
unite_teams: FAILURE
get_top_scorer: SUCCESS, 138
add_player: FAILURE
get_all_players_count: SUCCESS, 11
remove_player: SUCCESS
remove_player: SUCCESS
get_top_scorer: SUCCESS, 144
add_team: FAILURE
play_match: INVALID_INPUT
play_match: FAILURE
knockout_winner: SUCCESS, 11
knockout_winner: SUCCESS, 9
knockout_winner: SUCCESS, 7
knockout_winner: FAILURE
knockout_winner: INVALID_INPUT
unite_teams: FAILURE
remove_player: SUCCESS
remove_team: FAILURE
add_player: FAILURE
update_player_stats: SUCCESS
add_team: FAILURE
unite_teams: FAILURE
update_player_stats: SUCCESS
get_all_players_count: SUCCESS, 8
get_top_scorer: SUCCESS, 10
add_player: FAILURE
get_team_points: SUCCESS, 506
add_team: FAILURE
get_team_points: SUCCESS, 8644
get_top_scorer: SUCCESS, 144
add_player: FAILURE
update_player_stats: SUCCESS
remove_player: SUCCESS
get_all_players: SUCCESS
69
161
51
42
50
36
159
get_closest_player: SUCCESS, 163
get_team_points: SUCCESS, 6245
update_player_stats: SUCCESS
update_player_stats: SUCCESS
add_player: FAILURE
get_closest_player: SUCCESS, 22
add_player: FAILURE
get_all_players_count: SUCCESS, 13
get_num_played_games: SUCCESS, 11312
remove_player: SUCCESS
knockout_winner: SUCCESS, 1
knockout_winner: INVALID_INPUT
knockout_winner: INVALID_INPUT
knockout_winner: SUCCESS, 9
knockout_winner: SUCCESS, 7
remove_player: SUCCESS
remove_player: SUCCESS
update_player_stats: SUCCESS
add_player: FAILURE
update_player_stats: SUCCESS
get_team_points: SUCCESS, 506
unite_teams: FAILURE
unite_teams: SUCCESS
add_player: FAILURE
get_num_played_games: SUCCESS, 4583
get_closest_player: SUCCESS, 193
add_player: FAILURE
unite_teams: FAILURE
update_player_stats: SUCCESS
update_player_stats: SUCCESS
knockout_winner: SUCCESS, 11
knockout_winner: SUCCESS, 9
knockout_winner: SUCCESS, 6
knockout_winner: FAILURE
knockout_winner: INVALID_INPUT
add_team: FAILURE
add_player: FAILURE
get_num_played_games: SUCCESS, 9874
get_all_players_count: SUCCESS, 3
get_top_scorer: SUCCESS, 138
update_player_stats: SUCCESS
knockout_winner: SUCCESS, 11
knockout_winner: SUCCESS, 9
knockout_winner: SUCCESS, 9
knockout_winner: FAILURE
knockout_winner: INVALID_INPUT
get_all_players_count: SUCCESS, 4
get_all_players_count: SUCCESS, 18
play_match: SUCCESS
play_match: FAILURE
knockout_winner: INVALID_INPUT
knockout_winner: SUCCESS, 4
knockout_winner: INVALID_INPUT
knockout_winner: INVALID_INPUT
knockout_winner: INVALID_INPUT
get_all_players: SUCCESS
156
63
168
118
67
131
176
unite_teams: FAILURE
get_num_played_games: SUCCESS, 639
get_num_played_games: SUCCESS, 5258
update_player_stats: SUCCESS
get_num_played_games: SUCCESS, 14935
play_match: FAILURE
get_closest_player: SUCCESS, 163
knockout_winner: SUCCESS, 9
knockout_winner: SUCCESS, 9
knockout_winner: SUCCESS, 4
knockout_winner: SUCCESS, 13
knockout_winner: INVALID_INPUT
update_player_stats: SUCCESS
get_all_players_count: SUCCESS, 11
knockout_winner: INVALID_INPUT
knockout_winner: INVALID_INPUT
knockout_winner: INVALID_INPUT
knockout_winner: INVALID_INPUT
knockout_winner: INVALID_INPUT
play_match: FAILURE
knockout_winner: FAILURE
knockout_winner: SUCCESS, 13
knockout_winner: SUCCESS, 13
knockout_winner: FAILURE
knockout_winner: INVALID_INPUT
get_all_players_count: SUCCESS, 8
get_closest_player: SUCCESS, 185
remove_team: FAILURE
get_all_players_count: SUCCESS, 7
knockout_winner: FAILURE
knockout_winner: SUCCESS, 13
knockout_winner: SUCCESS, 13
knockout_winner: FAILURE
knockout_winner: INVALID_INPUT
get_top_scorer: SUCCESS, 18
get_num_played_games: SUCCESS, 8934
knockout_winner: INVALID_INPUT
knockout_winner: SUCCESS, 13
knockout_winner: INVALID_INPUT
knockout_winner: INVALID_INPUT
knockout_winner: INVALID_INPUT
get_closest_player: SUCCESS, 26
add_team: FAILURE
add_team: FAILURE
get_all_players_count: SUCCESS, 7
play_match: FAILURE
remove_player: SUCCESS
get_all_players_count: SUCCESS, 11
get_team_points: SUCCESS, 5577
remove_team: FAILURE
get_top_scorer: SUCCESS, 138
unite_teams: FAILURE
add_player: FAILURE
play_match: FAILURE
add_team: FAILURE
play_match: FAILURE
get_all_players: SUCCESS
103
199
81
76
170
188
75
18
play_match: FAILURE
get_all_players: SUCCESS
25
195
174
38
3
45
58
84
144
play_match: FAILURE
get_num_played_games: SUCCESS, 4278
update_player_stats: SUCCESS
play_match: FAILURE
add_player: FAILURE
add_team: FAILURE
add_player: FAILURE
get_top_scorer: SUCCESS, 116
add_team: FAILURE
play_match: SUCCESS
get_all_players: SUCCESS
82
66
142
remove_team: FAILURE
play_match: FAILURE
get_all_players: SUCCESS
113
181
183
83
128
145
177
7
20
114
99
140
171
get_all_players: SUCCESS
103
199
81
76
170
188
75
18
unite_teams: FAILURE
get_top_scorer: SUCCESS, 142
get_team_points: SUCCESS, 9866
remove_team: FAILURE
remove_player: SUCCESS
knockout_winner: SUCCESS, 9
knockout_winner: SUCCESS, 9
knockout_winner: SUCCESS, 4
knockout_winner: FAILURE
knockout_winner: INVALID_INPUT
knockout_winner: SUCCESS, 9
knockout_winner: SUCCESS, 9
knockout_winner: SUCCESS, 4
knockout_winner: FAILURE
knockout_winner: INVALID_INPUT
get_all_players_count: SUCCESS, 7
add_team: FAILURE
add_player: FAILURE
play_match: FAILURE
update_player_stats: SUCCESS
get_all_players: SUCCESS
113
181
183
83
128
145
177
7
20
114
99
140
171
remove_player: SUCCESS
get_top_scorer: SUCCESS, 176
knockout_winner: FAILURE
knockout_winner: SUCCESS, 9
knockout_winner: SUCCESS, 9
knockout_winner: FAILURE
knockout_winner: INVALID_INPUT
remove_team: FAILURE
play_match: FAILURE
get_team_points: SUCCESS, 10150
knockout_winner: FAILURE
knockout_winner: SUCCESS, 9
knockout_winner: FAILURE
knockout_winner: SUCCESS, 13
knockout_winner: INVALID_INPUT
get_num_played_games: SUCCESS, 8188
get_team_points: SUCCESS, 11437
unite_teams: FAILURE
get_top_scorer: SUCCESS, 144
knockout_winner: SUCCESS, 9
knockout_winner: INVALID_INPUT
knockout_winner: INVALID_INPUT
knockout_winner: SUCCESS, 9
knockout_winner: SUCCESS, 9
get_team_points: SUCCESS, 10001
remove_player: SUCCESS
get_closest_player: SUCCESS, 8
remove_player: SUCCESS
get_num_played_games: SUCCESS, 273
update_player_stats: SUCCESS
get_num_played_games: SUCCESS, 9883
get_team_points: SUCCESS, 14045
get_top_scorer: SUCCESS, 176
get_num_played_games: SUCCESS, 1282
add_player: FAILURE
remove_team: FAILURE
get_team_points: SUCCESS, 10150
get_num_played_games: SUCCESS, 1770
get_top_scorer: SUCCESS, 138
remove_player: SUCCESS
get_num_played_games: SUCCESS, 3873
unite_teams: SUCCESS
get_closest_player: SUCCESS, 11
add_team: FAILURE
get_team_points: SUCCESS, 8644
remove_player: SUCCESS
get_team_points: SUCCESS, 8729
add_team: FAILURE
play_match: FAILURE
play_match: INVALID_INPUT
remove_player: SUCCESS
get_top_scorer: SUCCESS, 73
remove_player: SUCCESS
get_team_points: SUCCESS, 8022
update_player_stats: SUCCESS
get_top_scorer: SUCCESS, 171
remove_player: SUCCESS
get_closest_player: SUCCESS, 126
knockout_winner: FAILURE
knockout_winner: SUCCESS, 13
knockout_winner: SUCCESS, 13
knockout_winner: FAILURE
knockout_winner: INVALID_INPUT
add_team: FAILURE
remove_player: SUCCESS
get_all_players: SUCCESS
93
72
153
2
189
44
56
185
52
198
70
get_top_scorer: SUCCESS, 88
remove_team: FAILURE
knockout_winner: INVALID_INPUT
knockout_winner: INVALID_INPUT
knockout_winner: INVALID_INPUT
knockout_winner: INVALID_INPUT
knockout_winner: INVALID_INPUT
get_top_scorer: SUCCESS, 164
get_closest_player: SUCCESS, 157
update_player_stats: SUCCESS
get_num_played_games: SUCCESS, 12186
get_closest_player: SUCCESS, 114
get_all_players: SUCCESS
113
181
183
83
128
145
7
20
114
99
140
171
get_closest_player: SUCCESS, 16
get_all_players: SUCCESS
94
173
11
1
137
135
21
31
163
57
64
139
169
47
61
141
106
107
10
unite_teams: FAILURE
add_player: FAILURE
unite_teams: FAILURE
get_closest_player: SUCCESS, 75
get_top_scorer: SUCCESS, 187
remove_team: FAILURE
remove_player: SUCCESS
add_team: FAILURE
remove_player: SUCCESS
knockout_winner: SUCCESS, 1
knockout_winner: INVALID_INPUT
knockout_winner: INVALID_INPUT
knockout_winner: FAILURE
knockout_winner: INVALID_INPUT
get_all_players_count: SUCCESS, 26
get_all_players: SUCCESS
175
125
55
111
92
129
77
200
65
27
62
32
49
60
89
165
40
148
5
116
73
unite_teams: FAILURE
get_num_played_games: SUCCESS, 5814
get_all_players_count: SUCCESS, 8
remove_player: SUCCESS
update_player_stats: SUCCESS
play_match: INVALID_INPUT
play_match: FAILURE
get_all_players_count: SUCCESS, 3
get_closest_player: SUCCESS, 23
get_all_players: SUCCESS
33
191
100
119
46
23
162
143
35
74
138
get_closest_player: SUCCESS, 94
update_player_stats: SUCCESS
get_top_scorer: SUCCESS, 164
add_team: FAILURE
unite_teams: SUCCESS
unite_teams: FAILURE
remove_team: FAILURE
get_team_points: SUCCESS, 6263
get_top_scorer: SUCCESS, 155
get_top_scorer: SUCCESS, 164
get_closest_player: SUCCESS, 32
get_team_points: SUCCESS, 14045
get_closest_player: SUCCESS, 32
update_player_stats: SUCCESS
get_team_points: SUCCESS, 9345
get_team_points: SUCCESS, 11785
knockout_winner: INVALID_INPUT
knockout_winner: INVALID_INPUT
knockout_winner: INVALID_INPUT
knockout_winner: INVALID_INPUT
knockout_winner: INVALID_INPUT
remove_player: SUCCESS
unite_teams: FAILURE
update_player_stats: SUCCESS
get_team_points: SUCCESS, 11785
update_player_stats: SUCCESS
update_player_stats: SUCCESS
knockout_winner: SUCCESS, 9
knockout_winner: INVALID_INPUT
knockout_winner: INVALID_INPUT
knockout_winner: SUCCESS, 9
knockout_winner: FAILURE
remove_team: FAILURE
get_closest_player: SUCCESS, 13
update_player_stats: SUCCESS
update_player_stats: SUCCESS
add_player: FAILURE
add_player: FAILURE
get_top_scorer: SUCCESS, 70
add_team: FAILURE
get_team_points: SUCCESS, 11437
get_team_points: SUCCESS, 8644
remove_team: FAILURE
get_top_scorer: SUCCESS, 50
unite_teams: FAILURE
update_player_stats: SUCCESS
get_num_played_games: SUCCESS, 10270
play_match: FAILURE
get_closest_player: SUCCESS, 47
get_num_played_games: SUCCESS, 13735
remove_player: SUCCESS
add_team: FAILURE
get_closest_player: SUCCESS, 146
remove_player: SUCCESS
get_num_played_games: SUCCESS, 5510
add_team: FAILURE
get_all_players: SUCCESS
113
181
183
83
128
145
7
20
99
140
114
171
get_num_played_games: SUCCESS, 12134
play_match: FAILURE
remove_player: SUCCESS
update_player_stats: SUCCESS
get_num_played_games: SUCCESS, 4000
get_team_points: SUCCESS, 10150
add_team: FAILURE
get_all_players: SUCCESS
94
173
11
1
137
135
21
163
57
139
64
169
47
61
141
106
107
10
get_all_players: SUCCESS
80
98
155
play_match: FAILURE
get_num_played_games: SUCCESS, 9412
play_match: FAILURE
add_team: FAILURE
unite_teams: FAILURE
get_all_players_count: SUCCESS, 11
update_player_stats: SUCCESS
get_num_played_games: SUCCESS, 11822
remove_team: FAILURE
get_all_players_count: SUCCESS, 21
get_team_points: SUCCESS, 10001
update_player_stats: SUCCESS
remove_player: SUCCESS
get_all_players: SUCCESS
105
53
179
184
124
149
182
13
54
101
112
120
22
109
133
90
16
43
26
85
4
192
150
14
remove_player: SUCCESS
knockout_winner: INVALID_INPUT
knockout_winner: FAILURE
knockout_winner: INVALID_INPUT
knockout_winner: INVALID_INPUT
knockout_winner: INVALID_INPUT
remove_player: SUCCESS
get_all_players: SUCCESS
123
157
126
87
39
151
164
knockout_winner: SUCCESS, 6
knockout_winner: SUCCESS, 1
knockout_winner: SUCCESS, 1
knockout_winner: FAILURE
knockout_winner: INVALID_INPUT
get_closest_player: SUCCESS, 13
add_player: FAILURE
get_all_players_count: SUCCESS, 11
get_num_played_games: SUCCESS, 9023
play_match: INVALID_INPUT
get_team_points: SUCCESS, 6266
unite_teams: SUCCESS
get_all_players_count: SUCCESS, 10
get_all_players: SUCCESS
82
66
142
get_top_scorer: SUCCESS, 88
get_team_points: SUCCESS, 4294
get_all_players_count: SUCCESS, 11
get_all_players: SUCCESS
103
199
81
76
170
75
18
188
get_team_points: SUCCESS, 9938
add_team: FAILURE
get_team_points: SUCCESS, 11437
unite_teams: FAILURE
add_team: FAILURE
remove_team: FAILURE
play_match: SUCCESS
get_top_scorer: SUCCESS, 70
unite_teams: FAILURE
get_all_players: SUCCESS
94
173
11
1
137
135
21
163
57
139
64
169
47
61
141
106
107
10
unite_teams: INVALID_INPUT
remove_team: FAILURE
remove_player: SUCCESS
get_all_players: SUCCESS
29
146
12
172
91
187
get_top_scorer: SUCCESS, 131
add_player: FAILURE
remove_team: FAILURE
get_num_played_games: SUCCESS, 21860
knockout_winner: FAILURE
knockout_winner: SUCCESS, 13
knockout_winner: FAILURE
knockout_winner: FAILURE
knockout_winner: INVALID_INPUT
play_match: FAILURE
get_top_scorer: SUCCESS, 155
remove_team: FAILURE
unite_teams: FAILURE
get_closest_player: SUCCESS, 189
add_player: FAILURE
add_team: FAILURE
get_top_scorer: SUCCESS, 73
add_player: FAILURE
update_player_stats: SUCCESS
play_match: FAILURE
update_player_stats: SUCCESS
add_team: FAILURE
remove_player: SUCCESS
get_all_players: SUCCESS
105
53
179
184
124
149
182
13
54
101
112
120
109
133
90
16
43
26
85
4
192
150
14
get_closest_player: SUCCESS, 23
update_player_stats: SUCCESS
play_match: FAILURE
knockout_winner: SUCCESS, 13
knockout_winner: SUCCESS, 10
knockout_winner: SUCCESS, 7
knockout_winner: FAILURE
knockout_winner: INVALID_INPUT
add_player: FAILURE
get_top_scorer: SUCCESS, 10
get_all_players: SUCCESS
199
81
76
103
170
75
18
188
remove_player: SUCCESS
update_player_stats: SUCCESS
play_match: FAILURE
get_closest_player: SUCCESS, 10
update_player_stats: SUCCESS
remove_team: FAILURE
add_team: FAILURE
get_team_points: SUCCESS, 4294
get_num_played_games: SUCCESS, 5470
get_closest_player: SUCCESS, 53
unite_teams: FAILURE
get_top_scorer: SUCCESS, 73
play_match: FAILURE
remove_player: SUCCESS
add_team: FAILURE
get_closest_player: SUCCESS, 24
update_player_stats: SUCCESS
remove_player: SUCCESS
update_player_stats: SUCCESS
get_closest_player: SUCCESS, 93
get_top_scorer: SUCCESS, 138
get_top_scorer: SUCCESS, 155
get_team_points: SUCCESS, 9345
play_match: FAILURE
get_top_scorer: SUCCESS, 14
remove_team: FAILURE
play_match: FAILURE
remove_team: FAILURE
get_team_points: SUCCESS, 4102
remove_team: FAILURE
remove_team: FAILURE
remove_player: SUCCESS
get_team_points: SUCCESS, 11437
remove_team: FAILURE
add_team: FAILURE
remove_team: FAILURE
update_player_stats: SUCCESS
get_all_players_count: SUCCESS, 11
get_closest_player: SUCCESS, 189
unite_teams: FAILURE
update_player_stats: SUCCESS
get_top_scorer: SUCCESS, 117
update_player_stats: SUCCESS
get_team_points: SUCCESS, 506
update_player_stats: SUCCESS
get_num_played_games: SUCCESS, 11718
remove_team: FAILURE
remove_player: SUCCESS
get_team_points: SUCCESS, 11785
knockout_winner: FAILURE
knockout_winner: SUCCESS, 13
knockout_winner: FAILURE
knockout_winner: FAILURE
knockout_winner: INVALID_INPUT
play_match: FAILURE
add_team: FAILURE
play_match: FAILURE
get_all_players: SUCCESS
29
12
172
91
146
187
get_team_points: SUCCESS, 506
remove_team: FAILURE
get_all_players_count: SUCCESS, 11
add_player: FAILURE
get_all_players: SUCCESS
94
11
137
135
21
163
57
64
169
47
61
173
141
106
107
10
add_team: FAILURE
get_closest_player: SUCCESS, 96
get_all_players: SUCCESS
191
100
119
46
23
162
143
35
74
138
update_player_stats: SUCCESS
get_all_players_count: SUCCESS, 6
get_all_players_count: SUCCESS, 10
knockout_winner: SUCCESS, 10
knockout_winner: SUCCESS, 4
knockout_winner: SUCCESS, 4
knockout_winner: FAILURE
knockout_winner: INVALID_INPUT
unite_teams: FAILURE
knockout_winner: SUCCESS, 1
knockout_winner: INVALID_INPUT
knockout_winner: INVALID_INPUT
knockout_winner: SUCCESS, 6
knockout_winner: INVALID_INPUT
knockout_winner: SUCCESS, 4
knockout_winner: INVALID_INPUT
knockout_winner: INVALID_INPUT
knockout_winner: SUCCESS, 10
knockout_winner: SUCCESS, 10
knockout_winner: SUCCESS, 13
knockout_winner: SUCCESS, 10
knockout_winner: FAILURE
knockout_winner: FAILURE
knockout_winner: INVALID_INPUT
add_team: FAILURE
unite_teams: INVALID_INPUT
remove_player: SUCCESS
get_closest_player: SUCCESS, 149
remove_player: SUCCESS
knockout_winner: SUCCESS, 1
knockout_winner: INVALID_INPUT
knockout_winner: INVALID_INPUT
knockout_winner: SUCCESS, 6
knockout_winner: INVALID_INPUT
add_team: FAILURE
get_team_points: SUCCESS, 6284
unite_teams: FAILURE
get_all_players_count: SUCCESS, 23
add_team: FAILURE
get_num_played_games: SUCCESS, 1527
remove_player: SUCCESS
get_team_points: SUCCESS, 9938
get_num_played_games: SUCCESS, 12854
get_all_players_count: SUCCESS, 8
get_num_played_games: SUCCESS, 9883
remove_team: FAILURE
get_closest_player: SUCCESS, 41
add_team: FAILURE
add_team: FAILURE
remove_player: SUCCESS
update_player_stats: SUCCESS
update_player_stats: SUCCESS
get_top_scorer: SUCCESS, 10
knockout_winner: INVALID_INPUT
knockout_winner: INVALID_INPUT
knockout_winner: INVALID_INPUT
knockout_winner: INVALID_INPUT
knockout_winner: INVALID_INPUT
get_num_played_games: SUCCESS, 6638
get_all_players: SUCCESS
63
168
118
67
131
update_player_stats: SUCCESS
add_player: FAILURE
remove_player: SUCCESS
get_num_played_games: SUCCESS, 2561
remove_player: SUCCESS
remove_player: SUCCESS
unite_teams: SUCCESS
remove_player: SUCCESS
remove_player: SUCCESS
play_match: FAILURE
add_team: FAILURE
knockout_winner: SUCCESS, 13
knockout_winner: SUCCESS, 4
knockout_winner: SUCCESS, 4
knockout_winner: SUCCESS, 13
knockout_winner: SUCCESS, 13
get_closest_player: SUCCESS, 61
get_closest_player: SUCCESS, 113
play_match: FAILURE
remove_team: FAILURE
unite_teams: FAILURE
get_closest_player: SUCCESS, 116
get_team_points: SUCCESS, 4102
get_all_players: SUCCESS
157
126
80
87
151
98
164
155
39
get_all_players: SUCCESS
55
111
92
63
168
118
129
67
200
65
27
62
77
32
131
60
89
165
40
148
49
116
73
play_match: FAILURE
get_top_scorer: SUCCESS, 14
get_team_points: SUCCESS, 4102
get_num_played_games: SUCCESS, 8239
get_team_points: SUCCESS, 10150
get_all_players_count: SUCCESS, 7
play_match: FAILURE
remove_player: SUCCESS
remove_player: SUCCESS
update_player_stats: SUCCESS
remove_player: SUCCESS
unite_teams: FAILURE
get_top_scorer: SUCCESS, 10
get_all_players_count: SUCCESS, 23
remove_team: FAILURE
update_player_stats: SUCCESS
get_all_players_count: SUCCESS, 7
get_closest_player: SUCCESS, 134
get_all_players: SUCCESS
199
81
76
103
75
18
188
add_player: FAILURE
play_match: FAILURE
knockout_winner: SUCCESS, 13
knockout_winner: INVALID_INPUT
knockout_winner: INVALID_INPUT
knockout_winner: SUCCESS, 13
knockout_winner: SUCCESS, 13
remove_player: SUCCESS
remove_team: FAILURE
knockout_winner: INVALID_INPUT
knockout_winner: INVALID_INPUT
knockout_winner: INVALID_INPUT
knockout_winner: INVALID_INPUT
knockout_winner: INVALID_INPUT
get_all_players_count: SUCCESS, 9
knockout_winner: SUCCESS, 6
knockout_winner: INVALID_INPUT
knockout_winner: INVALID_INPUT
knockout_winner: SUCCESS, 13
knockout_winner: INVALID_INPUT
update_player_stats: SUCCESS
get_team_points: SUCCESS, 11785
get_all_players_count: SUCCESS, 9
remove_player: SUCCESS
unite_teams: SUCCESS
remove_player: SUCCESS
get_top_scorer: SUCCESS, 39
get_team_points: SUCCESS, 9345
get_top_scorer: SUCCESS, 172
remove_player: SUCCESS
play_match: FAILURE
get_top_scorer: SUCCESS, 50
update_player_stats: SUCCESS
remove_player: SUCCESS
update_player_stats: SUCCESS
get_team_points: SUCCESS, 4102
get_top_scorer: SUCCESS, 50
add_player: FAILURE
add_team: FAILURE
unite_teams: FAILURE
add_team: FAILURE
knockout_winner: SUCCESS, 6
knockout_winner: SUCCESS, 1
knockout_winner: SUCCESS, 1
knockout_winner: FAILURE
knockout_winner: INVALID_INPUT
add_player: FAILURE
remove_player: SUCCESS
get_all_players_count: SUCCESS, 15
get_team_points: SUCCESS, 4303
get_all_players: SUCCESS
105
53
179
124
182
13
101
184
120
109
90
16
43
26
85
192
150
54
14
get_closest_player: SUCCESS, 16
add_team: FAILURE
get_all_players: SUCCESS
93
153
2
44
56
185
189
52
198
70
add_team: FAILURE
add_player: FAILURE
update_player_stats: SUCCESS
get_num_played_games: SUCCESS, 430
add_player: FAILURE
unite_teams: FAILURE
add_team: FAILURE
unite_teams: FAILURE
get_all_players_count: SUCCESS, 9
knockout_winner: INVALID_INPUT
knockout_winner: SUCCESS, 13
knockout_winner: INVALID_INPUT
knockout_winner: INVALID_INPUT
knockout_winner: INVALID_INPUT
get_num_played_games: SUCCESS, 852
unite_teams: FAILURE
get_closest_player: SUCCESS, 76
get_all_players_count: SUCCESS, 8
get_all_players_count: SUCCESS, 8
knockout_winner: INVALID_INPUT
knockout_winner: INVALID_INPUT
knockout_winner: INVALID_INPUT
knockout_winner: INVALID_INPUT
knockout_winner: INVALID_INPUT
remove_player: SUCCESS
add_player: FAILURE
update_player_stats: SUCCESS
unite_teams: FAILURE
get_team_points: SUCCESS, 18645
get_all_players_count: SUCCESS, 10
remove_team: FAILURE
add_team: FAILURE
knockout_winner: FAILURE
knockout_winner: SUCCESS, 13
knockout_winner: FAILURE
knockout_winner: FAILURE
knockout_winner: INVALID_INPUT
get_top_scorer: SUCCESS, 39
add_team: FAILURE
get_team_points: SUCCESS, 8732
get_closest_player: SUCCESS, 64
get_closest_player: SUCCESS, 63
get_num_played_games: SUCCESS, 12838
update_player_stats: SUCCESS
get_closest_player: SUCCESS, 141
get_all_players: SUCCESS
105
53
179
124
182
13
101
184
120
109
90
16
43
26
85
192
150
54
14
add_team: FAILURE
remove_team: FAILURE
get_closest_player: SUCCESS, 75
unite_teams: FAILURE
remove_team: FAILURE
get_team_points: SUCCESS, 18645
get_all_players_count: SUCCESS, 7
get_closest_player: SUCCESS, 65
get_all_players: SUCCESS
29
12
91
146
187
172
add_player: FAILURE
add_team: FAILURE
update_player_stats: SUCCESS
update_player_stats: SUCCESS
update_player_stats: SUCCESS
knockout_winner: INVALID_INPUT
knockout_winner: INVALID_INPUT
knockout_winner: INVALID_INPUT
knockout_winner: INVALID_INPUT
knockout_winner: INVALID_INPUT
get_closest_player: SUCCESS, 75
get_closest_player: SUCCESS, 124
get_closest_player: SUCCESS, 172
add_player: FAILURE
knockout_winner: INVALID_INPUT
knockout_winner: FAILURE
knockout_winner: INVALID_INPUT
knockout_winner: INVALID_INPUT
knockout_winner: INVALID_INPUT
get_all_players_count: SUCCESS, 6
add_player: FAILURE
remove_player: SUCCESS
update_player_stats: SUCCESS
unite_teams: FAILURE
unite_teams: FAILURE
get_closest_player: SUCCESS, 19
get_num_played_games: SUCCESS, 8238
play_match: FAILURE
get_team_points: SUCCESS, 8732
add_team: FAILURE
get_all_players: SUCCESS
157
126
80
87
151
164
155
98
39
play_match: FAILURE
get_all_players_count: SUCCESS, 8
update_player_stats: SUCCESS
add_team: FAILURE
get_closest_player: SUCCESS, 65
get_closest_player: SUCCESS, 41
get_closest_player: SUCCESS, 174
get_num_played_games: SUCCESS, 6589
remove_team: FAILURE
get_closest_player: SUCCESS, 141
get_all_players: SUCCESS
161
51
42
36
50
get_num_played_games: SUCCESS, 6638
get_all_players_count: SUCCESS, 9
get_num_played_games: SUCCESS, 3874
knockout_winner: FAILURE
knockout_winner: SUCCESS, 13
knockout_winner: FAILURE
knockout_winner: FAILURE
knockout_winner: INVALID_INPUT
get_all_players_count: SUCCESS, 8
add_team: FAILURE
remove_team: FAILURE
play_match: FAILURE
remove_team: FAILURE
get_num_played_games: SUCCESS, 852
play_match: FAILURE
play_match: FAILURE
play_match: INVALID_INPUT
unite_teams: FAILURE
get_top_scorer: SUCCESS, 74
knockout_winner: SUCCESS, 3
knockout_winner: INVALID_INPUT
knockout_winner: INVALID_INPUT
knockout_winner: FAILURE
knockout_winner: INVALID_INPUT
knockout_winner: INVALID_INPUT
knockout_winner: INVALID_INPUT
knockout_winner: INVALID_INPUT
knockout_winner: INVALID_INPUT
knockout_winner: INVALID_INPUT
get_team_points: SUCCESS, 14063
unite_teams: FAILURE
get_num_played_games: SUCCESS, 12120
get_top_scorer: SUCCESS, 50
play_match: FAILURE
get_all_players_count: SUCCESS, 15
knockout_winner: INVALID_INPUT
knockout_winner: INVALID_INPUT
knockout_winner: INVALID_INPUT
knockout_winner: INVALID_INPUT
knockout_winner: INVALID_INPUT
get_all_players: SUCCESS
93
153
2
44
56
185
189
52
198
70
get_all_players: SUCCESS
157
126
80
87
151
164
155
98
39
remove_team: FAILURE
get_all_players_count: SUCCESS, 15
get_num_played_games: SUCCESS, 2386
get_num_played_games: SUCCESS, 22957
knockout_winner: SUCCESS, 13
knockout_winner: SUCCESS, 13
knockout_winner: FAILURE
knockout_winner: FAILURE
knockout_winner: INVALID_INPUT
get_num_played_games: SUCCESS, 7805
knockout_winner: SUCCESS, 6
knockout_winner: SUCCESS, 1
knockout_winner: SUCCESS, 1
knockout_winner: FAILURE
knockout_winner: INVALID_INPUT
knockout_winner: SUCCESS, 1
knockout_winner: INVALID_INPUT
knockout_winner: INVALID_INPUT
knockout_winner: SUCCESS, 13
knockout_winner: SUCCESS, 6
play_match: FAILURE
add_player: FAILURE
remove_player: SUCCESS
remove_team: FAILURE
unite_teams: FAILURE
unite_teams: FAILURE
play_match: FAILURE
get_all_players: SUCCESS
157
126
80
87
151
164
155
98
39
get_num_played_games: SUCCESS, 5261
get_all_players_count: SUCCESS, 9
unite_teams: FAILURE
play_match: FAILURE
add_team: FAILURE
get_num_played_games: SUCCESS, 2439
add_player: FAILURE
get_num_played_games: SUCCESS, 7905
remove_team: FAILURE
get_all_players: SUCCESS
94
11
137
135
21
163
64
169
61
173
141
57
107
106
10
get_top_scorer: SUCCESS, 19
add_player: FAILURE
get_closest_player: SUCCESS, 61
knockout_winner: INVALID_INPUT
knockout_winner: FAILURE
knockout_winner: INVALID_INPUT
knockout_winner: INVALID_INPUT
knockout_winner: INVALID_INPUT
knockout_winner: SUCCESS, 6
knockout_winner: SUCCESS, 1
knockout_winner: SUCCESS, 1
knockout_winner: FAILURE
knockout_winner: INVALID_INPUT
remove_team: FAILURE
unite_teams: FAILURE
add_player: FAILURE
knockout_winner: SUCCESS, 13
knockout_winner: SUCCESS, 13
knockout_winner: FAILURE
knockout_winner: FAILURE
knockout_winner: INVALID_INPUT
play_match: FAILURE
add_player: FAILURE
get_all_players: SUCCESS
105
53
179
124
182
13
101
184
120
109
90
16
43
26
85
192
150
54
14
play_match: FAILURE
remove_player: SUCCESS
get_team_points: SUCCESS, 19961
remove_player: SUCCESS
knockout_winner: SUCCESS, 13
knockout_winner: SUCCESS, 3
knockout_winner: SUCCESS, 3
knockout_winner: SUCCESS, 13
knockout_winner: FAILURE
get_num_played_games: SUCCESS, 11692
play_match: FAILURE
get_team_points: SUCCESS, 10239
knockout_winner: SUCCESS, 13
knockout_winner: SUCCESS, 13
knockout_winner: FAILURE
knockout_winner: FAILURE
knockout_winner: INVALID_INPUT
add_player: FAILURE
update_player_stats: SUCCESS
remove_player: SUCCESS
play_match: FAILURE
remove_player: SUCCESS
get_num_played_games: SUCCESS, 4912
update_player_stats: SUCCESS
get_top_scorer: SUCCESS, 143
update_player_stats: SUCCESS
get_all_players: SUCCESS
199
81
76
103
75
18
188
unite_teams: FAILURE
get_all_players_count: SUCCESS, 16
get_closest_player: SUCCESS, 171
remove_player: SUCCESS
update_player_stats: SUCCESS
get_closest_player: SUCCESS, 183
add_team: FAILURE
update_player_stats: SUCCESS
unite_teams: FAILURE
get_all_players_count: SUCCESS, 7
get_all_players_count: SUCCESS, 16
add_team: FAILURE
add_team: FAILURE
get_top_scorer: SUCCESS, 188
add_player: FAILURE
knockout_winner: SUCCESS, 13
knockout_winner: SUCCESS, 3
knockout_winner: SUCCESS, 3
knockout_winner: SUCCESS, 13
knockout_winner: SUCCESS, 13
get_closest_player: SUCCESS, 172
unite_teams: FAILURE
add_player: FAILURE
remove_player: SUCCESS
get_all_players: SUCCESS
191
119
23
74
100
143
get_all_players: SUCCESS
94
11
137
135
21
163
64
169
61
173
141
57
106
10
get_team_points: SUCCESS, 8732
get_all_players_count: SUCCESS, 8
get_team_points: SUCCESS, 10150
update_player_stats: SUCCESS
play_match: FAILURE
remove_team: FAILURE
remove_team: FAILURE
remove_player: SUCCESS
unite_teams: FAILURE
get_all_players: SUCCESS
134
193
8
30
122
196
88
15
get_num_played_games: SUCCESS, 19606
unite_teams: SUCCESS
remove_player: SUCCESS
remove_team: FAILURE
get_all_players: SUCCESS
191
119
23
74
100
143
unite_teams: FAILURE
add_team: FAILURE
remove_team: FAILURE
get_closest_player: SUCCESS, 150
add_player: FAILURE
knockout_winner: INVALID_INPUT
knockout_winner: SUCCESS, 13
knockout_winner: INVALID_INPUT
knockout_winner: INVALID_INPUT
knockout_winner: INVALID_INPUT
add_player: FAILURE
update_player_stats: SUCCESS
get_num_played_games: SUCCESS, 639
get_top_scorer: SUCCESS, 171
add_player: FAILURE
play_match: FAILURE
knockout_winner: SUCCESS, 13
knockout_winner: SUCCESS, 13
knockout_winner: FAILURE
knockout_winner: FAILURE
knockout_winner: INVALID_INPUT
get_closest_player: SUCCESS, 15
remove_player: SUCCESS
get_all_players_count: SUCCESS, 24
get_team_points: SUCCESS, 4309
get_all_players: SUCCESS
105
179
124
182
13
101
184
120
16
43
26
192
53
150
54
90
get_all_players: SUCCESS
134
193
8
30
122
196
88
15
get_team_points: SUCCESS, 18645
get_all_players_count: SUCCESS, 9
add_team: FAILURE
unite_teams: SUCCESS
add_player: FAILURE
get_closest_player: SUCCESS, 63
add_team: FAILURE
get_all_players_count: SUCCESS, 7
remove_team: FAILURE
get_all_players: SUCCESS
134
193
8
30
122
196
88
15
get_num_played_games: SUCCESS, 16603
get_closest_player: SUCCESS, 2
remove_team: FAILURE
add_team: FAILURE
get_top_scorer: SUCCESS, 10
get_num_played_games: SUCCESS, 16603
remove_team: FAILURE
add_team: FAILURE
add_team: FAILURE
get_num_played_games: SUCCESS, 114
unite_teams: FAILURE
add_team: FAILURE
get_all_players_count: SUCCESS, 7
remove_player: SUCCESS
remove_player: SUCCESS
remove_player: SUCCESS
remove_player: SUCCESS
remove_player: SUCCESS
remove_player: SUCCESS
remove_player: SUCCESS
remove_player: SUCCESS
remove_player: SUCCESS
remove_player: SUCCESS
remove_player: SUCCESS
remove_player: SUCCESS
remove_player: SUCCESS
remove_player: SUCCESS
remove_player: SUCCESS
remove_player: SUCCESS
remove_player: SUCCESS
remove_player: SUCCESS
remove_player: SUCCESS
remove_player: SUCCESS
remove_player: SUCCESS
remove_player: SUCCESS
remove_player: SUCCESS
remove_player: SUCCESS
remove_player: SUCCESS
remove_player: SUCCESS
remove_player: SUCCESS
remove_player: SUCCESS
remove_player: SUCCESS
remove_player: SUCCESS
remove_player: SUCCESS
remove_player: SUCCESS
remove_player: SUCCESS
remove_player: SUCCESS
remove_player: SUCCESS
remove_player: SUCCESS
remove_player: SUCCESS
remove_player: SUCCESS
remove_player: SUCCESS
remove_player: SUCCESS
remove_player: SUCCESS
remove_player: SUCCESS
remove_player: SUCCESS
remove_player: SUCCESS
remove_player: SUCCESS
remove_player: SUCCESS
remove_player: SUCCESS
remove_player: SUCCESS
remove_player: SUCCESS
remove_player: SUCCESS
remove_player: SUCCESS
remove_player: SUCCESS
remove_player: SUCCESS
remove_player: SUCCESS
remove_player: SUCCESS
remove_player: SUCCESS
remove_player: SUCCESS
remove_player: SUCCESS
remove_player: SUCCESS
remove_player: SUCCESS
remove_player: SUCCESS
remove_player: SUCCESS
remove_player: SUCCESS
remove_player: SUCCESS
remove_player: SUCCESS
remove_player: SUCCESS
remove_player: SUCCESS
remove_player: SUCCESS
remove_player: SUCCESS
remove_player: SUCCESS
remove_player: SUCCESS
remove_player: SUCCESS
remove_player: SUCCESS
remove_player: SUCCESS
remove_player: SUCCESS
remove_player: SUCCESS
remove_player: SUCCESS
remove_player: SUCCESS
remove_player: SUCCESS
remove_player: SUCCESS
remove_player: SUCCESS
remove_player: SUCCESS
remove_player: SUCCESS
remove_player: SUCCESS
remove_player: SUCCESS
remove_player: SUCCESS
remove_player: SUCCESS
remove_player: SUCCESS
remove_player: SUCCESS
remove_player: SUCCESS
remove_player: SUCCESS
remove_player: SUCCESS
remove_player: SUCCESS
remove_player: SUCCESS
remove_player: SUCCESS
remove_player: SUCCESS
remove_player: SUCCESS
remove_player: SUCCESS
remove_player: SUCCESS
remove_player: SUCCESS
remove_player: SUCCESS
remove_player: SUCCESS
remove_player: SUCCESS
remove_player: SUCCESS
remove_player: SUCCESS
remove_player: SUCCESS
remove_player: SUCCESS
remove_player: SUCCESS
remove_player: SUCCESS
remove_player: SUCCESS
remove_player: SUCCESS
remove_player: SUCCESS
remove_player: SUCCESS
remove_player: SUCCESS
remove_player: SUCCESS
remove_player: SUCCESS
remove_player: SUCCESS
remove_player: SUCCESS
remove_player: SUCCESS
remove_player: SUCCESS
remove_player: SUCCESS
remove_team: SUCCESS
remove_team: SUCCESS
remove_team: SUCCESS
remove_team: SUCCESS
remove_team: SUCCESS
remove_team: SUCCESS
remove_team: SUCCESS
remove_team: SUCCESS
remove_team: SUCCESS
remove_team: SUCCESS
