add_team: SUCCESS
add_team: SUCCESS
add_team: SUCCESS
add_team: SUCCESS
add_team: SUCCESS
add_team: SUCCESS
add_team: SUCCESS
add_team: SUCCESS
add_team: SUCCESS
add_team: SUCCESS
add_team: SUCCESS
add_team: SUCCESS
add_team: SUCCESS
add_team: SUCCESS
add_team: SUCCESS
add_team: SUCCESS
add_team: SUCCESS
add_team: SUCCESS
add_team: SUCCESS
add_team: SUCCESS
add_player: SUCCESS
add_player: SUCCESS
add_player: SUCCESS
add_player: SUCCESS
add_player: SUCCESS
add_player: SUCCESS
add_player: SUCCESS
add_player: SUCCESS
add_player: SUCCESS
add_player: SUCCESS
add_player: SUCCESS
add_player: SUCCESS
add_player: SUCCESS
add_player: SUCCESS
add_player: SUCCESS
add_player: SUCCESS
add_player: SUCCESS
add_player: SUCCESS
add_player: SUCCESS
add_player: SUCCESS
add_player: SUCCESS
add_player: SUCCESS
add_player: SUCCESS
add_player: SUCCESS
add_player: SUCCESS
add_player: SUCCESS
add_player: SUCCESS
add_player: SUCCESS
add_player: SUCCESS
add_player: SUCCESS
add_player: SUCCESS
add_player: SUCCESS
add_player: SUCCESS
add_player: SUCCESS
add_player: SUCCESS
add_player: SUCCESS
add_player: SUCCESS
add_player: SUCCESS
add_player: SUCCESS
add_player: SUCCESS
add_player: SUCCESS
add_player: SUCCESS
add_player: SUCCESS
add_player: SUCCESS
add_player: SUCCESS
add_player: SUCCESS
add_player: SUCCESS
add_player: SUCCESS
add_player: SUCCESS
add_player: SUCCESS
add_player: SUCCESS
add_player: SUCCESS
add_player: SUCCESS
add_player: SUCCESS
add_player: SUCCESS
add_player: SUCCESS
add_player: SUCCESS
add_player: SUCCESS
add_player: SUCCESS
add_player: SUCCESS
add_player: SUCCESS
add_player: SUCCESS
add_player: SUCCESS
add_player: SUCCESS
add_player: SUCCESS
add_player: SUCCESS
add_player: SUCCESS
add_player: SUCCESS
add_player: SUCCESS
add_player: SUCCESS
add_player: SUCCESS
add_player: SUCCESS
add_player: SUCCESS
add_player: SUCCESS
add_player: SUCCESS
add_player: SUCCESS
add_player: SUCCESS
add_player: SUCCESS
add_player: SUCCESS
add_player: SUCCESS
add_player: SUCCESS
add_player: SUCCESS
add_player: SUCCESS
add_player: SUCCESS
add_player: SUCCESS
add_player: SUCCESS
add_player: SUCCESS
add_player: SUCCESS
add_player: SUCCESS
add_player: SUCCESS
add_player: SUCCESS
add_player: SUCCESS
add_player: SUCCESS
add_player: SUCCESS
add_player: SUCCESS
add_player: SUCCESS
add_player: SUCCESS
add_player: SUCCESS
add_player: SUCCESS
add_player: SUCCESS
add_player: SUCCESS
add_player: SUCCESS
add_player: SUCCESS
add_player: SUCCESS
add_player: SUCCESS
add_player: SUCCESS
add_player: SUCCESS
add_player: SUCCESS
add_player: SUCCESS
add_player: SUCCESS
add_player: SUCCESS
add_player: SUCCESS
add_player: SUCCESS
add_player: SUCCESS
add_player: SUCCESS
add_player: SUCCESS
add_player: SUCCESS
add_player: SUCCESS
add_player: SUCCESS
add_player: SUCCESS
add_player: SUCCESS
add_player: SUCCESS
add_player: SUCCESS
add_player: SUCCESS
add_player: SUCCESS
add_player: SUCCESS
add_player: SUCCESS
add_player: SUCCESS
add_player: SUCCESS
add_player: SUCCESS
add_player: SUCCESS
add_player: SUCCESS
add_player: SUCCESS
add_player: SUCCESS
add_player: SUCCESS
add_player: SUCCESS
add_player: SUCCESS
add_player: SUCCESS
add_player: SUCCESS
add_player: SUCCESS
add_player: SUCCESS
add_player: SUCCESS
add_player: SUCCESS
add_player: SUCCESS
add_player: SUCCESS
add_player: SUCCESS
add_player: SUCCESS
add_player: SUCCESS
add_player: SUCCESS
add_player: SUCCESS
add_player: SUCCESS
add_player: SUCCESS
add_player: SUCCESS
add_player: SUCCESS
add_player: SUCCESS
add_player: SUCCESS
add_player: SUCCESS
add_player: SUCCESS
add_player: SUCCESS
add_player: SUCCESS
add_player: SUCCESS
add_player: SUCCESS
add_player: SUCCESS
add_player: SUCCESS
add_player: SUCCESS
add_player: SUCCESS
add_player: SUCCESS
add_player: SUCCESS
add_player: SUCCESS
add_player: SUCCESS
add_player: SUCCESS
add_player: SUCCESS
add_player: SUCCESS
add_player: SUCCESS
add_player: SUCCESS
add_player: SUCCESS
add_player: SUCCESS
add_player: SUCCESS
add_player: SUCCESS
add_player: SUCCESS
add_player: SUCCESS
add_player: SUCCESS
add_player: SUCCESS
add_player: SUCCESS
add_player: SUCCESS
add_player: SUCCESS
add_player: SUCCESS
add_player: SUCCESS
add_player: SUCCESS
add_player: SUCCESS
add_player: SUCCESS
add_player: SUCCESS
add_player: SUCCESS
add_player: SUCCESS
add_player: SUCCESS
add_player: SUCCESS
add_player: SUCCESS
add_player: SUCCESS
add_player: SUCCESS
add_player: SUCCESS
remove_team: FAILURE
remove_player: SUCCESS
remove_team: FAILURE
get_top_scorer: SUCCESS, 130
get_all_players_count: SUCCESS, 9
get_all_players_count: SUCCESS, 6
play_match: FAILURE
get_all_players: SUCCESS
9
26
55
120
101
193
175
72
unite_teams: FAILURE
play_match: FAILURE
add_team: FAILURE
add_team: FAILURE
add_player: FAILURE
remove_team: FAILURE
get_top_scorer: SUCCESS, 122
update_player_stats: SUCCESS
get_team_points: SUCCESS, 6537
play_match: FAILURE
play_match: FAILURE
get_all_players_count: SUCCESS, 13
get_top_scorer: SUCCESS, 50
remove_team: FAILURE
get_team_points: SUCCESS, 8219
get_closest_player: SUCCESS, 73
add_team: FAILURE
get_all_players: SUCCESS
194
178
111
17
153
190
remove_player: SUCCESS
get_top_scorer: SUCCESS, 72
update_player_stats: SUCCESS
get_num_played_games: SUCCESS, 5427
add_player: FAILURE
knockout_winner: SUCCESS, 20
knockout_winner: SUCCESS, 17
knockout_winner: FAILURE
knockout_winner: FAILURE
knockout_winner: INVALID_INPUT
get_all_players: SUCCESS
89
58
12
112
10
43
38
add_player: FAILURE
unite_teams: FAILURE
get_all_players: SUCCESS
114
200
6
44
90
28
182
184
68
170
play_match: FAILURE
get_num_played_games: SUCCESS, 5280
add_team: FAILURE
add_player: FAILURE
knockout_winner: SUCCESS, 7
knockout_winner: SUCCESS, 4
knockout_winner: SUCCESS, 4
knockout_winner: SUCCESS, 17
knockout_winner: INVALID_INPUT
add_player: FAILURE
get_team_points: SUCCESS, 5709
update_player_stats: SUCCESS
get_team_points: SUCCESS, 37
play_match: FAILURE
knockout_winner: SUCCESS, 4
knockout_winner: INVALID_INPUT
knockout_winner: INVALID_INPUT
knockout_winner: SUCCESS, 7
knockout_winner: INVALID_INPUT
unite_teams: FAILURE
add_team: FAILURE
get_num_played_games: SUCCESS, 11593
unite_teams: FAILURE
update_player_stats: SUCCESS
add_team: FAILURE
add_team: FAILURE
remove_team: FAILURE
play_match: FAILURE
remove_team: FAILURE
get_closest_player: SUCCESS, 101
get_all_players: SUCCESS
167
135
157
41
177
37
8
147
69
remove_team: FAILURE
add_player: FAILURE
get_closest_player: SUCCESS, 118
play_match: FAILURE
get_team_points: SUCCESS, 7232
get_num_played_games: SUCCESS, 7412
update_player_stats: SUCCESS
get_all_players: SUCCESS
5
124
192
166
19
125
91
94
158
150
23
50
22
remove_team: FAILURE
play_match: FAILURE
add_player: FAILURE
add_player: FAILURE
remove_player: SUCCESS
knockout_winner: SUCCESS, 13
knockout_winner: SUCCESS, 4
knockout_winner: SUCCESS, 4
knockout_winner: SUCCESS, 13
knockout_winner: SUCCESS, 13
add_player: FAILURE
unite_teams: FAILURE
get_team_points: SUCCESS, 6609
add_team: FAILURE
remove_team: FAILURE
add_player: FAILURE
unite_teams: FAILURE
remove_team: FAILURE
get_team_points: SUCCESS, 8219
unite_teams: FAILURE
remove_player: SUCCESS
update_player_stats: SUCCESS
update_player_stats: SUCCESS
get_team_points: SUCCESS, 10145
get_all_players_count: SUCCESS, 9
get_num_played_games: SUCCESS, 10711
get_all_players_count: SUCCESS, 17
remove_team: FAILURE
get_num_played_games: SUCCESS, 299
get_num_played_games: SUCCESS, 11176
get_closest_player: SUCCESS, 78
add_player: FAILURE
remove_player: SUCCESS
get_num_played_games: SUCCESS, 6078
add_team: FAILURE
get_closest_player: SUCCESS, 196
add_team: FAILURE
play_match: FAILURE
unite_teams: FAILURE
update_player_stats: SUCCESS
update_player_stats: SUCCESS
unite_teams: FAILURE
unite_teams: FAILURE
remove_player: SUCCESS
get_team_points: SUCCESS, 9090
get_num_played_games: SUCCESS, 12028
remove_team: FAILURE
remove_team: FAILURE
update_player_stats: SUCCESS
add_player: FAILURE
remove_player: SUCCESS
get_all_players: SUCCESS
9
26
55
120
101
193
72
175
add_player: FAILURE
get_all_players: SUCCESS
119
92
15
95
56
163
136
118
30
127
130
get_top_scorer: SUCCESS, 160
get_all_players_count: SUCCESS, 12
get_num_played_games: SUCCESS, 2837
get_all_players: SUCCESS
40
168
116
77
59
35
71
play_match: FAILURE
add_team: FAILURE
get_all_players: SUCCESS
107
32
159
47
104
48
51
146
76
139
75
remove_team: FAILURE
get_team_points: SUCCESS, 9441
add_team: FAILURE
play_match: FAILURE
update_player_stats: SUCCESS
get_team_points: SUCCESS, 11675
get_top_scorer: SUCCESS, 160
knockout_winner: SUCCESS, 18
knockout_winner: SUCCESS, 18
knockout_winner: SUCCESS, 13
knockout_winner: FAILURE
knockout_winner: INVALID_INPUT
get_num_played_games: SUCCESS, 10253
update_player_stats: SUCCESS
get_team_points: SUCCESS, 6609
get_all_players: SUCCESS
107
32
159
47
104
48
51
146
76
139
75
get_top_scorer: SUCCESS, 46
update_player_stats: SUCCESS
add_team: FAILURE
get_num_played_games: SUCCESS, 7645
get_team_points: SUCCESS, 10212
get_num_played_games: SUCCESS, 6745
get_all_players_count: SUCCESS, 10
get_closest_player: SUCCESS, 51
add_player: FAILURE
get_top_scorer: SUCCESS, 173
get_closest_player: SUCCESS, 101
knockout_winner: SUCCESS, 18
knockout_winner: SUCCESS, 18
knockout_winner: SUCCESS, 13
knockout_winner: SUCCESS, 20
knockout_winner: INVALID_INPUT
get_team_points: SUCCESS, 6609
get_all_players: SUCCESS
126
27
39
61
99
172
106
87
52
20
36
11
96
156
199
188
154
get_team_points: SUCCESS, 5709
update_player_stats: SUCCESS
get_all_players_count: SUCCESS, 11
get_all_players_count: SUCCESS, 12
get_team_points: SUCCESS, 7232
add_player: FAILURE
get_closest_player: SUCCESS, 100
add_team: FAILURE
knockout_winner: SUCCESS, 4
knockout_winner: INVALID_INPUT
knockout_winner: INVALID_INPUT
knockout_winner: SUCCESS, 13
knockout_winner: INVALID_INPUT
remove_player: SUCCESS
get_all_players: SUCCESS
135
157
41
177
8
147
69
remove_team: FAILURE
add_team: FAILURE
add_player: FAILURE
add_team: FAILURE
get_all_players: SUCCESS
126
27
39
61
99
172
106
87
52
20
36
11
96
156
199
188
154
get_team_points: SUCCESS, 10212
remove_player: SUCCESS
get_all_players_count: SUCCESS, 11
get_closest_player: SUCCESS, 126
get_closest_player: SUCCESS, 188
update_player_stats: SUCCESS
remove_player: SUCCESS
remove_player: SUCCESS
get_num_played_games: SUCCESS, 2644
get_all_players_count: SUCCESS, 8
get_team_points: SUCCESS, 9093
get_team_points: SUCCESS, 9093
get_num_played_games: SUCCESS, 10400
unite_teams: FAILURE
play_match: SUCCESS
update_player_stats: SUCCESS
knockout_winner: SUCCESS, 4
knockout_winner: INVALID_INPUT
knockout_winner: INVALID_INPUT
knockout_winner: SUCCESS, 13
knockout_winner: INVALID_INPUT
remove_player: SUCCESS
remove_player: SUCCESS
get_num_played_games: SUCCESS, 11952
update_player_stats: SUCCESS
get_top_scorer: SUCCESS, 69
update_player_stats: SUCCESS
remove_team: FAILURE
get_top_scorer: SUCCESS, 170
add_team: FAILURE
get_top_scorer: SUCCESS, 138
add_player: FAILURE
get_all_players_count: SUCCESS, 8
get_all_players: SUCCESS
135
157
41
177
8
147
69
get_team_points: SUCCESS, 841
add_player: FAILURE
remove_player: SUCCESS
get_num_played_games: SUCCESS, 4642
remove_team: FAILURE
unite_teams: FAILURE
get_top_scorer: SUCCESS, 46
unite_teams: FAILURE
get_all_players_count: SUCCESS, 17
remove_team: FAILURE
play_match: FAILURE
get_all_players_count: SUCCESS, 11
play_match: FAILURE
remove_team: FAILURE
add_team: FAILURE
unite_teams: FAILURE
remove_player: SUCCESS
play_match: FAILURE
get_all_players: SUCCESS
5
192
166
19
125
94
158
150
23
50
91
update_player_stats: SUCCESS
unite_teams: FAILURE
get_top_scorer: SUCCESS, 46
remove_team: FAILURE
add_player: FAILURE
add_player: FAILURE
play_match: FAILURE
remove_player: SUCCESS
unite_teams: FAILURE
remove_player: SUCCESS
get_top_scorer: SUCCESS, 46
get_top_scorer: SUCCESS, 1
knockout_winner: SUCCESS, 20
knockout_winner: SUCCESS, 18
knockout_winner: FAILURE
knockout_winner: FAILURE
knockout_winner: INVALID_INPUT
knockout_winner: SUCCESS, 13
knockout_winner: INVALID_INPUT
knockout_winner: INVALID_INPUT
knockout_winner: SUCCESS, 13
knockout_winner: SUCCESS, 7
get_num_played_games: SUCCESS, 12318
get_closest_player: SUCCESS, 11
add_player: FAILURE
knockout_winner: SUCCESS, 17
knockout_winner: SUCCESS, 13
knockout_winner: FAILURE
knockout_winner: FAILURE
knockout_winner: INVALID_INPUT
get_top_scorer: SUCCESS, 130
unite_teams: FAILURE
play_match: FAILURE
add_team: FAILURE
remove_player: SUCCESS
get_top_scorer: SUCCESS, 91
get_team_points: SUCCESS, 10061
remove_player: SUCCESS
get_all_players_count: SUCCESS, 9
unite_teams: FAILURE
add_player: FAILURE
get_top_scorer: SUCCESS, 112
get_all_players: SUCCESS
137
103
100
25
180
get_top_scorer: SUCCESS, 130
unite_teams: SUCCESS
remove_player: SUCCESS
play_match: FAILURE
get_top_scorer: SUCCESS, 46
play_match: FAILURE
add_team: FAILURE
get_top_scorer: SUCCESS, 138
get_all_players: SUCCESS
195
29
143
62
3
70
67
42
122
get_top_scorer: SUCCESS, 102
add_team: FAILURE
get_all_players_count: SUCCESS, 9
remove_team: FAILURE
get_num_played_games: SUCCESS, 7221
play_match: FAILURE
play_match: FAILURE
unite_teams: FAILURE
knockout_winner: SUCCESS, 18
knockout_winner: SUCCESS, 13
knockout_winner: SUCCESS, 13
knockout_winner: FAILURE
knockout_winner: INVALID_INPUT
update_player_stats: SUCCESS
get_closest_player: SUCCESS, 96
remove_team: FAILURE
update_player_stats: SUCCESS
remove_player: SUCCESS
update_player_stats: SUCCESS
knockout_winner: FAILURE
knockout_winner: SUCCESS, 13
knockout_winner: FAILURE
knockout_winner: SUCCESS, 13
knockout_winner: INVALID_INPUT
knockout_winner: SUCCESS, 2
knockout_winner: INVALID_INPUT
knockout_winner: INVALID_INPUT
knockout_winner: SUCCESS, 13
knockout_winner: INVALID_INPUT
unite_teams: FAILURE
get_team_points: SUCCESS, 10212
get_team_points: SUCCESS, 2077
remove_team: FAILURE
add_team: FAILURE
update_player_stats: SUCCESS
unite_teams: FAILURE
get_top_scorer: SUCCESS, 9
get_all_players: SUCCESS
88
187
155
57
134
174
79
183
102
get_num_played_games: SUCCESS, 762
get_all_players: SUCCESS
200
44
90
28
182
184
68
170
add_player: FAILURE
unite_teams: SUCCESS
get_all_players_count: SUCCESS, 18
remove_player: SUCCESS
add_team: FAILURE
update_player_stats: SUCCESS
add_team: FAILURE
play_match: FAILURE
get_team_points: SUCCESS, 6537
get_top_scorer: SUCCESS, 98
get_closest_player: SUCCESS, 198
get_all_players_count: SUCCESS, 5
get_num_played_games: SUCCESS, 11831
knockout_winner: SUCCESS, 4
knockout_winner: INVALID_INPUT
knockout_winner: INVALID_INPUT
knockout_winner: FAILURE
knockout_winner: INVALID_INPUT
get_team_points: SUCCESS, 8219
remove_team: FAILURE
add_team: FAILURE
remove_team: FAILURE
add_team: FAILURE
get_closest_player: SUCCESS, 24
get_team_points: SUCCESS, 600
remove_team: FAILURE
add_player: FAILURE
knockout_winner: SUCCESS, 2
knockout_winner: INVALID_INPUT
knockout_winner: INVALID_INPUT
knockout_winner: SUCCESS, 7
knockout_winner: INVALID_INPUT
get_closest_player: SUCCESS, 156
play_match: FAILURE
unite_teams: FAILURE
get_all_players_count: SUCCESS, 8
play_match: FAILURE
play_match: FAILURE
knockout_winner: FAILURE
knockout_winner: SUCCESS, 4
knockout_winner: SUCCESS, 4
knockout_winner: SUCCESS, 18
knockout_winner: INVALID_INPUT
update_player_stats: SUCCESS
unite_teams: FAILURE
unite_teams: FAILURE
get_all_players: SUCCESS
5
192
166
19
125
94
158
150
23
91
50
add_team: FAILURE
get_closest_player: SUCCESS, 45
get_all_players: SUCCESS
7
151
115
97
45
get_team_points: SUCCESS, 11675
get_all_players_count: SUCCESS, 5
add_team: FAILURE
update_player_stats: SUCCESS
get_all_players: SUCCESS
7
151
115
97
45
add_player: FAILURE
get_all_players: SUCCESS
137
103
100
25
180
add_team: FAILURE
get_all_players_count: SUCCESS, 10
unite_teams: FAILURE
add_team: FAILURE
remove_player: SUCCESS
get_closest_player: SUCCESS, 20
add_player: FAILURE
add_team: FAILURE
get_top_scorer: SUCCESS, 190
get_closest_player: SUCCESS, 36
get_top_scorer: SUCCESS, 180
play_match: FAILURE
get_all_players_count: SUCCESS, 17
add_player: FAILURE
unite_teams: FAILURE
unite_teams: FAILURE
remove_player: SUCCESS
knockout_winner: FAILURE
knockout_winner: SUCCESS, 18
knockout_winner: FAILURE
knockout_winner: SUCCESS, 18
knockout_winner: INVALID_INPUT
knockout_winner: SUCCESS, 7
knockout_winner: SUCCESS, 2
knockout_winner: SUCCESS, 2
knockout_winner: SUCCESS, 18
knockout_winner: INVALID_INPUT
get_team_points: SUCCESS, 10145
remove_team: FAILURE
get_closest_player: SUCCESS, 193
update_player_stats: SUCCESS
get_closest_player: SUCCESS, 56
get_all_players: SUCCESS
107
32
159
47
104
55
120
51
146
76
193
139
75
72
175
26
9
add_player: FAILURE
update_player_stats: SUCCESS
add_player: FAILURE
get_num_played_games: SUCCESS, 8293
unite_teams: FAILURE
remove_team: FAILURE
get_num_played_games: SUCCESS, 10431
get_all_players: SUCCESS
157
41
177
135
8
147
69
knockout_winner: FAILURE
knockout_winner: SUCCESS, 4
knockout_winner: SUCCESS, 4
knockout_winner: FAILURE
knockout_winner: INVALID_INPUT
add_player: FAILURE
get_all_players_count: SUCCESS, 9
get_all_players_count: SUCCESS, 5
get_num_played_games: SUCCESS, 5136
get_team_points: SUCCESS, 10067
get_num_played_games: SUCCESS, 7512
get_team_points: SUCCESS, 9167
get_all_players: SUCCESS
53
133
140
164
121
110
18
138
add_team: FAILURE
get_all_players: SUCCESS
53
133
140
164
121
110
18
138
update_player_stats: SUCCESS
add_player: FAILURE
remove_team: FAILURE
remove_team: FAILURE
get_all_players_count: SUCCESS, 10
get_num_played_games: SUCCESS, 11057
get_all_players_count: SUCCESS, 8
remove_player: SUCCESS
get_closest_player: SUCCESS, 158
add_player: FAILURE
remove_team: FAILURE
get_top_scorer: SUCCESS, 9
get_num_played_games: SUCCESS, 11408
unite_teams: SUCCESS
get_closest_player: SUCCESS, 16
get_team_points: SUCCESS, 1056
add_team: FAILURE
get_all_players: SUCCESS
137
103
100
25
180
get_top_scorer: SUCCESS, 45
remove_player: SUCCESS
get_closest_player: SUCCESS, 108
knockout_winner: SUCCESS, 6
knockout_winner: SUCCESS, 4
knockout_winner: FAILURE
knockout_winner: FAILURE
knockout_winner: INVALID_INPUT
remove_team: FAILURE
knockout_winner: SUCCESS, 2
knockout_winner: INVALID_INPUT
knockout_winner: INVALID_INPUT
knockout_winner: SUCCESS, 7
knockout_winner: INVALID_INPUT
play_match: FAILURE
update_player_stats: SUCCESS
remove_team: FAILURE
get_all_players_count: SUCCESS, 9
remove_team: FAILURE
play_match: FAILURE
play_match: FAILURE
get_top_scorer: SUCCESS, 138
get_closest_player: SUCCESS, 132
add_player: FAILURE
get_top_scorer: SUCCESS, 102
get_num_played_games: SUCCESS, 1717
get_team_points: SUCCESS, 9167
play_match: FAILURE
add_team: FAILURE
get_team_points: SUCCESS, 6537
knockout_winner: FAILURE
knockout_winner: SUCCESS, 18
knockout_winner: FAILURE
knockout_winner: FAILURE
knockout_winner: INVALID_INPUT
get_team_points: SUCCESS, 2126
add_player: FAILURE
play_match: INVALID_INPUT
get_closest_player: SUCCESS, 152
update_player_stats: SUCCESS
get_top_scorer: SUCCESS, 102
add_team: FAILURE
get_all_players: SUCCESS
157
41
177
135
8
147
69
get_all_players_count: SUCCESS, 16
get_closest_player: SUCCESS, 72
get_top_scorer: SUCCESS, 35
unite_teams: FAILURE
get_top_scorer: SUCCESS, 102
remove_player: SUCCESS
remove_player: SUCCESS
remove_player: SUCCESS
remove_team: FAILURE
knockout_winner: INVALID_INPUT
knockout_winner: FAILURE
knockout_winner: INVALID_INPUT
knockout_winner: INVALID_INPUT
knockout_winner: INVALID_INPUT
unite_teams: FAILURE
unite_teams: FAILURE
remove_team: FAILURE
remove_player: SUCCESS
remove_team: FAILURE
update_player_stats: SUCCESS
get_top_scorer: SUCCESS, 112
get_num_played_games: SUCCESS, 1042
get_top_scorer: SUCCESS, 24
get_num_played_games: SUCCESS, 10740
remove_team: FAILURE
get_team_points: SUCCESS, 12144
remove_player: SUCCESS
play_match: FAILURE
remove_team: FAILURE
get_all_players_count: SUCCESS, 10
play_match: FAILURE
knockout_winner: FAILURE
knockout_winner: FAILURE
knockout_winner: FAILURE
knockout_winner: FAILURE
knockout_winner: INVALID_INPUT
remove_player: SUCCESS
play_match: FAILURE
get_closest_player: SUCCESS, 138
get_num_played_games: SUCCESS, 4938
add_player: FAILURE
remove_team: FAILURE
get_all_players: SUCCESS
157
41
177
135
8
147
69
get_top_scorer: SUCCESS, 35
get_num_played_games: SUCCESS, 2345
get_closest_player: SUCCESS, 111
get_num_played_games: SUCCESS, 3834
add_player: FAILURE
get_all_players: SUCCESS
186
74
128
86
169
108
49
16
191
98
get_top_scorer: SUCCESS, 180
update_player_stats: SUCCESS
update_player_stats: SUCCESS
knockout_winner: FAILURE
knockout_winner: FAILURE
knockout_winner: FAILURE
knockout_winner: FAILURE
knockout_winner: INVALID_INPUT
get_num_played_games: SUCCESS, 931
knockout_winner: INVALID_INPUT
knockout_winner: SUCCESS, 4
knockout_winner: INVALID_INPUT
knockout_winner: INVALID_INPUT
knockout_winner: INVALID_INPUT
get_top_scorer: SUCCESS, 1
add_team: FAILURE
add_player: FAILURE
get_num_played_games: SUCCESS, 1726
add_team: FAILURE
get_num_played_games: SUCCESS, 3507
knockout_winner: FAILURE
knockout_winner: FAILURE
knockout_winner: FAILURE
knockout_winner: FAILURE
knockout_winner: INVALID_INPUT
knockout_winner: INVALID_INPUT
knockout_winner: SUCCESS, 7
knockout_winner: INVALID_INPUT
knockout_winner: INVALID_INPUT
knockout_winner: INVALID_INPUT
add_player: FAILURE
add_team: FAILURE
remove_player: SUCCESS
get_top_scorer: SUCCESS, 130
remove_player: SUCCESS
remove_team: FAILURE
get_top_scorer: SUCCESS, 45
update_player_stats: SUCCESS
get_closest_player: SUCCESS, 24
remove_team: FAILURE
get_num_played_games: SUCCESS, 8293
play_match: FAILURE
update_player_stats: SUCCESS
get_team_points: SUCCESS, 9167
unite_teams: FAILURE
add_player: FAILURE
update_player_stats: SUCCESS
play_match: SUCCESS
get_closest_player: SUCCESS, 100
update_player_stats: SUCCESS
unite_teams: FAILURE
knockout_winner: FAILURE
knockout_winner: SUCCESS, 7
knockout_winner: SUCCESS, 7
knockout_winner: FAILURE
knockout_winner: INVALID_INPUT
unite_teams: FAILURE
get_team_points: SUCCESS, 8219
add_player: FAILURE
add_player: FAILURE
get_all_players_count: SUCCESS, 9
add_player: FAILURE
update_player_stats: SUCCESS
remove_player: SUCCESS
knockout_winner: FAILURE
knockout_winner: FAILURE
knockout_winner: FAILURE
knockout_winner: FAILURE
knockout_winner: INVALID_INPUT
add_team: FAILURE
play_match: FAILURE
get_team_points: SUCCESS, 8201
unite_teams: FAILURE
get_all_players_count: SUCCESS, 17
unite_teams: FAILURE
get_closest_player: SUCCESS, 128
remove_team: FAILURE
unite_teams: FAILURE
get_team_points: SUCCESS, 12144
get_all_players_count: SUCCESS, 17
get_all_players_count: SUCCESS, 14
update_player_stats: SUCCESS
unite_teams: FAILURE
add_player: FAILURE
get_team_points: SUCCESS, 8219
get_top_scorer: SUCCESS, 1
get_num_played_games: SUCCESS, 931
add_player: FAILURE
get_all_players: SUCCESS
107
32
159
47
104
55
120
51
146
193
139
75
72
175
26
9
76
get_all_players_count: SUCCESS, 10
add_player: FAILURE
get_team_points: SUCCESS, 1056
add_team: FAILURE
play_match: FAILURE
get_closest_player: SUCCESS, 176
unite_teams: FAILURE
get_num_played_games: SUCCESS, 1061
get_closest_player: SUCCESS, 19
get_top_scorer: SUCCESS, 98
get_top_scorer: SUCCESS, 1
play_match: FAILURE
get_num_played_games: SUCCESS, 8074
add_player: FAILURE
unite_teams: SUCCESS
get_num_played_games: SUCCESS, 3834
get_all_players: SUCCESS
126
33
27
197
99
172
109
52
165
117
20
82
36
60
46
96
61
156
199
154
188
24
get_top_scorer: SUCCESS, 24
add_team: FAILURE
remove_team: FAILURE
play_match: FAILURE
get_top_scorer: SUCCESS, 1
play_match: FAILURE
add_player: FAILURE
knockout_winner: INVALID_INPUT
knockout_winner: FAILURE
knockout_winner: INVALID_INPUT
knockout_winner: INVALID_INPUT
knockout_winner: INVALID_INPUT
play_match: FAILURE
play_match: FAILURE
add_team: FAILURE
get_all_players: SUCCESS
119
92
95
163
136
118
30
130
15
get_top_scorer: SUCCESS, 73
add_player: FAILURE
play_match: FAILURE
add_player: FAILURE
add_player: FAILURE
get_num_played_games: SUCCESS, 3696
get_team_points: SUCCESS, 1056
get_top_scorer: SUCCESS, 102
get_closest_player: SUCCESS, 146
get_all_players: SUCCESS
157
41
177
135
8
147
69
add_team: FAILURE
add_player: FAILURE
get_team_points: SUCCESS, 12144
update_player_stats: SUCCESS
get_top_scorer: SUCCESS, 1
get_all_players_count: SUCCESS, 11
add_team: FAILURE
update_player_stats: SUCCESS
knockout_winner: SUCCESS, 7
knockout_winner: SUCCESS, 4
knockout_winner: SUCCESS, 4
knockout_winner: SUCCESS, 11
knockout_winner: SUCCESS, 11
get_num_played_games: SUCCESS, 1532
get_closest_player: SUCCESS, 174
unite_teams: SUCCESS
add_team: FAILURE
add_team: FAILURE
update_player_stats: SUCCESS
remove_team: FAILURE
get_team_points: SUCCESS, 11675
remove_player: SUCCESS
get_all_players: SUCCESS
198
85
14
148
64
65
21
31
160
73
add_team: FAILURE
knockout_winner: SUCCESS, 7
knockout_winner: SUCCESS, 4
knockout_winner: SUCCESS, 2
knockout_winner: FAILURE
knockout_winner: INVALID_INPUT
play_match: FAILURE
add_player: FAILURE
play_match: FAILURE
get_all_players: SUCCESS
186
74
128
86
169
108
49
16
191
98
get_all_players_count: SUCCESS, 5
get_top_scorer: SUCCESS, 73
get_all_players: SUCCESS
192
19
125
94
158
150
91
50
23
get_num_played_games: SUCCESS, 8285
get_all_players: SUCCESS
53
133
140
164
110
121
138
get_num_played_games: SUCCESS, 6591
remove_team: FAILURE
add_player: FAILURE
add_player: FAILURE
add_team: FAILURE
remove_team: FAILURE
get_all_players_count: SUCCESS, 5
remove_team: FAILURE
get_num_played_games: SUCCESS, 4815
remove_team: FAILURE
add_player: FAILURE
unite_teams: FAILURE
get_all_players_count: SUCCESS, 10
get_all_players_count: SUCCESS, 9
play_match: FAILURE
unite_teams: FAILURE
knockout_winner: INVALID_INPUT
knockout_winner: INVALID_INPUT
knockout_winner: INVALID_INPUT
knockout_winner: INVALID_INPUT
knockout_winner: INVALID_INPUT
update_player_stats: SUCCESS
add_team: FAILURE
get_all_players_count: SUCCESS, 5
remove_team: FAILURE
unite_teams: FAILURE
add_player: FAILURE
update_player_stats: SUCCESS
add_player: FAILURE
get_all_players: SUCCESS
161
54
34
142
81
176
63
123
131
105
141
173
129
get_all_players: SUCCESS
198
85
14
148
64
65
21
31
160
73
get_closest_player: SUCCESS, 21
get_team_points: SUCCESS, 941
get_all_players_count: SUCCESS, 9
play_match: SUCCESS
knockout_winner: SUCCESS, 4
knockout_winner: INVALID_INPUT
knockout_winner: INVALID_INPUT
knockout_winner: SUCCESS, 11
knockout_winner: INVALID_INPUT
get_num_played_games: SUCCESS, 1813
add_player: FAILURE
get_closest_player: SUCCESS, 122
get_all_players: SUCCESS
192
19
125
94
158
150
91
50
23
get_top_scorer: SUCCESS, 129
get_team_points: SUCCESS, 307
add_player: FAILURE
add_player: FAILURE
unite_teams: FAILURE
add_team: FAILURE
get_team_points: SUCCESS, 2126
get_top_scorer: SUCCESS, 138
get_top_scorer: SUCCESS, 78
update_player_stats: SUCCESS
get_team_points: SUCCESS, 944
get_top_scorer: SUCCESS, 112
get_all_players: SUCCESS
119
92
95
163
136
118
30
130
15
play_match: FAILURE
get_all_players: SUCCESS
29
62
12
3
10
70
43
195
67
42
122
143
58
112
unite_teams: FAILURE
add_team: FAILURE
add_player: FAILURE
knockout_winner: INVALID_INPUT
knockout_winner: SUCCESS, 11
knockout_winner: INVALID_INPUT
knockout_winner: INVALID_INPUT
knockout_winner: INVALID_INPUT
get_team_points: SUCCESS, 8801
get_all_players: SUCCESS
161
54
34
142
81
176
63
123
131
105
141
173
129
get_top_scorer: SUCCESS, 98
knockout_winner: SUCCESS, 4
knockout_winner: INVALID_INPUT
knockout_winner: INVALID_INPUT
knockout_winner: SUCCESS, 11
knockout_winner: INVALID_INPUT
remove_player: SUCCESS
add_team: FAILURE
remove_player: SUCCESS
knockout_winner: FAILURE
knockout_winner: SUCCESS, 11
knockout_winner: FAILURE
knockout_winner: FAILURE
knockout_winner: INVALID_INPUT
get_closest_player: SUCCESS, 34
play_match: FAILURE
get_closest_player: SUCCESS, 97
update_player_stats: SUCCESS
remove_player: SUCCESS
get_all_players_count: SUCCESS, 9
update_player_stats: SUCCESS
get_num_played_games: SUCCESS, 6746
get_top_scorer: SUCCESS, 154
get_all_players: SUCCESS
107
32
159
157
47
104
41
55
135
8
120
51
147
146
193
139
69
75
177
175
26
9
76
remove_team: FAILURE
update_player_stats: SUCCESS
remove_player: SUCCESS
knockout_winner: SUCCESS, 2
knockout_winner: INVALID_INPUT
knockout_winner: INVALID_INPUT
knockout_winner: SUCCESS, 7
knockout_winner: INVALID_INPUT
add_player: FAILURE
remove_player: SUCCESS
unite_teams: FAILURE
play_match: FAILURE
get_all_players: SUCCESS
32
159
157
47
104
41
55
135
8
120
51
147
146
193
69
75
177
175
26
9
76
get_closest_player: SUCCESS, 183
play_match: INVALID_INPUT
get_team_points: SUCCESS, 950
unite_teams: FAILURE
get_all_players_count: SUCCESS, 22
remove_player: SUCCESS
play_match: SUCCESS
get_closest_player: SUCCESS, 112
add_team: FAILURE
get_top_scorer: SUCCESS, 170
update_player_stats: SUCCESS
add_team: FAILURE
remove_player: SUCCESS
update_player_stats: SUCCESS
add_team: FAILURE
get_top_scorer: SUCCESS, 98
get_all_players: SUCCESS
53
140
164
110
121
138
get_num_played_games: SUCCESS, 6986
add_player: FAILURE
play_match: FAILURE
knockout_winner: SUCCESS, 6
knockout_winner: SUCCESS, 4
knockout_winner: SUCCESS, 4
knockout_winner: FAILURE
knockout_winner: INVALID_INPUT
get_top_scorer: SUCCESS, 76
knockout_winner: FAILURE
knockout_winner: SUCCESS, 4
knockout_winner: SUCCESS, 4
knockout_winner: FAILURE
knockout_winner: INVALID_INPUT
add_team: FAILURE
add_team: FAILURE
get_team_points: SUCCESS, 10212
unite_teams: FAILURE
remove_player: SUCCESS
add_player: FAILURE
update_player_stats: SUCCESS
remove_team: FAILURE
get_num_played_games: SUCCESS, 3546
add_player: FAILURE
add_team: FAILURE
play_match: FAILURE
remove_player: SUCCESS
get_num_played_games: SUCCESS, 8294
add_player: FAILURE
add_team: FAILURE
get_team_points: SUCCESS, 12153
add_team: FAILURE
remove_player: SUCCESS
remove_team: FAILURE
add_team: FAILURE
remove_player: SUCCESS
get_num_played_games: SUCCESS, 13253
remove_team: FAILURE
update_player_stats: SUCCESS
get_num_played_games: SUCCESS, 1532
get_num_played_games: SUCCESS, 7495
get_top_scorer: SUCCESS, 138
get_all_players: SUCCESS
32
159
157
47
104
41
55
135
8
120
51
147
146
193
69
75
177
175
26
9
76
add_team: FAILURE
get_all_players: SUCCESS
178
111
17
190
153
play_match: FAILURE
get_all_players: SUCCESS
88
187
155
57
134
174
79
183
add_player: FAILURE
get_top_scorer: SUCCESS, 129
add_team: FAILURE
knockout_winner: SUCCESS, 6
knockout_winner: INVALID_INPUT
knockout_winner: INVALID_INPUT
knockout_winner: FAILURE
knockout_winner: INVALID_INPUT
add_player: FAILURE
update_player_stats: SUCCESS
update_player_stats: SUCCESS
knockout_winner: SUCCESS, 4
knockout_winner: INVALID_INPUT
knockout_winner: INVALID_INPUT
knockout_winner: FAILURE
knockout_winner: INVALID_INPUT
add_team: FAILURE
get_all_players_count: SUCCESS, 10
get_all_players_count: SUCCESS, 9
knockout_winner: INVALID_INPUT
knockout_winner: FAILURE
knockout_winner: INVALID_INPUT
knockout_winner: INVALID_INPUT
knockout_winner: INVALID_INPUT
get_top_scorer: SUCCESS, 138
play_match: INVALID_INPUT
unite_teams: FAILURE
add_team: FAILURE
get_closest_player: SUCCESS, 123
remove_player: SUCCESS
knockout_winner: SUCCESS, 6
knockout_winner: INVALID_INPUT
knockout_winner: INVALID_INPUT
knockout_winner: FAILURE
knockout_winner: FAILURE
remove_team: FAILURE
update_player_stats: SUCCESS
add_player: FAILURE
play_match: FAILURE
get_all_players_count: SUCCESS, 8
get_team_points: SUCCESS, 307
remove_team: FAILURE
add_player: FAILURE
play_match: FAILURE
play_match: FAILURE
get_top_scorer: SUCCESS, 45
add_player: FAILURE
remove_player: SUCCESS
unite_teams: SUCCESS
get_all_players: SUCCESS
185
113
4
80
132
152
179
1
78
get_closest_player: SUCCESS, 111
get_num_played_games: SUCCESS, 20978
remove_player: SUCCESS
get_all_players_count: SUCCESS, 10
remove_team: FAILURE
update_player_stats: SUCCESS
get_top_scorer: SUCCESS, 73
unite_teams: FAILURE
play_match: FAILURE
get_top_scorer: SUCCESS, 129
get_num_played_games: SUCCESS, 8074
unite_teams: FAILURE
add_player: FAILURE
knockout_winner: SUCCESS, 2
knockout_winner: INVALID_INPUT
knockout_winner: INVALID_INPUT
knockout_winner: SUCCESS, 7
knockout_winner: INVALID_INPUT
remove_team: FAILURE
unite_teams: FAILURE
get_num_played_games: SUCCESS, 8055
play_match: FAILURE
get_top_scorer: SUCCESS, 138
play_match: INVALID_INPUT
update_player_stats: SUCCESS
update_player_stats: SUCCESS
get_team_points: SUCCESS, 15454
unite_teams: SUCCESS
unite_teams: SUCCESS
remove_team: FAILURE
get_num_played_games: SUCCESS, 3779
get_num_played_games: SUCCESS, 8294
add_team: FAILURE
add_player: FAILURE
remove_player: SUCCESS
get_team_points: SUCCESS, 2433
update_player_stats: SUCCESS
add_team: FAILURE
get_all_players: SUCCESS
161
54
34
81
63
142
123
131
105
141
173
129
update_player_stats: SUCCESS
play_match: SUCCESS
get_all_players: SUCCESS
200
44
90
184
28
add_player: FAILURE
update_player_stats: SUCCESS
get_closest_player: SUCCESS, 53
knockout_winner: SUCCESS, 18
knockout_winner: SUCCESS, 18
knockout_winner: SUCCESS, 6
knockout_winner: SUCCESS, 18
knockout_winner: INVALID_INPUT
get_closest_player: SUCCESS, 159
get_top_scorer: SUCCESS, 112
unite_teams: FAILURE
get_all_players_count: SUCCESS, 21
add_team: FAILURE
unite_teams: FAILURE
knockout_winner: SUCCESS, 18
knockout_winner: SUCCESS, 18
knockout_winner: SUCCESS, 6
knockout_winner: SUCCESS, 18
knockout_winner: FAILURE
add_player: FAILURE
remove_team: FAILURE
remove_team: FAILURE
add_team: FAILURE
knockout_winner: SUCCESS, 6
knockout_winner: INVALID_INPUT
knockout_winner: INVALID_INPUT
knockout_winner: SUCCESS, 18
knockout_winner: FAILURE
get_closest_player: SUCCESS, 136
get_top_scorer: SUCCESS, 138
unite_teams: FAILURE
knockout_winner: INVALID_INPUT
knockout_winner: FAILURE
knockout_winner: INVALID_INPUT
knockout_winner: INVALID_INPUT
knockout_winner: INVALID_INPUT
add_team: FAILURE
remove_team: FAILURE
get_num_played_games: SUCCESS, 6369
get_all_players_count: SUCCESS, 10
get_closest_player: SUCCESS, 98
remove_team: FAILURE
play_match: FAILURE
remove_team: FAILURE
get_all_players: SUCCESS
185
113
4
80
132
152
179
1
78
knockout_winner: INVALID_INPUT
knockout_winner: SUCCESS, 6
knockout_winner: INVALID_INPUT
knockout_winner: INVALID_INPUT
knockout_winner: INVALID_INPUT
add_team: FAILURE
get_num_played_games: SUCCESS, 11596
get_closest_player: SUCCESS, 96
get_all_players_count: SUCCESS, 14
get_closest_player: SUCCESS, 17
knockout_winner: INVALID_INPUT
knockout_winner: INVALID_INPUT
knockout_winner: INVALID_INPUT
knockout_winner: INVALID_INPUT
knockout_winner: INVALID_INPUT
get_num_played_games: SUCCESS, 11092
get_all_players_count: SUCCESS, 13
unite_teams: FAILURE
get_top_scorer: SUCCESS, 76
get_num_played_games: SUCCESS, 16285
get_top_scorer: SUCCESS, 73
remove_team: FAILURE
get_closest_player: SUCCESS, 113
get_closest_player: SUCCESS, 73
get_all_players_count: SUCCESS, 10
get_top_scorer: SUCCESS, 73
get_top_scorer: SUCCESS, 183
play_match: SUCCESS
get_all_players: SUCCESS
161
54
34
81
63
142
123
131
105
141
173
129
remove_team: FAILURE
remove_player: SUCCESS
get_closest_player: SUCCESS, 90
get_top_scorer: SUCCESS, 183
remove_team: FAILURE
get_team_points: SUCCESS, 5709
remove_player: SUCCESS
get_num_played_games: SUCCESS, 9122
unite_teams: FAILURE
remove_player: SUCCESS
knockout_winner: SUCCESS, 18
knockout_winner: SUCCESS, 18
knockout_winner: FAILURE
knockout_winner: FAILURE
knockout_winner: INVALID_INPUT
get_num_played_games: SUCCESS, 1142
play_match: FAILURE
unite_teams: FAILURE
get_all_players: SUCCESS
161
54
34
81
63
142
123
131
105
141
173
129
get_all_players_count: SUCCESS, 13
add_team: FAILURE
unite_teams: SUCCESS
knockout_winner: SUCCESS, 18
knockout_winner: SUCCESS, 18
knockout_winner: FAILURE
knockout_winner: FAILURE
knockout_winner: INVALID_INPUT
get_closest_player: SUCCESS, 27
play_match: FAILURE
add_team: FAILURE
update_player_stats: SUCCESS
get_all_players_count: SUCCESS, 12
get_num_played_games: SUCCESS, 7222
get_top_scorer: SUCCESS, 154
remove_player: SUCCESS
add_player: FAILURE
get_top_scorer: SUCCESS, 138
remove_player: SUCCESS
remove_team: FAILURE
unite_teams: FAILURE
remove_team: FAILURE
unite_teams: INVALID_INPUT
remove_player: SUCCESS
remove_player: SUCCESS
get_closest_player: SUCCESS, 74
get_team_points: SUCCESS, 12204
get_all_players: SUCCESS
74
186
128
86
169
108
49
191
98
16
get_all_players: SUCCESS
198
85
14
148
64
65
21
31
160
73
unite_teams: FAILURE
get_closest_player: SUCCESS, 63
unite_teams: FAILURE
get_all_players: SUCCESS
88
192
19
125
187
53
155
57
134
94
140
164
158
174
150
79
110
91
50
23
183
121
138
add_player: FAILURE
get_closest_player: SUCCESS, 105
update_player_stats: SUCCESS
get_closest_player: SUCCESS, 169
unite_teams: FAILURE
knockout_winner: SUCCESS, 18
knockout_winner: SUCCESS, 18
knockout_winner: FAILURE
knockout_winner: FAILURE
knockout_winner: INVALID_INPUT
knockout_winner: SUCCESS, 6
knockout_winner: INVALID_INPUT
knockout_winner: INVALID_INPUT
knockout_winner: SUCCESS, 14
knockout_winner: INVALID_INPUT
update_player_stats: SUCCESS
add_team: FAILURE
get_team_points: SUCCESS, 15980
unite_teams: FAILURE
play_match: INVALID_INPUT
get_num_played_games: SUCCESS, 11689
add_team: FAILURE
get_num_played_games: SUCCESS, 5230
get_closest_player: SUCCESS, 19
get_num_played_games: SUCCESS, 5629
get_all_players_count: SUCCESS, 4
unite_teams: SUCCESS
get_closest_player: SUCCESS, 78
play_match: FAILURE
remove_player: SUCCESS
add_team: FAILURE
get_team_points: SUCCESS, 12207
update_player_stats: SUCCESS
remove_team: FAILURE
add_player: FAILURE
remove_player: SUCCESS
get_num_played_games: SUCCESS, 20182
get_team_points: SUCCESS, 25599
knockout_winner: INVALID_INPUT
knockout_winner: SUCCESS, 6
knockout_winner: INVALID_INPUT
knockout_winner: INVALID_INPUT
knockout_winner: INVALID_INPUT
play_match: SUCCESS
add_player: FAILURE
get_all_players_count: SUCCESS, 4
unite_teams: FAILURE
play_match: FAILURE
get_team_points: SUCCESS, 8801
get_num_played_games: SUCCESS, 5203
get_top_scorer: SUCCESS, 16
knockout_winner: SUCCESS, 14
knockout_winner: SUCCESS, 18
knockout_winner: FAILURE
knockout_winner: SUCCESS, 18
knockout_winner: INVALID_INPUT
play_match: SUCCESS
add_player: FAILURE
get_num_played_games: SUCCESS, 16114
get_team_points: SUCCESS, 8801
unite_teams: FAILURE
get_team_points: SUCCESS, 11675
play_match: SUCCESS
play_match: FAILURE
remove_team: FAILURE
update_player_stats: SUCCESS
remove_team: FAILURE
remove_team: FAILURE
add_team: FAILURE
get_team_points: SUCCESS, 10212
get_num_played_games: SUCCESS, 7902
add_player: FAILURE
add_player: FAILURE
knockout_winner: SUCCESS, 18
knockout_winner: SUCCESS, 18
knockout_winner: FAILURE
knockout_winner: FAILURE
knockout_winner: INVALID_INPUT
add_player: FAILURE
remove_team: FAILURE
add_player: FAILURE
remove_team: FAILURE
remove_team: FAILURE
unite_teams: SUCCESS
get_closest_player: SUCCESS, 62
unite_teams: SUCCESS
remove_player: SUCCESS
knockout_winner: SUCCESS, 18
knockout_winner: SUCCESS, 18
knockout_winner: SUCCESS, 9
knockout_winner: FAILURE
knockout_winner: INVALID_INPUT
get_top_scorer: SUCCESS, 15
get_top_scorer: SUCCESS, 153
play_match: SUCCESS
get_closest_player: SUCCESS, 47
play_match: FAILURE
get_num_played_games: SUCCESS, 8022
update_player_stats: SUCCESS
get_num_played_games: SUCCESS, 16143
get_all_players_count: SUCCESS, 18
get_all_players: SUCCESS
161
54
32
34
157
104
81
41
63
55
135
8
142
120
123
51
131
147
159
146
47
105
193
75
141
173
177
175
26
9
76
129
play_match: FAILURE
play_match: SUCCESS
get_top_scorer: SUCCESS, 16
get_team_points: SUCCESS, 16749
play_match: SUCCESS
get_top_scorer: SUCCESS, 154
play_match: SUCCESS
remove_team: FAILURE
remove_player: SUCCESS
unite_teams: FAILURE
get_closest_player: SUCCESS, 120
get_all_players: SUCCESS
185
113
4
80
132
90
152
1
184
28
44
78
remove_team: FAILURE
unite_teams: SUCCESS
add_team: FAILURE
get_num_played_games: SUCCESS, 21828
add_player: FAILURE
get_all_players_count: SUCCESS, 13
remove_player: SUCCESS
remove_team: FAILURE
get_all_players: SUCCESS
74
185
186
113
128
86
4
169
80
132
108
49
90
152
1
184
191
28
44
98
16
78
get_team_points: SUCCESS, 11675
remove_player: SUCCESS
remove_player: SUCCESS
remove_player: SUCCESS
remove_player: SUCCESS
remove_player: SUCCESS
remove_player: SUCCESS
remove_player: SUCCESS
remove_player: SUCCESS
remove_player: SUCCESS
remove_player: SUCCESS
remove_player: SUCCESS
remove_player: SUCCESS
remove_player: SUCCESS
remove_player: SUCCESS
remove_player: SUCCESS
remove_player: SUCCESS
remove_player: SUCCESS
remove_player: SUCCESS
remove_player: SUCCESS
remove_player: SUCCESS
remove_player: SUCCESS
remove_player: SUCCESS
remove_player: SUCCESS
remove_player: SUCCESS
remove_player: SUCCESS
remove_player: SUCCESS
remove_player: SUCCESS
remove_player: SUCCESS
remove_player: SUCCESS
remove_player: SUCCESS
remove_player: SUCCESS
remove_player: SUCCESS
remove_player: SUCCESS
remove_player: SUCCESS
remove_player: SUCCESS
remove_player: SUCCESS
remove_player: SUCCESS
remove_player: SUCCESS
remove_player: SUCCESS
remove_player: SUCCESS
remove_player: SUCCESS
remove_player: SUCCESS
remove_player: SUCCESS
remove_player: SUCCESS
remove_player: SUCCESS
remove_player: SUCCESS
remove_player: SUCCESS
remove_player: SUCCESS
remove_player: SUCCESS
remove_player: SUCCESS
remove_player: SUCCESS
remove_player: SUCCESS
remove_player: SUCCESS
remove_player: SUCCESS
remove_player: SUCCESS
remove_player: SUCCESS
remove_player: SUCCESS
remove_player: SUCCESS
remove_player: SUCCESS
remove_player: SUCCESS
remove_player: SUCCESS
remove_player: SUCCESS
remove_player: SUCCESS
remove_player: SUCCESS
remove_player: SUCCESS
remove_player: SUCCESS
remove_player: SUCCESS
remove_player: SUCCESS
remove_player: SUCCESS
remove_player: SUCCESS
remove_player: SUCCESS
remove_player: SUCCESS
remove_player: SUCCESS
remove_player: SUCCESS
remove_player: SUCCESS
remove_player: SUCCESS
remove_player: SUCCESS
remove_player: SUCCESS
remove_player: SUCCESS
remove_player: SUCCESS
remove_player: SUCCESS
remove_player: SUCCESS
remove_player: SUCCESS
remove_player: SUCCESS
remove_player: SUCCESS
remove_player: SUCCESS
remove_player: SUCCESS
remove_player: SUCCESS
remove_player: SUCCESS
remove_player: SUCCESS
remove_player: SUCCESS
remove_player: SUCCESS
remove_player: SUCCESS
remove_player: SUCCESS
remove_player: SUCCESS
remove_player: SUCCESS
remove_player: SUCCESS
remove_player: SUCCESS
remove_player: SUCCESS
remove_player: SUCCESS
remove_player: SUCCESS
remove_player: SUCCESS
remove_player: SUCCESS
remove_player: SUCCESS
remove_player: SUCCESS
remove_player: SUCCESS
remove_player: SUCCESS
remove_player: SUCCESS
remove_player: SUCCESS
remove_player: SUCCESS
remove_player: SUCCESS
remove_player: SUCCESS
remove_player: SUCCESS
remove_player: SUCCESS
remove_player: SUCCESS
remove_player: SUCCESS
remove_player: SUCCESS
remove_player: SUCCESS
remove_player: SUCCESS
remove_player: SUCCESS
remove_player: SUCCESS
remove_player: SUCCESS
remove_player: SUCCESS
remove_player: SUCCESS
remove_player: SUCCESS
remove_player: SUCCESS
remove_player: SUCCESS
remove_player: SUCCESS
remove_player: SUCCESS
remove_player: SUCCESS
remove_player: SUCCESS
remove_player: SUCCESS
remove_player: SUCCESS
remove_player: SUCCESS
remove_player: SUCCESS
remove_player: SUCCESS
remove_player: SUCCESS
remove_team: SUCCESS
remove_team: SUCCESS
remove_team: SUCCESS
remove_team: SUCCESS
remove_team: SUCCESS
remove_team: SUCCESS
remove_team: SUCCESS
