add_team: SUCCESS
add_team: SUCCESS
add_team: SUCCESS
add_team: SUCCESS
add_team: SUCCESS
add_team: SUCCESS
add_team: SUCCESS
add_team: SUCCESS
add_team: SUCCESS
add_team: SUCCESS
add_team: SUCCESS
add_team: SUCCESS
add_team: SUCCESS
add_team: SUCCESS
add_team: SUCCESS
add_team: SUCCESS
add_team: SUCCESS
add_team: SUCCESS
add_team: SUCCESS
add_team: SUCCESS
add_player: SUCCESS
add_player: SUCCESS
add_player: SUCCESS
add_player: SUCCESS
add_player: SUCCESS
add_player: SUCCESS
add_player: SUCCESS
add_player: SUCCESS
add_player: SUCCESS
add_player: SUCCESS
add_player: SUCCESS
add_player: SUCCESS
add_player: SUCCESS
add_player: SUCCESS
add_player: SUCCESS
add_player: SUCCESS
add_player: SUCCESS
add_player: SUCCESS
add_player: SUCCESS
add_player: SUCCESS
add_player: SUCCESS
add_player: SUCCESS
add_player: SUCCESS
add_player: SUCCESS
add_player: SUCCESS
add_player: SUCCESS
add_player: SUCCESS
add_player: SUCCESS
add_player: SUCCESS
add_player: SUCCESS
add_player: SUCCESS
add_player: SUCCESS
add_player: SUCCESS
add_player: SUCCESS
add_player: SUCCESS
add_player: SUCCESS
add_player: SUCCESS
add_player: SUCCESS
add_player: SUCCESS
add_player: SUCCESS
add_player: SUCCESS
add_player: SUCCESS
add_player: SUCCESS
add_player: SUCCESS
add_player: SUCCESS
add_player: SUCCESS
add_player: SUCCESS
add_player: SUCCESS
add_player: SUCCESS
add_player: SUCCESS
add_player: SUCCESS
add_player: SUCCESS
add_player: SUCCESS
add_player: SUCCESS
add_player: SUCCESS
add_player: SUCCESS
add_player: SUCCESS
add_player: SUCCESS
add_player: SUCCESS
add_player: SUCCESS
add_player: SUCCESS
add_player: SUCCESS
add_player: SUCCESS
add_player: SUCCESS
add_player: SUCCESS
add_player: SUCCESS
add_player: SUCCESS
add_player: SUCCESS
add_player: SUCCESS
add_player: SUCCESS
add_player: SUCCESS
add_player: SUCCESS
add_player: SUCCESS
add_player: SUCCESS
add_player: SUCCESS
add_player: SUCCESS
add_player: SUCCESS
add_player: SUCCESS
add_player: SUCCESS
add_player: SUCCESS
add_player: SUCCESS
add_player: SUCCESS
add_player: SUCCESS
add_player: SUCCESS
add_player: SUCCESS
add_player: SUCCESS
add_player: SUCCESS
add_player: SUCCESS
add_player: SUCCESS
add_player: SUCCESS
add_player: SUCCESS
add_player: SUCCESS
add_player: SUCCESS
add_player: SUCCESS
add_player: SUCCESS
add_player: SUCCESS
add_player: SUCCESS
add_player: SUCCESS
add_player: SUCCESS
add_player: SUCCESS
add_player: SUCCESS
add_player: SUCCESS
add_player: SUCCESS
add_player: SUCCESS
add_player: SUCCESS
add_player: SUCCESS
add_player: SUCCESS
add_player: SUCCESS
add_player: SUCCESS
add_player: SUCCESS
add_player: SUCCESS
add_player: SUCCESS
add_player: SUCCESS
add_player: SUCCESS
add_player: SUCCESS
add_player: SUCCESS
add_player: SUCCESS
add_player: SUCCESS
add_player: SUCCESS
add_player: SUCCESS
add_player: SUCCESS
add_player: SUCCESS
add_player: SUCCESS
add_player: SUCCESS
add_player: SUCCESS
add_player: SUCCESS
add_player: SUCCESS
add_player: SUCCESS
add_player: SUCCESS
add_player: SUCCESS
add_player: SUCCESS
add_player: SUCCESS
add_player: SUCCESS
add_player: SUCCESS
add_player: SUCCESS
add_player: SUCCESS
add_player: SUCCESS
add_player: SUCCESS
add_player: SUCCESS
add_player: SUCCESS
add_player: SUCCESS
add_player: SUCCESS
add_player: SUCCESS
add_player: SUCCESS
add_player: SUCCESS
add_player: SUCCESS
add_player: SUCCESS
add_player: SUCCESS
add_player: SUCCESS
add_player: SUCCESS
add_player: SUCCESS
add_player: SUCCESS
add_player: SUCCESS
add_player: SUCCESS
add_player: SUCCESS
add_player: SUCCESS
add_player: SUCCESS
add_player: SUCCESS
add_player: SUCCESS
add_player: SUCCESS
add_player: SUCCESS
add_player: SUCCESS
add_player: SUCCESS
add_player: SUCCESS
add_player: SUCCESS
add_player: SUCCESS
add_player: SUCCESS
add_player: SUCCESS
add_player: SUCCESS
add_player: SUCCESS
add_player: SUCCESS
add_player: SUCCESS
add_player: SUCCESS
add_player: SUCCESS
add_player: SUCCESS
add_player: SUCCESS
add_player: SUCCESS
add_player: SUCCESS
add_player: SUCCESS
add_player: SUCCESS
add_player: SUCCESS
add_player: SUCCESS
add_player: SUCCESS
add_player: SUCCESS
add_player: SUCCESS
add_player: SUCCESS
add_player: SUCCESS
add_player: SUCCESS
add_player: SUCCESS
add_player: SUCCESS
add_player: SUCCESS
add_player: SUCCESS
add_player: SUCCESS
add_player: SUCCESS
add_player: SUCCESS
add_player: SUCCESS
add_player: SUCCESS
add_player: SUCCESS
add_player: SUCCESS
add_player: SUCCESS
update_player_stats: SUCCESS
add_team: FAILURE
play_match: FAILURE
add_team: FAILURE
get_team_points: SUCCESS, 7189
add_player: FAILURE
remove_team: FAILURE
play_match: FAILURE
unite_teams: FAILURE
get_all_players: SUCCESS
42
58
137
142
176
66
169
96
remove_player: SUCCESS
knockout_winner: SUCCESS, 19
knockout_winner: SUCCESS, 19
knockout_winner: FAILURE
knockout_winner: FAILURE
knockout_winner: INVALID_INPUT
get_closest_player: SUCCESS, 76
get_team_points: SUCCESS, 4294
add_team: FAILURE
get_closest_player: SUCCESS, 181
get_num_played_games: SUCCESS, 2214
add_team: FAILURE
unite_teams: FAILURE
remove_team: FAILURE
update_player_stats: SUCCESS
get_all_players_count: SUCCESS, 9
add_player: FAILURE
play_match: FAILURE
update_player_stats: SUCCESS
update_player_stats: SUCCESS
add_team: FAILURE
play_match: FAILURE
get_top_scorer: SUCCESS, 184
get_all_players_count: SUCCESS, 13
get_all_players_count: SUCCESS, 9
knockout_winner: SUCCESS, 12
knockout_winner: SUCCESS, 10
knockout_winner: SUCCESS, 10
knockout_winner: SUCCESS, 19
knockout_winner: INVALID_INPUT
get_all_players: SUCCESS
71
7
82
170
186
56
148
200
play_match: FAILURE
add_team: FAILURE
get_top_scorer: SUCCESS, 189
unite_teams: FAILURE
add_player: FAILURE
get_top_scorer: SUCCESS, 92
get_all_players_count: SUCCESS, 10
get_all_players_count: SUCCESS, 6
get_num_played_games: SUCCESS, 8415
get_closest_player: SUCCESS, 162
add_team: FAILURE
get_top_scorer: SUCCESS, 182
remove_team: FAILURE
add_player: FAILURE
play_match: FAILURE
get_all_players_count: SUCCESS, 6
get_team_points: SUCCESS, 987
get_num_played_games: SUCCESS, 6337
remove_player: SUCCESS
get_closest_player: SUCCESS, 9
get_top_scorer: SUCCESS, 20
get_all_players: SUCCESS
70
105
160
128
6
191
164
134
29
35
98
18
184
add_team: FAILURE
knockout_winner: SUCCESS, 19
knockout_winner: SUCCESS, 12
knockout_winner: SUCCESS, 12
knockout_winner: FAILURE
knockout_winner: INVALID_INPUT
add_player: FAILURE
add_team: FAILURE
remove_player: SUCCESS
unite_teams: FAILURE
get_all_players: SUCCESS
42
58
137
142
176
66
169
96
play_match: SUCCESS
get_top_scorer: SUCCESS, 120
get_all_players: SUCCESS
71
7
82
170
186
148
200
get_all_players: SUCCESS
42
58
137
142
176
66
169
96
add_team: FAILURE
get_top_scorer: SUCCESS, 68
remove_team: FAILURE
remove_player: SUCCESS
add_team: FAILURE
get_top_scorer: SUCCESS, 92
get_all_players: SUCCESS
3
50
111
104
106
183
31
78
get_team_points: SUCCESS, 3365
remove_player: SUCCESS
add_team: FAILURE
add_player: FAILURE
get_num_played_games: SUCCESS, 8404
get_all_players: SUCCESS
42
58
142
176
66
169
96
get_team_points: SUCCESS, 4056
add_team: FAILURE
get_num_played_games: SUCCESS, 195
get_all_players: SUCCESS
85
44
79
168
53
63
add_team: FAILURE
remove_player: SUCCESS
get_top_scorer: SUCCESS, 178
get_num_played_games: SUCCESS, 9413
play_match: FAILURE
play_match: FAILURE
remove_team: FAILURE
add_team: FAILURE
get_team_points: SUCCESS, 9497
get_all_players_count: SUCCESS, 9
unite_teams: FAILURE
get_top_scorer: SUCCESS, 179
remove_team: FAILURE
get_top_scorer: SUCCESS, 96
get_closest_player: SUCCESS, 18
unite_teams: INVALID_INPUT
remove_team: FAILURE
get_top_scorer: SUCCESS, 68
get_all_players_count: SUCCESS, 9
get_num_played_games: SUCCESS, 6795
get_all_players_count: SUCCESS, 16
knockout_winner: FAILURE
knockout_winner: SUCCESS, 10
knockout_winner: SUCCESS, 10
knockout_winner: SUCCESS, 19
knockout_winner: INVALID_INPUT
add_team: FAILURE
get_all_players_count: SUCCESS, 9
update_player_stats: SUCCESS
add_team: FAILURE
get_num_played_games: SUCCESS, 2696
add_player: FAILURE
add_team: FAILURE
unite_teams: FAILURE
add_team: FAILURE
play_match: FAILURE
get_team_points: SUCCESS, 7189
update_player_stats: SUCCESS
unite_teams: FAILURE
get_all_players_count: SUCCESS, 6
get_closest_player: SUCCESS, 52
get_closest_player: SUCCESS, 6
get_closest_player: SUCCESS, 39
play_match: FAILURE
get_closest_player: SUCCESS, 76
add_player: FAILURE
get_closest_player: SUCCESS, 63
remove_team: FAILURE
play_match: FAILURE
knockout_winner: FAILURE
knockout_winner: INVALID_INPUT
knockout_winner: INVALID_INPUT
knockout_winner: FAILURE
knockout_winner: INVALID_INPUT
play_match: FAILURE
remove_player: SUCCESS
add_team: FAILURE
add_player: FAILURE
get_team_points: SUCCESS, 9497
get_closest_player: SUCCESS, 141
unite_teams: FAILURE
play_match: FAILURE
get_all_players_count: SUCCESS, 7
update_player_stats: SUCCESS
get_team_points: SUCCESS, 8579
remove_player: SUCCESS
add_player: FAILURE
get_closest_player: SUCCESS, 144
knockout_winner: SUCCESS, 12
knockout_winner: SUCCESS, 10
knockout_winner: FAILURE
knockout_winner: SUCCESS, 19
knockout_winner: INVALID_INPUT
remove_team: FAILURE
get_all_players: SUCCESS
87
72
43
51
166
172
156
195
139
179
play_match: FAILURE
get_all_players_count: SUCCESS, 7
play_match: FAILURE
remove_player: SUCCESS
knockout_winner: SUCCESS, 10
knockout_winner: SUCCESS, 10
knockout_winner: SUCCESS, 6
knockout_winner: SUCCESS, 19
knockout_winner: INVALID_INPUT
update_player_stats: SUCCESS
get_closest_player: SUCCESS, 113
unite_teams: FAILURE
add_player: FAILURE
remove_team: FAILURE
remove_team: FAILURE
get_all_players_count: SUCCESS, 10
get_num_played_games: SUCCESS, 12100
get_num_played_games: SUCCESS, 3550
knockout_winner: SUCCESS, 12
knockout_winner: SUCCESS, 10
knockout_winner: SUCCESS, 6
knockout_winner: FAILURE
knockout_winner: INVALID_INPUT
get_top_scorer: SUCCESS, 8
knockout_winner: SUCCESS, 10
knockout_winner: SUCCESS, 10
knockout_winner: SUCCESS, 6
knockout_winner: FAILURE
knockout_winner: INVALID_INPUT
add_team: FAILURE
add_player: FAILURE
add_team: FAILURE
remove_player: SUCCESS
get_closest_player: SUCCESS, 83
knockout_winner: SUCCESS, 10
knockout_winner: SUCCESS, 10
knockout_winner: SUCCESS, 10
knockout_winner: SUCCESS, 19
knockout_winner: SUCCESS, 12
play_match: FAILURE
get_top_scorer: SUCCESS, 8
get_all_players_count: SUCCESS, 9
add_team: FAILURE
get_all_players_count: SUCCESS, 8
get_num_played_games: SUCCESS, 11583
get_team_points: SUCCESS, 3365
remove_team: FAILURE
get_all_players: SUCCESS
117
39
199
198
84
112
174
123
132
141
57
189
play_match: SUCCESS
get_closest_player: SUCCESS, 182
get_all_players: SUCCESS
21
154
12
33
119
188
68
100
update_player_stats: SUCCESS
remove_player: SUCCESS
get_num_played_games: SUCCESS, 98
add_team: FAILURE
add_team: FAILURE
get_team_points: SUCCESS, 7725
play_match: FAILURE
get_num_played_games: SUCCESS, 1694
add_player: FAILURE
get_top_scorer: SUCCESS, 184
add_player: FAILURE
get_num_played_games: SUCCESS, 3037
get_all_players_count: SUCCESS, 6
get_top_scorer: SUCCESS, 63
get_team_points: SUCCESS, 368
remove_team: FAILURE
unite_teams: FAILURE
update_player_stats: SUCCESS
play_match: FAILURE
get_all_players: SUCCESS
99
167
40
62
13
131
48
177
20
get_num_played_games: SUCCESS, 12051
knockout_winner: SUCCESS, 19
knockout_winner: SUCCESS, 11
knockout_winner: SUCCESS, 11
knockout_winner: FAILURE
knockout_winner: INVALID_INPUT
remove_player: SUCCESS
add_player: FAILURE
get_num_played_games: SUCCESS, 10213
get_all_players: SUCCESS
2
59
5
113
8
get_team_points: SUCCESS, 9497
get_all_players: SUCCESS
70
105
160
128
6
191
164
134
29
35
98
18
184
get_num_played_games: SUCCESS, 7177
knockout_winner: SUCCESS, 10
knockout_winner: SUCCESS, 10
knockout_winner: SUCCESS, 3
knockout_winner: FAILURE
knockout_winner: INVALID_INPUT
add_player: FAILURE
remove_player: SUCCESS
remove_team: FAILURE
unite_teams: FAILURE
remove_team: FAILURE
add_team: FAILURE
get_team_points: SUCCESS, 368
play_match: FAILURE
add_player: FAILURE
get_all_players_count: SUCCESS, 14
play_match: FAILURE
get_team_points: SUCCESS, 11859
get_all_players: SUCCESS
87
72
43
51
166
172
156
195
139
179
get_num_played_games: SUCCESS, 10958
get_all_players_count: SUCCESS, 7
get_all_players: SUCCESS
135
47
136
88
145
187
197
27
46
97
193
get_closest_player: SUCCESS, 108
play_match: FAILURE
get_all_players: SUCCESS
114
144
23
49
143
162
157
181
185
remove_team: FAILURE
knockout_winner: SUCCESS, 19
knockout_winner: SUCCESS, 19
knockout_winner: FAILURE
knockout_winner: FAILURE
knockout_winner: INVALID_INPUT
knockout_winner: SUCCESS, 3
knockout_winner: INVALID_INPUT
knockout_winner: INVALID_INPUT
knockout_winner: FAILURE
knockout_winner: INVALID_INPUT
knockout_winner: SUCCESS, 6
knockout_winner: SUCCESS, 10
knockout_winner: FAILURE
knockout_winner: SUCCESS, 10
knockout_winner: INVALID_INPUT
update_player_stats: SUCCESS
get_all_players_count: SUCCESS, 14
get_closest_player: SUCCESS, 190
get_all_players: SUCCESS
149
159
140
108
165
155
101
115
15
83
178
26
knockout_winner: SUCCESS, 12
knockout_winner: SUCCESS, 10
knockout_winner: SUCCESS, 10
knockout_winner: SUCCESS, 19
knockout_winner: INVALID_INPUT
add_player: FAILURE
play_match: FAILURE
remove_team: FAILURE
remove_team: FAILURE
get_closest_player: SUCCESS, 81
remove_player: SUCCESS
remove_player: SUCCESS
unite_teams: FAILURE
update_player_stats: SUCCESS
get_closest_player: SUCCESS, 131
get_team_points: SUCCESS, 9497
remove_player: SUCCESS
remove_team: FAILURE
update_player_stats: SUCCESS
get_closest_player: SUCCESS, 148
get_all_players: SUCCESS
3
50
111
104
106
183
31
78
knockout_winner: SUCCESS, 19
knockout_winner: SUCCESS, 19
knockout_winner: FAILURE
knockout_winner: FAILURE
knockout_winner: INVALID_INPUT
get_all_players_count: SUCCESS, 9
remove_player: SUCCESS
remove_player: SUCCESS
add_player: FAILURE
get_num_played_games: SUCCESS, 3160
add_team: FAILURE
add_team: FAILURE
get_all_players_count: SUCCESS, 11
get_all_players_count: SUCCESS, 15
knockout_winner: FAILURE
knockout_winner: SUCCESS, 10
knockout_winner: FAILURE
knockout_winner: SUCCESS, 19
knockout_winner: INVALID_INPUT
get_closest_player: SUCCESS, 6
get_top_scorer: SUCCESS, 185
play_match: FAILURE
get_top_scorer: SUCCESS, 96
update_player_stats: SUCCESS
unite_teams: FAILURE
unite_teams: FAILURE
get_all_players: SUCCESS
3
50
111
104
106
183
31
78
get_team_points: SUCCESS, 9497
get_all_players_count: SUCCESS, 14
remove_player: SUCCESS
get_team_points: SUCCESS, 2261
unite_teams: FAILURE
remove_player: SUCCESS
remove_player: SUCCESS
get_top_scorer: SUCCESS, 100
get_team_points: SUCCESS, 368
remove_team: FAILURE
get_all_players_count: SUCCESS, 14
get_all_players: SUCCESS
21
154
12
33
119
188
68
100
knockout_winner: SUCCESS, 6
knockout_winner: INVALID_INPUT
knockout_winner: INVALID_INPUT
knockout_winner: SUCCESS, 10
knockout_winner: INVALID_INPUT
get_closest_player: SUCCESS, 67
get_all_players: SUCCESS
117
199
198
84
112
174
132
141
57
get_team_points: SUCCESS, 8579
get_team_points: SUCCESS, 4297
update_player_stats: SUCCESS
remove_team: FAILURE
add_team: FAILURE
unite_teams: FAILURE
unite_teams: FAILURE
add_player: FAILURE
get_closest_player: SUCCESS, 147
get_closest_player: SUCCESS, 160
get_all_players: SUCCESS
3
50
111
104
106
183
31
78
remove_team: FAILURE
get_closest_player: SUCCESS, 133
add_player: FAILURE
get_num_played_games: SUCCESS, 4195
knockout_winner: SUCCESS, 10
knockout_winner: INVALID_INPUT
knockout_winner: INVALID_INPUT
knockout_winner: SUCCESS, 10
knockout_winner: INVALID_INPUT
add_team: FAILURE
update_player_stats: SUCCESS
add_player: FAILURE
get_all_players: SUCCESS
133
54
129
95
127
24
163
add_player: FAILURE
add_player: FAILURE
unite_teams: FAILURE
unite_teams: FAILURE
get_all_players: SUCCESS
22
74
16
60
150
146
147
76
64
130
25
14
37
196
remove_team: FAILURE
unite_teams: FAILURE
remove_team: FAILURE
remove_player: SUCCESS
get_team_points: SUCCESS, 7725
update_player_stats: SUCCESS
get_all_players_count: SUCCESS, 11
update_player_stats: SUCCESS
update_player_stats: SUCCESS
get_top_scorer: SUCCESS, 163
knockout_winner: SUCCESS, 10
knockout_winner: SUCCESS, 10
knockout_winner: SUCCESS, 10
knockout_winner: SUCCESS, 19
knockout_winner: FAILURE
get_all_players_count: SUCCESS, 5
add_player: FAILURE
knockout_winner: SUCCESS, 10
knockout_winner: SUCCESS, 10
knockout_winner: SUCCESS, 10
knockout_winner: SUCCESS, 11
knockout_winner: SUCCESS, 11
add_team: FAILURE
get_all_players_count: SUCCESS, 9
get_top_scorer: SUCCESS, 19
get_top_scorer: SUCCESS, 96
knockout_winner: SUCCESS, 10
knockout_winner: SUCCESS, 10
knockout_winner: SUCCESS, 3
knockout_winner: SUCCESS, 10
knockout_winner: INVALID_INPUT
unite_teams: FAILURE
add_player: FAILURE
update_player_stats: SUCCESS
get_all_players_count: SUCCESS, 10
knockout_winner: FAILURE
knockout_winner: SUCCESS, 10
knockout_winner: SUCCESS, 10
knockout_winner: SUCCESS, 19
knockout_winner: INVALID_INPUT
update_player_stats: SUCCESS
get_num_played_games: SUCCESS, 9953
get_team_points: SUCCESS, 3241
remove_team: FAILURE
remove_team: FAILURE
play_match: FAILURE
remove_team: FAILURE
add_player: FAILURE
add_player: FAILURE
add_player: FAILURE
unite_teams: FAILURE
get_num_played_games: SUCCESS, 14345
get_all_players: SUCCESS
192
103
28
67
151
138
194
65
109
102
add_player: FAILURE
add_player: FAILURE
get_all_players: SUCCESS
135
47
136
88
145
187
197
27
46
97
193
get_closest_player: SUCCESS, 5
add_team: FAILURE
remove_player: SUCCESS
add_team: FAILURE
remove_team: FAILURE
unite_teams: INVALID_INPUT
get_closest_player: SUCCESS, 197
get_num_played_games: SUCCESS, 3485
unite_teams: FAILURE
get_num_played_games: SUCCESS, 1042
knockout_winner: SUCCESS, 19
knockout_winner: SUCCESS, 10
knockout_winner: SUCCESS, 10
knockout_winner: FAILURE
knockout_winner: INVALID_INPUT
play_match: FAILURE
unite_teams: INVALID_INPUT
get_num_played_games: SUCCESS, 2683
unite_teams: FAILURE
get_closest_player: SUCCESS, 63
add_team: FAILURE
remove_player: SUCCESS
knockout_winner: FAILURE
knockout_winner: SUCCESS, 10
knockout_winner: FAILURE
knockout_winner: FAILURE
knockout_winner: INVALID_INPUT
add_team: FAILURE
get_all_players_count: SUCCESS, 10
get_top_scorer: SUCCESS, 196
get_closest_player: SUCCESS, 108
remove_player: SUCCESS
get_top_scorer: SUCCESS, 163
remove_player: SUCCESS
update_player_stats: SUCCESS
remove_team: FAILURE
play_match: FAILURE
get_all_players_count: SUCCESS, 8
update_player_stats: SUCCESS
knockout_winner: SUCCESS, 19
knockout_winner: SUCCESS, 19
knockout_winner: FAILURE
knockout_winner: FAILURE
knockout_winner: INVALID_INPUT
get_all_players_count: SUCCESS, 5
update_player_stats: SUCCESS
remove_team: FAILURE
get_num_played_games: SUCCESS, 5079
knockout_winner: FAILURE
knockout_winner: SUCCESS, 10
knockout_winner: SUCCESS, 10
knockout_winner: SUCCESS, 19
knockout_winner: INVALID_INPUT
knockout_winner: SUCCESS, 11
knockout_winner: SUCCESS, 10
knockout_winner: SUCCESS, 6
knockout_winner: FAILURE
knockout_winner: INVALID_INPUT
update_player_stats: SUCCESS
get_num_played_games: SUCCESS, 1694
unite_teams: FAILURE
get_closest_player: SUCCESS, 41
update_player_stats: SUCCESS
play_match: FAILURE
get_all_players_count: SUCCESS, 8
get_num_played_games: SUCCESS, 2661
get_closest_player: SUCCESS, 31
get_top_scorer: SUCCESS, 128
get_team_points: SUCCESS, 368
get_top_scorer: SUCCESS, 193
remove_team: FAILURE
get_team_points: SUCCESS, 4056
remove_player: SUCCESS
get_all_players_count: SUCCESS, 6
get_top_scorer: SUCCESS, 196
get_team_points: SUCCESS, 368
get_all_players_count: SUCCESS, 14
get_num_played_games: SUCCESS, 2215
get_all_players: SUCCESS
192
28
67
151
138
194
65
103
102
109
get_closest_player: SUCCESS, 186
get_closest_player: SUCCESS, 84
get_team_points: SUCCESS, 1488
get_num_played_games: SUCCESS, 366
unite_teams: FAILURE
knockout_winner: SUCCESS, 19
knockout_winner: SUCCESS, 11
knockout_winner: SUCCESS, 11
knockout_winner: FAILURE
knockout_winner: INVALID_INPUT
remove_team: FAILURE
remove_player: SUCCESS
get_all_players_count: SUCCESS, 5
play_match: FAILURE
unite_teams: FAILURE
add_player: FAILURE
add_player: FAILURE
update_player_stats: SUCCESS
get_all_players_count: SUCCESS, 5
get_all_players: SUCCESS
3
50
111
104
106
183
31
78
get_num_played_games: SUCCESS, 12183
remove_team: FAILURE
add_team: FAILURE
remove_team: FAILURE
add_team: FAILURE
knockout_winner: SUCCESS, 10
knockout_winner: SUCCESS, 19
knockout_winner: SUCCESS, 3
knockout_winner: SUCCESS, 19
knockout_winner: INVALID_INPUT
get_top_scorer: SUCCESS, 8
get_all_players: SUCCESS
114
23
49
143
162
157
181
185
update_player_stats: SUCCESS
get_all_players: SUCCESS
70
105
160
191
164
6
134
29
35
98
18
184
128
get_closest_player: SUCCESS, 184
get_num_played_games: SUCCESS, 9404
get_all_players_count: SUCCESS, 8
update_player_stats: SUCCESS
play_match: FAILURE
remove_player: SUCCESS
add_team: FAILURE
remove_player: SUCCESS
get_all_players_count: SUCCESS, 7
knockout_winner: SUCCESS, 3
knockout_winner: INVALID_INPUT
knockout_winner: INVALID_INPUT
knockout_winner: SUCCESS, 6
knockout_winner: INVALID_INPUT
get_num_played_games: SUCCESS, 4537
remove_team: FAILURE
add_team: FAILURE
remove_player: SUCCESS
get_top_scorer: SUCCESS, 182
remove_player: SUCCESS
get_all_players_count: SUCCESS, 7
play_match: FAILURE
get_top_scorer: SUCCESS, 26
get_top_scorer: SUCCESS, 53
knockout_winner: SUCCESS, 19
knockout_winner: SUCCESS, 10
knockout_winner: SUCCESS, 10
knockout_winner: SUCCESS, 19
knockout_winner: INVALID_INPUT
play_match: FAILURE
remove_team: FAILURE
get_num_played_games: SUCCESS, 8448
get_closest_player: SUCCESS, 142
unite_teams: FAILURE
get_team_points: SUCCESS, 10647
get_top_scorer: SUCCESS, 196
get_closest_player: SUCCESS, 169
remove_player: SUCCESS
get_all_players_count: SUCCESS, 14
unite_teams: FAILURE
get_all_players: SUCCESS
23
49
143
162
157
181
185
unite_teams: FAILURE
get_all_players: SUCCESS
61
80
77
122
81
158
17
19
play_match: FAILURE
get_team_points: SUCCESS, 4297
remove_player: SUCCESS
add_player: FAILURE
play_match: FAILURE
get_closest_player: SUCCESS, 24
get_team_points: SUCCESS, 3365
update_player_stats: SUCCESS
get_num_played_games: SUCCESS, 7713
update_player_stats: SUCCESS
knockout_winner: FAILURE
knockout_winner: SUCCESS, 10
knockout_winner: SUCCESS, 10
knockout_winner: SUCCESS, 19
knockout_winner: INVALID_INPUT
remove_player: SUCCESS
remove_player: SUCCESS
get_team_points: SUCCESS, 2523
get_top_scorer: SUCCESS, 193
get_team_points: SUCCESS, 11859
remove_player: SUCCESS
get_num_played_games: SUCCESS, 11976
remove_player: SUCCESS
get_team_points: SUCCESS, 9497
remove_player: SUCCESS
get_all_players: SUCCESS
23
49
143
162
181
185
add_player: FAILURE
get_all_players_count: SUCCESS, 13
get_team_points: SUCCESS, 2261
unite_teams: FAILURE
knockout_winner: FAILURE
knockout_winner: SUCCESS, 19
knockout_winner: FAILURE
knockout_winner: FAILURE
knockout_winner: INVALID_INPUT
get_closest_player: SUCCESS, 14
add_team: FAILURE
add_player: FAILURE
get_team_points: SUCCESS, 368
remove_player: SUCCESS
knockout_winner: FAILURE
knockout_winner: SUCCESS, 19
knockout_winner: FAILURE
knockout_winner: FAILURE
knockout_winner: INVALID_INPUT
get_num_played_games: SUCCESS, 12182
play_match: FAILURE
get_top_scorer: SUCCESS, 112
remove_player: SUCCESS
get_num_played_games: SUCCESS, 9097
get_num_played_games: SUCCESS, 2686
get_num_played_games: SUCCESS, 3933
remove_team: FAILURE
get_all_players_count: SUCCESS, 13
unite_teams: FAILURE
get_all_players: SUCCESS
149
159
140
108
165
155
101
15
83
26
get_all_players_count: SUCCESS, 8
update_player_stats: SUCCESS
get_num_played_games: SUCCESS, 2181
get_top_scorer: SUCCESS, 185
add_team: FAILURE
get_all_players_count: SUCCESS, 5
get_all_players_count: SUCCESS, 8
remove_player: SUCCESS
knockout_winner: SUCCESS, 19
knockout_winner: INVALID_INPUT
knockout_winner: INVALID_INPUT
knockout_winner: SUCCESS, 10
knockout_winner: SUCCESS, 10
add_team: FAILURE
add_player: FAILURE
add_team: FAILURE
get_top_scorer: SUCCESS, 68
remove_team: FAILURE
remove_team: FAILURE
unite_teams: SUCCESS
get_all_players_count: SUCCESS, 8
knockout_winner: FAILURE
knockout_winner: SUCCESS, 16
knockout_winner: FAILURE
knockout_winner: FAILURE
knockout_winner: INVALID_INPUT
get_num_played_games: SUCCESS, 10062
knockout_winner: SUCCESS, 3
knockout_winner: INVALID_INPUT
knockout_winner: INVALID_INPUT
knockout_winner: FAILURE
knockout_winner: INVALID_INPUT
get_team_points: SUCCESS, 23125
get_team_points: SUCCESS, 1488
remove_player: SUCCESS
add_player: FAILURE
get_all_players_count: SUCCESS, 10
add_team: FAILURE
play_match: FAILURE
get_all_players_count: SUCCESS, 6
add_team: FAILURE
add_team: FAILURE
add_player: FAILURE
get_top_scorer: SUCCESS, 128
remove_team: FAILURE
add_team: FAILURE
update_player_stats: SUCCESS
get_all_players_count: SUCCESS, 6
unite_teams: FAILURE
update_player_stats: SUCCESS
update_player_stats: SUCCESS
get_all_players: SUCCESS
42
142
58
176
66
169
96
unite_teams: FAILURE
remove_team: FAILURE
add_player: FAILURE
get_all_players_count: SUCCESS, 5
update_player_stats: SUCCESS
get_all_players_count: SUCCESS, 10
play_match: FAILURE
get_top_scorer: SUCCESS, 87
remove_player: SUCCESS
get_num_played_games: SUCCESS, 5214
remove_team: FAILURE
get_all_players_count: SUCCESS, 9
get_num_played_games: SUCCESS, 9192
get_top_scorer: SUCCESS, 102
get_all_players_count: SUCCESS, 8
get_all_players_count: SUCCESS, 9
get_closest_player: SUCCESS, 186
unite_teams: FAILURE
get_team_points: SUCCESS, 4056
get_all_players_count: SUCCESS, 9
get_team_points: SUCCESS, 7725
get_all_players_count: SUCCESS, 7
play_match: SUCCESS
knockout_winner: SUCCESS, 3
knockout_winner: INVALID_INPUT
knockout_winner: INVALID_INPUT
knockout_winner: SUCCESS, 10
knockout_winner: INVALID_INPUT
knockout_winner: SUCCESS, 10
knockout_winner: SUCCESS, 16
knockout_winner: SUCCESS, 3
knockout_winner: SUCCESS, 16
knockout_winner: INVALID_INPUT
knockout_winner: SUCCESS, 16
knockout_winner: SUCCESS, 16
knockout_winner: FAILURE
knockout_winner: FAILURE
knockout_winner: INVALID_INPUT
get_team_points: SUCCESS, 3241
remove_player: SUCCESS
unite_teams: FAILURE
get_num_played_games: SUCCESS, 7730
get_all_players_count: SUCCESS, 7
unite_teams: FAILURE
get_all_players: SUCCESS
22
74
16
150
146
147
76
64
37
60
14
25
196
unite_teams: FAILURE
get_all_players_count: SUCCESS, 7
get_all_players: SUCCESS
149
159
140
108
165
155
15
83
26
remove_team: FAILURE
update_player_stats: SUCCESS
add_team: FAILURE
get_top_scorer: SUCCESS, 112
knockout_winner: SUCCESS, 10
knockout_winner: SUCCESS, 16
knockout_winner: FAILURE
knockout_winner: SUCCESS, 16
knockout_winner: INVALID_INPUT
get_num_played_games: SUCCESS, 5086
update_player_stats: SUCCESS
get_num_played_games: SUCCESS, 7714
add_team: FAILURE
play_match: FAILURE
get_all_players: SUCCESS
69
4
10
190
73
175
get_closest_player: SUCCESS, 76
get_team_points: SUCCESS, 3365
update_player_stats: SUCCESS
remove_player: SUCCESS
get_closest_player: SUCCESS, 142
remove_team: FAILURE
get_closest_player: SUCCESS, 84
get_top_scorer: SUCCESS, 175
get_all_players: SUCCESS
52
94
93
107
86
110
1
126
34
90
38
121
182
get_all_players: SUCCESS
21
154
12
33
119
188
68
knockout_winner: SUCCESS, 16
knockout_winner: SUCCESS, 16
knockout_winner: FAILURE
knockout_winner: FAILURE
knockout_winner: INVALID_INPUT
update_player_stats: SUCCESS
remove_player: SUCCESS
remove_team: FAILURE
remove_player: SUCCESS
add_player: FAILURE
unite_teams: FAILURE
get_num_played_games: SUCCESS, 6574
get_num_played_games: SUCCESS, 5192
add_player: FAILURE
get_num_played_games: SUCCESS, 11459
knockout_winner: SUCCESS, 10
knockout_winner: INVALID_INPUT
knockout_winner: INVALID_INPUT
knockout_winner: SUCCESS, 16
knockout_winner: FAILURE
get_closest_player: SUCCESS, 146
unite_teams: FAILURE
get_all_players: SUCCESS
70
105
160
191
164
6
134
29
35
98
18
184
128
remove_player: SUCCESS
remove_player: SUCCESS
play_match: FAILURE
remove_team: FAILURE
add_player: FAILURE
play_match: FAILURE
get_top_scorer: SUCCESS, 40
get_all_players_count: SUCCESS, 8
add_player: FAILURE
get_num_played_games: SUCCESS, 10370
update_player_stats: SUCCESS
knockout_winner: SUCCESS, 16
knockout_winner: SUCCESS, 16
knockout_winner: SUCCESS, 10
knockout_winner: SUCCESS, 16
knockout_winner: INVALID_INPUT
play_match: FAILURE
get_closest_player: SUCCESS, 44
play_match: FAILURE
update_player_stats: SUCCESS
get_closest_player: SUCCESS, 25
get_team_points: SUCCESS, 4297
get_closest_player: SUCCESS, 46
remove_player: SUCCESS
update_player_stats: SUCCESS
knockout_winner: SUCCESS, 10
knockout_winner: SUCCESS, 16
knockout_winner: FAILURE
knockout_winner: SUCCESS, 16
knockout_winner: INVALID_INPUT
play_match: FAILURE
get_all_players: SUCCESS
21
154
33
119
188
68
12
get_team_points: SUCCESS, 368
get_top_scorer: SUCCESS, 92
get_all_players: SUCCESS
41
11
125
75
92
play_match: FAILURE
play_match: FAILURE
get_all_players_count: SUCCESS, 7
add_player: FAILURE
knockout_winner: SUCCESS, 3
knockout_winner: INVALID_INPUT
knockout_winner: INVALID_INPUT
knockout_winner: SUCCESS, 10
knockout_winner: INVALID_INPUT
get_all_players_count: SUCCESS, 12
add_player: FAILURE
get_all_players: SUCCESS
59
113
2
8
play_match: INVALID_INPUT
get_top_scorer: SUCCESS, 78
add_team: FAILURE
add_team: FAILURE
play_match: FAILURE
get_top_scorer: SUCCESS, 92
remove_player: SUCCESS
remove_player: SUCCESS
get_closest_player: SUCCESS, 80
play_match: FAILURE
remove_team: FAILURE
remove_player: SUCCESS
get_closest_player: SUCCESS, 162
add_team: FAILURE
update_player_stats: SUCCESS
get_team_points: SUCCESS, 11872
knockout_winner: SUCCESS, 3
knockout_winner: INVALID_INPUT
knockout_winner: INVALID_INPUT
knockout_winner: FAILURE
knockout_winner: INVALID_INPUT
get_all_players: SUCCESS
117
199
198
84
174
141
112
add_player: FAILURE
unite_teams: FAILURE
get_all_players_count: SUCCESS, 12
get_all_players_count: SUCCESS, 6
get_team_points: SUCCESS, 3183
add_player: FAILURE
add_team: FAILURE
update_player_stats: SUCCESS
knockout_winner: SUCCESS, 10
knockout_winner: SUCCESS, 10
knockout_winner: SUCCESS, 3
knockout_winner: FAILURE
knockout_winner: INVALID_INPUT
remove_player: SUCCESS
get_num_played_games: SUCCESS, 10370
add_player: FAILURE
add_player: FAILURE
add_player: FAILURE
remove_player: SUCCESS
get_top_scorer: SUCCESS, 26
get_team_points: SUCCESS, 9497
remove_team: FAILURE
play_match: FAILURE
get_num_played_games: SUCCESS, 5192
remove_player: SUCCESS
get_all_players: SUCCESS
21
154
33
119
188
68
12
knockout_winner: SUCCESS, 10
knockout_winner: INVALID_INPUT
knockout_winner: INVALID_INPUT
knockout_winner: SUCCESS, 16
knockout_winner: FAILURE
get_all_players: SUCCESS
71
7
82
186
148
200
get_all_players: SUCCESS
22
74
16
150
146
147
76
64
37
60
14
25
unite_teams: SUCCESS
remove_player: SUCCESS
remove_player: SUCCESS
get_team_points: SUCCESS, 7725
get_closest_player: SUCCESS, 21
remove_player: SUCCESS
get_team_points: SUCCESS, 4056
play_match: INVALID_INPUT
get_all_players_count: SUCCESS, 10
get_all_players: SUCCESS
71
41
11
7
82
125
75
186
92
148
200
get_team_points: SUCCESS, 3365
remove_team: FAILURE
remove_team: FAILURE
remove_player: SUCCESS
play_match: FAILURE
play_match: FAILURE
get_closest_player: SUCCESS, 47
add_player: FAILURE
update_player_stats: SUCCESS
get_closest_player: SUCCESS, 15
update_player_stats: SUCCESS
remove_player: SUCCESS
get_all_players_count: SUCCESS, 10
get_closest_player: SUCCESS, 7
get_num_played_games: SUCCESS, 2137
get_team_points: SUCCESS, 2523
unite_teams: FAILURE
remove_team: FAILURE
get_top_scorer: SUCCESS, 179
add_player: FAILURE
remove_player: SUCCESS
get_num_played_games: SUCCESS, 9587
knockout_winner: SUCCESS, 3
knockout_winner: INVALID_INPUT
knockout_winner: INVALID_INPUT
knockout_winner: FAILURE
knockout_winner: INVALID_INPUT
remove_team: FAILURE
update_player_stats: SUCCESS
get_all_players: SUCCESS
192
28
67
151
138
103
65
102
play_match: FAILURE
add_team: FAILURE
add_team: FAILURE
get_closest_player: SUCCESS, 199
get_all_players_count: SUCCESS, 7
play_match: FAILURE
get_closest_player: SUCCESS, 139
add_team: FAILURE
play_match: FAILURE
unite_teams: FAILURE
get_all_players_count: SUCCESS, 3
knockout_winner: SUCCESS, 16
knockout_winner: SUCCESS, 16
knockout_winner: FAILURE
knockout_winner: SUCCESS, 19
knockout_winner: INVALID_INPUT
remove_player: SUCCESS
add_team: FAILURE
remove_player: SUCCESS
remove_team: FAILURE
knockout_winner: INVALID_INPUT
knockout_winner: SUCCESS, 16
knockout_winner: INVALID_INPUT
knockout_winner: INVALID_INPUT
knockout_winner: INVALID_INPUT
update_player_stats: SUCCESS
knockout_winner: INVALID_INPUT
knockout_winner: SUCCESS, 3
knockout_winner: INVALID_INPUT
knockout_winner: INVALID_INPUT
knockout_winner: INVALID_INPUT
get_top_scorer: SUCCESS, 96
remove_team: FAILURE
get_num_played_games: SUCCESS, 2696
unite_teams: FAILURE
add_team: FAILURE
get_closest_player: SUCCESS, 160
unite_teams: FAILURE
update_player_stats: SUCCESS
knockout_winner: FAILURE
knockout_winner: INVALID_INPUT
knockout_winner: INVALID_INPUT
knockout_winner: FAILURE
knockout_winner: INVALID_INPUT
get_closest_player: SUCCESS, 46
update_player_stats: SUCCESS
get_all_players_count: SUCCESS, 12
play_match: FAILURE
knockout_winner: SUCCESS, 3
knockout_winner: INVALID_INPUT
knockout_winner: INVALID_INPUT
knockout_winner: FAILURE
knockout_winner: INVALID_INPUT
unite_teams: FAILURE
unite_teams: FAILURE
update_player_stats: SUCCESS
get_all_players_count: SUCCESS, 10
add_team: FAILURE
get_top_scorer: SUCCESS, 200
get_num_played_games: SUCCESS, 7442
remove_player: SUCCESS
get_top_scorer: SUCCESS, 8
update_player_stats: SUCCESS
get_num_played_games: SUCCESS, 9242
knockout_winner: SUCCESS, 16
knockout_winner: SUCCESS, 16
knockout_winner: FAILURE
knockout_winner: SUCCESS, 19
knockout_winner: INVALID_INPUT
get_team_points: SUCCESS, 3365
get_team_points: SUCCESS, 20144
add_player: FAILURE
get_num_played_games: SUCCESS, 7458
unite_teams: FAILURE
get_team_points: SUCCESS, 20144
get_team_points: SUCCESS, 23125
get_top_scorer: SUCCESS, 104
get_all_players_count: SUCCESS, 8
update_player_stats: SUCCESS
remove_player: SUCCESS
add_player: FAILURE
remove_team: FAILURE
get_team_points: SUCCESS, 2261
unite_teams: FAILURE
unite_teams: FAILURE
unite_teams: FAILURE
knockout_winner: SUCCESS, 16
knockout_winner: SUCCESS, 16
knockout_winner: SUCCESS, 3
knockout_winner: SUCCESS, 16
knockout_winner: FAILURE
get_all_players: SUCCESS
70
160
191
164
6
134
105
29
35
18
184
128
get_all_players_count: SUCCESS, 9
get_closest_player: SUCCESS, 179
remove_player: SUCCESS
knockout_winner: INVALID_INPUT
knockout_winner: SUCCESS, 16
knockout_winner: INVALID_INPUT
knockout_winner: INVALID_INPUT
knockout_winner: INVALID_INPUT
get_top_scorer: SUCCESS, 8
get_num_played_games: SUCCESS, 7711
knockout_winner: FAILURE
knockout_winner: SUCCESS, 16
knockout_winner: SUCCESS, 3
knockout_winner: SUCCESS, 16
knockout_winner: INVALID_INPUT
add_team: FAILURE
get_top_scorer: SUCCESS, 185
add_player: FAILURE
unite_teams: FAILURE
play_match: FAILURE
get_closest_player: SUCCESS, 64
add_team: FAILURE
get_all_players_count: SUCCESS, 7
get_closest_player: SUCCESS, 150
knockout_winner: FAILURE
knockout_winner: SUCCESS, 3
knockout_winner: FAILURE
knockout_winner: FAILURE
knockout_winner: INVALID_INPUT
add_player: FAILURE
add_team: FAILURE
get_closest_player: SUCCESS, 76
remove_player: SUCCESS
knockout_winner: SUCCESS, 16
knockout_winner: INVALID_INPUT
knockout_winner: INVALID_INPUT
knockout_winner: SUCCESS, 16
knockout_winner: FAILURE
get_top_scorer: SUCCESS, 25
update_player_stats: SUCCESS
get_all_players: SUCCESS
143
162
185
knockout_winner: SUCCESS, 16
knockout_winner: SUCCESS, 16
knockout_winner: FAILURE
knockout_winner: SUCCESS, 16
knockout_winner: INVALID_INPUT
remove_team: FAILURE
remove_team: FAILURE
add_player: FAILURE
knockout_winner: SUCCESS, 3
knockout_winner: INVALID_INPUT
knockout_winner: INVALID_INPUT
knockout_winner: FAILURE
knockout_winner: INVALID_INPUT
play_match: FAILURE
remove_player: SUCCESS
update_player_stats: SUCCESS
get_num_played_games: SUCCESS, 8111
get_team_points: SUCCESS, 7189
get_closest_player: SUCCESS, 16
remove_team: FAILURE
get_all_players_count: SUCCESS, 11
remove_team: FAILURE
get_all_players_count: SUCCESS, 3
get_closest_player: SUCCESS, 148
remove_player: SUCCESS
get_closest_player: SUCCESS, 20
unite_teams: INVALID_INPUT
add_player: FAILURE
update_player_stats: SUCCESS
play_match: FAILURE
play_match: FAILURE
get_team_points: SUCCESS, 3365
get_all_players: SUCCESS
143
162
185
get_top_scorer: SUCCESS, 96
add_player: FAILURE
get_num_played_games: SUCCESS, 7868
get_closest_player: SUCCESS, 68
update_player_stats: SUCCESS
get_top_scorer: SUCCESS, 95
add_team: FAILURE
update_player_stats: SUCCESS
get_top_scorer: SUCCESS, 97
get_all_players_count: SUCCESS, 9
unite_teams: FAILURE
update_player_stats: SUCCESS
get_top_scorer: SUCCESS, 84
remove_player: SUCCESS
get_closest_player: SUCCESS, 185
add_player: FAILURE
play_match: FAILURE
add_team: FAILURE
get_all_players_count: SUCCESS, 5
update_player_stats: SUCCESS
play_match: FAILURE
add_team: FAILURE
unite_teams: SUCCESS
update_player_stats: SUCCESS
add_team: FAILURE
remove_team: FAILURE
get_top_scorer: SUCCESS, 185
knockout_winner: SUCCESS, 3
knockout_winner: INVALID_INPUT
knockout_winner: INVALID_INPUT
knockout_winner: SUCCESS, 16
knockout_winner: SUCCESS, 8
get_team_points: SUCCESS, 11872
get_team_points: SUCCESS, 3183
update_player_stats: SUCCESS
remove_team: FAILURE
get_num_played_games: SUCCESS, 2627
remove_player: SUCCESS
remove_player: SUCCESS
update_player_stats: SUCCESS
add_team: FAILURE
knockout_winner: SUCCESS, 16
knockout_winner: SUCCESS, 19
knockout_winner: SUCCESS, 8
knockout_winner: SUCCESS, 19
knockout_winner: INVALID_INPUT
get_closest_player: SUCCESS, 160
play_match: FAILURE
play_match: INVALID_INPUT
add_player: FAILURE
add_player: FAILURE
get_all_players_count: SUCCESS, 12
add_player: FAILURE
get_top_scorer: SUCCESS, 8
add_team: FAILURE
knockout_winner: SUCCESS, 16
knockout_winner: SUCCESS, 19
knockout_winner: SUCCESS, 8
knockout_winner: SUCCESS, 16
knockout_winner: INVALID_INPUT
get_top_scorer: SUCCESS, 102
unite_teams: INVALID_INPUT
get_num_played_games: SUCCESS, 5215
get_num_played_games: SUCCESS, 5079
get_top_scorer: SUCCESS, 126
get_all_players: SUCCESS
199
198
174
141
84
add_player: FAILURE
update_player_stats: SUCCESS
add_player: FAILURE
get_top_scorer: SUCCESS, 200
update_player_stats: SUCCESS
update_player_stats: SUCCESS
update_player_stats: SUCCESS
add_team: FAILURE
play_match: FAILURE
update_player_stats: SUCCESS
remove_player: SUCCESS
play_match: SUCCESS
get_closest_player: SUCCESS, 160
get_closest_player: SUCCESS, 179
add_player: FAILURE
remove_player: SUCCESS
get_closest_player: SUCCESS, 88
get_closest_player: SUCCESS, 102
get_closest_player: SUCCESS, 40
unite_teams: FAILURE
remove_player: SUCCESS
add_player: FAILURE
get_all_players_count: SUCCESS, 3
unite_teams: FAILURE
get_top_scorer: SUCCESS, 104
get_all_players: SUCCESS
42
58
169
96
142
knockout_winner: SUCCESS, 16
knockout_winner: SUCCESS, 19
knockout_winner: SUCCESS, 8
knockout_winner: SUCCESS, 19
knockout_winner: INVALID_INPUT
add_team: FAILURE
play_match: FAILURE
add_team: FAILURE
get_num_played_games: SUCCESS, 10004
knockout_winner: SUCCESS, 19
knockout_winner: SUCCESS, 16
knockout_winner: FAILURE
knockout_winner: FAILURE
knockout_winner: INVALID_INPUT
get_closest_player: SUCCESS, 198
play_match: FAILURE
get_team_points: SUCCESS, 3365
get_all_players: SUCCESS
149
159
140
165
108
15
83
26
remove_team: FAILURE
get_closest_player: SUCCESS, 199
update_player_stats: SUCCESS
get_num_played_games: SUCCESS, 6794
get_all_players: SUCCESS
52
93
86
110
1
38
182
121
126
add_player: FAILURE
remove_team: FAILURE
get_top_scorer: SUCCESS, 102
add_player: FAILURE
knockout_winner: SUCCESS, 16
knockout_winner: INVALID_INPUT
knockout_winner: INVALID_INPUT
knockout_winner: SUCCESS, 19
knockout_winner: SUCCESS, 8
unite_teams: FAILURE
remove_player: SUCCESS
update_player_stats: SUCCESS
get_num_played_games: SUCCESS, 18778
unite_teams: FAILURE
get_all_players: SUCCESS
149
159
140
165
108
15
83
26
get_team_points: SUCCESS, 4056
add_player: FAILURE
knockout_winner: SUCCESS, 16
knockout_winner: SUCCESS, 19
knockout_winner: SUCCESS, 8
knockout_winner: SUCCESS, 16
knockout_winner: INVALID_INPUT
get_num_played_games: SUCCESS, 5087
remove_team: FAILURE
knockout_winner: INVALID_INPUT
knockout_winner: FAILURE
knockout_winner: INVALID_INPUT
knockout_winner: INVALID_INPUT
knockout_winner: INVALID_INPUT
add_team: FAILURE
play_match: FAILURE
get_all_players_count: SUCCESS, 3
get_closest_player: SUCCESS, 70
get_top_scorer: SUCCESS, 64
unite_teams: SUCCESS
get_team_points: SUCCESS, 7725
play_match: FAILURE
remove_player: SUCCESS
get_closest_player: SUCCESS, 92
get_all_players: SUCCESS
69
190
73
update_player_stats: SUCCESS
get_all_players: SUCCESS
59
113
8
remove_team: FAILURE
get_all_players: SUCCESS
21
154
119
188
68
12
knockout_winner: FAILURE
knockout_winner: INVALID_INPUT
knockout_winner: INVALID_INPUT
knockout_winner: FAILURE
knockout_winner: INVALID_INPUT
update_player_stats: SUCCESS
get_top_scorer: SUCCESS, 126
get_all_players: SUCCESS
192
135
47
88
28
67
151
197
27
138
46
193
187
103
65
97
102
play_match: FAILURE
get_team_points: SUCCESS, 8579
knockout_winner: INVALID_INPUT
knockout_winner: FAILURE
knockout_winner: INVALID_INPUT
knockout_winner: INVALID_INPUT
knockout_winner: INVALID_INPUT
add_team: FAILURE
add_player: FAILURE
get_team_points: SUCCESS, 20144
update_player_stats: SUCCESS
add_team: FAILURE
get_closest_player: SUCCESS, 186
remove_team: FAILURE
unite_teams: FAILURE
remove_player: SUCCESS
remove_player: SUCCESS
remove_player: SUCCESS
remove_player: SUCCESS
remove_player: SUCCESS
remove_player: SUCCESS
remove_player: SUCCESS
remove_player: SUCCESS
remove_player: SUCCESS
remove_player: SUCCESS
remove_player: SUCCESS
remove_player: SUCCESS
remove_player: SUCCESS
remove_player: SUCCESS
remove_player: SUCCESS
remove_player: SUCCESS
remove_player: SUCCESS
remove_player: SUCCESS
remove_player: SUCCESS
remove_player: SUCCESS
remove_player: SUCCESS
remove_player: SUCCESS
remove_player: SUCCESS
remove_player: SUCCESS
remove_player: SUCCESS
remove_player: SUCCESS
remove_player: SUCCESS
remove_player: SUCCESS
remove_player: SUCCESS
remove_player: SUCCESS
remove_player: SUCCESS
remove_player: SUCCESS
remove_player: SUCCESS
remove_player: SUCCESS
remove_player: SUCCESS
remove_player: SUCCESS
remove_player: SUCCESS
remove_player: SUCCESS
remove_player: SUCCESS
remove_player: SUCCESS
remove_player: SUCCESS
remove_player: SUCCESS
remove_player: SUCCESS
remove_player: SUCCESS
remove_player: SUCCESS
remove_player: SUCCESS
remove_player: SUCCESS
remove_player: SUCCESS
remove_player: SUCCESS
remove_player: SUCCESS
remove_player: SUCCESS
remove_player: SUCCESS
remove_player: SUCCESS
remove_player: SUCCESS
remove_player: SUCCESS
remove_player: SUCCESS
remove_player: SUCCESS
remove_player: SUCCESS
remove_player: SUCCESS
remove_player: SUCCESS
remove_player: SUCCESS
remove_player: SUCCESS
remove_player: SUCCESS
remove_player: SUCCESS
remove_player: SUCCESS
remove_player: SUCCESS
remove_player: SUCCESS
remove_player: SUCCESS
remove_player: SUCCESS
remove_player: SUCCESS
remove_player: SUCCESS
remove_player: SUCCESS
remove_player: SUCCESS
remove_player: SUCCESS
remove_player: SUCCESS
remove_player: SUCCESS
remove_player: SUCCESS
remove_player: SUCCESS
remove_player: SUCCESS
remove_player: SUCCESS
remove_player: SUCCESS
remove_player: SUCCESS
remove_player: SUCCESS
remove_player: SUCCESS
remove_player: SUCCESS
remove_player: SUCCESS
remove_player: SUCCESS
remove_player: SUCCESS
remove_player: SUCCESS
remove_player: SUCCESS
remove_player: SUCCESS
remove_player: SUCCESS
remove_player: SUCCESS
remove_player: SUCCESS
remove_player: SUCCESS
remove_player: SUCCESS
remove_player: SUCCESS
remove_player: SUCCESS
remove_player: SUCCESS
remove_player: SUCCESS
remove_player: SUCCESS
remove_player: SUCCESS
remove_player: SUCCESS
remove_player: SUCCESS
remove_player: SUCCESS
remove_player: SUCCESS
remove_player: SUCCESS
remove_player: SUCCESS
remove_player: SUCCESS
remove_player: SUCCESS
remove_player: SUCCESS
remove_player: SUCCESS
remove_player: SUCCESS
remove_player: SUCCESS
remove_player: SUCCESS
remove_player: SUCCESS
remove_player: SUCCESS
remove_player: SUCCESS
remove_player: SUCCESS
remove_player: SUCCESS
remove_player: SUCCESS
remove_team: SUCCESS
remove_team: SUCCESS
remove_team: SUCCESS
remove_team: SUCCESS
remove_team: SUCCESS
remove_team: SUCCESS
remove_team: SUCCESS
remove_team: SUCCESS
remove_team: SUCCESS
remove_team: SUCCESS
remove_team: SUCCESS
remove_team: SUCCESS
remove_team: SUCCESS
remove_team: SUCCESS
remove_team: SUCCESS
remove_team: SUCCESS
