add_team: SUCCESS
add_team: SUCCESS
add_team: SUCCESS
add_team: SUCCESS
add_team: SUCCESS
add_team: SUCCESS
add_team: SUCCESS
add_team: SUCCESS
add_team: SUCCESS
add_team: SUCCESS
add_team: SUCCESS
add_team: SUCCESS
add_team: SUCCESS
add_team: SUCCESS
add_team: SUCCESS
add_team: SUCCESS
add_team: SUCCESS
add_team: SUCCESS
add_team: SUCCESS
add_team: SUCCESS
add_player: SUCCESS
add_player: SUCCESS
add_player: SUCCESS
add_player: SUCCESS
add_player: SUCCESS
add_player: SUCCESS
add_player: SUCCESS
add_player: SUCCESS
add_player: SUCCESS
add_player: SUCCESS
add_player: SUCCESS
add_player: SUCCESS
add_player: SUCCESS
add_player: SUCCESS
add_player: SUCCESS
add_player: SUCCESS
add_player: SUCCESS
add_player: SUCCESS
add_player: SUCCESS
add_player: SUCCESS
add_player: SUCCESS
add_player: SUCCESS
add_player: SUCCESS
add_player: SUCCESS
add_player: SUCCESS
add_player: SUCCESS
add_player: SUCCESS
add_player: SUCCESS
add_player: SUCCESS
add_player: SUCCESS
add_player: SUCCESS
add_player: SUCCESS
add_player: SUCCESS
add_player: SUCCESS
add_player: SUCCESS
add_player: SUCCESS
add_player: SUCCESS
add_player: SUCCESS
add_player: SUCCESS
add_player: SUCCESS
add_player: SUCCESS
add_player: SUCCESS
add_player: SUCCESS
add_player: SUCCESS
add_player: SUCCESS
add_player: SUCCESS
add_player: SUCCESS
add_player: SUCCESS
add_player: SUCCESS
add_player: SUCCESS
add_player: SUCCESS
add_player: SUCCESS
add_player: SUCCESS
add_player: SUCCESS
add_player: SUCCESS
add_player: SUCCESS
add_player: SUCCESS
add_player: SUCCESS
add_player: SUCCESS
add_player: SUCCESS
add_player: SUCCESS
add_player: SUCCESS
add_player: SUCCESS
add_player: SUCCESS
add_player: SUCCESS
add_player: SUCCESS
add_player: SUCCESS
add_player: SUCCESS
add_player: SUCCESS
add_player: SUCCESS
add_player: SUCCESS
add_player: SUCCESS
add_player: SUCCESS
add_player: SUCCESS
add_player: SUCCESS
add_player: SUCCESS
add_player: SUCCESS
add_player: SUCCESS
add_player: SUCCESS
add_player: SUCCESS
add_player: SUCCESS
add_player: SUCCESS
add_player: SUCCESS
add_player: SUCCESS
add_player: SUCCESS
add_player: SUCCESS
add_player: SUCCESS
add_player: SUCCESS
add_player: SUCCESS
add_player: SUCCESS
add_player: SUCCESS
add_player: SUCCESS
add_player: SUCCESS
add_player: SUCCESS
add_player: SUCCESS
add_player: SUCCESS
add_player: SUCCESS
add_player: SUCCESS
add_player: SUCCESS
add_player: SUCCESS
add_player: SUCCESS
add_player: SUCCESS
add_player: SUCCESS
add_player: SUCCESS
add_player: SUCCESS
add_player: SUCCESS
add_player: SUCCESS
add_player: SUCCESS
add_player: SUCCESS
add_player: SUCCESS
add_player: SUCCESS
add_player: SUCCESS
add_player: SUCCESS
add_player: SUCCESS
add_player: SUCCESS
add_player: SUCCESS
add_player: SUCCESS
add_player: SUCCESS
add_player: SUCCESS
add_player: SUCCESS
add_player: SUCCESS
add_player: SUCCESS
add_player: SUCCESS
add_player: SUCCESS
add_player: SUCCESS
add_player: SUCCESS
add_player: SUCCESS
add_player: SUCCESS
add_player: SUCCESS
add_player: SUCCESS
add_player: SUCCESS
add_player: SUCCESS
add_player: SUCCESS
add_player: SUCCESS
add_player: SUCCESS
add_player: SUCCESS
add_player: SUCCESS
add_player: SUCCESS
add_player: SUCCESS
add_player: SUCCESS
add_player: SUCCESS
add_player: SUCCESS
add_player: SUCCESS
add_player: SUCCESS
add_player: SUCCESS
add_player: SUCCESS
add_player: SUCCESS
add_player: SUCCESS
add_player: SUCCESS
add_player: SUCCESS
add_player: SUCCESS
add_player: SUCCESS
add_player: SUCCESS
add_player: SUCCESS
add_player: SUCCESS
add_player: SUCCESS
add_player: SUCCESS
add_player: SUCCESS
add_player: SUCCESS
add_player: SUCCESS
add_player: SUCCESS
add_player: SUCCESS
add_player: SUCCESS
add_player: SUCCESS
add_player: SUCCESS
add_player: SUCCESS
add_player: SUCCESS
add_player: SUCCESS
add_player: SUCCESS
add_player: SUCCESS
add_player: SUCCESS
add_player: SUCCESS
add_player: SUCCESS
add_player: SUCCESS
add_player: SUCCESS
add_player: SUCCESS
add_player: SUCCESS
add_player: SUCCESS
add_player: SUCCESS
add_player: SUCCESS
add_player: SUCCESS
add_player: SUCCESS
add_player: SUCCESS
add_player: SUCCESS
add_player: SUCCESS
add_player: SUCCESS
add_player: SUCCESS
add_player: SUCCESS
add_player: SUCCESS
add_player: SUCCESS
add_player: SUCCESS
add_player: SUCCESS
add_player: SUCCESS
add_player: SUCCESS
add_player: SUCCESS
add_player: SUCCESS
add_player: SUCCESS
add_player: SUCCESS
add_player: SUCCESS
add_player: SUCCESS
unite_teams: FAILURE
get_all_players_count: SUCCESS, 12
get_team_points: SUCCESS, 7184
remove_team: FAILURE
update_player_stats: SUCCESS
add_team: FAILURE
get_team_points: SUCCESS, 4728
play_match: FAILURE
get_top_scorer: SUCCESS, 127
play_match: FAILURE
update_player_stats: SUCCESS
remove_player: SUCCESS
get_all_players_count: SUCCESS, 13
get_all_players: SUCCESS
136
24
4
123
141
35
91
23
get_all_players_count: SUCCESS, 5
knockout_winner: SUCCESS, 12
knockout_winner: SUCCESS, 12
knockout_winner: SUCCESS, 9
knockout_winner: SUCCESS, 16
knockout_winner: INVALID_INPUT
knockout_winner: FAILURE
knockout_winner: SUCCESS, 12
knockout_winner: SUCCESS, 12
knockout_winner: FAILURE
knockout_winner: INVALID_INPUT
update_player_stats: SUCCESS
add_player: FAILURE
knockout_winner: SUCCESS, 12
knockout_winner: SUCCESS, 12
knockout_winner: SUCCESS, 4
knockout_winner: SUCCESS, 16
knockout_winner: INVALID_INPUT
remove_team: FAILURE
get_top_scorer: SUCCESS, 53
get_all_players_count: SUCCESS, 12
get_num_played_games: SUCCESS, 5972
add_player: FAILURE
get_closest_player: SUCCESS, 26
get_all_players: SUCCESS
98
5
101
148
99
125
get_all_players: SUCCESS
175
6
199
62
143
96
163
184
19
133
103
get_closest_player: SUCCESS, 95
remove_team: FAILURE
get_closest_player: SUCCESS, 61
update_player_stats: SUCCESS
play_match: SUCCESS
get_all_players_count: SUCCESS, 7
add_player: FAILURE
unite_teams: FAILURE
add_team: FAILURE
knockout_winner: SUCCESS, 16
knockout_winner: SUCCESS, 12
knockout_winner: SUCCESS, 12
knockout_winner: FAILURE
knockout_winner: INVALID_INPUT
knockout_winner: SUCCESS, 12
knockout_winner: INVALID_INPUT
knockout_winner: INVALID_INPUT
knockout_winner: SUCCESS, 12
knockout_winner: SUCCESS, 12
add_player: FAILURE
add_player: FAILURE
play_match: FAILURE
play_match: FAILURE
get_top_scorer: SUCCESS, 13
get_top_scorer: SUCCESS, 45
get_closest_player: SUCCESS, 128
remove_player: SUCCESS
get_num_played_games: SUCCESS, 7997
get_all_players: SUCCESS
156
159
188
110
90
112
192
155
179
182
add_player: FAILURE
get_num_played_games: SUCCESS, 1708
add_team: FAILURE
get_num_played_games: SUCCESS, 3651
knockout_winner: SUCCESS, 9
knockout_winner: SUCCESS, 12
knockout_winner: SUCCESS, 4
knockout_winner: SUCCESS, 15
knockout_winner: INVALID_INPUT
remove_team: FAILURE
remove_team: FAILURE
add_team: FAILURE
get_all_players: SUCCESS
17
84
75
55
29
66
27
32
176
2
197
137
play_match: SUCCESS
get_num_played_games: SUCCESS, 6393
get_team_points: SUCCESS, 3797
add_player: FAILURE
knockout_winner: SUCCESS, 5
knockout_winner: SUCCESS, 9
knockout_winner: FAILURE
knockout_winner: FAILURE
knockout_winner: INVALID_INPUT
get_team_points: SUCCESS, 8691
get_all_players: SUCCESS
175
6
199
62
143
96
163
184
19
133
103
get_all_players_count: SUCCESS, 14
knockout_winner: SUCCESS, 16
knockout_winner: SUCCESS, 12
knockout_winner: FAILURE
knockout_winner: FAILURE
knockout_winner: INVALID_INPUT
play_match: FAILURE
get_all_players_count: SUCCESS, 12
remove_player: SUCCESS
get_top_scorer: SUCCESS, 45
get_num_played_games: SUCCESS, 12245
get_all_players_count: SUCCESS, 13
remove_player: SUCCESS
knockout_winner: SUCCESS, 12
knockout_winner: SUCCESS, 12
knockout_winner: SUCCESS, 12
knockout_winner: SUCCESS, 12
knockout_winner: SUCCESS, 12
get_num_played_games: SUCCESS, 9689
update_player_stats: SUCCESS
get_team_points: SUCCESS, 4728
unite_teams: FAILURE
get_all_players: SUCCESS
130
131
117
142
115
42
63
122
157
get_closest_player: SUCCESS, 81
add_player: FAILURE
play_match: FAILURE
get_num_played_games: SUCCESS, 9454
update_player_stats: SUCCESS
add_team: FAILURE
unite_teams: FAILURE
get_team_points: SUCCESS, 124
remove_player: SUCCESS
add_player: FAILURE
remove_team: FAILURE
remove_team: FAILURE
get_team_points: SUCCESS, 2483
remove_team: FAILURE
get_all_players_count: SUCCESS, 9
unite_teams: FAILURE
remove_team: FAILURE
add_team: FAILURE
knockout_winner: SUCCESS, 9
knockout_winner: INVALID_INPUT
knockout_winner: INVALID_INPUT
knockout_winner: SUCCESS, 12
knockout_winner: INVALID_INPUT
get_top_scorer: SUCCESS, 53
add_team: FAILURE
unite_teams: FAILURE
get_all_players_count: SUCCESS, 11
get_all_players: SUCCESS
190
189
39
47
50
80
144
88
78
114
45
get_team_points: SUCCESS, 6148
unite_teams: INVALID_INPUT
get_top_scorer: SUCCESS, 23
remove_player: SUCCESS
update_player_stats: SUCCESS
get_all_players: SUCCESS
28
178
196
151
139
135
71
16
162
get_closest_player: SUCCESS, 45
get_closest_player: SUCCESS, 112
get_top_scorer: SUCCESS, 182
play_match: FAILURE
update_player_stats: SUCCESS
get_team_points: SUCCESS, 4557
unite_teams: FAILURE
get_all_players_count: SUCCESS, 14
play_match: FAILURE
add_player: FAILURE
remove_player: SUCCESS
get_all_players_count: SUCCESS, 8
get_closest_player: SUCCESS, 3
get_team_points: SUCCESS, 4728
get_team_points: SUCCESS, 2483
get_team_points: SUCCESS, 4728
get_top_scorer: SUCCESS, 152
get_num_played_games: SUCCESS, 867
unite_teams: INVALID_INPUT
get_team_points: SUCCESS, 1745
knockout_winner: SUCCESS, 12
knockout_winner: INVALID_INPUT
knockout_winner: INVALID_INPUT
knockout_winner: SUCCESS, 12
knockout_winner: SUCCESS, 12
add_player: FAILURE
get_team_points: SUCCESS, 7331
remove_team: FAILURE
remove_team: FAILURE
knockout_winner: SUCCESS, 12
knockout_winner: SUCCESS, 12
knockout_winner: SUCCESS, 12
knockout_winner: SUCCESS, 12
knockout_winner: SUCCESS, 12
update_player_stats: SUCCESS
unite_teams: FAILURE
knockout_winner: SUCCESS, 9
knockout_winner: INVALID_INPUT
knockout_winner: INVALID_INPUT
knockout_winner: SUCCESS, 12
knockout_winner: INVALID_INPUT
add_player: FAILURE
add_team: FAILURE
get_all_players_count: SUCCESS, 7
knockout_winner: SUCCESS, 16
knockout_winner: SUCCESS, 12
knockout_winner: SUCCESS, 12
knockout_winner: FAILURE
knockout_winner: INVALID_INPUT
get_all_players: SUCCESS
180
158
102
86
9
knockout_winner: SUCCESS, 12
knockout_winner: SUCCESS, 12
knockout_winner: SUCCESS, 12
knockout_winner: SUCCESS, 16
knockout_winner: INVALID_INPUT
get_team_points: SUCCESS, 6588
unite_teams: FAILURE
add_player: FAILURE
get_all_players_count: SUCCESS, 5
remove_team: FAILURE
add_player: FAILURE
update_player_stats: SUCCESS
update_player_stats: SUCCESS
remove_team: FAILURE
get_all_players: SUCCESS
89
181
22
79
113
36
116
129
138
60
146
153
166
128
56
remove_team: FAILURE
get_all_players_count: SUCCESS, 8
remove_player: SUCCESS
get_all_players: SUCCESS
190
189
39
47
50
80
144
88
78
114
45
add_team: FAILURE
add_player: FAILURE
get_closest_player: SUCCESS, 144
play_match: FAILURE
get_all_players: SUCCESS
107
41
57
20
95
34
118
48
165
186
33
195
add_player: FAILURE
play_match: FAILURE
remove_team: FAILURE
get_closest_player: SUCCESS, 30
add_team: FAILURE
get_top_scorer: SUCCESS, 45
add_player: FAILURE
remove_player: SUCCESS
add_team: FAILURE
update_player_stats: SUCCESS
get_all_players: SUCCESS
49
37
85
69
193
40
194
61
13
add_team: FAILURE
get_top_scorer: SUCCESS, 23
update_player_stats: SUCCESS
get_all_players_count: SUCCESS, 8
get_all_players_count: SUCCESS, 7
add_player: FAILURE
play_match: FAILURE
add_team: FAILURE
remove_team: FAILURE
remove_team: FAILURE
remove_team: FAILURE
unite_teams: FAILURE
get_top_scorer: SUCCESS, 105
unite_teams: FAILURE
get_top_scorer: SUCCESS, 31
get_top_scorer: SUCCESS, 182
remove_player: SUCCESS
play_match: FAILURE
remove_player: SUCCESS
get_closest_player: SUCCESS, 120
get_all_players: SUCCESS
51
150
100
58
124
44
147
73
get_all_players_count: SUCCESS, 7
get_top_scorer: SUCCESS, 73
add_team: FAILURE
remove_player: SUCCESS
play_match: FAILURE
get_top_scorer: SUCCESS, 157
remove_team: FAILURE
get_all_players: SUCCESS
28
178
196
151
139
135
71
16
162
get_team_points: SUCCESS, 4557
update_player_stats: SUCCESS
add_player: FAILURE
update_player_stats: SUCCESS
remove_team: FAILURE
get_all_players: SUCCESS
17
84
75
55
29
66
32
176
2
197
27
137
add_team: FAILURE
unite_teams: FAILURE
get_all_players: SUCCESS
175
6
62
143
96
163
184
19
133
103
knockout_winner: SUCCESS, 12
knockout_winner: SUCCESS, 12
knockout_winner: SUCCESS, 9
knockout_winner: SUCCESS, 12
knockout_winner: INVALID_INPUT
unite_teams: FAILURE
get_all_players: SUCCESS
24
4
123
141
35
91
23
get_num_played_games: SUCCESS, 9637
knockout_winner: FAILURE
knockout_winner: SUCCESS, 18
knockout_winner: FAILURE
knockout_winner: FAILURE
knockout_winner: INVALID_INPUT
get_all_players_count: SUCCESS, 10
add_team: FAILURE
add_player: FAILURE
get_closest_player: SUCCESS, 184
knockout_winner: FAILURE
knockout_winner: INVALID_INPUT
knockout_winner: INVALID_INPUT
knockout_winner: SUCCESS, 7
knockout_winner: INVALID_INPUT
add_team: FAILURE
get_closest_player: SUCCESS, 194
knockout_winner: FAILURE
knockout_winner: SUCCESS, 12
knockout_winner: SUCCESS, 12
knockout_winner: FAILURE
knockout_winner: INVALID_INPUT
get_team_points: SUCCESS, 2483
update_player_stats: SUCCESS
add_team: FAILURE
get_team_points: SUCCESS, 7418
get_top_scorer: SUCCESS, 56
get_all_players: SUCCESS
149
7
167
160
169
172
81
unite_teams: FAILURE
get_all_players: SUCCESS
89
181
22
79
113
36
116
129
138
60
146
153
166
128
56
play_match: FAILURE
get_all_players_count: SUCCESS, 7
get_top_scorer: SUCCESS, 137
add_team: FAILURE
get_all_players_count: SUCCESS, 10
knockout_winner: SUCCESS, 12
knockout_winner: INVALID_INPUT
knockout_winner: INVALID_INPUT
knockout_winner: SUCCESS, 12
knockout_winner: SUCCESS, 9
play_match: FAILURE
update_player_stats: SUCCESS
remove_player: SUCCESS
unite_teams: FAILURE
get_team_points: SUCCESS, 2605
get_all_players: SUCCESS
119
46
52
177
171
187
38
174
1
94
18
30
12
105
add_player: FAILURE
get_num_played_games: SUCCESS, 14463
get_all_players_count: SUCCESS, 8
add_player: FAILURE
knockout_winner: SUCCESS, 4
knockout_winner: INVALID_INPUT
knockout_winner: INVALID_INPUT
knockout_winner: SUCCESS, 9
knockout_winner: INVALID_INPUT
update_player_stats: SUCCESS
knockout_winner: SUCCESS, 12
knockout_winner: INVALID_INPUT
knockout_winner: INVALID_INPUT
knockout_winner: SUCCESS, 12
knockout_winner: SUCCESS, 12
play_match: FAILURE
unite_teams: SUCCESS
get_closest_player: SUCCESS, 9
knockout_winner: SUCCESS, 5
knockout_winner: SUCCESS, 9
knockout_winner: FAILURE
knockout_winner: FAILURE
knockout_winner: INVALID_INPUT
update_player_stats: SUCCESS
remove_team: FAILURE
remove_team: FAILURE
get_all_players_count: SUCCESS, 10
play_match: SUCCESS
add_team: FAILURE
add_player: FAILURE
get_num_played_games: SUCCESS, 11480
add_player: FAILURE
knockout_winner: SUCCESS, 4
knockout_winner: INVALID_INPUT
knockout_winner: INVALID_INPUT
knockout_winner: SUCCESS, 9
knockout_winner: INVALID_INPUT
unite_teams: FAILURE
update_player_stats: SUCCESS
add_team: FAILURE
update_player_stats: SUCCESS
get_top_scorer: SUCCESS, 81
unite_teams: FAILURE
remove_player: SUCCESS
get_all_players_count: SUCCESS, 10
get_team_points: SUCCESS, 2198
update_player_stats: SUCCESS
get_top_scorer: SUCCESS, 53
knockout_winner: SUCCESS, 12
knockout_winner: INVALID_INPUT
knockout_winner: INVALID_INPUT
knockout_winner: SUCCESS, 12
knockout_winner: SUCCESS, 9
add_player: FAILURE
knockout_winner: FAILURE
knockout_winner: SUCCESS, 12
knockout_winner: SUCCESS, 12
knockout_winner: FAILURE
knockout_winner: INVALID_INPUT
get_num_played_games: SUCCESS, 12731
unite_teams: FAILURE
add_team: FAILURE
add_team: FAILURE
get_all_players_count: SUCCESS, 7
add_player: FAILURE
get_all_players: SUCCESS
41
57
20
34
48
107
165
186
33
195
118
get_closest_player: SUCCESS, 59
get_all_players: SUCCESS
24
4
123
141
35
91
23
get_team_points: SUCCESS, 2605
get_all_players: SUCCESS
28
178
196
151
139
135
71
162
16
get_closest_player: SUCCESS, 163
add_player: FAILURE
unite_teams: FAILURE
unite_teams: FAILURE
play_match: FAILURE
play_match: FAILURE
update_player_stats: SUCCESS
play_match: FAILURE
add_player: FAILURE
remove_player: SUCCESS
unite_teams: FAILURE
get_all_players_count: SUCCESS, 6
get_team_points: SUCCESS, 5270
remove_player: SUCCESS
add_team: FAILURE
play_match: FAILURE
play_match: INVALID_INPUT
get_num_played_games: SUCCESS, 8430
add_team: FAILURE
play_match: FAILURE
get_num_played_games: SUCCESS, 8841
add_player: FAILURE
add_team: FAILURE
get_num_played_games: SUCCESS, 985
remove_player: SUCCESS
play_match: FAILURE
add_team: FAILURE
get_all_players_count: SUCCESS, 7
get_closest_player: SUCCESS, 4
play_match: FAILURE
get_top_scorer: SUCCESS, 9
add_team: FAILURE
get_team_points: SUCCESS, 8394
get_closest_player: SUCCESS, 83
remove_player: SUCCESS
knockout_winner: FAILURE
knockout_winner: SUCCESS, 9
knockout_winner: SUCCESS, 7
knockout_winner: FAILURE
knockout_winner: INVALID_INPUT
play_match: FAILURE
get_team_points: SUCCESS, 4557
get_closest_player: SUCCESS, 37
remove_player: SUCCESS
get_num_played_games: SUCCESS, 3415
add_player: FAILURE
knockout_winner: INVALID_INPUT
knockout_winner: INVALID_INPUT
knockout_winner: INVALID_INPUT
knockout_winner: INVALID_INPUT
knockout_winner: INVALID_INPUT
get_top_scorer: SUCCESS, 53
get_num_played_games: SUCCESS, 7155
unite_teams: FAILURE
get_closest_player: SUCCESS, 25
get_closest_player: SUCCESS, 182
remove_team: FAILURE
add_player: FAILURE
remove_team: FAILURE
unite_teams: FAILURE
get_all_players: SUCCESS
49
37
85
69
193
40
194
13
update_player_stats: SUCCESS
get_team_points: SUCCESS, 3797
remove_player: SUCCESS
add_team: FAILURE
remove_player: SUCCESS
get_num_played_games: SUCCESS, 10645
get_num_played_games: SUCCESS, 5004
remove_player: SUCCESS
knockout_winner: SUCCESS, 9
knockout_winner: INVALID_INPUT
knockout_winner: INVALID_INPUT
knockout_winner: SUCCESS, 9
knockout_winner: SUCCESS, 9
remove_team: FAILURE
update_player_stats: SUCCESS
get_closest_player: SUCCESS, 157
add_team: FAILURE
add_team: FAILURE
get_team_points: SUCCESS, 6642
get_all_players_count: SUCCESS, 8
get_closest_player: SUCCESS, 151
get_all_players: SUCCESS
59
74
97
190
39
54
14
64
21
47
50
68
70
3
80
185
144
189
87
88
78
111
114
45
knockout_winner: INVALID_INPUT
knockout_winner: SUCCESS, 9
knockout_winner: INVALID_INPUT
knockout_winner: INVALID_INPUT
knockout_winner: INVALID_INPUT
get_closest_player: SUCCESS, 112
add_player: FAILURE
get_top_scorer: SUCCESS, 103
remove_player: SUCCESS
remove_player: SUCCESS
add_player: FAILURE
add_player: FAILURE
get_top_scorer: SUCCESS, 16
add_player: FAILURE
get_all_players_count: SUCCESS, 9
get_all_players_count: SUCCESS, 6
get_num_played_games: SUCCESS, 4896
add_team: FAILURE
get_num_played_games: SUCCESS, 17299
play_match: FAILURE
get_all_players_count: SUCCESS, 6
get_all_players_count: SUCCESS, 8
remove_team: FAILURE
get_closest_player: SUCCESS, 144
add_player: FAILURE
get_all_players_count: SUCCESS, 10
remove_player: SUCCESS
remove_player: SUCCESS
get_all_players: SUCCESS
121
93
120
65
198
127
get_all_players: SUCCESS
5
148
99
125
get_team_points: SUCCESS, 8691
add_player: FAILURE
get_top_scorer: SUCCESS, 113
get_closest_player: SUCCESS, 58
play_match: FAILURE
remove_team: FAILURE
get_all_players: SUCCESS
4
123
141
35
91
23
get_closest_player: SUCCESS, 185
get_all_players_count: SUCCESS, 10
knockout_winner: FAILURE
knockout_winner: FAILURE
knockout_winner: FAILURE
knockout_winner: FAILURE
knockout_winner: INVALID_INPUT
get_top_scorer: SUCCESS, 16
get_closest_player: SUCCESS, 106
remove_player: SUCCESS
remove_team: FAILURE
get_closest_player: SUCCESS, 6
get_all_players_count: SUCCESS, 10
play_match: FAILURE
knockout_winner: INVALID_INPUT
knockout_winner: INVALID_INPUT
knockout_winner: INVALID_INPUT
knockout_winner: INVALID_INPUT
knockout_winner: INVALID_INPUT
remove_player: SUCCESS
add_player: FAILURE
get_team_points: SUCCESS, 3797
add_player: FAILURE
remove_player: SUCCESS
update_player_stats: SUCCESS
play_match: FAILURE
get_top_scorer: SUCCESS, 112
remove_team: FAILURE
get_closest_player: SUCCESS, 46
get_closest_player: SUCCESS, 111
get_all_players_count: SUCCESS, 13
get_closest_player: SUCCESS, 55
add_team: FAILURE
unite_teams: FAILURE
remove_player: SUCCESS
unite_teams: INVALID_INPUT
unite_teams: FAILURE
get_closest_player: SUCCESS, 187
knockout_winner: SUCCESS, 9
knockout_winner: SUCCESS, 9
knockout_winner: SUCCESS, 4
knockout_winner: FAILURE
knockout_winner: INVALID_INPUT
get_all_players_count: SUCCESS, 11
unite_teams: FAILURE
get_num_played_games: SUCCESS, 10180
update_player_stats: SUCCESS
update_player_stats: SUCCESS
add_player: FAILURE
get_top_scorer: SUCCESS, 112
play_match: FAILURE
knockout_winner: FAILURE
knockout_winner: SUCCESS, 9
knockout_winner: SUCCESS, 9
knockout_winner: FAILURE
knockout_winner: INVALID_INPUT
get_closest_player: SUCCESS, 47
get_all_players_count: SUCCESS, 14
play_match: FAILURE
get_top_scorer: SUCCESS, 23
unite_teams: FAILURE
get_all_players: SUCCESS
28
178
151
139
135
162
16
get_closest_player: SUCCESS, 113
update_player_stats: SUCCESS
play_match: FAILURE
update_player_stats: SUCCESS
add_team: FAILURE
get_top_scorer: SUCCESS, 125
add_team: FAILURE
knockout_winner: FAILURE
knockout_winner: SUCCESS, 9
knockout_winner: SUCCESS, 5
knockout_winner: FAILURE
knockout_winner: INVALID_INPUT
get_top_scorer: SUCCESS, 9
remove_player: SUCCESS
remove_team: FAILURE
get_all_players: SUCCESS
131
117
115
63
122
130
142
157
get_all_players_count: SUCCESS, 5
get_all_players: SUCCESS
121
93
120
65
198
127
remove_team: FAILURE
unite_teams: FAILURE
get_closest_player: SUCCESS, 55
get_team_points: SUCCESS, 2605
get_all_players_count: SUCCESS, 10
unite_teams: INVALID_INPUT
remove_player: SUCCESS
update_player_stats: SUCCESS
add_team: FAILURE
add_player: FAILURE
get_all_players: SUCCESS
131
117
115
63
122
130
142
157
remove_player: SUCCESS
add_team: FAILURE
add_player: FAILURE
get_closest_player: SUCCESS, 173
update_player_stats: SUCCESS
add_player: FAILURE
get_team_points: SUCCESS, 8394
get_all_players: SUCCESS
49
37
85
69
40
194
13
add_player: FAILURE
unite_teams: FAILURE
play_match: FAILURE
get_team_points: SUCCESS, 1220
play_match: FAILURE
get_closest_player: SUCCESS, 166
add_team: FAILURE
knockout_winner: SUCCESS, 9
knockout_winner: INVALID_INPUT
knockout_winner: INVALID_INPUT
knockout_winner: SUCCESS, 9
knockout_winner: INVALID_INPUT
update_player_stats: SUCCESS
get_closest_player: SUCCESS, 10
get_team_points: SUCCESS, 6148
get_closest_player: SUCCESS, 35
update_player_stats: SUCCESS
get_team_points: SUCCESS, 160
add_player: FAILURE
knockout_winner: FAILURE
knockout_winner: SUCCESS, 9
knockout_winner: SUCCESS, 9
knockout_winner: FAILURE
knockout_winner: INVALID_INPUT
play_match: FAILURE
get_top_scorer: SUCCESS, 157
add_player: FAILURE
unite_teams: FAILURE
remove_team: FAILURE
get_all_players: SUCCESS
51
150
100
58
124
44
147
73
get_top_scorer: SUCCESS, 172
unite_teams: FAILURE
get_num_played_games: SUCCESS, 79
play_match: FAILURE
knockout_winner: FAILURE
knockout_winner: INVALID_INPUT
knockout_winner: INVALID_INPUT
knockout_winner: SUCCESS, 7
knockout_winner: INVALID_INPUT
unite_teams: SUCCESS
get_team_points: SUCCESS, 4557
remove_team: FAILURE
get_all_players: SUCCESS
89
181
22
36
116
129
60
146
153
166
128
56
113
update_player_stats: SUCCESS
remove_team: FAILURE
remove_player: SUCCESS
get_closest_player: SUCCESS, 100
get_team_points: SUCCESS, 273
get_top_scorer: SUCCESS, 83
remove_player: SUCCESS
add_team: FAILURE
get_all_players_count: SUCCESS, 11
remove_player: SUCCESS
unite_teams: FAILURE
add_player: FAILURE
update_player_stats: SUCCESS
add_team: FAILURE
add_team: FAILURE
remove_team: FAILURE
remove_player: SUCCESS
unite_teams: FAILURE
get_top_scorer: SUCCESS, 9
update_player_stats: SUCCESS
remove_player: SUCCESS
remove_player: SUCCESS
get_num_played_games: SUCCESS, 12180
add_team: FAILURE
get_all_players_count: SUCCESS, 5
add_team: FAILURE
update_player_stats: SUCCESS
play_match: SUCCESS
get_team_points: SUCCESS, 5300
knockout_winner: SUCCESS, 16
knockout_winner: SUCCESS, 9
knockout_winner: SUCCESS, 9
knockout_winner: SUCCESS, 16
knockout_winner: INVALID_INPUT
get_team_points: SUCCESS, 6148
update_player_stats: SUCCESS
update_player_stats: SUCCESS
knockout_winner: SUCCESS, 9
knockout_winner: SUCCESS, 9
knockout_winner: SUCCESS, 9
knockout_winner: SUCCESS, 16
knockout_winner: INVALID_INPUT
remove_team: FAILURE
update_player_stats: SUCCESS
remove_player: SUCCESS
get_team_points: SUCCESS, 3797
get_num_played_games: SUCCESS, 5807
play_match: FAILURE
update_player_stats: SUCCESS
get_num_played_games: SUCCESS, 1457
remove_player: SUCCESS
remove_team: FAILURE
get_team_points: SUCCESS, 2483
get_team_points: SUCCESS, 4728
get_top_scorer: SUCCESS, 133
get_all_players_count: SUCCESS, 12
play_match: FAILURE
remove_player: SUCCESS
play_match: FAILURE
play_match: FAILURE
get_all_players: SUCCESS
140
134
183
154
83
unite_teams: FAILURE
get_num_played_games: SUCCESS, 596
knockout_winner: SUCCESS, 7
knockout_winner: SUCCESS, 9
knockout_winner: FAILURE
knockout_winner: FAILURE
knockout_winner: INVALID_INPUT
get_top_scorer: SUCCESS, 65
get_all_players: SUCCESS
46
52
177
38
171
174
1
187
18
30
12
94
105
update_player_stats: SUCCESS
unite_teams: FAILURE
get_all_players: SUCCESS
17
84
29
55
66
32
2
197
27
137
176
get_all_players_count: SUCCESS, 11
play_match: FAILURE
knockout_winner: FAILURE
knockout_winner: SUCCESS, 16
knockout_winner: FAILURE
knockout_winner: FAILURE
knockout_winner: INVALID_INPUT
get_top_scorer: SUCCESS, 73
get_team_points: SUCCESS, 4557
remove_player: SUCCESS
get_num_played_games: SUCCESS, 5004
get_closest_player: SUCCESS, 84
get_top_scorer: SUCCESS, 45
get_num_played_games: SUCCESS, 675
get_all_players: SUCCESS
180
102
86
9
158
play_match: FAILURE
get_top_scorer: SUCCESS, 65
remove_player: SUCCESS
update_player_stats: SUCCESS
update_player_stats: SUCCESS
get_top_scorer: SUCCESS, 176
get_num_played_games: SUCCESS, 5634
knockout_winner: SUCCESS, 9
knockout_winner: SUCCESS, 4
knockout_winner: SUCCESS, 4
knockout_winner: SUCCESS, 16
knockout_winner: INVALID_INPUT
get_all_players_count: SUCCESS, 13
get_all_players_count: SUCCESS, 13
remove_team: FAILURE
get_team_points: SUCCESS, 2605
get_team_points: SUCCESS, 3887
get_closest_player: SUCCESS, 57
add_team: FAILURE
remove_team: FAILURE
remove_player: SUCCESS
get_all_players_count: SUCCESS, 3
play_match: SUCCESS
add_player: FAILURE
get_all_players_count: SUCCESS, 6
get_all_players: SUCCESS
180
102
86
9
158
get_num_played_games: SUCCESS, 6839
get_all_players: SUCCESS
51
150
100
58
124
get_team_points: SUCCESS, 6696
remove_team: FAILURE
get_top_scorer: SUCCESS, 113
remove_team: FAILURE
get_closest_player: SUCCESS, 123
update_player_stats: SUCCESS
unite_teams: FAILURE
add_team: FAILURE
get_all_players: SUCCESS
159
110
90
179
182
112
get_closest_player: SUCCESS, 53
get_num_played_games: SUCCESS, 16667
remove_team: FAILURE
get_all_players: SUCCESS
4
123
141
91
23
35
get_all_players: SUCCESS
89
181
22
36
116
129
60
146
153
166
128
56
113
get_team_points: SUCCESS, 6148
get_team_points: SUCCESS, 2605
remove_team: FAILURE
get_closest_player: SUCCESS, 107
knockout_winner: SUCCESS, 4
knockout_winner: INVALID_INPUT
knockout_winner: INVALID_INPUT
knockout_winner: SUCCESS, 9
knockout_winner: SUCCESS, 9
knockout_winner: SUCCESS, 4
knockout_winner: INVALID_INPUT
knockout_winner: INVALID_INPUT
knockout_winner: SUCCESS, 9
knockout_winner: INVALID_INPUT
update_player_stats: SUCCESS
knockout_winner: FAILURE
knockout_winner: INVALID_INPUT
knockout_winner: INVALID_INPUT
knockout_winner: SUCCESS, 7
knockout_winner: INVALID_INPUT
get_top_scorer: SUCCESS, 158
get_num_played_games: SUCCESS, 9353
update_player_stats: SUCCESS
knockout_winner: FAILURE
knockout_winner: SUCCESS, 7
knockout_winner: SUCCESS, 6
knockout_winner: SUCCESS, 16
knockout_winner: INVALID_INPUT
update_player_stats: SUCCESS
remove_player: SUCCESS
get_top_scorer: SUCCESS, 133
get_closest_player: SUCCESS, 173
unite_teams: FAILURE
knockout_winner: SUCCESS, 4
knockout_winner: INVALID_INPUT
knockout_winner: INVALID_INPUT
knockout_winner: SUCCESS, 9
knockout_winner: INVALID_INPUT
get_team_points: SUCCESS, 6714
play_match: FAILURE
add_player: FAILURE
add_player: FAILURE
unite_teams: FAILURE
unite_teams: FAILURE
get_all_players_count: SUCCESS, 6
play_match: FAILURE
update_player_stats: SUCCESS
get_top_scorer: SUCCESS, 157
get_closest_player: SUCCESS, 122
update_player_stats: SUCCESS
remove_team: FAILURE
remove_player: SUCCESS
unite_teams: FAILURE
get_closest_player: SUCCESS, 99
get_top_scorer: SUCCESS, 150
remove_player: SUCCESS
get_closest_player: SUCCESS, 52
unite_teams: FAILURE
add_team: FAILURE
get_team_points: SUCCESS, 6148
knockout_winner: FAILURE
knockout_winner: SUCCESS, 16
knockout_winner: FAILURE
knockout_winner: FAILURE
knockout_winner: INVALID_INPUT
add_team: FAILURE
remove_team: FAILURE
add_player: FAILURE
update_player_stats: SUCCESS
unite_teams: FAILURE
get_all_players_count: SUCCESS, 4
remove_player: SUCCESS
unite_teams: FAILURE
get_top_scorer: SUCCESS, 158
remove_player: SUCCESS
get_num_played_games: SUCCESS, 12301
get_num_played_games: SUCCESS, 1708
get_all_players_count: SUCCESS, 10
get_team_points: SUCCESS, 2483
remove_team: FAILURE
remove_player: SUCCESS
knockout_winner: SUCCESS, 9
knockout_winner: SUCCESS, 7
knockout_winner: SUCCESS, 7
knockout_winner: SUCCESS, 16
knockout_winner: INVALID_INPUT
knockout_winner: FAILURE
knockout_winner: SUCCESS, 16
knockout_winner: FAILURE
knockout_winner: FAILURE
knockout_winner: INVALID_INPUT
get_top_scorer: SUCCESS, 31
get_all_players_count: SUCCESS, 3
get_top_scorer: SUCCESS, 13
get_closest_player: SUCCESS, 179
knockout_winner: FAILURE
knockout_winner: SUCCESS, 7
knockout_winner: SUCCESS, 7
knockout_winner: SUCCESS, 16
knockout_winner: INVALID_INPUT
add_team: FAILURE
get_closest_player: SUCCESS, 117
get_closest_player: SUCCESS, 60
add_team: FAILURE
get_closest_player: SUCCESS, 128
get_all_players_count: SUCCESS, 13
play_match: INVALID_INPUT
remove_player: SUCCESS
unite_teams: INVALID_INPUT
get_num_played_games: SUCCESS, 9697
get_top_scorer: SUCCESS, 113
knockout_winner: FAILURE
knockout_winner: SUCCESS, 9
knockout_winner: FAILURE
knockout_winner: FAILURE
knockout_winner: INVALID_INPUT
get_all_players: SUCCESS
106
92
132
67
72
15
191
168
152
25
31
knockout_winner: SUCCESS, 7
knockout_winner: SUCCESS, 7
knockout_winner: FAILURE
knockout_winner: FAILURE
knockout_winner: INVALID_INPUT
update_player_stats: SUCCESS
knockout_winner: SUCCESS, 16
knockout_winner: SUCCESS, 16
knockout_winner: FAILURE
knockout_winner: FAILURE
knockout_winner: INVALID_INPUT
get_team_points: SUCCESS, 4728
add_player: FAILURE
get_num_played_games: SUCCESS, 8732
get_all_players_count: SUCCESS, 10
get_top_scorer: SUCCESS, 113
update_player_stats: SUCCESS
remove_team: FAILURE
play_match: FAILURE
add_team: FAILURE
update_player_stats: SUCCESS
get_team_points: SUCCESS, 1980
knockout_winner: SUCCESS, 16
knockout_winner: SUCCESS, 9
knockout_winner: SUCCESS, 9
knockout_winner: FAILURE
knockout_winner: INVALID_INPUT
play_match: FAILURE
get_num_played_games: SUCCESS, 10181
play_match: FAILURE
remove_team: FAILURE
get_num_played_games: SUCCESS, 2738
add_player: FAILURE
get_team_points: SUCCESS, 2483
remove_player: SUCCESS
get_closest_player: SUCCESS, 163
update_player_stats: SUCCESS
get_closest_player: SUCCESS, 18
get_top_scorer: SUCCESS, 112
update_player_stats: SUCCESS
get_top_scorer: SUCCESS, 133
get_closest_player: SUCCESS, 74
get_all_players: SUCCESS
181
22
36
116
129
60
146
166
128
56
89
113
get_all_players: SUCCESS
51
100
124
150
58
get_top_scorer: SUCCESS, 125
unite_teams: SUCCESS
get_all_players: SUCCESS
5
99
125
unite_teams: FAILURE
add_player: FAILURE
get_closest_player: SUCCESS, 21
get_top_scorer: SUCCESS, 45
get_closest_player: SUCCESS, 102
get_top_scorer: SUCCESS, 176
add_player: FAILURE
play_match: FAILURE
get_top_scorer: SUCCESS, 31
get_closest_player: SUCCESS, 198
get_all_players: SUCCESS
28
151
139
162
remove_player: SUCCESS
get_num_played_games: SUCCESS, 22941
get_top_scorer: SUCCESS, 130
get_top_scorer: SUCCESS, 169
add_player: FAILURE
remove_player: SUCCESS
unite_teams: FAILURE
get_all_players: SUCCESS
74
97
190
11
39
54
109
64
21
47
10
70
3
80
50
108
173
185
76
104
189
53
161
88
78
111
114
45
add_team: FAILURE
get_top_scorer: SUCCESS, 45
get_num_played_games: SUCCESS, 13620
remove_player: SUCCESS
update_player_stats: SUCCESS
get_num_played_games: SUCCESS, 6876
get_top_scorer: SUCCESS, 125
get_num_played_games: SUCCESS, 2738
get_num_played_games: SUCCESS, 1776
update_player_stats: SUCCESS
unite_teams: FAILURE
add_team: FAILURE
get_team_points: SUCCESS, 11442
get_closest_player: SUCCESS, 137
unite_teams: INVALID_INPUT
get_all_players: SUCCESS
131
117
115
63
122
142
157
130
remove_player: SUCCESS
get_team_points: SUCCESS, 7457
get_all_players_count: SUCCESS, 8
get_all_players: SUCCESS
5
99
125
remove_player: SUCCESS
get_top_scorer: SUCCESS, 125
remove_player: SUCCESS
add_team: FAILURE
play_match: FAILURE
add_player: FAILURE
update_player_stats: SUCCESS
remove_player: SUCCESS
knockout_winner: SUCCESS, 16
knockout_winner: SUCCESS, 9
knockout_winner: SUCCESS, 9
knockout_winner: FAILURE
knockout_winner: INVALID_INPUT
remove_player: SUCCESS
remove_team: FAILURE
remove_player: SUCCESS
add_player: FAILURE
add_team: FAILURE
get_num_played_games: SUCCESS, 10888
get_closest_player: SUCCESS, 182
play_match: FAILURE
get_num_played_games: SUCCESS, 5648
play_match: FAILURE
get_top_scorer: SUCCESS, 31
update_player_stats: SUCCESS
get_num_played_games: SUCCESS, 8626
get_num_played_games: SUCCESS, 3654
remove_player: SUCCESS
knockout_winner: SUCCESS, 16
knockout_winner: SUCCESS, 16
knockout_winner: FAILURE
knockout_winner: FAILURE
knockout_winner: INVALID_INPUT
remove_team: FAILURE
knockout_winner: SUCCESS, 9
knockout_winner: SUCCESS, 9
knockout_winner: SUCCESS, 4
knockout_winner: SUCCESS, 16
knockout_winner: INVALID_INPUT
get_num_played_games: SUCCESS, 13303
remove_team: FAILURE
remove_player: SUCCESS
get_team_points: SUCCESS, 5378
unite_teams: FAILURE
remove_player: SUCCESS
remove_player: SUCCESS
add_player: FAILURE
unite_teams: FAILURE
get_all_players: SUCCESS
46
177
38
171
174
1
187
30
12
52
94
18
105
add_player: FAILURE
add_team: FAILURE
get_all_players: SUCCESS
180
102
9
get_num_played_games: SUCCESS, 8505
unite_teams: FAILURE
add_team: FAILURE
get_top_scorer: SUCCESS, 169
play_match: FAILURE
unite_teams: FAILURE
get_team_points: SUCCESS, 8394
update_player_stats: SUCCESS
get_top_scorer: SUCCESS, 31
add_player: FAILURE
get_all_players_count: SUCCESS, 3
get_closest_player: SUCCESS, 177
get_all_players_count: SUCCESS, 3
play_match: FAILURE
remove_player: SUCCESS
get_team_points: SUCCESS, 5378
remove_player: SUCCESS
add_team: FAILURE
add_team: FAILURE
get_num_played_games: SUCCESS, 19180
get_top_scorer: SUCCESS, 33
get_closest_player: SUCCESS, 47
add_team: FAILURE
remove_player: SUCCESS
get_top_scorer: SUCCESS, 125
get_top_scorer: SUCCESS, 45
get_all_players: SUCCESS
121
17
93
120
198
55
66
32
2
197
27
137
65
176
get_all_players_count: SUCCESS, 10
knockout_winner: INVALID_INPUT
knockout_winner: INVALID_INPUT
knockout_winner: INVALID_INPUT
knockout_winner: INVALID_INPUT
knockout_winner: INVALID_INPUT
knockout_winner: SUCCESS, 9
knockout_winner: SUCCESS, 9
knockout_winner: SUCCESS, 4
knockout_winner: FAILURE
knockout_winner: INVALID_INPUT
knockout_winner: SUCCESS, 9
knockout_winner: SUCCESS, 9
knockout_winner: SUCCESS, 9
knockout_winner: SUCCESS, 16
knockout_winner: INVALID_INPUT
get_all_players_count: SUCCESS, 5
add_team: FAILURE
remove_team: FAILURE
unite_teams: FAILURE
get_all_players: SUCCESS
51
100
124
150
58
add_team: FAILURE
get_closest_player: SUCCESS, 89
get_all_players_count: SUCCESS, 3
get_team_points: SUCCESS, 2198
get_closest_player: SUCCESS, 180
knockout_winner: SUCCESS, 16
knockout_winner: SUCCESS, 9
knockout_winner: SUCCESS, 9
knockout_winner: FAILURE
knockout_winner: INVALID_INPUT
get_all_players: SUCCESS
90
179
182
112
get_closest_player: SUCCESS, 198
get_top_scorer: SUCCESS, 4
add_team: FAILURE
get_all_players: SUCCESS
123
141
91
23
35
4
get_closest_player: SUCCESS, 94
remove_player: SUCCESS
get_all_players: SUCCESS
7
172
169
unite_teams: FAILURE
add_player: FAILURE
get_num_played_games: SUCCESS, 76
knockout_winner: SUCCESS, 4
knockout_winner: INVALID_INPUT
knockout_winner: INVALID_INPUT
knockout_winner: SUCCESS, 9
knockout_winner: INVALID_INPUT
remove_player: SUCCESS
get_team_points: SUCCESS, 3797
remove_team: FAILURE
add_team: FAILURE
get_top_scorer: SUCCESS, 45
get_all_players: SUCCESS
131
117
115
63
122
142
157
130
remove_team: FAILURE
unite_teams: FAILURE
get_top_scorer: SUCCESS, 113
get_top_scorer: SUCCESS, 169
get_team_points: SUCCESS, 7457
get_team_points: SUCCESS, 10731
update_player_stats: SUCCESS
get_closest_player: SUCCESS, 176
update_player_stats: SUCCESS
update_player_stats: SUCCESS
add_player: FAILURE
update_player_stats: SUCCESS
remove_player: SUCCESS
get_all_players_count: SUCCESS, 4
remove_player: SUCCESS
knockout_winner: FAILURE
knockout_winner: SUCCESS, 9
knockout_winner: SUCCESS, 9
knockout_winner: FAILURE
knockout_winner: INVALID_INPUT
remove_team: FAILURE
play_match: FAILURE
get_num_played_games: SUCCESS, 6876
get_all_players: SUCCESS
180
9
get_closest_player: SUCCESS, 80
get_all_players: SUCCESS
46
177
171
174
38
1
187
30
52
94
18
105
get_closest_player: SUCCESS, 69
update_player_stats: SUCCESS
add_player: FAILURE
get_num_played_games: SUCCESS, 9353
get_all_players: SUCCESS
181
22
36
129
60
166
146
89
113
remove_team: FAILURE
get_closest_player: SUCCESS, 51
get_closest_player: SUCCESS, 1
get_team_points: SUCCESS, 3887
unite_teams: FAILURE
get_closest_player: SUCCESS, 146
remove_team: FAILURE
remove_team: FAILURE
knockout_winner: INVALID_INPUT
knockout_winner: SUCCESS, 9
knockout_winner: INVALID_INPUT
knockout_winner: INVALID_INPUT
knockout_winner: INVALID_INPUT
remove_player: SUCCESS
add_player: FAILURE
unite_teams: SUCCESS
add_player: FAILURE
get_all_players: SUCCESS
140
183
83
154
get_all_players: SUCCESS
121
17
93
120
198
55
66
32
2
197
27
137
65
176
add_player: FAILURE
unite_teams: FAILURE
get_all_players: SUCCESS
90
179
182
112
remove_team: FAILURE
get_all_players: SUCCESS
74
97
190
11
54
109
64
21
47
70
3
80
50
108
173
185
76
104
189
53
161
88
78
114
45
play_match: FAILURE
knockout_winner: FAILURE
knockout_winner: SUCCESS, 9
knockout_winner: SUCCESS, 9
knockout_winner: FAILURE
knockout_winner: INVALID_INPUT
get_all_players_count: SUCCESS, 10
get_num_played_games: SUCCESS, 7638
update_player_stats: SUCCESS
remove_player: SUCCESS
remove_player: SUCCESS
add_team: FAILURE
unite_teams: INVALID_INPUT
add_team: FAILURE
remove_player: SUCCESS
get_all_players: SUCCESS
180
9
get_all_players: SUCCESS
46
131
117
177
115
171
174
38
1
187
63
122
30
142
52
94
18
157
130
105
update_player_stats: SUCCESS
unite_teams: FAILURE
get_closest_player: SUCCESS, 80
update_player_stats: SUCCESS
get_all_players: SUCCESS
106
92
132
72
191
168
152
15
25
31
remove_player: SUCCESS
get_all_players: SUCCESS
123
91
23
35
4
get_num_played_games: SUCCESS, 1385
get_all_players: SUCCESS
106
92
132
72
191
168
152
15
25
31
remove_player: SUCCESS
get_all_players: SUCCESS
49
85
69
40
37
13
get_num_played_games: SUCCESS, 8249
get_top_scorer: SUCCESS, 45
get_closest_player: SUCCESS, 123
knockout_winner: SUCCESS, 16
knockout_winner: SUCCESS, 9
knockout_winner: SUCCESS, 9
knockout_winner: SUCCESS, 16
knockout_winner: INVALID_INPUT
remove_team: FAILURE
play_match: FAILURE
get_num_played_games: SUCCESS, 19754
update_player_stats: SUCCESS
unite_teams: FAILURE
update_player_stats: SUCCESS
remove_player: SUCCESS
add_player: FAILURE
get_all_players: SUCCESS
140
183
83
154
get_all_players: SUCCESS
49
69
40
37
13
get_team_points: SUCCESS, 6148
get_all_players: SUCCESS
74
97
190
109
64
21
47
70
3
54
80
50
108
173
185
76
104
189
53
161
88
78
114
45
remove_player: SUCCESS
remove_player: SUCCESS
get_closest_player: SUCCESS, 151
remove_team: FAILURE
get_all_players_count: SUCCESS, 8
get_all_players_count: SUCCESS, 20
add_player: FAILURE
remove_team: FAILURE
add_team: FAILURE
get_team_points: SUCCESS, 4557
remove_player: SUCCESS
get_team_points: SUCCESS, 8554
update_player_stats: SUCCESS
add_team: FAILURE
get_num_played_games: SUCCESS, 962
get_all_players: SUCCESS
123
91
35
4
add_team: FAILURE
remove_player: SUCCESS
get_closest_player: SUCCESS, 1
knockout_winner: SUCCESS, 16
knockout_winner: SUCCESS, 9
knockout_winner: SUCCESS, 9
knockout_winner: FAILURE
knockout_winner: INVALID_INPUT
add_team: FAILURE
add_player: FAILURE
get_all_players: SUCCESS
179
182
90
unite_teams: FAILURE
remove_team: FAILURE
get_all_players: SUCCESS
46
131
117
177
115
171
174
38
1
187
63
122
30
142
52
94
18
157
130
105
get_num_played_games: SUCCESS, 10087
get_all_players_count: SUCCESS, 2
remove_player: SUCCESS
knockout_winner: SUCCESS, 4
knockout_winner: INVALID_INPUT
knockout_winner: INVALID_INPUT
knockout_winner: SUCCESS, 9
knockout_winner: INVALID_INPUT
update_player_stats: SUCCESS
get_all_players: SUCCESS
106
132
72
191
92
168
152
15
25
31
update_player_stats: SUCCESS
add_team: FAILURE
play_match: FAILURE
update_player_stats: SUCCESS
update_player_stats: SUCCESS
get_team_points: SUCCESS, 2198
knockout_winner: INVALID_INPUT
knockout_winner: SUCCESS, 16
knockout_winner: INVALID_INPUT
knockout_winner: INVALID_INPUT
knockout_winner: INVALID_INPUT
get_closest_player: SUCCESS, 47
get_num_played_games: SUCCESS, 13348
play_match: FAILURE
get_closest_player: SUCCESS, 41
remove_team: FAILURE
get_team_points: SUCCESS, 9202
knockout_winner: SUCCESS, 4
knockout_winner: INVALID_INPUT
knockout_winner: INVALID_INPUT
knockout_winner: SUCCESS, 9
knockout_winner: INVALID_INPUT
remove_player: SUCCESS
remove_player: SUCCESS
remove_player: SUCCESS
remove_player: SUCCESS
remove_player: SUCCESS
remove_player: SUCCESS
remove_player: SUCCESS
remove_player: SUCCESS
remove_player: SUCCESS
remove_player: SUCCESS
remove_player: SUCCESS
remove_player: SUCCESS
remove_player: SUCCESS
remove_player: SUCCESS
remove_player: SUCCESS
remove_player: SUCCESS
remove_player: SUCCESS
remove_player: SUCCESS
remove_player: SUCCESS
remove_player: SUCCESS
remove_player: SUCCESS
remove_player: SUCCESS
remove_player: SUCCESS
remove_player: SUCCESS
remove_player: SUCCESS
remove_player: SUCCESS
remove_player: SUCCESS
remove_player: SUCCESS
remove_player: SUCCESS
remove_player: SUCCESS
remove_player: SUCCESS
remove_player: SUCCESS
remove_player: SUCCESS
remove_player: SUCCESS
remove_player: SUCCESS
remove_player: SUCCESS
remove_player: SUCCESS
remove_player: SUCCESS
remove_player: SUCCESS
remove_player: SUCCESS
remove_player: SUCCESS
remove_player: SUCCESS
remove_player: SUCCESS
remove_player: SUCCESS
remove_player: SUCCESS
remove_player: SUCCESS
remove_player: SUCCESS
remove_player: SUCCESS
remove_player: SUCCESS
remove_player: SUCCESS
remove_player: SUCCESS
remove_player: SUCCESS
remove_player: SUCCESS
remove_player: SUCCESS
remove_player: SUCCESS
remove_player: SUCCESS
remove_player: SUCCESS
remove_player: SUCCESS
remove_player: SUCCESS
remove_player: SUCCESS
remove_player: SUCCESS
remove_player: SUCCESS
remove_player: SUCCESS
remove_player: SUCCESS
remove_player: SUCCESS
remove_player: SUCCESS
remove_player: SUCCESS
remove_player: SUCCESS
remove_player: SUCCESS
remove_player: SUCCESS
remove_player: SUCCESS
remove_player: SUCCESS
remove_player: SUCCESS
remove_player: SUCCESS
remove_player: SUCCESS
remove_player: SUCCESS
remove_player: SUCCESS
remove_player: SUCCESS
remove_player: SUCCESS
remove_player: SUCCESS
remove_player: SUCCESS
remove_player: SUCCESS
remove_player: SUCCESS
remove_player: SUCCESS
remove_player: SUCCESS
remove_player: SUCCESS
remove_player: SUCCESS
remove_player: SUCCESS
remove_player: SUCCESS
remove_player: SUCCESS
remove_player: SUCCESS
remove_player: SUCCESS
remove_player: SUCCESS
remove_player: SUCCESS
remove_player: SUCCESS
remove_player: SUCCESS
remove_player: SUCCESS
remove_player: SUCCESS
remove_player: SUCCESS
remove_player: SUCCESS
remove_player: SUCCESS
remove_player: SUCCESS
remove_player: SUCCESS
remove_player: SUCCESS
remove_player: SUCCESS
remove_player: SUCCESS
remove_player: SUCCESS
remove_player: SUCCESS
remove_player: SUCCESS
remove_player: SUCCESS
remove_player: SUCCESS
remove_player: SUCCESS
remove_player: SUCCESS
remove_player: SUCCESS
remove_player: SUCCESS
remove_team: SUCCESS
remove_team: SUCCESS
remove_team: SUCCESS
remove_team: SUCCESS
remove_team: SUCCESS
remove_team: SUCCESS
remove_team: SUCCESS
remove_team: SUCCESS
remove_team: SUCCESS
remove_team: SUCCESS
remove_team: SUCCESS
remove_team: SUCCESS
remove_team: SUCCESS
remove_team: SUCCESS
remove_team: SUCCESS
remove_team: SUCCESS
