add_team: SUCCESS
add_team: SUCCESS
add_team: SUCCESS
add_team: SUCCESS
add_team: SUCCESS
add_team: SUCCESS
add_team: SUCCESS
add_team: SUCCESS
add_team: SUCCESS
add_team: SUCCESS
add_team: SUCCESS
add_team: SUCCESS
add_team: SUCCESS
add_team: SUCCESS
add_team: SUCCESS
add_team: SUCCESS
add_team: SUCCESS
add_team: SUCCESS
add_team: SUCCESS
add_team: SUCCESS
add_player: SUCCESS
add_player: SUCCESS
add_player: SUCCESS
add_player: SUCCESS
add_player: SUCCESS
add_player: SUCCESS
add_player: SUCCESS
add_player: SUCCESS
add_player: SUCCESS
add_player: SUCCESS
add_player: SUCCESS
add_player: SUCCESS
add_player: SUCCESS
add_player: SUCCESS
add_player: SUCCESS
add_player: SUCCESS
add_player: SUCCESS
add_player: SUCCESS
add_player: SUCCESS
add_player: SUCCESS
add_player: SUCCESS
add_player: SUCCESS
add_player: SUCCESS
add_player: SUCCESS
add_player: SUCCESS
add_player: SUCCESS
add_player: SUCCESS
add_player: SUCCESS
add_player: SUCCESS
add_player: SUCCESS
add_player: SUCCESS
add_player: SUCCESS
add_player: SUCCESS
add_player: SUCCESS
add_player: SUCCESS
add_player: SUCCESS
add_player: SUCCESS
add_player: SUCCESS
add_player: SUCCESS
add_player: SUCCESS
add_player: SUCCESS
add_player: SUCCESS
add_player: SUCCESS
add_player: SUCCESS
add_player: SUCCESS
add_player: SUCCESS
add_player: SUCCESS
add_player: SUCCESS
add_player: SUCCESS
add_player: SUCCESS
add_player: SUCCESS
add_player: SUCCESS
add_player: SUCCESS
add_player: SUCCESS
add_player: SUCCESS
add_player: SUCCESS
add_player: SUCCESS
add_player: SUCCESS
add_player: SUCCESS
add_player: SUCCESS
add_player: SUCCESS
add_player: SUCCESS
add_player: SUCCESS
add_player: SUCCESS
add_player: SUCCESS
add_player: SUCCESS
add_player: SUCCESS
add_player: SUCCESS
add_player: SUCCESS
add_player: SUCCESS
add_player: SUCCESS
add_player: SUCCESS
add_player: SUCCESS
add_player: SUCCESS
add_player: SUCCESS
add_player: SUCCESS
add_player: SUCCESS
add_player: SUCCESS
add_player: SUCCESS
add_player: SUCCESS
add_player: SUCCESS
add_player: SUCCESS
add_player: SUCCESS
add_player: SUCCESS
add_player: SUCCESS
add_player: SUCCESS
add_player: SUCCESS
add_player: SUCCESS
add_player: SUCCESS
add_player: SUCCESS
add_player: SUCCESS
add_player: SUCCESS
add_player: SUCCESS
add_player: SUCCESS
add_player: SUCCESS
add_player: SUCCESS
add_player: SUCCESS
add_player: SUCCESS
add_player: SUCCESS
add_player: SUCCESS
add_player: SUCCESS
add_player: SUCCESS
add_player: SUCCESS
add_player: SUCCESS
add_player: SUCCESS
add_player: SUCCESS
add_player: SUCCESS
add_player: SUCCESS
add_player: SUCCESS
add_player: SUCCESS
add_player: SUCCESS
add_player: SUCCESS
add_player: SUCCESS
add_player: SUCCESS
add_player: SUCCESS
add_player: SUCCESS
add_player: SUCCESS
add_player: SUCCESS
add_player: SUCCESS
add_player: SUCCESS
add_player: SUCCESS
add_player: SUCCESS
add_player: SUCCESS
add_player: SUCCESS
add_player: SUCCESS
add_player: SUCCESS
add_player: SUCCESS
add_player: SUCCESS
add_player: SUCCESS
add_player: SUCCESS
add_player: SUCCESS
add_player: SUCCESS
add_player: SUCCESS
add_player: SUCCESS
add_player: SUCCESS
add_player: SUCCESS
add_player: SUCCESS
add_player: SUCCESS
add_player: SUCCESS
add_player: SUCCESS
add_player: SUCCESS
add_player: SUCCESS
add_player: SUCCESS
add_player: SUCCESS
add_player: SUCCESS
add_player: SUCCESS
add_player: SUCCESS
add_player: SUCCESS
add_player: SUCCESS
add_player: SUCCESS
add_player: SUCCESS
add_player: SUCCESS
add_player: SUCCESS
add_player: SUCCESS
add_player: SUCCESS
add_player: SUCCESS
add_player: SUCCESS
add_player: SUCCESS
add_player: SUCCESS
add_player: SUCCESS
add_player: SUCCESS
add_player: SUCCESS
add_player: SUCCESS
add_player: SUCCESS
add_player: SUCCESS
add_player: SUCCESS
add_player: SUCCESS
add_player: SUCCESS
add_player: SUCCESS
add_player: SUCCESS
add_player: SUCCESS
add_player: SUCCESS
add_player: SUCCESS
add_player: SUCCESS
add_player: SUCCESS
add_player: SUCCESS
add_player: SUCCESS
add_player: SUCCESS
add_player: SUCCESS
add_player: SUCCESS
add_player: SUCCESS
add_player: SUCCESS
add_player: SUCCESS
add_player: SUCCESS
add_player: SUCCESS
add_player: SUCCESS
add_player: SUCCESS
add_player: SUCCESS
add_player: SUCCESS
add_player: SUCCESS
add_player: SUCCESS
add_player: SUCCESS
add_player: SUCCESS
add_player: SUCCESS
add_player: SUCCESS
add_player: SUCCESS
add_player: SUCCESS
add_player: SUCCESS
add_player: SUCCESS
add_player: SUCCESS
update_player_stats: SUCCESS
knockout_winner: SUCCESS, 19
knockout_winner: SUCCESS, 19
knockout_winner: SUCCESS, 14
knockout_winner: FAILURE
knockout_winner: INVALID_INPUT
add_team: FAILURE
add_player: FAILURE
get_all_players: SUCCESS
165
171
200
92
70
5
125
21
66
remove_player: SUCCESS
add_team: FAILURE
update_player_stats: SUCCESS
get_all_players: SUCCESS
180
72
107
174
24
56
104
remove_team: FAILURE
get_closest_player: SUCCESS, 83
add_player: FAILURE
knockout_winner: SUCCESS, 13
knockout_winner: SUCCESS, 13
knockout_winner: SUCCESS, 9
knockout_winner: SUCCESS, 19
knockout_winner: INVALID_INPUT
update_player_stats: SUCCESS
add_team: FAILURE
knockout_winner: SUCCESS, 9
knockout_winner: SUCCESS, 13
knockout_winner: SUCCESS, 3
knockout_winner: SUCCESS, 13
knockout_winner: INVALID_INPUT
update_player_stats: SUCCESS
get_closest_player: SUCCESS, 92
get_all_players_count: SUCCESS, 8
add_team: FAILURE
get_all_players_count: SUCCESS, 12
get_team_points: SUCCESS, 919
get_top_scorer: SUCCESS, 173
unite_teams: FAILURE
play_match: FAILURE
get_top_scorer: SUCCESS, 173
play_match: FAILURE
knockout_winner: SUCCESS, 15
knockout_winner: SUCCESS, 13
knockout_winner: FAILURE
knockout_winner: FAILURE
knockout_winner: INVALID_INPUT
add_player: FAILURE
add_player: FAILURE
get_num_played_games: SUCCESS, 4151
update_player_stats: SUCCESS
add_player: FAILURE
get_num_played_games: SUCCESS, 7341
get_all_players_count: SUCCESS, 7
remove_team: FAILURE
get_top_scorer: SUCCESS, 197
add_player: FAILURE
get_closest_player: SUCCESS, 3
add_team: FAILURE
knockout_winner: SUCCESS, 13
knockout_winner: SUCCESS, 13
knockout_winner: SUCCESS, 13
knockout_winner: SUCCESS, 13
knockout_winner: SUCCESS, 13
play_match: FAILURE
play_match: FAILURE
get_team_points: SUCCESS, 7205
remove_player: SUCCESS
add_player: FAILURE
get_team_points: SUCCESS, 12246
add_team: FAILURE
remove_player: SUCCESS
get_top_scorer: SUCCESS, 158
get_all_players_count: SUCCESS, 8
knockout_winner: SUCCESS, 13
knockout_winner: SUCCESS, 13
knockout_winner: SUCCESS, 12
knockout_winner: SUCCESS, 19
knockout_winner: INVALID_INPUT
get_all_players: SUCCESS
119
154
106
184
23
192
18
173
add_player: FAILURE
get_top_scorer: SUCCESS, 66
unite_teams: FAILURE
get_team_points: SUCCESS, 4607
remove_player: SUCCESS
get_top_scorer: SUCCESS, 15
get_all_players_count: SUCCESS, 12
add_player: FAILURE
unite_teams: FAILURE
get_all_players_count: SUCCESS, 12
get_closest_player: SUCCESS, 83
get_all_players: SUCCESS
31
127
166
41
88
183
197
remove_player: SUCCESS
knockout_winner: SUCCESS, 13
knockout_winner: SUCCESS, 13
knockout_winner: SUCCESS, 12
knockout_winner: SUCCESS, 19
knockout_winner: INVALID_INPUT
get_all_players: SUCCESS
116
63
137
75
170
123
40
187
122
138
57
93
67
158
get_all_players: SUCCESS
163
140
110
151
131
74
65
51
177
196
get_team_points: SUCCESS, 9523
get_all_players: SUCCESS
17
83
81
29
8
add_player: FAILURE
get_top_scorer: SUCCESS, 186
get_team_points: SUCCESS, 7205
knockout_winner: SUCCESS, 14
knockout_winner: SUCCESS, 13
knockout_winner: SUCCESS, 13
knockout_winner: SUCCESS, 19
knockout_winner: INVALID_INPUT
get_all_players: SUCCESS
116
63
137
75
170
123
40
187
122
138
57
93
67
158
get_team_points: SUCCESS, 7205
get_top_scorer: SUCCESS, 8
add_player: FAILURE
get_top_scorer: SUCCESS, 19
unite_teams: FAILURE
get_all_players_count: SUCCESS, 9
get_num_played_games: SUCCESS, 7254
get_team_points: SUCCESS, 9598
add_player: FAILURE
knockout_winner: SUCCESS, 19
knockout_winner: SUCCESS, 13
knockout_winner: SUCCESS, 13
knockout_winner: FAILURE
knockout_winner: INVALID_INPUT
get_all_players_count: SUCCESS, 9
get_closest_player: SUCCESS, 161
get_all_players: SUCCESS
17
83
81
29
8
get_top_scorer: SUCCESS, 59
update_player_stats: SUCCESS
unite_teams: FAILURE
get_team_points: SUCCESS, 12149
play_match: FAILURE
get_closest_player: SUCCESS, 150
get_all_players: SUCCESS
31
127
166
41
88
183
197
knockout_winner: FAILURE
knockout_winner: SUCCESS, 13
knockout_winner: SUCCESS, 12
knockout_winner: FAILURE
knockout_winner: INVALID_INPUT
remove_team: FAILURE
add_player: FAILURE
get_top_scorer: SUCCESS, 134
remove_player: SUCCESS
play_match: FAILURE
get_closest_player: SUCCESS, 139
remove_player: SUCCESS
get_all_players: SUCCESS
119
154
106
184
23
192
18
173
get_all_players_count: SUCCESS, 8
get_all_players_count: SUCCESS, 8
get_all_players_count: SUCCESS, 10
get_closest_player: SUCCESS, 173
add_player: FAILURE
add_player: FAILURE
get_all_players_count: SUCCESS, 6
unite_teams: FAILURE
unite_teams: FAILURE
update_player_stats: SUCCESS
play_match: FAILURE
get_closest_player: SUCCESS, 79
get_all_players: SUCCESS
116
63
137
75
170
123
40
187
122
138
57
93
67
158
update_player_stats: SUCCESS
get_all_players: SUCCESS
119
154
106
184
23
192
18
173
remove_player: SUCCESS
get_top_scorer: SUCCESS, 2
remove_team: FAILURE
remove_player: SUCCESS
get_team_points: SUCCESS, 7086
knockout_winner: SUCCESS, 13
knockout_winner: SUCCESS, 13
knockout_winner: SUCCESS, 13
knockout_winner: SUCCESS, 19
knockout_winner: INVALID_INPUT
get_team_points: SUCCESS, 5146
remove_player: SUCCESS
get_closest_player: SUCCESS, 152
get_closest_player: SUCCESS, 135
remove_team: FAILURE
get_all_players_count: SUCCESS, 9
remove_player: SUCCESS
get_top_scorer: SUCCESS, 191
get_team_points: SUCCESS, 4607
get_top_scorer: SUCCESS, 112
get_num_played_games: SUCCESS, 3769
get_top_scorer: SUCCESS, 186
update_player_stats: SUCCESS
get_all_players_count: SUCCESS, 12
remove_team: FAILURE
play_match: FAILURE
get_closest_player: SUCCESS, 90
get_closest_player: SUCCESS, 49
remove_team: FAILURE
remove_team: FAILURE
get_top_scorer: SUCCESS, 191
unite_teams: FAILURE
knockout_winner: SUCCESS, 13
knockout_winner: SUCCESS, 13
knockout_winner: SUCCESS, 13
knockout_winner: SUCCESS, 13
knockout_winner: SUCCESS, 13
update_player_stats: SUCCESS
get_all_players: SUCCESS
165
92
70
5
125
21
66
remove_team: FAILURE
unite_teams: FAILURE
get_top_scorer: SUCCESS, 8
remove_team: FAILURE
get_num_played_games: SUCCESS, 9231
update_player_stats: SUCCESS
add_team: FAILURE
remove_team: FAILURE
remove_player: SUCCESS
add_player: FAILURE
add_team: FAILURE
add_player: FAILURE
get_top_scorer: SUCCESS, 191
get_top_scorer: SUCCESS, 104
add_team: FAILURE
get_top_scorer: SUCCESS, 2
unite_teams: FAILURE
unite_teams: FAILURE
play_match: SUCCESS
get_num_played_games: SUCCESS, 12287
add_player: FAILURE
remove_team: FAILURE
get_all_players: SUCCESS
146
47
178
128
160
4
84
58
46
105
37
get_all_players: SUCCESS
71
54
30
48
16
34
199
144
20
14
124
19
unite_teams: FAILURE
update_player_stats: SUCCESS
remove_player: SUCCESS
remove_player: SUCCESS
get_team_points: SUCCESS, 7728
remove_player: SUCCESS
add_team: FAILURE
remove_player: SUCCESS
update_player_stats: SUCCESS
update_player_stats: SUCCESS
knockout_winner: SUCCESS, 19
knockout_winner: SUCCESS, 13
knockout_winner: SUCCESS, 13
knockout_winner: FAILURE
knockout_winner: INVALID_INPUT
remove_team: FAILURE
get_all_players_count: SUCCESS, 7
get_all_players_count: SUCCESS, 13
play_match: FAILURE
update_player_stats: SUCCESS
remove_player: SUCCESS
get_team_points: SUCCESS, 3427
get_all_players: SUCCESS
68
159
73
115
87
97
90
111
77
193
53
186
update_player_stats: SUCCESS
update_player_stats: SUCCESS
update_player_stats: SUCCESS
get_team_points: SUCCESS, 11069
get_top_scorer: SUCCESS, 158
unite_teams: SUCCESS
add_player: FAILURE
get_top_scorer: SUCCESS, 104
remove_player: SUCCESS
get_team_points: SUCCESS, 647
get_num_played_games: SUCCESS, 7899
play_match: FAILURE
knockout_winner: SUCCESS, 9
knockout_winner: SUCCESS, 13
knockout_winner: SUCCESS, 5
knockout_winner: SUCCESS, 13
knockout_winner: INVALID_INPUT
knockout_winner: SUCCESS, 13
knockout_winner: SUCCESS, 13
knockout_winner: SUCCESS, 13
knockout_winner: SUCCESS, 13
knockout_winner: SUCCESS, 13
get_team_points: SUCCESS, 11069
knockout_winner: SUCCESS, 13
knockout_winner: SUCCESS, 13
knockout_winner: SUCCESS, 13
knockout_winner: FAILURE
knockout_winner: INVALID_INPUT
get_all_players_count: SUCCESS, 13
get_all_players: SUCCESS
60
168
113
78
149
94
198
169
129
1
112
132
add_team: FAILURE
get_closest_player: SUCCESS, 68
get_all_players_count: SUCCESS, 9
unite_teams: FAILURE
knockout_winner: FAILURE
knockout_winner: SUCCESS, 13
knockout_winner: FAILURE
knockout_winner: SUCCESS, 13
knockout_winner: INVALID_INPUT
update_player_stats: SUCCESS
get_all_players: SUCCESS
31
127
166
41
88
197
183
update_player_stats: SUCCESS
knockout_winner: SUCCESS, 16
knockout_winner: SUCCESS, 13
knockout_winner: SUCCESS, 13
knockout_winner: FAILURE
knockout_winner: INVALID_INPUT
remove_player: SUCCESS
unite_teams: FAILURE
knockout_winner: SUCCESS, 13
knockout_winner: SUCCESS, 13
knockout_winner: FAILURE
knockout_winner: FAILURE
knockout_winner: INVALID_INPUT
get_team_points: SUCCESS, 11069
remove_team: FAILURE
get_num_played_games: SUCCESS, 3769
get_all_players: SUCCESS
119
184
23
192
18
173
154
update_player_stats: SUCCESS
get_all_players_count: SUCCESS, 10
get_all_players_count: SUCCESS, 6
get_closest_player: SUCCESS, 39
get_team_points: SUCCESS, 9532
add_team: FAILURE
add_team: FAILURE
get_all_players_count: SUCCESS, 10
add_player: FAILURE
get_num_played_games: SUCCESS, 1290
add_player: FAILURE
get_closest_player: SUCCESS, 84
play_match: FAILURE
get_top_scorer: SUCCESS, 8
update_player_stats: SUCCESS
get_num_played_games: SUCCESS, 8186
play_match: FAILURE
remove_team: FAILURE
knockout_winner: SUCCESS, 16
knockout_winner: SUCCESS, 13
knockout_winner: SUCCESS, 12
knockout_winner: FAILURE
knockout_winner: INVALID_INPUT
knockout_winner: FAILURE
knockout_winner: INVALID_INPUT
knockout_winner: INVALID_INPUT
knockout_winner: FAILURE
knockout_winner: INVALID_INPUT
remove_player: SUCCESS
remove_player: SUCCESS
add_team: FAILURE
get_closest_player: SUCCESS, 65
get_num_played_games: SUCCESS, 11435
remove_team: FAILURE
remove_player: SUCCESS
add_team: FAILURE
remove_team: FAILURE
unite_teams: FAILURE
add_team: FAILURE
remove_player: SUCCESS
get_all_players_count: SUCCESS, 11
get_num_played_games: SUCCESS, 7640
play_match: FAILURE
get_closest_player: SUCCESS, 137
get_num_played_games: SUCCESS, 2517
remove_team: FAILURE
play_match: SUCCESS
get_all_players: SUCCESS
76
39
52
147
35
114
188
102
42
get_top_scorer: SUCCESS, 154
remove_team: FAILURE
update_player_stats: SUCCESS
get_num_played_games: SUCCESS, 8648
add_player: FAILURE
add_player: FAILURE
unite_teams: SUCCESS
get_closest_player: SUCCESS, 150
add_team: FAILURE
get_num_played_games: SUCCESS, 3076
update_player_stats: SUCCESS
remove_player: SUCCESS
add_player: FAILURE
remove_team: FAILURE
knockout_winner: SUCCESS, 13
knockout_winner: SUCCESS, 5
knockout_winner: SUCCESS, 5
knockout_winner: SUCCESS, 13
knockout_winner: INVALID_INPUT
remove_player: SUCCESS
add_player: FAILURE
update_player_stats: SUCCESS
unite_teams: FAILURE
add_team: FAILURE
add_player: FAILURE
get_closest_player: SUCCESS, 137
remove_team: FAILURE
remove_team: FAILURE
play_match: FAILURE
remove_player: SUCCESS
unite_teams: FAILURE
add_player: FAILURE
remove_team: FAILURE
get_closest_player: SUCCESS, 173
unite_teams: FAILURE
unite_teams: FAILURE
remove_team: FAILURE
unite_teams: SUCCESS
knockout_winner: FAILURE
knockout_winner: SUCCESS, 13
knockout_winner: SUCCESS, 13
knockout_winner: FAILURE
knockout_winner: INVALID_INPUT
update_player_stats: SUCCESS
knockout_winner: SUCCESS, 13
knockout_winner: INVALID_INPUT
knockout_winner: INVALID_INPUT
knockout_winner: SUCCESS, 13
knockout_winner: SUCCESS, 13
get_team_points: SUCCESS, 9798
get_num_played_games: SUCCESS, 6005
get_num_played_games: SUCCESS, 5709
add_team: FAILURE
knockout_winner: SUCCESS, 5
knockout_winner: INVALID_INPUT
knockout_winner: INVALID_INPUT
knockout_winner: SUCCESS, 13
knockout_winner: FAILURE
remove_team: FAILURE
get_all_players: SUCCESS
9
44
194
152
120
27
155
add_team: FAILURE
add_team: FAILURE
get_all_players: SUCCESS
22
143
142
89
148
176
95
103
7
add_team: FAILURE
play_match: FAILURE
add_player: FAILURE
get_all_players: SUCCESS
22
143
142
89
148
176
95
103
7
play_match: SUCCESS
get_all_players: SUCCESS
76
39
52
147
35
188
102
114
42
unite_teams: SUCCESS
knockout_winner: SUCCESS, 16
knockout_winner: SUCCESS, 12
knockout_winner: SUCCESS, 12
knockout_winner: FAILURE
knockout_winner: INVALID_INPUT
get_all_players_count: SUCCESS, 7
get_top_scorer: SUCCESS, 155
get_all_players: SUCCESS
3
179
36
195
28
12
121
175
157
145
190
2
get_all_players: SUCCESS
76
39
52
147
35
188
102
114
42
get_all_players: SUCCESS
86
180
10
72
85
162
174
56
104
133
191
knockout_winner: SUCCESS, 12
knockout_winner: SUCCESS, 12
knockout_winner: SUCCESS, 12
knockout_winner: SUCCESS, 16
knockout_winner: INVALID_INPUT
remove_team: FAILURE
get_closest_player: SUCCESS, 21
get_top_scorer: SUCCESS, 66
add_team: FAILURE
remove_player: SUCCESS
remove_player: SUCCESS
get_all_players_count: SUCCESS, 12
add_player: FAILURE
get_closest_player: SUCCESS, 143
get_num_played_games: SUCCESS, 4965
remove_player: SUCCESS
update_player_stats: SUCCESS
get_top_scorer: SUCCESS, 183
get_all_players_count: SUCCESS, 8
get_top_scorer: SUCCESS, 19
update_player_stats: SUCCESS
add_player: FAILURE
remove_team: FAILURE
get_team_points: SUCCESS, 967
get_team_points: SUCCESS, 2385
get_closest_player: SUCCESS, 180
remove_player: SUCCESS
get_all_players: SUCCESS
31
127
166
41
88
197
183
get_all_players: SUCCESS
99
33
64
139
get_all_players_count: SUCCESS, 7
remove_player: SUCCESS
knockout_winner: SUCCESS, 12
knockout_winner: SUCCESS, 12
knockout_winner: FAILURE
knockout_winner: FAILURE
knockout_winner: INVALID_INPUT
get_all_players: SUCCESS
113
78
149
94
198
169
129
1
112
168
132
get_all_players: SUCCESS
113
78
149
94
198
169
129
1
112
168
132
remove_team: FAILURE
get_num_played_games: SUCCESS, 262
update_player_stats: SUCCESS
get_num_played_games: SUCCESS, 7629
get_team_points: SUCCESS, 9532
play_match: FAILURE
get_num_played_games: SUCCESS, 11002
get_closest_player: SUCCESS, 135
get_top_scorer: SUCCESS, 126
remove_team: FAILURE
add_team: FAILURE
get_top_scorer: SUCCESS, 191
remove_team: FAILURE
get_team_points: SUCCESS, 3427
add_team: FAILURE
remove_player: SUCCESS
update_player_stats: SUCCESS
add_team: FAILURE
play_match: FAILURE
remove_team: FAILURE
remove_team: FAILURE
get_all_players_count: SUCCESS, 7
add_player: FAILURE
play_match: FAILURE
remove_team: FAILURE
get_num_played_games: SUCCESS, 10378
remove_player: SUCCESS
update_player_stats: SUCCESS
add_player: FAILURE
remove_player: SUCCESS
add_player: FAILURE
play_match: FAILURE
update_player_stats: SUCCESS
remove_team: FAILURE
remove_player: SUCCESS
play_match: FAILURE
add_team: FAILURE
add_player: FAILURE
get_top_scorer: SUCCESS, 98
get_team_points: SUCCESS, 7205
add_team: FAILURE
knockout_winner: SUCCESS, 12
knockout_winner: SUCCESS, 12
knockout_winner: FAILURE
knockout_winner: FAILURE
knockout_winner: INVALID_INPUT
remove_team: FAILURE
remove_team: FAILURE
remove_player: SUCCESS
get_closest_player: SUCCESS, 198
get_all_players: SUCCESS
9
44
194
120
27
155
knockout_winner: SUCCESS, 3
knockout_winner: INVALID_INPUT
knockout_winner: INVALID_INPUT
knockout_winner: SUCCESS, 9
knockout_winner: INVALID_INPUT
add_team: FAILURE
get_all_players_count: SUCCESS, 10
remove_team: FAILURE
remove_player: SUCCESS
get_team_points: SUCCESS, 9598
remove_team: FAILURE
update_player_stats: SUCCESS
get_top_scorer: SUCCESS, 196
get_closest_player: SUCCESS, 66
get_top_scorer: SUCCESS, 196
unite_teams: FAILURE
add_player: FAILURE
add_player: FAILURE
remove_player: SUCCESS
update_player_stats: SUCCESS
get_all_players_count: SUCCESS, 10
unite_teams: FAILURE
remove_player: SUCCESS
add_player: FAILURE
remove_team: FAILURE
get_closest_player: SUCCESS, 112
get_closest_player: SUCCESS, 138
knockout_winner: SUCCESS, 16
knockout_winner: SUCCESS, 12
knockout_winner: FAILURE
knockout_winner: FAILURE
knockout_winner: INVALID_INPUT
get_num_played_games: SUCCESS, 1988
remove_player: SUCCESS
get_team_points: SUCCESS, 3427
add_team: FAILURE
unite_teams: FAILURE
get_all_players_count: SUCCESS, 10
remove_team: FAILURE
add_player: FAILURE
update_player_stats: SUCCESS
add_team: FAILURE
play_match: FAILURE
add_player: FAILURE
get_closest_player: SUCCESS, 151
update_player_stats: SUCCESS
remove_player: SUCCESS
add_team: FAILURE
unite_teams: FAILURE
unite_teams: FAILURE
get_all_players: SUCCESS
117
189
135
164
25
69
167
161
172
79
130
61
118
82
91
108
153
15
62
126
add_player: FAILURE
get_num_played_games: SUCCESS, 6655
get_top_scorer: SUCCESS, 8
get_team_points: SUCCESS, 2385
add_team: FAILURE
update_player_stats: SUCCESS
get_closest_player: SUCCESS, 198
add_team: FAILURE
get_all_players_count: SUCCESS, 12
get_team_points: SUCCESS, 19877
knockout_winner: FAILURE
knockout_winner: SUCCESS, 3
knockout_winner: SUCCESS, 3
knockout_winner: SUCCESS, 12
knockout_winner: INVALID_INPUT
play_match: INVALID_INPUT
remove_team: FAILURE
add_team: FAILURE
get_closest_player: SUCCESS, 154
unite_teams: FAILURE
add_team: FAILURE
get_all_players: SUCCESS
113
78
149
94
198
169
1
112
132
168
get_all_players_count: SUCCESS, 8
get_all_players_count: SUCCESS, 9
update_player_stats: SUCCESS
update_player_stats: SUCCESS
get_all_players: SUCCESS
17
83
29
8
unite_teams: FAILURE
get_all_players: SUCCESS
9
44
194
120
27
155
knockout_winner: INVALID_INPUT
knockout_winner: FAILURE
knockout_winner: INVALID_INPUT
knockout_winner: INVALID_INPUT
knockout_winner: INVALID_INPUT
unite_teams: FAILURE
update_player_stats: SUCCESS
get_closest_player: SUCCESS, 143
play_match: FAILURE
get_team_points: SUCCESS, 3427
play_match: FAILURE
get_top_scorer: SUCCESS, 57
play_match: FAILURE
remove_player: SUCCESS
remove_player: SUCCESS
get_top_scorer: SUCCESS, 42
unite_teams: FAILURE
knockout_winner: SUCCESS, 15
knockout_winner: SUCCESS, 12
knockout_winner: FAILURE
knockout_winner: FAILURE
knockout_winner: INVALID_INPUT
remove_player: SUCCESS
get_top_scorer: SUCCESS, 139
get_team_points: SUCCESS, 9532
play_match: FAILURE
update_player_stats: SUCCESS
get_closest_player: SUCCESS, 112
knockout_winner: FAILURE
knockout_winner: SUCCESS, 3
knockout_winner: FAILURE
knockout_winner: SUCCESS, 12
knockout_winner: INVALID_INPUT
get_team_points: SUCCESS, 9532
get_all_players_count: SUCCESS, 9
add_player: FAILURE
remove_player: SUCCESS
play_match: FAILURE
get_team_points: SUCCESS, 11069
knockout_winner: SUCCESS, 12
knockout_winner: SUCCESS, 3
knockout_winner: SUCCESS, 3
knockout_winner: SUCCESS, 12
knockout_winner: INVALID_INPUT
get_closest_player: SUCCESS, 27
add_player: FAILURE
add_team: FAILURE
get_top_scorer: SUCCESS, 168
get_top_scorer: SUCCESS, 196
get_top_scorer: SUCCESS, 196
get_all_players: SUCCESS
86
72
85
162
56
104
133
191
add_player: FAILURE
get_num_played_games: SUCCESS, 8158
get_num_played_games: SUCCESS, 3226
remove_team: FAILURE
remove_team: FAILURE
get_closest_player: SUCCESS, 90
get_top_scorer: SUCCESS, 186
add_team: FAILURE
get_num_played_games: SUCCESS, 1208
play_match: FAILURE
get_team_points: SUCCESS, 4795
get_all_players: SUCCESS
22
143
142
148
176
103
7
play_match: SUCCESS
add_player: FAILURE
remove_team: FAILURE
add_player: FAILURE
remove_team: FAILURE
add_team: FAILURE
unite_teams: FAILURE
get_team_points: SUCCESS, 967
remove_player: SUCCESS
add_team: FAILURE
get_top_scorer: SUCCESS, 8
unite_teams: FAILURE
get_closest_player: SUCCESS, 102
update_player_stats: SUCCESS
get_all_players: SUCCESS
117
189
135
164
25
69
167
161
172
79
61
118
82
91
108
15
62
126
153
remove_player: SUCCESS
get_team_points: SUCCESS, 9003
get_num_played_games: SUCCESS, 9606
add_player: FAILURE
get_team_points: SUCCESS, 967
get_closest_player: SUCCESS, 62
get_all_players_count: SUCCESS, 8
get_all_players: SUCCESS
78
149
94
198
169
1
112
132
113
168
add_player: FAILURE
get_top_scorer: SUCCESS, 155
get_top_scorer: SUCCESS, 2
add_team: FAILURE
add_team: FAILURE
get_team_points: SUCCESS, 19877
knockout_winner: INVALID_INPUT
knockout_winner: INVALID_INPUT
knockout_winner: INVALID_INPUT
knockout_winner: INVALID_INPUT
knockout_winner: INVALID_INPUT
get_num_played_games: SUCCESS, 16817
remove_player: SUCCESS
update_player_stats: SUCCESS
get_team_points: SUCCESS, 4795
get_closest_player: SUCCESS, 72
get_all_players: SUCCESS
165
92
70
5
125
21
66
unite_teams: SUCCESS
play_match: FAILURE
update_player_stats: SUCCESS
get_all_players: SUCCESS
119
184
192
18
173
154
get_team_points: SUCCESS, 7086
get_top_scorer: SUCCESS, 155
play_match: FAILURE
get_all_players: SUCCESS
78
149
94
198
169
1
112
132
113
168
remove_team: FAILURE
add_player: FAILURE
update_player_stats: SUCCESS
unite_teams: FAILURE
remove_player: SUCCESS
add_player: FAILURE
play_match: FAILURE
unite_teams: FAILURE
update_player_stats: SUCCESS
unite_teams: INVALID_INPUT
get_team_points: SUCCESS, 8241
add_player: FAILURE
get_all_players: SUCCESS
17
83
29
8
play_match: FAILURE
get_all_players: SUCCESS
78
149
94
198
169
1
112
132
113
168
remove_player: SUCCESS
get_all_players: SUCCESS
71
54
48
16
30
34
199
144
20
14
124
19
remove_player: SUCCESS
unite_teams: FAILURE
get_all_players: SUCCESS
78
149
94
198
169
1
112
132
113
168
play_match: FAILURE
add_team: FAILURE
get_all_players: SUCCESS
86
72
162
56
104
133
191
get_all_players_count: SUCCESS, 6
get_closest_player: SUCCESS, 59
get_num_played_games: SUCCESS, 10549
add_team: FAILURE
add_player: FAILURE
add_player: FAILURE
get_top_scorer: SUCCESS, 66
knockout_winner: SUCCESS, 3
knockout_winner: INVALID_INPUT
knockout_winner: INVALID_INPUT
knockout_winner: SUCCESS, 12
knockout_winner: INVALID_INPUT
knockout_winner: SUCCESS, 12
knockout_winner: SUCCESS, 3
knockout_winner: SUCCESS, 3
knockout_winner: SUCCESS, 12
knockout_winner: SUCCESS, 12
get_all_players: SUCCESS
17
83
29
8
get_closest_player: SUCCESS, 28
get_closest_player: SUCCESS, 83
unite_teams: FAILURE
get_all_players_count: SUCCESS, 8
remove_team: FAILURE
remove_player: SUCCESS
get_all_players_count: SUCCESS, 27
add_player: FAILURE
update_player_stats: SUCCESS
knockout_winner: FAILURE
knockout_winner: SUCCESS, 12
knockout_winner: FAILURE
knockout_winner: FAILURE
knockout_winner: INVALID_INPUT
get_closest_player: SUCCESS, 189
knockout_winner: SUCCESS, 3
knockout_winner: INVALID_INPUT
knockout_winner: INVALID_INPUT
knockout_winner: SUCCESS, 12
knockout_winner: FAILURE
knockout_winner: SUCCESS, 12
knockout_winner: SUCCESS, 3
knockout_winner: SUCCESS, 3
knockout_winner: SUCCESS, 12
knockout_winner: INVALID_INPUT
add_team: FAILURE
play_match: FAILURE
remove_player: SUCCESS
get_closest_player: SUCCESS, 167
update_player_stats: SUCCESS
get_team_points: SUCCESS, 967
remove_player: SUCCESS
play_match: FAILURE
get_all_players_count: SUCCESS, 4
get_closest_player: SUCCESS, 92
get_closest_player: SUCCESS, 69
unite_teams: FAILURE
add_team: FAILURE
play_match: FAILURE
get_all_players: SUCCESS
9
44
194
120
27
unite_teams: FAILURE
unite_teams: FAILURE
update_player_stats: SUCCESS
get_top_scorer: SUCCESS, 65
get_top_scorer: SUCCESS, 7
add_player: FAILURE
add_team: FAILURE
update_player_stats: SUCCESS
remove_player: SUCCESS
remove_player: SUCCESS
get_all_players: SUCCESS
119
184
18
173
154
play_match: FAILURE
play_match: SUCCESS
get_closest_player: SUCCESS, 195
add_player: FAILURE
add_player: FAILURE
unite_teams: FAILURE
knockout_winner: FAILURE
knockout_winner: SUCCESS, 15
knockout_winner: FAILURE
knockout_winner: FAILURE
knockout_winner: INVALID_INPUT
remove_team: FAILURE
add_player: FAILURE
add_team: FAILURE
get_top_scorer: SUCCESS, 197
get_num_played_games: SUCCESS, 1312
remove_team: FAILURE
get_team_points: SUCCESS, 7086
get_top_scorer: SUCCESS, 19
get_closest_player: SUCCESS, 127
update_player_stats: SUCCESS
add_team: FAILURE
remove_team: FAILURE
knockout_winner: INVALID_INPUT
knockout_winner: INVALID_INPUT
knockout_winner: INVALID_INPUT
knockout_winner: INVALID_INPUT
knockout_winner: INVALID_INPUT
add_player: FAILURE
update_player_stats: SUCCESS
add_team: FAILURE
get_closest_player: SUCCESS, 84
remove_team: FAILURE
play_match: FAILURE
knockout_winner: FAILURE
knockout_winner: SUCCESS, 3
knockout_winner: SUCCESS, 3
knockout_winner: FAILURE
knockout_winner: INVALID_INPUT
get_closest_player: SUCCESS, 138
get_all_players: SUCCESS
92
165
70
5
125
66
get_num_played_games: SUCCESS, 18663
knockout_winner: SUCCESS, 3
knockout_winner: INVALID_INPUT
knockout_winner: INVALID_INPUT
knockout_winner: SUCCESS, 12
knockout_winner: SUCCESS, 12
add_player: FAILURE
play_match: FAILURE
get_team_points: SUCCESS, 20527
get_top_scorer: SUCCESS, 29
add_team: FAILURE
get_num_played_games: SUCCESS, 8058
knockout_winner: SUCCESS, 15
knockout_winner: SUCCESS, 12
knockout_winner: FAILURE
knockout_winner: FAILURE
knockout_winner: INVALID_INPUT
unite_teams: FAILURE
remove_player: SUCCESS
add_player: FAILURE
remove_team: FAILURE
get_all_players: SUCCESS
99
33
64
139
knockout_winner: SUCCESS, 12
knockout_winner: INVALID_INPUT
knockout_winner: INVALID_INPUT
knockout_winner: SUCCESS, 12
knockout_winner: FAILURE
get_closest_player: SUCCESS, 3
knockout_winner: FAILURE
knockout_winner: SUCCESS, 3
knockout_winner: SUCCESS, 3
knockout_winner: SUCCESS, 15
knockout_winner: INVALID_INPUT
knockout_winner: INVALID_INPUT
knockout_winner: INVALID_INPUT
knockout_winner: INVALID_INPUT
knockout_winner: INVALID_INPUT
knockout_winner: INVALID_INPUT
get_all_players: SUCCESS
119
184
18
173
154
remove_player: SUCCESS
unite_teams: FAILURE
get_team_points: SUCCESS, 22389
get_top_scorer: SUCCESS, 186
get_num_played_games: SUCCESS, 10521
add_team: FAILURE
add_player: FAILURE
remove_player: SUCCESS
update_player_stats: SUCCESS
play_match: FAILURE
get_all_players_count: SUCCESS, 7
remove_player: SUCCESS
unite_teams: FAILURE
remove_team: FAILURE
add_team: FAILURE
remove_team: FAILURE
get_top_scorer: SUCCESS, 154
get_top_scorer: SUCCESS, 42
get_num_played_games: SUCCESS, 7629
play_match: FAILURE
get_team_points: SUCCESS, 19877
get_all_players_count: SUCCESS, 5
play_match: FAILURE
get_top_scorer: SUCCESS, 19
get_all_players_count: SUCCESS, 12
add_player: FAILURE
get_num_played_games: SUCCESS, 9236
get_top_scorer: SUCCESS, 65
remove_player: SUCCESS
get_closest_player: SUCCESS, 141
get_team_points: SUCCESS, 9807
remove_player: SUCCESS
get_num_played_games: SUCCESS, 20217
get_team_points: SUCCESS, 3427
get_team_points: SUCCESS, 9532
unite_teams: FAILURE
play_match: FAILURE
update_player_stats: SUCCESS
remove_player: SUCCESS
remove_team: FAILURE
remove_player: SUCCESS
unite_teams: SUCCESS
remove_team: FAILURE
get_closest_player: SUCCESS, 34
get_closest_player: SUCCESS, 147
get_all_players: SUCCESS
86
162
56
104
133
get_team_points: SUCCESS, 19877
remove_player: SUCCESS
get_all_players_count: SUCCESS, 27
get_top_scorer: SUCCESS, 197
add_team: FAILURE
remove_player: SUCCESS
get_num_played_games: SUCCESS, 6793
get_num_played_games: SUCCESS, 7629
knockout_winner: SUCCESS, 3
knockout_winner: INVALID_INPUT
knockout_winner: INVALID_INPUT
knockout_winner: SUCCESS, 12
knockout_winner: SUCCESS, 12
get_all_players: SUCCESS
9
44
194
120
27
add_player: FAILURE
knockout_winner: FAILURE
knockout_winner: SUCCESS, 15
knockout_winner: SUCCESS, 15
knockout_winner: FAILURE
knockout_winner: INVALID_INPUT
get_num_played_games: SUCCESS, 13249
add_player: FAILURE
get_num_played_games: SUCCESS, 13249
get_team_points: SUCCESS, 7205
get_closest_player: SUCCESS, 69
add_team: FAILURE
play_match: FAILURE
unite_teams: FAILURE
remove_player: SUCCESS
update_player_stats: SUCCESS
get_top_scorer: SUCCESS, 66
add_team: FAILURE
get_closest_player: SUCCESS, 14
update_player_stats: SUCCESS
unite_teams: SUCCESS
get_num_played_games: SUCCESS, 4061
remove_team: FAILURE
get_all_players_count: SUCCESS, 35
add_player: FAILURE
unite_teams: FAILURE
remove_team: FAILURE
get_all_players_count: SUCCESS, 2
add_team: FAILURE
play_match: FAILURE
remove_team: FAILURE
get_num_played_games: SUCCESS, 1312
unite_teams: FAILURE
add_player: FAILURE
unite_teams: FAILURE
get_team_points: SUCCESS, 26425
play_match: FAILURE
add_player: FAILURE
add_team: FAILURE
add_player: FAILURE
add_player: FAILURE
get_closest_player: SUCCESS, 31
update_player_stats: SUCCESS
get_all_players: SUCCESS
22
109
116
96
137
76
143
75
170
142
39
63
32
141
148
50
35
123
176
102
6
26
114
147
138
59
103
188
93
7
187
67
42
98
158
knockout_winner: INVALID_INPUT
knockout_winner: SUCCESS, 3
knockout_winner: INVALID_INPUT
knockout_winner: INVALID_INPUT
knockout_winner: INVALID_INPUT
get_top_scorer: SUCCESS, 133
add_player: FAILURE
knockout_winner: INVALID_INPUT
knockout_winner: SUCCESS, 15
knockout_winner: INVALID_INPUT
knockout_winner: INVALID_INPUT
knockout_winner: INVALID_INPUT
add_team: FAILURE
get_top_scorer: SUCCESS, 27
remove_team: FAILURE
add_team: FAILURE
get_all_players_count: SUCCESS, 5
get_team_points: SUCCESS, 22395
unite_teams: FAILURE
get_closest_player: SUCCESS, 27
get_team_points: SUCCESS, 22395
update_player_stats: SUCCESS
remove_team: FAILURE
get_num_played_games: SUCCESS, 2796
unite_teams: FAILURE
get_closest_player: SUCCESS, 175
get_top_scorer: SUCCESS, 66
get_closest_player: SUCCESS, 91
get_team_points: SUCCESS, 10655
play_match: FAILURE
get_top_scorer: SUCCESS, 197
remove_player: SUCCESS
knockout_winner: SUCCESS, 15
knockout_winner: SUCCESS, 12
knockout_winner: FAILURE
knockout_winner: FAILURE
knockout_winner: INVALID_INPUT
unite_teams: FAILURE
unite_teams: SUCCESS
get_all_players_count: SUCCESS, 24
get_closest_player: SUCCESS, 5
remove_player: SUCCESS
get_all_players_count: SUCCESS, 5
get_all_players: SUCCESS
99
33
64
139
get_num_played_games: SUCCESS, 262
get_top_scorer: SUCCESS, 139
remove_team: FAILURE
get_top_scorer: SUCCESS, 139
get_num_played_games: SUCCESS, 147
add_player: FAILURE
get_closest_player: SUCCESS, 189
get_closest_player: SUCCESS, 187
get_team_points: SUCCESS, 19877
get_all_players: SUCCESS
86
162
56
104
133
get_all_players: SUCCESS
119
184
18
173
154
unite_teams: FAILURE
remove_team: FAILURE
get_top_scorer: SUCCESS, 27
add_team: FAILURE
get_all_players_count: SUCCESS, 41
remove_player: SUCCESS
add_player: FAILURE
get_all_players: SUCCESS
117
189
3
164
25
69
167
179
36
161
195
79
61
118
82
91
175
15
190
62
126
153
2
remove_player: SUCCESS
get_num_played_games: SUCCESS, 11116
get_all_players_count: SUCCESS, 5
update_player_stats: SUCCESS
get_num_played_games: SUCCESS, 3901
remove_player: SUCCESS
get_team_points: SUCCESS, 8241
play_match: FAILURE
get_closest_player: SUCCESS, 61
remove_team: FAILURE
get_closest_player: SUCCESS, 59
update_player_stats: SUCCESS
get_all_players: SUCCESS
86
162
56
104
133
knockout_winner: SUCCESS, 3
knockout_winner: INVALID_INPUT
knockout_winner: INVALID_INPUT
knockout_winner: FAILURE
knockout_winner: INVALID_INPUT
get_team_points: SUCCESS, 2385
remove_player: SUCCESS
play_match: INVALID_INPUT
unite_teams: INVALID_INPUT
add_player: FAILURE
get_num_played_games: SUCCESS, 19822
update_player_stats: SUCCESS
get_closest_player: SUCCESS, 175
knockout_winner: INVALID_INPUT
knockout_winner: SUCCESS, 3
knockout_winner: INVALID_INPUT
knockout_winner: INVALID_INPUT
knockout_winner: INVALID_INPUT
get_top_scorer: SUCCESS, 158
get_num_played_games: SUCCESS, 13063
get_num_played_games: SUCCESS, 11360
knockout_winner: INVALID_INPUT
knockout_winner: INVALID_INPUT
knockout_winner: INVALID_INPUT
knockout_winner: INVALID_INPUT
knockout_winner: INVALID_INPUT
play_match: FAILURE
get_num_played_games: SUCCESS, 9513
play_match: FAILURE
get_all_players_count: SUCCESS, 4
remove_team: FAILURE
add_team: FAILURE
update_player_stats: SUCCESS
knockout_winner: FAILURE
knockout_winner: SUCCESS, 15
knockout_winner: SUCCESS, 15
knockout_winner: FAILURE
knockout_winner: INVALID_INPUT
get_all_players: SUCCESS
54
16
30
34
144
20
48
14
199
19
124
remove_team: FAILURE
get_team_points: SUCCESS, 7205
knockout_winner: INVALID_INPUT
knockout_winner: INVALID_INPUT
knockout_winner: INVALID_INPUT
knockout_winner: INVALID_INPUT
knockout_winner: INVALID_INPUT
get_all_players: SUCCESS
99
33
64
139
update_player_stats: SUCCESS
add_team: FAILURE
add_player: FAILURE
remove_team: FAILURE
get_closest_player: SUCCESS, 114
get_top_scorer: SUCCESS, 2
remove_team: FAILURE
remove_team: FAILURE
get_closest_player: SUCCESS, 27
get_closest_player: SUCCESS, 58
add_team: FAILURE
get_top_scorer: SUCCESS, 27
get_all_players: SUCCESS
86
162
56
104
133
remove_team: FAILURE
get_all_players_count: SUCCESS, 22
unite_teams: FAILURE
get_top_scorer: SUCCESS, 197
get_team_points: SUCCESS, 10655
remove_player: SUCCESS
update_player_stats: SUCCESS
update_player_stats: SUCCESS
get_top_scorer: SUCCESS, 133
get_team_points: SUCCESS, 20557
get_closest_player: SUCCESS, 149
get_num_played_games: SUCCESS, 2796
knockout_winner: FAILURE
knockout_winner: SUCCESS, 3
knockout_winner: FAILURE
knockout_winner: FAILURE
knockout_winner: INVALID_INPUT
get_all_players_count: SUCCESS, 14
add_player: FAILURE
get_num_played_games: SUCCESS, 5937
update_player_stats: SUCCESS
remove_team: FAILURE
remove_team: FAILURE
get_all_players_count: SUCCESS, 5
get_num_played_games: SUCCESS, 5849
add_team: FAILURE
add_player: FAILURE
unite_teams: SUCCESS
add_team: FAILURE
update_player_stats: SUCCESS
get_all_players: SUCCESS
17
99
33
64
83
139
remove_team: FAILURE
knockout_winner: INVALID_INPUT
knockout_winner: INVALID_INPUT
knockout_winner: INVALID_INPUT
knockout_winner: INVALID_INPUT
knockout_winner: INVALID_INPUT
get_top_scorer: SUCCESS, 154
add_player: FAILURE
add_team: FAILURE
get_all_players_count: SUCCESS, 5
remove_team: FAILURE
get_team_points: SUCCESS, 8241
get_all_players: SUCCESS
94
198
169
1
112
149
132
168
unite_teams: FAILURE
get_closest_player: SUCCESS, 22
get_all_players: SUCCESS
92
165
70
5
125
66
knockout_winner: INVALID_INPUT
knockout_winner: INVALID_INPUT
knockout_winner: INVALID_INPUT
knockout_winner: INVALID_INPUT
knockout_winner: INVALID_INPUT
get_num_played_games: SUCCESS, 10242
add_team: FAILURE
play_match: INVALID_INPUT
get_closest_player: SUCCESS, 126
get_all_players_count: SUCCESS, 40
play_match: FAILURE
add_team: FAILURE
get_all_players: SUCCESS
117
189
3
164
25
69
167
179
195
79
61
118
36
175
15
161
91
62
126
153
82
2
update_player_stats: SUCCESS
update_player_stats: SUCCESS
update_player_stats: SUCCESS
get_closest_player: SUCCESS, 178
get_all_players_count: SUCCESS, 40
get_num_played_games: SUCCESS, 6793
play_match: FAILURE
get_all_players_count: SUCCESS, 6
unite_teams: FAILURE
knockout_winner: SUCCESS, 1
knockout_winner: INVALID_INPUT
knockout_winner: INVALID_INPUT
knockout_winner: FAILURE
knockout_winner: INVALID_INPUT
remove_team: FAILURE
add_player: FAILURE
get_num_played_games: SUCCESS, 20267
get_all_players_count: SUCCESS, 6
get_all_players: SUCCESS
86
162
56
133
104
remove_team: FAILURE
knockout_winner: SUCCESS, 12
knockout_winner: SUCCESS, 12
knockout_winner: FAILURE
knockout_winner: FAILURE
knockout_winner: INVALID_INPUT
remove_team: FAILURE
remove_team: FAILURE
unite_teams: FAILURE
get_team_points: SUCCESS, 29852
remove_team: FAILURE
add_team: FAILURE
add_team: FAILURE
get_num_played_games: SUCCESS, 19631
get_team_points: SUCCESS, 4822
get_team_points: SUCCESS, 9598
unite_teams: FAILURE
get_team_points: SUCCESS, 18274
add_team: FAILURE
get_top_scorer: SUCCESS, 103
get_top_scorer: SUCCESS, 66
remove_player: SUCCESS
add_team: FAILURE
get_all_players_count: SUCCESS, 8
add_player: FAILURE
add_player: FAILURE
get_all_players_count: SUCCESS, 11
get_closest_player: SUCCESS, 48
get_num_played_games: SUCCESS, 10164
remove_player: SUCCESS
add_player: FAILURE
play_match: FAILURE
play_match: FAILURE
get_closest_player: SUCCESS, 168
update_player_stats: SUCCESS
remove_team: FAILURE
update_player_stats: SUCCESS
get_top_scorer: SUCCESS, 168
update_player_stats: SUCCESS
remove_team: FAILURE
remove_team: FAILURE
get_all_players: SUCCESS
92
165
70
5
125
66
knockout_winner: INVALID_INPUT
knockout_winner: SUCCESS, 3
knockout_winner: INVALID_INPUT
knockout_winner: INVALID_INPUT
knockout_winner: INVALID_INPUT
knockout_winner: SUCCESS, 3
knockout_winner: INVALID_INPUT
knockout_winner: INVALID_INPUT
knockout_winner: SUCCESS, 12
knockout_winner: FAILURE
update_player_stats: SUCCESS
get_team_points: SUCCESS, 967
knockout_winner: SUCCESS, 1
knockout_winner: INVALID_INPUT
knockout_winner: INVALID_INPUT
knockout_winner: FAILURE
knockout_winner: INVALID_INPUT
get_num_played_games: SUCCESS, 1023
add_player: FAILURE
get_top_scorer: SUCCESS, 104
get_num_played_games: SUCCESS, 12143
add_player: FAILURE
get_top_scorer: SUCCESS, 124
remove_team: FAILURE
knockout_winner: SUCCESS, 3
knockout_winner: INVALID_INPUT
knockout_winner: INVALID_INPUT
knockout_winner: SUCCESS, 12
knockout_winner: INVALID_INPUT
get_num_played_games: SUCCESS, 7872
knockout_winner: FAILURE
knockout_winner: SUCCESS, 3
knockout_winner: SUCCESS, 3
knockout_winner: FAILURE
knockout_winner: INVALID_INPUT
remove_player: SUCCESS
remove_player: SUCCESS
remove_player: SUCCESS
remove_player: SUCCESS
remove_player: SUCCESS
remove_player: SUCCESS
remove_player: SUCCESS
remove_player: SUCCESS
remove_player: SUCCESS
remove_player: SUCCESS
remove_player: SUCCESS
remove_player: SUCCESS
remove_player: SUCCESS
remove_player: SUCCESS
remove_player: SUCCESS
remove_player: SUCCESS
remove_player: SUCCESS
remove_player: SUCCESS
remove_player: SUCCESS
remove_player: SUCCESS
remove_player: SUCCESS
remove_player: SUCCESS
remove_player: SUCCESS
remove_player: SUCCESS
remove_player: SUCCESS
remove_player: SUCCESS
remove_player: SUCCESS
remove_player: SUCCESS
remove_player: SUCCESS
remove_player: SUCCESS
remove_player: SUCCESS
remove_player: SUCCESS
remove_player: SUCCESS
remove_player: SUCCESS
remove_player: SUCCESS
remove_player: SUCCESS
remove_player: SUCCESS
remove_player: SUCCESS
remove_player: SUCCESS
remove_player: SUCCESS
remove_player: SUCCESS
remove_player: SUCCESS
remove_player: SUCCESS
remove_player: SUCCESS
remove_player: SUCCESS
remove_player: SUCCESS
remove_player: SUCCESS
remove_player: SUCCESS
remove_player: SUCCESS
remove_player: SUCCESS
remove_player: SUCCESS
remove_player: SUCCESS
remove_player: SUCCESS
remove_player: SUCCESS
remove_player: SUCCESS
remove_player: SUCCESS
remove_player: SUCCESS
remove_player: SUCCESS
remove_player: SUCCESS
remove_player: SUCCESS
remove_player: SUCCESS
remove_player: SUCCESS
remove_player: SUCCESS
remove_player: SUCCESS
remove_player: SUCCESS
remove_player: SUCCESS
remove_player: SUCCESS
remove_player: SUCCESS
remove_player: SUCCESS
remove_player: SUCCESS
remove_player: SUCCESS
remove_player: SUCCESS
remove_player: SUCCESS
remove_player: SUCCESS
remove_player: SUCCESS
remove_player: SUCCESS
remove_player: SUCCESS
remove_player: SUCCESS
remove_player: SUCCESS
remove_player: SUCCESS
remove_player: SUCCESS
remove_player: SUCCESS
remove_player: SUCCESS
remove_player: SUCCESS
remove_player: SUCCESS
remove_player: SUCCESS
remove_player: SUCCESS
remove_player: SUCCESS
remove_player: SUCCESS
remove_player: SUCCESS
remove_player: SUCCESS
remove_player: SUCCESS
remove_player: SUCCESS
remove_player: SUCCESS
remove_player: SUCCESS
remove_player: SUCCESS
remove_player: SUCCESS
remove_player: SUCCESS
remove_player: SUCCESS
remove_player: SUCCESS
remove_player: SUCCESS
remove_player: SUCCESS
remove_player: SUCCESS
remove_player: SUCCESS
remove_player: SUCCESS
remove_player: SUCCESS
remove_player: SUCCESS
remove_player: SUCCESS
remove_player: SUCCESS
remove_player: SUCCESS
remove_player: SUCCESS
remove_player: SUCCESS
remove_player: SUCCESS
remove_player: SUCCESS
remove_player: SUCCESS
remove_player: SUCCESS
remove_player: SUCCESS
remove_player: SUCCESS
remove_player: SUCCESS
remove_player: SUCCESS
remove_player: SUCCESS
remove_player: SUCCESS
remove_player: SUCCESS
remove_player: SUCCESS
remove_team: SUCCESS
remove_team: SUCCESS
remove_team: SUCCESS
remove_team: SUCCESS
remove_team: SUCCESS
remove_team: SUCCESS
remove_team: SUCCESS
remove_team: SUCCESS
remove_team: SUCCESS
remove_team: SUCCESS
remove_team: SUCCESS
