add_team: SUCCESS
add_team: SUCCESS
add_team: SUCCESS
add_team: SUCCESS
add_team: SUCCESS
add_team: SUCCESS
add_team: SUCCESS
add_team: SUCCESS
add_team: SUCCESS
add_team: SUCCESS
add_team: SUCCESS
add_team: SUCCESS
add_team: SUCCESS
add_team: SUCCESS
add_team: SUCCESS
add_team: SUCCESS
add_team: SUCCESS
add_team: SUCCESS
add_team: SUCCESS
add_team: SUCCESS
add_player: SUCCESS
add_player: SUCCESS
add_player: SUCCESS
add_player: SUCCESS
add_player: SUCCESS
add_player: SUCCESS
add_player: SUCCESS
add_player: SUCCESS
add_player: SUCCESS
add_player: SUCCESS
add_player: SUCCESS
add_player: SUCCESS
add_player: SUCCESS
add_player: SUCCESS
add_player: SUCCESS
add_player: SUCCESS
add_player: SUCCESS
add_player: SUCCESS
add_player: SUCCESS
add_player: SUCCESS
add_player: SUCCESS
add_player: SUCCESS
add_player: SUCCESS
add_player: SUCCESS
add_player: SUCCESS
add_player: SUCCESS
add_player: SUCCESS
add_player: SUCCESS
add_player: SUCCESS
add_player: SUCCESS
add_player: SUCCESS
add_player: SUCCESS
add_player: SUCCESS
add_player: SUCCESS
add_player: SUCCESS
add_player: SUCCESS
add_player: SUCCESS
add_player: SUCCESS
add_player: SUCCESS
add_player: SUCCESS
add_player: SUCCESS
add_player: SUCCESS
add_player: SUCCESS
add_player: SUCCESS
add_player: SUCCESS
add_player: SUCCESS
add_player: SUCCESS
add_player: SUCCESS
add_player: SUCCESS
add_player: SUCCESS
add_player: SUCCESS
add_player: SUCCESS
add_player: SUCCESS
add_player: SUCCESS
add_player: SUCCESS
add_player: SUCCESS
add_player: SUCCESS
add_player: SUCCESS
add_player: SUCCESS
add_player: SUCCESS
add_player: SUCCESS
add_player: SUCCESS
add_player: SUCCESS
add_player: SUCCESS
add_player: SUCCESS
add_player: SUCCESS
add_player: SUCCESS
add_player: SUCCESS
add_player: SUCCESS
add_player: SUCCESS
add_player: SUCCESS
add_player: SUCCESS
add_player: SUCCESS
add_player: SUCCESS
add_player: SUCCESS
add_player: SUCCESS
add_player: SUCCESS
add_player: SUCCESS
add_player: SUCCESS
add_player: SUCCESS
add_player: SUCCESS
add_player: SUCCESS
add_player: SUCCESS
add_player: SUCCESS
add_player: SUCCESS
add_player: SUCCESS
add_player: SUCCESS
add_player: SUCCESS
add_player: SUCCESS
add_player: SUCCESS
add_player: SUCCESS
add_player: SUCCESS
add_player: SUCCESS
add_player: SUCCESS
add_player: SUCCESS
add_player: SUCCESS
add_player: SUCCESS
add_player: SUCCESS
add_player: SUCCESS
add_player: SUCCESS
add_player: SUCCESS
add_player: SUCCESS
add_player: SUCCESS
add_player: SUCCESS
add_player: SUCCESS
add_player: SUCCESS
add_player: SUCCESS
add_player: SUCCESS
add_player: SUCCESS
add_player: SUCCESS
add_player: SUCCESS
add_player: SUCCESS
add_player: SUCCESS
add_player: SUCCESS
add_player: SUCCESS
add_player: SUCCESS
add_player: SUCCESS
add_player: SUCCESS
add_player: SUCCESS
add_player: SUCCESS
add_player: SUCCESS
add_player: SUCCESS
add_player: SUCCESS
add_player: SUCCESS
add_player: SUCCESS
add_player: SUCCESS
add_player: SUCCESS
add_player: SUCCESS
add_player: SUCCESS
add_player: SUCCESS
add_player: SUCCESS
add_player: SUCCESS
add_player: SUCCESS
add_player: SUCCESS
add_player: SUCCESS
add_player: SUCCESS
add_player: SUCCESS
add_player: SUCCESS
add_player: SUCCESS
add_player: SUCCESS
add_player: SUCCESS
add_player: SUCCESS
add_player: SUCCESS
add_player: SUCCESS
add_player: SUCCESS
add_player: SUCCESS
add_player: SUCCESS
add_player: SUCCESS
add_player: SUCCESS
add_player: SUCCESS
add_player: SUCCESS
add_player: SUCCESS
add_player: SUCCESS
add_player: SUCCESS
add_player: SUCCESS
add_player: SUCCESS
add_player: SUCCESS
add_player: SUCCESS
add_player: SUCCESS
add_player: SUCCESS
add_player: SUCCESS
add_player: SUCCESS
add_player: SUCCESS
add_player: SUCCESS
add_player: SUCCESS
add_player: SUCCESS
add_player: SUCCESS
add_player: SUCCESS
add_player: SUCCESS
add_player: SUCCESS
add_player: SUCCESS
add_player: SUCCESS
add_player: SUCCESS
add_player: SUCCESS
add_player: SUCCESS
add_player: SUCCESS
add_player: SUCCESS
add_player: SUCCESS
add_player: SUCCESS
add_player: SUCCESS
add_player: SUCCESS
add_player: SUCCESS
add_player: SUCCESS
add_player: SUCCESS
add_player: SUCCESS
add_player: SUCCESS
add_player: SUCCESS
add_player: SUCCESS
add_player: SUCCESS
add_player: SUCCESS
add_player: SUCCESS
add_player: SUCCESS
add_player: SUCCESS
add_player: SUCCESS
add_player: SUCCESS
add_player: SUCCESS
add_player: SUCCESS
add_player: SUCCESS
add_player: SUCCESS
add_player: SUCCESS
get_all_players_count: SUCCESS, 13
knockout_winner: SUCCESS, 3
knockout_winner: INVALID_INPUT
knockout_winner: INVALID_INPUT
knockout_winner: SUCCESS, 8
knockout_winner: INVALID_INPUT
remove_player: SUCCESS
get_num_played_games: SUCCESS, 9787
remove_team: FAILURE
remove_team: FAILURE
get_all_players_count: SUCCESS, 5
get_closest_player: SUCCESS, 160
update_player_stats: SUCCESS
get_all_players: SUCCESS
45
38
195
22
155
46
124
166
unite_teams: FAILURE
get_all_players_count: SUCCESS, 10
add_player: FAILURE
get_top_scorer: SUCCESS, 142
remove_player: SUCCESS
remove_team: FAILURE
remove_team: FAILURE
play_match: SUCCESS
add_team: FAILURE
get_all_players_count: SUCCESS, 8
get_num_played_games: SUCCESS, 2966
add_team: FAILURE
remove_team: FAILURE
get_closest_player: SUCCESS, 85
get_all_players: SUCCESS
34
59
26
29
48
85
111
178
4
get_team_points: SUCCESS, 11576
remove_player: SUCCESS
get_num_played_games: SUCCESS, 10095
get_all_players_count: SUCCESS, 12
get_num_played_games: SUCCESS, 3503
remove_team: FAILURE
remove_player: SUCCESS
get_all_players_count: SUCCESS, 8
remove_team: FAILURE
get_closest_player: SUCCESS, 42
add_player: FAILURE
get_team_points: SUCCESS, 7407
get_num_played_games: SUCCESS, 5157
play_match: FAILURE
get_team_points: SUCCESS, 4344
update_player_stats: SUCCESS
remove_team: FAILURE
update_player_stats: SUCCESS
add_team: FAILURE
add_team: FAILURE
get_num_played_games: SUCCESS, 11175
knockout_winner: SUCCESS, 15
knockout_winner: SUCCESS, 15
knockout_winner: SUCCESS, 11
knockout_winner: SUCCESS, 15
knockout_winner: SUCCESS, 12
get_all_players_count: SUCCESS, 12
get_all_players: SUCCESS
81
61
41
147
35
180
30
173
137
12
unite_teams: FAILURE
remove_player: SUCCESS
get_closest_player: SUCCESS, 109
get_team_points: SUCCESS, 1880
remove_player: SUCCESS
play_match: FAILURE
get_num_played_games: SUCCESS, 9386
play_match: FAILURE
add_team: FAILURE
get_closest_player: SUCCESS, 19
remove_player: SUCCESS
get_all_players_count: SUCCESS, 8
get_num_played_games: SUCCESS, 1670
get_all_players_count: SUCCESS, 19
update_player_stats: SUCCESS
get_all_players_count: SUCCESS, 13
get_num_played_games: SUCCESS, 8966
get_num_played_games: SUCCESS, 10671
update_player_stats: SUCCESS
get_num_played_games: SUCCESS, 4762
get_team_points: SUCCESS, 2662
get_top_scorer: SUCCESS, 101
get_all_players_count: SUCCESS, 9
get_closest_player: SUCCESS, 133
get_all_players: SUCCESS
34
59
26
29
48
85
111
178
4
get_all_players_count: SUCCESS, 9
remove_team: FAILURE
update_player_stats: SUCCESS
get_team_points: SUCCESS, 6944
unite_teams: FAILURE
get_top_scorer: SUCCESS, 142
get_all_players: SUCCESS
81
61
41
147
35
180
173
137
12
add_team: FAILURE
unite_teams: FAILURE
remove_team: FAILURE
get_closest_player: SUCCESS, 111
remove_team: FAILURE
add_team: FAILURE
get_num_played_games: SUCCESS, 6681
get_top_scorer: SUCCESS, 55
unite_teams: FAILURE
get_all_players: SUCCESS
162
133
131
167
58
update_player_stats: SUCCESS
update_player_stats: SUCCESS
update_player_stats: SUCCESS
remove_team: FAILURE
get_all_players: SUCCESS
172
53
130
154
171
57
117
191
176
14
40
get_closest_player: SUCCESS, 120
get_top_scorer: SUCCESS, 47
get_all_players_count: SUCCESS, 19
get_all_players: SUCCESS
34
59
26
29
48
85
111
178
4
update_player_stats: SUCCESS
get_all_players_count: SUCCESS, 5
get_closest_player: SUCCESS, 39
update_player_stats: SUCCESS
get_all_players: SUCCESS
96
140
200
109
60
19
21
168
71
31
92
3
179
103
184
189
199
80
55
get_closest_player: SUCCESS, 60
unite_teams: INVALID_INPUT
unite_teams: FAILURE
get_all_players_count: SUCCESS, 15
get_top_scorer: SUCCESS, 4
play_match: FAILURE
get_team_points: SUCCESS, 10210
knockout_winner: FAILURE
knockout_winner: INVALID_INPUT
knockout_winner: INVALID_INPUT
knockout_winner: SUCCESS, 6
knockout_winner: INVALID_INPUT
remove_player: SUCCESS
update_player_stats: SUCCESS
knockout_winner: SUCCESS, 6
knockout_winner: SUCCESS, 11
knockout_winner: SUCCESS, 3
knockout_winner: SUCCESS, 11
knockout_winner: INVALID_INPUT
get_closest_player: SUCCESS, 63
get_all_players: SUCCESS
148
93
97
32
37
164
9
142
get_all_players: SUCCESS
79
146
121
186
50
194
84
72
13
66
125
197
remove_player: SUCCESS
get_closest_player: SUCCESS, 50
update_player_stats: SUCCESS
get_all_players_count: SUCCESS, 5
get_top_scorer: SUCCESS, 65
get_num_played_games: SUCCESS, 12182
get_top_scorer: SUCCESS, 153
remove_player: SUCCESS
add_team: FAILURE
get_all_players: SUCCESS
150
165
177
138
128
114
110
62
149
127
83
169
49
190
36
unite_teams: FAILURE
unite_teams: FAILURE
get_closest_player: SUCCESS, 131
remove_player: SUCCESS
get_top_scorer: SUCCESS, 40
update_player_stats: SUCCESS
add_player: FAILURE
unite_teams: FAILURE
play_match: SUCCESS
remove_team: FAILURE
update_player_stats: SUCCESS
get_closest_player: SUCCESS, 140
knockout_winner: SUCCESS, 11
knockout_winner: SUCCESS, 15
knockout_winner: SUCCESS, 6
knockout_winner: SUCCESS, 15
knockout_winner: INVALID_INPUT
get_all_players: SUCCESS
93
97
32
37
164
148
9
142
get_top_scorer: SUCCESS, 55
add_player: FAILURE
get_num_played_games: SUCCESS, 11396
get_team_points: SUCCESS, 4350
knockout_winner: SUCCESS, 6
knockout_winner: INVALID_INPUT
knockout_winner: INVALID_INPUT
knockout_winner: SUCCESS, 11
knockout_winner: INVALID_INPUT
knockout_winner: SUCCESS, 15
knockout_winner: SUCCESS, 15
knockout_winner: SUCCESS, 15
knockout_winner: SUCCESS, 19
knockout_winner: INVALID_INPUT
play_match: FAILURE
get_team_points: SUCCESS, 10210
knockout_winner: SUCCESS, 15
knockout_winner: SUCCESS, 15
knockout_winner: SUCCESS, 11
knockout_winner: SUCCESS, 15
knockout_winner: SUCCESS, 11
unite_teams: FAILURE
get_closest_player: SUCCESS, 33
knockout_winner: SUCCESS, 20
knockout_winner: SUCCESS, 15
knockout_winner: SUCCESS, 15
knockout_winner: FAILURE
knockout_winner: INVALID_INPUT
update_player_stats: SUCCESS
get_top_scorer: SUCCESS, 12
remove_player: SUCCESS
knockout_winner: SUCCESS, 15
knockout_winner: SUCCESS, 15
knockout_winner: SUCCESS, 11
knockout_winner: SUCCESS, 19
knockout_winner: INVALID_INPUT
add_team: FAILURE
remove_team: FAILURE
unite_teams: FAILURE
remove_player: SUCCESS
add_team: FAILURE
update_player_stats: SUCCESS
get_all_players: SUCCESS
78
156
157
27
123
90
88
1
82
play_match: FAILURE
remove_team: FAILURE
get_closest_player: SUCCESS, 107
get_team_points: SUCCESS, 1901
unite_teams: FAILURE
unite_teams: FAILURE
add_team: FAILURE
knockout_winner: SUCCESS, 15
knockout_winner: INVALID_INPUT
knockout_winner: INVALID_INPUT
knockout_winner: SUCCESS, 15
knockout_winner: SUCCESS, 11
unite_teams: SUCCESS
play_match: SUCCESS
unite_teams: FAILURE
unite_teams: FAILURE
get_closest_player: SUCCESS, 72
unite_teams: FAILURE
get_top_scorer: SUCCESS, 153
get_all_players: SUCCESS
7
42
158
87
106
52
132
159
163
74
144
67
135
89
11
91
39
153
add_team: FAILURE
get_num_played_games: SUCCESS, 1176
add_player: FAILURE
update_player_stats: SUCCESS
get_team_points: SUCCESS, 14500
get_all_players: SUCCESS
76
185
116
2
47
get_top_scorer: SUCCESS, 197
remove_team: FAILURE
get_all_players: SUCCESS
79
146
121
186
50
194
84
72
13
66
125
197
play_match: FAILURE
get_team_points: SUCCESS, 1767
remove_team: FAILURE
get_num_played_games: SUCCESS, 12301
get_all_players_count: SUCCESS, 12
add_team: FAILURE
knockout_winner: INVALID_INPUT
knockout_winner: INVALID_INPUT
knockout_winner: INVALID_INPUT
knockout_winner: INVALID_INPUT
knockout_winner: INVALID_INPUT
get_closest_player: SUCCESS, 19
add_player: FAILURE
remove_player: SUCCESS
get_num_played_games: SUCCESS, 4352
get_closest_player: SUCCESS, 168
update_player_stats: SUCCESS
get_team_points: SUCCESS, 699
get_all_players: SUCCESS
112
17
54
170
101
get_closest_player: SUCCESS, 158
update_player_stats: SUCCESS
get_top_scorer: SUCCESS, 10
unite_teams: FAILURE
get_closest_player: SUCCESS, 124
add_player: FAILURE
get_num_played_games: SUCCESS, 7821
get_all_players: SUCCESS
160
68
6
63
115
192
33
105
73
198
25
119
104
unite_teams: FAILURE
get_top_scorer: SUCCESS, 47
get_all_players_count: SUCCESS, 5
get_all_players: SUCCESS
112
17
54
170
101
knockout_winner: INVALID_INPUT
knockout_winner: FAILURE
knockout_winner: INVALID_INPUT
knockout_winner: INVALID_INPUT
knockout_winner: INVALID_INPUT
knockout_winner: SUCCESS, 15
knockout_winner: SUCCESS, 15
knockout_winner: FAILURE
knockout_winner: SUCCESS, 19
knockout_winner: INVALID_INPUT
unite_teams: FAILURE
play_match: INVALID_INPUT
update_player_stats: SUCCESS
unite_teams: FAILURE
get_closest_player: SUCCESS, 152
get_all_players_count: SUCCESS, 13
add_team: FAILURE
unite_teams: FAILURE
get_all_players: SUCCESS
86
182
108
161
145
141
play_match: FAILURE
add_player: FAILURE
get_top_scorer: SUCCESS, 196
knockout_winner: SUCCESS, 15
knockout_winner: SUCCESS, 15
knockout_winner: SUCCESS, 15
knockout_winner: FAILURE
knockout_winner: INVALID_INPUT
get_all_players_count: SUCCESS, 18
play_match: FAILURE
get_closest_player: SUCCESS, 168
add_team: FAILURE
play_match: FAILURE
get_team_points: SUCCESS, 5400
knockout_winner: SUCCESS, 11
knockout_winner: SUCCESS, 15
knockout_winner: SUCCESS, 6
knockout_winner: SUCCESS, 15
knockout_winner: INVALID_INPUT
add_player: FAILURE
update_player_stats: SUCCESS
play_match: SUCCESS
remove_player: SUCCESS
add_team: FAILURE
add_team: FAILURE
get_closest_player: SUCCESS, 140
remove_team: FAILURE
get_closest_player: SUCCESS, 59
get_num_played_games: SUCCESS, 5747
knockout_winner: SUCCESS, 15
knockout_winner: SUCCESS, 15
knockout_winner: SUCCESS, 11
knockout_winner: SUCCESS, 19
knockout_winner: INVALID_INPUT
unite_teams: FAILURE
knockout_winner: INVALID_INPUT
knockout_winner: INVALID_INPUT
knockout_winner: INVALID_INPUT
knockout_winner: INVALID_INPUT
knockout_winner: INVALID_INPUT
add_player: FAILURE
get_num_played_games: SUCCESS, 2289
get_team_points: SUCCESS, 8140
get_all_players_count: SUCCESS, 19
remove_team: FAILURE
get_num_played_games: SUCCESS, 2370
get_team_points: SUCCESS, 7407
add_player: FAILURE
get_all_players_count: SUCCESS, 8
remove_player: SUCCESS
add_team: FAILURE
get_num_played_games: SUCCESS, 7806
update_player_stats: SUCCESS
remove_player: SUCCESS
get_closest_player: SUCCESS, 75
get_all_players: SUCCESS
96
140
200
109
60
19
21
168
71
31
92
3
179
103
184
189
199
80
55
get_num_played_games: SUCCESS, 9466
add_team: FAILURE
add_team: FAILURE
update_player_stats: SUCCESS
get_team_points: SUCCESS, 11938
update_player_stats: SUCCESS
remove_player: SUCCESS
get_all_players: SUCCESS
93
97
32
164
148
9
142
37
get_team_points: SUCCESS, 699
unite_teams: FAILURE
remove_player: SUCCESS
play_match: FAILURE
remove_team: FAILURE
unite_teams: FAILURE
add_player: FAILURE
add_team: FAILURE
unite_teams: FAILURE
get_all_players: SUCCESS
86
182
108
161
145
141
knockout_winner: SUCCESS, 12
knockout_winner: SUCCESS, 15
knockout_winner: FAILURE
knockout_winner: FAILURE
knockout_winner: INVALID_INPUT
get_team_points: SUCCESS, 1025
add_team: FAILURE
get_top_scorer: SUCCESS, 178
get_team_points: SUCCESS, 1773
get_top_scorer: SUCCESS, 166
get_num_played_games: SUCCESS, 2911
unite_teams: SUCCESS
add_team: FAILURE
add_team: FAILURE
remove_player: SUCCESS
unite_teams: FAILURE
get_num_played_games: SUCCESS, 4762
get_closest_player: SUCCESS, 71
get_team_points: SUCCESS, 12032
add_team: FAILURE
add_team: FAILURE
remove_player: SUCCESS
update_player_stats: SUCCESS
play_match: FAILURE
add_player: FAILURE
get_all_players_count: SUCCESS, 6
get_num_played_games: SUCCESS, 6619
play_match: FAILURE
play_match: FAILURE
get_all_players_count: SUCCESS, 8
unite_teams: FAILURE
get_top_scorer: SUCCESS, 80
get_all_players: SUCCESS
8
44
70
118
24
43
99
51
136
5
20
10
get_top_scorer: SUCCESS, 196
knockout_winner: SUCCESS, 19
knockout_winner: SUCCESS, 11
knockout_winner: SUCCESS, 11
knockout_winner: FAILURE
knockout_winner: INVALID_INPUT
get_all_players: SUCCESS
129
94
95
120
98
28
151
188
187
196
get_top_scorer: SUCCESS, 11
get_num_played_games: SUCCESS, 9497
get_team_points: SUCCESS, 11576
unite_teams: SUCCESS
unite_teams: SUCCESS
get_num_played_games: SUCCESS, 9482
get_top_scorer: SUCCESS, 36
get_all_players_count: SUCCESS, 28
play_match: FAILURE
get_all_players_count: SUCCESS, 5
add_team: FAILURE
add_team: FAILURE
add_player: FAILURE
update_player_stats: SUCCESS
add_team: FAILURE
get_all_players_count: SUCCESS, 10
add_player: FAILURE
get_team_points: SUCCESS, 6944
knockout_winner: INVALID_INPUT
knockout_winner: INVALID_INPUT
knockout_winner: INVALID_INPUT
knockout_winner: INVALID_INPUT
knockout_winner: INVALID_INPUT
get_closest_player: SUCCESS, 148
get_top_scorer: SUCCESS, 101
update_player_stats: SUCCESS
update_player_stats: SUCCESS
get_all_players_count: SUCCESS, 18
unite_teams: FAILURE
get_num_played_games: SUCCESS, 2970
get_all_players_count: SUCCESS, 14
unite_teams: SUCCESS
get_num_played_games: SUCCESS, 6305
get_closest_player: SUCCESS, 109
remove_team: FAILURE
get_num_played_games: SUCCESS, 9452
update_player_stats: SUCCESS
get_all_players: SUCCESS
96
140
200
109
60
19
21
168
71
31
3
179
103
184
189
199
80
get_top_scorer: SUCCESS, 10
get_all_players: SUCCESS
162
133
131
167
58
get_all_players_count: SUCCESS, 5
get_team_points: SUCCESS, 11576
get_num_played_games: SUCCESS, 5529
remove_player: SUCCESS
get_all_players: SUCCESS
61
81
147
180
173
137
12
add_player: FAILURE
get_top_scorer: SUCCESS, 36
add_team: FAILURE
get_num_played_games: SUCCESS, 7806
play_match: INVALID_INPUT
get_all_players_count: SUCCESS, 18
remove_player: SUCCESS
get_top_scorer: SUCCESS, 82
add_player: FAILURE
remove_team: FAILURE
unite_teams: FAILURE
get_all_players_count: SUCCESS, 8
remove_team: FAILURE
add_team: FAILURE
knockout_winner: SUCCESS, 15
knockout_winner: SUCCESS, 15
knockout_winner: FAILURE
knockout_winner: FAILURE
knockout_winner: INVALID_INPUT
play_match: FAILURE
get_all_players: SUCCESS
61
81
147
180
173
137
12
add_team: FAILURE
get_team_points: SUCCESS, 25077
add_team: FAILURE
get_closest_player: SUCCESS, 80
get_closest_player: SUCCESS, 188
unite_teams: FAILURE
remove_team: FAILURE
knockout_winner: INVALID_INPUT
knockout_winner: INVALID_INPUT
knockout_winner: INVALID_INPUT
knockout_winner: INVALID_INPUT
knockout_winner: INVALID_INPUT
get_top_scorer: SUCCESS, 196
remove_team: FAILURE
play_match: INVALID_INPUT
update_player_stats: SUCCESS
knockout_winner: FAILURE
knockout_winner: SUCCESS, 15
knockout_winner: SUCCESS, 12
knockout_winner: FAILURE
knockout_winner: INVALID_INPUT
update_player_stats: SUCCESS
get_num_played_games: SUCCESS, 4310
get_closest_player: SUCCESS, 97
knockout_winner: SUCCESS, 15
knockout_winner: SUCCESS, 15
knockout_winner: SUCCESS, 12
knockout_winner: FAILURE
knockout_winner: INVALID_INPUT
get_all_players: SUCCESS
156
157
123
90
88
1
27
82
update_player_stats: SUCCESS
update_player_stats: SUCCESS
get_team_points: SUCCESS, 7407
get_closest_player: SUCCESS, 104
get_closest_player: SUCCESS, 149
get_team_points: SUCCESS, 11938
update_player_stats: SUCCESS
get_closest_player: SUCCESS, 60
add_team: FAILURE
get_top_scorer: SUCCESS, 11
remove_team: FAILURE
remove_team: FAILURE
get_top_scorer: SUCCESS, 36
play_match: FAILURE
add_team: FAILURE
knockout_winner: SUCCESS, 15
knockout_winner: SUCCESS, 15
knockout_winner: SUCCESS, 6
knockout_winner: SUCCESS, 15
knockout_winner: FAILURE
get_num_played_games: SUCCESS, 20418
add_player: FAILURE
get_team_points: SUCCESS, 6944
get_team_points: SUCCESS, 1910
update_player_stats: SUCCESS
update_player_stats: SUCCESS
update_player_stats: SUCCESS
update_player_stats: SUCCESS
add_team: FAILURE
play_match: FAILURE
update_player_stats: SUCCESS
get_top_scorer: SUCCESS, 11
get_all_players_count: SUCCESS, 7
add_team: FAILURE
update_player_stats: SUCCESS
get_closest_player: SUCCESS, 90
update_player_stats: SUCCESS
add_player: FAILURE
add_team: FAILURE
get_team_points: SUCCESS, 7407
get_closest_player: SUCCESS, 27
unite_teams: FAILURE
update_player_stats: SUCCESS
get_closest_player: SUCCESS, 42
add_team: FAILURE
get_closest_player: SUCCESS, 132
get_top_scorer: SUCCESS, 65
remove_team: FAILURE
get_num_played_games: SUCCESS, 20537
get_closest_player: SUCCESS, 34
get_team_points: SUCCESS, 2662
get_closest_player: SUCCESS, 188
add_team: FAILURE
remove_player: SUCCESS
unite_teams: FAILURE
knockout_winner: INVALID_INPUT
knockout_winner: INVALID_INPUT
knockout_winner: INVALID_INPUT
knockout_winner: INVALID_INPUT
knockout_winner: INVALID_INPUT
get_team_points: SUCCESS, 1785
remove_team: FAILURE
get_team_points: SUCCESS, 5396
get_num_played_games: SUCCESS, 1809
get_all_players: SUCCESS
96
140
200
60
19
21
168
71
31
3
179
103
184
189
199
80
get_team_points: SUCCESS, 8140
update_player_stats: SUCCESS
knockout_winner: SUCCESS, 6
knockout_winner: SUCCESS, 15
knockout_winner: SUCCESS, 2
knockout_winner: SUCCESS, 15
knockout_winner: INVALID_INPUT
get_top_scorer: SUCCESS, 124
update_player_stats: SUCCESS
play_match: FAILURE
get_team_points: SUCCESS, 1910
play_match: FAILURE
unite_teams: FAILURE
update_player_stats: SUCCESS
remove_team: FAILURE
get_all_players_count: SUCCESS, 10
update_player_stats: SUCCESS
get_top_scorer: SUCCESS, 104
get_team_points: SUCCESS, 5259
play_match: FAILURE
knockout_winner: SUCCESS, 15
knockout_winner: SUCCESS, 15
knockout_winner: SUCCESS, 12
knockout_winner: FAILURE
knockout_winner: INVALID_INPUT
get_num_played_games: SUCCESS, 19269
add_player: FAILURE
remove_player: SUCCESS
update_player_stats: SUCCESS
add_player: FAILURE
get_all_players: SUCCESS
112
7
158
87
17
106
52
132
159
42
54
144
67
135
170
89
91
39
101
153
163
11
knockout_winner: SUCCESS, 12
knockout_winner: SUCCESS, 15
knockout_winner: SUCCESS, 6
knockout_winner: SUCCESS, 15
knockout_winner: INVALID_INPUT
add_player: FAILURE
add_player: FAILURE
get_top_scorer: SUCCESS, 196
knockout_winner: INVALID_INPUT
knockout_winner: INVALID_INPUT
knockout_winner: INVALID_INPUT
knockout_winner: INVALID_INPUT
knockout_winner: INVALID_INPUT
get_all_players: SUCCESS
162
133
131
167
58
knockout_winner: SUCCESS, 15
knockout_winner: SUCCESS, 15
knockout_winner: SUCCESS, 6
knockout_winner: SUCCESS, 15
knockout_winner: INVALID_INPUT
get_closest_player: SUCCESS, 7
remove_player: SUCCESS
knockout_winner: SUCCESS, 6
knockout_winner: SUCCESS, 15
knockout_winner: SUCCESS, 6
knockout_winner: SUCCESS, 15
knockout_winner: INVALID_INPUT
update_player_stats: SUCCESS
get_all_players: SUCCESS
162
133
131
167
58
add_player: FAILURE
get_top_scorer: SUCCESS, 196
get_closest_player: SUCCESS, 166
remove_team: FAILURE
get_all_players: SUCCESS
150
165
177
128
114
110
138
62
149
169
49
127
190
36
get_all_players_count: SUCCESS, 17
unite_teams: FAILURE
get_team_points: SUCCESS, 11938
remove_player: SUCCESS
get_all_players: SUCCESS
162
133
131
167
58
get_all_players: SUCCESS
129
94
95
120
98
28
151
188
187
196
remove_player: SUCCESS
remove_team: FAILURE
unite_teams: FAILURE
play_match: FAILURE
knockout_winner: FAILURE
knockout_winner: SUCCESS, 15
knockout_winner: SUCCESS, 15
knockout_winner: FAILURE
knockout_winner: INVALID_INPUT
get_all_players_count: SUCCESS, 10
knockout_winner: FAILURE
knockout_winner: SUCCESS, 15
knockout_winner: FAILURE
knockout_winner: FAILURE
knockout_winner: INVALID_INPUT
get_all_players: SUCCESS
93
97
32
164
148
9
142
37
get_all_players_count: SUCCESS, 8
get_num_played_games: SUCCESS, 14883
get_num_played_games: SUCCESS, 4700
remove_team: FAILURE
knockout_winner: SUCCESS, 6
knockout_winner: SUCCESS, 6
knockout_winner: FAILURE
knockout_winner: FAILURE
knockout_winner: INVALID_INPUT
get_top_scorer: SUCCESS, 72
knockout_winner: FAILURE
knockout_winner: SUCCESS, 15
knockout_winner: SUCCESS, 15
knockout_winner: FAILURE
knockout_winner: INVALID_INPUT
get_top_scorer: SUCCESS, 196
unite_teams: SUCCESS
remove_player: SUCCESS
play_match: FAILURE
get_team_points: SUCCESS, 1910
unite_teams: FAILURE
get_closest_player: SUCCESS, 66
add_player: FAILURE
remove_team: FAILURE
add_player: FAILURE
remove_player: SUCCESS
remove_team: FAILURE
add_team: FAILURE
update_player_stats: SUCCESS
unite_teams: FAILURE
remove_player: SUCCESS
get_all_players: SUCCESS
61
81
180
173
137
12
147
get_closest_player: SUCCESS, 85
get_num_played_games: SUCCESS, 9647
add_player: FAILURE
unite_teams: SUCCESS
add_player: FAILURE
get_team_points: SUCCESS, 4321
get_closest_player: SUCCESS, 43
play_match: SUCCESS
add_player: FAILURE
add_team: FAILURE
remove_team: FAILURE
remove_player: SUCCESS
update_player_stats: SUCCESS
get_closest_player: SUCCESS, 28
unite_teams: FAILURE
update_player_stats: SUCCESS
add_player: FAILURE
get_team_points: SUCCESS, 1910
remove_team: FAILURE
add_player: FAILURE
get_all_players_count: SUCCESS, 24
get_team_points: SUCCESS, 3216
get_closest_player: SUCCESS, 120
get_all_players_count: SUCCESS, 16
knockout_winner: FAILURE
knockout_winner: SUCCESS, 15
knockout_winner: FAILURE
knockout_winner: FAILURE
knockout_winner: INVALID_INPUT
remove_team: FAILURE
get_closest_player: SUCCESS, 84
add_player: FAILURE
get_closest_player: SUCCESS, 58
play_match: FAILURE
get_team_points: SUCCESS, 11938
remove_team: FAILURE
knockout_winner: INVALID_INPUT
knockout_winner: FAILURE
knockout_winner: INVALID_INPUT
knockout_winner: INVALID_INPUT
knockout_winner: INVALID_INPUT
get_team_points: SUCCESS, 5259
play_match: INVALID_INPUT
get_all_players_count: SUCCESS, 8
remove_player: SUCCESS
get_all_players: SUCCESS
8
86
182
44
70
108
161
24
43
99
51
136
145
20
141
10
get_team_points: SUCCESS, 29876
get_team_points: SUCCESS, 7407
knockout_winner: SUCCESS, 6
knockout_winner: SUCCESS, 6
knockout_winner: FAILURE
knockout_winner: FAILURE
knockout_winner: INVALID_INPUT
get_team_points: SUCCESS, 2662
get_team_points: SUCCESS, 5420
knockout_winner: SUCCESS, 15
knockout_winner: SUCCESS, 15
knockout_winner: SUCCESS, 6
knockout_winner: SUCCESS, 15
knockout_winner: INVALID_INPUT
get_team_points: SUCCESS, 11938
get_team_points: SUCCESS, 5423
get_all_players_count: SUCCESS, 7
play_match: FAILURE
add_player: FAILURE
get_team_points: SUCCESS, 1910
get_num_played_games: SUCCESS, 12975
get_all_players: SUCCESS
160
68
76
6
63
126
115
116
33
102
73
100
198
113
77
16
192
47
119
107
193
75
104
unite_teams: FAILURE
add_team: FAILURE
get_top_scorer: SUCCESS, 104
add_team: FAILURE
get_closest_player: SUCCESS, 189
unite_teams: FAILURE
get_closest_player: SUCCESS, 176
unite_teams: SUCCESS
knockout_winner: SUCCESS, 14
knockout_winner: SUCCESS, 15
knockout_winner: FAILURE
knockout_winner: FAILURE
knockout_winner: INVALID_INPUT
get_closest_player: SUCCESS, 130
get_top_scorer: SUCCESS, 85
play_match: FAILURE
add_team: FAILURE
get_top_scorer: SUCCESS, 103
get_all_players: SUCCESS
175
152
183
69
65
add_team: FAILURE
get_team_points: SUCCESS, 699
get_all_players_count: SUCCESS, 8
add_team: FAILURE
get_closest_player: SUCCESS, 51
get_all_players: SUCCESS
96
140
200
19
21
168
71
31
60
3
179
184
189
199
80
103
remove_player: SUCCESS
update_player_stats: SUCCESS
get_top_scorer: SUCCESS, 104
get_top_scorer: SUCCESS, 85
unite_teams: FAILURE
get_all_players: SUCCESS
160
68
76
6
63
126
115
156
116
33
157
102
123
90
88
100
198
113
77
16
192
47
119
107
193
27
75
1
82
104
get_team_points: SUCCESS, 29885
remove_team: FAILURE
get_all_players: SUCCESS
162
133
131
167
58
remove_player: SUCCESS
get_all_players: SUCCESS
45
79
112
7
121
158
186
87
38
17
155
106
52
132
159
42
50
54
194
84
144
67
46
146
135
170
13
66
195
89
91
39
101
163
153
124
197
72
11
get_team_points: SUCCESS, 11938
add_team: FAILURE
get_top_scorer: SUCCESS, 147
play_match: FAILURE
get_team_points: SUCCESS, 5259
get_all_players: SUCCESS
150
165
114
110
138
62
169
49
127
149
190
36
remove_team: FAILURE
unite_teams: FAILURE
play_match: FAILURE
get_team_points: SUCCESS, 32108
add_team: FAILURE
add_team: FAILURE
remove_team: FAILURE
get_num_played_games: SUCCESS, 4762
get_all_players: SUCCESS
96
140
200
19
21
168
71
31
60
3
179
184
189
199
80
103
add_player: FAILURE
unite_teams: FAILURE
get_all_players_count: SUCCESS, 10
get_closest_player: SUCCESS, 6
get_all_players_count: SUCCESS, 5
add_player: FAILURE
add_team: FAILURE
get_top_scorer: SUCCESS, 10
get_closest_player: SUCCESS, 69
update_player_stats: SUCCESS
get_top_scorer: SUCCESS, 196
get_closest_player: SUCCESS, 1
get_all_players: SUCCESS
162
133
131
167
58
get_team_points: SUCCESS, 1910
get_num_played_games: SUCCESS, 2970
add_player: FAILURE
get_all_players_count: SUCCESS, 10
remove_team: FAILURE
remove_player: SUCCESS
unite_teams: FAILURE
get_top_scorer: SUCCESS, 36
remove_team: FAILURE
unite_teams: FAILURE
add_team: FAILURE
knockout_winner: INVALID_INPUT
knockout_winner: INVALID_INPUT
knockout_winner: INVALID_INPUT
knockout_winner: INVALID_INPUT
knockout_winner: INVALID_INPUT
play_match: FAILURE
get_top_scorer: SUCCESS, 11
get_num_played_games: SUCCESS, 2858
add_team: FAILURE
get_all_players: SUCCESS
8
86
182
44
70
108
161
24
43
99
51
136
145
20
141
10
knockout_winner: SUCCESS, 15
knockout_winner: SUCCESS, 15
knockout_winner: SUCCESS, 15
knockout_winner: FAILURE
knockout_winner: INVALID_INPUT
remove_team: FAILURE
get_top_scorer: SUCCESS, 11
add_player: FAILURE
get_num_played_games: SUCCESS, 9466
add_team: FAILURE
knockout_winner: SUCCESS, 6
knockout_winner: INVALID_INPUT
knockout_winner: INVALID_INPUT
knockout_winner: SUCCESS, 15
knockout_winner: INVALID_INPUT
play_match: FAILURE
remove_player: SUCCESS
get_top_scorer: SUCCESS, 37
update_player_stats: SUCCESS
get_num_played_games: SUCCESS, 11106
get_num_played_games: SUCCESS, 9610
play_match: FAILURE
add_player: FAILURE
get_team_points: SUCCESS, 32120
add_player: FAILURE
add_team: FAILURE
get_team_points: SUCCESS, 5438
add_team: FAILURE
get_num_played_games: SUCCESS, 17617
get_num_played_games: SUCCESS, 12322
get_num_played_games: SUCCESS, 5123
get_team_points: SUCCESS, 32120
remove_team: FAILURE
remove_team: FAILURE
remove_player: SUCCESS
remove_team: FAILURE
remove_player: SUCCESS
knockout_winner: INVALID_INPUT
knockout_winner: FAILURE
knockout_winner: INVALID_INPUT
knockout_winner: INVALID_INPUT
knockout_winner: INVALID_INPUT
get_team_points: SUCCESS, 4321
remove_team: FAILURE
remove_team: FAILURE
play_match: FAILURE
add_player: FAILURE
remove_player: SUCCESS
play_match: FAILURE
unite_teams: FAILURE
get_all_players_count: SUCCESS, 5
remove_player: SUCCESS
get_all_players: SUCCESS
160
68
76
6
63
126
115
156
116
33
157
123
90
88
100
198
77
16
192
47
119
102
193
27
75
1
82
104
add_player: FAILURE
unite_teams: SUCCESS
get_team_points: SUCCESS, 29888
get_num_played_games: SUCCESS, 21619
get_team_points: SUCCESS, 5438
update_player_stats: SUCCESS
add_player: FAILURE
add_player: FAILURE
add_player: FAILURE
update_player_stats: SUCCESS
update_player_stats: SUCCESS
knockout_winner: SUCCESS, 15
knockout_winner: SUCCESS, 15
knockout_winner: SUCCESS, 6
knockout_winner: SUCCESS, 15
knockout_winner: INVALID_INPUT
play_match: SUCCESS
unite_teams: FAILURE
add_player: FAILURE
remove_team: FAILURE
remove_player: SUCCESS
play_match: FAILURE
add_player: FAILURE
get_all_players_count: SUCCESS, 8
get_closest_player: SUCCESS, 26
update_player_stats: SUCCESS
play_match: FAILURE
update_player_stats: SUCCESS
get_num_played_games: SUCCESS, 1040
unite_teams: FAILURE
update_player_stats: SUCCESS
update_player_stats: SUCCESS
update_player_stats: SUCCESS
add_player: FAILURE
remove_player: SUCCESS
play_match: INVALID_INPUT
unite_teams: SUCCESS
update_player_stats: SUCCESS
update_player_stats: SUCCESS
unite_teams: FAILURE
unite_teams: FAILURE
remove_team: FAILURE
knockout_winner: SUCCESS, 3
knockout_winner: INVALID_INPUT
knockout_winner: INVALID_INPUT
knockout_winner: FAILURE
knockout_winner: INVALID_INPUT
play_match: FAILURE
add_player: FAILURE
get_closest_player: SUCCESS, 69
update_player_stats: SUCCESS
remove_team: FAILURE
add_team: FAILURE
get_team_points: SUCCESS, 5259
get_closest_player: SUCCESS, 104
get_all_players_count: SUCCESS, 20
get_closest_player: SUCCESS, 158
unite_teams: FAILURE
get_all_players_count: SUCCESS, 7
knockout_winner: SUCCESS, 15
knockout_winner: SUCCESS, 15
knockout_winner: SUCCESS, 6
knockout_winner: SUCCESS, 15
knockout_winner: INVALID_INPUT
play_match: FAILURE
get_closest_player: SUCCESS, 184
knockout_winner: INVALID_INPUT
knockout_winner: SUCCESS, 15
knockout_winner: INVALID_INPUT
knockout_winner: INVALID_INPUT
knockout_winner: INVALID_INPUT
play_match: FAILURE
remove_team: FAILURE
get_closest_player: SUCCESS, 52
add_team: FAILURE
add_team: FAILURE
update_player_stats: SUCCESS
get_closest_player: SUCCESS, 186
get_all_players: SUCCESS
45
112
121
186
87
38
17
106
52
132
159
42
50
54
194
7
84
144
67
46
146
135
170
13
66
195
89
91
39
101
163
158
153
124
155
197
72
11
unite_teams: FAILURE
get_team_points: SUCCESS, 4321
add_team: FAILURE
remove_team: FAILURE
get_team_points: SUCCESS, 699
update_player_stats: SUCCESS
add_team: FAILURE
play_match: FAILURE
get_closest_player: SUCCESS, 144
get_top_scorer: SUCCESS, 196
update_player_stats: SUCCESS
get_team_points: SUCCESS, 13486
get_closest_player: SUCCESS, 93
get_all_players: SUCCESS
8
86
44
70
108
161
24
43
99
51
136
145
20
141
182
10
knockout_winner: FAILURE
knockout_winner: SUCCESS, 15
knockout_winner: SUCCESS, 13
knockout_winner: FAILURE
knockout_winner: INVALID_INPUT
get_closest_player: SUCCESS, 153
get_all_players_count: SUCCESS, 9
add_player: FAILURE
play_match: FAILURE
update_player_stats: SUCCESS
add_team: FAILURE
update_player_stats: SUCCESS
unite_teams: FAILURE
get_team_points: SUCCESS, 3216
get_top_scorer: SUCCESS, 191
get_num_played_games: SUCCESS, 687
remove_team: FAILURE
get_top_scorer: SUCCESS, 10
get_num_played_games: SUCCESS, 4977
get_team_points: SUCCESS, 699
get_num_played_games: SUCCESS, 16829
get_num_played_games: SUCCESS, 1173
play_match: FAILURE
get_num_played_games: SUCCESS, 1842
add_player: FAILURE
play_match: FAILURE
play_match: FAILURE
remove_player: SUCCESS
play_match: INVALID_INPUT
get_all_players_count: SUCCESS, 37
knockout_winner: INVALID_INPUT
knockout_winner: INVALID_INPUT
knockout_winner: INVALID_INPUT
knockout_winner: INVALID_INPUT
knockout_winner: INVALID_INPUT
unite_teams: SUCCESS
play_match: INVALID_INPUT
add_player: FAILURE
unite_teams: SUCCESS
get_team_points: SUCCESS, 30596
get_closest_player: SUCCESS, 90
update_player_stats: SUCCESS
unite_teams: FAILURE
unite_teams: FAILURE
get_team_points: SUCCESS, 45630
add_player: FAILURE
play_match: FAILURE
knockout_winner: SUCCESS, 18
knockout_winner: SUCCESS, 15
knockout_winner: SUCCESS, 13
knockout_winner: FAILURE
knockout_winner: INVALID_INPUT
add_player: FAILURE
get_all_players: SUCCESS
129
94
95
120
98
28
188
187
196
add_player: FAILURE
play_match: FAILURE
get_team_points: SUCCESS, 3216
get_all_players_count: SUCCESS, 9
get_all_players: SUCCESS
175
152
183
69
65
unite_teams: FAILURE
remove_player: SUCCESS
remove_team: FAILURE
remove_player: SUCCESS
get_num_played_games: SUCCESS, 10060
play_match: FAILURE
update_player_stats: SUCCESS
play_match: SUCCESS
get_num_played_games: SUCCESS, 9788
add_player: FAILURE
get_closest_player: SUCCESS, 194
add_team: FAILURE
get_closest_player: SUCCESS, 1
remove_player: SUCCESS
knockout_winner: SUCCESS, 13
knockout_winner: SUCCESS, 15
knockout_winner: FAILURE
knockout_winner: SUCCESS, 18
knockout_winner: INVALID_INPUT
get_num_played_games: SUCCESS, 9467
update_player_stats: SUCCESS
get_all_players: SUCCESS
45
112
121
186
87
93
38
17
106
52
132
159
32
42
50
54
194
7
84
164
144
67
46
146
135
170
13
66
195
89
91
39
97
101
142
163
37
158
153
124
155
148
11
9
72
unite_teams: FAILURE
get_top_scorer: SUCCESS, 85
play_match: FAILURE
remove_player: SUCCESS
get_num_played_games: SUCCESS, 5926
get_all_players_count: SUCCESS, 18
get_all_players_count: SUCCESS, 7
get_top_scorer: SUCCESS, 72
knockout_winner: INVALID_INPUT
knockout_winner: SUCCESS, 15
knockout_winner: INVALID_INPUT
knockout_winner: INVALID_INPUT
knockout_winner: INVALID_INPUT
unite_teams: SUCCESS
get_all_players_count: SUCCESS, 7
unite_teams: FAILURE
knockout_winner: FAILURE
knockout_winner: SUCCESS, 10
knockout_winner: FAILURE
knockout_winner: SUCCESS, 13
knockout_winner: INVALID_INPUT
knockout_winner: SUCCESS, 15
knockout_winner: SUCCESS, 15
knockout_winner: SUCCESS, 10
knockout_winner: FAILURE
knockout_winner: INVALID_INPUT
add_player: FAILURE
remove_team: FAILURE
get_all_players_count: SUCCESS, 47
add_player: FAILURE
remove_player: SUCCESS
unite_teams: FAILURE
knockout_winner: SUCCESS, 10
knockout_winner: SUCCESS, 15
knockout_winner: FAILURE
knockout_winner: SUCCESS, 15
knockout_winner: INVALID_INPUT
add_player: FAILURE
play_match: SUCCESS
remove_player: SUCCESS
update_player_stats: SUCCESS
get_num_played_games: SUCCESS, 9297
get_all_players: SUCCESS
112
121
186
87
93
38
17
106
52
132
159
32
42
50
54
194
7
84
164
144
67
46
146
135
170
13
66
195
89
91
39
97
101
142
163
37
158
153
124
155
148
11
9
72
update_player_stats: SUCCESS
remove_team: FAILURE
add_player: FAILURE
remove_player: SUCCESS
unite_teams: FAILURE
get_all_players_count: SUCCESS, 44
get_top_scorer: SUCCESS, 85
get_top_scorer: SUCCESS, 85
add_player: FAILURE
remove_team: FAILURE
add_player: FAILURE
get_top_scorer: SUCCESS, 104
get_all_players_count: SUCCESS, 5
remove_player: SUCCESS
knockout_winner: SUCCESS, 18
knockout_winner: SUCCESS, 15
knockout_winner: SUCCESS, 15
knockout_winner: FAILURE
knockout_winner: INVALID_INPUT
get_top_scorer: SUCCESS, 20
add_player: FAILURE
unite_teams: FAILURE
get_all_players: SUCCESS
112
121
186
87
93
38
17
106
52
132
159
32
42
50
54
194
7
84
164
144
67
46
146
135
170
66
195
89
91
39
97
101
142
13
163
37
158
153
124
155
148
11
9
72
get_closest_player: SUCCESS, 199
add_team: FAILURE
get_num_played_games: SUCCESS, 8876
get_all_players_count: SUCCESS, 44
get_num_played_games: SUCCESS, 231
unite_teams: FAILURE
get_num_played_games: SUCCESS, 8876
unite_teams: SUCCESS
add_player: FAILURE
remove_team: FAILURE
add_team: FAILURE
get_top_scorer: SUCCESS, 104
update_player_stats: SUCCESS
knockout_winner: INVALID_INPUT
knockout_winner: SUCCESS, 15
knockout_winner: INVALID_INPUT
knockout_winner: INVALID_INPUT
knockout_winner: INVALID_INPUT
get_closest_player: SUCCESS, 150
get_top_scorer: SUCCESS, 85
get_closest_player: SUCCESS, 112
remove_player: SUCCESS
add_team: FAILURE
add_team: FAILURE
update_player_stats: SUCCESS
remove_team: FAILURE
remove_team: FAILURE
get_top_scorer: SUCCESS, 104
get_num_played_games: SUCCESS, 15173
get_all_players: SUCCESS
96
140
160
68
6
63
200
162
126
115
19
156
116
76
133
31
33
157
60
123
3
90
179
88
198
184
189
167
80
77
16
192
47
21
131
71
199
102
193
58
75
1
82
104
remove_team: FAILURE
remove_player: SUCCESS
knockout_winner: INVALID_INPUT
knockout_winner: SUCCESS, 15
knockout_winner: INVALID_INPUT
knockout_winner: INVALID_INPUT
knockout_winner: INVALID_INPUT
unite_teams: FAILURE
get_all_players_count: SUCCESS, 23
play_match: FAILURE
update_player_stats: SUCCESS
get_closest_player: SUCCESS, 173
get_all_players_count: SUCCESS, 23
get_all_players_count: SUCCESS, 23
add_player: FAILURE
get_num_played_games: SUCCESS, 12323
knockout_winner: SUCCESS, 18
knockout_winner: SUCCESS, 15
knockout_winner: SUCCESS, 15
knockout_winner: FAILURE
knockout_winner: INVALID_INPUT
add_team: FAILURE
knockout_winner: FAILURE
knockout_winner: SUCCESS, 15
knockout_winner: FAILURE
knockout_winner: FAILURE
knockout_winner: INVALID_INPUT
unite_teams: INVALID_INPUT
play_match: FAILURE
remove_player: SUCCESS
get_all_players_count: SUCCESS, 24
play_match: FAILURE
get_all_players_count: SUCCESS, 43
get_top_scorer: SUCCESS, 104
play_match: FAILURE
update_player_stats: SUCCESS
get_num_played_games: SUCCESS, 13389
remove_player: SUCCESS
play_match: FAILURE
update_player_stats: SUCCESS
add_team: FAILURE
add_team: FAILURE
get_closest_player: SUCCESS, 191
remove_team: FAILURE
update_player_stats: SUCCESS
get_all_players: SUCCESS
8
86
129
70
108
94
95
161
120
98
24
28
43
99
51
44
136
145
188
196
182
10
20
get_closest_player: SUCCESS, 69
unite_teams: FAILURE
get_closest_player: SUCCESS, 85
add_player: FAILURE
remove_team: FAILURE
play_match: FAILURE
get_top_scorer: SUCCESS, 72
remove_player: SUCCESS
get_all_players_count: SUCCESS, 23
knockout_winner: SUCCESS, 10
knockout_winner: SUCCESS, 15
knockout_winner: FAILURE
knockout_winner: SUCCESS, 15
knockout_winner: INVALID_INPUT
knockout_winner: INVALID_INPUT
knockout_winner: SUCCESS, 15
knockout_winner: INVALID_INPUT
knockout_winner: INVALID_INPUT
knockout_winner: INVALID_INPUT
update_player_stats: SUCCESS
knockout_winner: INVALID_INPUT
knockout_winner: SUCCESS, 15
knockout_winner: INVALID_INPUT
knockout_winner: INVALID_INPUT
knockout_winner: INVALID_INPUT
get_all_players: SUCCESS
112
121
87
93
38
17
106
52
132
159
42
50
32
54
194
7
164
144
67
46
146
135
170
66
84
195
89
39
97
101
142
13
163
37
158
153
124
155
91
148
11
9
72
get_top_scorer: SUCCESS, 20
unite_teams: SUCCESS
remove_player: SUCCESS
add_player: FAILURE
get_all_players_count: SUCCESS, 23
get_all_players: SUCCESS
150
165
61
114
110
138
26
29
169
49
111
127
178
173
34
36
12
147
48
149
137
180
85
get_all_players: SUCCESS
175
152
183
69
65
add_player: FAILURE
unite_teams: FAILURE
get_num_played_games: SUCCESS, 3122
add_player: FAILURE
get_all_players_count: SUCCESS, 7
get_closest_player: SUCCESS, 152
remove_team: FAILURE
play_match: SUCCESS
get_all_players: SUCCESS
130
171
57
117
14
40
191
get_closest_player: SUCCESS, 44
remove_team: FAILURE
add_player: FAILURE
get_closest_player: SUCCESS, 192
add_player: FAILURE
get_all_players: SUCCESS
150
165
61
114
110
138
26
29
169
49
111
127
178
173
34
36
12
147
48
149
137
180
85
play_match: INVALID_INPUT
update_player_stats: SUCCESS
get_top_scorer: SUCCESS, 104
remove_player: SUCCESS
get_num_played_games: SUCCESS, 11445
get_closest_player: SUCCESS, 152
knockout_winner: SUCCESS, 10
knockout_winner: SUCCESS, 10
knockout_winner: FAILURE
knockout_winner: FAILURE
knockout_winner: INVALID_INPUT
play_match: INVALID_INPUT
remove_team: FAILURE
add_team: FAILURE
add_team: FAILURE
get_all_players: SUCCESS
150
165
61
114
110
138
26
29
169
49
111
127
178
173
34
36
12
147
48
149
137
180
85
add_team: FAILURE
add_player: FAILURE
get_all_players_count: SUCCESS, 43
remove_player: SUCCESS
remove_player: SUCCESS
remove_player: SUCCESS
remove_player: SUCCESS
remove_player: SUCCESS
remove_player: SUCCESS
remove_player: SUCCESS
remove_player: SUCCESS
remove_player: SUCCESS
remove_player: SUCCESS
remove_player: SUCCESS
remove_player: SUCCESS
remove_player: SUCCESS
remove_player: SUCCESS
remove_player: SUCCESS
remove_player: SUCCESS
remove_player: SUCCESS
remove_player: SUCCESS
remove_player: SUCCESS
remove_player: SUCCESS
remove_player: SUCCESS
remove_player: SUCCESS
remove_player: SUCCESS
remove_player: SUCCESS
remove_player: SUCCESS
remove_player: SUCCESS
remove_player: SUCCESS
remove_player: SUCCESS
remove_player: SUCCESS
remove_player: SUCCESS
remove_player: SUCCESS
remove_player: SUCCESS
remove_player: SUCCESS
remove_player: SUCCESS
remove_player: SUCCESS
remove_player: SUCCESS
remove_player: SUCCESS
remove_player: SUCCESS
remove_player: SUCCESS
remove_player: SUCCESS
remove_player: SUCCESS
remove_player: SUCCESS
remove_player: SUCCESS
remove_player: SUCCESS
remove_player: SUCCESS
remove_player: SUCCESS
remove_player: SUCCESS
remove_player: SUCCESS
remove_player: SUCCESS
remove_player: SUCCESS
remove_player: SUCCESS
remove_player: SUCCESS
remove_player: SUCCESS
remove_player: SUCCESS
remove_player: SUCCESS
remove_player: SUCCESS
remove_player: SUCCESS
remove_player: SUCCESS
remove_player: SUCCESS
remove_player: SUCCESS
remove_player: SUCCESS
remove_player: SUCCESS
remove_player: SUCCESS
remove_player: SUCCESS
remove_player: SUCCESS
remove_player: SUCCESS
remove_player: SUCCESS
remove_player: SUCCESS
remove_player: SUCCESS
remove_player: SUCCESS
remove_player: SUCCESS
remove_player: SUCCESS
remove_player: SUCCESS
remove_player: SUCCESS
remove_player: SUCCESS
remove_player: SUCCESS
remove_player: SUCCESS
remove_player: SUCCESS
remove_player: SUCCESS
remove_player: SUCCESS
remove_player: SUCCESS
remove_player: SUCCESS
remove_player: SUCCESS
remove_player: SUCCESS
remove_player: SUCCESS
remove_player: SUCCESS
remove_player: SUCCESS
remove_player: SUCCESS
remove_player: SUCCESS
remove_player: SUCCESS
remove_player: SUCCESS
remove_player: SUCCESS
remove_player: SUCCESS
remove_player: SUCCESS
remove_player: SUCCESS
remove_player: SUCCESS
remove_player: SUCCESS
remove_player: SUCCESS
remove_player: SUCCESS
remove_player: SUCCESS
remove_player: SUCCESS
remove_player: SUCCESS
remove_player: SUCCESS
remove_player: SUCCESS
remove_player: SUCCESS
remove_player: SUCCESS
remove_player: SUCCESS
remove_player: SUCCESS
remove_player: SUCCESS
remove_player: SUCCESS
remove_player: SUCCESS
remove_player: SUCCESS
remove_player: SUCCESS
remove_player: SUCCESS
remove_player: SUCCESS
remove_player: SUCCESS
remove_player: SUCCESS
remove_player: SUCCESS
remove_player: SUCCESS
remove_player: SUCCESS
remove_player: SUCCESS
remove_player: SUCCESS
remove_player: SUCCESS
remove_player: SUCCESS
remove_player: SUCCESS
remove_player: SUCCESS
remove_player: SUCCESS
remove_player: SUCCESS
remove_player: SUCCESS
remove_player: SUCCESS
remove_player: SUCCESS
remove_player: SUCCESS
remove_player: SUCCESS
remove_player: SUCCESS
remove_player: SUCCESS
remove_player: SUCCESS
remove_player: SUCCESS
remove_player: SUCCESS
remove_player: SUCCESS
remove_player: SUCCESS
remove_player: SUCCESS
remove_team: SUCCESS
remove_team: SUCCESS
remove_team: SUCCESS
remove_team: SUCCESS
remove_team: SUCCESS
