add_team: SUCCESS
add_team: SUCCESS
add_team: SUCCESS
add_team: SUCCESS
add_team: SUCCESS
add_team: SUCCESS
add_team: SUCCESS
add_team: SUCCESS
add_team: SUCCESS
add_team: SUCCESS
add_team: SUCCESS
add_team: SUCCESS
add_team: SUCCESS
add_team: SUCCESS
add_team: SUCCESS
add_team: SUCCESS
add_team: SUCCESS
add_team: SUCCESS
add_team: SUCCESS
add_team: SUCCESS
add_player: SUCCESS
add_player: SUCCESS
add_player: SUCCESS
add_player: SUCCESS
add_player: SUCCESS
add_player: SUCCESS
add_player: SUCCESS
add_player: SUCCESS
add_player: SUCCESS
add_player: SUCCESS
add_player: SUCCESS
add_player: SUCCESS
add_player: SUCCESS
add_player: SUCCESS
add_player: SUCCESS
add_player: SUCCESS
add_player: SUCCESS
add_player: SUCCESS
add_player: SUCCESS
add_player: SUCCESS
add_player: SUCCESS
add_player: SUCCESS
add_player: SUCCESS
add_player: SUCCESS
add_player: SUCCESS
add_player: SUCCESS
add_player: SUCCESS
add_player: SUCCESS
add_player: SUCCESS
add_player: SUCCESS
add_player: SUCCESS
add_player: SUCCESS
add_player: SUCCESS
add_player: SUCCESS
add_player: SUCCESS
add_player: SUCCESS
add_player: SUCCESS
add_player: SUCCESS
add_player: SUCCESS
add_player: SUCCESS
add_player: SUCCESS
add_player: SUCCESS
add_player: SUCCESS
add_player: SUCCESS
add_player: SUCCESS
add_player: SUCCESS
add_player: SUCCESS
add_player: SUCCESS
add_player: SUCCESS
add_player: SUCCESS
add_player: SUCCESS
add_player: SUCCESS
add_player: SUCCESS
add_player: SUCCESS
add_player: SUCCESS
add_player: SUCCESS
add_player: SUCCESS
add_player: SUCCESS
add_player: SUCCESS
add_player: SUCCESS
add_player: SUCCESS
add_player: SUCCESS
add_player: SUCCESS
add_player: SUCCESS
add_player: SUCCESS
add_player: SUCCESS
add_player: SUCCESS
add_player: SUCCESS
add_player: SUCCESS
add_player: SUCCESS
add_player: SUCCESS
add_player: SUCCESS
add_player: SUCCESS
add_player: SUCCESS
add_player: SUCCESS
add_player: SUCCESS
add_player: SUCCESS
add_player: SUCCESS
add_player: SUCCESS
add_player: SUCCESS
add_player: SUCCESS
add_player: SUCCESS
add_player: SUCCESS
add_player: SUCCESS
add_player: SUCCESS
add_player: SUCCESS
add_player: SUCCESS
add_player: SUCCESS
add_player: SUCCESS
add_player: SUCCESS
add_player: SUCCESS
add_player: SUCCESS
add_player: SUCCESS
add_player: SUCCESS
add_player: SUCCESS
add_player: SUCCESS
add_player: SUCCESS
add_player: SUCCESS
add_player: SUCCESS
add_player: SUCCESS
add_player: SUCCESS
add_player: SUCCESS
add_player: SUCCESS
add_player: SUCCESS
add_player: SUCCESS
add_player: SUCCESS
add_player: SUCCESS
add_player: SUCCESS
add_player: SUCCESS
add_player: SUCCESS
add_player: SUCCESS
add_player: SUCCESS
add_player: SUCCESS
add_player: SUCCESS
add_player: SUCCESS
add_player: SUCCESS
add_player: SUCCESS
add_player: SUCCESS
add_player: SUCCESS
add_player: SUCCESS
add_player: SUCCESS
add_player: SUCCESS
add_player: SUCCESS
add_player: SUCCESS
add_player: SUCCESS
add_player: SUCCESS
add_player: SUCCESS
add_player: SUCCESS
add_player: SUCCESS
add_player: SUCCESS
add_player: SUCCESS
add_player: SUCCESS
add_player: SUCCESS
add_player: SUCCESS
add_player: SUCCESS
add_player: SUCCESS
add_player: SUCCESS
add_player: SUCCESS
add_player: SUCCESS
add_player: SUCCESS
add_player: SUCCESS
add_player: SUCCESS
add_player: SUCCESS
add_player: SUCCESS
add_player: SUCCESS
add_player: SUCCESS
add_player: SUCCESS
add_player: SUCCESS
add_player: SUCCESS
add_player: SUCCESS
add_player: SUCCESS
add_player: SUCCESS
add_player: SUCCESS
add_player: SUCCESS
add_player: SUCCESS
add_player: SUCCESS
add_player: SUCCESS
add_player: SUCCESS
add_player: SUCCESS
add_player: SUCCESS
add_player: SUCCESS
add_player: SUCCESS
add_player: SUCCESS
add_player: SUCCESS
add_player: SUCCESS
add_player: SUCCESS
add_player: SUCCESS
add_player: SUCCESS
add_player: SUCCESS
add_player: SUCCESS
add_player: SUCCESS
add_player: SUCCESS
add_player: SUCCESS
add_player: SUCCESS
add_player: SUCCESS
add_player: SUCCESS
add_player: SUCCESS
add_player: SUCCESS
add_player: SUCCESS
add_player: SUCCESS
add_player: SUCCESS
add_player: SUCCESS
add_player: SUCCESS
add_player: SUCCESS
add_player: SUCCESS
add_player: SUCCESS
add_player: SUCCESS
add_player: SUCCESS
add_player: SUCCESS
add_player: SUCCESS
add_player: SUCCESS
add_player: SUCCESS
add_player: SUCCESS
add_player: SUCCESS
add_player: SUCCESS
add_player: SUCCESS
add_player: SUCCESS
add_player: SUCCESS
add_player: SUCCESS
add_player: SUCCESS
play_match: FAILURE
get_team_points: SUCCESS, 47
get_top_scorer: SUCCESS, 11
unite_teams: FAILURE
play_match: FAILURE
get_all_players: SUCCESS
39
142
60
84
195
71
add_team: FAILURE
remove_team: FAILURE
add_team: FAILURE
unite_teams: FAILURE
knockout_winner: SUCCESS, 16
knockout_winner: SUCCESS, 11
knockout_winner: SUCCESS, 11
knockout_winner: SUCCESS, 20
knockout_winner: INVALID_INPUT
remove_player: SUCCESS
remove_player: SUCCESS
remove_player: SUCCESS
add_team: FAILURE
get_all_players: SUCCESS
69
122
147
49
103
156
23
117
92
get_all_players_count: SUCCESS, 12
get_num_played_games: SUCCESS, 9202
get_closest_player: SUCCESS, 26
add_player: FAILURE
get_top_scorer: SUCCESS, 41
get_all_players_count: SUCCESS, 6
remove_team: FAILURE
add_team: FAILURE
get_closest_player: SUCCESS, 117
get_team_points: SUCCESS, 10283
get_team_points: SUCCESS, 190
unite_teams: FAILURE
remove_player: SUCCESS
unite_teams: FAILURE
unite_teams: FAILURE
get_all_players_count: SUCCESS, 12
get_all_players: SUCCESS
194
83
189
188
32
38
33
21
10
66
42
196
get_all_players: SUCCESS
91
51
7
40
55
153
198
181
get_num_played_games: SUCCESS, 7957
remove_player: SUCCESS
get_all_players: SUCCESS
100
98
132
170
149
4
114
8
120
93
171
163
11
update_player_stats: SUCCESS
knockout_winner: SUCCESS, 11
knockout_winner: SUCCESS, 11
knockout_winner: SUCCESS, 5
knockout_winner: SUCCESS, 16
knockout_winner: INVALID_INPUT
get_closest_player: SUCCESS, 118
get_all_players_count: SUCCESS, 11
update_player_stats: SUCCESS
add_team: FAILURE
get_all_players_count: SUCCESS, 8
add_team: FAILURE
get_num_played_games: SUCCESS, 2294
add_player: FAILURE
get_all_players: SUCCESS
35
110
115
123
141
61
81
150
157
update_player_stats: SUCCESS
knockout_winner: SUCCESS, 11
knockout_winner: INVALID_INPUT
knockout_winner: INVALID_INPUT
knockout_winner: SUCCESS, 11
knockout_winner: SUCCESS, 11
play_match: FAILURE
remove_player: SUCCESS
get_top_scorer: SUCCESS, 92
get_all_players: SUCCESS
39
142
60
84
195
71
play_match: FAILURE
get_num_played_games: SUCCESS, 4923
get_team_points: SUCCESS, 11737
add_player: FAILURE
play_match: FAILURE
unite_teams: FAILURE
get_all_players: SUCCESS
128
139
124
30
102
126
85
161
get_team_points: SUCCESS, 10714
remove_team: FAILURE
knockout_winner: SUCCESS, 11
knockout_winner: SUCCESS, 11
knockout_winner: SUCCESS, 11
knockout_winner: SUCCESS, 11
knockout_winner: SUCCESS, 11
remove_player: SUCCESS
knockout_winner: SUCCESS, 11
knockout_winner: SUCCESS, 11
knockout_winner: SUCCESS, 6
knockout_winner: SUCCESS, 16
knockout_winner: INVALID_INPUT
remove_player: SUCCESS
play_match: FAILURE
remove_team: FAILURE
add_team: FAILURE
add_team: FAILURE
knockout_winner: SUCCESS, 20
knockout_winner: SUCCESS, 20
knockout_winner: SUCCESS, 15
knockout_winner: FAILURE
knockout_winner: INVALID_INPUT
remove_team: FAILURE
add_player: FAILURE
remove_team: FAILURE
play_match: FAILURE
remove_team: FAILURE
remove_team: FAILURE
add_player: FAILURE
get_num_played_games: SUCCESS, 411
get_all_players_count: SUCCESS, 7
get_top_scorer: SUCCESS, 43
remove_team: FAILURE
play_match: FAILURE
get_closest_player: SUCCESS, 150
unite_teams: FAILURE
remove_player: SUCCESS
get_team_points: SUCCESS, 10283
get_all_players: SUCCESS
128
139
124
30
102
126
85
161
remove_player: SUCCESS
get_all_players: SUCCESS
47
34
116
134
45
179
162
125
36
88
24
72
add_player: FAILURE
play_match: FAILURE
play_match: FAILURE
get_all_players_count: SUCCESS, 10
update_player_stats: SUCCESS
remove_player: SUCCESS
get_num_played_games: SUCCESS, 11901
add_player: FAILURE
unite_teams: FAILURE
get_all_players: SUCCESS
35
110
115
123
141
61
81
150
157
get_top_scorer: SUCCESS, 54
add_team: FAILURE
get_all_players: SUCCESS
104
130
135
48
186
28
74
173
97
1
70
158
46
play_match: FAILURE
add_team: FAILURE
add_team: FAILURE
remove_player: SUCCESS
get_all_players_count: SUCCESS, 7
get_closest_player: SUCCESS, 144
remove_team: FAILURE
add_player: FAILURE
get_closest_player: SUCCESS, 179
remove_team: FAILURE
add_team: FAILURE
get_team_points: SUCCESS, 7722
get_num_played_games: SUCCESS, 6827
get_all_players_count: SUCCESS, 7
get_team_points: SUCCESS, 10562
get_num_played_games: SUCCESS, 403
remove_team: FAILURE
knockout_winner: SUCCESS, 11
knockout_winner: SUCCESS, 11
knockout_winner: SUCCESS, 5
knockout_winner: SUCCESS, 16
knockout_winner: INVALID_INPUT
get_closest_player: SUCCESS, 185
remove_player: SUCCESS
remove_team: FAILURE
get_all_players: SUCCESS
128
139
124
30
102
126
85
get_closest_player: SUCCESS, 104
get_all_players: SUCCESS
175
177
185
86
29
13
193
57
3
121
play_match: FAILURE
unite_teams: FAILURE
unite_teams: FAILURE
add_team: FAILURE
get_all_players_count: SUCCESS, 11
get_top_scorer: SUCCESS, 167
unite_teams: FAILURE
get_num_played_games: SUCCESS, 1767
play_match: FAILURE
add_team: FAILURE
get_top_scorer: SUCCESS, 92
get_num_played_games: SUCCESS, 5165
get_team_points: SUCCESS, 47
knockout_winner: SUCCESS, 11
knockout_winner: INVALID_INPUT
knockout_winner: INVALID_INPUT
knockout_winner: SUCCESS, 11
knockout_winner: FAILURE
update_player_stats: SUCCESS
add_player: FAILURE
add_player: FAILURE
get_num_played_games: SUCCESS, 5965
update_player_stats: SUCCESS
get_closest_player: SUCCESS, 1
add_player: FAILURE
get_num_played_games: SUCCESS, 278
remove_player: SUCCESS
add_player: FAILURE
remove_player: SUCCESS
add_team: FAILURE
get_team_points: SUCCESS, 993
get_all_players_count: SUCCESS, 8
play_match: SUCCESS
get_team_points: SUCCESS, 9707
get_all_players_count: SUCCESS, 11
get_closest_player: SUCCESS, 39
unite_teams: FAILURE
add_player: FAILURE
get_all_players_count: SUCCESS, 6
remove_team: FAILURE
get_closest_player: SUCCESS, 53
add_player: FAILURE
remove_team: FAILURE
remove_team: FAILURE
add_player: FAILURE
knockout_winner: SUCCESS, 16
knockout_winner: SUCCESS, 16
knockout_winner: SUCCESS, 7
knockout_winner: SUCCESS, 20
knockout_winner: INVALID_INPUT
remove_team: FAILURE
get_num_played_games: SUCCESS, 11901
knockout_winner: SUCCESS, 16
knockout_winner: SUCCESS, 5
knockout_winner: SUCCESS, 5
knockout_winner: SUCCESS, 16
knockout_winner: FAILURE
get_all_players: SUCCESS
175
177
185
86
29
13
193
57
3
121
play_match: FAILURE
get_all_players: SUCCESS
39
142
60
84
195
71
add_player: FAILURE
get_team_points: SUCCESS, 11737
unite_teams: FAILURE
add_team: FAILURE
get_all_players_count: SUCCESS, 11
remove_team: FAILURE
get_team_points: SUCCESS, 7417
add_team: FAILURE
remove_player: SUCCESS
get_all_players: SUCCESS
104
130
135
48
186
28
74
173
97
1
70
158
46
get_top_scorer: SUCCESS, 181
get_closest_player: SUCCESS, 18
knockout_winner: SUCCESS, 5
knockout_winner: INVALID_INPUT
knockout_winner: INVALID_INPUT
knockout_winner: SUCCESS, 6
knockout_winner: INVALID_INPUT
get_closest_player: SUCCESS, 93
play_match: FAILURE
get_team_points: SUCCESS, 993
unite_teams: FAILURE
update_player_stats: SUCCESS
unite_teams: FAILURE
remove_player: SUCCESS
add_player: FAILURE
get_team_points: SUCCESS, 47
knockout_winner: SUCCESS, 20
knockout_winner: SUCCESS, 16
knockout_winner: FAILURE
knockout_winner: FAILURE
knockout_winner: INVALID_INPUT
remove_player: SUCCESS
get_top_scorer: SUCCESS, 59
get_top_scorer: SUCCESS, 92
update_player_stats: SUCCESS
remove_player: SUCCESS
knockout_winner: SUCCESS, 16
knockout_winner: SUCCESS, 16
knockout_winner: SUCCESS, 6
knockout_winner: SUCCESS, 16
knockout_winner: INVALID_INPUT
get_closest_player: SUCCESS, 184
get_all_players: SUCCESS
174
155
31
15
6
129
67
152
get_all_players: SUCCESS
200
159
68
27
140
113
182
172
160
107
53
167
get_num_played_games: SUCCESS, 10891
get_top_scorer: SUCCESS, 71
get_all_players_count: SUCCESS, 10
get_all_players: SUCCESS
128
139
124
30
102
126
85
remove_player: SUCCESS
get_closest_player: SUCCESS, 93
unite_teams: FAILURE
remove_team: FAILURE
remove_team: FAILURE
get_all_players: SUCCESS
47
116
134
45
179
162
125
36
88
24
72
get_all_players_count: SUCCESS, 11
get_all_players: SUCCESS
91
7
40
55
153
198
181
play_match: FAILURE
update_player_stats: SUCCESS
remove_player: SUCCESS
get_num_played_games: SUCCESS, 10164
get_closest_player: SUCCESS, 117
remove_team: FAILURE
get_closest_player: SUCCESS, 46
unite_teams: FAILURE
get_closest_player: SUCCESS, 75
remove_team: FAILURE
get_num_played_games: SUCCESS, 1836
knockout_winner: SUCCESS, 5
knockout_winner: INVALID_INPUT
knockout_winner: INVALID_INPUT
knockout_winner: FAILURE
knockout_winner: INVALID_INPUT
add_team: FAILURE
update_player_stats: SUCCESS
add_player: FAILURE
get_num_played_games: SUCCESS, 406
update_player_stats: SUCCESS
get_team_points: SUCCESS, 11206
get_num_played_games: SUCCESS, 11573
get_closest_player: SUCCESS, 35
add_player: FAILURE
get_num_played_games: SUCCESS, 7958
get_closest_player: SUCCESS, 71
remove_team: FAILURE
get_top_scorer: SUCCESS, 71
get_all_players: SUCCESS
91
7
40
55
153
198
181
get_all_players: SUCCESS
174
155
31
15
6
129
67
152
get_top_scorer: SUCCESS, 196
knockout_winner: SUCCESS, 16
knockout_winner: SUCCESS, 3
knockout_winner: SUCCESS, 3
knockout_winner: SUCCESS, 16
knockout_winner: INVALID_INPUT
remove_team: FAILURE
get_team_points: SUCCESS, 7061
get_top_scorer: SUCCESS, 167
add_team: FAILURE
update_player_stats: SUCCESS
get_num_played_games: SUCCESS, 3523
get_num_played_games: SUCCESS, 7575
get_team_points: SUCCESS, 47
get_closest_player: SUCCESS, 110
remove_team: FAILURE
update_player_stats: SUCCESS
get_all_players: SUCCESS
194
83
189
32
33
21
10
66
42
196
add_player: FAILURE
update_player_stats: SUCCESS
get_closest_player: SUCCESS, 129
knockout_winner: SUCCESS, 16
knockout_winner: SUCCESS, 5
knockout_winner: SUCCESS, 5
knockout_winner: SUCCESS, 16
knockout_winner: FAILURE
knockout_winner: SUCCESS, 16
knockout_winner: SUCCESS, 16
knockout_winner: FAILURE
knockout_winner: SUCCESS, 20
knockout_winner: INVALID_INPUT
get_num_played_games: SUCCESS, 9804
add_team: FAILURE
remove_player: SUCCESS
update_player_stats: SUCCESS
get_all_players: SUCCESS
148
108
118
90
2
190
25
get_num_played_games: SUCCESS, 4792
get_num_played_games: SUCCESS, 8173
knockout_winner: SUCCESS, 16
knockout_winner: SUCCESS, 16
knockout_winner: FAILURE
knockout_winner: FAILURE
knockout_winner: INVALID_INPUT
get_num_played_games: SUCCESS, 3193
get_top_scorer: SUCCESS, 58
add_team: FAILURE
get_team_points: SUCCESS, 249
unite_teams: SUCCESS
add_player: FAILURE
get_team_points: SUCCESS, 10562
knockout_winner: SUCCESS, 3
knockout_winner: INVALID_INPUT
knockout_winner: INVALID_INPUT
knockout_winner: SUCCESS, 6
knockout_winner: INVALID_INPUT
update_player_stats: SUCCESS
get_team_points: SUCCESS, 10562
update_player_stats: SUCCESS
play_match: FAILURE
get_num_played_games: SUCCESS, 4974
remove_player: SUCCESS
update_player_stats: SUCCESS
get_all_players_count: SUCCESS, 13
unite_teams: SUCCESS
get_num_played_games: SUCCESS, 5457
get_top_scorer: SUCCESS, 92
get_closest_player: SUCCESS, 93
remove_team: FAILURE
unite_teams: FAILURE
knockout_winner: FAILURE
knockout_winner: SUCCESS, 19
knockout_winner: SUCCESS, 6
knockout_winner: SUCCESS, 19
knockout_winner: FAILURE
knockout_winner: SUCCESS, 19
knockout_winner: SUCCESS, 19
knockout_winner: FAILURE
knockout_winner: FAILURE
knockout_winner: INVALID_INPUT
knockout_winner: FAILURE
knockout_winner: SUCCESS, 19
knockout_winner: SUCCESS, 6
knockout_winner: SUCCESS, 19
knockout_winner: INVALID_INPUT
remove_team: FAILURE
get_num_played_games: SUCCESS, 4072
update_player_stats: SUCCESS
add_player: FAILURE
update_player_stats: SUCCESS
unite_teams: FAILURE
unite_teams: FAILURE
get_closest_player: SUCCESS, 70
knockout_winner: SUCCESS, 7
knockout_winner: SUCCESS, 19
knockout_winner: SUCCESS, 6
knockout_winner: SUCCESS, 19
knockout_winner: INVALID_INPUT
get_closest_player: SUCCESS, 135
get_all_players_count: SUCCESS, 10
knockout_winner: SUCCESS, 19
knockout_winner: SUCCESS, 19
knockout_winner: FAILURE
knockout_winner: SUCCESS, 19
knockout_winner: INVALID_INPUT
remove_team: FAILURE
get_closest_player: SUCCESS, 53
get_all_players_count: SUCCESS, 6
get_team_points: SUCCESS, 10215
get_top_scorer: SUCCESS, 43
update_player_stats: SUCCESS
add_team: FAILURE
get_all_players: SUCCESS
184
37
192
79
77
add_team: FAILURE
get_num_played_games: SUCCESS, 1203
unite_teams: FAILURE
remove_team: FAILURE
get_top_scorer: SUCCESS, 121
remove_player: SUCCESS
get_all_players: SUCCESS
148
108
118
90
2
190
25
remove_player: SUCCESS
knockout_winner: SUCCESS, 19
knockout_winner: INVALID_INPUT
knockout_winner: INVALID_INPUT
knockout_winner: SUCCESS, 19
knockout_winner: SUCCESS, 7
get_all_players_count: SUCCESS, 6
add_player: FAILURE
play_match: FAILURE
get_all_players: SUCCESS
80
109
146
106
94
18
50
95
87
43
get_all_players: SUCCESS
175
177
185
86
29
13
193
57
3
121
update_player_stats: SUCCESS
remove_team: FAILURE
update_player_stats: SUCCESS
get_closest_player: SUCCESS, 135
remove_team: FAILURE
get_num_played_games: SUCCESS, 6617
get_all_players: SUCCESS
180
44
112
151
63
138
127
136
166
20
update_player_stats: SUCCESS
get_team_points: SUCCESS, 11206
add_player: FAILURE
get_all_players: SUCCESS
184
37
192
79
77
update_player_stats: SUCCESS
get_closest_player: SUCCESS, 120
add_team: FAILURE
get_team_points: SUCCESS, 7417
get_all_players: SUCCESS
184
37
192
79
77
get_all_players_count: SUCCESS, 6
get_all_players: SUCCESS
180
44
112
151
63
138
127
136
166
20
add_team: FAILURE
knockout_winner: FAILURE
knockout_winner: SUCCESS, 19
knockout_winner: FAILURE
knockout_winner: FAILURE
knockout_winner: INVALID_INPUT
knockout_winner: SUCCESS, 20
knockout_winner: SUCCESS, 19
knockout_winner: FAILURE
knockout_winner: FAILURE
knockout_winner: INVALID_INPUT
get_top_scorer: SUCCESS, 7
add_player: FAILURE
update_player_stats: SUCCESS
add_player: FAILURE
get_team_points: SUCCESS, 10353
get_top_scorer: SUCCESS, 77
play_match: FAILURE
get_closest_player: SUCCESS, 132
get_team_points: SUCCESS, 18798
get_top_scorer: SUCCESS, 76
remove_team: FAILURE
get_num_played_games: SUCCESS, 1624
add_player: FAILURE
update_player_stats: SUCCESS
unite_teams: FAILURE
unite_teams: FAILURE
get_top_scorer: SUCCESS, 43
get_closest_player: SUCCESS, 163
get_closest_player: SUCCESS, 143
get_team_points: SUCCESS, 10562
get_team_points: SUCCESS, 10283
get_team_points: SUCCESS, 10353
get_closest_player: SUCCESS, 141
get_all_players: SUCCESS
137
19
133
178
101
119
remove_player: SUCCESS
get_all_players_count: SUCCESS, 11
play_match: SUCCESS
get_num_played_games: SUCCESS, 1532
get_num_played_games: SUCCESS, 8447
update_player_stats: SUCCESS
add_team: FAILURE
get_team_points: SUCCESS, 10283
remove_team: FAILURE
update_player_stats: SUCCESS
get_all_players: SUCCESS
148
108
118
90
2
190
25
play_match: SUCCESS
add_player: FAILURE
play_match: INVALID_INPUT
knockout_winner: FAILURE
knockout_winner: SUCCESS, 19
knockout_winner: FAILURE
knockout_winner: SUCCESS, 20
knockout_winner: INVALID_INPUT
remove_team: FAILURE
add_team: FAILURE
get_all_players: SUCCESS
183
89
176
26
41
76
add_player: FAILURE
get_closest_player: SUCCESS, 152
play_match: FAILURE
play_match: FAILURE
add_player: FAILURE
get_num_played_games: SUCCESS, 3300
remove_player: SUCCESS
get_closest_player: SUCCESS, 184
get_top_scorer: SUCCESS, 157
get_closest_player: SUCCESS, 118
add_team: FAILURE
knockout_winner: SUCCESS, 7
knockout_winner: SUCCESS, 6
knockout_winner: FAILURE
knockout_winner: FAILURE
knockout_winner: INVALID_INPUT
get_top_scorer: SUCCESS, 43
unite_teams: FAILURE
remove_team: FAILURE
get_team_points: SUCCESS, 10353
knockout_winner: SUCCESS, 19
knockout_winner: SUCCESS, 19
knockout_winner: FAILURE
knockout_winner: FAILURE
knockout_winner: INVALID_INPUT
remove_team: FAILURE
get_all_players_count: SUCCESS, 13
get_num_played_games: SUCCESS, 10856
get_top_scorer: SUCCESS, 119
get_closest_player: SUCCESS, 44
remove_player: SUCCESS
unite_teams: FAILURE
remove_player: SUCCESS
get_num_played_games: SUCCESS, 7559
remove_team: FAILURE
remove_player: SUCCESS
remove_team: FAILURE
add_team: FAILURE
get_num_played_games: SUCCESS, 2765
remove_player: SUCCESS
remove_team: FAILURE
play_match: FAILURE
remove_player: SUCCESS
update_player_stats: SUCCESS
add_player: FAILURE
remove_team: FAILURE
remove_team: FAILURE
add_player: FAILURE
play_match: FAILURE
add_team: FAILURE
remove_player: SUCCESS
get_top_scorer: SUCCESS, 58
knockout_winner: FAILURE
knockout_winner: SUCCESS, 19
knockout_winner: SUCCESS, 6
knockout_winner: SUCCESS, 19
knockout_winner: INVALID_INPUT
get_team_points: SUCCESS, 18798
get_all_players_count: SUCCESS, 10
knockout_winner: SUCCESS, 19
knockout_winner: SUCCESS, 19
knockout_winner: FAILURE
knockout_winner: FAILURE
knockout_winner: INVALID_INPUT
get_num_played_games: SUCCESS, 652
get_closest_player: SUCCESS, 79
play_match: FAILURE
knockout_winner: SUCCESS, 6
knockout_winner: SUCCESS, 19
knockout_winner: SUCCESS, 6
knockout_winner: SUCCESS, 19
knockout_winner: FAILURE
remove_team: FAILURE
add_player: FAILURE
get_all_players: SUCCESS
183
89
176
26
41
76
update_player_stats: SUCCESS
remove_team: FAILURE
get_closest_player: SUCCESS, 200
get_num_played_games: SUCCESS, 703
get_closest_player: SUCCESS, 58
get_all_players_count: SUCCESS, 16
get_top_scorer: SUCCESS, 77
remove_team: FAILURE
get_num_played_games: SUCCESS, 17282
remove_player: SUCCESS
remove_team: FAILURE
add_player: FAILURE
get_all_players_count: SUCCESS, 6
remove_team: FAILURE
get_team_points: SUCCESS, 10218
add_player: FAILURE
get_top_scorer: SUCCESS, 77
knockout_winner: SUCCESS, 19
knockout_winner: SUCCESS, 19
knockout_winner: SUCCESS, 6
knockout_winner: SUCCESS, 19
knockout_winner: INVALID_INPUT
get_top_scorer: SUCCESS, 77
unite_teams: FAILURE
add_team: FAILURE
get_top_scorer: SUCCESS, 77
get_top_scorer: SUCCESS, 196
remove_team: FAILURE
get_all_players: SUCCESS
64
143
191
9
52
199
168
154
12
54
58
play_match: FAILURE
get_team_points: SUCCESS, 7722
play_match: FAILURE
get_all_players_count: SUCCESS, 9
add_player: FAILURE
get_top_scorer: SUCCESS, 6
get_top_scorer: SUCCESS, 7
get_team_points: SUCCESS, 10353
get_all_players_count: SUCCESS, 6
get_all_players_count: SUCCESS, 10
get_top_scorer: SUCCESS, 119
remove_team: FAILURE
add_player: FAILURE
update_player_stats: SUCCESS
add_team: FAILURE
update_player_stats: SUCCESS
get_closest_player: SUCCESS, 164
add_team: FAILURE
remove_player: SUCCESS
knockout_winner: FAILURE
knockout_winner: SUCCESS, 19
knockout_winner: FAILURE
knockout_winner: SUCCESS, 19
knockout_winner: INVALID_INPUT
unite_teams: FAILURE
update_player_stats: SUCCESS
get_all_players: SUCCESS
180
44
112
63
127
136
138
166
20
get_closest_player: SUCCESS, 133
play_match: FAILURE
remove_player: SUCCESS
get_all_players_count: SUCCESS, 9
remove_player: SUCCESS
remove_team: FAILURE
add_player: FAILURE
remove_team: FAILURE
get_top_scorer: SUCCESS, 20
update_player_stats: SUCCESS
get_all_players: SUCCESS
174
155
31
15
129
67
152
6
get_all_players: SUCCESS
128
139
124
30
126
102
remove_team: FAILURE
get_all_players_count: SUCCESS, 21
remove_team: FAILURE
get_team_points: SUCCESS, 6492
get_top_scorer: SUCCESS, 196
unite_teams: FAILURE
play_match: FAILURE
get_team_points: SUCCESS, 790
get_all_players: SUCCESS
69
122
147
103
156
23
117
92
49
get_closest_player: SUCCESS, 73
knockout_winner: SUCCESS, 20
knockout_winner: SUCCESS, 19
knockout_winner: FAILURE
knockout_winner: FAILURE
knockout_winner: INVALID_INPUT
get_team_points: SUCCESS, 10218
unite_teams: INVALID_INPUT
update_player_stats: SUCCESS
update_player_stats: SUCCESS
get_team_points: SUCCESS, 790
get_all_players: SUCCESS
91
40
55
153
198
181
7
get_all_players: SUCCESS
137
19
133
178
101
119
get_num_played_games: SUCCESS, 9359
knockout_winner: SUCCESS, 7
knockout_winner: INVALID_INPUT
knockout_winner: INVALID_INPUT
knockout_winner: SUCCESS, 19
knockout_winner: SUCCESS, 7
play_match: FAILURE
remove_player: SUCCESS
play_match: FAILURE
add_player: FAILURE
play_match: FAILURE
remove_team: FAILURE
get_all_players_count: SUCCESS, 9
get_num_played_games: SUCCESS, 9224
get_all_players_count: SUCCESS, 16
knockout_winner: FAILURE
knockout_winner: INVALID_INPUT
knockout_winner: INVALID_INPUT
knockout_winner: FAILURE
knockout_winner: INVALID_INPUT
get_team_points: SUCCESS, 190
play_match: FAILURE
remove_player: SUCCESS
remove_player: SUCCESS
get_closest_player: SUCCESS, 190
play_match: FAILURE
get_all_players: SUCCESS
194
189
32
83
33
10
66
21
42
196
add_team: FAILURE
get_all_players_count: SUCCESS, 5
remove_team: FAILURE
remove_team: FAILURE
get_all_players: SUCCESS
174
155
31
15
129
67
152
6
get_all_players: SUCCESS
39
142
60
195
71
get_all_players: SUCCESS
109
146
106
94
80
18
50
95
87
43
remove_team: FAILURE
play_match: FAILURE
get_all_players_count: SUCCESS, 9
add_player: FAILURE
add_team: FAILURE
remove_player: SUCCESS
unite_teams: FAILURE
remove_team: FAILURE
get_num_played_games: SUCCESS, 3933
remove_team: FAILURE
get_all_players_count: SUCCESS, 8
remove_team: FAILURE
play_match: FAILURE
get_all_players_count: SUCCESS, 5
remove_team: FAILURE
get_team_points: SUCCESS, 10714
add_team: FAILURE
remove_team: FAILURE
play_match: FAILURE
unite_teams: FAILURE
knockout_winner: FAILURE
knockout_winner: SUCCESS, 7
knockout_winner: FAILURE
knockout_winner: FAILURE
knockout_winner: INVALID_INPUT
knockout_winner: FAILURE
knockout_winner: SUCCESS, 19
knockout_winner: FAILURE
knockout_winner: SUCCESS, 19
knockout_winner: INVALID_INPUT
update_player_stats: SUCCESS
get_all_players: SUCCESS
174
155
31
15
129
67
152
6
get_all_players: SUCCESS
128
139
124
30
126
102
get_top_scorer: SUCCESS, 121
knockout_winner: SUCCESS, 19
knockout_winner: SUCCESS, 19
knockout_winner: SUCCESS, 7
knockout_winner: SUCCESS, 19
knockout_winner: INVALID_INPUT
knockout_winner: FAILURE
knockout_winner: SUCCESS, 7
knockout_winner: FAILURE
knockout_winner: FAILURE
knockout_winner: INVALID_INPUT
add_team: FAILURE
get_team_points: SUCCESS, 7417
get_team_points: SUCCESS, 249
get_team_points: SUCCESS, 10218
get_all_players_count: SUCCESS, 6
remove_player: SUCCESS
unite_teams: FAILURE
knockout_winner: SUCCESS, 7
knockout_winner: INVALID_INPUT
knockout_winner: INVALID_INPUT
knockout_winner: SUCCESS, 19
knockout_winner: FAILURE
update_player_stats: SUCCESS
add_team: FAILURE
add_player: FAILURE
get_all_players: SUCCESS
130
135
48
173
28
97
1
74
158
46
70
update_player_stats: SUCCESS
remove_team: FAILURE
add_player: FAILURE
get_num_played_games: SUCCESS, 5703
add_player: FAILURE
update_player_stats: SUCCESS
get_team_points: SUCCESS, 10562
remove_team: FAILURE
get_team_points: SUCCESS, 10871
get_num_played_games: SUCCESS, 11195
knockout_winner: FAILURE
knockout_winner: SUCCESS, 19
knockout_winner: FAILURE
knockout_winner: SUCCESS, 19
knockout_winner: INVALID_INPUT
get_top_scorer: SUCCESS, 10
get_top_scorer: SUCCESS, 7
get_team_points: SUCCESS, 47
remove_player: SUCCESS
update_player_stats: SUCCESS
play_match: FAILURE
add_team: FAILURE
get_all_players_count: SUCCESS, 7
get_closest_player: SUCCESS, 89
get_team_points: SUCCESS, 10218
get_team_points: SUCCESS, 9707
get_top_scorer: SUCCESS, 7
play_match: FAILURE
update_player_stats: SUCCESS
remove_player: SUCCESS
get_team_points: SUCCESS, 10218
play_match: FAILURE
knockout_winner: SUCCESS, 20
knockout_winner: SUCCESS, 19
knockout_winner: FAILURE
knockout_winner: FAILURE
knockout_winner: INVALID_INPUT
get_closest_player: SUCCESS, 173
update_player_stats: SUCCESS
add_team: FAILURE
update_player_stats: SUCCESS
unite_teams: FAILURE
play_match: FAILURE
update_player_stats: SUCCESS
knockout_winner: FAILURE
knockout_winner: SUCCESS, 19
knockout_winner: SUCCESS, 7
knockout_winner: SUCCESS, 19
knockout_winner: INVALID_INPUT
knockout_winner: SUCCESS, 19
knockout_winner: SUCCESS, 19
knockout_winner: FAILURE
knockout_winner: FAILURE
knockout_winner: INVALID_INPUT
get_top_scorer: SUCCESS, 139
get_closest_player: SUCCESS, 6
get_all_players_count: SUCCESS, 10
unite_teams: FAILURE
knockout_winner: SUCCESS, 19
knockout_winner: SUCCESS, 19
knockout_winner: SUCCESS, 7
knockout_winner: SUCCESS, 19
knockout_winner: INVALID_INPUT
get_all_players: SUCCESS
174
155
31
15
129
67
152
6
get_team_points: SUCCESS, 190
get_all_players: SUCCESS
130
135
48
173
28
1
74
158
46
97
70
add_team: FAILURE
remove_player: SUCCESS
get_all_players: SUCCESS
180
44
112
63
127
136
166
20
138
unite_teams: INVALID_INPUT
add_team: FAILURE
play_match: FAILURE
unite_teams: SUCCESS
get_team_points: SUCCESS, 993
add_team: FAILURE
get_closest_player: SUCCESS, 79
update_player_stats: SUCCESS
get_closest_player: SUCCESS, 164
get_all_players: SUCCESS
39
142
60
195
71
add_player: FAILURE
add_player: FAILURE
update_player_stats: SUCCESS
remove_player: SUCCESS
add_player: FAILURE
add_player: FAILURE
remove_team: FAILURE
remove_player: SUCCESS
get_num_played_games: SUCCESS, 6524
add_team: FAILURE
get_all_players_count: SUCCESS, 5
get_closest_player: SUCCESS, 185
get_top_scorer: SUCCESS, 190
add_player: FAILURE
get_team_points: SUCCESS, 10218
get_team_points: SUCCESS, 993
add_team: FAILURE
get_all_players_count: SUCCESS, 8
get_top_scorer: SUCCESS, 7
unite_teams: INVALID_INPUT
add_team: FAILURE
knockout_winner: SUCCESS, 19
knockout_winner: SUCCESS, 19
knockout_winner: FAILURE
knockout_winner: FAILURE
knockout_winner: INVALID_INPUT
get_num_played_games: SUCCESS, 8158
unite_teams: FAILURE
get_all_players: SUCCESS
35
123
141
115
81
150
157
110
update_player_stats: SUCCESS
remove_team: FAILURE
update_player_stats: SUCCESS
get_all_players_count: SUCCESS, 6
add_team: FAILURE
play_match: FAILURE
get_closest_player: SUCCESS, 118
get_num_played_games: SUCCESS, 162
get_all_players_count: SUCCESS, 5
remove_team: FAILURE
get_num_played_games: SUCCESS, 4792
get_top_scorer: SUCCESS, 7
unite_teams: FAILURE
add_player: FAILURE
add_player: FAILURE
get_all_players: SUCCESS
174
155
31
15
129
67
152
6
update_player_stats: SUCCESS
get_all_players: SUCCESS
122
147
69
103
156
23
117
49
get_top_scorer: SUCCESS, 119
get_team_points: SUCCESS, 790
get_team_points: SUCCESS, 10562
get_all_players: SUCCESS
137
19
133
178
101
119
remove_team: FAILURE
get_closest_player: SUCCESS, 15
knockout_winner: INVALID_INPUT
knockout_winner: FAILURE
knockout_winner: INVALID_INPUT
knockout_winner: INVALID_INPUT
knockout_winner: INVALID_INPUT
update_player_stats: SUCCESS
knockout_winner: SUCCESS, 7
knockout_winner: INVALID_INPUT
knockout_winner: INVALID_INPUT
knockout_winner: SUCCESS, 7
knockout_winner: SUCCESS, 7
get_top_scorer: SUCCESS, 119
play_match: FAILURE
get_num_played_games: SUCCESS, 2765
update_player_stats: SUCCESS
remove_player: SUCCESS
add_player: FAILURE
remove_player: SUCCESS
get_all_players: SUCCESS
47
200
116
135
159
48
68
173
130
27
162
140
28
1
182
36
88
113
158
46
53
167
134
179
172
97
125
24
70
play_match: FAILURE
add_player: FAILURE
add_team: FAILURE
get_num_played_games: SUCCESS, 7568
add_team: FAILURE
get_top_scorer: SUCCESS, 77
add_team: FAILURE
update_player_stats: SUCCESS
get_top_scorer: SUCCESS, 110
get_team_points: SUCCESS, 10714
get_team_points: SUCCESS, 7722
remove_team: FAILURE
knockout_winner: FAILURE
knockout_winner: SUCCESS, 19
knockout_winner: FAILURE
knockout_winner: FAILURE
knockout_winner: INVALID_INPUT
play_match: FAILURE
knockout_winner: SUCCESS, 7
knockout_winner: SUCCESS, 19
knockout_winner: SUCCESS, 7
knockout_winner: SUCCESS, 19
knockout_winner: INVALID_INPUT
remove_player: SUCCESS
add_player: FAILURE
knockout_winner: FAILURE
knockout_winner: SUCCESS, 19
knockout_winner: SUCCESS, 7
knockout_winner: SUCCESS, 19
knockout_winner: INVALID_INPUT
add_player: FAILURE
get_closest_player: SUCCESS, 183
get_all_players_count: SUCCESS, 9
add_player: FAILURE
get_all_players_count: SUCCESS, 9
get_all_players: SUCCESS
194
189
32
83
33
66
21
196
10
get_all_players_count: SUCCESS, 8
add_team: FAILURE
play_match: FAILURE
get_team_points: SUCCESS, 790
unite_teams: FAILURE
get_team_points: SUCCESS, 10218
get_all_players: SUCCESS
148
118
108
2
190
get_all_players: SUCCESS
148
118
108
2
190
knockout_winner: FAILURE
knockout_winner: SUCCESS, 19
knockout_winner: FAILURE
knockout_winner: SUCCESS, 19
knockout_winner: INVALID_INPUT
unite_teams: FAILURE
knockout_winner: SUCCESS, 19
knockout_winner: SUCCESS, 19
knockout_winner: FAILURE
knockout_winner: FAILURE
knockout_winner: INVALID_INPUT
add_player: FAILURE
get_all_players: SUCCESS
194
189
32
83
33
66
21
196
10
add_player: FAILURE
get_team_points: SUCCESS, 6492
knockout_winner: FAILURE
knockout_winner: SUCCESS, 7
knockout_winner: FAILURE
knockout_winner: FAILURE
knockout_winner: INVALID_INPUT
play_match: FAILURE
get_num_played_games: SUCCESS, 652
update_player_stats: SUCCESS
get_team_points: SUCCESS, 30004
play_match: FAILURE
get_all_players: SUCCESS
47
200
116
135
159
48
68
173
27
162
140
28
1
130
182
36
88
113
158
46
53
167
134
179
172
97
125
24
70
get_num_played_games: SUCCESS, 5406
add_team: FAILURE
get_top_scorer: SUCCESS, 7
get_team_points: SUCCESS, 190
unite_teams: FAILURE
remove_team: FAILURE
add_player: FAILURE
update_player_stats: SUCCESS
add_team: FAILURE
get_team_points: SUCCESS, 993
get_all_players_count: SUCCESS, 5
get_all_players_count: SUCCESS, 9
get_all_players_count: SUCCESS, 9
get_team_points: SUCCESS, 47
get_all_players: SUCCESS
175
185
86
29
193
57
3
13
121
get_team_points: SUCCESS, 47
unite_teams: FAILURE
get_num_played_games: SUCCESS, 12031
get_num_played_games: SUCCESS, 12031
unite_teams: FAILURE
get_team_points: SUCCESS, 10714
get_closest_player: SUCCESS, 12
update_player_stats: SUCCESS
knockout_winner: FAILURE
knockout_winner: SUCCESS, 19
knockout_winner: FAILURE
knockout_winner: SUCCESS, 19
knockout_winner: INVALID_INPUT
get_num_played_games: SUCCESS, 11565
add_team: FAILURE
remove_team: FAILURE
remove_player: SUCCESS
update_player_stats: SUCCESS
get_team_points: SUCCESS, 10871
play_match: FAILURE
get_all_players_count: SUCCESS, 9
add_player: FAILURE
remove_team: FAILURE
get_num_played_games: SUCCESS, 2966
remove_player: SUCCESS
add_player: FAILURE
play_match: FAILURE
update_player_stats: SUCCESS
get_closest_player: SUCCESS, 179
get_all_players_count: SUCCESS, 9
add_team: FAILURE
get_team_points: SUCCESS, 10283
remove_team: FAILURE
play_match: FAILURE
unite_teams: FAILURE
get_top_scorer: SUCCESS, 138
play_match: FAILURE
remove_player: SUCCESS
add_team: FAILURE
add_team: FAILURE
update_player_stats: SUCCESS
play_match: FAILURE
play_match: FAILURE
update_player_stats: SUCCESS
get_all_players_count: SUCCESS, 15
remove_player: SUCCESS
add_team: FAILURE
unite_teams: FAILURE
get_top_scorer: SUCCESS, 119
get_all_players_count: SUCCESS, 7
remove_player: SUCCESS
get_all_players: SUCCESS
35
123
141
115
81
150
157
110
add_team: FAILURE
remove_team: FAILURE
add_team: FAILURE
get_closest_player: SUCCESS, 102
knockout_winner: FAILURE
knockout_winner: SUCCESS, 19
knockout_winner: FAILURE
knockout_winner: SUCCESS, 19
knockout_winner: INVALID_INPUT
update_player_stats: SUCCESS
get_team_points: SUCCESS, 10218
update_player_stats: SUCCESS
remove_player: SUCCESS
remove_player: SUCCESS
get_all_players_count: SUCCESS, 15
add_team: FAILURE
add_team: FAILURE
get_num_played_games: SUCCESS, 5355
add_team: FAILURE
get_team_points: SUCCESS, 10353
update_player_stats: SUCCESS
get_closest_player: SUCCESS, 191
remove_player: SUCCESS
get_num_played_games: SUCCESS, 2276
get_all_players: SUCCESS
191
9
52
199
154
143
12
64
58
add_team: FAILURE
remove_team: FAILURE
add_player: FAILURE
get_num_played_games: SUCCESS, 6273
get_num_played_games: SUCCESS, 11837
get_num_played_games: SUCCESS, 10325
get_closest_player: SUCCESS, 118
update_player_stats: SUCCESS
get_num_played_games: SUCCESS, 4974
get_all_players_count: SUCCESS, 7
knockout_winner: SUCCESS, 7
knockout_winner: SUCCESS, 7
knockout_winner: FAILURE
knockout_winner: FAILURE
knockout_winner: INVALID_INPUT
get_num_played_games: SUCCESS, 5406
unite_teams: FAILURE
update_player_stats: SUCCESS
add_player: FAILURE
get_top_scorer: SUCCESS, 6
get_team_points: SUCCESS, 190
get_all_players: SUCCESS
91
40
55
153
198
181
7
unite_teams: FAILURE
remove_player: SUCCESS
knockout_winner: SUCCESS, 7
knockout_winner: INVALID_INPUT
knockout_winner: INVALID_INPUT
knockout_winner: SUCCESS, 7
knockout_winner: INVALID_INPUT
knockout_winner: FAILURE
knockout_winner: SUCCESS, 7
knockout_winner: FAILURE
knockout_winner: FAILURE
knockout_winner: INVALID_INPUT
unite_teams: INVALID_INPUT
get_closest_player: SUCCESS, 44
get_closest_player: SUCCESS, 71
get_team_points: SUCCESS, 9754
remove_team: FAILURE
play_match: FAILURE
update_player_stats: SUCCESS
get_closest_player: SUCCESS, 29
get_all_players: SUCCESS
100
164
111
145
170
22
73
8
120
93
82
11
144
59
4
update_player_stats: SUCCESS
get_all_players: SUCCESS
137
19
133
178
101
119
get_num_played_games: SUCCESS, 14254
get_team_points: SUCCESS, 6492
unite_teams: FAILURE
update_player_stats: SUCCESS
get_all_players: SUCCESS
91
40
55
153
198
181
7
add_player: FAILURE
unite_teams: FAILURE
add_player: FAILURE
unite_teams: FAILURE
update_player_stats: SUCCESS
get_all_players_count: SUCCESS, 5
add_player: FAILURE
add_team: FAILURE
remove_team: FAILURE
get_top_scorer: SUCCESS, 30
get_team_points: SUCCESS, 249
remove_team: FAILURE
get_all_players: SUCCESS
175
185
86
29
193
57
3
13
121
get_closest_player: SUCCESS, 155
add_team: FAILURE
get_num_played_games: SUCCESS, 1849
play_match: INVALID_INPUT
remove_player: SUCCESS
remove_player: SUCCESS
play_match: FAILURE
get_top_scorer: SUCCESS, 7
remove_team: FAILURE
get_all_players_count: SUCCESS, 7
get_all_players: SUCCESS
174
155
15
129
67
152
6
get_all_players: SUCCESS
194
189
32
83
33
66
196
10
21
knockout_winner: SUCCESS, 19
knockout_winner: SUCCESS, 19
knockout_winner: FAILURE
knockout_winner: FAILURE
knockout_winner: INVALID_INPUT
unite_teams: FAILURE
update_player_stats: SUCCESS
get_all_players_count: SUCCESS, 5
remove_team: FAILURE
get_team_points: SUCCESS, 7417
play_match: FAILURE
add_player: FAILURE
update_player_stats: SUCCESS
play_match: FAILURE
get_closest_player: SUCCESS, 88
remove_player: SUCCESS
remove_player: SUCCESS
get_all_players: SUCCESS
91
40
153
198
55
181
7
play_match: FAILURE
get_closest_player: SUCCESS, 20
update_player_stats: SUCCESS
update_player_stats: SUCCESS
remove_team: FAILURE
update_player_stats: SUCCESS
get_all_players: SUCCESS
137
133
178
101
119
remove_player: SUCCESS
remove_player: SUCCESS
get_all_players: SUCCESS
108
148
get_team_points: SUCCESS, 10283
remove_team: FAILURE
add_player: FAILURE
remove_team: FAILURE
get_num_played_games: SUCCESS, 10585
get_top_scorer: SUCCESS, 119
add_team: FAILURE
get_team_points: SUCCESS, 7722
get_all_players: SUCCESS
147
103
156
23
122
49
117
add_player: FAILURE
knockout_winner: SUCCESS, 7
knockout_winner: SUCCESS, 7
knockout_winner: FAILURE
knockout_winner: FAILURE
knockout_winner: INVALID_INPUT
get_all_players: SUCCESS
35
141
115
81
157
150
110
add_player: FAILURE
unite_teams: SUCCESS
get_closest_player: SUCCESS, 140
get_all_players_count: SUCCESS, 8
add_team: FAILURE
remove_player: SUCCESS
get_closest_player: SUCCESS, 162
get_all_players: SUCCESS
191
9
52
199
154
12
64
143
58
get_closest_player: SUCCESS, 180
play_match: FAILURE
get_closest_player: SUCCESS, 8
update_player_stats: SUCCESS
add_player: FAILURE
add_team: FAILURE
get_team_points: SUCCESS, 6492
remove_team: FAILURE
get_team_points: SUCCESS, 7417
remove_team: FAILURE
remove_player: SUCCESS
add_player: FAILURE
get_all_players_count: SUCCESS, 4
get_num_played_games: SUCCESS, 9390
remove_team: FAILURE
remove_player: SUCCESS
update_player_stats: SUCCESS
remove_player: SUCCESS
remove_team: FAILURE
play_match: FAILURE
knockout_winner: FAILURE
knockout_winner: SUCCESS, 19
knockout_winner: SUCCESS, 5
knockout_winner: SUCCESS, 19
knockout_winner: INVALID_INPUT
get_all_players: SUCCESS
183
41
176
76
add_team: FAILURE
remove_player: SUCCESS
get_team_points: SUCCESS, 47
get_closest_player: SUCCESS, 53
get_all_players_count: SUCCESS, 4
remove_team: FAILURE
get_num_played_games: SUCCESS, 14349
get_closest_player: SUCCESS, 11
knockout_winner: FAILURE
knockout_winner: SUCCESS, 19
knockout_winner: FAILURE
knockout_winner: FAILURE
knockout_winner: INVALID_INPUT
knockout_winner: FAILURE
knockout_winner: INVALID_INPUT
knockout_winner: INVALID_INPUT
knockout_winner: SUCCESS, 7
knockout_winner: INVALID_INPUT
unite_teams: FAILURE
update_player_stats: SUCCESS
remove_player: SUCCESS
get_closest_player: SUCCESS, 172
get_top_scorer: SUCCESS, 119
remove_team: FAILURE
get_top_scorer: SUCCESS, 110
unite_teams: FAILURE
add_team: FAILURE
get_all_players: SUCCESS
91
40
153
198
7
get_closest_player: SUCCESS, 76
get_all_players_count: SUCCESS, 28
update_player_stats: SUCCESS
get_num_played_games: SUCCESS, 6273
remove_team: FAILURE
update_player_stats: SUCCESS
play_match: FAILURE
remove_player: SUCCESS
remove_player: SUCCESS
remove_player: SUCCESS
remove_player: SUCCESS
remove_player: SUCCESS
remove_player: SUCCESS
remove_player: SUCCESS
remove_player: SUCCESS
remove_player: SUCCESS
remove_player: SUCCESS
remove_player: SUCCESS
remove_player: SUCCESS
remove_player: SUCCESS
remove_player: SUCCESS
remove_player: SUCCESS
remove_player: SUCCESS
remove_player: SUCCESS
remove_player: SUCCESS
remove_player: SUCCESS
remove_player: SUCCESS
remove_player: SUCCESS
remove_player: SUCCESS
remove_player: SUCCESS
remove_player: SUCCESS
remove_player: SUCCESS
remove_player: SUCCESS
remove_player: SUCCESS
remove_player: SUCCESS
remove_player: SUCCESS
remove_player: SUCCESS
remove_player: SUCCESS
remove_player: SUCCESS
remove_player: SUCCESS
remove_player: SUCCESS
remove_player: SUCCESS
remove_player: SUCCESS
remove_player: SUCCESS
remove_player: SUCCESS
remove_player: SUCCESS
remove_player: SUCCESS
remove_player: SUCCESS
remove_player: SUCCESS
remove_player: SUCCESS
remove_player: SUCCESS
remove_player: SUCCESS
remove_player: SUCCESS
remove_player: SUCCESS
remove_player: SUCCESS
remove_player: SUCCESS
remove_player: SUCCESS
remove_player: SUCCESS
remove_player: SUCCESS
remove_player: SUCCESS
remove_player: SUCCESS
remove_player: SUCCESS
remove_player: SUCCESS
remove_player: SUCCESS
remove_player: SUCCESS
remove_player: SUCCESS
remove_player: SUCCESS
remove_player: SUCCESS
remove_player: SUCCESS
remove_player: SUCCESS
remove_player: SUCCESS
remove_player: SUCCESS
remove_player: SUCCESS
remove_player: SUCCESS
remove_player: SUCCESS
remove_player: SUCCESS
remove_player: SUCCESS
remove_player: SUCCESS
remove_player: SUCCESS
remove_player: SUCCESS
remove_player: SUCCESS
remove_player: SUCCESS
remove_player: SUCCESS
remove_player: SUCCESS
remove_player: SUCCESS
remove_player: SUCCESS
remove_player: SUCCESS
remove_player: SUCCESS
remove_player: SUCCESS
remove_player: SUCCESS
remove_player: SUCCESS
remove_player: SUCCESS
remove_player: SUCCESS
remove_player: SUCCESS
remove_player: SUCCESS
remove_player: SUCCESS
remove_player: SUCCESS
remove_player: SUCCESS
remove_player: SUCCESS
remove_player: SUCCESS
remove_player: SUCCESS
remove_player: SUCCESS
remove_player: SUCCESS
remove_player: SUCCESS
remove_player: SUCCESS
remove_player: SUCCESS
remove_player: SUCCESS
remove_player: SUCCESS
remove_player: SUCCESS
remove_player: SUCCESS
remove_player: SUCCESS
remove_player: SUCCESS
remove_player: SUCCESS
remove_player: SUCCESS
remove_player: SUCCESS
remove_player: SUCCESS
remove_player: SUCCESS
remove_player: SUCCESS
remove_player: SUCCESS
remove_player: SUCCESS
remove_player: SUCCESS
remove_player: SUCCESS
remove_player: SUCCESS
remove_player: SUCCESS
remove_player: SUCCESS
remove_player: SUCCESS
remove_player: SUCCESS
remove_player: SUCCESS
remove_player: SUCCESS
remove_player: SUCCESS
remove_player: SUCCESS
remove_player: SUCCESS
remove_player: SUCCESS
remove_player: SUCCESS
remove_player: SUCCESS
remove_player: SUCCESS
remove_team: SUCCESS
remove_team: SUCCESS
remove_team: SUCCESS
remove_team: SUCCESS
remove_team: SUCCESS
remove_team: SUCCESS
remove_team: SUCCESS
remove_team: SUCCESS
remove_team: SUCCESS
remove_team: SUCCESS
remove_team: SUCCESS
remove_team: SUCCESS
remove_team: SUCCESS
remove_team: SUCCESS
remove_team: SUCCESS
remove_team: SUCCESS
