add_team: SUCCESS
add_team: SUCCESS
add_team: SUCCESS
add_team: SUCCESS
add_team: SUCCESS
add_team: SUCCESS
add_team: SUCCESS
add_team: SUCCESS
add_team: SUCCESS
add_team: SUCCESS
add_team: SUCCESS
add_team: SUCCESS
add_team: SUCCESS
add_team: SUCCESS
add_team: SUCCESS
add_team: SUCCESS
add_team: SUCCESS
add_team: SUCCESS
add_team: SUCCESS
add_team: SUCCESS
add_player: SUCCESS
add_player: SUCCESS
add_player: SUCCESS
add_player: SUCCESS
add_player: SUCCESS
add_player: SUCCESS
add_player: SUCCESS
add_player: SUCCESS
add_player: SUCCESS
add_player: SUCCESS
add_player: SUCCESS
add_player: SUCCESS
add_player: SUCCESS
add_player: SUCCESS
add_player: SUCCESS
add_player: SUCCESS
add_player: SUCCESS
add_player: SUCCESS
add_player: SUCCESS
add_player: SUCCESS
add_player: SUCCESS
add_player: SUCCESS
add_player: SUCCESS
add_player: SUCCESS
add_player: SUCCESS
add_player: SUCCESS
add_player: SUCCESS
add_player: SUCCESS
add_player: SUCCESS
add_player: SUCCESS
add_player: SUCCESS
add_player: SUCCESS
add_player: SUCCESS
add_player: SUCCESS
add_player: SUCCESS
add_player: SUCCESS
add_player: SUCCESS
add_player: SUCCESS
add_player: SUCCESS
add_player: SUCCESS
add_player: SUCCESS
add_player: SUCCESS
add_player: SUCCESS
add_player: SUCCESS
add_player: SUCCESS
add_player: SUCCESS
add_player: SUCCESS
add_player: SUCCESS
add_player: SUCCESS
add_player: SUCCESS
add_player: SUCCESS
add_player: SUCCESS
add_player: SUCCESS
add_player: SUCCESS
add_player: SUCCESS
add_player: SUCCESS
add_player: SUCCESS
add_player: SUCCESS
add_player: SUCCESS
add_player: SUCCESS
add_player: SUCCESS
add_player: SUCCESS
add_player: SUCCESS
add_player: SUCCESS
add_player: SUCCESS
add_player: SUCCESS
add_player: SUCCESS
add_player: SUCCESS
add_player: SUCCESS
add_player: SUCCESS
add_player: SUCCESS
add_player: SUCCESS
add_player: SUCCESS
add_player: SUCCESS
add_player: SUCCESS
add_player: SUCCESS
add_player: SUCCESS
add_player: SUCCESS
add_player: SUCCESS
add_player: SUCCESS
add_player: SUCCESS
add_player: SUCCESS
add_player: SUCCESS
add_player: SUCCESS
add_player: SUCCESS
add_player: SUCCESS
add_player: SUCCESS
add_player: SUCCESS
add_player: SUCCESS
add_player: SUCCESS
add_player: SUCCESS
add_player: SUCCESS
add_player: SUCCESS
add_player: SUCCESS
add_player: SUCCESS
add_player: SUCCESS
add_player: SUCCESS
add_player: SUCCESS
add_player: SUCCESS
add_player: SUCCESS
add_player: SUCCESS
add_player: SUCCESS
add_player: SUCCESS
add_player: SUCCESS
add_player: SUCCESS
add_player: SUCCESS
add_player: SUCCESS
add_player: SUCCESS
add_player: SUCCESS
add_player: SUCCESS
add_player: SUCCESS
add_player: SUCCESS
add_player: SUCCESS
add_player: SUCCESS
add_player: SUCCESS
add_player: SUCCESS
add_player: SUCCESS
add_player: SUCCESS
add_player: SUCCESS
add_player: SUCCESS
add_player: SUCCESS
add_player: SUCCESS
add_player: SUCCESS
add_player: SUCCESS
add_player: SUCCESS
add_player: SUCCESS
add_player: SUCCESS
add_player: SUCCESS
add_player: SUCCESS
add_player: SUCCESS
add_player: SUCCESS
add_player: SUCCESS
add_player: SUCCESS
add_player: SUCCESS
add_player: SUCCESS
add_player: SUCCESS
add_player: SUCCESS
add_player: SUCCESS
add_player: SUCCESS
add_player: SUCCESS
add_player: SUCCESS
add_player: SUCCESS
add_player: SUCCESS
add_player: SUCCESS
add_player: SUCCESS
add_player: SUCCESS
add_player: SUCCESS
add_player: SUCCESS
add_player: SUCCESS
add_player: SUCCESS
add_player: SUCCESS
add_player: SUCCESS
add_player: SUCCESS
add_player: SUCCESS
add_player: SUCCESS
add_player: SUCCESS
add_player: SUCCESS
add_player: SUCCESS
add_player: SUCCESS
add_player: SUCCESS
add_player: SUCCESS
add_player: SUCCESS
add_player: SUCCESS
add_player: SUCCESS
add_player: SUCCESS
add_player: SUCCESS
add_player: SUCCESS
add_player: SUCCESS
add_player: SUCCESS
add_player: SUCCESS
add_player: SUCCESS
add_player: SUCCESS
add_player: SUCCESS
add_player: SUCCESS
add_player: SUCCESS
add_player: SUCCESS
add_player: SUCCESS
add_player: SUCCESS
add_player: SUCCESS
add_player: SUCCESS
add_player: SUCCESS
add_player: SUCCESS
add_player: SUCCESS
add_player: SUCCESS
add_player: SUCCESS
add_player: SUCCESS
add_player: SUCCESS
add_player: SUCCESS
add_player: SUCCESS
add_player: SUCCESS
add_player: SUCCESS
add_player: SUCCESS
add_player: SUCCESS
add_player: SUCCESS
add_player: SUCCESS
add_player: SUCCESS
add_player: SUCCESS
add_player: SUCCESS
add_player: SUCCESS
add_player: SUCCESS
get_num_played_games: SUCCESS, 7825
remove_player: SUCCESS
play_match: FAILURE
play_match: FAILURE
get_all_players: SUCCESS
71
100
61
168
39
108
82
145
16
196
159
remove_team: FAILURE
play_match: FAILURE
get_top_scorer: SUCCESS, 2
get_team_points: SUCCESS, 10821
play_match: FAILURE
knockout_winner: SUCCESS, 20
knockout_winner: SUCCESS, 14
knockout_winner: SUCCESS, 14
knockout_winner: FAILURE
knockout_winner: INVALID_INPUT
unite_teams: FAILURE
add_team: FAILURE
remove_player: SUCCESS
knockout_winner: SUCCESS, 6
knockout_winner: SUCCESS, 6
knockout_winner: SUCCESS, 5
knockout_winner: SUCCESS, 14
knockout_winner: INVALID_INPUT
remove_player: SUCCESS
get_team_points: SUCCESS, 11612
knockout_winner: SUCCESS, 14
knockout_winner: SUCCESS, 6
knockout_winner: SUCCESS, 6
knockout_winner: SUCCESS, 20
knockout_winner: INVALID_INPUT
unite_teams: FAILURE
get_top_scorer: SUCCESS, 20
update_player_stats: SUCCESS
add_team: FAILURE
get_all_players_count: SUCCESS, 11
knockout_winner: FAILURE
knockout_winner: INVALID_INPUT
knockout_winner: INVALID_INPUT
knockout_winner: SUCCESS, 7
knockout_winner: INVALID_INPUT
remove_team: FAILURE
play_match: FAILURE
add_team: FAILURE
remove_player: SUCCESS
remove_player: SUCCESS
remove_player: SUCCESS
add_team: FAILURE
add_player: FAILURE
add_team: FAILURE
add_player: FAILURE
unite_teams: FAILURE
get_closest_player: SUCCESS, 173
get_all_players: SUCCESS
41
146
86
133
191
199
48
get_num_played_games: SUCCESS, 5235
get_team_points: SUCCESS, 11738
play_match: SUCCESS
get_num_played_games: SUCCESS, 487
add_player: FAILURE
remove_team: FAILURE
remove_player: SUCCESS
get_all_players_count: SUCCESS, 6
get_all_players_count: SUCCESS, 11
get_all_players: SUCCESS
71
100
61
168
39
108
82
145
16
196
159
add_team: FAILURE
play_match: FAILURE
remove_player: SUCCESS
get_team_points: SUCCESS, 8502
get_num_played_games: SUCCESS, 10145
remove_team: FAILURE
get_team_points: SUCCESS, 3103
update_player_stats: SUCCESS
get_all_players: SUCCESS
53
62
127
5
129
remove_team: FAILURE
play_match: FAILURE
remove_player: SUCCESS
remove_player: SUCCESS
get_closest_player: SUCCESS, 169
play_match: FAILURE
remove_player: SUCCESS
unite_teams: FAILURE
get_top_scorer: SUCCESS, 113
get_all_players_count: SUCCESS, 7
remove_player: SUCCESS
knockout_winner: SUCCESS, 7
knockout_winner: SUCCESS, 6
knockout_winner: SUCCESS, 6
knockout_winner: SUCCESS, 20
knockout_winner: SUCCESS, 14
play_match: FAILURE
knockout_winner: SUCCESS, 20
knockout_winner: SUCCESS, 20
knockout_winner: SUCCESS, 14
knockout_winner: FAILURE
knockout_winner: INVALID_INPUT
add_player: FAILURE
get_all_players_count: SUCCESS, 8
get_closest_player: SUCCESS, 47
unite_teams: FAILURE
add_team: FAILURE
get_team_points: SUCCESS, 7429
get_closest_player: SUCCESS, 48
add_team: FAILURE
knockout_winner: FAILURE
knockout_winner: SUCCESS, 6
knockout_winner: SUCCESS, 6
knockout_winner: FAILURE
knockout_winner: INVALID_INPUT
get_all_players_count: SUCCESS, 13
play_match: FAILURE
knockout_winner: FAILURE
knockout_winner: SUCCESS, 14
knockout_winner: SUCCESS, 8
knockout_winner: FAILURE
knockout_winner: INVALID_INPUT
get_team_points: SUCCESS, 11612
add_team: FAILURE
remove_team: FAILURE
play_match: FAILURE
get_closest_player: SUCCESS, 68
get_team_points: SUCCESS, 3103
remove_team: FAILURE
get_top_scorer: SUCCESS, 116
get_closest_player: SUCCESS, 138
get_num_played_games: SUCCESS, 573
add_player: FAILURE
get_num_played_games: SUCCESS, 6138
get_team_points: SUCCESS, 155
get_all_players_count: SUCCESS, 11
add_team: FAILURE
get_all_players: SUCCESS
41
146
86
133
191
199
48
get_all_players_count: SUCCESS, 8
unite_teams: FAILURE
get_closest_player: SUCCESS, 97
add_player: FAILURE
unite_teams: FAILURE
knockout_winner: FAILURE
knockout_winner: SUCCESS, 7
knockout_winner: SUCCESS, 7
knockout_winner: FAILURE
knockout_winner: INVALID_INPUT
remove_player: SUCCESS
play_match: FAILURE
knockout_winner: SUCCESS, 14
knockout_winner: SUCCESS, 6
knockout_winner: SUCCESS, 6
knockout_winner: SUCCESS, 20
knockout_winner: INVALID_INPUT
knockout_winner: SUCCESS, 20
knockout_winner: SUCCESS, 20
knockout_winner: FAILURE
knockout_winner: FAILURE
knockout_winner: INVALID_INPUT
unite_teams: FAILURE
get_top_scorer: SUCCESS, 48
add_player: FAILURE
play_match: SUCCESS
update_player_stats: SUCCESS
get_team_points: SUCCESS, 3103
get_team_points: SUCCESS, 429
get_num_played_games: SUCCESS, 10546
unite_teams: FAILURE
remove_player: SUCCESS
add_player: FAILURE
get_all_players_count: SUCCESS, 12
add_player: FAILURE
get_closest_player: SUCCESS, 89
get_all_players: SUCCESS
97
178
194
143
59
93
74
get_all_players: SUCCESS
96
34
75
160
33
31
14
remove_team: FAILURE
get_closest_player: SUCCESS, 85
unite_teams: SUCCESS
add_player: FAILURE
get_all_players_count: SUCCESS, 12
get_num_played_games: SUCCESS, 10453
get_top_scorer: SUCCESS, 159
add_player: FAILURE
get_closest_player: SUCCESS, 62
add_team: FAILURE
unite_teams: FAILURE
play_match: SUCCESS
get_num_played_games: SUCCESS, 5695
get_all_players_count: SUCCESS, 11
remove_team: FAILURE
add_team: FAILURE
get_team_points: SUCCESS, 621
remove_team: FAILURE
get_team_points: SUCCESS, 10844
add_player: FAILURE
get_all_players: SUCCESS
184
43
50
200
99
167
98
79
190
remove_team: FAILURE
get_team_points: SUCCESS, 880
add_player: FAILURE
get_team_points: SUCCESS, 10836
remove_team: FAILURE
get_top_scorer: SUCCESS, 183
update_player_stats: SUCCESS
knockout_winner: SUCCESS, 14
knockout_winner: SUCCESS, 7
knockout_winner: SUCCESS, 7
knockout_winner: SUCCESS, 19
knockout_winner: INVALID_INPUT
unite_teams: FAILURE
unite_teams: FAILURE
get_top_scorer: SUCCESS, 89
play_match: FAILURE
get_closest_player: SUCCESS, 83
get_num_played_games: SUCCESS, 5854
get_closest_player: SUCCESS, 10
get_num_played_games: SUCCESS, 6138
get_all_players: SUCCESS
44
55
6
46
177
knockout_winner: SUCCESS, 14
knockout_winner: SUCCESS, 7
knockout_winner: SUCCESS, 7
knockout_winner: SUCCESS, 20
knockout_winner: INVALID_INPUT
get_team_points: SUCCESS, 7429
add_team: FAILURE
get_all_players: SUCCESS
22
115
68
38
90
60
89
get_closest_player: SUCCESS, 24
get_all_players: SUCCESS
53
62
127
5
129
knockout_winner: SUCCESS, 6
knockout_winner: SUCCESS, 6
knockout_winner: SUCCESS, 6
knockout_winner: SUCCESS, 14
knockout_winner: FAILURE
play_match: SUCCESS
remove_player: SUCCESS
get_num_played_games: SUCCESS, 5951
get_closest_player: SUCCESS, 146
get_all_players_count: SUCCESS, 12
unite_teams: SUCCESS
add_player: FAILURE
get_team_points: SUCCESS, 880
get_team_points: SUCCESS, 11352
get_all_players: SUCCESS
73
150
3
4
188
95
148
113
get_closest_player: SUCCESS, 76
add_team: FAILURE
add_player: FAILURE
get_top_scorer: SUCCESS, 177
update_player_stats: SUCCESS
get_all_players: SUCCESS
184
43
50
200
99
167
98
79
190
remove_player: SUCCESS
play_match: FAILURE
remove_player: SUCCESS
remove_team: FAILURE
add_player: FAILURE
remove_player: SUCCESS
add_player: FAILURE
update_player_stats: SUCCESS
add_player: FAILURE
get_top_scorer: SUCCESS, 137
add_player: FAILURE
get_num_played_games: SUCCESS, 10027
get_team_points: SUCCESS, 155
get_top_scorer: SUCCESS, 151
get_top_scorer: SUCCESS, 151
get_all_players_count: SUCCESS, 7
knockout_winner: SUCCESS, 19
knockout_winner: SUCCESS, 20
knockout_winner: SUCCESS, 6
knockout_winner: SUCCESS, 20
knockout_winner: INVALID_INPUT
remove_team: FAILURE
get_all_players: SUCCESS
35
30
140
45
132
40
149
163
187
92
29
2
183
remove_player: SUCCESS
remove_player: SUCCESS
update_player_stats: SUCCESS
get_team_points: SUCCESS, 429
remove_team: FAILURE
add_player: FAILURE
get_num_played_games: SUCCESS, 3358
update_player_stats: SUCCESS
update_player_stats: SUCCESS
play_match: FAILURE
play_match: FAILURE
add_team: FAILURE
unite_teams: FAILURE
get_closest_player: SUCCESS, 153
add_player: FAILURE
add_player: FAILURE
play_match: FAILURE
knockout_winner: FAILURE
knockout_winner: INVALID_INPUT
knockout_winner: INVALID_INPUT
knockout_winner: SUCCESS, 6
knockout_winner: INVALID_INPUT
add_player: FAILURE
get_all_players_count: SUCCESS, 13
get_team_points: SUCCESS, 11502
get_all_players_count: SUCCESS, 10
play_match: FAILURE
unite_teams: FAILURE
get_team_points: SUCCESS, 10374
get_top_scorer: SUCCESS, 177
add_player: FAILURE
get_all_players: SUCCESS
70
88
107
139
47
156
update_player_stats: SUCCESS
add_player: FAILURE
get_all_players: SUCCESS
22
115
68
38
90
60
89
get_top_scorer: SUCCESS, 177
add_team: FAILURE
play_match: SUCCESS
add_team: FAILURE
get_all_players: SUCCESS
53
62
127
5
129
get_all_players: SUCCESS
125
138
185
153
66
130
128
101
189
85
knockout_winner: SUCCESS, 6
knockout_winner: SUCCESS, 6
knockout_winner: SUCCESS, 6
knockout_winner: FAILURE
knockout_winner: INVALID_INPUT
get_closest_player: SUCCESS, 154
get_top_scorer: SUCCESS, 33
knockout_winner: SUCCESS, 9
knockout_winner: SUCCESS, 20
knockout_winner: SUCCESS, 6
knockout_winner: SUCCESS, 20
knockout_winner: FAILURE
get_top_scorer: SUCCESS, 175
get_team_points: SUCCESS, 11514
play_match: INVALID_INPUT
unite_teams: FAILURE
get_closest_player: SUCCESS, 59
remove_team: FAILURE
unite_teams: FAILURE
get_all_players_count: SUCCESS, 6
unite_teams: FAILURE
remove_player: SUCCESS
get_all_players_count: SUCCESS, 9
unite_teams: FAILURE
get_closest_player: SUCCESS, 177
add_team: FAILURE
play_match: FAILURE
remove_team: FAILURE
play_match: FAILURE
unite_teams: FAILURE
get_all_players: SUCCESS
44
55
6
46
177
unite_teams: FAILURE
add_player: FAILURE
get_num_played_games: SUCCESS, 4867
get_top_scorer: SUCCESS, 183
get_top_scorer: SUCCESS, 151
remove_player: SUCCESS
get_top_scorer: SUCCESS, 85
knockout_winner: SUCCESS, 6
knockout_winner: INVALID_INPUT
knockout_winner: INVALID_INPUT
knockout_winner: SUCCESS, 20
knockout_winner: SUCCESS, 6
get_all_players_count: SUCCESS, 24
remove_player: SUCCESS
get_num_played_games: SUCCESS, 10883
get_team_points: SUCCESS, 3531
get_all_players: SUCCESS
155
192
181
124
94
28
17
knockout_winner: SUCCESS, 6
knockout_winner: INVALID_INPUT
knockout_winner: INVALID_INPUT
knockout_winner: SUCCESS, 20
knockout_winner: SUCCESS, 9
add_player: FAILURE
remove_player: SUCCESS
update_player_stats: SUCCESS
play_match: FAILURE
add_player: FAILURE
get_team_points: SUCCESS, 3103
add_player: FAILURE
get_all_players: SUCCESS
22
115
68
38
90
60
89
remove_team: FAILURE
play_match: FAILURE
add_team: FAILURE
update_player_stats: SUCCESS
remove_team: FAILURE
play_match: FAILURE
add_team: FAILURE
get_num_played_games: SUCCESS, 10292
knockout_winner: SUCCESS, 20
knockout_winner: SUCCESS, 20
knockout_winner: SUCCESS, 9
knockout_winner: SUCCESS, 20
knockout_winner: INVALID_INPUT
unite_teams: FAILURE
get_top_scorer: SUCCESS, 33
unite_teams: FAILURE
get_all_players_count: SUCCESS, 13
get_num_played_games: SUCCESS, 680
remove_team: FAILURE
knockout_winner: SUCCESS, 19
knockout_winner: SUCCESS, 20
knockout_winner: FAILURE
knockout_winner: FAILURE
knockout_winner: INVALID_INPUT
add_team: FAILURE
get_num_played_games: SUCCESS, 9500
get_top_scorer: SUCCESS, 190
get_all_players_count: SUCCESS, 5
get_all_players_count: SUCCESS, 10
add_team: FAILURE
get_top_scorer: SUCCESS, 33
get_all_players_count: SUCCESS, 10
get_all_players: SUCCESS
109
117
197
170
69
173
152
144
36
add_player: FAILURE
knockout_winner: SUCCESS, 6
knockout_winner: INVALID_INPUT
knockout_winner: INVALID_INPUT
knockout_winner: SUCCESS, 9
knockout_winner: INVALID_INPUT
add_team: FAILURE
knockout_winner: SUCCESS, 19
knockout_winner: SUCCESS, 20
knockout_winner: FAILURE
knockout_winner: FAILURE
knockout_winner: INVALID_INPUT
get_top_scorer: SUCCESS, 17
get_top_scorer: SUCCESS, 17
get_closest_player: SUCCESS, 74
remove_player: SUCCESS
remove_player: SUCCESS
get_num_played_games: SUCCESS, 5646
get_num_played_games: SUCCESS, 3996
play_match: FAILURE
remove_team: FAILURE
remove_player: SUCCESS
add_player: FAILURE
get_all_players_count: SUCCESS, 6
knockout_winner: SUCCESS, 19
knockout_winner: SUCCESS, 20
knockout_winner: FAILURE
knockout_winner: FAILURE
knockout_winner: INVALID_INPUT
remove_team: FAILURE
get_num_played_games: SUCCESS, 4942
add_player: FAILURE
add_player: FAILURE
get_team_points: SUCCESS, 6007
get_all_players: SUCCESS
26
15
134
19
81
169
166
52
102
42
105
119
186
12
91
21
67
123
141
154
83
10
151
update_player_stats: SUCCESS
remove_team: FAILURE
unite_teams: FAILURE
get_all_players_count: SUCCESS, 13
get_all_players_count: SUCCESS, 5
get_top_scorer: SUCCESS, 175
get_closest_player: SUCCESS, 173
play_match: FAILURE
remove_player: SUCCESS
get_team_points: SUCCESS, 8599
get_all_players: SUCCESS
73
150
4
95
148
113
get_top_scorer: SUCCESS, 190
get_team_points: SUCCESS, 6128
update_player_stats: SUCCESS
remove_player: SUCCESS
add_team: FAILURE
get_all_players_count: SUCCESS, 10
get_top_scorer: SUCCESS, 156
get_all_players_count: SUCCESS, 10
remove_team: FAILURE
add_team: FAILURE
get_top_scorer: SUCCESS, 48
get_all_players: SUCCESS
70
88
107
139
47
156
remove_team: FAILURE
update_player_stats: SUCCESS
get_all_players: SUCCESS
26
15
134
19
81
169
166
52
102
42
105
119
186
12
91
21
67
123
141
154
83
10
151
get_closest_player: SUCCESS, 120
get_team_points: SUCCESS, 6007
get_all_players: SUCCESS
181
124
94
28
17
155
get_all_players_count: SUCCESS, 7
get_closest_player: SUCCESS, 137
get_num_played_games: SUCCESS, 3750
get_num_played_games: SUCCESS, 7464
remove_team: FAILURE
remove_team: FAILURE
remove_player: SUCCESS
get_closest_player: SUCCESS, 49
get_all_players_count: SUCCESS, 5
get_all_players_count: SUCCESS, 10
get_all_players: SUCCESS
8
23
63
72
84
198
120
175
get_all_players_count: SUCCESS, 8
play_match: FAILURE
get_all_players_count: SUCCESS, 5
add_team: FAILURE
remove_team: FAILURE
get_all_players: SUCCESS
22
115
68
38
90
60
89
unite_teams: FAILURE
play_match: FAILURE
unite_teams: INVALID_INPUT
get_closest_player: SUCCESS, 6
get_closest_player: SUCCESS, 97
add_player: FAILURE
get_all_players: SUCCESS
73
150
95
148
113
get_all_players: SUCCESS
125
138
185
153
66
128
101
189
85
get_all_players_count: SUCCESS, 11
play_match: INVALID_INPUT
update_player_stats: SUCCESS
get_top_scorer: SUCCESS, 113
update_player_stats: SUCCESS
update_player_stats: SUCCESS
play_match: FAILURE
play_match: FAILURE
get_closest_player: SUCCESS, 115
add_player: FAILURE
play_match: FAILURE
add_team: FAILURE
get_closest_player: SUCCESS, 122
get_closest_player: SUCCESS, 174
remove_player: SUCCESS
get_team_points: SUCCESS, 5239
get_num_played_games: SUCCESS, 9932
get_num_played_games: SUCCESS, 10453
remove_player: SUCCESS
get_all_players_count: SUCCESS, 6
get_top_scorer: SUCCESS, 85
get_team_points: SUCCESS, 9292
knockout_winner: SUCCESS, 20
knockout_winner: SUCCESS, 20
knockout_winner: FAILURE
knockout_winner: FAILURE
knockout_winner: INVALID_INPUT
unite_teams: FAILURE
get_num_played_games: SUCCESS, 5726
add_team: FAILURE
get_closest_player: SUCCESS, 62
get_top_scorer: SUCCESS, 67
get_all_players_count: SUCCESS, 9
remove_team: FAILURE
knockout_winner: SUCCESS, 20
knockout_winner: SUCCESS, 20
knockout_winner: SUCCESS, 9
knockout_winner: SUCCESS, 20
knockout_winner: INVALID_INPUT
add_player: FAILURE
update_player_stats: SUCCESS
remove_team: FAILURE
get_all_players: SUCCESS
195
56
193
147
142
172
54
25
171
20
136
knockout_winner: SUCCESS, 6
knockout_winner: SUCCESS, 20
knockout_winner: SUCCESS, 6
knockout_winner: SUCCESS, 20
knockout_winner: FAILURE
get_all_players_count: SUCCESS, 6
play_match: FAILURE
add_team: FAILURE
get_all_players: SUCCESS
125
138
185
153
66
128
101
189
85
get_num_played_games: SUCCESS, 8313
get_all_players: SUCCESS
58
77
9
87
174
121
78
111
137
64
remove_team: FAILURE
knockout_winner: SUCCESS, 19
knockout_winner: SUCCESS, 20
knockout_winner: FAILURE
knockout_winner: FAILURE
knockout_winner: INVALID_INPUT
get_all_players_count: SUCCESS, 23
knockout_winner: SUCCESS, 19
knockout_winner: SUCCESS, 20
knockout_winner: FAILURE
knockout_winner: FAILURE
knockout_winner: INVALID_INPUT
play_match: FAILURE
get_all_players: SUCCESS
184
43
50
200
99
167
98
79
190
play_match: FAILURE
knockout_winner: FAILURE
knockout_winner: SUCCESS, 20
knockout_winner: FAILURE
knockout_winner: FAILURE
knockout_winner: INVALID_INPUT
get_top_scorer: SUCCESS, 89
remove_player: SUCCESS
remove_player: SUCCESS
get_closest_player: SUCCESS, 83
get_top_scorer: SUCCESS, 183
knockout_winner: SUCCESS, 6
knockout_winner: INVALID_INPUT
knockout_winner: INVALID_INPUT
knockout_winner: SUCCESS, 20
knockout_winner: SUCCESS, 9
get_all_players: SUCCESS
71
61
168
39
108
82
16
196
159
add_team: FAILURE
get_closest_player: SUCCESS, 87
remove_player: SUCCESS
unite_teams: FAILURE
add_player: FAILURE
add_team: FAILURE
remove_player: SUCCESS
remove_team: FAILURE
update_player_stats: SUCCESS
get_num_played_games: SUCCESS, 10903
remove_player: SUCCESS
get_top_scorer: SUCCESS, 36
update_player_stats: SUCCESS
get_top_scorer: SUCCESS, 67
knockout_winner: FAILURE
knockout_winner: INVALID_INPUT
knockout_winner: INVALID_INPUT
knockout_winner: FAILURE
knockout_winner: INVALID_INPUT
remove_team: FAILURE
update_player_stats: SUCCESS
remove_team: FAILURE
add_player: FAILURE
add_player: FAILURE
get_all_players: SUCCESS
26
15
134
19
81
169
166
52
102
42
105
119
186
12
91
21
123
141
154
83
10
151
67
remove_player: SUCCESS
get_closest_player: SUCCESS, 169
add_team: FAILURE
get_top_scorer: SUCCESS, 55
get_closest_player: SUCCESS, 32
add_player: FAILURE
update_player_stats: SUCCESS
knockout_winner: SUCCESS, 6
knockout_winner: SUCCESS, 20
knockout_winner: SUCCESS, 6
knockout_winner: SUCCESS, 20
knockout_winner: FAILURE
play_match: FAILURE
get_top_scorer: SUCCESS, 190
update_player_stats: SUCCESS
get_top_scorer: SUCCESS, 183
update_player_stats: SUCCESS
get_num_played_games: SUCCESS, 8566
get_team_points: SUCCESS, 11867
remove_team: FAILURE
remove_player: SUCCESS
get_all_players: SUCCESS
8
23
63
72
84
198
120
175
remove_team: FAILURE
add_team: FAILURE
remove_team: FAILURE
get_closest_player: SUCCESS, 183
remove_player: SUCCESS
get_closest_player: SUCCESS, 155
play_match: FAILURE
unite_teams: SUCCESS
remove_player: SUCCESS
knockout_winner: SUCCESS, 6
knockout_winner: SUCCESS, 20
knockout_winner: SUCCESS, 6
knockout_winner: SUCCESS, 20
knockout_winner: FAILURE
get_all_players_count: SUCCESS, 7
get_num_played_games: SUCCESS, 2208
get_all_players: SUCCESS
181
124
94
28
17
155
remove_player: SUCCESS
remove_team: FAILURE
get_all_players_count: SUCCESS, 9
get_all_players_count: SUCCESS, 10
add_team: FAILURE
get_top_scorer: SUCCESS, 66
knockout_winner: SUCCESS, 20
knockout_winner: SUCCESS, 20
knockout_winner: SUCCESS, 6
knockout_winner: SUCCESS, 20
knockout_winner: FAILURE
get_team_points: SUCCESS, 8770
update_player_stats: SUCCESS
update_player_stats: SUCCESS
update_player_stats: SUCCESS
remove_team: FAILURE
unite_teams: SUCCESS
add_team: FAILURE
get_all_players_count: SUCCESS, 10
get_team_points: SUCCESS, 11609
get_all_players_count: SUCCESS, 8
play_match: SUCCESS
add_player: FAILURE
remove_player: SUCCESS
add_player: FAILURE
get_team_points: SUCCESS, 429
knockout_winner: FAILURE
knockout_winner: SUCCESS, 20
knockout_winner: FAILURE
knockout_winner: FAILURE
knockout_winner: INVALID_INPUT
unite_teams: FAILURE
knockout_winner: FAILURE
knockout_winner: SUCCESS, 20
knockout_winner: SUCCESS, 9
knockout_winner: SUCCESS, 20
knockout_winner: INVALID_INPUT
get_team_points: SUCCESS, 11882
get_top_scorer: SUCCESS, 183
get_all_players_count: SUCCESS, 11
get_all_players_count: SUCCESS, 9
add_team: FAILURE
update_player_stats: SUCCESS
get_team_points: SUCCESS, 8770
get_team_points: SUCCESS, 30970
get_team_points: SUCCESS, 11882
update_player_stats: SUCCESS
update_player_stats: SUCCESS
remove_player: SUCCESS
update_player_stats: SUCCESS
get_top_scorer: SUCCESS, 64
play_match: FAILURE
add_player: FAILURE
remove_player: SUCCESS
remove_player: SUCCESS
get_top_scorer: SUCCESS, 156
add_team: FAILURE
remove_player: SUCCESS
remove_player: SUCCESS
get_top_scorer: SUCCESS, 89
update_player_stats: SUCCESS
remove_team: FAILURE
add_player: FAILURE
get_top_scorer: SUCCESS, 89
play_match: FAILURE
get_top_scorer: SUCCESS, 148
add_player: FAILURE
update_player_stats: SUCCESS
add_player: FAILURE
add_team: FAILURE
get_top_scorer: SUCCESS, 156
remove_team: FAILURE
add_team: FAILURE
get_num_played_games: SUCCESS, 10223
add_player: FAILURE
remove_player: SUCCESS
add_team: FAILURE
get_closest_player: SUCCESS, 189
get_team_points: SUCCESS, 7429
get_team_points: SUCCESS, 9292
remove_player: SUCCESS
get_top_scorer: SUCCESS, 66
get_team_points: SUCCESS, 11616
remove_team: FAILURE
add_player: FAILURE
update_player_stats: SUCCESS
get_closest_player: SUCCESS, 177
add_player: FAILURE
get_top_scorer: SUCCESS, 36
knockout_winner: FAILURE
knockout_winner: SUCCESS, 6
knockout_winner: SUCCESS, 6
knockout_winner: FAILURE
knockout_winner: INVALID_INPUT
get_all_players: SUCCESS
53
127
5
129
62
get_num_played_games: SUCCESS, 11287
add_player: FAILURE
get_team_points: SUCCESS, 6007
remove_team: FAILURE
remove_player: SUCCESS
get_top_scorer: SUCCESS, 159
get_closest_player: SUCCESS, 134
knockout_winner: FAILURE
knockout_winner: SUCCESS, 6
knockout_winner: SUCCESS, 6
knockout_winner: FAILURE
knockout_winner: INVALID_INPUT
play_match: FAILURE
remove_player: SUCCESS
update_player_stats: SUCCESS
play_match: FAILURE
remove_team: FAILURE
play_match: FAILURE
knockout_winner: INVALID_INPUT
knockout_winner: SUCCESS, 6
knockout_winner: INVALID_INPUT
knockout_winner: INVALID_INPUT
knockout_winner: INVALID_INPUT
update_player_stats: SUCCESS
get_all_players: SUCCESS
115
68
38
90
60
89
get_team_points: SUCCESS, 30970
get_num_played_games: SUCCESS, 4807
get_closest_player: SUCCESS, 82
add_player: FAILURE
get_top_scorer: SUCCESS, 66
get_all_players: SUCCESS
115
68
38
90
60
89
get_all_players: SUCCESS
26
15
134
81
169
166
19
102
42
119
186
12
21
123
141
154
10
105
151
52
67
get_all_players_count: SUCCESS, 9
get_team_points: SUCCESS, 429
get_top_scorer: SUCCESS, 120
remove_player: SUCCESS
update_player_stats: SUCCESS
remove_player: SUCCESS
get_top_scorer: SUCCESS, 48
add_player: FAILURE
get_closest_player: SUCCESS, 63
get_num_played_games: SUCCESS, 11314
get_all_players: SUCCESS
195
56
193
147
142
54
25
20
136
get_all_players: SUCCESS
195
56
193
147
142
54
25
20
136
add_team: FAILURE
get_top_scorer: SUCCESS, 67
add_team: FAILURE
add_player: FAILURE
get_closest_player: SUCCESS, 56
knockout_winner: FAILURE
knockout_winner: INVALID_INPUT
knockout_winner: INVALID_INPUT
knockout_winner: SUCCESS, 6
knockout_winner: INVALID_INPUT
get_all_players_count: SUCCESS, 7
get_team_points: SUCCESS, 429
get_num_played_games: SUCCESS, 4895
knockout_winner: SUCCESS, 20
knockout_winner: SUCCESS, 20
knockout_winner: FAILURE
knockout_winner: FAILURE
knockout_winner: INVALID_INPUT
play_match: FAILURE
add_player: FAILURE
add_player: FAILURE
get_closest_player: SUCCESS, 99
add_team: FAILURE
play_match: FAILURE
get_num_played_games: SUCCESS, 15065
get_num_played_games: SUCCESS, 7145
get_num_played_games: SUCCESS, 4728
update_player_stats: SUCCESS
get_all_players: SUCCESS
115
68
38
90
60
89
get_all_players: SUCCESS
109
117
197
170
69
173
152
144
36
knockout_winner: SUCCESS, 6
knockout_winner: SUCCESS, 6
knockout_winner: SUCCESS, 6
knockout_winner: FAILURE
knockout_winner: INVALID_INPUT
get_top_scorer: SUCCESS, 67
get_top_scorer: SUCCESS, 159
get_num_played_games: SUCCESS, 12269
get_team_points: SUCCESS, 155
get_all_players: SUCCESS
30
140
45
149
163
40
187
29
2
92
183
get_all_players_count: SUCCESS, 9
remove_player: SUCCESS
knockout_winner: FAILURE
knockout_winner: SUCCESS, 20
knockout_winner: FAILURE
knockout_winner: FAILURE
knockout_winner: INVALID_INPUT
get_team_points: SUCCESS, 880
update_player_stats: SUCCESS
get_closest_player: SUCCESS, 189
get_team_points: SUCCESS, 30970
get_top_scorer: SUCCESS, 136
get_closest_player: SUCCESS, 197
get_all_players: SUCCESS
70
88
107
47
156
get_team_points: SUCCESS, 6128
get_closest_player: SUCCESS, 63
add_team: FAILURE
update_player_stats: SUCCESS
get_all_players_count: SUCCESS, 7
get_all_players: SUCCESS
30
140
45
149
163
40
187
29
2
92
183
remove_player: SUCCESS
add_player: FAILURE
remove_player: SUCCESS
get_top_scorer: SUCCESS, 156
update_player_stats: SUCCESS
remove_player: SUCCESS
get_num_played_games: SUCCESS, 5955
remove_team: FAILURE
get_team_points: SUCCESS, 10383
add_player: FAILURE
unite_teams: FAILURE
knockout_winner: FAILURE
knockout_winner: SUCCESS, 20
knockout_winner: FAILURE
knockout_winner: SUCCESS, 20
knockout_winner: INVALID_INPUT
get_all_players_count: SUCCESS, 4
knockout_winner: SUCCESS, 20
knockout_winner: SUCCESS, 20
knockout_winner: FAILURE
knockout_winner: SUCCESS, 20
knockout_winner: INVALID_INPUT
knockout_winner: SUCCESS, 19
knockout_winner: SUCCESS, 20
knockout_winner: FAILURE
knockout_winner: FAILURE
knockout_winner: INVALID_INPUT
add_team: FAILURE
update_player_stats: SUCCESS
get_all_players: SUCCESS
181
124
94
17
155
get_top_scorer: SUCCESS, 159
get_num_played_games: SUCCESS, 8596
remove_team: FAILURE
get_team_points: SUCCESS, 155
get_all_players_count: SUCCESS, 22
unite_teams: FAILURE
add_player: FAILURE
unite_teams: FAILURE
get_top_scorer: SUCCESS, 36
get_team_points: SUCCESS, 6128
remove_team: FAILURE
add_player: FAILURE
add_team: FAILURE
update_player_stats: SUCCESS
get_all_players_count: SUCCESS, 20
get_all_players: SUCCESS
127
5
129
62
remove_player: SUCCESS
get_num_played_games: SUCCESS, 10837
get_all_players_count: SUCCESS, 22
unite_teams: FAILURE
remove_team: FAILURE
get_all_players_count: SUCCESS, 7
remove_team: FAILURE
get_num_played_games: SUCCESS, 15065
play_match: FAILURE
get_all_players: SUCCESS
184
43
99
167
98
50
79
get_top_scorer: SUCCESS, 89
knockout_winner: SUCCESS, 19
knockout_winner: SUCCESS, 20
knockout_winner: FAILURE
knockout_winner: FAILURE
knockout_winner: INVALID_INPUT
get_all_players_count: SUCCESS, 4
get_team_points: SUCCESS, 9292
remove_player: SUCCESS
get_top_scorer: SUCCESS, 89
get_closest_player: SUCCESS, 179
add_team: FAILURE
knockout_winner: SUCCESS, 19
knockout_winner: INVALID_INPUT
knockout_winner: INVALID_INPUT
knockout_winner: SUCCESS, 20
knockout_winner: SUCCESS, 6
remove_team: FAILURE
get_all_players_count: SUCCESS, 22
get_team_points: SUCCESS, 11643
update_player_stats: SUCCESS
knockout_winner: FAILURE
knockout_winner: SUCCESS, 6
knockout_winner: SUCCESS, 6
knockout_winner: FAILURE
knockout_winner: INVALID_INPUT
add_player: FAILURE
get_all_players: SUCCESS
96
75
31
33
177
34
46
get_num_played_games: SUCCESS, 7041
get_closest_player: SUCCESS, 66
get_closest_player: SUCCESS, 141
add_team: FAILURE
add_player: FAILURE
knockout_winner: FAILURE
knockout_winner: SUCCESS, 6
knockout_winner: FAILURE
knockout_winner: FAILURE
knockout_winner: INVALID_INPUT
play_match: FAILURE
get_top_scorer: SUCCESS, 89
get_closest_player: SUCCESS, 133
add_team: FAILURE
add_team: FAILURE
get_all_players: SUCCESS
115
68
38
90
60
89
update_player_stats: SUCCESS
remove_team: FAILURE
get_all_players_count: SUCCESS, 7
play_match: FAILURE
play_match: FAILURE
get_closest_player: SUCCESS, 166
add_player: FAILURE
get_team_points: SUCCESS, 10383
get_all_players_count: SUCCESS, 4
get_all_players: SUCCESS
30
140
45
149
163
40
187
29
2
92
183
get_closest_player: SUCCESS, 144
add_team: FAILURE
add_team: FAILURE
unite_teams: FAILURE
unite_teams: FAILURE
play_match: FAILURE
get_num_played_games: SUCCESS, 8289
get_team_points: SUCCESS, 9292
remove_team: FAILURE
get_team_points: SUCCESS, 3103
play_match: FAILURE
get_all_players: SUCCESS
8
23
63
72
84
175
120
remove_team: FAILURE
get_closest_player: SUCCESS, 41
get_team_points: SUCCESS, 30976
get_all_players_count: SUCCESS, 7
get_all_players_count: SUCCESS, 8
knockout_winner: SUCCESS, 20
knockout_winner: SUCCESS, 20
knockout_winner: SUCCESS, 6
knockout_winner: SUCCESS, 20
knockout_winner: INVALID_INPUT
update_player_stats: SUCCESS
update_player_stats: SUCCESS
get_all_players: SUCCESS
96
75
31
33
177
34
46
remove_team: FAILURE
knockout_winner: FAILURE
knockout_winner: SUCCESS, 6
knockout_winner: SUCCESS, 6
knockout_winner: FAILURE
knockout_winner: INVALID_INPUT
update_player_stats: SUCCESS
get_all_players: SUCCESS
184
43
167
98
50
99
79
unite_teams: SUCCESS
remove_player: SUCCESS
unite_teams: FAILURE
add_player: FAILURE
update_player_stats: SUCCESS
add_team: FAILURE
remove_player: SUCCESS
get_num_played_games: SUCCESS, 5955
get_all_players: SUCCESS
41
133
191
86
48
add_player: FAILURE
remove_player: SUCCESS
knockout_winner: INVALID_INPUT
knockout_winner: SUCCESS, 20
knockout_winner: INVALID_INPUT
knockout_winner: INVALID_INPUT
knockout_winner: INVALID_INPUT
remove_team: FAILURE
get_all_players: SUCCESS
8
138
185
23
63
72
128
189
85
153
66
84
175
120
remove_team: FAILURE
get_num_played_games: SUCCESS, 11314
update_player_stats: SUCCESS
add_team: FAILURE
get_closest_player: SUCCESS, 140
add_player: FAILURE
get_num_played_games: SUCCESS, 725
remove_player: SUCCESS
get_top_scorer: SUCCESS, 159
add_team: FAILURE
get_all_players: SUCCESS
70
88
107
156
get_closest_player: SUCCESS, 26
get_closest_player: SUCCESS, 90
play_match: FAILURE
get_team_points: SUCCESS, 9292
get_top_scorer: SUCCESS, 89
get_all_players_count: SUCCESS, 8
update_player_stats: SUCCESS
knockout_winner: FAILURE
knockout_winner: SUCCESS, 17
knockout_winner: FAILURE
knockout_winner: SUCCESS, 17
knockout_winner: INVALID_INPUT
get_all_players: SUCCESS
8
138
185
23
63
72
128
189
85
153
66
84
175
120
remove_team: FAILURE
add_player: FAILURE
play_match: INVALID_INPUT
remove_player: SUCCESS
update_player_stats: SUCCESS
get_closest_player: SUCCESS, 162
add_player: FAILURE
get_all_players: SUCCESS
195
56
193
147
54
25
142
20
136
update_player_stats: SUCCESS
knockout_winner: SUCCESS, 17
knockout_winner: SUCCESS, 20
knockout_winner: FAILURE
knockout_winner: SUCCESS, 20
knockout_winner: INVALID_INPUT
unite_teams: FAILURE
add_player: FAILURE
knockout_winner: SUCCESS, 6
knockout_winner: INVALID_INPUT
knockout_winner: INVALID_INPUT
knockout_winner: FAILURE
knockout_winner: INVALID_INPUT
update_player_stats: SUCCESS
add_player: FAILURE
update_player_stats: SUCCESS
remove_player: SUCCESS
get_team_points: SUCCESS, 11882
update_player_stats: SUCCESS
get_all_players_count: SUCCESS, 7
remove_player: SUCCESS
unite_teams: SUCCESS
get_all_players_count: SUCCESS, 4
knockout_winner: INVALID_INPUT
knockout_winner: SUCCESS, 20
knockout_winner: INVALID_INPUT
knockout_winner: INVALID_INPUT
knockout_winner: INVALID_INPUT
remove_team: FAILURE
get_num_played_games: SUCCESS, 5675
remove_team: FAILURE
update_player_stats: SUCCESS
remove_player: SUCCESS
get_num_played_games: SUCCESS, 7250
unite_teams: FAILURE
get_all_players: SUCCESS
26
15
134
166
19
102
42
186
12
21
123
154
10
105
151
67
52
119
play_match: FAILURE
knockout_winner: INVALID_INPUT
knockout_winner: FAILURE
knockout_winner: INVALID_INPUT
knockout_winner: INVALID_INPUT
knockout_winner: INVALID_INPUT
get_closest_player: SUCCESS, 194
get_team_points: SUCCESS, 6007
get_top_scorer: SUCCESS, 119
update_player_stats: SUCCESS
update_player_stats: SUCCESS
get_top_scorer: SUCCESS, 119
get_team_points: SUCCESS, 11352
update_player_stats: SUCCESS
update_player_stats: SUCCESS
remove_team: FAILURE
knockout_winner: FAILURE
knockout_winner: SUCCESS, 17
knockout_winner: FAILURE
knockout_winner: SUCCESS, 17
knockout_winner: INVALID_INPUT
play_match: FAILURE
unite_teams: FAILURE
get_team_points: SUCCESS, 11609
unite_teams: FAILURE
update_player_stats: SUCCESS
get_closest_player: SUCCESS, 149
update_player_stats: SUCCESS
get_all_players_count: SUCCESS, 5
add_player: FAILURE
play_match: FAILURE
get_all_players: SUCCESS
109
117
170
69
173
152
144
36
197
add_player: FAILURE
get_all_players: SUCCESS
9
77
111
121
87
78
64
get_all_players_count: SUCCESS, 9
knockout_winner: SUCCESS, 17
knockout_winner: SUCCESS, 17
knockout_winner: FAILURE
knockout_winner: SUCCESS, 17
knockout_winner: FAILURE
get_num_played_games: SUCCESS, 8328
get_team_points: SUCCESS, 11673
knockout_winner: FAILURE
knockout_winner: INVALID_INPUT
knockout_winner: INVALID_INPUT
knockout_winner: FAILURE
knockout_winner: INVALID_INPUT
remove_player: SUCCESS
remove_team: FAILURE
get_all_players: SUCCESS
184
43
167
30
98
140
50
149
163
40
99
187
79
29
92
45
183
2
add_team: FAILURE
remove_player: SUCCESS
remove_team: FAILURE
update_player_stats: SUCCESS
add_player: FAILURE
get_team_points: SUCCESS, 8770
update_player_stats: SUCCESS
add_team: FAILURE
get_num_played_games: SUCCESS, 7444
get_num_played_games: SUCCESS, 5480
get_all_players: SUCCESS
184
43
167
30
98
140
50
149
163
40
99
187
79
29
92
183
2
play_match: FAILURE
get_closest_player: SUCCESS, 110
play_match: FAILURE
get_all_players_count: SUCCESS, 4
add_player: FAILURE
knockout_winner: SUCCESS, 15
knockout_winner: SUCCESS, 17
knockout_winner: FAILURE
knockout_winner: SUCCESS, 17
knockout_winner: INVALID_INPUT
remove_player: SUCCESS
get_closest_player: SUCCESS, 87
get_closest_player: SUCCESS, 117
get_top_scorer: SUCCESS, 155
add_team: FAILURE
get_all_players: SUCCESS
70
88
107
156
get_closest_player: SUCCESS, 29
update_player_stats: SUCCESS
play_match: INVALID_INPUT
add_team: FAILURE
knockout_winner: FAILURE
knockout_winner: INVALID_INPUT
knockout_winner: INVALID_INPUT
knockout_winner: FAILURE
knockout_winner: INVALID_INPUT
add_player: FAILURE
get_all_players: SUCCESS
41
86
48
191
get_num_played_games: SUCCESS, 17675
play_match: FAILURE
update_player_stats: SUCCESS
unite_teams: FAILURE
add_team: FAILURE
update_player_stats: SUCCESS
get_all_players_count: SUCCESS, 4
knockout_winner: INVALID_INPUT
knockout_winner: SUCCESS, 17
knockout_winner: INVALID_INPUT
knockout_winner: INVALID_INPUT
knockout_winner: INVALID_INPUT
get_closest_player: SUCCESS, 115
add_player: FAILURE
update_player_stats: SUCCESS
get_top_scorer: SUCCESS, 156
add_team: FAILURE
unite_teams: FAILURE
add_player: FAILURE
get_closest_player: SUCCESS, 82
get_all_players_count: SUCCESS, 4
get_num_played_games: SUCCESS, 12188
get_num_played_games: SUCCESS, 8378
add_team: FAILURE
unite_teams: FAILURE
knockout_winner: INVALID_INPUT
knockout_winner: SUCCESS, 17
knockout_winner: INVALID_INPUT
knockout_winner: INVALID_INPUT
knockout_winner: INVALID_INPUT
knockout_winner: SUCCESS, 15
knockout_winner: SUCCESS, 17
knockout_winner: FAILURE
knockout_winner: SUCCESS, 20
knockout_winner: INVALID_INPUT
get_team_points: SUCCESS, 9291
knockout_winner: INVALID_INPUT
knockout_winner: SUCCESS, 17
knockout_winner: INVALID_INPUT
knockout_winner: INVALID_INPUT
knockout_winner: INVALID_INPUT
add_player: FAILURE
get_num_played_games: SUCCESS, 13589
get_closest_player: SUCCESS, 113
add_player: FAILURE
get_num_played_games: SUCCESS, 7541
remove_player: SUCCESS
remove_team: FAILURE
remove_team: FAILURE
get_closest_player: SUCCESS, 110
get_num_played_games: SUCCESS, 11901
update_player_stats: SUCCESS
get_all_players_count: SUCCESS, 4
play_match: INVALID_INPUT
get_top_scorer: SUCCESS, 64
get_all_players_count: SUCCESS, 21
play_match: SUCCESS
play_match: FAILURE
get_team_points: SUCCESS, 10383
get_team_points: SUCCESS, 11609
remove_team: FAILURE
update_player_stats: SUCCESS
get_all_players: SUCCESS
124
94
181
155
unite_teams: FAILURE
knockout_winner: SUCCESS, 17
knockout_winner: SUCCESS, 17
knockout_winner: SUCCESS, 15
knockout_winner: FAILURE
knockout_winner: INVALID_INPUT
get_num_played_games: SUCCESS, 1438
remove_team: FAILURE
remove_team: FAILURE
unite_teams: INVALID_INPUT
get_top_scorer: SUCCESS, 62
get_all_players: SUCCESS
88
107
70
156
get_top_scorer: SUCCESS, 64
add_player: FAILURE
knockout_winner: SUCCESS, 17
knockout_winner: SUCCESS, 17
knockout_winner: FAILURE
knockout_winner: SUCCESS, 20
knockout_winner: INVALID_INPUT
add_player: FAILURE
get_all_players_count: SUCCESS, 7
add_player: FAILURE
get_closest_player: SUCCESS, 142
get_all_players_count: SUCCESS, 7
remove_team: FAILURE
get_num_played_games: SUCCESS, 5774
remove_team: FAILURE
play_match: FAILURE
add_team: FAILURE
get_team_points: SUCCESS, 7429
get_all_players: SUCCESS
96
31
33
34
46
177
add_player: FAILURE
remove_team: FAILURE
remove_team: FAILURE
get_all_players: SUCCESS
96
31
33
34
46
177
get_num_played_games: SUCCESS, 10293
get_team_points: SUCCESS, 7429
play_match: INVALID_INPUT
get_closest_player: SUCCESS, 54
remove_player: SUCCESS
get_team_points: SUCCESS, 429
add_player: FAILURE
get_num_played_games: SUCCESS, 2095
add_player: FAILURE
update_player_stats: SUCCESS
add_player: FAILURE
get_closest_player: SUCCESS, 43
unite_teams: INVALID_INPUT
get_closest_player: SUCCESS, 149
get_closest_player: SUCCESS, 151
get_all_players_count: SUCCESS, 7
get_top_scorer: SUCCESS, 2
update_player_stats: SUCCESS
remove_team: FAILURE
add_team: FAILURE
get_closest_player: SUCCESS, 116
add_player: FAILURE
add_player: FAILURE
get_team_points: SUCCESS, 11609
get_num_played_games: SUCCESS, 21309
add_player: FAILURE
add_team: FAILURE
get_closest_player: SUCCESS, 138
get_closest_player: SUCCESS, 117
get_team_points: SUCCESS, 7429
get_team_points: SUCCESS, 8599
add_player: FAILURE
get_closest_player: SUCCESS, 49
remove_player: SUCCESS
remove_player: SUCCESS
remove_player: SUCCESS
remove_player: SUCCESS
remove_player: SUCCESS
remove_player: SUCCESS
remove_player: SUCCESS
remove_player: SUCCESS
remove_player: SUCCESS
remove_player: SUCCESS
remove_player: SUCCESS
remove_player: SUCCESS
remove_player: SUCCESS
remove_player: SUCCESS
remove_player: SUCCESS
remove_player: SUCCESS
remove_player: SUCCESS
remove_player: SUCCESS
remove_player: SUCCESS
remove_player: SUCCESS
remove_player: SUCCESS
remove_player: SUCCESS
remove_player: SUCCESS
remove_player: SUCCESS
remove_player: SUCCESS
remove_player: SUCCESS
remove_player: SUCCESS
remove_player: SUCCESS
remove_player: SUCCESS
remove_player: SUCCESS
remove_player: SUCCESS
remove_player: SUCCESS
remove_player: SUCCESS
remove_player: SUCCESS
remove_player: SUCCESS
remove_player: SUCCESS
remove_player: SUCCESS
remove_player: SUCCESS
remove_player: SUCCESS
remove_player: SUCCESS
remove_player: SUCCESS
remove_player: SUCCESS
remove_player: SUCCESS
remove_player: SUCCESS
remove_player: SUCCESS
remove_player: SUCCESS
remove_player: SUCCESS
remove_player: SUCCESS
remove_player: SUCCESS
remove_player: SUCCESS
remove_player: SUCCESS
remove_player: SUCCESS
remove_player: SUCCESS
remove_player: SUCCESS
remove_player: SUCCESS
remove_player: SUCCESS
remove_player: SUCCESS
remove_player: SUCCESS
remove_player: SUCCESS
remove_player: SUCCESS
remove_player: SUCCESS
remove_player: SUCCESS
remove_player: SUCCESS
remove_player: SUCCESS
remove_player: SUCCESS
remove_player: SUCCESS
remove_player: SUCCESS
remove_player: SUCCESS
remove_player: SUCCESS
remove_player: SUCCESS
remove_player: SUCCESS
remove_player: SUCCESS
remove_player: SUCCESS
remove_player: SUCCESS
remove_player: SUCCESS
remove_player: SUCCESS
remove_player: SUCCESS
remove_player: SUCCESS
remove_player: SUCCESS
remove_player: SUCCESS
remove_player: SUCCESS
remove_player: SUCCESS
remove_player: SUCCESS
remove_player: SUCCESS
remove_player: SUCCESS
remove_player: SUCCESS
remove_player: SUCCESS
remove_player: SUCCESS
remove_player: SUCCESS
remove_player: SUCCESS
remove_player: SUCCESS
remove_player: SUCCESS
remove_player: SUCCESS
remove_player: SUCCESS
remove_player: SUCCESS
remove_player: SUCCESS
remove_player: SUCCESS
remove_player: SUCCESS
remove_player: SUCCESS
remove_player: SUCCESS
remove_player: SUCCESS
remove_player: SUCCESS
remove_player: SUCCESS
remove_player: SUCCESS
remove_player: SUCCESS
remove_player: SUCCESS
remove_player: SUCCESS
remove_player: SUCCESS
remove_player: SUCCESS
remove_player: SUCCESS
remove_player: SUCCESS
remove_player: SUCCESS
remove_player: SUCCESS
remove_player: SUCCESS
remove_player: SUCCESS
remove_player: SUCCESS
remove_player: SUCCESS
remove_player: SUCCESS
remove_player: SUCCESS
remove_player: SUCCESS
remove_player: SUCCESS
remove_player: SUCCESS
remove_player: SUCCESS
remove_player: SUCCESS
remove_player: SUCCESS
remove_player: SUCCESS
remove_player: SUCCESS
remove_team: SUCCESS
remove_team: SUCCESS
remove_team: SUCCESS
remove_team: SUCCESS
remove_team: SUCCESS
remove_team: SUCCESS
remove_team: SUCCESS
remove_team: SUCCESS
remove_team: SUCCESS
remove_team: SUCCESS
remove_team: SUCCESS
remove_team: SUCCESS
remove_team: SUCCESS
remove_team: SUCCESS
