add_team: SUCCESS
add_team: SUCCESS
add_team: SUCCESS
add_team: SUCCESS
add_team: SUCCESS
add_team: SUCCESS
add_team: SUCCESS
add_team: SUCCESS
add_team: SUCCESS
add_team: SUCCESS
add_team: SUCCESS
add_team: SUCCESS
add_team: SUCCESS
add_team: SUCCESS
add_team: SUCCESS
add_team: SUCCESS
add_team: SUCCESS
add_team: SUCCESS
add_team: SUCCESS
add_team: SUCCESS
add_player: SUCCESS
add_player: SUCCESS
add_player: SUCCESS
add_player: SUCCESS
add_player: SUCCESS
add_player: SUCCESS
add_player: SUCCESS
add_player: SUCCESS
add_player: SUCCESS
add_player: SUCCESS
add_player: SUCCESS
add_player: SUCCESS
add_player: SUCCESS
add_player: SUCCESS
add_player: SUCCESS
add_player: SUCCESS
add_player: SUCCESS
add_player: SUCCESS
add_player: SUCCESS
add_player: SUCCESS
add_player: SUCCESS
add_player: SUCCESS
add_player: SUCCESS
add_player: SUCCESS
add_player: SUCCESS
add_player: SUCCESS
add_player: SUCCESS
add_player: SUCCESS
add_player: SUCCESS
add_player: SUCCESS
add_player: SUCCESS
add_player: SUCCESS
add_player: SUCCESS
add_player: SUCCESS
add_player: SUCCESS
add_player: SUCCESS
add_player: SUCCESS
add_player: SUCCESS
add_player: SUCCESS
add_player: SUCCESS
add_player: SUCCESS
add_player: SUCCESS
add_player: SUCCESS
add_player: SUCCESS
add_player: SUCCESS
add_player: SUCCESS
add_player: SUCCESS
add_player: SUCCESS
add_player: SUCCESS
add_player: SUCCESS
add_player: SUCCESS
add_player: SUCCESS
add_player: SUCCESS
add_player: SUCCESS
add_player: SUCCESS
add_player: SUCCESS
add_player: SUCCESS
add_player: SUCCESS
add_player: SUCCESS
add_player: SUCCESS
add_player: SUCCESS
add_player: SUCCESS
add_player: SUCCESS
add_player: SUCCESS
add_player: SUCCESS
add_player: SUCCESS
add_player: SUCCESS
add_player: SUCCESS
add_player: SUCCESS
add_player: SUCCESS
add_player: SUCCESS
add_player: SUCCESS
add_player: SUCCESS
add_player: SUCCESS
add_player: SUCCESS
add_player: SUCCESS
add_player: SUCCESS
add_player: SUCCESS
add_player: SUCCESS
add_player: SUCCESS
add_player: SUCCESS
add_player: SUCCESS
add_player: SUCCESS
add_player: SUCCESS
add_player: SUCCESS
add_player: SUCCESS
add_player: SUCCESS
add_player: SUCCESS
add_player: SUCCESS
add_player: SUCCESS
add_player: SUCCESS
add_player: SUCCESS
add_player: SUCCESS
add_player: SUCCESS
add_player: SUCCESS
add_player: SUCCESS
add_player: SUCCESS
add_player: SUCCESS
add_player: SUCCESS
add_player: SUCCESS
add_player: SUCCESS
add_player: SUCCESS
add_player: SUCCESS
add_player: SUCCESS
add_player: SUCCESS
add_player: SUCCESS
add_player: SUCCESS
add_player: SUCCESS
add_player: SUCCESS
add_player: SUCCESS
add_player: SUCCESS
add_player: SUCCESS
add_player: SUCCESS
add_player: SUCCESS
add_player: SUCCESS
add_player: SUCCESS
add_player: SUCCESS
add_player: SUCCESS
add_player: SUCCESS
add_player: SUCCESS
add_player: SUCCESS
add_player: SUCCESS
add_player: SUCCESS
add_player: SUCCESS
add_player: SUCCESS
add_player: SUCCESS
add_player: SUCCESS
add_player: SUCCESS
add_player: SUCCESS
add_player: SUCCESS
add_player: SUCCESS
add_player: SUCCESS
add_player: SUCCESS
add_player: SUCCESS
add_player: SUCCESS
add_player: SUCCESS
add_player: SUCCESS
add_player: SUCCESS
add_player: SUCCESS
add_player: SUCCESS
add_player: SUCCESS
add_player: SUCCESS
add_player: SUCCESS
add_player: SUCCESS
add_player: SUCCESS
add_player: SUCCESS
add_player: SUCCESS
add_player: SUCCESS
add_player: SUCCESS
add_player: SUCCESS
add_player: SUCCESS
add_player: SUCCESS
add_player: SUCCESS
add_player: SUCCESS
add_player: SUCCESS
add_player: SUCCESS
add_player: SUCCESS
add_player: SUCCESS
add_player: SUCCESS
add_player: SUCCESS
add_player: SUCCESS
add_player: SUCCESS
add_player: SUCCESS
add_player: SUCCESS
add_player: SUCCESS
add_player: SUCCESS
add_player: SUCCESS
add_player: SUCCESS
add_player: SUCCESS
add_player: SUCCESS
add_player: SUCCESS
add_player: SUCCESS
add_player: SUCCESS
add_player: SUCCESS
add_player: SUCCESS
add_player: SUCCESS
add_player: SUCCESS
add_player: SUCCESS
add_player: SUCCESS
add_player: SUCCESS
add_player: SUCCESS
add_player: SUCCESS
add_player: SUCCESS
add_player: SUCCESS
add_player: SUCCESS
add_player: SUCCESS
add_player: SUCCESS
add_player: SUCCESS
add_player: SUCCESS
add_player: SUCCESS
add_player: SUCCESS
add_player: SUCCESS
add_player: SUCCESS
add_player: SUCCESS
add_player: SUCCESS
add_player: SUCCESS
add_player: SUCCESS
add_player: SUCCESS
add_player: SUCCESS
add_player: SUCCESS
unite_teams: FAILURE
get_num_played_games: SUCCESS, 1536
get_team_points: SUCCESS, 6565
get_team_points: SUCCESS, 8515
update_player_stats: SUCCESS
remove_player: SUCCESS
get_top_scorer: SUCCESS, 68
get_top_scorer: SUCCESS, 83
add_player: FAILURE
get_num_played_games: SUCCESS, 11813
add_player: FAILURE
get_team_points: SUCCESS, 324
add_team: FAILURE
update_player_stats: SUCCESS
update_player_stats: SUCCESS
get_all_players_count: SUCCESS, 12
get_num_played_games: SUCCESS, 1626
remove_player: SUCCESS
remove_player: SUCCESS
knockout_winner: SUCCESS, 12
knockout_winner: SUCCESS, 12
knockout_winner: SUCCESS, 6
knockout_winner: SUCCESS, 16
knockout_winner: INVALID_INPUT
add_player: FAILURE
get_all_players_count: SUCCESS, 12
play_match: FAILURE
get_all_players_count: SUCCESS, 15
add_team: FAILURE
get_closest_player: SUCCESS, 4
get_num_played_games: SUCCESS, 1547
get_num_played_games: SUCCESS, 11493
get_all_players_count: SUCCESS, 10
update_player_stats: SUCCESS
add_team: FAILURE
remove_player: SUCCESS
update_player_stats: SUCCESS
remove_team: FAILURE
get_num_played_games: SUCCESS, 1399
remove_player: SUCCESS
add_player: FAILURE
get_closest_player: SUCCESS, 113
get_team_points: SUCCESS, 8515
get_all_players: SUCCESS
156
102
47
112
107
145
65
knockout_winner: SUCCESS, 12
knockout_winner: SUCCESS, 12
knockout_winner: SUCCESS, 12
knockout_winner: SUCCESS, 19
knockout_winner: FAILURE
update_player_stats: SUCCESS
play_match: FAILURE
update_player_stats: SUCCESS
add_player: FAILURE
add_team: FAILURE
update_player_stats: SUCCESS
get_closest_player: SUCCESS, 157
get_top_scorer: SUCCESS, 15
get_top_scorer: SUCCESS, 109
add_team: FAILURE
add_team: FAILURE
remove_player: SUCCESS
get_top_scorer: SUCCESS, 37
get_closest_player: SUCCESS, 123
remove_player: SUCCESS
update_player_stats: SUCCESS
get_num_played_games: SUCCESS, 11889
get_all_players_count: SUCCESS, 7
get_all_players_count: SUCCESS, 14
get_top_scorer: SUCCESS, 93
get_all_players: SUCCESS
100
1
114
11
127
115
15
update_player_stats: SUCCESS
knockout_winner: SUCCESS, 19
knockout_winner: SUCCESS, 12
knockout_winner: SUCCESS, 12
knockout_winner: FAILURE
knockout_winner: INVALID_INPUT
play_match: SUCCESS
get_top_scorer: SUCCESS, 158
add_player: FAILURE
remove_player: SUCCESS
knockout_winner: SUCCESS, 19
knockout_winner: SUCCESS, 19
knockout_winner: FAILURE
knockout_winner: FAILURE
knockout_winner: INVALID_INPUT
add_team: FAILURE
update_player_stats: SUCCESS
get_team_points: SUCCESS, 1361
play_match: SUCCESS
get_top_scorer: SUCCESS, 93
remove_team: FAILURE
get_team_points: SUCCESS, 5839
remove_player: SUCCESS
get_closest_player: SUCCESS, 25
knockout_winner: FAILURE
knockout_winner: SUCCESS, 19
knockout_winner: FAILURE
knockout_winner: FAILURE
knockout_winner: INVALID_INPUT
get_num_played_games: SUCCESS, 4925
knockout_winner: SUCCESS, 19
knockout_winner: SUCCESS, 19
knockout_winner: FAILURE
knockout_winner: FAILURE
knockout_winner: INVALID_INPUT
get_all_players_count: SUCCESS, 9
get_closest_player: SUCCESS, 130
add_team: FAILURE
add_team: FAILURE
add_player: FAILURE
play_match: FAILURE
remove_player: SUCCESS
get_team_points: SUCCESS, 8804
play_match: FAILURE
add_team: FAILURE
unite_teams: FAILURE
get_closest_player: SUCCESS, 33
unite_teams: FAILURE
get_num_played_games: SUCCESS, 11249
remove_player: SUCCESS
get_closest_player: SUCCESS, 1
get_num_played_games: SUCCESS, 7471
update_player_stats: SUCCESS
knockout_winner: SUCCESS, 19
knockout_winner: SUCCESS, 19
knockout_winner: FAILURE
knockout_winner: FAILURE
knockout_winner: INVALID_INPUT
get_top_scorer: SUCCESS, 83
get_team_points: SUCCESS, 9253
get_all_players_count: SUCCESS, 6
update_player_stats: SUCCESS
remove_player: SUCCESS
add_team: FAILURE
remove_player: SUCCESS
unite_teams: FAILURE
play_match: FAILURE
get_team_points: SUCCESS, 8613
remove_team: FAILURE
get_team_points: SUCCESS, 8613
remove_player: SUCCESS
remove_player: SUCCESS
remove_player: SUCCESS
remove_team: FAILURE
unite_teams: FAILURE
get_team_points: SUCCESS, 7628
get_closest_player: SUCCESS, 10
knockout_winner: SUCCESS, 12
knockout_winner: SUCCESS, 12
knockout_winner: SUCCESS, 7
knockout_winner: SUCCESS, 16
knockout_winner: INVALID_INPUT
unite_teams: FAILURE
get_team_points: SUCCESS, 11829
add_player: FAILURE
add_team: FAILURE
add_team: FAILURE
get_team_points: SUCCESS, 601
remove_team: FAILURE
add_player: FAILURE
unite_teams: INVALID_INPUT
add_player: FAILURE
add_player: FAILURE
get_all_players: SUCCESS
21
67
163
56
124
103
58
146
168
3
135
160
remove_team: FAILURE
add_player: FAILURE
get_all_players_count: SUCCESS, 7
knockout_winner: SUCCESS, 12
knockout_winner: SUCCESS, 12
knockout_winner: SUCCESS, 12
knockout_winner: SUCCESS, 16
knockout_winner: INVALID_INPUT
get_all_players: SUCCESS
75
101
52
188
89
78
77
add_player: FAILURE
get_all_players_count: SUCCESS, 12
add_team: FAILURE
get_closest_player: SUCCESS, 33
remove_player: SUCCESS
add_player: FAILURE
get_closest_player: SUCCESS, 87
update_player_stats: SUCCESS
get_team_points: SUCCESS, 7564
knockout_winner: SUCCESS, 12
knockout_winner: SUCCESS, 12
knockout_winner: SUCCESS, 12
knockout_winner: SUCCESS, 16
knockout_winner: INVALID_INPUT
knockout_winner: SUCCESS, 16
knockout_winner: SUCCESS, 12
knockout_winner: SUCCESS, 12
knockout_winner: FAILURE
knockout_winner: INVALID_INPUT
unite_teams: FAILURE
get_team_points: SUCCESS, 601
get_team_points: SUCCESS, 7628
knockout_winner: SUCCESS, 12
knockout_winner: SUCCESS, 12
knockout_winner: SUCCESS, 9
knockout_winner: SUCCESS, 12
knockout_winner: INVALID_INPUT
unite_teams: FAILURE
get_closest_player: SUCCESS, 121
remove_team: FAILURE
get_all_players_count: SUCCESS, 11
get_closest_player: SUCCESS, 125
get_closest_player: SUCCESS, 50
get_closest_player: SUCCESS, 38
get_num_played_games: SUCCESS, 5319
play_match: FAILURE
get_num_played_games: SUCCESS, 6549
get_closest_player: SUCCESS, 189
play_match: FAILURE
unite_teams: FAILURE
get_top_scorer: SUCCESS, 77
update_player_stats: SUCCESS
get_top_scorer: SUCCESS, 145
get_num_played_games: SUCCESS, 11404
remove_player: SUCCESS
remove_team: FAILURE
remove_team: FAILURE
remove_team: FAILURE
unite_teams: FAILURE
remove_team: FAILURE
get_team_points: SUCCESS, 5129
update_player_stats: SUCCESS
get_top_scorer: SUCCESS, 68
add_player: FAILURE
get_team_points: SUCCESS, 8804
get_closest_player: SUCCESS, 160
remove_team: FAILURE
add_team: FAILURE
get_all_players_count: SUCCESS, 8
remove_team: FAILURE
get_num_played_games: SUCCESS, 11493
get_team_points: SUCCESS, 7564
get_all_players_count: SUCCESS, 13
play_match: FAILURE
get_team_points: SUCCESS, 11829
add_team: FAILURE
get_num_played_games: SUCCESS, 9685
remove_player: SUCCESS
get_all_players_count: SUCCESS, 15
get_team_points: SUCCESS, 9642
play_match: SUCCESS
get_top_scorer: SUCCESS, 19
get_num_played_games: SUCCESS, 2193
remove_player: SUCCESS
update_player_stats: SUCCESS
add_team: FAILURE
get_top_scorer: SUCCESS, 162
remove_team: FAILURE
knockout_winner: FAILURE
knockout_winner: SUCCESS, 16
knockout_winner: FAILURE
knockout_winner: FAILURE
knockout_winner: INVALID_INPUT
get_num_played_games: SUCCESS, 8875
remove_team: FAILURE
unite_teams: FAILURE
get_team_points: SUCCESS, 5839
get_all_players_count: SUCCESS, 13
remove_player: SUCCESS
remove_team: FAILURE
update_player_stats: SUCCESS
get_team_points: SUCCESS, 7628
play_match: FAILURE
add_team: FAILURE
get_team_points: SUCCESS, 11829
remove_team: FAILURE
add_team: FAILURE
play_match: FAILURE
knockout_winner: FAILURE
knockout_winner: SUCCESS, 16
knockout_winner: FAILURE
knockout_winner: FAILURE
knockout_winner: INVALID_INPUT
add_team: FAILURE
add_player: FAILURE
get_all_players: SUCCESS
10
24
12
120
39
play_match: FAILURE
play_match: SUCCESS
get_top_scorer: SUCCESS, 125
get_team_points: SUCCESS, 11876
add_player: FAILURE
add_team: FAILURE
play_match: SUCCESS
remove_team: FAILURE
remove_player: SUCCESS
add_team: FAILURE
get_closest_player: SUCCESS, 39
add_player: FAILURE
get_all_players: SUCCESS
23
131
178
176
194
28
113
130
unite_teams: FAILURE
update_player_stats: SUCCESS
add_team: FAILURE
get_all_players: SUCCESS
85
33
69
122
149
161
7
155
46
125
add_player: FAILURE
knockout_winner: SUCCESS, 10
knockout_winner: SUCCESS, 10
knockout_winner: FAILURE
knockout_winner: FAILURE
knockout_winner: INVALID_INPUT
add_team: FAILURE
get_num_played_games: SUCCESS, 2644
get_all_players_count: SUCCESS, 12
play_match: FAILURE
get_all_players: SUCCESS
98
199
196
34
151
53
92
get_all_players: SUCCESS
10
24
12
120
39
remove_team: FAILURE
play_match: FAILURE
play_match: SUCCESS
update_player_stats: SUCCESS
play_match: FAILURE
get_num_played_games: SUCCESS, 11689
get_team_points: SUCCESS, 11876
add_team: FAILURE
get_num_played_games: SUCCESS, 115
get_all_players: SUCCESS
32
54
119
86
133
26
63
158
add_player: FAILURE
get_all_players: SUCCESS
21
67
163
56
124
103
58
146
168
135
160
3
get_all_players_count: SUCCESS, 11
remove_team: FAILURE
play_match: FAILURE
remove_team: FAILURE
play_match: FAILURE
get_all_players_count: SUCCESS, 15
get_all_players: SUCCESS
75
101
52
188
89
78
77
add_player: FAILURE
play_match: FAILURE
remove_player: SUCCESS
get_all_players: SUCCESS
148
81
9
73
187
83
get_top_scorer: SUCCESS, 158
unite_teams: FAILURE
knockout_winner: SUCCESS, 7
knockout_winner: INVALID_INPUT
knockout_winner: INVALID_INPUT
knockout_winner: SUCCESS, 10
knockout_winner: INVALID_INPUT
update_player_stats: SUCCESS
update_player_stats: SUCCESS
get_all_players: SUCCESS
10
24
12
120
39
get_team_points: SUCCESS, 9645
get_num_played_games: SUCCESS, 9283
unite_teams: FAILURE
get_closest_player: SUCCESS, 50
update_player_stats: SUCCESS
get_top_scorer: SUCCESS, 142
get_all_players_count: SUCCESS, 5
add_team: FAILURE
get_team_points: SUCCESS, 7628
get_top_scorer: SUCCESS, 125
update_player_stats: SUCCESS
update_player_stats: SUCCESS
get_num_played_games: SUCCESS, 9754
play_match: FAILURE
get_all_players_count: SUCCESS, 12
remove_player: SUCCESS
get_all_players_count: SUCCESS, 12
get_team_points: SUCCESS, 9253
knockout_winner: FAILURE
knockout_winner: SUCCESS, 16
knockout_winner: FAILURE
knockout_winner: FAILURE
knockout_winner: INVALID_INPUT
knockout_winner: SUCCESS, 16
knockout_winner: SUCCESS, 9
knockout_winner: SUCCESS, 9
knockout_winner: FAILURE
knockout_winner: INVALID_INPUT
update_player_stats: SUCCESS
update_player_stats: SUCCESS
get_all_players: SUCCESS
23
131
178
176
194
28
113
130
update_player_stats: SUCCESS
knockout_winner: SUCCESS, 9
knockout_winner: SUCCESS, 9
knockout_winner: SUCCESS, 9
knockout_winner: SUCCESS, 16
knockout_winner: INVALID_INPUT
get_all_players: SUCCESS
100
1
114
127
15
115
get_all_players_count: SUCCESS, 11
play_match: FAILURE
get_all_players_count: SUCCESS, 10
get_all_players_count: SUCCESS, 6
remove_team: FAILURE
add_team: FAILURE
remove_team: FAILURE
play_match: FAILURE
add_team: FAILURE
remove_team: FAILURE
unite_teams: INVALID_INPUT
add_player: FAILURE
knockout_winner: SUCCESS, 1
knockout_winner: INVALID_INPUT
knockout_winner: INVALID_INPUT
knockout_winner: SUCCESS, 7
knockout_winner: INVALID_INPUT
remove_team: FAILURE
remove_team: FAILURE
get_all_players: SUCCESS
189
177
116
197
60
95
8
185
117
141
162
update_player_stats: SUCCESS
update_player_stats: SUCCESS
remove_player: SUCCESS
get_all_players_count: SUCCESS, 11
get_all_players_count: SUCCESS, 7
get_team_points: SUCCESS, 11021
add_player: FAILURE
get_closest_player: SUCCESS, 136
get_closest_player: SUCCESS, 167
get_top_scorer: SUCCESS, 142
play_match: SUCCESS
add_team: FAILURE
get_num_played_games: SUCCESS, 6336
remove_player: SUCCESS
get_closest_player: SUCCESS, 95
remove_player: SUCCESS
play_match: FAILURE
get_team_points: SUCCESS, 342
remove_team: FAILURE
get_num_played_games: SUCCESS, 1720
play_match: INVALID_INPUT
remove_team: FAILURE
remove_player: SUCCESS
remove_player: SUCCESS
unite_teams: FAILURE
unite_teams: SUCCESS
get_all_players_count: SUCCESS, 15
knockout_winner: SUCCESS, 16
knockout_winner: SUCCESS, 10
knockout_winner: SUCCESS, 10
knockout_winner: FAILURE
knockout_winner: INVALID_INPUT
add_player: FAILURE
remove_player: SUCCESS
get_num_played_games: SUCCESS, 9284
update_player_stats: SUCCESS
get_num_played_games: SUCCESS, 11557
get_all_players: SUCCESS
57
195
38
82
59
48
170
136
30
43
add_team: FAILURE
get_num_played_games: SUCCESS, 4458
knockout_winner: SUCCESS, 10
knockout_winner: INVALID_INPUT
knockout_winner: INVALID_INPUT
knockout_winner: SUCCESS, 10
knockout_winner: SUCCESS, 9
unite_teams: FAILURE
unite_teams: FAILURE
unite_teams: FAILURE
get_top_scorer: SUCCESS, 169
remove_team: FAILURE
get_all_players_count: SUCCESS, 6
unite_teams: FAILURE
remove_team: FAILURE
play_match: SUCCESS
knockout_winner: SUCCESS, 3
knockout_winner: INVALID_INPUT
knockout_winner: INVALID_INPUT
knockout_winner: SUCCESS, 10
knockout_winner: INVALID_INPUT
remove_player: SUCCESS
remove_team: FAILURE
remove_team: FAILURE
unite_teams: FAILURE
update_player_stats: SUCCESS
update_player_stats: SUCCESS
unite_teams: SUCCESS
remove_player: SUCCESS
get_top_scorer: SUCCESS, 158
play_match: FAILURE
update_player_stats: SUCCESS
get_team_points: SUCCESS, 8613
get_top_scorer: SUCCESS, 115
get_num_played_games: SUCCESS, 4288
play_match: SUCCESS
get_all_players_count: SUCCESS, 6
unite_teams: SUCCESS
remove_player: SUCCESS
get_num_played_games: SUCCESS, 1474
get_closest_player: SUCCESS, 26
get_team_points: SUCCESS, 354
get_all_players: SUCCESS
189
177
116
197
60
95
8
185
117
141
162
get_top_scorer: SUCCESS, 39
play_match: FAILURE
get_closest_player: SUCCESS, 26
get_all_players_count: SUCCESS, 9
get_all_players: SUCCESS
106
134
76
180
20
16
49
193
18
184
94
99
93
139
137
play_match: FAILURE
knockout_winner: FAILURE
knockout_winner: FAILURE
knockout_winner: FAILURE
knockout_winner: FAILURE
knockout_winner: INVALID_INPUT
get_all_players_count: SUCCESS, 5
remove_player: SUCCESS
get_all_players: SUCCESS
189
177
116
197
60
95
8
185
117
141
162
get_all_players: SUCCESS
108
61
190
2
27
182
35
68
169
get_all_players: SUCCESS
5
198
14
200
64
126
get_closest_player: SUCCESS, 180
remove_team: FAILURE
play_match: SUCCESS
remove_team: FAILURE
get_all_players_count: SUCCESS, 12
get_all_players_count: SUCCESS, 5
add_player: FAILURE
unite_teams: FAILURE
play_match: FAILURE
get_all_players_count: SUCCESS, 8
add_player: FAILURE
get_all_players: SUCCESS
10
24
12
120
39
remove_player: SUCCESS
update_player_stats: SUCCESS
add_team: FAILURE
knockout_winner: SUCCESS, 7
knockout_winner: SUCCESS, 10
knockout_winner: SUCCESS, 1
knockout_winner: SUCCESS, 10
knockout_winner: INVALID_INPUT
get_closest_player: SUCCESS, 68
remove_team: FAILURE
get_all_players_count: SUCCESS, 16
knockout_winner: SUCCESS, 10
knockout_winner: SUCCESS, 10
knockout_winner: SUCCESS, 7
knockout_winner: FAILURE
knockout_winner: INVALID_INPUT
knockout_winner: SUCCESS, 10
knockout_winner: SUCCESS, 10
knockout_winner: SUCCESS, 3
knockout_winner: SUCCESS, 10
knockout_winner: INVALID_INPUT
add_player: FAILURE
get_closest_player: SUCCESS, 153
knockout_winner: SUCCESS, 10
knockout_winner: INVALID_INPUT
knockout_winner: INVALID_INPUT
knockout_winner: SUCCESS, 10
knockout_winner: INVALID_INPUT
get_team_points: SUCCESS, 375
play_match: FAILURE
get_closest_player: SUCCESS, 148
unite_teams: FAILURE
add_team: FAILURE
get_all_players_count: SUCCESS, 6
remove_player: SUCCESS
get_all_players: SUCCESS
21
67
163
56
132
124
103
129
97
62
22
58
146
160
3
109
remove_player: SUCCESS
add_player: FAILURE
play_match: FAILURE
add_player: FAILURE
get_all_players_count: SUCCESS, 5
get_closest_player: SUCCESS, 151
remove_player: SUCCESS
get_top_scorer: SUCCESS, 115
unite_teams: FAILURE
remove_player: SUCCESS
get_top_scorer: SUCCESS, 19
unite_teams: FAILURE
unite_teams: FAILURE
remove_player: SUCCESS
get_team_points: SUCCESS, 11021
get_top_scorer: SUCCESS, 77
get_num_played_games: SUCCESS, 1941
get_team_points: SUCCESS, 11623
get_all_players_count: SUCCESS, 7
get_top_scorer: SUCCESS, 115
add_player: FAILURE
get_all_players_count: SUCCESS, 7
add_team: FAILURE
remove_team: FAILURE
get_closest_player: SUCCESS, 27
get_team_points: SUCCESS, 7564
unite_teams: FAILURE
get_team_points: SUCCESS, 5798
update_player_stats: SUCCESS
get_all_players_count: SUCCESS, 6
remove_player: SUCCESS
knockout_winner: FAILURE
knockout_winner: SUCCESS, 12
knockout_winner: FAILURE
knockout_winner: FAILURE
knockout_winner: INVALID_INPUT
add_team: FAILURE
update_player_stats: SUCCESS
remove_player: SUCCESS
get_closest_player: SUCCESS, 167
knockout_winner: INVALID_INPUT
knockout_winner: SUCCESS, 12
knockout_winner: INVALID_INPUT
knockout_winner: INVALID_INPUT
knockout_winner: INVALID_INPUT
get_top_scorer: SUCCESS, 92
add_player: FAILURE
knockout_winner: SUCCESS, 10
knockout_winner: SUCCESS, 10
knockout_winner: SUCCESS, 7
knockout_winner: FAILURE
knockout_winner: INVALID_INPUT
remove_player: SUCCESS
get_all_players: SUCCESS
85
33
69
122
161
155
46
7
125
unite_teams: FAILURE
get_all_players: SUCCESS
23
131
178
176
28
113
130
unite_teams: FAILURE
remove_player: SUCCESS
unite_teams: FAILURE
add_team: FAILURE
get_top_scorer: SUCCESS, 115
get_closest_player: SUCCESS, 141
add_player: FAILURE
play_match: SUCCESS
add_player: FAILURE
get_all_players: SUCCESS
98
199
196
34
151
53
92
knockout_winner: INVALID_INPUT
knockout_winner: SUCCESS, 10
knockout_winner: INVALID_INPUT
knockout_winner: INVALID_INPUT
knockout_winner: INVALID_INPUT
remove_team: FAILURE
get_closest_player: SUCCESS, 38
get_top_scorer: SUCCESS, 145
add_team: FAILURE
add_player: FAILURE
get_top_scorer: SUCCESS, 158
update_player_stats: SUCCESS
get_num_played_games: SUCCESS, 12584
get_all_players_count: SUCCESS, 7
get_all_players_count: SUCCESS, 12
add_team: FAILURE
get_closest_player: SUCCESS, 115
get_closest_player: SUCCESS, 86
get_team_points: SUCCESS, 8613
add_player: FAILURE
knockout_winner: FAILURE
knockout_winner: INVALID_INPUT
knockout_winner: INVALID_INPUT
knockout_winner: SUCCESS, 9
knockout_winner: INVALID_INPUT
play_match: FAILURE
play_match: FAILURE
get_num_played_games: SUCCESS, 5141
get_closest_player: SUCCESS, 77
get_all_players_count: SUCCESS, 12
get_all_players: SUCCESS
98
199
196
34
151
53
92
play_match: FAILURE
get_all_players: SUCCESS
98
199
196
34
151
53
92
add_player: FAILURE
knockout_winner: SUCCESS, 10
knockout_winner: SUCCESS, 10
knockout_winner: SUCCESS, 10
knockout_winner: FAILURE
knockout_winner: FAILURE
get_top_scorer: SUCCESS, 145
update_player_stats: SUCCESS
get_closest_player: SUCCESS, 66
update_player_stats: SUCCESS
get_closest_player: SUCCESS, 8
remove_player: SUCCESS
remove_team: FAILURE
unite_teams: FAILURE
remove_team: FAILURE
unite_teams: FAILURE
add_player: FAILURE
remove_team: FAILURE
unite_teams: FAILURE
add_team: FAILURE
add_player: FAILURE
get_closest_player: SUCCESS, 160
unite_teams: FAILURE
add_team: FAILURE
get_closest_player: SUCCESS, 133
get_num_played_games: SUCCESS, 15279
update_player_stats: SUCCESS
knockout_winner: SUCCESS, 9
knockout_winner: SUCCESS, 10
knockout_winner: FAILURE
knockout_winner: FAILURE
knockout_winner: INVALID_INPUT
get_closest_player: SUCCESS, 177
get_all_players: SUCCESS
31
100
1
13
40
114
140
51
165
186
128
45
118
79
127
110
142
115
remove_team: FAILURE
get_all_players_count: SUCCESS, 5
knockout_winner: FAILURE
knockout_winner: SUCCESS, 10
knockout_winner: SUCCESS, 10
knockout_winner: FAILURE
knockout_winner: INVALID_INPUT
get_all_players: SUCCESS
50
174
164
66
166
29
72
17
191
87
37
138
add_player: FAILURE
unite_teams: FAILURE
add_team: FAILURE
add_player: FAILURE
get_team_points: SUCCESS, 5839
play_match: FAILURE
add_player: FAILURE
play_match: FAILURE
remove_team: FAILURE
remove_player: SUCCESS
remove_team: FAILURE
update_player_stats: SUCCESS
remove_player: SUCCESS
get_num_played_games: SUCCESS, 9497
remove_team: FAILURE
get_top_scorer: SUCCESS, 162
knockout_winner: FAILURE
knockout_winner: SUCCESS, 10
knockout_winner: FAILURE
knockout_winner: FAILURE
knockout_winner: INVALID_INPUT
add_team: FAILURE
add_player: FAILURE
get_all_players: SUCCESS
143
154
111
167
159
157
152
173
192
91
19
unite_teams: FAILURE
get_all_players: SUCCESS
156
102
47
112
145
update_player_stats: SUCCESS
get_all_players_count: SUCCESS, 7
unite_teams: FAILURE
get_all_players_count: SUCCESS, 12
knockout_winner: FAILURE
knockout_winner: FAILURE
knockout_winner: FAILURE
knockout_winner: FAILURE
knockout_winner: INVALID_INPUT
remove_team: FAILURE
get_top_scorer: SUCCESS, 109
add_player: FAILURE
get_all_players: SUCCESS
156
102
47
112
145
get_num_played_games: SUCCESS, 7471
add_team: FAILURE
knockout_winner: INVALID_INPUT
knockout_winner: FAILURE
knockout_winner: INVALID_INPUT
knockout_winner: INVALID_INPUT
knockout_winner: INVALID_INPUT
get_all_players: SUCCESS
10
24
12
120
knockout_winner: INVALID_INPUT
knockout_winner: SUCCESS, 10
knockout_winner: INVALID_INPUT
knockout_winner: INVALID_INPUT
knockout_winner: INVALID_INPUT
play_match: FAILURE
get_team_points: SUCCESS, 7295
get_closest_player: SUCCESS, 91
unite_teams: FAILURE
get_all_players_count: SUCCESS, 9
get_all_players_count: SUCCESS, 7
get_all_players_count: SUCCESS, 16
add_team: FAILURE
get_top_scorer: SUCCESS, 83
play_match: FAILURE
remove_team: FAILURE
get_num_played_games: SUCCESS, 4458
knockout_winner: INVALID_INPUT
knockout_winner: INVALID_INPUT
knockout_winner: INVALID_INPUT
knockout_winner: INVALID_INPUT
knockout_winner: INVALID_INPUT
update_player_stats: SUCCESS
knockout_winner: INVALID_INPUT
knockout_winner: FAILURE
knockout_winner: INVALID_INPUT
knockout_winner: INVALID_INPUT
knockout_winner: INVALID_INPUT
remove_player: SUCCESS
get_closest_player: SUCCESS, 75
get_top_scorer: SUCCESS, 115
get_all_players: SUCCESS
31
1
13
40
114
140
51
165
186
128
45
118
79
127
110
142
115
add_player: FAILURE
remove_player: SUCCESS
get_closest_player: SUCCESS, 73
get_closest_player: SUCCESS, 114
get_all_players_count: SUCCESS, 9
get_all_players: SUCCESS
156
102
47
112
145
add_player: FAILURE
remove_team: FAILURE
get_all_players: SUCCESS
21
67
163
56
132
124
103
129
97
62
22
58
146
160
3
109
add_team: FAILURE
get_all_players: SUCCESS
108
2
27
182
35
68
190
169
61
add_player: FAILURE
get_all_players_count: SUCCESS, 7
get_closest_player: SUCCESS, 48
remove_player: SUCCESS
knockout_winner: INVALID_INPUT
knockout_winner: FAILURE
knockout_winner: INVALID_INPUT
knockout_winner: INVALID_INPUT
knockout_winner: INVALID_INPUT
add_player: FAILURE
get_team_points: SUCCESS, 7628
get_all_players: SUCCESS
57
195
38
82
59
48
136
30
43
add_team: FAILURE
get_top_scorer: SUCCESS, 83
get_top_scorer: SUCCESS, 43
get_closest_player: SUCCESS, 95
add_team: FAILURE
get_top_scorer: SUCCESS, 158
get_team_points: SUCCESS, 381
unite_teams: FAILURE
add_player: FAILURE
knockout_winner: SUCCESS, 10
knockout_winner: SUCCESS, 10
knockout_winner: SUCCESS, 3
knockout_winner: SUCCESS, 12
knockout_winner: INVALID_INPUT
remove_team: FAILURE
add_team: FAILURE
get_closest_player: SUCCESS, 49
get_closest_player: SUCCESS, 33
add_player: FAILURE
unite_teams: FAILURE
remove_team: FAILURE
knockout_winner: SUCCESS, 10
knockout_winner: SUCCESS, 10
knockout_winner: SUCCESS, 7
knockout_winner: FAILURE
knockout_winner: INVALID_INPUT
get_top_scorer: SUCCESS, 137
knockout_winner: SUCCESS, 10
knockout_winner: SUCCESS, 10
knockout_winner: FAILURE
knockout_winner: FAILURE
knockout_winner: INVALID_INPUT
update_player_stats: SUCCESS
get_team_points: SUCCESS, 7628
get_num_played_games: SUCCESS, 10554
get_closest_player: SUCCESS, 92
get_num_played_games: SUCCESS, 11892
update_player_stats: SUCCESS
get_all_players_count: SUCCESS, 7
get_all_players: SUCCESS
108
2
27
182
35
68
190
169
61
get_top_scorer: SUCCESS, 130
knockout_winner: FAILURE
knockout_winner: SUCCESS, 10
knockout_winner: FAILURE
knockout_winner: SUCCESS, 10
knockout_winner: INVALID_INPUT
add_team: FAILURE
remove_player: SUCCESS
get_all_players_count: SUCCESS, 17
add_team: FAILURE
add_team: FAILURE
get_num_played_games: SUCCESS, 7029
add_player: FAILURE
remove_team: FAILURE
add_team: FAILURE
unite_teams: FAILURE
get_top_scorer: SUCCESS, 162
play_match: FAILURE
get_closest_player: SUCCESS, 114
get_team_points: SUCCESS, 7564
get_top_scorer: SUCCESS, 120
get_num_played_games: SUCCESS, 2999
add_team: FAILURE
play_match: FAILURE
get_closest_player: SUCCESS, 83
add_player: FAILURE
play_match: FAILURE
remove_team: FAILURE
update_player_stats: SUCCESS
knockout_winner: SUCCESS, 10
knockout_winner: SUCCESS, 10
knockout_winner: SUCCESS, 10
knockout_winner: FAILURE
knockout_winner: FAILURE
knockout_winner: FAILURE
knockout_winner: SUCCESS, 10
knockout_winner: SUCCESS, 10
knockout_winner: FAILURE
knockout_winner: INVALID_INPUT
add_team: FAILURE
get_all_players: SUCCESS
31
1
13
40
114
140
51
165
186
128
45
118
79
127
110
142
115
add_team: FAILURE
get_team_points: SUCCESS, 7564
remove_player: SUCCESS
get_all_players_count: SUCCESS, 7
add_player: FAILURE
remove_team: FAILURE
get_num_played_games: SUCCESS, 8720
knockout_winner: SUCCESS, 10
knockout_winner: SUCCESS, 10
knockout_winner: FAILURE
knockout_winner: FAILURE
knockout_winner: INVALID_INPUT
get_all_players: SUCCESS
148
73
9
83
update_player_stats: SUCCESS
remove_player: SUCCESS
unite_teams: FAILURE
update_player_stats: SUCCESS
add_team: FAILURE
get_closest_player: SUCCESS, 3
add_player: FAILURE
knockout_winner: INVALID_INPUT
knockout_winner: SUCCESS, 10
knockout_winner: INVALID_INPUT
knockout_winner: INVALID_INPUT
knockout_winner: INVALID_INPUT
get_all_players: SUCCESS
23
131
178
176
28
130
get_num_played_games: SUCCESS, 13543
knockout_winner: SUCCESS, 10
knockout_winner: SUCCESS, 10
knockout_winner: SUCCESS, 3
knockout_winner: SUCCESS, 12
knockout_winner: INVALID_INPUT
knockout_winner: SUCCESS, 10
knockout_winner: INVALID_INPUT
knockout_winner: INVALID_INPUT
knockout_winner: SUCCESS, 10
knockout_winner: SUCCESS, 9
unite_teams: FAILURE
get_closest_player: SUCCESS, 127
play_match: FAILURE
get_all_players_count: SUCCESS, 6
add_team: FAILURE
get_closest_player: SUCCESS, 114
add_player: FAILURE
unite_teams: FAILURE
remove_team: FAILURE
play_match: FAILURE
get_all_players: SUCCESS
23
131
178
176
28
130
unite_teams: FAILURE
update_player_stats: SUCCESS
update_player_stats: SUCCESS
add_player: FAILURE
get_closest_player: SUCCESS, 73
get_team_points: SUCCESS, 11829
knockout_winner: INVALID_INPUT
knockout_winner: SUCCESS, 10
knockout_winner: INVALID_INPUT
knockout_winner: INVALID_INPUT
knockout_winner: INVALID_INPUT
get_num_played_games: SUCCESS, 9544
update_player_stats: SUCCESS
get_num_played_games: SUCCESS, 12163
remove_team: FAILURE
get_all_players_count: SUCCESS, 11
remove_player: SUCCESS
play_match: FAILURE
knockout_winner: SUCCESS, 10
knockout_winner: SUCCESS, 10
knockout_winner: SUCCESS, 3
knockout_winner: SUCCESS, 12
knockout_winner: INVALID_INPUT
unite_teams: FAILURE
get_top_scorer: SUCCESS, 83
get_all_players_count: SUCCESS, 6
remove_team: FAILURE
unite_teams: INVALID_INPUT
get_top_scorer: SUCCESS, 137
play_match: FAILURE
add_player: FAILURE
get_num_played_games: SUCCESS, 572
get_team_points: SUCCESS, 7628
get_all_players_count: SUCCESS, 17
remove_player: SUCCESS
remove_player: SUCCESS
get_team_points: SUCCESS, 11815
get_all_players_count: SUCCESS, 6
remove_team: FAILURE
update_player_stats: SUCCESS
get_team_points: SUCCESS, 408
knockout_winner: SUCCESS, 10
knockout_winner: INVALID_INPUT
knockout_winner: INVALID_INPUT
knockout_winner: SUCCESS, 10
knockout_winner: FAILURE
remove_team: FAILURE
add_player: FAILURE
add_team: FAILURE
unite_teams: FAILURE
play_match: FAILURE
unite_teams: FAILURE
get_closest_player: SUCCESS, 48
play_match: FAILURE
get_top_scorer: SUCCESS, 145
get_all_players_count: SUCCESS, 7
get_closest_player: SUCCESS, 5
unite_teams: SUCCESS
update_player_stats: SUCCESS
update_player_stats: SUCCESS
remove_player: SUCCESS
remove_player: SUCCESS
get_top_scorer: SUCCESS, 43
get_num_played_games: SUCCESS, 9544
get_top_scorer: SUCCESS, 138
get_all_players_count: SUCCESS, 5
remove_player: SUCCESS
add_player: FAILURE
get_team_points: SUCCESS, 11829
add_team: FAILURE
get_team_points: SUCCESS, 7628
add_player: FAILURE
add_team: FAILURE
unite_teams: FAILURE
knockout_winner: SUCCESS, 3
knockout_winner: INVALID_INPUT
knockout_winner: INVALID_INPUT
knockout_winner: SUCCESS, 10
knockout_winner: INVALID_INPUT
get_top_scorer: SUCCESS, 158
get_closest_player: SUCCESS, 59
get_all_players_count: SUCCESS, 16
remove_player: SUCCESS
add_player: FAILURE
remove_team: FAILURE
remove_player: SUCCESS
get_all_players: SUCCESS
143
154
111
167
152
173
192
91
19
157
add_team: FAILURE
add_player: FAILURE
get_top_scorer: SUCCESS, 126
get_all_players_count: SUCCESS, 10
knockout_winner: SUCCESS, 9
knockout_winner: SUCCESS, 10
knockout_winner: FAILURE
knockout_winner: FAILURE
knockout_winner: INVALID_INPUT
get_num_played_games: SUCCESS, 13301
remove_team: FAILURE
add_player: FAILURE
get_all_players: SUCCESS
33
69
161
155
7
125
get_team_points: SUCCESS, 22105
get_all_players: SUCCESS
33
69
161
155
7
125
play_match: FAILURE
get_top_scorer: SUCCESS, 120
knockout_winner: SUCCESS, 3
knockout_winner: INVALID_INPUT
knockout_winner: INVALID_INPUT
knockout_winner: SUCCESS, 10
knockout_winner: INVALID_INPUT
add_team: FAILURE
get_team_points: SUCCESS, 9253
knockout_winner: INVALID_INPUT
knockout_winner: SUCCESS, 10
knockout_winner: INVALID_INPUT
knockout_winner: INVALID_INPUT
knockout_winner: INVALID_INPUT
get_num_played_games: SUCCESS, 10443
remove_player: SUCCESS
get_all_players: SUCCESS
143
154
111
167
152
173
192
91
19
157
remove_team: FAILURE
update_player_stats: SUCCESS
get_team_points: SUCCESS, 7564
play_match: FAILURE
get_closest_player: SUCCESS, 78
get_all_players_count: SUCCESS, 7
get_top_scorer: SUCCESS, 138
add_team: FAILURE
unite_teams: FAILURE
update_player_stats: SUCCESS
get_num_played_games: SUCCESS, 633
get_top_scorer: SUCCESS, 130
get_all_players: SUCCESS
108
2
27
182
35
68
190
169
61
update_player_stats: SUCCESS
unite_teams: FAILURE
remove_team: FAILURE
add_team: FAILURE
play_match: FAILURE
get_closest_player: SUCCESS, 125
get_team_points: SUCCESS, 5839
add_player: FAILURE
unite_teams: FAILURE
remove_team: FAILURE
get_num_played_games: SUCCESS, 4152
remove_player: SUCCESS
get_all_players_count: SUCCESS, 16
remove_player: SUCCESS
get_all_players: SUCCESS
199
98
196
34
151
92
53
play_match: FAILURE
get_team_points: SUCCESS, 7628
add_player: FAILURE
unite_teams: FAILURE
get_num_played_games: SUCCESS, 11892
update_player_stats: SUCCESS
remove_player: SUCCESS
get_all_players_count: SUCCESS, 5
play_match: FAILURE
get_num_played_games: SUCCESS, 9497
remove_player: SUCCESS
get_team_points: SUCCESS, 5129
get_closest_player: SUCCESS, 117
get_num_played_games: SUCCESS, 2856
get_closest_player: SUCCESS, 75
knockout_winner: SUCCESS, 10
knockout_winner: INVALID_INPUT
knockout_winner: INVALID_INPUT
knockout_winner: SUCCESS, 10
knockout_winner: SUCCESS, 10
remove_team: FAILURE
remove_player: SUCCESS
update_player_stats: SUCCESS
get_all_players: SUCCESS
54
86
119
26
133
158
get_closest_player: SUCCESS, 185
knockout_winner: SUCCESS, 9
knockout_winner: INVALID_INPUT
knockout_winner: INVALID_INPUT
knockout_winner: SUCCESS, 10
knockout_winner: INVALID_INPUT
get_closest_player: SUCCESS, 38
get_num_played_games: SUCCESS, 14991
get_all_players_count: SUCCESS, 5
play_match: FAILURE
get_num_played_games: SUCCESS, 1203
get_closest_player: SUCCESS, 67
add_team: FAILURE
play_match: FAILURE
get_all_players_count: SUCCESS, 9
unite_teams: FAILURE
add_player: FAILURE
get_num_played_games: SUCCESS, 6637
update_player_stats: SUCCESS
add_player: FAILURE
update_player_stats: SUCCESS
get_team_points: SUCCESS, 22108
unite_teams: FAILURE
get_closest_player: SUCCESS, 60
remove_team: FAILURE
get_all_players_count: SUCCESS, 9
knockout_winner: FAILURE
knockout_winner: SUCCESS, 10
knockout_winner: SUCCESS, 3
knockout_winner: SUCCESS, 12
knockout_winner: INVALID_INPUT
add_team: FAILURE
get_num_played_games: SUCCESS, 13247
add_team: FAILURE
get_num_played_games: SUCCESS, 3773
knockout_winner: SUCCESS, 10
knockout_winner: INVALID_INPUT
knockout_winner: INVALID_INPUT
knockout_winner: SUCCESS, 10
knockout_winner: INVALID_INPUT
add_team: FAILURE
unite_teams: FAILURE
update_player_stats: SUCCESS
knockout_winner: SUCCESS, 3
knockout_winner: INVALID_INPUT
knockout_winner: INVALID_INPUT
knockout_winner: SUCCESS, 10
knockout_winner: INVALID_INPUT
remove_player: SUCCESS
get_closest_player: SUCCESS, 190
remove_team: FAILURE
knockout_winner: SUCCESS, 12
knockout_winner: SUCCESS, 10
knockout_winner: SUCCESS, 9
knockout_winner: FAILURE
knockout_winner: INVALID_INPUT
update_player_stats: SUCCESS
add_player: FAILURE
get_num_played_games: SUCCESS, 506
add_player: FAILURE
remove_team: FAILURE
get_closest_player: SUCCESS, 146
update_player_stats: SUCCESS
get_top_scorer: SUCCESS, 77
play_match: FAILURE
get_num_played_games: SUCCESS, 20526
remove_team: FAILURE
add_team: FAILURE
knockout_winner: FAILURE
knockout_winner: SUCCESS, 10
knockout_winner: FAILURE
knockout_winner: SUCCESS, 10
knockout_winner: INVALID_INPUT
remove_player: SUCCESS
get_closest_player: SUCCESS, 83
update_player_stats: SUCCESS
knockout_winner: SUCCESS, 12
knockout_winner: SUCCESS, 10
knockout_winner: FAILURE
knockout_winner: FAILURE
knockout_winner: INVALID_INPUT
knockout_winner: SUCCESS, 10
knockout_winner: SUCCESS, 10
knockout_winner: SUCCESS, 3
knockout_winner: SUCCESS, 10
knockout_winner: INVALID_INPUT
remove_team: FAILURE
knockout_winner: SUCCESS, 10
knockout_winner: SUCCESS, 10
knockout_winner: SUCCESS, 10
knockout_winner: SUCCESS, 12
knockout_winner: INVALID_INPUT
add_player: FAILURE
remove_team: FAILURE
get_team_points: SUCCESS, 11829
remove_team: FAILURE
add_team: FAILURE
get_all_players: SUCCESS
143
154
111
167
173
192
19
157
152
91
play_match: SUCCESS
get_all_players: SUCCESS
50
174
164
66
29
72
17
191
87
166
37
138
get_num_played_games: SUCCESS, 8793
play_match: FAILURE
remove_team: FAILURE
remove_team: FAILURE
get_team_points: SUCCESS, 11947
add_player: FAILURE
get_top_scorer: SUCCESS, 125
get_team_points: SUCCESS, 11829
unite_teams: FAILURE
remove_team: FAILURE
update_player_stats: SUCCESS
get_top_scorer: SUCCESS, 53
get_team_points: SUCCESS, 11829
unite_teams: FAILURE
get_all_players_count: SUCCESS, 5
get_all_players_count: SUCCESS, 5
add_team: FAILURE
get_all_players_count: SUCCESS, 9
get_all_players_count: SUCCESS, 14
get_closest_player: SUCCESS, 128
add_team: FAILURE
add_player: FAILURE
play_match: FAILURE
get_all_players_count: SUCCESS, 9
remove_player: SUCCESS
get_top_scorer: SUCCESS, 77
get_closest_player: SUCCESS, 133
get_num_played_games: SUCCESS, 23349
update_player_stats: SUCCESS
remove_player: SUCCESS
knockout_winner: INVALID_INPUT
knockout_winner: SUCCESS, 10
knockout_winner: INVALID_INPUT
knockout_winner: INVALID_INPUT
knockout_winner: INVALID_INPUT
add_player: FAILURE
remove_player: SUCCESS
get_top_scorer: SUCCESS, 125
update_player_stats: SUCCESS
remove_player: SUCCESS
update_player_stats: SUCCESS
knockout_winner: INVALID_INPUT
knockout_winner: SUCCESS, 10
knockout_winner: INVALID_INPUT
knockout_winner: INVALID_INPUT
knockout_winner: INVALID_INPUT
update_player_stats: SUCCESS
get_closest_player: SUCCESS, 165
add_team: FAILURE
get_closest_player: SUCCESS, 114
remove_player: SUCCESS
remove_player: SUCCESS
knockout_winner: INVALID_INPUT
knockout_winner: SUCCESS, 12
knockout_winner: INVALID_INPUT
knockout_winner: INVALID_INPUT
knockout_winner: INVALID_INPUT
knockout_winner: INVALID_INPUT
knockout_winner: FAILURE
knockout_winner: INVALID_INPUT
knockout_winner: INVALID_INPUT
knockout_winner: INVALID_INPUT
add_player: FAILURE
knockout_winner: FAILURE
knockout_winner: SUCCESS, 10
knockout_winner: SUCCESS, 10
knockout_winner: FAILURE
knockout_winner: INVALID_INPUT
get_top_scorer: SUCCESS, 115
update_player_stats: SUCCESS
unite_teams: FAILURE
play_match: SUCCESS
get_team_points: SUCCESS, 7628
add_team: FAILURE
get_top_scorer: SUCCESS, 145
add_player: FAILURE
get_closest_player: SUCCESS, 108
get_all_players: SUCCESS
143
154
111
167
173
192
19
157
91
unite_teams: FAILURE
get_all_players_count: SUCCESS, 6
get_all_players: SUCCESS
10
24
120
get_top_scorer: SUCCESS, 35
get_all_players: SUCCESS
75
101
52
188
89
78
77
update_player_stats: SUCCESS
knockout_winner: SUCCESS, 10
knockout_winner: INVALID_INPUT
knockout_winner: INVALID_INPUT
knockout_winner: SUCCESS, 10
knockout_winner: SUCCESS, 10
unite_teams: FAILURE
knockout_winner: SUCCESS, 10
knockout_winner: SUCCESS, 10
knockout_winner: SUCCESS, 10
knockout_winner: SUCCESS, 12
knockout_winner: SUCCESS, 12
get_team_points: SUCCESS, 5839
remove_team: FAILURE
add_player: FAILURE
get_all_players_count: SUCCESS, 12
update_player_stats: SUCCESS
add_team: FAILURE
add_player: FAILURE
get_all_players: SUCCESS
31
114
165
186
128
127
110
13
51
142
45
115
get_closest_player: SUCCESS, 27
get_top_scorer: SUCCESS, 126
add_team: FAILURE
add_team: FAILURE
remove_player: SUCCESS
knockout_winner: SUCCESS, 9
knockout_winner: SUCCESS, 10
knockout_winner: FAILURE
knockout_winner: FAILURE
knockout_winner: INVALID_INPUT
get_all_players: SUCCESS
102
47
112
156
145
get_all_players: SUCCESS
10
24
120
remove_player: SUCCESS
remove_team: FAILURE
remove_player: SUCCESS
get_team_points: SUCCESS, 9080
get_all_players: SUCCESS
102
47
112
156
145
remove_team: FAILURE
get_closest_player: SUCCESS, 78
knockout_winner: FAILURE
knockout_winner: FAILURE
knockout_winner: FAILURE
knockout_winner: FAILURE
knockout_winner: INVALID_INPUT
add_player: FAILURE
get_top_scorer: SUCCESS, 91
remove_player: SUCCESS
remove_player: SUCCESS
remove_player: SUCCESS
remove_player: SUCCESS
remove_player: SUCCESS
remove_player: SUCCESS
remove_player: SUCCESS
remove_player: SUCCESS
remove_player: SUCCESS
remove_player: SUCCESS
remove_player: SUCCESS
remove_player: SUCCESS
remove_player: SUCCESS
remove_player: SUCCESS
remove_player: SUCCESS
remove_player: SUCCESS
remove_player: SUCCESS
remove_player: SUCCESS
remove_player: SUCCESS
remove_player: SUCCESS
remove_player: SUCCESS
remove_player: SUCCESS
remove_player: SUCCESS
remove_player: SUCCESS
remove_player: SUCCESS
remove_player: SUCCESS
remove_player: SUCCESS
remove_player: SUCCESS
remove_player: SUCCESS
remove_player: SUCCESS
remove_player: SUCCESS
remove_player: SUCCESS
remove_player: SUCCESS
remove_player: SUCCESS
remove_player: SUCCESS
remove_player: SUCCESS
remove_player: SUCCESS
remove_player: SUCCESS
remove_player: SUCCESS
remove_player: SUCCESS
remove_player: SUCCESS
remove_player: SUCCESS
remove_player: SUCCESS
remove_player: SUCCESS
remove_player: SUCCESS
remove_player: SUCCESS
remove_player: SUCCESS
remove_player: SUCCESS
remove_player: SUCCESS
remove_player: SUCCESS
remove_player: SUCCESS
remove_player: SUCCESS
remove_player: SUCCESS
remove_player: SUCCESS
remove_player: SUCCESS
remove_player: SUCCESS
remove_player: SUCCESS
remove_player: SUCCESS
remove_player: SUCCESS
remove_player: SUCCESS
remove_player: SUCCESS
remove_player: SUCCESS
remove_player: SUCCESS
remove_player: SUCCESS
remove_player: SUCCESS
remove_player: SUCCESS
remove_player: SUCCESS
remove_player: SUCCESS
remove_player: SUCCESS
remove_player: SUCCESS
remove_player: SUCCESS
remove_player: SUCCESS
remove_player: SUCCESS
remove_player: SUCCESS
remove_player: SUCCESS
remove_player: SUCCESS
remove_player: SUCCESS
remove_player: SUCCESS
remove_player: SUCCESS
remove_player: SUCCESS
remove_player: SUCCESS
remove_player: SUCCESS
remove_player: SUCCESS
remove_player: SUCCESS
remove_player: SUCCESS
remove_player: SUCCESS
remove_player: SUCCESS
remove_player: SUCCESS
remove_player: SUCCESS
remove_player: SUCCESS
remove_player: SUCCESS
remove_player: SUCCESS
remove_player: SUCCESS
remove_player: SUCCESS
remove_player: SUCCESS
remove_player: SUCCESS
remove_player: SUCCESS
remove_player: SUCCESS
remove_player: SUCCESS
remove_player: SUCCESS
remove_player: SUCCESS
remove_player: SUCCESS
remove_player: SUCCESS
remove_player: SUCCESS
remove_player: SUCCESS
remove_player: SUCCESS
remove_player: SUCCESS
remove_player: SUCCESS
remove_player: SUCCESS
remove_player: SUCCESS
remove_player: SUCCESS
remove_player: SUCCESS
remove_player: SUCCESS
remove_player: SUCCESS
remove_player: SUCCESS
remove_player: SUCCESS
remove_player: SUCCESS
remove_player: SUCCESS
remove_player: SUCCESS
remove_player: SUCCESS
remove_player: SUCCESS
remove_player: SUCCESS
remove_team: SUCCESS
remove_team: SUCCESS
remove_team: SUCCESS
remove_team: SUCCESS
remove_team: SUCCESS
remove_team: SUCCESS
remove_team: SUCCESS
remove_team: SUCCESS
remove_team: SUCCESS
remove_team: SUCCESS
remove_team: SUCCESS
remove_team: SUCCESS
remove_team: SUCCESS
remove_team: SUCCESS
remove_team: SUCCESS
remove_team: SUCCESS
