add_team: SUCCESS
add_team: SUCCESS
add_team: SUCCESS
add_team: SUCCESS
add_team: SUCCESS
add_team: SUCCESS
add_team: SUCCESS
add_team: SUCCESS
add_team: SUCCESS
add_team: SUCCESS
add_team: SUCCESS
add_team: SUCCESS
add_team: SUCCESS
add_team: SUCCESS
add_team: SUCCESS
add_team: SUCCESS
add_team: SUCCESS
add_team: SUCCESS
add_team: SUCCESS
add_team: SUCCESS
add_player: SUCCESS
add_player: SUCCESS
add_player: SUCCESS
add_player: SUCCESS
add_player: SUCCESS
add_player: SUCCESS
add_player: SUCCESS
add_player: SUCCESS
add_player: SUCCESS
add_player: SUCCESS
add_player: SUCCESS
add_player: SUCCESS
add_player: SUCCESS
add_player: SUCCESS
add_player: SUCCESS
add_player: SUCCESS
add_player: SUCCESS
add_player: SUCCESS
add_player: SUCCESS
add_player: SUCCESS
add_player: SUCCESS
add_player: SUCCESS
add_player: SUCCESS
add_player: SUCCESS
add_player: SUCCESS
add_player: SUCCESS
add_player: SUCCESS
add_player: SUCCESS
add_player: SUCCESS
add_player: SUCCESS
add_player: SUCCESS
add_player: SUCCESS
add_player: SUCCESS
add_player: SUCCESS
add_player: SUCCESS
add_player: SUCCESS
add_player: SUCCESS
add_player: SUCCESS
add_player: SUCCESS
add_player: SUCCESS
add_player: SUCCESS
add_player: SUCCESS
add_player: SUCCESS
add_player: SUCCESS
add_player: SUCCESS
add_player: SUCCESS
add_player: SUCCESS
add_player: SUCCESS
add_player: SUCCESS
add_player: SUCCESS
add_player: SUCCESS
add_player: SUCCESS
add_player: SUCCESS
add_player: SUCCESS
add_player: SUCCESS
add_player: SUCCESS
add_player: SUCCESS
add_player: SUCCESS
add_player: SUCCESS
add_player: SUCCESS
add_player: SUCCESS
add_player: SUCCESS
add_player: SUCCESS
add_player: SUCCESS
add_player: SUCCESS
add_player: SUCCESS
add_player: SUCCESS
add_player: SUCCESS
add_player: SUCCESS
add_player: SUCCESS
add_player: SUCCESS
add_player: SUCCESS
add_player: SUCCESS
add_player: SUCCESS
add_player: SUCCESS
add_player: SUCCESS
add_player: SUCCESS
add_player: SUCCESS
add_player: SUCCESS
add_player: SUCCESS
add_player: SUCCESS
add_player: SUCCESS
add_player: SUCCESS
add_player: SUCCESS
add_player: SUCCESS
add_player: SUCCESS
add_player: SUCCESS
add_player: SUCCESS
add_player: SUCCESS
add_player: SUCCESS
add_player: SUCCESS
add_player: SUCCESS
add_player: SUCCESS
add_player: SUCCESS
add_player: SUCCESS
add_player: SUCCESS
add_player: SUCCESS
add_player: SUCCESS
add_player: SUCCESS
add_player: SUCCESS
add_player: SUCCESS
add_player: SUCCESS
add_player: SUCCESS
add_player: SUCCESS
add_player: SUCCESS
add_player: SUCCESS
add_player: SUCCESS
add_player: SUCCESS
add_player: SUCCESS
add_player: SUCCESS
add_player: SUCCESS
add_player: SUCCESS
add_player: SUCCESS
add_player: SUCCESS
add_player: SUCCESS
add_player: SUCCESS
add_player: SUCCESS
add_player: SUCCESS
add_player: SUCCESS
add_player: SUCCESS
add_player: SUCCESS
add_player: SUCCESS
add_player: SUCCESS
add_player: SUCCESS
add_player: SUCCESS
add_player: SUCCESS
add_player: SUCCESS
add_player: SUCCESS
add_player: SUCCESS
add_player: SUCCESS
add_player: SUCCESS
add_player: SUCCESS
add_player: SUCCESS
add_player: SUCCESS
add_player: SUCCESS
add_player: SUCCESS
add_player: SUCCESS
add_player: SUCCESS
add_player: SUCCESS
add_player: SUCCESS
add_player: SUCCESS
add_player: SUCCESS
add_player: SUCCESS
add_player: SUCCESS
add_player: SUCCESS
add_player: SUCCESS
add_player: SUCCESS
add_player: SUCCESS
add_player: SUCCESS
add_player: SUCCESS
add_player: SUCCESS
add_player: SUCCESS
add_player: SUCCESS
add_player: SUCCESS
add_player: SUCCESS
add_player: SUCCESS
add_player: SUCCESS
add_player: SUCCESS
add_player: SUCCESS
add_player: SUCCESS
add_player: SUCCESS
add_player: SUCCESS
add_player: SUCCESS
add_player: SUCCESS
add_player: SUCCESS
add_player: SUCCESS
add_player: SUCCESS
add_player: SUCCESS
add_player: SUCCESS
add_player: SUCCESS
add_player: SUCCESS
add_player: SUCCESS
add_player: SUCCESS
add_player: SUCCESS
add_player: SUCCESS
add_player: SUCCESS
add_player: SUCCESS
add_player: SUCCESS
add_player: SUCCESS
add_player: SUCCESS
add_player: SUCCESS
add_player: SUCCESS
add_player: SUCCESS
add_player: SUCCESS
add_player: SUCCESS
add_player: SUCCESS
add_player: SUCCESS
add_player: SUCCESS
add_player: SUCCESS
add_player: SUCCESS
add_player: SUCCESS
add_player: SUCCESS
add_player: SUCCESS
add_player: SUCCESS
add_player: SUCCESS
add_player: SUCCESS
add_player: SUCCESS
add_player: SUCCESS
add_player: SUCCESS
add_player: SUCCESS
unite_teams: INVALID_INPUT
play_match: FAILURE
remove_team: FAILURE
play_match: SUCCESS
get_num_played_games: SUCCESS, 9339
add_player: FAILURE
add_team: FAILURE
get_team_points: SUCCESS, 4921
update_player_stats: SUCCESS
get_team_points: SUCCESS, 3032
play_match: FAILURE
update_player_stats: SUCCESS
get_closest_player: SUCCESS, 160
unite_teams: FAILURE
remove_team: FAILURE
play_match: FAILURE
get_team_points: SUCCESS, 6182
get_all_players_count: SUCCESS, 10
get_top_scorer: SUCCESS, 167
unite_teams: INVALID_INPUT
play_match: SUCCESS
play_match: SUCCESS
get_closest_player: SUCCESS, 36
get_num_played_games: SUCCESS, 11745
add_team: FAILURE
unite_teams: FAILURE
get_closest_player: SUCCESS, 96
play_match: FAILURE
knockout_winner: SUCCESS, 16
update_player_stats: SUCCESS
get_num_played_games: SUCCESS, 9065
knockout_winner: SUCCESS, 16
knockout_winner: SUCCESS, 10
get_team_points: SUCCESS, 10408
get_num_played_games: SUCCESS, 11610
add_team: FAILURE
get_team_points: SUCCESS, 4897
get_all_players_count: SUCCESS, 10
play_match: FAILURE
get_all_players: SUCCESS
133
116
190
14
58
139
195
101
get_closest_player: SUCCESS, 169
add_player: FAILURE
add_team: FAILURE
get_all_players: SUCCESS
145
200
8
62
46
126
189
114
193
83
160
remove_player: SUCCESS
get_top_scorer: SUCCESS, 39
get_num_played_games: SUCCESS, 104
unite_teams: SUCCESS
get_closest_player: SUCCESS, 193
get_all_players: SUCCESS
144
74
4
185
132
22
173
137
30
5
get_num_played_games: SUCCESS, 4843
add_player: FAILURE
add_player: FAILURE
knockout_winner: SUCCESS, 8
add_player: FAILURE
knockout_winner: FAILURE
knockout_winner: SUCCESS, 16
remove_team: FAILURE
get_all_players: SUCCESS
86
28
120
76
57
163
138
140
175
68
187
72
add_team: FAILURE
get_top_scorer: SUCCESS, 20
unite_teams: FAILURE
unite_teams: FAILURE
remove_player: SUCCESS
get_all_players_count: SUCCESS, 10
remove_player: SUCCESS
add_player: FAILURE
remove_player: SUCCESS
get_all_players: SUCCESS
82
118
115
183
96
42
37
29
43
162
169
130
171
update_player_stats: SUCCESS
update_player_stats: SUCCESS
add_player: FAILURE
remove_player: SUCCESS
get_num_played_games: SUCCESS, 4168
knockout_winner: INVALID_INPUT
get_team_points: SUCCESS, 1090
get_all_players_count: SUCCESS, 2
knockout_winner: SUCCESS, 18
get_top_scorer: SUCCESS, 167
get_closest_player: SUCCESS, 10
get_top_scorer: SUCCESS, 3
unite_teams: FAILURE
unite_teams: FAILURE
get_all_players_count: SUCCESS, 15
knockout_winner: FAILURE
add_team: FAILURE
get_num_played_games: SUCCESS, 8798
get_num_played_games: SUCCESS, 8201
get_top_scorer: SUCCESS, 80
get_top_scorer: SUCCESS, 101
add_player: FAILURE
remove_team: FAILURE
remove_player: SUCCESS
add_player: FAILURE
add_team: FAILURE
get_closest_player: SUCCESS, 91
update_player_stats: SUCCESS
remove_player: SUCCESS
get_team_points: SUCCESS, 4921
play_match: FAILURE
add_player: FAILURE
update_player_stats: SUCCESS
add_team: FAILURE
update_player_stats: SUCCESS
add_team: FAILURE
get_team_points: SUCCESS, 7758
remove_player: SUCCESS
unite_teams: FAILURE
get_top_scorer: SUCCESS, 20
get_all_players_count: SUCCESS, 6
get_all_players: SUCCESS
40
75
44
92
159
117
81
33
add_player: FAILURE
get_num_played_games: SUCCESS, 930
remove_team: FAILURE
add_player: FAILURE
play_match: FAILURE
add_team: FAILURE
remove_team: FAILURE
add_player: FAILURE
get_all_players: SUCCESS
86
28
120
76
57
163
138
140
175
68
72
187
get_all_players: SUCCESS
125
99
184
176
52
65
174
84
149
150
56
78
45
get_team_points: SUCCESS, 6191
add_team: FAILURE
get_all_players_count: SUCCESS, 14
get_all_players_count: SUCCESS, 8
knockout_winner: SUCCESS, 16
remove_player: SUCCESS
get_num_played_games: SUCCESS, 6569
get_all_players_count: SUCCESS, 8
remove_team: FAILURE
remove_player: SUCCESS
remove_team: FAILURE
remove_player: SUCCESS
get_team_points: SUCCESS, 6191
get_all_players: SUCCESS
86
28
120
76
57
163
140
175
68
72
187
unite_teams: INVALID_INPUT
play_match: FAILURE
get_all_players_count: SUCCESS, 15
get_team_points: SUCCESS, 8950
unite_teams: SUCCESS
remove_team: FAILURE
remove_player: SUCCESS
add_player: FAILURE
play_match: SUCCESS
remove_player: SUCCESS
get_all_players: SUCCESS
9
194
134
108
102
12
21
18
167
unite_teams: FAILURE
add_player: FAILURE
add_player: FAILURE
get_top_scorer: SUCCESS, 167
get_all_players: SUCCESS
157
53
196
88
51
142
177
124
69
155
26
add_team: FAILURE
update_player_stats: SUCCESS
unite_teams: FAILURE
get_closest_player: SUCCESS, 120
get_all_players: SUCCESS
64
148
19
105
24
178
199
6
85
20
add_team: FAILURE
add_player: FAILURE
get_all_players_count: SUCCESS, 13
update_player_stats: SUCCESS
get_all_players_count: SUCCESS, 11
get_top_scorer: SUCCESS, 5
add_player: FAILURE
play_match: FAILURE
knockout_winner: INVALID_INPUT
remove_player: SUCCESS
get_all_players_count: SUCCESS, 8
get_all_players: SUCCESS
125
99
184
176
52
65
174
84
149
150
56
78
45
get_team_points: SUCCESS, 3370
play_match: FAILURE
unite_teams: FAILURE
unite_teams: FAILURE
add_player: FAILURE
get_team_points: SUCCESS, 4921
add_team: FAILURE
get_team_points: SUCCESS, 5701
remove_team: FAILURE
get_num_played_games: SUCCESS, 10178
get_team_points: SUCCESS, 5701
remove_player: SUCCESS
remove_player: SUCCESS
get_all_players_count: SUCCESS, 10
add_player: FAILURE
play_match: FAILURE
get_team_points: SUCCESS, 3370
remove_team: FAILURE
play_match: FAILURE
unite_teams: FAILURE
unite_teams: FAILURE
remove_player: SUCCESS
get_num_played_games: SUCCESS, 3845
get_all_players_count: SUCCESS, 13
get_top_scorer: SUCCESS, 187
get_num_played_games: SUCCESS, 9581
add_team: FAILURE
update_player_stats: SUCCESS
get_top_scorer: SUCCESS, 187
get_num_played_games: SUCCESS, 591
remove_team: FAILURE
remove_player: SUCCESS
add_team: FAILURE
add_team: FAILURE
knockout_winner: SUCCESS, 19
get_num_played_games: SUCCESS, 5312
add_player: FAILURE
get_team_points: SUCCESS, 7758
play_match: FAILURE
get_num_played_games: SUCCESS, 403
update_player_stats: SUCCESS
get_top_scorer: SUCCESS, 94
update_player_stats: SUCCESS
get_num_played_games: SUCCESS, 299
get_all_players_count: SUCCESS, 10
unite_teams: FAILURE
knockout_winner: SUCCESS, 17
unite_teams: FAILURE
play_match: FAILURE
play_match: FAILURE
unite_teams: FAILURE
knockout_winner: INVALID_INPUT
add_player: FAILURE
play_match: FAILURE
get_team_points: SUCCESS, 7092
get_top_scorer: SUCCESS, 3
knockout_winner: INVALID_INPUT
knockout_winner: SUCCESS, 8
unite_teams: FAILURE
get_all_players_count: SUCCESS, 10
get_all_players: SUCCESS
181
34
143
161
110
77
164
197
27
113
158
80
94
get_top_scorer: SUCCESS, 94
get_all_players_count: SUCCESS, 11
get_all_players_count: SUCCESS, 9
get_closest_player: SUCCESS, 73
remove_player: SUCCESS
unite_teams: FAILURE
add_player: FAILURE
get_team_points: SUCCESS, 5701
add_team: FAILURE
remove_player: SUCCESS
get_num_played_games: SUCCESS, 9421
add_team: FAILURE
update_player_stats: SUCCESS
remove_team: FAILURE
remove_team: FAILURE
get_num_played_games: SUCCESS, 1163
get_num_played_games: SUCCESS, 9205
add_team: FAILURE
play_match: FAILURE
get_all_players: SUCCESS
157
53
196
51
142
177
124
69
155
26
get_top_scorer: SUCCESS, 122
get_num_played_games: SUCCESS, 5830
remove_player: SUCCESS
play_match: FAILURE
knockout_winner: INVALID_INPUT
add_player: FAILURE
play_match: FAILURE
get_top_scorer: SUCCESS, 101
get_closest_player: SUCCESS, 177
add_player: FAILURE
add_team: FAILURE
play_match: FAILURE
add_player: FAILURE
remove_player: SUCCESS
get_closest_player: SUCCESS, 60
add_player: FAILURE
unite_teams: SUCCESS
get_all_players_count: SUCCESS, 10
get_all_players: SUCCESS
135
23
154
153
198
38
127
13
122
add_team: FAILURE
get_team_points: SUCCESS, 4897
add_player: FAILURE
update_player_stats: SUCCESS
play_match: SUCCESS
play_match: FAILURE
remove_player: SUCCESS
play_match: FAILURE
get_all_players: SUCCESS
135
23
154
153
198
38
127
13
122
update_player_stats: SUCCESS
update_player_stats: SUCCESS
get_all_players_count: SUCCESS, 8
remove_team: FAILURE
get_top_scorer: SUCCESS, 11
add_team: FAILURE
unite_teams: FAILURE
get_all_players_count: SUCCESS, 8
play_match: FAILURE
get_all_players: SUCCESS
82
118
115
183
96
42
37
29
43
162
169
130
171
get_team_points: SUCCESS, 3032
get_team_points: SUCCESS, 7092
get_num_played_games: SUCCESS, 10625
get_all_players_count: SUCCESS, 11
add_team: FAILURE
add_team: FAILURE
remove_player: SUCCESS
get_closest_player: SUCCESS, 27
get_closest_player: SUCCESS, 44
knockout_winner: INVALID_INPUT
remove_player: SUCCESS
get_top_scorer: SUCCESS, 31
update_player_stats: SUCCESS
get_all_players_count: SUCCESS, 8
get_closest_player: SUCCESS, 200
remove_player: SUCCESS
play_match: FAILURE
get_team_points: SUCCESS, 7092
get_closest_player: SUCCESS, 169
get_num_played_games: SUCCESS, 4843
get_closest_player: SUCCESS, 81
get_top_scorer: SUCCESS, 36
get_team_points: SUCCESS, 3370
get_top_scorer: SUCCESS, 36
get_closest_player: SUCCESS, 137
get_top_scorer: SUCCESS, 33
get_team_points: SUCCESS, 8950
remove_player: SUCCESS
get_team_points: SUCCESS, 5701
get_all_players: SUCCESS
145
8
62
46
126
189
114
193
83
160
200
get_num_played_games: SUCCESS, 1857
knockout_winner: SUCCESS, 17
get_all_players_count: SUCCESS, 9
get_top_scorer: SUCCESS, 167
add_team: FAILURE
get_num_played_games: SUCCESS, 3387
add_team: FAILURE
get_all_players_count: SUCCESS, 11
get_closest_player: SUCCESS, 25
get_all_players_count: SUCCESS, 8
get_top_scorer: SUCCESS, 171
get_num_played_games: SUCCESS, 8566
get_team_points: SUCCESS, 16747
play_match: FAILURE
update_player_stats: SUCCESS
get_all_players: SUCCESS
91
89
97
67
17
49
192
48
107
3
7
get_all_players_count: SUCCESS, 19
add_team: FAILURE
get_team_points: SUCCESS, 10408
remove_player: SUCCESS
play_match: FAILURE
update_player_stats: SUCCESS
knockout_winner: INVALID_INPUT
get_all_players: SUCCESS
181
34
143
161
9
194
108
102
110
77
164
197
27
134
18
80
94
113
167
remove_team: FAILURE
get_top_scorer: SUCCESS, 182
unite_teams: SUCCESS
unite_teams: FAILURE
get_all_players: SUCCESS
128
129
165
15
60
166
147
39
32
186
get_closest_player: SUCCESS, 198
unite_teams: FAILURE
add_player: FAILURE
get_all_players: SUCCESS
91
89
97
67
17
49
192
48
107
3
7
unite_teams: FAILURE
knockout_winner: SUCCESS, 9
add_player: FAILURE
remove_team: FAILURE
get_all_players: SUCCESS
47
98
87
168
73
16
103
31
get_team_points: SUCCESS, 1090
get_closest_player: SUCCESS, 160
update_player_stats: SUCCESS
get_all_players: SUCCESS
135
23
154
153
198
38
127
13
122
remove_team: FAILURE
knockout_winner: FAILURE
get_num_played_games: SUCCESS, 6709
remove_team: FAILURE
add_player: FAILURE
get_team_points: SUCCESS, 5701
get_top_scorer: SUCCESS, 11
get_all_players_count: SUCCESS, 13
get_closest_player: SUCCESS, 153
add_team: FAILURE
get_all_players_count: SUCCESS, 8
update_player_stats: SUCCESS
get_top_scorer: SUCCESS, 7
get_team_points: SUCCESS, 1090
remove_player: SUCCESS
unite_teams: FAILURE
remove_team: FAILURE
knockout_winner: SUCCESS, 9
remove_team: FAILURE
get_all_players_count: SUCCESS, 14
update_player_stats: SUCCESS
get_top_scorer: SUCCESS, 101
get_all_players_count: SUCCESS, 9
remove_team: FAILURE
get_num_played_games: SUCCESS, 670
get_closest_player: SUCCESS, 53
get_top_scorer: SUCCESS, 11
add_team: FAILURE
get_closest_player: SUCCESS, 118
remove_player: SUCCESS
get_all_players: SUCCESS
151
131
41
59
25
119
172
111
11
remove_team: FAILURE
get_closest_player: SUCCESS, 43
update_player_stats: SUCCESS
remove_player: SUCCESS
play_match: FAILURE
add_player: FAILURE
get_all_players_count: SUCCESS, 11
remove_team: FAILURE
update_player_stats: SUCCESS
get_top_scorer: SUCCESS, 186
add_team: FAILURE
get_closest_player: SUCCESS, 68
play_match: FAILURE
knockout_winner: INVALID_INPUT
get_all_players: SUCCESS
99
184
52
4
65
174
185
132
74
84
149
22
137
30
5
78
45
150
play_match: INVALID_INPUT
get_all_players: SUCCESS
99
184
52
4
65
174
185
132
74
84
149
22
137
30
5
78
45
150
update_player_stats: SUCCESS
get_top_scorer: SUCCESS, 101
update_player_stats: SUCCESS
add_player: FAILURE
get_num_played_games: SUCCESS, 5338
add_player: FAILURE
add_team: FAILURE
get_top_scorer: SUCCESS, 171
get_top_scorer: SUCCESS, 31
get_team_points: SUCCESS, 8950
play_match: FAILURE
unite_teams: FAILURE
play_match: FAILURE
play_match: FAILURE
add_team: FAILURE
get_closest_player: SUCCESS, 59
update_player_stats: SUCCESS
get_num_played_games: SUCCESS, 19046
unite_teams: FAILURE
get_num_played_games: SUCCESS, 5783
get_top_scorer: SUCCESS, 157
update_player_stats: SUCCESS
update_player_stats: SUCCESS
get_all_players: SUCCESS
145
8
62
46
126
189
193
83
160
200
get_closest_player: SUCCESS, 86
get_all_players: SUCCESS
47
98
87
168
73
16
103
31
get_top_scorer: SUCCESS, 33
add_team: FAILURE
add_player: FAILURE
remove_player: SUCCESS
get_all_players_count: SUCCESS, 10
unite_teams: FAILURE
get_all_players: SUCCESS
133
116
190
14
58
139
101
remove_team: FAILURE
get_team_points: SUCCESS, 8950
remove_team: FAILURE
add_team: FAILURE
remove_player: SUCCESS
get_all_players: SUCCESS
34
143
161
9
194
108
102
110
181
77
197
27
134
18
164
80
94
113
167
unite_teams: FAILURE
unite_teams: SUCCESS
get_top_scorer: SUCCESS, 150
play_match: INVALID_INPUT
get_all_players_count: SUCCESS, 9
get_all_players_count: SUCCESS, 8
add_player: FAILURE
add_team: FAILURE
get_all_players_count: SUCCESS, 19
remove_player: SUCCESS
get_top_scorer: SUCCESS, 96
get_all_players_count: SUCCESS, 14
knockout_winner: SUCCESS, 9
get_top_scorer: SUCCESS, 157
add_team: FAILURE
add_team: FAILURE
knockout_winner: INVALID_INPUT
get_closest_player: SUCCESS, 99
unite_teams: FAILURE
remove_team: FAILURE
knockout_winner: SUCCESS, 9
unite_teams: FAILURE
unite_teams: INVALID_INPUT
add_player: FAILURE
update_player_stats: SUCCESS
get_num_played_games: SUCCESS, 8947
remove_player: SUCCESS
get_num_played_games: SUCCESS, 10974
get_closest_player: SUCCESS, 27
play_match: FAILURE
get_num_played_games: SUCCESS, 7478
add_team: FAILURE
knockout_winner: SUCCESS, 18
get_closest_player: SUCCESS, 7
get_all_players: SUCCESS
34
143
161
9
194
108
102
110
181
77
197
27
134
18
164
80
94
113
167
add_player: FAILURE
get_team_points: SUCCESS, 6690
get_top_scorer: SUCCESS, 182
update_player_stats: SUCCESS
update_player_stats: SUCCESS
remove_player: SUCCESS
unite_teams: FAILURE
unite_teams: FAILURE
knockout_winner: SUCCESS, 13
update_player_stats: SUCCESS
get_top_scorer: SUCCESS, 20
add_team: FAILURE
unite_teams: FAILURE
remove_player: SUCCESS
unite_teams: FAILURE
get_num_played_games: SUCCESS, 8257
get_num_played_games: SUCCESS, 4553
unite_teams: FAILURE
knockout_winner: SUCCESS, 18
get_all_players: SUCCESS
47
98
87
168
73
103
31
16
get_all_players_count: SUCCESS, 9
get_closest_player: SUCCESS, 44
play_match: FAILURE
knockout_winner: FAILURE
get_closest_player: SUCCESS, 41
remove_player: SUCCESS
update_player_stats: SUCCESS
get_all_players_count: SUCCESS, 9
get_all_players_count: SUCCESS, 8
remove_player: SUCCESS
get_top_scorer: SUCCESS, 33
play_match: INVALID_INPUT
remove_player: SUCCESS
add_team: FAILURE
remove_player: SUCCESS
get_all_players: SUCCESS
91
89
97
67
17
192
107
3
7
48
get_closest_player: SUCCESS, 69
get_all_players_count: SUCCESS, 7
get_num_played_games: SUCCESS, 19170
add_team: FAILURE
unite_teams: INVALID_INPUT
play_match: FAILURE
play_match: FAILURE
remove_player: SUCCESS
knockout_winner: SUCCESS, 13
update_player_stats: SUCCESS
knockout_winner: INVALID_INPUT
remove_player: SUCCESS
get_team_points: SUCCESS, 10970
get_all_players_count: SUCCESS, 9
play_match: FAILURE
get_all_players: SUCCESS
8
62
46
126
189
193
83
160
200
add_team: FAILURE
get_all_players: SUCCESS
71
106
146
55
50
1
70
170
2
54
104
152
112
update_player_stats: SUCCESS
unite_teams: FAILURE
get_top_scorer: SUCCESS, 200
get_team_points: SUCCESS, 18807
play_match: FAILURE
add_player: FAILURE
add_team: FAILURE
get_closest_player: SUCCESS, 104
get_num_played_games: SUCCESS, 10647
remove_player: SUCCESS
play_match: FAILURE
remove_team: FAILURE
unite_teams: FAILURE
add_team: FAILURE
get_num_played_games: SUCCESS, 7685
add_team: FAILURE
remove_team: FAILURE
get_all_players_count: SUCCESS, 9
unite_teams: SUCCESS
unite_teams: FAILURE
remove_team: FAILURE
unite_teams: FAILURE
get_team_points: SUCCESS, 11577
remove_player: SUCCESS
knockout_winner: SUCCESS, 9
knockout_winner: SUCCESS, 9
remove_team: FAILURE
update_player_stats: SUCCESS
update_player_stats: SUCCESS
unite_teams: FAILURE
add_player: FAILURE
get_team_points: SUCCESS, 6600
get_num_played_games: SUCCESS, 2145
get_all_players: SUCCESS
95
180
66
10
182
add_player: FAILURE
get_team_points: SUCCESS, 7761
remove_player: SUCCESS
remove_team: FAILURE
update_player_stats: SUCCESS
update_player_stats: SUCCESS
remove_player: SUCCESS
remove_player: SUCCESS
remove_player: SUCCESS
unite_teams: FAILURE
get_num_played_games: SUCCESS, 6109
get_num_played_games: SUCCESS, 9329
update_player_stats: SUCCESS
get_num_played_games: SUCCESS, 4693
get_team_points: SUCCESS, 6600
unite_teams: SUCCESS
knockout_winner: SUCCESS, 9
add_player: FAILURE
get_num_played_games: SUCCESS, 1632
get_all_players_count: SUCCESS, 12
get_top_scorer: SUCCESS, 198
get_top_scorer: SUCCESS, 198
get_closest_player: SUCCESS, 131
add_player: FAILURE
remove_team: FAILURE
get_top_scorer: SUCCESS, 20
add_player: FAILURE
knockout_winner: SUCCESS, 15
remove_team: FAILURE
get_all_players: SUCCESS
95
180
66
10
182
get_team_points: SUCCESS, 24508
add_team: FAILURE
remove_team: FAILURE
remove_player: SUCCESS
get_num_played_games: SUCCESS, 16176
unite_teams: FAILURE
get_num_played_games: SUCCESS, 2145
update_player_stats: SUCCESS
get_all_players_count: SUCCESS, 8
get_all_players_count: SUCCESS, 25
add_team: FAILURE
update_player_stats: SUCCESS
get_all_players_count: SUCCESS, 7
knockout_winner: SUCCESS, 5
unite_teams: FAILURE
get_closest_player: SUCCESS, 160
add_player: FAILURE
remove_team: FAILURE
get_all_players_count: SUCCESS, 8
add_team: FAILURE
play_match: FAILURE
get_closest_player: SUCCESS, 19
add_team: FAILURE
get_all_players_count: SUCCESS, 9
get_closest_player: SUCCESS, 66
remove_player: SUCCESS
play_match: FAILURE
get_team_points: SUCCESS, 11091
unite_teams: FAILURE
get_num_played_games: SUCCESS, 762
get_all_players_count: SUCCESS, 9
get_closest_player: SUCCESS, 140
get_all_players_count: SUCCESS, 8
get_top_scorer: SUCCESS, 150
get_all_players_count: SUCCESS, 9
get_all_players: SUCCESS
180
66
10
182
update_player_stats: SUCCESS
get_closest_player: SUCCESS, 101
update_player_stats: SUCCESS
get_top_scorer: SUCCESS, 150
get_num_played_games: SUCCESS, 9122
remove_player: SUCCESS
play_match: SUCCESS
play_match: FAILURE
get_all_players_count: SUCCESS, 8
update_player_stats: SUCCESS
get_num_played_games: SUCCESS, 8799
unite_teams: FAILURE
knockout_winner: INVALID_INPUT
remove_player: SUCCESS
add_player: FAILURE
remove_team: FAILURE
get_num_played_games: SUCCESS, 2910
get_num_played_games: SUCCESS, 4301
get_all_players: SUCCESS
47
98
87
168
73
103
31
16
get_team_points: SUCCESS, 6690
unite_teams: FAILURE
get_team_points: SUCCESS, 24508
play_match: FAILURE
get_num_played_games: SUCCESS, 19170
remove_player: SUCCESS
add_player: FAILURE
add_team: FAILURE
knockout_winner: SUCCESS, 15
unite_teams: INVALID_INPUT
knockout_winner: INVALID_INPUT
play_match: INVALID_INPUT
add_player: FAILURE
play_match: INVALID_INPUT
add_team: FAILURE
get_closest_player: SUCCESS, 119
remove_player: SUCCESS
add_player: FAILURE
get_all_players_count: SUCCESS, 8
get_all_players_count: SUCCESS, 8
get_num_played_games: SUCCESS, 11229
add_player: FAILURE
play_match: FAILURE
add_player: FAILURE
unite_teams: SUCCESS
add_team: FAILURE
get_team_points: SUCCESS, 1090
add_player: FAILURE
add_team: FAILURE
remove_player: SUCCESS
remove_player: SUCCESS
remove_team: FAILURE
knockout_winner: SUCCESS, 9
get_team_points: SUCCESS, 6600
get_closest_player: SUCCESS, 66
get_closest_player: SUCCESS, 64
add_team: FAILURE
play_match: FAILURE
unite_teams: SUCCESS
knockout_winner: FAILURE
add_player: FAILURE
remove_player: SUCCESS
get_closest_player: SUCCESS, 185
get_all_players: SUCCESS
64
148
19
105
24
199
85
20
remove_player: SUCCESS
remove_team: FAILURE
add_player: FAILURE
get_top_scorer: SUCCESS, 16
get_all_players_count: SUCCESS, 7
get_closest_player: SUCCESS, 34
get_closest_player: SUCCESS, 161
get_team_points: SUCCESS, 24508
add_team: FAILURE
knockout_winner: SUCCESS, 18
unite_teams: FAILURE
play_match: SUCCESS
add_team: FAILURE
add_team: FAILURE
add_player: FAILURE
get_all_players_count: SUCCESS, 8
remove_team: FAILURE
get_all_players_count: SUCCESS, 15
update_player_stats: SUCCESS
get_all_players_count: SUCCESS, 26
add_team: FAILURE
get_closest_player: SUCCESS, 26
get_closest_player: SUCCESS, 101
unite_teams: SUCCESS
update_player_stats: SUCCESS
get_num_played_games: SUCCESS, 5237
remove_player: SUCCESS
get_all_players: SUCCESS
128
129
15
165
60
166
39
32
186
get_top_scorer: SUCCESS, 150
remove_player: SUCCESS
add_player: FAILURE
add_team: FAILURE
get_closest_player: SUCCESS, 7
get_top_scorer: SUCCESS, 175
get_closest_player: SUCCESS, 150
get_top_scorer: SUCCESS, 26
get_top_scorer: SUCCESS, 175
get_all_players: SUCCESS
128
129
15
165
60
166
39
32
186
get_all_players_count: SUCCESS, 13
update_player_stats: SUCCESS
get_all_players_count: SUCCESS, 8
unite_teams: FAILURE
play_match: FAILURE
remove_team: FAILURE
add_team: FAILURE
unite_teams: SUCCESS
get_all_players: SUCCESS
34
143
161
9
194
44
92
108
102
159
110
181
117
33
77
197
27
134
18
164
80
94
113
167
get_team_points: SUCCESS, 6690
knockout_winner: SUCCESS, 18
remove_player: SUCCESS
get_all_players_count: SUCCESS, 13
add_team: FAILURE
get_num_played_games: SUCCESS, 11523
knockout_winner: SUCCESS, 6
get_team_points: SUCCESS, 8950
update_player_stats: SUCCESS
get_num_played_games: SUCCESS, 930
knockout_winner: SUCCESS, 9
remove_team: FAILURE
get_team_points: SUCCESS, 6690
update_player_stats: SUCCESS
get_top_scorer: SUCCESS, 167
get_top_scorer: SUCCESS, 186
get_closest_player: SUCCESS, 140
update_player_stats: SUCCESS
add_team: FAILURE
knockout_winner: SUCCESS, 9
add_team: FAILURE
remove_team: FAILURE
update_player_stats: SUCCESS
update_player_stats: SUCCESS
get_team_points: SUCCESS, 28308
get_team_points: SUCCESS, 6600
get_all_players_count: SUCCESS, 13
get_num_played_games: SUCCESS, 10974
get_all_players: SUCCESS
86
76
180
141
66
163
10
182
140
28
68
175
add_team: FAILURE
get_top_scorer: SUCCESS, 186
get_top_scorer: SUCCESS, 150
get_top_scorer: SUCCESS, 167
play_match: SUCCESS
remove_player: SUCCESS
remove_player: SUCCESS
remove_team: FAILURE
knockout_winner: SUCCESS, 9
get_top_scorer: SUCCESS, 26
remove_team: FAILURE
get_num_played_games: SUCCESS, 1633
update_player_stats: SUCCESS
get_team_points: SUCCESS, 11009
get_top_scorer: SUCCESS, 43
get_all_players_count: SUCCESS, 24
get_top_scorer: SUCCESS, 26
get_all_players_count: SUCCESS, 9
add_player: FAILURE
get_closest_player: SUCCESS, 5
remove_player: SUCCESS
add_player: FAILURE
remove_player: SUCCESS
knockout_winner: SUCCESS, 18
get_closest_player: SUCCESS, 167
get_team_points: SUCCESS, 6600
knockout_winner: SUCCESS, 5
add_team: FAILURE
knockout_winner: SUCCESS, 9
remove_team: FAILURE
remove_team: FAILURE
get_closest_player: SUCCESS, 153
update_player_stats: SUCCESS
add_player: FAILURE
remove_player: SUCCESS
get_top_scorer: SUCCESS, 167
unite_teams: SUCCESS
get_all_players_count: SUCCESS, 6
play_match: INVALID_INPUT
unite_teams: SUCCESS
add_player: FAILURE
update_player_stats: SUCCESS
get_all_players_count: SUCCESS, 10
add_player: FAILURE
remove_player: SUCCESS
play_match: FAILURE
knockout_winner: SUCCESS, 9
get_num_played_games: SUCCESS, 19504
get_all_players: SUCCESS
23
153
38
13
122
198
get_team_points: SUCCESS, 81155
get_top_scorer: SUCCESS, 7
update_player_stats: SUCCESS
get_all_players_count: SUCCESS, 13
get_all_players: SUCCESS
23
153
38
13
122
198
get_top_scorer: SUCCESS, 198
update_player_stats: SUCCESS
get_closest_player: SUCCESS, 106
get_top_scorer: SUCCESS, 167
get_all_players_count: SUCCESS, 13
play_match: FAILURE
get_all_players: SUCCESS
148
19
87
105
24
168
73
199
85
103
31
20
16
add_player: FAILURE
unite_teams: SUCCESS
play_match: FAILURE
get_all_players: SUCCESS
23
99
153
4
174
38
185
132
149
137
13
30
5
78
122
45
198
74
150
get_top_scorer: SUCCESS, 150
get_all_players: SUCCESS
82
133
42
116
115
183
37
14
162
58
130
101
96
43
remove_team: FAILURE
get_closest_player: SUCCESS, 39
get_all_players: SUCCESS
89
97
67
17
192
91
107
3
48
7
knockout_winner: SUCCESS, 9
update_player_stats: SUCCESS
remove_player: SUCCESS
knockout_winner: SUCCESS, 9
get_all_players: SUCCESS
89
97
67
17
192
91
107
3
48
7
knockout_winner: SUCCESS, 9
get_top_scorer: SUCCESS, 16
play_match: SUCCESS
get_top_scorer: SUCCESS, 167
add_team: FAILURE
add_team: FAILURE
unite_teams: FAILURE
add_player: FAILURE
play_match: FAILURE
get_team_points: SUCCESS, 8950
get_all_players: SUCCESS
34
106
86
53
146
143
161
151
76
194
131
41
180
141
44
55
196
59
66
163
50
92
70
25
102
170
110
9
181
10
117
182
33
77
119
189
111
197
11
140
108
27
193
54
172
134
83
1
104
152
18
164
160
80
94
112
28
68
200
157
113
51
26
155
175
167
remove_team: FAILURE
add_player: FAILURE
get_num_played_games: SUCCESS, 13244
get_all_players_count: SUCCESS, 14
get_top_scorer: SUCCESS, 7
update_player_stats: SUCCESS
update_player_stats: SUCCESS
play_match: FAILURE
knockout_winner: INVALID_INPUT
update_player_stats: SUCCESS
get_num_played_games: SUCCESS, 1822
update_player_stats: SUCCESS
play_match: FAILURE
update_player_stats: SUCCESS
unite_teams: FAILURE
remove_team: FAILURE
remove_player: SUCCESS
add_player: FAILURE
knockout_winner: INVALID_INPUT
add_team: FAILURE
get_closest_player: SUCCESS, 37
add_player: FAILURE
knockout_winner: SUCCESS, 6
get_closest_player: SUCCESS, 58
remove_team: FAILURE
play_match: SUCCESS
remove_player: SUCCESS
knockout_winner: SUCCESS, 9
knockout_winner: SUCCESS, 9
get_closest_player: SUCCESS, 153
get_top_scorer: SUCCESS, 150
get_num_played_games: SUCCESS, 7687
add_team: FAILURE
get_team_points: SUCCESS, 11094
get_top_scorer: SUCCESS, 7
get_team_points: SUCCESS, 81158
play_match: FAILURE
get_num_played_games: SUCCESS, 836
get_num_played_games: SUCCESS, 10180
unite_teams: FAILURE
add_team: FAILURE
get_num_played_games: SUCCESS, 4918
play_match: FAILURE
play_match: FAILURE
remove_player: SUCCESS
get_closest_player: SUCCESS, 19
remove_team: FAILURE
add_team: FAILURE
update_player_stats: SUCCESS
get_all_players: SUCCESS
23
99
153
4
174
38
185
149
137
13
30
5
78
122
132
198
74
150
remove_player: SUCCESS
get_team_points: SUCCESS, 11094
get_all_players_count: SUCCESS, 12
get_team_points: SUCCESS, 6690
update_player_stats: SUCCESS
get_team_points: SUCCESS, 81158
get_num_played_games: SUCCESS, 1165
remove_player: SUCCESS
remove_player: SUCCESS
add_team: FAILURE
get_team_points: SUCCESS, 6690
get_top_scorer: SUCCESS, 16
get_team_points: SUCCESS, 8950
get_team_points: SUCCESS, 6690
get_all_players_count: SUCCESS, 9
get_all_players_count: SUCCESS, 18
get_team_points: SUCCESS, 17633
get_top_scorer: SUCCESS, 16
play_match: FAILURE
get_all_players: SUCCESS
34
106
86
53
146
161
151
76
194
131
143
41
180
141
44
55
196
59
163
50
92
25
102
170
110
9
181
10
117
182
33
77
119
189
111
197
11
140
108
27
193
54
134
83
1
152
18
164
160
80
112
200
70
157
113
51
94
172
26
155
175
167
play_match: SUCCESS
get_num_played_games: SUCCESS, 7708
get_num_played_games: SUCCESS, 4206
get_team_points: SUCCESS, 6690
unite_teams: SUCCESS
get_team_points: SUCCESS, 4463
get_num_played_games: SUCCESS, 4261
update_player_stats: SUCCESS
get_num_played_games: SUCCESS, 9391
get_all_players: SUCCESS
23
99
153
4
174
38
185
149
137
30
5
78
122
132
198
150
13
74
unite_teams: SUCCESS
get_num_played_games: SUCCESS, 704
play_match: SUCCESS
get_closest_player: SUCCESS, 150
play_match: INVALID_INPUT
remove_player: SUCCESS
knockout_winner: INVALID_INPUT
get_all_players_count: SUCCESS, 11
get_team_points: SUCCESS, 20044
add_player: FAILURE
add_player: FAILURE
add_player: FAILURE
get_closest_player: SUCCESS, 74
add_team: FAILURE
remove_team: FAILURE
get_num_played_games: SUCCESS, 4919
get_top_scorer: SUCCESS, 7
add_team: FAILURE
play_match: SUCCESS
remove_player: SUCCESS
knockout_winner: SUCCESS, 8
get_closest_player: SUCCESS, 43
update_player_stats: SUCCESS
unite_teams: FAILURE
get_team_points: SUCCESS, 98797
remove_player: SUCCESS
get_team_points: SUCCESS, 6690
unite_teams: SUCCESS
get_team_points: SUCCESS, 105487
knockout_winner: SUCCESS, 8
get_closest_player: SUCCESS, 17
get_team_points: SUCCESS, 20044
add_team: FAILURE
get_all_players_count: SUCCESS, 24
remove_player: SUCCESS
get_closest_player: SUCCESS, 30
update_player_stats: SUCCESS
get_all_players_count: SUCCESS, 24
add_player: FAILURE
remove_team: FAILURE
play_match: INVALID_INPUT
get_num_played_games: SUCCESS, 7689
remove_player: SUCCESS
get_team_points: SUCCESS, 20044
knockout_winner: INVALID_INPUT
play_match: SUCCESS
add_team: FAILURE
remove_team: FAILURE
get_top_scorer: SUCCESS, 167
get_closest_player: SUCCESS, 102
remove_player: SUCCESS
play_match: SUCCESS
update_player_stats: SUCCESS
remove_player: SUCCESS
remove_player: SUCCESS
get_top_scorer: SUCCESS, 16
play_match: INVALID_INPUT
get_team_points: SUCCESS, 20044
update_player_stats: SUCCESS
add_player: FAILURE
remove_player: SUCCESS
remove_player: SUCCESS
remove_player: SUCCESS
remove_player: SUCCESS
remove_player: SUCCESS
remove_player: SUCCESS
remove_player: SUCCESS
remove_player: SUCCESS
remove_player: SUCCESS
remove_player: SUCCESS
remove_player: SUCCESS
remove_player: SUCCESS
remove_player: SUCCESS
remove_player: SUCCESS
remove_player: SUCCESS
remove_player: SUCCESS
remove_player: SUCCESS
remove_player: SUCCESS
remove_player: SUCCESS
remove_player: SUCCESS
remove_player: SUCCESS
remove_player: SUCCESS
remove_player: SUCCESS
remove_player: SUCCESS
remove_player: SUCCESS
remove_player: SUCCESS
remove_player: SUCCESS
remove_player: SUCCESS
remove_player: SUCCESS
remove_player: SUCCESS
remove_player: SUCCESS
remove_player: SUCCESS
remove_player: SUCCESS
remove_player: SUCCESS
remove_player: SUCCESS
remove_player: SUCCESS
remove_player: SUCCESS
remove_player: SUCCESS
remove_player: SUCCESS
remove_player: SUCCESS
remove_player: SUCCESS
remove_player: SUCCESS
remove_player: SUCCESS
remove_player: SUCCESS
remove_player: SUCCESS
remove_player: SUCCESS
remove_player: SUCCESS
remove_player: SUCCESS
remove_player: SUCCESS
remove_player: SUCCESS
remove_player: SUCCESS
remove_player: SUCCESS
remove_player: SUCCESS
remove_player: SUCCESS
remove_player: SUCCESS
remove_player: SUCCESS
remove_player: SUCCESS
remove_player: SUCCESS
remove_player: SUCCESS
remove_player: SUCCESS
remove_player: SUCCESS
remove_player: SUCCESS
remove_player: SUCCESS
remove_player: SUCCESS
remove_player: SUCCESS
remove_player: SUCCESS
remove_player: SUCCESS
remove_player: SUCCESS
remove_player: SUCCESS
remove_player: SUCCESS
remove_player: SUCCESS
remove_player: SUCCESS
remove_player: SUCCESS
remove_player: SUCCESS
remove_player: SUCCESS
remove_player: SUCCESS
remove_player: SUCCESS
remove_player: SUCCESS
remove_player: SUCCESS
remove_player: SUCCESS
remove_player: SUCCESS
remove_player: SUCCESS
remove_player: SUCCESS
remove_player: SUCCESS
remove_player: SUCCESS
remove_player: SUCCESS
remove_player: SUCCESS
remove_player: SUCCESS
remove_player: SUCCESS
remove_player: SUCCESS
remove_player: SUCCESS
remove_player: SUCCESS
remove_player: SUCCESS
remove_player: SUCCESS
remove_player: SUCCESS
remove_player: SUCCESS
remove_player: SUCCESS
remove_player: SUCCESS
remove_player: SUCCESS
remove_player: SUCCESS
remove_player: SUCCESS
remove_player: SUCCESS
remove_player: SUCCESS
remove_player: SUCCESS
remove_player: SUCCESS
remove_player: SUCCESS
remove_player: SUCCESS
remove_player: SUCCESS
remove_player: SUCCESS
remove_player: SUCCESS
remove_player: SUCCESS
remove_player: SUCCESS
remove_player: SUCCESS
remove_player: SUCCESS
remove_player: SUCCESS
remove_player: SUCCESS
remove_player: SUCCESS
remove_team: SUCCESS
remove_team: SUCCESS
remove_team: SUCCESS
