add_team: SUCCESS
add_team: SUCCESS
add_team: SUCCESS
add_team: SUCCESS
add_team: SUCCESS
add_team: SUCCESS
add_team: SUCCESS
add_team: SUCCESS
add_team: SUCCESS
add_team: SUCCESS
add_team: SUCCESS
add_team: SUCCESS
add_team: SUCCESS
add_team: SUCCESS
add_team: SUCCESS
add_team: SUCCESS
add_team: SUCCESS
add_team: SUCCESS
add_team: SUCCESS
add_team: SUCCESS
add_player: SUCCESS
add_player: SUCCESS
add_player: SUCCESS
add_player: SUCCESS
add_player: SUCCESS
add_player: SUCCESS
add_player: SUCCESS
add_player: SUCCESS
add_player: SUCCESS
add_player: SUCCESS
add_player: SUCCESS
add_player: SUCCESS
add_player: SUCCESS
add_player: SUCCESS
add_player: SUCCESS
add_player: SUCCESS
add_player: SUCCESS
add_player: SUCCESS
add_player: SUCCESS
add_player: SUCCESS
add_player: SUCCESS
add_player: SUCCESS
add_player: SUCCESS
add_player: SUCCESS
add_player: SUCCESS
add_player: SUCCESS
add_player: SUCCESS
add_player: SUCCESS
add_player: SUCCESS
add_player: SUCCESS
add_player: SUCCESS
add_player: SUCCESS
add_player: SUCCESS
add_player: SUCCESS
add_player: SUCCESS
add_player: SUCCESS
add_player: SUCCESS
add_player: SUCCESS
add_player: SUCCESS
add_player: SUCCESS
add_player: SUCCESS
add_player: SUCCESS
add_player: SUCCESS
add_player: SUCCESS
add_player: SUCCESS
add_player: SUCCESS
add_player: SUCCESS
add_player: SUCCESS
add_player: SUCCESS
add_player: SUCCESS
add_player: SUCCESS
add_player: SUCCESS
add_player: SUCCESS
add_player: SUCCESS
add_player: SUCCESS
add_player: SUCCESS
add_player: SUCCESS
add_player: SUCCESS
add_player: SUCCESS
add_player: SUCCESS
add_player: SUCCESS
add_player: SUCCESS
add_player: SUCCESS
add_player: SUCCESS
add_player: SUCCESS
add_player: SUCCESS
add_player: SUCCESS
add_player: SUCCESS
add_player: SUCCESS
add_player: SUCCESS
add_player: SUCCESS
add_player: SUCCESS
add_player: SUCCESS
add_player: SUCCESS
add_player: SUCCESS
add_player: SUCCESS
add_player: SUCCESS
add_player: SUCCESS
add_player: SUCCESS
add_player: SUCCESS
add_player: SUCCESS
add_player: SUCCESS
add_player: SUCCESS
add_player: SUCCESS
add_player: SUCCESS
add_player: SUCCESS
add_player: SUCCESS
add_player: SUCCESS
add_player: SUCCESS
add_player: SUCCESS
add_player: SUCCESS
add_player: SUCCESS
add_player: SUCCESS
add_player: SUCCESS
add_player: SUCCESS
add_player: SUCCESS
add_player: SUCCESS
add_player: SUCCESS
add_player: SUCCESS
add_player: SUCCESS
add_player: SUCCESS
add_player: SUCCESS
add_player: SUCCESS
add_player: SUCCESS
add_player: SUCCESS
add_player: SUCCESS
add_player: SUCCESS
add_player: SUCCESS
add_player: SUCCESS
add_player: SUCCESS
add_player: SUCCESS
add_player: SUCCESS
add_player: SUCCESS
add_player: SUCCESS
add_player: SUCCESS
add_player: SUCCESS
add_player: SUCCESS
add_player: SUCCESS
add_player: SUCCESS
add_player: SUCCESS
add_player: SUCCESS
add_player: SUCCESS
add_player: SUCCESS
add_player: SUCCESS
add_player: SUCCESS
add_player: SUCCESS
add_player: SUCCESS
add_player: SUCCESS
add_player: SUCCESS
add_player: SUCCESS
add_player: SUCCESS
add_player: SUCCESS
add_player: SUCCESS
add_player: SUCCESS
add_player: SUCCESS
add_player: SUCCESS
add_player: SUCCESS
add_player: SUCCESS
add_player: SUCCESS
add_player: SUCCESS
add_player: SUCCESS
add_player: SUCCESS
add_player: SUCCESS
add_player: SUCCESS
add_player: SUCCESS
add_player: SUCCESS
add_player: SUCCESS
add_player: SUCCESS
add_player: SUCCESS
add_player: SUCCESS
add_player: SUCCESS
add_player: SUCCESS
add_player: SUCCESS
add_player: SUCCESS
add_player: SUCCESS
add_player: SUCCESS
add_player: SUCCESS
add_player: SUCCESS
add_player: SUCCESS
add_player: SUCCESS
add_player: SUCCESS
add_player: SUCCESS
add_player: SUCCESS
add_player: SUCCESS
add_player: SUCCESS
add_player: SUCCESS
add_player: SUCCESS
add_player: SUCCESS
add_player: SUCCESS
add_player: SUCCESS
add_player: SUCCESS
add_player: SUCCESS
add_player: SUCCESS
add_player: SUCCESS
add_player: SUCCESS
add_player: SUCCESS
add_player: SUCCESS
add_player: SUCCESS
add_player: SUCCESS
add_player: SUCCESS
add_player: SUCCESS
add_player: SUCCESS
add_player: SUCCESS
add_player: SUCCESS
add_player: SUCCESS
add_player: SUCCESS
add_player: SUCCESS
add_player: SUCCESS
add_player: SUCCESS
add_player: SUCCESS
add_player: SUCCESS
add_player: SUCCESS
add_player: SUCCESS
add_player: SUCCESS
add_player: SUCCESS
add_player: SUCCESS
add_player: SUCCESS
add_player: SUCCESS
add_player: SUCCESS
add_player: SUCCESS
knockout_winner: SUCCESS, 10
knockout_winner: SUCCESS, 7
knockout_winner: FAILURE
knockout_winner: FAILURE
knockout_winner: INVALID_INPUT
get_team_points: SUCCESS, 11323
get_team_points: SUCCESS, 4344
get_closest_player: SUCCESS, 116
get_all_players: SUCCESS
51
80
44
87
162
63
156
84
46
96
111
78
139
remove_player: SUCCESS
get_num_played_games: SUCCESS, 2154
add_player: FAILURE
get_all_players: SUCCESS
34
67
163
7
90
47
168
69
get_top_scorer: SUCCESS, 53
add_team: FAILURE
add_player: FAILURE
get_top_scorer: SUCCESS, 53
get_all_players_count: SUCCESS, 16
knockout_winner: SUCCESS, 17
knockout_winner: SUCCESS, 19
knockout_winner: SUCCESS, 11
knockout_winner: FAILURE
knockout_winner: INVALID_INPUT
get_all_players_count: SUCCESS, 6
get_all_players_count: SUCCESS, 3
get_top_scorer: SUCCESS, 69
play_match: FAILURE
get_all_players_count: SUCCESS, 12
get_team_points: SUCCESS, 4904
get_all_players_count: SUCCESS, 7
remove_player: SUCCESS
unite_teams: FAILURE
remove_player: SUCCESS
unite_teams: FAILURE
get_num_played_games: SUCCESS, 7050
get_closest_player: SUCCESS, 45
unite_teams: FAILURE
unite_teams: FAILURE
get_team_points: SUCCESS, 5566
play_match: SUCCESS
update_player_stats: SUCCESS
get_num_played_games: SUCCESS, 5556
get_all_players_count: SUCCESS, 5
get_top_scorer: SUCCESS, 198
play_match: SUCCESS
remove_player: SUCCESS
unite_teams: INVALID_INPUT
update_player_stats: SUCCESS
play_match: FAILURE
get_all_players_count: SUCCESS, 11
remove_player: SUCCESS
remove_player: SUCCESS
add_player: FAILURE
add_player: FAILURE
get_all_players: SUCCESS
12
89
26
158
131
147
9
123
73
13
196
update_player_stats: SUCCESS
unite_teams: FAILURE
get_closest_player: SUCCESS, 84
knockout_winner: SUCCESS, 12
knockout_winner: SUCCESS, 10
knockout_winner: SUCCESS, 10
knockout_winner: SUCCESS, 19
knockout_winner: INVALID_INPUT
get_num_played_games: SUCCESS, 3609
remove_team: FAILURE
knockout_winner: SUCCESS, 19
knockout_winner: SUCCESS, 19
knockout_winner: FAILURE
knockout_winner: FAILURE
knockout_winner: INVALID_INPUT
get_num_played_games: SUCCESS, 8141
get_num_played_games: SUCCESS, 1231
knockout_winner: SUCCESS, 10
knockout_winner: SUCCESS, 10
knockout_winner: SUCCESS, 10
knockout_winner: SUCCESS, 10
knockout_winner: SUCCESS, 10
add_player: FAILURE
update_player_stats: SUCCESS
add_player: FAILURE
get_all_players: SUCCESS
95
37
19
115
152
42
48
108
knockout_winner: FAILURE
knockout_winner: SUCCESS, 10
knockout_winner: SUCCESS, 10
knockout_winner: SUCCESS, 19
knockout_winner: INVALID_INPUT
get_all_players_count: SUCCESS, 15
remove_player: SUCCESS
add_team: FAILURE
get_all_players_count: SUCCESS, 13
get_all_players_count: SUCCESS, 6
get_all_players_count: SUCCESS, 3
knockout_winner: FAILURE
knockout_winner: SUCCESS, 19
knockout_winner: FAILURE
knockout_winner: FAILURE
knockout_winner: INVALID_INPUT
knockout_winner: SUCCESS, 10
knockout_winner: INVALID_INPUT
knockout_winner: INVALID_INPUT
knockout_winner: SUCCESS, 10
knockout_winner: SUCCESS, 10
get_all_players: SUCCESS
118
193
81
200
135
31
159
53
update_player_stats: SUCCESS
get_closest_player: SUCCESS, 157
get_all_players_count: SUCCESS, 7
get_all_players_count: SUCCESS, 11
remove_team: FAILURE
play_match: FAILURE
play_match: FAILURE
knockout_winner: SUCCESS, 19
knockout_winner: SUCCESS, 19
knockout_winner: FAILURE
knockout_winner: FAILURE
knockout_winner: INVALID_INPUT
remove_player: SUCCESS
knockout_winner: SUCCESS, 7
knockout_winner: SUCCESS, 10
knockout_winner: SUCCESS, 4
knockout_winner: SUCCESS, 11
knockout_winner: INVALID_INPUT
add_team: FAILURE
get_num_played_games: SUCCESS, 15733
add_team: FAILURE
add_team: FAILURE
get_team_points: SUCCESS, 4312
remove_player: SUCCESS
get_closest_player: SUCCESS, 54
unite_teams: SUCCESS
get_team_points: SUCCESS, 542
get_all_players: SUCCESS
185
136
18
11
54
198
remove_player: SUCCESS
get_all_players_count: SUCCESS, 6
get_top_scorer: SUCCESS, 69
knockout_winner: SUCCESS, 10
knockout_winner: INVALID_INPUT
knockout_winner: INVALID_INPUT
knockout_winner: SUCCESS, 19
knockout_winner: SUCCESS, 10
get_all_players: SUCCESS
183
74
100
161
169
39
113
116
194
4
143
23
get_all_players: SUCCESS
34
67
163
7
90
47
168
69
get_team_points: SUCCESS, 3768
get_top_scorer: SUCCESS, 69
unite_teams: FAILURE
get_top_scorer: SUCCESS, 106
get_team_points: SUCCESS, 8097
add_team: FAILURE
add_team: FAILURE
knockout_winner: SUCCESS, 19
knockout_winner: SUCCESS, 19
knockout_winner: SUCCESS, 11
knockout_winner: FAILURE
knockout_winner: INVALID_INPUT
remove_team: FAILURE
get_closest_player: SUCCESS, 115
add_team: FAILURE
get_all_players_count: SUCCESS, 13
knockout_winner: SUCCESS, 19
knockout_winner: SUCCESS, 19
knockout_winner: SUCCESS, 11
knockout_winner: FAILURE
knockout_winner: INVALID_INPUT
get_all_players_count: SUCCESS, 3
update_player_stats: SUCCESS
get_team_points: SUCCESS, 4043
get_top_scorer: SUCCESS, 167
play_match: SUCCESS
get_all_players_count: SUCCESS, 3
add_team: FAILURE
get_all_players: SUCCESS
185
136
18
11
54
198
play_match: FAILURE
get_all_players: SUCCESS
118
193
200
135
31
159
53
play_match: FAILURE
get_all_players: SUCCESS
185
136
18
11
54
198
get_closest_player: SUCCESS, 51
get_all_players_count: SUCCESS, 12
update_player_stats: SUCCESS
add_team: FAILURE
get_all_players_count: SUCCESS, 8
play_match: FAILURE
get_all_players_count: SUCCESS, 7
get_closest_player: SUCCESS, 132
remove_team: FAILURE
add_team: FAILURE
get_num_played_games: SUCCESS, 6045
get_closest_player: SUCCESS, 90
add_player: FAILURE
get_all_players_count: SUCCESS, 14
get_all_players: SUCCESS
185
136
18
11
54
198
get_num_played_games: SUCCESS, 4777
get_all_players: SUCCESS
185
136
18
11
54
198
get_num_played_games: SUCCESS, 9687
remove_team: FAILURE
update_player_stats: SUCCESS
get_team_points: SUCCESS, 16077
unite_teams: FAILURE
get_all_players: SUCCESS
62
170
132
166
122
189
72
91
171
173
33
29
get_num_played_games: SUCCESS, 12099
get_num_played_games: SUCCESS, 8505
remove_team: FAILURE
play_match: SUCCESS
add_player: FAILURE
add_player: FAILURE
knockout_winner: SUCCESS, 19
knockout_winner: SUCCESS, 19
knockout_winner: SUCCESS, 10
knockout_winner: SUCCESS, 19
knockout_winner: INVALID_INPUT
remove_player: SUCCESS
remove_team: FAILURE
get_all_players: SUCCESS
85
79
192
124
99
154
121
181
104
49
133
68
14
144
28
update_player_stats: SUCCESS
get_all_players: SUCCESS
102
179
150
103
66
93
20
60
get_all_players: SUCCESS
85
79
192
124
99
154
121
181
104
49
133
68
14
144
28
play_match: FAILURE
get_num_played_games: SUCCESS, 15693
remove_player: SUCCESS
play_match: FAILURE
remove_player: SUCCESS
play_match: SUCCESS
remove_team: FAILURE
remove_player: SUCCESS
get_num_played_games: SUCCESS, 3452
unite_teams: FAILURE
get_all_players: SUCCESS
86
10
137
176
15
21
92
22
get_num_played_games: SUCCESS, 532
get_all_players_count: SUCCESS, 15
update_player_stats: SUCCESS
update_player_stats: SUCCESS
get_team_points: SUCCESS, 5566
get_num_played_games: SUCCESS, 5164
update_player_stats: SUCCESS
knockout_winner: SUCCESS, 11
knockout_winner: SUCCESS, 10
knockout_winner: SUCCESS, 7
knockout_winner: FAILURE
knockout_winner: INVALID_INPUT
unite_teams: FAILURE
get_num_played_games: SUCCESS, 20156
add_player: FAILURE
remove_team: FAILURE
add_player: FAILURE
get_closest_player: SUCCESS, 165
remove_team: FAILURE
add_player: FAILURE
remove_player: SUCCESS
unite_teams: FAILURE
get_num_played_games: SUCCESS, 11907
knockout_winner: FAILURE
knockout_winner: SUCCESS, 19
knockout_winner: FAILURE
knockout_winner: FAILURE
knockout_winner: INVALID_INPUT
get_all_players: SUCCESS
119
164
195
149
94
172
27
97
remove_team: FAILURE
play_match: FAILURE
knockout_winner: FAILURE
knockout_winner: SUCCESS, 19
knockout_winner: FAILURE
knockout_winner: FAILURE
knockout_winner: INVALID_INPUT
play_match: FAILURE
get_all_players: SUCCESS
95
37
19
115
152
48
108
get_team_points: SUCCESS, 542
add_team: FAILURE
unite_teams: FAILURE
remove_player: SUCCESS
knockout_winner: SUCCESS, 19
knockout_winner: SUCCESS, 19
knockout_winner: SUCCESS, 12
knockout_winner: FAILURE
knockout_winner: INVALID_INPUT
get_all_players_count: SUCCESS, 8
add_player: FAILURE
get_all_players: SUCCESS
119
164
195
149
94
172
27
97
get_closest_player: SUCCESS, 53
play_match: FAILURE
get_num_played_games: SUCCESS, 9739
get_num_played_games: SUCCESS, 3403
get_all_players: SUCCESS
95
37
19
115
152
48
108
get_all_players_count: SUCCESS, 16
get_all_players: SUCCESS
102
179
150
103
66
93
20
60
unite_teams: FAILURE
get_all_players_count: SUCCESS, 8
knockout_winner: SUCCESS, 10
knockout_winner: SUCCESS, 10
knockout_winner: SUCCESS, 4
knockout_winner: FAILURE
knockout_winner: INVALID_INPUT
get_closest_player: SUCCESS, 15
remove_player: SUCCESS
update_player_stats: SUCCESS
remove_player: SUCCESS
get_team_points: SUCCESS, 4970
get_all_players_count: SUCCESS, 5
play_match: FAILURE
get_all_players: SUCCESS
102
179
150
103
66
93
20
60
get_all_players: SUCCESS
62
170
132
166
122
189
72
91
171
173
33
29
knockout_winner: SUCCESS, 11
knockout_winner: SUCCESS, 19
knockout_winner: SUCCESS, 7
knockout_winner: SUCCESS, 19
knockout_winner: INVALID_INPUT
unite_teams: FAILURE
play_match: FAILURE
get_num_played_games: SUCCESS, 9302
remove_team: FAILURE
get_top_scorer: SUCCESS, 28
unite_teams: FAILURE
get_num_played_games: SUCCESS, 11354
add_team: FAILURE
play_match: FAILURE
get_closest_player: SUCCESS, 27
add_team: FAILURE
unite_teams: FAILURE
unite_teams: FAILURE
remove_team: FAILURE
get_closest_player: SUCCESS, 194
get_all_players: SUCCESS
34
67
163
7
90
47
168
69
remove_team: FAILURE
play_match: FAILURE
unite_teams: INVALID_INPUT
unite_teams: SUCCESS
play_match: FAILURE
get_num_played_games: SUCCESS, 4777
get_all_players: SUCCESS
30
77
182
160
167
unite_teams: FAILURE
play_match: FAILURE
get_team_points: SUCCESS, 5566
remove_team: FAILURE
unite_teams: SUCCESS
update_player_stats: SUCCESS
play_match: FAILURE
get_all_players: SUCCESS
95
37
19
115
152
48
108
knockout_winner: FAILURE
knockout_winner: SUCCESS, 10
knockout_winner: FAILURE
knockout_winner: SUCCESS, 10
knockout_winner: INVALID_INPUT
get_all_players_count: SUCCESS, 8
unite_teams: FAILURE
play_match: FAILURE
unite_teams: FAILURE
get_all_players_count: SUCCESS, 8
add_player: FAILURE
remove_player: SUCCESS
get_closest_player: SUCCESS, 7
get_top_scorer: SUCCESS, 175
get_all_players_count: SUCCESS, 11
get_all_players_count: SUCCESS, 11
get_num_played_games: SUCCESS, 3996
get_num_played_games: SUCCESS, 1520
play_match: FAILURE
add_team: FAILURE
get_team_points: SUCCESS, 10925
knockout_winner: INVALID_INPUT
knockout_winner: SUCCESS, 10
knockout_winner: INVALID_INPUT
knockout_winner: INVALID_INPUT
knockout_winner: INVALID_INPUT
get_all_players: SUCCESS
119
164
195
149
94
172
27
97
remove_player: SUCCESS
add_team: FAILURE
play_match: FAILURE
get_team_points: SUCCESS, 8097
remove_player: SUCCESS
get_closest_player: SUCCESS, 132
get_num_played_games: SUCCESS, 3026
remove_team: FAILURE
update_player_stats: SUCCESS
get_top_scorer: SUCCESS, 106
add_team: FAILURE
get_num_played_games: SUCCESS, 5557
get_top_scorer: SUCCESS, 71
play_match: FAILURE
get_all_players: SUCCESS
199
186
52
101
153
unite_teams: FAILURE
knockout_winner: INVALID_INPUT
knockout_winner: SUCCESS, 10
knockout_winner: INVALID_INPUT
knockout_winner: INVALID_INPUT
knockout_winner: INVALID_INPUT
get_all_players: SUCCESS
112
6
129
17
70
75
120
190
35
145
38
40
130
109
add_player: FAILURE
get_top_scorer: SUCCESS, 109
play_match: FAILURE
unite_teams: FAILURE
get_closest_player: SUCCESS, 177
unite_teams: FAILURE
update_player_stats: SUCCESS
unite_teams: FAILURE
get_all_players: SUCCESS
59
197
134
184
114
105
188
174
177
165
45
55
36
50
140
61
58
106
get_all_players_count: SUCCESS, 26
knockout_winner: SUCCESS, 4
knockout_winner: INVALID_INPUT
knockout_winner: INVALID_INPUT
knockout_winner: SUCCESS, 10
knockout_winner: INVALID_INPUT
get_all_players: SUCCESS
128
76
148
146
88
24
82
2
64
65
107
add_player: FAILURE
get_num_played_games: SUCCESS, 1638
play_match: SUCCESS
knockout_winner: INVALID_INPUT
knockout_winner: INVALID_INPUT
knockout_winner: INVALID_INPUT
knockout_winner: INVALID_INPUT
knockout_winner: INVALID_INPUT
get_closest_player: SUCCESS, 87
unite_teams: FAILURE
add_team: FAILURE
unite_teams: FAILURE
get_all_players_count: SUCCESS, 8
add_team: FAILURE
get_all_players_count: SUCCESS, 8
knockout_winner: SUCCESS, 2
knockout_winner: INVALID_INPUT
knockout_winner: INVALID_INPUT
knockout_winner: FAILURE
knockout_winner: INVALID_INPUT
get_top_scorer: SUCCESS, 107
knockout_winner: SUCCESS, 19
knockout_winner: SUCCESS, 19
knockout_winner: FAILURE
knockout_winner: FAILURE
knockout_winner: INVALID_INPUT
remove_player: SUCCESS
add_team: FAILURE
add_team: FAILURE
get_all_players: SUCCESS
185
136
11
54
198
get_all_players: SUCCESS
74
100
161
169
113
116
194
4
143
23
39
get_all_players_count: SUCCESS, 16
knockout_winner: SUCCESS, 19
knockout_winner: INVALID_INPUT
knockout_winner: INVALID_INPUT
knockout_winner: SUCCESS, 19
knockout_winner: SUCCESS, 10
add_team: FAILURE
knockout_winner: SUCCESS, 19
knockout_winner: SUCCESS, 19
knockout_winner: SUCCESS, 10
knockout_winner: SUCCESS, 19
knockout_winner: FAILURE
remove_team: FAILURE
get_all_players: SUCCESS
185
136
11
54
198
update_player_stats: SUCCESS
unite_teams: FAILURE
get_all_players_count: SUCCESS, 5
get_team_points: SUCCESS, 9017
add_team: FAILURE
get_team_points: SUCCESS, 8097
get_closest_player: SUCCESS, 70
play_match: FAILURE
unite_teams: FAILURE
remove_team: FAILURE
play_match: SUCCESS
update_player_stats: SUCCESS
update_player_stats: SUCCESS
remove_team: FAILURE
get_top_scorer: SUCCESS, 71
remove_team: FAILURE
get_closest_player: SUCCESS, 147
get_team_points: SUCCESS, 3795
play_match: SUCCESS
update_player_stats: SUCCESS
update_player_stats: SUCCESS
get_team_points: SUCCESS, 16116
get_num_played_games: SUCCESS, 9057
unite_teams: FAILURE
get_closest_player: SUCCESS, 184
get_top_scorer: SUCCESS, 153
get_num_played_games: SUCCESS, 1520
update_player_stats: SUCCESS
get_top_scorer: SUCCESS, 9
get_num_played_games: SUCCESS, 17226
add_player: FAILURE
add_team: FAILURE
play_match: FAILURE
get_closest_player: SUCCESS, 92
remove_team: FAILURE
update_player_stats: SUCCESS
get_top_scorer: SUCCESS, 111
unite_teams: FAILURE
get_num_played_games: SUCCESS, 9578
unite_teams: INVALID_INPUT
unite_teams: SUCCESS
add_team: FAILURE
remove_player: SUCCESS
update_player_stats: SUCCESS
remove_player: SUCCESS
remove_team: FAILURE
knockout_winner: INVALID_INPUT
knockout_winner: SUCCESS, 4
knockout_winner: INVALID_INPUT
knockout_winner: INVALID_INPUT
knockout_winner: INVALID_INPUT
get_num_played_games: SUCCESS, 610
add_team: FAILURE
update_player_stats: SUCCESS
get_num_played_games: SUCCESS, 10122
remove_player: SUCCESS
update_player_stats: SUCCESS
play_match: FAILURE
get_top_scorer: SUCCESS, 97
update_player_stats: SUCCESS
knockout_winner: SUCCESS, 19
knockout_winner: SUCCESS, 19
knockout_winner: SUCCESS, 10
knockout_winner: SUCCESS, 19
knockout_winner: INVALID_INPUT
get_num_played_games: SUCCESS, 5944
remove_player: SUCCESS
get_top_scorer: SUCCESS, 116
unite_teams: FAILURE
get_all_players_count: SUCCESS, 10
add_player: FAILURE
remove_team: FAILURE
update_player_stats: SUCCESS
get_all_players_count: SUCCESS, 12
get_closest_player: SUCCESS, 83
add_player: FAILURE
get_num_played_games: SUCCESS, 10517
get_closest_player: SUCCESS, 44
get_top_scorer: SUCCESS, 175
get_team_points: SUCCESS, 5566
get_top_scorer: SUCCESS, 171
get_num_played_games: SUCCESS, 701
remove_player: SUCCESS
unite_teams: FAILURE
remove_player: SUCCESS
get_closest_player: SUCCESS, 197
get_team_points: SUCCESS, 10925
remove_player: SUCCESS
get_all_players_count: SUCCESS, 14
unite_teams: FAILURE
update_player_stats: SUCCESS
play_match: INVALID_INPUT
knockout_winner: SUCCESS, 8
knockout_winner: SUCCESS, 10
knockout_winner: SUCCESS, 3
knockout_winner: FAILURE
knockout_winner: INVALID_INPUT
update_player_stats: SUCCESS
unite_teams: FAILURE
unite_teams: FAILURE
remove_team: FAILURE
get_team_points: SUCCESS, 9017
remove_team: FAILURE
add_team: FAILURE
get_top_scorer: SUCCESS, 198
update_player_stats: SUCCESS
add_player: FAILURE
add_team: FAILURE
remove_player: SUCCESS
get_num_played_games: SUCCESS, 10452
get_team_points: SUCCESS, 13862
get_all_players_count: SUCCESS, 11
play_match: FAILURE
update_player_stats: SUCCESS
update_player_stats: SUCCESS
remove_team: FAILURE
knockout_winner: FAILURE
knockout_winner: SUCCESS, 19
knockout_winner: FAILURE
knockout_winner: SUCCESS, 19
knockout_winner: INVALID_INPUT
get_num_played_games: SUCCESS, 7058
get_top_scorer: SUCCESS, 82
knockout_winner: SUCCESS, 17
knockout_winner: SUCCESS, 19
knockout_winner: SUCCESS, 11
knockout_winner: FAILURE
knockout_winner: INVALID_INPUT
get_team_points: SUCCESS, 10925
remove_team: FAILURE
update_player_stats: SUCCESS
update_player_stats: SUCCESS
update_player_stats: SUCCESS
play_match: FAILURE
get_team_points: SUCCESS, 5722
get_closest_player: SUCCESS, 162
get_top_scorer: SUCCESS, 60
unite_teams: FAILURE
update_player_stats: SUCCESS
play_match: FAILURE
knockout_winner: SUCCESS, 4
knockout_winner: INVALID_INPUT
knockout_winner: INVALID_INPUT
knockout_winner: SUCCESS, 8
knockout_winner: INVALID_INPUT
unite_teams: FAILURE
get_team_points: SUCCESS, 10925
knockout_winner: INVALID_INPUT
knockout_winner: FAILURE
knockout_winner: INVALID_INPUT
knockout_winner: INVALID_INPUT
knockout_winner: INVALID_INPUT
get_closest_player: SUCCESS, 176
play_match: FAILURE
add_team: FAILURE
knockout_winner: SUCCESS, 17
knockout_winner: SUCCESS, 19
knockout_winner: SUCCESS, 10
knockout_winner: FAILURE
knockout_winner: INVALID_INPUT
get_closest_player: SUCCESS, 188
remove_player: SUCCESS
knockout_winner: FAILURE
knockout_winner: SUCCESS, 19
knockout_winner: FAILURE
knockout_winner: FAILURE
knockout_winner: INVALID_INPUT
get_all_players: SUCCESS
85
79
124
99
181
104
49
62
68
170
132
14
144
192
166
122
189
72
91
173
33
133
29
171
get_all_players: SUCCESS
41
127
175
knockout_winner: SUCCESS, 19
knockout_winner: INVALID_INPUT
knockout_winner: INVALID_INPUT
knockout_winner: SUCCESS, 19
knockout_winner: SUCCESS, 8
get_closest_player: SUCCESS, 122
update_player_stats: SUCCESS
get_num_played_games: SUCCESS, 1097
remove_player: SUCCESS
remove_player: SUCCESS
get_all_players_count: SUCCESS, 11
add_player: FAILURE
get_top_scorer: SUCCESS, 69
remove_team: FAILURE
get_team_points: SUCCESS, 10925
knockout_winner: INVALID_INPUT
knockout_winner: INVALID_INPUT
knockout_winner: INVALID_INPUT
knockout_winner: INVALID_INPUT
knockout_winner: INVALID_INPUT
get_num_played_games: SUCCESS, 6355
unite_teams: FAILURE
knockout_winner: FAILURE
knockout_winner: SUCCESS, 19
knockout_winner: FAILURE
knockout_winner: FAILURE
knockout_winner: INVALID_INPUT
remove_player: SUCCESS
remove_player: SUCCESS
get_num_played_games: SUCCESS, 3452
unite_teams: FAILURE
get_top_scorer: SUCCESS, 53
get_closest_player: SUCCESS, 51
get_team_points: SUCCESS, 16242
remove_team: FAILURE
get_team_points: SUCCESS, 10925
remove_player: SUCCESS
play_match: FAILURE
get_top_scorer: SUCCESS, 171
remove_team: FAILURE
add_team: FAILURE
knockout_winner: INVALID_INPUT
knockout_winner: SUCCESS, 4
knockout_winner: INVALID_INPUT
knockout_winner: INVALID_INPUT
knockout_winner: INVALID_INPUT
get_all_players: SUCCESS
95
37
19
115
152
48
knockout_winner: INVALID_INPUT
knockout_winner: SUCCESS, 19
knockout_winner: INVALID_INPUT
knockout_winner: INVALID_INPUT
knockout_winner: INVALID_INPUT
add_player: FAILURE
remove_team: FAILURE
get_num_played_games: SUCCESS, 6680
remove_team: FAILURE
remove_player: SUCCESS
remove_team: FAILURE
get_team_points: SUCCESS, 10925
get_team_points: SUCCESS, 542
get_num_played_games: SUCCESS, 3917
add_team: FAILURE
get_closest_player: SUCCESS, 94
add_team: FAILURE
knockout_winner: FAILURE
knockout_winner: SUCCESS, 19
knockout_winner: FAILURE
knockout_winner: FAILURE
knockout_winner: INVALID_INPUT
play_match: FAILURE
add_player: FAILURE
remove_player: SUCCESS
remove_team: FAILURE
get_top_scorer: SUCCESS, 97
get_closest_player: SUCCESS, 102
get_team_points: SUCCESS, 11098
unite_teams: FAILURE
get_all_players: SUCCESS
128
76
148
146
88
24
2
64
65
107
82
remove_player: SUCCESS
knockout_winner: INVALID_INPUT
knockout_winner: SUCCESS, 19
knockout_winner: INVALID_INPUT
knockout_winner: INVALID_INPUT
knockout_winner: INVALID_INPUT
get_all_players: SUCCESS
119
164
149
94
172
27
195
97
knockout_winner: SUCCESS, 19
knockout_winner: SUCCESS, 19
knockout_winner: FAILURE
knockout_winner: FAILURE
knockout_winner: INVALID_INPUT
play_match: FAILURE
get_num_played_games: SUCCESS, 7271
get_all_players: SUCCESS
185
136
11
54
198
knockout_winner: INVALID_INPUT
knockout_winner: SUCCESS, 19
knockout_winner: INVALID_INPUT
knockout_winner: INVALID_INPUT
knockout_winner: INVALID_INPUT
play_match: FAILURE
add_player: FAILURE
get_num_played_games: SUCCESS, 757
get_team_points: SUCCESS, 3813
get_closest_player: SUCCESS, 33
play_match: FAILURE
remove_team: FAILURE
get_all_players: SUCCESS
157
178
43
16
32
180
151
56
187
71
get_team_points: SUCCESS, 3813
add_player: FAILURE
get_all_players_count: SUCCESS, 8
get_num_played_games: SUCCESS, 354
remove_team: FAILURE
get_closest_player: SUCCESS, 122
play_match: FAILURE
remove_team: FAILURE
add_team: FAILURE
knockout_winner: SUCCESS, 19
knockout_winner: SUCCESS, 19
knockout_winner: SUCCESS, 8
knockout_winner: SUCCESS, 19
knockout_winner: FAILURE
remove_player: SUCCESS
add_player: FAILURE
update_player_stats: SUCCESS
get_team_points: SUCCESS, 10925
unite_teams: FAILURE
update_player_stats: SUCCESS
play_match: FAILURE
get_all_players_count: SUCCESS, 5
play_match: FAILURE
update_player_stats: SUCCESS
get_team_points: SUCCESS, 3813
play_match: FAILURE
unite_teams: FAILURE
remove_player: SUCCESS
get_top_scorer: SUCCESS, 97
unite_teams: SUCCESS
get_num_played_games: SUCCESS, 2851
get_team_points: SUCCESS, 667
unite_teams: SUCCESS
remove_team: FAILURE
get_team_points: SUCCESS, 542
update_player_stats: SUCCESS
knockout_winner: SUCCESS, 19
knockout_winner: SUCCESS, 19
knockout_winner: FAILURE
knockout_winner: FAILURE
knockout_winner: INVALID_INPUT
get_num_played_games: SUCCESS, 7058
get_top_scorer: SUCCESS, 171
add_player: FAILURE
unite_teams: FAILURE
add_player: FAILURE
get_closest_player: SUCCESS, 149
update_player_stats: SUCCESS
get_num_played_games: SUCCESS, 8056
remove_team: FAILURE
add_team: FAILURE
update_player_stats: SUCCESS
remove_player: SUCCESS
get_closest_player: SUCCESS, 47
add_team: FAILURE
knockout_winner: SUCCESS, 2
knockout_winner: INVALID_INPUT
knockout_winner: INVALID_INPUT
knockout_winner: FAILURE
knockout_winner: INVALID_INPUT
knockout_winner: SUCCESS, 19
knockout_winner: SUCCESS, 19
knockout_winner: SUCCESS, 8
knockout_winner: SUCCESS, 19
knockout_winner: INVALID_INPUT
get_team_points: SUCCESS, 9017
get_top_scorer: SUCCESS, 53
add_player: FAILURE
get_num_played_games: SUCCESS, 6046
add_team: FAILURE
play_match: FAILURE
add_player: FAILURE
knockout_winner: SUCCESS, 19
knockout_winner: SUCCESS, 19
knockout_winner: FAILURE
knockout_winner: FAILURE
knockout_winner: INVALID_INPUT
add_player: FAILURE
get_closest_player: SUCCESS, 194
add_team: FAILURE
get_num_played_games: SUCCESS, 3055
add_player: FAILURE
get_team_points: SUCCESS, 5728
play_match: FAILURE
get_all_players: SUCCESS
10
137
15
176
21
92
22
remove_team: FAILURE
add_team: FAILURE
get_top_scorer: SUCCESS, 67
get_all_players: SUCCESS
157
43
16
178
32
180
151
56
187
71
get_closest_player: SUCCESS, 102
get_top_scorer: SUCCESS, 71
remove_player: SUCCESS
get_top_scorer: SUCCESS, 82
knockout_winner: SUCCESS, 19
knockout_winner: INVALID_INPUT
knockout_winner: INVALID_INPUT
knockout_winner: SUCCESS, 19
knockout_winner: SUCCESS, 8
add_player: FAILURE
remove_player: SUCCESS
update_player_stats: SUCCESS
unite_teams: SUCCESS
update_player_stats: SUCCESS
remove_team: FAILURE
get_num_played_games: SUCCESS, 10252
remove_team: FAILURE
remove_player: SUCCESS
get_all_players: SUCCESS
197
185
59
114
136
188
11
165
54
55
36
198
140
134
61
58
106
174
45
get_closest_player: SUCCESS, 32
play_match: SUCCESS
remove_team: FAILURE
get_top_scorer: SUCCESS, 116
unite_teams: FAILURE
remove_player: SUCCESS
update_player_stats: SUCCESS
get_num_played_games: SUCCESS, 2364
unite_teams: FAILURE
get_top_scorer: SUCCESS, 145
unite_teams: FAILURE
get_top_scorer: SUCCESS, 71
play_match: FAILURE
knockout_winner: FAILURE
knockout_winner: SUCCESS, 19
knockout_winner: FAILURE
knockout_winner: FAILURE
knockout_winner: INVALID_INPUT
get_top_scorer: SUCCESS, 48
get_all_players_count: SUCCESS, 24
get_num_played_games: SUCCESS, 10784
get_top_scorer: SUCCESS, 171
add_team: FAILURE
unite_teams: FAILURE
get_all_players: SUCCESS
10
95
137
37
19
115
152
15
176
21
92
22
48
unite_teams: FAILURE
remove_team: FAILURE
add_player: FAILURE
remove_team: FAILURE
get_closest_player: SUCCESS, 72
remove_team: FAILURE
get_closest_player: SUCCESS, 7
get_all_players_count: SUCCESS, 24
knockout_winner: SUCCESS, 19
knockout_winner: SUCCESS, 19
knockout_winner: SUCCESS, 8
knockout_winner: SUCCESS, 19
knockout_winner: FAILURE
remove_player: SUCCESS
get_top_scorer: SUCCESS, 145
knockout_winner: FAILURE
knockout_winner: SUCCESS, 8
knockout_winner: SUCCESS, 4
knockout_winner: FAILURE
knockout_winner: INVALID_INPUT
remove_player: SUCCESS
unite_teams: SUCCESS
play_match: FAILURE
play_match: FAILURE
get_team_points: SUCCESS, 1209
get_closest_player: SUCCESS, 145
get_team_points: SUCCESS, 10925
remove_team: FAILURE
get_num_played_games: SUCCESS, 4149
add_player: FAILURE
get_team_points: SUCCESS, 16350
play_match: FAILURE
knockout_winner: INVALID_INPUT
knockout_winner: SUCCESS, 8
knockout_winner: INVALID_INPUT
knockout_winner: INVALID_INPUT
knockout_winner: INVALID_INPUT
get_all_players_count: SUCCESS, 23
get_all_players_count: SUCCESS, 16
play_match: SUCCESS
get_all_players: SUCCESS
10
95
137
37
19
115
152
15
176
21
92
22
48
get_closest_player: SUCCESS, 90
play_match: FAILURE
play_match: FAILURE
add_team: FAILURE
get_all_players: SUCCESS
89
163
7
26
12
158
147
90
123
47
73
168
69
196
67
9
get_all_players_count: SUCCESS, 23
get_top_scorer: SUCCESS, 78
knockout_winner: SUCCESS, 3
knockout_winner: INVALID_INPUT
knockout_winner: INVALID_INPUT
knockout_winner: SUCCESS, 8
knockout_winner: INVALID_INPUT
update_player_stats: SUCCESS
update_player_stats: SUCCESS
get_closest_player: SUCCESS, 194
get_closest_player: SUCCESS, 73
remove_team: FAILURE
get_all_players_count: SUCCESS, 16
add_team: FAILURE
get_team_points: SUCCESS, 3828
play_match: SUCCESS
get_top_scorer: SUCCESS, 71
remove_player: SUCCESS
remove_team: FAILURE
get_num_played_games: SUCCESS, 9964
play_match: SUCCESS
add_player: FAILURE
get_closest_player: SUCCESS, 87
play_match: FAILURE
remove_team: FAILURE
get_closest_player: SUCCESS, 198
remove_team: FAILURE
add_team: FAILURE
get_num_played_games: SUCCESS, 7135
play_match: FAILURE
get_top_scorer: SUCCESS, 48
add_player: FAILURE
remove_team: FAILURE
get_team_points: SUCCESS, 9878
get_all_players: SUCCESS
118
200
193
31
53
get_all_players: SUCCESS
157
43
16
178
180
151
56
187
71
get_all_players_count: SUCCESS, 8
unite_teams: SUCCESS
add_player: FAILURE
knockout_winner: SUCCESS, 6
knockout_winner: SUCCESS, 8
knockout_winner: FAILURE
knockout_winner: FAILURE
knockout_winner: INVALID_INPUT
unite_teams: FAILURE
remove_player: SUCCESS
get_closest_player: SUCCESS, 103
knockout_winner: SUCCESS, 3
knockout_winner: INVALID_INPUT
knockout_winner: INVALID_INPUT
knockout_winner: SUCCESS, 8
knockout_winner: INVALID_INPUT
play_match: FAILURE
add_team: FAILURE
get_all_players: SUCCESS
89
163
7
26
12
158
147
90
123
47
73
168
69
196
67
9
update_player_stats: SUCCESS
get_top_scorer: SUCCESS, 82
update_player_stats: SUCCESS
knockout_winner: SUCCESS, 6
knockout_winner: SUCCESS, 8
knockout_winner: FAILURE
knockout_winner: FAILURE
knockout_winner: INVALID_INPUT
add_player: FAILURE
get_team_points: SUCCESS, 1218
get_top_scorer: SUCCESS, 82
remove_player: SUCCESS
play_match: FAILURE
get_all_players: SUCCESS
74
161
169
113
41
127
175
194
4
23
39
116
get_closest_player: SUCCESS, 133
unite_teams: SUCCESS
add_team: FAILURE
get_team_points: SUCCESS, 11651
update_player_stats: SUCCESS
unite_teams: FAILURE
remove_player: SUCCESS
add_team: FAILURE
unite_teams: FAILURE
remove_team: FAILURE
get_team_points: SUCCESS, 10925
get_top_scorer: SUCCESS, 116
play_match: SUCCESS
get_closest_player: SUCCESS, 122
get_all_players_count: SUCCESS, 22
add_player: FAILURE
knockout_winner: SUCCESS, 5
knockout_winner: SUCCESS, 8
knockout_winner: FAILURE
knockout_winner: FAILURE
knockout_winner: INVALID_INPUT
get_all_players: SUCCESS
157
16
178
43
180
151
56
187
71
get_all_players: SUCCESS
85
124
181
104
49
68
132
14
62
144
192
170
166
122
189
72
91
173
33
29
171
133
unite_teams: FAILURE
remove_team: FAILURE
get_top_scorer: SUCCESS, 82
get_all_players_count: SUCCESS, 13
update_player_stats: SUCCESS
get_all_players: SUCCESS
118
89
163
7
26
12
158
147
200
90
123
47
193
31
73
168
69
53
196
67
9
get_closest_player: SUCCESS, 80
knockout_winner: SUCCESS, 8
knockout_winner: INVALID_INPUT
knockout_winner: INVALID_INPUT
knockout_winner: FAILURE
knockout_winner: INVALID_INPUT
get_all_players_count: SUCCESS, 16
get_team_points: SUCCESS, 20014
get_all_players_count: SUCCESS, 12
play_match: INVALID_INPUT
update_player_stats: SUCCESS
add_team: FAILURE
get_closest_player: SUCCESS, 43
remove_player: SUCCESS
unite_teams: FAILURE
remove_team: FAILURE
get_all_players_count: SUCCESS, 22
get_top_scorer: SUCCESS, 48
remove_player: SUCCESS
get_all_players_count: SUCCESS, 9
unite_teams: FAILURE
remove_player: SUCCESS
get_all_players: SUCCESS
161
169
113
41
127
175
194
4
23
39
116
get_all_players_count: SUCCESS, 13
add_player: FAILURE
get_team_points: SUCCESS, 5728
add_team: FAILURE
get_all_players_count: SUCCESS, 21
unite_teams: INVALID_INPUT
get_top_scorer: SUCCESS, 116
unite_teams: FAILURE
get_closest_player: SUCCESS, 37
unite_teams: FAILURE
knockout_winner: INVALID_INPUT
knockout_winner: SUCCESS, 4
knockout_winner: INVALID_INPUT
knockout_winner: INVALID_INPUT
knockout_winner: INVALID_INPUT
remove_team: FAILURE
get_closest_player: SUCCESS, 33
remove_player: SUCCESS
get_closest_player: SUCCESS, 136
get_closest_player: SUCCESS, 33
add_team: FAILURE
get_all_players: SUCCESS
164
149
94
172
27
119
195
97
get_num_played_games: SUCCESS, 16544
add_player: FAILURE
add_player: FAILURE
knockout_winner: SUCCESS, 19
knockout_winner: SUCCESS, 20
knockout_winner: SUCCESS, 8
knockout_winner: SUCCESS, 20
knockout_winner: FAILURE
remove_team: FAILURE
get_all_players_count: SUCCESS, 13
update_player_stats: SUCCESS
play_match: SUCCESS
remove_team: FAILURE
remove_team: FAILURE
get_team_points: SUCCESS, 30107
unite_teams: FAILURE
get_all_players: SUCCESS
112
6
129
17
70
75
190
35
38
40
130
120
145
get_top_scorer: SUCCESS, 82
get_all_players: SUCCESS
10
95
137
37
19
115
152
15
176
21
92
22
48
remove_player: SUCCESS
knockout_winner: INVALID_INPUT
knockout_winner: INVALID_INPUT
knockout_winner: INVALID_INPUT
knockout_winner: INVALID_INPUT
knockout_winner: INVALID_INPUT
get_all_players: SUCCESS
76
128
148
146
88
24
2
64
107
82
get_num_played_games: SUCCESS, 19
get_team_points: SUCCESS, 11143
remove_team: FAILURE
get_closest_player: SUCCESS, 132
get_top_scorer: SUCCESS, 133
get_all_players: SUCCESS
161
169
113
41
127
175
194
4
23
39
116
update_player_stats: SUCCESS
get_num_played_games: SUCCESS, 9630
unite_teams: SUCCESS
remove_player: SUCCESS
get_all_players_count: SUCCESS, 8
get_top_scorer: SUCCESS, 9
add_player: FAILURE
update_player_stats: SUCCESS
get_all_players: SUCCESS
118
89
163
7
26
12
158
147
200
90
123
47
193
31
73
168
69
53
196
67
9
get_top_scorer: SUCCESS, 9
unite_teams: FAILURE
get_all_players: SUCCESS
76
128
148
146
88
24
2
64
107
82
knockout_winner: SUCCESS, 20
knockout_winner: SUCCESS, 20
knockout_winner: SUCCESS, 8
knockout_winner: SUCCESS, 20
knockout_winner: INVALID_INPUT
add_team: FAILURE
get_closest_player: SUCCESS, 27
remove_player: SUCCESS
unite_teams: FAILURE
add_player: FAILURE
play_match: FAILURE
play_match: FAILURE
get_closest_player: SUCCESS, 80
get_all_players_count: SUCCESS, 10
get_team_points: SUCCESS, 39985
remove_player: SUCCESS
update_player_stats: SUCCESS
get_num_played_games: SUCCESS, 760
knockout_winner: SUCCESS, 6
knockout_winner: SUCCESS, 8
knockout_winner: FAILURE
knockout_winner: FAILURE
knockout_winner: INVALID_INPUT
get_closest_player: SUCCESS, 116
get_all_players_count: SUCCESS, 12
get_num_played_games: SUCCESS, 2682
remove_player: SUCCESS
remove_player: SUCCESS
get_all_players: SUCCESS
85
124
181
104
49
68
132
144
192
170
166
122
189
72
91
173
33
62
29
171
133
play_match: SUCCESS
remove_team: FAILURE
get_closest_player: SUCCESS, 158
get_all_players: SUCCESS
85
124
181
104
49
68
132
144
192
170
166
122
189
72
91
173
33
62
29
171
133
remove_player: SUCCESS
get_all_players_count: SUCCESS, 20
get_all_players_count: SUCCESS, 20
remove_team: FAILURE
get_team_points: SUCCESS, 3861
knockout_winner: SUCCESS, 2
knockout_winner: INVALID_INPUT
knockout_winner: INVALID_INPUT
knockout_winner: FAILURE
knockout_winner: INVALID_INPUT
update_player_stats: SUCCESS
update_player_stats: SUCCESS
remove_player: SUCCESS
remove_player: SUCCESS
get_team_points: SUCCESS, 10925
get_top_scorer: SUCCESS, 82
add_team: FAILURE
knockout_winner: SUCCESS, 8
knockout_winner: SUCCESS, 8
knockout_winner: FAILURE
knockout_winner: FAILURE
knockout_winner: INVALID_INPUT
get_all_players: SUCCESS
76
128
146
148
88
24
64
107
82
add_player: FAILURE
get_all_players: SUCCESS
161
169
113
41
127
175
194
4
23
39
116
add_player: FAILURE
remove_team: FAILURE
unite_teams: FAILURE
get_team_points: SUCCESS, 10235
update_player_stats: SUCCESS
get_all_players_count: SUCCESS, 19
play_match: FAILURE
add_player: FAILURE
get_all_players: SUCCESS
10
102
199
150
95
137
51
80
44
87
19
115
30
103
52
152
77
93
186
46
96
15
176
182
160
21
20
92
22
111
48
101
78
knockout_winner: SUCCESS, 8
knockout_winner: SUCCESS, 20
knockout_winner: SUCCESS, 8
knockout_winner: SUCCESS, 20
knockout_winner: FAILURE
remove_team: FAILURE
get_top_scorer: SUCCESS, 9
add_team: FAILURE
remove_player: SUCCESS
add_player: FAILURE
get_num_played_games: SUCCESS, 11827
get_top_scorer: SUCCESS, 120
add_player: FAILURE
update_player_stats: SUCCESS
add_player: FAILURE
unite_teams: FAILURE
get_all_players_count: SUCCESS, 11
unite_teams: FAILURE
remove_player: SUCCESS
get_team_points: SUCCESS, 3870
get_team_points: SUCCESS, 3870
get_all_players: SUCCESS
181
104
49
68
132
144
192
170
166
122
189
72
91
173
33
62
29
171
add_player: FAILURE
update_player_stats: SUCCESS
get_closest_player: SUCCESS, 70
knockout_winner: SUCCESS, 4
knockout_winner: INVALID_INPUT
knockout_winner: INVALID_INPUT
knockout_winner: SUCCESS, 8
knockout_winner: INVALID_INPUT
add_team: FAILURE
remove_player: SUCCESS
remove_player: SUCCESS
add_player: FAILURE
remove_player: SUCCESS
knockout_winner: SUCCESS, 2
knockout_winner: INVALID_INPUT
knockout_winner: INVALID_INPUT
knockout_winner: FAILURE
knockout_winner: INVALID_INPUT
remove_team: FAILURE
get_top_scorer: SUCCESS, 45
get_top_scorer: SUCCESS, 67
remove_team: FAILURE
play_match: SUCCESS
get_num_played_games: SUCCESS, 703
unite_teams: FAILURE
add_player: FAILURE
get_team_points: SUCCESS, 5728
get_closest_player: SUCCESS, 24
get_all_players_count: SUCCESS, 19
remove_player: SUCCESS
unite_teams: FAILURE
get_all_players_count: SUCCESS, 29
play_match: FAILURE
get_num_played_games: SUCCESS, 8569
remove_player: SUCCESS
knockout_winner: INVALID_INPUT
knockout_winner: SUCCESS, 8
knockout_winner: INVALID_INPUT
knockout_winner: INVALID_INPUT
knockout_winner: INVALID_INPUT
get_closest_player: SUCCESS, 195
get_team_points: SUCCESS, 10925
remove_player: SUCCESS
get_all_players: SUCCESS
161
169
113
41
127
175
194
4
23
39
116
get_team_points: SUCCESS, 16419
knockout_winner: SUCCESS, 20
knockout_winner: SUCCESS, 20
knockout_winner: FAILURE
knockout_winner: FAILURE
knockout_winner: INVALID_INPUT
play_match: FAILURE
remove_player: SUCCESS
get_top_scorer: SUCCESS, 171
get_team_points: SUCCESS, 16419
get_closest_player: SUCCESS, 67
update_player_stats: SUCCESS
knockout_winner: SUCCESS, 4
knockout_winner: INVALID_INPUT
knockout_winner: INVALID_INPUT
knockout_winner: FAILURE
knockout_winner: INVALID_INPUT
get_top_scorer: SUCCESS, 38
update_player_stats: SUCCESS
add_team: FAILURE
get_closest_player: SUCCESS, 62
get_top_scorer: SUCCESS, 97
unite_teams: FAILURE
add_player: FAILURE
get_all_players: SUCCESS
118
89
163
26
12
158
147
90
123
47
31
73
193
168
53
196
7
67
add_team: FAILURE
get_num_played_games: SUCCESS, 3858
get_num_played_games: SUCCESS, 9038
update_player_stats: SUCCESS
get_team_points: SUCCESS, 16419
get_closest_player: SUCCESS, 39
update_player_stats: SUCCESS
get_closest_player: SUCCESS, 33
get_all_players: SUCCESS
118
89
163
26
12
158
147
90
123
47
31
73
193
168
53
196
7
67
get_top_scorer: SUCCESS, 71
unite_teams: FAILURE
add_player: FAILURE
remove_team: FAILURE
get_closest_player: SUCCESS, 95
unite_teams: FAILURE
unite_teams: FAILURE
get_closest_player: SUCCESS, 174
get_num_played_games: SUCCESS, 7136
get_all_players: SUCCESS
161
169
41
127
113
175
194
4
23
39
116
knockout_winner: FAILURE
knockout_winner: SUCCESS, 8
knockout_winner: SUCCESS, 6
knockout_winner: FAILURE
knockout_winner: INVALID_INPUT
get_all_players: SUCCESS
164
149
172
27
119
94
195
97
get_closest_player: SUCCESS, 76
add_player: FAILURE
play_match: SUCCESS
unite_teams: FAILURE
get_all_players: SUCCESS
164
149
172
27
119
94
195
97
get_team_points: SUCCESS, 10925
add_player: FAILURE
add_player: FAILURE
get_top_scorer: SUCCESS, 171
get_all_players_count: SUCCESS, 8
get_team_points: SUCCESS, 20017
get_all_players_count: SUCCESS, 14
get_all_players: SUCCESS
157
16
178
151
56
187
43
71
remove_player: SUCCESS
get_num_played_games: SUCCESS, 3789
knockout_winner: INVALID_INPUT
knockout_winner: INVALID_INPUT
knockout_winner: INVALID_INPUT
knockout_winner: INVALID_INPUT
knockout_winner: INVALID_INPUT
update_player_stats: SUCCESS
get_top_scorer: SUCCESS, 82
knockout_winner: FAILURE
knockout_winner: SUCCESS, 8
knockout_winner: SUCCESS, 6
knockout_winner: FAILURE
knockout_winner: INVALID_INPUT
play_match: FAILURE
knockout_winner: SUCCESS, 20
knockout_winner: SUCCESS, 20
knockout_winner: SUCCESS, 8
knockout_winner: SUCCESS, 20
knockout_winner: FAILURE
get_num_played_games: SUCCESS, 12084
get_team_points: SUCCESS, 10235
remove_team: FAILURE
knockout_winner: INVALID_INPUT
knockout_winner: SUCCESS, 4
knockout_winner: INVALID_INPUT
knockout_winner: INVALID_INPUT
knockout_winner: INVALID_INPUT
update_player_stats: SUCCESS
get_team_points: SUCCESS, 10235
get_team_points: SUCCESS, 3888
get_team_points: SUCCESS, 3888
add_team: FAILURE
remove_team: FAILURE
get_closest_player: SUCCESS, 120
unite_teams: FAILURE
update_player_stats: SUCCESS
play_match: FAILURE
add_player: FAILURE
get_all_players_count: SUCCESS, 17
get_all_players_count: SUCCESS, 28
play_match: FAILURE
remove_team: FAILURE
remove_player: SUCCESS
remove_player: SUCCESS
remove_player: SUCCESS
remove_player: SUCCESS
remove_player: SUCCESS
remove_player: SUCCESS
remove_player: SUCCESS
remove_player: SUCCESS
remove_player: SUCCESS
remove_player: SUCCESS
remove_player: SUCCESS
remove_player: SUCCESS
remove_player: SUCCESS
remove_player: SUCCESS
remove_player: SUCCESS
remove_player: SUCCESS
remove_player: SUCCESS
remove_player: SUCCESS
remove_player: SUCCESS
remove_player: SUCCESS
remove_player: SUCCESS
remove_player: SUCCESS
remove_player: SUCCESS
remove_player: SUCCESS
remove_player: SUCCESS
remove_player: SUCCESS
remove_player: SUCCESS
remove_player: SUCCESS
remove_player: SUCCESS
remove_player: SUCCESS
remove_player: SUCCESS
remove_player: SUCCESS
remove_player: SUCCESS
remove_player: SUCCESS
remove_player: SUCCESS
remove_player: SUCCESS
remove_player: SUCCESS
remove_player: SUCCESS
remove_player: SUCCESS
remove_player: SUCCESS
remove_player: SUCCESS
remove_player: SUCCESS
remove_player: SUCCESS
remove_player: SUCCESS
remove_player: SUCCESS
remove_player: SUCCESS
remove_player: SUCCESS
remove_player: SUCCESS
remove_player: SUCCESS
remove_player: SUCCESS
remove_player: SUCCESS
remove_player: SUCCESS
remove_player: SUCCESS
remove_player: SUCCESS
remove_player: SUCCESS
remove_player: SUCCESS
remove_player: SUCCESS
remove_player: SUCCESS
remove_player: SUCCESS
remove_player: SUCCESS
remove_player: SUCCESS
remove_player: SUCCESS
remove_player: SUCCESS
remove_player: SUCCESS
remove_player: SUCCESS
remove_player: SUCCESS
remove_player: SUCCESS
remove_player: SUCCESS
remove_player: SUCCESS
remove_player: SUCCESS
remove_player: SUCCESS
remove_player: SUCCESS
remove_player: SUCCESS
remove_player: SUCCESS
remove_player: SUCCESS
remove_player: SUCCESS
remove_player: SUCCESS
remove_player: SUCCESS
remove_player: SUCCESS
remove_player: SUCCESS
remove_player: SUCCESS
remove_player: SUCCESS
remove_player: SUCCESS
remove_player: SUCCESS
remove_player: SUCCESS
remove_player: SUCCESS
remove_player: SUCCESS
remove_player: SUCCESS
remove_player: SUCCESS
remove_player: SUCCESS
remove_player: SUCCESS
remove_player: SUCCESS
remove_player: SUCCESS
remove_player: SUCCESS
remove_player: SUCCESS
remove_player: SUCCESS
remove_player: SUCCESS
remove_player: SUCCESS
remove_player: SUCCESS
remove_player: SUCCESS
remove_player: SUCCESS
remove_player: SUCCESS
remove_player: SUCCESS
remove_player: SUCCESS
remove_player: SUCCESS
remove_player: SUCCESS
remove_player: SUCCESS
remove_player: SUCCESS
remove_player: SUCCESS
remove_player: SUCCESS
remove_player: SUCCESS
remove_player: SUCCESS
remove_player: SUCCESS
remove_player: SUCCESS
remove_player: SUCCESS
remove_player: SUCCESS
remove_player: SUCCESS
remove_player: SUCCESS
remove_player: SUCCESS
remove_player: SUCCESS
remove_player: SUCCESS
remove_player: SUCCESS
remove_player: SUCCESS
remove_player: SUCCESS
remove_player: SUCCESS
remove_team: SUCCESS
remove_team: SUCCESS
remove_team: SUCCESS
remove_team: SUCCESS
remove_team: SUCCESS
remove_team: SUCCESS
remove_team: SUCCESS
remove_team: SUCCESS
remove_team: SUCCESS
