add_team: SUCCESS
add_team: SUCCESS
add_team: SUCCESS
add_team: SUCCESS
add_team: SUCCESS
add_team: SUCCESS
add_team: SUCCESS
add_team: SUCCESS
add_team: SUCCESS
add_team: SUCCESS
add_team: SUCCESS
add_team: SUCCESS
add_team: SUCCESS
add_team: SUCCESS
add_team: SUCCESS
add_team: SUCCESS
add_team: SUCCESS
add_team: SUCCESS
add_team: SUCCESS
add_team: SUCCESS
add_player: SUCCESS
add_player: SUCCESS
add_player: SUCCESS
add_player: SUCCESS
add_player: SUCCESS
add_player: SUCCESS
add_player: SUCCESS
add_player: SUCCESS
add_player: SUCCESS
add_player: SUCCESS
add_player: SUCCESS
add_player: SUCCESS
add_player: SUCCESS
add_player: SUCCESS
add_player: SUCCESS
add_player: SUCCESS
add_player: SUCCESS
add_player: SUCCESS
add_player: SUCCESS
add_player: SUCCESS
add_player: SUCCESS
add_player: SUCCESS
add_player: SUCCESS
add_player: SUCCESS
add_player: SUCCESS
add_player: SUCCESS
add_player: SUCCESS
add_player: SUCCESS
add_player: SUCCESS
add_player: SUCCESS
add_player: SUCCESS
add_player: SUCCESS
add_player: SUCCESS
add_player: SUCCESS
add_player: SUCCESS
add_player: SUCCESS
add_player: SUCCESS
add_player: SUCCESS
add_player: SUCCESS
add_player: SUCCESS
add_player: SUCCESS
add_player: SUCCESS
add_player: SUCCESS
add_player: SUCCESS
add_player: SUCCESS
add_player: SUCCESS
add_player: SUCCESS
add_player: SUCCESS
add_player: SUCCESS
add_player: SUCCESS
add_player: SUCCESS
add_player: SUCCESS
add_player: SUCCESS
add_player: SUCCESS
add_player: SUCCESS
add_player: SUCCESS
add_player: SUCCESS
add_player: SUCCESS
add_player: SUCCESS
add_player: SUCCESS
add_player: SUCCESS
add_player: SUCCESS
add_player: SUCCESS
add_player: SUCCESS
add_player: SUCCESS
add_player: SUCCESS
add_player: SUCCESS
add_player: SUCCESS
add_player: SUCCESS
add_player: SUCCESS
add_player: SUCCESS
add_player: SUCCESS
add_player: SUCCESS
add_player: SUCCESS
add_player: SUCCESS
add_player: SUCCESS
add_player: SUCCESS
add_player: SUCCESS
add_player: SUCCESS
add_player: SUCCESS
add_player: SUCCESS
add_player: SUCCESS
add_player: SUCCESS
add_player: SUCCESS
add_player: SUCCESS
add_player: SUCCESS
add_player: SUCCESS
add_player: SUCCESS
add_player: SUCCESS
add_player: SUCCESS
add_player: SUCCESS
add_player: SUCCESS
add_player: SUCCESS
add_player: SUCCESS
add_player: SUCCESS
add_player: SUCCESS
add_player: SUCCESS
add_player: SUCCESS
add_player: SUCCESS
add_player: SUCCESS
add_player: SUCCESS
add_player: SUCCESS
add_player: SUCCESS
add_player: SUCCESS
add_player: SUCCESS
add_player: SUCCESS
add_player: SUCCESS
add_player: SUCCESS
add_player: SUCCESS
add_player: SUCCESS
add_player: SUCCESS
add_player: SUCCESS
add_player: SUCCESS
add_player: SUCCESS
add_player: SUCCESS
add_player: SUCCESS
add_player: SUCCESS
add_player: SUCCESS
add_player: SUCCESS
add_player: SUCCESS
add_player: SUCCESS
add_player: SUCCESS
add_player: SUCCESS
add_player: SUCCESS
add_player: SUCCESS
add_player: SUCCESS
add_player: SUCCESS
add_player: SUCCESS
add_player: SUCCESS
add_player: SUCCESS
add_player: SUCCESS
add_player: SUCCESS
add_player: SUCCESS
add_player: SUCCESS
add_player: SUCCESS
add_player: SUCCESS
add_player: SUCCESS
add_player: SUCCESS
add_player: SUCCESS
add_player: SUCCESS
add_player: SUCCESS
add_player: SUCCESS
add_player: SUCCESS
add_player: SUCCESS
add_player: SUCCESS
add_player: SUCCESS
add_player: SUCCESS
add_player: SUCCESS
add_player: SUCCESS
add_player: SUCCESS
add_player: SUCCESS
add_player: SUCCESS
add_player: SUCCESS
add_player: SUCCESS
add_player: SUCCESS
add_player: SUCCESS
add_player: SUCCESS
add_player: SUCCESS
add_player: SUCCESS
add_player: SUCCESS
add_player: SUCCESS
add_player: SUCCESS
add_player: SUCCESS
add_player: SUCCESS
add_player: SUCCESS
add_player: SUCCESS
add_player: SUCCESS
add_player: SUCCESS
add_player: SUCCESS
add_player: SUCCESS
add_player: SUCCESS
add_player: SUCCESS
add_player: SUCCESS
add_player: SUCCESS
add_player: SUCCESS
add_player: SUCCESS
add_player: SUCCESS
add_player: SUCCESS
add_player: SUCCESS
add_player: SUCCESS
add_player: SUCCESS
add_player: SUCCESS
add_player: SUCCESS
add_player: SUCCESS
add_player: SUCCESS
add_player: SUCCESS
add_player: SUCCESS
add_player: SUCCESS
add_player: SUCCESS
add_player: SUCCESS
add_player: SUCCESS
add_player: SUCCESS
add_player: SUCCESS
add_player: SUCCESS
add_player: SUCCESS
add_player: SUCCESS
add_player: SUCCESS
add_player: SUCCESS
add_player: SUCCESS
add_player: SUCCESS
get_closest_player: SUCCESS, 181
get_all_players: SUCCESS
67
170
76
34
157
54
148
93
83
86
185
27
13
117
41
get_all_players_count: SUCCESS, 10
get_team_points: SUCCESS, 9650
get_top_scorer: SUCCESS, 147
add_player: FAILURE
play_match: INVALID_INPUT
get_all_players: SUCCESS
154
43
80
1
181
62
82
106
198
65
109
91
49
unite_teams: FAILURE
add_player: FAILURE
get_top_scorer: SUCCESS, 142
add_team: FAILURE
add_team: FAILURE
get_all_players_count: SUCCESS, 14
knockout_winner: SUCCESS, 11
knockout_winner: SUCCESS, 17
knockout_winner: SUCCESS, 5
knockout_winner: SUCCESS, 17
knockout_winner: INVALID_INPUT
get_num_played_games: SUCCESS, 10843
get_closest_player: SUCCESS, 8
unite_teams: FAILURE
get_top_scorer: SUCCESS, 73
knockout_winner: SUCCESS, 11
knockout_winner: SUCCESS, 2
knockout_winner: SUCCESS, 2
knockout_winner: SUCCESS, 17
knockout_winner: INVALID_INPUT
add_player: FAILURE
get_num_played_games: SUCCESS, 11578
get_all_players_count: SUCCESS, 8
unite_teams: SUCCESS
play_match: FAILURE
knockout_winner: SUCCESS, 20
knockout_winner: SUCCESS, 20
knockout_winner: SUCCESS, 11
knockout_winner: FAILURE
knockout_winner: INVALID_INPUT
get_all_players: SUCCESS
169
48
72
125
89
26
199
50
124
33
174
88
116
126
112
110
get_all_players: SUCCESS
139
194
6
105
97
47
remove_team: FAILURE
play_match: FAILURE
play_match: FAILURE
knockout_winner: FAILURE
knockout_winner: SUCCESS, 2
knockout_winner: FAILURE
knockout_winner: SUCCESS, 11
knockout_winner: INVALID_INPUT
get_all_players: SUCCESS
18
5
25
70
168
163
96
46
63
92
8
179
142
get_top_scorer: SUCCESS, 142
play_match: FAILURE
get_team_points: SUCCESS, 9650
unite_teams: FAILURE
get_top_scorer: SUCCESS, 129
get_team_points: SUCCESS, 6662
remove_team: FAILURE
get_top_scorer: SUCCESS, 132
unite_teams: SUCCESS
play_match: FAILURE
get_closest_player: SUCCESS, 153
remove_player: SUCCESS
add_player: FAILURE
get_top_scorer: SUCCESS, 152
get_team_points: SUCCESS, 4262
get_all_players: SUCCESS
177
59
130
30
144
200
178
90
94
81
60
get_all_players_count: SUCCESS, 9
get_top_scorer: SUCCESS, 110
get_top_scorer: SUCCESS, 132
get_closest_player: SUCCESS, 168
play_match: FAILURE
update_player_stats: SUCCESS
get_closest_player: SUCCESS, 104
remove_player: SUCCESS
add_team: FAILURE
add_player: FAILURE
get_num_played_games: SUCCESS, 7040
add_team: FAILURE
remove_player: SUCCESS
get_closest_player: SUCCESS, 65
remove_team: FAILURE
get_all_players: SUCCESS
128
114
15
23
53
31
152
get_top_scorer: SUCCESS, 110
unite_teams: FAILURE
get_num_played_games: SUCCESS, 2436
get_all_players: SUCCESS
45
24
40
165
36
68
123
9
155
42
74
189
66
147
update_player_stats: SUCCESS
add_player: FAILURE
get_all_players: SUCCESS
61
19
190
154
43
39
102
80
1
181
62
120
82
106
198
191
65
109
91
133
176
73
49
get_team_points: SUCCESS, 6455
play_match: FAILURE
get_all_players: SUCCESS
61
19
190
154
43
39
102
80
1
181
62
120
82
106
198
191
65
109
91
133
176
73
49
get_closest_player: SUCCESS, 54
remove_team: FAILURE
add_team: FAILURE
update_player_stats: SUCCESS
get_top_scorer: SUCCESS, 57
get_num_played_games: SUCCESS, 17943
get_all_players_count: SUCCESS, 9
get_num_played_games: SUCCESS, 11996
get_all_players_count: SUCCESS, 6
get_all_players: SUCCESS
52
195
103
159
115
119
99
104
122
add_player: FAILURE
get_top_scorer: SUCCESS, 110
get_top_scorer: SUCCESS, 3
update_player_stats: SUCCESS
play_match: FAILURE
unite_teams: FAILURE
play_match: FAILURE
get_all_players_count: SUCCESS, 8
play_match: FAILURE
remove_player: SUCCESS
remove_team: FAILURE
knockout_winner: SUCCESS, 12
knockout_winner: SUCCESS, 20
knockout_winner: SUCCESS, 11
knockout_winner: SUCCESS, 20
knockout_winner: INVALID_INPUT
get_top_scorer: SUCCESS, 95
add_player: FAILURE
play_match: SUCCESS
knockout_winner: SUCCESS, 4
knockout_winner: INVALID_INPUT
knockout_winner: INVALID_INPUT
knockout_winner: SUCCESS, 11
knockout_winner: INVALID_INPUT
remove_player: SUCCESS
add_team: FAILURE
play_match: FAILURE
get_team_points: SUCCESS, 5369
add_team: FAILURE
get_all_players: SUCCESS
169
48
72
125
89
26
199
50
124
33
174
88
116
126
112
110
get_top_scorer: SUCCESS, 22
play_match: FAILURE
get_top_scorer: SUCCESS, 97
get_all_players: SUCCESS
17
7
129
get_team_points: SUCCESS, 10826
get_all_players: SUCCESS
17
7
129
get_top_scorer: SUCCESS, 172
get_num_played_games: SUCCESS, 3141
unite_teams: FAILURE
get_team_points: SUCCESS, 9052
add_team: FAILURE
remove_player: SUCCESS
unite_teams: FAILURE
remove_player: SUCCESS
get_closest_player: SUCCESS, 189
remove_team: FAILURE
get_team_points: SUCCESS, 1309
get_closest_player: SUCCESS, 118
remove_player: SUCCESS
get_closest_player: SUCCESS, 69
remove_team: FAILURE
get_num_played_games: SUCCESS, 11167
get_num_played_games: SUCCESS, 1774
knockout_winner: INVALID_INPUT
knockout_winner: INVALID_INPUT
knockout_winner: INVALID_INPUT
knockout_winner: INVALID_INPUT
knockout_winner: INVALID_INPUT
remove_player: SUCCESS
remove_player: SUCCESS
knockout_winner: SUCCESS, 2
knockout_winner: INVALID_INPUT
knockout_winner: INVALID_INPUT
knockout_winner: SUCCESS, 11
knockout_winner: INVALID_INPUT
play_match: FAILURE
get_team_points: SUCCESS, 11789
get_top_scorer: SUCCESS, 188
get_team_points: SUCCESS, 10961
add_team: FAILURE
remove_team: FAILURE
get_closest_player: SUCCESS, 198
get_num_played_games: SUCCESS, 3127
get_team_points: SUCCESS, 9750
get_num_played_games: SUCCESS, 7290
get_closest_player: SUCCESS, 143
get_all_players: SUCCESS
196
100
75
161
84
98
16
22
get_all_players: SUCCESS
18
5
25
70
168
163
96
46
63
92
8
179
142
update_player_stats: SUCCESS
play_match: FAILURE
remove_player: SUCCESS
get_closest_player: SUCCESS, 22
get_all_players: SUCCESS
177
59
130
30
144
200
178
90
94
60
update_player_stats: SUCCESS
remove_player: SUCCESS
get_num_played_games: SUCCESS, 5652
update_player_stats: SUCCESS
remove_team: FAILURE
get_team_points: SUCCESS, 9076
remove_team: FAILURE
get_team_points: SUCCESS, 1309
get_num_played_games: SUCCESS, 9496
get_team_points: SUCCESS, 22994
remove_team: FAILURE
remove_team: FAILURE
get_all_players_count: SUCCESS, 9
unite_teams: FAILURE
play_match: FAILURE
unite_teams: FAILURE
play_match: SUCCESS
add_team: FAILURE
add_player: FAILURE
unite_teams: FAILURE
get_team_points: SUCCESS, 22994
remove_player: SUCCESS
get_top_scorer: SUCCESS, 142
remove_player: SUCCESS
get_all_players_count: SUCCESS, 13
get_closest_player: SUCCESS, 6
unite_teams: SUCCESS
get_all_players: SUCCESS
55
145
78
knockout_winner: SUCCESS, 11
knockout_winner: SUCCESS, 20
knockout_winner: SUCCESS, 5
knockout_winner: SUCCESS, 20
knockout_winner: INVALID_INPUT
update_player_stats: SUCCESS
get_all_players_count: SUCCESS, 9
remove_player: SUCCESS
add_player: FAILURE
get_all_players: SUCCESS
139
6
105
97
get_all_players_count: SUCCESS, 3
add_team: FAILURE
play_match: FAILURE
update_player_stats: SUCCESS
knockout_winner: SUCCESS, 20
knockout_winner: SUCCESS, 2
knockout_winner: SUCCESS, 2
knockout_winner: SUCCESS, 20
knockout_winner: SUCCESS, 11
get_team_points: SUCCESS, 22409
remove_team: FAILURE
unite_teams: FAILURE
get_team_points: SUCCESS, 4262
remove_team: FAILURE
get_all_players: SUCCESS
55
145
78
get_all_players_count: SUCCESS, 9
get_top_scorer: SUCCESS, 41
add_team: FAILURE
add_team: FAILURE
play_match: FAILURE
unite_teams: FAILURE
get_all_players: SUCCESS
12
175
21
4
166
111
136
188
knockout_winner: FAILURE
knockout_winner: SUCCESS, 11
knockout_winner: FAILURE
knockout_winner: FAILURE
knockout_winner: INVALID_INPUT
knockout_winner: SUCCESS, 11
knockout_winner: SUCCESS, 20
knockout_winner: SUCCESS, 5
knockout_winner: SUCCESS, 20
knockout_winner: INVALID_INPUT
remove_player: SUCCESS
play_match: FAILURE
unite_teams: FAILURE
add_player: FAILURE
knockout_winner: SUCCESS, 20
knockout_winner: SUCCESS, 20
knockout_winner: FAILURE
knockout_winner: FAILURE
knockout_winner: INVALID_INPUT
get_closest_player: SUCCESS, 92
update_player_stats: SUCCESS
get_team_points: SUCCESS, 9076
get_num_played_games: SUCCESS, 5350
get_all_players_count: SUCCESS, 26
play_match: FAILURE
remove_team: FAILURE
add_player: FAILURE
get_closest_player: SUCCESS, 170
remove_team: FAILURE
play_match: FAILURE
get_top_scorer: SUCCESS, 95
get_team_points: SUCCESS, 22994
unite_teams: FAILURE
remove_player: SUCCESS
remove_team: FAILURE
play_match: INVALID_INPUT
remove_player: SUCCESS
remove_team: FAILURE
get_all_players_count: SUCCESS, 9
remove_player: SUCCESS
get_team_points: SUCCESS, 6455
get_team_points: SUCCESS, 6455
get_num_played_games: SUCCESS, 7815
get_num_played_games: SUCCESS, 11167
knockout_winner: SUCCESS, 2
knockout_winner: INVALID_INPUT
knockout_winner: INVALID_INPUT
knockout_winner: FAILURE
knockout_winner: INVALID_INPUT
get_closest_player: SUCCESS, 28
get_closest_player: SUCCESS, 34
get_top_scorer: SUCCESS, 87
get_all_players: SUCCESS
192
37
184
146
29
197
149
140
160
121
108
51
get_all_players: SUCCESS
2
69
187
164
118
162
193
131
172
unite_teams: FAILURE
get_all_players: SUCCESS
67
170
14
76
34
44
101
157
54
10
156
151
148
93
83
138
86
185
27
13
58
127
117
41
get_top_scorer: SUCCESS, 97
get_all_players: SUCCESS
17
7
129
add_team: FAILURE
get_team_points: SUCCESS, 9076
get_top_scorer: SUCCESS, 122
knockout_winner: SUCCESS, 20
knockout_winner: SUCCESS, 20
knockout_winner: FAILURE
knockout_winner: FAILURE
knockout_winner: INVALID_INPUT
add_team: FAILURE
get_closest_player: SUCCESS, 162
add_team: FAILURE
get_num_played_games: SUCCESS, 1608
get_all_players_count: SUCCESS, 8
unite_teams: FAILURE
get_closest_player: SUCCESS, 20
add_team: FAILURE
remove_team: FAILURE
knockout_winner: INVALID_INPUT
knockout_winner: FAILURE
knockout_winner: INVALID_INPUT
knockout_winner: INVALID_INPUT
knockout_winner: INVALID_INPUT
add_team: FAILURE
get_num_played_games: SUCCESS, 1774
add_team: FAILURE
get_top_scorer: SUCCESS, 57
remove_team: FAILURE
add_player: FAILURE
get_num_played_games: SUCCESS, 5350
get_team_points: SUCCESS, 5369
update_player_stats: SUCCESS
get_all_players: SUCCESS
128
114
23
53
31
152
remove_team: FAILURE
knockout_winner: SUCCESS, 11
knockout_winner: SUCCESS, 2
knockout_winner: SUCCESS, 2
knockout_winner: SUCCESS, 11
knockout_winner: INVALID_INPUT
play_match: FAILURE
unite_teams: FAILURE
add_team: FAILURE
remove_player: SUCCESS
get_team_points: SUCCESS, 8483
play_match: FAILURE
get_all_players_count: SUCCESS, 8
add_player: FAILURE
get_num_played_games: SUCCESS, 732
play_match: FAILURE
add_player: FAILURE
remove_team: FAILURE
remove_team: FAILURE
get_team_points: SUCCESS, 10829
get_closest_player: SUCCESS, 91
add_team: FAILURE
get_top_scorer: SUCCESS, 152
knockout_winner: FAILURE
knockout_winner: INVALID_INPUT
knockout_winner: INVALID_INPUT
knockout_winner: FAILURE
knockout_winner: INVALID_INPUT
update_player_stats: SUCCESS
add_player: FAILURE
remove_player: SUCCESS
update_player_stats: SUCCESS
knockout_winner: INVALID_INPUT
knockout_winner: SUCCESS, 20
knockout_winner: INVALID_INPUT
knockout_winner: INVALID_INPUT
knockout_winner: INVALID_INPUT
play_match: FAILURE
get_closest_player: SUCCESS, 76
get_team_points: SUCCESS, 9139
get_closest_player: SUCCESS, 5
get_num_played_games: SUCCESS, 8480
get_closest_player: SUCCESS, 94
play_match: FAILURE
get_all_players_count: SUCCESS, 8
get_num_played_games: SUCCESS, 6724
get_all_players: SUCCESS
18
38
5
167
25
85
183
70
173
168
163
56
137
46
186
158
63
92
8
79
179
77
132
142
95
get_num_played_games: SUCCESS, 74
add_player: FAILURE
add_team: FAILURE
knockout_winner: FAILURE
knockout_winner: SUCCESS, 2
knockout_winner: SUCCESS, 2
knockout_winner: SUCCESS, 12
knockout_winner: INVALID_INPUT
remove_team: FAILURE
remove_team: FAILURE
remove_player: SUCCESS
get_team_points: SUCCESS, 9139
knockout_winner: SUCCESS, 2
knockout_winner: INVALID_INPUT
knockout_winner: INVALID_INPUT
knockout_winner: SUCCESS, 11
knockout_winner: INVALID_INPUT
get_all_players: SUCCESS
128
114
23
53
31
152
knockout_winner: SUCCESS, 2
knockout_winner: INVALID_INPUT
knockout_winner: INVALID_INPUT
knockout_winner: SUCCESS, 20
knockout_winner: FAILURE
get_all_players: SUCCESS
61
19
190
154
43
102
80
1
181
62
120
82
106
198
91
133
176
73
191
109
knockout_winner: SUCCESS, 2
knockout_winner: INVALID_INPUT
knockout_winner: INVALID_INPUT
knockout_winner: SUCCESS, 12
knockout_winner: FAILURE
add_team: FAILURE
get_top_scorer: SUCCESS, 152
update_player_stats: SUCCESS
get_closest_player: SUCCESS, 69
get_num_played_games: SUCCESS, 4613
add_team: FAILURE
play_match: FAILURE
get_team_points: SUCCESS, 18702
get_closest_player: SUCCESS, 182
get_top_scorer: SUCCESS, 57
remove_player: SUCCESS
knockout_winner: SUCCESS, 12
knockout_winner: SUCCESS, 20
knockout_winner: SUCCESS, 12
knockout_winner: SUCCESS, 20
knockout_winner: INVALID_INPUT
add_player: FAILURE
play_match: FAILURE
remove_team: FAILURE
get_all_players_count: SUCCESS, 19
remove_player: SUCCESS
play_match: FAILURE
remove_team: FAILURE
play_match: INVALID_INPUT
get_all_players_count: SUCCESS, 24
update_player_stats: SUCCESS
get_team_points: SUCCESS, 9076
knockout_winner: FAILURE
knockout_winner: SUCCESS, 20
knockout_winner: SUCCESS, 11
knockout_winner: SUCCESS, 20
knockout_winner: INVALID_INPUT
add_player: FAILURE
update_player_stats: SUCCESS
remove_team: FAILURE
remove_team: FAILURE
add_team: FAILURE
update_player_stats: SUCCESS
get_all_players_count: SUCCESS, 8
get_num_played_games: SUCCESS, 8624
get_all_players: SUCCESS
12
175
21
4
166
111
136
188
unite_teams: FAILURE
remove_team: FAILURE
get_all_players: SUCCESS
67
170
14
76
34
44
101
157
54
10
156
151
148
93
83
138
86
185
27
13
58
127
117
41
play_match: FAILURE
add_player: FAILURE
get_top_scorer: SUCCESS, 172
knockout_winner: SUCCESS, 20
knockout_winner: SUCCESS, 20
knockout_winner: SUCCESS, 12
knockout_winner: SUCCESS, 20
knockout_winner: INVALID_INPUT
unite_teams: FAILURE
knockout_winner: SUCCESS, 2
knockout_winner: INVALID_INPUT
knockout_winner: INVALID_INPUT
knockout_winner: FAILURE
knockout_winner: INVALID_INPUT
get_closest_player: SUCCESS, 198
play_match: FAILURE
play_match: FAILURE
add_player: FAILURE
get_team_points: SUCCESS, 1309
get_closest_player: SUCCESS, 2
knockout_winner: FAILURE
knockout_winner: INVALID_INPUT
knockout_winner: INVALID_INPUT
knockout_winner: FAILURE
knockout_winner: INVALID_INPUT
remove_player: SUCCESS
update_player_stats: SUCCESS
update_player_stats: SUCCESS
knockout_winner: SUCCESS, 19
knockout_winner: SUCCESS, 20
knockout_winner: FAILURE
knockout_winner: FAILURE
knockout_winner: INVALID_INPUT
add_team: FAILURE
unite_teams: FAILURE
get_all_players: SUCCESS
114
128
23
53
31
152
knockout_winner: INVALID_INPUT
knockout_winner: FAILURE
knockout_winner: INVALID_INPUT
knockout_winner: INVALID_INPUT
knockout_winner: INVALID_INPUT
add_team: FAILURE
play_match: SUCCESS
remove_player: SUCCESS
update_player_stats: SUCCESS
remove_team: FAILURE
add_team: FAILURE
get_num_played_games: SUCCESS, 8496
knockout_winner: SUCCESS, 12
knockout_winner: SUCCESS, 20
knockout_winner: SUCCESS, 5
knockout_winner: SUCCESS, 20
knockout_winner: INVALID_INPUT
remove_team: FAILURE
unite_teams: FAILURE
unite_teams: FAILURE
get_top_scorer: SUCCESS, 78
remove_team: FAILURE
get_team_points: SUCCESS, 4262
get_num_played_games: SUCCESS, 4006
add_team: FAILURE
get_team_points: SUCCESS, 9139
get_top_scorer: SUCCESS, 98
remove_player: SUCCESS
get_num_played_games: SUCCESS, 4094
update_player_stats: SUCCESS
knockout_winner: SUCCESS, 12
knockout_winner: SUCCESS, 5
knockout_winner: SUCCESS, 5
knockout_winner: FAILURE
knockout_winner: INVALID_INPUT
get_team_points: SUCCESS, 9139
get_all_players_count: SUCCESS, 3
knockout_winner: SUCCESS, 20
knockout_winner: INVALID_INPUT
knockout_winner: INVALID_INPUT
knockout_winner: SUCCESS, 20
knockout_winner: SUCCESS, 12
knockout_winner: SUCCESS, 12
knockout_winner: SUCCESS, 20
knockout_winner: SUCCESS, 2
knockout_winner: SUCCESS, 20
knockout_winner: SUCCESS, 12
knockout_winner: FAILURE
knockout_winner: SUCCESS, 2
knockout_winner: SUCCESS, 2
knockout_winner: SUCCESS, 12
knockout_winner: INVALID_INPUT
play_match: FAILURE
get_all_players: SUCCESS
52
195
103
115
119
99
104
122
get_all_players_count: SUCCESS, 19
get_all_players_count: SUCCESS, 8
get_top_scorer: SUCCESS, 41
add_player: FAILURE
remove_team: FAILURE
add_player: FAILURE
get_closest_player: SUCCESS, 154
add_player: FAILURE
play_match: FAILURE
play_match: FAILURE
get_num_played_games: SUCCESS, 7125
get_all_players: SUCCESS
61
19
154
43
102
80
1
181
62
120
82
106
198
91
133
176
73
191
109
remove_team: FAILURE
get_all_players: SUCCESS
18
38
5
167
25
85
183
70
173
168
163
56
137
46
186
158
63
92
8
179
77
132
142
95
79
get_num_played_games: SUCCESS, 7196
get_team_points: SUCCESS, 9750
add_player: FAILURE
play_match: FAILURE
get_closest_player: SUCCESS, 119
remove_player: SUCCESS
remove_player: SUCCESS
get_all_players_count: SUCCESS, 3
get_closest_player: SUCCESS, 119
get_all_players: SUCCESS
196
100
75
84
161
22
16
98
get_num_played_games: SUCCESS, 11054
get_all_players_count: SUCCESS, 8
update_player_stats: SUCCESS
remove_player: SUCCESS
get_team_points: SUCCESS, 2910
get_closest_player: SUCCESS, 92
add_player: FAILURE
play_match: FAILURE
remove_team: FAILURE
knockout_winner: INVALID_INPUT
knockout_winner: INVALID_INPUT
knockout_winner: INVALID_INPUT
knockout_winner: INVALID_INPUT
knockout_winner: INVALID_INPUT
knockout_winner: SUCCESS, 12
knockout_winner: SUCCESS, 20
knockout_winner: SUCCESS, 2
knockout_winner: SUCCESS, 20
knockout_winner: INVALID_INPUT
get_all_players: SUCCESS
18
38
5
167
25
85
183
70
173
168
163
56
137
46
186
158
63
92
8
179
77
132
142
95
79
get_team_points: SUCCESS, 22994
unite_teams: FAILURE
update_player_stats: SUCCESS
remove_player: SUCCESS
get_team_points: SUCCESS, 2910
update_player_stats: SUCCESS
get_num_played_games: SUCCESS, 1062
update_player_stats: SUCCESS
update_player_stats: SUCCESS
get_closest_player: SUCCESS, 89
remove_team: FAILURE
get_team_points: SUCCESS, 10829
knockout_winner: SUCCESS, 11
knockout_winner: SUCCESS, 2
knockout_winner: SUCCESS, 2
knockout_winner: SUCCESS, 12
knockout_winner: INVALID_INPUT
get_all_players: SUCCESS
61
19
43
102
80
1
181
62
120
82
106
198
91
133
176
73
191
109
get_all_players: SUCCESS
12
175
21
4
166
136
188
unite_teams: FAILURE
unite_teams: SUCCESS
get_all_players: SUCCESS
6
105
97
knockout_winner: INVALID_INPUT
knockout_winner: INVALID_INPUT
knockout_winner: INVALID_INPUT
knockout_winner: INVALID_INPUT
knockout_winner: INVALID_INPUT
remove_player: SUCCESS
get_all_players: SUCCESS
45
24
165
36
68
123
9
155
42
74
40
unite_teams: FAILURE
get_team_points: SUCCESS, 18702
knockout_winner: SUCCESS, 7
knockout_winner: SUCCESS, 2
knockout_winner: SUCCESS, 2
knockout_winner: SUCCESS, 12
knockout_winner: INVALID_INPUT
add_player: FAILURE
unite_teams: FAILURE
update_player_stats: SUCCESS
get_all_players_count: SUCCESS, 7
get_all_players_count: SUCCESS, 11
add_player: FAILURE
get_all_players: SUCCESS
17
7
129
get_top_scorer: SUCCESS, 97
get_team_points: SUCCESS, 1309
add_team: FAILURE
knockout_winner: SUCCESS, 7
knockout_winner: SUCCESS, 2
knockout_winner: SUCCESS, 2
knockout_winner: SUCCESS, 12
knockout_winner: INVALID_INPUT
play_match: INVALID_INPUT
get_team_points: SUCCESS, 11789
play_match: FAILURE
remove_player: SUCCESS
get_all_players: SUCCESS
32
153
35
182
171
57
get_closest_player: SUCCESS, 59
update_player_stats: SUCCESS
get_team_points: SUCCESS, 18702
add_player: FAILURE
get_team_points: SUCCESS, 8483
get_all_players_count: SUCCESS, 8
add_player: FAILURE
update_player_stats: SUCCESS
play_match: FAILURE
add_team: FAILURE
update_player_stats: SUCCESS
get_all_players_count: SUCCESS, 6
add_team: FAILURE
unite_teams: FAILURE
remove_player: SUCCESS
remove_team: FAILURE
remove_player: SUCCESS
unite_teams: FAILURE
get_top_scorer: SUCCESS, 97
get_team_points: SUCCESS, 22994
get_team_points: SUCCESS, 4262
get_all_players_count: SUCCESS, 10
update_player_stats: SUCCESS
get_num_played_games: SUCCESS, 74
knockout_winner: SUCCESS, 11
knockout_winner: SUCCESS, 20
knockout_winner: SUCCESS, 11
knockout_winner: SUCCESS, 20
knockout_winner: INVALID_INPUT
remove_player: SUCCESS
play_match: FAILURE
get_all_players: SUCCESS
52
195
103
115
119
99
104
122
unite_teams: SUCCESS
knockout_winner: INVALID_INPUT
knockout_winner: SUCCESS, 11
knockout_winner: INVALID_INPUT
knockout_winner: INVALID_INPUT
knockout_winner: INVALID_INPUT
get_top_scorer: SUCCESS, 136
add_player: FAILURE
remove_player: SUCCESS
play_match: INVALID_INPUT
knockout_winner: SUCCESS, 2
knockout_winner: INVALID_INPUT
knockout_winner: INVALID_INPUT
knockout_winner: SUCCESS, 7
knockout_winner: INVALID_INPUT
get_num_played_games: SUCCESS, 5517
get_all_players_count: SUCCESS, 10
get_top_scorer: SUCCESS, 113
get_top_scorer: SUCCESS, 90
add_player: FAILURE
remove_player: SUCCESS
get_num_played_games: SUCCESS, 1458
get_team_points: SUCCESS, 5369
add_team: FAILURE
get_all_players: SUCCESS
169
72
125
89
26
199
50
124
174
48
33
116
126
110
get_all_players_count: SUCCESS, 7
get_all_players: SUCCESS
17
7
129
get_closest_player: SUCCESS, 181
add_team: FAILURE
remove_player: SUCCESS
get_top_scorer: SUCCESS, 109
play_match: FAILURE
update_player_stats: SUCCESS
remove_player: SUCCESS
update_player_stats: SUCCESS
get_team_points: SUCCESS, 18702
get_all_players_count: SUCCESS, 6
get_num_played_games: SUCCESS, 998
unite_teams: FAILURE
add_team: FAILURE
remove_team: FAILURE
add_team: FAILURE
add_player: FAILURE
get_num_played_games: SUCCESS, 8143
get_team_points: SUCCESS, 22994
update_player_stats: SUCCESS
add_player: FAILURE
unite_teams: FAILURE
add_player: FAILURE
add_player: FAILURE
remove_player: SUCCESS
knockout_winner: SUCCESS, 5
knockout_winner: SUCCESS, 5
knockout_winner: FAILURE
knockout_winner: SUCCESS, 11
knockout_winner: INVALID_INPUT
get_all_players: SUCCESS
37
184
146
29
197
149
140
160
121
108
update_player_stats: SUCCESS
remove_team: FAILURE
unite_teams: SUCCESS
get_all_players: SUCCESS
143
28
71
150
87
113
knockout_winner: SUCCESS, 16
knockout_winner: SUCCESS, 20
knockout_winner: SUCCESS, 5
knockout_winner: SUCCESS, 20
knockout_winner: INVALID_INPUT
update_player_stats: SUCCESS
get_top_scorer: SUCCESS, 97
remove_player: SUCCESS
add_team: FAILURE
get_team_points: SUCCESS, 6455
get_all_players_count: SUCCESS, 10
remove_team: FAILURE
play_match: FAILURE
get_closest_player: SUCCESS, 60
add_player: FAILURE
get_top_scorer: SUCCESS, 136
get_num_played_games: SUCCESS, 10227
remove_player: SUCCESS
play_match: FAILURE
get_top_scorer: SUCCESS, 136
remove_player: SUCCESS
play_match: INVALID_INPUT
add_player: FAILURE
unite_teams: FAILURE
play_match: FAILURE
get_all_players: SUCCESS
169
72
125
89
26
199
50
124
174
48
33
116
126
110
update_player_stats: SUCCESS
get_team_points: SUCCESS, 10829
unite_teams: FAILURE
knockout_winner: SUCCESS, 19
knockout_winner: SUCCESS, 20
knockout_winner: FAILURE
knockout_winner: FAILURE
knockout_winner: INVALID_INPUT
get_num_played_games: SUCCESS, 2706
get_all_players: SUCCESS
52
195
103
115
99
104
122
119
play_match: FAILURE
get_num_played_games: SUCCESS, 8741
remove_team: FAILURE
get_top_scorer: SUCCESS, 191
knockout_winner: SUCCESS, 11
knockout_winner: SUCCESS, 20
knockout_winner: SUCCESS, 5
knockout_winner: SUCCESS, 20
knockout_winner: INVALID_INPUT
get_top_scorer: SUCCESS, 97
unite_teams: INVALID_INPUT
get_all_players_count: SUCCESS, 15
get_all_players: SUCCESS
61
19
43
102
80
181
62
120
82
198
1
133
176
73
109
191
get_team_points: SUCCESS, 22409
get_team_points: SUCCESS, 6662
add_player: FAILURE
remove_team: FAILURE
remove_player: SUCCESS
add_player: FAILURE
get_all_players: SUCCESS
61
19
43
102
80
181
62
120
82
198
1
133
176
73
109
191
get_top_scorer: SUCCESS, 113
add_player: FAILURE
update_player_stats: SUCCESS
get_closest_player: SUCCESS, 109
get_all_players_count: SUCCESS, 6
get_closest_player: SUCCESS, 26
add_team: FAILURE
get_team_points: SUCCESS, 9750
remove_player: SUCCESS
unite_teams: FAILURE
remove_player: SUCCESS
remove_team: FAILURE
update_player_stats: SUCCESS
get_top_scorer: SUCCESS, 129
add_player: FAILURE
add_player: FAILURE
unite_teams: SUCCESS
get_num_played_games: SUCCESS, 8235
get_top_scorer: SUCCESS, 13
play_match: FAILURE
remove_team: FAILURE
remove_player: SUCCESS
add_team: FAILURE
add_team: FAILURE
get_closest_player: SUCCESS, 123
get_team_points: SUCCESS, 20928
get_all_players_count: SUCCESS, 8
remove_player: SUCCESS
remove_player: SUCCESS
knockout_winner: SUCCESS, 8
knockout_winner: SUCCESS, 8
knockout_winner: FAILURE
knockout_winner: FAILURE
knockout_winner: INVALID_INPUT
get_num_played_games: SUCCESS, 757
add_team: FAILURE
knockout_winner: INVALID_INPUT
knockout_winner: INVALID_INPUT
knockout_winner: INVALID_INPUT
knockout_winner: INVALID_INPUT
knockout_winner: INVALID_INPUT
knockout_winner: SUCCESS, 7
knockout_winner: SUCCESS, 8
knockout_winner: FAILURE
knockout_winner: FAILURE
knockout_winner: INVALID_INPUT
get_num_played_games: SUCCESS, 5350
get_team_points: SUCCESS, 13492
get_all_players: SUCCESS
24
165
36
68
123
9
155
74
42
get_closest_player: SUCCESS, 80
play_match: FAILURE
add_player: FAILURE
get_top_scorer: SUCCESS, 13
update_player_stats: SUCCESS
get_all_players_count: SUCCESS, 6
remove_team: FAILURE
play_match: FAILURE
get_closest_player: SUCCESS, 1
add_team: FAILURE
add_team: FAILURE
add_team: FAILURE
add_player: FAILURE
add_team: FAILURE
add_player: FAILURE
update_player_stats: SUCCESS
remove_team: FAILURE
knockout_winner: SUCCESS, 5
knockout_winner: SUCCESS, 8
knockout_winner: FAILURE
knockout_winner: SUCCESS, 11
knockout_winner: INVALID_INPUT
get_top_scorer: SUCCESS, 136
remove_player: SUCCESS
update_player_stats: SUCCESS
add_team: FAILURE
add_team: FAILURE
knockout_winner: SUCCESS, 16
knockout_winner: SUCCESS, 20
knockout_winner: SUCCESS, 11
knockout_winner: FAILURE
knockout_winner: INVALID_INPUT
update_player_stats: SUCCESS
remove_player: SUCCESS
get_all_players_count: SUCCESS, 5
add_team: FAILURE
remove_team: FAILURE
play_match: INVALID_INPUT
remove_player: SUCCESS
update_player_stats: SUCCESS
get_all_players_count: SUCCESS, 13
play_match: FAILURE
get_top_scorer: SUCCESS, 13
add_player: FAILURE
get_team_points: SUCCESS, 1309
update_player_stats: SUCCESS
update_player_stats: SUCCESS
get_num_played_games: SUCCESS, 1440
get_closest_player: SUCCESS, 69
knockout_winner: SUCCESS, 20
knockout_winner: INVALID_INPUT
knockout_winner: INVALID_INPUT
knockout_winner: SUCCESS, 20
knockout_winner: SUCCESS, 11
remove_team: FAILURE
update_player_stats: SUCCESS
unite_teams: SUCCESS
add_player: FAILURE
knockout_winner: INVALID_INPUT
knockout_winner: SUCCESS, 8
knockout_winner: INVALID_INPUT
knockout_winner: INVALID_INPUT
knockout_winner: INVALID_INPUT
get_all_players_count: SUCCESS, 20
remove_team: FAILURE
add_player: FAILURE
get_closest_player: SUCCESS, 18
remove_team: FAILURE
update_player_stats: SUCCESS
get_top_scorer: SUCCESS, 90
get_num_played_games: SUCCESS, 3128
get_num_played_games: SUCCESS, 7125
get_num_played_games: SUCCESS, 15948
get_top_scorer: SUCCESS, 110
add_team: FAILURE
add_player: FAILURE
play_match: SUCCESS
get_top_scorer: SUCCESS, 97
update_player_stats: SUCCESS
get_num_played_games: SUCCESS, 4095
add_team: FAILURE
remove_team: FAILURE
get_num_played_games: SUCCESS, 1871
update_player_stats: SUCCESS
add_player: FAILURE
get_team_points: SUCCESS, 17491
get_num_played_games: SUCCESS, 9243
unite_teams: SUCCESS
knockout_winner: INVALID_INPUT
knockout_winner: INVALID_INPUT
knockout_winner: INVALID_INPUT
knockout_winner: INVALID_INPUT
knockout_winner: INVALID_INPUT
get_closest_player: SUCCESS, 142
get_num_played_games: SUCCESS, 759
update_player_stats: SUCCESS
get_top_scorer: SUCCESS, 136
get_top_scorer: SUCCESS, 136
add_player: FAILURE
remove_team: FAILURE
unite_teams: INVALID_INPUT
remove_team: FAILURE
get_top_scorer: SUCCESS, 110
unite_teams: FAILURE
remove_team: FAILURE
get_top_scorer: SUCCESS, 142
update_player_stats: SUCCESS
get_closest_player: SUCCESS, 19
remove_team: FAILURE
get_all_players_count: SUCCESS, 7
add_player: FAILURE
remove_team: FAILURE
knockout_winner: INVALID_INPUT
knockout_winner: INVALID_INPUT
knockout_winner: INVALID_INPUT
knockout_winner: INVALID_INPUT
knockout_winner: INVALID_INPUT
play_match: SUCCESS
get_top_scorer: SUCCESS, 136
unite_teams: INVALID_INPUT
get_team_points: SUCCESS, 1309
get_num_played_games: SUCCESS, 11054
unite_teams: FAILURE
get_closest_player: SUCCESS, 18
remove_player: SUCCESS
add_player: FAILURE
get_top_scorer: SUCCESS, 57
add_team: FAILURE
add_player: FAILURE
add_player: FAILURE
add_team: FAILURE
get_team_points: SUCCESS, 4262
unite_teams: INVALID_INPUT
add_team: FAILURE
remove_player: SUCCESS
remove_player: SUCCESS
add_team: FAILURE
get_all_players: SUCCESS
169
72
125
89
26
199
124
174
48
50
33
116
110
get_all_players_count: SUCCESS, 2
get_num_played_games: SUCCESS, 11710
remove_team: FAILURE
add_player: FAILURE
get_top_scorer: SUCCESS, 1
get_top_scorer: SUCCESS, 110
update_player_stats: SUCCESS
update_player_stats: SUCCESS
remove_team: FAILURE
knockout_winner: SUCCESS, 2
knockout_winner: INVALID_INPUT
knockout_winner: INVALID_INPUT
knockout_winner: SUCCESS, 8
knockout_winner: INVALID_INPUT
remove_player: SUCCESS
knockout_winner: INVALID_INPUT
knockout_winner: INVALID_INPUT
knockout_winner: INVALID_INPUT
knockout_winner: INVALID_INPUT
knockout_winner: INVALID_INPUT
update_player_stats: SUCCESS
remove_team: FAILURE
get_num_played_games: SUCCESS, 4285
update_player_stats: SUCCESS
add_player: FAILURE
add_player: FAILURE
get_closest_player: SUCCESS, 158
play_match: SUCCESS
unite_teams: FAILURE
knockout_winner: SUCCESS, 19
knockout_winner: SUCCESS, 20
knockout_winner: FAILURE
knockout_winner: FAILURE
knockout_winner: INVALID_INPUT
get_num_played_games: SUCCESS, 7125
unite_teams: INVALID_INPUT
play_match: FAILURE
unite_teams: FAILURE
add_player: FAILURE
unite_teams: INVALID_INPUT
get_num_played_games: SUCCESS, 7651
remove_player: SUCCESS
remove_player: SUCCESS
get_top_scorer: SUCCESS, 13
get_all_players: SUCCESS
61
19
43
102
80
181
62
120
82
198
176
109
133
1
73
get_team_points: SUCCESS, 5369
play_match: FAILURE
get_team_points: SUCCESS, 31365
get_closest_player: SUCCESS, 198
get_num_played_games: SUCCESS, 10154
get_closest_player: SUCCESS, 36
get_closest_player: SUCCESS, 52
play_match: SUCCESS
get_num_played_games: SUCCESS, 7364
update_player_stats: SUCCESS
remove_player: SUCCESS
unite_teams: FAILURE
play_match: SUCCESS
get_num_played_games: SUCCESS, 6645
update_player_stats: SUCCESS
get_all_players: SUCCESS
61
19
43
102
80
181
62
120
198
176
109
133
82
1
73
get_all_players_count: SUCCESS, 12
get_num_played_games: SUCCESS, 2763
unite_teams: FAILURE
get_all_players: SUCCESS
37
146
29
143
149
71
140
160
150
87
121
108
113
add_player: FAILURE
unite_teams: FAILURE
knockout_winner: SUCCESS, 11
knockout_winner: SUCCESS, 8
knockout_winner: FAILURE
knockout_winner: SUCCESS, 16
knockout_winner: INVALID_INPUT
get_num_played_games: SUCCESS, 11711
unite_teams: FAILURE
add_team: FAILURE
knockout_winner: FAILURE
knockout_winner: SUCCESS, 20
knockout_winner: FAILURE
knockout_winner: FAILURE
knockout_winner: INVALID_INPUT
update_player_stats: SUCCESS
get_top_scorer: SUCCESS, 57
get_top_scorer: SUCCESS, 57
remove_team: FAILURE
add_player: FAILURE
remove_team: FAILURE
add_team: FAILURE
add_team: FAILURE
get_closest_player: SUCCESS, 98
remove_team: FAILURE
remove_player: SUCCESS
get_closest_player: SUCCESS, 102
remove_team: FAILURE
play_match: SUCCESS
remove_player: SUCCESS
remove_player: SUCCESS
knockout_winner: INVALID_INPUT
knockout_winner: INVALID_INPUT
knockout_winner: INVALID_INPUT
knockout_winner: INVALID_INPUT
knockout_winner: INVALID_INPUT
get_all_players_count: SUCCESS, 13
remove_team: FAILURE
add_player: FAILURE
remove_player: SUCCESS
remove_player: SUCCESS
play_match: FAILURE
play_match: SUCCESS
get_team_points: SUCCESS, 17559
remove_player: SUCCESS
get_closest_player: SUCCESS, 84
update_player_stats: SUCCESS
knockout_winner: INVALID_INPUT
knockout_winner: SUCCESS, 2
knockout_winner: INVALID_INPUT
knockout_winner: INVALID_INPUT
knockout_winner: INVALID_INPUT
get_top_scorer: SUCCESS, 142
add_team: FAILURE
play_match: FAILURE
update_player_stats: SUCCESS
update_player_stats: SUCCESS
add_team: FAILURE
remove_player: SUCCESS
unite_teams: FAILURE
get_all_players: SUCCESS
61
19
43
102
80
181
62
120
176
109
133
82
198
1
73
get_team_points: SUCCESS, 9750
get_all_players_count: SUCCESS, 12
get_num_played_games: SUCCESS, 3294
remove_team: FAILURE
play_match: SUCCESS
play_match: FAILURE
add_player: FAILURE
play_match: INVALID_INPUT
update_player_stats: SUCCESS
get_all_players: SUCCESS
52
195
115
99
122
119
play_match: FAILURE
update_player_stats: SUCCESS
get_all_players: SUCCESS
12
175
128
114
21
4
152
166
23
188
31
136
remove_player: SUCCESS
add_team: FAILURE
get_top_scorer: SUCCESS, 110
get_all_players: SUCCESS
169
72
125
26
199
124
174
48
50
33
116
110
get_closest_player: SUCCESS, 115
get_all_players: SUCCESS
129
7
get_team_points: SUCCESS, 22415
add_team: FAILURE
add_team: FAILURE
add_player: FAILURE
get_closest_player: SUCCESS, 172
add_team: FAILURE
unite_teams: INVALID_INPUT
add_team: FAILURE
get_closest_player: SUCCESS, 63
get_all_players_count: SUCCESS, 3
remove_player: SUCCESS
add_team: FAILURE
play_match: FAILURE
add_player: FAILURE
add_player: FAILURE
update_player_stats: SUCCESS
update_player_stats: SUCCESS
add_team: FAILURE
remove_player: SUCCESS
get_closest_player: SUCCESS, 144
remove_team: FAILURE
get_all_players_count: SUCCESS, 30
update_player_stats: SUCCESS
get_all_players: SUCCESS
2
177
69
130
196
24
164
165
100
36
123
84
118
68
193
161
131
155
75
74
172
22
60
144
16
59
42
9
98
90
knockout_winner: INVALID_INPUT
knockout_winner: SUCCESS, 20
knockout_winner: INVALID_INPUT
knockout_winner: INVALID_INPUT
knockout_winner: INVALID_INPUT
remove_player: SUCCESS
get_top_scorer: SUCCESS, 73
knockout_winner: SUCCESS, 19
knockout_winner: SUCCESS, 20
knockout_winner: FAILURE
knockout_winner: FAILURE
knockout_winner: INVALID_INPUT
get_team_points: SUCCESS, 5369
get_closest_player: SUCCESS, 98
remove_team: FAILURE
add_team: FAILURE
get_all_players_count: SUCCESS, 3
add_player: FAILURE
add_player: FAILURE
get_all_players: SUCCESS
129
7
get_all_players: SUCCESS
37
146
29
143
149
71
140
87
121
150
113
108
unite_teams: INVALID_INPUT
add_team: FAILURE
knockout_winner: INVALID_INPUT
knockout_winner: INVALID_INPUT
knockout_winner: INVALID_INPUT
knockout_winner: INVALID_INPUT
knockout_winner: INVALID_INPUT
knockout_winner: INVALID_INPUT
knockout_winner: SUCCESS, 8
knockout_winner: INVALID_INPUT
knockout_winner: INVALID_INPUT
knockout_winner: INVALID_INPUT
knockout_winner: SUCCESS, 2
knockout_winner: INVALID_INPUT
knockout_winner: INVALID_INPUT
knockout_winner: FAILURE
knockout_winner: INVALID_INPUT
update_player_stats: SUCCESS
add_player: FAILURE
remove_team: FAILURE
remove_team: FAILURE
get_num_played_games: SUCCESS, 16681
unite_teams: INVALID_INPUT
get_closest_player: SUCCESS, 69
remove_player: SUCCESS
play_match: SUCCESS
get_all_players: SUCCESS
5
167
25
70
173
168
56
137
46
158
63
8
186
179
132
163
95
79
142
get_all_players: SUCCESS
55
78
105
remove_team: FAILURE
get_team_points: SUCCESS, 17559
remove_player: SUCCESS
unite_teams: SUCCESS
remove_team: FAILURE
get_team_points: SUCCESS, 4262
unite_teams: FAILURE
get_top_scorer: SUCCESS, 90
remove_team: FAILURE
knockout_winner: SUCCESS, 8
knockout_winner: INVALID_INPUT
knockout_winner: INVALID_INPUT
knockout_winner: SUCCESS, 8
knockout_winner: INVALID_INPUT
get_num_played_games: SUCCESS, 30177
remove_player: SUCCESS
get_all_players_count: SUCCESS, 3
get_closest_player: SUCCESS, 110
knockout_winner: SUCCESS, 19
knockout_winner: SUCCESS, 20
knockout_winner: SUCCESS, 8
knockout_winner: SUCCESS, 20
knockout_winner: FAILURE
get_team_points: SUCCESS, 31368
get_closest_player: SUCCESS, 157
unite_teams: FAILURE
remove_player: SUCCESS
remove_team: FAILURE
remove_team: FAILURE
remove_player: SUCCESS
get_all_players_count: SUCCESS, 2
play_match: FAILURE
get_num_played_games: SUCCESS, 10751
get_num_played_games: SUCCESS, 6173
remove_team: FAILURE
get_team_points: SUCCESS, 4262
add_team: FAILURE
play_match: SUCCESS
get_all_players: SUCCESS
61
19
43
102
80
181
62
120
176
109
133
82
198
1
73
get_all_players: SUCCESS
52
195
115
99
122
119
get_all_players_count: SUCCESS, 18
get_all_players: SUCCESS
52
195
115
99
122
119
update_player_stats: SUCCESS
update_player_stats: SUCCESS
play_match: FAILURE
play_match: FAILURE
get_team_points: SUCCESS, 5369
play_match: FAILURE
get_top_scorer: SUCCESS, 7
get_team_points: SUCCESS, 13498
get_top_scorer: SUCCESS, 136
add_team: FAILURE
add_player: FAILURE
get_all_players: SUCCESS
129
7
remove_team: FAILURE
get_top_scorer: SUCCESS, 119
unite_teams: FAILURE
play_match: FAILURE
get_num_played_games: SUCCESS, 17284
play_match: FAILURE
get_all_players_count: SUCCESS, 3
unite_teams: FAILURE
update_player_stats: SUCCESS
get_all_players: SUCCESS
146
29
37
143
149
71
140
87
121
150
113
108
remove_player: SUCCESS
get_all_players: SUCCESS
52
195
115
99
122
119
get_closest_player: SUCCESS, 98
get_all_players_count: SUCCESS, 27
get_team_points: SUCCESS, 17559
remove_player: SUCCESS
remove_player: SUCCESS
update_player_stats: SUCCESS
get_closest_player: SUCCESS, 138
play_match: FAILURE
remove_player: SUCCESS
update_player_stats: SUCCESS
get_all_players_count: SUCCESS, 15
get_all_players: SUCCESS
129
7
get_num_played_games: SUCCESS, 11580
get_closest_player: SUCCESS, 109
get_num_played_games: SUCCESS, 17284
add_team: FAILURE
get_closest_player: SUCCESS, 61
get_top_scorer: SUCCESS, 90
remove_player: SUCCESS
get_top_scorer: SUCCESS, 105
remove_player: SUCCESS
remove_player: SUCCESS
remove_player: SUCCESS
remove_player: SUCCESS
remove_player: SUCCESS
remove_player: SUCCESS
remove_player: SUCCESS
remove_player: SUCCESS
remove_player: SUCCESS
remove_player: SUCCESS
remove_player: SUCCESS
remove_player: SUCCESS
remove_player: SUCCESS
remove_player: SUCCESS
remove_player: SUCCESS
remove_player: SUCCESS
remove_player: SUCCESS
remove_player: SUCCESS
remove_player: SUCCESS
remove_player: SUCCESS
remove_player: SUCCESS
remove_player: SUCCESS
remove_player: SUCCESS
remove_player: SUCCESS
remove_player: SUCCESS
remove_player: SUCCESS
remove_player: SUCCESS
remove_player: SUCCESS
remove_player: SUCCESS
remove_player: SUCCESS
remove_player: SUCCESS
remove_player: SUCCESS
remove_player: SUCCESS
remove_player: SUCCESS
remove_player: SUCCESS
remove_player: SUCCESS
remove_player: SUCCESS
remove_player: SUCCESS
remove_player: SUCCESS
remove_player: SUCCESS
remove_player: SUCCESS
remove_player: SUCCESS
remove_player: SUCCESS
remove_player: SUCCESS
remove_player: SUCCESS
remove_player: SUCCESS
remove_player: SUCCESS
remove_player: SUCCESS
remove_player: SUCCESS
remove_player: SUCCESS
remove_player: SUCCESS
remove_player: SUCCESS
remove_player: SUCCESS
remove_player: SUCCESS
remove_player: SUCCESS
remove_player: SUCCESS
remove_player: SUCCESS
remove_player: SUCCESS
remove_player: SUCCESS
remove_player: SUCCESS
remove_player: SUCCESS
remove_player: SUCCESS
remove_player: SUCCESS
remove_player: SUCCESS
remove_player: SUCCESS
remove_player: SUCCESS
remove_player: SUCCESS
remove_player: SUCCESS
remove_player: SUCCESS
remove_player: SUCCESS
remove_player: SUCCESS
remove_player: SUCCESS
remove_player: SUCCESS
remove_player: SUCCESS
remove_player: SUCCESS
remove_player: SUCCESS
remove_player: SUCCESS
remove_player: SUCCESS
remove_player: SUCCESS
remove_player: SUCCESS
remove_player: SUCCESS
remove_player: SUCCESS
remove_player: SUCCESS
remove_player: SUCCESS
remove_player: SUCCESS
remove_player: SUCCESS
remove_player: SUCCESS
remove_player: SUCCESS
remove_player: SUCCESS
remove_player: SUCCESS
remove_player: SUCCESS
remove_player: SUCCESS
remove_player: SUCCESS
remove_player: SUCCESS
remove_player: SUCCESS
remove_player: SUCCESS
remove_player: SUCCESS
remove_player: SUCCESS
remove_player: SUCCESS
remove_player: SUCCESS
remove_player: SUCCESS
remove_player: SUCCESS
remove_player: SUCCESS
remove_player: SUCCESS
remove_player: SUCCESS
remove_player: SUCCESS
remove_player: SUCCESS
remove_player: SUCCESS
remove_player: SUCCESS
remove_player: SUCCESS
remove_player: SUCCESS
remove_player: SUCCESS
remove_player: SUCCESS
remove_player: SUCCESS
remove_player: SUCCESS
remove_player: SUCCESS
remove_player: SUCCESS
remove_player: SUCCESS
remove_player: SUCCESS
remove_team: SUCCESS
remove_team: SUCCESS
remove_team: SUCCESS
remove_team: SUCCESS
remove_team: SUCCESS
remove_team: SUCCESS
remove_team: SUCCESS
remove_team: SUCCESS
remove_team: SUCCESS
remove_team: SUCCESS
