add_team: SUCCESS
add_team: SUCCESS
add_team: SUCCESS
add_team: SUCCESS
add_team: SUCCESS
add_team: SUCCESS
add_team: SUCCESS
add_team: SUCCESS
add_team: SUCCESS
add_team: SUCCESS
add_team: SUCCESS
add_team: SUCCESS
add_team: SUCCESS
add_team: SUCCESS
add_team: SUCCESS
add_team: SUCCESS
add_team: SUCCESS
add_team: SUCCESS
add_team: SUCCESS
add_team: SUCCESS
add_player: SUCCESS
add_player: SUCCESS
add_player: SUCCESS
add_player: SUCCESS
add_player: SUCCESS
add_player: SUCCESS
add_player: SUCCESS
add_player: SUCCESS
add_player: SUCCESS
add_player: SUCCESS
add_player: SUCCESS
add_player: SUCCESS
add_player: SUCCESS
add_player: SUCCESS
add_player: SUCCESS
add_player: SUCCESS
add_player: SUCCESS
add_player: SUCCESS
add_player: SUCCESS
add_player: SUCCESS
add_player: SUCCESS
add_player: SUCCESS
add_player: SUCCESS
add_player: SUCCESS
add_player: SUCCESS
add_player: SUCCESS
add_player: SUCCESS
add_player: SUCCESS
add_player: SUCCESS
add_player: SUCCESS
add_player: SUCCESS
add_player: SUCCESS
add_player: SUCCESS
add_player: SUCCESS
add_player: SUCCESS
add_player: SUCCESS
add_player: SUCCESS
add_player: SUCCESS
add_player: SUCCESS
add_player: SUCCESS
add_player: SUCCESS
add_player: SUCCESS
add_player: SUCCESS
add_player: SUCCESS
add_player: SUCCESS
add_player: SUCCESS
add_player: SUCCESS
add_player: SUCCESS
add_player: SUCCESS
add_player: SUCCESS
add_player: SUCCESS
add_player: SUCCESS
add_player: SUCCESS
add_player: SUCCESS
add_player: SUCCESS
add_player: SUCCESS
add_player: SUCCESS
add_player: SUCCESS
add_player: SUCCESS
add_player: SUCCESS
add_player: SUCCESS
add_player: SUCCESS
add_player: SUCCESS
add_player: SUCCESS
add_player: SUCCESS
add_player: SUCCESS
add_player: SUCCESS
add_player: SUCCESS
add_player: SUCCESS
add_player: SUCCESS
add_player: SUCCESS
add_player: SUCCESS
add_player: SUCCESS
add_player: SUCCESS
add_player: SUCCESS
add_player: SUCCESS
add_player: SUCCESS
add_player: SUCCESS
add_player: SUCCESS
add_player: SUCCESS
add_player: SUCCESS
add_player: SUCCESS
add_player: SUCCESS
add_player: SUCCESS
add_player: SUCCESS
add_player: SUCCESS
add_player: SUCCESS
add_player: SUCCESS
add_player: SUCCESS
add_player: SUCCESS
add_player: SUCCESS
add_player: SUCCESS
add_player: SUCCESS
add_player: SUCCESS
add_player: SUCCESS
add_player: SUCCESS
add_player: SUCCESS
add_player: SUCCESS
add_player: SUCCESS
add_player: SUCCESS
add_player: SUCCESS
add_player: SUCCESS
add_player: SUCCESS
add_player: SUCCESS
add_player: SUCCESS
add_player: SUCCESS
add_player: SUCCESS
add_player: SUCCESS
add_player: SUCCESS
add_player: SUCCESS
add_player: SUCCESS
add_player: SUCCESS
add_player: SUCCESS
add_player: SUCCESS
add_player: SUCCESS
add_player: SUCCESS
add_player: SUCCESS
add_player: SUCCESS
add_player: SUCCESS
add_player: SUCCESS
add_player: SUCCESS
add_player: SUCCESS
add_player: SUCCESS
add_player: SUCCESS
add_player: SUCCESS
add_player: SUCCESS
add_player: SUCCESS
add_player: SUCCESS
add_player: SUCCESS
add_player: SUCCESS
add_player: SUCCESS
add_player: SUCCESS
add_player: SUCCESS
add_player: SUCCESS
add_player: SUCCESS
add_player: SUCCESS
add_player: SUCCESS
add_player: SUCCESS
add_player: SUCCESS
add_player: SUCCESS
add_player: SUCCESS
add_player: SUCCESS
add_player: SUCCESS
add_player: SUCCESS
add_player: SUCCESS
add_player: SUCCESS
add_player: SUCCESS
add_player: SUCCESS
add_player: SUCCESS
add_player: SUCCESS
add_player: SUCCESS
add_player: SUCCESS
add_player: SUCCESS
add_player: SUCCESS
add_player: SUCCESS
add_player: SUCCESS
add_player: SUCCESS
add_player: SUCCESS
add_player: SUCCESS
add_player: SUCCESS
add_player: SUCCESS
add_player: SUCCESS
add_player: SUCCESS
add_player: SUCCESS
add_player: SUCCESS
add_player: SUCCESS
add_player: SUCCESS
add_player: SUCCESS
add_player: SUCCESS
add_player: SUCCESS
add_player: SUCCESS
add_player: SUCCESS
add_player: SUCCESS
add_player: SUCCESS
add_player: SUCCESS
add_player: SUCCESS
add_player: SUCCESS
add_player: SUCCESS
add_player: SUCCESS
add_player: SUCCESS
add_player: SUCCESS
add_player: SUCCESS
add_player: SUCCESS
add_player: SUCCESS
add_player: SUCCESS
add_player: SUCCESS
add_player: SUCCESS
add_player: SUCCESS
add_player: SUCCESS
add_player: SUCCESS
add_player: SUCCESS
add_player: SUCCESS
add_player: SUCCESS
add_player: SUCCESS
add_player: SUCCESS
add_player: SUCCESS
add_player: SUCCESS
add_player: SUCCESS
add_player: SUCCESS
add_player: SUCCESS
knockout_winner: SUCCESS, 12
knockout_winner: SUCCESS, 12
knockout_winner: SUCCESS, 8
knockout_winner: SUCCESS, 19
knockout_winner: INVALID_INPUT
get_num_played_games: SUCCESS, 4502
get_all_players_count: SUCCESS, 7
remove_team: FAILURE
add_player: FAILURE
add_player: FAILURE
knockout_winner: FAILURE
knockout_winner: SUCCESS, 12
knockout_winner: SUCCESS, 12
knockout_winner: FAILURE
knockout_winner: INVALID_INPUT
add_team: FAILURE
add_player: FAILURE
remove_team: FAILURE
get_team_points: SUCCESS, 9817
update_player_stats: SUCCESS
get_all_players: SUCCESS
195
13
166
150
105
7
158
27
52
161
134
16
176
add_team: FAILURE
get_all_players_count: SUCCESS, 3
get_team_points: SUCCESS, 2710
add_team: FAILURE
get_team_points: SUCCESS, 5487
get_all_players: SUCCESS
172
71
122
197
116
169
34
76
165
get_team_points: SUCCESS, 4448
update_player_stats: SUCCESS
get_top_scorer: SUCCESS, 58
get_team_points: SUCCESS, 7228
unite_teams: FAILURE
remove_player: SUCCESS
get_team_points: SUCCESS, 9817
get_team_points: SUCCESS, 2329
remove_player: SUCCESS
unite_teams: FAILURE
add_player: FAILURE
add_player: FAILURE
remove_player: SUCCESS
play_match: FAILURE
get_all_players: SUCCESS
192
114
75
6
57
89
118
137
179
82
92
183
21
add_player: FAILURE
get_all_players: SUCCESS
29
194
61
174
145
163
100
128
36
188
update_player_stats: SUCCESS
get_closest_player: SUCCESS, 102
remove_team: FAILURE
knockout_winner: SUCCESS, 20
knockout_winner: SUCCESS, 20
knockout_winner: FAILURE
knockout_winner: FAILURE
knockout_winner: INVALID_INPUT
get_closest_player: SUCCESS, 178
remove_player: SUCCESS
remove_team: FAILURE
add_player: FAILURE
get_all_players_count: SUCCESS, 6
get_closest_player: SUCCESS, 40
add_team: FAILURE
get_all_players_count: SUCCESS, 8
add_team: FAILURE
get_all_players: SUCCESS
53
12
79
177
84
160
121
46
127
unite_teams: FAILURE
unite_teams: FAILURE
get_top_scorer: SUCCESS, 154
update_player_stats: SUCCESS
get_num_played_games: SUCCESS, 9939
knockout_winner: SUCCESS, 20
knockout_winner: SUCCESS, 12
knockout_winner: SUCCESS, 12
knockout_winner: SUCCESS, 20
knockout_winner: INVALID_INPUT
remove_team: FAILURE
get_all_players_count: SUCCESS, 12
get_team_points: SUCCESS, 4735
get_all_players: SUCCESS
54
22
78
85
15
45
111
20
143
124
30
get_all_players: SUCCESS
136
48
90
157
60
18
187
67
178
add_team: FAILURE
knockout_winner: SUCCESS, 3
knockout_winner: INVALID_INPUT
knockout_winner: INVALID_INPUT
knockout_winner: FAILURE
knockout_winner: INVALID_INPUT
remove_player: SUCCESS
remove_team: FAILURE
get_num_played_games: SUCCESS, 4609
remove_player: SUCCESS
get_top_scorer: SUCCESS, 83
play_match: FAILURE
get_top_scorer: SUCCESS, 127
get_team_points: SUCCESS, 2710
knockout_winner: SUCCESS, 20
knockout_winner: SUCCESS, 12
knockout_winner: SUCCESS, 12
knockout_winner: SUCCESS, 20
knockout_winner: INVALID_INPUT
get_num_played_games: SUCCESS, 8950
get_team_points: SUCCESS, 9394
remove_player: SUCCESS
get_all_players: SUCCESS
38
11
102
198
get_team_points: SUCCESS, 2473
add_team: FAILURE
update_player_stats: SUCCESS
remove_player: SUCCESS
get_all_players_count: SUCCESS, 9
get_all_players: SUCCESS
115
97
87
135
189
171
64
95
154
add_player: FAILURE
knockout_winner: SUCCESS, 20
knockout_winner: SUCCESS, 20
knockout_winner: FAILURE
knockout_winner: FAILURE
knockout_winner: INVALID_INPUT
remove_player: SUCCESS
play_match: FAILURE
knockout_winner: SUCCESS, 12
knockout_winner: SUCCESS, 12
knockout_winner: SUCCESS, 10
knockout_winner: SUCCESS, 20
knockout_winner: INVALID_INPUT
get_top_scorer: SUCCESS, 131
get_team_points: SUCCESS, 9954
knockout_winner: SUCCESS, 20
knockout_winner: SUCCESS, 16
knockout_winner: SUCCESS, 14
knockout_winner: FAILURE
knockout_winner: INVALID_INPUT
add_team: FAILURE
remove_player: SUCCESS
unite_teams: FAILURE
play_match: FAILURE
add_player: FAILURE
add_player: FAILURE
knockout_winner: FAILURE
knockout_winner: SUCCESS, 12
knockout_winner: SUCCESS, 10
knockout_winner: SUCCESS, 20
knockout_winner: INVALID_INPUT
update_player_stats: SUCCESS
get_all_players: SUCCESS
38
11
102
198
get_top_scorer: SUCCESS, 198
get_num_played_games: SUCCESS, 4541
get_closest_player: SUCCESS, 185
get_all_players_count: SUCCESS, 9
get_top_scorer: SUCCESS, 41
add_team: FAILURE
unite_teams: FAILURE
update_player_stats: SUCCESS
remove_player: SUCCESS
get_all_players_count: SUCCESS, 7
remove_team: FAILURE
get_all_players: SUCCESS
99
81
139
25
103
1
140
96
146
120
58
get_num_played_games: SUCCESS, 9939
get_all_players_count: SUCCESS, 4
update_player_stats: SUCCESS
unite_teams: SUCCESS
add_team: FAILURE
remove_team: FAILURE
get_all_players_count: SUCCESS, 9
get_all_players: SUCCESS
53
12
79
177
84
160
121
46
127
remove_team: FAILURE
add_player: FAILURE
knockout_winner: SUCCESS, 10
knockout_winner: SUCCESS, 4
knockout_winner: SUCCESS, 4
knockout_winner: SUCCESS, 16
knockout_winner: FAILURE
get_closest_player: SUCCESS, 193
knockout_winner: SUCCESS, 4
knockout_winner: INVALID_INPUT
knockout_winner: INVALID_INPUT
knockout_winner: FAILURE
knockout_winner: INVALID_INPUT
play_match: FAILURE
get_top_scorer: SUCCESS, 35
get_team_points: SUCCESS, 6556
update_player_stats: SUCCESS
remove_player: SUCCESS
get_all_players_count: SUCCESS, 4
get_closest_player: SUCCESS, 78
get_closest_player: SUCCESS, 128
add_player: FAILURE
add_player: FAILURE
remove_team: FAILURE
knockout_winner: SUCCESS, 10
knockout_winner: SUCCESS, 5
knockout_winner: SUCCESS, 5
knockout_winner: SUCCESS, 16
knockout_winner: INVALID_INPUT
update_player_stats: SUCCESS
play_match: FAILURE
get_all_players_count: SUCCESS, 11
get_all_players: SUCCESS
172
197
116
169
34
76
165
knockout_winner: SUCCESS, 16
knockout_winner: SUCCESS, 10
knockout_winner: SUCCESS, 10
knockout_winner: SUCCESS, 20
knockout_winner: INVALID_INPUT
get_num_played_games: SUCCESS, 7159
get_num_played_games: SUCCESS, 10785
add_team: FAILURE
get_closest_player: SUCCESS, 7
get_team_points: SUCCESS, 4735
get_all_players: SUCCESS
19
2
153
141
65
33
55
72
200
93
107
get_top_scorer: SUCCESS, 30
update_player_stats: SUCCESS
add_player: FAILURE
get_num_played_games: SUCCESS, 6899
knockout_winner: SUCCESS, 5
knockout_winner: INVALID_INPUT
knockout_winner: INVALID_INPUT
knockout_winner: SUCCESS, 10
knockout_winner: INVALID_INPUT
remove_team: FAILURE
unite_teams: FAILURE
get_closest_player: SUCCESS, 11
add_player: FAILURE
update_player_stats: SUCCESS
add_team: FAILURE
get_all_players: SUCCESS
172
197
116
169
34
76
165
remove_team: FAILURE
play_match: FAILURE
get_all_players: SUCCESS
54
22
78
85
15
45
111
20
143
124
30
get_closest_player: SUCCESS, 135
add_team: FAILURE
get_closest_player: SUCCESS, 159
knockout_winner: SUCCESS, 14
knockout_winner: SUCCESS, 10
knockout_winner: SUCCESS, 10
knockout_winner: SUCCESS, 20
knockout_winner: INVALID_INPUT
get_num_played_games: SUCCESS, 2652
add_player: FAILURE
get_top_scorer: SUCCESS, 198
add_team: FAILURE
unite_teams: FAILURE
remove_team: FAILURE
remove_player: SUCCESS
add_team: FAILURE
get_all_players_count: SUCCESS, 7
get_top_scorer: SUCCESS, 165
update_player_stats: SUCCESS
add_team: FAILURE
get_all_players: SUCCESS
77
185
186
175
86
49
130
132
43
68
8
193
101
168
80
26
164
182
remove_team: FAILURE
add_player: FAILURE
get_all_players: SUCCESS
194
61
29
174
163
100
128
36
188
unite_teams: FAILURE
get_all_players: SUCCESS
192
114
75
6
57
89
118
137
179
82
92
183
21
play_match: FAILURE
unite_teams: FAILURE
add_player: FAILURE
get_closest_player: SUCCESS, 78
add_team: FAILURE
get_all_players_count: SUCCESS, 14
get_all_players: SUCCESS
194
61
29
174
163
100
128
36
188
unite_teams: FAILURE
get_all_players_count: SUCCESS, 5
get_top_scorer: SUCCESS, 178
get_all_players: SUCCESS
63
117
73
70
119
40
59
add_team: FAILURE
unite_teams: FAILURE
add_team: FAILURE
remove_team: FAILURE
get_team_points: SUCCESS, 2473
unite_teams: FAILURE
unite_teams: FAILURE
get_top_scorer: SUCCESS, 107
play_match: FAILURE
get_closest_player: SUCCESS, 30
knockout_winner: SUCCESS, 19
knockout_winner: SUCCESS, 14
knockout_winner: SUCCESS, 14
knockout_winner: FAILURE
knockout_winner: INVALID_INPUT
remove_player: SUCCESS
remove_team: FAILURE
remove_player: SUCCESS
update_player_stats: SUCCESS
add_player: FAILURE
unite_teams: FAILURE
add_player: FAILURE
knockout_winner: SUCCESS, 5
knockout_winner: INVALID_INPUT
knockout_winner: INVALID_INPUT
knockout_winner: SUCCESS, 10
knockout_winner: SUCCESS, 10
unite_teams: FAILURE
unite_teams: FAILURE
get_team_points: SUCCESS, 4771
play_match: FAILURE
get_closest_player: SUCCESS, 187
get_num_played_games: SUCCESS, 1061
update_player_stats: SUCCESS
get_all_players_count: SUCCESS, 4
get_all_players_count: SUCCESS, 11
knockout_winner: SUCCESS, 5
knockout_winner: SUCCESS, 5
knockout_winner: FAILURE
knockout_winner: SUCCESS, 10
knockout_winner: INVALID_INPUT
get_team_points: SUCCESS, 9954
play_match: SUCCESS
remove_team: FAILURE
remove_team: FAILURE
remove_team: FAILURE
update_player_stats: SUCCESS
get_all_players_count: SUCCESS, 7
get_num_played_games: SUCCESS, 6425
get_num_played_games: SUCCESS, 4218
get_all_players: SUCCESS
53
12
79
177
84
160
121
46
127
update_player_stats: SUCCESS
remove_team: FAILURE
remove_team: FAILURE
unite_teams: FAILURE
unite_teams: FAILURE
add_player: FAILURE
update_player_stats: SUCCESS
add_player: FAILURE
knockout_winner: SUCCESS, 16
knockout_winner: SUCCESS, 10
knockout_winner: SUCCESS, 10
knockout_winner: SUCCESS, 20
knockout_winner: INVALID_INPUT
remove_player: SUCCESS
get_team_points: SUCCESS, 8494
add_player: FAILURE
play_match: SUCCESS
unite_teams: FAILURE
update_player_stats: SUCCESS
unite_teams: FAILURE
get_num_played_games: SUCCESS, 454
get_all_players_count: SUCCESS, 11
get_num_played_games: SUCCESS, 5270
get_all_players: SUCCESS
115
97
87
135
189
171
64
95
154
get_team_points: SUCCESS, 5216
knockout_winner: SUCCESS, 5
knockout_winner: INVALID_INPUT
knockout_winner: INVALID_INPUT
knockout_winner: SUCCESS, 10
knockout_winner: SUCCESS, 10
get_all_players: SUCCESS
172
197
116
169
34
165
76
get_all_players: SUCCESS
194
61
29
174
163
100
128
36
188
play_match: FAILURE
get_team_points: SUCCESS, 9817
play_match: FAILURE
get_num_played_games: SUCCESS, 2758
get_all_players_count: SUCCESS, 13
get_num_played_games: SUCCESS, 4062
remove_player: SUCCESS
get_all_players_count: SUCCESS, 13
get_all_players: SUCCESS
113
37
148
125
35
add_player: FAILURE
play_match: FAILURE
knockout_winner: SUCCESS, 16
knockout_winner: SUCCESS, 10
knockout_winner: SUCCESS, 10
knockout_winner: SUCCESS, 20
knockout_winner: INVALID_INPUT
add_team: FAILURE
knockout_winner: SUCCESS, 20
knockout_winner: SUCCESS, 16
knockout_winner: SUCCESS, 14
knockout_winner: FAILURE
knockout_winner: INVALID_INPUT
update_player_stats: SUCCESS
get_closest_player: SUCCESS, 11
get_num_played_games: SUCCESS, 2698
knockout_winner: SUCCESS, 5
knockout_winner: INVALID_INPUT
knockout_winner: INVALID_INPUT
knockout_winner: SUCCESS, 10
knockout_winner: INVALID_INPUT
knockout_winner: SUCCESS, 10
knockout_winner: SUCCESS, 5
knockout_winner: SUCCESS, 5
knockout_winner: SUCCESS, 16
knockout_winner: INVALID_INPUT
get_num_played_games: SUCCESS, 5558
get_top_scorer: SUCCESS, 180
remove_player: SUCCESS
get_all_players: SUCCESS
192
114
75
6
57
89
118
137
179
82
92
183
21
get_all_players: SUCCESS
77
185
186
175
86
130
43
68
49
8
193
101
168
80
26
164
132
182
remove_team: FAILURE
add_player: FAILURE
remove_player: SUCCESS
play_match: SUCCESS
get_num_played_games: SUCCESS, 3096
remove_player: SUCCESS
get_team_points: SUCCESS, 9817
get_all_players_count: SUCCESS, 11
get_num_played_games: SUCCESS, 3130
get_team_points: SUCCESS, 4774
remove_team: FAILURE
get_all_players: SUCCESS
38
11
102
198
add_player: FAILURE
add_team: FAILURE
knockout_winner: INVALID_INPUT
knockout_winner: INVALID_INPUT
knockout_winner: INVALID_INPUT
knockout_winner: INVALID_INPUT
knockout_winner: INVALID_INPUT
knockout_winner: SUCCESS, 5
knockout_winner: SUCCESS, 5
knockout_winner: SUCCESS, 5
knockout_winner: SUCCESS, 10
knockout_winner: SUCCESS, 10
knockout_winner: SUCCESS, 16
knockout_winner: SUCCESS, 16
knockout_winner: FAILURE
knockout_winner: FAILURE
knockout_winner: INVALID_INPUT
unite_teams: FAILURE
get_num_played_games: SUCCESS, 5935
remove_player: SUCCESS
get_all_players: SUCCESS
172
197
116
169
34
165
76
knockout_winner: FAILURE
knockout_winner: SUCCESS, 10
knockout_winner: FAILURE
knockout_winner: SUCCESS, 16
knockout_winner: INVALID_INPUT
get_top_scorer: SUCCESS, 182
get_team_points: SUCCESS, 9817
add_team: FAILURE
remove_team: FAILURE
add_player: FAILURE
remove_player: SUCCESS
get_all_players: SUCCESS
94
109
24
155
147
199
51
131
get_all_players: SUCCESS
53
12
79
177
84
160
121
46
127
get_top_scorer: SUCCESS, 76
knockout_winner: FAILURE
knockout_winner: SUCCESS, 16
knockout_winner: FAILURE
knockout_winner: FAILURE
knockout_winner: INVALID_INPUT
add_player: FAILURE
get_closest_player: SUCCESS, 65
knockout_winner: INVALID_INPUT
knockout_winner: SUCCESS, 5
knockout_winner: INVALID_INPUT
knockout_winner: INVALID_INPUT
knockout_winner: INVALID_INPUT
remove_player: SUCCESS
get_num_played_games: SUCCESS, 4416
play_match: SUCCESS
add_player: FAILURE
get_num_played_games: SUCCESS, 8284
get_num_played_games: SUCCESS, 4417
get_all_players_count: SUCCESS, 11
add_player: FAILURE
play_match: SUCCESS
get_team_points: SUCCESS, 5490
knockout_winner: SUCCESS, 16
knockout_winner: SUCCESS, 16
knockout_winner: SUCCESS, 10
knockout_winner: SUCCESS, 19
knockout_winner: INVALID_INPUT
get_closest_player: SUCCESS, 85
add_team: FAILURE
unite_teams: FAILURE
unite_teams: FAILURE
remove_team: FAILURE
add_team: FAILURE
add_team: FAILURE
get_num_played_games: SUCCESS, 2191
get_all_players: SUCCESS
115
87
135
189
171
64
95
154
add_player: FAILURE
update_player_stats: SUCCESS
unite_teams: FAILURE
unite_teams: FAILURE
get_all_players_count: SUCCESS, 10
get_all_players: SUCCESS
56
32
5
91
152
180
remove_team: FAILURE
get_top_scorer: SUCCESS, 182
add_player: FAILURE
get_num_played_games: SUCCESS, 8452
unite_teams: FAILURE
knockout_winner: INVALID_INPUT
knockout_winner: INVALID_INPUT
knockout_winner: INVALID_INPUT
knockout_winner: INVALID_INPUT
knockout_winner: INVALID_INPUT
add_team: FAILURE
get_all_players_count: SUCCESS, 5
play_match: INVALID_INPUT
remove_player: SUCCESS
get_team_points: SUCCESS, 12208
get_team_points: SUCCESS, 870
remove_team: FAILURE
get_team_points: SUCCESS, 8494
get_team_points: SUCCESS, 870
unite_teams: FAILURE
play_match: FAILURE
get_closest_player: SUCCESS, 25
play_match: FAILURE
knockout_winner: SUCCESS, 16
knockout_winner: SUCCESS, 16
knockout_winner: SUCCESS, 10
knockout_winner: SUCCESS, 19
knockout_winner: INVALID_INPUT
get_team_points: SUCCESS, 9394
get_team_points: SUCCESS, 2473
knockout_winner: SUCCESS, 5
knockout_winner: INVALID_INPUT
knockout_winner: INVALID_INPUT
knockout_winner: SUCCESS, 16
knockout_winner: FAILURE
get_top_scorer: SUCCESS, 182
unite_teams: FAILURE
unite_teams: INVALID_INPUT
get_num_played_games: SUCCESS, 5137
get_team_points: SUCCESS, 4735
get_closest_player: SUCCESS, 85
remove_player: SUCCESS
unite_teams: FAILURE
get_team_points: SUCCESS, 6556
get_num_played_games: SUCCESS, 10068
remove_player: SUCCESS
get_num_played_games: SUCCESS, 5223
play_match: INVALID_INPUT
remove_team: FAILURE
play_match: FAILURE
get_num_played_games: SUCCESS, 8097
get_team_points: SUCCESS, 870
update_player_stats: SUCCESS
add_team: FAILURE
remove_player: SUCCESS
play_match: FAILURE
remove_player: SUCCESS
get_top_scorer: SUCCESS, 30
unite_teams: FAILURE
get_num_played_games: SUCCESS, 9476
unite_teams: FAILURE
get_top_scorer: SUCCESS, 21
update_player_stats: SUCCESS
add_player: FAILURE
get_all_players_count: SUCCESS, 7
get_num_played_games: SUCCESS, 11340
add_player: FAILURE
unite_teams: FAILURE
get_all_players_count: SUCCESS, 12
update_player_stats: SUCCESS
get_num_played_games: SUCCESS, 5192
get_num_played_games: SUCCESS, 2626
add_player: FAILURE
remove_team: FAILURE
remove_team: FAILURE
unite_teams: FAILURE
get_all_players_count: SUCCESS, 11
update_player_stats: SUCCESS
get_all_players_count: SUCCESS, 7
get_num_played_games: SUCCESS, 7235
add_team: FAILURE
get_closest_player: SUCCESS, 165
remove_team: FAILURE
remove_player: SUCCESS
update_player_stats: SUCCESS
get_all_players_count: SUCCESS, 7
remove_team: FAILURE
get_all_players_count: SUCCESS, 8
remove_player: SUCCESS
get_all_players_count: SUCCESS, 6
remove_player: SUCCESS
get_top_scorer: SUCCESS, 127
add_player: FAILURE
add_team: FAILURE
get_all_players_count: SUCCESS, 7
update_player_stats: SUCCESS
add_player: FAILURE
update_player_stats: SUCCESS
unite_teams: FAILURE
get_closest_player: SUCCESS, 116
get_closest_player: SUCCESS, 70
get_all_players_count: SUCCESS, 8
update_player_stats: SUCCESS
get_all_players_count: SUCCESS, 6
knockout_winner: SUCCESS, 4
knockout_winner: INVALID_INPUT
knockout_winner: INVALID_INPUT
knockout_winner: SUCCESS, 10
knockout_winner: FAILURE
get_num_played_games: SUCCESS, 3013
update_player_stats: SUCCESS
add_player: FAILURE
remove_player: SUCCESS
add_player: FAILURE
get_team_points: SUCCESS, 2329
get_closest_player: SUCCESS, 101
remove_player: SUCCESS
remove_team: FAILURE
get_closest_player: SUCCESS, 102
remove_player: SUCCESS
get_all_players: SUCCESS
81
139
25
103
1
99
146
120
58
update_player_stats: SUCCESS
get_all_players_count: SUCCESS, 12
remove_player: SUCCESS
get_team_points: SUCCESS, 12059
get_all_players: SUCCESS
195
13
166
105
7
158
161
16
134
176
add_team: FAILURE
get_num_played_games: SUCCESS, 4218
play_match: FAILURE
add_team: FAILURE
remove_player: SUCCESS
get_top_scorer: SUCCESS, 154
unite_teams: FAILURE
get_top_scorer: SUCCESS, 63
get_top_scorer: SUCCESS, 58
remove_team: FAILURE
remove_team: FAILURE
play_match: FAILURE
get_all_players_count: SUCCESS, 5
add_team: FAILURE
knockout_winner: SUCCESS, 10
knockout_winner: SUCCESS, 10
knockout_winner: SUCCESS, 10
knockout_winner: SUCCESS, 19
knockout_winner: INVALID_INPUT
play_match: FAILURE
get_closest_player: SUCCESS, 120
knockout_winner: SUCCESS, 10
knockout_winner: SUCCESS, 4
knockout_winner: SUCCESS, 4
knockout_winner: FAILURE
knockout_winner: INVALID_INPUT
knockout_winner: SUCCESS, 4
knockout_winner: INVALID_INPUT
knockout_winner: INVALID_INPUT
knockout_winner: FAILURE
knockout_winner: INVALID_INPUT
add_player: FAILURE
play_match: FAILURE
remove_player: SUCCESS
play_match: FAILURE
knockout_winner: SUCCESS, 4
knockout_winner: INVALID_INPUT
knockout_winner: INVALID_INPUT
knockout_winner: FAILURE
knockout_winner: INVALID_INPUT
get_top_scorer: SUCCESS, 63
add_team: FAILURE
remove_team: FAILURE
knockout_winner: SUCCESS, 10
knockout_winner: SUCCESS, 4
knockout_winner: SUCCESS, 4
knockout_winner: FAILURE
knockout_winner: INVALID_INPUT
get_num_played_games: SUCCESS, 2997
add_team: FAILURE
remove_team: FAILURE
play_match: FAILURE
unite_teams: FAILURE
get_all_players: SUCCESS
192
114
75
57
6
89
118
179
92
183
82
unite_teams: FAILURE
knockout_winner: SUCCESS, 10
knockout_winner: SUCCESS, 4
knockout_winner: SUCCESS, 4
knockout_winner: SUCCESS, 19
knockout_winner: INVALID_INPUT
get_all_players: SUCCESS
195
13
166
105
7
158
161
16
134
176
get_all_players_count: SUCCESS, 6
get_top_scorer: SUCCESS, 76
play_match: FAILURE
get_num_played_games: SUCCESS, 17715
get_team_points: SUCCESS, 6556
knockout_winner: SUCCESS, 10
knockout_winner: SUCCESS, 4
knockout_winner: SUCCESS, 4
knockout_winner: FAILURE
knockout_winner: INVALID_INPUT
get_all_players: SUCCESS
14
191
23
50
17
173
83
44
add_team: FAILURE
remove_team: FAILURE
remove_team: FAILURE
update_player_stats: SUCCESS
get_team_points: SUCCESS, 2710
get_top_scorer: SUCCESS, 76
get_all_players: SUCCESS
77
186
185
175
86
130
43
68
193
101
168
26
132
49
8
80
182
remove_player: SUCCESS
get_num_played_games: SUCCESS, 5137
add_team: FAILURE
add_team: FAILURE
update_player_stats: SUCCESS
remove_player: SUCCESS
unite_teams: FAILURE
get_team_points: SUCCESS, 2473
add_player: FAILURE
update_player_stats: SUCCESS
play_match: FAILURE
add_player: FAILURE
get_top_scorer: SUCCESS, 58
remove_player: SUCCESS
add_player: FAILURE
get_top_scorer: SUCCESS, 76
get_closest_player: SUCCESS, 34
play_match: FAILURE
get_num_played_games: SUCCESS, 3617
add_team: FAILURE
remove_player: SUCCESS
add_team: FAILURE
remove_player: SUCCESS
get_all_players: SUCCESS
98
88
66
129
196
28
190
31
149
108
9
42
add_player: FAILURE
unite_teams: FAILURE
get_all_players_count: SUCCESS, 6
add_player: FAILURE
get_all_players_count: SUCCESS, 11
get_num_played_games: SUCCESS, 12642
get_num_played_games: SUCCESS, 3746
remove_player: SUCCESS
update_player_stats: SUCCESS
get_all_players_count: SUCCESS, 5
get_num_played_games: SUCCESS, 5581
add_team: FAILURE
remove_team: FAILURE
unite_teams: FAILURE
remove_team: FAILURE
knockout_winner: SUCCESS, 10
knockout_winner: SUCCESS, 10
knockout_winner: SUCCESS, 10
knockout_winner: SUCCESS, 19
knockout_winner: INVALID_INPUT
get_all_players: SUCCESS
172
197
116
34
76
get_all_players_count: SUCCESS, 8
get_closest_player: SUCCESS, 41
get_all_players_count: SUCCESS, 8
play_match: FAILURE
add_team: FAILURE
get_all_players_count: SUCCESS, 5
add_player: FAILURE
update_player_stats: SUCCESS
add_team: FAILURE
get_all_players_count: SUCCESS, 10
get_closest_player: SUCCESS, 86
get_top_scorer: SUCCESS, 154
get_all_players_count: SUCCESS, 5
get_all_players_count: SUCCESS, 5
add_player: FAILURE
get_all_players: SUCCESS
53
12
79
177
160
121
46
127
get_team_points: SUCCESS, 2329
get_all_players_count: SUCCESS, 7
get_top_scorer: SUCCESS, 76
knockout_winner: SUCCESS, 10
knockout_winner: SUCCESS, 10
knockout_winner: FAILURE
knockout_winner: FAILURE
knockout_winner: INVALID_INPUT
get_closest_player: SUCCESS, 102
get_all_players_count: SUCCESS, 10
knockout_winner: SUCCESS, 4
knockout_winner: INVALID_INPUT
knockout_winner: INVALID_INPUT
knockout_winner: SUCCESS, 10
knockout_winner: INVALID_INPUT
knockout_winner: FAILURE
knockout_winner: SUCCESS, 4
knockout_winner: FAILURE
knockout_winner: FAILURE
knockout_winner: INVALID_INPUT
get_num_played_games: SUCCESS, 6969
get_all_players: SUCCESS
194
61
29
174
163
100
128
36
188
update_player_stats: SUCCESS
add_player: FAILURE
add_team: FAILURE
get_closest_player: SUCCESS, 59
remove_team: FAILURE
play_match: FAILURE
add_player: FAILURE
get_all_players: SUCCESS
87
135
189
171
64
95
154
add_player: FAILURE
get_all_players: SUCCESS
81
139
103
1
99
146
120
58
remove_player: SUCCESS
add_player: FAILURE
knockout_winner: FAILURE
knockout_winner: SUCCESS, 19
knockout_winner: FAILURE
knockout_winner: FAILURE
knockout_winner: INVALID_INPUT
knockout_winner: SUCCESS, 19
knockout_winner: SUCCESS, 10
knockout_winner: SUCCESS, 10
knockout_winner: SUCCESS, 19
knockout_winner: INVALID_INPUT
add_player: FAILURE
remove_player: SUCCESS
get_team_points: SUCCESS, 7228
play_match: FAILURE
get_top_scorer: SUCCESS, 30
unite_teams: FAILURE
add_player: FAILURE
add_player: FAILURE
get_top_scorer: SUCCESS, 152
get_num_played_games: SUCCESS, 3711
get_all_players: SUCCESS
19
2
153
141
65
55
72
200
93
107
get_top_scorer: SUCCESS, 51
remove_team: FAILURE
get_all_players_count: SUCCESS, 8
add_player: FAILURE
get_closest_player: SUCCESS, 195
get_top_scorer: SUCCESS, 44
update_player_stats: SUCCESS
get_all_players_count: SUCCESS, 4
knockout_winner: SUCCESS, 19
knockout_winner: SUCCESS, 19
knockout_winner: FAILURE
knockout_winner: FAILURE
knockout_winner: INVALID_INPUT
play_match: FAILURE
get_top_scorer: SUCCESS, 41
remove_player: SUCCESS
get_all_players_count: SUCCESS, 8
remove_player: SUCCESS
get_all_players: SUCCESS
172
197
116
34
76
get_all_players: SUCCESS
38
11
102
198
get_all_players: SUCCESS
195
13
166
105
7
158
161
16
134
176
unite_teams: FAILURE
get_closest_player: SUCCESS, 46
play_match: FAILURE
get_team_points: SUCCESS, 2710
play_match: FAILURE
play_match: FAILURE
get_closest_player: SUCCESS, 59
get_all_players_count: SUCCESS, 7
get_all_players_count: SUCCESS, 8
update_player_stats: SUCCESS
add_team: FAILURE
get_team_points: SUCCESS, 4777
update_player_stats: SUCCESS
get_top_scorer: SUCCESS, 93
get_top_scorer: SUCCESS, 127
get_top_scorer: SUCCESS, 41
get_num_played_games: SUCCESS, 8097
get_closest_player: SUCCESS, 35
add_team: FAILURE
get_team_points: SUCCESS, 11910
play_match: FAILURE
unite_teams: FAILURE
get_all_players_count: SUCCESS, 8
knockout_winner: FAILURE
knockout_winner: SUCCESS, 19
knockout_winner: FAILURE
knockout_winner: FAILURE
knockout_winner: INVALID_INPUT
update_player_stats: SUCCESS
add_player: FAILURE
update_player_stats: SUCCESS
knockout_winner: FAILURE
knockout_winner: SUCCESS, 4
knockout_winner: SUCCESS, 4
knockout_winner: FAILURE
knockout_winner: INVALID_INPUT
get_closest_player: SUCCESS, 55
unite_teams: FAILURE
get_top_scorer: SUCCESS, 15
get_closest_player: SUCCESS, 116
get_all_players: SUCCESS
114
75
57
6
89
179
192
82
92
add_player: FAILURE
get_all_players_count: SUCCESS, 5
play_match: FAILURE
unite_teams: FAILURE
add_player: FAILURE
update_player_stats: SUCCESS
unite_teams: SUCCESS
update_player_stats: SUCCESS
unite_teams: FAILURE
remove_team: FAILURE
knockout_winner: FAILURE
knockout_winner: SUCCESS, 4
knockout_winner: FAILURE
knockout_winner: FAILURE
knockout_winner: INVALID_INPUT
knockout_winner: INVALID_INPUT
knockout_winner: INVALID_INPUT
knockout_winner: INVALID_INPUT
knockout_winner: INVALID_INPUT
knockout_winner: INVALID_INPUT
update_player_stats: SUCCESS
get_num_played_games: SUCCESS, 6982
get_team_points: SUCCESS, 259
add_team: FAILURE
add_player: FAILURE
get_closest_player: SUCCESS, 154
get_num_played_games: SUCCESS, 10787
update_player_stats: SUCCESS
unite_teams: FAILURE
get_num_played_games: SUCCESS, 5442
play_match: INVALID_INPUT
get_all_players: SUCCESS
110
47
156
159
126
167
123
41
get_closest_player: SUCCESS, 58
knockout_winner: SUCCESS, 4
knockout_winner: INVALID_INPUT
knockout_winner: INVALID_INPUT
knockout_winner: FAILURE
knockout_winner: INVALID_INPUT
get_team_points: SUCCESS, 5216
get_num_played_games: SUCCESS, 10131
unite_teams: FAILURE
get_num_played_games: SUCCESS, 2191
remove_team: FAILURE
get_closest_player: SUCCESS, 20
remove_team: FAILURE
get_num_played_games: SUCCESS, 15129
remove_team: FAILURE
get_num_played_games: SUCCESS, 4160
get_closest_player: SUCCESS, 29
add_player: FAILURE
get_top_scorer: SUCCESS, 51
knockout_winner: INVALID_INPUT
knockout_winner: INVALID_INPUT
knockout_winner: INVALID_INPUT
knockout_winner: INVALID_INPUT
knockout_winner: INVALID_INPUT
add_player: FAILURE
add_team: FAILURE
get_closest_player: SUCCESS, 5
unite_teams: FAILURE
add_player: FAILURE
get_num_played_games: SUCCESS, 5984
get_closest_player: SUCCESS, 78
remove_team: FAILURE
get_top_scorer: SUCCESS, 44
knockout_winner: SUCCESS, 16
knockout_winner: SUCCESS, 16
knockout_winner: FAILURE
knockout_winner: FAILURE
knockout_winner: INVALID_INPUT
get_num_played_games: SUCCESS, 20891
get_team_points: SUCCESS, 9817
get_top_scorer: SUCCESS, 51
play_match: FAILURE
get_team_points: SUCCESS, 11910
unite_teams: FAILURE
update_player_stats: SUCCESS
get_all_players_count: SUCCESS, 6
remove_team: FAILURE
get_closest_player: SUCCESS, 78
get_team_points: SUCCESS, 9817
get_team_points: SUCCESS, 2710
get_num_played_games: SUCCESS, 7373
remove_team: FAILURE
knockout_winner: SUCCESS, 16
knockout_winner: SUCCESS, 16
knockout_winner: FAILURE
knockout_winner: SUCCESS, 19
knockout_winner: INVALID_INPUT
get_closest_player: SUCCESS, 153
remove_player: SUCCESS
remove_team: FAILURE
remove_player: SUCCESS
get_top_scorer: SUCCESS, 51
get_closest_player: SUCCESS, 32
update_player_stats: SUCCESS
get_all_players_count: SUCCESS, 7
get_closest_player: SUCCESS, 168
remove_player: SUCCESS
get_all_players_count: SUCCESS, 3
remove_team: FAILURE
add_player: FAILURE
get_team_points: SUCCESS, 5490
add_team: FAILURE
unite_teams: FAILURE
knockout_winner: FAILURE
knockout_winner: SUCCESS, 4
knockout_winner: FAILURE
knockout_winner: FAILURE
knockout_winner: INVALID_INPUT
get_team_points: SUCCESS, 6556
get_all_players_count: SUCCESS, 10
get_all_players: SUCCESS
114
75
57
89
179
192
82
92
6
get_num_played_games: SUCCESS, 15300
get_all_players: SUCCESS
81
139
103
1
99
146
120
58
knockout_winner: FAILURE
knockout_winner: SUCCESS, 16
knockout_winner: FAILURE
knockout_winner: SUCCESS, 16
knockout_winner: INVALID_INPUT
unite_teams: FAILURE
play_match: FAILURE
update_player_stats: SUCCESS
get_closest_player: SUCCESS, 56
get_team_points: SUCCESS, 12208
update_player_stats: SUCCESS
get_top_scorer: SUCCESS, 152
get_all_players_count: SUCCESS, 9
get_top_scorer: SUCCESS, 44
unite_teams: FAILURE
get_team_points: SUCCESS, 8494
get_num_played_games: SUCCESS, 189
unite_teams: FAILURE
get_closest_player: SUCCESS, 153
add_player: FAILURE
get_num_played_games: SUCCESS, 2191
get_all_players: SUCCESS
56
32
5
91
152
knockout_winner: SUCCESS, 19
knockout_winner: SUCCESS, 16
knockout_winner: FAILURE
knockout_winner: FAILURE
knockout_winner: INVALID_INPUT
remove_player: SUCCESS
remove_player: SUCCESS
play_match: FAILURE
play_match: FAILURE
update_player_stats: SUCCESS
get_all_players: SUCCESS
14
191
50
17
44
knockout_winner: FAILURE
knockout_winner: SUCCESS, 4
knockout_winner: SUCCESS, 4
knockout_winner: SUCCESS, 16
knockout_winner: INVALID_INPUT
add_team: FAILURE
add_team: FAILURE
get_all_players_count: SUCCESS, 8
get_top_scorer: SUCCESS, 93
play_match: FAILURE
get_num_played_games: SUCCESS, 10361
update_player_stats: SUCCESS
remove_team: FAILURE
add_team: FAILURE
get_closest_player: SUCCESS, 53
remove_player: SUCCESS
unite_teams: INVALID_INPUT
remove_player: SUCCESS
get_num_played_games: SUCCESS, 7789
play_match: FAILURE
get_all_players: SUCCESS
54
78
85
111
20
143
124
22
30
15
remove_player: SUCCESS
get_top_scorer: SUCCESS, 93
get_closest_player: SUCCESS, 179
unite_teams: FAILURE
get_top_scorer: SUCCESS, 63
get_team_points: SUCCESS, 9954
get_all_players: SUCCESS
81
139
103
1
99
146
120
get_all_players_count: SUCCESS, 9
remove_team: FAILURE
add_player: FAILURE
get_all_players_count: SUCCESS, 4
update_player_stats: SUCCESS
get_team_points: SUCCESS, 5216
get_num_played_games: SUCCESS, 1075
add_player: FAILURE
get_all_players_count: SUCCESS, 3
add_player: FAILURE
update_player_stats: SUCCESS
get_team_points: SUCCESS, 1009
update_player_stats: SUCCESS
get_team_points: SUCCESS, 4777
add_player: FAILURE
update_player_stats: SUCCESS
get_all_players_count: SUCCESS, 12
unite_teams: FAILURE
get_all_players_count: SUCCESS, 12
play_match: INVALID_INPUT
remove_player: SUCCESS
remove_player: SUCCESS
knockout_winner: SUCCESS, 16
knockout_winner: SUCCESS, 4
knockout_winner: SUCCESS, 4
knockout_winner: SUCCESS, 16
knockout_winner: FAILURE
get_all_players_count: SUCCESS, 9
get_top_scorer: SUCCESS, 188
get_team_points: SUCCESS, 8494
unite_teams: FAILURE
get_all_players: SUCCESS
194
61
29
174
163
100
128
36
188
get_all_players: SUCCESS
113
37
125
35
get_closest_player: SUCCESS, 126
update_player_stats: SUCCESS
update_player_stats: SUCCESS
add_player: FAILURE
get_closest_player: SUCCESS, 41
remove_team: FAILURE
remove_player: SUCCESS
unite_teams: FAILURE
get_num_played_games: SUCCESS, 4091
remove_player: SUCCESS
play_match: FAILURE
play_match: FAILURE
get_team_points: SUCCESS, 8494
update_player_stats: SUCCESS
remove_team: FAILURE
get_num_played_games: SUCCESS, 18927
remove_team: FAILURE
add_team: FAILURE
get_num_played_games: SUCCESS, 1513
knockout_winner: INVALID_INPUT
knockout_winner: INVALID_INPUT
knockout_winner: INVALID_INPUT
knockout_winner: INVALID_INPUT
knockout_winner: INVALID_INPUT
unite_teams: FAILURE
add_player: FAILURE
add_team: FAILURE
add_player: FAILURE
add_team: FAILURE
play_match: FAILURE
add_team: FAILURE
get_all_players: SUCCESS
87
135
189
64
95
get_all_players_count: SUCCESS, 5
get_team_points: SUCCESS, 16794
get_all_players_count: SUCCESS, 9
play_match: FAILURE
get_num_played_games: SUCCESS, 4542
add_team: FAILURE
get_team_points: SUCCESS, 1009
play_match: FAILURE
update_player_stats: SUCCESS
add_team: FAILURE
remove_team: FAILURE
add_player: FAILURE
add_team: FAILURE
get_team_points: SUCCESS, 9394
play_match: FAILURE
get_closest_player: SUCCESS, 139
knockout_winner: SUCCESS, 16
knockout_winner: SUCCESS, 16
knockout_winner: FAILURE
knockout_winner: FAILURE
knockout_winner: INVALID_INPUT
get_all_players: SUCCESS
19
2
153
141
55
200
72
107
93
unite_teams: FAILURE
get_all_players: SUCCESS
77
186
175
86
130
68
193
185
168
26
132
49
80
182
8
get_num_played_games: SUCCESS, 20891
play_match: FAILURE
get_top_scorer: SUCCESS, 188
get_closest_player: SUCCESS, 197
add_team: FAILURE
add_team: FAILURE
get_all_players_count: SUCCESS, 8
add_team: FAILURE
remove_team: FAILURE
get_num_played_games: SUCCESS, 7183
add_player: FAILURE
get_top_scorer: SUCCESS, 11
update_player_stats: SUCCESS
add_player: FAILURE
update_player_stats: SUCCESS
get_closest_player: SUCCESS, 49
get_all_players_count: SUCCESS, 5
get_num_played_games: SUCCESS, 9940
get_all_players_count: SUCCESS, 5
get_all_players: SUCCESS
56
5
91
152
32
remove_team: FAILURE
add_player: FAILURE
knockout_winner: SUCCESS, 16
knockout_winner: SUCCESS, 16
knockout_winner: FAILURE
knockout_winner: FAILURE
knockout_winner: INVALID_INPUT
get_team_points: SUCCESS, 4777
get_all_players_count: SUCCESS, 2
get_all_players_count: SUCCESS, 9
get_team_points: SUCCESS, 2329
get_all_players: SUCCESS
70
119
59
73
40
63
add_player: FAILURE
get_team_points: SUCCESS, 9394
add_player: FAILURE
remove_player: SUCCESS
knockout_winner: SUCCESS, 16
knockout_winner: SUCCESS, 16
knockout_winner: FAILURE
knockout_winner: FAILURE
knockout_winner: INVALID_INPUT
get_num_played_games: SUCCESS, 2759
get_top_scorer: SUCCESS, 51
get_all_players: SUCCESS
70
119
59
73
40
63
add_team: FAILURE
get_num_played_games: SUCCESS, 7144
remove_team: FAILURE
get_team_points: SUCCESS, 2329
add_team: FAILURE
update_player_stats: SUCCESS
add_player: FAILURE
add_team: FAILURE
get_num_played_games: SUCCESS, 2759
remove_team: FAILURE
remove_player: SUCCESS
get_all_players: SUCCESS
47
156
159
126
167
123
41
remove_player: SUCCESS
unite_teams: FAILURE
update_player_stats: SUCCESS
get_num_played_games: SUCCESS, 6794
add_team: FAILURE
remove_team: FAILURE
get_num_played_games: SUCCESS, 25284
remove_team: FAILURE
get_all_players: SUCCESS
14
191
17
50
44
play_match: FAILURE
remove_player: SUCCESS
get_top_scorer: SUCCESS, 95
play_match: FAILURE
get_team_points: SUCCESS, 5490
get_all_players_count: SUCCESS, 7
get_num_played_games: SUCCESS, 2106
remove_team: FAILURE
get_all_players: SUCCESS
136
48
90
157
60
18
67
187
get_num_played_games: SUCCESS, 2106
get_team_points: SUCCESS, 259
remove_team: FAILURE
get_all_players: SUCCESS
56
5
91
152
32
get_closest_player: SUCCESS, 187
get_num_played_games: SUCCESS, 6050
knockout_winner: SUCCESS, 4
knockout_winner: INVALID_INPUT
knockout_winner: INVALID_INPUT
knockout_winner: SUCCESS, 16
knockout_winner: FAILURE
get_all_players: SUCCESS
81
139
103
1
99
120
146
add_team: FAILURE
get_team_points: SUCCESS, 9954
get_all_players_count: SUCCESS, 10
knockout_winner: INVALID_INPUT
knockout_winner: INVALID_INPUT
knockout_winner: INVALID_INPUT
knockout_winner: INVALID_INPUT
knockout_winner: INVALID_INPUT
remove_player: SUCCESS
knockout_winner: INVALID_INPUT
knockout_winner: FAILURE
knockout_winner: INVALID_INPUT
knockout_winner: INVALID_INPUT
knockout_winner: INVALID_INPUT
remove_team: FAILURE
remove_team: FAILURE
get_num_played_games: SUCCESS, 989
play_match: FAILURE
get_closest_player: SUCCESS, 61
get_num_played_games: SUCCESS, 1482
remove_team: FAILURE
play_match: INVALID_INPUT
update_player_stats: SUCCESS
update_player_stats: SUCCESS
add_team: FAILURE
get_top_scorer: SUCCESS, 93
get_top_scorer: SUCCESS, 32
remove_team: FAILURE
get_team_points: SUCCESS, 11910
remove_team: FAILURE
update_player_stats: SUCCESS
add_player: FAILURE
add_player: FAILURE
knockout_winner: FAILURE
knockout_winner: INVALID_INPUT
knockout_winner: INVALID_INPUT
knockout_winner: FAILURE
knockout_winner: INVALID_INPUT
get_top_scorer: SUCCESS, 11
knockout_winner: INVALID_INPUT
knockout_winner: FAILURE
knockout_winner: INVALID_INPUT
knockout_winner: INVALID_INPUT
knockout_winner: INVALID_INPUT
play_match: FAILURE
update_player_stats: SUCCESS
get_top_scorer: SUCCESS, 92
get_num_played_games: SUCCESS, 10238
get_num_played_games: SUCCESS, 8163
update_player_stats: SUCCESS
play_match: FAILURE
play_match: FAILURE
get_closest_player: SUCCESS, 123
unite_teams: FAILURE
add_team: FAILURE
remove_team: FAILURE
knockout_winner: SUCCESS, 16
knockout_winner: SUCCESS, 16
knockout_winner: FAILURE
knockout_winner: FAILURE
knockout_winner: INVALID_INPUT
play_match: FAILURE
get_closest_player: SUCCESS, 139
remove_player: SUCCESS
get_closest_player: SUCCESS, 200
add_player: FAILURE
knockout_winner: FAILURE
knockout_winner: SUCCESS, 4
knockout_winner: FAILURE
knockout_winner: FAILURE
knockout_winner: INVALID_INPUT
add_team: FAILURE
remove_team: FAILURE
get_team_points: SUCCESS, 2473
remove_team: FAILURE
get_team_points: SUCCESS, 9394
remove_player: SUCCESS
update_player_stats: SUCCESS
add_player: FAILURE
get_all_players: SUCCESS
81
139
103
1
120
146
get_top_scorer: SUCCESS, 127
get_all_players_count: SUCCESS, 8
update_player_stats: SUCCESS
play_match: FAILURE
knockout_winner: SUCCESS, 16
knockout_winner: SUCCESS, 16
knockout_winner: FAILURE
knockout_winner: SUCCESS, 16
knockout_winner: INVALID_INPUT
knockout_winner: SUCCESS, 4
knockout_winner: INVALID_INPUT
knockout_winner: INVALID_INPUT
knockout_winner: FAILURE
knockout_winner: INVALID_INPUT
get_top_scorer: SUCCESS, 92
get_all_players: SUCCESS
53
12
79
177
160
121
46
127
get_top_scorer: SUCCESS, 51
update_player_stats: SUCCESS
get_num_played_games: SUCCESS, 10787
remove_player: SUCCESS
remove_player: SUCCESS
remove_player: SUCCESS
remove_player: SUCCESS
remove_player: SUCCESS
remove_player: SUCCESS
remove_player: SUCCESS
remove_player: SUCCESS
remove_player: SUCCESS
remove_player: SUCCESS
remove_player: SUCCESS
remove_player: SUCCESS
remove_player: SUCCESS
remove_player: SUCCESS
remove_player: SUCCESS
remove_player: SUCCESS
remove_player: SUCCESS
remove_player: SUCCESS
remove_player: SUCCESS
remove_player: SUCCESS
remove_player: SUCCESS
remove_player: SUCCESS
remove_player: SUCCESS
remove_player: SUCCESS
remove_player: SUCCESS
remove_player: SUCCESS
remove_player: SUCCESS
remove_player: SUCCESS
remove_player: SUCCESS
remove_player: SUCCESS
remove_player: SUCCESS
remove_player: SUCCESS
remove_player: SUCCESS
remove_player: SUCCESS
remove_player: SUCCESS
remove_player: SUCCESS
remove_player: SUCCESS
remove_player: SUCCESS
remove_player: SUCCESS
remove_player: SUCCESS
remove_player: SUCCESS
remove_player: SUCCESS
remove_player: SUCCESS
remove_player: SUCCESS
remove_player: SUCCESS
remove_player: SUCCESS
remove_player: SUCCESS
remove_player: SUCCESS
remove_player: SUCCESS
remove_player: SUCCESS
remove_player: SUCCESS
remove_player: SUCCESS
remove_player: SUCCESS
remove_player: SUCCESS
remove_player: SUCCESS
remove_player: SUCCESS
remove_player: SUCCESS
remove_player: SUCCESS
remove_player: SUCCESS
remove_player: SUCCESS
remove_player: SUCCESS
remove_player: SUCCESS
remove_player: SUCCESS
remove_player: SUCCESS
remove_player: SUCCESS
remove_player: SUCCESS
remove_player: SUCCESS
remove_player: SUCCESS
remove_player: SUCCESS
remove_player: SUCCESS
remove_player: SUCCESS
remove_player: SUCCESS
remove_player: SUCCESS
remove_player: SUCCESS
remove_player: SUCCESS
remove_player: SUCCESS
remove_player: SUCCESS
remove_player: SUCCESS
remove_player: SUCCESS
remove_player: SUCCESS
remove_player: SUCCESS
remove_player: SUCCESS
remove_player: SUCCESS
remove_player: SUCCESS
remove_player: SUCCESS
remove_player: SUCCESS
remove_player: SUCCESS
remove_player: SUCCESS
remove_player: SUCCESS
remove_player: SUCCESS
remove_player: SUCCESS
remove_player: SUCCESS
remove_player: SUCCESS
remove_player: SUCCESS
remove_player: SUCCESS
remove_player: SUCCESS
remove_player: SUCCESS
remove_player: SUCCESS
remove_player: SUCCESS
remove_player: SUCCESS
remove_player: SUCCESS
remove_player: SUCCESS
remove_player: SUCCESS
remove_player: SUCCESS
remove_player: SUCCESS
remove_player: SUCCESS
remove_player: SUCCESS
remove_player: SUCCESS
remove_player: SUCCESS
remove_player: SUCCESS
remove_player: SUCCESS
remove_player: SUCCESS
remove_player: SUCCESS
remove_player: SUCCESS
remove_player: SUCCESS
remove_player: SUCCESS
remove_player: SUCCESS
remove_player: SUCCESS
remove_player: SUCCESS
remove_player: SUCCESS
remove_player: SUCCESS
remove_player: SUCCESS
remove_player: SUCCESS
remove_player: SUCCESS
remove_player: SUCCESS
remove_player: SUCCESS
remove_player: SUCCESS
remove_player: SUCCESS
remove_player: SUCCESS
remove_player: SUCCESS
remove_player: SUCCESS
remove_player: SUCCESS
remove_player: SUCCESS
remove_player: SUCCESS
remove_team: SUCCESS
remove_team: SUCCESS
remove_team: SUCCESS
remove_team: SUCCESS
remove_team: SUCCESS
remove_team: SUCCESS
remove_team: SUCCESS
remove_team: SUCCESS
remove_team: SUCCESS
remove_team: SUCCESS
remove_team: SUCCESS
remove_team: SUCCESS
remove_team: SUCCESS
remove_team: SUCCESS
remove_team: SUCCESS
remove_team: SUCCESS
remove_team: SUCCESS
remove_team: SUCCESS
