add_team: SUCCESS
add_team: SUCCESS
add_team: SUCCESS
add_team: SUCCESS
add_team: SUCCESS
add_team: SUCCESS
add_team: SUCCESS
add_team: SUCCESS
add_team: SUCCESS
add_team: SUCCESS
add_team: SUCCESS
add_team: SUCCESS
add_team: SUCCESS
add_team: SUCCESS
add_team: SUCCESS
add_team: SUCCESS
add_team: SUCCESS
add_team: SUCCESS
add_team: SUCCESS
add_team: SUCCESS
add_player: SUCCESS
add_player: SUCCESS
add_player: SUCCESS
add_player: SUCCESS
add_player: SUCCESS
add_player: SUCCESS
add_player: SUCCESS
add_player: SUCCESS
add_player: SUCCESS
add_player: SUCCESS
add_player: SUCCESS
add_player: SUCCESS
add_player: SUCCESS
add_player: SUCCESS
add_player: SUCCESS
add_player: SUCCESS
add_player: SUCCESS
add_player: SUCCESS
add_player: SUCCESS
add_player: SUCCESS
add_player: SUCCESS
add_player: SUCCESS
add_player: SUCCESS
add_player: SUCCESS
add_player: SUCCESS
add_player: SUCCESS
add_player: SUCCESS
add_player: SUCCESS
add_player: SUCCESS
add_player: SUCCESS
add_player: SUCCESS
add_player: SUCCESS
add_player: SUCCESS
add_player: SUCCESS
add_player: SUCCESS
add_player: SUCCESS
add_player: SUCCESS
add_player: SUCCESS
add_player: SUCCESS
add_player: SUCCESS
add_player: SUCCESS
add_player: SUCCESS
add_player: SUCCESS
add_player: SUCCESS
add_player: SUCCESS
add_player: SUCCESS
add_player: SUCCESS
add_player: SUCCESS
add_player: SUCCESS
add_player: SUCCESS
add_player: SUCCESS
add_player: SUCCESS
add_player: SUCCESS
add_player: SUCCESS
add_player: SUCCESS
add_player: SUCCESS
add_player: SUCCESS
add_player: SUCCESS
add_player: SUCCESS
add_player: SUCCESS
add_player: SUCCESS
add_player: SUCCESS
add_player: SUCCESS
add_player: SUCCESS
add_player: SUCCESS
add_player: SUCCESS
add_player: SUCCESS
add_player: SUCCESS
add_player: SUCCESS
add_player: SUCCESS
add_player: SUCCESS
add_player: SUCCESS
add_player: SUCCESS
add_player: SUCCESS
add_player: SUCCESS
add_player: SUCCESS
add_player: SUCCESS
add_player: SUCCESS
add_player: SUCCESS
add_player: SUCCESS
add_player: SUCCESS
add_player: SUCCESS
add_player: SUCCESS
add_player: SUCCESS
add_player: SUCCESS
add_player: SUCCESS
add_player: SUCCESS
add_player: SUCCESS
add_player: SUCCESS
add_player: SUCCESS
add_player: SUCCESS
add_player: SUCCESS
add_player: SUCCESS
add_player: SUCCESS
add_player: SUCCESS
add_player: SUCCESS
add_player: SUCCESS
add_player: SUCCESS
add_player: SUCCESS
add_player: SUCCESS
add_player: SUCCESS
add_player: SUCCESS
add_player: SUCCESS
add_player: SUCCESS
add_player: SUCCESS
add_player: SUCCESS
add_player: SUCCESS
add_player: SUCCESS
add_player: SUCCESS
add_player: SUCCESS
add_player: SUCCESS
add_player: SUCCESS
add_player: SUCCESS
add_player: SUCCESS
add_player: SUCCESS
add_player: SUCCESS
add_player: SUCCESS
add_player: SUCCESS
add_player: SUCCESS
add_player: SUCCESS
add_player: SUCCESS
add_player: SUCCESS
add_player: SUCCESS
add_player: SUCCESS
add_player: SUCCESS
add_player: SUCCESS
add_player: SUCCESS
add_player: SUCCESS
add_player: SUCCESS
add_player: SUCCESS
add_player: SUCCESS
add_player: SUCCESS
add_player: SUCCESS
add_player: SUCCESS
add_player: SUCCESS
add_player: SUCCESS
add_player: SUCCESS
add_player: SUCCESS
add_player: SUCCESS
add_player: SUCCESS
add_player: SUCCESS
add_player: SUCCESS
add_player: SUCCESS
add_player: SUCCESS
add_player: SUCCESS
add_player: SUCCESS
add_player: SUCCESS
add_player: SUCCESS
add_player: SUCCESS
add_player: SUCCESS
add_player: SUCCESS
add_player: SUCCESS
add_player: SUCCESS
add_player: SUCCESS
add_player: SUCCESS
add_player: SUCCESS
add_player: SUCCESS
add_player: SUCCESS
add_player: SUCCESS
add_player: SUCCESS
add_player: SUCCESS
add_player: SUCCESS
add_player: SUCCESS
add_player: SUCCESS
add_player: SUCCESS
add_player: SUCCESS
add_player: SUCCESS
add_player: SUCCESS
add_player: SUCCESS
add_player: SUCCESS
add_player: SUCCESS
add_player: SUCCESS
add_player: SUCCESS
add_player: SUCCESS
add_player: SUCCESS
add_player: SUCCESS
add_player: SUCCESS
add_player: SUCCESS
add_player: SUCCESS
add_player: SUCCESS
add_player: SUCCESS
add_player: SUCCESS
add_player: SUCCESS
add_player: SUCCESS
add_player: SUCCESS
add_player: SUCCESS
add_player: SUCCESS
add_player: SUCCESS
add_player: SUCCESS
add_player: SUCCESS
add_player: SUCCESS
add_player: SUCCESS
add_player: SUCCESS
add_player: SUCCESS
add_player: SUCCESS
add_player: SUCCESS
add_player: SUCCESS
add_player: SUCCESS
add_player: SUCCESS
add_player: SUCCESS
get_all_players: SUCCESS
13
112
54
71
unite_teams: SUCCESS
get_num_played_games: SUCCESS, 8416
get_all_players_count: SUCCESS, 10
remove_player: SUCCESS
add_player: FAILURE
unite_teams: FAILURE
add_team: FAILURE
remove_player: SUCCESS
play_match: FAILURE
remove_team: FAILURE
get_team_points: SUCCESS, 6
remove_team: FAILURE
remove_player: SUCCESS
remove_team: FAILURE
get_all_players: SUCCESS
47
133
157
183
176
190
56
181
158
remove_team: FAILURE
get_all_players_count: SUCCESS, 6
get_all_players_count: SUCCESS, 13
get_all_players: SUCCESS
171
1
130
143
21
105
94
132
38
remove_player: SUCCESS
remove_team: FAILURE
remove_team: FAILURE
get_all_players_count: SUCCESS, 13
get_team_points: SUCCESS, 7517
update_player_stats: SUCCESS
knockout_winner: SUCCESS, 8
knockout_winner: SUCCESS, 8
knockout_winner: SUCCESS, 5
knockout_winner: SUCCESS, 15
knockout_winner: INVALID_INPUT
update_player_stats: SUCCESS
get_num_played_games: SUCCESS, 3449
get_team_points: SUCCESS, 1872
get_all_players: SUCCESS
15
152
124
108
40
188
97
165
62
33
82
get_closest_player: SUCCESS, 140
add_team: FAILURE
get_num_played_games: SUCCESS, 4983
get_team_points: SUCCESS, 891
get_top_scorer: SUCCESS, 76
knockout_winner: INVALID_INPUT
knockout_winner: INVALID_INPUT
knockout_winner: INVALID_INPUT
knockout_winner: INVALID_INPUT
knockout_winner: INVALID_INPUT
add_player: FAILURE
add_team: FAILURE
remove_team: FAILURE
unite_teams: FAILURE
remove_player: SUCCESS
add_team: FAILURE
get_closest_player: SUCCESS, 39
get_all_players: SUCCESS
135
123
8
46
151
118
unite_teams: FAILURE
get_closest_player: SUCCESS, 86
get_top_scorer: SUCCESS, 122
get_all_players_count: SUCCESS, 8
remove_team: FAILURE
get_top_scorer: SUCCESS, 76
add_player: FAILURE
add_player: FAILURE
get_closest_player: SUCCESS, 123
add_team: FAILURE
get_num_played_games: SUCCESS, 9708
get_top_scorer: SUCCESS, 24
add_team: FAILURE
get_all_players_count: SUCCESS, 6
get_all_players_count: SUCCESS, 8
get_all_players: SUCCESS
135
123
8
46
151
118
remove_team: FAILURE
get_team_points: SUCCESS, 3440
play_match: FAILURE
get_top_scorer: SUCCESS, 159
get_top_scorer: SUCCESS, 159
get_closest_player: SUCCESS, 124
get_top_scorer: SUCCESS, 118
get_team_points: SUCCESS, 3440
remove_player: SUCCESS
get_all_players: SUCCESS
47
133
157
183
176
181
158
56
get_top_scorer: SUCCESS, 142
update_player_stats: SUCCESS
get_all_players: SUCCESS
167
196
184
166
200
57
129
154
27
128
98
14
84
110
92
get_closest_player: SUCCESS, 130
get_top_scorer: SUCCESS, 159
add_team: FAILURE
get_all_players: SUCCESS
167
196
184
166
200
57
129
154
27
128
98
14
84
110
92
unite_teams: FAILURE
add_team: FAILURE
get_all_players: SUCCESS
47
133
157
183
176
181
158
56
knockout_winner: SUCCESS, 15
knockout_winner: SUCCESS, 15
knockout_winner: SUCCESS, 10
knockout_winner: FAILURE
knockout_winner: INVALID_INPUT
remove_player: SUCCESS
get_top_scorer: SUCCESS, 38
play_match: SUCCESS
get_all_players_count: SUCCESS, 5
get_closest_player: SUCCESS, 85
knockout_winner: SUCCESS, 8
knockout_winner: SUCCESS, 8
knockout_winner: SUCCESS, 8
knockout_winner: SUCCESS, 15
knockout_winner: SUCCESS, 10
get_num_played_games: SUCCESS, 4398
get_closest_player: SUCCESS, 66
play_match: FAILURE
remove_team: FAILURE
remove_player: SUCCESS
get_all_players_count: SUCCESS, 12
get_top_scorer: SUCCESS, 24
get_all_players: SUCCESS
60
17
147
111
unite_teams: FAILURE
remove_team: FAILURE
get_num_played_games: SUCCESS, 3442
get_all_players_count: SUCCESS, 26
unite_teams: FAILURE
knockout_winner: SUCCESS, 8
knockout_winner: INVALID_INPUT
knockout_winner: INVALID_INPUT
knockout_winner: SUCCESS, 8
knockout_winner: INVALID_INPUT
play_match: SUCCESS
add_team: FAILURE
update_player_stats: SUCCESS
knockout_winner: SUCCESS, 15
knockout_winner: SUCCESS, 15
knockout_winner: SUCCESS, 10
knockout_winner: FAILURE
knockout_winner: INVALID_INPUT
get_top_scorer: SUCCESS, 56
remove_player: SUCCESS
get_closest_player: SUCCESS, 85
get_all_players_count: SUCCESS, 4
unite_teams: FAILURE
remove_player: SUCCESS
get_closest_player: SUCCESS, 154
get_closest_player: SUCCESS, 104
update_player_stats: SUCCESS
remove_player: SUCCESS
remove_player: SUCCESS
add_team: FAILURE
remove_team: FAILURE
play_match: FAILURE
update_player_stats: SUCCESS
get_all_players: SUCCESS
41
191
29
156
74
174
119
52
146
199
76
get_closest_player: SUCCESS, 117
get_num_played_games: SUCCESS, 10446
add_player: FAILURE
play_match: SUCCESS
get_num_played_games: SUCCESS, 3248
unite_teams: FAILURE
remove_player: SUCCESS
update_player_stats: SUCCESS
get_all_players_count: SUCCESS, 8
get_top_scorer: SUCCESS, 61
update_player_stats: SUCCESS
get_closest_player: SUCCESS, 146
get_num_played_games: SUCCESS, 10720
knockout_winner: SUCCESS, 5
knockout_winner: INVALID_INPUT
knockout_winner: INVALID_INPUT
knockout_winner: SUCCESS, 10
knockout_winner: INVALID_INPUT
add_player: FAILURE
get_closest_player: SUCCESS, 107
get_num_played_games: SUCCESS, 11739
update_player_stats: SUCCESS
get_top_scorer: SUCCESS, 56
add_player: FAILURE
get_top_scorer: SUCCESS, 76
knockout_winner: INVALID_INPUT
knockout_winner: SUCCESS, 8
knockout_winner: INVALID_INPUT
knockout_winner: INVALID_INPUT
knockout_winner: INVALID_INPUT
update_player_stats: SUCCESS
remove_team: FAILURE
add_player: FAILURE
play_match: FAILURE
add_player: FAILURE
add_team: FAILURE
get_top_scorer: SUCCESS, 82
get_team_points: SUCCESS, 6420
get_closest_player: SUCCESS, 30
get_closest_player: SUCCESS, 80
update_player_stats: SUCCESS
knockout_winner: FAILURE
knockout_winner: SUCCESS, 8
knockout_winner: SUCCESS, 8
knockout_winner: FAILURE
knockout_winner: INVALID_INPUT
get_closest_player: SUCCESS, 66
get_num_played_games: SUCCESS, 10406
add_player: FAILURE
update_player_stats: SUCCESS
add_player: FAILURE
unite_teams: FAILURE
remove_team: FAILURE
add_team: FAILURE
add_team: FAILURE
get_all_players_count: SUCCESS, 14
get_top_scorer: SUCCESS, 159
play_match: FAILURE
get_all_players: SUCCESS
17
147
111
60
update_player_stats: SUCCESS
add_team: FAILURE
knockout_winner: SUCCESS, 5
knockout_winner: INVALID_INPUT
knockout_winner: INVALID_INPUT
knockout_winner: SUCCESS, 8
knockout_winner: INVALID_INPUT
add_player: FAILURE
unite_teams: FAILURE
add_player: FAILURE
knockout_winner: SUCCESS, 15
knockout_winner: SUCCESS, 8
knockout_winner: SUCCESS, 8
knockout_winner: FAILURE
knockout_winner: INVALID_INPUT
add_team: FAILURE
get_all_players: SUCCESS
96
150
195
91
198
73
5
36
144
79
55
142
get_num_played_games: SUCCESS, 1438
get_team_points: SUCCESS, 8773
get_all_players_count: SUCCESS, 6
play_match: FAILURE
update_player_stats: SUCCESS
add_player: FAILURE
get_all_players_count: SUCCESS, 4
get_closest_player: SUCCESS, 11
get_num_played_games: SUCCESS, 7242
play_match: FAILURE
get_num_played_games: SUCCESS, 4692
update_player_stats: SUCCESS
get_all_players_count: SUCCESS, 11
unite_teams: FAILURE
knockout_winner: FAILURE
knockout_winner: SUCCESS, 15
knockout_winner: SUCCESS, 15
knockout_winner: FAILURE
knockout_winner: INVALID_INPUT
get_all_players: SUCCESS
193
134
141
2
95
159
get_closest_player: SUCCESS, 146
get_top_scorer: SUCCESS, 175
unite_teams: FAILURE
remove_team: FAILURE
get_top_scorer: SUCCESS, 60
get_team_points: SUCCESS, 11181
add_player: FAILURE
remove_team: FAILURE
remove_team: FAILURE
get_closest_player: SUCCESS, 70
remove_team: FAILURE
remove_team: FAILURE
knockout_winner: FAILURE
knockout_winner: SUCCESS, 15
knockout_winner: FAILURE
knockout_winner: FAILURE
knockout_winner: INVALID_INPUT
add_player: FAILURE
get_num_played_games: SUCCESS, 1420
add_player: FAILURE
play_match: FAILURE
add_team: FAILURE
update_player_stats: SUCCESS
get_num_played_games: SUCCESS, 5250
get_team_points: SUCCESS, 1875
get_all_players_count: SUCCESS, 5
add_player: FAILURE
add_team: FAILURE
add_team: FAILURE
add_team: FAILURE
get_all_players_count: SUCCESS, 6
get_num_played_games: SUCCESS, 2750
remove_player: SUCCESS
get_team_points: SUCCESS, 3679
knockout_winner: INVALID_INPUT
knockout_winner: SUCCESS, 11
knockout_winner: INVALID_INPUT
knockout_winner: INVALID_INPUT
knockout_winner: INVALID_INPUT
add_team: FAILURE
remove_player: SUCCESS
knockout_winner: SUCCESS, 8
knockout_winner: INVALID_INPUT
knockout_winner: INVALID_INPUT
knockout_winner: SUCCESS, 8
knockout_winner: SUCCESS, 8
get_all_players_count: SUCCESS, 23
unite_teams: FAILURE
unite_teams: FAILURE
remove_player: SUCCESS
unite_teams: FAILURE
get_all_players: SUCCESS
25
117
44
26
16
20
28
get_top_scorer: SUCCESS, 118
update_player_stats: SUCCESS
get_all_players: SUCCESS
104
31
197
109
100
137
122
unite_teams: FAILURE
update_player_stats: SUCCESS
update_player_stats: SUCCESS
knockout_winner: SUCCESS, 15
knockout_winner: SUCCESS, 8
knockout_winner: SUCCESS, 8
knockout_winner: FAILURE
knockout_winner: INVALID_INPUT
get_team_points: SUCCESS, 11172
remove_team: FAILURE
update_player_stats: SUCCESS
get_all_players_count: SUCCESS, 9
get_closest_player: SUCCESS, 18
knockout_winner: SUCCESS, 8
knockout_winner: SUCCESS, 8
knockout_winner: SUCCESS, 8
knockout_winner: SUCCESS, 15
knockout_winner: INVALID_INPUT
get_all_players: SUCCESS
6
37
101
67
138
78
42
114
140
107
103
175
update_player_stats: SUCCESS
add_team: FAILURE
remove_player: SUCCESS
add_team: FAILURE
get_num_played_games: SUCCESS, 4208
get_all_players: SUCCESS
150
195
91
198
73
5
36
144
79
55
142
96
get_all_players_count: SUCCESS, 12
get_num_played_games: SUCCESS, 7321
add_team: FAILURE
get_team_points: SUCCESS, 3310
remove_player: SUCCESS
play_match: FAILURE
get_top_scorer: SUCCESS, 82
get_team_points: SUCCESS, 3251
get_all_players_count: SUCCESS, 11
remove_team: FAILURE
add_player: FAILURE
get_closest_player: SUCCESS, 4
remove_team: FAILURE
add_player: FAILURE
get_top_scorer: SUCCESS, 65
play_match: FAILURE
play_match: FAILURE
remove_team: FAILURE
play_match: FAILURE
remove_team: FAILURE
get_team_points: SUCCESS, 3679
knockout_winner: SUCCESS, 8
knockout_winner: SUCCESS, 8
knockout_winner: SUCCESS, 8
knockout_winner: SUCCESS, 15
knockout_winner: SUCCESS, 11
remove_player: SUCCESS
remove_team: FAILURE
get_all_players_count: SUCCESS, 13
get_all_players: SUCCESS
17
147
111
60
get_closest_player: SUCCESS, 171
get_closest_player: SUCCESS, 111
get_top_scorer: SUCCESS, 18
add_player: FAILURE
update_player_stats: SUCCESS
get_num_played_games: SUCCESS, 1493
knockout_winner: SUCCESS, 15
knockout_winner: SUCCESS, 15
knockout_winner: SUCCESS, 15
knockout_winner: FAILURE
knockout_winner: INVALID_INPUT
add_team: FAILURE
knockout_winner: SUCCESS, 5
knockout_winner: SUCCESS, 8
knockout_winner: SUCCESS, 1
knockout_winner: SUCCESS, 10
knockout_winner: INVALID_INPUT
get_top_scorer: SUCCESS, 38
add_player: FAILURE
add_team: FAILURE
get_all_players_count: SUCCESS, 8
remove_team: FAILURE
get_all_players: SUCCESS
167
184
166
200
129
154
27
128
98
14
84
110
92
get_closest_player: SUCCESS, 143
get_num_played_games: SUCCESS, 10016
get_closest_player: SUCCESS, 180
get_all_players_count: SUCCESS, 9
update_player_stats: SUCCESS
play_match: SUCCESS
update_player_stats: SUCCESS
unite_teams: SUCCESS
remove_team: FAILURE
remove_player: SUCCESS
unite_teams: FAILURE
get_top_scorer: SUCCESS, 82
get_all_players_count: SUCCESS, 13
knockout_winner: SUCCESS, 8
knockout_winner: SUCCESS, 8
knockout_winner: SUCCESS, 8
knockout_winner: SUCCESS, 15
knockout_winner: SUCCESS, 11
update_player_stats: SUCCESS
update_player_stats: SUCCESS
remove_player: SUCCESS
get_all_players_count: SUCCESS, 8
get_all_players: SUCCESS
152
108
40
188
124
15
165
62
33
82
get_num_played_games: SUCCESS, 2112
update_player_stats: SUCCESS
add_player: FAILURE
play_match: FAILURE
get_team_points: SUCCESS, 346
unite_teams: FAILURE
update_player_stats: SUCCESS
play_match: INVALID_INPUT
get_team_points: SUCCESS, 3505
knockout_winner: INVALID_INPUT
knockout_winner: SUCCESS, 8
knockout_winner: INVALID_INPUT
knockout_winner: INVALID_INPUT
knockout_winner: INVALID_INPUT
get_num_played_games: SUCCESS, 2244
play_match: FAILURE
get_top_scorer: SUCCESS, 28
get_team_points: SUCCESS, 11172
play_match: FAILURE
unite_teams: FAILURE
get_all_players_count: SUCCESS, 9
add_player: FAILURE
play_match: FAILURE
unite_teams: FAILURE
remove_team: FAILURE
get_num_played_games: SUCCESS, 6415
update_player_stats: SUCCESS
unite_teams: SUCCESS
knockout_winner: INVALID_INPUT
knockout_winner: SUCCESS, 8
knockout_winner: INVALID_INPUT
knockout_winner: INVALID_INPUT
knockout_winner: INVALID_INPUT
get_all_players: SUCCESS
152
108
40
188
124
15
165
62
33
82
remove_player: SUCCESS
get_num_played_games: SUCCESS, 12082
unite_teams: FAILURE
unite_teams: SUCCESS
get_team_points: SUCCESS, 1878
add_team: FAILURE
add_player: FAILURE
get_team_points: SUCCESS, 8663
add_team: FAILURE
update_player_stats: SUCCESS
get_closest_player: SUCCESS, 183
get_num_played_games: SUCCESS, 1420
get_all_players: SUCCESS
152
108
40
188
124
15
165
62
33
82
play_match: FAILURE
knockout_winner: FAILURE
knockout_winner: SUCCESS, 15
knockout_winner: FAILURE
knockout_winner: FAILURE
knockout_winner: INVALID_INPUT
get_closest_player: SUCCESS, 52
get_all_players: SUCCESS
25
117
44
26
16
20
28
update_player_stats: SUCCESS
unite_teams: FAILURE
get_num_played_games: SUCCESS, 7242
add_player: FAILURE
update_player_stats: SUCCESS
add_player: FAILURE
unite_teams: FAILURE
knockout_winner: INVALID_INPUT
knockout_winner: SUCCESS, 11
knockout_winner: INVALID_INPUT
knockout_winner: INVALID_INPUT
knockout_winner: INVALID_INPUT
get_closest_player: SUCCESS, 149
get_top_scorer: SUCCESS, 24
add_player: FAILURE
remove_player: SUCCESS
get_num_played_games: SUCCESS, 5196
add_player: FAILURE
add_player: FAILURE
get_team_points: SUCCESS, 3505
play_match: FAILURE
get_team_points: SUCCESS, 3597
add_player: FAILURE
knockout_winner: FAILURE
knockout_winner: SUCCESS, 15
knockout_winner: SUCCESS, 15
knockout_winner: FAILURE
knockout_winner: INVALID_INPUT
add_player: FAILURE
knockout_winner: INVALID_INPUT
knockout_winner: INVALID_INPUT
knockout_winner: INVALID_INPUT
knockout_winner: INVALID_INPUT
knockout_winner: INVALID_INPUT
remove_player: SUCCESS
remove_player: SUCCESS
add_team: FAILURE
knockout_winner: INVALID_INPUT
knockout_winner: SUCCESS, 8
knockout_winner: INVALID_INPUT
knockout_winner: INVALID_INPUT
knockout_winner: INVALID_INPUT
get_all_players_count: SUCCESS, 17
remove_player: SUCCESS
remove_team: FAILURE
get_all_players_count: SUCCESS, 8
unite_teams: FAILURE
update_player_stats: SUCCESS
knockout_winner: SUCCESS, 8
knockout_winner: INVALID_INPUT
knockout_winner: INVALID_INPUT
knockout_winner: SUCCESS, 8
knockout_winner: SUCCESS, 8
get_all_players_count: SUCCESS, 18
get_closest_player: SUCCESS, 81
remove_team: FAILURE
get_closest_player: SUCCESS, 21
remove_player: SUCCESS
get_closest_player: SUCCESS, 96
add_team: FAILURE
knockout_winner: INVALID_INPUT
knockout_winner: FAILURE
knockout_winner: INVALID_INPUT
knockout_winner: INVALID_INPUT
knockout_winner: INVALID_INPUT
play_match: FAILURE
play_match: FAILURE
update_player_stats: SUCCESS
remove_team: FAILURE
remove_player: SUCCESS
get_all_players: SUCCESS
25
44
26
16
20
28
get_num_played_games: SUCCESS, 2752
get_closest_player: SUCCESS, 41
get_top_scorer: SUCCESS, 82
add_player: FAILURE
knockout_winner: FAILURE
knockout_winner: SUCCESS, 15
knockout_winner: SUCCESS, 11
knockout_winner: FAILURE
knockout_winner: INVALID_INPUT
knockout_winner: SUCCESS, 8
knockout_winner: INVALID_INPUT
knockout_winner: INVALID_INPUT
knockout_winner: SUCCESS, 8
knockout_winner: SUCCESS, 8
add_team: FAILURE
play_match: FAILURE
get_team_points: SUCCESS, 1878
unite_teams: FAILURE
add_player: FAILURE
get_all_players_count: SUCCESS, 23
get_all_players: SUCCESS
139
153
59
64
169
13
192
180
66
9
45
54
80
71
34
113
35
10
99
115
112
83
11
add_team: FAILURE
get_top_scorer: SUCCESS, 38
get_team_points: SUCCESS, 3597
update_player_stats: SUCCESS
knockout_winner: SUCCESS, 4
knockout_winner: INVALID_INPUT
knockout_winner: INVALID_INPUT
knockout_winner: SUCCESS, 8
knockout_winner: INVALID_INPUT
play_match: FAILURE
unite_teams: FAILURE
update_player_stats: SUCCESS
remove_player: SUCCESS
get_all_players: SUCCESS
171
1
130
143
21
105
94
132
38
add_player: FAILURE
remove_player: SUCCESS
unite_teams: FAILURE
play_match: INVALID_INPUT
get_top_scorer: SUCCESS, 20
unite_teams: FAILURE
get_all_players_count: SUCCESS, 18
get_team_points: SUCCESS, 8069
knockout_winner: INVALID_INPUT
knockout_winner: SUCCESS, 8
knockout_winner: INVALID_INPUT
knockout_winner: INVALID_INPUT
knockout_winner: INVALID_INPUT
knockout_winner: SUCCESS, 8
knockout_winner: SUCCESS, 8
knockout_winner: SUCCESS, 4
knockout_winner: SUCCESS, 15
knockout_winner: INVALID_INPUT
add_team: FAILURE
get_num_played_games: SUCCESS, 4912
add_team: FAILURE
get_all_players_count: SUCCESS, 5
remove_team: FAILURE
unite_teams: FAILURE
play_match: FAILURE
play_match: SUCCESS
unite_teams: FAILURE
get_closest_player: SUCCESS, 165
get_team_points: SUCCESS, 3511
knockout_winner: SUCCESS, 8
knockout_winner: SUCCESS, 8
knockout_winner: FAILURE
knockout_winner: FAILURE
knockout_winner: INVALID_INPUT
unite_teams: FAILURE
add_team: FAILURE
get_all_players_count: SUCCESS, 5
unite_teams: FAILURE
get_team_points: SUCCESS, 1878
get_closest_player: SUCCESS, 59
knockout_winner: SUCCESS, 11
knockout_winner: SUCCESS, 8
knockout_winner: FAILURE
knockout_winner: FAILURE
knockout_winner: INVALID_INPUT
get_all_players: SUCCESS
125
161
178
30
22
7
49
162
unite_teams: FAILURE
remove_player: SUCCESS
get_top_scorer: SUCCESS, 18
get_all_players_count: SUCCESS, 11
remove_player: SUCCESS
get_num_played_games: SUCCESS, 5196
get_top_scorer: SUCCESS, 65
unite_teams: FAILURE
get_team_points: SUCCESS, 6
add_team: FAILURE
get_all_players: SUCCESS
163
170
89
39
136
182
127
58
149
61
32
126
get_team_points: SUCCESS, 12637
knockout_winner: SUCCESS, 8
knockout_winner: SUCCESS, 8
knockout_winner: SUCCESS, 8
knockout_winner: SUCCESS, 15
knockout_winner: INVALID_INPUT
play_match: FAILURE
knockout_winner: SUCCESS, 8
knockout_winner: INVALID_INPUT
knockout_winner: INVALID_INPUT
knockout_winner: SUCCESS, 8
knockout_winner: FAILURE
unite_teams: SUCCESS
add_player: FAILURE
knockout_winner: SUCCESS, 8
knockout_winner: SUCCESS, 8
knockout_winner: SUCCESS, 8
knockout_winner: SUCCESS, 15
knockout_winner: INVALID_INPUT
update_player_stats: SUCCESS
unite_teams: FAILURE
update_player_stats: SUCCESS
get_all_players_count: SUCCESS, 7
knockout_winner: SUCCESS, 4
knockout_winner: INVALID_INPUT
knockout_winner: INVALID_INPUT
knockout_winner: SUCCESS, 8
knockout_winner: INVALID_INPUT
remove_player: SUCCESS
unite_teams: INVALID_INPUT
get_team_points: SUCCESS, 3600
add_team: FAILURE
get_top_scorer: SUCCESS, 159
knockout_winner: SUCCESS, 8
knockout_winner: SUCCESS, 8
knockout_winner: FAILURE
knockout_winner: FAILURE
knockout_winner: INVALID_INPUT
get_top_scorer: SUCCESS, 92
get_team_points: SUCCESS, 7517
unite_teams: FAILURE
add_team: FAILURE
update_player_stats: SUCCESS
get_num_played_games: SUCCESS, 927
knockout_winner: FAILURE
knockout_winner: SUCCESS, 15
knockout_winner: FAILURE
knockout_winner: FAILURE
knockout_winner: INVALID_INPUT
remove_team: FAILURE
play_match: FAILURE
remove_player: SUCCESS
update_player_stats: SUCCESS
update_player_stats: SUCCESS
get_team_points: SUCCESS, 1878
update_player_stats: SUCCESS
update_player_stats: SUCCESS
add_player: FAILURE
get_all_players: SUCCESS
167
184
166
200
129
154
128
14
84
147
110
111
98
60
92
update_player_stats: SUCCESS
get_closest_player: SUCCESS, 103
knockout_winner: SUCCESS, 14
knockout_winner: SUCCESS, 8
knockout_winner: SUCCESS, 8
knockout_winner: FAILURE
knockout_winner: INVALID_INPUT
get_all_players: SUCCESS
125
161
178
30
22
7
49
162
unite_teams: FAILURE
get_all_players: SUCCESS
139
153
59
64
169
13
192
180
66
9
45
54
80
71
34
35
10
115
112
83
99
113
11
play_match: FAILURE
play_match: FAILURE
get_top_scorer: SUCCESS, 92
add_team: FAILURE
update_player_stats: SUCCESS
update_player_stats: SUCCESS
get_team_points: SUCCESS, 6
remove_team: FAILURE
update_player_stats: SUCCESS
get_team_points: SUCCESS, 8773
add_team: FAILURE
remove_player: SUCCESS
get_all_players_count: SUCCESS, 5
get_top_scorer: SUCCESS, 95
get_top_scorer: SUCCESS, 119
get_num_played_games: SUCCESS, 4520
get_closest_player: SUCCESS, 107
remove_team: FAILURE
update_player_stats: SUCCESS
get_team_points: SUCCESS, 7517
remove_team: FAILURE
add_player: FAILURE
remove_team: FAILURE
remove_player: SUCCESS
get_closest_player: SUCCESS, 55
get_all_players_count: SUCCESS, 8
update_player_stats: SUCCESS
remove_player: SUCCESS
knockout_winner: INVALID_INPUT
knockout_winner: SUCCESS, 8
knockout_winner: INVALID_INPUT
knockout_winner: INVALID_INPUT
knockout_winner: INVALID_INPUT
remove_player: SUCCESS
unite_teams: FAILURE
get_all_players: SUCCESS
163
170
89
136
182
127
58
149
61
32
39
126
knockout_winner: FAILURE
knockout_winner: SUCCESS, 15
knockout_winner: SUCCESS, 11
knockout_winner: FAILURE
knockout_winner: INVALID_INPUT
update_player_stats: SUCCESS
remove_team: FAILURE
get_all_players_count: SUCCESS, 8
add_player: FAILURE
knockout_winner: INVALID_INPUT
knockout_winner: SUCCESS, 8
knockout_winner: INVALID_INPUT
knockout_winner: INVALID_INPUT
knockout_winner: INVALID_INPUT
play_match: SUCCESS
get_all_players_count: SUCCESS, 15
get_team_points: SUCCESS, 6
get_num_played_games: SUCCESS, 10174
remove_player: SUCCESS
play_match: FAILURE
add_team: FAILURE
play_match: INVALID_INPUT
update_player_stats: SUCCESS
add_team: FAILURE
get_all_players_count: SUCCESS, 27
get_team_points: SUCCESS, 302
play_match: FAILURE
get_all_players: SUCCESS
139
153
59
64
169
13
192
180
66
9
45
54
80
71
34
10
115
112
83
99
113
get_top_scorer: SUCCESS, 113
knockout_winner: SUCCESS, 4
knockout_winner: INVALID_INPUT
knockout_winner: INVALID_INPUT
knockout_winner: SUCCESS, 8
knockout_winner: INVALID_INPUT
add_team: FAILURE
get_all_players: SUCCESS
152
88
108
164
120
19
81
85
155
188
123
8
189
124
46
151
72
15
165
118
62
86
33
135
82
18
40
get_all_players: SUCCESS
47
133
157
183
176
181
get_closest_player: SUCCESS, 19
get_top_scorer: SUCCESS, 95
knockout_winner: SUCCESS, 15
knockout_winner: SUCCESS, 15
knockout_winner: SUCCESS, 8
knockout_winner: FAILURE
knockout_winner: INVALID_INPUT
get_closest_player: SUCCESS, 83
add_team: FAILURE
get_team_points: SUCCESS, 12640
add_team: FAILURE
unite_teams: FAILURE
remove_player: SUCCESS
get_num_played_games: SUCCESS, 20232
get_all_players: SUCCESS
104
31
198
5
197
36
109
150
144
55
100
142
96
91
79
73
get_all_players: SUCCESS
139
153
59
64
169
13
192
180
66
9
45
54
80
71
34
10
115
112
83
99
113
update_player_stats: SUCCESS
remove_team: FAILURE
remove_team: FAILURE
get_team_points: SUCCESS, 1878
update_player_stats: SUCCESS
update_player_stats: SUCCESS
get_team_points: SUCCESS, 3600
play_match: INVALID_INPUT
update_player_stats: SUCCESS
get_closest_player: SUCCESS, 86
unite_teams: FAILURE
get_all_players_count: SUCCESS, 8
play_match: FAILURE
remove_team: FAILURE
unite_teams: FAILURE
remove_player: SUCCESS
get_team_points: SUCCESS, 6
remove_team: FAILURE
knockout_winner: SUCCESS, 8
knockout_winner: SUCCESS, 8
knockout_winner: SUCCESS, 8
knockout_winner: SUCCESS, 15
knockout_winner: INVALID_INPUT
unite_teams: FAILURE
get_closest_player: SUCCESS, 154
get_closest_player: SUCCESS, 36
update_player_stats: SUCCESS
get_team_points: SUCCESS, 8069
get_num_played_games: SUCCESS, 10243
add_player: FAILURE
add_player: FAILURE
play_match: FAILURE
add_team: FAILURE
add_player: FAILURE
remove_player: SUCCESS
add_player: FAILURE
get_all_players_count: SUCCESS, 12
get_team_points: SUCCESS, 11181
get_top_scorer: SUCCESS, 142
add_team: FAILURE
get_closest_player: SUCCESS, 78
play_match: FAILURE
get_closest_player: SUCCESS, 36
unite_teams: FAILURE
get_all_players: SUCCESS
193
2
159
95
unite_teams: FAILURE
get_all_players_count: SUCCESS, 6
get_all_players: SUCCESS
104
31
198
5
197
36
109
150
144
55
100
91
96
79
73
142
play_match: FAILURE
get_team_points: SUCCESS, 8069
get_all_players_count: SUCCESS, 14
get_all_players_count: SUCCESS, 6
remove_team: FAILURE
get_all_players: SUCCESS
163
89
170
136
182
127
58
149
61
32
39
126
remove_team: FAILURE
remove_player: SUCCESS
remove_team: FAILURE
unite_teams: SUCCESS
get_team_points: SUCCESS, 12640
get_num_played_games: SUCCESS, 8903
get_all_players_count: SUCCESS, 8
add_team: FAILURE
add_team: FAILURE
play_match: FAILURE
add_player: FAILURE
get_num_played_games: SUCCESS, 7795
add_player: FAILURE
play_match: FAILURE
get_all_players: SUCCESS
6
67
138
78
42
140
101
103
107
play_match: INVALID_INPUT
get_closest_player: SUCCESS, 105
remove_player: SUCCESS
remove_player: SUCCESS
knockout_winner: SUCCESS, 15
knockout_winner: SUCCESS, 15
knockout_winner: FAILURE
knockout_winner: FAILURE
knockout_winner: INVALID_INPUT
remove_team: FAILURE
remove_team: FAILURE
unite_teams: FAILURE
get_top_scorer: SUCCESS, 172
remove_team: FAILURE
get_team_points: SUCCESS, 8069
add_team: FAILURE
get_closest_player: SUCCESS, 140
play_match: FAILURE
add_player: FAILURE
get_team_points: SUCCESS, 891
knockout_winner: INVALID_INPUT
knockout_winner: INVALID_INPUT
knockout_winner: INVALID_INPUT
knockout_winner: INVALID_INPUT
knockout_winner: INVALID_INPUT
unite_teams: SUCCESS
remove_player: SUCCESS
add_team: FAILURE
get_num_played_games: SUCCESS, 2833
knockout_winner: INVALID_INPUT
knockout_winner: INVALID_INPUT
knockout_winner: INVALID_INPUT
knockout_winner: INVALID_INPUT
knockout_winner: INVALID_INPUT
get_all_players_count: SUCCESS, 20
remove_player: SUCCESS
play_match: FAILURE
unite_teams: FAILURE
play_match: FAILURE
get_num_played_games: SUCCESS, 3442
play_match: FAILURE
knockout_winner: FAILURE
knockout_winner: SUCCESS, 15
knockout_winner: SUCCESS, 15
knockout_winner: FAILURE
knockout_winner: INVALID_INPUT
add_team: FAILURE
remove_player: SUCCESS
get_top_scorer: SUCCESS, 65
add_team: FAILURE
remove_player: SUCCESS
get_team_points: SUCCESS, 3511
add_team: FAILURE
unite_teams: FAILURE
get_all_players: SUCCESS
163
89
104
31
198
170
197
136
36
182
109
150
144
127
58
55
100
149
61
32
91
96
39
79
73
142
126
get_closest_player: SUCCESS, 178
get_team_points: SUCCESS, 8075
get_all_players_count: SUCCESS, 9
get_all_players: SUCCESS
41
191
29
146
156
76
74
52
174
199
update_player_stats: SUCCESS
knockout_winner: FAILURE
knockout_winner: SUCCESS, 15
knockout_winner: FAILURE
knockout_winner: FAILURE
knockout_winner: INVALID_INPUT
add_team: FAILURE
get_all_players: SUCCESS
139
153
59
64
169
13
192
180
66
9
45
54
80
71
34
10
112
83
99
113
get_all_players_count: SUCCESS, 4
remove_player: SUCCESS
get_all_players_count: SUCCESS, 10
remove_team: FAILURE
add_player: FAILURE
get_closest_player: SUCCESS, 91
get_all_players: SUCCESS
167
184
166
200
129
154
128
14
84
147
111
60
92
add_team: FAILURE
play_match: FAILURE
remove_team: FAILURE
get_all_players: SUCCESS
70
148
171
1
143
21
102
105
94
93
38
172
get_all_players: SUCCESS
2
159
95
add_player: FAILURE
add_player: FAILURE
get_closest_player: SUCCESS, 148
get_top_scorer: SUCCESS, 65
play_match: FAILURE
get_all_players: SUCCESS
152
88
108
164
120
19
81
155
188
123
8
189
124
46
151
72
15
165
118
62
86
33
135
82
18
40
knockout_winner: SUCCESS, 15
knockout_winner: SUCCESS, 15
knockout_winner: FAILURE
knockout_winner: FAILURE
knockout_winner: INVALID_INPUT
get_closest_player: SUCCESS, 142
get_all_players: SUCCESS
25
44
26
16
28
unite_teams: FAILURE
update_player_stats: SUCCESS
get_closest_player: SUCCESS, 199
knockout_winner: SUCCESS, 15
knockout_winner: SUCCESS, 8
knockout_winner: SUCCESS, 8
knockout_winner: FAILURE
knockout_winner: INVALID_INPUT
play_match: INVALID_INPUT
play_match: FAILURE
remove_player: SUCCESS
get_num_played_games: SUCCESS, 10406
get_team_points: SUCCESS, 7517
get_all_players: SUCCESS
152
88
108
164
120
19
81
155
188
123
8
124
46
151
72
15
165
118
62
86
33
135
82
18
40
update_player_stats: SUCCESS
add_player: FAILURE
get_all_players_count: SUCCESS, 5
play_match: FAILURE
get_top_scorer: SUCCESS, 65
add_player: FAILURE
update_player_stats: SUCCESS
get_team_points: SUCCESS, 302
unite_teams: INVALID_INPUT
add_player: FAILURE
add_player: FAILURE
get_all_players_count: SUCCESS, 12
remove_team: FAILURE
update_player_stats: SUCCESS
play_match: FAILURE
update_player_stats: SUCCESS
unite_teams: FAILURE
remove_player: SUCCESS
get_all_players_count: SUCCESS, 3
play_match: FAILURE
update_player_stats: SUCCESS
get_num_played_games: SUCCESS, 7598
get_all_players_count: SUCCESS, 4
unite_teams: SUCCESS
remove_player: SUCCESS
get_top_scorer: SUCCESS, 95
remove_team: FAILURE
update_player_stats: SUCCESS
get_all_players_count: SUCCESS, 5
get_closest_player: SUCCESS, 174
add_player: FAILURE
play_match: SUCCESS
get_closest_player: SUCCESS, 157
remove_player: SUCCESS
remove_player: SUCCESS
add_team: FAILURE
remove_team: FAILURE
remove_team: FAILURE
add_team: FAILURE
get_top_scorer: SUCCESS, 92
remove_team: FAILURE
get_num_played_games: SUCCESS, 10970
play_match: FAILURE
add_team: FAILURE
get_num_played_games: SUCCESS, 10844
remove_team: FAILURE
remove_team: FAILURE
get_closest_player: SUCCESS, 178
get_team_points: SUCCESS, 8075
knockout_winner: SUCCESS, 14
knockout_winner: SUCCESS, 8
knockout_winner: SUCCESS, 8
knockout_winner: FAILURE
knockout_winner: INVALID_INPUT
knockout_winner: SUCCESS, 14
knockout_winner: SUCCESS, 8
knockout_winner: SUCCESS, 8
knockout_winner: FAILURE
knockout_winner: INVALID_INPUT
unite_teams: FAILURE
remove_player: SUCCESS
add_player: FAILURE
add_team: FAILURE
add_team: FAILURE
unite_teams: FAILURE
update_player_stats: SUCCESS
add_team: FAILURE
get_top_scorer: SUCCESS, 199
play_match: FAILURE
get_all_players_count: SUCCESS, 36
add_player: FAILURE
get_team_points: SUCCESS, 18295
play_match: FAILURE
remove_team: FAILURE
update_player_stats: SUCCESS
get_team_points: SUCCESS, 302
update_player_stats: SUCCESS
knockout_winner: SUCCESS, 8
knockout_winner: SUCCESS, 8
knockout_winner: FAILURE
knockout_winner: FAILURE
knockout_winner: INVALID_INPUT
update_player_stats: SUCCESS
get_top_scorer: SUCCESS, 65
add_player: FAILURE
update_player_stats: SUCCESS
remove_team: FAILURE
play_match: SUCCESS
get_all_players: SUCCESS
167
184
200
129
154
128
14
147
111
60
84
92
remove_player: SUCCESS
get_all_players: SUCCESS
153
59
64
169
13
192
180
66
9
45
54
80
71
34
139
10
112
83
99
113
get_top_scorer: SUCCESS, 159
get_all_players: SUCCESS
167
184
200
129
154
128
14
147
111
60
84
92
update_player_stats: SUCCESS
remove_team: FAILURE
get_all_players_count: SUCCESS, 8
get_closest_player: SUCCESS, 198
knockout_winner: INVALID_INPUT
knockout_winner: INVALID_INPUT
knockout_winner: INVALID_INPUT
knockout_winner: INVALID_INPUT
knockout_winner: INVALID_INPUT
remove_team: FAILURE
get_num_played_games: SUCCESS, 4399
knockout_winner: FAILURE
knockout_winner: SUCCESS, 8
knockout_winner: SUCCESS, 6
knockout_winner: FAILURE
knockout_winner: INVALID_INPUT
play_match: FAILURE
get_num_played_games: SUCCESS, 12176
get_all_players: SUCCESS
145
75
168
65
get_num_played_games: SUCCESS, 4210
add_team: FAILURE
get_all_players: SUCCESS
133
181
47
unite_teams: FAILURE
update_player_stats: SUCCESS
get_top_scorer: SUCCESS, 186
add_team: FAILURE
get_all_players: SUCCESS
70
148
171
1
143
21
102
105
94
93
38
get_all_players: SUCCESS
41
191
29
146
156
76
74
52
174
199
remove_player: SUCCESS
remove_player: SUCCESS
get_team_points: SUCCESS, 8773
add_team: FAILURE
add_player: FAILURE
remove_player: SUCCESS
add_player: FAILURE
unite_teams: FAILURE
get_num_played_games: SUCCESS, 2113
get_num_played_games: SUCCESS, 22067
get_num_played_games: SUCCESS, 10243
unite_teams: FAILURE
get_closest_player: SUCCESS, 79
knockout_winner: SUCCESS, 1
knockout_winner: INVALID_INPUT
knockout_winner: INVALID_INPUT
knockout_winner: FAILURE
knockout_winner: INVALID_INPUT
get_num_played_games: SUCCESS, 1495
add_team: FAILURE
remove_team: FAILURE
get_all_players: SUCCESS
145
75
168
65
play_match: FAILURE
get_top_scorer: SUCCESS, 40
add_team: FAILURE
knockout_winner: INVALID_INPUT
knockout_winner: INVALID_INPUT
knockout_winner: INVALID_INPUT
knockout_winner: INVALID_INPUT
knockout_winner: INVALID_INPUT
remove_team: FAILURE
update_player_stats: SUCCESS
get_all_players: SUCCESS
88
108
164
120
81
155
188
123
8
124
46
151
72
15
165
118
62
86
33
135
82
18
40
get_all_players: SUCCESS
70
148
171
1
143
21
102
105
93
38
get_team_points: SUCCESS, 12640
knockout_winner: INVALID_INPUT
knockout_winner: SUCCESS, 8
knockout_winner: INVALID_INPUT
knockout_winner: INVALID_INPUT
knockout_winner: INVALID_INPUT
get_all_players: SUCCESS
41
191
29
146
156
76
74
52
174
199
get_all_players: SUCCESS
167
184
200
129
154
128
14
147
60
84
92
unite_teams: FAILURE
get_num_played_games: SUCCESS, 1048
add_player: FAILURE
get_all_players: SUCCESS
41
191
29
146
156
76
74
52
174
199
get_num_played_games: SUCCESS, 16337
get_all_players: SUCCESS
6
163
89
104
67
138
31
198
78
170
197
136
36
42
182
109
150
144
127
58
140
101
103
100
55
149
61
32
91
39
107
96
73
79
142
126
remove_team: FAILURE
get_all_players_count: SUCCESS, 10
get_num_played_games: SUCCESS, 10134
remove_player: SUCCESS
get_closest_player: SUCCESS, 84
get_closest_player: SUCCESS, 105
get_all_players_count: SUCCESS, 19
get_team_points: SUCCESS, 8075
update_player_stats: SUCCESS
update_player_stats: SUCCESS
get_all_players: SUCCESS
59
64
153
169
13
192
180
66
9
45
54
80
71
34
139
10
83
99
113
get_num_played_games: SUCCESS, 15280
get_all_players: SUCCESS
70
148
171
1
143
21
102
105
93
38
add_player: FAILURE
get_team_points: SUCCESS, 11172
unite_teams: INVALID_INPUT
update_player_stats: SUCCESS
add_team: FAILURE
add_team: FAILURE
get_top_scorer: SUCCESS, 38
add_team: FAILURE
get_closest_player: SUCCESS, 6
add_player: FAILURE
unite_teams: FAILURE
get_closest_player: SUCCESS, 21
add_player: FAILURE
get_closest_player: SUCCESS, 126
get_all_players: SUCCESS
145
75
168
65
get_all_players: SUCCESS
41
191
29
146
156
76
74
52
174
get_num_played_games: SUCCESS, 928
get_all_players: SUCCESS
133
181
47
get_closest_player: SUCCESS, 60
add_team: FAILURE
get_all_players_count: SUCCESS, 23
get_top_scorer: SUCCESS, 47
get_closest_player: SUCCESS, 8
remove_player: SUCCESS
get_all_players_count: SUCCESS, 8
add_team: FAILURE
unite_teams: FAILURE
play_match: FAILURE
remove_team: FAILURE
knockout_winner: INVALID_INPUT
knockout_winner: INVALID_INPUT
knockout_winner: INVALID_INPUT
knockout_winner: INVALID_INPUT
knockout_winner: INVALID_INPUT
play_match: SUCCESS
remove_player: SUCCESS
remove_team: FAILURE
get_team_points: SUCCESS, 11973
get_closest_player: SUCCESS, 178
add_team: FAILURE
add_team: FAILURE
remove_player: SUCCESS
add_team: FAILURE
unite_teams: FAILURE
remove_team: FAILURE
update_player_stats: SUCCESS
get_all_players_count: SUCCESS, 8
get_num_played_games: SUCCESS, 6442
get_all_players_count: SUCCESS, 8
update_player_stats: SUCCESS
get_num_played_games: SUCCESS, 4694
add_team: FAILURE
add_player: FAILURE
play_match: FAILURE
get_top_scorer: SUCCESS, 49
get_team_points: SUCCESS, 11973
get_all_players: SUCCESS
125
178
30
22
7
161
162
49
knockout_winner: SUCCESS, 14
knockout_winner: SUCCESS, 8
knockout_winner: SUCCESS, 8
knockout_winner: FAILURE
knockout_winner: INVALID_INPUT
remove_player: SUCCESS
get_num_played_games: SUCCESS, 6320
get_all_players_count: SUCCESS, 34
remove_team: FAILURE
remove_team: FAILURE
get_top_scorer: SUCCESS, 186
get_all_players_count: SUCCESS, 34
get_all_players_count: SUCCESS, 3
get_top_scorer: SUCCESS, 49
get_num_played_games: SUCCESS, 12312
knockout_winner: FAILURE
knockout_winner: SUCCESS, 8
knockout_winner: SUCCESS, 8
knockout_winner: FAILURE
knockout_winner: INVALID_INPUT
get_all_players: SUCCESS
6
163
104
67
138
31
198
78
170
197
136
36
42
182
109
150
144
127
140
101
100
55
149
61
32
91
39
107
96
58
73
79
142
126
knockout_winner: INVALID_INPUT
knockout_winner: SUCCESS, 8
knockout_winner: INVALID_INPUT
knockout_winner: INVALID_INPUT
knockout_winner: INVALID_INPUT
get_top_scorer: SUCCESS, 174
get_closest_player: SUCCESS, 149
get_all_players_count: SUCCESS, 11
get_top_scorer: SUCCESS, 126
get_num_played_games: SUCCESS, 4431
get_all_players_count: SUCCESS, 34
get_num_played_games: SUCCESS, 9173
get_num_played_games: SUCCESS, 811
add_player: FAILURE
get_closest_player: SUCCESS, 60
get_all_players: SUCCESS
125
178
30
22
7
161
162
49
get_closest_player: SUCCESS, 54
play_match: FAILURE
get_num_played_games: SUCCESS, 10243
get_num_played_games: SUCCESS, 6721
get_team_points: SUCCESS, 3505
remove_team: FAILURE
remove_player: SUCCESS
get_all_players_count: SUCCESS, 8
update_player_stats: SUCCESS
get_closest_player: SUCCESS, 16
remove_team: FAILURE
remove_player: SUCCESS
add_player: FAILURE
get_num_played_games: SUCCESS, 6151
add_player: FAILURE
unite_teams: FAILURE
play_match: FAILURE
play_match: FAILURE
knockout_winner: INVALID_INPUT
knockout_winner: SUCCESS, 8
knockout_winner: INVALID_INPUT
knockout_winner: INVALID_INPUT
knockout_winner: INVALID_INPUT
play_match: FAILURE
get_closest_player: SUCCESS, 82
get_all_players_count: SUCCESS, 9
knockout_winner: SUCCESS, 1
knockout_winner: INVALID_INPUT
knockout_winner: INVALID_INPUT
knockout_winner: FAILURE
knockout_winner: INVALID_INPUT
update_player_stats: SUCCESS
get_all_players: SUCCESS
59
64
153
169
13
192
180
9
45
54
80
71
34
139
10
83
99
113
66
add_player: FAILURE
remove_player: SUCCESS
unite_teams: FAILURE
get_all_players: SUCCESS
59
64
153
169
13
192
180
9
45
54
80
71
34
139
10
83
99
113
66
update_player_stats: SUCCESS
remove_team: FAILURE
get_top_scorer: SUCCESS, 40
remove_player: SUCCESS
add_team: FAILURE
knockout_winner: INVALID_INPUT
knockout_winner: SUCCESS, 8
knockout_winner: INVALID_INPUT
knockout_winner: INVALID_INPUT
knockout_winner: INVALID_INPUT
remove_team: FAILURE
remove_team: FAILURE
add_player: FAILURE
get_num_played_games: SUCCESS, 11531
get_all_players: SUCCESS
88
108
120
81
164
155
188
123
124
46
151
72
15
165
118
62
86
33
135
8
82
18
40
knockout_winner: INVALID_INPUT
knockout_winner: INVALID_INPUT
knockout_winner: INVALID_INPUT
knockout_winner: INVALID_INPUT
knockout_winner: INVALID_INPUT
get_all_players: SUCCESS
145
75
168
65
get_team_points: SUCCESS, 891
get_all_players: SUCCESS
167
184
129
154
128
14
147
60
84
92
update_player_stats: SUCCESS
knockout_winner: INVALID_INPUT
knockout_winner: INVALID_INPUT
knockout_winner: INVALID_INPUT
knockout_winner: INVALID_INPUT
knockout_winner: INVALID_INPUT
play_match: FAILURE
unite_teams: FAILURE
get_all_players: SUCCESS
41
191
29
146
156
74
52
174
add_player: FAILURE
play_match: FAILURE
remove_player: SUCCESS
remove_player: SUCCESS
remove_player: SUCCESS
remove_player: SUCCESS
remove_player: SUCCESS
remove_player: SUCCESS
remove_player: SUCCESS
remove_player: SUCCESS
remove_player: SUCCESS
remove_player: SUCCESS
remove_player: SUCCESS
remove_player: SUCCESS
remove_player: SUCCESS
remove_player: SUCCESS
remove_player: SUCCESS
remove_player: SUCCESS
remove_player: SUCCESS
remove_player: SUCCESS
remove_player: SUCCESS
remove_player: SUCCESS
remove_player: SUCCESS
remove_player: SUCCESS
remove_player: SUCCESS
remove_player: SUCCESS
remove_player: SUCCESS
remove_player: SUCCESS
remove_player: SUCCESS
remove_player: SUCCESS
remove_player: SUCCESS
remove_player: SUCCESS
remove_player: SUCCESS
remove_player: SUCCESS
remove_player: SUCCESS
remove_player: SUCCESS
remove_player: SUCCESS
remove_player: SUCCESS
remove_player: SUCCESS
remove_player: SUCCESS
remove_player: SUCCESS
remove_player: SUCCESS
remove_player: SUCCESS
remove_player: SUCCESS
remove_player: SUCCESS
remove_player: SUCCESS
remove_player: SUCCESS
remove_player: SUCCESS
remove_player: SUCCESS
remove_player: SUCCESS
remove_player: SUCCESS
remove_player: SUCCESS
remove_player: SUCCESS
remove_player: SUCCESS
remove_player: SUCCESS
remove_player: SUCCESS
remove_player: SUCCESS
remove_player: SUCCESS
remove_player: SUCCESS
remove_player: SUCCESS
remove_player: SUCCESS
remove_player: SUCCESS
remove_player: SUCCESS
remove_player: SUCCESS
remove_player: SUCCESS
remove_player: SUCCESS
remove_player: SUCCESS
remove_player: SUCCESS
remove_player: SUCCESS
remove_player: SUCCESS
remove_player: SUCCESS
remove_player: SUCCESS
remove_player: SUCCESS
remove_player: SUCCESS
remove_player: SUCCESS
remove_player: SUCCESS
remove_player: SUCCESS
remove_player: SUCCESS
remove_player: SUCCESS
remove_player: SUCCESS
remove_player: SUCCESS
remove_player: SUCCESS
remove_player: SUCCESS
remove_player: SUCCESS
remove_player: SUCCESS
remove_player: SUCCESS
remove_player: SUCCESS
remove_player: SUCCESS
remove_player: SUCCESS
remove_player: SUCCESS
remove_player: SUCCESS
remove_player: SUCCESS
remove_player: SUCCESS
remove_player: SUCCESS
remove_player: SUCCESS
remove_player: SUCCESS
remove_player: SUCCESS
remove_player: SUCCESS
remove_player: SUCCESS
remove_player: SUCCESS
remove_player: SUCCESS
remove_player: SUCCESS
remove_player: SUCCESS
remove_player: SUCCESS
remove_player: SUCCESS
remove_player: SUCCESS
remove_player: SUCCESS
remove_player: SUCCESS
remove_player: SUCCESS
remove_player: SUCCESS
remove_player: SUCCESS
remove_player: SUCCESS
remove_player: SUCCESS
remove_player: SUCCESS
remove_player: SUCCESS
remove_player: SUCCESS
remove_player: SUCCESS
remove_player: SUCCESS
remove_player: SUCCESS
remove_player: SUCCESS
remove_player: SUCCESS
remove_player: SUCCESS
remove_player: SUCCESS
remove_player: SUCCESS
remove_player: SUCCESS
remove_player: SUCCESS
remove_player: SUCCESS
remove_player: SUCCESS
remove_player: SUCCESS
remove_player: SUCCESS
remove_player: SUCCESS
remove_player: SUCCESS
remove_player: SUCCESS
remove_team: SUCCESS
remove_team: SUCCESS
remove_team: SUCCESS
remove_team: SUCCESS
remove_team: SUCCESS
remove_team: SUCCESS
remove_team: SUCCESS
remove_team: SUCCESS
remove_team: SUCCESS
remove_team: SUCCESS
remove_team: SUCCESS
remove_team: SUCCESS
