add_team: SUCCESS
add_team: SUCCESS
add_team: SUCCESS
add_team: SUCCESS
add_team: SUCCESS
add_team: SUCCESS
add_team: SUCCESS
add_team: SUCCESS
add_team: SUCCESS
add_team: SUCCESS
add_team: SUCCESS
add_team: SUCCESS
add_team: SUCCESS
add_team: SUCCESS
add_team: SUCCESS
add_team: SUCCESS
add_team: SUCCESS
add_team: SUCCESS
add_team: SUCCESS
add_team: SUCCESS
add_player: SUCCESS
add_player: SUCCESS
add_player: SUCCESS
add_player: SUCCESS
add_player: SUCCESS
add_player: SUCCESS
add_player: SUCCESS
add_player: SUCCESS
add_player: SUCCESS
add_player: SUCCESS
add_player: SUCCESS
add_player: SUCCESS
add_player: SUCCESS
add_player: SUCCESS
add_player: SUCCESS
add_player: SUCCESS
add_player: SUCCESS
add_player: SUCCESS
add_player: SUCCESS
add_player: SUCCESS
add_player: SUCCESS
add_player: SUCCESS
add_player: SUCCESS
add_player: SUCCESS
add_player: SUCCESS
add_player: SUCCESS
add_player: SUCCESS
add_player: SUCCESS
add_player: SUCCESS
add_player: SUCCESS
add_player: SUCCESS
add_player: SUCCESS
add_player: SUCCESS
add_player: SUCCESS
add_player: SUCCESS
add_player: SUCCESS
add_player: SUCCESS
add_player: SUCCESS
add_player: SUCCESS
add_player: SUCCESS
add_player: SUCCESS
add_player: SUCCESS
add_player: SUCCESS
add_player: SUCCESS
add_player: SUCCESS
add_player: SUCCESS
add_player: SUCCESS
add_player: SUCCESS
add_player: SUCCESS
add_player: SUCCESS
add_player: SUCCESS
add_player: SUCCESS
add_player: SUCCESS
add_player: SUCCESS
add_player: SUCCESS
add_player: SUCCESS
add_player: SUCCESS
add_player: SUCCESS
add_player: SUCCESS
add_player: SUCCESS
add_player: SUCCESS
add_player: SUCCESS
add_player: SUCCESS
add_player: SUCCESS
add_player: SUCCESS
add_player: SUCCESS
add_player: SUCCESS
add_player: SUCCESS
add_player: SUCCESS
add_player: SUCCESS
add_player: SUCCESS
add_player: SUCCESS
add_player: SUCCESS
add_player: SUCCESS
add_player: SUCCESS
add_player: SUCCESS
add_player: SUCCESS
add_player: SUCCESS
add_player: SUCCESS
add_player: SUCCESS
add_player: SUCCESS
add_player: SUCCESS
add_player: SUCCESS
add_player: SUCCESS
add_player: SUCCESS
add_player: SUCCESS
add_player: SUCCESS
add_player: SUCCESS
add_player: SUCCESS
add_player: SUCCESS
add_player: SUCCESS
add_player: SUCCESS
add_player: SUCCESS
add_player: SUCCESS
add_player: SUCCESS
add_player: SUCCESS
add_player: SUCCESS
add_player: SUCCESS
add_player: SUCCESS
add_player: SUCCESS
add_player: SUCCESS
add_player: SUCCESS
add_player: SUCCESS
add_player: SUCCESS
add_player: SUCCESS
add_player: SUCCESS
add_player: SUCCESS
add_player: SUCCESS
add_player: SUCCESS
add_player: SUCCESS
add_player: SUCCESS
add_player: SUCCESS
add_player: SUCCESS
add_player: SUCCESS
add_player: SUCCESS
add_player: SUCCESS
add_player: SUCCESS
add_player: SUCCESS
add_player: SUCCESS
add_player: SUCCESS
add_player: SUCCESS
add_player: SUCCESS
add_player: SUCCESS
add_player: SUCCESS
add_player: SUCCESS
add_player: SUCCESS
add_player: SUCCESS
add_player: SUCCESS
add_player: SUCCESS
add_player: SUCCESS
add_player: SUCCESS
add_player: SUCCESS
add_player: SUCCESS
add_player: SUCCESS
add_player: SUCCESS
add_player: SUCCESS
add_player: SUCCESS
add_player: SUCCESS
add_player: SUCCESS
add_player: SUCCESS
add_player: SUCCESS
add_player: SUCCESS
add_player: SUCCESS
add_player: SUCCESS
add_player: SUCCESS
add_player: SUCCESS
add_player: SUCCESS
add_player: SUCCESS
add_player: SUCCESS
add_player: SUCCESS
add_player: SUCCESS
add_player: SUCCESS
add_player: SUCCESS
add_player: SUCCESS
add_player: SUCCESS
add_player: SUCCESS
add_player: SUCCESS
add_player: SUCCESS
add_player: SUCCESS
add_player: SUCCESS
add_player: SUCCESS
add_player: SUCCESS
add_player: SUCCESS
add_player: SUCCESS
add_player: SUCCESS
add_player: SUCCESS
add_player: SUCCESS
add_player: SUCCESS
add_player: SUCCESS
add_player: SUCCESS
add_player: SUCCESS
add_player: SUCCESS
add_player: SUCCESS
add_player: SUCCESS
add_player: SUCCESS
add_player: SUCCESS
add_player: SUCCESS
add_player: SUCCESS
add_player: SUCCESS
add_player: SUCCESS
add_player: SUCCESS
add_player: SUCCESS
add_player: SUCCESS
add_player: SUCCESS
add_player: SUCCESS
add_player: SUCCESS
add_player: SUCCESS
add_player: SUCCESS
add_player: SUCCESS
add_player: SUCCESS
add_player: SUCCESS
add_player: SUCCESS
add_player: SUCCESS
add_player: SUCCESS
add_player: SUCCESS
add_player: SUCCESS
add_player: SUCCESS
add_player: SUCCESS
add_player: SUCCESS
add_player: SUCCESS
get_closest_player: SUCCESS, 198
add_team: FAILURE
get_top_scorer: SUCCESS, 35
remove_player: SUCCESS
get_all_players: SUCCESS
143
106
29
30
190
113
121
get_all_players: SUCCESS
13
2
37
21
123
23
78
122
135
159
99
147
165
knockout_winner: SUCCESS, 3
get_all_players: SUCCESS
143
106
29
30
190
113
121
get_all_players_count: SUCCESS, 12
knockout_winner: SUCCESS, 16
remove_player: SUCCESS
add_player: FAILURE
unite_teams: SUCCESS
get_all_players_count: SUCCESS, 10
play_match: SUCCESS
get_closest_player: SUCCESS, 71
unite_teams: SUCCESS
get_top_scorer: SUCCESS, 59
get_team_points: SUCCESS, 8373
get_num_played_games: SUCCESS, 11929
add_player: FAILURE
play_match: FAILURE
add_player: FAILURE
get_num_played_games: SUCCESS, 2241
knockout_winner: SUCCESS, 16
add_player: FAILURE
get_all_players: SUCCESS
155
143
106
29
26
103
133
79
67
196
30
93
20
190
113
121
unite_teams: FAILURE
play_match: FAILURE
play_match: FAILURE
get_all_players: SUCCESS
85
55
46
39
198
109
156
137
40
96
19
88
36
173
14
175
knockout_winner: SUCCESS, 9
remove_team: FAILURE
remove_player: SUCCESS
get_top_scorer: SUCCESS, 165
update_player_stats: SUCCESS
get_top_scorer: SUCCESS, 14
get_num_played_games: SUCCESS, 2950
remove_team: FAILURE
get_all_players_count: SUCCESS, 9
knockout_winner: SUCCESS, 19
get_all_players_count: SUCCESS, 7
add_player: FAILURE
unite_teams: FAILURE
update_player_stats: SUCCESS
get_all_players_count: SUCCESS, 10
get_num_played_games: SUCCESS, 3603
get_all_players: SUCCESS
166
146
154
53
127
167
70
11
33
get_all_players_count: SUCCESS, 7
get_num_played_games: SUCCESS, 4846
update_player_stats: SUCCESS
knockout_winner: SUCCESS, 9
add_team: FAILURE
get_all_players: SUCCESS
105
28
38
82
12
80
161
119
152
74
59
get_all_players_count: SUCCESS, 9
add_player: FAILURE
get_top_scorer: SUCCESS, 116
update_player_stats: SUCCESS
remove_team: FAILURE
get_top_scorer: SUCCESS, 126
get_team_points: SUCCESS, 9479
remove_player: SUCCESS
remove_team: FAILURE
get_top_scorer: SUCCESS, 192
unite_teams: FAILURE
get_team_points: SUCCESS, 737
update_player_stats: SUCCESS
add_team: FAILURE
remove_team: FAILURE
get_top_scorer: SUCCESS, 92
remove_player: SUCCESS
get_all_players_count: SUCCESS, 9
unite_teams: FAILURE
get_top_scorer: SUCCESS, 14
get_top_scorer: SUCCESS, 15
get_num_played_games: SUCCESS, 11325
add_team: FAILURE
update_player_stats: SUCCESS
get_all_players: SUCCESS
112
100
129
125
111
10
57
140
192
remove_player: SUCCESS
get_all_players_count: SUCCESS, 16
get_all_players_count: SUCCESS, 4
unite_teams: FAILURE
get_team_points: SUCCESS, 749
add_team: FAILURE
remove_team: FAILURE
add_player: FAILURE
remove_player: SUCCESS
remove_player: SUCCESS
get_num_played_games: SUCCESS, 8635
add_team: FAILURE
get_closest_player: SUCCESS, 15
knockout_winner: INVALID_INPUT
remove_player: SUCCESS
unite_teams: FAILURE
get_team_points: SUCCESS, 737
knockout_winner: SUCCESS, 16
get_closest_player: SUCCESS, 87
add_player: FAILURE
get_team_points: SUCCESS, 386
remove_team: FAILURE
add_team: FAILURE
remove_team: FAILURE
remove_team: FAILURE
knockout_winner: SUCCESS, 9
remove_team: FAILURE
get_all_players_count: SUCCESS, 4
knockout_winner: SUCCESS, 16
get_closest_player: SUCCESS, 63
get_num_played_games: SUCCESS, 3437
remove_player: SUCCESS
get_top_scorer: SUCCESS, 33
add_team: FAILURE
update_player_stats: SUCCESS
get_closest_player: SUCCESS, 23
update_player_stats: SUCCESS
get_top_scorer: SUCCESS, 153
get_num_played_games: SUCCESS, 6334
get_all_players_count: SUCCESS, 15
add_player: FAILURE
play_match: FAILURE
get_all_players: SUCCESS
188
151
160
73
48
157
94
163
69
181
add_player: FAILURE
remove_player: SUCCESS
get_all_players: SUCCESS
71
72
102
104
87
90
136
6
7
92
get_top_scorer: SUCCESS, 45
add_team: FAILURE
add_team: FAILURE
get_top_scorer: SUCCESS, 92
get_all_players_count: SUCCESS, 10
remove_player: SUCCESS
get_team_points: SUCCESS, 8951
knockout_winner: SUCCESS, 16
get_team_points: SUCCESS, 749
update_player_stats: SUCCESS
get_num_played_games: SUCCESS, 1335
get_all_players_count: SUCCESS, 7
knockout_winner: SUCCESS, 3
get_all_players_count: SUCCESS, 13
add_player: FAILURE
play_match: FAILURE
remove_team: FAILURE
update_player_stats: SUCCESS
remove_player: SUCCESS
get_closest_player: SUCCESS, 168
unite_teams: FAILURE
update_player_stats: SUCCESS
add_player: FAILURE
remove_player: SUCCESS
remove_player: SUCCESS
get_top_scorer: SUCCESS, 181
get_all_players_count: SUCCESS, 8
get_num_played_games: SUCCESS, 150
get_team_points: SUCCESS, 8373
unite_teams: FAILURE
update_player_stats: SUCCESS
remove_team: FAILURE
get_closest_player: SUCCESS, 36
add_player: FAILURE
get_top_scorer: SUCCESS, 62
add_team: FAILURE
get_all_players_count: SUCCESS, 8
get_all_players: SUCCESS
145
3
195
49
158
8
115
148
4
56
32
51
120
170
get_all_players_count: SUCCESS, 7
get_team_points: SUCCESS, 6913
remove_player: SUCCESS
get_all_players: SUCCESS
110
17
64
60
get_closest_player: SUCCESS, 69
add_team: FAILURE
get_num_played_games: SUCCESS, 5729
play_match: FAILURE
remove_team: FAILURE
add_team: FAILURE
remove_team: FAILURE
add_team: FAILURE
get_top_scorer: SUCCESS, 59
add_player: FAILURE
get_num_played_games: SUCCESS, 5310
get_num_played_games: SUCCESS, 5495
get_top_scorer: SUCCESS, 125
get_team_points: SUCCESS, 737
play_match: FAILURE
get_closest_player: SUCCESS, 196
remove_player: SUCCESS
knockout_winner: FAILURE
remove_team: FAILURE
knockout_winner: SUCCESS, 2
get_all_players: SUCCESS
85
55
46
39
198
109
156
137
40
96
19
88
36
173
14
get_num_played_games: SUCCESS, 3437
remove_team: FAILURE
update_player_stats: SUCCESS
play_match: FAILURE
remove_player: SUCCESS
get_num_played_games: SUCCESS, 5495
play_match: FAILURE
get_num_played_games: SUCCESS, 7789
get_team_points: SUCCESS, 6281
get_all_players: SUCCESS
13
2
37
21
123
78
122
135
159
99
147
165
get_team_points: SUCCESS, 386
get_all_players: SUCCESS
77
47
24
180
171
141
168
66
75
84
95
9
97
197
200
45
get_top_scorer: SUCCESS, 116
remove_player: SUCCESS
knockout_winner: SUCCESS, 3
get_all_players_count: SUCCESS, 8
get_all_players: SUCCESS
13
2
37
21
123
78
122
135
159
99
147
165
get_team_points: SUCCESS, 6913
get_all_players: SUCCESS
188
160
73
157
94
163
69
181
get_closest_player: SUCCESS, 186
knockout_winner: SUCCESS, 9
knockout_winner: INVALID_INPUT
unite_teams: FAILURE
add_player: FAILURE
get_num_played_games: SUCCESS, 9200
play_match: INVALID_INPUT
add_player: FAILURE
knockout_winner: SUCCESS, 19
get_top_scorer: SUCCESS, 153
remove_team: FAILURE
add_player: FAILURE
add_team: FAILURE
remove_team: FAILURE
add_player: FAILURE
remove_team: FAILURE
get_team_points: SUCCESS, 6913
knockout_winner: SUCCESS, 3
unite_teams: FAILURE
get_num_played_games: SUCCESS, 2897
add_player: FAILURE
get_num_played_games: SUCCESS, 5580
add_player: FAILURE
add_team: FAILURE
update_player_stats: SUCCESS
get_team_points: SUCCESS, 9494
knockout_winner: INVALID_INPUT
knockout_winner: SUCCESS, 9
get_team_points: SUCCESS, 6913
knockout_winner: SUCCESS, 9
knockout_winner: INVALID_INPUT
remove_player: SUCCESS
get_num_played_games: SUCCESS, 5814
get_top_scorer: SUCCESS, 59
play_match: INVALID_INPUT
get_all_players: SUCCESS
77
47
24
180
171
141
168
66
75
84
95
9
97
197
200
45
get_closest_player: SUCCESS, 114
add_team: FAILURE
get_all_players: SUCCESS
166
146
154
53
167
70
33
11
get_team_points: SUCCESS, 10341
get_all_players: SUCCESS
83
179
108
42
191
63
91
176
189
117
132
153
get_all_players: SUCCESS
199
178
134
1
18
68
62
get_all_players_count: SUCCESS, 16
update_player_stats: SUCCESS
get_team_points: SUCCESS, 386
update_player_stats: SUCCESS
add_player: FAILURE
play_match: FAILURE
remove_player: SUCCESS
remove_team: FAILURE
get_team_points: SUCCESS, 386
get_team_points: SUCCESS, 6913
play_match: SUCCESS
add_team: FAILURE
add_team: FAILURE
unite_teams: FAILURE
get_top_scorer: SUCCESS, 34
get_team_points: SUCCESS, 1383
get_closest_player: SUCCESS, 110
add_team: FAILURE
get_top_scorer: SUCCESS, 34
get_all_players: SUCCESS
193
174
41
150
54
44
76
126
get_num_played_games: SUCCESS, 10804
get_num_played_games: SUCCESS, 893
add_team: FAILURE
add_player: FAILURE
play_match: INVALID_INPUT
get_all_players: SUCCESS
188
160
73
157
94
163
69
181
play_match: FAILURE
remove_player: SUCCESS
add_team: FAILURE
remove_team: FAILURE
get_num_played_games: SUCCESS, 3945
get_team_points: SUCCESS, 872
get_num_played_games: SUCCESS, 8594
get_top_scorer: SUCCESS, 45
remove_team: FAILURE
get_team_points: SUCCESS, 9681
get_top_scorer: SUCCESS, 126
unite_teams: FAILURE
add_team: FAILURE
update_player_stats: SUCCESS
unite_teams: FAILURE
get_all_players_count: SUCCESS, 10
play_match: FAILURE
knockout_winner: SUCCESS, 3
remove_team: FAILURE
get_num_played_games: SUCCESS, 1784
knockout_winner: INVALID_INPUT
get_closest_player: SUCCESS, 44
play_match: FAILURE
get_top_scorer: SUCCESS, 125
get_all_players: SUCCESS
110
17
64
60
remove_team: FAILURE
unite_teams: FAILURE
update_player_stats: SUCCESS
unite_teams: SUCCESS
add_team: FAILURE
add_player: FAILURE
get_all_players: SUCCESS
199
178
134
1
18
68
62
get_all_players_count: SUCCESS, 20
get_team_points: SUCCESS, 10341
get_all_players: SUCCESS
199
178
134
1
18
68
62
get_team_points: SUCCESS, 6913
get_closest_player: SUCCESS, 88
add_player: FAILURE
add_team: FAILURE
play_match: SUCCESS
get_top_scorer: SUCCESS, 62
unite_teams: SUCCESS
knockout_winner: INVALID_INPUT
add_team: FAILURE
get_closest_player: SUCCESS, 132
remove_player: SUCCESS
get_all_players_count: SUCCESS, 12
get_all_players_count: SUCCESS, 10
add_player: FAILURE
unite_teams: FAILURE
get_team_points: SUCCESS, 9687
add_player: FAILURE
knockout_winner: FAILURE
get_num_played_games: SUCCESS, 569
get_num_played_games: SUCCESS, 12819
knockout_winner: SUCCESS, 6
knockout_winner: INVALID_INPUT
update_player_stats: SUCCESS
get_all_players: SUCCESS
130
194
107
142
139
162
43
27
25
164
118
124
15
get_top_scorer: SUCCESS, 153
get_closest_player: SUCCESS, 33
remove_player: SUCCESS
get_team_points: SUCCESS, 4140
add_player: FAILURE
update_player_stats: SUCCESS
get_all_players: SUCCESS
155
143
106
29
26
103
67
196
30
93
20
190
133
113
121
get_team_points: SUCCESS, 15715
get_team_points: SUCCESS, 4140
add_player: FAILURE
get_top_scorer: SUCCESS, 45
get_num_played_games: SUCCESS, 5760
get_num_played_games: SUCCESS, 3752
add_team: FAILURE
update_player_stats: SUCCESS
knockout_winner: FAILURE
add_team: FAILURE
unite_teams: FAILURE
add_player: FAILURE
remove_player: SUCCESS
add_player: FAILURE
knockout_winner: SUCCESS, 16
get_team_points: SUCCESS, 386
get_top_scorer: SUCCESS, 14
add_team: FAILURE
get_all_players: SUCCESS
71
72
102
104
87
90
136
7
92
6
get_num_played_games: SUCCESS, 2950
get_num_played_games: SUCCESS, 2950
get_all_players_count: SUCCESS, 8
remove_team: FAILURE
unite_teams: FAILURE
remove_team: FAILURE
get_num_played_games: SUCCESS, 2081
get_all_players: SUCCESS
110
17
64
60
knockout_winner: SUCCESS, 7
remove_player: SUCCESS
get_team_points: SUCCESS, 6913
get_closest_player: SUCCESS, 9
get_all_players_count: SUCCESS, 15
get_all_players_count: SUCCESS, 10
remove_team: FAILURE
remove_player: SUCCESS
play_match: FAILURE
add_player: FAILURE
get_team_points: SUCCESS, 10278
play_match: FAILURE
add_team: FAILURE
play_match: FAILURE
knockout_winner: INVALID_INPUT
get_closest_player: SUCCESS, 14
add_player: FAILURE
unite_teams: FAILURE
remove_team: FAILURE
remove_player: SUCCESS
unite_teams: FAILURE
get_all_players_count: SUCCESS, 20
unite_teams: FAILURE
play_match: FAILURE
get_all_players_count: SUCCESS, 12
get_num_played_games: SUCCESS, 10228
get_closest_player: SUCCESS, 78
get_all_players: SUCCESS
188
83
73
179
108
42
191
63
91
160
176
189
117
157
94
163
69
132
181
153
unite_teams: FAILURE
get_all_players_count: SUCCESS, 20
update_player_stats: SUCCESS
get_all_players: SUCCESS
85
55
46
198
109
156
137
40
96
19
88
36
39
173
14
get_closest_player: SUCCESS, 15
knockout_winner: SUCCESS, 1
get_team_points: SUCCESS, 386
get_closest_player: SUCCESS, 26
get_all_players_count: SUCCESS, 8
add_player: FAILURE
remove_team: FAILURE
knockout_winner: SUCCESS, 16
update_player_stats: SUCCESS
knockout_winner: INVALID_INPUT
get_num_played_games: SUCCESS, 11931
play_match: FAILURE
add_player: FAILURE
get_team_points: SUCCESS, 386
get_top_scorer: SUCCESS, 11
add_team: FAILURE
play_match: FAILURE
knockout_winner: INVALID_INPUT
get_num_played_games: SUCCESS, 9960
get_top_scorer: SUCCESS, 153
remove_player: SUCCESS
get_team_points: SUCCESS, 872
play_match: FAILURE
get_all_players: SUCCESS
155
143
106
29
26
67
196
20
190
133
113
121
get_all_players_count: SUCCESS, 8
add_team: FAILURE
get_num_played_games: SUCCESS, 10659
add_team: FAILURE
get_top_scorer: SUCCESS, 126
knockout_winner: INVALID_INPUT
knockout_winner: SUCCESS, 16
unite_teams: FAILURE
get_team_points: SUCCESS, 386
remove_player: SUCCESS
get_all_players_count: SUCCESS, 7
add_team: FAILURE
get_team_points: SUCCESS, 1383
get_top_scorer: SUCCESS, 165
get_top_scorer: SUCCESS, 153
remove_team: FAILURE
get_top_scorer: SUCCESS, 15
get_all_players: SUCCESS
155
143
106
29
26
67
196
20
190
133
113
121
get_num_played_games: SUCCESS, 7441
add_team: FAILURE
add_team: FAILURE
get_all_players_count: SUCCESS, 9
get_team_points: SUCCESS, 10341
get_top_scorer: SUCCESS, 126
update_player_stats: SUCCESS
add_player: FAILURE
add_team: FAILURE
knockout_winner: SUCCESS, 16
get_closest_player: SUCCESS, 181
get_team_points: SUCCESS, 10341
get_num_played_games: SUCCESS, 5573
remove_player: SUCCESS
get_closest_player: SUCCESS, 164
get_team_points: SUCCESS, 15238
add_team: FAILURE
get_top_scorer: SUCCESS, 153
get_closest_player: SUCCESS, 161
knockout_winner: INVALID_INPUT
play_match: FAILURE
play_match: FAILURE
knockout_winner: SUCCESS, 16
remove_player: SUCCESS
get_all_players_count: SUCCESS, 7
get_all_players: SUCCESS
85
55
198
109
156
137
40
96
19
88
36
39
173
14
46
update_player_stats: SUCCESS
get_closest_player: SUCCESS, 156
add_team: FAILURE
knockout_winner: SUCCESS, 16
add_player: FAILURE
remove_team: FAILURE
knockout_winner: SUCCESS, 7
get_top_scorer: SUCCESS, 116
get_closest_player: SUCCESS, 49
remove_player: SUCCESS
knockout_winner: INVALID_INPUT
add_team: FAILURE
get_all_players_count: SUCCESS, 9
get_all_players_count: SUCCESS, 4
remove_team: FAILURE
add_team: FAILURE
unite_teams: FAILURE
get_top_scorer: SUCCESS, 64
get_all_players: SUCCESS
31
86
5
128
169
186
185
184
116
get_all_players_count: SUCCESS, 12
remove_player: SUCCESS
add_team: FAILURE
get_top_scorer: SUCCESS, 35
get_all_players: SUCCESS
71
72
102
104
87
90
136
7
92
6
add_player: FAILURE
remove_player: SUCCESS
get_all_players: SUCCESS
130
194
142
139
162
43
27
25
164
118
124
15
get_all_players: SUCCESS
13
2
37
21
78
122
135
159
147
165
99
add_team: FAILURE
unite_teams: FAILURE
get_closest_player: SUCCESS, 86
get_team_points: SUCCESS, 749
get_top_scorer: SUCCESS, 11
remove_team: FAILURE
add_player: FAILURE
get_closest_player: SUCCESS, 44
play_match: FAILURE
update_player_stats: SUCCESS
add_team: FAILURE
update_player_stats: SUCCESS
knockout_winner: INVALID_INPUT
remove_team: FAILURE
remove_player: SUCCESS
get_top_scorer: SUCCESS, 116
add_team: FAILURE
get_team_points: SUCCESS, 4874
get_top_scorer: SUCCESS, 62
update_player_stats: SUCCESS
remove_team: FAILURE
play_match: FAILURE
remove_team: FAILURE
add_player: FAILURE
play_match: FAILURE
get_num_played_games: SUCCESS, 12004
update_player_stats: SUCCESS
update_player_stats: SUCCESS
get_closest_player: SUCCESS, 130
get_num_played_games: SUCCESS, 11931
update_player_stats: SUCCESS
get_top_scorer: SUCCESS, 32
get_all_players: SUCCESS
174
150
54
44
76
126
unite_teams: FAILURE
remove_team: FAILURE
update_player_stats: SUCCESS
add_team: FAILURE
get_team_points: SUCCESS, 9681
get_num_played_games: SUCCESS, 5774
get_team_points: SUCCESS, 9509
get_all_players: SUCCESS
71
72
102
104
87
90
136
7
92
6
play_match: FAILURE
update_player_stats: SUCCESS
remove_player: SUCCESS
remove_player: SUCCESS
get_all_players: SUCCESS
155
143
106
29
26
67
196
20
190
133
113
121
get_team_points: SUCCESS, 386
get_all_players_count: SUCCESS, 7
add_player: FAILURE
play_match: SUCCESS
remove_player: SUCCESS
remove_team: FAILURE
get_top_scorer: SUCCESS, 99
add_team: FAILURE
remove_team: FAILURE
get_all_players_count: SUCCESS, 10
add_player: FAILURE
update_player_stats: SUCCESS
add_player: FAILURE
add_player: FAILURE
add_player: FAILURE
add_team: FAILURE
update_player_stats: SUCCESS
get_team_points: SUCCESS, 8373
add_team: FAILURE
knockout_winner: SUCCESS, 3
remove_player: SUCCESS
remove_player: SUCCESS
get_closest_player: SUCCESS, 101
add_team: FAILURE
get_num_played_games: SUCCESS, 8724
unite_teams: FAILURE
add_team: FAILURE
remove_player: SUCCESS
get_num_played_games: SUCCESS, 10639
get_closest_player: SUCCESS, 102
get_team_points: SUCCESS, 6913
knockout_winner: SUCCESS, 1
knockout_winner: INVALID_INPUT
get_all_players: SUCCESS
130
194
142
139
43
162
27
25
124
15
118
get_team_points: SUCCESS, 1383
update_player_stats: SUCCESS
get_all_players: SUCCESS
77
180
171
141
168
66
24
75
84
95
9
97
197
200
45
unite_teams: FAILURE
get_top_scorer: SUCCESS, 6
add_player: FAILURE
add_player: FAILURE
get_top_scorer: SUCCESS, 126
get_top_scorer: SUCCESS, 11
remove_player: SUCCESS
update_player_stats: SUCCESS
remove_player: SUCCESS
get_top_scorer: SUCCESS, 32
get_all_players: SUCCESS
150
54
44
76
126
get_closest_player: SUCCESS, 161
update_player_stats: SUCCESS
get_top_scorer: SUCCESS, 99
add_player: FAILURE
update_player_stats: SUCCESS
remove_team: FAILURE
remove_player: SUCCESS
get_top_scorer: SUCCESS, 45
get_top_scorer: SUCCESS, 6
get_closest_player: SUCCESS, 68
get_all_players: SUCCESS
150
54
44
76
126
add_team: FAILURE
get_top_scorer: SUCCESS, 69
knockout_winner: INVALID_INPUT
add_team: FAILURE
get_all_players_count: SUCCESS, 7
remove_team: FAILURE
play_match: SUCCESS
remove_team: FAILURE
play_match: FAILURE
get_all_players_count: SUCCESS, 12
remove_team: FAILURE
knockout_winner: INVALID_INPUT
add_player: FAILURE
get_top_scorer: SUCCESS, 1
get_all_players: SUCCESS
85
55
198
156
137
109
40
96
19
88
36
173
39
46
14
get_top_scorer: SUCCESS, 118
get_num_played_games: SUCCESS, 5495
get_team_points: SUCCESS, 9687
get_all_players_count: SUCCESS, 10
get_num_played_games: SUCCESS, 4844
add_team: FAILURE
play_match: FAILURE
get_closest_player: SUCCESS, 62
add_team: FAILURE
add_team: FAILURE
add_team: FAILURE
add_team: FAILURE
knockout_winner: INVALID_INPUT
remove_player: SUCCESS
unite_teams: SUCCESS
get_closest_player: SUCCESS, 78
knockout_winner: SUCCESS, 14
update_player_stats: SUCCESS
remove_player: SUCCESS
remove_team: FAILURE
play_match: FAILURE
get_top_scorer: SUCCESS, 32
add_team: FAILURE
knockout_winner: SUCCESS, 9
get_num_played_games: SUCCESS, 2703
get_all_players: SUCCESS
166
146
154
53
167
33
11
get_team_points: SUCCESS, 8373
get_closest_player: SUCCESS, 10
play_match: FAILURE
remove_player: SUCCESS
play_match: FAILURE
get_top_scorer: SUCCESS, 69
get_num_played_games: SUCCESS, 10639
update_player_stats: SUCCESS
get_closest_player: SUCCESS, 183
add_player: FAILURE
add_player: FAILURE
play_match: FAILURE
remove_player: SUCCESS
get_closest_player: SUCCESS, 184
get_all_players: SUCCESS
17
60
64
remove_team: FAILURE
add_team: FAILURE
get_num_played_games: SUCCESS, 1069
add_player: FAILURE
update_player_stats: SUCCESS
add_player: FAILURE
play_match: FAILURE
get_team_points: SUCCESS, 15727
add_team: FAILURE
get_top_scorer: SUCCESS, 34
get_closest_player: SUCCESS, 77
unite_teams: FAILURE
remove_team: FAILURE
remove_team: FAILURE
remove_team: FAILURE
remove_team: FAILURE
remove_team: FAILURE
get_all_players: SUCCESS
112
111
10
192
140
57
update_player_stats: SUCCESS
play_match: SUCCESS
get_num_played_games: SUCCESS, 9376
remove_player: SUCCESS
update_player_stats: SUCCESS
get_all_players_count: SUCCESS, 16
update_player_stats: SUCCESS
add_team: FAILURE
remove_player: SUCCESS
get_top_scorer: SUCCESS, 116
play_match: FAILURE
update_player_stats: SUCCESS
get_team_points: SUCCESS, 6497
get_team_points: SUCCESS, 386
get_closest_player: SUCCESS, 67
remove_player: SUCCESS
unite_teams: FAILURE
unite_teams: INVALID_INPUT
get_num_played_games: SUCCESS, 10476
knockout_winner: INVALID_INPUT
get_top_scorer: SUCCESS, 64
knockout_winner: SUCCESS, 7
get_top_scorer: SUCCESS, 11
update_player_stats: SUCCESS
get_closest_player: SUCCESS, 136
remove_player: SUCCESS
get_all_players_count: SUCCESS, 3
get_num_played_games: SUCCESS, 1336
unite_teams: FAILURE
get_num_played_games: SUCCESS, 10745
get_top_scorer: SUCCESS, 126
get_all_players_count: SUCCESS, 5
get_top_scorer: SUCCESS, 6
add_player: FAILURE
get_team_points: SUCCESS, 15250
remove_player: SUCCESS
add_player: FAILURE
get_num_played_games: SUCCESS, 11711
add_player: FAILURE
play_match: FAILURE
unite_teams: FAILURE
unite_teams: INVALID_INPUT
get_all_players: SUCCESS
172
28
38
81
152
74
114
35
161
119
add_team: FAILURE
get_top_scorer: SUCCESS, 119
get_closest_player: SUCCESS, 118
add_team: FAILURE
update_player_stats: SUCCESS
add_player: FAILURE
knockout_winner: FAILURE
add_player: FAILURE
get_all_players: SUCCESS
55
198
109
85
40
96
88
36
19
173
39
46
14
unite_teams: FAILURE
add_player: FAILURE
get_num_played_games: SUCCESS, 2249
get_top_scorer: SUCCESS, 15
get_team_points: SUCCESS, 9509
add_player: FAILURE
remove_player: SUCCESS
get_all_players_count: SUCCESS, 7
update_player_stats: SUCCESS
update_player_stats: SUCCESS
get_num_played_games: SUCCESS, 3407
add_player: FAILURE
add_player: FAILURE
get_all_players: SUCCESS
143
106
29
67
20
190
133
196
121
get_all_players_count: SUCCESS, 10
get_team_points: SUCCESS, 6497
update_player_stats: SUCCESS
remove_player: SUCCESS
knockout_winner: INVALID_INPUT
play_match: FAILURE
get_all_players_count: SUCCESS, 10
add_player: FAILURE
play_match: FAILURE
knockout_winner: SUCCESS, 7
knockout_winner: INVALID_INPUT
remove_team: FAILURE
knockout_winner: FAILURE
get_closest_player: SUCCESS, 6
add_player: FAILURE
knockout_winner: SUCCESS, 7
get_all_players: SUCCESS
17
60
64
get_closest_player: SUCCESS, 104
knockout_winner: FAILURE
unite_teams: FAILURE
knockout_winner: SUCCESS, 7
knockout_winner: SUCCESS, 7
get_top_scorer: SUCCESS, 6
get_all_players: SUCCESS
188
179
108
42
191
91
160
73
189
117
94
163
63
132
181
69
get_top_scorer: SUCCESS, 34
get_team_points: SUCCESS, 749
get_top_scorer: SUCCESS, 99
get_all_players: SUCCESS
13
2
37
21
78
122
135
159
147
99
remove_player: SUCCESS
get_all_players_count: SUCCESS, 6
add_player: FAILURE
get_all_players_count: SUCCESS, 10
get_all_players: SUCCESS
150
54
44
76
126
unite_teams: FAILURE
add_team: FAILURE
remove_player: SUCCESS
get_team_points: SUCCESS, 15253
get_all_players_count: SUCCESS, 13
get_num_played_games: SUCCESS, 10549
get_all_players_count: SUCCESS, 7
add_player: FAILURE
get_closest_player: SUCCESS, 25
get_all_players: SUCCESS
112
111
10
192
140
57
knockout_winner: SUCCESS, 2
unite_teams: FAILURE
add_team: FAILURE
get_all_players: SUCCESS
77
180
171
199
141
168
66
75
84
9
97
197
178
18
200
68
45
62
1
24
get_all_players: SUCCESS
194
139
43
162
130
25
27
124
118
15
get_num_played_games: SUCCESS, 5657
unite_teams: FAILURE
unite_teams: FAILURE
get_all_players: SUCCESS
149
101
50
183
52
98
34
get_num_played_games: SUCCESS, 2241
knockout_winner: FAILURE
get_closest_player: SUCCESS, 40
get_top_scorer: SUCCESS, 116
get_all_players_count: SUCCESS, 8
get_team_points: SUCCESS, 386
get_all_players: SUCCESS
31
86
128
169
186
185
184
116
remove_player: SUCCESS
remove_player: SUCCESS
remove_player: SUCCESS
unite_teams: FAILURE
remove_team: FAILURE
get_closest_player: SUCCESS, 63
remove_player: SUCCESS
add_player: FAILURE
add_team: FAILURE
get_top_scorer: SUCCESS, 64
get_all_players_count: SUCCESS, 9
knockout_winner: FAILURE
knockout_winner: FAILURE
get_closest_player: SUCCESS, 194
remove_team: FAILURE
get_closest_player: SUCCESS, 179
get_all_players_count: SUCCESS, 6
remove_player: SUCCESS
get_top_scorer: SUCCESS, 6
play_match: FAILURE
get_num_played_games: SUCCESS, 3753
add_team: FAILURE
add_player: FAILURE
unite_teams: FAILURE
get_num_played_games: SUCCESS, 8142
get_all_players_count: SUCCESS, 10
add_player: FAILURE
get_all_players_count: SUCCESS, 6
unite_teams: INVALID_INPUT
unite_teams: FAILURE
get_all_players_count: SUCCESS, 19
add_team: FAILURE
unite_teams: FAILURE
remove_team: FAILURE
knockout_winner: FAILURE
play_match: FAILURE
get_num_played_games: SUCCESS, 7295
get_num_played_games: SUCCESS, 13039
add_team: FAILURE
add_team: FAILURE
remove_team: FAILURE
knockout_winner: SUCCESS, 7
get_num_played_games: SUCCESS, 17500
get_closest_player: SUCCESS, 7
unite_teams: FAILURE
knockout_winner: SUCCESS, 7
add_team: FAILURE
get_team_points: SUCCESS, 749
get_all_players: SUCCESS
31
86
128
169
186
185
184
116
unite_teams: FAILURE
get_team_points: SUCCESS, 6497
get_top_scorer: SUCCESS, 56
update_player_stats: SUCCESS
play_match: FAILURE
get_all_players: SUCCESS
150
54
44
76
126
update_player_stats: SUCCESS
get_closest_player: SUCCESS, 194
get_num_played_games: SUCCESS, 12820
knockout_winner: INVALID_INPUT
remove_player: SUCCESS
remove_player: SUCCESS
get_num_played_games: SUCCESS, 7295
get_team_points: SUCCESS, 872
get_all_players: SUCCESS
149
101
50
183
98
34
remove_team: FAILURE
get_all_players_count: SUCCESS, 3
remove_player: SUCCESS
get_all_players: SUCCESS
55
198
109
85
96
88
36
19
173
40
39
46
14
add_team: FAILURE
unite_teams: FAILURE
unite_teams: FAILURE
get_all_players: SUCCESS
77
180
199
141
168
66
75
84
9
197
178
18
97
200
68
45
62
1
24
get_team_points: SUCCESS, 9687
knockout_winner: INVALID_INPUT
update_player_stats: SUCCESS
knockout_winner: INVALID_INPUT
add_player: FAILURE
get_top_scorer: SUCCESS, 14
add_team: FAILURE
unite_teams: FAILURE
get_team_points: SUCCESS, 872
get_closest_player: SUCCESS, 200
get_team_points: SUCCESS, 1383
remove_player: SUCCESS
get_team_points: SUCCESS, 4886
get_all_players: SUCCESS
143
29
67
20
190
add_player: FAILURE
add_team: FAILURE
get_top_scorer: SUCCESS, 6
get_closest_player: SUCCESS, 46
get_top_scorer: SUCCESS, 15
get_all_players_count: SUCCESS, 10
unite_teams: FAILURE
unite_teams: FAILURE
get_closest_player: SUCCESS, 15
remove_team: FAILURE
play_match: FAILURE
get_top_scorer: SUCCESS, 184
get_num_played_games: SUCCESS, 9200
get_all_players: SUCCESS
143
29
67
20
190
knockout_winner: SUCCESS, 7
play_match: SUCCESS
get_all_players_count: SUCCESS, 5
play_match: FAILURE
get_all_players: SUCCESS
172
28
38
81
152
74
114
35
161
119
add_player: FAILURE
knockout_winner: INVALID_INPUT
unite_teams: FAILURE
update_player_stats: SUCCESS
update_player_stats: SUCCESS
play_match: FAILURE
get_team_points: SUCCESS, 9509
get_team_points: SUCCESS, 10341
unite_teams: FAILURE
get_all_players: SUCCESS
112
111
10
192
140
57
remove_team: FAILURE
get_closest_player: SUCCESS, 77
add_team: FAILURE
remove_player: SUCCESS
get_all_players_count: SUCCESS, 8
get_closest_player: SUCCESS, 192
add_team: FAILURE
remove_player: SUCCESS
get_num_played_games: SUCCESS, 2120
add_player: FAILURE
get_top_scorer: SUCCESS, 14
add_team: FAILURE
get_top_scorer: SUCCESS, 60
update_player_stats: SUCCESS
get_team_points: SUCCESS, 9681
knockout_winner: FAILURE
add_team: FAILURE
get_team_points: SUCCESS, 749
get_num_played_games: SUCCESS, 7615
get_all_players: SUCCESS
150
54
44
126
76
remove_team: FAILURE
add_team: FAILURE
get_top_scorer: SUCCESS, 24
get_num_played_games: SUCCESS, 17129
remove_team: FAILURE
get_closest_player: SUCCESS, 169
get_team_points: SUCCESS, 9509
knockout_winner: FAILURE
add_team: FAILURE
get_num_played_games: SUCCESS, 8491
get_team_points: SUCCESS, 17191
get_all_players: SUCCESS
166
154
53
167
146
33
get_top_scorer: SUCCESS, 60
unite_teams: FAILURE
add_team: FAILURE
get_top_scorer: SUCCESS, 14
get_all_players_count: SUCCESS, 5
add_team: FAILURE
update_player_stats: SUCCESS
get_num_played_games: SUCCESS, 1635
add_team: FAILURE
get_all_players: SUCCESS
72
102
104
87
90
7
92
6
get_team_points: SUCCESS, 872
update_player_stats: SUCCESS
play_match: FAILURE
get_num_played_games: SUCCESS, 2898
unite_teams: FAILURE
add_team: FAILURE
remove_team: FAILURE
get_closest_player: SUCCESS, 104
play_match: FAILURE
get_top_scorer: SUCCESS, 34
get_top_scorer: SUCCESS, 57
add_player: FAILURE
get_all_players: SUCCESS
139
43
162
130
25
27
124
118
15
get_all_players: SUCCESS
112
111
10
192
140
57
add_player: FAILURE
add_player: FAILURE
unite_teams: FAILURE
play_match: FAILURE
get_num_played_games: SUCCESS, 1854
get_closest_player: SUCCESS, 109
get_top_scorer: SUCCESS, 14
get_top_scorer: SUCCESS, 33
get_all_players: SUCCESS
55
198
109
85
96
88
36
19
173
40
39
46
14
get_num_played_games: SUCCESS, 26418
play_match: FAILURE
get_closest_player: SUCCESS, 112
get_team_points: SUCCESS, 4886
get_team_points: SUCCESS, 4886
knockout_winner: SUCCESS, 14
unite_teams: FAILURE
get_team_points: SUCCESS, 386
add_player: FAILURE
get_closest_player: SUCCESS, 90
get_all_players: SUCCESS
188
179
108
42
191
91
160
73
189
117
94
163
63
132
181
69
get_all_players: SUCCESS
112
111
10
192
140
57
get_all_players_count: SUCCESS, 5
update_player_stats: SUCCESS
knockout_winner: INVALID_INPUT
get_num_played_games: SUCCESS, 5499
play_match: FAILURE
update_player_stats: SUCCESS
knockout_winner: SUCCESS, 7
update_player_stats: SUCCESS
remove_player: SUCCESS
remove_player: SUCCESS
remove_player: SUCCESS
remove_player: SUCCESS
remove_player: SUCCESS
remove_player: SUCCESS
remove_player: SUCCESS
remove_player: SUCCESS
remove_player: SUCCESS
remove_player: SUCCESS
remove_player: SUCCESS
remove_player: SUCCESS
remove_player: SUCCESS
remove_player: SUCCESS
remove_player: SUCCESS
remove_player: SUCCESS
remove_player: SUCCESS
remove_player: SUCCESS
remove_player: SUCCESS
remove_player: SUCCESS
remove_player: SUCCESS
remove_player: SUCCESS
remove_player: SUCCESS
remove_player: SUCCESS
remove_player: SUCCESS
remove_player: SUCCESS
remove_player: SUCCESS
remove_player: SUCCESS
remove_player: SUCCESS
remove_player: SUCCESS
remove_player: SUCCESS
remove_player: SUCCESS
remove_player: SUCCESS
remove_player: SUCCESS
remove_player: SUCCESS
remove_player: SUCCESS
remove_player: SUCCESS
remove_player: SUCCESS
remove_player: SUCCESS
remove_player: SUCCESS
remove_player: SUCCESS
remove_player: SUCCESS
remove_player: SUCCESS
remove_player: SUCCESS
remove_player: SUCCESS
remove_player: SUCCESS
remove_player: SUCCESS
remove_player: SUCCESS
remove_player: SUCCESS
remove_player: SUCCESS
remove_player: SUCCESS
remove_player: SUCCESS
remove_player: SUCCESS
remove_player: SUCCESS
remove_player: SUCCESS
remove_player: SUCCESS
remove_player: SUCCESS
remove_player: SUCCESS
remove_player: SUCCESS
remove_player: SUCCESS
remove_player: SUCCESS
remove_player: SUCCESS
remove_player: SUCCESS
remove_player: SUCCESS
remove_player: SUCCESS
remove_player: SUCCESS
remove_player: SUCCESS
remove_player: SUCCESS
remove_player: SUCCESS
remove_player: SUCCESS
remove_player: SUCCESS
remove_player: SUCCESS
remove_player: SUCCESS
remove_player: SUCCESS
remove_player: SUCCESS
remove_player: SUCCESS
remove_player: SUCCESS
remove_player: SUCCESS
remove_player: SUCCESS
remove_player: SUCCESS
remove_player: SUCCESS
remove_player: SUCCESS
remove_player: SUCCESS
remove_player: SUCCESS
remove_player: SUCCESS
remove_player: SUCCESS
remove_player: SUCCESS
remove_player: SUCCESS
remove_player: SUCCESS
remove_player: SUCCESS
remove_player: SUCCESS
remove_player: SUCCESS
remove_player: SUCCESS
remove_player: SUCCESS
remove_player: SUCCESS
remove_player: SUCCESS
remove_player: SUCCESS
remove_player: SUCCESS
remove_player: SUCCESS
remove_player: SUCCESS
remove_player: SUCCESS
remove_player: SUCCESS
remove_player: SUCCESS
remove_player: SUCCESS
remove_player: SUCCESS
remove_player: SUCCESS
remove_player: SUCCESS
remove_player: SUCCESS
remove_player: SUCCESS
remove_player: SUCCESS
remove_player: SUCCESS
remove_player: SUCCESS
remove_player: SUCCESS
remove_player: SUCCESS
remove_player: SUCCESS
remove_player: SUCCESS
remove_player: SUCCESS
remove_player: SUCCESS
remove_player: SUCCESS
remove_player: SUCCESS
remove_player: SUCCESS
remove_player: SUCCESS
remove_player: SUCCESS
remove_player: SUCCESS
remove_player: SUCCESS
remove_player: SUCCESS
remove_player: SUCCESS
remove_player: SUCCESS
remove_player: SUCCESS
remove_player: SUCCESS
remove_player: SUCCESS
remove_team: SUCCESS
remove_team: SUCCESS
remove_team: SUCCESS
remove_team: SUCCESS
remove_team: SUCCESS
remove_team: SUCCESS
remove_team: SUCCESS
remove_team: SUCCESS
remove_team: SUCCESS
remove_team: SUCCESS
remove_team: SUCCESS
remove_team: SUCCESS
remove_team: SUCCESS
remove_team: SUCCESS
remove_team: SUCCESS
