add_team: SUCCESS
add_team: SUCCESS
add_team: SUCCESS
add_team: SUCCESS
add_team: SUCCESS
add_team: SUCCESS
add_team: SUCCESS
add_team: SUCCESS
add_team: SUCCESS
add_team: SUCCESS
add_team: SUCCESS
add_team: SUCCESS
add_team: SUCCESS
add_team: SUCCESS
add_team: SUCCESS
add_team: SUCCESS
add_team: SUCCESS
add_team: SUCCESS
add_team: SUCCESS
add_team: SUCCESS
add_player: SUCCESS
add_player: SUCCESS
add_player: SUCCESS
add_player: SUCCESS
add_player: SUCCESS
add_player: SUCCESS
add_player: SUCCESS
add_player: SUCCESS
add_player: SUCCESS
add_player: SUCCESS
add_player: SUCCESS
add_player: SUCCESS
add_player: SUCCESS
add_player: SUCCESS
add_player: SUCCESS
add_player: SUCCESS
add_player: SUCCESS
add_player: SUCCESS
add_player: SUCCESS
add_player: SUCCESS
add_player: SUCCESS
add_player: SUCCESS
add_player: SUCCESS
add_player: SUCCESS
add_player: SUCCESS
add_player: SUCCESS
add_player: SUCCESS
add_player: SUCCESS
add_player: SUCCESS
add_player: SUCCESS
add_player: SUCCESS
add_player: SUCCESS
add_player: SUCCESS
add_player: SUCCESS
add_player: SUCCESS
add_player: SUCCESS
add_player: SUCCESS
add_player: SUCCESS
add_player: SUCCESS
add_player: SUCCESS
add_player: SUCCESS
add_player: SUCCESS
add_player: SUCCESS
add_player: SUCCESS
add_player: SUCCESS
add_player: SUCCESS
add_player: SUCCESS
add_player: SUCCESS
add_player: SUCCESS
add_player: SUCCESS
add_player: SUCCESS
add_player: SUCCESS
add_player: SUCCESS
add_player: SUCCESS
add_player: SUCCESS
add_player: SUCCESS
add_player: SUCCESS
add_player: SUCCESS
add_player: SUCCESS
add_player: SUCCESS
add_player: SUCCESS
add_player: SUCCESS
add_player: SUCCESS
add_player: SUCCESS
add_player: SUCCESS
add_player: SUCCESS
add_player: SUCCESS
add_player: SUCCESS
add_player: SUCCESS
add_player: SUCCESS
add_player: SUCCESS
add_player: SUCCESS
add_player: SUCCESS
add_player: SUCCESS
add_player: SUCCESS
add_player: SUCCESS
add_player: SUCCESS
add_player: SUCCESS
add_player: SUCCESS
add_player: SUCCESS
add_player: SUCCESS
add_player: SUCCESS
add_player: SUCCESS
add_player: SUCCESS
add_player: SUCCESS
add_player: SUCCESS
add_player: SUCCESS
add_player: SUCCESS
add_player: SUCCESS
add_player: SUCCESS
add_player: SUCCESS
add_player: SUCCESS
add_player: SUCCESS
add_player: SUCCESS
add_player: SUCCESS
add_player: SUCCESS
add_player: SUCCESS
add_player: SUCCESS
add_player: SUCCESS
add_player: SUCCESS
add_player: SUCCESS
add_player: SUCCESS
add_player: SUCCESS
add_player: SUCCESS
add_player: SUCCESS
add_player: SUCCESS
add_player: SUCCESS
add_player: SUCCESS
add_player: SUCCESS
add_player: SUCCESS
add_player: SUCCESS
add_player: SUCCESS
add_player: SUCCESS
add_player: SUCCESS
add_player: SUCCESS
add_player: SUCCESS
add_player: SUCCESS
add_player: SUCCESS
add_player: SUCCESS
add_player: SUCCESS
add_player: SUCCESS
add_player: SUCCESS
add_player: SUCCESS
add_player: SUCCESS
add_player: SUCCESS
add_player: SUCCESS
add_player: SUCCESS
add_player: SUCCESS
add_player: SUCCESS
add_player: SUCCESS
add_player: SUCCESS
add_player: SUCCESS
add_player: SUCCESS
add_player: SUCCESS
add_player: SUCCESS
add_player: SUCCESS
add_player: SUCCESS
add_player: SUCCESS
add_player: SUCCESS
add_player: SUCCESS
add_player: SUCCESS
add_player: SUCCESS
add_player: SUCCESS
add_player: SUCCESS
add_player: SUCCESS
add_player: SUCCESS
add_player: SUCCESS
add_player: SUCCESS
add_player: SUCCESS
add_player: SUCCESS
add_player: SUCCESS
add_player: SUCCESS
add_player: SUCCESS
add_player: SUCCESS
add_player: SUCCESS
add_player: SUCCESS
add_player: SUCCESS
add_player: SUCCESS
add_player: SUCCESS
add_player: SUCCESS
add_player: SUCCESS
add_player: SUCCESS
add_player: SUCCESS
add_player: SUCCESS
add_player: SUCCESS
add_player: SUCCESS
add_player: SUCCESS
add_player: SUCCESS
add_player: SUCCESS
add_player: SUCCESS
add_player: SUCCESS
add_player: SUCCESS
add_player: SUCCESS
add_player: SUCCESS
add_player: SUCCESS
add_player: SUCCESS
add_player: SUCCESS
add_player: SUCCESS
add_player: SUCCESS
add_player: SUCCESS
add_player: SUCCESS
add_player: SUCCESS
add_player: SUCCESS
add_player: SUCCESS
add_player: SUCCESS
add_player: SUCCESS
add_player: SUCCESS
add_player: SUCCESS
add_player: SUCCESS
add_player: SUCCESS
add_player: SUCCESS
add_player: SUCCESS
add_player: SUCCESS
add_player: SUCCESS
add_player: SUCCESS
add_player: SUCCESS
add_player: SUCCESS
add_player: SUCCESS
add_player: SUCCESS
add_player: SUCCESS
get_num_played_games: SUCCESS, 9624
knockout_winner: FAILURE
knockout_winner: SUCCESS, 11
knockout_winner: SUCCESS, 11
knockout_winner: SUCCESS, 20
knockout_winner: INVALID_INPUT
add_team: FAILURE
remove_player: SUCCESS
remove_team: FAILURE
update_player_stats: SUCCESS
get_team_points: SUCCESS, 4330
play_match: FAILURE
remove_player: SUCCESS
knockout_winner: FAILURE
knockout_winner: SUCCESS, 20
knockout_winner: SUCCESS, 14
knockout_winner: FAILURE
knockout_winner: INVALID_INPUT
get_closest_player: SUCCESS, 91
add_player: FAILURE
get_all_players_count: SUCCESS, 12
add_player: FAILURE
play_match: FAILURE
play_match: SUCCESS
update_player_stats: SUCCESS
add_team: FAILURE
add_player: FAILURE
play_match: FAILURE
knockout_winner: SUCCESS, 14
knockout_winner: SUCCESS, 11
knockout_winner: SUCCESS, 11
knockout_winner: SUCCESS, 20
knockout_winner: INVALID_INPUT
get_all_players: SUCCESS
77
141
146
136
13
8
59
53
183
56
play_match: SUCCESS
unite_teams: FAILURE
remove_team: FAILURE
get_team_points: SUCCESS, 4981
add_team: FAILURE
remove_team: FAILURE
remove_player: SUCCESS
add_team: FAILURE
get_closest_player: SUCCESS, 90
update_player_stats: SUCCESS
get_all_players: SUCCESS
80
172
187
109
96
remove_player: SUCCESS
get_all_players: SUCCESS
170
143
159
152
42
176
118
147
166
163
113
63
get_top_scorer: SUCCESS, 2
remove_team: FAILURE
remove_player: SUCCESS
get_top_scorer: SUCCESS, 51
update_player_stats: SUCCESS
unite_teams: FAILURE
get_team_points: SUCCESS, 1460
get_all_players_count: SUCCESS, 5
play_match: FAILURE
get_top_scorer: SUCCESS, 182
get_num_played_games: SUCCESS, 4581
get_top_scorer: SUCCESS, 56
get_top_scorer: SUCCESS, 139
get_closest_player: SUCCESS, 159
play_match: INVALID_INPUT
unite_teams: FAILURE
get_all_players: SUCCESS
29
87
114
184
135
134
70
169
knockout_winner: FAILURE
knockout_winner: SUCCESS, 18
knockout_winner: SUCCESS, 11
knockout_winner: FAILURE
knockout_winner: INVALID_INPUT
get_all_players: SUCCESS
54
199
78
31
190
115
153
17
33
21
131
124
knockout_winner: SUCCESS, 2
knockout_winner: INVALID_INPUT
knockout_winner: INVALID_INPUT
knockout_winner: SUCCESS, 7
knockout_winner: INVALID_INPUT
remove_team: FAILURE
remove_team: FAILURE
get_top_scorer: SUCCESS, 182
add_player: FAILURE
get_closest_player: SUCCESS, 107
get_all_players_count: SUCCESS, 5
add_player: FAILURE
get_all_players_count: SUCCESS, 12
remove_player: SUCCESS
add_player: FAILURE
get_all_players_count: SUCCESS, 8
get_top_scorer: SUCCESS, 32
get_all_players_count: SUCCESS, 8
update_player_stats: SUCCESS
get_num_played_games: SUCCESS, 9251
get_all_players: SUCCESS
37
119
15
121
71
60
7
91
179
130
3
105
play_match: FAILURE
remove_player: SUCCESS
add_player: FAILURE
get_team_points: SUCCESS, 4016
add_player: FAILURE
update_player_stats: SUCCESS
get_closest_player: SUCCESS, 46
remove_player: SUCCESS
add_player: FAILURE
update_player_stats: SUCCESS
play_match: FAILURE
get_all_players_count: SUCCESS, 8
add_team: FAILURE
remove_player: SUCCESS
remove_team: FAILURE
get_closest_player: SUCCESS, 34
get_all_players: SUCCESS
112
106
150
67
198
65
83
162
74
103
57
144
127
93
44
remove_player: SUCCESS
play_match: SUCCESS
update_player_stats: SUCCESS
get_all_players_count: SUCCESS, 5
get_team_points: SUCCESS, 10701
remove_team: FAILURE
play_match: FAILURE
get_all_players: SUCCESS
1
79
142
175
51
unite_teams: FAILURE
add_player: FAILURE
get_closest_player: SUCCESS, 134
add_team: FAILURE
add_team: FAILURE
get_all_players_count: SUCCESS, 5
get_all_players_count: SUCCESS, 14
remove_player: SUCCESS
get_team_points: SUCCESS, 12270
update_player_stats: SUCCESS
get_closest_player: SUCCESS, 20
get_num_played_games: SUCCESS, 3642
play_match: INVALID_INPUT
get_all_players_count: SUCCESS, 5
get_all_players_count: SUCCESS, 10
add_player: FAILURE
unite_teams: FAILURE
get_closest_player: SUCCESS, 67
get_closest_player: SUCCESS, 151
get_all_players_count: SUCCESS, 9
get_all_players_count: SUCCESS, 10
remove_team: FAILURE
play_match: FAILURE
unite_teams: FAILURE
remove_team: FAILURE
get_num_played_games: SUCCESS, 10709
get_team_points: SUCCESS, 2303
get_top_scorer: SUCCESS, 139
update_player_stats: SUCCESS
play_match: FAILURE
get_closest_player: SUCCESS, 194
add_team: FAILURE
unite_teams: FAILURE
get_top_scorer: SUCCESS, 90
play_match: FAILURE
knockout_winner: SUCCESS, 20
knockout_winner: SUCCESS, 20
knockout_winner: SUCCESS, 14
knockout_winner: FAILURE
knockout_winner: INVALID_INPUT
add_player: FAILURE
get_num_played_games: SUCCESS, 11658
remove_team: FAILURE
get_all_players: SUCCESS
62
89
25
55
18
34
111
85
173
12
23
145
43
101
get_team_points: SUCCESS, 10701
get_all_players: SUCCESS
39
132
82
108
194
100
182
play_match: FAILURE
add_player: FAILURE
remove_player: SUCCESS
add_team: FAILURE
unite_teams: FAILURE
add_player: FAILURE
add_player: FAILURE
get_all_players: SUCCESS
77
141
146
13
136
8
59
53
183
56
play_match: FAILURE
play_match: FAILURE
get_closest_player: SUCCESS, 88
add_team: FAILURE
get_all_players: SUCCESS
102
20
177
11
95
47
117
90
get_closest_player: SUCCESS, 77
add_team: FAILURE
update_player_stats: SUCCESS
knockout_winner: SUCCESS, 11
knockout_winner: SUCCESS, 11
knockout_winner: SUCCESS, 11
knockout_winner: SUCCESS, 20
knockout_winner: FAILURE
knockout_winner: SUCCESS, 14
knockout_winner: SUCCESS, 11
knockout_winner: SUCCESS, 11
knockout_winner: SUCCESS, 20
knockout_winner: INVALID_INPUT
get_all_players: SUCCESS
80
172
187
109
96
get_all_players: SUCCESS
64
88
98
40
107
189
45
32
get_all_players_count: SUCCESS, 8
remove_player: SUCCESS
remove_team: FAILURE
update_player_stats: SUCCESS
knockout_winner: SUCCESS, 14
knockout_winner: SUCCESS, 11
knockout_winner: SUCCESS, 11
knockout_winner: SUCCESS, 20
knockout_winner: INVALID_INPUT
knockout_winner: SUCCESS, 11
knockout_winner: SUCCESS, 11
knockout_winner: SUCCESS, 11
knockout_winner: SUCCESS, 20
knockout_winner: INVALID_INPUT
get_top_scorer: SUCCESS, 169
remove_player: SUCCESS
add_player: FAILURE
get_all_players_count: SUCCESS, 11
get_all_players: SUCCESS
64
88
98
40
107
189
45
32
knockout_winner: FAILURE
knockout_winner: SUCCESS, 11
knockout_winner: SUCCESS, 11
knockout_winner: SUCCESS, 20
knockout_winner: INVALID_INPUT
knockout_winner: SUCCESS, 11
knockout_winner: INVALID_INPUT
knockout_winner: INVALID_INPUT
knockout_winner: SUCCESS, 11
knockout_winner: FAILURE
get_all_players_count: SUCCESS, 10
get_num_played_games: SUCCESS, 10648
add_player: FAILURE
add_player: FAILURE
add_player: FAILURE
add_team: FAILURE
remove_player: SUCCESS
unite_teams: INVALID_INPUT
remove_team: FAILURE
play_match: FAILURE
get_team_points: SUCCESS, 12270
update_player_stats: SUCCESS
get_all_players_count: SUCCESS, 9
get_closest_player: SUCCESS, 87
get_closest_player: SUCCESS, 148
knockout_winner: SUCCESS, 11
knockout_winner: INVALID_INPUT
knockout_winner: INVALID_INPUT
knockout_winner: SUCCESS, 11
knockout_winner: SUCCESS, 11
get_all_players_count: SUCCESS, 14
get_all_players: SUCCESS
68
116
129
104
35
update_player_stats: SUCCESS
update_player_stats: SUCCESS
add_team: FAILURE
get_all_players_count: SUCCESS, 8
remove_team: FAILURE
get_closest_player: SUCCESS, 160
get_all_players_count: SUCCESS, 5
play_match: FAILURE
get_num_played_games: SUCCESS, 1970
update_player_stats: SUCCESS
remove_team: FAILURE
get_team_points: SUCCESS, 10701
add_player: FAILURE
remove_team: FAILURE
get_top_scorer: SUCCESS, 105
remove_player: SUCCESS
remove_player: SUCCESS
add_team: FAILURE
remove_player: SUCCESS
play_match: FAILURE
knockout_winner: FAILURE
knockout_winner: SUCCESS, 10
knockout_winner: SUCCESS, 10
knockout_winner: SUCCESS, 20
knockout_winner: INVALID_INPUT
update_player_stats: SUCCESS
add_team: FAILURE
update_player_stats: SUCCESS
unite_teams: FAILURE
get_all_players_count: SUCCESS, 10
unite_teams: SUCCESS
play_match: FAILURE
remove_player: SUCCESS
remove_player: SUCCESS
unite_teams: FAILURE
remove_player: SUCCESS
add_player: FAILURE
add_team: FAILURE
get_top_scorer: SUCCESS, 96
get_top_scorer: SUCCESS, 32
get_top_scorer: SUCCESS, 186
knockout_winner: SUCCESS, 20
knockout_winner: SUCCESS, 20
knockout_winner: FAILURE
knockout_winner: FAILURE
knockout_winner: INVALID_INPUT
add_team: FAILURE
play_match: FAILURE
get_closest_player: SUCCESS, 75
get_closest_player: SUCCESS, 20
knockout_winner: FAILURE
knockout_winner: SUCCESS, 20
knockout_winner: FAILURE
knockout_winner: FAILURE
knockout_winner: INVALID_INPUT
get_all_players: SUCCESS
68
116
129
104
35
get_all_players_count: SUCCESS, 11
remove_team: FAILURE
get_team_points: SUCCESS, 7623
remove_player: SUCCESS
get_num_played_games: SUCCESS, 1327
play_match: SUCCESS
get_team_points: SUCCESS, 2777
knockout_winner: FAILURE
knockout_winner: INVALID_INPUT
knockout_winner: INVALID_INPUT
knockout_winner: SUCCESS, 7
knockout_winner: INVALID_INPUT
get_num_played_games: SUCCESS, 8181
add_team: FAILURE
get_all_players: SUCCESS
68
116
129
104
35
remove_player: SUCCESS
get_all_players: SUCCESS
150
67
198
83
162
74
103
57
144
127
93
44
knockout_winner: SUCCESS, 7
knockout_winner: INVALID_INPUT
knockout_winner: INVALID_INPUT
knockout_winner: SUCCESS, 10
knockout_winner: INVALID_INPUT
get_all_players_count: SUCCESS, 10
unite_teams: FAILURE
play_match: FAILURE
get_num_played_games: SUCCESS, 5669
remove_player: SUCCESS
get_all_players_count: SUCCESS, 8
remove_player: SUCCESS
add_player: FAILURE
remove_player: SUCCESS
remove_team: FAILURE
add_team: FAILURE
remove_team: FAILURE
get_all_players_count: SUCCESS, 8
remove_team: FAILURE
remove_team: FAILURE
get_all_players: SUCCESS
68
116
129
104
35
knockout_winner: FAILURE
knockout_winner: SUCCESS, 20
knockout_winner: FAILURE
knockout_winner: FAILURE
knockout_winner: INVALID_INPUT
play_match: FAILURE
update_player_stats: SUCCESS
knockout_winner: SUCCESS, 11
knockout_winner: SUCCESS, 11
knockout_winner: SUCCESS, 11
knockout_winner: SUCCESS, 20
knockout_winner: INVALID_INPUT
unite_teams: FAILURE
knockout_winner: FAILURE
knockout_winner: SUCCESS, 20
knockout_winner: FAILURE
knockout_winner: FAILURE
knockout_winner: INVALID_INPUT
knockout_winner: INVALID_INPUT
knockout_winner: INVALID_INPUT
knockout_winner: INVALID_INPUT
knockout_winner: INVALID_INPUT
knockout_winner: INVALID_INPUT
get_team_points: SUCCESS, 5128
add_player: FAILURE
remove_player: SUCCESS
get_all_players_count: SUCCESS, 10
get_num_played_games: SUCCESS, 8758
update_player_stats: SUCCESS
get_top_scorer: SUCCESS, 189
update_player_stats: SUCCESS
play_match: FAILURE
get_closest_player: SUCCESS, 99
get_closest_player: SUCCESS, 146
get_top_scorer: SUCCESS, 182
get_closest_player: SUCCESS, 148
remove_player: SUCCESS
remove_player: SUCCESS
get_num_played_games: SUCCESS, 8943
add_player: FAILURE
get_all_players_count: SUCCESS, 4
add_player: FAILURE
get_closest_player: SUCCESS, 79
play_match: SUCCESS
remove_player: SUCCESS
get_num_played_games: SUCCESS, 5765
remove_player: SUCCESS
add_player: FAILURE
get_all_players: SUCCESS
195
158
10
174
9
167
58
99
69
161
remove_player: SUCCESS
get_num_played_games: SUCCESS, 7692
get_closest_player: SUCCESS, 77
get_all_players: SUCCESS
192
30
16
86
61
181
138
41
73
178
remove_player: SUCCESS
get_all_players_count: SUCCESS, 8
get_all_players_count: SUCCESS, 11
remove_team: FAILURE
knockout_winner: INVALID_INPUT
knockout_winner: SUCCESS, 7
knockout_winner: INVALID_INPUT
knockout_winner: INVALID_INPUT
knockout_winner: INVALID_INPUT
unite_teams: FAILURE
add_team: FAILURE
update_player_stats: SUCCESS
get_all_players: SUCCESS
151
77
148
188
141
27
146
76
13
8
157
14
53
183
get_all_players_count: SUCCESS, 10
play_match: FAILURE
get_team_points: SUCCESS, 8274
remove_team: FAILURE
get_top_scorer: SUCCESS, 178
get_all_players: SUCCESS
192
30
16
86
61
181
138
41
73
178
get_all_players: SUCCESS
200
81
126
140
4
84
110
36
128
186
get_top_scorer: SUCCESS, 104
get_all_players: SUCCESS
192
30
16
86
61
181
138
41
73
178
knockout_winner: FAILURE
knockout_winner: SUCCESS, 11
knockout_winner: SUCCESS, 11
knockout_winner: FAILURE
knockout_winner: INVALID_INPUT
add_team: FAILURE
knockout_winner: INVALID_INPUT
knockout_winner: INVALID_INPUT
knockout_winner: INVALID_INPUT
knockout_winner: INVALID_INPUT
knockout_winner: INVALID_INPUT
get_num_played_games: SUCCESS, 6402
get_num_played_games: SUCCESS, 3954
get_closest_player: SUCCESS, 95
knockout_winner: SUCCESS, 5
knockout_winner: SUCCESS, 10
knockout_winner: FAILURE
knockout_winner: SUCCESS, 10
knockout_winner: INVALID_INPUT
add_player: FAILURE
unite_teams: FAILURE
remove_player: SUCCESS
remove_team: FAILURE
remove_player: SUCCESS
play_match: FAILURE
update_player_stats: SUCCESS
remove_team: FAILURE
get_all_players_count: SUCCESS, 9
add_team: FAILURE
get_team_points: SUCCESS, 5128
remove_team: FAILURE
add_player: FAILURE
remove_player: SUCCESS
get_all_players_count: SUCCESS, 11
get_all_players_count: SUCCESS, 6
get_num_played_games: SUCCESS, 9474
add_team: FAILURE
remove_team: FAILURE
update_player_stats: SUCCESS
add_player: FAILURE
get_team_points: SUCCESS, 12856
update_player_stats: SUCCESS
add_team: FAILURE
get_all_players_count: SUCCESS, 11
get_all_players_count: SUCCESS, 8
remove_player: SUCCESS
get_all_players_count: SUCCESS, 7
update_player_stats: SUCCESS
get_closest_player: SUCCESS, 53
knockout_winner: SUCCESS, 11
knockout_winner: INVALID_INPUT
knockout_winner: INVALID_INPUT
knockout_winner: SUCCESS, 11
knockout_winner: SUCCESS, 10
get_all_players_count: SUCCESS, 11
get_top_scorer: SUCCESS, 139
get_top_scorer: SUCCESS, 139
update_player_stats: SUCCESS
get_top_scorer: SUCCESS, 113
get_num_played_games: SUCCESS, 3606
unite_teams: FAILURE
play_match: FAILURE
remove_team: FAILURE
add_player: FAILURE
update_player_stats: SUCCESS
get_num_played_games: SUCCESS, 12000
unite_teams: FAILURE
get_all_players: SUCCESS
199
78
31
54
190
115
153
21
131
33
124
unite_teams: FAILURE
get_top_scorer: SUCCESS, 175
add_player: FAILURE
add_team: FAILURE
add_player: FAILURE
get_num_played_games: SUCCESS, 37
get_closest_player: SUCCESS, 21
add_team: FAILURE
remove_team: FAILURE
knockout_winner: SUCCESS, 5
knockout_winner: SUCCESS, 7
knockout_winner: FAILURE
knockout_winner: SUCCESS, 10
knockout_winner: INVALID_INPUT
get_all_players: SUCCESS
37
119
121
71
60
7
91
179
130
3
105
get_num_played_games: SUCCESS, 2147
get_all_players_count: SUCCESS, 10
remove_player: SUCCESS
get_num_played_games: SUCCESS, 1799
get_team_points: SUCCESS, 8472
get_team_points: SUCCESS, 12856
get_top_scorer: SUCCESS, 124
add_team: FAILURE
get_top_scorer: SUCCESS, 105
get_closest_player: SUCCESS, 134
remove_team: FAILURE
get_all_players_count: SUCCESS, 14
play_match: FAILURE
get_top_scorer: SUCCESS, 105
remove_player: SUCCESS
get_team_points: SUCCESS, 5128
get_all_players: SUCCESS
195
158
10
174
9
167
99
69
58
161
remove_player: SUCCESS
remove_player: SUCCESS
add_team: FAILURE
unite_teams: FAILURE
get_all_players: SUCCESS
195
158
10
174
9
167
99
69
58
161
update_player_stats: SUCCESS
add_team: FAILURE
get_all_players_count: SUCCESS, 11
remove_player: SUCCESS
play_match: FAILURE
remove_team: FAILURE
get_team_points: SUCCESS, 12856
knockout_winner: FAILURE
knockout_winner: SUCCESS, 11
knockout_winner: SUCCESS, 10
knockout_winner: SUCCESS, 20
knockout_winner: INVALID_INPUT
get_closest_player: SUCCESS, 146
get_all_players: SUCCESS
170
143
152
42
176
118
147
166
163
63
113
get_top_scorer: SUCCESS, 124
get_closest_player: SUCCESS, 33
remove_player: SUCCESS
remove_player: SUCCESS
play_match: FAILURE
remove_player: SUCCESS
add_player: FAILURE
unite_teams: SUCCESS
remove_player: SUCCESS
knockout_winner: INVALID_INPUT
knockout_winner: SUCCESS, 10
knockout_winner: INVALID_INPUT
knockout_winner: INVALID_INPUT
knockout_winner: INVALID_INPUT
get_num_played_games: SUCCESS, 1042
get_team_points: SUCCESS, 10207
get_closest_player: SUCCESS, 2
get_top_scorer: SUCCESS, 161
get_closest_player: SUCCESS, 7
play_match: FAILURE
update_player_stats: SUCCESS
remove_team: FAILURE
add_team: FAILURE
get_closest_player: SUCCESS, 162
get_top_scorer: SUCCESS, 82
get_team_points: SUCCESS, 13481
remove_team: FAILURE
get_team_points: SUCCESS, 12856
play_match: FAILURE
update_player_stats: SUCCESS
add_player: FAILURE
knockout_winner: INVALID_INPUT
knockout_winner: SUCCESS, 4
knockout_winner: INVALID_INPUT
knockout_winner: INVALID_INPUT
knockout_winner: INVALID_INPUT
update_player_stats: SUCCESS
get_all_players: SUCCESS
116
129
199
78
31
54
190
115
153
21
33
124
get_closest_player: SUCCESS, 4
unite_teams: FAILURE
get_closest_player: SUCCESS, 53
knockout_winner: SUCCESS, 10
knockout_winner: SUCCESS, 4
knockout_winner: SUCCESS, 4
knockout_winner: FAILURE
knockout_winner: INVALID_INPUT
get_team_points: SUCCESS, 4330
play_match: FAILURE
get_all_players_count: SUCCESS, 12
add_player: FAILURE
knockout_winner: SUCCESS, 10
knockout_winner: INVALID_INPUT
knockout_winner: INVALID_INPUT
knockout_winner: SUCCESS, 10
knockout_winner: SUCCESS, 10
play_match: FAILURE
get_all_players_count: SUCCESS, 9
get_team_points: SUCCESS, 13481
knockout_winner: INVALID_INPUT
knockout_winner: SUCCESS, 4
knockout_winner: INVALID_INPUT
knockout_winner: INVALID_INPUT
knockout_winner: INVALID_INPUT
update_player_stats: SUCCESS
play_match: FAILURE
update_player_stats: SUCCESS
unite_teams: FAILURE
add_team: FAILURE
add_team: FAILURE
get_all_players: SUCCESS
137
185
180
171
92
38
unite_teams: FAILURE
get_all_players: SUCCESS
102
20
177
95
47
117
11
90
update_player_stats: SUCCESS
get_closest_player: SUCCESS, 134
remove_player: SUCCESS
get_num_played_games: SUCCESS, 4473
add_team: FAILURE
get_all_players_count: SUCCESS, 12
remove_player: SUCCESS
remove_team: FAILURE
get_team_points: SUCCESS, 7440
unite_teams: SUCCESS
knockout_winner: SUCCESS, 10
knockout_winner: SUCCESS, 10
knockout_winner: SUCCESS, 9
knockout_winner: SUCCESS, 20
knockout_winner: FAILURE
remove_player: SUCCESS
get_closest_player: SUCCESS, 37
unite_teams: FAILURE
get_team_points: SUCCESS, 4330
get_team_points: SUCCESS, 25126
add_team: FAILURE
remove_team: FAILURE
get_num_played_games: SUCCESS, 5532
update_player_stats: SUCCESS
remove_team: FAILURE
knockout_winner: FAILURE
knockout_winner: SUCCESS, 20
knockout_winner: FAILURE
knockout_winner: FAILURE
knockout_winner: INVALID_INPUT
add_team: FAILURE
get_all_players_count: SUCCESS, 11
get_top_scorer: SUCCESS, 183
get_all_players: SUCCESS
1
79
142
175
add_team: FAILURE
unite_teams: FAILURE
get_all_players_count: SUCCESS, 5
update_player_stats: SUCCESS
remove_team: FAILURE
get_team_points: SUCCESS, 8079
add_player: FAILURE
add_player: FAILURE
play_match: FAILURE
remove_player: SUCCESS
get_team_points: SUCCESS, 8274
remove_team: FAILURE
add_player: FAILURE
get_top_scorer: SUCCESS, 189
get_all_players: SUCCESS
192
30
16
86
61
181
138
41
73
knockout_winner: FAILURE
knockout_winner: SUCCESS, 10
knockout_winner: SUCCESS, 10
knockout_winner: SUCCESS, 20
knockout_winner: INVALID_INPUT
get_team_points: SUCCESS, 11413
play_match: FAILURE
get_closest_player: SUCCESS, 176
update_player_stats: SUCCESS
get_closest_player: SUCCESS, 107
remove_player: SUCCESS
update_player_stats: SUCCESS
update_player_stats: SUCCESS
get_closest_player: SUCCESS, 182
update_player_stats: SUCCESS
add_team: FAILURE
get_all_players_count: SUCCESS, 8
knockout_winner: INVALID_INPUT
knockout_winner: INVALID_INPUT
knockout_winner: INVALID_INPUT
knockout_winner: INVALID_INPUT
knockout_winner: INVALID_INPUT
get_team_points: SUCCESS, 13481
remove_player: SUCCESS
get_top_scorer: SUCCESS, 82
get_num_played_games: SUCCESS, 5976
get_all_players: SUCCESS
192
30
16
86
61
181
138
41
73
get_closest_player: SUCCESS, 145
remove_team: FAILURE
get_all_players: SUCCESS
64
40
107
32
189
get_team_points: SUCCESS, 13481
remove_player: SUCCESS
get_num_played_games: SUCCESS, 4280
knockout_winner: FAILURE
knockout_winner: SUCCESS, 20
knockout_winner: FAILURE
knockout_winner: FAILURE
knockout_winner: INVALID_INPUT
get_num_played_games: SUCCESS, 7633
get_num_played_games: SUCCESS, 11976
get_num_played_games: SUCCESS, 215
get_team_points: SUCCESS, 1460
get_closest_player: SUCCESS, 90
knockout_winner: SUCCESS, 20
knockout_winner: SUCCESS, 20
knockout_winner: FAILURE
knockout_winner: FAILURE
knockout_winner: INVALID_INPUT
add_team: FAILURE
get_top_scorer: SUCCESS, 169
remove_player: SUCCESS
remove_player: SUCCESS
remove_team: FAILURE
get_all_players: SUCCESS
89
55
111
85
173
23
145
25
43
101
get_top_scorer: SUCCESS, 189
get_top_scorer: SUCCESS, 96
remove_player: SUCCESS
update_player_stats: SUCCESS
add_team: FAILURE
update_player_stats: SUCCESS
get_all_players: SUCCESS
37
119
121
60
7
91
179
130
105
3
71
knockout_winner: SUCCESS, 10
knockout_winner: INVALID_INPUT
knockout_winner: INVALID_INPUT
knockout_winner: SUCCESS, 10
knockout_winner: FAILURE
remove_team: FAILURE
get_all_players: SUCCESS
37
119
121
60
7
91
179
130
105
3
71
add_player: FAILURE
get_closest_player: SUCCESS, 134
add_player: FAILURE
get_num_played_games: SUCCESS, 5024
get_all_players_count: SUCCESS, 10
remove_player: SUCCESS
get_all_players: SUCCESS
64
40
107
32
189
get_num_played_games: SUCCESS, 13020
remove_player: SUCCESS
get_closest_player: SUCCESS, 37
add_team: FAILURE
update_player_stats: SUCCESS
get_all_players_count: SUCCESS, 8
get_all_players: SUCCESS
52
160
66
197
120
191
26
50
unite_teams: FAILURE
get_all_players_count: SUCCESS, 8
play_match: FAILURE
unite_teams: FAILURE
get_team_points: SUCCESS, 1587
get_team_points: SUCCESS, 13481
add_team: FAILURE
add_player: FAILURE
play_match: FAILURE
get_closest_player: SUCCESS, 3
add_player: FAILURE
get_closest_player: SUCCESS, 37
play_match: FAILURE
remove_player: SUCCESS
get_team_points: SUCCESS, 7440
get_closest_player: SUCCESS, 185
remove_team: FAILURE
get_all_players: SUCCESS
200
81
126
140
84
110
186
128
get_top_scorer: SUCCESS, 71
unite_teams: FAILURE
get_team_points: SUCCESS, 1587
add_player: FAILURE
get_all_players: SUCCESS
200
81
126
140
84
110
186
128
get_all_players_count: SUCCESS, 9
get_closest_player: SUCCESS, 33
get_team_points: SUCCESS, 8079
update_player_stats: SUCCESS
update_player_stats: SUCCESS
add_player: FAILURE
get_all_players: SUCCESS
116
199
78
31
54
115
153
129
33
124
add_player: FAILURE
knockout_winner: FAILURE
knockout_winner: FAILURE
knockout_winner: FAILURE
knockout_winner: FAILURE
knockout_winner: INVALID_INPUT
get_all_players: SUCCESS
80
172
187
109
96
add_player: FAILURE
unite_teams: FAILURE
play_match: FAILURE
add_team: FAILURE
get_num_played_games: SUCCESS, 7473
unite_teams: FAILURE
add_player: FAILURE
get_closest_player: SUCCESS, 55
get_num_played_games: SUCCESS, 12088
unite_teams: FAILURE
remove_team: FAILURE
get_team_points: SUCCESS, 5128
get_top_scorer: SUCCESS, 113
add_player: FAILURE
get_team_points: SUCCESS, 8079
get_top_scorer: SUCCESS, 175
add_player: FAILURE
get_num_played_games: SUCCESS, 6713
get_num_played_games: SUCCESS, 7269
unite_teams: FAILURE
remove_team: FAILURE
get_all_players: SUCCESS
150
198
83
74
103
127
57
162
144
44
add_team: FAILURE
get_all_players_count: SUCCESS, 8
get_closest_player: SUCCESS, 183
remove_team: FAILURE
get_all_players: SUCCESS
200
81
126
140
84
110
186
128
get_team_points: SUCCESS, 7440
play_match: FAILURE
add_team: FAILURE
unite_teams: FAILURE
get_all_players_count: SUCCESS, 8
get_closest_player: SUCCESS, 140
knockout_winner: SUCCESS, 9
knockout_winner: SUCCESS, 9
knockout_winner: SUCCESS, 9
knockout_winner: FAILURE
knockout_winner: INVALID_INPUT
play_match: FAILURE
play_match: FAILURE
get_team_points: SUCCESS, 1587
get_closest_player: SUCCESS, 33
add_team: FAILURE
get_all_players_count: SUCCESS, 10
get_closest_player: SUCCESS, 195
get_all_players_count: SUCCESS, 10
remove_team: FAILURE
get_all_players_count: SUCCESS, 8
play_match: FAILURE
add_team: FAILURE
add_player: FAILURE
get_all_players_count: SUCCESS, 10
update_player_stats: SUCCESS
update_player_stats: SUCCESS
play_match: FAILURE
play_match: FAILURE
get_num_played_games: SUCCESS, 5843
get_all_players: SUCCESS
200
81
126
140
84
110
186
128
get_team_points: SUCCESS, 7623
unite_teams: FAILURE
knockout_winner: INVALID_INPUT
knockout_winner: INVALID_INPUT
knockout_winner: INVALID_INPUT
knockout_winner: INVALID_INPUT
knockout_winner: INVALID_INPUT
get_all_players: SUCCESS
102
20
177
95
47
117
11
remove_player: SUCCESS
update_player_stats: SUCCESS
get_top_scorer: SUCCESS, 71
get_all_players: SUCCESS
150
198
83
74
103
57
162
144
44
unite_teams: SUCCESS
add_player: FAILURE
play_match: FAILURE
get_top_scorer: SUCCESS, 9
get_num_played_games: SUCCESS, 6830
get_all_players: SUCCESS
195
10
174
167
99
69
161
9
remove_player: SUCCESS
add_player: FAILURE
get_num_played_games: SUCCESS, 15502
unite_teams: FAILURE
get_team_points: SUCCESS, 7440
add_player: FAILURE
get_all_players: SUCCESS
55
111
173
23
145
43
101
85
get_closest_player: SUCCESS, 11
unite_teams: INVALID_INPUT
get_num_played_games: SUCCESS, 12088
add_team: FAILURE
add_team: FAILURE
add_player: FAILURE
remove_player: SUCCESS
get_num_played_games: SUCCESS, 4597
get_num_played_games: SUCCESS, 4605
get_closest_player: SUCCESS, 16
get_all_players: SUCCESS
150
198
83
74
103
57
162
144
44
knockout_winner: SUCCESS, 9
knockout_winner: SUCCESS, 9
knockout_winner: SUCCESS, 3
knockout_winner: FAILURE
knockout_winner: INVALID_INPUT
update_player_stats: SUCCESS
get_all_players: SUCCESS
195
10
174
167
99
69
161
9
add_player: FAILURE
update_player_stats: SUCCESS
add_team: FAILURE
unite_teams: SUCCESS
play_match: INVALID_INPUT
knockout_winner: SUCCESS, 20
knockout_winner: SUCCESS, 20
knockout_winner: FAILURE
knockout_winner: FAILURE
knockout_winner: INVALID_INPUT
get_all_players_count: SUCCESS, 11
get_all_players_count: SUCCESS, 5
remove_player: SUCCESS
remove_team: FAILURE
get_top_scorer: SUCCESS, 44
update_player_stats: SUCCESS
get_all_players: SUCCESS
80
172
187
109
96
add_player: FAILURE
play_match: FAILURE
get_top_scorer: SUCCESS, 11
get_top_scorer: SUCCESS, 44
remove_player: SUCCESS
remove_team: FAILURE
knockout_winner: FAILURE
knockout_winner: SUCCESS, 20
knockout_winner: SUCCESS, 9
knockout_winner: SUCCESS, 20
knockout_winner: INVALID_INPUT
add_team: FAILURE
knockout_winner: SUCCESS, 20
knockout_winner: INVALID_INPUT
knockout_winner: INVALID_INPUT
knockout_winner: SUCCESS, 20
knockout_winner: SUCCESS, 9
add_team: FAILURE
knockout_winner: SUCCESS, 9
knockout_winner: SUCCESS, 9
knockout_winner: SUCCESS, 3
knockout_winner: FAILURE
knockout_winner: INVALID_INPUT
play_match: FAILURE
remove_team: FAILURE
unite_teams: FAILURE
play_match: FAILURE
get_team_points: SUCCESS, 4981
get_num_played_games: SUCCESS, 12256
knockout_winner: FAILURE
knockout_winner: SUCCESS, 20
knockout_winner: SUCCESS, 9
knockout_winner: SUCCESS, 20
knockout_winner: INVALID_INPUT
add_team: FAILURE
play_match: FAILURE
remove_team: FAILURE
get_top_scorer: SUCCESS, 175
get_team_points: SUCCESS, 11413
get_all_players_count: SUCCESS, 9
add_team: FAILURE
get_num_played_games: SUCCESS, 38
add_player: FAILURE
add_team: FAILURE
remove_team: FAILURE
remove_team: FAILURE
remove_team: FAILURE
add_team: FAILURE
get_top_scorer: SUCCESS, 96
add_team: FAILURE
get_team_points: SUCCESS, 8274
get_all_players_count: SUCCESS, 9
update_player_stats: SUCCESS
add_team: FAILURE
add_player: FAILURE
add_player: FAILURE
update_player_stats: SUCCESS
remove_player: SUCCESS
get_top_scorer: SUCCESS, 82
get_all_players: SUCCESS
102
20
177
95
47
117
11
get_all_players: SUCCESS
195
10
174
167
99
69
161
9
remove_player: SUCCESS
get_team_points: SUCCESS, 7440
get_top_scorer: SUCCESS, 9
get_top_scorer: SUCCESS, 53
get_team_points: SUCCESS, 7440
remove_team: FAILURE
add_player: FAILURE
get_top_scorer: SUCCESS, 169
knockout_winner: SUCCESS, 9
knockout_winner: SUCCESS, 9
knockout_winner: SUCCESS, 3
knockout_winner: FAILURE
knockout_winner: INVALID_INPUT
get_all_players_count: SUCCESS, 8
knockout_winner: FAILURE
knockout_winner: SUCCESS, 20
knockout_winner: FAILURE
knockout_winner: FAILURE
knockout_winner: INVALID_INPUT
get_all_players: SUCCESS
116
199
78
31
153
129
33
124
54
unite_teams: SUCCESS
get_closest_player: SUCCESS, 2
add_team: FAILURE
get_team_points: SUCCESS, 4981
get_top_scorer: SUCCESS, 169
get_all_players_count: SUCCESS, 5
update_player_stats: SUCCESS
get_team_points: SUCCESS, 11413
remove_team: FAILURE
remove_player: SUCCESS
remove_team: FAILURE
unite_teams: FAILURE
play_match: FAILURE
get_all_players: SUCCESS
80
172
187
109
96
get_num_played_games: SUCCESS, 168
add_team: FAILURE
get_all_players_count: SUCCESS, 8
add_team: FAILURE
play_match: FAILURE
knockout_winner: SUCCESS, 20
knockout_winner: SUCCESS, 20
knockout_winner: SUCCESS, 12
knockout_winner: FAILURE
knockout_winner: INVALID_INPUT
remove_team: FAILURE
add_team: FAILURE
add_player: FAILURE
remove_team: FAILURE
add_team: FAILURE
get_num_played_games: SUCCESS, 9512
get_team_points: SUCCESS, 1587
get_num_played_games: SUCCESS, 3357
remove_team: FAILURE
get_team_points: SUCCESS, 7440
remove_team: FAILURE
get_top_scorer: SUCCESS, 142
get_all_players_count: SUCCESS, 8
add_player: FAILURE
get_all_players_count: SUCCESS, 8
get_closest_player: SUCCESS, 49
get_top_scorer: SUCCESS, 117
play_match: FAILURE
add_player: FAILURE
get_closest_player: SUCCESS, 73
knockout_winner: INVALID_INPUT
knockout_winner: INVALID_INPUT
knockout_winner: INVALID_INPUT
knockout_winner: INVALID_INPUT
knockout_winner: INVALID_INPUT
play_match: FAILURE
get_all_players_count: SUCCESS, 15
get_num_played_games: SUCCESS, 11762
remove_team: FAILURE
get_all_players_count: SUCCESS, 8
remove_player: SUCCESS
get_num_played_games: SUCCESS, 7780
update_player_stats: SUCCESS
play_match: FAILURE
get_all_players_count: SUCCESS, 4
add_team: FAILURE
get_team_points: SUCCESS, 11413
get_top_scorer: SUCCESS, 92
update_player_stats: SUCCESS
get_num_played_games: SUCCESS, 8273
get_num_played_games: SUCCESS, 11976
remove_team: FAILURE
remove_player: SUCCESS
get_all_players: SUCCESS
87
184
135
134
70
29
169
get_top_scorer: SUCCESS, 82
get_num_played_games: SUCCESS, 3255
get_all_players: SUCCESS
192
137
30
185
16
180
86
61
181
171
138
38
41
73
92
remove_team: FAILURE
get_all_players: SUCCESS
37
119
121
60
7
91
179
130
3
71
get_num_played_games: SUCCESS, 13588
add_team: FAILURE
get_all_players: SUCCESS
80
187
109
96
get_team_points: SUCCESS, 11413
update_player_stats: SUCCESS
remove_player: SUCCESS
knockout_winner: SUCCESS, 20
knockout_winner: SUCCESS, 20
knockout_winner: SUCCESS, 12
knockout_winner: SUCCESS, 20
knockout_winner: INVALID_INPUT
unite_teams: FAILURE
get_team_points: SUCCESS, 7431
remove_player: SUCCESS
get_all_players_count: SUCCESS, 4
get_top_scorer: SUCCESS, 128
add_team: FAILURE
update_player_stats: SUCCESS
get_closest_player: SUCCESS, 187
get_top_scorer: SUCCESS, 44
get_team_points: SUCCESS, 1460
knockout_winner: SUCCESS, 20
knockout_winner: SUCCESS, 9
knockout_winner: SUCCESS, 9
knockout_winner: SUCCESS, 20
knockout_winner: INVALID_INPUT
get_team_points: SUCCESS, 4019
remove_team: FAILURE
get_closest_player: SUCCESS, 169
get_top_scorer: SUCCESS, 92
knockout_winner: SUCCESS, 9
knockout_winner: SUCCESS, 9
knockout_winner: SUCCESS, 3
knockout_winner: FAILURE
knockout_winner: INVALID_INPUT
get_num_played_games: SUCCESS, 6508
add_team: FAILURE
knockout_winner: SUCCESS, 12
knockout_winner: SUCCESS, 9
knockout_winner: FAILURE
knockout_winner: FAILURE
knockout_winner: INVALID_INPUT
get_closest_player: SUCCESS, 3
remove_player: SUCCESS
get_all_players: SUCCESS
1
79
175
142
remove_team: FAILURE
unite_teams: FAILURE
knockout_winner: INVALID_INPUT
knockout_winner: FAILURE
knockout_winner: INVALID_INPUT
knockout_winner: INVALID_INPUT
knockout_winner: INVALID_INPUT
get_team_points: SUCCESS, 4981
add_team: FAILURE
add_player: FAILURE
remove_player: SUCCESS
unite_teams: FAILURE
get_all_players: SUCCESS
150
198
83
74
103
57
162
144
44
play_match: INVALID_INPUT
play_match: FAILURE
add_player: FAILURE
get_closest_player: SUCCESS, 168
add_team: FAILURE
knockout_winner: INVALID_INPUT
knockout_winner: FAILURE
knockout_winner: INVALID_INPUT
knockout_winner: INVALID_INPUT
knockout_winner: INVALID_INPUT
get_all_players: SUCCESS
52
160
66
197
120
191
26
50
add_team: FAILURE
remove_player: SUCCESS
add_player: FAILURE
remove_team: FAILURE
get_all_players_count: SUCCESS, 4
add_player: FAILURE
update_player_stats: SUCCESS
play_match: FAILURE
remove_team: FAILURE
unite_teams: FAILURE
play_match: FAILURE
update_player_stats: SUCCESS
add_player: FAILURE
get_all_players_count: SUCCESS, 8
play_match: FAILURE
play_match: FAILURE
get_top_scorer: SUCCESS, 44
update_player_stats: SUCCESS
remove_player: SUCCESS
knockout_winner: SUCCESS, 9
knockout_winner: SUCCESS, 9
knockout_winner: FAILURE
knockout_winner: FAILURE
knockout_winner: INVALID_INPUT
get_team_points: SUCCESS, 25126
get_closest_player: SUCCESS, 167
unite_teams: FAILURE
get_all_players_count: SUCCESS, 6
get_team_points: SUCCESS, 1460
add_player: FAILURE
add_team: FAILURE
knockout_winner: FAILURE
knockout_winner: INVALID_INPUT
knockout_winner: INVALID_INPUT
knockout_winner: SUCCESS, 9
knockout_winner: INVALID_INPUT
remove_player: SUCCESS
knockout_winner: SUCCESS, 9
knockout_winner: SUCCESS, 9
knockout_winner: SUCCESS, 9
knockout_winner: SUCCESS, 20
knockout_winner: INVALID_INPUT
get_top_scorer: SUCCESS, 50
get_top_scorer: SUCCESS, 71
remove_team: FAILURE
get_all_players_count: SUCCESS, 6
remove_team: FAILURE
play_match: FAILURE
play_match: FAILURE
add_player: FAILURE
add_team: FAILURE
update_player_stats: SUCCESS
get_all_players_count: SUCCESS, 7
update_player_stats: SUCCESS
update_player_stats: SUCCESS
remove_player: SUCCESS
update_player_stats: SUCCESS
get_top_scorer: SUCCESS, 117
update_player_stats: SUCCESS
get_team_points: SUCCESS, 4019
get_all_players: SUCCESS
102
20
177
95
47
117
get_all_players: SUCCESS
80
109
96
remove_player: SUCCESS
knockout_winner: SUCCESS, 9
knockout_winner: SUCCESS, 9
knockout_winner: SUCCESS, 9
knockout_winner: SUCCESS, 12
knockout_winner: INVALID_INPUT
remove_team: FAILURE
get_closest_player: SUCCESS, 3
get_closest_player: SUCCESS, 16
get_num_played_games: SUCCESS, 11909
remove_team: FAILURE
add_player: FAILURE
remove_team: FAILURE
unite_teams: FAILURE
get_all_players: SUCCESS
28
125
168
141
48
146
49
76
13
2
14
53
8
remove_team: FAILURE
update_player_stats: SUCCESS
remove_team: FAILURE
get_closest_player: SUCCESS, 61
remove_player: SUCCESS
get_team_points: SUCCESS, 8274
get_top_scorer: SUCCESS, 96
get_top_scorer: SUCCESS, 128
get_num_played_games: SUCCESS, 5532
get_team_points: SUCCESS, 8274
get_closest_player: SUCCESS, 182
get_all_players_count: SUCCESS, 8
update_player_stats: SUCCESS
get_all_players: SUCCESS
80
109
96
add_player: FAILURE
add_player: FAILURE
add_player: FAILURE
get_all_players_count: SUCCESS, 15
get_top_scorer: SUCCESS, 8
unite_teams: FAILURE
get_team_points: SUCCESS, 7431
add_team: FAILURE
get_num_played_games: SUCCESS, 4845
get_all_players_count: SUCCESS, 8
add_team: FAILURE
get_team_points: SUCCESS, 7440
get_team_points: SUCCESS, 10207
get_all_players_count: SUCCESS, 10
add_player: FAILURE
unite_teams: FAILURE
unite_teams: FAILURE
remove_player: SUCCESS
add_team: FAILURE
add_team: FAILURE
get_closest_player: SUCCESS, 32
knockout_winner: SUCCESS, 9
knockout_winner: INVALID_INPUT
knockout_winner: INVALID_INPUT
knockout_winner: SUCCESS, 9
knockout_winner: INVALID_INPUT
update_player_stats: SUCCESS
add_team: FAILURE
get_team_points: SUCCESS, 25126
get_num_played_games: SUCCESS, 9940
get_num_played_games: SUCCESS, 9212
get_all_players: SUCCESS
80
109
96
get_all_players: SUCCESS
111
173
23
101
145
85
get_all_players: SUCCESS
64
108
107
40
100
182
39
132
32
82
get_top_scorer: SUCCESS, 85
remove_player: SUCCESS
get_all_players_count: SUCCESS, 7
remove_team: FAILURE
knockout_winner: FAILURE
knockout_winner: SUCCESS, 20
knockout_winner: FAILURE
knockout_winner: SUCCESS, 20
knockout_winner: INVALID_INPUT
update_player_stats: SUCCESS
get_num_played_games: SUCCESS, 29530
add_team: FAILURE
get_all_players_count: SUCCESS, 12
get_all_players_count: SUCCESS, 12
get_team_points: SUCCESS, 1587
remove_player: SUCCESS
play_match: FAILURE
knockout_winner: SUCCESS, 20
knockout_winner: SUCCESS, 20
knockout_winner: FAILURE
knockout_winner: FAILURE
knockout_winner: INVALID_INPUT
get_top_scorer: SUCCESS, 44
add_team: FAILURE
update_player_stats: SUCCESS
unite_teams: SUCCESS
update_player_stats: SUCCESS
get_team_points: SUCCESS, 12325
unite_teams: FAILURE
play_match: FAILURE
update_player_stats: SUCCESS
get_all_players_count: SUCCESS, 6
get_top_scorer: SUCCESS, 71
remove_player: SUCCESS
remove_player: SUCCESS
remove_player: SUCCESS
remove_player: SUCCESS
remove_player: SUCCESS
remove_player: SUCCESS
remove_player: SUCCESS
remove_player: SUCCESS
remove_player: SUCCESS
remove_player: SUCCESS
remove_player: SUCCESS
remove_player: SUCCESS
remove_player: SUCCESS
remove_player: SUCCESS
remove_player: SUCCESS
remove_player: SUCCESS
remove_player: SUCCESS
remove_player: SUCCESS
remove_player: SUCCESS
remove_player: SUCCESS
remove_player: SUCCESS
remove_player: SUCCESS
remove_player: SUCCESS
remove_player: SUCCESS
remove_player: SUCCESS
remove_player: SUCCESS
remove_player: SUCCESS
remove_player: SUCCESS
remove_player: SUCCESS
remove_player: SUCCESS
remove_player: SUCCESS
remove_player: SUCCESS
remove_player: SUCCESS
remove_player: SUCCESS
remove_player: SUCCESS
remove_player: SUCCESS
remove_player: SUCCESS
remove_player: SUCCESS
remove_player: SUCCESS
remove_player: SUCCESS
remove_player: SUCCESS
remove_player: SUCCESS
remove_player: SUCCESS
remove_player: SUCCESS
remove_player: SUCCESS
remove_player: SUCCESS
remove_player: SUCCESS
remove_player: SUCCESS
remove_player: SUCCESS
remove_player: SUCCESS
remove_player: SUCCESS
remove_player: SUCCESS
remove_player: SUCCESS
remove_player: SUCCESS
remove_player: SUCCESS
remove_player: SUCCESS
remove_player: SUCCESS
remove_player: SUCCESS
remove_player: SUCCESS
remove_player: SUCCESS
remove_player: SUCCESS
remove_player: SUCCESS
remove_player: SUCCESS
remove_player: SUCCESS
remove_player: SUCCESS
remove_player: SUCCESS
remove_player: SUCCESS
remove_player: SUCCESS
remove_player: SUCCESS
remove_player: SUCCESS
remove_player: SUCCESS
remove_player: SUCCESS
remove_player: SUCCESS
remove_player: SUCCESS
remove_player: SUCCESS
remove_player: SUCCESS
remove_player: SUCCESS
remove_player: SUCCESS
remove_player: SUCCESS
remove_player: SUCCESS
remove_player: SUCCESS
remove_player: SUCCESS
remove_player: SUCCESS
remove_player: SUCCESS
remove_player: SUCCESS
remove_player: SUCCESS
remove_player: SUCCESS
remove_player: SUCCESS
remove_player: SUCCESS
remove_player: SUCCESS
remove_player: SUCCESS
remove_player: SUCCESS
remove_player: SUCCESS
remove_player: SUCCESS
remove_player: SUCCESS
remove_player: SUCCESS
remove_player: SUCCESS
remove_player: SUCCESS
remove_player: SUCCESS
remove_player: SUCCESS
remove_player: SUCCESS
remove_player: SUCCESS
remove_player: SUCCESS
remove_player: SUCCESS
remove_player: SUCCESS
remove_player: SUCCESS
remove_player: SUCCESS
remove_player: SUCCESS
remove_player: SUCCESS
remove_player: SUCCESS
remove_player: SUCCESS
remove_player: SUCCESS
remove_player: SUCCESS
remove_player: SUCCESS
remove_player: SUCCESS
remove_player: SUCCESS
remove_player: SUCCESS
remove_player: SUCCESS
remove_team: SUCCESS
remove_team: SUCCESS
remove_team: SUCCESS
remove_team: SUCCESS
remove_team: SUCCESS
remove_team: SUCCESS
remove_team: SUCCESS
remove_team: SUCCESS
remove_team: SUCCESS
remove_team: SUCCESS
remove_team: SUCCESS
remove_team: SUCCESS
remove_team: SUCCESS
