add_team: SUCCESS
add_team: SUCCESS
add_team: SUCCESS
add_team: SUCCESS
add_team: SUCCESS
add_team: SUCCESS
add_team: SUCCESS
add_team: SUCCESS
add_team: SUCCESS
add_team: SUCCESS
add_team: SUCCESS
add_team: SUCCESS
add_team: SUCCESS
add_team: SUCCESS
add_team: SUCCESS
add_team: SUCCESS
add_team: SUCCESS
add_team: SUCCESS
add_team: SUCCESS
add_team: SUCCESS
add_player: SUCCESS
add_player: SUCCESS
add_player: SUCCESS
add_player: SUCCESS
add_player: SUCCESS
add_player: SUCCESS
add_player: SUCCESS
add_player: SUCCESS
add_player: SUCCESS
add_player: SUCCESS
add_player: SUCCESS
add_player: SUCCESS
add_player: SUCCESS
add_player: SUCCESS
add_player: SUCCESS
add_player: SUCCESS
add_player: SUCCESS
add_player: SUCCESS
add_player: SUCCESS
add_player: SUCCESS
add_player: SUCCESS
add_player: SUCCESS
add_player: SUCCESS
add_player: SUCCESS
add_player: SUCCESS
add_player: SUCCESS
add_player: SUCCESS
add_player: SUCCESS
add_player: SUCCESS
add_player: SUCCESS
add_player: SUCCESS
add_player: SUCCESS
add_player: SUCCESS
add_player: SUCCESS
add_player: SUCCESS
add_player: SUCCESS
add_player: SUCCESS
add_player: SUCCESS
add_player: SUCCESS
add_player: SUCCESS
add_player: SUCCESS
add_player: SUCCESS
add_player: SUCCESS
add_player: SUCCESS
add_player: SUCCESS
add_player: SUCCESS
add_player: SUCCESS
add_player: SUCCESS
add_player: SUCCESS
add_player: SUCCESS
add_player: SUCCESS
add_player: SUCCESS
add_player: SUCCESS
add_player: SUCCESS
add_player: SUCCESS
add_player: SUCCESS
add_player: SUCCESS
add_player: SUCCESS
add_player: SUCCESS
add_player: SUCCESS
add_player: SUCCESS
add_player: SUCCESS
add_player: SUCCESS
add_player: SUCCESS
add_player: SUCCESS
add_player: SUCCESS
add_player: SUCCESS
add_player: SUCCESS
add_player: SUCCESS
add_player: SUCCESS
add_player: SUCCESS
add_player: SUCCESS
add_player: SUCCESS
add_player: SUCCESS
add_player: SUCCESS
add_player: SUCCESS
add_player: SUCCESS
add_player: SUCCESS
add_player: SUCCESS
add_player: SUCCESS
add_player: SUCCESS
add_player: SUCCESS
add_player: SUCCESS
add_player: SUCCESS
add_player: SUCCESS
add_player: SUCCESS
add_player: SUCCESS
add_player: SUCCESS
add_player: SUCCESS
add_player: SUCCESS
add_player: SUCCESS
add_player: SUCCESS
add_player: SUCCESS
add_player: SUCCESS
add_player: SUCCESS
add_player: SUCCESS
add_player: SUCCESS
add_player: SUCCESS
add_player: SUCCESS
add_player: SUCCESS
add_player: SUCCESS
add_player: SUCCESS
add_player: SUCCESS
add_player: SUCCESS
add_player: SUCCESS
add_player: SUCCESS
add_player: SUCCESS
add_player: SUCCESS
add_player: SUCCESS
add_player: SUCCESS
add_player: SUCCESS
add_player: SUCCESS
add_player: SUCCESS
add_player: SUCCESS
add_player: SUCCESS
add_player: SUCCESS
add_player: SUCCESS
add_player: SUCCESS
add_player: SUCCESS
add_player: SUCCESS
add_player: SUCCESS
add_player: SUCCESS
add_player: SUCCESS
add_player: SUCCESS
add_player: SUCCESS
add_player: SUCCESS
add_player: SUCCESS
add_player: SUCCESS
add_player: SUCCESS
add_player: SUCCESS
add_player: SUCCESS
add_player: SUCCESS
add_player: SUCCESS
add_player: SUCCESS
add_player: SUCCESS
add_player: SUCCESS
add_player: SUCCESS
add_player: SUCCESS
add_player: SUCCESS
add_player: SUCCESS
add_player: SUCCESS
add_player: SUCCESS
add_player: SUCCESS
add_player: SUCCESS
add_player: SUCCESS
add_player: SUCCESS
add_player: SUCCESS
add_player: SUCCESS
add_player: SUCCESS
add_player: SUCCESS
add_player: SUCCESS
add_player: SUCCESS
add_player: SUCCESS
add_player: SUCCESS
add_player: SUCCESS
add_player: SUCCESS
add_player: SUCCESS
add_player: SUCCESS
add_player: SUCCESS
add_player: SUCCESS
add_player: SUCCESS
add_player: SUCCESS
add_player: SUCCESS
add_player: SUCCESS
add_player: SUCCESS
add_player: SUCCESS
add_player: SUCCESS
add_player: SUCCESS
add_player: SUCCESS
add_player: SUCCESS
add_player: SUCCESS
add_player: SUCCESS
add_player: SUCCESS
add_player: SUCCESS
add_player: SUCCESS
add_player: SUCCESS
add_player: SUCCESS
add_player: SUCCESS
add_player: SUCCESS
add_player: SUCCESS
add_player: SUCCESS
add_player: SUCCESS
add_player: SUCCESS
add_player: SUCCESS
add_player: SUCCESS
add_player: SUCCESS
add_player: SUCCESS
add_player: SUCCESS
add_player: SUCCESS
add_player: SUCCESS
add_player: SUCCESS
add_player: SUCCESS
add_player: SUCCESS
add_player: SUCCESS
add_player: SUCCESS
add_player: SUCCESS
add_player: SUCCESS
add_player: SUCCESS
add_player: SUCCESS
add_player: SUCCESS
add_player: FAILURE
add_team: FAILURE
get_num_played_games: SUCCESS, 9451
get_top_scorer: SUCCESS, 92
update_player_stats: SUCCESS
get_closest_player: SUCCESS, 75
add_team: FAILURE
get_closest_player: SUCCESS, 90
knockout_winner: FAILURE
knockout_winner: SUCCESS, 12
knockout_winner: FAILURE
knockout_winner: FAILURE
knockout_winner: INVALID_INPUT
add_team: FAILURE
remove_team: FAILURE
get_all_players_count: SUCCESS, 12
get_top_scorer: SUCCESS, 191
play_match: FAILURE
get_team_points: SUCCESS, 5245
knockout_winner: SUCCESS, 12
knockout_winner: SUCCESS, 8
knockout_winner: SUCCESS, 8
knockout_winner: FAILURE
knockout_winner: INVALID_INPUT
knockout_winner: SUCCESS, 16
knockout_winner: SUCCESS, 12
knockout_winner: SUCCESS, 12
knockout_winner: FAILURE
knockout_winner: INVALID_INPUT
get_team_points: SUCCESS, 10073
remove_player: SUCCESS
play_match: FAILURE
add_team: FAILURE
add_player: FAILURE
add_player: FAILURE
play_match: FAILURE
play_match: INVALID_INPUT
add_player: FAILURE
remove_team: FAILURE
get_top_scorer: SUCCESS, 191
get_closest_player: SUCCESS, 129
add_team: FAILURE
get_top_scorer: SUCCESS, 148
remove_player: SUCCESS
add_player: FAILURE
get_all_players_count: SUCCESS, 8
unite_teams: FAILURE
get_closest_player: SUCCESS, 70
play_match: FAILURE
unite_teams: INVALID_INPUT
knockout_winner: SUCCESS, 12
knockout_winner: SUCCESS, 8
knockout_winner: SUCCESS, 7
knockout_winner: FAILURE
knockout_winner: INVALID_INPUT
add_team: FAILURE
knockout_winner: SUCCESS, 5
knockout_winner: INVALID_INPUT
knockout_winner: INVALID_INPUT
knockout_winner: FAILURE
knockout_winner: INVALID_INPUT
unite_teams: FAILURE
get_all_players: SUCCESS
4
36
156
134
72
173
90
164
175
49
74
108
135
126
get_closest_player: SUCCESS, 17
get_team_points: SUCCESS, 5266
get_team_points: SUCCESS, 10073
remove_team: FAILURE
remove_player: SUCCESS
remove_player: SUCCESS
play_match: FAILURE
knockout_winner: SUCCESS, 14
knockout_winner: SUCCESS, 8
knockout_winner: SUCCESS, 8
knockout_winner: FAILURE
knockout_winner: INVALID_INPUT
update_player_stats: SUCCESS
get_closest_player: SUCCESS, 146
play_match: SUCCESS
update_player_stats: SUCCESS
add_team: FAILURE
remove_team: FAILURE
knockout_winner: FAILURE
knockout_winner: INVALID_INPUT
knockout_winner: INVALID_INPUT
knockout_winner: FAILURE
knockout_winner: INVALID_INPUT
get_all_players_count: SUCCESS, 13
get_team_points: SUCCESS, 4389
remove_player: SUCCESS
get_team_points: SUCCESS, 11900
get_team_points: SUCCESS, 8130
get_all_players: SUCCESS
61
149
118
91
53
71
57
64
remove_team: FAILURE
remove_player: SUCCESS
get_all_players_count: SUCCESS, 8
play_match: SUCCESS
get_team_points: SUCCESS, 8788
get_all_players: SUCCESS
186
119
95
142
16
167
141
6
unite_teams: SUCCESS
unite_teams: SUCCESS
play_match: FAILURE
remove_team: FAILURE
update_player_stats: SUCCESS
get_team_points: SUCCESS, 4768
get_team_points: SUCCESS, 4200
play_match: FAILURE
get_num_played_games: SUCCESS, 2506
update_player_stats: SUCCESS
add_player: FAILURE
update_player_stats: SUCCESS
add_player: FAILURE
update_player_stats: SUCCESS
unite_teams: SUCCESS
get_team_points: SUCCESS, 61
get_num_played_games: SUCCESS, 1174
play_match: FAILURE
get_all_players: SUCCESS
29
110
104
65
56
116
117
171
18
12
148
174
play_match: SUCCESS
add_player: FAILURE
unite_teams: FAILURE
get_num_played_games: SUCCESS, 7652
knockout_winner: SUCCESS, 4
knockout_winner: INVALID_INPUT
knockout_winner: INVALID_INPUT
knockout_winner: FAILURE
knockout_winner: INVALID_INPUT
unite_teams: FAILURE
get_top_scorer: SUCCESS, 152
update_player_stats: SUCCESS
update_player_stats: SUCCESS
remove_team: FAILURE
knockout_winner: INVALID_INPUT
knockout_winner: INVALID_INPUT
knockout_winner: INVALID_INPUT
knockout_winner: INVALID_INPUT
knockout_winner: INVALID_INPUT
add_team: FAILURE
get_top_scorer: SUCCESS, 59
remove_team: FAILURE
get_all_players: SUCCESS
106
45
10
183
79
42
92
get_top_scorer: SUCCESS, 35
knockout_winner: SUCCESS, 17
knockout_winner: SUCCESS, 17
knockout_winner: SUCCESS, 12
knockout_winner: FAILURE
knockout_winner: INVALID_INPUT
get_num_played_games: SUCCESS, 2668
add_player: FAILURE
unite_teams: FAILURE
play_match: INVALID_INPUT
update_player_stats: SUCCESS
get_all_players_count: SUCCESS, 14
get_all_players: SUCCESS
200
157
188
96
181
84
195
27
128
154
24
40
127
get_team_points: SUCCESS, 4768
add_player: FAILURE
get_team_points: SUCCESS, 4389
remove_player: SUCCESS
play_match: FAILURE
get_team_points: SUCCESS, 15016
get_team_points: SUCCESS, 8130
get_top_scorer: SUCCESS, 112
add_team: FAILURE
get_num_played_games: SUCCESS, 1686
unite_teams: FAILURE
get_closest_player: SUCCESS, 99
update_player_stats: SUCCESS
get_num_played_games: SUCCESS, 10374
unite_teams: FAILURE
get_all_players: SUCCESS
85
76
8
39
178
101
155
111
21
46
5
161
176
121
60
187
1
114
75
unite_teams: FAILURE
add_team: FAILURE
add_player: FAILURE
remove_player: SUCCESS
play_match: FAILURE
remove_player: SUCCESS
get_num_played_games: SUCCESS, 7243
play_match: FAILURE
knockout_winner: SUCCESS, 17
knockout_winner: SUCCESS, 17
knockout_winner: SUCCESS, 12
knockout_winner: FAILURE
knockout_winner: INVALID_INPUT
remove_team: FAILURE
add_team: FAILURE
get_all_players: SUCCESS
85
76
8
39
178
101
155
111
21
46
5
161
176
121
60
187
1
114
75
play_match: FAILURE
get_all_players_count: SUCCESS, 11
get_all_players: SUCCESS
196
139
22
11
99
7
3
80
124
105
73
get_team_points: SUCCESS, 61
unite_teams: FAILURE
get_num_played_games: SUCCESS, 6618
get_team_points: SUCCESS, 13142
get_all_players_count: SUCCESS, 7
knockout_winner: SUCCESS, 2
knockout_winner: INVALID_INPUT
knockout_winner: INVALID_INPUT
knockout_winner: SUCCESS, 6
knockout_winner: INVALID_INPUT
remove_team: FAILURE
knockout_winner: SUCCESS, 17
knockout_winner: SUCCESS, 17
knockout_winner: SUCCESS, 4
knockout_winner: SUCCESS, 17
knockout_winner: SUCCESS, 12
update_player_stats: SUCCESS
add_team: FAILURE
get_all_players: SUCCESS
165
129
140
98
120
66
70
123
28
17
190
191
get_closest_player: SUCCESS, 26
get_top_scorer: SUCCESS, 73
get_all_players_count: SUCCESS, 7
play_match: INVALID_INPUT
get_all_players: SUCCESS
45
10
183
79
106
42
92
add_team: FAILURE
update_player_stats: SUCCESS
get_all_players_count: SUCCESS, 7
play_match: FAILURE
get_top_scorer: SUCCESS, 59
get_top_scorer: SUCCESS, 191
get_all_players_count: SUCCESS, 12
play_match: FAILURE
add_player: FAILURE
knockout_winner: SUCCESS, 14
knockout_winner: SUCCESS, 17
knockout_winner: SUCCESS, 11
knockout_winner: FAILURE
knockout_winner: INVALID_INPUT
knockout_winner: SUCCESS, 5
knockout_winner: SUCCESS, 4
knockout_winner: FAILURE
knockout_winner: FAILURE
knockout_winner: INVALID_INPUT
knockout_winner: SUCCESS, 17
knockout_winner: SUCCESS, 17
knockout_winner: SUCCESS, 12
knockout_winner: SUCCESS, 17
knockout_winner: INVALID_INPUT
play_match: FAILURE
get_all_players_count: SUCCESS, 11
add_player: FAILURE
unite_teams: FAILURE
remove_player: SUCCESS
get_closest_player: SUCCESS, 68
remove_player: SUCCESS
get_num_played_games: SUCCESS, 5900
update_player_stats: SUCCESS
play_match: FAILURE
add_player: FAILURE
play_match: FAILURE
get_all_players_count: SUCCESS, 8
get_all_players_count: SUCCESS, 11
get_num_played_games: SUCCESS, 2506
remove_player: SUCCESS
get_all_players_count: SUCCESS, 11
remove_player: SUCCESS
add_player: FAILURE
remove_team: FAILURE
play_match: FAILURE
add_team: FAILURE
play_match: SUCCESS
knockout_winner: SUCCESS, 4
knockout_winner: INVALID_INPUT
knockout_winner: INVALID_INPUT
knockout_winner: SUCCESS, 17
knockout_winner: INVALID_INPUT
add_team: FAILURE
get_all_players_count: SUCCESS, 19
update_player_stats: SUCCESS
knockout_winner: INVALID_INPUT
knockout_winner: INVALID_INPUT
knockout_winner: INVALID_INPUT
knockout_winner: INVALID_INPUT
knockout_winner: INVALID_INPUT
get_top_scorer: SUCCESS, 170
get_num_played_games: SUCCESS, 5354
play_match: FAILURE
add_player: FAILURE
add_team: FAILURE
get_all_players_count: SUCCESS, 15
get_num_played_games: SUCCESS, 11941
knockout_winner: SUCCESS, 17
knockout_winner: SUCCESS, 17
knockout_winner: SUCCESS, 12
knockout_winner: FAILURE
knockout_winner: INVALID_INPUT
get_top_scorer: SUCCESS, 191
unite_teams: FAILURE
add_player: FAILURE
knockout_winner: SUCCESS, 4
knockout_winner: INVALID_INPUT
knockout_winner: INVALID_INPUT
knockout_winner: SUCCESS, 17
knockout_winner: SUCCESS, 6
get_top_scorer: SUCCESS, 197
get_closest_player: SUCCESS, 11
play_match: FAILURE
remove_team: FAILURE
get_num_played_games: SUCCESS, 8138
get_top_scorer: SUCCESS, 73
remove_team: FAILURE
remove_player: SUCCESS
update_player_stats: SUCCESS
knockout_winner: INVALID_INPUT
knockout_winner: INVALID_INPUT
knockout_winner: INVALID_INPUT
knockout_winner: INVALID_INPUT
knockout_winner: INVALID_INPUT
unite_teams: FAILURE
unite_teams: FAILURE
remove_player: SUCCESS
get_team_points: SUCCESS, 9423
knockout_winner: SUCCESS, 4
knockout_winner: INVALID_INPUT
knockout_winner: INVALID_INPUT
knockout_winner: SUCCESS, 12
knockout_winner: INVALID_INPUT
unite_teams: INVALID_INPUT
get_team_points: SUCCESS, 7516
play_match: SUCCESS
get_closest_player: SUCCESS, 134
get_all_players: SUCCESS
186
119
95
142
16
167
141
6
get_team_points: SUCCESS, 9882
remove_team: FAILURE
remove_team: FAILURE
add_team: FAILURE
get_num_played_games: SUCCESS, 8814
get_closest_player: SUCCESS, 166
unite_teams: FAILURE
remove_player: SUCCESS
play_match: FAILURE
get_team_points: SUCCESS, 13142
get_all_players: SUCCESS
47
103
151
89
81
30
189
26
83
48
197
get_closest_player: SUCCESS, 35
get_team_points: SUCCESS, 10720
knockout_winner: SUCCESS, 4
knockout_winner: INVALID_INPUT
knockout_winner: INVALID_INPUT
knockout_winner: SUCCESS, 6
knockout_winner: INVALID_INPUT
remove_team: FAILURE
add_player: FAILURE
unite_teams: FAILURE
get_closest_player: SUCCESS, 188
add_team: FAILURE
update_player_stats: SUCCESS
get_closest_player: SUCCESS, 32
get_top_scorer: SUCCESS, 59
get_team_points: SUCCESS, 9882
get_top_scorer: SUCCESS, 127
get_top_scorer: SUCCESS, 112
get_all_players: SUCCESS
186
119
95
142
16
167
141
6
get_all_players_count: SUCCESS, 13
unite_teams: FAILURE
knockout_winner: SUCCESS, 4
knockout_winner: INVALID_INPUT
knockout_winner: INVALID_INPUT
knockout_winner: SUCCESS, 6
knockout_winner: INVALID_INPUT
play_match: FAILURE
add_player: FAILURE
get_all_players_count: SUCCESS, 8
get_top_scorer: SUCCESS, 170
update_player_stats: SUCCESS
remove_team: FAILURE
add_team: FAILURE
play_match: FAILURE
update_player_stats: SUCCESS
get_all_players_count: SUCCESS, 8
add_player: FAILURE
get_team_points: SUCCESS, 5356
knockout_winner: INVALID_INPUT
knockout_winner: INVALID_INPUT
knockout_winner: INVALID_INPUT
knockout_winner: INVALID_INPUT
knockout_winner: INVALID_INPUT
update_player_stats: SUCCESS
knockout_winner: SUCCESS, 17
knockout_winner: SUCCESS, 17
knockout_winner: SUCCESS, 12
knockout_winner: FAILURE
knockout_winner: INVALID_INPUT
get_all_players: SUCCESS
29
110
104
56
116
117
171
18
12
148
174
add_player: FAILURE
get_closest_player: SUCCESS, 180
add_player: FAILURE
get_all_players: SUCCESS
198
180
34
44
41
77
15
25
100
150
20
185
177
172
knockout_winner: SUCCESS, 4
knockout_winner: INVALID_INPUT
knockout_winner: INVALID_INPUT
knockout_winner: SUCCESS, 17
knockout_winner: SUCCESS, 6
add_team: FAILURE
get_team_points: SUCCESS, 13142
add_team: FAILURE
get_top_scorer: SUCCESS, 75
get_all_players_count: SUCCESS, 13
update_player_stats: SUCCESS
update_player_stats: SUCCESS
play_match: FAILURE
add_player: FAILURE
remove_team: FAILURE
get_all_players_count: SUCCESS, 6
knockout_winner: SUCCESS, 17
knockout_winner: SUCCESS, 17
knockout_winner: SUCCESS, 12
knockout_winner: FAILURE
knockout_winner: INVALID_INPUT
update_player_stats: SUCCESS
add_team: FAILURE
unite_teams: FAILURE
get_num_played_games: SUCCESS, 5758
get_closest_player: SUCCESS, 142
remove_player: SUCCESS
get_top_scorer: SUCCESS, 170
unite_teams: SUCCESS
remove_player: SUCCESS
unite_teams: SUCCESS
update_player_stats: SUCCESS
play_match: SUCCESS
get_all_players_count: SUCCESS, 16
knockout_winner: SUCCESS, 6
knockout_winner: SUCCESS, 4
knockout_winner: SUCCESS, 4
knockout_winner: SUCCESS, 12
knockout_winner: INVALID_INPUT
get_top_scorer: SUCCESS, 147
get_num_played_games: SUCCESS, 6998
play_match: INVALID_INPUT
unite_teams: FAILURE
get_closest_player: SUCCESS, 7
remove_team: FAILURE
knockout_winner: SUCCESS, 4
knockout_winner: INVALID_INPUT
knockout_winner: INVALID_INPUT
knockout_winner: SUCCESS, 17
knockout_winner: SUCCESS, 7
get_all_players: SUCCESS
149
118
91
53
61
71
57
64
knockout_winner: SUCCESS, 17
knockout_winner: SUCCESS, 4
knockout_winner: SUCCESS, 4
knockout_winner: SUCCESS, 17
knockout_winner: SUCCESS, 12
play_match: FAILURE
play_match: INVALID_INPUT
get_team_points: SUCCESS, 4768
knockout_winner: SUCCESS, 17
knockout_winner: SUCCESS, 4
knockout_winner: SUCCESS, 4
knockout_winner: SUCCESS, 17
knockout_winner: SUCCESS, 14
knockout_winner: SUCCESS, 17
knockout_winner: SUCCESS, 4
knockout_winner: SUCCESS, 4
knockout_winner: SUCCESS, 17
knockout_winner: SUCCESS, 12
add_team: FAILURE
get_num_played_games: SUCCESS, 10927
add_team: FAILURE
get_team_points: SUCCESS, 4218
get_num_played_games: SUCCESS, 10433
remove_team: FAILURE
remove_team: FAILURE
get_all_players: SUCCESS
47
103
151
89
81
30
189
26
83
48
197
get_all_players_count: SUCCESS, 16
get_closest_player: SUCCESS, 147
get_team_points: SUCCESS, 10720
get_all_players: SUCCESS
149
118
91
53
61
71
57
64
get_all_players: SUCCESS
196
22
139
11
99
7
3
80
124
73
add_team: FAILURE
remove_player: SUCCESS
remove_team: FAILURE
get_top_scorer: SUCCESS, 92
get_closest_player: SUCCESS, 119
get_all_players_count: SUCCESS, 7
add_player: FAILURE
get_top_scorer: SUCCESS, 133
add_player: FAILURE
knockout_winner: SUCCESS, 12
knockout_winner: SUCCESS, 4
knockout_winner: SUCCESS, 4
knockout_winner: SUCCESS, 17
knockout_winner: INVALID_INPUT
get_team_points: SUCCESS, 9882
get_top_scorer: SUCCESS, 64
unite_teams: FAILURE
get_num_played_games: SUCCESS, 9633
get_num_played_games: SUCCESS, 1533
update_player_stats: SUCCESS
get_all_players: SUCCESS
85
76
8
39
178
101
155
111
21
46
5
161
176
121
60
187
1
114
75
get_all_players: SUCCESS
196
22
139
11
99
7
3
80
124
73
knockout_winner: SUCCESS, 12
knockout_winner: SUCCESS, 17
knockout_winner: SUCCESS, 7
knockout_winner: SUCCESS, 17
knockout_winner: INVALID_INPUT
get_team_points: SUCCESS, 8130
play_match: FAILURE
play_match: FAILURE
get_closest_player: SUCCESS, 32
remove_team: FAILURE
remove_team: FAILURE
get_top_scorer: SUCCESS, 64
get_closest_player: SUCCESS, 53
add_player: FAILURE
unite_teams: SUCCESS
get_top_scorer: SUCCESS, 174
remove_player: SUCCESS
knockout_winner: SUCCESS, 12
knockout_winner: SUCCESS, 4
knockout_winner: SUCCESS, 4
knockout_winner: SUCCESS, 17
knockout_winner: INVALID_INPUT
remove_team: FAILURE
get_all_players_count: SUCCESS, 7
remove_player: SUCCESS
get_all_players: SUCCESS
107
194
130
68
115
163
133
unite_teams: FAILURE
get_num_played_games: SUCCESS, 353
get_team_points: SUCCESS, 6938
play_match: FAILURE
play_match: SUCCESS
get_team_points: SUCCESS, 8421
add_team: FAILURE
get_team_points: SUCCESS, 8839
get_closest_player: SUCCESS, 147
get_top_scorer: SUCCESS, 197
get_all_players_count: SUCCESS, 11
knockout_winner: SUCCESS, 17
knockout_winner: SUCCESS, 17
knockout_winner: SUCCESS, 14
knockout_winner: FAILURE
knockout_winner: INVALID_INPUT
get_closest_player: SUCCESS, 53
unite_teams: FAILURE
get_team_points: SUCCESS, 13142
knockout_winner: SUCCESS, 4
knockout_winner: INVALID_INPUT
knockout_winner: INVALID_INPUT
knockout_winner: FAILURE
knockout_winner: INVALID_INPUT
add_team: FAILURE
update_player_stats: SUCCESS
get_team_points: SUCCESS, 4389
get_all_players_count: SUCCESS, 13
remove_team: FAILURE
remove_team: FAILURE
play_match: SUCCESS
play_match: FAILURE
get_closest_player: SUCCESS, 21
remove_team: FAILURE
get_all_players_count: SUCCESS, 6
get_team_points: SUCCESS, 30397
remove_team: FAILURE
add_player: FAILURE
get_all_players: SUCCESS
149
118
91
53
61
71
57
64
get_all_players: SUCCESS
14
137
87
146
162
93
9
152
170
get_top_scorer: SUCCESS, 59
get_num_played_games: SUCCESS, 5355
add_team: FAILURE
get_num_played_games: SUCCESS, 3879
add_team: FAILURE
get_num_played_games: SUCCESS, 7773
get_closest_player: SUCCESS, 104
get_top_scorer: SUCCESS, 75
play_match: FAILURE
add_team: FAILURE
get_all_players_count: SUCCESS, 16
remove_team: FAILURE
add_player: FAILURE
get_all_players: SUCCESS
23
143
159
32
2
88
131
184
82
58
125
136
63
179
54
147
get_all_players_count: SUCCESS, 15
get_top_scorer: SUCCESS, 73
add_team: FAILURE
get_team_points: SUCCESS, 8421
get_all_players_count: SUCCESS, 24
update_player_stats: SUCCESS
remove_player: SUCCESS
unite_teams: FAILURE
play_match: SUCCESS
unite_teams: FAILURE
get_top_scorer: SUCCESS, 197
add_team: FAILURE
get_all_players: SUCCESS
129
140
98
66
70
123
17
190
191
remove_team: FAILURE
get_closest_player: SUCCESS, 184
remove_team: FAILURE
remove_player: SUCCESS
add_team: FAILURE
add_player: FAILURE
get_team_points: SUCCESS, 13142
add_team: FAILURE
add_player: FAILURE
get_team_points: SUCCESS, 15157
get_all_players: SUCCESS
109
69
52
138
192
51
199
33
145
50
86
158
166
112
get_team_points: SUCCESS, 9438
update_player_stats: SUCCESS
remove_team: FAILURE
unite_teams: FAILURE
get_team_points: SUCCESS, 4768
update_player_stats: SUCCESS
add_player: FAILURE
unite_teams: FAILURE
add_team: FAILURE
remove_player: SUCCESS
remove_player: SUCCESS
get_all_players: SUCCESS
85
76
8
39
178
101
155
111
21
46
5
161
176
121
60
187
1
114
75
get_closest_player: SUCCESS, 23
unite_teams: FAILURE
get_num_played_games: SUCCESS, 5307
get_num_played_games: SUCCESS, 6998
get_all_players: SUCCESS
29
110
104
56
116
171
18
12
117
174
148
add_team: FAILURE
knockout_winner: SUCCESS, 6
knockout_winner: SUCCESS, 4
knockout_winner: FAILURE
knockout_winner: FAILURE
knockout_winner: INVALID_INPUT
get_num_played_games: SUCCESS, 6722
add_team: FAILURE
get_all_players: SUCCESS
180
34
44
41
77
15
100
150
20
185
177
172
25
get_all_players_count: SUCCESS, 19
add_team: FAILURE
get_num_played_games: SUCCESS, 2318
play_match: FAILURE
get_all_players_count: SUCCESS, 11
remove_team: FAILURE
unite_teams: FAILURE
get_num_played_games: SUCCESS, 3250
get_top_scorer: SUCCESS, 25
get_all_players_count: SUCCESS, 16
get_num_played_games: SUCCESS, 3897
knockout_winner: INVALID_INPUT
knockout_winner: INVALID_INPUT
knockout_winner: INVALID_INPUT
knockout_winner: INVALID_INPUT
knockout_winner: INVALID_INPUT
get_all_players: SUCCESS
186
157
160
188
119
95
96
142
13
55
195
128
181
16
167
169
154
24
35
27
6
200
127
get_team_points: SUCCESS, 30406
remove_team: FAILURE
play_match: FAILURE
get_top_scorer: SUCCESS, 64
unite_teams: FAILURE
get_all_players_count: SUCCESS, 13
get_num_played_games: SUCCESS, 4501
get_all_players: SUCCESS
129
140
98
66
70
123
17
190
191
get_all_players_count: SUCCESS, 8
get_all_players_count: SUCCESS, 19
update_player_stats: SUCCESS
get_all_players_count: SUCCESS, 6
get_top_scorer: SUCCESS, 112
get_top_scorer: SUCCESS, 64
update_player_stats: SUCCESS
play_match: SUCCESS
get_all_players_count: SUCCESS, 9
update_player_stats: SUCCESS
add_team: FAILURE
knockout_winner: SUCCESS, 6
knockout_winner: SUCCESS, 4
knockout_winner: SUCCESS, 4
knockout_winner: SUCCESS, 14
knockout_winner: INVALID_INPUT
get_top_scorer: SUCCESS, 133
get_all_players: SUCCESS
23
143
159
32
2
88
131
184
82
58
125
63
179
54
136
147
remove_team: FAILURE
add_team: FAILURE
remove_player: SUCCESS
play_match: FAILURE
update_player_stats: SUCCESS
get_top_scorer: SUCCESS, 126
remove_team: FAILURE
get_num_played_games: SUCCESS, 12030
update_player_stats: SUCCESS
update_player_stats: SUCCESS
play_match: INVALID_INPUT
knockout_winner: SUCCESS, 14
knockout_winner: SUCCESS, 17
knockout_winner: SUCCESS, 6
knockout_winner: SUCCESS, 17
knockout_winner: INVALID_INPUT
play_match: FAILURE
get_all_players: SUCCESS
157
160
188
119
95
96
142
186
13
55
195
128
181
16
167
169
154
24
35
27
6
200
127
get_closest_player: SUCCESS, 133
get_all_players: SUCCESS
47
45
103
151
10
183
89
79
81
106
42
30
189
26
83
92
48
197
get_all_players_count: SUCCESS, 13
knockout_winner: INVALID_INPUT
knockout_winner: SUCCESS, 6
knockout_winner: INVALID_INPUT
knockout_winner: INVALID_INPUT
knockout_winner: INVALID_INPUT
get_all_players: SUCCESS
129
140
98
66
70
123
17
190
191
get_all_players: SUCCESS
109
69
52
138
192
51
199
33
145
50
86
166
112
158
get_num_played_games: SUCCESS, 10758
remove_team: FAILURE
add_team: FAILURE
remove_team: FAILURE
get_team_points: SUCCESS, 4389
remove_player: SUCCESS
get_team_points: SUCCESS, 8851
play_match: FAILURE
get_all_players: SUCCESS
196
22
139
99
11
7
3
80
73
124
get_team_points: SUCCESS, 8430
get_all_players: SUCCESS
34
44
41
77
15
100
150
180
20
185
177
172
25
knockout_winner: SUCCESS, 4
knockout_winner: INVALID_INPUT
knockout_winner: INVALID_INPUT
knockout_winner: FAILURE
knockout_winner: INVALID_INPUT
update_player_stats: SUCCESS
add_team: FAILURE
get_all_players_count: SUCCESS, 14
remove_team: FAILURE
unite_teams: FAILURE
get_top_scorer: SUCCESS, 133
get_closest_player: SUCCESS, 114
get_team_points: SUCCESS, 13142
get_num_played_games: SUCCESS, 11227
add_team: FAILURE
get_all_players: SUCCESS
129
140
98
66
70
123
17
190
191
knockout_winner: SUCCESS, 14
knockout_winner: SUCCESS, 4
knockout_winner: SUCCESS, 4
knockout_winner: SUCCESS, 17
knockout_winner: INVALID_INPUT
unite_teams: FAILURE
get_team_points: SUCCESS, 6938
add_player: FAILURE
get_all_players: SUCCESS
129
140
98
66
70
123
17
190
191
get_closest_player: SUCCESS, 55
remove_player: SUCCESS
remove_team: FAILURE
get_num_played_games: SUCCESS, 1686
get_num_played_games: SUCCESS, 2335
add_team: FAILURE
unite_teams: FAILURE
add_team: FAILURE
remove_player: SUCCESS
add_player: FAILURE
remove_team: FAILURE
get_team_points: SUCCESS, 8430
update_player_stats: SUCCESS
add_team: FAILURE
remove_player: SUCCESS
get_num_played_games: SUCCESS, 9992
remove_team: FAILURE
remove_player: SUCCESS
get_num_played_games: SUCCESS, 11140
update_player_stats: SUCCESS
play_match: SUCCESS
unite_teams: FAILURE
remove_player: SUCCESS
add_team: FAILURE
get_top_scorer: SUCCESS, 64
update_player_stats: SUCCESS
add_player: FAILURE
update_player_stats: SUCCESS
get_all_players_count: SUCCESS, 23
knockout_winner: SUCCESS, 6
knockout_winner: SUCCESS, 4
knockout_winner: SUCCESS, 4
knockout_winner: SUCCESS, 14
knockout_winner: INVALID_INPUT
get_closest_player: SUCCESS, 114
play_match: FAILURE
unite_teams: FAILURE
unite_teams: FAILURE
add_team: FAILURE
get_num_played_games: SUCCESS, 10963
get_closest_player: SUCCESS, 195
unite_teams: FAILURE
add_player: FAILURE
update_player_stats: SUCCESS
remove_player: SUCCESS
get_num_played_games: SUCCESS, 8547
add_team: FAILURE
get_num_played_games: SUCCESS, 4224
unite_teams: FAILURE
get_all_players: SUCCESS
129
140
98
66
70
123
17
190
191
remove_player: SUCCESS
add_player: FAILURE
remove_team: FAILURE
get_closest_player: SUCCESS, 29
get_all_players_count: SUCCESS, 23
get_team_points: SUCCESS, 10639
remove_team: FAILURE
remove_player: SUCCESS
update_player_stats: SUCCESS
knockout_winner: SUCCESS, 4
knockout_winner: INVALID_INPUT
knockout_winner: INVALID_INPUT
knockout_winner: FAILURE
knockout_winner: INVALID_INPUT
remove_player: SUCCESS
update_player_stats: SUCCESS
get_team_points: SUCCESS, 4218
add_team: FAILURE
get_num_played_games: SUCCESS, 5246
get_team_points: SUCCESS, 8130
play_match: INVALID_INPUT
remove_player: SUCCESS
get_all_players_count: SUCCESS, 6
add_team: FAILURE
get_team_points: SUCCESS, 4389
update_player_stats: SUCCESS
knockout_winner: SUCCESS, 17
knockout_winner: SUCCESS, 17
knockout_winner: SUCCESS, 14
knockout_winner: SUCCESS, 17
knockout_winner: INVALID_INPUT
get_all_players: SUCCESS
29
110
104
56
116
171
18
12
117
148
get_closest_player: SUCCESS, 42
remove_team: FAILURE
update_player_stats: SUCCESS
remove_team: FAILURE
add_player: FAILURE
knockout_winner: SUCCESS, 17
knockout_winner: SUCCESS, 17
knockout_winner: SUCCESS, 4
knockout_winner: SUCCESS, 17
knockout_winner: SUCCESS, 12
add_team: FAILURE
remove_player: SUCCESS
remove_team: FAILURE
play_match: SUCCESS
add_player: FAILURE
get_top_scorer: SUCCESS, 59
get_all_players_count: SUCCESS, 10
add_player: FAILURE
unite_teams: FAILURE
get_top_scorer: SUCCESS, 124
add_team: FAILURE
get_all_players: SUCCESS
196
22
139
11
7
3
80
73
124
play_match: FAILURE
add_team: FAILURE
get_closest_player: SUCCESS, 71
add_player: FAILURE
get_team_points: SUCCESS, 7519
get_closest_player: SUCCESS, 63
get_closest_player: SUCCESS, 68
unite_teams: FAILURE
knockout_winner: INVALID_INPUT
knockout_winner: SUCCESS, 17
knockout_winner: INVALID_INPUT
knockout_winner: INVALID_INPUT
knockout_winner: INVALID_INPUT
get_closest_player: SUCCESS, 149
get_closest_player: SUCCESS, 123
get_all_players: SUCCESS
29
110
104
56
116
171
18
12
117
148
knockout_winner: SUCCESS, 12
knockout_winner: SUCCESS, 17
knockout_winner: SUCCESS, 4
knockout_winner: SUCCESS, 17
knockout_winner: INVALID_INPUT
get_num_played_games: SUCCESS, 1066
get_top_scorer: SUCCESS, 148
remove_team: FAILURE
get_top_scorer: SUCCESS, 25
get_top_scorer: SUCCESS, 127
get_num_played_games: SUCCESS, 9003
get_closest_player: SUCCESS, 175
unite_teams: FAILURE
get_all_players_count: SUCCESS, 13
remove_team: FAILURE
get_all_players_count: SUCCESS, 6
get_all_players_count: SUCCESS, 10
add_team: FAILURE
get_top_scorer: SUCCESS, 148
get_top_scorer: SUCCESS, 133
add_team: FAILURE
unite_teams: FAILURE
add_player: FAILURE
update_player_stats: SUCCESS
get_all_players_count: SUCCESS, 9
play_match: FAILURE
get_num_played_games: SUCCESS, 4224
add_team: FAILURE
knockout_winner: SUCCESS, 17
knockout_winner: SUCCESS, 17
knockout_winner: SUCCESS, 4
knockout_winner: SUCCESS, 17
knockout_winner: SUCCESS, 12
get_team_points: SUCCESS, 7519
add_team: FAILURE
get_closest_player: SUCCESS, 79
remove_player: SUCCESS
update_player_stats: SUCCESS
play_match: SUCCESS
update_player_stats: SUCCESS
add_team: FAILURE
add_team: FAILURE
remove_player: SUCCESS
get_team_points: SUCCESS, 4389
get_team_points: SUCCESS, 4389
get_all_players_count: SUCCESS, 6
get_all_players: SUCCESS
23
159
32
2
88
131
184
82
58
143
63
136
125
147
54
get_all_players: SUCCESS
137
14
146
162
93
9
170
add_team: FAILURE
remove_team: FAILURE
get_num_played_games: SUCCESS, 18998
knockout_winner: SUCCESS, 12
knockout_winner: SUCCESS, 17
knockout_winner: SUCCESS, 7
knockout_winner: SUCCESS, 17
knockout_winner: INVALID_INPUT
get_num_played_games: SUCCESS, 6161
add_player: FAILURE
add_player: FAILURE
remove_player: SUCCESS
add_team: FAILURE
update_player_stats: SUCCESS
update_player_stats: SUCCESS
update_player_stats: SUCCESS
get_all_players: SUCCESS
47
45
103
10
183
89
79
81
106
151
42
30
83
92
48
197
add_player: FAILURE
remove_player: SUCCESS
get_all_players_count: SUCCESS, 11
remove_player: SUCCESS
update_player_stats: SUCCESS
unite_teams: FAILURE
unite_teams: FAILURE
remove_team: FAILURE
remove_team: FAILURE
get_all_players_count: SUCCESS, 11
remove_team: FAILURE
get_all_players_count: SUCCESS, 9
add_player: FAILURE
get_closest_player: SUCCESS, 35
update_player_stats: SUCCESS
remove_team: FAILURE
get_top_scorer: SUCCESS, 170
add_team: FAILURE
get_top_scorer: SUCCESS, 124
remove_team: FAILURE
knockout_winner: SUCCESS, 12
knockout_winner: SUCCESS, 17
knockout_winner: SUCCESS, 7
knockout_winner: SUCCESS, 17
knockout_winner: INVALID_INPUT
get_team_points: SUCCESS, 8890
get_all_players: SUCCESS
149
118
91
53
71
57
64
play_match: FAILURE
remove_player: SUCCESS
remove_team: FAILURE
get_num_played_games: SUCCESS, 10927
update_player_stats: SUCCESS
play_match: FAILURE
get_num_played_games: SUCCESS, 7246
get_num_played_games: SUCCESS, 10476
remove_team: FAILURE
remove_team: FAILURE
get_all_players: SUCCESS
29
110
104
56
116
171
18
12
148
unite_teams: FAILURE
update_player_stats: SUCCESS
get_all_players: SUCCESS
69
52
138
51
199
33
145
50
86
166
112
158
update_player_stats: SUCCESS
get_all_players_count: SUCCESS, 6
get_all_players_count: SUCCESS, 9
add_player: FAILURE
remove_player: SUCCESS
update_player_stats: SUCCESS
get_top_scorer: SUCCESS, 64
add_team: FAILURE
get_all_players_count: SUCCESS, 8
get_top_scorer: SUCCESS, 133
get_top_scorer: SUCCESS, 148
knockout_winner: SUCCESS, 17
knockout_winner: INVALID_INPUT
knockout_winner: INVALID_INPUT
knockout_winner: SUCCESS, 17
knockout_winner: SUCCESS, 14
get_all_players: SUCCESS
196
22
139
11
7
3
73
80
124
get_closest_player: SUCCESS, 68
get_all_players: SUCCESS
107
130
68
163
133
get_all_players_count: SUCCESS, 16
get_team_points: SUCCESS, 4768
get_all_players_count: SUCCESS, 9
remove_player: SUCCESS
add_player: FAILURE
add_player: FAILURE
get_closest_player: SUCCESS, 125
remove_team: FAILURE
unite_teams: FAILURE
add_player: FAILURE
remove_player: SUCCESS
remove_team: FAILURE
get_all_players_count: SUCCESS, 7
add_team: FAILURE
add_team: FAILURE
get_all_players_count: SUCCESS, 18
get_all_players: SUCCESS
196
22
139
11
7
3
73
80
124
get_top_scorer: SUCCESS, 170
add_player: FAILURE
get_team_points: SUCCESS, 6938
add_player: FAILURE
get_top_scorer: SUCCESS, 191
play_match: FAILURE
get_all_players_count: SUCCESS, 11
add_player: FAILURE
unite_teams: SUCCESS
remove_player: SUCCESS
get_top_scorer: SUCCESS, 124
get_all_players_count: SUCCESS, 7
update_player_stats: SUCCESS
play_match: FAILURE
play_match: FAILURE
remove_team: FAILURE
add_player: FAILURE
get_num_played_games: SUCCESS, 4126
remove_player: SUCCESS
get_num_played_games: SUCCESS, 7143
remove_team: FAILURE
get_closest_player: SUCCESS, 175
get_all_players: SUCCESS
36
134
156
173
164
175
49
74
135
126
108
get_team_points: SUCCESS, 8433
play_match: SUCCESS
update_player_stats: SUCCESS
get_team_points: SUCCESS, 8893
get_all_players: SUCCESS
129
140
98
66
70
123
17
190
191
get_num_played_games: SUCCESS, 1498
get_all_players_count: SUCCESS, 11
get_top_scorer: SUCCESS, 127
add_player: FAILURE
knockout_winner: SUCCESS, 12
knockout_winner: SUCCESS, 17
knockout_winner: SUCCESS, 7
knockout_winner: SUCCESS, 17
knockout_winner: INVALID_INPUT
get_team_points: SUCCESS, 8130
knockout_winner: SUCCESS, 17
knockout_winner: INVALID_INPUT
knockout_winner: INVALID_INPUT
knockout_winner: SUCCESS, 17
knockout_winner: SUCCESS, 12
unite_teams: FAILURE
get_all_players: SUCCESS
137
146
162
93
14
9
170
remove_player: SUCCESS
add_team: FAILURE
get_all_players: SUCCESS
34
44
41
15
180
20
177
100
25
150
172
get_all_players: SUCCESS
45
103
183
10
79
106
151
81
47
42
30
83
92
48
197
get_top_scorer: SUCCESS, 133
play_match: FAILURE
play_match: FAILURE
get_team_points: SUCCESS, 6938
add_player: FAILURE
play_match: FAILURE
remove_player: SUCCESS
add_player: FAILURE
get_top_scorer: SUCCESS, 172
get_num_played_games: SUCCESS, 3141
get_all_players: SUCCESS
29
110
104
56
116
18
12
get_all_players_count: SUCCESS, 9
add_team: FAILURE
get_team_points: SUCCESS, 8896
get_top_scorer: SUCCESS, 172
get_closest_player: SUCCESS, 121
get_num_played_games: SUCCESS, 4080
play_match: FAILURE
remove_player: SUCCESS
get_num_played_games: SUCCESS, 6482
get_team_points: SUCCESS, 13142
get_all_players_count: SUCCESS, 15
remove_team: FAILURE
get_team_points: SUCCESS, 30502
knockout_winner: INVALID_INPUT
knockout_winner: SUCCESS, 6
knockout_winner: INVALID_INPUT
knockout_winner: INVALID_INPUT
knockout_winner: INVALID_INPUT
get_all_players: SUCCESS
129
140
98
66
70
123
17
190
191
knockout_winner: SUCCESS, 4
knockout_winner: INVALID_INPUT
knockout_winner: INVALID_INPUT
knockout_winner: SUCCESS, 17
knockout_winner: SUCCESS, 6
unite_teams: FAILURE
get_num_played_games: SUCCESS, 7230
add_team: FAILURE
play_match: INVALID_INPUT
remove_player: SUCCESS
play_match: FAILURE
get_closest_player: SUCCESS, 74
get_num_played_games: SUCCESS, 17436
add_team: FAILURE
get_num_played_games: SUCCESS, 9635
get_all_players_count: SUCCESS, 7
get_closest_player: SUCCESS, 85
add_team: FAILURE
get_all_players: SUCCESS
34
44
41
15
180
20
177
100
25
150
172
get_num_played_games: SUCCESS, 11681
get_all_players: SUCCESS
107
130
68
133
add_team: FAILURE
get_all_players_count: SUCCESS, 21
get_top_scorer: SUCCESS, 172
update_player_stats: SUCCESS
add_player: FAILURE
unite_teams: FAILURE
remove_team: FAILURE
get_closest_player: SUCCESS, 12
get_team_points: SUCCESS, 8130
get_all_players_count: SUCCESS, 15
get_num_played_games: SUCCESS, 4080
get_all_players: SUCCESS
85
8
39
178
155
111
46
5
161
176
121
60
187
1
101
get_num_played_games: SUCCESS, 8147
get_closest_player: SUCCESS, 166
remove_player: SUCCESS
unite_teams: FAILURE
get_all_players_count: SUCCESS, 6
unite_teams: FAILURE
play_match: FAILURE
get_all_players: SUCCESS
137
146
162
93
14
9
170
update_player_stats: SUCCESS
get_all_players: SUCCESS
149
118
91
53
71
57
64
unite_teams: SUCCESS
unite_teams: FAILURE
get_all_players_count: SUCCESS, 4
add_player: FAILURE
add_team: FAILURE
get_all_players: SUCCESS
107
130
68
133
remove_player: SUCCESS
add_team: FAILURE
get_num_played_games: SUCCESS, 5483
knockout_winner: SUCCESS, 12
knockout_winner: SUCCESS, 17
knockout_winner: SUCCESS, 4
knockout_winner: SUCCESS, 17
knockout_winner: INVALID_INPUT
unite_teams: SUCCESS
get_closest_player: SUCCESS, 96
remove_team: FAILURE
get_team_points: SUCCESS, 6938
get_top_scorer: SUCCESS, 45
play_match: FAILURE
get_top_scorer: SUCCESS, 158
knockout_winner: FAILURE
knockout_winner: SUCCESS, 17
knockout_winner: FAILURE
knockout_winner: FAILURE
knockout_winner: INVALID_INPUT
add_player: FAILURE
get_all_players: SUCCESS
23
159
2
88
131
184
82
58
143
63
32
136
125
147
54
add_player: FAILURE
knockout_winner: SUCCESS, 5
knockout_winner: SUCCESS, 4
knockout_winner: SUCCESS, 4
knockout_winner: SUCCESS, 12
knockout_winner: INVALID_INPUT
get_num_played_games: SUCCESS, 5483
remove_team: FAILURE
add_team: FAILURE
remove_player: SUCCESS
unite_teams: SUCCESS
get_all_players: SUCCESS
85
29
8
110
104
39
178
56
155
116
111
18
12
46
5
161
176
121
60
187
1
101
update_player_stats: SUCCESS
get_num_played_games: SUCCESS, 7652
remove_team: FAILURE
get_num_played_games: SUCCESS, 9839
update_player_stats: SUCCESS
get_closest_player: SUCCESS, 187
get_all_players: SUCCESS
34
44
41
15
180
20
177
100
25
150
172
get_all_players: SUCCESS
107
130
68
133
get_all_players: SUCCESS
103
183
10
79
106
151
81
47
42
30
83
48
197
45
get_all_players_count: SUCCESS, 24
unite_teams: FAILURE
unite_teams: FAILURE
remove_player: SUCCESS
update_player_stats: SUCCESS
get_all_players: SUCCESS
103
183
10
79
106
151
81
47
30
83
48
197
45
42
get_top_scorer: SUCCESS, 133
get_num_played_games: SUCCESS, 28080
get_all_players: SUCCESS
23
159
2
129
140
88
98
66
70
123
131
184
82
58
17
143
190
63
32
191
136
125
147
54
add_team: FAILURE
remove_player: SUCCESS
add_player: FAILURE
play_match: FAILURE
get_num_played_games: SUCCESS, 11227
get_all_players_count: SUCCESS, 14
update_player_stats: SUCCESS
add_team: FAILURE
update_player_stats: SUCCESS
get_all_players_count: SUCCESS, 22
get_all_players: SUCCESS
85
29
8
104
39
178
56
155
116
111
18
12
46
5
161
176
121
60
187
1
110
101
get_all_players_count: SUCCESS, 10
get_all_players_count: SUCCESS, 24
get_top_scorer: SUCCESS, 64
knockout_winner: SUCCESS, 4
knockout_winner: INVALID_INPUT
knockout_winner: INVALID_INPUT
knockout_winner: FAILURE
knockout_winner: INVALID_INPUT
remove_player: SUCCESS
remove_player: SUCCESS
get_closest_player: SUCCESS, 96
unite_teams: SUCCESS
knockout_winner: SUCCESS, 7
knockout_winner: SUCCESS, 4
knockout_winner: FAILURE
knockout_winner: SUCCESS, 12
knockout_winner: INVALID_INPUT
unite_teams: INVALID_INPUT
knockout_winner: INVALID_INPUT
knockout_winner: INVALID_INPUT
knockout_winner: INVALID_INPUT
knockout_winner: INVALID_INPUT
knockout_winner: INVALID_INPUT
get_all_players: SUCCESS
23
159
2
129
140
88
98
66
70
123
131
184
82
58
17
143
190
63
32
191
136
125
147
54
knockout_winner: SUCCESS, 17
knockout_winner: INVALID_INPUT
knockout_winner: INVALID_INPUT
knockout_winner: SUCCESS, 17
knockout_winner: SUCCESS, 12
remove_player: SUCCESS
play_match: FAILURE
add_player: FAILURE
get_all_players: SUCCESS
149
118
91
53
71
64
get_all_players_count: SUCCESS, 16
knockout_winner: SUCCESS, 7
knockout_winner: SUCCESS, 4
knockout_winner: FAILURE
knockout_winner: SUCCESS, 12
knockout_winner: INVALID_INPUT
add_player: FAILURE
get_top_scorer: SUCCESS, 133
knockout_winner: FAILURE
knockout_winner: SUCCESS, 17
knockout_winner: FAILURE
knockout_winner: FAILURE
knockout_winner: INVALID_INPUT
knockout_winner: SUCCESS, 17
knockout_winner: INVALID_INPUT
knockout_winner: INVALID_INPUT
knockout_winner: SUCCESS, 17
knockout_winner: SUCCESS, 12
get_team_points: SUCCESS, 10711
knockout_winner: SUCCESS, 17
knockout_winner: SUCCESS, 17
knockout_winner: SUCCESS, 4
knockout_winner: SUCCESS, 17
knockout_winner: SUCCESS, 12
update_player_stats: SUCCESS
add_player: FAILURE
knockout_winner: SUCCESS, 4
knockout_winner: INVALID_INPUT
knockout_winner: INVALID_INPUT
knockout_winner: SUCCESS, 9
knockout_winner: INVALID_INPUT
get_closest_player: SUCCESS, 16
remove_team: FAILURE
play_match: FAILURE
knockout_winner: SUCCESS, 12
knockout_winner: SUCCESS, 17
knockout_winner: SUCCESS, 4
knockout_winner: SUCCESS, 17
knockout_winner: INVALID_INPUT
get_all_players: SUCCESS
107
130
68
133
get_closest_player: SUCCESS, 5
get_top_scorer: SUCCESS, 54
get_team_points: SUCCESS, 30586
update_player_stats: SUCCESS
remove_team: FAILURE
get_all_players: SUCCESS
103
183
10
79
151
81
47
30
83
48
197
45
42
add_team: FAILURE
get_team_points: SUCCESS, 8442
play_match: SUCCESS
remove_player: SUCCESS
knockout_winner: SUCCESS, 12
knockout_winner: SUCCESS, 17
knockout_winner: SUCCESS, 4
knockout_winner: SUCCESS, 17
knockout_winner: INVALID_INPUT
get_num_played_games: SUCCESS, 2671
add_team: FAILURE
get_all_players: SUCCESS
23
2
129
140
88
98
66
70
123
131
184
82
58
17
143
190
63
32
191
136
125
147
54
add_team: FAILURE
remove_team: FAILURE
update_player_stats: SUCCESS
knockout_winner: SUCCESS, 9
knockout_winner: SUCCESS, 4
knockout_winner: SUCCESS, 4
knockout_winner: SUCCESS, 12
knockout_winner: INVALID_INPUT
add_team: FAILURE
add_player: FAILURE
unite_teams: FAILURE
remove_team: FAILURE
remove_team: FAILURE
knockout_winner: SUCCESS, 17
knockout_winner: SUCCESS, 17
knockout_winner: SUCCESS, 12
knockout_winner: FAILURE
knockout_winner: INVALID_INPUT
get_team_points: SUCCESS, 4389
play_match: FAILURE
add_player: FAILURE
knockout_winner: SUCCESS, 4
knockout_winner: INVALID_INPUT
knockout_winner: INVALID_INPUT
knockout_winner: SUCCESS, 12
knockout_winner: INVALID_INPUT
remove_team: FAILURE
update_player_stats: SUCCESS
remove_player: SUCCESS
add_team: FAILURE
get_all_players_count: SUCCESS, 13
get_closest_player: SUCCESS, 126
get_num_played_games: SUCCESS, 10662
add_team: FAILURE
remove_player: SUCCESS
remove_player: SUCCESS
remove_player: SUCCESS
remove_player: SUCCESS
remove_player: SUCCESS
remove_player: SUCCESS
remove_player: SUCCESS
remove_player: SUCCESS
remove_player: SUCCESS
remove_player: SUCCESS
remove_player: SUCCESS
remove_player: SUCCESS
remove_player: SUCCESS
remove_player: SUCCESS
remove_player: SUCCESS
remove_player: SUCCESS
remove_player: SUCCESS
remove_player: SUCCESS
remove_player: SUCCESS
remove_player: SUCCESS
remove_player: SUCCESS
remove_player: SUCCESS
remove_player: SUCCESS
remove_player: SUCCESS
remove_player: SUCCESS
remove_player: SUCCESS
remove_player: SUCCESS
remove_player: SUCCESS
remove_player: SUCCESS
remove_player: SUCCESS
remove_player: SUCCESS
remove_player: SUCCESS
remove_player: SUCCESS
remove_player: SUCCESS
remove_player: SUCCESS
remove_player: SUCCESS
remove_player: SUCCESS
remove_player: SUCCESS
remove_player: SUCCESS
remove_player: SUCCESS
remove_player: SUCCESS
remove_player: SUCCESS
remove_player: SUCCESS
remove_player: SUCCESS
remove_player: SUCCESS
remove_player: SUCCESS
remove_player: SUCCESS
remove_player: SUCCESS
remove_player: SUCCESS
remove_player: SUCCESS
remove_player: SUCCESS
remove_player: SUCCESS
remove_player: SUCCESS
remove_player: SUCCESS
remove_player: SUCCESS
remove_player: SUCCESS
remove_player: SUCCESS
remove_player: SUCCESS
remove_player: SUCCESS
remove_player: SUCCESS
remove_player: SUCCESS
remove_player: SUCCESS
remove_player: SUCCESS
remove_player: SUCCESS
remove_player: SUCCESS
remove_player: SUCCESS
remove_player: SUCCESS
remove_player: SUCCESS
remove_player: SUCCESS
remove_player: SUCCESS
remove_player: SUCCESS
remove_player: SUCCESS
remove_player: SUCCESS
remove_player: SUCCESS
remove_player: SUCCESS
remove_player: SUCCESS
remove_player: SUCCESS
remove_player: SUCCESS
remove_player: SUCCESS
remove_player: SUCCESS
remove_player: SUCCESS
remove_player: SUCCESS
remove_player: SUCCESS
remove_player: SUCCESS
remove_player: SUCCESS
remove_player: SUCCESS
remove_player: SUCCESS
remove_player: SUCCESS
remove_player: SUCCESS
remove_player: SUCCESS
remove_player: SUCCESS
remove_player: SUCCESS
remove_player: SUCCESS
remove_player: SUCCESS
remove_player: SUCCESS
remove_player: SUCCESS
remove_player: SUCCESS
remove_player: SUCCESS
remove_player: SUCCESS
remove_player: SUCCESS
remove_player: SUCCESS
remove_player: SUCCESS
remove_player: SUCCESS
remove_player: SUCCESS
remove_player: SUCCESS
remove_player: SUCCESS
remove_player: SUCCESS
remove_player: SUCCESS
remove_player: SUCCESS
remove_player: SUCCESS
remove_player: SUCCESS
remove_player: SUCCESS
remove_player: SUCCESS
remove_player: SUCCESS
remove_player: SUCCESS
remove_player: SUCCESS
remove_player: SUCCESS
remove_player: SUCCESS
remove_player: SUCCESS
remove_player: SUCCESS
remove_player: SUCCESS
remove_player: SUCCESS
remove_player: SUCCESS
remove_player: SUCCESS
remove_player: SUCCESS
remove_player: SUCCESS
remove_player: SUCCESS
remove_player: SUCCESS
remove_player: SUCCESS
remove_player: SUCCESS
remove_player: SUCCESS
remove_player: SUCCESS
remove_player: SUCCESS
remove_player: SUCCESS
remove_player: SUCCESS
remove_player: SUCCESS
remove_player: SUCCESS
remove_team: SUCCESS
remove_team: SUCCESS
remove_team: SUCCESS
remove_team: SUCCESS
remove_team: SUCCESS
remove_team: SUCCESS
remove_team: SUCCESS
remove_team: SUCCESS
remove_team: SUCCESS
