add_team: SUCCESS
add_team: SUCCESS
add_team: SUCCESS
add_team: SUCCESS
add_team: SUCCESS
add_team: SUCCESS
add_team: SUCCESS
add_team: SUCCESS
add_team: SUCCESS
add_team: SUCCESS
add_team: SUCCESS
add_team: SUCCESS
add_team: SUCCESS
add_team: SUCCESS
add_team: SUCCESS
add_team: SUCCESS
add_team: SUCCESS
add_team: SUCCESS
add_team: SUCCESS
add_team: SUCCESS
add_player: SUCCESS
add_player: SUCCESS
add_player: SUCCESS
add_player: SUCCESS
add_player: SUCCESS
add_player: SUCCESS
add_player: SUCCESS
add_player: SUCCESS
add_player: SUCCESS
add_player: SUCCESS
add_player: SUCCESS
add_player: SUCCESS
add_player: SUCCESS
add_player: SUCCESS
add_player: SUCCESS
add_player: SUCCESS
add_player: SUCCESS
add_player: SUCCESS
add_player: SUCCESS
add_player: SUCCESS
add_player: SUCCESS
add_player: SUCCESS
add_player: SUCCESS
add_player: SUCCESS
add_player: SUCCESS
add_player: SUCCESS
add_player: SUCCESS
add_player: SUCCESS
add_player: SUCCESS
add_player: SUCCESS
add_player: SUCCESS
add_player: SUCCESS
add_player: SUCCESS
add_player: SUCCESS
add_player: SUCCESS
add_player: SUCCESS
add_player: SUCCESS
add_player: SUCCESS
add_player: SUCCESS
add_player: SUCCESS
add_player: SUCCESS
add_player: SUCCESS
add_player: SUCCESS
add_player: SUCCESS
add_player: SUCCESS
add_player: SUCCESS
add_player: SUCCESS
add_player: SUCCESS
add_player: SUCCESS
add_player: SUCCESS
add_player: SUCCESS
add_player: SUCCESS
add_player: SUCCESS
add_player: SUCCESS
add_player: SUCCESS
add_player: SUCCESS
add_player: SUCCESS
add_player: SUCCESS
add_player: SUCCESS
add_player: SUCCESS
add_player: SUCCESS
add_player: SUCCESS
add_player: SUCCESS
add_player: SUCCESS
add_player: SUCCESS
add_player: SUCCESS
add_player: SUCCESS
add_player: SUCCESS
add_player: SUCCESS
add_player: SUCCESS
add_player: SUCCESS
add_player: SUCCESS
add_player: SUCCESS
add_player: SUCCESS
add_player: SUCCESS
add_player: SUCCESS
add_player: SUCCESS
add_player: SUCCESS
add_player: SUCCESS
add_player: SUCCESS
add_player: SUCCESS
add_player: SUCCESS
add_player: SUCCESS
add_player: SUCCESS
add_player: SUCCESS
add_player: SUCCESS
add_player: SUCCESS
add_player: SUCCESS
add_player: SUCCESS
add_player: SUCCESS
add_player: SUCCESS
add_player: SUCCESS
add_player: SUCCESS
add_player: SUCCESS
add_player: SUCCESS
add_player: SUCCESS
add_player: SUCCESS
add_player: SUCCESS
add_player: SUCCESS
add_player: SUCCESS
add_player: SUCCESS
add_player: SUCCESS
add_player: SUCCESS
add_player: SUCCESS
add_player: SUCCESS
add_player: SUCCESS
add_player: SUCCESS
add_player: SUCCESS
add_player: SUCCESS
add_player: SUCCESS
add_player: SUCCESS
add_player: SUCCESS
add_player: SUCCESS
add_player: SUCCESS
add_player: SUCCESS
add_player: SUCCESS
add_player: SUCCESS
add_player: SUCCESS
add_player: SUCCESS
add_player: SUCCESS
add_player: SUCCESS
add_player: SUCCESS
add_player: SUCCESS
add_player: SUCCESS
add_player: SUCCESS
add_player: SUCCESS
add_player: SUCCESS
add_player: SUCCESS
add_player: SUCCESS
add_player: SUCCESS
add_player: SUCCESS
add_player: SUCCESS
add_player: SUCCESS
add_player: SUCCESS
add_player: SUCCESS
add_player: SUCCESS
add_player: SUCCESS
add_player: SUCCESS
add_player: SUCCESS
add_player: SUCCESS
add_player: SUCCESS
add_player: SUCCESS
add_player: SUCCESS
add_player: SUCCESS
add_player: SUCCESS
add_player: SUCCESS
add_player: SUCCESS
add_player: SUCCESS
add_player: SUCCESS
add_player: SUCCESS
add_player: SUCCESS
add_player: SUCCESS
add_player: SUCCESS
add_player: SUCCESS
add_player: SUCCESS
add_player: SUCCESS
add_player: SUCCESS
add_player: SUCCESS
add_player: SUCCESS
add_player: SUCCESS
add_player: SUCCESS
add_player: SUCCESS
add_player: SUCCESS
add_player: SUCCESS
add_player: SUCCESS
add_player: SUCCESS
add_player: SUCCESS
add_player: SUCCESS
add_player: SUCCESS
add_player: SUCCESS
add_player: SUCCESS
add_player: SUCCESS
add_player: SUCCESS
add_player: SUCCESS
add_player: SUCCESS
add_player: SUCCESS
add_player: SUCCESS
add_player: SUCCESS
add_player: SUCCESS
add_player: SUCCESS
add_player: SUCCESS
add_player: SUCCESS
add_player: SUCCESS
add_player: SUCCESS
add_player: SUCCESS
add_player: SUCCESS
add_player: SUCCESS
add_player: SUCCESS
add_player: SUCCESS
add_player: SUCCESS
add_player: SUCCESS
add_player: SUCCESS
add_player: SUCCESS
add_player: SUCCESS
add_player: SUCCESS
add_player: SUCCESS
add_player: SUCCESS
add_player: SUCCESS
add_player: SUCCESS
add_player: SUCCESS
add_team: FAILURE
add_player: FAILURE
get_closest_player: SUCCESS, 127
get_num_played_games: SUCCESS, 10241
get_all_players_count: SUCCESS, 8
play_match: FAILURE
get_top_scorer: SUCCESS, 73
unite_teams: FAILURE
get_all_players: SUCCESS
93
16
171
198
197
14
119
get_team_points: SUCCESS, 11977
get_team_points: SUCCESS, 4466
knockout_winner: SUCCESS, 14
knockout_winner: SUCCESS, 13
knockout_winner: SUCCESS, 9
knockout_winner: SUCCESS, 19
knockout_winner: INVALID_INPUT
get_num_played_games: SUCCESS, 11762
remove_team: FAILURE
play_match: FAILURE
get_closest_player: SUCCESS, 93
knockout_winner: SUCCESS, 13
knockout_winner: SUCCESS, 13
knockout_winner: SUCCESS, 9
knockout_winner: SUCCESS, 17
knockout_winner: INVALID_INPUT
add_player: FAILURE
update_player_stats: SUCCESS
update_player_stats: SUCCESS
get_top_scorer: SUCCESS, 118
add_team: FAILURE
play_match: FAILURE
get_team_points: SUCCESS, 6653
remove_player: SUCCESS
knockout_winner: SUCCESS, 17
knockout_winner: SUCCESS, 17
knockout_winner: SUCCESS, 14
knockout_winner: FAILURE
knockout_winner: INVALID_INPUT
get_all_players_count: SUCCESS, 16
remove_player: SUCCESS
play_match: SUCCESS
play_match: INVALID_INPUT
remove_player: SUCCESS
knockout_winner: SUCCESS, 17
knockout_winner: SUCCESS, 17
knockout_winner: SUCCESS, 11
knockout_winner: FAILURE
knockout_winner: INVALID_INPUT
update_player_stats: SUCCESS
update_player_stats: SUCCESS
add_player: FAILURE
update_player_stats: SUCCESS
play_match: SUCCESS
update_player_stats: SUCCESS
remove_player: SUCCESS
get_all_players_count: SUCCESS, 13
update_player_stats: SUCCESS
knockout_winner: SUCCESS, 14
knockout_winner: SUCCESS, 9
knockout_winner: SUCCESS, 9
knockout_winner: SUCCESS, 17
knockout_winner: INVALID_INPUT
knockout_winner: SUCCESS, 17
knockout_winner: SUCCESS, 9
knockout_winner: SUCCESS, 9
knockout_winner: SUCCESS, 17
knockout_winner: INVALID_INPUT
add_team: FAILURE
get_all_players_count: SUCCESS, 10
get_all_players_count: SUCCESS, 10
get_closest_player: SUCCESS, 136
unite_teams: FAILURE
get_closest_player: SUCCESS, 30
remove_player: SUCCESS
play_match: FAILURE
get_all_players_count: SUCCESS, 10
add_player: FAILURE
remove_player: SUCCESS
play_match: FAILURE
remove_player: SUCCESS
update_player_stats: SUCCESS
unite_teams: SUCCESS
get_closest_player: SUCCESS, 196
get_top_scorer: SUCCESS, 41
get_team_points: SUCCESS, 8062
remove_team: FAILURE
remove_player: SUCCESS
get_team_points: SUCCESS, 11386
get_closest_player: SUCCESS, 38
remove_team: FAILURE
add_player: FAILURE
unite_teams: FAILURE
add_player: FAILURE
unite_teams: FAILURE
get_num_played_games: SUCCESS, 3755
add_team: FAILURE
play_match: SUCCESS
play_match: FAILURE
update_player_stats: SUCCESS
get_num_played_games: SUCCESS, 8890
knockout_winner: SUCCESS, 17
knockout_winner: SUCCESS, 17
knockout_winner: SUCCESS, 11
knockout_winner: FAILURE
knockout_winner: INVALID_INPUT
add_player: FAILURE
knockout_winner: SUCCESS, 9
knockout_winner: INVALID_INPUT
knockout_winner: INVALID_INPUT
knockout_winner: SUCCESS, 9
knockout_winner: INVALID_INPUT
play_match: FAILURE
unite_teams: FAILURE
get_closest_player: SUCCESS, 7
add_team: FAILURE
unite_teams: FAILURE
get_top_scorer: SUCCESS, 83
get_all_players_count: SUCCESS, 9
get_all_players_count: SUCCESS, 11
get_team_points: SUCCESS, 11977
get_all_players: SUCCESS
62
7
86
72
188
134
191
38
56
82
unite_teams: FAILURE
remove_player: SUCCESS
get_top_scorer: SUCCESS, 173
remove_team: FAILURE
get_closest_player: SUCCESS, 15
remove_player: SUCCESS
play_match: SUCCESS
knockout_winner: INVALID_INPUT
knockout_winner: INVALID_INPUT
knockout_winner: INVALID_INPUT
knockout_winner: INVALID_INPUT
knockout_winner: INVALID_INPUT
get_num_played_games: SUCCESS, 7942
get_team_points: SUCCESS, 5444
get_closest_player: SUCCESS, 53
remove_player: SUCCESS
get_all_players_count: SUCCESS, 13
remove_team: FAILURE
get_team_points: SUCCESS, 11977
get_top_scorer: SUCCESS, 97
get_all_players_count: SUCCESS, 6
unite_teams: FAILURE
get_all_players_count: SUCCESS, 8
add_player: FAILURE
remove_player: SUCCESS
get_closest_player: SUCCESS, 29
get_all_players: SUCCESS
148
6
74
20
176
76
145
35
173
get_closest_player: SUCCESS, 147
update_player_stats: SUCCESS
add_team: FAILURE
get_closest_player: SUCCESS, 173
play_match: FAILURE
get_all_players_count: SUCCESS, 11
add_player: FAILURE
get_team_points: SUCCESS, 9265
get_all_players: SUCCESS
84
108
36
178
103
162
get_all_players_count: SUCCESS, 6
get_all_players_count: SUCCESS, 8
unite_teams: FAILURE
add_player: FAILURE
knockout_winner: SUCCESS, 17
knockout_winner: SUCCESS, 14
knockout_winner: SUCCESS, 9
knockout_winner: SUCCESS, 17
knockout_winner: INVALID_INPUT
remove_player: SUCCESS
get_all_players: SUCCESS
87
32
106
184
138
187
17
196
31
192
111
18
73
146
97
knockout_winner: INVALID_INPUT
knockout_winner: INVALID_INPUT
knockout_winner: INVALID_INPUT
knockout_winner: INVALID_INPUT
knockout_winner: INVALID_INPUT
remove_team: FAILURE
play_match: FAILURE
get_closest_player: SUCCESS, 58
add_team: FAILURE
add_player: FAILURE
remove_player: SUCCESS
play_match: FAILURE
remove_player: SUCCESS
play_match: FAILURE
remove_player: SUCCESS
get_closest_player: SUCCESS, 64
get_top_scorer: SUCCESS, 71
play_match: SUCCESS
remove_player: SUCCESS
knockout_winner: INVALID_INPUT
knockout_winner: INVALID_INPUT
knockout_winner: INVALID_INPUT
knockout_winner: INVALID_INPUT
knockout_winner: INVALID_INPUT
add_player: FAILURE
get_team_points: SUCCESS, 8851
remove_player: SUCCESS
remove_player: SUCCESS
get_top_scorer: SUCCESS, 97
get_top_scorer: SUCCESS, 91
get_all_players_count: SUCCESS, 11
unite_teams: FAILURE
get_all_players_count: SUCCESS, 13
get_team_points: SUCCESS, 11386
play_match: FAILURE
get_num_played_games: SUCCESS, 4470
add_team: FAILURE
get_all_players_count: SUCCESS, 7
add_player: FAILURE
get_num_played_games: SUCCESS, 3055
get_top_scorer: SUCCESS, 159
remove_player: SUCCESS
update_player_stats: SUCCESS
get_top_scorer: SUCCESS, 83
get_num_played_games: SUCCESS, 222
get_team_points: SUCCESS, 5444
add_team: FAILURE
get_closest_player: SUCCESS, 120
add_team: FAILURE
get_all_players_count: SUCCESS, 13
get_all_players: SUCCESS
10
80
149
85
109
140
54
118
get_top_scorer: SUCCESS, 159
add_player: FAILURE
knockout_winner: SUCCESS, 9
knockout_winner: INVALID_INPUT
knockout_winner: INVALID_INPUT
knockout_winner: SUCCESS, 14
knockout_winner: SUCCESS, 9
add_player: FAILURE
get_closest_player: SUCCESS, 38
get_closest_player: SUCCESS, 64
get_closest_player: SUCCESS, 189
remove_team: FAILURE
get_closest_player: SUCCESS, 98
knockout_winner: FAILURE
knockout_winner: SUCCESS, 14
knockout_winner: SUCCESS, 14
knockout_winner: FAILURE
knockout_winner: INVALID_INPUT
remove_player: SUCCESS
remove_team: FAILURE
get_all_players_count: SUCCESS, 12
knockout_winner: FAILURE
knockout_winner: SUCCESS, 14
knockout_winner: SUCCESS, 14
knockout_winner: FAILURE
knockout_winner: INVALID_INPUT
remove_team: FAILURE
get_num_played_games: SUCCESS, 6556
get_all_players: SUCCESS
107
147
65
189
167
104
126
101
139
get_team_points: SUCCESS, 4466
get_all_players: SUCCESS
64
98
30
33
122
181
39
47
get_all_players: SUCCESS
200
13
60
44
get_top_scorer: SUCCESS, 173
unite_teams: FAILURE
get_team_points: SUCCESS, 5428
get_team_points: SUCCESS, 1137
add_player: FAILURE
remove_player: SUCCESS
play_match: FAILURE
remove_player: SUCCESS
play_match: FAILURE
unite_teams: SUCCESS
unite_teams: FAILURE
get_team_points: SUCCESS, 1323
knockout_winner: FAILURE
knockout_winner: SUCCESS, 9
knockout_winner: FAILURE
knockout_winner: SUCCESS, 11
knockout_winner: INVALID_INPUT
add_team: FAILURE
get_all_players: SUCCESS
112
99
194
120
123
77
46
186
165
113
53
83
play_match: FAILURE
get_all_players_count: SUCCESS, 9
update_player_stats: SUCCESS
knockout_winner: SUCCESS, 14
knockout_winner: SUCCESS, 14
knockout_winner: SUCCESS, 9
knockout_winner: FAILURE
knockout_winner: INVALID_INPUT
get_all_players: SUCCESS
84
108
36
178
103
162
get_closest_player: SUCCESS, 178
get_num_played_games: SUCCESS, 11599
remove_team: FAILURE
get_team_points: SUCCESS, 11936
unite_teams: FAILURE
knockout_winner: SUCCESS, 14
knockout_winner: SUCCESS, 9
knockout_winner: SUCCESS, 9
knockout_winner: FAILURE
knockout_winner: INVALID_INPUT
get_all_players: SUCCESS
7
86
72
188
62
134
191
56
82
add_team: FAILURE
update_player_stats: SUCCESS
remove_team: FAILURE
update_player_stats: SUCCESS
get_closest_player: SUCCESS, 56
play_match: FAILURE
get_all_players_count: SUCCESS, 6
play_match: FAILURE
get_closest_player: SUCCESS, 53
remove_player: SUCCESS
update_player_stats: SUCCESS
play_match: INVALID_INPUT
remove_team: FAILURE
get_all_players: SUCCESS
107
147
65
189
167
104
126
101
139
get_team_points: SUCCESS, 4466
remove_team: FAILURE
play_match: SUCCESS
add_team: FAILURE
get_num_played_games: SUCCESS, 10799
get_num_played_games: SUCCESS, 4967
add_team: FAILURE
get_all_players_count: SUCCESS, 15
get_num_played_games: SUCCESS, 823
get_num_played_games: SUCCESS, 10457
remove_team: FAILURE
get_all_players_count: SUCCESS, 5
get_num_played_games: SUCCESS, 19875
get_all_players_count: SUCCESS, 8
update_player_stats: SUCCESS
knockout_winner: SUCCESS, 11
knockout_winner: SUCCESS, 9
knockout_winner: FAILURE
knockout_winner: SUCCESS, 16
knockout_winner: INVALID_INPUT
unite_teams: FAILURE
update_player_stats: SUCCESS
unite_teams: SUCCESS
update_player_stats: SUCCESS
play_match: SUCCESS
add_player: FAILURE
unite_teams: FAILURE
get_closest_player: SUCCESS, 10
get_top_scorer: SUCCESS, 119
unite_teams: FAILURE
get_top_scorer: SUCCESS, 71
get_top_scorer: SUCCESS, 144
play_match: FAILURE
get_closest_player: SUCCESS, 72
get_num_played_games: SUCCESS, 3931
unite_teams: INVALID_INPUT
unite_teams: FAILURE
get_num_played_games: SUCCESS, 1831
get_all_players: SUCCESS
84
108
36
178
103
162
get_top_scorer: SUCCESS, 152
update_player_stats: SUCCESS
play_match: FAILURE
get_top_scorer: SUCCESS, 128
remove_player: SUCCESS
update_player_stats: SUCCESS
remove_player: SUCCESS
add_player: FAILURE
unite_teams: FAILURE
get_num_played_games: SUCCESS, 10800
get_all_players_count: SUCCESS, 10
get_team_points: SUCCESS, 1323
knockout_winner: SUCCESS, 14
knockout_winner: SUCCESS, 14
knockout_winner: SUCCESS, 11
knockout_winner: SUCCESS, 20
knockout_winner: INVALID_INPUT
get_num_played_games: SUCCESS, 1451
get_num_played_games: SUCCESS, 5816
play_match: FAILURE
unite_teams: FAILURE
play_match: FAILURE
get_top_scorer: SUCCESS, 173
add_team: FAILURE
add_team: FAILURE
get_all_players_count: SUCCESS, 8
add_team: FAILURE
update_player_stats: SUCCESS
get_num_played_games: SUCCESS, 10555
update_player_stats: SUCCESS
get_num_played_games: SUCCESS, 10806
get_all_players_count: SUCCESS, 9
get_team_points: SUCCESS, 11977
unite_teams: FAILURE
remove_player: SUCCESS
add_team: FAILURE
get_num_played_games: SUCCESS, 10242
get_team_points: SUCCESS, 8851
get_num_played_games: SUCCESS, 2047
unite_teams: FAILURE
remove_player: SUCCESS
remove_player: SUCCESS
add_player: FAILURE
get_top_scorer: SUCCESS, 119
get_top_scorer: SUCCESS, 144
get_top_scorer: SUCCESS, 51
remove_team: FAILURE
get_top_scorer: SUCCESS, 97
remove_team: FAILURE
get_all_players_count: SUCCESS, 17
add_team: FAILURE
update_player_stats: SUCCESS
get_all_players: SUCCESS
55
12
96
70
95
67
81
50
61
193
68
24
172
179
117
8
152
add_team: FAILURE
get_team_points: SUCCESS, 4466
remove_player: SUCCESS
remove_player: SUCCESS
knockout_winner: SUCCESS, 6
knockout_winner: SUCCESS, 6
knockout_winner: SUCCESS, 6
knockout_winner: SUCCESS, 14
knockout_winner: INVALID_INPUT
remove_player: SUCCESS
remove_player: SUCCESS
get_all_players_count: SUCCESS, 13
get_num_played_games: SUCCESS, 8533
add_player: FAILURE
get_team_points: SUCCESS, 6653
get_num_played_games: SUCCESS, 6116
unite_teams: FAILURE
get_all_players_count: SUCCESS, 13
remove_team: FAILURE
update_player_stats: SUCCESS
remove_player: SUCCESS
update_player_stats: SUCCESS
add_player: FAILURE
update_player_stats: SUCCESS
knockout_winner: SUCCESS, 14
knockout_winner: SUCCESS, 6
knockout_winner: SUCCESS, 6
knockout_winner: SUCCESS, 14
knockout_winner: INVALID_INPUT
remove_player: SUCCESS
get_closest_player: SUCCESS, 146
get_team_points: SUCCESS, 957
add_team: FAILURE
get_closest_player: SUCCESS, 172
add_player: FAILURE
knockout_winner: SUCCESS, 20
knockout_winner: SUCCESS, 20
knockout_winner: FAILURE
knockout_winner: FAILURE
knockout_winner: INVALID_INPUT
remove_team: FAILURE
get_top_scorer: SUCCESS, 75
play_match: FAILURE
get_top_scorer: SUCCESS, 79
knockout_winner: SUCCESS, 3
knockout_winner: INVALID_INPUT
knockout_winner: INVALID_INPUT
knockout_winner: SUCCESS, 6
knockout_winner: INVALID_INPUT
update_player_stats: SUCCESS
remove_team: FAILURE
play_match: FAILURE
remove_player: SUCCESS
get_closest_player: SUCCESS, 36
get_all_players_count: SUCCESS, 10
add_player: FAILURE
get_top_scorer: SUCCESS, 198
add_player: FAILURE
unite_teams: FAILURE
play_match: FAILURE
knockout_winner: INVALID_INPUT
knockout_winner: INVALID_INPUT
knockout_winner: INVALID_INPUT
knockout_winner: INVALID_INPUT
knockout_winner: INVALID_INPUT
get_top_scorer: SUCCESS, 79
update_player_stats: SUCCESS
get_top_scorer: SUCCESS, 198
play_match: FAILURE
get_all_players_count: SUCCESS, 15
get_num_played_games: SUCCESS, 11570
remove_player: SUCCESS
add_player: FAILURE
get_num_played_games: SUCCESS, 9691
play_match: FAILURE
get_team_points: SUCCESS, 20515
add_player: FAILURE
get_num_played_games: SUCCESS, 11022
get_all_players: SUCCESS
55
12
96
70
67
50
61
193
68
24
172
179
95
8
152
unite_teams: FAILURE
knockout_winner: INVALID_INPUT
knockout_winner: INVALID_INPUT
knockout_winner: INVALID_INPUT
knockout_winner: INVALID_INPUT
knockout_winner: INVALID_INPUT
get_num_played_games: SUCCESS, 222
add_team: FAILURE
get_closest_player: SUCCESS, 135
add_player: FAILURE
get_all_players_count: SUCCESS, 5
get_team_points: SUCCESS, 4466
play_match: FAILURE
remove_player: SUCCESS
update_player_stats: SUCCESS
play_match: FAILURE
remove_team: FAILURE
get_closest_player: SUCCESS, 196
update_player_stats: SUCCESS
get_team_points: SUCCESS, 11936
get_top_scorer: SUCCESS, 152
add_team: FAILURE
remove_player: SUCCESS
get_closest_player: SUCCESS, 98
get_num_played_games: SUCCESS, 4888
remove_team: FAILURE
remove_player: SUCCESS
get_team_points: SUCCESS, 8065
get_team_points: SUCCESS, 6653
play_match: FAILURE
add_player: FAILURE
get_all_players_count: SUCCESS, 6
remove_team: FAILURE
add_team: FAILURE
get_all_players: SUCCESS
93
16
171
14
119
198
knockout_winner: FAILURE
knockout_winner: SUCCESS, 11
knockout_winner: FAILURE
knockout_winner: FAILURE
knockout_winner: INVALID_INPUT
remove_player: SUCCESS
update_player_stats: SUCCESS
remove_team: FAILURE
get_all_players_count: SUCCESS, 6
add_team: FAILURE
get_top_scorer: SUCCESS, 152
get_all_players: SUCCESS
84
108
178
103
162
get_num_played_games: SUCCESS, 2389
unite_teams: FAILURE
update_player_stats: SUCCESS
unite_teams: FAILURE
update_player_stats: SUCCESS
get_closest_player: SUCCESS, 85
add_player: FAILURE
unite_teams: FAILURE
remove_team: FAILURE
add_player: FAILURE
get_top_scorer: SUCCESS, 44
update_player_stats: SUCCESS
remove_player: SUCCESS
update_player_stats: SUCCESS
update_player_stats: SUCCESS
remove_player: SUCCESS
add_team: FAILURE
unite_teams: FAILURE
update_player_stats: SUCCESS
get_top_scorer: SUCCESS, 79
play_match: FAILURE
get_closest_player: SUCCESS, 119
play_match: FAILURE
add_player: FAILURE
add_player: FAILURE
knockout_winner: FAILURE
knockout_winner: SUCCESS, 20
knockout_winner: SUCCESS, 11
knockout_winner: FAILURE
knockout_winner: INVALID_INPUT
unite_teams: INVALID_INPUT
add_team: FAILURE
update_player_stats: SUCCESS
add_player: FAILURE
play_match: FAILURE
knockout_winner: FAILURE
knockout_winner: SUCCESS, 20
knockout_winner: SUCCESS, 11
knockout_winner: FAILURE
knockout_winner: INVALID_INPUT
unite_teams: FAILURE
get_num_played_games: SUCCESS, 7507
add_team: FAILURE
get_all_players_count: SUCCESS, 13
get_all_players_count: SUCCESS, 8
update_player_stats: SUCCESS
unite_teams: SUCCESS
get_all_players_count: SUCCESS, 9
play_match: FAILURE
play_match: FAILURE
get_all_players: SUCCESS
99
194
120
123
77
165
113
53
83
get_all_players_count: SUCCESS, 8
get_closest_player: SUCCESS, 56
get_all_players: SUCCESS
148
6
74
20
176
76
145
173
get_all_players: SUCCESS
84
108
178
103
162
get_all_players: SUCCESS
93
16
171
14
119
198
get_team_points: SUCCESS, 6653
get_all_players: SUCCESS
34
127
105
142
22
5
27
23
41
51
unite_teams: FAILURE
get_team_points: SUCCESS, 5444
get_all_players_count: SUCCESS, 12
get_team_points: SUCCESS, 8065
get_num_played_games: SUCCESS, 270
add_team: FAILURE
remove_team: FAILURE
update_player_stats: SUCCESS
get_num_played_games: SUCCESS, 22614
get_all_players_count: SUCCESS, 5
knockout_winner: SUCCESS, 6
knockout_winner: SUCCESS, 12
knockout_winner: SUCCESS, 12
knockout_winner: SUCCESS, 12
knockout_winner: SUCCESS, 12
remove_player: SUCCESS
get_closest_player: SUCCESS, 167
unite_teams: FAILURE
get_top_scorer: SUCCESS, 177
get_closest_player: SUCCESS, 120
knockout_winner: SUCCESS, 12
knockout_winner: INVALID_INPUT
knockout_winner: INVALID_INPUT
knockout_winner: SUCCESS, 12
knockout_winner: INVALID_INPUT
knockout_winner: INVALID_INPUT
knockout_winner: INVALID_INPUT
knockout_winner: INVALID_INPUT
knockout_winner: INVALID_INPUT
knockout_winner: INVALID_INPUT
get_team_points: SUCCESS, 8065
get_all_players: SUCCESS
55
12
96
70
67
50
193
68
172
95
24
8
152
61
get_num_played_games: SUCCESS, 3928
update_player_stats: SUCCESS
get_all_players: SUCCESS
55
12
96
70
67
50
193
68
172
95
24
8
152
61
get_num_played_games: SUCCESS, 9890
knockout_winner: SUCCESS, 12
knockout_winner: SUCCESS, 12
knockout_winner: SUCCESS, 6
knockout_winner: SUCCESS, 12
knockout_winner: INVALID_INPUT
get_all_players: SUCCESS
55
12
96
70
67
50
193
68
172
95
24
8
152
61
add_player: FAILURE
get_all_players_count: SUCCESS, 8
remove_team: FAILURE
add_team: FAILURE
play_match: FAILURE
get_all_players_count: SUCCESS, 6
knockout_winner: INVALID_INPUT
knockout_winner: SUCCESS, 6
knockout_winner: INVALID_INPUT
knockout_winner: INVALID_INPUT
knockout_winner: INVALID_INPUT
update_player_stats: SUCCESS
knockout_winner: INVALID_INPUT
knockout_winner: INVALID_INPUT
knockout_winner: INVALID_INPUT
knockout_winner: INVALID_INPUT
knockout_winner: INVALID_INPUT
remove_player: SUCCESS
get_top_scorer: SUCCESS, 130
get_all_players: SUCCESS
10
200
29
143
13
149
100
85
60
151
109
54
90
164
25
144
195
44
80
knockout_winner: SUCCESS, 12
knockout_winner: SUCCESS, 12
knockout_winner: FAILURE
knockout_winner: FAILURE
knockout_winner: INVALID_INPUT
unite_teams: INVALID_INPUT
get_closest_player: SUCCESS, 16
get_num_played_games: SUCCESS, 9828
add_team: FAILURE
get_num_played_games: SUCCESS, 10784
add_team: FAILURE
unite_teams: FAILURE
get_top_scorer: SUCCESS, 130
add_player: FAILURE
unite_teams: FAILURE
remove_team: FAILURE
get_team_points: SUCCESS, 11977
remove_player: SUCCESS
update_player_stats: SUCCESS
get_top_scorer: SUCCESS, 79
get_num_played_games: SUCCESS, 5575
remove_player: SUCCESS
unite_teams: SUCCESS
get_team_points: SUCCESS, 20515
get_num_played_games: SUCCESS, 7714
get_team_points: SUCCESS, 11936
play_match: FAILURE
get_closest_player: SUCCESS, 40
get_all_players_count: SUCCESS, 12
update_player_stats: SUCCESS
get_all_players: SUCCESS
107
65
147
189
167
104
101
139
126
get_closest_player: SUCCESS, 96
get_top_scorer: SUCCESS, 196
get_num_played_games: SUCCESS, 2047
knockout_winner: INVALID_INPUT
knockout_winner: SUCCESS, 11
knockout_winner: INVALID_INPUT
knockout_winner: INVALID_INPUT
knockout_winner: INVALID_INPUT
add_player: FAILURE
unite_teams: SUCCESS
remove_player: SUCCESS
add_player: FAILURE
get_all_players_count: SUCCESS, 6
knockout_winner: FAILURE
knockout_winner: SUCCESS, 12
knockout_winner: SUCCESS, 11
knockout_winner: FAILURE
knockout_winner: INVALID_INPUT
remove_team: FAILURE
play_match: FAILURE
play_match: FAILURE
get_top_scorer: SUCCESS, 198
get_top_scorer: SUCCESS, 177
get_all_players_count: SUCCESS, 7
update_player_stats: SUCCESS
knockout_winner: SUCCESS, 12
knockout_winner: INVALID_INPUT
knockout_winner: INVALID_INPUT
knockout_winner: SUCCESS, 12
knockout_winner: SUCCESS, 12
get_all_players: SUCCESS
64
78
182
94
110
98
30
33
135
181
169
39
91
128
122
47
177
remove_player: SUCCESS
get_closest_player: SUCCESS, 147
get_team_points: SUCCESS, 20515
add_team: FAILURE
get_top_scorer: SUCCESS, 196
update_player_stats: SUCCESS
update_player_stats: SUCCESS
update_player_stats: SUCCESS
unite_teams: FAILURE
remove_player: SUCCESS
get_top_scorer: SUCCESS, 80
get_all_players: SUCCESS
194
120
123
77
165
53
83
add_team: FAILURE
get_all_players_count: SUCCESS, 19
update_player_stats: SUCCESS
add_player: FAILURE
play_match: SUCCESS
remove_team: FAILURE
remove_player: SUCCESS
unite_teams: FAILURE
get_team_points: SUCCESS, 12722
unite_teams: SUCCESS
knockout_winner: SUCCESS, 13
knockout_winner: SUCCESS, 12
knockout_winner: FAILURE
knockout_winner: SUCCESS, 18
knockout_winner: INVALID_INPUT
get_all_players_count: SUCCESS, 22
remove_player: SUCCESS
get_closest_player: SUCCESS, 57
get_team_points: SUCCESS, 957
unite_teams: FAILURE
add_team: FAILURE
remove_team: FAILURE
update_player_stats: SUCCESS
get_num_played_games: SUCCESS, 5528
get_all_players_count: SUCCESS, 14
remove_player: SUCCESS
get_team_points: SUCCESS, 6653
get_closest_player: SUCCESS, 185
remove_player: SUCCESS
remove_player: SUCCESS
remove_team: FAILURE
get_all_players: SUCCESS
78
1
182
94
125
110
98
30
135
150
181
169
39
91
128
122
166
47
42
161
177
get_num_played_games: SUCCESS, 5528
unite_teams: FAILURE
get_num_played_games: SUCCESS, 10690
get_closest_player: SUCCESS, 198
play_match: SUCCESS
add_team: FAILURE
remove_player: SUCCESS
knockout_winner: SUCCESS, 13
knockout_winner: SUCCESS, 12
knockout_winner: FAILURE
knockout_winner: SUCCESS, 18
knockout_winner: INVALID_INPUT
remove_player: SUCCESS
play_match: FAILURE
add_team: FAILURE
get_team_points: SUCCESS, 11977
get_all_players: SUCCESS
107
65
147
189
167
104
101
139
126
get_num_played_games: SUCCESS, 812
get_closest_player: SUCCESS, 7
remove_player: SUCCESS
get_num_played_games: SUCCESS, 7611
get_all_players_count: SUCCESS, 10
get_all_players_count: SUCCESS, 18
get_closest_player: SUCCESS, 58
get_num_played_games: SUCCESS, 2726
get_all_players: SUCCESS
34
127
105
142
22
5
27
23
51
play_match: FAILURE
get_team_points: SUCCESS, 1140
remove_team: FAILURE
remove_team: FAILURE
get_num_played_games: SUCCESS, 8146
get_top_scorer: SUCCESS, 61
get_team_points: SUCCESS, 1140
get_team_points: SUCCESS, 957
get_all_players: SUCCESS
158
3
102
57
157
124
168
129
45
43
190
71
185
40
75
get_closest_player: SUCCESS, 110
get_closest_player: SUCCESS, 129
remove_player: SUCCESS
get_all_players: SUCCESS
59
11
183
28
114
92
132
88
get_team_points: SUCCESS, 20515
remove_player: SUCCESS
remove_player: SUCCESS
get_closest_player: SUCCESS, 167
remove_player: SUCCESS
remove_team: FAILURE
get_closest_player: SUCCESS, 156
add_player: FAILURE
get_all_players_count: SUCCESS, 17
play_match: FAILURE
get_all_players: SUCCESS
148
6
20
76
145
173
remove_team: FAILURE
get_all_players: SUCCESS
148
6
20
76
145
173
add_player: FAILURE
get_closest_player: SUCCESS, 6
add_player: FAILURE
get_all_players_count: SUCCESS, 11
add_player: FAILURE
get_num_played_games: SUCCESS, 12645
unite_teams: SUCCESS
get_all_players: SUCCESS
37
156
170
58
66
180
130
add_team: FAILURE
get_team_points: SUCCESS, 13231
get_top_scorer: SUCCESS, 75
get_all_players_count: SUCCESS, 20
get_all_players_count: SUCCESS, 15
get_team_points: SUCCESS, 957
get_all_players: SUCCESS
37
156
170
58
66
180
130
add_player: FAILURE
add_player: FAILURE
remove_team: FAILURE
remove_player: SUCCESS
get_top_scorer: SUCCESS, 196
get_top_scorer: SUCCESS, 198
remove_team: FAILURE
get_closest_player: SUCCESS, 103
get_num_played_games: SUCCESS, 10785
unite_teams: SUCCESS
play_match: FAILURE
get_all_players: SUCCESS
194
120
77
165
53
83
add_player: FAILURE
knockout_winner: FAILURE
knockout_winner: INVALID_INPUT
knockout_winner: INVALID_INPUT
knockout_winner: FAILURE
knockout_winner: INVALID_INPUT
add_player: FAILURE
update_player_stats: SUCCESS
get_num_played_games: SUCCESS, 10527
update_player_stats: SUCCESS
knockout_winner: INVALID_INPUT
knockout_winner: SUCCESS, 13
knockout_winner: INVALID_INPUT
knockout_winner: INVALID_INPUT
knockout_winner: INVALID_INPUT
remove_player: SUCCESS
unite_teams: FAILURE
add_player: FAILURE
get_team_points: SUCCESS, 20515
get_closest_player: SUCCESS, 13
knockout_winner: SUCCESS, 12
knockout_winner: INVALID_INPUT
knockout_winner: INVALID_INPUT
knockout_winner: SUCCESS, 12
knockout_winner: INVALID_INPUT
knockout_winner: FAILURE
knockout_winner: SUCCESS, 12
knockout_winner: SUCCESS, 12
knockout_winner: FAILURE
knockout_winner: INVALID_INPUT
get_all_players_count: SUCCESS, 17
remove_team: FAILURE
add_player: FAILURE
add_team: FAILURE
unite_teams: FAILURE
knockout_winner: FAILURE
knockout_winner: SUCCESS, 12
knockout_winner: SUCCESS, 11
knockout_winner: FAILURE
knockout_winner: INVALID_INPUT
get_num_played_games: SUCCESS, 2047
remove_team: FAILURE
get_num_played_games: SUCCESS, 7428
add_team: FAILURE
get_all_players: SUCCESS
37
156
170
58
66
180
130
add_team: FAILURE
remove_player: SUCCESS
unite_teams: FAILURE
add_player: FAILURE
add_player: FAILURE
get_top_scorer: SUCCESS, 80
remove_player: SUCCESS
get_top_scorer: SUCCESS, 134
get_all_players_count: SUCCESS, 20
get_all_players_count: SUCCESS, 20
get_num_played_games: SUCCESS, 19079
knockout_winner: SUCCESS, 6
knockout_winner: SUCCESS, 6
knockout_winner: FAILURE
knockout_winner: SUCCESS, 11
knockout_winner: INVALID_INPUT
get_all_players: SUCCESS
158
16
171
3
102
57
14
198
157
124
168
129
45
43
190
71
185
119
40
75
knockout_winner: FAILURE
knockout_winner: SUCCESS, 12
knockout_winner: SUCCESS, 11
knockout_winner: FAILURE
knockout_winner: INVALID_INPUT
update_player_stats: SUCCESS
knockout_winner: INVALID_INPUT
knockout_winner: SUCCESS, 12
knockout_winner: INVALID_INPUT
knockout_winner: INVALID_INPUT
knockout_winner: INVALID_INPUT
remove_player: SUCCESS
knockout_winner: SUCCESS, 12
knockout_winner: INVALID_INPUT
knockout_winner: INVALID_INPUT
knockout_winner: SUCCESS, 12
knockout_winner: FAILURE
play_match: SUCCESS
get_all_players: SUCCESS
87
32
106
138
17
31
192
111
73
97
196
remove_player: SUCCESS
get_closest_player: SUCCESS, 189
get_num_played_games: SUCCESS, 9891
knockout_winner: INVALID_INPUT
knockout_winner: SUCCESS, 13
knockout_winner: INVALID_INPUT
knockout_winner: INVALID_INPUT
knockout_winner: INVALID_INPUT
get_team_points: SUCCESS, 13509
remove_team: FAILURE
add_player: FAILURE
add_player: FAILURE
remove_player: SUCCESS
update_player_stats: SUCCESS
get_all_players: SUCCESS
10
200
29
143
13
149
100
85
60
151
109
90
164
25
195
44
80
get_num_played_games: SUCCESS, 3475
add_player: FAILURE
unite_teams: FAILURE
remove_player: SUCCESS
get_all_players: SUCCESS
194
120
77
165
53
83
add_player: FAILURE
add_team: FAILURE
get_num_played_games: SUCCESS, 10594
get_num_played_games: SUCCESS, 4471
get_closest_player: SUCCESS, 109
knockout_winner: INVALID_INPUT
knockout_winner: SUCCESS, 12
knockout_winner: INVALID_INPUT
knockout_winner: INVALID_INPUT
knockout_winner: INVALID_INPUT
play_match: FAILURE
update_player_stats: SUCCESS
add_team: FAILURE
remove_team: FAILURE
get_closest_player: SUCCESS, 57
remove_team: FAILURE
add_player: FAILURE
get_top_scorer: SUCCESS, 42
get_all_players: SUCCESS
59
11
183
114
92
132
88
add_team: FAILURE
update_player_stats: SUCCESS
remove_team: FAILURE
knockout_winner: SUCCESS, 6
knockout_winner: SUCCESS, 6
knockout_winner: SUCCESS, 6
knockout_winner: SUCCESS, 12
knockout_winner: INVALID_INPUT
get_top_scorer: SUCCESS, 126
play_match: SUCCESS
get_all_players_count: SUCCESS, 6
get_num_played_games: SUCCESS, 10039
remove_team: FAILURE
get_closest_player: SUCCESS, 57
get_top_scorer: SUCCESS, 126
play_match: SUCCESS
unite_teams: SUCCESS
get_all_players_count: SUCCESS, 17
add_player: FAILURE
play_match: SUCCESS
remove_player: SUCCESS
unite_teams: SUCCESS
get_all_players_count: SUCCESS, 33
remove_player: SUCCESS
get_num_played_games: SUCCESS, 6339
remove_player: SUCCESS
add_player: FAILURE
add_team: FAILURE
add_team: FAILURE
get_all_players_count: SUCCESS, 33
get_all_players: SUCCESS
10
200
29
143
13
149
100
85
60
151
109
90
25
195
44
80
get_all_players_count: SUCCESS, 16
knockout_winner: INVALID_INPUT
knockout_winner: SUCCESS, 6
knockout_winner: INVALID_INPUT
knockout_winner: INVALID_INPUT
knockout_winner: INVALID_INPUT
knockout_winner: SUCCESS, 11
knockout_winner: SUCCESS, 6
knockout_winner: SUCCESS, 6
knockout_winner: FAILURE
knockout_winner: INVALID_INPUT
get_all_players: SUCCESS
37
156
170
58
66
180
130
get_closest_player: SUCCESS, 32
add_player: FAILURE
get_closest_player: SUCCESS, 59
knockout_winner: INVALID_INPUT
knockout_winner: SUCCESS, 6
knockout_winner: INVALID_INPUT
knockout_winner: INVALID_INPUT
knockout_winner: INVALID_INPUT
remove_player: SUCCESS
remove_team: FAILURE
knockout_winner: INVALID_INPUT
knockout_winner: SUCCESS, 6
knockout_winner: INVALID_INPUT
knockout_winner: INVALID_INPUT
knockout_winner: INVALID_INPUT
get_all_players: SUCCESS
148
6
127
105
20
142
22
76
145
5
27
23
51
get_all_players: SUCCESS
84
108
7
62
178
191
103
72
134
play_match: INVALID_INPUT
get_all_players: SUCCESS
10
200
29
143
13
149
100
85
60
151
109
90
25
195
44
80
update_player_stats: SUCCESS
add_team: FAILURE
get_num_played_games: SUCCESS, 9948
update_player_stats: SUCCESS
unite_teams: FAILURE
add_team: FAILURE
get_num_played_games: SUCCESS, 5363
knockout_winner: SUCCESS, 6
knockout_winner: INVALID_INPUT
knockout_winner: INVALID_INPUT
knockout_winner: SUCCESS, 12
knockout_winner: INVALID_INPUT
get_team_points: SUCCESS, 41314
remove_player: SUCCESS
play_match: FAILURE
get_team_points: SUCCESS, 14045
unite_teams: SUCCESS
play_match: FAILURE
play_match: FAILURE
get_top_scorer: SUCCESS, 51
get_top_scorer: SUCCESS, 130
get_num_played_games: SUCCESS, 8064
get_top_scorer: SUCCESS, 51
get_all_players_count: SUCCESS, 7
play_match: SUCCESS
unite_teams: SUCCESS
get_num_played_games: SUCCESS, 7862
get_closest_player: SUCCESS, 47
get_num_played_games: SUCCESS, 6660
get_all_players: SUCCESS
148
6
127
105
20
142
22
76
145
5
27
23
51
remove_team: FAILURE
get_all_players: SUCCESS
194
1
120
182
94
125
98
77
30
135
150
181
169
165
91
128
53
83
122
166
47
42
get_all_players_count: SUCCESS, 13
get_all_players: SUCCESS
10
37
200
29
143
13
149
100
85
151
156
109
170
90
25
58
66
180
195
60
44
130
80
get_closest_player: SUCCESS, 198
unite_teams: FAILURE
get_all_players_count: SUCCESS, 22
update_player_stats: SUCCESS
get_top_scorer: SUCCESS, 42
get_num_played_games: SUCCESS, 19881
add_player: FAILURE
get_all_players: SUCCESS
59
183
114
92
88
132
get_all_players: SUCCESS
59
183
114
92
88
132
get_all_players_count: SUCCESS, 23
get_num_played_games: SUCCESS, 10302
update_player_stats: SUCCESS
play_match: FAILURE
play_match: FAILURE
get_all_players_count: SUCCESS, 22
unite_teams: FAILURE
knockout_winner: SUCCESS, 6
knockout_winner: SUCCESS, 6
knockout_winner: FAILURE
knockout_winner: SUCCESS, 11
knockout_winner: INVALID_INPUT
add_team: FAILURE
knockout_winner: INVALID_INPUT
knockout_winner: SUCCESS, 13
knockout_winner: INVALID_INPUT
knockout_winner: INVALID_INPUT
knockout_winner: INVALID_INPUT
remove_team: FAILURE
get_num_played_games: SUCCESS, 9693
get_num_played_games: SUCCESS, 3270
get_all_players: SUCCESS
158
16
171
3
102
57
14
198
157
124
168
129
45
43
71
185
119
40
190
75
knockout_winner: INVALID_INPUT
knockout_winner: SUCCESS, 6
knockout_winner: INVALID_INPUT
knockout_winner: INVALID_INPUT
knockout_winner: INVALID_INPUT
remove_team: FAILURE
knockout_winner: SUCCESS, 6
knockout_winner: SUCCESS, 6
knockout_winner: FAILURE
knockout_winner: SUCCESS, 11
knockout_winner: INVALID_INPUT
get_closest_player: SUCCESS, 84
get_all_players_count: SUCCESS, 23
add_team: FAILURE
unite_teams: FAILURE
get_top_scorer: SUCCESS, 134
add_team: FAILURE
update_player_stats: SUCCESS
play_match: FAILURE
unite_teams: FAILURE
play_match: FAILURE
get_all_players: SUCCESS
10
37
200
29
143
13
149
100
85
151
109
170
90
25
156
58
66
180
195
60
44
130
80
get_all_players_count: SUCCESS, 6
get_all_players_count: SUCCESS, 23
play_match: FAILURE
get_num_played_games: SUCCESS, 10302
add_player: FAILURE
add_team: FAILURE
get_num_played_games: SUCCESS, 1919
knockout_winner: INVALID_INPUT
knockout_winner: SUCCESS, 6
knockout_winner: INVALID_INPUT
knockout_winner: INVALID_INPUT
knockout_winner: INVALID_INPUT
get_num_played_games: SUCCESS, 11166
update_player_stats: SUCCESS
update_player_stats: SUCCESS
add_player: FAILURE
remove_team: FAILURE
play_match: SUCCESS
get_num_played_games: SUCCESS, 2180
get_team_points: SUCCESS, 34751
update_player_stats: SUCCESS
get_num_played_games: SUCCESS, 2731
get_num_played_games: SUCCESS, 11726
knockout_winner: INVALID_INPUT
knockout_winner: INVALID_INPUT
knockout_winner: INVALID_INPUT
knockout_winner: INVALID_INPUT
knockout_winner: INVALID_INPUT
get_team_points: SUCCESS, 15188
get_team_points: SUCCESS, 13509
add_team: FAILURE
add_player: FAILURE
knockout_winner: INVALID_INPUT
knockout_winner: SUCCESS, 13
knockout_winner: INVALID_INPUT
knockout_winner: INVALID_INPUT
knockout_winner: INVALID_INPUT
knockout_winner: INVALID_INPUT
knockout_winner: SUCCESS, 13
knockout_winner: INVALID_INPUT
knockout_winner: INVALID_INPUT
knockout_winner: INVALID_INPUT
unite_teams: INVALID_INPUT
update_player_stats: SUCCESS
add_player: FAILURE
get_team_points: SUCCESS, 15188
knockout_winner: INVALID_INPUT
knockout_winner: SUCCESS, 13
knockout_winner: INVALID_INPUT
knockout_winner: INVALID_INPUT
knockout_winner: INVALID_INPUT
unite_teams: FAILURE
add_player: FAILURE
play_match: INVALID_INPUT
play_match: FAILURE
get_team_points: SUCCESS, 13509
knockout_winner: INVALID_INPUT
knockout_winner: SUCCESS, 6
knockout_winner: INVALID_INPUT
knockout_winner: INVALID_INPUT
knockout_winner: INVALID_INPUT
add_player: FAILURE
unite_teams: FAILURE
add_team: FAILURE
get_num_played_games: SUCCESS, 7145
add_player: FAILURE
update_player_stats: SUCCESS
knockout_winner: SUCCESS, 4
knockout_winner: INVALID_INPUT
knockout_winner: INVALID_INPUT
knockout_winner: FAILURE
knockout_winner: INVALID_INPUT
add_player: FAILURE
knockout_winner: SUCCESS, 4
knockout_winner: INVALID_INPUT
knockout_winner: INVALID_INPUT
knockout_winner: FAILURE
knockout_winner: INVALID_INPUT
get_num_played_games: SUCCESS, 5363
get_all_players_count: SUCCESS, 23
update_player_stats: SUCCESS
remove_team: FAILURE
remove_player: SUCCESS
unite_teams: INVALID_INPUT
get_num_played_games: SUCCESS, 15092
knockout_winner: INVALID_INPUT
knockout_winner: FAILURE
knockout_winner: INVALID_INPUT
knockout_winner: INVALID_INPUT
knockout_winner: INVALID_INPUT
get_closest_player: SUCCESS, 25
get_all_players: SUCCESS
158
16
171
102
3
14
198
157
57
124
168
129
45
43
71
185
119
40
190
75
get_all_players: SUCCESS
84
108
7
62
178
191
72
134
103
knockout_winner: INVALID_INPUT
knockout_winner: SUCCESS, 6
knockout_winner: INVALID_INPUT
knockout_winner: INVALID_INPUT
knockout_winner: INVALID_INPUT
update_player_stats: SUCCESS
get_all_players_count: SUCCESS, 6
remove_team: FAILURE
add_player: FAILURE
get_closest_player: SUCCESS, 183
get_top_scorer: SUCCESS, 51
get_team_points: SUCCESS, 15188
update_player_stats: SUCCESS
get_all_players_count: SUCCESS, 21
get_all_players_count: SUCCESS, 32
get_top_scorer: SUCCESS, 75
add_team: FAILURE
get_all_players: SUCCESS
10
37
200
29
143
13
149
100
85
151
109
170
90
25
156
58
180
195
60
44
130
80
66
get_closest_player: SUCCESS, 29
get_top_scorer: SUCCESS, 42
get_all_players: SUCCESS
84
108
62
178
191
7
72
134
103
get_all_players_count: SUCCESS, 23
get_all_players: SUCCESS
59
183
114
92
88
132
knockout_winner: INVALID_INPUT
knockout_winner: INVALID_INPUT
knockout_winner: INVALID_INPUT
knockout_winner: INVALID_INPUT
knockout_winner: INVALID_INPUT
get_all_players_count: SUCCESS, 23
get_all_players_count: SUCCESS, 32
remove_team: FAILURE
add_player: FAILURE
play_match: SUCCESS
get_all_players: SUCCESS
84
108
62
178
191
7
72
134
103
knockout_winner: INVALID_INPUT
knockout_winner: SUCCESS, 13
knockout_winner: INVALID_INPUT
knockout_winner: INVALID_INPUT
knockout_winner: INVALID_INPUT
knockout_winner: FAILURE
knockout_winner: SUCCESS, 13
knockout_winner: SUCCESS, 13
knockout_winner: FAILURE
knockout_winner: INVALID_INPUT
unite_teams: FAILURE
get_closest_player: SUCCESS, 84
get_all_players_count: SUCCESS, 21
update_player_stats: SUCCESS
update_player_stats: SUCCESS
get_all_players_count: SUCCESS, 20
add_team: FAILURE
knockout_winner: SUCCESS, 6
knockout_winner: SUCCESS, 6
knockout_winner: FAILURE
knockout_winner: SUCCESS, 11
knockout_winner: INVALID_INPUT
remove_team: FAILURE
get_all_players_count: SUCCESS, 6
get_team_points: SUCCESS, 13231
remove_player: SUCCESS
get_closest_player: SUCCESS, 85
get_all_players_count: SUCCESS, 6
get_closest_player: SUCCESS, 120
unite_teams: FAILURE
knockout_winner: SUCCESS, 11
knockout_winner: SUCCESS, 6
knockout_winner: SUCCESS, 6
knockout_winner: FAILURE
knockout_winner: INVALID_INPUT
unite_teams: FAILURE
play_match: FAILURE
get_all_players: SUCCESS
148
127
105
20
142
22
76
145
6
5
27
23
51
knockout_winner: SUCCESS, 13
knockout_winner: SUCCESS, 13
knockout_winner: FAILURE
knockout_winner: FAILURE
knockout_winner: INVALID_INPUT
add_team: FAILURE
get_top_scorer: SUCCESS, 132
add_player: FAILURE
remove_team: FAILURE
get_top_scorer: SUCCESS, 103
get_team_points: SUCCESS, 15188
get_top_scorer: SUCCESS, 66
get_top_scorer: SUCCESS, 132
get_all_players: SUCCESS
183
114
59
92
88
132
get_all_players: SUCCESS
148
127
105
20
142
22
76
145
6
5
27
23
51
get_all_players_count: SUCCESS, 13
knockout_winner: INVALID_INPUT
knockout_winner: FAILURE
knockout_winner: INVALID_INPUT
knockout_winner: INVALID_INPUT
knockout_winner: INVALID_INPUT
play_match: INVALID_INPUT
update_player_stats: SUCCESS
knockout_winner: SUCCESS, 4
knockout_winner: INVALID_INPUT
knockout_winner: INVALID_INPUT
knockout_winner: FAILURE
knockout_winner: INVALID_INPUT
get_top_scorer: SUCCESS, 42
knockout_winner: INVALID_INPUT
knockout_winner: FAILURE
knockout_winner: INVALID_INPUT
knockout_winner: INVALID_INPUT
knockout_winner: INVALID_INPUT
get_top_scorer: SUCCESS, 126
remove_team: FAILURE
add_team: FAILURE
get_all_players: SUCCESS
84
108
62
178
7
72
134
103
unite_teams: FAILURE
get_top_scorer: SUCCESS, 103
get_closest_player: SUCCESS, 90
update_player_stats: SUCCESS
add_player: FAILURE
get_closest_player: SUCCESS, 194
get_top_scorer: SUCCESS, 75
get_closest_player: SUCCESS, 17
knockout_winner: SUCCESS, 13
knockout_winner: SUCCESS, 6
knockout_winner: SUCCESS, 6
knockout_winner: FAILURE
knockout_winner: INVALID_INPUT
remove_player: SUCCESS
unite_teams: FAILURE
remove_team: FAILURE
remove_player: SUCCESS
add_player: FAILURE
knockout_winner: INVALID_INPUT
knockout_winner: SUCCESS, 13
knockout_winner: INVALID_INPUT
knockout_winner: INVALID_INPUT
knockout_winner: INVALID_INPUT
knockout_winner: INVALID_INPUT
knockout_winner: SUCCESS, 13
knockout_winner: INVALID_INPUT
knockout_winner: INVALID_INPUT
knockout_winner: INVALID_INPUT
add_player: FAILURE
add_player: FAILURE
unite_teams: FAILURE
remove_player: SUCCESS
add_team: FAILURE
get_team_points: SUCCESS, 13231
update_player_stats: SUCCESS
knockout_winner: INVALID_INPUT
knockout_winner: SUCCESS, 11
knockout_winner: INVALID_INPUT
knockout_winner: INVALID_INPUT
knockout_winner: INVALID_INPUT
get_top_scorer: SUCCESS, 42
remove_player: SUCCESS
remove_player: SUCCESS
remove_player: SUCCESS
remove_player: SUCCESS
remove_player: SUCCESS
remove_player: SUCCESS
remove_player: SUCCESS
remove_player: SUCCESS
remove_player: SUCCESS
remove_player: SUCCESS
remove_player: SUCCESS
remove_player: SUCCESS
remove_player: SUCCESS
remove_player: SUCCESS
remove_player: SUCCESS
remove_player: SUCCESS
remove_player: SUCCESS
remove_player: SUCCESS
remove_player: SUCCESS
remove_player: SUCCESS
remove_player: SUCCESS
remove_player: SUCCESS
remove_player: SUCCESS
remove_player: SUCCESS
remove_player: SUCCESS
remove_player: SUCCESS
remove_player: SUCCESS
remove_player: SUCCESS
remove_player: SUCCESS
remove_player: SUCCESS
remove_player: SUCCESS
remove_player: SUCCESS
remove_player: SUCCESS
remove_player: SUCCESS
remove_player: SUCCESS
remove_player: SUCCESS
remove_player: SUCCESS
remove_player: SUCCESS
remove_player: SUCCESS
remove_player: SUCCESS
remove_player: SUCCESS
remove_player: SUCCESS
remove_player: SUCCESS
remove_player: SUCCESS
remove_player: SUCCESS
remove_player: SUCCESS
remove_player: SUCCESS
remove_player: SUCCESS
remove_player: SUCCESS
remove_player: SUCCESS
remove_player: SUCCESS
remove_player: SUCCESS
remove_player: SUCCESS
remove_player: SUCCESS
remove_player: SUCCESS
remove_player: SUCCESS
remove_player: SUCCESS
remove_player: SUCCESS
remove_player: SUCCESS
remove_player: SUCCESS
remove_player: SUCCESS
remove_player: SUCCESS
remove_player: SUCCESS
remove_player: SUCCESS
remove_player: SUCCESS
remove_player: SUCCESS
remove_player: SUCCESS
remove_player: SUCCESS
remove_player: SUCCESS
remove_player: SUCCESS
remove_player: SUCCESS
remove_player: SUCCESS
remove_player: SUCCESS
remove_player: SUCCESS
remove_player: SUCCESS
remove_player: SUCCESS
remove_player: SUCCESS
remove_player: SUCCESS
remove_player: SUCCESS
remove_player: SUCCESS
remove_player: SUCCESS
remove_player: SUCCESS
remove_player: SUCCESS
remove_player: SUCCESS
remove_player: SUCCESS
remove_player: SUCCESS
remove_player: SUCCESS
remove_player: SUCCESS
remove_player: SUCCESS
remove_player: SUCCESS
remove_player: SUCCESS
remove_player: SUCCESS
remove_player: SUCCESS
remove_player: SUCCESS
remove_player: SUCCESS
remove_player: SUCCESS
remove_player: SUCCESS
remove_player: SUCCESS
remove_player: SUCCESS
remove_player: SUCCESS
remove_player: SUCCESS
remove_player: SUCCESS
remove_player: SUCCESS
remove_player: SUCCESS
remove_player: SUCCESS
remove_player: SUCCESS
remove_player: SUCCESS
remove_player: SUCCESS
remove_player: SUCCESS
remove_player: SUCCESS
remove_player: SUCCESS
remove_player: SUCCESS
remove_player: SUCCESS
remove_player: SUCCESS
remove_player: SUCCESS
remove_player: SUCCESS
remove_player: SUCCESS
remove_player: SUCCESS
remove_player: SUCCESS
remove_player: SUCCESS
remove_team: SUCCESS
remove_team: SUCCESS
remove_team: SUCCESS
remove_team: SUCCESS
remove_team: SUCCESS
remove_team: SUCCESS
remove_team: SUCCESS
