add_team: SUCCESS
add_team: SUCCESS
add_team: SUCCESS
add_team: SUCCESS
add_team: SUCCESS
add_team: SUCCESS
add_team: SUCCESS
add_team: SUCCESS
add_team: SUCCESS
add_team: SUCCESS
add_team: SUCCESS
add_team: SUCCESS
add_team: SUCCESS
add_team: SUCCESS
add_team: SUCCESS
add_team: SUCCESS
add_team: SUCCESS
add_team: SUCCESS
add_team: SUCCESS
add_team: SUCCESS
add_player: SUCCESS
add_player: SUCCESS
add_player: SUCCESS
add_player: SUCCESS
add_player: SUCCESS
add_player: SUCCESS
add_player: SUCCESS
add_player: SUCCESS
add_player: SUCCESS
add_player: SUCCESS
add_player: SUCCESS
add_player: SUCCESS
add_player: SUCCESS
add_player: SUCCESS
add_player: SUCCESS
add_player: SUCCESS
add_player: SUCCESS
add_player: SUCCESS
add_player: SUCCESS
add_player: SUCCESS
add_player: SUCCESS
add_player: SUCCESS
add_player: SUCCESS
add_player: SUCCESS
add_player: SUCCESS
add_player: SUCCESS
add_player: SUCCESS
add_player: SUCCESS
add_player: SUCCESS
add_player: SUCCESS
add_player: SUCCESS
add_player: SUCCESS
add_player: SUCCESS
add_player: SUCCESS
add_player: SUCCESS
add_player: SUCCESS
add_player: SUCCESS
add_player: SUCCESS
add_player: SUCCESS
add_player: SUCCESS
add_player: SUCCESS
add_player: SUCCESS
add_player: SUCCESS
add_player: SUCCESS
add_player: SUCCESS
add_player: SUCCESS
add_player: SUCCESS
add_player: SUCCESS
add_player: SUCCESS
add_player: SUCCESS
add_player: SUCCESS
add_player: SUCCESS
add_player: SUCCESS
add_player: SUCCESS
add_player: SUCCESS
add_player: SUCCESS
add_player: SUCCESS
add_player: SUCCESS
add_player: SUCCESS
add_player: SUCCESS
add_player: SUCCESS
add_player: SUCCESS
add_player: SUCCESS
add_player: SUCCESS
add_player: SUCCESS
add_player: SUCCESS
add_player: SUCCESS
add_player: SUCCESS
add_player: SUCCESS
add_player: SUCCESS
add_player: SUCCESS
add_player: SUCCESS
add_player: SUCCESS
add_player: SUCCESS
add_player: SUCCESS
add_player: SUCCESS
add_player: SUCCESS
add_player: SUCCESS
add_player: SUCCESS
add_player: SUCCESS
add_player: SUCCESS
add_player: SUCCESS
add_player: SUCCESS
add_player: SUCCESS
add_player: SUCCESS
add_player: SUCCESS
add_player: SUCCESS
add_player: SUCCESS
add_player: SUCCESS
add_player: SUCCESS
add_player: SUCCESS
add_player: SUCCESS
add_player: SUCCESS
add_player: SUCCESS
add_player: SUCCESS
add_player: SUCCESS
add_player: SUCCESS
add_player: SUCCESS
add_player: SUCCESS
add_player: SUCCESS
add_player: SUCCESS
add_player: SUCCESS
add_player: SUCCESS
add_player: SUCCESS
add_player: SUCCESS
add_player: SUCCESS
add_player: SUCCESS
add_player: SUCCESS
add_player: SUCCESS
add_player: SUCCESS
add_player: SUCCESS
add_player: SUCCESS
add_player: SUCCESS
add_player: SUCCESS
add_player: SUCCESS
add_player: SUCCESS
add_player: SUCCESS
add_player: SUCCESS
add_player: SUCCESS
add_player: SUCCESS
add_player: SUCCESS
add_player: SUCCESS
add_player: SUCCESS
add_player: SUCCESS
add_player: SUCCESS
add_player: SUCCESS
add_player: SUCCESS
add_player: SUCCESS
add_player: SUCCESS
add_player: SUCCESS
add_player: SUCCESS
add_player: SUCCESS
add_player: SUCCESS
add_player: SUCCESS
add_player: SUCCESS
add_player: SUCCESS
add_player: SUCCESS
add_player: SUCCESS
add_player: SUCCESS
add_player: SUCCESS
add_player: SUCCESS
add_player: SUCCESS
add_player: SUCCESS
add_player: SUCCESS
add_player: SUCCESS
add_player: SUCCESS
add_player: SUCCESS
add_player: SUCCESS
add_player: SUCCESS
add_player: SUCCESS
add_player: SUCCESS
add_player: SUCCESS
add_player: SUCCESS
add_player: SUCCESS
add_player: SUCCESS
add_player: SUCCESS
add_player: SUCCESS
add_player: SUCCESS
add_player: SUCCESS
add_player: SUCCESS
add_player: SUCCESS
add_player: SUCCESS
add_player: SUCCESS
add_player: SUCCESS
add_player: SUCCESS
add_player: SUCCESS
add_player: SUCCESS
add_player: SUCCESS
add_player: SUCCESS
add_player: SUCCESS
add_player: SUCCESS
add_player: SUCCESS
add_player: SUCCESS
add_player: SUCCESS
add_player: SUCCESS
add_player: SUCCESS
add_player: SUCCESS
add_player: SUCCESS
add_player: SUCCESS
add_player: SUCCESS
add_player: SUCCESS
add_player: SUCCESS
add_player: SUCCESS
add_player: SUCCESS
add_player: SUCCESS
add_player: SUCCESS
add_player: SUCCESS
add_player: SUCCESS
add_player: SUCCESS
add_player: SUCCESS
add_player: SUCCESS
add_player: SUCCESS
add_player: SUCCESS
add_player: SUCCESS
add_player: SUCCESS
add_player: SUCCESS
add_player: SUCCESS
add_player: SUCCESS
add_player: SUCCESS
add_player: SUCCESS
knockout_winner: SUCCESS, 12
knockout_winner: SUCCESS, 12
knockout_winner: SUCCESS, 8
knockout_winner: SUCCESS, 16
knockout_winner: INVALID_INPUT
add_player: FAILURE
get_all_players_count: SUCCESS, 6
play_match: FAILURE
get_team_points: SUCCESS, 9703
play_match: FAILURE
get_num_played_games: SUCCESS, 11284
play_match: FAILURE
get_num_played_games: SUCCESS, 1428
play_match: INVALID_INPUT
get_closest_player: SUCCESS, 76
add_player: FAILURE
unite_teams: FAILURE
knockout_winner: SUCCESS, 16
knockout_winner: SUCCESS, 12
knockout_winner: SUCCESS, 12
knockout_winner: FAILURE
knockout_winner: INVALID_INPUT
get_num_played_games: SUCCESS, 9602
add_team: FAILURE
add_player: FAILURE
update_player_stats: SUCCESS
update_player_stats: SUCCESS
remove_player: SUCCESS
unite_teams: SUCCESS
get_top_scorer: SUCCESS, 184
update_player_stats: SUCCESS
add_player: FAILURE
get_closest_player: SUCCESS, 26
get_num_played_games: SUCCESS, 8210
get_all_players_count: SUCCESS, 9
add_team: FAILURE
get_all_players: SUCCESS
107
147
16
18
31
69
115
28
99
remove_team: FAILURE
get_num_played_games: SUCCESS, 4588
get_team_points: SUCCESS, 2517
get_num_played_games: SUCCESS, 8641
get_top_scorer: SUCCESS, 81
remove_player: SUCCESS
get_all_players_count: SUCCESS, 14
get_num_played_games: SUCCESS, 3657
unite_teams: FAILURE
add_team: FAILURE
remove_team: FAILURE
remove_player: SUCCESS
get_num_played_games: SUCCESS, 10315
add_team: FAILURE
add_player: FAILURE
play_match: INVALID_INPUT
update_player_stats: SUCCESS
update_player_stats: SUCCESS
get_all_players: SUCCESS
30
140
27
137
156
198
184
update_player_stats: SUCCESS
remove_team: FAILURE
update_player_stats: SUCCESS
get_num_played_games: SUCCESS, 5633
get_all_players_count: SUCCESS, 5
add_player: FAILURE
get_all_players_count: SUCCESS, 7
get_num_played_games: SUCCESS, 11883
get_all_players_count: SUCCESS, 8
get_top_scorer: SUCCESS, 106
get_closest_player: SUCCESS, 110
add_player: FAILURE
update_player_stats: SUCCESS
get_num_played_games: SUCCESS, 2049
update_player_stats: SUCCESS
remove_player: SUCCESS
get_top_scorer: SUCCESS, 25
get_all_players_count: SUCCESS, 6
get_team_points: SUCCESS, 4265
knockout_winner: SUCCESS, 12
knockout_winner: SUCCESS, 12
knockout_winner: SUCCESS, 12
knockout_winner: FAILURE
knockout_winner: INVALID_INPUT
get_team_points: SUCCESS, 7882
get_all_players: SUCCESS
34
199
96
32
161
24
22
49
get_closest_player: SUCCESS, 164
get_closest_player: SUCCESS, 187
remove_team: FAILURE
get_all_players: SUCCESS
84
143
1
163
178
41
126
123
149
get_team_points: SUCCESS, 2386
remove_team: FAILURE
get_top_scorer: SUCCESS, 149
get_all_players: SUCCESS
65
191
82
117
127
get_closest_player: SUCCESS, 76
add_team: FAILURE
knockout_winner: SUCCESS, 12
knockout_winner: SUCCESS, 5
knockout_winner: SUCCESS, 5
knockout_winner: FAILURE
knockout_winner: INVALID_INPUT
remove_player: SUCCESS
play_match: FAILURE
remove_player: SUCCESS
get_closest_player: SUCCESS, 178
update_player_stats: SUCCESS
update_player_stats: SUCCESS
unite_teams: FAILURE
get_team_points: SUCCESS, 5391
add_team: FAILURE
remove_player: SUCCESS
get_num_played_games: SUCCESS, 10778
get_num_played_games: SUCCESS, 6855
get_all_players_count: SUCCESS, 10
get_top_scorer: SUCCESS, 148
get_all_players_count: SUCCESS, 21
get_team_points: SUCCESS, 1411
get_closest_player: SUCCESS, 133
knockout_winner: SUCCESS, 12
knockout_winner: SUCCESS, 12
knockout_winner: SUCCESS, 5
knockout_winner: SUCCESS, 12
knockout_winner: INVALID_INPUT
get_closest_player: SUCCESS, 25
remove_player: SUCCESS
get_all_players_count: SUCCESS, 6
get_closest_player: SUCCESS, 87
get_all_players: SUCCESS
169
88
94
23
102
79
162
87
106
12
remove_player: SUCCESS
add_player: FAILURE
add_player: FAILURE
get_num_played_games: SUCCESS, 7068
add_team: FAILURE
play_match: FAILURE
unite_teams: FAILURE
update_player_stats: SUCCESS
get_num_played_games: SUCCESS, 6860
add_player: FAILURE
knockout_winner: INVALID_INPUT
knockout_winner: INVALID_INPUT
knockout_winner: INVALID_INPUT
knockout_winner: INVALID_INPUT
knockout_winner: INVALID_INPUT
get_num_played_games: SUCCESS, 1717
update_player_stats: SUCCESS
knockout_winner: SUCCESS, 12
knockout_winner: SUCCESS, 5
knockout_winner: SUCCESS, 5
knockout_winner: SUCCESS, 12
knockout_winner: INVALID_INPUT
update_player_stats: SUCCESS
remove_team: FAILURE
update_player_stats: SUCCESS
remove_player: SUCCESS
get_all_players_count: SUCCESS, 8
get_num_played_games: SUCCESS, 1839
get_all_players_count: SUCCESS, 5
get_num_played_games: SUCCESS, 2640
get_all_players: SUCCESS
169
88
94
23
102
79
162
87
106
12
knockout_winner: SUCCESS, 12
knockout_winner: SUCCESS, 5
knockout_winner: SUCCESS, 5
knockout_winner: FAILURE
knockout_winner: INVALID_INPUT
get_all_players: SUCCESS
30
140
27
156
137
184
get_closest_player: SUCCESS, 164
remove_team: FAILURE
play_match: FAILURE
get_num_played_games: SUCCESS, 7068
unite_teams: FAILURE
get_num_played_games: SUCCESS, 7010
get_all_players_count: SUCCESS, 7
remove_team: FAILURE
knockout_winner: SUCCESS, 12
knockout_winner: SUCCESS, 12
knockout_winner: SUCCESS, 12
knockout_winner: FAILURE
knockout_winner: INVALID_INPUT
get_all_players: SUCCESS
68
192
6
103
118
61
60
200
131
71
4
54
add_player: FAILURE
add_player: FAILURE
unite_teams: FAILURE
get_all_players_count: SUCCESS, 21
get_all_players_count: SUCCESS, 7
remove_player: SUCCESS
update_player_stats: SUCCESS
unite_teams: FAILURE
get_all_players_count: SUCCESS, 8
unite_teams: FAILURE
knockout_winner: SUCCESS, 8
knockout_winner: SUCCESS, 5
knockout_winner: SUCCESS, 1
knockout_winner: SUCCESS, 12
knockout_winner: INVALID_INPUT
get_num_played_games: SUCCESS, 1654
knockout_winner: FAILURE
knockout_winner: SUCCESS, 12
knockout_winner: SUCCESS, 12
knockout_winner: FAILURE
knockout_winner: INVALID_INPUT
get_team_points: SUCCESS, 1411
update_player_stats: SUCCESS
get_closest_player: SUCCESS, 45
update_player_stats: SUCCESS
get_num_played_games: SUCCESS, 6810
update_player_stats: SUCCESS
add_team: FAILURE
remove_player: SUCCESS
remove_team: FAILURE
play_match: FAILURE
get_top_scorer: SUCCESS, 49
remove_player: SUCCESS
get_all_players: SUCCESS
65
82
117
127
191
get_closest_player: SUCCESS, 58
get_top_scorer: SUCCESS, 21
knockout_winner: INVALID_INPUT
knockout_winner: SUCCESS, 5
knockout_winner: INVALID_INPUT
knockout_winner: INVALID_INPUT
knockout_winner: INVALID_INPUT
update_player_stats: SUCCESS
remove_player: SUCCESS
remove_player: SUCCESS
remove_player: SUCCESS
unite_teams: FAILURE
remove_team: FAILURE
play_match: FAILURE
get_all_players_count: SUCCESS, 5
get_closest_player: SUCCESS, 112
play_match: FAILURE
get_closest_player: SUCCESS, 55
get_top_scorer: SUCCESS, 184
add_team: FAILURE
remove_player: SUCCESS
remove_player: SUCCESS
get_num_played_games: SUCCESS, 7044
play_match: FAILURE
add_player: FAILURE
get_num_played_games: SUCCESS, 9912
add_team: FAILURE
remove_player: SUCCESS
get_all_players_count: SUCCESS, 8
unite_teams: FAILURE
knockout_winner: FAILURE
knockout_winner: FAILURE
knockout_winner: FAILURE
knockout_winner: FAILURE
knockout_winner: INVALID_INPUT
play_match: SUCCESS
get_all_players_count: SUCCESS, 6
get_all_players_count: SUCCESS, 16
get_closest_player: SUCCESS, 28
get_all_players_count: SUCCESS, 13
add_team: FAILURE
add_player: FAILURE
add_team: FAILURE
play_match: FAILURE
remove_team: FAILURE
update_player_stats: SUCCESS
get_closest_player: SUCCESS, 185
unite_teams: SUCCESS
knockout_winner: SUCCESS, 12
knockout_winner: INVALID_INPUT
knockout_winner: INVALID_INPUT
knockout_winner: SUCCESS, 12
knockout_winner: SUCCESS, 12
get_team_points: SUCCESS, 6651
get_all_players_count: SUCCESS, 4
get_top_scorer: SUCCESS, 151
get_top_scorer: SUCCESS, 21
get_team_points: SUCCESS, 2517
get_all_players_count: SUCCESS, 4
add_team: FAILURE
play_match: FAILURE
get_all_players: SUCCESS
134
100
8
120
get_all_players: SUCCESS
68
192
6
103
118
61
60
200
131
71
4
54
play_match: INVALID_INPUT
update_player_stats: SUCCESS
add_player: FAILURE
add_player: FAILURE
unite_teams: FAILURE
remove_player: SUCCESS
remove_team: FAILURE
add_team: FAILURE
remove_team: FAILURE
play_match: SUCCESS
update_player_stats: SUCCESS
get_num_played_games: SUCCESS, 5458
get_all_players: SUCCESS
68
192
6
103
118
61
60
131
71
4
54
200
get_top_scorer: SUCCESS, 25
get_all_players_count: SUCCESS, 13
unite_teams: FAILURE
unite_teams: FAILURE
get_top_scorer: SUCCESS, 128
remove_team: FAILURE
knockout_winner: FAILURE
knockout_winner: SUCCESS, 12
knockout_winner: SUCCESS, 12
knockout_winner: FAILURE
knockout_winner: INVALID_INPUT
get_team_points: SUCCESS, 15705
unite_teams: FAILURE
unite_teams: FAILURE
update_player_stats: SUCCESS
get_all_players_count: SUCCESS, 9
get_all_players_count: SUCCESS, 8
get_all_players_count: SUCCESS, 7
get_all_players: SUCCESS
155
67
110
124
72
97
176
get_top_scorer: SUCCESS, 49
add_team: FAILURE
remove_player: SUCCESS
unite_teams: FAILURE
get_team_points: SUCCESS, 1024
remove_player: SUCCESS
get_closest_player: SUCCESS, 22
add_team: FAILURE
knockout_winner: FAILURE
knockout_winner: FAILURE
knockout_winner: FAILURE
knockout_winner: FAILURE
knockout_winner: INVALID_INPUT
get_closest_player: SUCCESS, 39
add_team: FAILURE
play_match: FAILURE
remove_team: FAILURE
get_all_players_count: SUCCESS, 22
get_all_players: SUCCESS
155
67
110
124
72
97
176
get_team_points: SUCCESS, 11639
add_player: FAILURE
add_team: FAILURE
play_match: FAILURE
get_all_players: SUCCESS
169
88
94
79
162
87
106
102
12
unite_teams: FAILURE
add_team: FAILURE
unite_teams: FAILURE
add_team: FAILURE
knockout_winner: FAILURE
knockout_winner: FAILURE
knockout_winner: FAILURE
knockout_winner: FAILURE
knockout_winner: INVALID_INPUT
get_closest_player: SUCCESS, 88
remove_team: FAILURE
get_closest_player: SUCCESS, 121
remove_team: FAILURE
update_player_stats: SUCCESS
get_team_points: SUCCESS, 9703
get_top_scorer: SUCCESS, 137
unite_teams: FAILURE
get_team_points: SUCCESS, 6651
get_team_points: SUCCESS, 7882
get_team_points: SUCCESS, 4625
get_team_points: SUCCESS, 5394
get_team_points: SUCCESS, 910
get_num_played_games: SUCCESS, 7421
get_team_points: SUCCESS, 7882
knockout_winner: SUCCESS, 5
knockout_winner: INVALID_INPUT
knockout_winner: INVALID_INPUT
knockout_winner: SUCCESS, 12
knockout_winner: SUCCESS, 12
unite_teams: INVALID_INPUT
update_player_stats: SUCCESS
remove_player: SUCCESS
get_all_players_count: SUCCESS, 5
add_player: FAILURE
get_num_played_games: SUCCESS, 4588
get_closest_player: SUCCESS, 18
get_closest_player: SUCCESS, 44
get_num_played_games: SUCCESS, 6896
update_player_stats: SUCCESS
knockout_winner: SUCCESS, 12
knockout_winner: SUCCESS, 12
knockout_winner: SUCCESS, 12
knockout_winner: SUCCESS, 12
knockout_winner: SUCCESS, 12
get_num_played_games: SUCCESS, 6860
update_player_stats: SUCCESS
get_num_played_games: SUCCESS, 2050
get_num_played_games: SUCCESS, 9912
get_num_played_games: SUCCESS, 2050
knockout_winner: FAILURE
knockout_winner: SUCCESS, 12
knockout_winner: SUCCESS, 12
knockout_winner: FAILURE
knockout_winner: INVALID_INPUT
play_match: FAILURE
get_all_players: SUCCESS
160
70
46
136
101
113
104
98
89
33
52
83
108
196
157
158
185
152
62
81
148
159
add_player: FAILURE
get_all_players: SUCCESS
197
130
66
111
9
119
80
36
189
57
64
142
73
171
188
38
15
181
151
get_all_players: SUCCESS
34
199
96
32
161
24
22
49
knockout_winner: SUCCESS, 5
knockout_winner: SUCCESS, 5
knockout_winner: FAILURE
knockout_winner: FAILURE
knockout_winner: INVALID_INPUT
add_team: FAILURE
get_top_scorer: SUCCESS, 21
remove_team: FAILURE
unite_teams: FAILURE
get_num_played_games: SUCCESS, 2977
get_team_points: SUCCESS, 7514
remove_team: FAILURE
remove_team: FAILURE
add_team: FAILURE
unite_teams: FAILURE
get_all_players_count: SUCCESS, 5
add_team: FAILURE
add_player: FAILURE
get_num_played_games: SUCCESS, 7807
play_match: FAILURE
get_all_players: SUCCESS
65
82
117
127
191
get_team_points: SUCCESS, 4265
get_closest_player: SUCCESS, 112
add_team: FAILURE
remove_team: FAILURE
remove_player: SUCCESS
unite_teams: FAILURE
knockout_winner: SUCCESS, 5
knockout_winner: SUCCESS, 5
knockout_winner: FAILURE
knockout_winner: FAILURE
knockout_winner: INVALID_INPUT
add_team: FAILURE
unite_teams: FAILURE
update_player_stats: SUCCESS
get_top_scorer: SUCCESS, 173
knockout_winner: FAILURE
knockout_winner: FAILURE
knockout_winner: FAILURE
knockout_winner: FAILURE
knockout_winner: INVALID_INPUT
add_player: FAILURE
get_closest_player: SUCCESS, 38
remove_player: SUCCESS
unite_teams: SUCCESS
remove_team: FAILURE
get_top_scorer: SUCCESS, 200
add_team: FAILURE
get_all_players: SUCCESS
84
143
163
178
126
149
1
123
get_all_players: SUCCESS
145
47
132
164
168
14
63
154
39
7
get_closest_player: SUCCESS, 165
add_team: FAILURE
get_num_played_games: SUCCESS, 4845
play_match: FAILURE
get_closest_player: SUCCESS, 27
get_all_players_count: SUCCESS, 11
get_all_players_count: SUCCESS, 7
unite_teams: FAILURE
play_match: FAILURE
play_match: FAILURE
get_top_scorer: SUCCESS, 151
get_all_players: SUCCESS
26
112
121
37
43
128
unite_teams: FAILURE
get_all_players_count: SUCCESS, 9
get_top_scorer: SUCCESS, 191
update_player_stats: SUCCESS
get_all_players: SUCCESS
197
66
111
9
119
80
36
189
57
64
142
171
188
38
15
181
151
unite_teams: FAILURE
get_team_points: SUCCESS, 1024
remove_team: FAILURE
get_closest_player: SUCCESS, 13
knockout_winner: SUCCESS, 12
knockout_winner: INVALID_INPUT
knockout_winner: INVALID_INPUT
knockout_winner: SUCCESS, 12
knockout_winner: SUCCESS, 8
get_num_played_games: SUCCESS, 979
get_num_played_games: SUCCESS, 3833
update_player_stats: SUCCESS
unite_teams: FAILURE
get_all_players: SUCCESS
34
199
96
32
161
24
22
49
get_team_points: SUCCESS, 4265
add_player: FAILURE
add_player: FAILURE
add_team: FAILURE
get_top_scorer: SUCCESS, 12
play_match: FAILURE
remove_player: SUCCESS
get_all_players: SUCCESS
84
143
163
178
126
149
1
123
get_num_played_games: SUCCESS, 12312
get_all_players: SUCCESS
30
140
27
156
184
137
remove_team: FAILURE
remove_team: FAILURE
play_match: FAILURE
get_num_played_games: SUCCESS, 7489
get_closest_player: SUCCESS, 88
knockout_winner: SUCCESS, 5
knockout_winner: INVALID_INPUT
knockout_winner: INVALID_INPUT
knockout_winner: SUCCESS, 8
knockout_winner: INVALID_INPUT
play_match: SUCCESS
add_team: FAILURE
knockout_winner: SUCCESS, 5
knockout_winner: INVALID_INPUT
knockout_winner: INVALID_INPUT
knockout_winner: SUCCESS, 12
knockout_winner: SUCCESS, 9
get_closest_player: SUCCESS, 102
get_num_played_games: SUCCESS, 920
unite_teams: SUCCESS
get_all_players: SUCCESS
167
146
5
74
40
3
50
55
75
133
29
182
173
add_player: FAILURE
get_team_points: SUCCESS, 10422
add_team: FAILURE
add_player: FAILURE
get_top_scorer: SUCCESS, 12
update_player_stats: SUCCESS
remove_player: SUCCESS
get_num_played_games: SUCCESS, 4921
get_all_players_count: SUCCESS, 13
get_team_points: SUCCESS, 8925
add_team: FAILURE
add_player: FAILURE
add_team: FAILURE
knockout_winner: INVALID_INPUT
knockout_winner: INVALID_INPUT
knockout_winner: INVALID_INPUT
knockout_winner: INVALID_INPUT
knockout_winner: INVALID_INPUT
get_top_scorer: SUCCESS, 173
unite_teams: SUCCESS
knockout_winner: SUCCESS, 1
knockout_winner: INVALID_INPUT
knockout_winner: INVALID_INPUT
knockout_winner: SUCCESS, 6
knockout_winner: INVALID_INPUT
play_match: FAILURE
get_num_played_games: SUCCESS, 1429
update_player_stats: SUCCESS
remove_team: FAILURE
play_match: FAILURE
update_player_stats: SUCCESS
get_team_points: SUCCESS, 297
get_all_players_count: SUCCESS, 11
remove_player: SUCCESS
get_top_scorer: SUCCESS, 191
unite_teams: FAILURE
remove_player: SUCCESS
get_num_played_games: SUCCESS, 297
get_team_points: SUCCESS, 910
unite_teams: FAILURE
get_closest_player: SUCCESS, 167
get_num_played_games: SUCCESS, 668
knockout_winner: SUCCESS, 19
knockout_winner: SUCCESS, 9
knockout_winner: SUCCESS, 9
knockout_winner: SUCCESS, 19
knockout_winner: INVALID_INPUT
play_match: FAILURE
get_all_players_count: SUCCESS, 5
get_top_scorer: SUCCESS, 97
update_player_stats: SUCCESS
get_all_players: SUCCESS
145
47
132
164
168
14
63
154
39
7
get_all_players_count: SUCCESS, 6
remove_team: FAILURE
get_all_players: SUCCESS
167
146
5
74
40
3
50
55
75
133
29
182
173
update_player_stats: SUCCESS
get_all_players_count: SUCCESS, 9
update_player_stats: SUCCESS
get_all_players: SUCCESS
107
44
172
143
175
16
59
18
163
178
58
76
31
13
28
77
126
115
149
99
1
69
123
remove_player: SUCCESS
play_match: FAILURE
get_closest_player: SUCCESS, 76
get_num_played_games: SUCCESS, 7276
get_num_played_games: SUCCESS, 4302
remove_team: FAILURE
get_team_points: SUCCESS, 15576
get_closest_player: SUCCESS, 8
unite_teams: FAILURE
get_team_points: SUCCESS, 6816
get_all_players: SUCCESS
65
82
127
191
117
get_all_players_count: SUCCESS, 11
get_all_players_count: SUCCESS, 8
get_all_players_count: SUCCESS, 8
get_closest_player: SUCCESS, 99
play_match: FAILURE
get_all_players_count: SUCCESS, 8
add_player: FAILURE
update_player_stats: SUCCESS
add_player: FAILURE
get_all_players: SUCCESS
107
44
172
143
175
16
59
18
163
178
58
76
31
13
28
77
126
115
149
99
1
69
123
unite_teams: FAILURE
unite_teams: FAILURE
get_all_players_count: SUCCESS, 11
unite_teams: FAILURE
add_team: FAILURE
play_match: SUCCESS
update_player_stats: SUCCESS
get_all_players: SUCCESS
195
92
166
53
25
remove_player: SUCCESS
get_closest_player: SUCCESS, 38
get_top_scorer: SUCCESS, 25
get_team_points: SUCCESS, 15579
get_all_players_count: SUCCESS, 8
update_player_stats: SUCCESS
knockout_winner: FAILURE
knockout_winner: SUCCESS, 19
knockout_winner: SUCCESS, 12
knockout_winner: FAILURE
knockout_winner: INVALID_INPUT
unite_teams: FAILURE
play_match: FAILURE
get_num_played_games: SUCCESS, 10693
add_team: FAILURE
get_team_points: SUCCESS, 910
remove_team: FAILURE
get_closest_player: SUCCESS, 62
remove_team: FAILURE
remove_player: SUCCESS
remove_team: FAILURE
remove_player: SUCCESS
update_player_stats: SUCCESS
remove_team: FAILURE
get_team_points: SUCCESS, 7142
remove_team: FAILURE
update_player_stats: SUCCESS
get_team_points: SUCCESS, 5394
get_all_players: SUCCESS
197
66
111
9
119
80
36
189
57
64
142
171
188
38
15
181
151
add_team: FAILURE
get_all_players: SUCCESS
134
100
8
120
get_team_points: SUCCESS, 910
add_player: FAILURE
get_closest_player: SUCCESS, 132
get_closest_player: SUCCESS, 58
get_closest_player: SUCCESS, 90
unite_teams: FAILURE
unite_teams: FAILURE
add_team: FAILURE
get_team_points: SUCCESS, 7882
get_top_scorer: SUCCESS, 151
play_match: FAILURE
add_player: FAILURE
remove_team: FAILURE
add_player: FAILURE
add_player: FAILURE
unite_teams: FAILURE
remove_team: FAILURE
get_all_players: SUCCESS
177
141
56
153
193
139
186
2
122
165
78
get_num_played_games: SUCCESS, 7035
update_player_stats: SUCCESS
update_player_stats: SUCCESS
knockout_winner: SUCCESS, 8
knockout_winner: SUCCESS, 5
knockout_winner: FAILURE
knockout_winner: FAILURE
knockout_winner: INVALID_INPUT
remove_player: SUCCESS
remove_player: SUCCESS
get_all_players: SUCCESS
177
141
56
153
193
139
186
2
122
165
78
get_closest_player: SUCCESS, 50
play_match: FAILURE
add_team: FAILURE
get_all_players_count: SUCCESS, 21
get_all_players: SUCCESS
26
112
121
37
43
128
get_team_points: SUCCESS, 1024
play_match: FAILURE
add_team: FAILURE
unite_teams: FAILURE
add_player: FAILURE
get_team_points: SUCCESS, 11639
add_player: FAILURE
remove_player: SUCCESS
get_num_played_games: SUCCESS, 9172
get_closest_player: SUCCESS, 2
update_player_stats: SUCCESS
get_closest_player: SUCCESS, 178
play_match: FAILURE
update_player_stats: SUCCESS
unite_teams: FAILURE
unite_teams: FAILURE
add_team: FAILURE
remove_team: FAILURE
get_num_played_games: SUCCESS, 16257
get_team_points: SUCCESS, 10422
add_player: FAILURE
remove_team: FAILURE
get_team_points: SUCCESS, 7882
play_match: FAILURE
get_team_points: SUCCESS, 1024
play_match: SUCCESS
add_player: FAILURE
get_team_points: SUCCESS, 910
add_player: FAILURE
knockout_winner: SUCCESS, 19
knockout_winner: SUCCESS, 9
knockout_winner: SUCCESS, 9
knockout_winner: SUCCESS, 19
knockout_winner: INVALID_INPUT
play_match: FAILURE
get_all_players_count: SUCCESS, 4
play_match: SUCCESS
get_closest_player: SUCCESS, 107
knockout_winner: INVALID_INPUT
knockout_winner: SUCCESS, 9
knockout_winner: INVALID_INPUT
knockout_winner: INVALID_INPUT
knockout_winner: INVALID_INPUT
add_team: FAILURE
remove_player: SUCCESS
knockout_winner: FAILURE
knockout_winner: SUCCESS, 19
knockout_winner: SUCCESS, 12
knockout_winner: FAILURE
knockout_winner: INVALID_INPUT
get_closest_player: SUCCESS, 16
get_closest_player: SUCCESS, 39
get_all_players: SUCCESS
26
112
121
37
43
128
play_match: SUCCESS
get_num_played_games: SUCCESS, 7626
get_all_players_count: SUCCESS, 21
get_all_players: SUCCESS
26
112
121
37
43
128
remove_team: FAILURE
add_player: FAILURE
get_all_players_count: SUCCESS, 17
get_all_players_count: SUCCESS, 17
get_top_scorer: SUCCESS, 152
remove_team: FAILURE
get_closest_player: SUCCESS, 49
get_num_played_games: SUCCESS, 2512
get_top_scorer: SUCCESS, 173
unite_teams: FAILURE
play_match: FAILURE
add_team: FAILURE
get_all_players_count: SUCCESS, 17
unite_teams: SUCCESS
unite_teams: FAILURE
get_team_points: SUCCESS, 5606
get_team_points: SUCCESS, 5606
get_num_played_games: SUCCESS, 6627
play_match: INVALID_INPUT
get_top_scorer: SUCCESS, 49
get_all_players: SUCCESS
195
92
166
53
25
get_team_points: SUCCESS, 1024
remove_player: SUCCESS
knockout_winner: SUCCESS, 9
knockout_winner: INVALID_INPUT
knockout_winner: INVALID_INPUT
knockout_winner: SUCCESS, 9
knockout_winner: FAILURE
get_team_points: SUCCESS, 1024
add_player: FAILURE
get_num_played_games: SUCCESS, 5635
knockout_winner: SUCCESS, 9
knockout_winner: INVALID_INPUT
knockout_winner: INVALID_INPUT
knockout_winner: SUCCESS, 9
knockout_winner: SUCCESS, 9
get_team_points: SUCCESS, 27353
remove_team: FAILURE
get_team_points: SUCCESS, 1024
get_all_players_count: SUCCESS, 11
add_player: FAILURE
play_match: FAILURE
get_team_points: SUCCESS, 7882
get_all_players: SUCCESS
26
112
121
37
43
128
get_team_points: SUCCESS, 5606
update_player_stats: SUCCESS
knockout_winner: SUCCESS, 19
knockout_winner: SUCCESS, 19
knockout_winner: SUCCESS, 12
knockout_winner: FAILURE
knockout_winner: INVALID_INPUT
remove_team: FAILURE
get_team_points: SUCCESS, 9703
get_team_points: SUCCESS, 910
add_player: FAILURE
play_match: FAILURE
knockout_winner: SUCCESS, 5
knockout_winner: SUCCESS, 9
knockout_winner: FAILURE
knockout_winner: FAILURE
knockout_winner: INVALID_INPUT
play_match: SUCCESS
get_num_played_games: SUCCESS, 7068
get_closest_player: SUCCESS, 150
get_top_scorer: SUCCESS, 137
remove_team: FAILURE
remove_player: SUCCESS
unite_teams: FAILURE
get_team_points: SUCCESS, 15582
get_closest_player: SUCCESS, 141
add_player: FAILURE
get_top_scorer: SUCCESS, 78
play_match: FAILURE
get_team_points: SUCCESS, 1024
add_player: FAILURE
get_team_points: SUCCESS, 5394
play_match: SUCCESS
update_player_stats: SUCCESS
get_num_played_games: SUCCESS, 11588
add_team: FAILURE
get_team_points: SUCCESS, 15585
get_all_players_count: SUCCESS, 11
get_closest_player: SUCCESS, 102
get_num_played_games: SUCCESS, 3587
get_top_scorer: SUCCESS, 49
update_player_stats: SUCCESS
get_top_scorer: SUCCESS, 128
update_player_stats: SUCCESS
play_match: FAILURE
play_match: FAILURE
play_match: FAILURE
remove_player: SUCCESS
remove_player: SUCCESS
add_player: FAILURE
remove_player: SUCCESS
play_match: FAILURE
get_all_players: SUCCESS
160
197
66
111
9
70
46
136
101
113
104
119
98
89
80
52
83
108
36
189
157
57
64
158
185
62
142
171
188
38
81
148
196
15
181
159
152
151
get_num_played_games: SUCCESS, 781
get_closest_player: SUCCESS, 15
get_all_players: SUCCESS
155
67
110
124
97
72
get_top_scorer: SUCCESS, 120
remove_team: FAILURE
unite_teams: FAILURE
get_closest_player: SUCCESS, 122
get_all_players_count: SUCCESS, 4
play_match: FAILURE
knockout_winner: INVALID_INPUT
knockout_winner: SUCCESS, 5
knockout_winner: INVALID_INPUT
knockout_winner: INVALID_INPUT
knockout_winner: INVALID_INPUT
get_num_played_games: SUCCESS, 22991
add_team: FAILURE
get_all_players: SUCCESS
105
95
90
114
187
35
30
10
183
93
27
45
156
170
140
19
150
21
184
137
update_player_stats: SUCCESS
get_team_points: SUCCESS, 910
get_all_players_count: SUCCESS, 38
get_all_players: SUCCESS
105
95
90
114
187
35
30
10
183
93
27
45
156
170
140
19
150
21
184
137
unite_teams: FAILURE
add_team: FAILURE
remove_team: FAILURE
get_closest_player: SUCCESS, 45
get_all_players_count: SUCCESS, 11
get_num_played_games: SUCCESS, 6593
get_closest_player: SUCCESS, 95
get_num_played_games: SUCCESS, 20583
remove_player: SUCCESS
play_match: SUCCESS
get_all_players: SUCCESS
34
199
96
161
24
22
49
get_closest_player: SUCCESS, 65
get_closest_player: SUCCESS, 189
play_match: SUCCESS
get_all_players: SUCCESS
195
166
53
25
get_num_played_games: SUCCESS, 11588
play_match: FAILURE
unite_teams: FAILURE
remove_team: FAILURE
knockout_winner: SUCCESS, 9
knockout_winner: INVALID_INPUT
knockout_winner: INVALID_INPUT
knockout_winner: SUCCESS, 9
knockout_winner: SUCCESS, 6
get_num_played_games: SUCCESS, 10386
remove_team: FAILURE
get_closest_player: SUCCESS, 62
get_all_players: SUCCESS
169
88
94
79
162
87
106
102
update_player_stats: SUCCESS
update_player_stats: SUCCESS
add_team: FAILURE
get_closest_player: SUCCESS, 16
unite_teams: FAILURE
get_all_players: SUCCESS
26
112
121
37
128
43
get_all_players_count: SUCCESS, 9
get_num_played_games: SUCCESS, 10627
get_top_scorer: SUCCESS, 43
remove_team: FAILURE
add_player: FAILURE
get_top_scorer: SUCCESS, 43
get_team_points: SUCCESS, 297
update_player_stats: SUCCESS
update_player_stats: SUCCESS
remove_team: FAILURE
unite_teams: FAILURE
remove_team: FAILURE
play_match: FAILURE
get_all_players_count: SUCCESS, 11
unite_teams: FAILURE
update_player_stats: SUCCESS
remove_player: SUCCESS
get_team_points: SUCCESS, 5606
add_player: FAILURE
add_team: FAILURE
remove_player: SUCCESS
add_team: FAILURE
add_team: FAILURE
update_player_stats: SUCCESS
knockout_winner: FAILURE
knockout_winner: INVALID_INPUT
knockout_winner: INVALID_INPUT
knockout_winner: SUCCESS, 9
knockout_winner: INVALID_INPUT
update_player_stats: SUCCESS
get_all_players: SUCCESS
169
88
94
79
162
87
106
102
get_all_players: SUCCESS
192
103
118
61
60
4
54
200
131
71
get_team_points: SUCCESS, 5394
get_num_played_games: SUCCESS, 440
unite_teams: FAILURE
unite_teams: FAILURE
get_top_scorer: SUCCESS, 72
knockout_winner: SUCCESS, 19
knockout_winner: SUCCESS, 19
knockout_winner: FAILURE
knockout_winner: FAILURE
knockout_winner: INVALID_INPUT
knockout_winner: SUCCESS, 5
knockout_winner: INVALID_INPUT
knockout_winner: INVALID_INPUT
knockout_winner: SUCCESS, 9
knockout_winner: INVALID_INPUT
add_player: FAILURE
get_team_points: SUCCESS, 7148
get_num_played_games: SUCCESS, 9916
remove_player: SUCCESS
get_top_scorer: SUCCESS, 39
knockout_winner: SUCCESS, 19
knockout_winner: SUCCESS, 19
knockout_winner: FAILURE
knockout_winner: FAILURE
knockout_winner: INVALID_INPUT
remove_team: FAILURE
knockout_winner: INVALID_INPUT
knockout_winner: INVALID_INPUT
knockout_winner: INVALID_INPUT
knockout_winner: INVALID_INPUT
knockout_winner: INVALID_INPUT
unite_teams: SUCCESS
get_all_players: SUCCESS
177
141
56
153
193
139
186
2
122
165
78
get_all_players: SUCCESS
65
127
191
117
update_player_stats: SUCCESS
play_match: FAILURE
add_player: FAILURE
get_all_players_count: SUCCESS, 6
get_all_players_count: SUCCESS, 3
get_closest_player: SUCCESS, 4
get_all_players: SUCCESS
34
199
96
161
24
49
update_player_stats: SUCCESS
get_all_players_count: SUCCESS, 4
add_team: FAILURE
get_num_played_games: SUCCESS, 7790
get_all_players: SUCCESS
134
100
120
add_player: FAILURE
update_player_stats: SUCCESS
remove_player: SUCCESS
add_team: FAILURE
get_team_points: SUCCESS, 9703
add_player: FAILURE
remove_player: SUCCESS
unite_teams: FAILURE
get_all_players: SUCCESS
26
121
37
128
112
43
add_player: FAILURE
add_team: FAILURE
get_top_scorer: SUCCESS, 43
get_closest_player: SUCCESS, 107
get_top_scorer: SUCCESS, 151
unite_teams: FAILURE
add_player: FAILURE
knockout_winner: INVALID_INPUT
knockout_winner: INVALID_INPUT
knockout_winner: INVALID_INPUT
knockout_winner: INVALID_INPUT
knockout_winner: INVALID_INPUT
play_match: FAILURE
get_closest_player: SUCCESS, 187
get_num_played_games: SUCCESS, 12260
knockout_winner: FAILURE
knockout_winner: SUCCESS, 19
knockout_winner: SUCCESS, 12
knockout_winner: FAILURE
knockout_winner: INVALID_INPUT
get_all_players: SUCCESS
107
44
172
143
16
163
58
31
13
28
77
126
149
99
115
1
69
123
get_all_players_count: SUCCESS, 4
get_team_points: SUCCESS, 7882
remove_player: SUCCESS
update_player_stats: SUCCESS
get_team_points: SUCCESS, 1024
update_player_stats: SUCCESS
remove_player: SUCCESS
get_all_players: SUCCESS
145
132
47
164
168
14
63
154
39
play_match: FAILURE
knockout_winner: FAILURE
knockout_winner: SUCCESS, 19
knockout_winner: FAILURE
knockout_winner: FAILURE
knockout_winner: INVALID_INPUT
get_all_players: SUCCESS
105
95
90
114
187
35
10
183
93
27
45
156
170
30
140
19
21
184
150
137
get_team_points: SUCCESS, 31618
unite_teams: SUCCESS
unite_teams: FAILURE
get_all_players: SUCCESS
177
141
56
153
193
139
186
2
122
78
remove_team: FAILURE
get_num_played_games: SUCCESS, 9001
get_all_players: SUCCESS
107
44
172
143
16
163
58
31
13
28
126
149
99
115
1
69
123
add_team: FAILURE
update_player_stats: SUCCESS
remove_team: FAILURE
add_team: FAILURE
update_player_stats: SUCCESS
update_player_stats: SUCCESS
add_team: FAILURE
remove_team: FAILURE
knockout_winner: FAILURE
knockout_winner: SUCCESS, 19
knockout_winner: FAILURE
knockout_winner: SUCCESS, 19
knockout_winner: INVALID_INPUT
get_all_players: SUCCESS
166
53
25
get_team_points: SUCCESS, 6816
knockout_winner: SUCCESS, 19
knockout_winner: SUCCESS, 19
knockout_winner: SUCCESS, 12
knockout_winner: SUCCESS, 19
knockout_winner: INVALID_INPUT
play_match: FAILURE
get_team_points: SUCCESS, 5606
unite_teams: FAILURE
unite_teams: FAILURE
add_player: FAILURE
unite_teams: FAILURE
play_match: FAILURE
add_team: FAILURE
play_match: FAILURE
remove_player: SUCCESS
knockout_winner: SUCCESS, 12
knockout_winner: INVALID_INPUT
knockout_winner: INVALID_INPUT
knockout_winner: SUCCESS, 12
knockout_winner: INVALID_INPUT
get_all_players: SUCCESS
105
160
197
95
90
66
111
9
70
46
192
114
136
101
113
104
119
187
118
98
89
61
35
60
10
183
52
108
36
93
189
157
27
158
45
83
185
4
54
156
62
142
170
171
188
38
103
81
148
196
200
15
30
181
140
19
159
64
131
152
21
71
184
150
137
151
get_num_played_games: SUCCESS, 9172
remove_player: SUCCESS
get_team_points: SUCCESS, 1024
remove_player: SUCCESS
remove_team: FAILURE
get_num_played_games: SUCCESS, 9916
play_match: FAILURE
get_all_players: SUCCESS
169
88
94
79
162
87
106
102
add_player: FAILURE
play_match: FAILURE
update_player_stats: SUCCESS
get_all_players_count: SUCCESS, 5
get_all_players_count: SUCCESS, 12
get_all_players_count: SUCCESS, 17
unite_teams: FAILURE
get_closest_player: SUCCESS, 200
update_player_stats: SUCCESS
get_top_scorer: SUCCESS, 120
get_num_played_games: SUCCESS, 2679
remove_team: FAILURE
add_team: FAILURE
get_all_players: SUCCESS
26
121
37
128
112
get_team_points: SUCCESS, 6816
remove_team: FAILURE
remove_team: FAILURE
add_team: FAILURE
add_team: FAILURE
remove_team: FAILURE
remove_player: SUCCESS
remove_team: FAILURE
get_team_points: SUCCESS, 6816
unite_teams: SUCCESS
get_top_scorer: SUCCESS, 78
get_all_players: SUCCESS
105
160
197
95
90
66
9
70
46
114
136
101
113
104
119
187
118
98
89
61
35
60
10
183
52
108
36
93
189
157
27
158
45
83
185
4
54
156
62
142
170
171
188
38
103
81
148
196
111
200
15
30
181
140
19
159
64
131
152
21
71
184
150
137
151
add_team: FAILURE
play_match: INVALID_INPUT
remove_player: SUCCESS
knockout_winner: SUCCESS, 13
knockout_winner: SUCCESS, 1
knockout_winner: SUCCESS, 1
knockout_winner: SUCCESS, 13
knockout_winner: INVALID_INPUT
remove_player: SUCCESS
remove_team: FAILURE
get_all_players: SUCCESS
167
146
5
40
3
50
55
75
133
29
182
173
get_closest_player: SUCCESS, 4
get_all_players: SUCCESS
65
127
191
117
play_match: FAILURE
get_closest_player: SUCCESS, 21
remove_team: FAILURE
get_all_players_count: SUCCESS, 12
unite_teams: SUCCESS
get_all_players: SUCCESS
65
127
191
117
add_team: FAILURE
get_team_points: SUCCESS, 5606
add_player: FAILURE
get_closest_player: SUCCESS, 69
get_top_scorer: SUCCESS, 123
play_match: FAILURE
get_num_played_games: SUCCESS, 12181
add_player: FAILURE
add_player: FAILURE
remove_player: SUCCESS
get_team_points: SUCCESS, 910
get_closest_player: SUCCESS, 154
remove_player: SUCCESS
update_player_stats: SUCCESS
get_all_players_count: SUCCESS, 25
knockout_winner: SUCCESS, 13
knockout_winner: SUCCESS, 13
knockout_winner: FAILURE
knockout_winner: FAILURE
knockout_winner: INVALID_INPUT
get_num_played_games: SUCCESS, 10066
unite_teams: FAILURE
knockout_winner: SUCCESS, 12
knockout_winner: INVALID_INPUT
knockout_winner: INVALID_INPUT
knockout_winner: SUCCESS, 13
knockout_winner: FAILURE
knockout_winner: FAILURE
knockout_winner: SUCCESS, 13
knockout_winner: SUCCESS, 13
knockout_winner: FAILURE
knockout_winner: INVALID_INPUT
get_num_played_games: SUCCESS, 5216
add_team: FAILURE
get_closest_player: SUCCESS, 143
add_player: FAILURE
knockout_winner: FAILURE
knockout_winner: INVALID_INPUT
knockout_winner: INVALID_INPUT
knockout_winner: FAILURE
knockout_winner: INVALID_INPUT
add_player: FAILURE
knockout_winner: FAILURE
knockout_winner: SUCCESS, 13
knockout_winner: SUCCESS, 13
knockout_winner: FAILURE
knockout_winner: INVALID_INPUT
get_team_points: SUCCESS, 5606
play_match: FAILURE
get_closest_player: SUCCESS, 90
play_match: FAILURE
remove_player: SUCCESS
update_player_stats: SUCCESS
get_all_players: SUCCESS
105
160
197
95
90
66
9
70
46
114
136
101
113
104
119
166
187
118
98
89
61
53
60
10
183
52
108
36
93
189
35
157
27
158
83
185
4
54
156
62
142
170
171
188
38
103
81
148
200
25
15
30
140
19
159
64
131
152
21
71
184
150
137
151
get_num_played_games: SUCCESS, 12811
unite_teams: FAILURE
update_player_stats: SUCCESS
update_player_stats: SUCCESS
get_team_points: SUCCESS, 48469
get_closest_player: SUCCESS, 35
get_closest_player: SUCCESS, 60
add_team: FAILURE
get_closest_player: SUCCESS, 37
get_all_players_count: SUCCESS, 9
get_all_players: SUCCESS
169
88
94
79
162
87
106
102
add_player: FAILURE
get_all_players_count: SUCCESS, 5
get_team_points: SUCCESS, 5606
play_match: FAILURE
get_top_scorer: SUCCESS, 102
add_player: FAILURE
unite_teams: FAILURE
remove_team: FAILURE
get_all_players: SUCCESS
67
110
124
155
72
97
remove_team: FAILURE
get_all_players_count: SUCCESS, 9
remove_player: SUCCESS
add_team: FAILURE
unite_teams: FAILURE
get_all_players_count: SUCCESS, 4
get_num_played_games: SUCCESS, 419
get_all_players: SUCCESS
167
146
5
40
3
50
55
75
133
29
182
173
get_all_players: SUCCESS
107
44
172
132
143
16
47
164
168
163
58
14
31
13
63
28
126
39
149
99
154
115
69
1
123
get_team_points: SUCCESS, 910
get_team_points: SUCCESS, 1181
get_closest_player: SUCCESS, 168
get_team_points: SUCCESS, 48469
remove_team: FAILURE
unite_teams: SUCCESS
get_all_players_count: SUCCESS, 25
unite_teams: FAILURE
add_team: FAILURE
add_player: FAILURE
remove_team: FAILURE
get_all_players: SUCCESS
177
141
56
193
139
186
2
122
78
knockout_winner: SUCCESS, 12
knockout_winner: INVALID_INPUT
knockout_winner: INVALID_INPUT
knockout_winner: SUCCESS, 12
knockout_winner: SUCCESS, 12
get_top_scorer: SUCCESS, 49
add_player: FAILURE
unite_teams: SUCCESS
play_match: INVALID_INPUT
remove_team: FAILURE
knockout_winner: SUCCESS, 13
knockout_winner: SUCCESS, 12
knockout_winner: FAILURE
knockout_winner: FAILURE
knockout_winner: INVALID_INPUT
get_top_scorer: SUCCESS, 112
add_player: FAILURE
get_num_played_games: SUCCESS, 900
get_closest_player: SUCCESS, 117
get_all_players_count: SUCCESS, 25
update_player_stats: SUCCESS
add_team: FAILURE
get_all_players_count: SUCCESS, 6
get_top_scorer: SUCCESS, 120
get_top_scorer: SUCCESS, 120
get_top_scorer: SUCCESS, 112
add_team: FAILURE
get_all_players: SUCCESS
134
100
120
add_player: FAILURE
knockout_winner: SUCCESS, 12
knockout_winner: SUCCESS, 12
knockout_winner: FAILURE
knockout_winner: FAILURE
knockout_winner: INVALID_INPUT
update_player_stats: SUCCESS
get_all_players_count: SUCCESS, 6
get_num_played_games: SUCCESS, 16220
get_all_players_count: SUCCESS, 13
get_top_scorer: SUCCESS, 49
get_closest_player: SUCCESS, 114
get_all_players_count: SUCCESS, 5
play_match: FAILURE
get_top_scorer: SUCCESS, 123
update_player_stats: SUCCESS
update_player_stats: SUCCESS
remove_player: SUCCESS
get_all_players_count: SUCCESS, 6
get_team_points: SUCCESS, 53863
remove_team: FAILURE
get_all_players: SUCCESS
141
193
139
186
56
2
122
78
get_closest_player: SUCCESS, 187
get_all_players_count: SUCCESS, 75
knockout_winner: SUCCESS, 14
knockout_winner: SUCCESS, 12
knockout_winner: FAILURE
knockout_winner: FAILURE
knockout_winner: INVALID_INPUT
get_closest_player: SUCCESS, 64
get_team_points: SUCCESS, 7882
add_player: FAILURE
get_num_played_games: SUCCESS, 11807
get_num_played_games: SUCCESS, 5458
remove_player: SUCCESS
get_num_played_games: SUCCESS, 5487
get_top_scorer: SUCCESS, 117
remove_team: FAILURE
get_all_players_count: SUCCESS, 4
get_num_played_games: SUCCESS, 10056
get_num_played_games: SUCCESS, 3295
remove_player: SUCCESS
remove_player: SUCCESS
remove_player: SUCCESS
remove_player: SUCCESS
remove_player: SUCCESS
remove_player: SUCCESS
remove_player: SUCCESS
remove_player: SUCCESS
remove_player: SUCCESS
remove_player: SUCCESS
remove_player: SUCCESS
remove_player: SUCCESS
remove_player: SUCCESS
remove_player: SUCCESS
remove_player: SUCCESS
remove_player: SUCCESS
remove_player: SUCCESS
remove_player: SUCCESS
remove_player: SUCCESS
remove_player: SUCCESS
remove_player: SUCCESS
remove_player: SUCCESS
remove_player: SUCCESS
remove_player: SUCCESS
remove_player: SUCCESS
remove_player: SUCCESS
remove_player: SUCCESS
remove_player: SUCCESS
remove_player: SUCCESS
remove_player: SUCCESS
remove_player: SUCCESS
remove_player: SUCCESS
remove_player: SUCCESS
remove_player: SUCCESS
remove_player: SUCCESS
remove_player: SUCCESS
remove_player: SUCCESS
remove_player: SUCCESS
remove_player: SUCCESS
remove_player: SUCCESS
remove_player: SUCCESS
remove_player: SUCCESS
remove_player: SUCCESS
remove_player: SUCCESS
remove_player: SUCCESS
remove_player: SUCCESS
remove_player: SUCCESS
remove_player: SUCCESS
remove_player: SUCCESS
remove_player: SUCCESS
remove_player: SUCCESS
remove_player: SUCCESS
remove_player: SUCCESS
remove_player: SUCCESS
remove_player: SUCCESS
remove_player: SUCCESS
remove_player: SUCCESS
remove_player: SUCCESS
remove_player: SUCCESS
remove_player: SUCCESS
remove_player: SUCCESS
remove_player: SUCCESS
remove_player: SUCCESS
remove_player: SUCCESS
remove_player: SUCCESS
remove_player: SUCCESS
remove_player: SUCCESS
remove_player: SUCCESS
remove_player: SUCCESS
remove_player: SUCCESS
remove_player: SUCCESS
remove_player: SUCCESS
remove_player: SUCCESS
remove_player: SUCCESS
remove_player: SUCCESS
remove_player: SUCCESS
remove_player: SUCCESS
remove_player: SUCCESS
remove_player: SUCCESS
remove_player: SUCCESS
remove_player: SUCCESS
remove_player: SUCCESS
remove_player: SUCCESS
remove_player: SUCCESS
remove_player: SUCCESS
remove_player: SUCCESS
remove_player: SUCCESS
remove_player: SUCCESS
remove_player: SUCCESS
remove_player: SUCCESS
remove_player: SUCCESS
remove_player: SUCCESS
remove_player: SUCCESS
remove_player: SUCCESS
remove_player: SUCCESS
remove_player: SUCCESS
remove_player: SUCCESS
remove_player: SUCCESS
remove_player: SUCCESS
remove_player: SUCCESS
remove_player: SUCCESS
remove_player: SUCCESS
remove_player: SUCCESS
remove_player: SUCCESS
remove_player: SUCCESS
remove_player: SUCCESS
remove_player: SUCCESS
remove_player: SUCCESS
remove_player: SUCCESS
remove_player: SUCCESS
remove_player: SUCCESS
remove_player: SUCCESS
remove_player: SUCCESS
remove_player: SUCCESS
remove_player: SUCCESS
remove_player: SUCCESS
remove_player: SUCCESS
remove_player: SUCCESS
remove_player: SUCCESS
remove_player: SUCCESS
remove_player: SUCCESS
remove_player: SUCCESS
remove_player: SUCCESS
remove_player: SUCCESS
remove_player: SUCCESS
remove_player: SUCCESS
remove_player: SUCCESS
remove_player: SUCCESS
remove_player: SUCCESS
remove_player: SUCCESS
remove_player: SUCCESS
remove_player: SUCCESS
remove_player: SUCCESS
remove_player: SUCCESS
remove_player: SUCCESS
remove_player: SUCCESS
remove_player: SUCCESS
remove_player: SUCCESS
remove_team: SUCCESS
remove_team: SUCCESS
remove_team: SUCCESS
remove_team: SUCCESS
remove_team: SUCCESS
remove_team: SUCCESS
remove_team: SUCCESS
remove_team: SUCCESS
