add_team: SUCCESS
add_team: SUCCESS
add_team: SUCCESS
add_team: SUCCESS
add_team: SUCCESS
add_team: SUCCESS
add_team: SUCCESS
add_team: SUCCESS
add_team: SUCCESS
add_team: SUCCESS
add_team: SUCCESS
add_team: SUCCESS
add_team: SUCCESS
add_team: SUCCESS
add_team: SUCCESS
add_team: SUCCESS
add_team: SUCCESS
add_team: SUCCESS
add_team: SUCCESS
add_team: SUCCESS
add_player: SUCCESS
add_player: SUCCESS
add_player: SUCCESS
add_player: SUCCESS
add_player: SUCCESS
add_player: SUCCESS
add_player: SUCCESS
add_player: SUCCESS
add_player: SUCCESS
add_player: SUCCESS
add_player: SUCCESS
add_player: SUCCESS
add_player: SUCCESS
add_player: SUCCESS
add_player: SUCCESS
add_player: SUCCESS
add_player: SUCCESS
add_player: SUCCESS
add_player: SUCCESS
add_player: SUCCESS
add_player: SUCCESS
add_player: SUCCESS
add_player: SUCCESS
add_player: SUCCESS
add_player: SUCCESS
add_player: SUCCESS
add_player: SUCCESS
add_player: SUCCESS
add_player: SUCCESS
add_player: SUCCESS
add_player: SUCCESS
add_player: SUCCESS
add_player: SUCCESS
add_player: SUCCESS
add_player: SUCCESS
add_player: SUCCESS
add_player: SUCCESS
add_player: SUCCESS
add_player: SUCCESS
add_player: SUCCESS
add_player: SUCCESS
add_player: SUCCESS
add_player: SUCCESS
add_player: SUCCESS
add_player: SUCCESS
add_player: SUCCESS
add_player: SUCCESS
add_player: SUCCESS
add_player: SUCCESS
add_player: SUCCESS
add_player: SUCCESS
add_player: SUCCESS
add_player: SUCCESS
add_player: SUCCESS
add_player: SUCCESS
add_player: SUCCESS
add_player: SUCCESS
add_player: SUCCESS
add_player: SUCCESS
add_player: SUCCESS
add_player: SUCCESS
add_player: SUCCESS
add_player: SUCCESS
add_player: SUCCESS
add_player: SUCCESS
add_player: SUCCESS
add_player: SUCCESS
add_player: SUCCESS
add_player: SUCCESS
add_player: SUCCESS
add_player: SUCCESS
add_player: SUCCESS
add_player: SUCCESS
add_player: SUCCESS
add_player: SUCCESS
add_player: SUCCESS
add_player: SUCCESS
add_player: SUCCESS
add_player: SUCCESS
add_player: SUCCESS
add_player: SUCCESS
add_player: SUCCESS
add_player: SUCCESS
add_player: SUCCESS
add_player: SUCCESS
add_player: SUCCESS
add_player: SUCCESS
add_player: SUCCESS
add_player: SUCCESS
add_player: SUCCESS
add_player: SUCCESS
add_player: SUCCESS
add_player: SUCCESS
add_player: SUCCESS
add_player: SUCCESS
add_player: SUCCESS
add_player: SUCCESS
add_player: SUCCESS
add_player: SUCCESS
add_player: SUCCESS
add_player: SUCCESS
add_player: SUCCESS
add_player: SUCCESS
add_player: SUCCESS
add_player: SUCCESS
add_player: SUCCESS
add_player: SUCCESS
add_player: SUCCESS
add_player: SUCCESS
add_player: SUCCESS
add_player: SUCCESS
add_player: SUCCESS
add_player: SUCCESS
add_player: SUCCESS
add_player: SUCCESS
add_player: SUCCESS
add_player: SUCCESS
add_player: SUCCESS
add_player: SUCCESS
add_player: SUCCESS
add_player: SUCCESS
add_player: SUCCESS
add_player: SUCCESS
add_player: SUCCESS
add_player: SUCCESS
add_player: SUCCESS
add_player: SUCCESS
add_player: SUCCESS
add_player: SUCCESS
add_player: SUCCESS
add_player: SUCCESS
add_player: SUCCESS
add_player: SUCCESS
add_player: SUCCESS
add_player: SUCCESS
add_player: SUCCESS
add_player: SUCCESS
add_player: SUCCESS
add_player: SUCCESS
add_player: SUCCESS
add_player: SUCCESS
add_player: SUCCESS
add_player: SUCCESS
add_player: SUCCESS
add_player: SUCCESS
add_player: SUCCESS
add_player: SUCCESS
add_player: SUCCESS
add_player: SUCCESS
add_player: SUCCESS
add_player: SUCCESS
add_player: SUCCESS
add_player: SUCCESS
add_player: SUCCESS
add_player: SUCCESS
add_player: SUCCESS
add_player: SUCCESS
add_player: SUCCESS
add_player: SUCCESS
add_player: SUCCESS
add_player: SUCCESS
add_player: SUCCESS
add_player: SUCCESS
add_player: SUCCESS
add_player: SUCCESS
add_player: SUCCESS
add_player: SUCCESS
add_player: SUCCESS
add_player: SUCCESS
add_player: SUCCESS
add_player: SUCCESS
add_player: SUCCESS
add_player: SUCCESS
add_player: SUCCESS
add_player: SUCCESS
add_player: SUCCESS
add_player: SUCCESS
add_player: SUCCESS
add_player: SUCCESS
add_player: SUCCESS
add_player: SUCCESS
add_player: SUCCESS
add_player: SUCCESS
add_player: SUCCESS
add_player: SUCCESS
add_player: SUCCESS
add_player: SUCCESS
add_player: SUCCESS
add_player: SUCCESS
add_player: SUCCESS
add_player: SUCCESS
add_player: SUCCESS
add_player: SUCCESS
add_player: SUCCESS
add_player: SUCCESS
add_player: SUCCESS
add_player: SUCCESS
add_player: SUCCESS
add_player: SUCCESS
add_player: SUCCESS
get_closest_player: SUCCESS, 177
play_match: FAILURE
add_player: FAILURE
remove_player: SUCCESS
update_player_stats: SUCCESS
add_team: FAILURE
update_player_stats: SUCCESS
unite_teams: FAILURE
add_player: FAILURE
knockout_winner: SUCCESS, 10
knockout_winner: INVALID_INPUT
knockout_winner: INVALID_INPUT
knockout_winner: SUCCESS, 10
knockout_winner: INVALID_INPUT
remove_player: SUCCESS
add_player: FAILURE
get_num_played_games: SUCCESS, 6986
get_all_players: SUCCESS
191
186
4
53
79
68
100
get_closest_player: SUCCESS, 183
play_match: FAILURE
get_all_players: SUCCESS
19
32
64
96
103
get_all_players: SUCCESS
110
82
138
97
162
60
14
176
118
21
3
153
update_player_stats: SUCCESS
add_player: FAILURE
get_num_played_games: SUCCESS, 10482
add_player: FAILURE
remove_team: FAILURE
play_match: FAILURE
play_match: FAILURE
get_team_points: SUCCESS, 9572
unite_teams: SUCCESS
knockout_winner: SUCCESS, 18
knockout_winner: SUCCESS, 18
knockout_winner: SUCCESS, 9
knockout_winner: SUCCESS, 18
knockout_winner: INVALID_INPUT
play_match: FAILURE
play_match: FAILURE
get_num_played_games: SUCCESS, 9950
play_match: FAILURE
update_player_stats: SUCCESS
get_closest_player: SUCCESS, 50
get_team_points: SUCCESS, 2576
play_match: INVALID_INPUT
get_closest_player: SUCCESS, 172
get_all_players: SUCCESS
19
32
64
96
103
get_closest_player: SUCCESS, 91
remove_player: SUCCESS
add_player: FAILURE
unite_teams: FAILURE
get_top_scorer: SUCCESS, 117
unite_teams: FAILURE
get_closest_player: SUCCESS, 41
remove_team: FAILURE
knockout_winner: SUCCESS, 17
knockout_winner: SUCCESS, 18
knockout_winner: SUCCESS, 9
knockout_winner: SUCCESS, 18
knockout_winner: INVALID_INPUT
get_team_points: SUCCESS, 9584
unite_teams: FAILURE
unite_teams: SUCCESS
remove_player: SUCCESS
get_team_points: SUCCESS, 9584
add_team: FAILURE
remove_team: FAILURE
remove_team: FAILURE
remove_player: SUCCESS
update_player_stats: SUCCESS
add_player: FAILURE
remove_player: SUCCESS
get_all_players_count: SUCCESS, 5
play_match: FAILURE
get_top_scorer: SUCCESS, 130
add_player: FAILURE
get_closest_player: SUCCESS, 155
get_closest_player: SUCCESS, 61
get_team_points: SUCCESS, 9584
unite_teams: SUCCESS
get_closest_player: SUCCESS, 44
add_player: FAILURE
update_player_stats: SUCCESS
update_player_stats: SUCCESS
get_num_played_games: SUCCESS, 11071
update_player_stats: SUCCESS
remove_team: FAILURE
remove_team: FAILURE
unite_teams: FAILURE
get_all_players: SUCCESS
37
188
181
77
80
166
127
72
75
36
124
update_player_stats: SUCCESS
play_match: FAILURE
get_all_players: SUCCESS
112
184
126
59
12
99
192
146
93
76
143
91
30
27
43
111
15
86
get_team_points: SUCCESS, 2620
add_team: FAILURE
get_closest_player: SUCCESS, 62
unite_teams: FAILURE
get_closest_player: SUCCESS, 31
knockout_winner: INVALID_INPUT
knockout_winner: SUCCESS, 6
knockout_winner: INVALID_INPUT
knockout_winner: INVALID_INPUT
knockout_winner: INVALID_INPUT
update_player_stats: SUCCESS
add_player: FAILURE
knockout_winner: SUCCESS, 18
knockout_winner: SUCCESS, 18
knockout_winner: FAILURE
knockout_winner: FAILURE
knockout_winner: INVALID_INPUT
get_team_points: SUCCESS, 6968
knockout_winner: INVALID_INPUT
knockout_winner: INVALID_INPUT
knockout_winner: INVALID_INPUT
knockout_winner: INVALID_INPUT
knockout_winner: INVALID_INPUT
add_team: FAILURE
get_num_played_games: SUCCESS, 161
get_all_players: SUCCESS
191
186
53
79
68
100
get_closest_player: SUCCESS, 87
add_player: FAILURE
get_num_played_games: SUCCESS, 5756
play_match: FAILURE
get_team_points: SUCCESS, 5544
remove_team: FAILURE
play_match: SUCCESS
get_top_scorer: SUCCESS, 96
remove_team: FAILURE
update_player_stats: SUCCESS
get_team_points: SUCCESS, 5544
play_match: FAILURE
get_closest_player: SUCCESS, 7
update_player_stats: SUCCESS
add_player: FAILURE
get_num_played_games: SUCCESS, 10428
play_match: FAILURE
get_closest_player: SUCCESS, 61
get_all_players_count: SUCCESS, 10
knockout_winner: SUCCESS, 17
knockout_winner: SUCCESS, 18
knockout_winner: SUCCESS, 9
knockout_winner: FAILURE
knockout_winner: INVALID_INPUT
knockout_winner: SUCCESS, 18
knockout_winner: SUCCESS, 18
knockout_winner: SUCCESS, 6
knockout_winner: SUCCESS, 18
knockout_winner: SUCCESS, 15
get_team_points: SUCCESS, 5827
remove_player: SUCCESS
get_top_scorer: SUCCESS, 137
get_all_players: SUCCESS
39
23
149
62
26
119
130
90
get_all_players: SUCCESS
19
32
64
103
96
get_top_scorer: SUCCESS, 145
remove_player: SUCCESS
get_all_players_count: SUCCESS, 27
get_closest_player: SUCCESS, 138
get_top_scorer: SUCCESS, 71
add_player: FAILURE
remove_team: FAILURE
add_team: FAILURE
get_team_points: SUCCESS, 6980
add_player: FAILURE
get_all_players_count: SUCCESS, 12
remove_team: FAILURE
update_player_stats: SUCCESS
get_top_scorer: SUCCESS, 96
get_num_played_games: SUCCESS, 2715
get_top_scorer: SUCCESS, 100
get_closest_player: SUCCESS, 46
get_all_players: SUCCESS
28
24
125
114
199
141
33
29
1
85
198
189
136
9
159
144
74
151
22
164
156
167
158
140
94
195
180
add_team: FAILURE
add_team: FAILURE
add_team: FAILURE
unite_teams: FAILURE
get_all_players: SUCCESS
78
88
170
194
135
11
106
40
169
71
unite_teams: FAILURE
get_all_players: SUCCESS
191
186
53
79
68
100
get_num_played_games: SUCCESS, 4924
update_player_stats: SUCCESS
get_all_players_count: SUCCESS, 8
knockout_winner: SUCCESS, 15
knockout_winner: SUCCESS, 18
knockout_winner: FAILURE
knockout_winner: FAILURE
knockout_winner: INVALID_INPUT
play_match: FAILURE
get_num_played_games: SUCCESS, 1977
unite_teams: SUCCESS
get_all_players_count: SUCCESS, 8
knockout_winner: SUCCESS, 18
knockout_winner: SUCCESS, 18
knockout_winner: FAILURE
knockout_winner: FAILURE
knockout_winner: INVALID_INPUT
get_team_points: SUCCESS, 6656
get_all_players: SUCCESS
191
186
53
79
68
100
unite_teams: INVALID_INPUT
add_team: FAILURE
update_player_stats: SUCCESS
get_top_scorer: SUCCESS, 81
play_match: FAILURE
add_player: FAILURE
add_player: FAILURE
knockout_winner: INVALID_INPUT
knockout_winner: SUCCESS, 6
knockout_winner: INVALID_INPUT
knockout_winner: INVALID_INPUT
knockout_winner: INVALID_INPUT
get_all_players: SUCCESS
70
196
20
5
6
65
154
92
161
175
35
117
knockout_winner: INVALID_INPUT
knockout_winner: INVALID_INPUT
knockout_winner: INVALID_INPUT
knockout_winner: INVALID_INPUT
knockout_winner: INVALID_INPUT
knockout_winner: SUCCESS, 18
knockout_winner: SUCCESS, 18
knockout_winner: SUCCESS, 6
knockout_winner: SUCCESS, 18
knockout_winner: FAILURE
play_match: FAILURE
add_team: FAILURE
play_match: FAILURE
unite_teams: FAILURE
remove_player: SUCCESS
add_player: FAILURE
remove_team: FAILURE
knockout_winner: SUCCESS, 18
knockout_winner: SUCCESS, 18
knockout_winner: SUCCESS, 6
knockout_winner: SUCCESS, 18
knockout_winner: FAILURE
get_top_scorer: SUCCESS, 100
play_match: FAILURE
get_all_players: SUCCESS
165
139
157
163
187
123
98
get_closest_player: SUCCESS, 81
unite_teams: FAILURE
knockout_winner: FAILURE
knockout_winner: INVALID_INPUT
knockout_winner: INVALID_INPUT
knockout_winner: FAILURE
knockout_winner: INVALID_INPUT
get_team_points: SUCCESS, 6656
add_player: FAILURE
unite_teams: SUCCESS
add_player: FAILURE
add_team: FAILURE
remove_player: SUCCESS
remove_team: FAILURE
get_top_scorer: SUCCESS, 96
get_top_scorer: SUCCESS, 34
get_num_played_games: SUCCESS, 3673
unite_teams: FAILURE
knockout_winner: SUCCESS, 9
knockout_winner: INVALID_INPUT
knockout_winner: INVALID_INPUT
knockout_winner: SUCCESS, 18
knockout_winner: FAILURE
remove_team: FAILURE
add_team: FAILURE
knockout_winner: SUCCESS, 18
knockout_winner: SUCCESS, 18
knockout_winner: SUCCESS, 9
knockout_winner: SUCCESS, 18
knockout_winner: INVALID_INPUT
add_player: FAILURE
remove_player: SUCCESS
get_team_points: SUCCESS, 9596
add_player: FAILURE
update_player_stats: SUCCESS
get_top_scorer: SUCCESS, 133
add_player: FAILURE
get_num_played_games: SUCCESS, 10480
play_match: SUCCESS
add_team: FAILURE
get_top_scorer: SUCCESS, 180
add_player: FAILURE
get_all_players_count: SUCCESS, 16
knockout_winner: SUCCESS, 5
knockout_winner: INVALID_INPUT
knockout_winner: INVALID_INPUT
knockout_winner: SUCCESS, 9
knockout_winner: INVALID_INPUT
add_player: FAILURE
knockout_winner: SUCCESS, 9
knockout_winner: SUCCESS, 9
knockout_winner: SUCCESS, 6
knockout_winner: FAILURE
knockout_winner: INVALID_INPUT
add_team: FAILURE
get_num_played_games: SUCCESS, 10045
get_all_players: SUCCESS
19
32
64
103
96
remove_player: SUCCESS
play_match: FAILURE
get_num_played_games: SUCCESS, 4553
play_match: FAILURE
unite_teams: FAILURE
get_top_scorer: SUCCESS, 133
update_player_stats: SUCCESS
get_closest_player: SUCCESS, 36
knockout_winner: SUCCESS, 6
knockout_winner: INVALID_INPUT
knockout_winner: INVALID_INPUT
knockout_winner: SUCCESS, 18
knockout_winner: SUCCESS, 9
get_top_scorer: SUCCESS, 44
get_closest_player: SUCCESS, 166
get_closest_player: SUCCESS, 85
knockout_winner: FAILURE
knockout_winner: INVALID_INPUT
knockout_winner: INVALID_INPUT
knockout_winner: FAILURE
knockout_winner: INVALID_INPUT
play_match: FAILURE
add_player: FAILURE
get_closest_player: SUCCESS, 115
knockout_winner: SUCCESS, 6
knockout_winner: SUCCESS, 6
knockout_winner: SUCCESS, 1
knockout_winner: FAILURE
knockout_winner: INVALID_INPUT
get_closest_player: SUCCESS, 38
get_all_players_count: SUCCESS, 7
get_num_played_games: SUCCESS, 17568
add_player: FAILURE
knockout_winner: SUCCESS, 9
knockout_winner: SUCCESS, 18
knockout_winner: SUCCESS, 6
knockout_winner: SUCCESS, 18
knockout_winner: INVALID_INPUT
get_all_players_count: SUCCESS, 7
knockout_winner: INVALID_INPUT
knockout_winner: SUCCESS, 6
knockout_winner: INVALID_INPUT
knockout_winner: INVALID_INPUT
knockout_winner: INVALID_INPUT
get_all_players: SUCCESS
19
32
64
103
96
get_top_scorer: SUCCESS, 180
remove_team: FAILURE
remove_team: FAILURE
play_match: FAILURE
get_team_points: SUCCESS, 10571
play_match: FAILURE
unite_teams: SUCCESS
get_closest_player: SUCCESS, 168
play_match: SUCCESS
get_team_points: SUCCESS, 10098
get_team_points: SUCCESS, 17040
add_team: FAILURE
unite_teams: FAILURE
knockout_winner: SUCCESS, 5
knockout_winner: SUCCESS, 6
knockout_winner: FAILURE
knockout_winner: FAILURE
knockout_winner: INVALID_INPUT
get_num_played_games: SUCCESS, 9888
update_player_stats: SUCCESS
get_top_scorer: SUCCESS, 44
play_match: FAILURE
unite_teams: FAILURE
get_closest_player: SUCCESS, 1
get_team_points: SUCCESS, 9596
get_top_scorer: SUCCESS, 90
knockout_winner: SUCCESS, 18
knockout_winner: SUCCESS, 18
knockout_winner: SUCCESS, 6
knockout_winner: SUCCESS, 18
knockout_winner: FAILURE
get_all_players_count: SUCCESS, 10
remove_team: FAILURE
get_top_scorer: SUCCESS, 52
get_all_players_count: SUCCESS, 17
add_team: FAILURE
remove_player: SUCCESS
add_team: FAILURE
remove_player: SUCCESS
get_num_played_games: SUCCESS, 6643
unite_teams: FAILURE
remove_team: FAILURE
unite_teams: FAILURE
get_closest_player: SUCCESS, 66
get_all_players: SUCCESS
120
108
57
83
10
178
84
174
update_player_stats: SUCCESS
remove_player: SUCCESS
get_team_points: SUCCESS, 2620
knockout_winner: INVALID_INPUT
knockout_winner: FAILURE
knockout_winner: INVALID_INPUT
knockout_winner: INVALID_INPUT
knockout_winner: INVALID_INPUT
get_top_scorer: SUCCESS, 86
add_team: FAILURE
add_team: FAILURE
knockout_winner: INVALID_INPUT
knockout_winner: INVALID_INPUT
knockout_winner: INVALID_INPUT
knockout_winner: INVALID_INPUT
knockout_winner: INVALID_INPUT
get_all_players: SUCCESS
112
184
126
59
12
99
192
146
93
76
143
91
27
43
111
15
86
play_match: FAILURE
update_player_stats: SUCCESS
add_player: FAILURE
add_team: FAILURE
remove_player: SUCCESS
remove_player: SUCCESS
remove_player: SUCCESS
update_player_stats: SUCCESS
get_team_points: SUCCESS, 14314
get_all_players: SUCCESS
112
184
126
59
12
99
192
93
146
76
143
91
27
43
111
15
86
get_all_players: SUCCESS
171
131
38
134
87
115
133
add_team: FAILURE
add_team: FAILURE
get_num_played_games: SUCCESS, 7784
remove_player: SUCCESS
add_team: FAILURE
get_top_scorer: SUCCESS, 90
get_team_points: SUCCESS, 1966
knockout_winner: INVALID_INPUT
knockout_winner: INVALID_INPUT
knockout_winner: INVALID_INPUT
knockout_winner: INVALID_INPUT
knockout_winner: INVALID_INPUT
knockout_winner: SUCCESS, 18
knockout_winner: SUCCESS, 18
knockout_winner: SUCCESS, 6
knockout_winner: SUCCESS, 18
knockout_winner: FAILURE
remove_team: FAILURE
get_num_played_games: SUCCESS, 3645
update_player_stats: SUCCESS
unite_teams: INVALID_INPUT
remove_player: SUCCESS
add_player: FAILURE
get_all_players: SUCCESS
70
196
20
6
65
154
92
161
35
175
117
get_all_players: SUCCESS
28
24
199
141
29
1
85
198
189
136
9
159
144
74
22
164
156
167
140
94
195
180
unite_teams: FAILURE
unite_teams: INVALID_INPUT
remove_player: SUCCESS
get_closest_player: SUCCESS, 134
get_all_players_count: SUCCESS, 31
get_all_players_count: SUCCESS, 17
get_all_players_count: SUCCESS, 31
knockout_winner: SUCCESS, 20
knockout_winner: SUCCESS, 18
knockout_winner: FAILURE
knockout_winner: FAILURE
knockout_winner: INVALID_INPUT
get_team_points: SUCCESS, 10098
get_num_played_games: SUCCESS, 3236
get_num_played_games: SUCCESS, 11995
get_all_players: SUCCESS
78
88
170
194
135
11
106
40
169
71
knockout_winner: SUCCESS, 6
knockout_winner: SUCCESS, 6
knockout_winner: SUCCESS, 1
knockout_winner: FAILURE
knockout_winner: INVALID_INPUT
add_player: FAILURE
remove_team: FAILURE
get_closest_player: SUCCESS, 92
remove_team: FAILURE
get_all_players_count: SUCCESS, 16
get_team_points: SUCCESS, 5586
get_num_played_games: SUCCESS, 4820
add_team: FAILURE
remove_player: SUCCESS
unite_teams: FAILURE
add_player: FAILURE
unite_teams: FAILURE
add_team: FAILURE
add_team: FAILURE
get_all_players: SUCCESS
191
186
53
79
68
100
unite_teams: INVALID_INPUT
add_player: FAILURE
get_team_points: SUCCESS, 10098
knockout_winner: SUCCESS, 6
knockout_winner: INVALID_INPUT
knockout_winner: INVALID_INPUT
knockout_winner: SUCCESS, 6
knockout_winner: INVALID_INPUT
get_top_scorer: SUCCESS, 174
add_player: FAILURE
get_closest_player: SUCCESS, 129
get_all_players_count: SUCCESS, 16
remove_team: FAILURE
play_match: FAILURE
get_team_points: SUCCESS, 7244
remove_player: SUCCESS
knockout_winner: SUCCESS, 6
knockout_winner: SUCCESS, 6
knockout_winner: SUCCESS, 1
knockout_winner: FAILURE
knockout_winner: INVALID_INPUT
add_player: FAILURE
remove_player: SUCCESS
get_team_points: SUCCESS, 7244
get_all_players_count: SUCCESS, 8
remove_player: SUCCESS
play_match: SUCCESS
get_top_scorer: SUCCESS, 133
get_all_players_count: SUCCESS, 8
get_top_scorer: SUCCESS, 52
get_num_played_games: SUCCESS, 6540
add_player: FAILURE
get_all_players_count: SUCCESS, 8
get_all_players_count: SUCCESS, 5
get_num_played_games: SUCCESS, 8835
add_team: FAILURE
add_player: FAILURE
update_player_stats: SUCCESS
knockout_winner: SUCCESS, 18
knockout_winner: SUCCESS, 18
knockout_winner: SUCCESS, 6
knockout_winner: SUCCESS, 18
knockout_winner: FAILURE
get_top_scorer: SUCCESS, 90
unite_teams: FAILURE
get_closest_player: SUCCESS, 165
add_player: FAILURE
get_all_players_count: SUCCESS, 8
unite_teams: FAILURE
update_player_stats: SUCCESS
remove_player: SUCCESS
remove_player: SUCCESS
get_top_scorer: SUCCESS, 71
play_match: FAILURE
remove_team: FAILURE
get_closest_player: SUCCESS, 111
get_all_players_count: SUCCESS, 4
unite_teams: FAILURE
remove_player: SUCCESS
remove_player: SUCCESS
update_player_stats: SUCCESS
get_all_players: SUCCESS
191
186
53
68
100
get_all_players_count: SUCCESS, 16
get_all_players: SUCCESS
165
67
139
147
89
157
163
187
123
17
160
98
137
16
47
132
remove_player: SUCCESS
knockout_winner: SUCCESS, 18
knockout_winner: SUCCESS, 18
knockout_winner: SUCCESS, 6
knockout_winner: SUCCESS, 18
knockout_winner: FAILURE
get_top_scorer: SUCCESS, 105
play_match: FAILURE
unite_teams: FAILURE
play_match: FAILURE
add_team: FAILURE
get_all_players: SUCCESS
183
31
18
122
69
56
152
177
2
104
155
142
148
185
145
105
unite_teams: FAILURE
play_match: SUCCESS
play_match: FAILURE
play_match: FAILURE
get_all_players: SUCCESS
39
23
149
62
26
119
130
90
remove_team: FAILURE
update_player_stats: SUCCESS
get_all_players_count: SUCCESS, 9
get_num_played_games: SUCCESS, 5522
get_closest_player: SUCCESS, 7
get_num_played_games: SUCCESS, 9372
add_player: FAILURE
get_all_players: SUCCESS
129
113
107
73
51
41
34
95
get_closest_player: SUCCESS, 17
get_closest_player: SUCCESS, 122
get_top_scorer: SUCCESS, 117
get_all_players: SUCCESS
78
88
170
194
135
106
40
169
71
get_all_players: SUCCESS
165
67
139
147
89
157
163
187
123
17
98
137
16
47
132
remove_team: FAILURE
unite_teams: INVALID_INPUT
get_team_points: SUCCESS, 9596
get_team_points: SUCCESS, 20308
play_match: INVALID_INPUT
get_all_players_count: SUCCESS, 15
get_team_points: SUCCESS, 10571
get_all_players_count: SUCCESS, 21
add_player: FAILURE
get_closest_player: SUCCESS, 45
remove_player: SUCCESS
add_team: FAILURE
update_player_stats: SUCCESS
get_all_players_count: SUCCESS, 8
remove_player: SUCCESS
play_match: FAILURE
get_all_players: SUCCESS
78
88
170
194
135
106
40
169
71
get_all_players_count: SUCCESS, 5
get_closest_player: SUCCESS, 95
knockout_winner: INVALID_INPUT
knockout_winner: INVALID_INPUT
knockout_winner: INVALID_INPUT
knockout_winner: INVALID_INPUT
knockout_winner: INVALID_INPUT
get_top_scorer: SUCCESS, 180
update_player_stats: SUCCESS
remove_team: FAILURE
add_player: FAILURE
add_player: FAILURE
knockout_winner: SUCCESS, 18
knockout_winner: SUCCESS, 18
knockout_winner: FAILURE
knockout_winner: FAILURE
knockout_winner: INVALID_INPUT
get_num_played_games: SUCCESS, 19991
get_team_points: SUCCESS, 5592
get_num_played_games: SUCCESS, 8459
add_player: FAILURE
play_match: SUCCESS
add_player: FAILURE
knockout_winner: SUCCESS, 18
knockout_winner: SUCCESS, 18
knockout_winner: FAILURE
knockout_winner: FAILURE
knockout_winner: INVALID_INPUT
get_team_points: SUCCESS, 14317
get_top_scorer: SUCCESS, 133
get_all_players_count: SUCCESS, 14
get_all_players: SUCCESS
70
196
20
6
65
161
35
175
117
remove_team: FAILURE
get_top_scorer: SUCCESS, 71
play_match: INVALID_INPUT
add_team: FAILURE
play_match: SUCCESS
play_match: FAILURE
get_team_points: SUCCESS, 2620
get_team_points: SUCCESS, 10098
remove_team: FAILURE
remove_player: SUCCESS
get_team_points: SUCCESS, 20317
add_team: FAILURE
update_player_stats: SUCCESS
get_top_scorer: SUCCESS, 180
play_match: FAILURE
remove_player: SUCCESS
get_all_players_count: SUCCESS, 16
get_top_scorer: SUCCESS, 52
get_top_scorer: SUCCESS, 174
knockout_winner: SUCCESS, 6
knockout_winner: SUCCESS, 6
knockout_winner: SUCCESS, 1
knockout_winner: FAILURE
knockout_winner: INVALID_INPUT
get_all_players_count: SUCCESS, 8
get_num_played_games: SUCCESS, 3646
get_top_scorer: SUCCESS, 44
remove_player: SUCCESS
add_player: FAILURE
unite_teams: FAILURE
remove_player: SUCCESS
add_team: FAILURE
get_num_played_games: SUCCESS, 8621
get_num_played_games: SUCCESS, 4016
add_player: FAILURE
unite_teams: FAILURE
get_all_players_count: SUCCESS, 15
add_player: FAILURE
update_player_stats: SUCCESS
remove_player: SUCCESS
add_team: FAILURE
get_all_players: SUCCESS
70
196
20
6
65
161
35
175
117
get_all_players: SUCCESS
129
113
107
73
51
41
34
95
add_team: FAILURE
remove_player: SUCCESS
update_player_stats: SUCCESS
remove_player: SUCCESS
add_team: FAILURE
update_player_stats: SUCCESS
get_all_players_count: SUCCESS, 8
unite_teams: FAILURE
remove_team: FAILURE
add_team: FAILURE
get_team_points: SUCCESS, 9596
get_num_played_games: SUCCESS, 11050
unite_teams: SUCCESS
update_player_stats: SUCCESS
update_player_stats: SUCCESS
knockout_winner: INVALID_INPUT
knockout_winner: INVALID_INPUT
knockout_winner: INVALID_INPUT
knockout_winner: INVALID_INPUT
knockout_winner: INVALID_INPUT
remove_team: FAILURE
knockout_winner: SUCCESS, 18
knockout_winner: SUCCESS, 18
knockout_winner: SUCCESS, 6
knockout_winner: SUCCESS, 18
knockout_winner: FAILURE
get_num_played_games: SUCCESS, 3951
remove_team: FAILURE
get_top_scorer: SUCCESS, 64
get_all_players_count: SUCCESS, 5
add_player: FAILURE
get_all_players: SUCCESS
70
196
20
129
6
65
113
107
73
161
35
175
51
41
34
117
95
remove_player: SUCCESS
remove_team: FAILURE
remove_player: SUCCESS
get_team_points: SUCCESS, 5592
unite_teams: FAILURE
get_closest_player: SUCCESS, 40
add_player: FAILURE
get_all_players_count: SUCCESS, 28
get_all_players_count: SUCCESS, 15
update_player_stats: SUCCESS
update_player_stats: SUCCESS
knockout_winner: SUCCESS, 17
knockout_winner: SUCCESS, 18
knockout_winner: FAILURE
knockout_winner: FAILURE
knockout_winner: INVALID_INPUT
add_team: FAILURE
knockout_winner: SUCCESS, 9
knockout_winner: SUCCESS, 18
knockout_winner: SUCCESS, 9
knockout_winner: SUCCESS, 18
knockout_winner: FAILURE
remove_player: SUCCESS
update_player_stats: SUCCESS
get_all_players_count: SUCCESS, 14
get_top_scorer: SUCCESS, 41
get_top_scorer: SUCCESS, 186
get_top_scorer: SUCCESS, 64
knockout_winner: INVALID_INPUT
knockout_winner: SUCCESS, 9
knockout_winner: INVALID_INPUT
knockout_winner: INVALID_INPUT
knockout_winner: INVALID_INPUT
get_top_scorer: SUCCESS, 86
get_top_scorer: SUCCESS, 180
get_top_scorer: SUCCESS, 186
get_all_players_count: SUCCESS, 28
knockout_winner: SUCCESS, 18
knockout_winner: SUCCESS, 18
knockout_winner: SUCCESS, 9
knockout_winner: SUCCESS, 18
knockout_winner: INVALID_INPUT
get_team_points: SUCCESS, 5613
get_top_scorer: SUCCESS, 41
remove_team: FAILURE
get_all_players_count: SUCCESS, 5
get_top_scorer: SUCCESS, 86
play_match: FAILURE
get_top_scorer: SUCCESS, 200
add_team: FAILURE
get_all_players: SUCCESS
183
122
56
152
177
2
104
155
142
185
18
145
148
105
get_team_points: SUCCESS, 5613
get_all_players_count: SUCCESS, 9
knockout_winner: SUCCESS, 17
knockout_winner: SUCCESS, 18
knockout_winner: FAILURE
knockout_winner: FAILURE
knockout_winner: INVALID_INPUT
add_team: FAILURE
remove_player: SUCCESS
knockout_winner: SUCCESS, 9
knockout_winner: SUCCESS, 18
knockout_winner: SUCCESS, 6
knockout_winner: SUCCESS, 18
knockout_winner: INVALID_INPUT
get_team_points: SUCCESS, 1966
get_top_scorer: SUCCESS, 105
unite_teams: FAILURE
update_player_stats: SUCCESS
play_match: FAILURE
get_closest_player: SUCCESS, 126
get_closest_player: SUCCESS, 185
get_all_players_count: SUCCESS, 8
update_player_stats: SUCCESS
add_player: FAILURE
get_closest_player: SUCCESS, 48
get_num_played_games: SUCCESS, 7358
get_team_points: SUCCESS, 17160
get_all_players: SUCCESS
184
126
59
99
192
93
146
76
143
91
12
27
43
111
86
get_num_played_games: SUCCESS, 6277
get_closest_player: SUCCESS, 29
remove_team: FAILURE
get_closest_player: SUCCESS, 29
add_team: FAILURE
get_top_scorer: SUCCESS, 90
get_num_played_games: SUCCESS, 8571
get_closest_player: SUCCESS, 190
get_closest_player: SUCCESS, 68
get_all_players: SUCCESS
88
170
135
106
40
169
78
71
194
unite_teams: FAILURE
get_all_players: SUCCESS
70
196
20
129
6
65
113
107
73
161
35
175
51
34
117
95
41
get_num_played_games: SUCCESS, 6500
get_top_scorer: SUCCESS, 186
add_player: FAILURE
remove_player: SUCCESS
remove_player: SUCCESS
get_closest_player: SUCCESS, 60
add_player: FAILURE
knockout_winner: INVALID_INPUT
knockout_winner: INVALID_INPUT
knockout_winner: INVALID_INPUT
knockout_winner: INVALID_INPUT
knockout_winner: INVALID_INPUT
remove_team: FAILURE
unite_teams: FAILURE
add_team: FAILURE
get_all_players_count: SUCCESS, 15
play_match: FAILURE
add_player: FAILURE
get_all_players: SUCCESS
191
53
68
100
186
add_team: FAILURE
get_all_players: SUCCESS
184
126
59
99
192
93
146
76
143
91
12
27
43
111
86
remove_team: FAILURE
remove_player: SUCCESS
knockout_winner: INVALID_INPUT
knockout_winner: INVALID_INPUT
knockout_winner: INVALID_INPUT
knockout_winner: INVALID_INPUT
knockout_winner: INVALID_INPUT
get_all_players: SUCCESS
165
67
139
147
89
157
163
187
123
17
98
16
47
132
137
get_top_scorer: SUCCESS, 52
get_num_played_games: SUCCESS, 2136
get_num_played_games: SUCCESS, 1038
get_team_points: SUCCESS, 17160
knockout_winner: SUCCESS, 17
knockout_winner: SUCCESS, 18
knockout_winner: FAILURE
knockout_winner: FAILURE
knockout_winner: INVALID_INPUT
get_num_played_games: SUCCESS, 17886
add_team: FAILURE
add_player: FAILURE
get_closest_player: SUCCESS, 124
get_team_points: SUCCESS, 6656
add_team: FAILURE
get_num_played_games: SUCCESS, 20346
update_player_stats: SUCCESS
add_player: FAILURE
update_player_stats: SUCCESS
get_num_played_games: SUCCESS, 16239
add_player: FAILURE
get_closest_player: SUCCESS, 25
add_player: FAILURE
play_match: FAILURE
unite_teams: FAILURE
add_player: FAILURE
update_player_stats: SUCCESS
knockout_winner: SUCCESS, 9
knockout_winner: SUCCESS, 18
knockout_winner: SUCCESS, 6
knockout_winner: SUCCESS, 18
knockout_winner: INVALID_INPUT
get_top_scorer: SUCCESS, 115
unite_teams: FAILURE
remove_team: FAILURE
get_top_scorer: SUCCESS, 180
get_all_players_count: SUCCESS, 17
knockout_winner: FAILURE
knockout_winner: SUCCESS, 18
knockout_winner: SUCCESS, 9
knockout_winner: SUCCESS, 20
knockout_winner: INVALID_INPUT
add_player: FAILURE
unite_teams: FAILURE
play_match: FAILURE
unite_teams: FAILURE
get_team_points: SUCCESS, 17169
get_team_points: SUCCESS, 1966
play_match: FAILURE
knockout_winner: SUCCESS, 18
knockout_winner: INVALID_INPUT
knockout_winner: INVALID_INPUT
knockout_winner: SUCCESS, 18
knockout_winner: SUCCESS, 9
play_match: SUCCESS
play_match: SUCCESS
get_all_players_count: SUCCESS, 5
get_all_players: SUCCESS
165
67
139
147
89
157
163
123
17
187
98
16
47
132
137
get_all_players_count: SUCCESS, 15
get_closest_player: SUCCESS, 153
get_all_players_count: SUCCESS, 3
get_top_scorer: SUCCESS, 52
unite_teams: FAILURE
get_num_played_games: SUCCESS, 10500
get_team_points: SUCCESS, 11209
unite_teams: FAILURE
update_player_stats: SUCCESS
knockout_winner: SUCCESS, 6
knockout_winner: SUCCESS, 18
knockout_winner: SUCCESS, 6
knockout_winner: SUCCESS, 18
knockout_winner: FAILURE
update_player_stats: SUCCESS
add_player: FAILURE
add_team: FAILURE
remove_player: SUCCESS
play_match: SUCCESS
add_player: FAILURE
get_top_scorer: SUCCESS, 52
get_team_points: SUCCESS, 10098
remove_player: SUCCESS
unite_teams: FAILURE
update_player_stats: SUCCESS
unite_teams: SUCCESS
update_player_stats: SUCCESS
get_num_played_games: SUCCESS, 8972
add_player: FAILURE
get_all_players: SUCCESS
32
19
103
96
64
play_match: FAILURE
get_all_players: SUCCESS
183
122
56
152
177
2
104
155
142
185
18
145
148
105
get_top_scorer: SUCCESS, 115
get_num_played_games: SUCCESS, 3284
get_all_players: SUCCESS
53
68
100
186
remove_team: FAILURE
get_all_players_count: SUCCESS, 8
knockout_winner: SUCCESS, 6
knockout_winner: SUCCESS, 6
knockout_winner: SUCCESS, 1
knockout_winner: FAILURE
knockout_winner: INVALID_INPUT
remove_team: FAILURE
get_all_players: SUCCESS
134
87
115
get_top_scorer: SUCCESS, 105
get_all_players_count: SUCCESS, 14
get_team_points: SUCCESS, 10098
get_num_played_games: SUCCESS, 6468
get_num_played_games: SUCCESS, 3951
get_all_players_count: SUCCESS, 4
play_match: FAILURE
add_player: FAILURE
get_all_players_count: SUCCESS, 5
get_num_played_games: SUCCESS, 11050
get_closest_player: SUCCESS, 36
get_top_scorer: SUCCESS, 52
get_num_played_games: SUCCESS, 10244
get_num_played_games: SUCCESS, 13880
get_closest_player: SUCCESS, 149
unite_teams: FAILURE
update_player_stats: SUCCESS
add_team: FAILURE
get_num_played_games: SUCCESS, 10268
get_all_players_count: SUCCESS, 15
get_all_players: SUCCESS
134
87
115
play_match: FAILURE
get_top_scorer: SUCCESS, 90
knockout_winner: SUCCESS, 18
knockout_winner: INVALID_INPUT
knockout_winner: INVALID_INPUT
knockout_winner: SUCCESS, 18
knockout_winner: SUCCESS, 9
knockout_winner: SUCCESS, 6
knockout_winner: INVALID_INPUT
knockout_winner: INVALID_INPUT
knockout_winner: SUCCESS, 18
knockout_winner: SUCCESS, 9
get_all_players_count: SUCCESS, 3
get_all_players: SUCCESS
32
19
103
96
64
get_all_players_count: SUCCESS, 15
knockout_winner: SUCCESS, 17
knockout_winner: SUCCESS, 18
knockout_winner: FAILURE
knockout_winner: FAILURE
knockout_winner: INVALID_INPUT
get_team_points: SUCCESS, 6656
get_all_players_count: SUCCESS, 15
update_player_stats: SUCCESS
remove_player: SUCCESS
get_closest_player: SUCCESS, 59
add_player: FAILURE
get_all_players_count: SUCCESS, 14
unite_teams: FAILURE
unite_teams: FAILURE
update_player_stats: SUCCESS
unite_teams: INVALID_INPUT
add_player: FAILURE
add_team: FAILURE
add_team: FAILURE
remove_player: SUCCESS
get_num_played_games: SUCCESS, 6880
remove_team: FAILURE
get_closest_player: SUCCESS, 129
get_team_points: SUCCESS, 10098
play_match: FAILURE
get_top_scorer: SUCCESS, 64
get_all_players: SUCCESS
165
82
67
37
188
7
42
181
46
197
139
97
147
77
80
89
157
163
162
123
60
17
176
166
48
127
187
118
72
21
98
190
36
16
3
153
124
47
132
81
52
137
unite_teams: FAILURE
get_closest_player: SUCCESS, 97
unite_teams: FAILURE
get_team_points: SUCCESS, 3875
add_player: FAILURE
get_top_scorer: SUCCESS, 64
get_num_played_games: SUCCESS, 4016
add_player: FAILURE
play_match: FAILURE
add_team: FAILURE
remove_team: FAILURE
add_team: FAILURE
get_top_scorer: SUCCESS, 86
update_player_stats: SUCCESS
add_team: FAILURE
add_player: FAILURE
get_top_scorer: SUCCESS, 90
get_all_players: SUCCESS
165
82
67
37
188
7
42
181
46
197
139
97
147
77
80
89
157
163
162
123
60
17
176
166
48
127
187
118
72
21
190
36
16
3
153
124
47
132
81
98
52
137
get_top_scorer: SUCCESS, 41
get_top_scorer: SUCCESS, 115
get_team_points: SUCCESS, 1966
get_top_scorer: SUCCESS, 200
add_player: FAILURE
get_all_players_count: SUCCESS, 14
get_closest_player: SUCCESS, 166
knockout_winner: SUCCESS, 6
knockout_winner: SUCCESS, 6
knockout_winner: SUCCESS, 1
knockout_winner: FAILURE
knockout_winner: INVALID_INPUT
get_num_played_games: SUCCESS, 8130
get_top_scorer: SUCCESS, 105
get_closest_player: SUCCESS, 109
add_team: FAILURE
update_player_stats: SUCCESS
knockout_winner: SUCCESS, 6
knockout_winner: SUCCESS, 6
knockout_winner: SUCCESS, 1
knockout_winner: FAILURE
knockout_winner: INVALID_INPUT
get_closest_player: SUCCESS, 147
add_player: FAILURE
play_match: FAILURE
get_num_played_games: SUCCESS, 20346
update_player_stats: SUCCESS
get_all_players: SUCCESS
53
68
100
186
play_match: INVALID_INPUT
get_num_played_games: SUCCESS, 6540
update_player_stats: SUCCESS
get_closest_player: SUCCESS, 32
update_player_stats: SUCCESS
get_all_players: SUCCESS
28
24
199
1
85
198
136
159
74
22
167
94
195
180
get_all_players_count: SUCCESS, 8
add_player: FAILURE
get_all_players_count: SUCCESS, 3
get_all_players_count: SUCCESS, 5
get_top_scorer: SUCCESS, 105
get_num_played_games: SUCCESS, 5525
get_team_points: SUCCESS, 704
get_all_players_count: SUCCESS, 8
play_match: FAILURE
remove_player: SUCCESS
add_team: FAILURE
knockout_winner: SUCCESS, 9
knockout_winner: SUCCESS, 18
knockout_winner: SUCCESS, 6
knockout_winner: SUCCESS, 18
knockout_winner: INVALID_INPUT
get_top_scorer: SUCCESS, 90
get_top_scorer: SUCCESS, 174
get_team_points: SUCCESS, 3875
add_player: FAILURE
remove_player: SUCCESS
get_top_scorer: SUCCESS, 64
get_num_played_games: SUCCESS, 16240
add_team: FAILURE
get_top_scorer: SUCCESS, 180
unite_teams: FAILURE
get_num_played_games: SUCCESS, 10485
get_team_points: SUCCESS, 3875
add_player: FAILURE
get_num_played_games: SUCCESS, 3284
get_all_players_count: SUCCESS, 3
add_team: FAILURE
get_closest_player: SUCCESS, 34
get_num_played_games: SUCCESS, 3448
update_player_stats: SUCCESS
get_num_played_games: SUCCESS, 2904
play_match: SUCCESS
remove_player: SUCCESS
remove_team: FAILURE
play_match: FAILURE
play_match: SUCCESS
get_closest_player: SUCCESS, 16
get_top_scorer: SUCCESS, 194
get_team_points: SUCCESS, 6656
unite_teams: INVALID_INPUT
get_team_points: SUCCESS, 6656
get_team_points: SUCCESS, 3875
get_team_points: SUCCESS, 10098
get_all_players: SUCCESS
183
122
56
152
177
2
104
142
155
185
18
145
148
105
remove_player: SUCCESS
remove_player: SUCCESS
get_all_players: SUCCESS
39
149
26
119
130
23
62
90
knockout_winner: INVALID_INPUT
knockout_winner: SUCCESS, 6
knockout_winner: INVALID_INPUT
knockout_winner: INVALID_INPUT
knockout_winner: INVALID_INPUT
play_match: FAILURE
get_num_played_games: SUCCESS, 18614
get_all_players: SUCCESS
53
68
100
186
play_match: FAILURE
remove_player: SUCCESS
get_num_played_games: SUCCESS, 11973
get_all_players: SUCCESS
88
170
135
106
40
169
71
194
remove_team: FAILURE
get_closest_player: SUCCESS, 40
play_match: FAILURE
add_team: FAILURE
get_team_points: SUCCESS, 1966
add_team: FAILURE
update_player_stats: SUCCESS
update_player_stats: SUCCESS
remove_player: SUCCESS
get_team_points: SUCCESS, 704
get_top_scorer: SUCCESS, 194
play_match: FAILURE
get_top_scorer: SUCCESS, 194
remove_player: SUCCESS
get_team_points: SUCCESS, 10098
remove_team: FAILURE
remove_player: SUCCESS
update_player_stats: SUCCESS
get_num_played_games: SUCCESS, 7500
get_all_players_count: SUCCESS, 14
remove_team: FAILURE
add_player: FAILURE
add_team: FAILURE
get_closest_player: SUCCESS, 62
unite_teams: FAILURE
update_player_stats: SUCCESS
get_top_scorer: SUCCESS, 58
update_player_stats: SUCCESS
add_player: FAILURE
get_closest_player: SUCCESS, 71
add_player: FAILURE
remove_player: SUCCESS
get_top_scorer: SUCCESS, 180
get_all_players_count: SUCCESS, 14
get_all_players_count: SUCCESS, 14
get_top_scorer: SUCCESS, 137
get_all_players: SUCCESS
109
168
66
179
8
50
61
45
25
44
55
200
58
get_num_played_games: SUCCESS, 820
add_player: FAILURE
get_team_points: SUCCESS, 20452
add_player: FAILURE
get_top_scorer: SUCCESS, 186
play_match: SUCCESS
unite_teams: FAILURE
unite_teams: INVALID_INPUT
update_player_stats: SUCCESS
remove_player: SUCCESS
unite_teams: FAILURE
get_closest_player: SUCCESS, 190
get_all_players_count: SUCCESS, 12
unite_teams: FAILURE
get_closest_player: SUCCESS, 23
add_player: FAILURE
add_team: FAILURE
add_team: FAILURE
get_team_points: SUCCESS, 10098
remove_team: FAILURE
get_top_scorer: SUCCESS, 194
get_num_played_games: SUCCESS, 4590
remove_player: SUCCESS
play_match: FAILURE
get_num_played_games: SUCCESS, 8263
remove_team: FAILURE
get_top_scorer: SUCCESS, 174
get_num_played_games: SUCCESS, 3951
remove_team: FAILURE
remove_player: SUCCESS
unite_teams: FAILURE
get_closest_player: SUCCESS, 71
add_player: FAILURE
get_num_played_games: SUCCESS, 3285
get_closest_player: SUCCESS, 34
play_match: FAILURE
get_team_points: SUCCESS, 20170
get_num_played_games: SUCCESS, 216
get_team_points: SUCCESS, 7244
get_all_players: SUCCESS
32
19
103
96
64
get_top_scorer: SUCCESS, 95
get_all_players: SUCCESS
120
108
57
84
174
get_num_played_games: SUCCESS, 14386
add_team: FAILURE
remove_team: FAILURE
remove_player: SUCCESS
get_team_points: SUCCESS, 704
get_num_played_games: SUCCESS, 8861
get_team_points: SUCCESS, 1966
remove_team: FAILURE
update_player_stats: SUCCESS
add_player: FAILURE
get_team_points: SUCCESS, 704
remove_team: FAILURE
get_closest_player: SUCCESS, 161
remove_team: FAILURE
remove_player: SUCCESS
remove_player: SUCCESS
knockout_winner: SUCCESS, 6
knockout_winner: INVALID_INPUT
knockout_winner: INVALID_INPUT
knockout_winner: SUCCESS, 9
knockout_winner: INVALID_INPUT
play_match: FAILURE
knockout_winner: FAILURE
knockout_winner: INVALID_INPUT
knockout_winner: INVALID_INPUT
knockout_winner: FAILURE
knockout_winner: INVALID_INPUT
get_all_players: SUCCESS
70
20
129
6
65
113
107
161
35
175
51
196
95
34
get_team_points: SUCCESS, 10098
get_num_played_games: SUCCESS, 14711
play_match: SUCCESS
knockout_winner: SUCCESS, 6
knockout_winner: SUCCESS, 9
knockout_winner: SUCCESS, 1
knockout_winner: FAILURE
knockout_winner: INVALID_INPUT
get_all_players_count: SUCCESS, 37
knockout_winner: FAILURE
knockout_winner: SUCCESS, 18
knockout_winner: SUCCESS, 9
knockout_winner: FAILURE
knockout_winner: INVALID_INPUT
remove_team: FAILURE
remove_player: SUCCESS
get_all_players_count: SUCCESS, 5
remove_player: SUCCESS
get_all_players_count: SUCCESS, 14
remove_player: SUCCESS
knockout_winner: INVALID_INPUT
knockout_winner: INVALID_INPUT
knockout_winner: INVALID_INPUT
knockout_winner: INVALID_INPUT
knockout_winner: INVALID_INPUT
remove_team: FAILURE
get_closest_player: SUCCESS, 46
get_num_played_games: SUCCESS, 7790
get_top_scorer: SUCCESS, 115
play_match: FAILURE
add_player: FAILURE
get_num_played_games: SUCCESS, 9888
get_team_points: SUCCESS, 7244
update_player_stats: SUCCESS
unite_teams: FAILURE
remove_player: SUCCESS
get_team_points: SUCCESS, 1966
play_match: SUCCESS
get_num_played_games: SUCCESS, 7565
knockout_winner: SUCCESS, 6
knockout_winner: INVALID_INPUT
knockout_winner: INVALID_INPUT
knockout_winner: SUCCESS, 9
knockout_winner: INVALID_INPUT
add_player: FAILURE
unite_teams: FAILURE
remove_team: FAILURE
get_team_points: SUCCESS, 31576
unite_teams: INVALID_INPUT
remove_player: SUCCESS
get_all_players_count: SUCCESS, 5
unite_teams: FAILURE
add_team: FAILURE
play_match: FAILURE
get_team_points: SUCCESS, 1966
remove_player: SUCCESS
get_all_players_count: SUCCESS, 8
knockout_winner: INVALID_INPUT
knockout_winner: SUCCESS, 9
knockout_winner: INVALID_INPUT
knockout_winner: INVALID_INPUT
knockout_winner: INVALID_INPUT
get_team_points: SUCCESS, 11230
update_player_stats: SUCCESS
get_all_players_count: SUCCESS, 5
get_team_points: SUCCESS, 704
knockout_winner: SUCCESS, 6
knockout_winner: SUCCESS, 9
knockout_winner: SUCCESS, 1
knockout_winner: FAILURE
knockout_winner: INVALID_INPUT
get_top_scorer: SUCCESS, 186
get_all_players: SUCCESS
184
126
59
99
93
146
76
27
43
192
86
12
add_team: FAILURE
add_player: FAILURE
get_team_points: SUCCESS, 11233
get_closest_player: SUCCESS, 179
get_top_scorer: SUCCESS, 62
update_player_stats: SUCCESS
remove_team: FAILURE
play_match: FAILURE
get_top_scorer: SUCCESS, 12
get_top_scorer: SUCCESS, 148
add_team: FAILURE
get_num_played_games: SUCCESS, 18085
add_player: FAILURE
get_num_played_games: SUCCESS, 9881
get_closest_player: SUCCESS, 145
remove_player: SUCCESS
remove_player: SUCCESS
remove_player: SUCCESS
remove_player: SUCCESS
remove_player: SUCCESS
remove_player: SUCCESS
remove_player: SUCCESS
remove_player: SUCCESS
remove_player: SUCCESS
remove_player: SUCCESS
remove_player: SUCCESS
remove_player: SUCCESS
remove_player: SUCCESS
remove_player: SUCCESS
remove_player: SUCCESS
remove_player: SUCCESS
remove_player: SUCCESS
remove_player: SUCCESS
remove_player: SUCCESS
remove_player: SUCCESS
remove_player: SUCCESS
remove_player: SUCCESS
remove_player: SUCCESS
remove_player: SUCCESS
remove_player: SUCCESS
remove_player: SUCCESS
remove_player: SUCCESS
remove_player: SUCCESS
remove_player: SUCCESS
remove_player: SUCCESS
remove_player: SUCCESS
remove_player: SUCCESS
remove_player: SUCCESS
remove_player: SUCCESS
remove_player: SUCCESS
remove_player: SUCCESS
remove_player: SUCCESS
remove_player: SUCCESS
remove_player: SUCCESS
remove_player: SUCCESS
remove_player: SUCCESS
remove_player: SUCCESS
remove_player: SUCCESS
remove_player: SUCCESS
remove_player: SUCCESS
remove_player: SUCCESS
remove_player: SUCCESS
remove_player: SUCCESS
remove_player: SUCCESS
remove_player: SUCCESS
remove_player: SUCCESS
remove_player: SUCCESS
remove_player: SUCCESS
remove_player: SUCCESS
remove_player: SUCCESS
remove_player: SUCCESS
remove_player: SUCCESS
remove_player: SUCCESS
remove_player: SUCCESS
remove_player: SUCCESS
remove_player: SUCCESS
remove_player: SUCCESS
remove_player: SUCCESS
remove_player: SUCCESS
remove_player: SUCCESS
remove_player: SUCCESS
remove_player: SUCCESS
remove_player: SUCCESS
remove_player: SUCCESS
remove_player: SUCCESS
remove_player: SUCCESS
remove_player: SUCCESS
remove_player: SUCCESS
remove_player: SUCCESS
remove_player: SUCCESS
remove_player: SUCCESS
remove_player: SUCCESS
remove_player: SUCCESS
remove_player: SUCCESS
remove_player: SUCCESS
remove_player: SUCCESS
remove_player: SUCCESS
remove_player: SUCCESS
remove_player: SUCCESS
remove_player: SUCCESS
remove_player: SUCCESS
remove_player: SUCCESS
remove_player: SUCCESS
remove_player: SUCCESS
remove_player: SUCCESS
remove_player: SUCCESS
remove_player: SUCCESS
remove_player: SUCCESS
remove_player: SUCCESS
remove_player: SUCCESS
remove_player: SUCCESS
remove_player: SUCCESS
remove_player: SUCCESS
remove_player: SUCCESS
remove_player: SUCCESS
remove_player: SUCCESS
remove_player: SUCCESS
remove_player: SUCCESS
remove_player: SUCCESS
remove_player: SUCCESS
remove_player: SUCCESS
remove_player: SUCCESS
remove_player: SUCCESS
remove_player: SUCCESS
remove_player: SUCCESS
remove_player: SUCCESS
remove_player: SUCCESS
remove_player: SUCCESS
remove_player: SUCCESS
remove_player: SUCCESS
remove_player: SUCCESS
remove_player: SUCCESS
remove_player: SUCCESS
remove_player: SUCCESS
remove_player: SUCCESS
remove_player: SUCCESS
remove_player: SUCCESS
remove_player: SUCCESS
remove_player: SUCCESS
remove_player: SUCCESS
remove_player: SUCCESS
remove_player: SUCCESS
remove_player: SUCCESS
remove_team: SUCCESS
remove_team: SUCCESS
remove_team: SUCCESS
remove_team: SUCCESS
remove_team: SUCCESS
remove_team: SUCCESS
remove_team: SUCCESS
remove_team: SUCCESS
remove_team: SUCCESS
remove_team: SUCCESS
remove_team: SUCCESS
remove_team: SUCCESS
