add_team: SUCCESS
add_team: SUCCESS
add_team: SUCCESS
add_team: SUCCESS
add_team: SUCCESS
add_team: SUCCESS
add_team: SUCCESS
add_team: SUCCESS
add_team: SUCCESS
add_team: SUCCESS
add_team: SUCCESS
add_team: SUCCESS
add_team: SUCCESS
add_team: SUCCESS
add_team: SUCCESS
add_team: SUCCESS
add_team: SUCCESS
add_team: SUCCESS
add_team: SUCCESS
add_team: SUCCESS
add_player: SUCCESS
add_player: SUCCESS
add_player: SUCCESS
add_player: SUCCESS
add_player: SUCCESS
add_player: SUCCESS
add_player: SUCCESS
add_player: SUCCESS
add_player: SUCCESS
add_player: SUCCESS
add_player: SUCCESS
add_player: SUCCESS
add_player: SUCCESS
add_player: SUCCESS
add_player: SUCCESS
add_player: SUCCESS
add_player: SUCCESS
add_player: SUCCESS
add_player: SUCCESS
add_player: SUCCESS
add_player: SUCCESS
add_player: SUCCESS
add_player: SUCCESS
add_player: SUCCESS
add_player: SUCCESS
add_player: SUCCESS
add_player: SUCCESS
add_player: SUCCESS
add_player: SUCCESS
add_player: SUCCESS
add_player: SUCCESS
add_player: SUCCESS
add_player: SUCCESS
add_player: SUCCESS
add_player: SUCCESS
add_player: SUCCESS
add_player: SUCCESS
add_player: SUCCESS
add_player: SUCCESS
add_player: SUCCESS
add_player: SUCCESS
add_player: SUCCESS
add_player: SUCCESS
add_player: SUCCESS
add_player: SUCCESS
add_player: SUCCESS
add_player: SUCCESS
add_player: SUCCESS
add_player: SUCCESS
add_player: SUCCESS
add_player: SUCCESS
add_player: SUCCESS
add_player: SUCCESS
add_player: SUCCESS
add_player: SUCCESS
add_player: SUCCESS
add_player: SUCCESS
add_player: SUCCESS
add_player: SUCCESS
add_player: SUCCESS
add_player: SUCCESS
add_player: SUCCESS
add_player: SUCCESS
add_player: SUCCESS
add_player: SUCCESS
add_player: SUCCESS
add_player: SUCCESS
add_player: SUCCESS
add_player: SUCCESS
add_player: SUCCESS
add_player: SUCCESS
add_player: SUCCESS
add_player: SUCCESS
add_player: SUCCESS
add_player: SUCCESS
add_player: SUCCESS
add_player: SUCCESS
add_player: SUCCESS
add_player: SUCCESS
add_player: SUCCESS
add_player: SUCCESS
add_player: SUCCESS
add_player: SUCCESS
add_player: SUCCESS
add_player: SUCCESS
add_player: SUCCESS
add_player: SUCCESS
add_player: SUCCESS
add_player: SUCCESS
add_player: SUCCESS
add_player: SUCCESS
add_player: SUCCESS
add_player: SUCCESS
add_player: SUCCESS
add_player: SUCCESS
add_player: SUCCESS
add_player: SUCCESS
add_player: SUCCESS
add_player: SUCCESS
add_player: SUCCESS
add_player: SUCCESS
add_player: SUCCESS
add_player: SUCCESS
add_player: SUCCESS
add_player: SUCCESS
add_player: SUCCESS
add_player: SUCCESS
add_player: SUCCESS
add_player: SUCCESS
add_player: SUCCESS
add_player: SUCCESS
add_player: SUCCESS
add_player: SUCCESS
add_player: SUCCESS
add_player: SUCCESS
add_player: SUCCESS
add_player: SUCCESS
add_player: SUCCESS
add_player: SUCCESS
add_player: SUCCESS
add_player: SUCCESS
add_player: SUCCESS
add_player: SUCCESS
add_player: SUCCESS
add_player: SUCCESS
add_player: SUCCESS
add_player: SUCCESS
add_player: SUCCESS
add_player: SUCCESS
add_player: SUCCESS
add_player: SUCCESS
add_player: SUCCESS
add_player: SUCCESS
add_player: SUCCESS
add_player: SUCCESS
add_player: SUCCESS
add_player: SUCCESS
add_player: SUCCESS
add_player: SUCCESS
add_player: SUCCESS
add_player: SUCCESS
add_player: SUCCESS
add_player: SUCCESS
add_player: SUCCESS
add_player: SUCCESS
add_player: SUCCESS
add_player: SUCCESS
add_player: SUCCESS
add_player: SUCCESS
add_player: SUCCESS
add_player: SUCCESS
add_player: SUCCESS
add_player: SUCCESS
add_player: SUCCESS
add_player: SUCCESS
add_player: SUCCESS
add_player: SUCCESS
add_player: SUCCESS
add_player: SUCCESS
add_player: SUCCESS
add_player: SUCCESS
add_player: SUCCESS
add_player: SUCCESS
add_player: SUCCESS
add_player: SUCCESS
add_player: SUCCESS
add_player: SUCCESS
add_player: SUCCESS
add_player: SUCCESS
add_player: SUCCESS
add_player: SUCCESS
add_player: SUCCESS
add_player: SUCCESS
add_player: SUCCESS
add_player: SUCCESS
add_player: SUCCESS
add_player: SUCCESS
add_player: SUCCESS
add_player: SUCCESS
add_player: SUCCESS
add_player: SUCCESS
add_player: SUCCESS
add_player: SUCCESS
add_player: SUCCESS
add_player: SUCCESS
add_player: SUCCESS
add_player: SUCCESS
add_player: SUCCESS
add_player: SUCCESS
add_player: SUCCESS
add_player: SUCCESS
add_player: SUCCESS
add_player: SUCCESS
add_player: SUCCESS
add_player: SUCCESS
add_player: SUCCESS
add_player: SUCCESS
add_player: SUCCESS
add_player: SUCCESS
add_player: SUCCESS
get_all_players_count: SUCCESS, 8
get_all_players: SUCCESS
128
111
10
44
131
96
add_team: FAILURE
get_num_played_games: SUCCESS, 9793
get_team_points: SUCCESS, 8616
get_top_scorer: SUCCESS, 48
play_match: FAILURE
remove_team: FAILURE
play_match: FAILURE
get_top_scorer: SUCCESS, 80
knockout_winner: FAILURE
get_all_players_count: SUCCESS, 11
knockout_winner: SUCCESS, 18
get_team_points: SUCCESS, 7672
play_match: FAILURE
unite_teams: SUCCESS
add_player: FAILURE
get_all_players: SUCCESS
177
126
141
5
107
17
116
24
182
191
158
120
12
144
remove_team: FAILURE
get_top_scorer: SUCCESS, 27
get_num_played_games: SUCCESS, 7441
get_num_played_games: SUCCESS, 4955
remove_team: FAILURE
get_team_points: SUCCESS, 1425
remove_player: SUCCESS
get_num_played_games: SUCCESS, 7697
add_player: FAILURE
get_num_played_games: SUCCESS, 5938
remove_player: SUCCESS
remove_team: FAILURE
knockout_winner: SUCCESS, 9
get_all_players_count: SUCCESS, 11
knockout_winner: SUCCESS, 18
remove_team: FAILURE
get_all_players_count: SUCCESS, 11
get_all_players: SUCCESS
123
83
188
113
85
129
121
196
get_all_players_count: SUCCESS, 8
get_closest_player: SUCCESS, 156
play_match: FAILURE
get_num_played_games: SUCCESS, 2838
get_num_played_games: SUCCESS, 4955
knockout_winner: INVALID_INPUT
knockout_winner: INVALID_INPUT
add_team: FAILURE
get_top_scorer: SUCCESS, 124
get_num_played_games: SUCCESS, 1528
update_player_stats: SUCCESS
get_all_players: SUCCESS
62
140
64
32
26
54
update_player_stats: SUCCESS
get_all_players: SUCCESS
74
56
98
60
145
25
171
18
51
93
132
119
41
138
108
183
update_player_stats: SUCCESS
knockout_winner: SUCCESS, 19
add_team: FAILURE
knockout_winner: INVALID_INPUT
remove_team: FAILURE
get_top_scorer: SUCCESS, 48
knockout_winner: SUCCESS, 19
get_all_players: SUCCESS
74
56
98
60
145
25
171
18
51
93
132
119
41
138
108
183
get_num_played_games: SUCCESS, 11513
get_top_scorer: SUCCESS, 27
remove_player: SUCCESS
remove_team: FAILURE
add_team: FAILURE
remove_player: SUCCESS
knockout_winner: INVALID_INPUT
knockout_winner: INVALID_INPUT
update_player_stats: SUCCESS
remove_team: FAILURE
unite_teams: FAILURE
add_player: FAILURE
get_num_played_games: SUCCESS, 10539
knockout_winner: SUCCESS, 8
remove_player: SUCCESS
add_team: FAILURE
get_all_players_count: SUCCESS, 14
get_num_played_games: SUCCESS, 8056
get_team_points: SUCCESS, 7672
update_player_stats: SUCCESS
get_num_played_games: SUCCESS, 8615
get_closest_player: SUCCESS, 79
play_match: FAILURE
get_all_players: SUCCESS
187
1
102
143
39
174
179
play_match: FAILURE
remove_team: FAILURE
get_num_played_games: SUCCESS, 4230
get_num_played_games: SUCCESS, 8022
remove_team: FAILURE
unite_teams: FAILURE
get_num_played_games: SUCCESS, 1006
add_team: FAILURE
remove_player: SUCCESS
update_player_stats: SUCCESS
update_player_stats: SUCCESS
remove_player: SUCCESS
get_closest_player: SUCCESS, 170
get_all_players_count: SUCCESS, 9
update_player_stats: SUCCESS
remove_player: SUCCESS
play_match: INVALID_INPUT
get_top_scorer: SUCCESS, 47
knockout_winner: SUCCESS, 9
add_team: FAILURE
knockout_winner: INVALID_INPUT
play_match: FAILURE
add_player: FAILURE
get_num_played_games: SUCCESS, 8097
get_top_scorer: SUCCESS, 48
play_match: FAILURE
get_num_played_games: SUCCESS, 8414
add_player: FAILURE
play_match: FAILURE
get_all_players_count: SUCCESS, 10
get_team_points: SUCCESS, 3818
remove_player: SUCCESS
add_team: FAILURE
update_player_stats: SUCCESS
remove_player: SUCCESS
unite_teams: FAILURE
get_all_players_count: SUCCESS, 8
remove_team: FAILURE
unite_teams: FAILURE
update_player_stats: SUCCESS
get_team_points: SUCCESS, 5656
get_all_players: SUCCESS
86
11
190
110
28
147
90
82
14
122
136
166
195
20
play_match: FAILURE
play_match: INVALID_INPUT
get_all_players_count: SUCCESS, 10
get_closest_player: SUCCESS, 124
get_num_played_games: SUCCESS, 5791
get_closest_player: SUCCESS, 25
unite_teams: SUCCESS
get_num_played_games: SUCCESS, 8774
get_num_played_games: SUCCESS, 4713
add_team: FAILURE
play_match: FAILURE
unite_teams: FAILURE
get_top_scorer: SUCCESS, 63
knockout_winner: SUCCESS, 19
get_team_points: SUCCESS, 6044
update_player_stats: SUCCESS
update_player_stats: SUCCESS
play_match: FAILURE
add_team: FAILURE
add_team: FAILURE
add_player: FAILURE
get_top_scorer: SUCCESS, 196
get_team_points: SUCCESS, 2146
add_team: FAILURE
get_all_players_count: SUCCESS, 6
add_team: FAILURE
knockout_winner: SUCCESS, 18
get_all_players: SUCCESS
9
170
81
114
34
63
unite_teams: INVALID_INPUT
remove_player: SUCCESS
get_closest_player: SUCCESS, 174
add_player: FAILURE
add_team: FAILURE
add_team: FAILURE
get_team_points: SUCCESS, 9042
knockout_winner: SUCCESS, 10
knockout_winner: SUCCESS, 19
remove_team: FAILURE
add_team: FAILURE
get_closest_player: SUCCESS, 55
add_player: FAILURE
update_player_stats: SUCCESS
add_team: FAILURE
play_match: SUCCESS
remove_team: FAILURE
get_all_players: SUCCESS
6
181
75
57
22
104
88
45
178
unite_teams: FAILURE
get_closest_player: SUCCESS, 148
get_team_points: SUCCESS, 12211
get_num_played_games: SUCCESS, 5705
unite_teams: FAILURE
get_top_scorer: SUCCESS, 96
get_closest_player: SUCCESS, 197
unite_teams: FAILURE
unite_teams: FAILURE
get_closest_player: SUCCESS, 116
get_all_players_count: SUCCESS, 8
get_team_points: SUCCESS, 9368
play_match: FAILURE
get_team_points: SUCCESS, 11752
remove_player: SUCCESS
get_closest_player: SUCCESS, 45
get_all_players_count: SUCCESS, 8
remove_player: SUCCESS
remove_team: FAILURE
get_num_played_games: SUCCESS, 7911
unite_teams: FAILURE
remove_player: SUCCESS
get_team_points: SUCCESS, 7672
remove_player: SUCCESS
get_closest_player: SUCCESS, 170
get_num_played_games: SUCCESS, 11300
get_team_points: SUCCESS, 821
get_all_players: SUCCESS
105
135
142
106
46
154
146
165
remove_team: FAILURE
update_player_stats: SUCCESS
remove_team: FAILURE
get_closest_player: SUCCESS, 88
remove_player: SUCCESS
update_player_stats: SUCCESS
get_num_played_games: SUCCESS, 6620
play_match: FAILURE
remove_player: SUCCESS
knockout_winner: SUCCESS, 10
knockout_winner: SUCCESS, 10
knockout_winner: SUCCESS, 10
unite_teams: FAILURE
add_player: FAILURE
get_team_points: SUCCESS, 2370
add_player: FAILURE
get_all_players: SUCCESS
59
100
139
38
169
186
99
61
97
16
68
185
update_player_stats: SUCCESS
remove_player: SUCCESS
remove_player: SUCCESS
get_num_played_games: SUCCESS, 11300
get_num_played_games: SUCCESS, 2838
update_player_stats: SUCCESS
knockout_winner: SUCCESS, 10
get_closest_player: SUCCESS, 142
remove_player: SUCCESS
get_num_played_games: SUCCESS, 4713
get_all_players: SUCCESS
123
83
188
113
129
121
196
get_closest_player: SUCCESS, 70
knockout_winner: SUCCESS, 10
get_closest_player: SUCCESS, 125
add_team: FAILURE
get_all_players_count: SUCCESS, 8
get_top_scorer: SUCCESS, 144
get_closest_player: SUCCESS, 3
unite_teams: FAILURE
update_player_stats: SUCCESS
get_team_points: SUCCESS, 8616
get_team_points: SUCCESS, 11997
get_num_played_games: SUCCESS, 13411
update_player_stats: SUCCESS
update_player_stats: SUCCESS
get_team_points: SUCCESS, 3818
remove_team: FAILURE
get_all_players_count: SUCCESS, 11
remove_player: SUCCESS
unite_teams: SUCCESS
unite_teams: FAILURE
get_team_points: SUCCESS, 821
remove_team: FAILURE
remove_player: SUCCESS
add_player: FAILURE
get_top_scorer: SUCCESS, 80
get_team_points: SUCCESS, 5606
add_player: FAILURE
unite_teams: FAILURE
play_match: SUCCESS
get_team_points: SUCCESS, 12244
get_closest_player: SUCCESS, 75
get_top_scorer: SUCCESS, 185
unite_teams: FAILURE
update_player_stats: SUCCESS
add_team: FAILURE
update_player_stats: SUCCESS
play_match: FAILURE
play_match: FAILURE
add_player: FAILURE
knockout_winner: SUCCESS, 10
get_closest_player: SUCCESS, 192
knockout_winner: INVALID_INPUT
knockout_winner: INVALID_INPUT
remove_team: FAILURE
unite_teams: FAILURE
play_match: SUCCESS
get_team_points: SUCCESS, 2167
get_all_players: SUCCESS
177
107
17
116
24
182
191
120
12
126
144
unite_teams: FAILURE
get_all_players: SUCCESS
127
58
65
200
94
130
79
151
87
150
117
remove_player: SUCCESS
play_match: FAILURE
unite_teams: SUCCESS
get_num_played_games: SUCCESS, 11812
knockout_winner: SUCCESS, 10
knockout_winner: INVALID_INPUT
add_team: FAILURE
get_all_players: SUCCESS
177
107
17
116
24
182
191
120
12
126
144
get_all_players_count: SUCCESS, 14
add_team: FAILURE
unite_teams: FAILURE
get_num_played_games: SUCCESS, 7981
get_closest_player: SUCCESS, 63
add_player: FAILURE
unite_teams: FAILURE
get_closest_player: SUCCESS, 147
remove_player: SUCCESS
add_team: FAILURE
remove_player: SUCCESS
get_closest_player: SUCCESS, 110
get_top_scorer: SUCCESS, 80
remove_team: FAILURE
get_closest_player: SUCCESS, 142
get_team_points: SUCCESS, 5606
get_team_points: SUCCESS, 5983
add_team: FAILURE
remove_player: SUCCESS
update_player_stats: SUCCESS
knockout_winner: SUCCESS, 17
get_all_players: SUCCESS
177
107
17
116
24
182
191
120
12
126
144
remove_player: SUCCESS
get_all_players: SUCCESS
74
98
145
25
171
51
56
18
41
138
108
183
get_closest_player: SUCCESS, 192
add_player: FAILURE
get_all_players_count: SUCCESS, 8
remove_team: FAILURE
unite_teams: INVALID_INPUT
get_top_scorer: SUCCESS, 80
remove_player: SUCCESS
remove_player: SUCCESS
unite_teams: FAILURE
remove_player: SUCCESS
knockout_winner: SUCCESS, 17
knockout_winner: SUCCESS, 10
unite_teams: FAILURE
remove_team: FAILURE
get_all_players: SUCCESS
123
83
188
113
129
121
196
play_match: FAILURE
get_team_points: SUCCESS, 5983
get_closest_player: SUCCESS, 161
add_player: FAILURE
unite_teams: FAILURE
play_match: FAILURE
get_closest_player: SUCCESS, 17
add_team: FAILURE
remove_player: SUCCESS
get_all_players: SUCCESS
6
181
75
57
22
88
45
178
get_top_scorer: SUCCESS, 47
add_player: FAILURE
knockout_winner: SUCCESS, 10
get_num_played_games: SUCCESS, 7911
get_all_players: SUCCESS
70
21
52
40
192
118
157
update_player_stats: SUCCESS
get_closest_player: SUCCESS, 178
play_match: FAILURE
get_top_scorer: SUCCESS, 80
get_team_points: SUCCESS, 23749
add_team: FAILURE
play_match: FAILURE
add_team: FAILURE
add_player: FAILURE
remove_team: FAILURE
get_team_points: SUCCESS, 5983
get_closest_player: SUCCESS, 159
get_all_players: SUCCESS
59
100
139
38
169
186
99
61
97
16
68
185
get_closest_player: SUCCESS, 45
unite_teams: FAILURE
remove_player: SUCCESS
get_all_players_count: SUCCESS, 8
get_closest_player: SUCCESS, 152
add_player: FAILURE
get_closest_player: SUCCESS, 146
knockout_winner: SUCCESS, 17
play_match: FAILURE
knockout_winner: SUCCESS, 18
play_match: FAILURE
remove_player: SUCCESS
unite_teams: FAILURE
remove_player: SUCCESS
remove_player: SUCCESS
get_top_scorer: SUCCESS, 48
get_team_points: SUCCESS, 7672
remove_team: FAILURE
add_team: FAILURE
get_all_players_count: SUCCESS, 12
add_player: FAILURE
update_player_stats: SUCCESS
get_closest_player: SUCCESS, 105
get_team_points: SUCCESS, 5983
get_team_points: SUCCESS, 6044
remove_team: FAILURE
get_num_played_games: SUCCESS, 6145
play_match: SUCCESS
knockout_winner: SUCCESS, 10
get_closest_player: SUCCESS, 146
add_team: FAILURE
get_top_scorer: SUCCESS, 80
remove_player: SUCCESS
get_all_players_count: SUCCESS, 15
get_closest_player: SUCCESS, 139
remove_player: SUCCESS
play_match: FAILURE
get_all_players: SUCCESS
127
58
65
200
128
111
130
10
79
151
44
131
150
96
117
remove_team: FAILURE
unite_teams: FAILURE
knockout_winner: INVALID_INPUT
get_num_played_games: SUCCESS, 9829
get_team_points: SUCCESS, 5138
add_team: FAILURE
get_all_players: SUCCESS
127
58
65
200
128
111
130
10
79
151
44
131
150
96
117
update_player_stats: SUCCESS
get_team_points: SUCCESS, 5659
unite_teams: FAILURE
get_all_players: SUCCESS
127
58
65
200
128
111
130
10
79
151
44
131
150
96
117
knockout_winner: INVALID_INPUT
remove_team: FAILURE
get_team_points: SUCCESS, 23749
get_num_played_games: SUCCESS, 12005
get_top_scorer: SUCCESS, 117
knockout_winner: SUCCESS, 10
update_player_stats: SUCCESS
add_player: FAILURE
get_team_points: SUCCESS, 12286
knockout_winner: SUCCESS, 10
knockout_winner: INVALID_INPUT
get_all_players_count: SUCCESS, 8
get_top_scorer: SUCCESS, 48
unite_teams: FAILURE
knockout_winner: SUCCESS, 16
get_top_scorer: SUCCESS, 174
remove_player: SUCCESS
get_all_players_count: SUCCESS, 8
get_top_scorer: SUCCESS, 37
get_team_points: SUCCESS, 5659
add_team: FAILURE
knockout_winner: SUCCESS, 16
get_all_players: SUCCESS
62
105
140
135
142
106
64
46
32
154
146
54
165
26
get_all_players_count: SUCCESS, 17
remove_team: FAILURE
add_player: FAILURE
get_all_players: SUCCESS
127
58
65
200
128
111
130
10
79
151
44
131
150
96
117
play_match: FAILURE
get_top_scorer: SUCCESS, 175
update_player_stats: SUCCESS
add_team: FAILURE
update_player_stats: SUCCESS
get_num_played_games: SUCCESS, 8022
get_all_players: SUCCESS
74
98
145
25
171
51
56
18
41
108
183
get_team_points: SUCCESS, 23749
update_player_stats: SUCCESS
remove_player: SUCCESS
get_all_players_count: SUCCESS, 6
play_match: FAILURE
add_team: FAILURE
remove_player: SUCCESS
get_closest_player: SUCCESS, 178
get_all_players_count: SUCCESS, 13
remove_team: FAILURE
get_all_players_count: SUCCESS, 6
add_team: FAILURE
get_team_points: SUCCESS, 5606
update_player_stats: SUCCESS
add_player: FAILURE
get_top_scorer: SUCCESS, 178
get_top_scorer: SUCCESS, 80
update_player_stats: SUCCESS
add_team: FAILURE
add_team: FAILURE
get_top_scorer: SUCCESS, 80
get_all_players_count: SUCCESS, 4
unite_teams: FAILURE
add_team: FAILURE
get_all_players_count: SUCCESS, 4
get_top_scorer: SUCCESS, 48
get_closest_player: SUCCESS, 128
get_all_players_count: SUCCESS, 6
get_closest_player: SUCCESS, 58
update_player_stats: SUCCESS
get_num_played_games: SUCCESS, 366
add_team: FAILURE
get_num_played_games: SUCCESS, 12014
update_player_stats: SUCCESS
remove_team: FAILURE
get_closest_player: SUCCESS, 164
remove_player: SUCCESS
get_team_points: SUCCESS, 5983
play_match: FAILURE
knockout_winner: SUCCESS, 10
get_all_players: SUCCESS
6
181
75
57
22
88
45
178
remove_player: SUCCESS
add_team: FAILURE
get_top_scorer: SUCCESS, 20
remove_player: SUCCESS
get_all_players_count: SUCCESS, 8
remove_team: FAILURE
remove_team: FAILURE
get_all_players: SUCCESS
177
107
17
116
24
182
12
191
126
144
120
update_player_stats: SUCCESS
add_team: FAILURE
get_closest_player: SUCCESS, 151
update_player_stats: SUCCESS
play_match: FAILURE
knockout_winner: SUCCESS, 10
get_top_scorer: SUCCESS, 175
get_all_players_count: SUCCESS, 11
add_team: FAILURE
play_match: FAILURE
get_num_played_games: SUCCESS, 1187
get_closest_player: SUCCESS, 54
get_team_points: SUCCESS, 2370
get_all_players_count: SUCCESS, 6
get_num_played_games: SUCCESS, 4714
get_all_players_count: SUCCESS, 13
remove_player: SUCCESS
add_player: FAILURE
get_closest_player: SUCCESS, 194
knockout_winner: SUCCESS, 10
get_num_played_games: SUCCESS, 12066
remove_player: SUCCESS
add_team: FAILURE
add_team: FAILURE
get_team_points: SUCCESS, 2176
remove_team: FAILURE
play_match: FAILURE
get_closest_player: SUCCESS, 67
add_team: FAILURE
play_match: FAILURE
get_all_players_count: SUCCESS, 6
get_all_players: SUCCESS
177
107
17
116
24
182
12
191
126
144
120
get_num_played_games: SUCCESS, 10657
unite_teams: INVALID_INPUT
get_team_points: SUCCESS, 17688
play_match: FAILURE
get_team_points: SUCCESS, 5659
add_team: FAILURE
get_all_players_count: SUCCESS, 6
remove_player: SUCCESS
play_match: FAILURE
play_match: FAILURE
get_num_played_games: SUCCESS, 1700
unite_teams: FAILURE
add_player: FAILURE
update_player_stats: SUCCESS
get_team_points: SUCCESS, 5659
get_closest_player: SUCCESS, 116
remove_player: SUCCESS
update_player_stats: SUCCESS
add_player: FAILURE
get_top_scorer: SUCCESS, 157
get_all_players_count: SUCCESS, 4
unite_teams: FAILURE
play_match: SUCCESS
update_player_stats: SUCCESS
get_closest_player: SUCCESS, 10
get_all_players: SUCCESS
70
21
52
40
192
118
157
get_num_played_games: SUCCESS, 21111
play_match: FAILURE
knockout_winner: INVALID_INPUT
remove_player: SUCCESS
remove_team: FAILURE
remove_player: SUCCESS
add_player: FAILURE
remove_player: SUCCESS
add_player: FAILURE
get_team_points: SUCCESS, 5659
remove_player: SUCCESS
get_all_players: SUCCESS
123
83
188
113
129
121
196
add_team: FAILURE
update_player_stats: SUCCESS
get_all_players: SUCCESS
69
112
23
72
152
48
get_all_players: SUCCESS
84
148
33
164
149
159
167
71
77
89
30
27
73
13
add_team: FAILURE
add_player: FAILURE
add_team: FAILURE
knockout_winner: FAILURE
update_player_stats: SUCCESS
update_player_stats: SUCCESS
play_match: FAILURE
get_all_players: SUCCESS
74
98
145
25
171
51
56
18
41
108
183
unite_teams: FAILURE
play_match: SUCCESS
add_player: FAILURE
get_all_players_count: SUCCESS, 7
get_closest_player: SUCCESS, 149
get_team_points: SUCCESS, 3821
get_all_players: SUCCESS
59
100
139
169
99
61
186
97
16
68
185
unite_teams: SUCCESS
add_player: FAILURE
knockout_winner: FAILURE
update_player_stats: SUCCESS
get_top_scorer: SUCCESS, 45
update_player_stats: SUCCESS
get_closest_player: SUCCESS, 51
get_team_points: SUCCESS, 5659
remove_team: FAILURE
get_closest_player: SUCCESS, 159
get_all_players_count: SUCCESS, 12
get_top_scorer: SUCCESS, 92
get_closest_player: SUCCESS, 39
get_team_points: SUCCESS, 5659
play_match: FAILURE
play_match: FAILURE
play_match: FAILURE
get_all_players: SUCCESS
86
190
110
28
147
90
82
14
122
136
166
195
add_team: FAILURE
knockout_winner: SUCCESS, 17
get_all_players: SUCCESS
70
21
52
192
118
157
knockout_winner: SUCCESS, 9
get_all_players: SUCCESS
74
98
145
25
171
51
56
18
41
108
183
knockout_winner: SUCCESS, 10
get_top_scorer: SUCCESS, 185
get_team_points: SUCCESS, 3821
knockout_winner: INVALID_INPUT
add_team: FAILURE
get_num_played_games: SUCCESS, 10540
play_match: INVALID_INPUT
unite_teams: FAILURE
add_team: FAILURE
play_match: SUCCESS
get_team_points: SUCCESS, 25195
add_player: FAILURE
remove_team: FAILURE
unite_teams: FAILURE
update_player_stats: SUCCESS
remove_team: FAILURE
get_all_players_count: SUCCESS, 16
add_team: FAILURE
play_match: INVALID_INPUT
get_num_played_games: SUCCESS, 8052
add_player: FAILURE
get_top_scorer: SUCCESS, 92
get_all_players: SUCCESS
86
190
110
28
147
90
82
14
122
136
166
195
update_player_stats: SUCCESS
get_top_scorer: SUCCESS, 183
remove_team: FAILURE
get_num_played_games: SUCCESS, 7911
knockout_winner: SUCCESS, 17
remove_player: SUCCESS
get_all_players: SUCCESS
84
148
33
164
149
159
167
71
77
89
30
27
73
13
get_all_players_count: SUCCESS, 14
add_team: FAILURE
add_player: FAILURE
add_team: FAILURE
get_top_scorer: SUCCESS, 174
unite_teams: FAILURE
remove_player: SUCCESS
get_closest_player: SUCCESS, 77
add_team: FAILURE
get_team_points: SUCCESS, 12316
unite_teams: SUCCESS
get_closest_player: SUCCESS, 135
get_top_scorer: SUCCESS, 37
get_all_players: SUCCESS
86
190
110
28
147
90
82
14
122
136
166
195
get_num_played_games: SUCCESS, 2447
play_match: SUCCESS
remove_team: FAILURE
get_num_played_games: SUCCESS, 1007
play_match: SUCCESS
play_match: SUCCESS
add_team: FAILURE
update_player_stats: SUCCESS
play_match: FAILURE
unite_teams: FAILURE
get_team_points: SUCCESS, 11265
get_top_scorer: SUCCESS, 26
get_num_played_games: SUCCESS, 11030
get_all_players_count: SUCCESS, 11
update_player_stats: SUCCESS
get_team_points: SUCCESS, 17706
remove_team: FAILURE
add_team: FAILURE
get_closest_player: SUCCESS, 75
get_num_played_games: SUCCESS, 21111
unite_teams: SUCCESS
get_team_points: SUCCESS, 11481
get_all_players_count: SUCCESS, 12
unite_teams: FAILURE
play_match: FAILURE
remove_team: FAILURE
remove_team: FAILURE
get_num_played_games: SUCCESS, 11728
knockout_winner: SUCCESS, 10
add_team: FAILURE
unite_teams: FAILURE
remove_player: SUCCESS
unite_teams: FAILURE
unite_teams: SUCCESS
get_all_players_count: SUCCESS, 12
play_match: FAILURE
get_top_scorer: SUCCESS, 151
remove_player: SUCCESS
remove_team: FAILURE
update_player_stats: SUCCESS
update_player_stats: SUCCESS
update_player_stats: SUCCESS
get_team_points: SUCCESS, 9368
add_team: FAILURE
update_player_stats: SUCCESS
unite_teams: FAILURE
add_player: FAILURE
get_top_scorer: SUCCESS, 48
knockout_winner: INVALID_INPUT
get_all_players: SUCCESS
69
112
23
72
152
48
play_match: FAILURE
get_all_players_count: SUCCESS, 7
get_all_players: SUCCESS
177
200
128
107
111
17
130
116
24
58
12
44
191
126
182
144
10
131
150
117
120
79
151
get_closest_player: SUCCESS, 134
get_all_players: SUCCESS
59
74
100
139
70
98
21
52
169
145
25
192
99
171
61
118
51
186
56
18
41
16
108
183
68
157
185
get_all_players_count: SUCCESS, 12
add_team: FAILURE
update_player_stats: SUCCESS
update_player_stats: SUCCESS
get_all_players: SUCCESS
86
190
28
147
90
110
82
14
122
136
166
195
play_match: FAILURE
play_match: FAILURE
remove_team: FAILURE
get_team_points: SUCCESS, 11481
play_match: SUCCESS
get_closest_player: SUCCESS, 62
get_all_players_count: SUCCESS, 23
add_player: FAILURE
get_closest_player: SUCCESS, 123
get_team_points: SUCCESS, 2370
get_all_players: SUCCESS
177
128
107
111
17
130
116
24
200
58
12
44
191
126
182
144
10
131
150
117
120
79
151
update_player_stats: SUCCESS
play_match: FAILURE
play_match: FAILURE
get_top_scorer: SUCCESS, 34
knockout_winner: INVALID_INPUT
get_all_players: SUCCESS
59
74
100
139
98
21
52
169
145
25
192
70
99
171
61
118
51
56
18
41
16
108
183
186
68
157
185
add_player: FAILURE
knockout_winner: INVALID_INPUT
add_team: FAILURE
remove_player: SUCCESS
get_closest_player: SUCCESS, 195
add_team: FAILURE
add_team: FAILURE
get_all_players: SUCCESS
55
101
155
95
47
115
get_all_players: SUCCESS
1
143
39
174
get_top_scorer: SUCCESS, 48
remove_player: SUCCESS
get_top_scorer: SUCCESS, 45
remove_player: SUCCESS
add_team: FAILURE
add_player: FAILURE
get_closest_player: SUCCESS, 164
update_player_stats: SUCCESS
remove_player: SUCCESS
unite_teams: FAILURE
remove_player: SUCCESS
unite_teams: FAILURE
get_closest_player: SUCCESS, 112
remove_team: FAILURE
get_all_players: SUCCESS
62
140
135
142
46
154
146
54
64
106
26
remove_team: FAILURE
get_closest_player: SUCCESS, 3
get_all_players_count: SUCCESS, 12
remove_player: SUCCESS
get_closest_player: SUCCESS, 48
get_num_played_games: SUCCESS, 1355
knockout_winner: INVALID_INPUT
add_player: FAILURE
knockout_winner: FAILURE
add_team: FAILURE
remove_player: SUCCESS
unite_teams: INVALID_INPUT
add_team: FAILURE
play_match: FAILURE
get_all_players_count: SUCCESS, 15
get_closest_player: SUCCESS, 171
get_num_played_games: SUCCESS, 1355
get_team_points: SUCCESS, 5138
get_team_points: SUCCESS, 6044
play_match: FAILURE
update_player_stats: SUCCESS
knockout_winner: SUCCESS, 10
get_all_players: SUCCESS
59
74
100
139
98
21
52
169
145
25
192
70
99
171
61
118
51
56
18
16
108
183
186
157
185
get_top_scorer: SUCCESS, 34
update_player_stats: SUCCESS
get_team_points: SUCCESS, 5138
update_player_stats: SUCCESS
play_match: FAILURE
remove_team: FAILURE
remove_team: FAILURE
add_player: FAILURE
update_player_stats: SUCCESS
get_closest_player: SUCCESS, 180
add_player: FAILURE
remove_player: SUCCESS
update_player_stats: SUCCESS
get_num_played_games: SUCCESS, 8667
remove_player: SUCCESS
get_top_scorer: SUCCESS, 115
get_top_scorer: SUCCESS, 174
get_all_players_count: SUCCESS, 6
get_all_players: SUCCESS
176
125
31
198
43
42
2
173
184
67
78
80
53
92
15
get_num_played_games: SUCCESS, 9193
remove_player: SUCCESS
remove_player: SUCCESS
get_top_scorer: SUCCESS, 185
add_player: FAILURE
knockout_winner: SUCCESS, 18
remove_player: SUCCESS
remove_player: SUCCESS
get_team_points: SUCCESS, 25201
remove_player: SUCCESS
get_closest_player: SUCCESS, 26
unite_teams: FAILURE
get_top_scorer: SUCCESS, 28
unite_teams: SUCCESS
remove_player: SUCCESS
get_all_players: SUCCESS
55
101
155
95
47
115
get_all_players_count: SUCCESS, 4
remove_team: FAILURE
get_num_played_games: SUCCESS, 6462
update_player_stats: SUCCESS
add_player: FAILURE
play_match: FAILURE
remove_player: SUCCESS
add_player: FAILURE
unite_teams: FAILURE
get_closest_player: SUCCESS, 72
remove_team: FAILURE
play_match: FAILURE
get_closest_player: SUCCESS, 37
remove_player: SUCCESS
get_top_scorer: SUCCESS, 151
get_all_players: SUCCESS
55
101
155
95
47
115
remove_team: FAILURE
get_team_points: SUCCESS, 821
get_num_played_games: SUCCESS, 7702
get_all_players_count: SUCCESS, 6
update_player_stats: SUCCESS
get_top_scorer: SUCCESS, 37
play_match: FAILURE
get_all_players: SUCCESS
55
101
155
95
47
115
get_top_scorer: SUCCESS, 22
get_all_players: SUCCESS
177
107
111
17
130
116
24
58
12
191
144
10
131
150
120
151
unite_teams: FAILURE
add_player: FAILURE
get_team_points: SUCCESS, 11481
add_team: FAILURE
remove_team: FAILURE
get_all_players: SUCCESS
3
109
180
134
133
194
37
get_closest_player: SUCCESS, 59
remove_player: SUCCESS
play_match: FAILURE
remove_team: FAILURE
get_closest_player: SUCCESS, 159
get_num_played_games: SUCCESS, 9681
add_player: FAILURE
add_player: FAILURE
knockout_winner: SUCCESS, 18
get_closest_player: SUCCESS, 30
unite_teams: SUCCESS
remove_player: SUCCESS
get_closest_player: SUCCESS, 196
play_match: FAILURE
get_top_scorer: SUCCESS, 22
update_player_stats: SUCCESS
get_closest_player: SUCCESS, 164
unite_teams: FAILURE
add_player: FAILURE
knockout_winner: SUCCESS, 13
get_closest_player: SUCCESS, 75
remove_player: SUCCESS
update_player_stats: SUCCESS
add_player: FAILURE
get_top_scorer: SUCCESS, 22
remove_team: FAILURE
update_player_stats: SUCCESS
add_player: FAILURE
unite_teams: FAILURE
remove_player: SUCCESS
get_num_played_games: SUCCESS, 7700
get_top_scorer: SUCCESS, 15
unite_teams: FAILURE
remove_team: FAILURE
add_player: FAILURE
knockout_winner: SUCCESS, 11
get_team_points: SUCCESS, 821
update_player_stats: SUCCESS
remove_player: SUCCESS
get_all_players_count: SUCCESS, 15
add_player: FAILURE
play_match: FAILURE
remove_player: SUCCESS
get_top_scorer: SUCCESS, 115
get_closest_player: SUCCESS, 133
unite_teams: FAILURE
get_all_players_count: SUCCESS, 15
add_player: FAILURE
get_top_scorer: SUCCESS, 143
unite_teams: FAILURE
update_player_stats: SUCCESS
unite_teams: FAILURE
remove_player: SUCCESS
get_team_points: SUCCESS, 25204
add_player: FAILURE
play_match: FAILURE
knockout_winner: SUCCESS, 13
get_team_points: SUCCESS, 42812
get_top_scorer: SUCCESS, 22
unite_teams: FAILURE
get_team_points: SUCCESS, 821
knockout_winner: SUCCESS, 11
add_team: FAILURE
get_all_players_count: SUCCESS, 5
get_top_scorer: SUCCESS, 121
get_all_players_count: SUCCESS, 7
unite_teams: SUCCESS
remove_player: SUCCESS
knockout_winner: SUCCESS, 18
remove_player: SUCCESS
get_team_points: SUCCESS, 45182
play_match: SUCCESS
remove_player: SUCCESS
get_all_players_count: SUCCESS, 7
get_num_played_games: SUCCESS, 8920
get_team_points: SUCCESS, 6044
get_top_scorer: SUCCESS, 28
play_match: FAILURE
get_top_scorer: SUCCESS, 151
get_closest_player: SUCCESS, 23
add_player: FAILURE
get_all_players: SUCCESS
6
59
181
100
139
9
75
98
170
52
169
164
69
25
23
149
72
70
99
171
61
159
118
167
71
74
51
56
77
18
89
112
16
27
88
108
183
63
81
21
157
48
30
22
13
34
update_player_stats: SUCCESS
get_closest_player: SUCCESS, 23
get_num_played_games: SUCCESS, 10541
update_player_stats: SUCCESS
update_player_stats: SUCCESS
add_player: FAILURE
play_match: FAILURE
get_all_players_count: SUCCESS, 14
get_top_scorer: SUCCESS, 78
remove_team: FAILURE
get_closest_player: SUCCESS, 67
knockout_winner: INVALID_INPUT
update_player_stats: SUCCESS
get_team_points: SUCCESS, 3839
get_all_players_count: SUCCESS, 15
get_all_players: SUCCESS
86
190
147
90
110
82
14
136
166
195
28
knockout_winner: INVALID_INPUT
remove_team: FAILURE
play_match: FAILURE
get_all_players: SUCCESS
62
140
135
142
46
146
64
106
26
get_all_players: SUCCESS
62
140
135
142
46
146
64
106
26
get_team_points: SUCCESS, 17706
get_num_played_games: SUCCESS, 9784
get_num_played_games: SUCCESS, 478
get_closest_player: SUCCESS, 86
update_player_stats: SUCCESS
get_num_played_games: SUCCESS, 9466
update_player_stats: SUCCESS
remove_player: SUCCESS
get_all_players_count: SUCCESS, 11
get_all_players_count: SUCCESS, 9
get_num_played_games: SUCCESS, 13675
get_top_scorer: SUCCESS, 78
unite_teams: FAILURE
play_match: FAILURE
play_match: FAILURE
unite_teams: FAILURE
remove_team: FAILURE
get_num_played_games: SUCCESS, 18763
knockout_winner: INVALID_INPUT
get_team_points: SUCCESS, 17706
add_player: FAILURE
get_all_players: SUCCESS
62
140
135
142
46
146
64
106
26
get_num_played_games: SUCCESS, 15677
get_num_played_games: SUCCESS, 891
get_num_played_games: SUCCESS, 12882
knockout_winner: SUCCESS, 12
get_num_played_games: SUCCESS, 3437
get_top_scorer: SUCCESS, 26
get_team_points: SUCCESS, 5138
get_num_played_games: SUCCESS, 15826
get_closest_player: SUCCESS, 116
update_player_stats: SUCCESS
get_all_players_count: SUCCESS, 5
get_all_players: SUCCESS
123
83
188
113
129
196
121
get_closest_player: SUCCESS, 39
update_player_stats: SUCCESS
add_player: FAILURE
knockout_winner: SUCCESS, 18
add_player: FAILURE
remove_team: FAILURE
get_all_players_count: SUCCESS, 7
add_team: FAILURE
get_all_players: SUCCESS
6
59
181
100
139
9
75
98
52
169
164
69
170
25
23
149
72
70
99
171
61
159
118
167
74
51
56
77
18
89
112
16
27
88
108
183
63
81
21
157
48
30
22
71
13
34
add_team: FAILURE
add_player: FAILURE
get_closest_player: SUCCESS, 22
update_player_stats: SUCCESS
add_player: FAILURE
get_all_players: SUCCESS
109
180
3
134
133
194
37
get_top_scorer: SUCCESS, 47
get_closest_player: SUCCESS, 171
get_top_scorer: SUCCESS, 26
get_top_scorer: SUCCESS, 121
knockout_winner: SUCCESS, 18
get_num_played_games: SUCCESS, 9554
add_team: FAILURE
play_match: SUCCESS
add_team: FAILURE
get_all_players: SUCCESS
55
101
155
95
47
get_team_points: SUCCESS, 3842
get_closest_player: SUCCESS, 71
get_closest_player: SUCCESS, 78
get_all_players: SUCCESS
177
107
111
17
130
116
24
58
191
144
10
120
12
151
131
get_all_players_count: SUCCESS, 46
add_player: FAILURE
knockout_winner: SUCCESS, 12
add_team: FAILURE
remove_player: SUCCESS
remove_player: SUCCESS
remove_player: SUCCESS
remove_player: SUCCESS
remove_player: SUCCESS
remove_player: SUCCESS
remove_player: SUCCESS
remove_player: SUCCESS
remove_player: SUCCESS
remove_player: SUCCESS
remove_player: SUCCESS
remove_player: SUCCESS
remove_player: SUCCESS
remove_player: SUCCESS
remove_player: SUCCESS
remove_player: SUCCESS
remove_player: SUCCESS
remove_player: SUCCESS
remove_player: SUCCESS
remove_player: SUCCESS
remove_player: SUCCESS
remove_player: SUCCESS
remove_player: SUCCESS
remove_player: SUCCESS
remove_player: SUCCESS
remove_player: SUCCESS
remove_player: SUCCESS
remove_player: SUCCESS
remove_player: SUCCESS
remove_player: SUCCESS
remove_player: SUCCESS
remove_player: SUCCESS
remove_player: SUCCESS
remove_player: SUCCESS
remove_player: SUCCESS
remove_player: SUCCESS
remove_player: SUCCESS
remove_player: SUCCESS
remove_player: SUCCESS
remove_player: SUCCESS
remove_player: SUCCESS
remove_player: SUCCESS
remove_player: SUCCESS
remove_player: SUCCESS
remove_player: SUCCESS
remove_player: SUCCESS
remove_player: SUCCESS
remove_player: SUCCESS
remove_player: SUCCESS
remove_player: SUCCESS
remove_player: SUCCESS
remove_player: SUCCESS
remove_player: SUCCESS
remove_player: SUCCESS
remove_player: SUCCESS
remove_player: SUCCESS
remove_player: SUCCESS
remove_player: SUCCESS
remove_player: SUCCESS
remove_player: SUCCESS
remove_player: SUCCESS
remove_player: SUCCESS
remove_player: SUCCESS
remove_player: SUCCESS
remove_player: SUCCESS
remove_player: SUCCESS
remove_player: SUCCESS
remove_player: SUCCESS
remove_player: SUCCESS
remove_player: SUCCESS
remove_player: SUCCESS
remove_player: SUCCESS
remove_player: SUCCESS
remove_player: SUCCESS
remove_player: SUCCESS
remove_player: SUCCESS
remove_player: SUCCESS
remove_player: SUCCESS
remove_player: SUCCESS
remove_player: SUCCESS
remove_player: SUCCESS
remove_player: SUCCESS
remove_player: SUCCESS
remove_player: SUCCESS
remove_player: SUCCESS
remove_player: SUCCESS
remove_player: SUCCESS
remove_player: SUCCESS
remove_player: SUCCESS
remove_player: SUCCESS
remove_player: SUCCESS
remove_player: SUCCESS
remove_player: SUCCESS
remove_player: SUCCESS
remove_player: SUCCESS
remove_player: SUCCESS
remove_player: SUCCESS
remove_player: SUCCESS
remove_player: SUCCESS
remove_player: SUCCESS
remove_player: SUCCESS
remove_player: SUCCESS
remove_player: SUCCESS
remove_player: SUCCESS
remove_player: SUCCESS
remove_player: SUCCESS
remove_player: SUCCESS
remove_player: SUCCESS
remove_player: SUCCESS
remove_player: SUCCESS
remove_player: SUCCESS
remove_player: SUCCESS
remove_player: SUCCESS
remove_player: SUCCESS
remove_player: SUCCESS
remove_player: SUCCESS
remove_player: SUCCESS
remove_team: SUCCESS
remove_team: SUCCESS
remove_team: SUCCESS
remove_team: SUCCESS
remove_team: SUCCESS
remove_team: SUCCESS
remove_team: SUCCESS
remove_team: SUCCESS
remove_team: SUCCESS
