add_team: SUCCESS
add_team: SUCCESS
add_team: SUCCESS
add_team: SUCCESS
add_team: SUCCESS
add_team: SUCCESS
add_team: SUCCESS
add_team: SUCCESS
add_team: SUCCESS
add_team: SUCCESS
add_team: SUCCESS
add_team: SUCCESS
add_team: SUCCESS
add_team: SUCCESS
add_team: SUCCESS
add_team: SUCCESS
add_team: SUCCESS
add_team: SUCCESS
add_team: SUCCESS
add_team: SUCCESS
add_player: SUCCESS
add_player: SUCCESS
add_player: SUCCESS
add_player: SUCCESS
add_player: SUCCESS
add_player: SUCCESS
add_player: SUCCESS
add_player: SUCCESS
add_player: SUCCESS
add_player: SUCCESS
add_player: SUCCESS
add_player: SUCCESS
add_player: SUCCESS
add_player: SUCCESS
add_player: SUCCESS
add_player: SUCCESS
add_player: SUCCESS
add_player: SUCCESS
add_player: SUCCESS
add_player: SUCCESS
add_player: SUCCESS
add_player: SUCCESS
add_player: SUCCESS
add_player: SUCCESS
add_player: SUCCESS
add_player: SUCCESS
add_player: SUCCESS
add_player: SUCCESS
add_player: SUCCESS
add_player: SUCCESS
add_player: SUCCESS
add_player: SUCCESS
add_player: SUCCESS
add_player: SUCCESS
add_player: SUCCESS
add_player: SUCCESS
add_player: SUCCESS
add_player: SUCCESS
add_player: SUCCESS
add_player: SUCCESS
add_player: SUCCESS
add_player: SUCCESS
add_player: SUCCESS
add_player: SUCCESS
add_player: SUCCESS
add_player: SUCCESS
add_player: SUCCESS
add_player: SUCCESS
add_player: SUCCESS
add_player: SUCCESS
add_player: SUCCESS
add_player: SUCCESS
add_player: SUCCESS
add_player: SUCCESS
add_player: SUCCESS
add_player: SUCCESS
add_player: SUCCESS
add_player: SUCCESS
add_player: SUCCESS
add_player: SUCCESS
add_player: SUCCESS
add_player: SUCCESS
add_player: SUCCESS
add_player: SUCCESS
add_player: SUCCESS
add_player: SUCCESS
add_player: SUCCESS
add_player: SUCCESS
add_player: SUCCESS
add_player: SUCCESS
add_player: SUCCESS
add_player: SUCCESS
add_player: SUCCESS
add_player: SUCCESS
add_player: SUCCESS
add_player: SUCCESS
add_player: SUCCESS
add_player: SUCCESS
add_player: SUCCESS
add_player: SUCCESS
add_player: SUCCESS
add_player: SUCCESS
add_player: SUCCESS
add_player: SUCCESS
add_player: SUCCESS
add_player: SUCCESS
add_player: SUCCESS
add_player: SUCCESS
add_player: SUCCESS
add_player: SUCCESS
add_player: SUCCESS
add_player: SUCCESS
add_player: SUCCESS
add_player: SUCCESS
add_player: SUCCESS
add_player: SUCCESS
add_player: SUCCESS
add_player: SUCCESS
add_player: SUCCESS
add_player: SUCCESS
add_player: SUCCESS
add_player: SUCCESS
add_player: SUCCESS
add_player: SUCCESS
add_player: SUCCESS
add_player: SUCCESS
add_player: SUCCESS
add_player: SUCCESS
add_player: SUCCESS
add_player: SUCCESS
add_player: SUCCESS
add_player: SUCCESS
add_player: SUCCESS
add_player: SUCCESS
add_player: SUCCESS
add_player: SUCCESS
add_player: SUCCESS
add_player: SUCCESS
add_player: SUCCESS
add_player: SUCCESS
add_player: SUCCESS
add_player: SUCCESS
add_player: SUCCESS
add_player: SUCCESS
add_player: SUCCESS
add_player: SUCCESS
add_player: SUCCESS
add_player: SUCCESS
add_player: SUCCESS
add_player: SUCCESS
add_player: SUCCESS
add_player: SUCCESS
add_player: SUCCESS
add_player: SUCCESS
add_player: SUCCESS
add_player: SUCCESS
add_player: SUCCESS
add_player: SUCCESS
add_player: SUCCESS
add_player: SUCCESS
add_player: SUCCESS
add_player: SUCCESS
add_player: SUCCESS
add_player: SUCCESS
add_player: SUCCESS
add_player: SUCCESS
add_player: SUCCESS
add_player: SUCCESS
add_player: SUCCESS
add_player: SUCCESS
add_player: SUCCESS
add_player: SUCCESS
add_player: SUCCESS
add_player: SUCCESS
add_player: SUCCESS
add_player: SUCCESS
add_player: SUCCESS
add_player: SUCCESS
add_player: SUCCESS
add_player: SUCCESS
add_player: SUCCESS
add_player: SUCCESS
add_player: SUCCESS
add_player: SUCCESS
add_player: SUCCESS
add_player: SUCCESS
add_player: SUCCESS
add_player: SUCCESS
add_player: SUCCESS
add_player: SUCCESS
add_player: SUCCESS
add_player: SUCCESS
add_player: SUCCESS
add_player: SUCCESS
add_player: SUCCESS
add_player: SUCCESS
add_player: SUCCESS
add_player: SUCCESS
add_player: SUCCESS
add_player: SUCCESS
add_player: SUCCESS
add_player: SUCCESS
add_player: SUCCESS
add_player: SUCCESS
add_player: SUCCESS
add_player: SUCCESS
add_player: SUCCESS
add_player: SUCCESS
add_player: SUCCESS
add_player: SUCCESS
add_player: SUCCESS
add_player: SUCCESS
add_player: SUCCESS
add_player: SUCCESS
add_player: SUCCESS
add_player: SUCCESS
add_player: SUCCESS
add_player: SUCCESS
add_player: SUCCESS
add_player: SUCCESS
play_match: FAILURE
get_all_players: SUCCESS
125
135
48
88
175
63
51
remove_team: FAILURE
unite_teams: FAILURE
remove_team: FAILURE
get_num_played_games: SUCCESS, 5865
unite_teams: FAILURE
add_team: FAILURE
add_team: FAILURE
unite_teams: FAILURE
unite_teams: FAILURE
play_match: SUCCESS
unite_teams: FAILURE
get_num_played_games: SUCCESS, 4432
get_num_played_games: SUCCESS, 3825
get_num_played_games: SUCCESS, 1295
get_all_players_count: SUCCESS, 14
get_all_players: SUCCESS
129
180
176
163
109
151
96
get_all_players: SUCCESS
38
105
73
79
67
136
74
56
178
30
45
get_all_players: SUCCESS
19
54
50
31
53
8
106
155
41
199
154
108
7
173
get_all_players_count: SUCCESS, 5
update_player_stats: SUCCESS
remove_team: FAILURE
remove_team: FAILURE
get_num_played_games: SUCCESS, 1117
remove_team: FAILURE
get_all_players: SUCCESS
19
54
50
31
53
8
106
155
41
199
154
108
7
173
add_player: FAILURE
remove_player: SUCCESS
get_top_scorer: SUCCESS, 119
remove_player: SUCCESS
play_match: FAILURE
get_team_points: SUCCESS, 7225
remove_team: FAILURE
get_all_players: SUCCESS
3
52
170
103
158
25
22
82
141
189
27
132
unite_teams: FAILURE
get_all_players: SUCCESS
11
130
12
97
15
36
177
195
55
get_closest_player: SUCCESS, 50
remove_player: SUCCESS
unite_teams: FAILURE
get_all_players_count: SUCCESS, 15
update_player_stats: SUCCESS
unite_teams: FAILURE
get_top_scorer: SUCCESS, 91
update_player_stats: SUCCESS
remove_player: SUCCESS
add_team: FAILURE
knockout_winner: SUCCESS, 15
knockout_winner: SUCCESS, 15
knockout_winner: SUCCESS, 14
knockout_winner: SUCCESS, 20
knockout_winner: INVALID_INPUT
remove_player: SUCCESS
play_match: FAILURE
get_num_played_games: SUCCESS, 3217
add_team: FAILURE
add_team: FAILURE
knockout_winner: SUCCESS, 15
knockout_winner: SUCCESS, 15
knockout_winner: SUCCESS, 12
knockout_winner: SUCCESS, 15
knockout_winner: INVALID_INPUT
get_all_players_count: SUCCESS, 10
unite_teams: FAILURE
update_player_stats: SUCCESS
add_team: FAILURE
remove_team: FAILURE
get_all_players_count: SUCCESS, 10
unite_teams: FAILURE
play_match: SUCCESS
get_all_players_count: SUCCESS, 7
get_all_players_count: SUCCESS, 14
knockout_winner: SUCCESS, 15
knockout_winner: SUCCESS, 15
knockout_winner: SUCCESS, 10
knockout_winner: SUCCESS, 15
knockout_winner: INVALID_INPUT
add_team: FAILURE
get_num_played_games: SUCCESS, 7913
play_match: FAILURE
remove_player: SUCCESS
remove_team: FAILURE
knockout_winner: SUCCESS, 4
knockout_winner: INVALID_INPUT
knockout_winner: INVALID_INPUT
knockout_winner: SUCCESS, 10
knockout_winner: INVALID_INPUT
get_top_scorer: SUCCESS, 96
remove_player: SUCCESS
get_team_points: SUCCESS, 2331
add_player: FAILURE
unite_teams: FAILURE
get_num_played_games: SUCCESS, 10762
unite_teams: FAILURE
remove_team: FAILURE
get_top_scorer: SUCCESS, 101
add_player: FAILURE
remove_player: SUCCESS
get_all_players: SUCCESS
129
180
176
163
109
151
96
get_num_played_games: SUCCESS, 1117
get_closest_player: SUCCESS, 51
remove_team: FAILURE
add_team: FAILURE
remove_team: FAILURE
get_num_played_games: SUCCESS, 845
get_num_played_games: SUCCESS, 2776
update_player_stats: SUCCESS
get_all_players_count: SUCCESS, 9
knockout_winner: SUCCESS, 20
knockout_winner: SUCCESS, 15
knockout_winner: SUCCESS, 15
knockout_winner: FAILURE
knockout_winner: INVALID_INPUT
get_all_players: SUCCESS
191
21
81
147
92
159
86
185
101
remove_player: SUCCESS
knockout_winner: FAILURE
knockout_winner: SUCCESS, 10
knockout_winner: FAILURE
knockout_winner: FAILURE
knockout_winner: INVALID_INPUT
remove_team: FAILURE
play_match: FAILURE
get_num_played_games: SUCCESS, 5188
get_all_players: SUCCESS
164
179
182
157
198
43
149
200
166
165
128
160
139
75
110
knockout_winner: SUCCESS, 5
knockout_winner: SUCCESS, 10
knockout_winner: FAILURE
knockout_winner: SUCCESS, 10
knockout_winner: INVALID_INPUT
get_team_points: SUCCESS, 8378
play_match: FAILURE
remove_player: SUCCESS
update_player_stats: SUCCESS
remove_team: FAILURE
remove_team: FAILURE
get_closest_player: SUCCESS, 98
add_team: FAILURE
knockout_winner: SUCCESS, 15
knockout_winner: SUCCESS, 15
knockout_winner: SUCCESS, 14
knockout_winner: SUCCESS, 20
knockout_winner: INVALID_INPUT
remove_player: SUCCESS
add_team: FAILURE
get_all_players_count: SUCCESS, 8
get_all_players: SUCCESS
66
152
76
4
145
115
71
181
get_closest_player: SUCCESS, 156
get_all_players_count: SUCCESS, 7
add_team: FAILURE
add_player: FAILURE
get_all_players: SUCCESS
118
143
169
16
57
remove_player: SUCCESS
add_player: FAILURE
get_all_players_count: SUCCESS, 9
get_top_scorer: SUCCESS, 173
add_team: FAILURE
play_match: SUCCESS
get_num_played_games: SUCCESS, 7881
unite_teams: FAILURE
play_match: FAILURE
get_closest_player: SUCCESS, 147
update_player_stats: SUCCESS
get_all_players_count: SUCCESS, 11
add_team: FAILURE
get_num_played_games: SUCCESS, 1485
get_closest_player: SUCCESS, 7
unite_teams: FAILURE
add_player: FAILURE
get_top_scorer: SUCCESS, 96
get_closest_player: SUCCESS, 193
play_match: FAILURE
knockout_winner: SUCCESS, 15
knockout_winner: SUCCESS, 15
knockout_winner: SUCCESS, 14
knockout_winner: SUCCESS, 17
knockout_winner: INVALID_INPUT
knockout_winner: SUCCESS, 20
knockout_winner: SUCCESS, 15
knockout_winner: SUCCESS, 15
knockout_winner: FAILURE
knockout_winner: INVALID_INPUT
get_team_points: SUCCESS, 4929
get_top_scorer: SUCCESS, 132
remove_player: SUCCESS
remove_team: FAILURE
get_num_played_games: SUCCESS, 9235
get_all_players: SUCCESS
66
152
76
4
145
115
71
181
get_num_played_games: SUCCESS, 17828
add_player: FAILURE
get_all_players: SUCCESS
186
72
102
34
33
13
65
187
78
93
91
unite_teams: SUCCESS
play_match: FAILURE
unite_teams: FAILURE
get_team_points: SUCCESS, 5421
unite_teams: FAILURE
remove_team: FAILURE
get_num_played_games: SUCCESS, 7754
play_match: FAILURE
get_all_players: SUCCESS
58
150
142
95
167
133
87
121
90
126
117
get_team_points: SUCCESS, 9342
get_top_scorer: SUCCESS, 30
play_match: FAILURE
get_all_players: SUCCESS
28
183
46
70
190
100
83
89
9
20
play_match: FAILURE
remove_player: SUCCESS
update_player_stats: SUCCESS
remove_player: SUCCESS
knockout_winner: SUCCESS, 15
knockout_winner: SUCCESS, 15
knockout_winner: SUCCESS, 10
knockout_winner: SUCCESS, 15
knockout_winner: INVALID_INPUT
get_closest_player: SUCCESS, 174
get_num_played_games: SUCCESS, 3386
get_all_players: SUCCESS
125
135
48
88
175
63
51
remove_player: SUCCESS
update_player_stats: SUCCESS
get_top_scorer: SUCCESS, 117
get_team_points: SUCCESS, 633
get_all_players: SUCCESS
111
156
127
6
62
138
35
153
80
26
119
play_match: FAILURE
knockout_winner: SUCCESS, 20
knockout_winner: SUCCESS, 15
knockout_winner: SUCCESS, 15
knockout_winner: FAILURE
knockout_winner: INVALID_INPUT
knockout_winner: SUCCESS, 5
knockout_winner: INVALID_INPUT
knockout_winner: INVALID_INPUT
knockout_winner: SUCCESS, 10
knockout_winner: INVALID_INPUT
update_player_stats: SUCCESS
get_closest_player: SUCCESS, 189
get_closest_player: SUCCESS, 173
remove_player: SUCCESS
unite_teams: FAILURE
get_all_players_count: SUCCESS, 13
get_top_scorer: SUCCESS, 51
get_top_scorer: SUCCESS, 122
add_player: FAILURE
remove_player: SUCCESS
play_match: FAILURE
get_num_played_games: SUCCESS, 4505
remove_team: FAILURE
get_closest_player: SUCCESS, 23
remove_player: SUCCESS
add_player: FAILURE
get_all_players_count: SUCCESS, 9
get_all_players_count: SUCCESS, 16
add_team: FAILURE
get_num_played_games: SUCCESS, 7183
get_top_scorer: SUCCESS, 110
get_all_players: SUCCESS
129
180
176
163
151
96
109
add_team: FAILURE
remove_team: FAILURE
get_all_players: SUCCESS
3
52
158
25
68
94
22
82
141
188
29
189
103
27
132
44
play_match: FAILURE
get_team_points: SUCCESS, 7077
unite_teams: FAILURE
get_team_points: SUCCESS, 11182
get_all_players_count: SUCCESS, 16
play_match: FAILURE
get_all_players: SUCCESS
38
105
73
79
67
136
74
56
178
45
30
play_match: FAILURE
get_top_scorer: SUCCESS, 122
update_player_stats: SUCCESS
knockout_winner: FAILURE
knockout_winner: INVALID_INPUT
knockout_winner: INVALID_INPUT
knockout_winner: FAILURE
knockout_winner: INVALID_INPUT
get_top_scorer: SUCCESS, 173
remove_team: FAILURE
get_top_scorer: SUCCESS, 110
get_all_players_count: SUCCESS, 16
knockout_winner: SUCCESS, 15
knockout_winner: SUCCESS, 15
knockout_winner: SUCCESS, 10
knockout_winner: SUCCESS, 17
knockout_winner: INVALID_INPUT
unite_teams: FAILURE
remove_player: SUCCESS
knockout_winner: FAILURE
knockout_winner: SUCCESS, 15
knockout_winner: SUCCESS, 14
knockout_winner: FAILURE
knockout_winner: INVALID_INPUT
add_team: FAILURE
remove_team: FAILURE
add_team: FAILURE
play_match: FAILURE
get_all_players_count: SUCCESS, 9
get_all_players_count: SUCCESS, 10
get_closest_player: SUCCESS, 141
knockout_winner: FAILURE
knockout_winner: SUCCESS, 10
knockout_winner: FAILURE
knockout_winner: FAILURE
knockout_winner: INVALID_INPUT
update_player_stats: SUCCESS
get_num_played_games: SUCCESS, 6409
get_top_scorer: SUCCESS, 44
add_player: FAILURE
update_player_stats: SUCCESS
play_match: FAILURE
add_player: FAILURE
play_match: FAILURE
get_closest_player: SUCCESS, 171
get_all_players: SUCCESS
17
61
84
40
23
60
47
remove_player: SUCCESS
add_team: FAILURE
get_top_scorer: SUCCESS, 110
remove_team: FAILURE
get_top_scorer: SUCCESS, 107
knockout_winner: SUCCESS, 15
knockout_winner: SUCCESS, 15
knockout_winner: SUCCESS, 14
knockout_winner: SUCCESS, 20
knockout_winner: INVALID_INPUT
get_num_played_games: SUCCESS, 12307
knockout_winner: SUCCESS, 15
knockout_winner: SUCCESS, 15
knockout_winner: SUCCESS, 14
knockout_winner: SUCCESS, 17
knockout_winner: INVALID_INPUT
remove_team: FAILURE
add_player: FAILURE
remove_player: SUCCESS
get_top_scorer: SUCCESS, 122
unite_teams: FAILURE
add_player: FAILURE
get_team_points: SUCCESS, 7077
knockout_winner: SUCCESS, 15
knockout_winner: INVALID_INPUT
knockout_winner: INVALID_INPUT
knockout_winner: SUCCESS, 17
knockout_winner: SUCCESS, 10
play_match: FAILURE
add_team: FAILURE
unite_teams: FAILURE
get_team_points: SUCCESS, 8378
get_num_played_games: SUCCESS, 11801
add_player: FAILURE
get_top_scorer: SUCCESS, 91
play_match: FAILURE
get_top_scorer: SUCCESS, 110
remove_team: FAILURE
get_all_players_count: SUCCESS, 10
remove_team: FAILURE
get_top_scorer: SUCCESS, 96
get_top_scorer: SUCCESS, 173
get_closest_player: SUCCESS, 87
get_all_players_count: SUCCESS, 9
knockout_winner: SUCCESS, 5
knockout_winner: INVALID_INPUT
knockout_winner: INVALID_INPUT
knockout_winner: SUCCESS, 10
knockout_winner: INVALID_INPUT
remove_player: SUCCESS
remove_player: SUCCESS
update_player_stats: SUCCESS
get_team_points: SUCCESS, 7225
play_match: FAILURE
get_closest_player: SUCCESS, 198
unite_teams: FAILURE
get_team_points: SUCCESS, 5421
update_player_stats: SUCCESS
get_team_points: SUCCESS, 4929
add_team: FAILURE
play_match: FAILURE
get_all_players: SUCCESS
164
179
182
157
198
43
149
200
166
165
128
160
139
75
110
get_top_scorer: SUCCESS, 122
get_all_players: SUCCESS
129
180
176
163
151
109
96
add_team: FAILURE
get_all_players: SUCCESS
191
21
81
147
92
159
86
185
101
remove_team: FAILURE
get_all_players_count: SUCCESS, 4
get_num_played_games: SUCCESS, 8858
get_all_players_count: SUCCESS, 10
get_closest_player: SUCCESS, 147
get_closest_player: SUCCESS, 105
get_num_played_games: SUCCESS, 4769
play_match: FAILURE
unite_teams: FAILURE
add_player: FAILURE
get_top_scorer: SUCCESS, 55
get_team_points: SUCCESS, 14560
get_num_played_games: SUCCESS, 10546
get_closest_player: SUCCESS, 166
unite_teams: FAILURE
add_player: FAILURE
knockout_winner: INVALID_INPUT
knockout_winner: SUCCESS, 15
knockout_winner: INVALID_INPUT
knockout_winner: INVALID_INPUT
knockout_winner: INVALID_INPUT
get_all_players: SUCCESS
66
152
76
4
145
115
71
181
knockout_winner: SUCCESS, 10
knockout_winner: INVALID_INPUT
knockout_winner: INVALID_INPUT
knockout_winner: SUCCESS, 15
knockout_winner: INVALID_INPUT
get_all_players: SUCCESS
164
179
182
157
198
43
149
200
166
165
128
160
139
75
110
get_all_players_count: SUCCESS, 8
add_team: FAILURE
play_match: INVALID_INPUT
update_player_stats: SUCCESS
get_closest_player: SUCCESS, 124
unite_teams: FAILURE
get_all_players_count: SUCCESS, 10
add_player: FAILURE
knockout_winner: SUCCESS, 17
knockout_winner: SUCCESS, 15
knockout_winner: FAILURE
knockout_winner: FAILURE
knockout_winner: INVALID_INPUT
update_player_stats: SUCCESS
add_player: FAILURE
update_player_stats: SUCCESS
unite_teams: FAILURE
add_team: FAILURE
get_team_points: SUCCESS, 1916
add_player: FAILURE
knockout_winner: SUCCESS, 15
knockout_winner: SUCCESS, 15
knockout_winner: SUCCESS, 15
knockout_winner: SUCCESS, 17
knockout_winner: SUCCESS, 15
get_team_points: SUCCESS, 4929
get_all_players: SUCCESS
61
84
40
23
17
60
47
remove_team: FAILURE
unite_teams: FAILURE
get_closest_player: SUCCESS, 152
get_closest_player: SUCCESS, 62
add_player: FAILURE
knockout_winner: SUCCESS, 10
knockout_winner: INVALID_INPUT
knockout_winner: INVALID_INPUT
knockout_winner: SUCCESS, 15
knockout_winner: FAILURE
unite_teams: SUCCESS
update_player_stats: SUCCESS
remove_team: FAILURE
get_all_players_count: SUCCESS, 7
get_num_played_games: SUCCESS, 11801
get_num_played_games: SUCCESS, 11539
update_player_stats: SUCCESS
update_player_stats: SUCCESS
knockout_winner: SUCCESS, 17
knockout_winner: SUCCESS, 15
knockout_winner: FAILURE
knockout_winner: FAILURE
knockout_winner: INVALID_INPUT
unite_teams: FAILURE
get_closest_player: SUCCESS, 133
get_team_points: SUCCESS, 14560
get_closest_player: SUCCESS, 165
get_num_played_games: SUCCESS, 9183
get_all_players: SUCCESS
191
21
81
147
92
159
86
185
101
get_num_played_games: SUCCESS, 8109
unite_teams: FAILURE
get_all_players_count: SUCCESS, 7
add_player: FAILURE
get_all_players: SUCCESS
191
21
81
147
92
159
86
185
101
knockout_winner: SUCCESS, 17
knockout_winner: SUCCESS, 15
knockout_winner: FAILURE
knockout_winner: FAILURE
knockout_winner: INVALID_INPUT
unite_teams: FAILURE
get_closest_player: SUCCESS, 171
play_match: FAILURE
knockout_winner: SUCCESS, 15
knockout_winner: SUCCESS, 17
knockout_winner: SUCCESS, 10
knockout_winner: SUCCESS, 15
knockout_winner: FAILURE
add_player: FAILURE
get_top_scorer: SUCCESS, 110
get_closest_player: SUCCESS, 63
update_player_stats: SUCCESS
update_player_stats: SUCCESS
add_team: FAILURE
update_player_stats: SUCCESS
remove_player: SUCCESS
unite_teams: FAILURE
get_all_players_count: SUCCESS, 10
remove_player: SUCCESS
add_team: FAILURE
play_match: FAILURE
play_match: FAILURE
get_num_played_games: SUCCESS, 2777
add_team: FAILURE
get_all_players_count: SUCCESS, 10
get_top_scorer: SUCCESS, 1
get_closest_player: SUCCESS, 94
remove_team: FAILURE
remove_player: SUCCESS
get_top_scorer: SUCCESS, 64
unite_teams: FAILURE
get_closest_player: SUCCESS, 66
play_match: FAILURE
get_top_scorer: SUCCESS, 33
get_all_players: SUCCESS
19
54
50
31
53
8
106
155
199
108
7
173
knockout_winner: SUCCESS, 1
knockout_winner: INVALID_INPUT
knockout_winner: INVALID_INPUT
knockout_winner: FAILURE
knockout_winner: INVALID_INPUT
get_num_played_games: SUCCESS, 5598
add_player: FAILURE
get_all_players: SUCCESS
72
102
34
13
65
187
78
93
91
33
remove_team: FAILURE
get_all_players: SUCCESS
191
21
81
147
92
159
86
185
101
get_top_scorer: SUCCESS, 57
play_match: FAILURE
get_num_played_games: SUCCESS, 8444
remove_player: SUCCESS
get_num_played_games: SUCCESS, 12075
remove_team: FAILURE
add_player: FAILURE
knockout_winner: FAILURE
knockout_winner: INVALID_INPUT
knockout_winner: INVALID_INPUT
knockout_winner: FAILURE
knockout_winner: INVALID_INPUT
update_player_stats: SUCCESS
get_num_played_games: SUCCESS, 17828
get_top_scorer: SUCCESS, 110
add_player: FAILURE
play_match: SUCCESS
get_team_points: SUCCESS, 6427
get_all_players_count: SUCCESS, 9
play_match: FAILURE
get_top_scorer: SUCCESS, 20
get_all_players: SUCCESS
19
54
50
31
53
8
106
155
199
108
7
173
get_closest_player: SUCCESS, 136
get_team_points: SUCCESS, 9342
get_num_played_games: SUCCESS, 6833
get_all_players: SUCCESS
3
52
158
25
68
94
22
141
188
29
103
189
132
44
27
unite_teams: FAILURE
remove_player: SUCCESS
get_team_points: SUCCESS, 9342
remove_player: SUCCESS
remove_team: FAILURE
get_top_scorer: SUCCESS, 64
knockout_winner: SUCCESS, 15
knockout_winner: SUCCESS, 17
knockout_winner: SUCCESS, 10
knockout_winner: SUCCESS, 17
knockout_winner: INVALID_INPUT
update_player_stats: SUCCESS
get_all_players: SUCCESS
72
102
34
13
65
78
93
91
33
get_top_scorer: SUCCESS, 64
get_num_played_games: SUCCESS, 6182
get_top_scorer: SUCCESS, 35
remove_team: FAILURE
remove_team: FAILURE
knockout_winner: SUCCESS, 15
knockout_winner: SUCCESS, 17
knockout_winner: SUCCESS, 10
knockout_winner: SUCCESS, 17
knockout_winner: INVALID_INPUT
get_top_scorer: SUCCESS, 110
update_player_stats: SUCCESS
play_match: FAILURE
unite_teams: FAILURE
update_player_stats: SUCCESS
get_all_players: SUCCESS
19
54
50
31
53
8
106
155
199
108
7
173
remove_team: FAILURE
get_all_players: SUCCESS
58
142
95
167
133
87
121
90
126
117
get_closest_player: SUCCESS, 30
get_top_scorer: SUCCESS, 30
add_player: FAILURE
get_closest_player: SUCCESS, 108
get_top_scorer: SUCCESS, 101
get_team_points: SUCCESS, 14563
remove_team: FAILURE
add_player: FAILURE
get_team_points: SUCCESS, 1916
remove_team: FAILURE
get_all_players_count: SUCCESS, 9
remove_player: SUCCESS
get_team_points: SUCCESS, 1093
get_team_points: SUCCESS, 1916
get_all_players: SUCCESS
19
54
50
31
53
8
106
155
199
108
7
173
add_player: FAILURE
get_closest_player: SUCCESS, 125
add_player: FAILURE
get_num_played_games: SUCCESS, 8988
add_player: FAILURE
get_all_players: SUCCESS
129
180
176
163
151
96
109
get_all_players_count: SUCCESS, 8
play_match: FAILURE
get_closest_player: SUCCESS, 182
get_closest_player: SUCCESS, 48
remove_team: FAILURE
get_all_players_count: SUCCESS, 10
update_player_stats: SUCCESS
get_closest_player: SUCCESS, 171
add_player: FAILURE
get_team_points: SUCCESS, 7077
remove_team: FAILURE
remove_team: FAILURE
get_closest_player: SUCCESS, 188
play_match: FAILURE
remove_player: SUCCESS
get_team_points: SUCCESS, 4929
get_all_players: SUCCESS
11
130
12
97
15
36
55
get_top_scorer: SUCCESS, 124
get_all_players_count: SUCCESS, 10
remove_team: FAILURE
add_player: FAILURE
remove_team: FAILURE
add_team: FAILURE
get_top_scorer: SUCCESS, 39
add_player: FAILURE
remove_player: SUCCESS
get_num_played_games: SUCCESS, 11790
play_match: FAILURE
add_team: FAILURE
get_all_players_count: SUCCESS, 12
add_team: FAILURE
remove_player: SUCCESS
update_player_stats: SUCCESS
add_team: FAILURE
add_team: FAILURE
get_team_points: SUCCESS, 7225
add_team: FAILURE
get_all_players: SUCCESS
161
123
18
116
10
174
114
162
add_player: FAILURE
get_top_scorer: SUCCESS, 175
unite_teams: FAILURE
add_player: FAILURE
get_top_scorer: SUCCESS, 64
update_player_stats: SUCCESS
add_player: FAILURE
get_top_scorer: SUCCESS, 64
update_player_stats: SUCCESS
update_player_stats: SUCCESS
add_team: FAILURE
remove_team: FAILURE
add_team: FAILURE
add_player: FAILURE
add_team: FAILURE
get_closest_player: SUCCESS, 122
unite_teams: FAILURE
get_all_players: SUCCESS
28
183
70
190
83
89
20
play_match: FAILURE
get_all_players_count: SUCCESS, 5
play_match: FAILURE
get_closest_player: SUCCESS, 73
knockout_winner: SUCCESS, 15
knockout_winner: SUCCESS, 17
knockout_winner: SUCCESS, 10
knockout_winner: SUCCESS, 17
knockout_winner: INVALID_INPUT
update_player_stats: SUCCESS
unite_teams: FAILURE
knockout_winner: SUCCESS, 15
knockout_winner: SUCCESS, 17
knockout_winner: SUCCESS, 10
knockout_winner: SUCCESS, 17
knockout_winner: INVALID_INPUT
get_team_points: SUCCESS, 11182
get_num_played_games: SUCCESS, 1863
add_player: FAILURE
remove_team: FAILURE
play_match: FAILURE
remove_player: SUCCESS
add_team: FAILURE
unite_teams: FAILURE
play_match: FAILURE
get_num_played_games: SUCCESS, 9037
get_all_players_count: SUCCESS, 9
add_player: FAILURE
get_closest_player: SUCCESS, 112
knockout_winner: INVALID_INPUT
knockout_winner: INVALID_INPUT
knockout_winner: INVALID_INPUT
knockout_winner: INVALID_INPUT
knockout_winner: INVALID_INPUT
get_top_scorer: SUCCESS, 109
get_all_players: SUCCESS
38
73
79
67
136
74
56
178
45
30
update_player_stats: SUCCESS
update_player_stats: SUCCESS
add_player: FAILURE
update_player_stats: SUCCESS
remove_team: FAILURE
knockout_winner: SUCCESS, 10
knockout_winner: SUCCESS, 15
knockout_winner: FAILURE
knockout_winner: SUCCESS, 15
knockout_winner: INVALID_INPUT
add_team: FAILURE
remove_player: SUCCESS
update_player_stats: SUCCESS
update_player_stats: SUCCESS
get_team_points: SUCCESS, 6427
remove_team: FAILURE
add_player: FAILURE
remove_team: FAILURE
update_player_stats: SUCCESS
knockout_winner: INVALID_INPUT
knockout_winner: SUCCESS, 17
knockout_winner: INVALID_INPUT
knockout_winner: INVALID_INPUT
knockout_winner: INVALID_INPUT
add_player: FAILURE
add_player: FAILURE
get_num_played_games: SUCCESS, 16403
add_player: FAILURE
add_player: FAILURE
add_team: FAILURE
play_match: FAILURE
get_all_players_count: SUCCESS, 7
get_all_players_count: SUCCESS, 7
add_team: FAILURE
knockout_winner: FAILURE
knockout_winner: SUCCESS, 17
knockout_winner: FAILURE
knockout_winner: FAILURE
knockout_winner: INVALID_INPUT
unite_teams: FAILURE
get_closest_player: SUCCESS, 39
get_top_scorer: SUCCESS, 162
update_player_stats: SUCCESS
update_player_stats: SUCCESS
get_all_players_count: SUCCESS, 6
get_all_players: SUCCESS
152
76
145
115
71
143
181
169
4
57
118
66
play_match: SUCCESS
get_num_played_games: SUCCESS, 9237
remove_team: FAILURE
get_all_players: SUCCESS
111
6
62
138
156
153
80
26
35
get_top_scorer: SUCCESS, 66
update_player_stats: SUCCESS
get_all_players_count: SUCCESS, 8
add_player: FAILURE
get_all_players: SUCCESS
197
42
112
14
64
get_team_points: SUCCESS, 8378
unite_teams: FAILURE
remove_player: SUCCESS
get_num_played_games: SUCCESS, 11965
update_player_stats: SUCCESS
update_player_stats: SUCCESS
remove_team: FAILURE
add_player: FAILURE
get_all_players: SUCCESS
193
137
194
59
104
99
124
122
play_match: FAILURE
get_team_points: SUCCESS, 14566
get_closest_player: SUCCESS, 158
get_all_players_count: SUCCESS, 8
get_all_players: SUCCESS
123
18
116
161
10
174
114
162
get_all_players: SUCCESS
125
135
48
63
51
175
get_team_points: SUCCESS, 11182
get_top_scorer: SUCCESS, 110
get_top_scorer: SUCCESS, 108
remove_team: FAILURE
remove_player: SUCCESS
knockout_winner: INVALID_INPUT
knockout_winner: SUCCESS, 17
knockout_winner: INVALID_INPUT
knockout_winner: INVALID_INPUT
knockout_winner: INVALID_INPUT
play_match: FAILURE
remove_player: SUCCESS
play_match: FAILURE
remove_team: FAILURE
get_closest_player: SUCCESS, 118
get_closest_player: SUCCESS, 13
get_team_points: SUCCESS, 2334
update_player_stats: SUCCESS
get_all_players: SUCCESS
38
73
67
136
74
56
178
45
79
30
knockout_winner: INVALID_INPUT
knockout_winner: SUCCESS, 17
knockout_winner: INVALID_INPUT
knockout_winner: INVALID_INPUT
knockout_winner: INVALID_INPUT
add_player: FAILURE
add_player: FAILURE
knockout_winner: SUCCESS, 17
knockout_winner: SUCCESS, 17
knockout_winner: FAILURE
knockout_winner: FAILURE
knockout_winner: INVALID_INPUT
update_player_stats: SUCCESS
add_team: FAILURE
play_match: FAILURE
remove_player: SUCCESS
get_all_players_count: SUCCESS, 6
get_num_played_games: SUCCESS, 12181
add_team: FAILURE
get_closest_player: SUCCESS, 31
add_player: FAILURE
unite_teams: FAILURE
remove_team: FAILURE
add_player: FAILURE
get_all_players_count: SUCCESS, 12
knockout_winner: SUCCESS, 17
knockout_winner: SUCCESS, 17
knockout_winner: SUCCESS, 10
knockout_winner: SUCCESS, 17
knockout_winner: FAILURE
get_num_played_games: SUCCESS, 8743
add_team: FAILURE
add_player: FAILURE
play_match: FAILURE
get_closest_player: SUCCESS, 71
get_num_played_games: SUCCESS, 11094
remove_player: SUCCESS
get_closest_player: SUCCESS, 52
update_player_stats: SUCCESS
add_player: FAILURE
get_team_points: SUCCESS, 7225
update_player_stats: SUCCESS
get_team_points: SUCCESS, 3843
get_num_played_games: SUCCESS, 11310
get_closest_player: SUCCESS, 188
play_match: SUCCESS
get_team_points: SUCCESS, 9342
remove_player: SUCCESS
add_player: FAILURE
remove_team: FAILURE
unite_teams: FAILURE
get_team_points: SUCCESS, 2990
unite_teams: FAILURE
add_team: FAILURE
add_team: FAILURE
update_player_stats: SUCCESS
play_match: FAILURE
get_closest_player: SUCCESS, 149
play_match: FAILURE
get_num_played_games: SUCCESS, 4179
add_team: FAILURE
update_player_stats: SUCCESS
unite_teams: FAILURE
update_player_stats: SUCCESS
remove_team: FAILURE
knockout_winner: FAILURE
knockout_winner: SUCCESS, 10
knockout_winner: FAILURE
knockout_winner: FAILURE
knockout_winner: INVALID_INPUT
get_top_scorer: SUCCESS, 64
knockout_winner: FAILURE
knockout_winner: SUCCESS, 10
knockout_winner: FAILURE
knockout_winner: FAILURE
knockout_winner: INVALID_INPUT
update_player_stats: SUCCESS
get_all_players_count: SUCCESS, 6
add_team: FAILURE
get_team_points: SUCCESS, 2566
get_all_players_count: SUCCESS, 12
update_player_stats: SUCCESS
update_player_stats: SUCCESS
remove_player: SUCCESS
get_team_points: SUCCESS, 7225
get_closest_player: SUCCESS, 122
get_num_played_games: SUCCESS, 5230
get_closest_player: SUCCESS, 4
get_num_played_games: SUCCESS, 3874
add_team: FAILURE
get_closest_player: SUCCESS, 116
play_match: FAILURE
play_match: FAILURE
remove_team: FAILURE
get_all_players: SUCCESS
111
6
138
156
80
26
62
35
unite_teams: FAILURE
get_team_points: SUCCESS, 1093
remove_team: FAILURE
add_team: FAILURE
update_player_stats: SUCCESS
get_closest_player: SUCCESS, 194
add_player: FAILURE
get_top_scorer: SUCCESS, 30
remove_player: SUCCESS
remove_player: SUCCESS
get_all_players_count: SUCCESS, 5
get_top_scorer: SUCCESS, 122
update_player_stats: SUCCESS
remove_player: SUCCESS
play_match: FAILURE
get_top_scorer: SUCCESS, 27
remove_team: FAILURE
get_all_players_count: SUCCESS, 8
get_all_players_count: SUCCESS, 8
get_team_points: SUCCESS, 2990
get_all_players: SUCCESS
58
142
95
167
133
121
90
126
117
add_player: FAILURE
get_num_played_games: SUCCESS, 8451
get_closest_player: SUCCESS, 85
get_top_scorer: SUCCESS, 109
get_team_points: SUCCESS, 3843
get_team_points: SUCCESS, 11755
add_team: FAILURE
get_closest_player: SUCCESS, 104
play_match: FAILURE
get_top_scorer: SUCCESS, 4
remove_team: FAILURE
knockout_winner: FAILURE
knockout_winner: SUCCESS, 17
knockout_winner: FAILURE
knockout_winner: SUCCESS, 17
knockout_winner: INVALID_INPUT
get_num_played_games: SUCCESS, 4238
get_closest_player: SUCCESS, 124
get_top_scorer: SUCCESS, 65
add_team: FAILURE
update_player_stats: SUCCESS
get_closest_player: SUCCESS, 94
knockout_winner: INVALID_INPUT
knockout_winner: INVALID_INPUT
knockout_winner: INVALID_INPUT
knockout_winner: INVALID_INPUT
knockout_winner: INVALID_INPUT
remove_player: SUCCESS
unite_teams: FAILURE
update_player_stats: SUCCESS
unite_teams: FAILURE
get_top_scorer: SUCCESS, 162
get_num_played_games: SUCCESS, 4183
get_closest_player: SUCCESS, 14
get_team_points: SUCCESS, 2990
get_team_points: SUCCESS, 2990
remove_team: FAILURE
add_team: FAILURE
get_top_scorer: SUCCESS, 28
knockout_winner: FAILURE
knockout_winner: SUCCESS, 17
knockout_winner: SUCCESS, 1
knockout_winner: SUCCESS, 17
knockout_winner: INVALID_INPUT
update_player_stats: SUCCESS
remove_player: SUCCESS
play_match: FAILURE
get_all_players_count: SUCCESS, 6
get_team_points: SUCCESS, 1018
add_player: FAILURE
get_all_players_count: SUCCESS, 8
get_num_played_games: SUCCESS, 4179
knockout_winner: SUCCESS, 15
knockout_winner: INVALID_INPUT
knockout_winner: INVALID_INPUT
knockout_winner: SUCCESS, 17
knockout_winner: FAILURE
add_player: FAILURE
unite_teams: FAILURE
get_all_players: SUCCESS
125
135
48
63
51
175
get_all_players_count: SUCCESS, 12
get_num_played_games: SUCCESS, 6887
knockout_winner: FAILURE
knockout_winner: SUCCESS, 17
knockout_winner: FAILURE
knockout_winner: FAILURE
knockout_winner: INVALID_INPUT
get_top_scorer: SUCCESS, 101
get_all_players: SUCCESS
193
137
194
59
104
99
124
122
get_all_players_count: SUCCESS, 6
get_closest_player: SUCCESS, 22
add_player: FAILURE
add_player: FAILURE
add_player: FAILURE
add_team: FAILURE
get_all_players_count: SUCCESS, 8
get_all_players: SUCCESS
38
73
67
136
74
178
45
79
56
30
get_team_points: SUCCESS, 3843
get_num_played_games: SUCCESS, 5196
get_all_players_count: SUCCESS, 12
remove_team: FAILURE
get_top_scorer: SUCCESS, 117
get_all_players: SUCCESS
76
115
71
143
145
181
169
57
118
66
4
remove_team: FAILURE
remove_team: FAILURE
get_team_points: SUCCESS, 6427
get_all_players_count: SUCCESS, 6
get_closest_player: SUCCESS, 118
unite_teams: INVALID_INPUT
get_all_players_count: SUCCESS, 8
get_all_players_count: SUCCESS, 8
remove_team: FAILURE
get_closest_player: SUCCESS, 194
update_player_stats: SUCCESS
get_all_players_count: SUCCESS, 11
get_closest_player: SUCCESS, 29
get_num_played_games: SUCCESS, 9592
get_closest_player: SUCCESS, 181
get_all_players_count: SUCCESS, 8
update_player_stats: SUCCESS
knockout_winner: SUCCESS, 17
knockout_winner: SUCCESS, 17
knockout_winner: SUCCESS, 1
knockout_winner: SUCCESS, 17
knockout_winner: FAILURE
get_all_players_count: SUCCESS, 5
get_num_played_games: SUCCESS, 21470
get_closest_player: SUCCESS, 78
unite_teams: FAILURE
knockout_winner: INVALID_INPUT
knockout_winner: INVALID_INPUT
knockout_winner: INVALID_INPUT
knockout_winner: INVALID_INPUT
knockout_winner: INVALID_INPUT
get_top_scorer: SUCCESS, 39
get_num_played_games: SUCCESS, 20121
add_team: FAILURE
get_closest_player: SUCCESS, 106
play_match: FAILURE
knockout_winner: FAILURE
knockout_winner: SUCCESS, 17
knockout_winner: FAILURE
knockout_winner: SUCCESS, 17
knockout_winner: INVALID_INPUT
remove_player: SUCCESS
remove_team: FAILURE
get_num_played_games: SUCCESS, 11094
remove_player: SUCCESS
unite_teams: INVALID_INPUT
add_team: FAILURE
remove_player: SUCCESS
get_team_points: SUCCESS, 1018
get_num_played_games: SUCCESS, 4292
add_team: FAILURE
get_all_players_count: SUCCESS, 6
unite_teams: FAILURE
get_all_players_count: SUCCESS, 9
play_match: INVALID_INPUT
knockout_winner: FAILURE
knockout_winner: INVALID_INPUT
knockout_winner: INVALID_INPUT
knockout_winner: FAILURE
knockout_winner: INVALID_INPUT
play_match: FAILURE
get_num_played_games: SUCCESS, 23477
remove_team: FAILURE
unite_teams: FAILURE
unite_teams: FAILURE
play_match: FAILURE
get_num_played_games: SUCCESS, 12274
play_match: FAILURE
get_team_points: SUCCESS, 2990
add_team: FAILURE
remove_player: SUCCESS
get_all_players: SUCCESS
21
81
147
92
159
86
101
knockout_winner: SUCCESS, 17
knockout_winner: SUCCESS, 17
knockout_winner: SUCCESS, 15
knockout_winner: SUCCESS, 17
knockout_winner: INVALID_INPUT
get_closest_player: SUCCESS, 8
add_player: FAILURE
add_player: FAILURE
get_all_players_count: SUCCESS, 8
get_num_played_games: SUCCESS, 11310
get_all_players: SUCCESS
72
102
78
93
33
34
65
get_team_points: SUCCESS, 9342
get_all_players_count: SUCCESS, 6
get_num_played_games: SUCCESS, 845
add_player: FAILURE
update_player_stats: SUCCESS
get_all_players_count: SUCCESS, 9
add_player: FAILURE
update_player_stats: SUCCESS
add_player: FAILURE
get_all_players: SUCCESS
193
137
194
59
104
99
124
122
play_match: FAILURE
update_player_stats: SUCCESS
get_all_players_count: SUCCESS, 8
play_match: FAILURE
get_closest_player: SUCCESS, 199
play_match: INVALID_INPUT
remove_team: FAILURE
get_team_points: SUCCESS, 11755
update_player_stats: SUCCESS
remove_team: FAILURE
add_team: FAILURE
add_player: FAILURE
play_match: FAILURE
knockout_winner: SUCCESS, 17
knockout_winner: SUCCESS, 17
knockout_winner: FAILURE
knockout_winner: SUCCESS, 17
knockout_winner: INVALID_INPUT
add_player: FAILURE
get_team_points: SUCCESS, 8378
get_all_players_count: SUCCESS, 8
add_team: FAILURE
get_closest_player: SUCCESS, 7
get_top_scorer: SUCCESS, 162
get_all_players: SUCCESS
84
17
40
47
60
get_closest_player: SUCCESS, 47
add_player: FAILURE
get_team_points: SUCCESS, 2990
get_team_points: SUCCESS, 11755
play_match: FAILURE
remove_team: FAILURE
update_player_stats: SUCCESS
remove_player: SUCCESS
get_all_players_count: SUCCESS, 10
remove_player: SUCCESS
get_closest_player: SUCCESS, 42
get_all_players: SUCCESS
54
50
106
199
53
8
7
get_num_played_games: SUCCESS, 1534
get_closest_player: SUCCESS, 29
add_player: FAILURE
get_num_played_games: SUCCESS, 10754
get_closest_player: SUCCESS, 26
get_team_points: SUCCESS, 2334
add_player: FAILURE
get_all_players: SUCCESS
193
137
194
59
104
99
124
122
update_player_stats: SUCCESS
remove_player: SUCCESS
add_player: FAILURE
play_match: FAILURE
get_num_played_games: SUCCESS, 4292
play_match: FAILURE
get_closest_player: SUCCESS, 78
get_num_played_games: SUCCESS, 5992
get_top_scorer: SUCCESS, 101
remove_team: FAILURE
get_top_scorer: SUCCESS, 65
get_top_scorer: SUCCESS, 122
remove_player: SUCCESS
update_player_stats: SUCCESS
get_top_scorer: SUCCESS, 162
remove_player: SUCCESS
remove_player: SUCCESS
play_match: FAILURE
remove_player: SUCCESS
play_match: FAILURE
get_closest_player: SUCCESS, 182
add_team: FAILURE
knockout_winner: FAILURE
knockout_winner: SUCCESS, 17
knockout_winner: FAILURE
knockout_winner: FAILURE
knockout_winner: INVALID_INPUT
get_closest_player: SUCCESS, 54
get_closest_player: SUCCESS, 14
get_top_scorer: SUCCESS, 36
add_team: FAILURE
get_all_players: SUCCESS
123
18
116
161
10
114
162
add_team: FAILURE
remove_player: SUCCESS
play_match: FAILURE
get_all_players_count: SUCCESS, 7
add_player: FAILURE
get_team_points: SUCCESS, 6427
get_closest_player: SUCCESS, 163
remove_player: SUCCESS
get_all_players_count: SUCCESS, 5
update_player_stats: SUCCESS
unite_teams: FAILURE
get_closest_player: SUCCESS, 169
unite_teams: FAILURE
add_player: FAILURE
knockout_winner: SUCCESS, 17
knockout_winner: SUCCESS, 17
knockout_winner: FAILURE
knockout_winner: SUCCESS, 17
knockout_winner: INVALID_INPUT
add_team: FAILURE
knockout_winner: SUCCESS, 17
knockout_winner: SUCCESS, 15
knockout_winner: SUCCESS, 1
knockout_winner: SUCCESS, 17
knockout_winner: FAILURE
remove_team: FAILURE
play_match: FAILURE
get_team_points: SUCCESS, 11755
get_closest_player: SUCCESS, 156
add_team: FAILURE
get_num_played_games: SUCCESS, 8607
get_all_players: SUCCESS
3
52
158
94
22
141
29
189
132
44
68
188
27
add_team: FAILURE
get_num_played_games: SUCCESS, 9270
knockout_winner: FAILURE
knockout_winner: INVALID_INPUT
knockout_winner: INVALID_INPUT
knockout_winner: FAILURE
knockout_winner: INVALID_INPUT
get_num_played_games: SUCCESS, 5538
update_player_stats: SUCCESS
get_num_played_games: SUCCESS, 21871
knockout_winner: FAILURE
knockout_winner: SUCCESS, 15
knockout_winner: FAILURE
knockout_winner: SUCCESS, 15
knockout_winner: INVALID_INPUT
remove_player: SUCCESS
knockout_winner: SUCCESS, 15
knockout_winner: SUCCESS, 17
knockout_winner: FAILURE
knockout_winner: FAILURE
knockout_winner: INVALID_INPUT
remove_team: FAILURE
knockout_winner: SUCCESS, 17
knockout_winner: INVALID_INPUT
knockout_winner: INVALID_INPUT
knockout_winner: SUCCESS, 17
knockout_winner: FAILURE
remove_team: FAILURE
play_match: INVALID_INPUT
remove_player: SUCCESS
add_team: FAILURE
remove_player: SUCCESS
update_player_stats: SUCCESS
remove_player: SUCCESS
get_all_players: SUCCESS
98
113
24
148
171
131
120
184
85
168
39
get_top_scorer: SUCCESS, 30
remove_player: SUCCESS
remove_team: FAILURE
knockout_winner: FAILURE
knockout_winner: SUCCESS, 17
knockout_winner: FAILURE
knockout_winner: SUCCESS, 17
knockout_winner: INVALID_INPUT
get_all_players: SUCCESS
98
113
24
148
171
131
120
184
85
168
39
get_top_scorer: SUCCESS, 60
get_all_players_count: SUCCESS, 7
get_closest_player: SUCCESS, 163
unite_teams: FAILURE
add_player: FAILURE
play_match: FAILURE
get_all_players_count: SUCCESS, 6
get_top_scorer: SUCCESS, 20
remove_player: SUCCESS
get_all_players: SUCCESS
197
42
112
14
64
get_all_players_count: SUCCESS, 7
add_player: FAILURE
get_closest_player: SUCCESS, 104
unite_teams: FAILURE
knockout_winner: FAILURE
knockout_winner: INVALID_INPUT
knockout_winner: INVALID_INPUT
knockout_winner: FAILURE
knockout_winner: INVALID_INPUT
get_closest_player: SUCCESS, 162
get_top_scorer: SUCCESS, 117
add_player: FAILURE
add_team: FAILURE
unite_teams: FAILURE
get_num_played_games: SUCCESS, 16253
remove_player: SUCCESS
remove_team: FAILURE
get_top_scorer: SUCCESS, 162
get_closest_player: SUCCESS, 147
remove_team: FAILURE
get_team_points: SUCCESS, 3843
get_team_points: SUCCESS, 11755
remove_team: FAILURE
remove_player: SUCCESS
get_all_players: SUCCESS
70
190
183
89
28
20
update_player_stats: SUCCESS
remove_player: SUCCESS
play_match: FAILURE
get_all_players_count: SUCCESS, 6
knockout_winner: INVALID_INPUT
knockout_winner: INVALID_INPUT
knockout_winner: INVALID_INPUT
knockout_winner: INVALID_INPUT
knockout_winner: INVALID_INPUT
update_player_stats: SUCCESS
get_closest_player: SUCCESS, 94
remove_player: SUCCESS
remove_player: SUCCESS
remove_player: SUCCESS
remove_player: SUCCESS
remove_player: SUCCESS
remove_player: SUCCESS
remove_player: SUCCESS
remove_player: SUCCESS
remove_player: SUCCESS
remove_player: SUCCESS
remove_player: SUCCESS
remove_player: SUCCESS
remove_player: SUCCESS
remove_player: SUCCESS
remove_player: SUCCESS
remove_player: SUCCESS
remove_player: SUCCESS
remove_player: SUCCESS
remove_player: SUCCESS
remove_player: SUCCESS
remove_player: SUCCESS
remove_player: SUCCESS
remove_player: SUCCESS
remove_player: SUCCESS
remove_player: SUCCESS
remove_player: SUCCESS
remove_player: SUCCESS
remove_player: SUCCESS
remove_player: SUCCESS
remove_player: SUCCESS
remove_player: SUCCESS
remove_player: SUCCESS
remove_player: SUCCESS
remove_player: SUCCESS
remove_player: SUCCESS
remove_player: SUCCESS
remove_player: SUCCESS
remove_player: SUCCESS
remove_player: SUCCESS
remove_player: SUCCESS
remove_player: SUCCESS
remove_player: SUCCESS
remove_player: SUCCESS
remove_player: SUCCESS
remove_player: SUCCESS
remove_player: SUCCESS
remove_player: SUCCESS
remove_player: SUCCESS
remove_player: SUCCESS
remove_player: SUCCESS
remove_player: SUCCESS
remove_player: SUCCESS
remove_player: SUCCESS
remove_player: SUCCESS
remove_player: SUCCESS
remove_player: SUCCESS
remove_player: SUCCESS
remove_player: SUCCESS
remove_player: SUCCESS
remove_player: SUCCESS
remove_player: SUCCESS
remove_player: SUCCESS
remove_player: SUCCESS
remove_player: SUCCESS
remove_player: SUCCESS
remove_player: SUCCESS
remove_player: SUCCESS
remove_player: SUCCESS
remove_player: SUCCESS
remove_player: SUCCESS
remove_player: SUCCESS
remove_player: SUCCESS
remove_player: SUCCESS
remove_player: SUCCESS
remove_player: SUCCESS
remove_player: SUCCESS
remove_player: SUCCESS
remove_player: SUCCESS
remove_player: SUCCESS
remove_player: SUCCESS
remove_player: SUCCESS
remove_player: SUCCESS
remove_player: SUCCESS
remove_player: SUCCESS
remove_player: SUCCESS
remove_player: SUCCESS
remove_player: SUCCESS
remove_player: SUCCESS
remove_player: SUCCESS
remove_player: SUCCESS
remove_player: SUCCESS
remove_player: SUCCESS
remove_player: SUCCESS
remove_player: SUCCESS
remove_player: SUCCESS
remove_player: SUCCESS
remove_player: SUCCESS
remove_player: SUCCESS
remove_player: SUCCESS
remove_player: SUCCESS
remove_player: SUCCESS
remove_player: SUCCESS
remove_player: SUCCESS
remove_player: SUCCESS
remove_player: SUCCESS
remove_player: SUCCESS
remove_player: SUCCESS
remove_player: SUCCESS
remove_player: SUCCESS
remove_player: SUCCESS
remove_player: SUCCESS
remove_player: SUCCESS
remove_player: SUCCESS
remove_player: SUCCESS
remove_player: SUCCESS
remove_player: SUCCESS
remove_player: SUCCESS
remove_player: SUCCESS
remove_player: SUCCESS
remove_player: SUCCESS
remove_player: SUCCESS
remove_player: SUCCESS
remove_player: SUCCESS
remove_player: SUCCESS
remove_player: SUCCESS
remove_player: SUCCESS
remove_player: SUCCESS
remove_player: SUCCESS
remove_player: SUCCESS
remove_player: SUCCESS
remove_team: SUCCESS
remove_team: SUCCESS
remove_team: SUCCESS
remove_team: SUCCESS
remove_team: SUCCESS
remove_team: SUCCESS
remove_team: SUCCESS
remove_team: SUCCESS
remove_team: SUCCESS
remove_team: SUCCESS
remove_team: SUCCESS
remove_team: SUCCESS
remove_team: SUCCESS
remove_team: SUCCESS
remove_team: SUCCESS
remove_team: SUCCESS
remove_team: SUCCESS
remove_team: SUCCESS
