add_team: SUCCESS
add_team: SUCCESS
add_team: SUCCESS
add_team: SUCCESS
add_team: SUCCESS
add_team: SUCCESS
add_team: SUCCESS
add_team: SUCCESS
add_team: SUCCESS
add_team: SUCCESS
add_team: SUCCESS
add_team: SUCCESS
add_team: SUCCESS
add_team: SUCCESS
add_team: SUCCESS
add_team: SUCCESS
add_team: SUCCESS
add_team: SUCCESS
add_team: SUCCESS
add_team: SUCCESS
add_player: SUCCESS
add_player: SUCCESS
add_player: SUCCESS
add_player: SUCCESS
add_player: SUCCESS
add_player: SUCCESS
add_player: SUCCESS
add_player: SUCCESS
add_player: SUCCESS
add_player: SUCCESS
add_player: SUCCESS
add_player: SUCCESS
add_player: SUCCESS
add_player: SUCCESS
add_player: SUCCESS
add_player: SUCCESS
add_player: SUCCESS
add_player: SUCCESS
add_player: SUCCESS
add_player: SUCCESS
add_player: SUCCESS
add_player: SUCCESS
add_player: SUCCESS
add_player: SUCCESS
add_player: SUCCESS
add_player: SUCCESS
add_player: SUCCESS
add_player: SUCCESS
add_player: SUCCESS
add_player: SUCCESS
add_player: SUCCESS
add_player: SUCCESS
add_player: SUCCESS
add_player: SUCCESS
add_player: SUCCESS
add_player: SUCCESS
add_player: SUCCESS
add_player: SUCCESS
add_player: SUCCESS
add_player: SUCCESS
add_player: SUCCESS
add_player: SUCCESS
add_player: SUCCESS
add_player: SUCCESS
add_player: SUCCESS
add_player: SUCCESS
add_player: SUCCESS
add_player: SUCCESS
add_player: SUCCESS
add_player: SUCCESS
add_player: SUCCESS
add_player: SUCCESS
add_player: SUCCESS
add_player: SUCCESS
add_player: SUCCESS
add_player: SUCCESS
add_player: SUCCESS
add_player: SUCCESS
add_player: SUCCESS
add_player: SUCCESS
add_player: SUCCESS
add_player: SUCCESS
add_player: SUCCESS
add_player: SUCCESS
add_player: SUCCESS
add_player: SUCCESS
add_player: SUCCESS
add_player: SUCCESS
add_player: SUCCESS
add_player: SUCCESS
add_player: SUCCESS
add_player: SUCCESS
add_player: SUCCESS
add_player: SUCCESS
add_player: SUCCESS
add_player: SUCCESS
add_player: SUCCESS
add_player: SUCCESS
add_player: SUCCESS
add_player: SUCCESS
add_player: SUCCESS
add_player: SUCCESS
add_player: SUCCESS
add_player: SUCCESS
add_player: SUCCESS
add_player: SUCCESS
add_player: SUCCESS
add_player: SUCCESS
add_player: SUCCESS
add_player: SUCCESS
add_player: SUCCESS
add_player: SUCCESS
add_player: SUCCESS
add_player: SUCCESS
add_player: SUCCESS
add_player: SUCCESS
add_player: SUCCESS
add_player: SUCCESS
add_player: SUCCESS
add_player: SUCCESS
add_player: SUCCESS
add_player: SUCCESS
add_player: SUCCESS
add_player: SUCCESS
add_player: SUCCESS
add_player: SUCCESS
add_player: SUCCESS
add_player: SUCCESS
add_player: SUCCESS
add_player: SUCCESS
add_player: SUCCESS
add_player: SUCCESS
add_player: SUCCESS
add_player: SUCCESS
add_player: SUCCESS
add_player: SUCCESS
add_player: SUCCESS
add_player: SUCCESS
add_player: SUCCESS
add_player: SUCCESS
add_player: SUCCESS
add_player: SUCCESS
add_player: SUCCESS
add_player: SUCCESS
add_player: SUCCESS
add_player: SUCCESS
add_player: SUCCESS
add_player: SUCCESS
add_player: SUCCESS
add_player: SUCCESS
add_player: SUCCESS
add_player: SUCCESS
add_player: SUCCESS
add_player: SUCCESS
add_player: SUCCESS
add_player: SUCCESS
add_player: SUCCESS
add_player: SUCCESS
add_player: SUCCESS
add_player: SUCCESS
add_player: SUCCESS
add_player: SUCCESS
add_player: SUCCESS
add_player: SUCCESS
add_player: SUCCESS
add_player: SUCCESS
add_player: SUCCESS
add_player: SUCCESS
add_player: SUCCESS
add_player: SUCCESS
add_player: SUCCESS
add_player: SUCCESS
add_player: SUCCESS
add_player: SUCCESS
add_player: SUCCESS
add_player: SUCCESS
add_player: SUCCESS
add_player: SUCCESS
add_player: SUCCESS
add_player: SUCCESS
add_player: SUCCESS
add_player: SUCCESS
add_player: SUCCESS
add_player: SUCCESS
add_player: SUCCESS
add_player: SUCCESS
add_player: SUCCESS
add_player: SUCCESS
add_player: SUCCESS
add_player: SUCCESS
add_player: SUCCESS
add_player: SUCCESS
add_player: SUCCESS
add_player: SUCCESS
add_player: SUCCESS
add_player: SUCCESS
add_player: SUCCESS
add_player: SUCCESS
add_player: SUCCESS
add_player: SUCCESS
add_player: SUCCESS
add_player: SUCCESS
add_player: SUCCESS
add_player: SUCCESS
add_player: SUCCESS
add_player: SUCCESS
add_player: SUCCESS
add_player: SUCCESS
add_player: SUCCESS
add_player: SUCCESS
add_player: SUCCESS
add_player: SUCCESS
add_player: SUCCESS
add_player: SUCCESS
add_player: SUCCESS
add_player: SUCCESS
add_player: SUCCESS
add_player: SUCCESS
add_player: SUCCESS
add_player: SUCCESS
remove_team: FAILURE
play_match: FAILURE
add_player: FAILURE
update_player_stats: SUCCESS
get_all_players: SUCCESS
93
71
118
70
106
95
55
10
185
29
82
remove_player: SUCCESS
add_player: FAILURE
get_top_scorer: SUCCESS, 97
get_closest_player: SUCCESS, 23
remove_player: SUCCESS
play_match: FAILURE
get_closest_player: SUCCESS, 57
knockout_winner: SUCCESS, 10
knockout_winner: SUCCESS, 7
knockout_winner: SUCCESS, 7
knockout_winner: SUCCESS, 15
knockout_winner: INVALID_INPUT
play_match: SUCCESS
get_top_scorer: SUCCESS, 103
remove_team: FAILURE
add_player: FAILURE
remove_team: FAILURE
remove_team: FAILURE
get_team_points: SUCCESS, 11795
knockout_winner: SUCCESS, 15
knockout_winner: SUCCESS, 20
knockout_winner: SUCCESS, 10
knockout_winner: SUCCESS, 20
knockout_winner: INVALID_INPUT
get_num_played_games: SUCCESS, 4022
get_closest_player: SUCCESS, 16
add_player: FAILURE
knockout_winner: SUCCESS, 19
knockout_winner: SUCCESS, 20
knockout_winner: SUCCESS, 10
knockout_winner: SUCCESS, 20
knockout_winner: INVALID_INPUT
remove_team: FAILURE
get_all_players_count: SUCCESS, 14
play_match: FAILURE
get_team_points: SUCCESS, 5213
add_team: FAILURE
remove_player: SUCCESS
get_top_scorer: SUCCESS, 41
knockout_winner: SUCCESS, 19
knockout_winner: SUCCESS, 20
knockout_winner: FAILURE
knockout_winner: FAILURE
knockout_winner: INVALID_INPUT
unite_teams: FAILURE
get_all_players: SUCCESS
32
162
88
160
87
3
22
47
115
17
add_team: FAILURE
remove_team: FAILURE
update_player_stats: SUCCESS
get_all_players_count: SUCCESS, 9
knockout_winner: SUCCESS, 15
knockout_winner: SUCCESS, 20
knockout_winner: SUCCESS, 10
knockout_winner: SUCCESS, 20
knockout_winner: INVALID_INPUT
add_team: FAILURE
play_match: FAILURE
remove_player: SUCCESS
get_all_players_count: SUCCESS, 5
get_top_scorer: SUCCESS, 6
knockout_winner: SUCCESS, 10
knockout_winner: SUCCESS, 7
knockout_winner: SUCCESS, 7
knockout_winner: SUCCESS, 20
knockout_winner: FAILURE
knockout_winner: SUCCESS, 15
knockout_winner: SUCCESS, 7
knockout_winner: SUCCESS, 7
knockout_winner: SUCCESS, 20
knockout_winner: INVALID_INPUT
get_team_points: SUCCESS, 10592
get_all_players_count: SUCCESS, 14
get_num_played_games: SUCCESS, 107
update_player_stats: SUCCESS
add_player: FAILURE
get_all_players: SUCCESS
35
24
11
19
195
31
50
142
174
90
125
6
176
play_match: FAILURE
get_all_players: SUCCESS
52
191
40
148
48
56
158
136
180
171
123
60
53
8
27
190
147
knockout_winner: SUCCESS, 10
knockout_winner: SUCCESS, 7
knockout_winner: SUCCESS, 7
knockout_winner: SUCCESS, 20
knockout_winner: INVALID_INPUT
add_team: FAILURE
knockout_winner: FAILURE
knockout_winner: SUCCESS, 20
knockout_winner: FAILURE
knockout_winner: FAILURE
knockout_winner: INVALID_INPUT
update_player_stats: SUCCESS
get_closest_player: SUCCESS, 49
get_num_played_games: SUCCESS, 5215
play_match: INVALID_INPUT
play_match: FAILURE
update_player_stats: SUCCESS
get_all_players: SUCCESS
139
109
111
15
189
168
150
157
183
102
141
103
get_all_players_count: SUCCESS, 17
play_match: INVALID_INPUT
play_match: SUCCESS
knockout_winner: FAILURE
knockout_winner: SUCCESS, 7
knockout_winner: SUCCESS, 7
knockout_winner: FAILURE
knockout_winner: INVALID_INPUT
play_match: FAILURE
get_num_played_games: SUCCESS, 7806
add_player: FAILURE
knockout_winner: SUCCESS, 20
knockout_winner: SUCCESS, 20
knockout_winner: SUCCESS, 15
knockout_winner: FAILURE
knockout_winner: INVALID_INPUT
add_player: FAILURE
get_all_players: SUCCESS
100
75
182
57
134
21
91
89
68
7
42
126
72
26
knockout_winner: SUCCESS, 20
knockout_winner: SUCCESS, 20
knockout_winner: SUCCESS, 10
knockout_winner: SUCCESS, 20
knockout_winner: INVALID_INPUT
play_match: FAILURE
get_all_players_count: SUCCESS, 10
get_all_players_count: SUCCESS, 2
get_all_players_count: SUCCESS, 2
unite_teams: FAILURE
add_team: FAILURE
remove_player: SUCCESS
update_player_stats: SUCCESS
unite_teams: FAILURE
get_team_points: SUCCESS, 6623
add_player: FAILURE
get_team_points: SUCCESS, 10592
get_team_points: SUCCESS, 5213
get_top_scorer: SUCCESS, 49
get_num_played_games: SUCCESS, 8664
add_team: FAILURE
remove_player: SUCCESS
play_match: FAILURE
get_closest_player: SUCCESS, 133
add_team: FAILURE
knockout_winner: FAILURE
knockout_winner: SUCCESS, 20
knockout_winner: FAILURE
knockout_winner: FAILURE
knockout_winner: INVALID_INPUT
get_closest_player: SUCCESS, 146
add_team: FAILURE
remove_player: SUCCESS
get_all_players_count: SUCCESS, 12
remove_player: SUCCESS
remove_player: SUCCESS
knockout_winner: SUCCESS, 15
knockout_winner: SUCCESS, 20
knockout_winner: SUCCESS, 10
knockout_winner: SUCCESS, 20
knockout_winner: INVALID_INPUT
play_match: FAILURE
remove_player: SUCCESS
get_team_points: SUCCESS, 7753
add_team: FAILURE
play_match: FAILURE
add_player: FAILURE
get_num_played_games: SUCCESS, 5197
unite_teams: FAILURE
remove_player: SUCCESS
get_num_played_games: SUCCESS, 3319
remove_player: SUCCESS
add_player: FAILURE
get_top_scorer: SUCCESS, 39
update_player_stats: SUCCESS
update_player_stats: SUCCESS
get_closest_player: SUCCESS, 7
knockout_winner: FAILURE
knockout_winner: SUCCESS, 20
knockout_winner: FAILURE
knockout_winner: FAILURE
knockout_winner: INVALID_INPUT
play_match: FAILURE
get_closest_player: SUCCESS, 168
remove_team: FAILURE
get_top_scorer: SUCCESS, 194
play_match: FAILURE
knockout_winner: SUCCESS, 7
knockout_winner: INVALID_INPUT
knockout_winner: INVALID_INPUT
knockout_winner: SUCCESS, 7
knockout_winner: SUCCESS, 7
get_all_players: SUCCESS
18
181
199
1
13
61
117
96
122
143
46
146
add_team: FAILURE
remove_team: FAILURE
get_num_played_games: SUCCESS, 9350
get_all_players: SUCCESS
197
149
knockout_winner: SUCCESS, 20
knockout_winner: SUCCESS, 7
knockout_winner: SUCCESS, 7
knockout_winner: SUCCESS, 20
knockout_winner: SUCCESS, 15
knockout_winner: SUCCESS, 15
knockout_winner: SUCCESS, 20
knockout_winner: SUCCESS, 10
knockout_winner: SUCCESS, 20
knockout_winner: INVALID_INPUT
remove_team: FAILURE
get_closest_player: SUCCESS, 162
get_team_points: SUCCESS, 367
get_top_scorer: SUCCESS, 146
knockout_winner: SUCCESS, 15
knockout_winner: SUCCESS, 20
knockout_winner: SUCCESS, 10
knockout_winner: SUCCESS, 20
knockout_winner: INVALID_INPUT
get_team_points: SUCCESS, 11795
get_all_players_count: SUCCESS, 9
get_top_scorer: SUCCESS, 49
get_all_players: SUCCESS
52
40
148
48
56
158
136
180
191
171
123
60
53
8
27
190
147
get_num_played_games: SUCCESS, 430
update_player_stats: SUCCESS
remove_team: FAILURE
add_team: FAILURE
get_team_points: SUCCESS, 12317
play_match: FAILURE
add_player: FAILURE
get_num_played_games: SUCCESS, 10117
add_team: FAILURE
add_player: FAILURE
get_all_players: SUCCESS
151
187
121
84
188
get_team_points: SUCCESS, 11618
get_all_players_count: SUCCESS, 11
get_closest_player: SUCCESS, 174
get_closest_player: SUCCESS, 56
remove_player: SUCCESS
add_team: FAILURE
get_all_players: SUCCESS
32
162
160
87
3
47
115
17
22
get_num_played_games: SUCCESS, 9765
remove_team: FAILURE
get_top_scorer: SUCCESS, 192
add_player: FAILURE
get_num_played_games: SUCCESS, 11703
play_match: FAILURE
get_num_played_games: SUCCESS, 5072
get_top_scorer: SUCCESS, 192
get_all_players: SUCCESS
198
144
14
128
58
108
99
73
67
add_team: FAILURE
get_all_players: SUCCESS
93
71
70
106
95
55
10
185
29
82
add_team: FAILURE
get_top_scorer: SUCCESS, 149
get_closest_player: SUCCESS, 22
get_top_scorer: SUCCESS, 172
get_num_played_games: SUCCESS, 8751
update_player_stats: SUCCESS
get_all_players_count: SUCCESS, 12
add_team: FAILURE
get_team_points: SUCCESS, 970
get_top_scorer: SUCCESS, 26
play_match: FAILURE
add_team: FAILURE
get_all_players: SUCCESS
153
85
69
38
5
127
37
110
get_num_played_games: SUCCESS, 3935
knockout_winner: SUCCESS, 15
knockout_winner: SUCCESS, 7
knockout_winner: SUCCESS, 7
knockout_winner: SUCCESS, 20
knockout_winner: INVALID_INPUT
get_all_players_count: SUCCESS, 8
play_match: FAILURE
remove_player: SUCCESS
get_all_players: SUCCESS
170
20
164
107
196
62
83
116
39
get_team_points: SUCCESS, 12317
unite_teams: INVALID_INPUT
get_all_players: SUCCESS
139
109
111
15
189
168
150
157
183
102
141
remove_team: FAILURE
add_team: FAILURE
update_player_stats: SUCCESS
knockout_winner: FAILURE
knockout_winner: SUCCESS, 7
knockout_winner: SUCCESS, 7
knockout_winner: FAILURE
knockout_winner: INVALID_INPUT
knockout_winner: SUCCESS, 7
knockout_winner: INVALID_INPUT
knockout_winner: INVALID_INPUT
knockout_winner: SUCCESS, 7
knockout_winner: INVALID_INPUT
update_player_stats: SUCCESS
add_player: FAILURE
remove_team: FAILURE
get_all_players_count: SUCCESS, 10
play_match: FAILURE
get_top_scorer: SUCCESS, 192
get_top_scorer: SUCCESS, 49
get_closest_player: SUCCESS, 113
get_closest_player: SUCCESS, 168
remove_player: SUCCESS
get_num_played_games: SUCCESS, 419
get_closest_player: SUCCESS, 9
update_player_stats: SUCCESS
add_team: FAILURE
remove_team: FAILURE
get_all_players_count: SUCCESS, 17
remove_team: FAILURE
remove_player: SUCCESS
get_closest_player: SUCCESS, 139
add_player: FAILURE
update_player_stats: SUCCESS
get_all_players: SUCCESS
139
109
111
15
189
168
150
157
183
102
141
remove_player: SUCCESS
add_team: FAILURE
get_all_players: SUCCESS
112
101
184
28
get_all_players: SUCCESS
139
109
111
15
189
168
150
157
183
102
141
get_top_scorer: SUCCESS, 192
add_player: FAILURE
get_all_players_count: SUCCESS, 8
update_player_stats: SUCCESS
remove_player: SUCCESS
get_all_players: SUCCESS
198
144
14
128
58
108
99
73
67
get_num_played_games: SUCCESS, 7073
unite_teams: FAILURE
update_player_stats: SUCCESS
play_match: FAILURE
get_num_played_games: SUCCESS, 7940
get_num_played_games: SUCCESS, 12334
knockout_winner: SUCCESS, 20
knockout_winner: SUCCESS, 20
knockout_winner: SUCCESS, 15
knockout_winner: FAILURE
knockout_winner: INVALID_INPUT
get_top_scorer: SUCCESS, 74
get_all_players: SUCCESS
153
69
38
5
127
37
110
remove_team: FAILURE
remove_player: SUCCESS
get_closest_player: SUCCESS, 128
get_top_scorer: SUCCESS, 82
remove_player: SUCCESS
unite_teams: FAILURE
play_match: SUCCESS
get_num_played_games: SUCCESS, 10181
remove_team: FAILURE
play_match: FAILURE
update_player_stats: SUCCESS
remove_player: SUCCESS
unite_teams: FAILURE
get_num_played_games: SUCCESS, 1415
play_match: SUCCESS
unite_teams: FAILURE
update_player_stats: SUCCESS
get_num_played_games: SUCCESS, 4459
add_team: FAILURE
add_team: FAILURE
get_closest_player: SUCCESS, 154
unite_teams: FAILURE
get_all_players_count: SUCCESS, 9
get_num_played_games: SUCCESS, 6987
play_match: FAILURE
get_all_players: SUCCESS
112
101
184
28
add_team: FAILURE
get_closest_player: SUCCESS, 109
get_num_played_games: SUCCESS, 685
unite_teams: SUCCESS
update_player_stats: SUCCESS
get_closest_player: SUCCESS, 41
get_closest_player: SUCCESS, 7
get_all_players: SUCCESS
198
144
14
128
58
108
99
67
73
add_player: FAILURE
remove_team: FAILURE
play_match: FAILURE
unite_teams: FAILURE
add_player: FAILURE
knockout_winner: SUCCESS, 20
knockout_winner: SUCCESS, 7
knockout_winner: SUCCESS, 7
knockout_winner: SUCCESS, 20
knockout_winner: SUCCESS, 15
get_num_played_games: SUCCESS, 7022
update_player_stats: SUCCESS
remove_player: SUCCESS
add_player: FAILURE
get_num_played_games: SUCCESS, 21903
add_player: FAILURE
get_all_players_count: SUCCESS, 5
knockout_winner: SUCCESS, 7
knockout_winner: INVALID_INPUT
knockout_winner: INVALID_INPUT
knockout_winner: SUCCESS, 7
knockout_winner: SUCCESS, 7
get_top_scorer: SUCCESS, 147
unite_teams: FAILURE
get_num_played_games: SUCCESS, 9589
knockout_winner: SUCCESS, 7
knockout_winner: INVALID_INPUT
knockout_winner: INVALID_INPUT
knockout_winner: SUCCESS, 7
knockout_winner: SUCCESS, 7
unite_teams: FAILURE
remove_player: SUCCESS
play_match: FAILURE
update_player_stats: SUCCESS
get_all_players: SUCCESS
16
12
45
23
140
132
124
155
192
add_team: FAILURE
get_all_players: SUCCESS
197
149
get_all_players: SUCCESS
139
109
111
15
189
168
150
157
183
102
141
add_player: FAILURE
get_team_points: SUCCESS, 10592
add_team: FAILURE
get_all_players_count: SUCCESS, 12
get_num_played_games: SUCCESS, 6522
get_top_scorer: SUCCESS, 28
remove_player: SUCCESS
get_num_played_games: SUCCESS, 1989
add_team: FAILURE
remove_team: FAILURE
play_match: FAILURE
add_player: FAILURE
play_match: FAILURE
get_team_points: SUCCESS, 7578
add_team: FAILURE
get_num_played_games: SUCCESS, 10260
remove_team: FAILURE
get_team_points: SUCCESS, 3510
get_closest_player: SUCCESS, 116
get_closest_player: SUCCESS, 151
get_top_scorer: SUCCESS, 192
unite_teams: FAILURE
get_closest_player: SUCCESS, 191
unite_teams: SUCCESS
unite_teams: FAILURE
get_all_players_count: SUCCESS, 5
knockout_winner: SUCCESS, 7
knockout_winner: SUCCESS, 9
knockout_winner: SUCCESS, 7
knockout_winner: SUCCESS, 10
knockout_winner: INVALID_INPUT
knockout_winner: FAILURE
knockout_winner: SUCCESS, 15
knockout_winner: FAILURE
knockout_winner: FAILURE
knockout_winner: INVALID_INPUT
update_player_stats: SUCCESS
knockout_winner: SUCCESS, 7
knockout_winner: SUCCESS, 9
knockout_winner: SUCCESS, 5
knockout_winner: SUCCESS, 15
knockout_winner: INVALID_INPUT
update_player_stats: SUCCESS
remove_player: SUCCESS
update_player_stats: SUCCESS
play_match: FAILURE
knockout_winner: SUCCESS, 7
knockout_winner: SUCCESS, 7
knockout_winner: SUCCESS, 7
knockout_winner: SUCCESS, 15
knockout_winner: FAILURE
get_top_scorer: SUCCESS, 188
get_closest_player: SUCCESS, 10
get_all_players_count: SUCCESS, 9
add_player: FAILURE
remove_player: SUCCESS
get_team_points: SUCCESS, 1491
play_match: FAILURE
get_num_played_games: SUCCESS, 6789
play_match: SUCCESS
knockout_winner: SUCCESS, 15
knockout_winner: SUCCESS, 10
knockout_winner: SUCCESS, 10
knockout_winner: FAILURE
knockout_winner: INVALID_INPUT
play_match: FAILURE
get_top_scorer: SUCCESS, 26
unite_teams: FAILURE
add_player: FAILURE
play_match: FAILURE
get_num_played_games: SUCCESS, 8594
remove_player: SUCCESS
add_team: FAILURE
update_player_stats: SUCCESS
update_player_stats: SUCCESS
get_all_players: SUCCESS
170
20
156
59
166
86
4
164
133
25
107
196
116
39
179
83
62
get_num_played_games: SUCCESS, 10846
update_player_stats: SUCCESS
get_all_players: SUCCESS
197
149
unite_teams: FAILURE
get_all_players_count: SUCCESS, 7
get_all_players_count: SUCCESS, 5
get_top_scorer: SUCCESS, 179
get_all_players_count: SUCCESS, 17
get_all_players: SUCCESS
16
12
45
23
140
132
124
155
192
remove_team: FAILURE
get_num_played_games: SUCCESS, 5770
get_team_points: SUCCESS, 5213
update_player_stats: SUCCESS
play_match: FAILURE
unite_teams: FAILURE
remove_player: SUCCESS
get_all_players_count: SUCCESS, 2
get_num_played_games: SUCCESS, 9765
get_num_played_games: SUCCESS, 4992
unite_teams: FAILURE
get_closest_player: SUCCESS, 160
knockout_winner: INVALID_INPUT
knockout_winner: FAILURE
knockout_winner: INVALID_INPUT
knockout_winner: INVALID_INPUT
knockout_winner: INVALID_INPUT
get_all_players: SUCCESS
182
57
134
21
91
89
7
42
126
72
75
100
26
knockout_winner: SUCCESS, 7
knockout_winner: SUCCESS, 7
knockout_winner: FAILURE
knockout_winner: FAILURE
knockout_winner: INVALID_INPUT
get_all_players_count: SUCCESS, 7
get_all_players: SUCCESS
197
149
remove_player: SUCCESS
get_top_scorer: SUCCESS, 26
get_closest_player: SUCCESS, 195
get_team_points: SUCCESS, 11618
update_player_stats: SUCCESS
get_top_scorer: SUCCESS, 149
add_team: FAILURE
remove_player: SUCCESS
get_closest_player: SUCCESS, 117
remove_player: SUCCESS
remove_player: SUCCESS
add_team: FAILURE
remove_player: SUCCESS
unite_teams: FAILURE
get_all_players_count: SUCCESS, 13
knockout_winner: SUCCESS, 9
knockout_winner: SUCCESS, 9
knockout_winner: SUCCESS, 9
knockout_winner: SUCCESS, 15
knockout_winner: FAILURE
knockout_winner: INVALID_INPUT
knockout_winner: FAILURE
knockout_winner: INVALID_INPUT
knockout_winner: INVALID_INPUT
knockout_winner: INVALID_INPUT
get_team_points: SUCCESS, 6981
knockout_winner: INVALID_INPUT
knockout_winner: SUCCESS, 9
knockout_winner: INVALID_INPUT
knockout_winner: INVALID_INPUT
knockout_winner: INVALID_INPUT
remove_team: FAILURE
remove_team: FAILURE
remove_team: FAILURE
get_team_points: SUCCESS, 6623
play_match: FAILURE
add_player: FAILURE
play_match: FAILURE
play_match: SUCCESS
update_player_stats: SUCCESS
play_match: FAILURE
remove_player: SUCCESS
add_player: FAILURE
knockout_winner: FAILURE
knockout_winner: SUCCESS, 9
knockout_winner: SUCCESS, 9
knockout_winner: FAILURE
knockout_winner: INVALID_INPUT
add_player: FAILURE
add_player: FAILURE
remove_team: FAILURE
play_match: SUCCESS
update_player_stats: SUCCESS
remove_player: SUCCESS
get_top_scorer: SUCCESS, 147
add_team: FAILURE
get_closest_player: SUCCESS, 81
knockout_winner: SUCCESS, 9
knockout_winner: SUCCESS, 8
knockout_winner: FAILURE
knockout_winner: FAILURE
knockout_winner: INVALID_INPUT
play_match: FAILURE
get_team_points: SUCCESS, 7787
update_player_stats: SUCCESS
get_all_players: SUCCESS
93
71
70
106
95
55
10
185
29
82
update_player_stats: SUCCESS
play_match: FAILURE
knockout_winner: SUCCESS, 15
knockout_winner: SUCCESS, 10
knockout_winner: SUCCESS, 10
knockout_winner: FAILURE
knockout_winner: INVALID_INPUT
play_match: FAILURE
get_all_players_count: SUCCESS, 13
remove_player: SUCCESS
get_all_players: SUCCESS
167
130
9
63
169
113
41
unite_teams: SUCCESS
get_all_players: SUCCESS
119
135
131
92
51
129
66
76
193
79
78
knockout_winner: SUCCESS, 8
knockout_winner: SUCCESS, 8
knockout_winner: SUCCESS, 2
knockout_winner: FAILURE
knockout_winner: INVALID_INPUT
get_top_scorer: SUCCESS, 74
knockout_winner: SUCCESS, 15
knockout_winner: SUCCESS, 8
knockout_winner: SUCCESS, 8
knockout_winner: FAILURE
knockout_winner: INVALID_INPUT
get_all_players: SUCCESS
153
69
38
127
37
110
get_top_scorer: SUCCESS, 30
get_num_played_games: SUCCESS, 9295
get_closest_player: SUCCESS, 79
add_player: FAILURE
knockout_winner: SUCCESS, 15
knockout_winner: SUCCESS, 8
knockout_winner: SUCCESS, 8
knockout_winner: FAILURE
knockout_winner: INVALID_INPUT
get_all_players_count: SUCCESS, 14
add_team: FAILURE
unite_teams: FAILURE
play_match: FAILURE
unite_teams: FAILURE
play_match: SUCCESS
knockout_winner: INVALID_INPUT
knockout_winner: INVALID_INPUT
knockout_winner: INVALID_INPUT
knockout_winner: INVALID_INPUT
knockout_winner: INVALID_INPUT
get_all_players: SUCCESS
197
149
remove_player: SUCCESS
add_team: FAILURE
add_player: FAILURE
remove_player: SUCCESS
add_team: FAILURE
unite_teams: FAILURE
knockout_winner: SUCCESS, 8
knockout_winner: SUCCESS, 8
knockout_winner: FAILURE
knockout_winner: FAILURE
knockout_winner: INVALID_INPUT
add_team: FAILURE
update_player_stats: SUCCESS
get_all_players_count: SUCCESS, 12
remove_player: SUCCESS
get_closest_player: SUCCESS, 151
unite_teams: FAILURE
add_team: FAILURE
add_team: FAILURE
get_all_players: SUCCESS
182
57
21
134
89
7
42
126
72
75
100
26
get_all_players_count: SUCCESS, 7
get_top_scorer: SUCCESS, 147
get_team_points: SUCCESS, 10592
remove_team: FAILURE
remove_player: SUCCESS
remove_player: SUCCESS
remove_team: FAILURE
get_all_players_count: SUCCESS, 9
add_player: FAILURE
knockout_winner: SUCCESS, 9
knockout_winner: SUCCESS, 8
knockout_winner: SUCCESS, 8
knockout_winner: SUCCESS, 10
knockout_winner: SUCCESS, 10
remove_team: FAILURE
get_all_players: SUCCESS
16
12
45
23
140
132
124
155
192
get_closest_player: SUCCESS, 144
get_all_players_count: SUCCESS, 12
remove_player: SUCCESS
get_all_players: SUCCESS
197
149
get_closest_player: SUCCESS, 197
get_all_players_count: SUCCESS, 17
get_all_players: SUCCESS
182
57
21
134
89
7
42
126
72
75
100
26
remove_team: FAILURE
get_all_players: SUCCESS
24
11
19
195
50
142
35
31
90
125
6
176
remove_team: FAILURE
get_all_players_count: SUCCESS, 7
get_team_points: SUCCESS, 7753
knockout_winner: SUCCESS, 8
knockout_winner: SUCCESS, 8
knockout_winner: SUCCESS, 2
knockout_winner: SUCCESS, 10
knockout_winner: INVALID_INPUT
get_team_points: SUCCESS, 15830
get_closest_player: SUCCESS, 13
get_all_players: SUCCESS
111
43
15
189
168
200
150
177
102
157
183
36
30
add_player: FAILURE
get_closest_player: SUCCESS, 63
add_team: FAILURE
remove_player: SUCCESS
get_all_players: SUCCESS
144
14
128
58
108
99
67
73
get_top_scorer: SUCCESS, 30
get_num_played_games: SUCCESS, 5691
remove_team: FAILURE
add_player: FAILURE
unite_teams: SUCCESS
add_team: FAILURE
play_match: FAILURE
add_player: FAILURE
get_top_scorer: SUCCESS, 149
get_all_players_count: SUCCESS, 17
get_top_scorer: SUCCESS, 73
get_team_points: SUCCESS, 15830
get_all_players_count: SUCCESS, 11
unite_teams: FAILURE
get_team_points: SUCCESS, 1216
get_num_played_games: SUCCESS, 1727
remove_team: FAILURE
add_player: FAILURE
add_player: FAILURE
add_team: FAILURE
get_all_players: SUCCESS
16
12
45
23
140
132
124
155
192
add_player: FAILURE
get_num_played_games: SUCCESS, 4963
get_all_players_count: SUCCESS, 3
get_all_players_count: SUCCESS, 5
play_match: FAILURE
unite_teams: FAILURE
remove_player: SUCCESS
get_all_players_count: SUCCESS, 9
remove_player: SUCCESS
play_match: FAILURE
get_all_players: SUCCESS
24
11
19
195
50
142
35
31
90
125
6
176
add_team: FAILURE
unite_teams: FAILURE
add_team: FAILURE
knockout_winner: SUCCESS, 12
knockout_winner: SUCCESS, 8
knockout_winner: SUCCESS, 7
knockout_winner: FAILURE
knockout_winner: INVALID_INPUT
update_player_stats: SUCCESS
play_match: FAILURE
get_closest_player: SUCCESS, 61
unite_teams: FAILURE
get_top_scorer: SUCCESS, 149
get_top_scorer: SUCCESS, 30
add_team: FAILURE
get_team_points: SUCCESS, 6981
get_all_players: SUCCESS
16
12
45
23
140
132
124
155
192
remove_team: FAILURE
get_team_points: SUCCESS, 5213
get_top_scorer: SUCCESS, 74
get_closest_player: SUCCESS, 40
get_team_points: SUCCESS, 7753
remove_player: SUCCESS
add_player: FAILURE
update_player_stats: SUCCESS
play_match: FAILURE
get_closest_player: SUCCESS, 131
remove_player: SUCCESS
get_all_players: SUCCESS
197
149
get_closest_player: SUCCESS, 100
get_team_points: SUCCESS, 21493
get_team_points: SUCCESS, 4336
play_match: FAILURE
get_team_points: SUCCESS, 6981
unite_teams: FAILURE
play_match: FAILURE
get_all_players_count: SUCCESS, 9
play_match: SUCCESS
get_closest_player: SUCCESS, 76
add_player: FAILURE
get_closest_player: SUCCESS, 27
add_player: FAILURE
get_num_played_games: SUCCESS, 12867
update_player_stats: SUCCESS
update_player_stats: SUCCESS
remove_player: SUCCESS
get_all_players_count: SUCCESS, 10
get_team_points: SUCCESS, 6981
unite_teams: FAILURE
get_team_points: SUCCESS, 15830
get_all_players: SUCCESS
159
120
114
77
80
152
81
154
2
get_all_players: SUCCESS
197
149
play_match: SUCCESS
add_team: FAILURE
get_top_scorer: SUCCESS, 188
get_closest_player: SUCCESS, 37
play_match: FAILURE
add_team: FAILURE
get_team_points: SUCCESS, 21496
play_match: FAILURE
remove_player: SUCCESS
get_team_points: SUCCESS, 13109
get_num_played_games: SUCCESS, 8595
get_all_players: SUCCESS
111
43
15
189
168
200
150
177
157
183
36
30
unite_teams: FAILURE
add_player: FAILURE
update_player_stats: SUCCESS
get_all_players: SUCCESS
19
195
50
142
35
31
90
125
6
11
176
remove_team: FAILURE
get_num_played_games: SUCCESS, 6572
remove_team: FAILURE
knockout_winner: FAILURE
knockout_winner: SUCCESS, 12
knockout_winner: SUCCESS, 12
knockout_winner: FAILURE
knockout_winner: INVALID_INPUT
get_all_players_count: SUCCESS, 5
get_all_players_count: SUCCESS, 6
get_closest_player: SUCCESS, 152
add_team: FAILURE
add_team: FAILURE
play_match: FAILURE
get_all_players_count: SUCCESS, 2
add_player: FAILURE
add_team: FAILURE
get_top_scorer: SUCCESS, 176
get_num_played_games: SUCCESS, 7023
play_match: INVALID_INPUT
get_all_players: SUCCESS
197
149
get_closest_player: SUCCESS, 189
remove_team: FAILURE
get_closest_player: SUCCESS, 61
add_player: FAILURE
get_team_points: SUCCESS, 7578
knockout_winner: FAILURE
knockout_winner: SUCCESS, 8
knockout_winner: FAILURE
knockout_winner: FAILURE
knockout_winner: INVALID_INPUT
knockout_winner: INVALID_INPUT
knockout_winner: FAILURE
knockout_winner: INVALID_INPUT
knockout_winner: INVALID_INPUT
knockout_winner: INVALID_INPUT
get_all_players_count: SUCCESS, 6
remove_player: SUCCESS
add_team: FAILURE
remove_player: SUCCESS
get_all_players: SUCCESS
153
69
38
127
37
110
get_team_points: SUCCESS, 11396
get_top_scorer: SUCCESS, 41
get_closest_player: SUCCESS, 82
get_all_players_count: SUCCESS, 10
add_team: FAILURE
get_all_players_count: SUCCESS, 11
remove_team: FAILURE
get_closest_player: SUCCESS, 157
get_top_scorer: SUCCESS, 110
add_player: FAILURE
play_match: INVALID_INPUT
remove_team: FAILURE
add_player: FAILURE
play_match: FAILURE
get_all_players: SUCCESS
182
57
21
7
42
126
72
75
100
26
get_num_played_games: SUCCESS, 10107
remove_team: FAILURE
get_top_scorer: SUCCESS, 28
unite_teams: FAILURE
get_all_players_count: SUCCESS, 8
knockout_winner: SUCCESS, 12
knockout_winner: SUCCESS, 7
knockout_winner: SUCCESS, 7
knockout_winner: FAILURE
knockout_winner: INVALID_INPUT
get_team_points: SUCCESS, 21496
add_team: FAILURE
unite_teams: FAILURE
get_closest_player: SUCCESS, 128
get_top_scorer: SUCCESS, 192
update_player_stats: SUCCESS
add_team: FAILURE
get_team_points: SUCCESS, 21496
remove_player: SUCCESS
get_all_players_count: SUCCESS, 8
get_all_players: SUCCESS
112
184
28
remove_team: FAILURE
update_player_stats: SUCCESS
play_match: FAILURE
knockout_winner: INVALID_INPUT
knockout_winner: FAILURE
knockout_winner: INVALID_INPUT
knockout_winner: INVALID_INPUT
knockout_winner: INVALID_INPUT
unite_teams: FAILURE
get_all_players_count: SUCCESS, 3
knockout_winner: SUCCESS, 8
knockout_winner: INVALID_INPUT
knockout_winner: INVALID_INPUT
knockout_winner: SUCCESS, 7
knockout_winner: SUCCESS, 7
remove_player: SUCCESS
get_num_played_games: SUCCESS, 896
play_match: FAILURE
get_closest_player: SUCCESS, 133
get_team_points: SUCCESS, 7578
get_closest_player: SUCCESS, 15
get_top_scorer: SUCCESS, 176
remove_player: SUCCESS
update_player_stats: SUCCESS
remove_team: FAILURE
play_match: FAILURE
add_team: FAILURE
unite_teams: FAILURE
get_top_scorer: SUCCESS, 172
remove_team: FAILURE
get_num_played_games: SUCCESS, 6360
play_match: FAILURE
unite_teams: FAILURE
add_player: FAILURE
knockout_winner: INVALID_INPUT
knockout_winner: SUCCESS, 7
knockout_winner: INVALID_INPUT
knockout_winner: INVALID_INPUT
knockout_winner: INVALID_INPUT
play_match: FAILURE
remove_team: FAILURE
add_player: FAILURE
get_closest_player: SUCCESS, 200
remove_player: SUCCESS
play_match: SUCCESS
update_player_stats: SUCCESS
get_all_players: SUCCESS
151
187
121
84
188
update_player_stats: SUCCESS
remove_player: SUCCESS
get_all_players: SUCCESS
20
59
166
86
164
133
25
107
196
116
39
83
179
add_player: FAILURE
get_num_played_games: SUCCESS, 1618
add_team: FAILURE
play_match: FAILURE
add_team: FAILURE
remove_player: SUCCESS
play_match: FAILURE
get_num_played_games: SUCCESS, 9070
get_num_played_games: SUCCESS, 18814
add_team: FAILURE
get_top_scorer: SUCCESS, 176
unite_teams: FAILURE
play_match: FAILURE
get_all_players_count: SUCCESS, 10
get_top_scorer: SUCCESS, 147
get_top_scorer: SUCCESS, 73
get_closest_player: SUCCESS, 129
get_all_players: SUCCESS
16
12
45
23
132
155
192
unite_teams: FAILURE
get_top_scorer: SUCCESS, 76
get_all_players: SUCCESS
167
130
32
9
63
162
169
160
47
113
22
41
remove_player: SUCCESS
get_all_players: SUCCESS
144
14
128
108
99
67
73
play_match: FAILURE
get_all_players: SUCCESS
153
69
38
127
37
110
get_all_players_count: SUCCESS, 10
get_closest_player: SUCCESS, 79
add_team: FAILURE
add_team: FAILURE
get_closest_player: SUCCESS, 6
add_player: FAILURE
get_num_played_games: SUCCESS, 1987
get_team_points: SUCCESS, 7753
get_num_played_games: SUCCESS, 1091
play_match: FAILURE
get_all_players: SUCCESS
167
130
32
9
63
162
169
160
47
113
22
41
get_closest_player: SUCCESS, 185
remove_player: SUCCESS
unite_teams: FAILURE
get_team_points: SUCCESS, 7668
get_all_players: SUCCESS
112
184
28
get_all_players_count: SUCCESS, 12
update_player_stats: SUCCESS
get_top_scorer: SUCCESS, 73
unite_teams: FAILURE
get_closest_player: SUCCESS, 47
get_num_played_games: SUCCESS, 434
get_all_players_count: SUCCESS, 7
knockout_winner: SUCCESS, 2
knockout_winner: INVALID_INPUT
knockout_winner: INVALID_INPUT
knockout_winner: SUCCESS, 7
knockout_winner: INVALID_INPUT
get_top_scorer: SUCCESS, 179
remove_player: SUCCESS
play_match: FAILURE
play_match: FAILURE
knockout_winner: INVALID_INPUT
knockout_winner: SUCCESS, 7
knockout_winner: INVALID_INPUT
knockout_winner: INVALID_INPUT
knockout_winner: INVALID_INPUT
get_all_players_count: SUCCESS, 9
get_all_players: SUCCESS
52
40
136
180
191
171
60
53
27
190
147
8
get_num_played_games: SUCCESS, 3483
knockout_winner: SUCCESS, 9
knockout_winner: SUCCESS, 7
knockout_winner: FAILURE
knockout_winner: FAILURE
knockout_winner: INVALID_INPUT
play_match: FAILURE
remove_team: FAILURE
remove_player: SUCCESS
remove_player: SUCCESS
knockout_winner: FAILURE
knockout_winner: SUCCESS, 12
knockout_winner: SUCCESS, 12
knockout_winner: FAILURE
knockout_winner: INVALID_INPUT
knockout_winner: FAILURE
knockout_winner: FAILURE
knockout_winner: FAILURE
knockout_winner: FAILURE
knockout_winner: INVALID_INPUT
get_all_players_count: SUCCESS, 13
remove_team: FAILURE
get_team_points: SUCCESS, 6981
remove_team: FAILURE
get_top_scorer: SUCCESS, 28
add_team: FAILURE
get_closest_player: SUCCESS, 122
knockout_winner: SUCCESS, 7
knockout_winner: INVALID_INPUT
knockout_winner: INVALID_INPUT
knockout_winner: SUCCESS, 7
knockout_winner: INVALID_INPUT
add_team: FAILURE
add_player: FAILURE
add_player: FAILURE
knockout_winner: INVALID_INPUT
knockout_winner: SUCCESS, 12
knockout_winner: INVALID_INPUT
knockout_winner: INVALID_INPUT
knockout_winner: INVALID_INPUT
remove_team: FAILURE
add_team: FAILURE
get_num_played_games: SUCCESS, 3572
remove_team: FAILURE
remove_player: SUCCESS
update_player_stats: SUCCESS
get_top_scorer: SUCCESS, 41
get_team_points: SUCCESS, 7578
get_closest_player: SUCCESS, 111
remove_player: SUCCESS
knockout_winner: SUCCESS, 8
knockout_winner: SUCCESS, 8
knockout_winner: SUCCESS, 8
knockout_winner: SUCCESS, 12
knockout_winner: FAILURE
remove_team: FAILURE
knockout_winner: INVALID_INPUT
knockout_winner: SUCCESS, 7
knockout_winner: INVALID_INPUT
knockout_winner: INVALID_INPUT
knockout_winner: INVALID_INPUT
get_team_points: SUCCESS, 15830
get_top_scorer: SUCCESS, 26
get_all_players_count: SUCCESS, 2
add_team: FAILURE
play_match: FAILURE
get_closest_player: SUCCESS, 66
remove_player: SUCCESS
unite_teams: FAILURE
update_player_stats: SUCCESS
get_team_points: SUCCESS, 1219
get_all_players_count: SUCCESS, 11
get_top_scorer: SUCCESS, 188
add_player: FAILURE
knockout_winner: SUCCESS, 2
knockout_winner: INVALID_INPUT
knockout_winner: INVALID_INPUT
knockout_winner: SUCCESS, 8
knockout_winner: INVALID_INPUT
get_all_players_count: SUCCESS, 12
remove_team: FAILURE
play_match: FAILURE
remove_player: SUCCESS
get_all_players: SUCCESS
112
184
28
update_player_stats: SUCCESS
add_team: FAILURE
play_match: FAILURE
remove_team: FAILURE
remove_player: SUCCESS
add_team: FAILURE
get_closest_player: SUCCESS, 162
get_team_points: SUCCESS, 10592
add_team: FAILURE
play_match: FAILURE
remove_team: FAILURE
remove_team: FAILURE
get_num_played_games: SUCCESS, 9198
remove_player: SUCCESS
play_match: FAILURE
add_player: FAILURE
remove_player: SUCCESS
get_closest_player: SUCCESS, 183
add_player: FAILURE
add_team: FAILURE
get_top_scorer: SUCCESS, 67
get_top_scorer: SUCCESS, 146
get_closest_player: SUCCESS, 133
add_player: FAILURE
get_team_points: SUCCESS, 6981
get_team_points: SUCCESS, 970
get_num_played_games: SUCCESS, 1419
play_match: FAILURE
get_team_points: SUCCESS, 10592
add_team: FAILURE
add_player: FAILURE
get_top_scorer: SUCCESS, 179
unite_teams: SUCCESS
remove_team: FAILURE
knockout_winner: SUCCESS, 8
knockout_winner: SUCCESS, 8
knockout_winner: FAILURE
knockout_winner: SUCCESS, 12
knockout_winner: INVALID_INPUT
add_player: FAILURE
get_top_scorer: SUCCESS, 146
get_all_players: SUCCESS
197
149
get_all_players: SUCCESS
182
57
21
7
42
126
72
75
26
get_closest_player: SUCCESS, 147
get_closest_player: SUCCESS, 74
get_all_players: SUCCESS
182
57
21
7
42
126
72
75
26
unite_teams: FAILURE
get_top_scorer: SUCCESS, 67
unite_teams: FAILURE
remove_player: SUCCESS
get_all_players_count: SUCCESS, 7
get_top_scorer: SUCCESS, 76
remove_player: SUCCESS
get_all_players: SUCCESS
151
187
121
84
188
get_closest_player: SUCCESS, 40
remove_team: FAILURE
get_all_players_count: SUCCESS, 10
get_top_scorer: SUCCESS, 172
get_all_players_count: SUCCESS, 11
unite_teams: FAILURE
get_closest_player: SUCCESS, 6
add_team: FAILURE
remove_team: FAILURE
get_all_players_count: SUCCESS, 9
get_top_scorer: SUCCESS, 30
play_match: FAILURE
update_player_stats: SUCCESS
remove_team: FAILURE
get_team_points: SUCCESS, 21496
get_all_players_count: SUCCESS, 3
get_num_played_games: SUCCESS, 12225
update_player_stats: SUCCESS
get_top_scorer: SUCCESS, 2
get_all_players: SUCCESS
119
135
131
51
66
79
129
78
76
update_player_stats: SUCCESS
add_team: FAILURE
add_player: FAILURE
get_num_played_games: SUCCESS, 13339
remove_team: FAILURE
get_all_players: SUCCESS
197
149
get_num_played_games: SUCCESS, 5200
get_num_played_games: SUCCESS, 896
update_player_stats: SUCCESS
get_all_players_count: SUCCESS, 9
get_all_players_count: SUCCESS, 5
remove_player: SUCCESS
update_player_stats: SUCCESS
knockout_winner: SUCCESS, 12
knockout_winner: SUCCESS, 7
knockout_winner: SUCCESS, 7
knockout_winner: FAILURE
knockout_winner: INVALID_INPUT
get_team_points: SUCCESS, 11396
play_match: FAILURE
remove_player: SUCCESS
add_player: FAILURE
get_all_players: SUCCESS
167
130
32
9
63
169
160
47
113
22
41
update_player_stats: SUCCESS
play_match: SUCCESS
add_player: FAILURE
add_team: FAILURE
add_team: FAILURE
remove_player: SUCCESS
get_all_players: SUCCESS
20
166
164
133
107
196
116
39
59
83
179
add_player: FAILURE
unite_teams: FAILURE
remove_player: SUCCESS
get_top_scorer: SUCCESS, 188
add_team: FAILURE
update_player_stats: SUCCESS
get_closest_player: SUCCESS, 155
add_team: FAILURE
play_match: FAILURE
get_closest_player: SUCCESS, 18
get_team_points: SUCCESS, 970
update_player_stats: SUCCESS
play_match: FAILURE
get_top_scorer: SUCCESS, 76
add_player: FAILURE
get_closest_player: SUCCESS, 37
unite_teams: FAILURE
add_team: FAILURE
update_player_stats: SUCCESS
knockout_winner: FAILURE
knockout_winner: SUCCESS, 12
knockout_winner: FAILURE
knockout_winner: FAILURE
knockout_winner: INVALID_INPUT
update_player_stats: SUCCESS
get_top_scorer: SUCCESS, 110
get_top_scorer: SUCCESS, 179
add_player: FAILURE
add_player: FAILURE
add_team: FAILURE
remove_player: SUCCESS
play_match: FAILURE
update_player_stats: SUCCESS
add_team: FAILURE
update_player_stats: SUCCESS
get_top_scorer: SUCCESS, 26
remove_player: SUCCESS
get_all_players_count: SUCCESS, 10
get_all_players_count: SUCCESS, 8
unite_teams: FAILURE
unite_teams: FAILURE
add_team: FAILURE
play_match: FAILURE
remove_player: SUCCESS
get_team_points: SUCCESS, 7668
get_team_points: SUCCESS, 20905
unite_teams: FAILURE
play_match: FAILURE
get_num_played_games: SUCCESS, 11143
add_player: FAILURE
unite_teams: FAILURE
add_player: FAILURE
get_all_players_count: SUCCESS, 9
remove_team: FAILURE
knockout_winner: SUCCESS, 7
knockout_winner: INVALID_INPUT
knockout_winner: INVALID_INPUT
knockout_winner: FAILURE
knockout_winner: INVALID_INPUT
knockout_winner: SUCCESS, 8
knockout_winner: SUCCESS, 7
knockout_winner: FAILURE
knockout_winner: FAILURE
knockout_winner: INVALID_INPUT
get_all_players_count: SUCCESS, 9
get_closest_player: SUCCESS, 13
add_team: FAILURE
remove_player: SUCCESS
update_player_stats: SUCCESS
add_player: FAILURE
update_player_stats: SUCCESS
unite_teams: FAILURE
get_num_played_games: SUCCESS, 13144
get_closest_player: SUCCESS, 120
knockout_winner: SUCCESS, 7
knockout_winner: SUCCESS, 7
knockout_winner: SUCCESS, 7
knockout_winner: FAILURE
knockout_winner: FAILURE
get_closest_player: SUCCESS, 155
remove_player: SUCCESS
remove_team: FAILURE
get_all_players: SUCCESS
153
38
127
37
110
add_player: FAILURE
update_player_stats: SUCCESS
update_player_stats: SUCCESS
get_num_played_games: SUCCESS, 20784
unite_teams: SUCCESS
get_num_played_games: SUCCESS, 7154
get_closest_player: SUCCESS, 38
remove_player: SUCCESS
play_match: FAILURE
get_team_points: SUCCESS, 6981
get_top_scorer: SUCCESS, 192
get_top_scorer: SUCCESS, 179
get_num_played_games: SUCCESS, 9592
unite_teams: FAILURE
update_player_stats: SUCCESS
get_all_players_count: SUCCESS, 2
get_team_points: SUCCESS, 11396
get_closest_player: SUCCESS, 19
add_team: FAILURE
add_player: FAILURE
add_player: FAILURE
remove_team: FAILURE
play_match: FAILURE
get_team_points: SUCCESS, 21496
unite_teams: FAILURE
get_team_points: SUCCESS, 6626
get_closest_player: SUCCESS, 43
get_closest_player: SUCCESS, 50
add_team: FAILURE
update_player_stats: SUCCESS
add_player: FAILURE
remove_player: SUCCESS
remove_player: SUCCESS
remove_player: SUCCESS
remove_player: SUCCESS
remove_player: SUCCESS
remove_player: SUCCESS
remove_player: SUCCESS
remove_player: SUCCESS
remove_player: SUCCESS
remove_player: SUCCESS
remove_player: SUCCESS
remove_player: SUCCESS
remove_player: SUCCESS
remove_player: SUCCESS
remove_player: SUCCESS
remove_player: SUCCESS
remove_player: SUCCESS
remove_player: SUCCESS
remove_player: SUCCESS
remove_player: SUCCESS
remove_player: SUCCESS
remove_player: SUCCESS
remove_player: SUCCESS
remove_player: SUCCESS
remove_player: SUCCESS
remove_player: SUCCESS
remove_player: SUCCESS
remove_player: SUCCESS
remove_player: SUCCESS
remove_player: SUCCESS
remove_player: SUCCESS
remove_player: SUCCESS
remove_player: SUCCESS
remove_player: SUCCESS
remove_player: SUCCESS
remove_player: SUCCESS
remove_player: SUCCESS
remove_player: SUCCESS
remove_player: SUCCESS
remove_player: SUCCESS
remove_player: SUCCESS
remove_player: SUCCESS
remove_player: SUCCESS
remove_player: SUCCESS
remove_player: SUCCESS
remove_player: SUCCESS
remove_player: SUCCESS
remove_player: SUCCESS
remove_player: SUCCESS
remove_player: SUCCESS
remove_player: SUCCESS
remove_player: SUCCESS
remove_player: SUCCESS
remove_player: SUCCESS
remove_player: SUCCESS
remove_player: SUCCESS
remove_player: SUCCESS
remove_player: SUCCESS
remove_player: SUCCESS
remove_player: SUCCESS
remove_player: SUCCESS
remove_player: SUCCESS
remove_player: SUCCESS
remove_player: SUCCESS
remove_player: SUCCESS
remove_player: SUCCESS
remove_player: SUCCESS
remove_player: SUCCESS
remove_player: SUCCESS
remove_player: SUCCESS
remove_player: SUCCESS
remove_player: SUCCESS
remove_player: SUCCESS
remove_player: SUCCESS
remove_player: SUCCESS
remove_player: SUCCESS
remove_player: SUCCESS
remove_player: SUCCESS
remove_player: SUCCESS
remove_player: SUCCESS
remove_player: SUCCESS
remove_player: SUCCESS
remove_player: SUCCESS
remove_player: SUCCESS
remove_player: SUCCESS
remove_player: SUCCESS
remove_player: SUCCESS
remove_player: SUCCESS
remove_player: SUCCESS
remove_player: SUCCESS
remove_player: SUCCESS
remove_player: SUCCESS
remove_player: SUCCESS
remove_player: SUCCESS
remove_player: SUCCESS
remove_player: SUCCESS
remove_player: SUCCESS
remove_player: SUCCESS
remove_player: SUCCESS
remove_player: SUCCESS
remove_player: SUCCESS
remove_player: SUCCESS
remove_player: SUCCESS
remove_player: SUCCESS
remove_player: SUCCESS
remove_player: SUCCESS
remove_player: SUCCESS
remove_player: SUCCESS
remove_player: SUCCESS
remove_player: SUCCESS
remove_player: SUCCESS
remove_player: SUCCESS
remove_player: SUCCESS
remove_player: SUCCESS
remove_player: SUCCESS
remove_player: SUCCESS
remove_player: SUCCESS
remove_player: SUCCESS
remove_player: SUCCESS
remove_team: SUCCESS
remove_team: SUCCESS
remove_team: SUCCESS
remove_team: SUCCESS
remove_team: SUCCESS
remove_team: SUCCESS
remove_team: SUCCESS
remove_team: SUCCESS
remove_team: SUCCESS
remove_team: SUCCESS
remove_team: SUCCESS
remove_team: SUCCESS
remove_team: SUCCESS
remove_team: SUCCESS
