add_team: SUCCESS
add_team: SUCCESS
add_team: SUCCESS
add_team: SUCCESS
add_team: SUCCESS
add_team: SUCCESS
add_team: SUCCESS
add_team: SUCCESS
add_team: SUCCESS
add_team: SUCCESS
add_team: SUCCESS
add_team: SUCCESS
add_team: SUCCESS
add_team: SUCCESS
add_team: SUCCESS
add_team: SUCCESS
add_team: SUCCESS
add_team: SUCCESS
add_team: SUCCESS
add_team: SUCCESS
add_player: SUCCESS
add_player: SUCCESS
add_player: SUCCESS
add_player: SUCCESS
add_player: SUCCESS
add_player: SUCCESS
add_player: SUCCESS
add_player: SUCCESS
add_player: SUCCESS
add_player: SUCCESS
add_player: SUCCESS
add_player: SUCCESS
add_player: SUCCESS
add_player: SUCCESS
add_player: SUCCESS
add_player: SUCCESS
add_player: SUCCESS
add_player: SUCCESS
add_player: SUCCESS
add_player: SUCCESS
add_player: SUCCESS
add_player: SUCCESS
add_player: SUCCESS
add_player: SUCCESS
add_player: SUCCESS
add_player: SUCCESS
add_player: SUCCESS
add_player: SUCCESS
add_player: SUCCESS
add_player: SUCCESS
add_player: SUCCESS
add_player: SUCCESS
add_player: SUCCESS
add_player: SUCCESS
add_player: SUCCESS
add_player: SUCCESS
add_player: SUCCESS
add_player: SUCCESS
add_player: SUCCESS
add_player: SUCCESS
add_player: SUCCESS
add_player: SUCCESS
add_player: SUCCESS
add_player: SUCCESS
add_player: SUCCESS
add_player: SUCCESS
add_player: SUCCESS
add_player: SUCCESS
add_player: SUCCESS
add_player: SUCCESS
add_player: SUCCESS
add_player: SUCCESS
add_player: SUCCESS
add_player: SUCCESS
add_player: SUCCESS
add_player: SUCCESS
add_player: SUCCESS
add_player: SUCCESS
add_player: SUCCESS
add_player: SUCCESS
add_player: SUCCESS
add_player: SUCCESS
add_player: SUCCESS
add_player: SUCCESS
add_player: SUCCESS
add_player: SUCCESS
add_player: SUCCESS
add_player: SUCCESS
add_player: SUCCESS
add_player: SUCCESS
add_player: SUCCESS
add_player: SUCCESS
add_player: SUCCESS
add_player: SUCCESS
add_player: SUCCESS
add_player: SUCCESS
add_player: SUCCESS
add_player: SUCCESS
add_player: SUCCESS
add_player: SUCCESS
add_player: SUCCESS
add_player: SUCCESS
add_player: SUCCESS
add_player: SUCCESS
add_player: SUCCESS
add_player: SUCCESS
add_player: SUCCESS
add_player: SUCCESS
add_player: SUCCESS
add_player: SUCCESS
add_player: SUCCESS
add_player: SUCCESS
add_player: SUCCESS
add_player: SUCCESS
add_player: SUCCESS
add_player: SUCCESS
add_player: SUCCESS
add_player: SUCCESS
add_player: SUCCESS
add_player: SUCCESS
add_player: SUCCESS
add_player: SUCCESS
add_player: SUCCESS
add_player: SUCCESS
add_player: SUCCESS
add_player: SUCCESS
add_player: SUCCESS
add_player: SUCCESS
add_player: SUCCESS
add_player: SUCCESS
add_player: SUCCESS
add_player: SUCCESS
add_player: SUCCESS
add_player: SUCCESS
add_player: SUCCESS
add_player: SUCCESS
add_player: SUCCESS
add_player: SUCCESS
add_player: SUCCESS
add_player: SUCCESS
add_player: SUCCESS
add_player: SUCCESS
add_player: SUCCESS
add_player: SUCCESS
add_player: SUCCESS
add_player: SUCCESS
add_player: SUCCESS
add_player: SUCCESS
add_player: SUCCESS
add_player: SUCCESS
add_player: SUCCESS
add_player: SUCCESS
add_player: SUCCESS
add_player: SUCCESS
add_player: SUCCESS
add_player: SUCCESS
add_player: SUCCESS
add_player: SUCCESS
add_player: SUCCESS
add_player: SUCCESS
add_player: SUCCESS
add_player: SUCCESS
add_player: SUCCESS
add_player: SUCCESS
add_player: SUCCESS
add_player: SUCCESS
add_player: SUCCESS
add_player: SUCCESS
add_player: SUCCESS
add_player: SUCCESS
add_player: SUCCESS
add_player: SUCCESS
add_player: SUCCESS
add_player: SUCCESS
add_player: SUCCESS
add_player: SUCCESS
add_player: SUCCESS
add_player: SUCCESS
add_player: SUCCESS
add_player: SUCCESS
add_player: SUCCESS
add_player: SUCCESS
add_player: SUCCESS
add_player: SUCCESS
add_player: SUCCESS
add_player: SUCCESS
add_player: SUCCESS
add_player: SUCCESS
add_player: SUCCESS
add_player: SUCCESS
add_player: SUCCESS
add_player: SUCCESS
add_player: SUCCESS
add_player: SUCCESS
add_player: SUCCESS
add_player: SUCCESS
add_player: SUCCESS
add_player: SUCCESS
add_player: SUCCESS
add_player: SUCCESS
add_player: SUCCESS
add_player: SUCCESS
add_player: SUCCESS
add_player: SUCCESS
add_player: SUCCESS
add_player: SUCCESS
add_player: SUCCESS
add_player: SUCCESS
add_player: SUCCESS
add_player: SUCCESS
add_player: SUCCESS
add_player: SUCCESS
add_player: SUCCESS
add_player: SUCCESS
add_player: SUCCESS
add_player: SUCCESS
add_player: SUCCESS
add_player: SUCCESS
add_player: SUCCESS
add_player: SUCCESS
remove_player: SUCCESS
get_closest_player: SUCCESS, 168
play_match: FAILURE
play_match: FAILURE
remove_team: FAILURE
get_all_players_count: SUCCESS, 12
get_num_played_games: SUCCESS, 5390
get_num_played_games: SUCCESS, 3613
get_num_played_games: SUCCESS, 5569
add_team: FAILURE
get_all_players: SUCCESS
179
55
155
84
57
134
get_team_points: SUCCESS, 9955
remove_player: SUCCESS
get_all_players: SUCCESS
6
11
136
162
111
141
19
178
70
13
88
90
100
172
add_team: FAILURE
get_top_scorer: SUCCESS, 68
get_all_players: SUCCESS
82
124
66
147
16
46
86
131
126
130
61
get_all_players_count: SUCCESS, 11
remove_team: FAILURE
get_all_players_count: SUCCESS, 6
get_closest_player: SUCCESS, 168
knockout_winner: SUCCESS, 18
knockout_winner: SUCCESS, 8
knockout_winner: SUCCESS, 8
knockout_winner: SUCCESS, 18
knockout_winner: INVALID_INPUT
knockout_winner: SUCCESS, 9
knockout_winner: SUCCESS, 8
knockout_winner: SUCCESS, 5
knockout_winner: SUCCESS, 16
knockout_winner: INVALID_INPUT
knockout_winner: FAILURE
knockout_winner: SUCCESS, 8
knockout_winner: SUCCESS, 8
knockout_winner: SUCCESS, 18
knockout_winner: INVALID_INPUT
remove_team: FAILURE
play_match: SUCCESS
knockout_winner: SUCCESS, 19
knockout_winner: SUCCESS, 18
knockout_winner: FAILURE
knockout_winner: FAILURE
knockout_winner: INVALID_INPUT
get_all_players_count: SUCCESS, 12
add_player: FAILURE
knockout_winner: FAILURE
knockout_winner: INVALID_INPUT
knockout_winner: INVALID_INPUT
knockout_winner: SUCCESS, 8
knockout_winner: INVALID_INPUT
get_team_points: SUCCESS, 8745
get_all_players: SUCCESS
144
62
35
116
122
161
94
107
117
65
27
add_team: FAILURE
get_team_points: SUCCESS, 11026
get_all_players: SUCCESS
4
96
137
198
48
129
37
93
71
73
update_player_stats: SUCCESS
get_team_points: SUCCESS, 9955
add_player: FAILURE
get_all_players: SUCCESS
167
183
64
59
92
29
177
145
173
remove_player: SUCCESS
play_match: INVALID_INPUT
unite_teams: FAILURE
add_player: FAILURE
add_player: FAILURE
knockout_winner: SUCCESS, 20
knockout_winner: SUCCESS, 18
knockout_winner: FAILURE
knockout_winner: FAILURE
knockout_winner: INVALID_INPUT
play_match: SUCCESS
get_top_scorer: SUCCESS, 68
get_all_players: SUCCESS
69
114
154
39
10
181
187
32
78
26
151
53
add_team: FAILURE
add_team: FAILURE
knockout_winner: SUCCESS, 8
knockout_winner: INVALID_INPUT
knockout_winner: INVALID_INPUT
knockout_winner: SUCCESS, 8
knockout_winner: SUCCESS, 8
unite_teams: FAILURE
update_player_stats: SUCCESS
get_all_players: SUCCESS
160
3
87
50
112
knockout_winner: SUCCESS, 19
knockout_winner: SUCCESS, 18
knockout_winner: FAILURE
knockout_winner: FAILURE
knockout_winner: INVALID_INPUT
play_match: SUCCESS
get_team_points: SUCCESS, 9858
unite_teams: SUCCESS
add_team: FAILURE
add_team: FAILURE
knockout_winner: SUCCESS, 8
knockout_winner: INVALID_INPUT
knockout_winner: INVALID_INPUT
knockout_winner: SUCCESS, 8
knockout_winner: SUCCESS, 8
get_team_points: SUCCESS, 10110
play_match: FAILURE
unite_teams: FAILURE
get_team_points: SUCCESS, 11274
get_num_played_games: SUCCESS, 5569
get_team_points: SUCCESS, 4631
get_top_scorer: SUCCESS, 173
update_player_stats: SUCCESS
unite_teams: FAILURE
get_top_scorer: SUCCESS, 73
unite_teams: FAILURE
add_player: FAILURE
add_team: FAILURE
get_team_points: SUCCESS, 11687
get_closest_player: SUCCESS, 151
get_team_points: SUCCESS, 7047
get_num_played_games: SUCCESS, 11784
get_top_scorer: SUCCESS, 156
unite_teams: FAILURE
knockout_winner: SUCCESS, 8
knockout_winner: SUCCESS, 8
knockout_winner: SUCCESS, 8
knockout_winner: SUCCESS, 20
knockout_winner: FAILURE
add_player: FAILURE
get_top_scorer: SUCCESS, 9
add_team: FAILURE
add_player: FAILURE
get_team_points: SUCCESS, 11026
unite_teams: FAILURE
update_player_stats: SUCCESS
get_closest_player: SUCCESS, 83
remove_team: FAILURE
add_player: FAILURE
get_team_points: SUCCESS, 9955
play_match: FAILURE
update_player_stats: SUCCESS
get_team_points: SUCCESS, 9858
remove_team: FAILURE
get_all_players_count: SUCCESS, 9
get_all_players: SUCCESS
82
124
66
147
16
46
86
131
126
130
61
add_player: FAILURE
play_match: FAILURE
add_player: FAILURE
add_team: FAILURE
remove_team: FAILURE
get_all_players_count: SUCCESS, 8
update_player_stats: SUCCESS
get_all_players_count: SUCCESS, 11
remove_team: FAILURE
get_num_played_games: SUCCESS, 2574
update_player_stats: SUCCESS
add_player: FAILURE
remove_team: FAILURE
play_match: FAILURE
get_all_players: SUCCESS
179
55
155
84
57
134
get_num_played_games: SUCCESS, 2770
update_player_stats: SUCCESS
get_closest_player: SUCCESS, 197
knockout_winner: SUCCESS, 1
knockout_winner: INVALID_INPUT
knockout_winner: INVALID_INPUT
knockout_winner: SUCCESS, 8
knockout_winner: INVALID_INPUT
get_all_players: SUCCESS
127
197
189
77
99
81
138
121
142
add_team: FAILURE
get_all_players: SUCCESS
4
96
137
198
48
129
37
93
71
73
play_match: FAILURE
unite_teams: FAILURE
get_num_played_games: SUCCESS, 7868
update_player_stats: SUCCESS
get_all_players: SUCCESS
85
60
74
133
188
41
153
123
196
43
9
remove_player: SUCCESS
remove_team: FAILURE
get_num_played_games: SUCCESS, 4566
get_team_points: SUCCESS, 7577
add_player: FAILURE
knockout_winner: SUCCESS, 5
knockout_winner: INVALID_INPUT
knockout_winner: INVALID_INPUT
knockout_winner: SUCCESS, 9
knockout_winner: INVALID_INPUT
get_closest_player: SUCCESS, 151
get_all_players_count: SUCCESS, 12
update_player_stats: SUCCESS
get_top_scorer: SUCCESS, 73
get_closest_player: SUCCESS, 22
add_player: FAILURE
get_all_players: SUCCESS
179
55
155
84
57
134
remove_team: FAILURE
remove_team: FAILURE
get_team_points: SUCCESS, 8754
get_closest_player: SUCCESS, 73
remove_player: SUCCESS
add_player: FAILURE
get_all_players: SUCCESS
144
62
35
116
122
161
94
107
117
27
65
knockout_winner: SUCCESS, 20
knockout_winner: SUCCESS, 20
knockout_winner: FAILURE
knockout_winner: FAILURE
knockout_winner: INVALID_INPUT
get_closest_player: SUCCESS, 144
get_team_points: SUCCESS, 7205
add_player: FAILURE
add_team: FAILURE
add_player: FAILURE
add_team: FAILURE
get_team_points: SUCCESS, 19614
play_match: FAILURE
get_all_players: SUCCESS
179
55
155
84
57
134
get_all_players: SUCCESS
69
114
154
39
10
181
187
32
78
26
151
53
remove_team: FAILURE
update_player_stats: SUCCESS
get_top_scorer: SUCCESS, 68
remove_player: SUCCESS
add_team: FAILURE
get_closest_player: SUCCESS, 114
get_closest_player: SUCCESS, 139
get_closest_player: SUCCESS, 166
knockout_winner: SUCCESS, 18
knockout_winner: SUCCESS, 20
knockout_winner: FAILURE
knockout_winner: FAILURE
knockout_winner: INVALID_INPUT
knockout_winner: SUCCESS, 20
knockout_winner: SUCCESS, 20
knockout_winner: FAILURE
knockout_winner: FAILURE
knockout_winner: INVALID_INPUT
get_all_players: SUCCESS
42
25
184
193
get_all_players_count: SUCCESS, 5
knockout_winner: SUCCESS, 18
knockout_winner: SUCCESS, 20
knockout_winner: FAILURE
knockout_winner: FAILURE
knockout_winner: INVALID_INPUT
add_player: FAILURE
get_num_played_games: SUCCESS, 4744
update_player_stats: SUCCESS
knockout_winner: SUCCESS, 18
knockout_winner: SUCCESS, 20
knockout_winner: SUCCESS, 12
knockout_winner: FAILURE
knockout_winner: INVALID_INPUT
get_closest_player: SUCCESS, 16
unite_teams: FAILURE
add_player: FAILURE
add_team: FAILURE
get_all_players_count: SUCCESS, 9
get_all_players_count: SUCCESS, 9
play_match: INVALID_INPUT
add_player: FAILURE
play_match: FAILURE
get_num_played_games: SUCCESS, 7069
get_closest_player: SUCCESS, 175
add_team: FAILURE
get_all_players_count: SUCCESS, 12
remove_player: SUCCESS
get_team_points: SUCCESS, 7577
add_player: FAILURE
unite_teams: FAILURE
remove_player: SUCCESS
get_team_points: SUCCESS, 9300
remove_team: FAILURE
knockout_winner: SUCCESS, 17
knockout_winner: SUCCESS, 20
knockout_winner: SUCCESS, 12
knockout_winner: FAILURE
knockout_winner: INVALID_INPUT
unite_teams: FAILURE
add_player: FAILURE
get_top_scorer: SUCCESS, 89
add_player: FAILURE
play_match: SUCCESS
get_team_points: SUCCESS, 8370
update_player_stats: SUCCESS
get_num_played_games: SUCCESS, 6470
update_player_stats: SUCCESS
get_all_players: SUCCESS
144
62
35
116
122
161
94
107
117
27
65
remove_player: SUCCESS
update_player_stats: SUCCESS
unite_teams: INVALID_INPUT
play_match: FAILURE
get_top_scorer: SUCCESS, 193
remove_player: SUCCESS
add_team: FAILURE
add_player: FAILURE
get_team_points: SUCCESS, 9955
add_team: FAILURE
get_all_players_count: SUCCESS, 8
get_top_scorer: SUCCESS, 142
remove_team: FAILURE
add_player: FAILURE
get_all_players_count: SUCCESS, 5
update_player_stats: SUCCESS
get_all_players_count: SUCCESS, 9
get_team_points: SUCCESS, 9858
get_top_scorer: SUCCESS, 57
play_match: FAILURE
unite_teams: FAILURE
get_all_players: SUCCESS
51
30
2
149
45
118
146
95
33
176
47
168
22
164
165
139
108
80
169
63
156
remove_team: FAILURE
remove_team: FAILURE
knockout_winner: SUCCESS, 16
knockout_winner: SUCCESS, 16
knockout_winner: SUCCESS, 9
knockout_winner: SUCCESS, 16
knockout_winner: FAILURE
get_all_players: SUCCESS
119
28
105
120
52
58
75
5
remove_player: SUCCESS
add_team: FAILURE
remove_player: SUCCESS
get_all_players: SUCCESS
6
11
136
162
111
141
19
178
70
13
88
90
100
172
add_team: FAILURE
get_all_players_count: SUCCESS, 4
remove_player: SUCCESS
remove_player: SUCCESS
add_team: FAILURE
remove_team: FAILURE
get_team_points: SUCCESS, 11274
add_player: FAILURE
add_team: FAILURE
play_match: FAILURE
play_match: FAILURE
get_num_played_games: SUCCESS, 6849
get_all_players: SUCCESS
144
62
35
116
122
161
94
107
117
27
65
remove_player: SUCCESS
get_all_players_count: SUCCESS, 12
get_num_played_games: SUCCESS, 9923
get_team_points: SUCCESS, 9300
update_player_stats: SUCCESS
knockout_winner: FAILURE
knockout_winner: SUCCESS, 9
knockout_winner: FAILURE
knockout_winner: FAILURE
knockout_winner: INVALID_INPUT
update_player_stats: SUCCESS
add_player: FAILURE
unite_teams: FAILURE
unite_teams: FAILURE
update_player_stats: SUCCESS
update_player_stats: SUCCESS
get_closest_player: SUCCESS, 200
get_top_scorer: SUCCESS, 200
update_player_stats: SUCCESS
play_match: FAILURE
knockout_winner: SUCCESS, 17
knockout_winner: SUCCESS, 16
knockout_winner: SUCCESS, 12
knockout_winner: FAILURE
knockout_winner: INVALID_INPUT
get_num_played_games: SUCCESS, 11791
get_all_players: SUCCESS
96
137
198
48
4
129
37
93
71
73
remove_team: FAILURE
remove_player: SUCCESS
add_player: FAILURE
knockout_winner: SUCCESS, 16
knockout_winner: SUCCESS, 9
knockout_winner: SUCCESS, 9
knockout_winner: SUCCESS, 19
knockout_winner: INVALID_INPUT
get_top_scorer: SUCCESS, 112
add_player: FAILURE
play_match: FAILURE
add_player: FAILURE
get_all_players: SUCCESS
91
7
34
115
21
170
67
140
get_all_players: SUCCESS
69
114
154
39
10
181
187
32
78
53
unite_teams: FAILURE
add_player: FAILURE
get_all_players_count: SUCCESS, 13
get_top_scorer: SUCCESS, 90
play_match: FAILURE
get_top_scorer: SUCCESS, 29
get_team_points: SUCCESS, 11026
knockout_winner: SUCCESS, 16
knockout_winner: SUCCESS, 16
knockout_winner: FAILURE
knockout_winner: FAILURE
knockout_winner: INVALID_INPUT
get_team_points: SUCCESS, 7047
get_closest_player: SUCCESS, 28
get_all_players_count: SUCCESS, 8
play_match: FAILURE
unite_teams: FAILURE
add_team: FAILURE
remove_team: FAILURE
get_all_players_count: SUCCESS, 8
add_player: FAILURE
get_all_players_count: SUCCESS, 10
remove_player: SUCCESS
get_closest_player: SUCCESS, 176
add_player: FAILURE
knockout_winner: FAILURE
knockout_winner: SUCCESS, 9
knockout_winner: FAILURE
knockout_winner: SUCCESS, 18
knockout_winner: INVALID_INPUT
get_team_points: SUCCESS, 8370
play_match: FAILURE
add_player: FAILURE
remove_player: SUCCESS
remove_player: SUCCESS
get_all_players: SUCCESS
102
18
109
199
14
148
36
remove_team: FAILURE
get_all_players_count: SUCCESS, 9
remove_team: FAILURE
unite_teams: FAILURE
remove_player: SUCCESS
get_closest_player: SUCCESS, 60
get_num_played_games: SUCCESS, 3948
update_player_stats: SUCCESS
get_all_players: SUCCESS
42
25
184
193
remove_team: FAILURE
get_num_played_games: SUCCESS, 5654
update_player_stats: SUCCESS
get_team_points: SUCCESS, 8370
get_num_played_games: SUCCESS, 3614
get_team_points: SUCCESS, 4631
unite_teams: FAILURE
get_team_points: SUCCESS, 2325
update_player_stats: SUCCESS
add_team: FAILURE
play_match: INVALID_INPUT
unite_teams: FAILURE
update_player_stats: SUCCESS
knockout_winner: FAILURE
knockout_winner: SUCCESS, 9
knockout_winner: FAILURE
knockout_winner: FAILURE
knockout_winner: INVALID_INPUT
remove_player: SUCCESS
knockout_winner: FAILURE
knockout_winner: SUCCESS, 9
knockout_winner: SUCCESS, 9
knockout_winner: SUCCESS, 16
knockout_winner: INVALID_INPUT
knockout_winner: FAILURE
knockout_winner: SUCCESS, 9
knockout_winner: FAILURE
knockout_winner: FAILURE
knockout_winner: INVALID_INPUT
add_team: FAILURE
play_match: FAILURE
get_all_players_count: SUCCESS, 4
remove_team: FAILURE
remove_player: SUCCESS
get_closest_player: SUCCESS, 90
add_team: FAILURE
unite_teams: FAILURE
add_team: FAILURE
update_player_stats: SUCCESS
get_top_scorer: SUCCESS, 125
get_team_points: SUCCESS, 10161
unite_teams: FAILURE
get_closest_player: SUCCESS, 194
add_player: FAILURE
get_closest_player: SUCCESS, 132
update_player_stats: SUCCESS
remove_player: SUCCESS
play_match: FAILURE
get_closest_player: SUCCESS, 140
get_all_players: SUCCESS
167
183
64
59
92
145
173
29
add_player: FAILURE
get_all_players_count: SUCCESS, 4
add_team: FAILURE
get_num_played_games: SUCCESS, 9561
remove_team: FAILURE
get_all_players: SUCCESS
98
103
15
54
194
8
143
38
17
171
89
200
add_team: FAILURE
add_team: FAILURE
remove_team: FAILURE
remove_player: SUCCESS
add_player: FAILURE
get_all_players_count: SUCCESS, 5
unite_teams: FAILURE
get_closest_player: SUCCESS, 8
get_team_points: SUCCESS, 11026
get_top_scorer: SUCCESS, 140
knockout_winner: SUCCESS, 16
knockout_winner: SUCCESS, 16
knockout_winner: FAILURE
knockout_winner: FAILURE
knockout_winner: INVALID_INPUT
add_team: FAILURE
get_all_players: SUCCESS
127
197
189
77
99
81
138
121
142
add_team: FAILURE
unite_teams: FAILURE
get_all_players: SUCCESS
11
162
111
141
19
178
70
13
88
100
172
136
90
remove_player: SUCCESS
update_player_stats: SUCCESS
update_player_stats: SUCCESS
update_player_stats: SUCCESS
get_all_players_count: SUCCESS, 10
get_num_played_games: SUCCESS, 1202
add_team: FAILURE
remove_player: SUCCESS
get_closest_player: SUCCESS, 3
remove_player: SUCCESS
update_player_stats: SUCCESS
get_all_players: SUCCESS
160
3
87
50
112
play_match: FAILURE
update_player_stats: SUCCESS
get_closest_player: SUCCESS, 133
get_all_players: SUCCESS
62
116
122
144
161
94
107
117
65
get_all_players: SUCCESS
69
114
154
39
10
181
187
32
78
53
add_player: FAILURE
add_team: FAILURE
add_team: FAILURE
unite_teams: FAILURE
remove_team: FAILURE
play_match: FAILURE
knockout_winner: SUCCESS, 16
knockout_winner: SUCCESS, 9
knockout_winner: SUCCESS, 9
knockout_winner: SUCCESS, 18
knockout_winner: INVALID_INPUT
remove_team: FAILURE
play_match: FAILURE
add_team: FAILURE
get_all_players: SUCCESS
51
2
149
45
118
146
95
33
176
47
164
165
139
108
80
169
63
156
168
remove_player: SUCCESS
get_num_played_games: SUCCESS, 7580
remove_player: SUCCESS
get_team_points: SUCCESS, 8802
play_match: FAILURE
unite_teams: INVALID_INPUT
update_player_stats: SUCCESS
get_all_players_count: SUCCESS, 9
add_team: FAILURE
add_team: FAILURE
get_num_played_games: SUCCESS, 7623
get_all_players: SUCCESS
60
133
41
153
123
196
43
9
unite_teams: FAILURE
unite_teams: FAILURE
unite_teams: FAILURE
get_num_played_games: SUCCESS, 2378
play_match: FAILURE
add_team: FAILURE
add_team: FAILURE
play_match: FAILURE
get_all_players: SUCCESS
97
40
24
79
152
83
44
125
163
update_player_stats: SUCCESS
remove_player: SUCCESS
knockout_winner: SUCCESS, 9
knockout_winner: SUCCESS, 9
knockout_winner: SUCCESS, 9
knockout_winner: SUCCESS, 16
knockout_winner: INVALID_INPUT
knockout_winner: SUCCESS, 9
knockout_winner: INVALID_INPUT
knockout_winner: INVALID_INPUT
knockout_winner: SUCCESS, 9
knockout_winner: SUCCESS, 9
get_closest_player: SUCCESS, 194
get_team_points: SUCCESS, 7205
get_all_players_count: SUCCESS, 8
update_player_stats: SUCCESS
get_all_players: SUCCESS
60
133
41
153
123
196
43
9
remove_player: SUCCESS
play_match: FAILURE
get_top_scorer: SUCCESS, 193
get_team_points: SUCCESS, 9955
add_team: FAILURE
get_all_players: SUCCESS
167
183
64
59
145
173
29
get_closest_player: SUCCESS, 156
get_team_points: SUCCESS, 9955
play_match: FAILURE
remove_player: SUCCESS
knockout_winner: SUCCESS, 19
knockout_winner: SUCCESS, 16
knockout_winner: FAILURE
knockout_winner: FAILURE
knockout_winner: INVALID_INPUT
update_player_stats: SUCCESS
knockout_winner: SUCCESS, 9
knockout_winner: SUCCESS, 9
knockout_winner: FAILURE
knockout_winner: SUCCESS, 16
knockout_winner: INVALID_INPUT
add_player: FAILURE
remove_player: SUCCESS
get_team_points: SUCCESS, 4631
unite_teams: INVALID_INPUT
add_team: FAILURE
update_player_stats: SUCCESS
unite_teams: FAILURE
get_num_played_games: SUCCESS, 7553
remove_player: SUCCESS
update_player_stats: SUCCESS
unite_teams: FAILURE
knockout_winner: INVALID_INPUT
knockout_winner: SUCCESS, 16
knockout_winner: INVALID_INPUT
knockout_winner: INVALID_INPUT
knockout_winner: INVALID_INPUT
remove_team: FAILURE
get_team_points: SUCCESS, 9305
get_top_scorer: SUCCESS, 29
add_player: FAILURE
get_team_points: SUCCESS, 11687
get_num_played_games: SUCCESS, 9948
get_num_played_games: SUCCESS, 5193
get_top_scorer: SUCCESS, 65
get_team_points: SUCCESS, 11687
add_player: FAILURE
add_player: FAILURE
get_all_players_count: SUCCESS, 3
add_team: FAILURE
unite_teams: FAILURE
get_all_players: SUCCESS
191
190
182
175
56
132
49
104
158
31
113
110
unite_teams: FAILURE
update_player_stats: SUCCESS
unite_teams: FAILURE
update_player_stats: SUCCESS
update_player_stats: SUCCESS
remove_player: SUCCESS
unite_teams: FAILURE
get_team_points: SUCCESS, 9305
remove_player: SUCCESS
get_top_scorer: SUCCESS, 156
get_closest_player: SUCCESS, 147
get_closest_player: SUCCESS, 66
get_all_players: SUCCESS
160
87
50
3
112
knockout_winner: SUCCESS, 18
knockout_winner: SUCCESS, 16
knockout_winner: FAILURE
knockout_winner: FAILURE
knockout_winner: INVALID_INPUT
add_player: FAILURE
get_all_players: SUCCESS
97
40
24
79
152
83
44
125
163
remove_player: SUCCESS
update_player_stats: SUCCESS
get_num_played_games: SUCCESS, 8047
update_player_stats: SUCCESS
knockout_winner: FAILURE
knockout_winner: SUCCESS, 16
knockout_winner: FAILURE
knockout_winner: FAILURE
knockout_winner: INVALID_INPUT
remove_team: FAILURE
get_all_players: SUCCESS
98
103
15
194
8
54
143
38
17
171
200
get_top_scorer: SUCCESS, 185
update_player_stats: SUCCESS
update_player_stats: SUCCESS
get_top_scorer: SUCCESS, 163
remove_player: SUCCESS
get_closest_player: SUCCESS, 141
get_top_scorer: SUCCESS, 65
remove_player: SUCCESS
unite_teams: FAILURE
knockout_winner: SUCCESS, 17
knockout_winner: SUCCESS, 16
knockout_winner: FAILURE
knockout_winner: FAILURE
knockout_winner: INVALID_INPUT
get_all_players: SUCCESS
91
7
34
115
21
170
140
remove_player: SUCCESS
get_team_points: SUCCESS, 9858
get_team_points: SUCCESS, 19701
unite_teams: FAILURE
add_team: FAILURE
play_match: FAILURE
get_team_points: SUCCESS, 4389
get_num_played_games: SUCCESS, 11852
remove_player: SUCCESS
get_team_points: SUCCESS, 7205
unite_teams: FAILURE
update_player_stats: SUCCESS
update_player_stats: SUCCESS
add_player: FAILURE
unite_teams: FAILURE
get_all_players: SUCCESS
60
133
41
153
123
196
43
9
knockout_winner: SUCCESS, 9
knockout_winner: SUCCESS, 9
knockout_winner: SUCCESS, 9
knockout_winner: SUCCESS, 18
knockout_winner: FAILURE
add_player: FAILURE
get_all_players_count: SUCCESS, 9
knockout_winner: SUCCESS, 18
knockout_winner: SUCCESS, 18
knockout_winner: FAILURE
knockout_winner: FAILURE
knockout_winner: INVALID_INPUT
get_team_points: SUCCESS, 9858
get_all_players: SUCCESS
11
111
141
178
70
13
88
162
100
136
90
172
get_all_players: SUCCESS
69
114
154
10
181
187
78
53
unite_teams: FAILURE
play_match: FAILURE
remove_team: FAILURE
get_top_scorer: SUCCESS, 86
add_player: FAILURE
get_num_played_games: SUCCESS, 8221
add_team: FAILURE
add_player: FAILURE
add_team: FAILURE
get_closest_player: SUCCESS, 158
add_team: FAILURE
get_all_players_count: SUCCESS, 4
get_all_players_count: SUCCESS, 12
unite_teams: FAILURE
get_num_played_games: SUCCESS, 4984
remove_team: FAILURE
update_player_stats: SUCCESS
add_team: FAILURE
get_all_players_count: SUCCESS, 8
play_match: FAILURE
add_team: FAILURE
knockout_winner: SUCCESS, 18
knockout_winner: SUCCESS, 18
knockout_winner: FAILURE
knockout_winner: FAILURE
knockout_winner: INVALID_INPUT
get_num_played_games: SUCCESS, 18825
unite_teams: FAILURE
play_match: FAILURE
remove_team: FAILURE
get_all_players: SUCCESS
96
198
48
4
129
93
71
73
play_match: FAILURE
get_closest_player: SUCCESS, 70
get_all_players_count: SUCCESS, 8
remove_team: FAILURE
unite_teams: FAILURE
update_player_stats: SUCCESS
get_all_players_count: SUCCESS, 3
get_closest_player: SUCCESS, 73
add_player: FAILURE
unite_teams: FAILURE
update_player_stats: SUCCESS
get_num_played_games: SUCCESS, 11029
get_top_scorer: SUCCESS, 29
add_team: FAILURE
get_num_played_games: SUCCESS, 5993
get_num_played_games: SUCCESS, 3675
play_match: FAILURE
get_team_points: SUCCESS, 9300
unite_teams: FAILURE
remove_player: SUCCESS
add_player: FAILURE
add_team: FAILURE
get_all_players: SUCCESS
102
18
109
199
14
36
148
get_team_points: SUCCESS, 8244
play_match: FAILURE
remove_player: SUCCESS
update_player_stats: SUCCESS
remove_team: FAILURE
update_player_stats: SUCCESS
add_team: FAILURE
get_all_players_count: SUCCESS, 9
remove_player: SUCCESS
get_closest_player: SUCCESS, 143
get_top_scorer: SUCCESS, 9
get_all_players: SUCCESS
69
114
154
10
181
187
78
53
get_team_points: SUCCESS, 4389
knockout_winner: SUCCESS, 18
knockout_winner: SUCCESS, 9
knockout_winner: SUCCESS, 9
knockout_winner: SUCCESS, 18
knockout_winner: INVALID_INPUT
unite_teams: FAILURE
update_player_stats: SUCCESS
get_all_players: SUCCESS
62
116
161
94
107
144
122
65
get_team_points: SUCCESS, 2325
unite_teams: FAILURE
remove_team: FAILURE
get_team_points: SUCCESS, 10161
knockout_winner: SUCCESS, 17
knockout_winner: SUCCESS, 9
knockout_winner: SUCCESS, 9
knockout_winner: FAILURE
knockout_winner: INVALID_INPUT
add_player: FAILURE
get_all_players_count: SUCCESS, 12
get_all_players: SUCCESS
60
133
41
153
123
196
43
9
add_team: FAILURE
get_all_players_count: SUCCESS, 9
knockout_winner: SUCCESS, 18
knockout_winner: SUCCESS, 9
knockout_winner: SUCCESS, 9
knockout_winner: SUCCESS, 18
knockout_winner: INVALID_INPUT
unite_teams: FAILURE
unite_teams: FAILURE
remove_player: SUCCESS
get_all_players_count: SUCCESS, 4
remove_team: FAILURE
knockout_winner: SUCCESS, 18
knockout_winner: SUCCESS, 18
knockout_winner: FAILURE
knockout_winner: FAILURE
knockout_winner: INVALID_INPUT
update_player_stats: SUCCESS
play_match: FAILURE
get_all_players_count: SUCCESS, 8
get_team_points: SUCCESS, 10161
get_closest_player: SUCCESS, 108
get_num_played_games: SUCCESS, 1724
play_match: FAILURE
play_match: FAILURE
update_player_stats: SUCCESS
unite_teams: FAILURE
play_match: FAILURE
knockout_winner: FAILURE
knockout_winner: SUCCESS, 9
knockout_winner: FAILURE
knockout_winner: SUCCESS, 18
knockout_winner: INVALID_INPUT
add_team: FAILURE
get_all_players: SUCCESS
96
198
48
4
129
93
71
73
get_closest_player: SUCCESS, 153
play_match: FAILURE
update_player_stats: SUCCESS
update_player_stats: SUCCESS
remove_player: SUCCESS
unite_teams: FAILURE
get_num_played_games: SUCCESS, 8300
knockout_winner: SUCCESS, 9
knockout_winner: SUCCESS, 9
knockout_winner: FAILURE
knockout_winner: SUCCESS, 17
knockout_winner: INVALID_INPUT
play_match: FAILURE
get_num_played_games: SUCCESS, 5569
get_team_points: SUCCESS, 10161
get_team_points: SUCCESS, 7047
get_team_points: SUCCESS, 9955
get_all_players_count: SUCCESS, 8
add_team: FAILURE
play_match: FAILURE
get_team_points: SUCCESS, 11687
play_match: FAILURE
get_all_players: SUCCESS
127
197
77
99
81
138
142
121
189
play_match: FAILURE
play_match: FAILURE
get_num_played_games: SUCCESS, 4539
play_match: FAILURE
get_all_players_count: SUCCESS, 17
add_team: FAILURE
play_match: FAILURE
get_top_scorer: SUCCESS, 200
get_all_players: SUCCESS
69
114
181
187
78
154
10
53
add_team: FAILURE
add_player: FAILURE
unite_teams: FAILURE
unite_teams: FAILURE
add_player: FAILURE
update_player_stats: SUCCESS
add_team: FAILURE
update_player_stats: SUCCESS
remove_team: FAILURE
get_all_players: SUCCESS
191
190
182
175
56
49
104
158
31
110
132
update_player_stats: SUCCESS
remove_team: FAILURE
get_top_scorer: SUCCESS, 189
get_all_players: SUCCESS
159
72
195
76
128
150
192
1
185
update_player_stats: SUCCESS
unite_teams: FAILURE
unite_teams: FAILURE
update_player_stats: SUCCESS
get_all_players: SUCCESS
62
116
161
94
107
144
122
get_closest_player: SUCCESS, 122
play_match: FAILURE
remove_team: FAILURE
play_match: FAILURE
unite_teams: FAILURE
get_closest_player: SUCCESS, 191
get_all_players_count: SUCCESS, 17
play_match: FAILURE
add_team: FAILURE
get_all_players_count: SUCCESS, 11
get_team_points: SUCCESS, 10161
update_player_stats: SUCCESS
get_closest_player: SUCCESS, 195
add_player: FAILURE
knockout_winner: SUCCESS, 9
knockout_winner: SUCCESS, 9
knockout_winner: SUCCESS, 9
knockout_winner: SUCCESS, 18
knockout_winner: INVALID_INPUT
get_closest_player: SUCCESS, 131
get_all_players_count: SUCCESS, 11
add_team: FAILURE
play_match: FAILURE
get_all_players: SUCCESS
191
190
182
175
56
49
104
158
31
110
132
knockout_winner: SUCCESS, 18
knockout_winner: SUCCESS, 9
knockout_winner: SUCCESS, 9
knockout_winner: FAILURE
knockout_winner: INVALID_INPUT
get_num_played_games: SUCCESS, 940
get_closest_player: SUCCESS, 16
add_team: FAILURE
add_team: FAILURE
knockout_winner: SUCCESS, 9
knockout_winner: SUCCESS, 9
knockout_winner: FAILURE
knockout_winner: FAILURE
knockout_winner: INVALID_INPUT
get_all_players_count: SUCCESS, 7
get_closest_player: SUCCESS, 187
remove_player: SUCCESS
remove_team: FAILURE
unite_teams: FAILURE
knockout_winner: FAILURE
knockout_winner: INVALID_INPUT
knockout_winner: INVALID_INPUT
knockout_winner: SUCCESS, 9
knockout_winner: INVALID_INPUT
remove_player: SUCCESS
get_all_players_count: SUCCESS, 6
get_top_scorer: SUCCESS, 140
remove_team: FAILURE
get_team_points: SUCCESS, 2325
remove_player: SUCCESS
remove_player: SUCCESS
get_num_played_games: SUCCESS, 13491
remove_team: FAILURE
get_team_points: SUCCESS, 11274
update_player_stats: SUCCESS
get_all_players_count: SUCCESS, 8
get_top_scorer: SUCCESS, 132
get_top_scorer: SUCCESS, 120
get_closest_player: SUCCESS, 49
add_team: FAILURE
get_all_players_count: SUCCESS, 8
remove_player: SUCCESS
get_all_players: SUCCESS
62
116
161
94
107
144
122
knockout_winner: SUCCESS, 18
knockout_winner: SUCCESS, 9
knockout_winner: SUCCESS, 9
knockout_winner: SUCCESS, 18
knockout_winner: INVALID_INPUT
play_match: FAILURE
get_all_players: SUCCESS
102
109
18
199
14
148
36
get_all_players_count: SUCCESS, 8
unite_teams: INVALID_INPUT
get_all_players: SUCCESS
96
198
48
4
129
93
71
73
get_closest_player: SUCCESS, 97
remove_player: SUCCESS
get_top_scorer: SUCCESS, 84
get_team_points: SUCCESS, 7047
knockout_winner: SUCCESS, 17
knockout_winner: SUCCESS, 18
knockout_winner: FAILURE
knockout_winner: FAILURE
knockout_winner: INVALID_INPUT
get_all_players: SUCCESS
167
183
64
59
173
145
29
remove_player: SUCCESS
play_match: INVALID_INPUT
update_player_stats: SUCCESS
play_match: FAILURE
remove_team: FAILURE
remove_player: SUCCESS
get_all_players: SUCCESS
69
114
181
187
78
154
10
53
get_top_scorer: SUCCESS, 200
remove_player: SUCCESS
get_all_players_count: SUCCESS, 16
add_team: FAILURE
remove_player: SUCCESS
get_closest_player: SUCCESS, 5
get_top_scorer: SUCCESS, 53
remove_team: FAILURE
get_closest_player: SUCCESS, 159
get_closest_player: SUCCESS, 59
get_num_played_games: SUCCESS, 6597
remove_team: FAILURE
get_num_played_games: SUCCESS, 6470
get_team_points: SUCCESS, 11026
add_team: FAILURE
add_team: FAILURE
add_player: FAILURE
unite_teams: FAILURE
get_team_points: SUCCESS, 11274
play_match: FAILURE
get_top_scorer: SUCCESS, 130
remove_player: SUCCESS
remove_player: SUCCESS
play_match: FAILURE
get_closest_player: SUCCESS, 56
get_all_players_count: SUCCESS, 9
unite_teams: SUCCESS
get_all_players: SUCCESS
11
111
141
178
70
88
100
136
90
172
13
get_all_players_count: SUCCESS, 7
knockout_winner: SUCCESS, 17
knockout_winner: SUCCESS, 17
knockout_winner: FAILURE
knockout_winner: FAILURE
knockout_winner: INVALID_INPUT
get_team_points: SUCCESS, 9858
remove_player: SUCCESS
unite_teams: FAILURE
get_all_players_count: SUCCESS, 8
play_match: FAILURE
unite_teams: SUCCESS
unite_teams: FAILURE
add_player: FAILURE
knockout_winner: SUCCESS, 17
knockout_winner: SUCCESS, 9
knockout_winner: SUCCESS, 9
knockout_winner: FAILURE
knockout_winner: INVALID_INPUT
get_team_points: SUCCESS, 4631
get_top_scorer: SUCCESS, 112
get_all_players: SUCCESS
102
109
18
199
148
36
get_all_players: SUCCESS
62
116
161
94
107
144
122
get_all_players_count: SUCCESS, 5
remove_team: FAILURE
remove_team: FAILURE
remove_player: SUCCESS
unite_teams: SUCCESS
play_match: FAILURE
get_all_players: SUCCESS
69
114
181
187
78
154
10
53
get_all_players: SUCCESS
69
114
181
187
78
154
10
53
remove_team: FAILURE
remove_team: FAILURE
add_team: FAILURE
add_player: FAILURE
knockout_winner: SUCCESS, 17
knockout_winner: SUCCESS, 14
knockout_winner: SUCCESS, 14
knockout_winner: FAILURE
knockout_winner: INVALID_INPUT
get_all_players_count: SUCCESS, 11
get_team_points: SUCCESS, 4389
add_team: FAILURE
get_all_players_count: SUCCESS, 7
get_top_scorer: SUCCESS, 84
add_team: FAILURE
get_team_points: SUCCESS, 9955
get_num_played_games: SUCCESS, 4695
remove_player: SUCCESS
play_match: FAILURE
remove_player: SUCCESS
get_closest_player: SUCCESS, 131
get_closest_player: SUCCESS, 97
knockout_winner: SUCCESS, 17
knockout_winner: SUCCESS, 14
knockout_winner: SUCCESS, 14
knockout_winner: FAILURE
knockout_winner: INVALID_INPUT
get_team_points: SUCCESS, 2325
play_match: FAILURE
get_team_points: SUCCESS, 4631
get_all_players: SUCCESS
127
160
87
197
99
50
3
81
112
121
189
get_all_players_count: SUCCESS, 8
update_player_stats: SUCCESS
add_team: FAILURE
get_all_players: SUCCESS
42
25
184
knockout_winner: INVALID_INPUT
knockout_winner: FAILURE
knockout_winner: INVALID_INPUT
knockout_winner: INVALID_INPUT
knockout_winner: INVALID_INPUT
add_team: FAILURE
get_team_points: SUCCESS, 8244
remove_team: FAILURE
update_player_stats: SUCCESS
add_player: FAILURE
update_player_stats: SUCCESS
unite_teams: FAILURE
get_all_players_count: SUCCESS, 7
get_all_players_count: SUCCESS, 8
unite_teams: FAILURE
add_team: FAILURE
unite_teams: FAILURE
get_num_played_games: SUCCESS, 21138
get_num_played_games: SUCCESS, 7555
get_all_players: SUCCESS
159
72
195
76
128
150
192
1
remove_player: SUCCESS
remove_player: SUCCESS
add_team: FAILURE
get_team_points: SUCCESS, 11280
get_closest_player: SUCCESS, 13
get_top_scorer: SUCCESS, 132
get_all_players_count: SUCCESS, 6
remove_player: SUCCESS
get_all_players: SUCCESS
119
52
75
5
28
58
120
unite_teams: FAILURE
add_player: FAILURE
play_match: FAILURE
play_match: FAILURE
get_team_points: SUCCESS, 2325
add_team: FAILURE
update_player_stats: SUCCESS
play_match: FAILURE
update_player_stats: SUCCESS
update_player_stats: SUCCESS
get_all_players_count: SUCCESS, 7
update_player_stats: SUCCESS
unite_teams: FAILURE
remove_player: SUCCESS
remove_player: SUCCESS
remove_player: SUCCESS
add_team: FAILURE
get_top_scorer: SUCCESS, 120
add_player: FAILURE
get_all_players: SUCCESS
119
52
75
5
28
58
120
get_team_points: SUCCESS, 14630
remove_player: SUCCESS
remove_team: FAILURE
knockout_winner: SUCCESS, 8
knockout_winner: SUCCESS, 8
knockout_winner: SUCCESS, 8
knockout_winner: SUCCESS, 17
knockout_winner: INVALID_INPUT
add_player: FAILURE
update_player_stats: SUCCESS
get_num_played_games: SUCCESS, 3449
knockout_winner: FAILURE
knockout_winner: SUCCESS, 8
knockout_winner: SUCCESS, 8
knockout_winner: FAILURE
knockout_winner: INVALID_INPUT
remove_player: SUCCESS
knockout_winner: FAILURE
knockout_winner: SUCCESS, 17
knockout_winner: FAILURE
knockout_winner: FAILURE
knockout_winner: INVALID_INPUT
get_all_players: SUCCESS
98
194
38
17
54
171
200
play_match: FAILURE
remove_team: FAILURE
get_top_scorer: SUCCESS, 200
add_team: FAILURE
play_match: SUCCESS
get_all_players: SUCCESS
159
72
195
76
128
150
192
1
play_match: FAILURE
unite_teams: SUCCESS
get_team_points: SUCCESS, 8244
unite_teams: SUCCESS
update_player_stats: SUCCESS
get_all_players: SUCCESS
102
109
18
199
148
36
get_all_players: SUCCESS
97
40
44
163
125
add_team: FAILURE
get_team_points: SUCCESS, 10161
update_player_stats: SUCCESS
remove_team: FAILURE
get_num_played_games: SUCCESS, 2856
update_player_stats: SUCCESS
get_closest_player: SUCCESS, 99
remove_team: FAILURE
update_player_stats: SUCCESS
get_closest_player: SUCCESS, 171
get_top_scorer: SUCCESS, 53
unite_teams: FAILURE
knockout_winner: SUCCESS, 17
knockout_winner: SUCCESS, 7
knockout_winner: SUCCESS, 7
knockout_winner: SUCCESS, 19
knockout_winner: INVALID_INPUT
get_team_points: SUCCESS, 2325
remove_team: FAILURE
add_team: FAILURE
add_player: FAILURE
remove_player: SUCCESS
add_player: FAILURE
get_num_played_games: SUCCESS, 10694
add_team: FAILURE
play_match: FAILURE
get_top_scorer: SUCCESS, 172
play_match: FAILURE
get_team_points: SUCCESS, 9955
get_num_played_games: SUCCESS, 12223
get_num_played_games: SUCCESS, 2793
add_team: FAILURE
get_top_scorer: SUCCESS, 86
get_all_players: SUCCESS
102
109
18
199
148
36
get_num_played_games: SUCCESS, 21139
get_team_points: SUCCESS, 4389
play_match: FAILURE
add_team: FAILURE
update_player_stats: SUCCESS
knockout_winner: FAILURE
knockout_winner: SUCCESS, 7
knockout_winner: SUCCESS, 7
knockout_winner: SUCCESS, 17
knockout_winner: INVALID_INPUT
get_team_points: SUCCESS, 7205
remove_player: SUCCESS
add_team: FAILURE
remove_team: FAILURE
get_all_players_count: SUCCESS, 7
remove_team: FAILURE
get_team_points: SUCCESS, 11280
knockout_winner: INVALID_INPUT
knockout_winner: INVALID_INPUT
knockout_winner: INVALID_INPUT
knockout_winner: INVALID_INPUT
knockout_winner: INVALID_INPUT
get_team_points: SUCCESS, 40081
get_all_players_count: SUCCESS, 16
remove_team: FAILURE
update_player_stats: SUCCESS
get_top_scorer: SUCCESS, 125
add_team: FAILURE
get_closest_player: SUCCESS, 172
get_all_players_count: SUCCESS, 5
get_all_players: SUCCESS
159
51
2
167
149
72
118
195
183
64
146
95
76
33
45
59
176
47
108
80
169
192
173
1
150
168
145
29
play_match: INVALID_INPUT
update_player_stats: SUCCESS
play_match: FAILURE
remove_team: FAILURE
add_player: FAILURE
play_match: FAILURE
get_top_scorer: SUCCESS, 172
update_player_stats: SUCCESS
get_num_played_games: SUCCESS, 9923
get_num_played_games: SUCCESS, 18082
update_player_stats: SUCCESS
remove_player: SUCCESS
add_player: FAILURE
remove_player: SUCCESS
get_all_players_count: SUCCESS, 5
get_all_players: SUCCESS
98
119
38
17
54
52
171
75
5
200
28
194
58
120
get_top_scorer: SUCCESS, 140
get_closest_player: SUCCESS, 60
get_num_played_games: SUCCESS, 7070
play_match: FAILURE
get_all_players_count: SUCCESS, 16
update_player_stats: SUCCESS
knockout_winner: FAILURE
knockout_winner: SUCCESS, 19
knockout_winner: FAILURE
knockout_winner: FAILURE
knockout_winner: INVALID_INPUT
update_player_stats: SUCCESS
get_team_points: SUCCESS, 4389
add_team: FAILURE
remove_player: SUCCESS
get_num_played_games: SUCCESS, 12420
add_team: FAILURE
play_match: FAILURE
add_player: FAILURE
get_all_players: SUCCESS
102
109
18
199
148
36
remove_team: FAILURE
add_player: FAILURE
get_num_played_games: SUCCESS, 4655
play_match: FAILURE
get_all_players: SUCCESS
62
116
94
144
122
get_num_played_games: SUCCESS, 7723
get_closest_player: SUCCESS, 31
update_player_stats: SUCCESS
unite_teams: INVALID_INPUT
add_team: FAILURE
knockout_winner: SUCCESS, 7
knockout_winner: SUCCESS, 8
knockout_winner: FAILURE
knockout_winner: FAILURE
knockout_winner: INVALID_INPUT
get_all_players: SUCCESS
55
84
unite_teams: FAILURE
unite_teams: FAILURE
get_closest_player: SUCCESS, 43
get_all_players: SUCCESS
55
84
remove_player: SUCCESS
remove_team: FAILURE
get_all_players_count: SUCCESS, 7
get_top_scorer: SUCCESS, 36
play_match: FAILURE
get_all_players: SUCCESS
42
25
184
remove_player: SUCCESS
add_team: FAILURE
get_num_played_games: SUCCESS, 4744
remove_player: SUCCESS
remove_player: SUCCESS
remove_player: SUCCESS
remove_player: SUCCESS
remove_player: SUCCESS
remove_player: SUCCESS
remove_player: SUCCESS
remove_player: SUCCESS
remove_player: SUCCESS
remove_player: SUCCESS
remove_player: SUCCESS
remove_player: SUCCESS
remove_player: SUCCESS
remove_player: SUCCESS
remove_player: SUCCESS
remove_player: SUCCESS
remove_player: SUCCESS
remove_player: SUCCESS
remove_player: SUCCESS
remove_player: SUCCESS
remove_player: SUCCESS
remove_player: SUCCESS
remove_player: SUCCESS
remove_player: SUCCESS
remove_player: SUCCESS
remove_player: SUCCESS
remove_player: SUCCESS
remove_player: SUCCESS
remove_player: SUCCESS
remove_player: SUCCESS
remove_player: SUCCESS
remove_player: SUCCESS
remove_player: SUCCESS
remove_player: SUCCESS
remove_player: SUCCESS
remove_player: SUCCESS
remove_player: SUCCESS
remove_player: SUCCESS
remove_player: SUCCESS
remove_player: SUCCESS
remove_player: SUCCESS
remove_player: SUCCESS
remove_player: SUCCESS
remove_player: SUCCESS
remove_player: SUCCESS
remove_player: SUCCESS
remove_player: SUCCESS
remove_player: SUCCESS
remove_player: SUCCESS
remove_player: SUCCESS
remove_player: SUCCESS
remove_player: SUCCESS
remove_player: SUCCESS
remove_player: SUCCESS
remove_player: SUCCESS
remove_player: SUCCESS
remove_player: SUCCESS
remove_player: SUCCESS
remove_player: SUCCESS
remove_player: SUCCESS
remove_player: SUCCESS
remove_player: SUCCESS
remove_player: SUCCESS
remove_player: SUCCESS
remove_player: SUCCESS
remove_player: SUCCESS
remove_player: SUCCESS
remove_player: SUCCESS
remove_player: SUCCESS
remove_player: SUCCESS
remove_player: SUCCESS
remove_player: SUCCESS
remove_player: SUCCESS
remove_player: SUCCESS
remove_player: SUCCESS
remove_player: SUCCESS
remove_player: SUCCESS
remove_player: SUCCESS
remove_player: SUCCESS
remove_player: SUCCESS
remove_player: SUCCESS
remove_player: SUCCESS
remove_player: SUCCESS
remove_player: SUCCESS
remove_player: SUCCESS
remove_player: SUCCESS
remove_player: SUCCESS
remove_player: SUCCESS
remove_player: SUCCESS
remove_player: SUCCESS
remove_player: SUCCESS
remove_player: SUCCESS
remove_player: SUCCESS
remove_player: SUCCESS
remove_player: SUCCESS
remove_player: SUCCESS
remove_player: SUCCESS
remove_player: SUCCESS
remove_player: SUCCESS
remove_player: SUCCESS
remove_player: SUCCESS
remove_player: SUCCESS
remove_player: SUCCESS
remove_player: SUCCESS
remove_player: SUCCESS
remove_player: SUCCESS
remove_player: SUCCESS
remove_player: SUCCESS
remove_player: SUCCESS
remove_player: SUCCESS
remove_player: SUCCESS
remove_player: SUCCESS
remove_player: SUCCESS
remove_player: SUCCESS
remove_player: SUCCESS
remove_player: SUCCESS
remove_player: SUCCESS
remove_player: SUCCESS
remove_player: SUCCESS
remove_player: SUCCESS
remove_player: SUCCESS
remove_player: SUCCESS
remove_player: SUCCESS
remove_team: SUCCESS
remove_team: SUCCESS
remove_team: SUCCESS
remove_team: SUCCESS
remove_team: SUCCESS
remove_team: SUCCESS
remove_team: SUCCESS
remove_team: SUCCESS
remove_team: SUCCESS
remove_team: SUCCESS
remove_team: SUCCESS
remove_team: SUCCESS
remove_team: SUCCESS
remove_team: SUCCESS
