add_team: SUCCESS
add_team: SUCCESS
add_team: SUCCESS
add_team: SUCCESS
add_team: SUCCESS
add_team: SUCCESS
add_team: SUCCESS
add_team: SUCCESS
add_team: SUCCESS
add_team: SUCCESS
add_team: SUCCESS
add_team: SUCCESS
add_team: SUCCESS
add_team: SUCCESS
add_team: SUCCESS
add_team: SUCCESS
add_team: SUCCESS
add_team: SUCCESS
add_team: SUCCESS
add_team: SUCCESS
add_player: SUCCESS
add_player: SUCCESS
add_player: SUCCESS
add_player: SUCCESS
add_player: SUCCESS
add_player: SUCCESS
add_player: SUCCESS
add_player: SUCCESS
add_player: SUCCESS
add_player: SUCCESS
add_player: SUCCESS
add_player: SUCCESS
add_player: SUCCESS
add_player: SUCCESS
add_player: SUCCESS
add_player: SUCCESS
add_player: SUCCESS
add_player: SUCCESS
add_player: SUCCESS
add_player: SUCCESS
add_player: SUCCESS
add_player: SUCCESS
add_player: SUCCESS
add_player: SUCCESS
add_player: SUCCESS
add_player: SUCCESS
add_player: SUCCESS
add_player: SUCCESS
add_player: SUCCESS
add_player: SUCCESS
add_player: SUCCESS
add_player: SUCCESS
add_player: SUCCESS
add_player: SUCCESS
add_player: SUCCESS
add_player: SUCCESS
add_player: SUCCESS
add_player: SUCCESS
add_player: SUCCESS
add_player: SUCCESS
add_player: SUCCESS
add_player: SUCCESS
add_player: SUCCESS
add_player: SUCCESS
add_player: SUCCESS
add_player: SUCCESS
add_player: SUCCESS
add_player: SUCCESS
add_player: SUCCESS
add_player: SUCCESS
add_player: SUCCESS
add_player: SUCCESS
add_player: SUCCESS
add_player: SUCCESS
add_player: SUCCESS
add_player: SUCCESS
add_player: SUCCESS
add_player: SUCCESS
add_player: SUCCESS
add_player: SUCCESS
add_player: SUCCESS
add_player: SUCCESS
add_player: SUCCESS
add_player: SUCCESS
add_player: SUCCESS
add_player: SUCCESS
add_player: SUCCESS
add_player: SUCCESS
add_player: SUCCESS
add_player: SUCCESS
add_player: SUCCESS
add_player: SUCCESS
add_player: SUCCESS
add_player: SUCCESS
add_player: SUCCESS
add_player: SUCCESS
add_player: SUCCESS
add_player: SUCCESS
add_player: SUCCESS
add_player: SUCCESS
add_player: SUCCESS
add_player: SUCCESS
add_player: SUCCESS
add_player: SUCCESS
add_player: SUCCESS
add_player: SUCCESS
add_player: SUCCESS
add_player: SUCCESS
add_player: SUCCESS
add_player: SUCCESS
add_player: SUCCESS
add_player: SUCCESS
add_player: SUCCESS
add_player: SUCCESS
add_player: SUCCESS
add_player: SUCCESS
add_player: SUCCESS
add_player: SUCCESS
add_player: SUCCESS
add_player: SUCCESS
add_player: SUCCESS
add_player: SUCCESS
add_player: SUCCESS
add_player: SUCCESS
add_player: SUCCESS
add_player: SUCCESS
add_player: SUCCESS
add_player: SUCCESS
add_player: SUCCESS
add_player: SUCCESS
add_player: SUCCESS
add_player: SUCCESS
add_player: SUCCESS
add_player: SUCCESS
add_player: SUCCESS
add_player: SUCCESS
add_player: SUCCESS
add_player: SUCCESS
add_player: SUCCESS
add_player: SUCCESS
add_player: SUCCESS
add_player: SUCCESS
add_player: SUCCESS
add_player: SUCCESS
add_player: SUCCESS
add_player: SUCCESS
add_player: SUCCESS
add_player: SUCCESS
add_player: SUCCESS
add_player: SUCCESS
add_player: SUCCESS
add_player: SUCCESS
add_player: SUCCESS
add_player: SUCCESS
add_player: SUCCESS
add_player: SUCCESS
add_player: SUCCESS
add_player: SUCCESS
add_player: SUCCESS
add_player: SUCCESS
add_player: SUCCESS
add_player: SUCCESS
add_player: SUCCESS
add_player: SUCCESS
add_player: SUCCESS
add_player: SUCCESS
add_player: SUCCESS
add_player: SUCCESS
add_player: SUCCESS
add_player: SUCCESS
add_player: SUCCESS
add_player: SUCCESS
add_player: SUCCESS
add_player: SUCCESS
add_player: SUCCESS
add_player: SUCCESS
add_player: SUCCESS
add_player: SUCCESS
add_player: SUCCESS
add_player: SUCCESS
add_player: SUCCESS
add_player: SUCCESS
add_player: SUCCESS
add_player: SUCCESS
add_player: SUCCESS
add_player: SUCCESS
add_player: SUCCESS
add_player: SUCCESS
add_player: SUCCESS
add_player: SUCCESS
add_player: SUCCESS
add_player: SUCCESS
add_player: SUCCESS
add_player: SUCCESS
add_player: SUCCESS
add_player: SUCCESS
add_player: SUCCESS
add_player: SUCCESS
add_player: SUCCESS
add_player: SUCCESS
add_player: SUCCESS
add_player: SUCCESS
add_player: SUCCESS
add_player: SUCCESS
add_player: SUCCESS
add_player: SUCCESS
add_player: SUCCESS
add_player: SUCCESS
add_player: SUCCESS
add_player: SUCCESS
add_player: SUCCESS
add_player: SUCCESS
add_player: SUCCESS
add_player: SUCCESS
add_player: SUCCESS
add_player: SUCCESS
add_player: SUCCESS
add_player: SUCCESS
add_player: SUCCESS
add_player: SUCCESS
get_all_players: SUCCESS
37
193
42
69
186
172
129
144
181
8
get_closest_player: SUCCESS, 71
get_all_players_count: SUCCESS, 12
add_team: FAILURE
remove_player: SUCCESS
get_num_played_games: SUCCESS, 5878
add_player: FAILURE
get_all_players: SUCCESS
117
9
178
87
92
143
163
156
65
86
199
152
124
get_top_scorer: SUCCESS, 71
remove_team: FAILURE
add_player: FAILURE
remove_player: SUCCESS
get_closest_player: SUCCESS, 117
remove_team: FAILURE
add_player: FAILURE
remove_player: SUCCESS
remove_player: SUCCESS
unite_teams: FAILURE
get_closest_player: SUCCESS, 163
add_team: FAILURE
update_player_stats: SUCCESS
get_top_scorer: SUCCESS, 24
update_player_stats: SUCCESS
remove_team: FAILURE
get_all_players: SUCCESS
115
142
151
127
171
68
71
play_match: FAILURE
get_num_played_games: SUCCESS, 6514
remove_player: SUCCESS
get_all_players_count: SUCCESS, 10
get_top_scorer: SUCCESS, 8
get_all_players_count: SUCCESS, 16
unite_teams: FAILURE
play_match: FAILURE
add_player: FAILURE
add_team: FAILURE
update_player_stats: SUCCESS
knockout_winner: FAILURE
knockout_winner: SUCCESS, 19
knockout_winner: FAILURE
knockout_winner: SUCCESS, 19
knockout_winner: INVALID_INPUT
knockout_winner: SUCCESS, 5
knockout_winner: INVALID_INPUT
knockout_winner: INVALID_INPUT
knockout_winner: SUCCESS, 12
knockout_winner: INVALID_INPUT
get_all_players_count: SUCCESS, 12
get_all_players_count: SUCCESS, 6
knockout_winner: SUCCESS, 19
knockout_winner: SUCCESS, 19
knockout_winner: SUCCESS, 15
knockout_winner: FAILURE
knockout_winner: INVALID_INPUT
remove_player: SUCCESS
get_all_players: SUCCESS
191
43
19
177
112
22
154
50
192
180
73
134
7
81
1
161
get_num_played_games: SUCCESS, 3933
play_match: FAILURE
remove_team: FAILURE
play_match: FAILURE
remove_player: SUCCESS
get_all_players_count: SUCCESS, 9
add_team: FAILURE
get_all_players: SUCCESS
175
33
35
78
13
54
173
185
98
137
131
get_top_scorer: SUCCESS, 58
get_closest_player: SUCCESS, 21
play_match: FAILURE
get_top_scorer: SUCCESS, 56
get_top_scorer: SUCCESS, 20
play_match: FAILURE
get_all_players: SUCCESS
153
32
63
15
188
136
90
79
138
158
110
24
get_top_scorer: SUCCESS, 157
remove_player: SUCCESS
get_all_players: SUCCESS
62
95
55
109
45
get_all_players_count: SUCCESS, 8
add_team: FAILURE
get_top_scorer: SUCCESS, 161
knockout_winner: SUCCESS, 5
knockout_winner: INVALID_INPUT
knockout_winner: INVALID_INPUT
knockout_winner: SUCCESS, 12
knockout_winner: INVALID_INPUT
unite_teams: FAILURE
get_closest_player: SUCCESS, 48
get_top_scorer: SUCCESS, 39
get_top_scorer: SUCCESS, 24
remove_team: FAILURE
get_all_players_count: SUCCESS, 10
play_match: FAILURE
get_all_players_count: SUCCESS, 7
knockout_winner: SUCCESS, 19
knockout_winner: SUCCESS, 19
knockout_winner: SUCCESS, 12
knockout_winner: SUCCESS, 19
knockout_winner: INVALID_INPUT
remove_player: SUCCESS
play_match: FAILURE
unite_teams: FAILURE
get_top_scorer: SUCCESS, 6
remove_team: FAILURE
knockout_winner: SUCCESS, 12
knockout_winner: SUCCESS, 19
knockout_winner: SUCCESS, 5
knockout_winner: SUCCESS, 19
knockout_winner: INVALID_INPUT
remove_team: FAILURE
unite_teams: FAILURE
get_num_played_games: SUCCESS, 7236
add_player: FAILURE
play_match: FAILURE
get_closest_player: SUCCESS, 181
play_match: FAILURE
knockout_winner: SUCCESS, 12
knockout_winner: SUCCESS, 19
knockout_winner: SUCCESS, 12
knockout_winner: SUCCESS, 19
knockout_winner: SUCCESS, 12
get_team_points: SUCCESS, 10494
add_player: FAILURE
remove_team: FAILURE
knockout_winner: FAILURE
knockout_winner: SUCCESS, 19
knockout_winner: FAILURE
knockout_winner: SUCCESS, 19
knockout_winner: INVALID_INPUT
get_top_scorer: SUCCESS, 39
remove_team: FAILURE
remove_team: FAILURE
update_player_stats: SUCCESS
unite_teams: FAILURE
get_closest_player: SUCCESS, 178
update_player_stats: SUCCESS
add_player: FAILURE
get_all_players: SUCCESS
175
33
35
78
13
54
173
185
98
137
131
get_all_players_count: SUCCESS, 9
get_team_points: SUCCESS, 1688
get_all_players: SUCCESS
117
9
178
87
92
143
163
156
65
86
199
152
124
get_top_scorer: SUCCESS, 161
play_match: FAILURE
unite_teams: FAILURE
remove_team: FAILURE
get_team_points: SUCCESS, 6020
add_team: FAILURE
get_closest_player: SUCCESS, 192
get_team_points: SUCCESS, 5911
update_player_stats: SUCCESS
unite_teams: FAILURE
add_team: FAILURE
play_match: INVALID_INPUT
get_team_points: SUCCESS, 5911
remove_team: FAILURE
remove_team: FAILURE
remove_team: FAILURE
update_player_stats: SUCCESS
get_num_played_games: SUCCESS, 11322
remove_team: FAILURE
remove_player: SUCCESS
remove_player: SUCCESS
remove_player: SUCCESS
remove_team: FAILURE
remove_player: SUCCESS
unite_teams: FAILURE
knockout_winner: SUCCESS, 19
knockout_winner: SUCCESS, 19
knockout_winner: FAILURE
knockout_winner: FAILURE
knockout_winner: INVALID_INPUT
get_all_players_count: SUCCESS, 13
remove_team: FAILURE
remove_player: SUCCESS
play_match: FAILURE
get_top_scorer: SUCCESS, 1
get_all_players: SUCCESS
37
193
42
69
186
172
129
144
181
8
play_match: FAILURE
add_player: FAILURE
get_top_scorer: SUCCESS, 131
play_match: FAILURE
unite_teams: SUCCESS
add_team: FAILURE
get_all_players_count: SUCCESS, 10
get_top_scorer: SUCCESS, 89
remove_team: FAILURE
get_top_scorer: SUCCESS, 45
update_player_stats: SUCCESS
add_player: FAILURE
remove_player: SUCCESS
get_all_players: SUCCESS
84
30
176
191
43
19
177
112
189
22
154
50
192
180
59
73
134
128
85
7
76
20
81
1
get_closest_player: SUCCESS, 23
remove_team: FAILURE
add_player: FAILURE
play_match: FAILURE
get_closest_player: SUCCESS, 6
get_team_points: SUCCESS, 7276
update_player_stats: SUCCESS
get_top_scorer: SUCCESS, 46
get_num_played_games: SUCCESS, 4894
update_player_stats: SUCCESS
get_team_points: SUCCESS, 1688
unite_teams: FAILURE
add_player: FAILURE
get_closest_player: SUCCESS, 131
add_team: FAILURE
remove_player: SUCCESS
unite_teams: SUCCESS
get_top_scorer: SUCCESS, 89
get_num_played_games: SUCCESS, 191
get_team_points: SUCCESS, 7655
remove_player: SUCCESS
get_top_scorer: SUCCESS, 39
get_all_players_count: SUCCESS, 7
knockout_winner: SUCCESS, 12
knockout_winner: SUCCESS, 19
knockout_winner: SUCCESS, 5
knockout_winner: SUCCESS, 19
knockout_winner: INVALID_INPUT
update_player_stats: SUCCESS
remove_team: FAILURE
add_team: FAILURE
play_match: SUCCESS
add_team: FAILURE
get_all_players_count: SUCCESS, 10
add_player: FAILURE
get_top_scorer: SUCCESS, 4
play_match: INVALID_INPUT
update_player_stats: SUCCESS
remove_player: SUCCESS
remove_player: SUCCESS
get_team_points: SUCCESS, 9506
play_match: FAILURE
get_all_players_count: SUCCESS, 11
unite_teams: FAILURE
knockout_winner: SUCCESS, 5
knockout_winner: INVALID_INPUT
knockout_winner: INVALID_INPUT
knockout_winner: SUCCESS, 19
knockout_winner: SUCCESS, 6
play_match: FAILURE
get_team_points: SUCCESS, 5911
get_team_points: SUCCESS, 1498
add_team: FAILURE
get_all_players: SUCCESS
64
106
99
123
48
105
111
get_top_scorer: SUCCESS, 124
get_closest_player: SUCCESS, 189
add_team: FAILURE
remove_team: FAILURE
update_player_stats: SUCCESS
get_all_players: SUCCESS
72
53
145
194
91
195
118
120
121
101
12
182
157
get_top_scorer: SUCCESS, 58
add_player: FAILURE
add_player: FAILURE
get_num_played_games: SUCCESS, 3310
unite_teams: FAILURE
unite_teams: FAILURE
add_player: FAILURE
knockout_winner: FAILURE
knockout_winner: SUCCESS, 19
knockout_winner: SUCCESS, 15
knockout_winner: FAILURE
knockout_winner: INVALID_INPUT
play_match: FAILURE
remove_player: SUCCESS
add_player: FAILURE
play_match: FAILURE
get_closest_player: SUCCESS, 66
update_player_stats: SUCCESS
get_top_scorer: SUCCESS, 46
get_all_players_count: SUCCESS, 4
remove_team: FAILURE
knockout_winner: SUCCESS, 6
knockout_winner: SUCCESS, 5
knockout_winner: FAILURE
knockout_winner: SUCCESS, 12
knockout_winner: INVALID_INPUT
get_all_players_count: SUCCESS, 11
unite_teams: SUCCESS
unite_teams: FAILURE
knockout_winner: SUCCESS, 14
knockout_winner: SUCCESS, 19
knockout_winner: FAILURE
knockout_winner: SUCCESS, 19
knockout_winner: INVALID_INPUT
get_all_players_count: SUCCESS, 10
get_top_scorer: SUCCESS, 8
remove_player: SUCCESS
get_num_played_games: SUCCESS, 3699
get_closest_player: SUCCESS, 26
get_closest_player: SUCCESS, 3
get_num_played_games: SUCCESS, 11819
get_top_scorer: SUCCESS, 157
add_team: FAILURE
get_top_scorer: SUCCESS, 124
remove_player: SUCCESS
get_team_points: SUCCESS, 12349
play_match: FAILURE
play_match: FAILURE
unite_teams: FAILURE
get_all_players_count: SUCCESS, 8
get_team_points: SUCCESS, 1498
play_match: FAILURE
remove_team: FAILURE
remove_team: FAILURE
knockout_winner: INVALID_INPUT
knockout_winner: SUCCESS, 19
knockout_winner: INVALID_INPUT
knockout_winner: INVALID_INPUT
knockout_winner: INVALID_INPUT
get_num_played_games: SUCCESS, 1118
unite_teams: FAILURE
remove_team: FAILURE
get_closest_player: SUCCESS, 181
get_top_scorer: SUCCESS, 4
get_num_played_games: SUCCESS, 7250
get_top_scorer: SUCCESS, 4
remove_player: SUCCESS
remove_team: FAILURE
get_team_points: SUCCESS, 15892
remove_team: FAILURE
remove_team: FAILURE
knockout_winner: SUCCESS, 14
knockout_winner: SUCCESS, 19
knockout_winner: FAILURE
knockout_winner: SUCCESS, 19
knockout_winner: INVALID_INPUT
add_player: FAILURE
play_match: FAILURE
remove_player: SUCCESS
unite_teams: FAILURE
knockout_winner: SUCCESS, 14
knockout_winner: SUCCESS, 19
knockout_winner: FAILURE
knockout_winner: SUCCESS, 19
knockout_winner: INVALID_INPUT
get_num_played_games: SUCCESS, 5790
remove_team: FAILURE
get_top_scorer: SUCCESS, 38
get_closest_player: SUCCESS, 90
get_team_points: SUCCESS, 10494
remove_player: SUCCESS
remove_team: FAILURE
get_num_played_games: SUCCESS, 9938
add_team: FAILURE
add_team: FAILURE
get_all_players_count: SUCCESS, 10
get_team_points: SUCCESS, 10494
get_top_scorer: SUCCESS, 157
knockout_winner: FAILURE
knockout_winner: SUCCESS, 12
knockout_winner: FAILURE
knockout_winner: FAILURE
knockout_winner: INVALID_INPUT
unite_teams: FAILURE
get_all_players: SUCCESS
93
17
150
27
174
126
18
6
update_player_stats: SUCCESS
play_match: FAILURE
get_team_points: SUCCESS, 1522
play_match: FAILURE
play_match: FAILURE
update_player_stats: SUCCESS
remove_team: FAILURE
get_num_played_games: SUCCESS, 2908
remove_player: SUCCESS
get_top_scorer: SUCCESS, 77
get_closest_player: SUCCESS, 131
unite_teams: FAILURE
knockout_winner: SUCCESS, 19
knockout_winner: SUCCESS, 19
knockout_winner: SUCCESS, 14
knockout_winner: SUCCESS, 19
knockout_winner: SUCCESS, 14
knockout_winner: SUCCESS, 12
knockout_winner: SUCCESS, 14
knockout_winner: SUCCESS, 6
knockout_winner: FAILURE
knockout_winner: INVALID_INPUT
add_player: FAILURE
get_all_players_count: SUCCESS, 10
update_player_stats: SUCCESS
remove_player: SUCCESS
get_top_scorer: SUCCESS, 39
add_player: FAILURE
get_closest_player: SUCCESS, 148
remove_team: FAILURE
get_all_players_count: SUCCESS, 30
play_match: FAILURE
add_player: FAILURE
get_all_players: SUCCESS
93
17
150
27
174
126
18
6
get_closest_player: SUCCESS, 56
add_player: FAILURE
remove_player: SUCCESS
get_all_players: SUCCESS
72
53
145
91
195
118
194
120
121
101
12
182
157
update_player_stats: SUCCESS
knockout_winner: SUCCESS, 12
knockout_winner: SUCCESS, 14
knockout_winner: SUCCESS, 6
knockout_winner: SUCCESS, 14
knockout_winner: INVALID_INPUT
add_player: FAILURE
play_match: FAILURE
get_closest_player: SUCCESS, 84
remove_team: FAILURE
get_top_scorer: SUCCESS, 157
remove_team: FAILURE
remove_player: SUCCESS
get_all_players: SUCCESS
130
34
100
167
25
104
197
141
164
add_player: FAILURE
play_match: FAILURE
get_all_players_count: SUCCESS, 8
get_team_points: SUCCESS, 4387
get_all_players: SUCCESS
155
10
75
165
26
146
83
103
3
77
get_num_played_games: SUCCESS, 5369
get_all_players_count: SUCCESS, 8
get_top_scorer: SUCCESS, 79
get_all_players_count: SUCCESS, 6
unite_teams: FAILURE
remove_team: FAILURE
update_player_stats: SUCCESS
get_closest_player: SUCCESS, 169
get_top_scorer: SUCCESS, 79
add_team: FAILURE
get_closest_player: SUCCESS, 160
get_team_points: SUCCESS, 3699
get_top_scorer: SUCCESS, 183
add_team: FAILURE
get_all_players: SUCCESS
117
9
178
87
92
143
163
156
65
199
124
get_closest_player: SUCCESS, 177
get_all_players: SUCCESS
153
63
15
32
188
136
90
138
158
110
24
79
play_match: FAILURE
remove_team: FAILURE
get_team_points: SUCCESS, 4387
knockout_winner: SUCCESS, 19
knockout_winner: SUCCESS, 19
knockout_winner: SUCCESS, 14
knockout_winner: SUCCESS, 19
knockout_winner: INVALID_INPUT
get_team_points: SUCCESS, 1498
remove_team: FAILURE
get_team_points: SUCCESS, 10494
get_num_played_games: SUCCESS, 2027
get_top_scorer: SUCCESS, 183
get_all_players: SUCCESS
84
30
176
191
43
115
177
112
142
151
22
154
127
180
171
59
73
134
128
68
85
192
7
76
20
81
1
189
71
knockout_winner: SUCCESS, 14
knockout_winner: SUCCESS, 19
knockout_winner: SUCCESS, 6
knockout_winner: SUCCESS, 19
knockout_winner: INVALID_INPUT
get_all_players: SUCCESS
37
193
42
69
186
172
129
144
181
8
remove_player: SUCCESS
get_all_players_count: SUCCESS, 8
get_top_scorer: SUCCESS, 58
remove_player: SUCCESS
add_team: FAILURE
update_player_stats: SUCCESS
remove_player: SUCCESS
get_num_played_games: SUCCESS, 10335
update_player_stats: SUCCESS
get_top_scorer: SUCCESS, 138
remove_team: FAILURE
get_closest_player: SUCCESS, 145
update_player_stats: SUCCESS
play_match: FAILURE
get_top_scorer: SUCCESS, 183
get_all_players_count: SUCCESS, 8
get_all_players_count: SUCCESS, 10
remove_team: FAILURE
play_match: FAILURE
remove_player: SUCCESS
get_all_players: SUCCESS
64
99
123
48
106
105
111
get_top_scorer: SUCCESS, 71
get_closest_player: SUCCESS, 92
get_all_players: SUCCESS
96
190
133
122
166
21
23
46
add_team: FAILURE
play_match: FAILURE
get_top_scorer: SUCCESS, 149
get_all_players_count: SUCCESS, 8
knockout_winner: FAILURE
knockout_winner: SUCCESS, 19
knockout_winner: SUCCESS, 12
knockout_winner: FAILURE
knockout_winner: INVALID_INPUT
play_match: FAILURE
update_player_stats: SUCCESS
remove_team: FAILURE
add_team: FAILURE
remove_player: SUCCESS
add_player: FAILURE
get_top_scorer: SUCCESS, 8
update_player_stats: SUCCESS
knockout_winner: INVALID_INPUT
knockout_winner: SUCCESS, 19
knockout_winner: INVALID_INPUT
knockout_winner: INVALID_INPUT
knockout_winner: INVALID_INPUT
add_team: FAILURE
add_team: FAILURE
add_team: FAILURE
remove_team: FAILURE
get_closest_player: SUCCESS, 84
add_player: FAILURE
unite_teams: FAILURE
add_team: FAILURE
get_closest_player: SUCCESS, 66
remove_player: SUCCESS
get_team_points: SUCCESS, 1522
get_all_players: SUCCESS
37
42
69
186
172
129
144
181
8
remove_player: SUCCESS
get_all_players_count: SUCCESS, 7
knockout_winner: INVALID_INPUT
knockout_winner: SUCCESS, 19
knockout_winner: INVALID_INPUT
knockout_winner: INVALID_INPUT
knockout_winner: INVALID_INPUT
knockout_winner: SUCCESS, 14
knockout_winner: SUCCESS, 19
knockout_winner: FAILURE
knockout_winner: SUCCESS, 19
knockout_winner: INVALID_INPUT
play_match: FAILURE
get_top_scorer: SUCCESS, 149
update_player_stats: SUCCESS
get_num_played_games: SUCCESS, 1702
get_closest_player: SUCCESS, 130
get_all_players_count: SUCCESS, 15
remove_player: SUCCESS
add_player: FAILURE
get_team_points: SUCCESS, 2976
update_player_stats: SUCCESS
play_match: FAILURE
get_all_players: SUCCESS
60
44
170
162
148
28
56
183
knockout_winner: SUCCESS, 14
knockout_winner: INVALID_INPUT
knockout_winner: INVALID_INPUT
knockout_winner: SUCCESS, 19
knockout_winner: FAILURE
get_all_players_count: SUCCESS, 9
knockout_winner: SUCCESS, 19
knockout_winner: SUCCESS, 19
knockout_winner: SUCCESS, 14
knockout_winner: FAILURE
knockout_winner: INVALID_INPUT
get_all_players: SUCCESS
37
42
69
186
172
129
144
181
8
update_player_stats: SUCCESS
update_player_stats: SUCCESS
update_player_stats: SUCCESS
knockout_winner: FAILURE
knockout_winner: INVALID_INPUT
knockout_winner: INVALID_INPUT
knockout_winner: FAILURE
knockout_winner: INVALID_INPUT
get_num_played_games: SUCCESS, 9318
remove_team: FAILURE
get_all_players_count: SUCCESS, 11
get_closest_player: SUCCESS, 101
get_num_played_games: SUCCESS, 2508
update_player_stats: SUCCESS
get_closest_player: SUCCESS, 181
remove_player: SUCCESS
remove_team: FAILURE
unite_teams: FAILURE
unite_teams: INVALID_INPUT
get_top_scorer: SUCCESS, 124
remove_player: SUCCESS
get_closest_player: SUCCESS, 160
get_all_players: SUCCESS
117
9
178
87
92
143
163
156
65
199
124
add_team: FAILURE
get_all_players: SUCCESS
37
42
69
186
172
129
144
181
8
play_match: FAILURE
get_top_scorer: SUCCESS, 183
remove_team: FAILURE
get_top_scorer: SUCCESS, 131
add_player: FAILURE
unite_teams: FAILURE
get_closest_player: SUCCESS, 169
get_num_played_games: SUCCESS, 2483
remove_team: FAILURE
unite_teams: FAILURE
get_all_players: SUCCESS
64
99
123
48
106
105
111
get_top_scorer: SUCCESS, 6
get_top_scorer: SUCCESS, 111
add_team: FAILURE
add_player: FAILURE
get_top_scorer: SUCCESS, 111
add_team: FAILURE
knockout_winner: SUCCESS, 14
knockout_winner: SUCCESS, 19
knockout_winner: FAILURE
knockout_winner: SUCCESS, 19
knockout_winner: INVALID_INPUT
add_player: FAILURE
get_closest_player: SUCCESS, 188
add_team: FAILURE
get_team_points: SUCCESS, 7655
get_closest_player: SUCCESS, 188
get_num_played_games: SUCCESS, 7236
play_match: INVALID_INPUT
remove_player: SUCCESS
get_closest_player: SUCCESS, 33
remove_team: FAILURE
get_top_scorer: SUCCESS, 8
play_match: FAILURE
get_num_played_games: SUCCESS, 2558
update_player_stats: SUCCESS
add_team: FAILURE
get_team_points: SUCCESS, 10302
get_num_played_games: SUCCESS, 9556
add_player: FAILURE
get_closest_player: SUCCESS, 136
remove_player: SUCCESS
remove_team: FAILURE
knockout_winner: SUCCESS, 19
knockout_winner: SUCCESS, 19
knockout_winner: SUCCESS, 14
knockout_winner: FAILURE
knockout_winner: INVALID_INPUT
get_all_players: SUCCESS
10
75
155
146
83
103
3
77
26
165
add_team: FAILURE
get_all_players: SUCCESS
84
30
176
191
43
115
177
112
142
151
154
127
180
171
59
73
134
128
68
85
192
7
20
81
1
189
71
22
add_player: FAILURE
unite_teams: SUCCESS
remove_player: SUCCESS
add_player: FAILURE
get_num_played_games: SUCCESS, 2027
get_team_points: SUCCESS, 4045
add_team: FAILURE
remove_player: SUCCESS
add_player: FAILURE
play_match: SUCCESS
add_team: FAILURE
get_team_points: SUCCESS, 8927
add_player: FAILURE
get_all_players: SUCCESS
60
44
10
170
162
148
75
155
146
28
83
103
56
3
77
183
26
165
add_player: FAILURE
add_player: FAILURE
get_num_played_games: SUCCESS, 9917
get_team_points: SUCCESS, 12352
add_team: FAILURE
play_match: FAILURE
knockout_winner: INVALID_INPUT
knockout_winner: SUCCESS, 19
knockout_winner: INVALID_INPUT
knockout_winner: INVALID_INPUT
knockout_winner: INVALID_INPUT
knockout_winner: SUCCESS, 19
knockout_winner: SUCCESS, 19
knockout_winner: SUCCESS, 14
knockout_winner: FAILURE
knockout_winner: INVALID_INPUT
knockout_winner: FAILURE
knockout_winner: SUCCESS, 12
knockout_winner: FAILURE
knockout_winner: FAILURE
knockout_winner: INVALID_INPUT
play_match: FAILURE
get_num_played_games: SUCCESS, 14739
get_top_scorer: SUCCESS, 149
play_match: FAILURE
update_player_stats: SUCCESS
get_num_played_games: SUCCESS, 8246
add_team: FAILURE
get_closest_player: SUCCESS, 75
add_player: FAILURE
get_team_points: SUCCESS, 12352
unite_teams: FAILURE
knockout_winner: SUCCESS, 12
knockout_winner: SUCCESS, 14
knockout_winner: FAILURE
knockout_winner: SUCCESS, 16
knockout_winner: INVALID_INPUT
play_match: INVALID_INPUT
add_team: FAILURE
get_closest_player: SUCCESS, 14
get_all_players_count: SUCCESS, 8
get_num_played_games: SUCCESS, 10669
add_player: FAILURE
get_top_scorer: SUCCESS, 164
add_player: FAILURE
remove_player: SUCCESS
get_all_players: SUCCESS
42
69
186
172
129
144
181
8
update_player_stats: SUCCESS
play_match: FAILURE
get_closest_player: SUCCESS, 10
remove_player: SUCCESS
unite_teams: FAILURE
get_top_scorer: SUCCESS, 39
remove_team: FAILURE
update_player_stats: SUCCESS
get_num_played_games: SUCCESS, 17053
get_all_players_count: SUCCESS, 11
get_num_played_games: SUCCESS, 5306
knockout_winner: FAILURE
knockout_winner: INVALID_INPUT
knockout_winner: INVALID_INPUT
knockout_winner: SUCCESS, 12
knockout_winner: INVALID_INPUT
get_top_scorer: SUCCESS, 22
knockout_winner: SUCCESS, 14
knockout_winner: SUCCESS, 19
knockout_winner: FAILURE
knockout_winner: SUCCESS, 19
knockout_winner: INVALID_INPUT
add_player: FAILURE
update_player_stats: SUCCESS
get_num_played_games: SUCCESS, 11281
update_player_stats: SUCCESS
add_team: FAILURE
knockout_winner: FAILURE
knockout_winner: SUCCESS, 19
knockout_winner: SUCCESS, 15
knockout_winner: FAILURE
knockout_winner: INVALID_INPUT
play_match: FAILURE
remove_team: FAILURE
get_all_players: SUCCESS
84
30
176
191
43
177
112
142
151
154
127
180
59
73
134
128
115
171
68
85
192
7
20
81
1
189
71
22
remove_player: SUCCESS
get_all_players: SUCCESS
108
169
70
135
200
2
102
147
47
31
89
132
149
get_all_players_count: SUCCESS, 11
add_player: FAILURE
get_all_players_count: SUCCESS, 28
knockout_winner: SUCCESS, 14
knockout_winner: SUCCESS, 19
knockout_winner: FAILURE
knockout_winner: SUCCESS, 19
knockout_winner: INVALID_INPUT
get_all_players_count: SUCCESS, 16
add_player: FAILURE
add_player: FAILURE
get_all_players_count: SUCCESS, 6
get_closest_player: SUCCESS, 123
add_team: FAILURE
knockout_winner: SUCCESS, 16
knockout_winner: SUCCESS, 19
knockout_winner: FAILURE
knockout_winner: FAILURE
knockout_winner: INVALID_INPUT
remove_team: FAILURE
get_num_played_games: SUCCESS, 3384
get_all_players: SUCCESS
108
169
70
135
200
2
102
147
47
31
89
132
149
play_match: FAILURE
unite_teams: FAILURE
remove_player: SUCCESS
get_all_players: SUCCESS
67
41
58
remove_player: SUCCESS
add_player: FAILURE
get_closest_player: SUCCESS, 200
knockout_winner: SUCCESS, 19
knockout_winner: SUCCESS, 19
knockout_winner: SUCCESS, 14
knockout_winner: SUCCESS, 19
knockout_winner: SUCCESS, 14
add_team: FAILURE
update_player_stats: SUCCESS
update_player_stats: SUCCESS
get_num_played_games: SUCCESS, 4901
remove_player: SUCCESS
update_player_stats: SUCCESS
get_all_players_count: SUCCESS, 10
update_player_stats: SUCCESS
get_top_scorer: SUCCESS, 38
get_team_points: SUCCESS, 1498
add_team: FAILURE
get_num_played_games: SUCCESS, 3929
remove_player: SUCCESS
get_top_scorer: SUCCESS, 46
get_num_played_games: SUCCESS, 3994
get_all_players_count: SUCCESS, 9
update_player_stats: SUCCESS
update_player_stats: SUCCESS
add_player: FAILURE
add_player: FAILURE
remove_player: SUCCESS
add_player: FAILURE
get_all_players_count: SUCCESS, 3
get_all_players: SUCCESS
17
150
174
93
6
126
get_top_scorer: SUCCESS, 79
add_team: FAILURE
get_all_players: SUCCESS
117
9
87
92
143
163
156
65
199
124
add_player: FAILURE
remove_team: FAILURE
unite_teams: FAILURE
get_all_players_count: SUCCESS, 10
update_player_stats: SUCCESS
remove_team: FAILURE
add_player: FAILURE
add_team: FAILURE
update_player_stats: SUCCESS
add_player: FAILURE
get_all_players_count: SUCCESS, 6
remove_team: FAILURE
add_team: FAILURE
unite_teams: FAILURE
remove_player: SUCCESS
update_player_stats: SUCCESS
get_closest_player: SUCCESS, 9
add_player: FAILURE
get_top_scorer: SUCCESS, 1
add_player: FAILURE
get_closest_player: SUCCESS, 127
remove_player: SUCCESS
unite_teams: FAILURE
add_player: FAILURE
play_match: FAILURE
get_team_points: SUCCESS, 4045
play_match: FAILURE
get_num_played_games: SUCCESS, 4802
remove_team: FAILURE
add_team: FAILURE
unite_teams: FAILURE
get_num_played_games: SUCCESS, 2993
remove_player: SUCCESS
get_top_scorer: SUCCESS, 39
get_num_played_games: SUCCESS, 8609
get_team_points: SUCCESS, 13470
update_player_stats: SUCCESS
play_match: INVALID_INPUT
knockout_winner: SUCCESS, 16
knockout_winner: SUCCESS, 16
knockout_winner: FAILURE
knockout_winner: SUCCESS, 16
knockout_winner: FAILURE
remove_player: SUCCESS
knockout_winner: SUCCESS, 16
knockout_winner: SUCCESS, 16
knockout_winner: SUCCESS, 14
knockout_winner: SUCCESS, 16
knockout_winner: SUCCESS, 14
get_all_players_count: SUCCESS, 9
knockout_winner: INVALID_INPUT
knockout_winner: SUCCESS, 16
knockout_winner: INVALID_INPUT
knockout_winner: INVALID_INPUT
knockout_winner: INVALID_INPUT
get_num_played_games: SUCCESS, 9318
get_team_points: SUCCESS, 1522
update_player_stats: SUCCESS
get_team_points: SUCCESS, 1498
knockout_winner: SUCCESS, 16
knockout_winner: SUCCESS, 16
knockout_winner: FAILURE
knockout_winner: FAILURE
knockout_winner: INVALID_INPUT
add_player: FAILURE
update_player_stats: SUCCESS
get_closest_player: SUCCESS, 66
get_num_played_games: SUCCESS, 5636
update_player_stats: SUCCESS
play_match: FAILURE
get_team_points: SUCCESS, 1498
get_top_scorer: SUCCESS, 39
add_team: FAILURE
add_team: FAILURE
get_all_players: SUCCESS
60
170
162
148
75
155
28
83
103
56
3
77
183
26
165
get_num_played_games: SUCCESS, 18091
knockout_winner: SUCCESS, 16
knockout_winner: INVALID_INPUT
knockout_winner: INVALID_INPUT
knockout_winner: SUCCESS, 16
knockout_winner: SUCCESS, 14
remove_team: FAILURE
play_match: FAILURE
unite_teams: INVALID_INPUT
knockout_winner: SUCCESS, 16
knockout_winner: SUCCESS, 16
knockout_winner: FAILURE
knockout_winner: FAILURE
knockout_winner: INVALID_INPUT
knockout_winner: FAILURE
knockout_winner: SUCCESS, 16
knockout_winner: FAILURE
knockout_winner: SUCCESS, 16
knockout_winner: INVALID_INPUT
remove_team: FAILURE
get_team_points: SUCCESS, 8927
get_top_scorer: SUCCESS, 104
get_team_points: SUCCESS, 7655
get_top_scorer: SUCCESS, 131
add_player: FAILURE
knockout_winner: SUCCESS, 16
knockout_winner: SUCCESS, 16
knockout_winner: FAILURE
knockout_winner: FAILURE
knockout_winner: INVALID_INPUT
unite_teams: SUCCESS
remove_player: SUCCESS
get_closest_player: SUCCESS, 149
get_all_players: SUCCESS
95
109
45
get_team_points: SUCCESS, 10302
knockout_winner: FAILURE
knockout_winner: SUCCESS, 16
knockout_winner: FAILURE
knockout_winner: FAILURE
knockout_winner: INVALID_INPUT
knockout_winner: SUCCESS, 14
knockout_winner: INVALID_INPUT
knockout_winner: INVALID_INPUT
knockout_winner: SUCCESS, 16
knockout_winner: FAILURE
add_team: FAILURE
unite_teams: FAILURE
add_team: FAILURE
get_closest_player: SUCCESS, 73
add_team: FAILURE
unite_teams: FAILURE
remove_team: FAILURE
get_all_players: SUCCESS
187
184
160
57
116
119
74
66
39
remove_team: FAILURE
remove_player: SUCCESS
get_all_players: SUCCESS
187
184
160
57
116
119
74
66
39
get_closest_player: SUCCESS, 71
get_closest_player: SUCCESS, 183
get_top_scorer: SUCCESS, 38
get_top_scorer: SUCCESS, 172
remove_player: SUCCESS
remove_team: FAILURE
get_all_players_count: SUCCESS, 7
knockout_winner: FAILURE
knockout_winner: INVALID_INPUT
knockout_winner: INVALID_INPUT
knockout_winner: SUCCESS, 16
knockout_winner: INVALID_INPUT
get_all_players: SUCCESS
96
190
122
166
21
23
46
get_closest_player: SUCCESS, 181
get_top_scorer: SUCCESS, 1
get_all_players: SUCCESS
175
33
35
13
54
185
98
137
131
get_all_players_count: SUCCESS, 2
get_num_played_games: SUCCESS, 10719
get_top_scorer: SUCCESS, 157
get_team_points: SUCCESS, 1688
get_all_players_count: SUCCESS, 12
remove_player: SUCCESS
add_team: FAILURE
get_top_scorer: SUCCESS, 126
remove_player: SUCCESS
remove_player: SUCCESS
get_top_scorer: SUCCESS, 45
add_team: FAILURE
add_player: FAILURE
add_team: FAILURE
get_all_players_count: SUCCESS, 8
knockout_winner: SUCCESS, 16
knockout_winner: SUCCESS, 16
knockout_winner: FAILURE
knockout_winner: SUCCESS, 19
knockout_winner: INVALID_INPUT
get_all_players: SUCCESS
60
170
148
75
155
28
103
56
3
77
183
26
165
get_all_players: SUCCESS
108
169
70
200
2
102
147
135
47
132
149
31
get_all_players: SUCCESS
41
58
knockout_winner: FAILURE
knockout_winner: INVALID_INPUT
knockout_winner: INVALID_INPUT
knockout_winner: SUCCESS, 16
knockout_winner: INVALID_INPUT
add_team: FAILURE
remove_team: FAILURE
knockout_winner: SUCCESS, 19
knockout_winner: SUCCESS, 16
knockout_winner: SUCCESS, 14
knockout_winner: FAILURE
knockout_winner: INVALID_INPUT
get_all_players_count: SUCCESS, 2
add_player: FAILURE
remove_player: SUCCESS
get_all_players_count: SUCCESS, 15
add_player: FAILURE
add_player: FAILURE
update_player_stats: SUCCESS
update_player_stats: SUCCESS
get_top_scorer: SUCCESS, 157
unite_teams: FAILURE
update_player_stats: SUCCESS
get_num_played_games: SUCCESS, 13909
get_top_scorer: SUCCESS, 104
play_match: FAILURE
get_all_players_count: SUCCESS, 8
remove_player: SUCCESS
remove_player: SUCCESS
get_all_players_count: SUCCESS, 9
get_all_players: SUCCESS
95
109
45
get_num_played_games: SUCCESS, 2039
play_match: FAILURE
get_all_players: SUCCESS
84
30
191
43
112
151
154
127
180
59
73
134
128
115
171
68
85
7
20
81
189
71
176
22
1
get_closest_player: SUCCESS, 90
get_team_points: SUCCESS, 4045
get_top_scorer: SUCCESS, 126
get_num_played_games: SUCCESS, 20271
remove_team: FAILURE
play_match: FAILURE
unite_teams: FAILURE
get_team_points: SUCCESS, 2265
knockout_winner: SUCCESS, 16
knockout_winner: SUCCESS, 16
knockout_winner: SUCCESS, 14
knockout_winner: SUCCESS, 16
knockout_winner: SUCCESS, 14
remove_team: FAILURE
add_player: FAILURE
knockout_winner: INVALID_INPUT
knockout_winner: SUCCESS, 16
knockout_winner: INVALID_INPUT
knockout_winner: INVALID_INPUT
knockout_winner: INVALID_INPUT
get_team_points: SUCCESS, 10975
remove_team: FAILURE
add_player: FAILURE
remove_player: SUCCESS
get_closest_player: SUCCESS, 14
add_player: FAILURE
update_player_stats: SUCCESS
get_all_players_count: SUCCESS, 6
get_top_scorer: SUCCESS, 172
get_team_points: SUCCESS, 8927
add_team: FAILURE
get_top_scorer: SUCCESS, 104
remove_team: FAILURE
play_match: FAILURE
get_all_players_count: SUCCESS, 9
get_team_points: SUCCESS, 7607
get_team_points: SUCCESS, 7607
get_all_players_count: SUCCESS, 2
get_num_played_games: SUCCESS, 8609
get_num_played_games: SUCCESS, 5790
get_all_players_count: SUCCESS, 9
update_player_stats: SUCCESS
get_closest_player: SUCCESS, 91
add_player: FAILURE
get_all_players_count: SUCCESS, 8
remove_team: FAILURE
get_all_players_count: SUCCESS, 3
add_team: FAILURE
get_closest_player: SUCCESS, 108
get_top_scorer: SUCCESS, 124
get_top_scorer: SUCCESS, 126
unite_teams: FAILURE
unite_teams: FAILURE
add_team: FAILURE
knockout_winner: SUCCESS, 19
knockout_winner: SUCCESS, 16
knockout_winner: SUCCESS, 14
knockout_winner: FAILURE
knockout_winner: INVALID_INPUT
get_num_played_games: SUCCESS, 15083
get_all_players_count: SUCCESS, 12
get_num_played_games: SUCCESS, 2908
update_player_stats: SUCCESS
add_team: FAILURE
remove_team: FAILURE
get_top_scorer: SUCCESS, 172
remove_player: SUCCESS
add_team: FAILURE
add_team: FAILURE
get_all_players_count: SUCCESS, 9
knockout_winner: FAILURE
knockout_winner: SUCCESS, 16
knockout_winner: FAILURE
knockout_winner: FAILURE
knockout_winner: INVALID_INPUT
get_closest_player: SUCCESS, 189
knockout_winner: SUCCESS, 16
knockout_winner: SUCCESS, 16
knockout_winner: SUCCESS, 14
knockout_winner: FAILURE
knockout_winner: INVALID_INPUT
get_closest_player: SUCCESS, 160
add_team: FAILURE
add_player: FAILURE
add_player: FAILURE
knockout_winner: FAILURE
knockout_winner: SUCCESS, 16
knockout_winner: FAILURE
knockout_winner: FAILURE
knockout_winner: INVALID_INPUT
unite_teams: FAILURE
get_num_played_games: SUCCESS, 3270
play_match: FAILURE
get_team_points: SUCCESS, 4045
add_team: FAILURE
get_team_points: SUCCESS, 1498
play_match: FAILURE
update_player_stats: SUCCESS
add_team: FAILURE
get_closest_player: SUCCESS, 135
remove_player: SUCCESS
knockout_winner: SUCCESS, 14
knockout_winner: SUCCESS, 16
knockout_winner: FAILURE
knockout_winner: SUCCESS, 16
knockout_winner: FAILURE
update_player_stats: SUCCESS
add_player: FAILURE
get_team_points: SUCCESS, 1498
get_top_scorer: SUCCESS, 39
get_all_players_count: SUCCESS, 9
get_all_players: SUCCESS
108
169
70
200
2
102
147
135
47
132
149
get_team_points: SUCCESS, 12352
knockout_winner: SUCCESS, 16
knockout_winner: SUCCESS, 16
knockout_winner: SUCCESS, 14
knockout_winner: SUCCESS, 16
knockout_winner: SUCCESS, 14
play_match: FAILURE
remove_player: SUCCESS
get_closest_player: SUCCESS, 172
get_all_players_count: SUCCESS, 6
update_player_stats: SUCCESS
get_team_points: SUCCESS, 10302
get_all_players: SUCCESS
130
100
25
34
164
104
get_num_played_games: SUCCESS, 21881
get_closest_player: SUCCESS, 105
unite_teams: FAILURE
get_top_scorer: SUCCESS, 58
add_player: FAILURE
update_player_stats: SUCCESS
get_closest_player: SUCCESS, 15
get_all_players_count: SUCCESS, 6
get_num_played_games: SUCCESS, 9436
get_closest_player: SUCCESS, 134
update_player_stats: SUCCESS
remove_team: FAILURE
get_top_scorer: SUCCESS, 46
remove_team: FAILURE
knockout_winner: FAILURE
knockout_winner: INVALID_INPUT
knockout_winner: INVALID_INPUT
knockout_winner: SUCCESS, 16
knockout_winner: FAILURE
add_player: FAILURE
remove_player: SUCCESS
get_team_points: SUCCESS, 10302
get_all_players_count: SUCCESS, 14
get_all_players: SUCCESS
61
140
14
51
139
38
unite_teams: FAILURE
get_all_players_count: SUCCESS, 11
get_all_players_count: SUCCESS, 25
update_player_stats: SUCCESS
get_num_played_games: SUCCESS, 6620
get_num_played_games: SUCCESS, 17032
unite_teams: FAILURE
get_all_players: SUCCESS
17
174
150
6
126
get_closest_player: SUCCESS, 103
get_top_scorer: SUCCESS, 45
get_top_scorer: SUCCESS, 126
knockout_winner: INVALID_INPUT
knockout_winner: SUCCESS, 19
knockout_winner: INVALID_INPUT
knockout_winner: INVALID_INPUT
knockout_winner: INVALID_INPUT
get_all_players: SUCCESS
175
33
35
13
54
185
137
131
98
get_closest_player: SUCCESS, 98
get_top_scorer: SUCCESS, 58
add_team: FAILURE
get_num_played_games: SUCCESS, 3929
get_all_players: SUCCESS
42
69
186
144
129
181
8
172
get_all_players_count: SUCCESS, 14
get_team_points: SUCCESS, 2265
get_num_played_games: SUCCESS, 11606
update_player_stats: SUCCESS
play_match: FAILURE
get_top_scorer: SUCCESS, 79
get_num_played_games: SUCCESS, 12249
unite_teams: FAILURE
update_player_stats: SUCCESS
update_player_stats: SUCCESS
get_top_scorer: SUCCESS, 124
update_player_stats: SUCCESS
get_closest_player: SUCCESS, 115
unite_teams: FAILURE
get_num_played_games: SUCCESS, 3226
get_num_played_games: SUCCESS, 3384
get_top_scorer: SUCCESS, 164
add_team: FAILURE
remove_team: FAILURE
knockout_winner: SUCCESS, 16
knockout_winner: INVALID_INPUT
knockout_winner: INVALID_INPUT
knockout_winner: SUCCESS, 16
knockout_winner: FAILURE
get_all_players_count: SUCCESS, 8
knockout_winner: SUCCESS, 19
knockout_winner: SUCCESS, 16
knockout_winner: SUCCESS, 14
knockout_winner: FAILURE
knockout_winner: INVALID_INPUT
get_top_scorer: SUCCESS, 172
update_player_stats: SUCCESS
get_team_points: SUCCESS, 12352
get_all_players: SUCCESS
84
30
191
43
112
151
154
127
180
73
134
59
128
115
171
85
7
20
81
189
71
176
22
68
1
play_match: FAILURE
get_all_players: SUCCESS
84
30
191
43
112
151
154
127
180
73
134
59
128
115
171
85
7
20
81
189
71
176
22
68
1
remove_team: FAILURE
get_num_played_games: SUCCESS, 14569
get_closest_player: SUCCESS, 101
add_team: FAILURE
add_team: FAILURE
get_all_players_count: SUCCESS, 3
play_match: FAILURE
remove_team: FAILURE
get_all_players: SUCCESS
9
87
92
117
143
163
199
156
124
add_team: FAILURE
unite_teams: FAILURE
remove_team: FAILURE
get_team_points: SUCCESS, 9506
remove_team: FAILURE
knockout_winner: FAILURE
knockout_winner: INVALID_INPUT
knockout_winner: INVALID_INPUT
knockout_winner: SUCCESS, 16
knockout_winner: INVALID_INPUT
get_top_scorer: SUCCESS, 46
add_player: FAILURE
unite_teams: FAILURE
get_all_players: SUCCESS
9
87
92
117
143
163
199
156
124
update_player_stats: SUCCESS
add_team: FAILURE
add_player: FAILURE
remove_team: FAILURE
get_all_players_count: SUCCESS, 6
get_num_played_games: SUCCESS, 3814
get_all_players_count: SUCCESS, 14
get_closest_player: SUCCESS, 165
get_team_points: SUCCESS, 1522
remove_player: SUCCESS
remove_team: FAILURE
update_player_stats: SUCCESS
get_all_players_count: SUCCESS, 4
get_all_players: SUCCESS
184
160
57
119
39
74
get_num_played_games: SUCCESS, 11249
knockout_winner: FAILURE
knockout_winner: SUCCESS, 16
knockout_winner: FAILURE
knockout_winner: FAILURE
knockout_winner: INVALID_INPUT
get_all_players: SUCCESS
184
160
57
119
39
74
play_match: FAILURE
get_top_scorer: SUCCESS, 8
get_all_players: SUCCESS
9
87
92
117
143
163
199
156
124
get_team_points: SUCCESS, 7655
get_top_scorer: SUCCESS, 126
get_all_players_count: SUCCESS, 4
get_all_players_count: SUCCESS, 6
play_match: INVALID_INPUT
remove_team: FAILURE
get_num_played_games: SUCCESS, 7730
get_closest_player: SUCCESS, 22
unite_teams: SUCCESS
knockout_winner: FAILURE
knockout_winner: SUCCESS, 14
knockout_winner: FAILURE
knockout_winner: SUCCESS, 14
knockout_winner: INVALID_INPUT
get_num_played_games: SUCCESS, 16500
knockout_winner: SUCCESS, 14
knockout_winner: SUCCESS, 16
knockout_winner: FAILURE
knockout_winner: SUCCESS, 19
knockout_winner: INVALID_INPUT
get_num_played_games: SUCCESS, 11652
add_player: FAILURE
play_match: FAILURE
remove_player: SUCCESS
remove_team: FAILURE
get_num_played_games: SUCCESS, 3604
add_player: FAILURE
add_team: FAILURE
add_player: FAILURE
get_all_players_count: SUCCESS, 3
get_all_players: SUCCESS
41
58
remove_team: FAILURE
unite_teams: FAILURE
get_team_points: SUCCESS, 7655
add_player: FAILURE
get_all_players_count: SUCCESS, 6
remove_team: FAILURE
remove_team: FAILURE
get_top_scorer: SUCCESS, 79
get_num_played_games: SUCCESS, 9081
remove_player: SUCCESS
unite_teams: INVALID_INPUT
remove_team: FAILURE
get_all_players_count: SUCCESS, 19
unite_teams: FAILURE
knockout_winner: SUCCESS, 16
knockout_winner: INVALID_INPUT
knockout_winner: INVALID_INPUT
knockout_winner: SUCCESS, 16
knockout_winner: SUCCESS, 14
play_match: FAILURE
knockout_winner: FAILURE
knockout_winner: FAILURE
knockout_winner: FAILURE
knockout_winner: FAILURE
knockout_winner: INVALID_INPUT
add_team: FAILURE
unite_teams: FAILURE
get_top_scorer: SUCCESS, 98
get_all_players: SUCCESS
17
174
6
126
knockout_winner: SUCCESS, 19
knockout_winner: SUCCESS, 16
knockout_winner: SUCCESS, 14
knockout_winner: FAILURE
knockout_winner: INVALID_INPUT
unite_teams: INVALID_INPUT
remove_team: FAILURE
get_top_scorer: SUCCESS, 1
remove_player: SUCCESS
remove_player: SUCCESS
remove_player: SUCCESS
remove_player: SUCCESS
remove_player: SUCCESS
remove_player: SUCCESS
remove_player: SUCCESS
remove_player: SUCCESS
remove_player: SUCCESS
remove_player: SUCCESS
remove_player: SUCCESS
remove_player: SUCCESS
remove_player: SUCCESS
remove_player: SUCCESS
remove_player: SUCCESS
remove_player: SUCCESS
remove_player: SUCCESS
remove_player: SUCCESS
remove_player: SUCCESS
remove_player: SUCCESS
remove_player: SUCCESS
remove_player: SUCCESS
remove_player: SUCCESS
remove_player: SUCCESS
remove_player: SUCCESS
remove_player: SUCCESS
remove_player: SUCCESS
remove_player: SUCCESS
remove_player: SUCCESS
remove_player: SUCCESS
remove_player: SUCCESS
remove_player: SUCCESS
remove_player: SUCCESS
remove_player: SUCCESS
remove_player: SUCCESS
remove_player: SUCCESS
remove_player: SUCCESS
remove_player: SUCCESS
remove_player: SUCCESS
remove_player: SUCCESS
remove_player: SUCCESS
remove_player: SUCCESS
remove_player: SUCCESS
remove_player: SUCCESS
remove_player: SUCCESS
remove_player: SUCCESS
remove_player: SUCCESS
remove_player: SUCCESS
remove_player: SUCCESS
remove_player: SUCCESS
remove_player: SUCCESS
remove_player: SUCCESS
remove_player: SUCCESS
remove_player: SUCCESS
remove_player: SUCCESS
remove_player: SUCCESS
remove_player: SUCCESS
remove_player: SUCCESS
remove_player: SUCCESS
remove_player: SUCCESS
remove_player: SUCCESS
remove_player: SUCCESS
remove_player: SUCCESS
remove_player: SUCCESS
remove_player: SUCCESS
remove_player: SUCCESS
remove_player: SUCCESS
remove_player: SUCCESS
remove_player: SUCCESS
remove_player: SUCCESS
remove_player: SUCCESS
remove_player: SUCCESS
remove_player: SUCCESS
remove_player: SUCCESS
remove_player: SUCCESS
remove_player: SUCCESS
remove_player: SUCCESS
remove_player: SUCCESS
remove_player: SUCCESS
remove_player: SUCCESS
remove_player: SUCCESS
remove_player: SUCCESS
remove_player: SUCCESS
remove_player: SUCCESS
remove_player: SUCCESS
remove_player: SUCCESS
remove_player: SUCCESS
remove_player: SUCCESS
remove_player: SUCCESS
remove_player: SUCCESS
remove_player: SUCCESS
remove_player: SUCCESS
remove_player: SUCCESS
remove_player: SUCCESS
remove_player: SUCCESS
remove_player: SUCCESS
remove_player: SUCCESS
remove_player: SUCCESS
remove_player: SUCCESS
remove_player: SUCCESS
remove_player: SUCCESS
remove_player: SUCCESS
remove_player: SUCCESS
remove_player: SUCCESS
remove_player: SUCCESS
remove_player: SUCCESS
remove_player: SUCCESS
remove_player: SUCCESS
remove_player: SUCCESS
remove_player: SUCCESS
remove_player: SUCCESS
remove_player: SUCCESS
remove_player: SUCCESS
remove_player: SUCCESS
remove_player: SUCCESS
remove_player: SUCCESS
remove_player: SUCCESS
remove_player: SUCCESS
remove_player: SUCCESS
remove_player: SUCCESS
remove_player: SUCCESS
remove_player: SUCCESS
remove_player: SUCCESS
remove_player: SUCCESS
remove_player: SUCCESS
remove_player: SUCCESS
remove_player: SUCCESS
remove_player: SUCCESS
remove_team: SUCCESS
remove_team: SUCCESS
remove_team: SUCCESS
remove_team: SUCCESS
remove_team: SUCCESS
remove_team: SUCCESS
remove_team: SUCCESS
remove_team: SUCCESS
remove_team: SUCCESS
remove_team: SUCCESS
remove_team: SUCCESS
remove_team: SUCCESS
remove_team: SUCCESS
remove_team: SUCCESS
