add_team: SUCCESS
add_team: SUCCESS
add_team: SUCCESS
add_team: SUCCESS
add_team: SUCCESS
add_team: SUCCESS
add_team: SUCCESS
add_team: SUCCESS
add_team: SUCCESS
add_team: SUCCESS
add_team: SUCCESS
add_team: SUCCESS
add_team: SUCCESS
add_team: SUCCESS
add_team: SUCCESS
add_team: SUCCESS
add_team: SUCCESS
add_team: SUCCESS
add_team: SUCCESS
add_team: SUCCESS
add_player: SUCCESS
add_player: SUCCESS
add_player: SUCCESS
add_player: SUCCESS
add_player: SUCCESS
add_player: SUCCESS
add_player: SUCCESS
add_player: SUCCESS
add_player: SUCCESS
add_player: SUCCESS
add_player: SUCCESS
add_player: SUCCESS
add_player: SUCCESS
add_player: SUCCESS
add_player: SUCCESS
add_player: SUCCESS
add_player: SUCCESS
add_player: SUCCESS
add_player: SUCCESS
add_player: SUCCESS
add_player: SUCCESS
add_player: SUCCESS
add_player: SUCCESS
add_player: SUCCESS
add_player: SUCCESS
add_player: SUCCESS
add_player: SUCCESS
add_player: SUCCESS
add_player: SUCCESS
add_player: SUCCESS
add_player: SUCCESS
add_player: SUCCESS
add_player: SUCCESS
add_player: SUCCESS
add_player: SUCCESS
add_player: SUCCESS
add_player: SUCCESS
add_player: SUCCESS
add_player: SUCCESS
add_player: SUCCESS
add_player: SUCCESS
add_player: SUCCESS
add_player: SUCCESS
add_player: SUCCESS
add_player: SUCCESS
add_player: SUCCESS
add_player: SUCCESS
add_player: SUCCESS
add_player: SUCCESS
add_player: SUCCESS
add_player: SUCCESS
add_player: SUCCESS
add_player: SUCCESS
add_player: SUCCESS
add_player: SUCCESS
add_player: SUCCESS
add_player: SUCCESS
add_player: SUCCESS
add_player: SUCCESS
add_player: SUCCESS
add_player: SUCCESS
add_player: SUCCESS
add_player: SUCCESS
add_player: SUCCESS
add_player: SUCCESS
add_player: SUCCESS
add_player: SUCCESS
add_player: SUCCESS
add_player: SUCCESS
add_player: SUCCESS
add_player: SUCCESS
add_player: SUCCESS
add_player: SUCCESS
add_player: SUCCESS
add_player: SUCCESS
add_player: SUCCESS
add_player: SUCCESS
add_player: SUCCESS
add_player: SUCCESS
add_player: SUCCESS
add_player: SUCCESS
add_player: SUCCESS
add_player: SUCCESS
add_player: SUCCESS
add_player: SUCCESS
add_player: SUCCESS
add_player: SUCCESS
add_player: SUCCESS
add_player: SUCCESS
add_player: SUCCESS
add_player: SUCCESS
add_player: SUCCESS
add_player: SUCCESS
add_player: SUCCESS
add_player: SUCCESS
add_player: SUCCESS
add_player: SUCCESS
add_player: SUCCESS
add_player: SUCCESS
add_player: SUCCESS
add_player: SUCCESS
add_player: SUCCESS
add_player: SUCCESS
add_player: SUCCESS
add_player: SUCCESS
add_player: SUCCESS
add_player: SUCCESS
add_player: SUCCESS
add_player: SUCCESS
add_player: SUCCESS
add_player: SUCCESS
add_player: SUCCESS
add_player: SUCCESS
add_player: SUCCESS
add_player: SUCCESS
add_player: SUCCESS
add_player: SUCCESS
add_player: SUCCESS
add_player: SUCCESS
add_player: SUCCESS
add_player: SUCCESS
add_player: SUCCESS
add_player: SUCCESS
add_player: SUCCESS
add_player: SUCCESS
add_player: SUCCESS
add_player: SUCCESS
add_player: SUCCESS
add_player: SUCCESS
add_player: SUCCESS
add_player: SUCCESS
add_player: SUCCESS
add_player: SUCCESS
add_player: SUCCESS
add_player: SUCCESS
add_player: SUCCESS
add_player: SUCCESS
add_player: SUCCESS
add_player: SUCCESS
add_player: SUCCESS
add_player: SUCCESS
add_player: SUCCESS
add_player: SUCCESS
add_player: SUCCESS
add_player: SUCCESS
add_player: SUCCESS
add_player: SUCCESS
add_player: SUCCESS
add_player: SUCCESS
add_player: SUCCESS
add_player: SUCCESS
add_player: SUCCESS
add_player: SUCCESS
add_player: SUCCESS
add_player: SUCCESS
add_player: SUCCESS
add_player: SUCCESS
add_player: SUCCESS
add_player: SUCCESS
add_player: SUCCESS
add_player: SUCCESS
add_player: SUCCESS
add_player: SUCCESS
add_player: SUCCESS
add_player: SUCCESS
add_player: SUCCESS
add_player: SUCCESS
add_player: SUCCESS
add_player: SUCCESS
add_player: SUCCESS
add_player: SUCCESS
add_player: SUCCESS
add_player: SUCCESS
add_player: SUCCESS
add_player: SUCCESS
add_player: SUCCESS
add_player: SUCCESS
add_player: SUCCESS
add_player: SUCCESS
add_player: SUCCESS
add_player: SUCCESS
add_player: SUCCESS
add_player: SUCCESS
add_player: SUCCESS
add_player: SUCCESS
add_player: SUCCESS
add_player: SUCCESS
add_player: SUCCESS
add_player: SUCCESS
add_player: SUCCESS
add_player: SUCCESS
add_player: SUCCESS
add_player: SUCCESS
add_player: SUCCESS
add_player: SUCCESS
add_player: SUCCESS
add_player: SUCCESS
add_player: SUCCESS
add_player: SUCCESS
add_player: SUCCESS
add_team: FAILURE
get_all_players_count: SUCCESS, 13
get_all_players: SUCCESS
49
128
67
136
17
72
82
141
154
41
13
knockout_winner: SUCCESS, 19
knockout_winner: SUCCESS, 12
knockout_winner: SUCCESS, 12
knockout_winner: FAILURE
knockout_winner: INVALID_INPUT
remove_team: FAILURE
update_player_stats: SUCCESS
get_team_points: SUCCESS, 4320
add_player: FAILURE
update_player_stats: SUCCESS
add_team: FAILURE
get_top_scorer: SUCCESS, 65
remove_player: SUCCESS
knockout_winner: SUCCESS, 7
knockout_winner: SUCCESS, 12
knockout_winner: SUCCESS, 2
knockout_winner: SUCCESS, 12
knockout_winner: INVALID_INPUT
add_team: FAILURE
update_player_stats: SUCCESS
remove_player: SUCCESS
add_player: FAILURE
get_team_points: SUCCESS, 2236
add_player: FAILURE
add_player: FAILURE
remove_team: FAILURE
get_top_scorer: SUCCESS, 151
get_num_played_games: SUCCESS, 10407
add_player: FAILURE
get_team_points: SUCCESS, 10071
remove_player: SUCCESS
add_team: FAILURE
remove_player: SUCCESS
get_all_players: SUCCESS
138
75
14
170
92
36
add_player: FAILURE
remove_team: FAILURE
knockout_winner: SUCCESS, 12
knockout_winner: SUCCESS, 12
knockout_winner: SUCCESS, 12
knockout_winner: SUCCESS, 19
knockout_winner: INVALID_INPUT
get_all_players: SUCCESS
93
172
132
129
38
112
158
108
80
add_player: FAILURE
add_team: FAILURE
get_top_scorer: SUCCESS, 4
remove_player: SUCCESS
get_num_played_games: SUCCESS, 3747
get_top_scorer: SUCCESS, 151
knockout_winner: SUCCESS, 19
knockout_winner: SUCCESS, 19
knockout_winner: SUCCESS, 14
knockout_winner: FAILURE
knockout_winner: INVALID_INPUT
unite_teams: FAILURE
remove_player: SUCCESS
get_all_players_count: SUCCESS, 13
get_num_played_games: SUCCESS, 5689
get_team_points: SUCCESS, 2236
get_all_players: SUCCESS
49
67
136
17
72
82
141
154
41
13
knockout_winner: SUCCESS, 7
knockout_winner: SUCCESS, 12
knockout_winner: SUCCESS, 2
knockout_winner: SUCCESS, 12
knockout_winner: INVALID_INPUT
get_closest_player: SUCCESS, 87
unite_teams: FAILURE
add_team: FAILURE
unite_teams: FAILURE
remove_team: FAILURE
get_team_points: SUCCESS, 11664
remove_player: SUCCESS
get_all_players: SUCCESS
184
197
45
64
3
23
166
178
73
update_player_stats: SUCCESS
get_num_played_games: SUCCESS, 5331
get_all_players_count: SUCCESS, 9
add_team: FAILURE
unite_teams: FAILURE
remove_team: FAILURE
remove_player: SUCCESS
remove_team: FAILURE
update_player_stats: SUCCESS
knockout_winner: SUCCESS, 12
knockout_winner: SUCCESS, 12
knockout_winner: SUCCESS, 12
knockout_winner: SUCCESS, 19
knockout_winner: INVALID_INPUT
get_top_scorer: SUCCESS, 171
remove_player: SUCCESS
remove_team: FAILURE
knockout_winner: SUCCESS, 16
knockout_winner: SUCCESS, 12
knockout_winner: SUCCESS, 12
knockout_winner: SUCCESS, 19
knockout_winner: INVALID_INPUT
add_player: FAILURE
remove_player: SUCCESS
unite_teams: FAILURE
remove_team: FAILURE
update_player_stats: SUCCESS
add_player: FAILURE
unite_teams: SUCCESS
play_match: FAILURE
add_team: FAILURE
remove_player: SUCCESS
get_num_played_games: SUCCESS, 5949
get_closest_player: SUCCESS, 30
update_player_stats: SUCCESS
unite_teams: FAILURE
get_top_scorer: SUCCESS, 151
knockout_winner: SUCCESS, 16
knockout_winner: SUCCESS, 12
knockout_winner: FAILURE
knockout_winner: FAILURE
knockout_winner: INVALID_INPUT
add_player: FAILURE
get_num_played_games: SUCCESS, 4320
add_player: FAILURE
add_player: FAILURE
remove_team: FAILURE
remove_player: SUCCESS
remove_team: FAILURE
get_all_players_count: SUCCESS, 6
remove_team: FAILURE
play_match: FAILURE
remove_team: FAILURE
play_match: FAILURE
remove_team: FAILURE
get_all_players_count: SUCCESS, 9
knockout_winner: SUCCESS, 7
knockout_winner: SUCCESS, 12
knockout_winner: SUCCESS, 2
knockout_winner: SUCCESS, 12
knockout_winner: INVALID_INPUT
get_closest_player: SUCCESS, 27
get_all_players_count: SUCCESS, 9
play_match: FAILURE
add_player: FAILURE
get_closest_player: SUCCESS, 43
get_closest_player: SUCCESS, 11
unite_teams: FAILURE
update_player_stats: SUCCESS
knockout_winner: SUCCESS, 16
knockout_winner: SUCCESS, 12
knockout_winner: SUCCESS, 12
knockout_winner: SUCCESS, 20
knockout_winner: INVALID_INPUT
get_closest_player: SUCCESS, 196
add_team: FAILURE
remove_player: SUCCESS
get_team_points: SUCCESS, 8220
get_all_players_count: SUCCESS, 21
get_num_played_games: SUCCESS, 6960
knockout_winner: INVALID_INPUT
knockout_winner: SUCCESS, 12
knockout_winner: INVALID_INPUT
knockout_winner: INVALID_INPUT
knockout_winner: INVALID_INPUT
get_all_players: SUCCESS
138
75
14
170
92
36
remove_team: FAILURE
unite_teams: SUCCESS
add_team: FAILURE
add_team: FAILURE
get_all_players: SUCCESS
184
197
45
64
3
23
166
178
73
add_team: FAILURE
update_player_stats: SUCCESS
knockout_winner: SUCCESS, 12
knockout_winner: SUCCESS, 12
knockout_winner: SUCCESS, 12
knockout_winner: SUCCESS, 16
knockout_winner: INVALID_INPUT
get_all_players_count: SUCCESS, 12
get_num_played_games: SUCCESS, 3747
get_all_players_count: SUCCESS, 9
knockout_winner: SUCCESS, 5
knockout_winner: SUCCESS, 8
knockout_winner: FAILURE
knockout_winner: FAILURE
knockout_winner: INVALID_INPUT
add_team: FAILURE
get_closest_player: SUCCESS, 91
knockout_winner: FAILURE
knockout_winner: SUCCESS, 16
knockout_winner: FAILURE
knockout_winner: FAILURE
knockout_winner: INVALID_INPUT
update_player_stats: SUCCESS
get_closest_player: SUCCESS, 71
get_team_points: SUCCESS, 2284
add_player: FAILURE
knockout_winner: SUCCESS, 12
knockout_winner: SUCCESS, 12
knockout_winner: SUCCESS, 12
knockout_winner: FAILURE
knockout_winner: INVALID_INPUT
update_player_stats: SUCCESS
get_num_played_games: SUCCESS, 6593
remove_team: FAILURE
get_closest_player: SUCCESS, 183
get_num_played_games: SUCCESS, 95
get_all_players: SUCCESS
93
172
132
129
38
112
158
108
80
get_num_played_games: SUCCESS, 9927
remove_team: FAILURE
get_team_points: SUCCESS, 6000
knockout_winner: INVALID_INPUT
knockout_winner: SUCCESS, 8
knockout_winner: INVALID_INPUT
knockout_winner: INVALID_INPUT
knockout_winner: INVALID_INPUT
get_all_players_count: SUCCESS, 7
get_top_scorer: SUCCESS, 46
add_player: FAILURE
get_all_players: SUCCESS
193
113
179
83
117
60
52
134
97
159
103
171
add_team: FAILURE
play_match: INVALID_INPUT
get_all_players: SUCCESS
49
67
136
17
82
141
154
13
72
add_player: FAILURE
knockout_winner: INVALID_INPUT
knockout_winner: SUCCESS, 8
knockout_winner: INVALID_INPUT
knockout_winner: INVALID_INPUT
knockout_winner: INVALID_INPUT
get_closest_player: SUCCESS, 160
add_player: FAILURE
get_closest_player: SUCCESS, 98
play_match: SUCCESS
get_all_players_count: SUCCESS, 9
get_closest_player: SUCCESS, 12
add_player: FAILURE
get_all_players: SUCCESS
121
69
139
16
100
37
4
remove_player: SUCCESS
add_player: FAILURE
remove_team: FAILURE
get_team_points: SUCCESS, 4338
remove_team: FAILURE
unite_teams: FAILURE
get_team_points: SUCCESS, 4338
unite_teams: FAILURE
add_team: FAILURE
get_num_played_games: SUCCESS, 11206
knockout_winner: SUCCESS, 5
knockout_winner: INVALID_INPUT
knockout_winner: INVALID_INPUT
knockout_winner: SUCCESS, 8
knockout_winner: INVALID_INPUT
add_team: FAILURE
get_all_players_count: SUCCESS, 3
knockout_winner: SUCCESS, 7
knockout_winner: SUCCESS, 12
knockout_winner: SUCCESS, 2
knockout_winner: SUCCESS, 12
knockout_winner: INVALID_INPUT
get_closest_player: SUCCESS, 64
get_num_played_games: SUCCESS, 5359
add_player: FAILURE
get_all_players: SUCCESS
121
69
139
16
100
37
4
get_closest_player: SUCCESS, 32
knockout_winner: SUCCESS, 12
knockout_winner: SUCCESS, 12
knockout_winner: SUCCESS, 8
knockout_winner: SUCCESS, 16
knockout_winner: INVALID_INPUT
get_all_players: SUCCESS
42
86
29
24
144
185
11
198
186
57
19
145
58
71
74
47
102
120
147
98
167
137
22
59
add_player: FAILURE
unite_teams: FAILURE
remove_team: FAILURE
get_top_scorer: SUCCESS, 55
get_top_scorer: SUCCESS, 4
get_closest_player: SUCCESS, 64
get_team_points: SUCCESS, 6000
remove_player: SUCCESS
get_closest_player: SUCCESS, 114
unite_teams: FAILURE
get_all_players_count: SUCCESS, 7
unite_teams: FAILURE
add_team: FAILURE
get_closest_player: SUCCESS, 170
get_all_players_count: SUCCESS, 11
get_num_played_games: SUCCESS, 11613
unite_teams: FAILURE
add_team: FAILURE
add_team: FAILURE
knockout_winner: SUCCESS, 5
knockout_winner: SUCCESS, 8
knockout_winner: FAILURE
knockout_winner: FAILURE
knockout_winner: INVALID_INPUT
get_all_players: SUCCESS
119
20
148
56
32
152
122
unite_teams: FAILURE
knockout_winner: SUCCESS, 8
knockout_winner: SUCCESS, 12
knockout_winner: SUCCESS, 2
knockout_winner: SUCCESS, 12
knockout_winner: INVALID_INPUT
get_all_players: SUCCESS
138
75
14
170
92
36
remove_player: SUCCESS
add_player: FAILURE
unite_teams: FAILURE
get_closest_player: SUCCESS, 145
get_team_points: SUCCESS, 6000
knockout_winner: SUCCESS, 8
knockout_winner: SUCCESS, 12
knockout_winner: FAILURE
knockout_winner: FAILURE
knockout_winner: INVALID_INPUT
add_team: FAILURE
unite_teams: FAILURE
get_all_players_count: SUCCESS, 14
get_all_players_count: SUCCESS, 23
remove_player: SUCCESS
get_all_players_count: SUCCESS, 14
get_team_points: SUCCESS, 6732
get_all_players_count: SUCCESS, 9
get_closest_player: SUCCESS, 122
get_team_points: SUCCESS, 13599
play_match: FAILURE
get_top_scorer: SUCCESS, 72
unite_teams: FAILURE
get_all_players_count: SUCCESS, 21
get_all_players: SUCCESS
188
195
46
add_player: FAILURE
remove_player: SUCCESS
knockout_winner: SUCCESS, 5
knockout_winner: SUCCESS, 8
knockout_winner: FAILURE
knockout_winner: FAILURE
knockout_winner: INVALID_INPUT
get_closest_player: SUCCESS, 158
remove_team: FAILURE
get_num_played_games: SUCCESS, 2211
remove_team: FAILURE
update_player_stats: SUCCESS
get_team_points: SUCCESS, 11664
play_match: INVALID_INPUT
get_all_players_count: SUCCESS, 12
unite_teams: FAILURE
get_closest_player: SUCCESS, 68
play_match: SUCCESS
get_top_scorer: SUCCESS, 46
unite_teams: FAILURE
remove_team: FAILURE
get_all_players_count: SUCCESS, 11
remove_team: FAILURE
get_team_points: SUCCESS, 8220
add_team: FAILURE
get_top_scorer: SUCCESS, 46
get_num_played_games: SUCCESS, 7537
get_all_players: SUCCESS
18
125
15
34
160
200
40
5
194
51
27
get_num_played_games: SUCCESS, 2583
get_team_points: SUCCESS, 3058
remove_team: FAILURE
get_num_played_games: SUCCESS, 7537
get_team_points: SUCCESS, 3192
get_team_points: SUCCESS, 2902
knockout_winner: SUCCESS, 12
knockout_winner: INVALID_INPUT
knockout_winner: INVALID_INPUT
knockout_winner: SUCCESS, 12
knockout_winner: SUCCESS, 12
get_team_points: SUCCESS, 6000
add_team: FAILURE
add_team: FAILURE
add_team: FAILURE
play_match: FAILURE
get_num_played_games: SUCCESS, 1252
get_all_players_count: SUCCESS, 9
get_team_points: SUCCESS, 11245
get_all_players_count: SUCCESS, 6
remove_player: SUCCESS
remove_player: SUCCESS
remove_player: SUCCESS
remove_player: SUCCESS
update_player_stats: SUCCESS
remove_team: FAILURE
remove_player: SUCCESS
add_player: FAILURE
get_closest_player: SUCCESS, 185
get_all_players: SUCCESS
130
105
114
142
196
76
157
133
knockout_winner: SUCCESS, 14
knockout_winner: SUCCESS, 12
knockout_winner: FAILURE
knockout_winner: FAILURE
knockout_winner: INVALID_INPUT
get_closest_player: SUCCESS, 86
get_top_scorer: SUCCESS, 2
remove_player: SUCCESS
unite_teams: FAILURE
get_team_points: SUCCESS, 2902
get_team_points: SUCCESS, 13599
get_all_players_count: SUCCESS, 6
get_num_played_games: SUCCESS, 1252
add_player: FAILURE
unite_teams: FAILURE
add_player: FAILURE
get_closest_player: SUCCESS, 9
remove_player: SUCCESS
knockout_winner: SUCCESS, 8
knockout_winner: SUCCESS, 8
knockout_winner: SUCCESS, 8
knockout_winner: SUCCESS, 12
knockout_winner: INVALID_INPUT
get_all_players_count: SUCCESS, 7
update_player_stats: SUCCESS
add_player: FAILURE
get_all_players: SUCCESS
69
121
139
16
100
37
4
add_team: FAILURE
get_team_points: SUCCESS, 13599
add_player: FAILURE
get_all_players_count: SUCCESS, 6
get_closest_player: SUCCESS, 143
add_team: FAILURE
get_all_players_count: SUCCESS, 21
add_player: FAILURE
get_top_scorer: SUCCESS, 55
remove_team: FAILURE
get_closest_player: SUCCESS, 19
get_team_points: SUCCESS, 9891
remove_team: FAILURE
play_match: FAILURE
knockout_winner: SUCCESS, 2
knockout_winner: INVALID_INPUT
knockout_winner: INVALID_INPUT
knockout_winner: SUCCESS, 7
knockout_winner: INVALID_INPUT
get_team_points: SUCCESS, 9891
get_num_played_games: SUCCESS, 894
get_num_played_games: SUCCESS, 11719
remove_player: SUCCESS
get_all_players: SUCCESS
165
43
181
190
39
143
162
163
63
35
155
151
play_match: FAILURE
add_player: FAILURE
get_top_scorer: SUCCESS, 65
get_num_played_games: SUCCESS, 11358
remove_team: FAILURE
get_all_players_count: SUCCESS, 7
unite_teams: FAILURE
add_team: FAILURE
get_num_played_games: SUCCESS, 4320
get_all_players_count: SUCCESS, 12
remove_team: FAILURE
add_player: FAILURE
get_all_players_count: SUCCESS, 21
get_closest_player: SUCCESS, 69
get_all_players: SUCCESS
42
86
24
144
185
11
198
186
57
19
145
58
71
74
47
102
120
147
98
167
22
get_top_scorer: SUCCESS, 4
remove_player: SUCCESS
unite_teams: FAILURE
add_player: FAILURE
get_top_scorer: SUCCESS, 4
get_num_played_games: SUCCESS, 2212
update_player_stats: SUCCESS
add_team: FAILURE
unite_teams: SUCCESS
play_match: FAILURE
get_team_points: SUCCESS, 4928
get_num_played_games: SUCCESS, 2134
get_num_played_games: SUCCESS, 8131
play_match: FAILURE
add_player: FAILURE
play_match: FAILURE
play_match: FAILURE
add_player: FAILURE
play_match: INVALID_INPUT
remove_player: SUCCESS
get_num_played_games: SUCCESS, 8547
remove_team: FAILURE
get_closest_player: SUCCESS, 146
knockout_winner: SUCCESS, 8
knockout_winner: INVALID_INPUT
knockout_winner: INVALID_INPUT
knockout_winner: SUCCESS, 12
knockout_winner: SUCCESS, 12
remove_team: FAILURE
update_player_stats: SUCCESS
get_top_scorer: SUCCESS, 27
unite_teams: FAILURE
get_num_played_games: SUCCESS, 10001
get_num_played_games: SUCCESS, 2583
remove_team: FAILURE
get_team_points: SUCCESS, 10092
add_team: FAILURE
unite_teams: FAILURE
knockout_winner: SUCCESS, 14
knockout_winner: SUCCESS, 12
knockout_winner: FAILURE
knockout_winner: FAILURE
knockout_winner: INVALID_INPUT
remove_team: FAILURE
get_team_points: SUCCESS, 10092
add_player: FAILURE
remove_player: SUCCESS
knockout_winner: SUCCESS, 8
knockout_winner: INVALID_INPUT
knockout_winner: INVALID_INPUT
knockout_winner: SUCCESS, 8
knockout_winner: SUCCESS, 8
unite_teams: FAILURE
play_match: FAILURE
unite_teams: FAILURE
remove_player: SUCCESS
unite_teams: FAILURE
get_top_scorer: SUCCESS, 80
knockout_winner: INVALID_INPUT
knockout_winner: FAILURE
knockout_winner: INVALID_INPUT
knockout_winner: INVALID_INPUT
knockout_winner: INVALID_INPUT
play_match: FAILURE
unite_teams: FAILURE
get_all_players_count: SUCCESS, 9
remove_player: SUCCESS
get_all_players_count: SUCCESS, 9
unite_teams: FAILURE
get_closest_player: SUCCESS, 108
get_num_played_games: SUCCESS, 5689
remove_team: FAILURE
get_all_players: SUCCESS
18
125
15
34
160
200
40
5
51
27
unite_teams: FAILURE
unite_teams: FAILURE
get_all_players: SUCCESS
119
20
148
32
152
122
knockout_winner: INVALID_INPUT
knockout_winner: SUCCESS, 12
knockout_winner: INVALID_INPUT
knockout_winner: INVALID_INPUT
knockout_winner: INVALID_INPUT
remove_team: FAILURE
get_team_points: SUCCESS, 3192
unite_teams: FAILURE
knockout_winner: FAILURE
knockout_winner: SUCCESS, 8
knockout_winner: FAILURE
knockout_winner: SUCCESS, 14
knockout_winner: INVALID_INPUT
knockout_winner: SUCCESS, 8
knockout_winner: INVALID_INPUT
knockout_winner: INVALID_INPUT
knockout_winner: SUCCESS, 8
knockout_winner: SUCCESS, 8
get_team_points: SUCCESS, 3058
unite_teams: FAILURE
update_player_stats: SUCCESS
get_top_scorer: SUCCESS, 22
get_team_points: SUCCESS, 9891
unite_teams: FAILURE
get_top_scorer: SUCCESS, 2
get_all_players: SUCCESS
42
86
24
144
185
11
198
186
57
145
58
71
74
47
102
120
147
98
167
22
get_team_points: SUCCESS, 2290
update_player_stats: SUCCESS
get_all_players_count: SUCCESS, 7
knockout_winner: INVALID_INPUT
knockout_winner: SUCCESS, 8
knockout_winner: INVALID_INPUT
knockout_winner: INVALID_INPUT
knockout_winner: INVALID_INPUT
add_player: FAILURE
get_closest_player: SUCCESS, 187
get_all_players_count: SUCCESS, 9
remove_team: FAILURE
get_top_scorer: SUCCESS, 80
add_team: FAILURE
knockout_winner: INVALID_INPUT
knockout_winner: SUCCESS, 8
knockout_winner: INVALID_INPUT
knockout_winner: INVALID_INPUT
knockout_winner: INVALID_INPUT
play_match: SUCCESS
remove_player: SUCCESS
remove_player: SUCCESS
unite_teams: FAILURE
get_all_players: SUCCESS
93
172
132
129
38
112
158
108
80
get_closest_player: SUCCESS, 131
get_all_players_count: SUCCESS, 7
get_num_played_games: SUCCESS, 4539
unite_teams: FAILURE
add_team: FAILURE
get_team_points: SUCCESS, 11329
get_team_points: SUCCESS, 3287
get_num_played_games: SUCCESS, 4921
add_player: FAILURE
update_player_stats: SUCCESS
remove_player: SUCCESS
remove_team: FAILURE
get_team_points: SUCCESS, 4365
unite_teams: FAILURE
get_all_players: SUCCESS
18
125
15
160
200
40
5
51
27
get_num_played_games: SUCCESS, 9357
add_player: FAILURE
get_all_players_count: SUCCESS, 12
get_team_points: SUCCESS, 10098
get_all_players_count: SUCCESS, 9
add_player: FAILURE
get_all_players: SUCCESS
119
20
148
32
152
122
update_player_stats: SUCCESS
add_player: FAILURE
get_all_players_count: SUCCESS, 7
get_num_played_games: SUCCESS, 6593
update_player_stats: SUCCESS
unite_teams: FAILURE
play_match: FAILURE
get_num_played_games: SUCCESS, 9436
add_player: FAILURE
update_player_stats: SUCCESS
remove_player: SUCCESS
add_player: FAILURE
get_top_scorer: SUCCESS, 133
get_closest_player: SUCCESS, 111
get_team_points: SUCCESS, 6732
get_num_played_games: SUCCESS, 9070
unite_teams: FAILURE
update_player_stats: SUCCESS
get_team_points: SUCCESS, 3287
remove_player: SUCCESS
play_match: FAILURE
remove_player: SUCCESS
knockout_winner: SUCCESS, 12
knockout_winner: SUCCESS, 8
knockout_winner: SUCCESS, 8
knockout_winner: FAILURE
knockout_winner: INVALID_INPUT
play_match: FAILURE
knockout_winner: INVALID_INPUT
knockout_winner: SUCCESS, 12
knockout_winner: INVALID_INPUT
knockout_winner: INVALID_INPUT
knockout_winner: INVALID_INPUT
get_closest_player: SUCCESS, 67
get_num_played_games: SUCCESS, 5949
remove_player: SUCCESS
play_match: FAILURE
update_player_stats: SUCCESS
get_team_points: SUCCESS, 3287
remove_team: FAILURE
get_all_players_count: SUCCESS, 7
update_player_stats: SUCCESS
get_closest_player: SUCCESS, 65
add_team: FAILURE
update_player_stats: SUCCESS
get_all_players_count: SUCCESS, 12
get_num_played_games: SUCCESS, 5799
add_player: FAILURE
unite_teams: FAILURE
get_top_scorer: SUCCESS, 151
update_player_stats: SUCCESS
get_top_scorer: SUCCESS, 42
unite_teams: SUCCESS
add_team: FAILURE
get_num_played_games: SUCCESS, 1941
play_match: FAILURE
add_player: FAILURE
remove_player: SUCCESS
get_team_points: SUCCESS, 6000
get_all_players: SUCCESS
20
148
119
32
152
122
get_all_players: SUCCESS
86
144
185
11
198
186
57
145
58
71
74
47
102
24
120
147
98
167
22
42
remove_player: SUCCESS
get_top_scorer: SUCCESS, 101
update_player_stats: SUCCESS
add_player: FAILURE
add_player: FAILURE
add_team: FAILURE
play_match: INVALID_INPUT
remove_team: FAILURE
play_match: FAILURE
add_team: FAILURE
get_team_points: SUCCESS, 4952
get_team_points: SUCCESS, 8605
get_team_points: SUCCESS, 8605
get_all_players: SUCCESS
18
125
15
160
200
40
5
51
27
add_player: FAILURE
knockout_winner: INVALID_INPUT
knockout_winner: SUCCESS, 12
knockout_winner: INVALID_INPUT
knockout_winner: INVALID_INPUT
knockout_winner: INVALID_INPUT
remove_player: SUCCESS
play_match: FAILURE
get_all_players_count: SUCCESS, 9
knockout_winner: INVALID_INPUT
knockout_winner: INVALID_INPUT
knockout_winner: INVALID_INPUT
knockout_winner: INVALID_INPUT
knockout_winner: INVALID_INPUT
remove_team: FAILURE
get_team_points: SUCCESS, 3192
update_player_stats: SUCCESS
unite_teams: FAILURE
get_all_players: SUCCESS
75
14
170
92
knockout_winner: SUCCESS, 12
knockout_winner: SUCCESS, 8
knockout_winner: FAILURE
knockout_winner: FAILURE
knockout_winner: INVALID_INPUT
get_top_scorer: SUCCESS, 55
unite_teams: FAILURE
knockout_winner: SUCCESS, 8
knockout_winner: SUCCESS, 8
knockout_winner: SUCCESS, 1
knockout_winner: SUCCESS, 12
knockout_winner: INVALID_INPUT
play_match: FAILURE
add_player: FAILURE
unite_teams: FAILURE
remove_player: SUCCESS
get_all_players_count: SUCCESS, 6
update_player_stats: SUCCESS
unite_teams: FAILURE
get_num_played_games: SUCCESS, 9174
get_num_played_games: SUCCESS, 3026
play_match: SUCCESS
get_closest_player: SUCCESS, 103
get_closest_player: SUCCESS, 42
add_team: FAILURE
get_team_points: SUCCESS, 3192
get_top_scorer: SUCCESS, 101
remove_player: SUCCESS
remove_team: FAILURE
update_player_stats: SUCCESS
get_num_played_games: SUCCESS, 96
unite_teams: FAILURE
get_top_scorer: SUCCESS, 42
update_player_stats: SUCCESS
get_all_players: SUCCESS
184
197
45
64
3
23
178
166
remove_team: FAILURE
remove_player: SUCCESS
get_num_played_games: SUCCESS, 5938
unite_teams: INVALID_INPUT
remove_player: SUCCESS
get_top_scorer: SUCCESS, 80
get_top_scorer: SUCCESS, 42
remove_player: SUCCESS
get_team_points: SUCCESS, 3192
knockout_winner: INVALID_INPUT
knockout_winner: SUCCESS, 12
knockout_winner: INVALID_INPUT
knockout_winner: INVALID_INPUT
knockout_winner: INVALID_INPUT
unite_teams: FAILURE
update_player_stats: SUCCESS
get_all_players_count: SUCCESS, 12
unite_teams: FAILURE
get_closest_player: SUCCESS, 122
knockout_winner: SUCCESS, 14
knockout_winner: SUCCESS, 12
knockout_winner: FAILURE
knockout_winner: FAILURE
knockout_winner: INVALID_INPUT
unite_teams: FAILURE
knockout_winner: FAILURE
knockout_winner: SUCCESS, 8
knockout_winner: SUCCESS, 8
knockout_winner: FAILURE
knockout_winner: INVALID_INPUT
knockout_winner: INVALID_INPUT
knockout_winner: INVALID_INPUT
knockout_winner: INVALID_INPUT
knockout_winner: INVALID_INPUT
knockout_winner: INVALID_INPUT
remove_team: FAILURE
get_all_players: SUCCESS
93
172
132
129
38
112
158
108
80
update_player_stats: SUCCESS
get_team_points: SUCCESS, 20001
get_closest_player: SUCCESS, 108
get_closest_player: SUCCESS, 157
get_all_players_count: SUCCESS, 6
get_closest_player: SUCCESS, 125
play_match: FAILURE
knockout_winner: INVALID_INPUT
knockout_winner: SUCCESS, 12
knockout_winner: INVALID_INPUT
knockout_winner: INVALID_INPUT
knockout_winner: INVALID_INPUT
remove_team: FAILURE
add_player: FAILURE
get_top_scorer: SUCCESS, 156
get_all_players_count: SUCCESS, 6
get_top_scorer: SUCCESS, 91
get_all_players: SUCCESS
184
45
64
3
23
178
166
play_match: FAILURE
knockout_winner: SUCCESS, 8
knockout_winner: INVALID_INPUT
knockout_winner: INVALID_INPUT
knockout_winner: SUCCESS, 12
knockout_winner: FAILURE
get_team_points: SUCCESS, 6732
add_player: FAILURE
add_team: FAILURE
knockout_winner: SUCCESS, 14
knockout_winner: SUCCESS, 12
knockout_winner: FAILURE
knockout_winner: FAILURE
knockout_winner: INVALID_INPUT
remove_player: SUCCESS
knockout_winner: FAILURE
knockout_winner: SUCCESS, 12
knockout_winner: SUCCESS, 12
knockout_winner: FAILURE
knockout_winner: INVALID_INPUT
get_team_points: SUCCESS, 3058
unite_teams: FAILURE
get_all_players_count: SUCCESS, 4
add_player: FAILURE
get_top_scorer: SUCCESS, 109
get_closest_player: SUCCESS, 86
update_player_stats: SUCCESS
knockout_winner: FAILURE
knockout_winner: SUCCESS, 8
knockout_winner: SUCCESS, 1
knockout_winner: FAILURE
knockout_winner: INVALID_INPUT
unite_teams: FAILURE
get_all_players_count: SUCCESS, 6
get_top_scorer: SUCCESS, 151
get_all_players: SUCCESS
75
14
170
92
knockout_winner: SUCCESS, 12
knockout_winner: SUCCESS, 8
knockout_winner: SUCCESS, 8
knockout_winner: FAILURE
knockout_winner: INVALID_INPUT
remove_player: SUCCESS
remove_team: FAILURE
play_match: FAILURE
add_team: FAILURE
get_closest_player: SUCCESS, 160
get_all_players: SUCCESS
70
90
101
78
91
play_match: FAILURE
get_closest_player: SUCCESS, 162
remove_player: SUCCESS
unite_teams: FAILURE
get_top_scorer: SUCCESS, 156
remove_team: FAILURE
get_top_scorer: SUCCESS, 109
add_team: FAILURE
get_all_players_count: SUCCESS, 9
remove_team: FAILURE
remove_player: SUCCESS
get_closest_player: SUCCESS, 133
get_all_players_count: SUCCESS, 5
play_match: SUCCESS
add_team: FAILURE
get_top_scorer: SUCCESS, 55
get_closest_player: SUCCESS, 181
remove_team: FAILURE
remove_team: FAILURE
get_closest_player: SUCCESS, 35
get_num_played_games: SUCCESS, 20564
get_all_players_count: SUCCESS, 9
add_team: FAILURE
get_num_played_games: SUCCESS, 14692
knockout_winner: INVALID_INPUT
knockout_winner: SUCCESS, 12
knockout_winner: INVALID_INPUT
knockout_winner: INVALID_INPUT
knockout_winner: INVALID_INPUT
remove_player: SUCCESS
get_closest_player: SUCCESS, 58
get_all_players: SUCCESS
49
67
136
17
82
141
154
13
72
update_player_stats: SUCCESS
update_player_stats: SUCCESS
unite_teams: SUCCESS
add_player: FAILURE
play_match: FAILURE
play_match: FAILURE
remove_team: FAILURE
add_team: FAILURE
add_team: FAILURE
remove_player: SUCCESS
update_player_stats: SUCCESS
get_top_scorer: SUCCESS, 2
update_player_stats: SUCCESS
unite_teams: FAILURE
play_match: FAILURE
get_all_players_count: SUCCESS, 6
remove_player: SUCCESS
get_all_players: SUCCESS
70
90
101
78
91
get_team_points: SUCCESS, 3192
update_player_stats: SUCCESS
remove_team: FAILURE
get_all_players_count: SUCCESS, 11
get_num_played_games: SUCCESS, 7429
add_player: FAILURE
get_closest_player: SUCCESS, 83
remove_player: SUCCESS
get_all_players_count: SUCCESS, 11
update_player_stats: SUCCESS
get_team_points: SUCCESS, 4979
remove_player: SUCCESS
remove_team: FAILURE
get_num_played_games: SUCCESS, 9995
unite_teams: FAILURE
add_player: FAILURE
get_all_players: SUCCESS
93
172
132
129
38
112
158
108
80
get_top_scorer: SUCCESS, 80
get_top_scorer: SUCCESS, 122
get_all_players_count: SUCCESS, 11
unite_teams: FAILURE
knockout_winner: INVALID_INPUT
knockout_winner: SUCCESS, 5
knockout_winner: INVALID_INPUT
knockout_winner: INVALID_INPUT
knockout_winner: INVALID_INPUT
get_closest_player: SUCCESS, 23
get_closest_player: SUCCESS, 154
add_team: FAILURE
remove_team: FAILURE
knockout_winner: SUCCESS, 8
knockout_winner: INVALID_INPUT
knockout_winner: INVALID_INPUT
knockout_winner: SUCCESS, 8
knockout_winner: SUCCESS, 8
add_player: FAILURE
get_top_scorer: SUCCESS, 2
add_team: FAILURE
get_all_players: SUCCESS
113
83
117
188
130
195
105
192
31
60
193
114
196
199
76
150
157
52
115
46
133
135
104
65
103
134
156
get_team_points: SUCCESS, 6000
update_player_stats: SUCCESS
add_team: FAILURE
get_top_scorer: SUCCESS, 99
play_match: FAILURE
knockout_winner: INVALID_INPUT
knockout_winner: SUCCESS, 5
knockout_winner: INVALID_INPUT
knockout_winner: INVALID_INPUT
knockout_winner: INVALID_INPUT
remove_player: SUCCESS
get_num_played_games: SUCCESS, 2635
get_all_players: SUCCESS
49
67
136
17
82
154
13
72
get_closest_player: SUCCESS, 195
remove_player: SUCCESS
add_player: FAILURE
get_top_scorer: SUCCESS, 42
remove_team: FAILURE
get_all_players: SUCCESS
113
83
117
188
130
195
105
192
31
193
196
199
76
150
157
52
115
46
133
135
104
65
103
134
156
play_match: FAILURE
add_team: FAILURE
play_match: SUCCESS
play_match: FAILURE
add_team: FAILURE
get_all_players: SUCCESS
75
14
170
92
get_team_points: SUCCESS, 2290
remove_player: SUCCESS
add_player: FAILURE
unite_teams: FAILURE
remove_team: FAILURE
get_team_points: SUCCESS, 11401
get_all_players: SUCCESS
70
90
101
78
91
add_team: FAILURE
play_match: FAILURE
get_team_points: SUCCESS, 28609
update_player_stats: SUCCESS
get_team_points: SUCCESS, 13602
get_closest_player: SUCCESS, 102
update_player_stats: SUCCESS
get_team_points: SUCCESS, 11664
update_player_stats: SUCCESS
get_team_points: SUCCESS, 4365
play_match: FAILURE
update_player_stats: SUCCESS
remove_player: SUCCESS
get_num_played_games: SUCCESS, 10351
add_team: FAILURE
get_all_players_count: SUCCESS, 7
remove_player: SUCCESS
remove_player: SUCCESS
get_all_players: SUCCESS
173
123
110
77
8
187
124
68
131
9
50
107
44
146
85
109
99
get_num_played_games: SUCCESS, 3196
get_all_players_count: SUCCESS, 9
get_all_players: SUCCESS
75
14
170
92
get_team_points: SUCCESS, 341
add_player: FAILURE
knockout_winner: SUCCESS, 5
knockout_winner: INVALID_INPUT
knockout_winner: INVALID_INPUT
knockout_winner: FAILURE
knockout_winner: INVALID_INPUT
get_team_points: SUCCESS, 3287
play_match: FAILURE
get_all_players: SUCCESS
69
121
16
139
100
37
4
remove_team: FAILURE
get_all_players_count: SUCCESS, 16
add_player: FAILURE
add_player: FAILURE
unite_teams: FAILURE
remove_player: SUCCESS
get_all_players: SUCCESS
20
119
152
122
get_num_played_games: SUCCESS, 7430
get_all_players_count: SUCCESS, 3
get_num_played_games: SUCCESS, 188
get_all_players_count: SUCCESS, 4
knockout_winner: FAILURE
knockout_winner: FAILURE
knockout_winner: FAILURE
knockout_winner: FAILURE
knockout_winner: INVALID_INPUT
get_top_scorer: SUCCESS, 111
add_team: FAILURE
get_team_points: SUCCESS, 3058
knockout_winner: FAILURE
knockout_winner: FAILURE
knockout_winner: FAILURE
knockout_winner: FAILURE
knockout_winner: INVALID_INPUT
knockout_winner: FAILURE
knockout_winner: FAILURE
knockout_winner: FAILURE
knockout_winner: FAILURE
knockout_winner: INVALID_INPUT
remove_team: FAILURE
remove_team: FAILURE
knockout_winner: INVALID_INPUT
knockout_winner: INVALID_INPUT
knockout_winner: INVALID_INPUT
knockout_winner: INVALID_INPUT
knockout_winner: INVALID_INPUT
play_match: FAILURE
remove_team: FAILURE
remove_team: FAILURE
get_top_scorer: SUCCESS, 151
unite_teams: FAILURE
unite_teams: FAILURE
get_closest_player: SUCCESS, 152
play_match: FAILURE
add_player: FAILURE
get_closest_player: SUCCESS, 25
get_team_points: SUCCESS, 3192
get_all_players: SUCCESS
70
90
101
78
91
get_closest_player: SUCCESS, 16
add_player: FAILURE
add_player: FAILURE
play_match: SUCCESS
remove_player: SUCCESS
update_player_stats: SUCCESS
get_num_played_games: SUCCESS, 3892
get_num_played_games: SUCCESS, 8526
add_team: FAILURE
add_player: FAILURE
unite_teams: INVALID_INPUT
knockout_winner: FAILURE
knockout_winner: SUCCESS, 8
knockout_winner: SUCCESS, 8
knockout_winner: FAILURE
knockout_winner: INVALID_INPUT
get_team_points: SUCCESS, 4979
remove_team: FAILURE
unite_teams: SUCCESS
get_all_players: SUCCESS
184
45
3
23
64
178
166
add_player: FAILURE
add_player: FAILURE
get_top_scorer: SUCCESS, 2
get_num_played_games: SUCCESS, 9357
get_all_players_count: SUCCESS, 16
unite_teams: FAILURE
unite_teams: FAILURE
get_num_played_games: SUCCESS, 6840
get_all_players_count: SUCCESS, 16
get_num_played_games: SUCCESS, 28910
knockout_winner: INVALID_INPUT
knockout_winner: FAILURE
knockout_winner: INVALID_INPUT
knockout_winner: INVALID_INPUT
knockout_winner: INVALID_INPUT
get_closest_player: SUCCESS, 9
get_all_players: SUCCESS
75
14
170
92
remove_player: SUCCESS
get_num_played_games: SUCCESS, 15017
unite_teams: FAILURE
get_team_points: SUCCESS, 3287
unite_teams: FAILURE
add_player: FAILURE
unite_teams: FAILURE
get_num_played_games: SUCCESS, 188
get_all_players: SUCCESS
18
125
15
160
200
40
70
90
51
27
101
78
91
5
knockout_winner: SUCCESS, 5
knockout_winner: SUCCESS, 3
knockout_winner: FAILURE
knockout_winner: FAILURE
knockout_winner: INVALID_INPUT
knockout_winner: FAILURE
knockout_winner: SUCCESS, 8
knockout_winner: SUCCESS, 8
knockout_winner: FAILURE
knockout_winner: INVALID_INPUT
knockout_winner: INVALID_INPUT
knockout_winner: SUCCESS, 8
knockout_winner: INVALID_INPUT
knockout_winner: INVALID_INPUT
knockout_winner: INVALID_INPUT
remove_team: FAILURE
knockout_winner: FAILURE
knockout_winner: SUCCESS, 8
knockout_winner: SUCCESS, 8
knockout_winner: FAILURE
knockout_winner: INVALID_INPUT
update_player_stats: SUCCESS
get_top_scorer: SUCCESS, 74
add_team: FAILURE
get_all_players_count: SUCCESS, 9
knockout_winner: FAILURE
knockout_winner: FAILURE
knockout_winner: FAILURE
knockout_winner: FAILURE
knockout_winner: INVALID_INPUT
remove_player: SUCCESS
get_all_players: SUCCESS
79
180
95
183
26
62
81
111
add_player: FAILURE
unite_teams: FAILURE
unite_teams: FAILURE
remove_team: FAILURE
get_closest_player: SUCCESS, 49
add_team: FAILURE
play_match: FAILURE
play_match: FAILURE
unite_teams: FAILURE
get_closest_player: SUCCESS, 187
get_all_players_count: SUCCESS, 8
get_all_players: SUCCESS
69
121
16
139
100
37
4
get_top_scorer: SUCCESS, 99
get_all_players: SUCCESS
69
121
16
139
100
37
4
remove_player: SUCCESS
get_team_points: SUCCESS, 5357
get_all_players_count: SUCCESS, 14
add_player: FAILURE
get_all_players_count: SUCCESS, 7
get_closest_player: SUCCESS, 81
add_player: FAILURE
get_team_points: SUCCESS, 341
update_player_stats: SUCCESS
add_team: FAILURE
update_player_stats: SUCCESS
get_all_players_count: SUCCESS, 22
get_team_points: SUCCESS, 4979
unite_teams: INVALID_INPUT
get_num_played_games: SUCCESS, 5365
add_team: FAILURE
add_team: FAILURE
add_team: FAILURE
get_all_players_count: SUCCESS, 4
remove_team: FAILURE
unite_teams: INVALID_INPUT
unite_teams: FAILURE
play_match: FAILURE
knockout_winner: SUCCESS, 3
knockout_winner: INVALID_INPUT
knockout_winner: INVALID_INPUT
knockout_winner: SUCCESS, 8
knockout_winner: INVALID_INPUT
get_team_points: SUCCESS, 4979
remove_player: SUCCESS
remove_player: SUCCESS
get_top_scorer: SUCCESS, 5
get_top_scorer: SUCCESS, 80
get_all_players_count: SUCCESS, 10
remove_team: FAILURE
knockout_winner: INVALID_INPUT
knockout_winner: INVALID_INPUT
knockout_winner: INVALID_INPUT
knockout_winner: INVALID_INPUT
knockout_winner: INVALID_INPUT
get_num_played_games: SUCCESS, 7739
add_player: FAILURE
get_all_players: SUCCESS
165
39
190
43
162
163
63
35
181
151
add_team: FAILURE
update_player_stats: SUCCESS
get_closest_player: SUCCESS, 5
add_team: FAILURE
get_top_scorer: SUCCESS, 111
remove_player: SUCCESS
unite_teams: FAILURE
get_top_scorer: SUCCESS, 5
play_match: FAILURE
knockout_winner: SUCCESS, 3
knockout_winner: INVALID_INPUT
knockout_winner: INVALID_INPUT
knockout_winner: SUCCESS, 8
knockout_winner: INVALID_INPUT
get_num_played_games: SUCCESS, 21806
get_top_scorer: SUCCESS, 122
unite_teams: FAILURE
add_team: FAILURE
get_num_played_games: SUCCESS, 12741
remove_team: FAILURE
get_team_points: SUCCESS, 11416
remove_team: FAILURE
get_top_scorer: SUCCESS, 55
update_player_stats: SUCCESS
unite_teams: SUCCESS
get_team_points: SUCCESS, 28609
update_player_stats: SUCCESS
remove_team: FAILURE
get_top_scorer: SUCCESS, 4
add_player: FAILURE
get_all_players: SUCCESS
121
16
139
100
37
4
add_team: FAILURE
unite_teams: SUCCESS
add_team: FAILURE
play_match: FAILURE
add_player: FAILURE
remove_player: SUCCESS
get_team_points: SUCCESS, 6732
get_all_players: SUCCESS
173
123
110
77
8
187
124
68
131
9
107
44
146
85
109
99
play_match: FAILURE
get_team_points: SUCCESS, 11416
remove_player: SUCCESS
get_top_scorer: SUCCESS, 72
get_all_players: SUCCESS
121
16
139
100
37
4
get_num_played_games: SUCCESS, 1941
play_match: FAILURE
add_player: FAILURE
get_team_points: SUCCESS, 11619
get_all_players_count: SUCCESS, 3
get_top_scorer: SUCCESS, 42
get_top_scorer: SUCCESS, 151
add_player: FAILURE
add_player: FAILURE
get_top_scorer: SUCCESS, 80
update_player_stats: SUCCESS
get_team_points: SUCCESS, 6732
unite_teams: INVALID_INPUT
remove_player: SUCCESS
get_closest_player: SUCCESS, 68
knockout_winner: SUCCESS, 2
knockout_winner: INVALID_INPUT
knockout_winner: INVALID_INPUT
knockout_winner: FAILURE
knockout_winner: INVALID_INPUT
unite_teams: FAILURE
remove_team: FAILURE
remove_team: FAILURE
get_all_players_count: SUCCESS, 14
add_player: FAILURE
knockout_winner: INVALID_INPUT
knockout_winner: SUCCESS, 3
knockout_winner: INVALID_INPUT
knockout_winner: INVALID_INPUT
knockout_winner: INVALID_INPUT
play_match: FAILURE
add_player: FAILURE
remove_team: FAILURE
unite_teams: SUCCESS
add_player: FAILURE
add_team: FAILURE
play_match: FAILURE
get_top_scorer: SUCCESS, 111
add_team: FAILURE
get_team_points: SUCCESS, 4979
knockout_winner: FAILURE
knockout_winner: SUCCESS, 8
knockout_winner: SUCCESS, 8
knockout_winner: SUCCESS, 18
knockout_winner: INVALID_INPUT
add_player: FAILURE
unite_teams: FAILURE
play_match: SUCCESS
unite_teams: SUCCESS
get_top_scorer: SUCCESS, 4
get_closest_player: SUCCESS, 82
get_top_scorer: SUCCESS, 80
get_num_played_games: SUCCESS, 11004
play_match: FAILURE
remove_team: FAILURE
get_closest_player: SUCCESS, 102
remove_team: FAILURE
remove_player: SUCCESS
add_player: FAILURE
unite_teams: FAILURE
get_top_scorer: SUCCESS, 42
add_player: FAILURE
play_match: FAILURE
get_closest_player: SUCCESS, 119
get_closest_player: SUCCESS, 125
get_closest_player: SUCCESS, 27
get_team_points: SUCCESS, 341
get_top_scorer: SUCCESS, 4
add_player: FAILURE
knockout_winner: SUCCESS, 9
knockout_winner: SUCCESS, 9
knockout_winner: FAILURE
knockout_winner: FAILURE
knockout_winner: INVALID_INPUT
get_team_points: SUCCESS, 341
remove_team: FAILURE
unite_teams: FAILURE
get_top_scorer: SUCCESS, 111
get_num_played_games: SUCCESS, 11722
get_closest_player: SUCCESS, 109
get_closest_player: SUCCESS, 119
play_match: SUCCESS
play_match: FAILURE
knockout_winner: SUCCESS, 9
knockout_winner: SUCCESS, 9
knockout_winner: FAILURE
knockout_winner: FAILURE
knockout_winner: INVALID_INPUT
get_num_played_games: SUCCESS, 843
add_team: FAILURE
get_closest_player: SUCCESS, 99
get_all_players_count: SUCCESS, 13
remove_team: FAILURE
add_team: FAILURE
get_top_scorer: SUCCESS, 80
get_closest_player: SUCCESS, 93
get_closest_player: SUCCESS, 87
play_match: FAILURE
get_all_players: SUCCESS
14
170
92
update_player_stats: SUCCESS
get_closest_player: SUCCESS, 8
play_match: FAILURE
get_closest_player: SUCCESS, 91
remove_player: SUCCESS
remove_player: SUCCESS
remove_player: SUCCESS
remove_player: SUCCESS
remove_player: SUCCESS
remove_player: SUCCESS
remove_player: SUCCESS
remove_player: SUCCESS
remove_player: SUCCESS
remove_player: SUCCESS
remove_player: SUCCESS
remove_player: SUCCESS
remove_player: SUCCESS
remove_player: SUCCESS
remove_player: SUCCESS
remove_player: SUCCESS
remove_player: SUCCESS
remove_player: SUCCESS
remove_player: SUCCESS
remove_player: SUCCESS
remove_player: SUCCESS
remove_player: SUCCESS
remove_player: SUCCESS
remove_player: SUCCESS
remove_player: SUCCESS
remove_player: SUCCESS
remove_player: SUCCESS
remove_player: SUCCESS
remove_player: SUCCESS
remove_player: SUCCESS
remove_player: SUCCESS
remove_player: SUCCESS
remove_player: SUCCESS
remove_player: SUCCESS
remove_player: SUCCESS
remove_player: SUCCESS
remove_player: SUCCESS
remove_player: SUCCESS
remove_player: SUCCESS
remove_player: SUCCESS
remove_player: SUCCESS
remove_player: SUCCESS
remove_player: SUCCESS
remove_player: SUCCESS
remove_player: SUCCESS
remove_player: SUCCESS
remove_player: SUCCESS
remove_player: SUCCESS
remove_player: SUCCESS
remove_player: SUCCESS
remove_player: SUCCESS
remove_player: SUCCESS
remove_player: SUCCESS
remove_player: SUCCESS
remove_player: SUCCESS
remove_player: SUCCESS
remove_player: SUCCESS
remove_player: SUCCESS
remove_player: SUCCESS
remove_player: SUCCESS
remove_player: SUCCESS
remove_player: SUCCESS
remove_player: SUCCESS
remove_player: SUCCESS
remove_player: SUCCESS
remove_player: SUCCESS
remove_player: SUCCESS
remove_player: SUCCESS
remove_player: SUCCESS
remove_player: SUCCESS
remove_player: SUCCESS
remove_player: SUCCESS
remove_player: SUCCESS
remove_player: SUCCESS
remove_player: SUCCESS
remove_player: SUCCESS
remove_player: SUCCESS
remove_player: SUCCESS
remove_player: SUCCESS
remove_player: SUCCESS
remove_player: SUCCESS
remove_player: SUCCESS
remove_player: SUCCESS
remove_player: SUCCESS
remove_player: SUCCESS
remove_player: SUCCESS
remove_player: SUCCESS
remove_player: SUCCESS
remove_player: SUCCESS
remove_player: SUCCESS
remove_player: SUCCESS
remove_player: SUCCESS
remove_player: SUCCESS
remove_player: SUCCESS
remove_player: SUCCESS
remove_player: SUCCESS
remove_player: SUCCESS
remove_player: SUCCESS
remove_player: SUCCESS
remove_player: SUCCESS
remove_player: SUCCESS
remove_player: SUCCESS
remove_player: SUCCESS
remove_player: SUCCESS
remove_player: SUCCESS
remove_player: SUCCESS
remove_player: SUCCESS
remove_player: SUCCESS
remove_player: SUCCESS
remove_player: SUCCESS
remove_player: SUCCESS
remove_player: SUCCESS
remove_player: SUCCESS
remove_player: SUCCESS
remove_player: SUCCESS
remove_player: SUCCESS
remove_player: SUCCESS
remove_player: SUCCESS
remove_player: SUCCESS
remove_player: SUCCESS
remove_player: SUCCESS
remove_player: SUCCESS
remove_player: SUCCESS
remove_player: SUCCESS
remove_player: SUCCESS
remove_player: SUCCESS
remove_player: SUCCESS
remove_team: SUCCESS
remove_team: SUCCESS
remove_team: SUCCESS
remove_team: SUCCESS
remove_team: SUCCESS
remove_team: SUCCESS
remove_team: SUCCESS
remove_team: SUCCESS
remove_team: SUCCESS
remove_team: SUCCESS
