add_team: SUCCESS
add_team: SUCCESS
add_team: SUCCESS
add_team: SUCCESS
add_team: SUCCESS
add_team: SUCCESS
add_team: SUCCESS
add_team: SUCCESS
add_team: SUCCESS
add_team: SUCCESS
add_team: SUCCESS
add_team: SUCCESS
add_team: SUCCESS
add_team: SUCCESS
add_team: SUCCESS
add_team: SUCCESS
add_team: SUCCESS
add_team: SUCCESS
add_team: SUCCESS
add_team: SUCCESS
add_player: SUCCESS
add_player: SUCCESS
add_player: SUCCESS
add_player: SUCCESS
add_player: SUCCESS
add_player: SUCCESS
add_player: SUCCESS
add_player: SUCCESS
add_player: SUCCESS
add_player: SUCCESS
add_player: SUCCESS
add_player: SUCCESS
add_player: SUCCESS
add_player: SUCCESS
add_player: SUCCESS
add_player: SUCCESS
add_player: SUCCESS
add_player: SUCCESS
add_player: SUCCESS
add_player: SUCCESS
add_player: SUCCESS
add_player: SUCCESS
add_player: SUCCESS
add_player: SUCCESS
add_player: SUCCESS
add_player: SUCCESS
add_player: SUCCESS
add_player: SUCCESS
add_player: SUCCESS
add_player: SUCCESS
add_player: SUCCESS
add_player: SUCCESS
add_player: SUCCESS
add_player: SUCCESS
add_player: SUCCESS
add_player: SUCCESS
add_player: SUCCESS
add_player: SUCCESS
add_player: SUCCESS
add_player: SUCCESS
add_player: SUCCESS
add_player: SUCCESS
add_player: SUCCESS
add_player: SUCCESS
add_player: SUCCESS
add_player: SUCCESS
add_player: SUCCESS
add_player: SUCCESS
add_player: SUCCESS
add_player: SUCCESS
add_player: SUCCESS
add_player: SUCCESS
add_player: SUCCESS
add_player: SUCCESS
add_player: SUCCESS
add_player: SUCCESS
add_player: SUCCESS
add_player: SUCCESS
add_player: SUCCESS
add_player: SUCCESS
add_player: SUCCESS
add_player: SUCCESS
add_player: SUCCESS
add_player: SUCCESS
add_player: SUCCESS
add_player: SUCCESS
add_player: SUCCESS
add_player: SUCCESS
add_player: SUCCESS
add_player: SUCCESS
add_player: SUCCESS
add_player: SUCCESS
add_player: SUCCESS
add_player: SUCCESS
add_player: SUCCESS
add_player: SUCCESS
add_player: SUCCESS
add_player: SUCCESS
add_player: SUCCESS
add_player: SUCCESS
add_player: SUCCESS
add_player: SUCCESS
add_player: SUCCESS
add_player: SUCCESS
add_player: SUCCESS
add_player: SUCCESS
add_player: SUCCESS
add_player: SUCCESS
add_player: SUCCESS
add_player: SUCCESS
add_player: SUCCESS
add_player: SUCCESS
add_player: SUCCESS
add_player: SUCCESS
add_player: SUCCESS
add_player: SUCCESS
add_player: SUCCESS
add_player: SUCCESS
add_player: SUCCESS
add_player: SUCCESS
add_player: SUCCESS
add_player: SUCCESS
add_player: SUCCESS
add_player: SUCCESS
add_player: SUCCESS
add_player: SUCCESS
add_player: SUCCESS
add_player: SUCCESS
add_player: SUCCESS
add_player: SUCCESS
add_player: SUCCESS
add_player: SUCCESS
add_player: SUCCESS
add_player: SUCCESS
add_player: SUCCESS
add_player: SUCCESS
add_player: SUCCESS
add_player: SUCCESS
add_player: SUCCESS
add_player: SUCCESS
add_player: SUCCESS
add_player: SUCCESS
add_player: SUCCESS
add_player: SUCCESS
add_player: SUCCESS
add_player: SUCCESS
add_player: SUCCESS
add_player: SUCCESS
add_player: SUCCESS
add_player: SUCCESS
add_player: SUCCESS
add_player: SUCCESS
add_player: SUCCESS
add_player: SUCCESS
add_player: SUCCESS
add_player: SUCCESS
add_player: SUCCESS
add_player: SUCCESS
add_player: SUCCESS
add_player: SUCCESS
add_player: SUCCESS
add_player: SUCCESS
add_player: SUCCESS
add_player: SUCCESS
add_player: SUCCESS
add_player: SUCCESS
add_player: SUCCESS
add_player: SUCCESS
add_player: SUCCESS
add_player: SUCCESS
add_player: SUCCESS
add_player: SUCCESS
add_player: SUCCESS
add_player: SUCCESS
add_player: SUCCESS
add_player: SUCCESS
add_player: SUCCESS
add_player: SUCCESS
add_player: SUCCESS
add_player: SUCCESS
add_player: SUCCESS
add_player: SUCCESS
add_player: SUCCESS
add_player: SUCCESS
add_player: SUCCESS
add_player: SUCCESS
add_player: SUCCESS
add_player: SUCCESS
add_player: SUCCESS
add_player: SUCCESS
add_player: SUCCESS
add_player: SUCCESS
add_player: SUCCESS
add_player: SUCCESS
add_player: SUCCESS
add_player: SUCCESS
add_player: SUCCESS
add_player: SUCCESS
add_player: SUCCESS
add_player: SUCCESS
add_player: SUCCESS
add_player: SUCCESS
add_player: SUCCESS
add_player: SUCCESS
add_player: SUCCESS
add_player: SUCCESS
add_player: SUCCESS
add_player: SUCCESS
add_player: SUCCESS
add_player: SUCCESS
add_player: SUCCESS
add_player: SUCCESS
add_player: SUCCESS
add_player: SUCCESS
add_player: SUCCESS
add_player: SUCCESS
add_player: SUCCESS
add_player: SUCCESS
add_player: SUCCESS
add_player: SUCCESS
remove_team: FAILURE
add_team: FAILURE
get_all_players: SUCCESS
181
33
35
34
30
157
129
38
113
166
15
101
51
play_match: INVALID_INPUT
remove_player: SUCCESS
get_team_points: SUCCESS, 10332
get_all_players: SUCCESS
48
44
107
1
93
82
116
142
197
knockout_winner: SUCCESS, 13
knockout_winner: SUCCESS, 9
knockout_winner: SUCCESS, 9
knockout_winner: SUCCESS, 20
knockout_winner: INVALID_INPUT
remove_player: SUCCESS
remove_player: SUCCESS
get_team_points: SUCCESS, 11101
get_closest_player: SUCCESS, 147
get_all_players: SUCCESS
90
104
9
115
83
143
191
65
6
55
78
knockout_winner: SUCCESS, 9
knockout_winner: INVALID_INPUT
knockout_winner: INVALID_INPUT
knockout_winner: SUCCESS, 9
knockout_winner: INVALID_INPUT
get_num_played_games: SUCCESS, 11218
get_top_scorer: SUCCESS, 25
get_num_played_games: SUCCESS, 6488
update_player_stats: SUCCESS
remove_team: FAILURE
remove_player: SUCCESS
update_player_stats: SUCCESS
get_closest_player: SUCCESS, 1
add_team: FAILURE
add_player: FAILURE
get_num_played_games: SUCCESS, 3074
get_all_players: SUCCESS
132
76
94
81
189
59
92
195
167
42
11
126
play_match: SUCCESS
add_team: FAILURE
get_num_played_games: SUCCESS, 9117
get_all_players: SUCCESS
181
33
35
34
30
157
129
38
166
15
113
101
51
get_closest_player: SUCCESS, 173
remove_player: SUCCESS
get_closest_player: SUCCESS, 158
get_closest_player: SUCCESS, 15
get_top_scorer: SUCCESS, 41
get_all_players_count: SUCCESS, 6
get_all_players: SUCCESS
52
138
56
119
120
144
54
111
4
188
122
12
add_player: FAILURE
get_team_points: SUCCESS, 10001
get_all_players_count: SUCCESS, 12
get_all_players: SUCCESS
187
151
184
192
62
198
68
155
79
26
148
70
7
172
unite_teams: FAILURE
remove_team: FAILURE
update_player_stats: SUCCESS
get_closest_player: SUCCESS, 35
add_team: FAILURE
add_team: FAILURE
knockout_winner: SUCCESS, 13
knockout_winner: SUCCESS, 9
knockout_winner: SUCCESS, 8
knockout_winner: SUCCESS, 16
knockout_winner: INVALID_INPUT
remove_team: FAILURE
knockout_winner: SUCCESS, 9
knockout_winner: SUCCESS, 9
knockout_winner: SUCCESS, 3
knockout_winner: SUCCESS, 13
knockout_winner: INVALID_INPUT
update_player_stats: SUCCESS
unite_teams: FAILURE
add_player: FAILURE
get_closest_player: SUCCESS, 114
get_all_players_count: SUCCESS, 12
get_closest_player: SUCCESS, 72
get_all_players_count: SUCCESS, 6
remove_team: FAILURE
knockout_winner: SUCCESS, 16
knockout_winner: SUCCESS, 13
knockout_winner: FAILURE
knockout_winner: FAILURE
knockout_winner: INVALID_INPUT
unite_teams: FAILURE
unite_teams: FAILURE
get_team_points: SUCCESS, 4382
play_match: SUCCESS
play_match: FAILURE
unite_teams: FAILURE
get_top_scorer: SUCCESS, 84
get_all_players: SUCCESS
46
97
176
74
190
161
14
84
unite_teams: SUCCESS
get_all_players: SUCCESS
73
45
152
185
get_all_players_count: SUCCESS, 12
get_all_players_count: SUCCESS, 6
get_all_players_count: SUCCESS, 14
add_team: FAILURE
play_match: FAILURE
add_player: FAILURE
knockout_winner: SUCCESS, 9
knockout_winner: SUCCESS, 9
knockout_winner: SUCCESS, 7
knockout_winner: SUCCESS, 16
knockout_winner: INVALID_INPUT
get_team_points: SUCCESS, 4382
update_player_stats: SUCCESS
unite_teams: FAILURE
get_all_players: SUCCESS
73
45
152
185
knockout_winner: SUCCESS, 20
knockout_winner: SUCCESS, 20
knockout_winner: FAILURE
knockout_winner: FAILURE
knockout_winner: INVALID_INPUT
play_match: FAILURE
play_match: FAILURE
get_all_players_count: SUCCESS, 10
add_player: FAILURE
add_team: FAILURE
get_all_players: SUCCESS
187
151
133
184
192
62
100
198
68
28
63
169
135
175
155
79
26
194
32
148
70
162
69
60
7
172
remove_team: FAILURE
play_match: FAILURE
get_all_players_count: SUCCESS, 10
knockout_winner: SUCCESS, 16
knockout_winner: SUCCESS, 13
knockout_winner: FAILURE
knockout_winner: FAILURE
knockout_winner: INVALID_INPUT
update_player_stats: SUCCESS
get_top_scorer: SUCCESS, 15
knockout_winner: SUCCESS, 20
knockout_winner: SUCCESS, 20
knockout_winner: FAILURE
knockout_winner: FAILURE
knockout_winner: INVALID_INPUT
get_all_players: SUCCESS
16
64
196
131
200
180
get_top_scorer: SUCCESS, 125
update_player_stats: SUCCESS
get_all_players: SUCCESS
67
57
168
146
36
139
163
2
117
123
get_all_players: SUCCESS
130
58
3
22
179
95
102
149
5
103
get_team_points: SUCCESS, 11101
knockout_winner: SUCCESS, 9
knockout_winner: INVALID_INPUT
knockout_winner: INVALID_INPUT
knockout_winner: SUCCESS, 9
knockout_winner: SUCCESS, 9
update_player_stats: SUCCESS
update_player_stats: SUCCESS
unite_teams: FAILURE
add_team: FAILURE
get_num_played_games: SUCCESS, 2325
remove_team: FAILURE
get_num_played_games: SUCCESS, 5042
get_top_scorer: SUCCESS, 12
add_player: FAILURE
play_match: SUCCESS
play_match: FAILURE
get_all_players_count: SUCCESS, 10
play_match: FAILURE
get_team_points: SUCCESS, 3214
add_player: FAILURE
update_player_stats: SUCCESS
remove_team: FAILURE
update_player_stats: SUCCESS
get_top_scorer: SUCCESS, 123
get_num_played_games: SUCCESS, 10669
update_player_stats: SUCCESS
remove_team: FAILURE
get_closest_player: SUCCESS, 129
unite_teams: SUCCESS
add_team: FAILURE
play_match: FAILURE
update_player_stats: SUCCESS
remove_team: FAILURE
get_all_players_count: SUCCESS, 11
knockout_winner: SUCCESS, 7
knockout_winner: INVALID_INPUT
knockout_winner: INVALID_INPUT
knockout_winner: SUCCESS, 10
knockout_winner: INVALID_INPUT
add_player: FAILURE
get_closest_player: SUCCESS, 40
get_num_played_games: SUCCESS, 7349
play_match: FAILURE
get_team_points: SUCCESS, 6145
get_team_points: SUCCESS, 10001
unite_teams: SUCCESS
knockout_winner: SUCCESS, 8
knockout_winner: SUCCESS, 10
knockout_winner: FAILURE
knockout_winner: SUCCESS, 13
knockout_winner: INVALID_INPUT
add_player: FAILURE
knockout_winner: SUCCESS, 5
knockout_winner: SUCCESS, 10
knockout_winner: FAILURE
knockout_winner: SUCCESS, 10
knockout_winner: INVALID_INPUT
get_team_points: SUCCESS, 6861
remove_team: FAILURE
get_all_players_count: SUCCESS, 8
get_all_players_count: SUCCESS, 12
get_num_played_games: SUCCESS, 922
add_player: FAILURE
get_num_played_games: SUCCESS, 9572
add_team: FAILURE
play_match: FAILURE
knockout_winner: SUCCESS, 5
knockout_winner: INVALID_INPUT
knockout_winner: INVALID_INPUT
knockout_winner: SUCCESS, 10
knockout_winner: INVALID_INPUT
get_top_scorer: SUCCESS, 171
unite_teams: FAILURE
add_player: FAILURE
get_top_scorer: SUCCESS, 172
get_num_played_games: SUCCESS, 11346
remove_player: SUCCESS
add_player: FAILURE
unite_teams: FAILURE
get_top_scorer: SUCCESS, 172
remove_team: FAILURE
remove_team: FAILURE
get_top_scorer: SUCCESS, 41
update_player_stats: SUCCESS
get_all_players_count: SUCCESS, 12
get_top_scorer: SUCCESS, 126
get_all_players: SUCCESS
145
183
193
31
53
153
173
40
182
41
knockout_winner: SUCCESS, 18
knockout_winner: SUCCESS, 18
knockout_winner: SUCCESS, 10
knockout_winner: SUCCESS, 18
knockout_winner: INVALID_INPUT
get_num_played_games: SUCCESS, 8779
knockout_winner: SUCCESS, 18
knockout_winner: SUCCESS, 18
knockout_winner: SUCCESS, 10
knockout_winner: SUCCESS, 18
knockout_winner: INVALID_INPUT
get_all_players_count: SUCCESS, 10
remove_team: FAILURE
remove_player: SUCCESS
knockout_winner: SUCCESS, 10
knockout_winner: SUCCESS, 10
knockout_winner: SUCCESS, 5
knockout_winner: FAILURE
knockout_winner: INVALID_INPUT
unite_teams: FAILURE
remove_team: FAILURE
knockout_winner: SUCCESS, 18
knockout_winner: SUCCESS, 18
knockout_winner: SUCCESS, 13
knockout_winner: FAILURE
knockout_winner: INVALID_INPUT
update_player_stats: SUCCESS
add_team: FAILURE
get_num_played_games: SUCCESS, 12989
remove_team: FAILURE
get_all_players_count: SUCCESS, 10
remove_team: FAILURE
get_all_players_count: SUCCESS, 4
play_match: FAILURE
get_top_scorer: SUCCESS, 171
add_player: FAILURE
get_num_played_games: SUCCESS, 5734
unite_teams: FAILURE
remove_player: SUCCESS
remove_player: SUCCESS
get_closest_player: SUCCESS, 158
remove_player: SUCCESS
get_all_players_count: SUCCESS, 9
get_all_players: SUCCESS
67
57
168
146
36
163
2
117
123
get_all_players: SUCCESS
46
97
176
74
190
161
14
84
knockout_winner: INVALID_INPUT
knockout_winner: INVALID_INPUT
knockout_winner: INVALID_INPUT
knockout_winner: INVALID_INPUT
knockout_winner: INVALID_INPUT
unite_teams: FAILURE
add_team: FAILURE
remove_player: SUCCESS
get_team_points: SUCCESS, 4382
add_team: FAILURE
remove_player: SUCCESS
get_top_scorer: SUCCESS, 120
knockout_winner: SUCCESS, 10
knockout_winner: SUCCESS, 18
knockout_winner: SUCCESS, 10
knockout_winner: SUCCESS, 18
knockout_winner: INVALID_INPUT
remove_team: FAILURE
get_all_players_count: SUCCESS, 9
add_player: FAILURE
play_match: FAILURE
add_player: FAILURE
remove_player: SUCCESS
get_all_players_count: SUCCESS, 4
get_num_played_games: SUCCESS, 2288
knockout_winner: SUCCESS, 4
knockout_winner: INVALID_INPUT
knockout_winner: INVALID_INPUT
knockout_winner: FAILURE
knockout_winner: INVALID_INPUT
remove_team: FAILURE
play_match: FAILURE
get_all_players_count: SUCCESS, 10
get_closest_player: SUCCESS, 8
remove_team: FAILURE
get_all_players_count: SUCCESS, 12
add_team: FAILURE
add_team: FAILURE
knockout_winner: SUCCESS, 10
knockout_winner: SUCCESS, 10
knockout_winner: SUCCESS, 5
knockout_winner: SUCCESS, 13
knockout_winner: INVALID_INPUT
add_team: FAILURE
unite_teams: FAILURE
knockout_winner: SUCCESS, 10
knockout_winner: INVALID_INPUT
knockout_winner: INVALID_INPUT
knockout_winner: SUCCESS, 10
knockout_winner: INVALID_INPUT
add_team: FAILURE
get_num_played_games: SUCCESS, 2811
get_num_played_games: SUCCESS, 1801
unite_teams: FAILURE
get_num_played_games: SUCCESS, 9406
get_num_played_games: SUCCESS, 3642
remove_team: FAILURE
update_player_stats: SUCCESS
play_match: FAILURE
play_match: FAILURE
remove_team: FAILURE
get_all_players: SUCCESS
67
57
168
146
36
163
2
117
123
update_player_stats: SUCCESS
unite_teams: FAILURE
add_team: FAILURE
update_player_stats: SUCCESS
knockout_winner: SUCCESS, 18
knockout_winner: SUCCESS, 18
knockout_winner: SUCCESS, 10
knockout_winner: SUCCESS, 20
knockout_winner: INVALID_INPUT
get_all_players: SUCCESS
21
23
114
17
8
108
50
37
174
136
91
86
play_match: FAILURE
get_all_players_count: SUCCESS, 8
get_all_players: SUCCESS
71
160
43
19
27
106
170
89
75
128
get_all_players: SUCCESS
45
152
185
73
update_player_stats: SUCCESS
get_closest_player: SUCCESS, 117
add_team: FAILURE
unite_teams: FAILURE
add_player: FAILURE
add_player: FAILURE
play_match: FAILURE
play_match: FAILURE
add_team: FAILURE
update_player_stats: SUCCESS
update_player_stats: SUCCESS
add_team: FAILURE
get_all_players_count: SUCCESS, 6
remove_team: FAILURE
add_player: FAILURE
knockout_winner: SUCCESS, 18
knockout_winner: SUCCESS, 18
knockout_winner: SUCCESS, 10
knockout_winner: SUCCESS, 18
knockout_winner: SUCCESS, 13
remove_player: SUCCESS
get_team_points: SUCCESS, 4246
get_closest_player: SUCCESS, 40
unite_teams: FAILURE
get_all_players: SUCCESS
52
56
119
144
54
111
4
188
122
12
120
unite_teams: FAILURE
update_player_stats: SUCCESS
get_closest_player: SUCCESS, 87
unite_teams: INVALID_INPUT
get_team_points: SUCCESS, 4382
get_top_scorer: SUCCESS, 73
play_match: FAILURE
get_all_players_count: SUCCESS, 12
get_num_played_games: SUCCESS, 7223
get_all_players_count: SUCCESS, 5
get_num_played_games: SUCCESS, 6766
get_num_played_games: SUCCESS, 195
get_all_players: SUCCESS
151
133
184
192
62
100
16
198
68
64
28
63
169
135
196
175
155
200
79
26
194
32
131
148
70
162
69
60
180
7
get_team_points: SUCCESS, 8740
get_num_played_games: SUCCESS, 8536
knockout_winner: INVALID_INPUT
knockout_winner: SUCCESS, 18
knockout_winner: INVALID_INPUT
knockout_winner: INVALID_INPUT
knockout_winner: INVALID_INPUT
get_num_played_games: SUCCESS, 5600
play_match: FAILURE
get_top_scorer: SUCCESS, 86
unite_teams: FAILURE
get_all_players_count: SUCCESS, 12
remove_player: SUCCESS
play_match: FAILURE
get_all_players_count: SUCCESS, 10
remove_team: FAILURE
remove_team: FAILURE
get_all_players_count: SUCCESS, 8
get_num_played_games: SUCCESS, 1048
update_player_stats: SUCCESS
unite_teams: FAILURE
get_all_players_count: SUCCESS, 11
unite_teams: FAILURE
get_team_points: SUCCESS, 938
get_all_players_count: SUCCESS, 11
get_all_players: SUCCESS
80
150
77
154
110
49
124
25
knockout_winner: SUCCESS, 10
knockout_winner: SUCCESS, 10
knockout_winner: SUCCESS, 5
knockout_winner: FAILURE
knockout_winner: INVALID_INPUT
get_all_players_count: SUCCESS, 4
get_top_scorer: SUCCESS, 41
knockout_winner: SUCCESS, 10
knockout_winner: INVALID_INPUT
knockout_winner: INVALID_INPUT
knockout_winner: SUCCESS, 18
knockout_winner: INVALID_INPUT
get_closest_player: SUCCESS, 2
play_match: FAILURE
get_all_players_count: SUCCESS, 10
get_closest_player: SUCCESS, 41
unite_teams: FAILURE
get_closest_player: SUCCESS, 142
remove_team: FAILURE
add_team: FAILURE
get_top_scorer: SUCCESS, 7
remove_player: SUCCESS
update_player_stats: SUCCESS
add_player: FAILURE
get_all_players_count: SUCCESS, 8
get_all_players: SUCCESS
132
76
94
81
189
59
92
195
167
42
11
126
add_player: FAILURE
get_team_points: SUCCESS, 3214
add_player: FAILURE
update_player_stats: SUCCESS
get_top_scorer: SUCCESS, 10
add_player: FAILURE
knockout_winner: SUCCESS, 10
knockout_winner: INVALID_INPUT
knockout_winner: INVALID_INPUT
knockout_winner: SUCCESS, 10
knockout_winner: FAILURE
play_match: FAILURE
get_all_players: SUCCESS
46
97
176
190
161
74
14
84
get_num_played_games: SUCCESS, 11778
add_player: FAILURE
get_all_players: SUCCESS
109
87
48
1
39
93
177
66
105
116
140
85
112
88
142
197
159
82
199
158
get_team_points: SUCCESS, 4246
add_player: FAILURE
update_player_stats: SUCCESS
get_num_played_games: SUCCESS, 4473
add_team: FAILURE
get_all_players_count: SUCCESS, 10
remove_team: FAILURE
get_all_players: SUCCESS
130
58
3
22
179
95
102
149
5
103
get_closest_player: SUCCESS, 191
get_top_scorer: SUCCESS, 103
remove_player: SUCCESS
play_match: SUCCESS
unite_teams: SUCCESS
play_match: FAILURE
get_all_players_count: SUCCESS, 12
add_team: FAILURE
remove_player: SUCCESS
add_team: FAILURE
add_player: FAILURE
unite_teams: FAILURE
update_player_stats: SUCCESS
remove_team: FAILURE
update_player_stats: SUCCESS
get_all_players: SUCCESS
23
21
114
17
8
108
50
37
174
136
86
91
add_team: FAILURE
knockout_winner: SUCCESS, 10
knockout_winner: SUCCESS, 18
knockout_winner: SUCCESS, 10
knockout_winner: SUCCESS, 18
knockout_winner: SUCCESS, 10
update_player_stats: SUCCESS
get_num_played_games: SUCCESS, 4984
add_team: FAILURE
get_num_played_games: SUCCESS, 9119
play_match: FAILURE
update_player_stats: SUCCESS
get_all_players: SUCCESS
181
33
35
30
129
38
166
113
101
51
157
15
remove_team: FAILURE
remove_player: SUCCESS
add_player: FAILURE
remove_team: FAILURE
get_all_players_count: SUCCESS, 7
get_num_played_games: SUCCESS, 3024
get_all_players: SUCCESS
23
21
114
17
8
108
50
37
174
136
86
91
get_top_scorer: SUCCESS, 120
get_num_played_games: SUCCESS, 4618
unite_teams: FAILURE
remove_team: FAILURE
unite_teams: FAILURE
get_num_played_games: SUCCESS, 7705
unite_teams: FAILURE
get_all_players_count: SUCCESS, 4
knockout_winner: INVALID_INPUT
knockout_winner: SUCCESS, 18
knockout_winner: INVALID_INPUT
knockout_winner: INVALID_INPUT
knockout_winner: INVALID_INPUT
get_closest_player: SUCCESS, 130
unite_teams: INVALID_INPUT
knockout_winner: SUCCESS, 18
knockout_winner: INVALID_INPUT
knockout_winner: INVALID_INPUT
knockout_winner: SUCCESS, 18
knockout_winner: SUCCESS, 10
update_player_stats: SUCCESS
get_team_points: SUCCESS, 7083
knockout_winner: SUCCESS, 20
knockout_winner: SUCCESS, 18
knockout_winner: SUCCESS, 15
knockout_winner: FAILURE
knockout_winner: INVALID_INPUT
get_all_players: SUCCESS
145
183
193
31
53
153
173
40
182
41
add_team: FAILURE
add_player: FAILURE
get_closest_player: SUCCESS, 59
knockout_winner: SUCCESS, 18
knockout_winner: SUCCESS, 18
knockout_winner: SUCCESS, 13
knockout_winner: FAILURE
knockout_winner: INVALID_INPUT
play_match: FAILURE
remove_team: FAILURE
get_team_points: SUCCESS, 32249
remove_team: FAILURE
get_num_played_games: SUCCESS, 10901
get_top_scorer: SUCCESS, 2
update_player_stats: SUCCESS
knockout_winner: INVALID_INPUT
knockout_winner: INVALID_INPUT
knockout_winner: INVALID_INPUT
knockout_winner: INVALID_INPUT
knockout_winner: INVALID_INPUT
get_num_played_games: SUCCESS, 10901
add_player: FAILURE
remove_player: SUCCESS
unite_teams: FAILURE
add_team: FAILURE
get_top_scorer: SUCCESS, 10
unite_teams: FAILURE
get_num_played_games: SUCCESS, 1801
get_closest_player: SUCCESS, 162
get_closest_player: SUCCESS, 52
get_num_played_games: SUCCESS, 12130
get_top_scorer: SUCCESS, 118
get_team_points: SUCCESS, 7148
add_team: FAILURE
get_num_played_games: SUCCESS, 6088
get_all_players: SUCCESS
147
13
156
134
18
61
125
remove_player: SUCCESS
get_top_scorer: SUCCESS, 2
remove_team: FAILURE
update_player_stats: SUCCESS
get_closest_player: SUCCESS, 30
knockout_winner: SUCCESS, 18
knockout_winner: SUCCESS, 18
knockout_winner: SUCCESS, 10
knockout_winner: SUCCESS, 20
knockout_winner: INVALID_INPUT
add_player: FAILURE
remove_team: FAILURE
add_player: FAILURE
get_closest_player: SUCCESS, 159
get_closest_player: SUCCESS, 13
get_top_scorer: SUCCESS, 148
get_closest_player: SUCCESS, 57
add_team: FAILURE
update_player_stats: SUCCESS
get_team_points: SUCCESS, 10658
get_closest_player: SUCCESS, 102
play_match: FAILURE
knockout_winner: INVALID_INPUT
knockout_winner: SUCCESS, 10
knockout_winner: INVALID_INPUT
knockout_winner: INVALID_INPUT
knockout_winner: INVALID_INPUT
get_all_players_count: SUCCESS, 12
knockout_winner: SUCCESS, 18
knockout_winner: INVALID_INPUT
knockout_winner: INVALID_INPUT
knockout_winner: SUCCESS, 18
knockout_winner: SUCCESS, 10
get_num_played_games: SUCCESS, 11998
update_player_stats: SUCCESS
add_team: FAILURE
remove_team: FAILURE
get_top_scorer: SUCCESS, 120
get_all_players: SUCCESS
147
13
156
134
18
61
125
add_player: FAILURE
remove_player: SUCCESS
get_team_points: SUCCESS, 6861
get_team_points: SUCCESS, 2352
update_player_stats: SUCCESS
get_team_points: SUCCESS, 2352
play_match: FAILURE
play_match: SUCCESS
get_team_points: SUCCESS, 6181
get_closest_player: SUCCESS, 69
play_match: FAILURE
add_team: FAILURE
add_team: FAILURE
add_player: FAILURE
play_match: INVALID_INPUT
get_team_points: SUCCESS, 3214
add_player: FAILURE
knockout_winner: SUCCESS, 18
knockout_winner: SUCCESS, 18
knockout_winner: SUCCESS, 13
knockout_winner: FAILURE
knockout_winner: INVALID_INPUT
add_team: FAILURE
remove_team: FAILURE
play_match: FAILURE
update_player_stats: SUCCESS
remove_team: FAILURE
remove_player: SUCCESS
get_all_players_count: SUCCESS, 11
play_match: FAILURE
get_num_played_games: SUCCESS, 5027
get_num_played_games: SUCCESS, 1713
get_top_scorer: SUCCESS, 10
get_top_scorer: SUCCESS, 84
remove_player: SUCCESS
play_match: SUCCESS
knockout_winner: SUCCESS, 5
knockout_winner: INVALID_INPUT
knockout_winner: INVALID_INPUT
knockout_winner: SUCCESS, 10
knockout_winner: INVALID_INPUT
get_team_points: SUCCESS, 10658
remove_player: SUCCESS
get_num_played_games: SUCCESS, 11613
get_top_scorer: SUCCESS, 120
add_team: FAILURE
play_match: FAILURE
get_closest_player: SUCCESS, 161
remove_team: FAILURE
knockout_winner: SUCCESS, 18
knockout_winner: SUCCESS, 18
knockout_winner: SUCCESS, 13
knockout_winner: FAILURE
knockout_winner: INVALID_INPUT
play_match: FAILURE
knockout_winner: SUCCESS, 8
knockout_winner: SUCCESS, 10
knockout_winner: FAILURE
knockout_winner: SUCCESS, 13
knockout_winner: INVALID_INPUT
add_player: FAILURE
get_team_points: SUCCESS, 4246
unite_teams: FAILURE
remove_team: FAILURE
knockout_winner: INVALID_INPUT
knockout_winner: SUCCESS, 18
knockout_winner: INVALID_INPUT
knockout_winner: INVALID_INPUT
knockout_winner: INVALID_INPUT
remove_player: SUCCESS
get_closest_player: SUCCESS, 112
get_num_played_games: SUCCESS, 8569
unite_teams: FAILURE
knockout_winner: INVALID_INPUT
knockout_winner: SUCCESS, 10
knockout_winner: INVALID_INPUT
knockout_winner: INVALID_INPUT
knockout_winner: INVALID_INPUT
unite_teams: FAILURE
get_num_played_games: SUCCESS, 9717
update_player_stats: SUCCESS
knockout_winner: INVALID_INPUT
knockout_winner: INVALID_INPUT
knockout_winner: INVALID_INPUT
knockout_winner: INVALID_INPUT
knockout_winner: INVALID_INPUT
get_all_players_count: SUCCESS, 10
get_top_scorer: SUCCESS, 25
play_match: SUCCESS
get_all_players: SUCCESS
132
76
94
81
164
98
99
189
59
195
167
92
42
11
126
171
10
get_all_players: SUCCESS
152
73
185
update_player_stats: SUCCESS
unite_teams: FAILURE
get_all_players_count: SUCCESS, 10
get_closest_player: SUCCESS, 123
play_match: FAILURE
add_player: FAILURE
unite_teams: FAILURE
unite_teams: FAILURE
get_top_scorer: SUCCESS, 84
add_player: FAILURE
update_player_stats: SUCCESS
remove_team: FAILURE
remove_team: FAILURE
update_player_stats: SUCCESS
get_team_points: SUCCESS, 10658
add_team: FAILURE
get_team_points: SUCCESS, 4382
get_top_scorer: SUCCESS, 158
get_all_players_count: SUCCESS, 7
get_top_scorer: SUCCESS, 38
remove_team: FAILURE
knockout_winner: SUCCESS, 10
knockout_winner: SUCCESS, 18
knockout_winner: SUCCESS, 10
knockout_winner: SUCCESS, 18
knockout_winner: INVALID_INPUT
get_num_played_games: SUCCESS, 9061
get_top_scorer: SUCCESS, 148
get_team_points: SUCCESS, 4643
get_num_played_games: SUCCESS, 14415
unite_teams: FAILURE
update_player_stats: SUCCESS
play_match: FAILURE
get_all_players: SUCCESS
80
150
110
49
77
25
get_all_players_count: SUCCESS, 10
get_closest_player: SUCCESS, 123
add_player: FAILURE
play_match: FAILURE
get_all_players_count: SUCCESS, 18
unite_teams: FAILURE
get_all_players: SUCCESS
145
183
193
31
53
153
173
40
182
41
knockout_winner: SUCCESS, 10
knockout_winner: SUCCESS, 18
knockout_winner: SUCCESS, 10
knockout_winner: SUCCESS, 18
knockout_winner: INVALID_INPUT
remove_player: SUCCESS
update_player_stats: SUCCESS
unite_teams: FAILURE
knockout_winner: SUCCESS, 10
knockout_winner: SUCCESS, 10
knockout_winner: SUCCESS, 5
knockout_winner: SUCCESS, 13
knockout_winner: INVALID_INPUT
knockout_winner: INVALID_INPUT
knockout_winner: INVALID_INPUT
knockout_winner: INVALID_INPUT
knockout_winner: INVALID_INPUT
knockout_winner: INVALID_INPUT
remove_player: SUCCESS
update_player_stats: SUCCESS
get_all_players: SUCCESS
33
35
30
166
113
101
51
157
15
38
update_player_stats: SUCCESS
get_all_players: SUCCESS
67
57
168
146
163
36
117
123
2
remove_player: SUCCESS
get_closest_player: SUCCESS, 42
add_player: FAILURE
get_all_players_count: SUCCESS, 17
get_all_players_count: SUCCESS, 6
get_all_players_count: SUCCESS, 6
remove_team: FAILURE
unite_teams: FAILURE
remove_team: FAILURE
get_num_played_games: SUCCESS, 19116
get_team_points: SUCCESS, 10658
play_match: FAILURE
knockout_winner: INVALID_INPUT
knockout_winner: SUCCESS, 18
knockout_winner: INVALID_INPUT
knockout_winner: INVALID_INPUT
knockout_winner: INVALID_INPUT
play_match: INVALID_INPUT
remove_player: SUCCESS
get_closest_player: SUCCESS, 197
play_match: FAILURE
remove_player: SUCCESS
add_team: FAILURE
get_top_scorer: SUCCESS, 156
get_all_players_count: SUCCESS, 17
get_team_points: SUCCESS, 6861
get_all_players_count: SUCCESS, 8
unite_teams: FAILURE
knockout_winner: SUCCESS, 10
knockout_winner: SUCCESS, 18
knockout_winner: SUCCESS, 10
knockout_winner: SUCCESS, 18
knockout_winner: SUCCESS, 10
get_all_players: SUCCESS
97
46
176
190
161
74
14
84
unite_teams: FAILURE
update_player_stats: SUCCESS
get_all_players_count: SUCCESS, 9
get_all_players: SUCCESS
52
56
119
144
54
111
4
188
122
12
120
unite_teams: FAILURE
get_all_players: SUCCESS
109
87
48
1
93
177
66
105
85
88
142
197
159
112
82
158
play_match: FAILURE
get_all_players_count: SUCCESS, 8
add_player: FAILURE
get_team_points: SUCCESS, 6794
add_player: FAILURE
get_closest_player: SUCCESS, 31
get_closest_player: SUCCESS, 195
add_team: FAILURE
play_match: FAILURE
remove_team: FAILURE
remove_team: FAILURE
get_closest_player: SUCCESS, 171
remove_team: FAILURE
get_num_played_games: SUCCESS, 11379
knockout_winner: SUCCESS, 15
knockout_winner: SUCCESS, 18
knockout_winner: SUCCESS, 10
knockout_winner: FAILURE
knockout_winner: INVALID_INPUT
get_all_players: SUCCESS
71
160
43
19
106
170
27
75
128
add_player: FAILURE
remove_team: FAILURE
unite_teams: FAILURE
get_closest_player: SUCCESS, 48
get_top_scorer: SUCCESS, 84
get_team_points: SUCCESS, 16230
get_all_players_count: SUCCESS, 9
remove_player: SUCCESS
get_top_scorer: SUCCESS, 128
get_num_played_games: SUCCESS, 8938
get_all_players_count: SUCCESS, 8
get_closest_player: SUCCESS, 101
get_num_played_games: SUCCESS, 4648
unite_teams: FAILURE
get_team_points: SUCCESS, 4643
remove_team: FAILURE
get_team_points: SUCCESS, 10658
knockout_winner: INVALID_INPUT
knockout_winner: SUCCESS, 18
knockout_winner: INVALID_INPUT
knockout_winner: INVALID_INPUT
knockout_winner: INVALID_INPUT
knockout_winner: SUCCESS, 13
knockout_winner: SUCCESS, 18
knockout_winner: FAILURE
knockout_winner: SUCCESS, 18
knockout_winner: INVALID_INPUT
unite_teams: FAILURE
remove_team: FAILURE
remove_player: SUCCESS
get_team_points: SUCCESS, 8740
get_top_scorer: SUCCESS, 25
get_all_players: SUCCESS
90
104
83
143
115
191
6
55
78
65
unite_teams: FAILURE
unite_teams: FAILURE
get_num_played_games: SUCCESS, 8124
get_closest_player: SUCCESS, 184
play_match: FAILURE
get_all_players_count: SUCCESS, 9
get_all_players_count: SUCCESS, 9
get_team_points: SUCCESS, 2352
play_match: FAILURE
unite_teams: FAILURE
remove_team: FAILURE
remove_player: SUCCESS
get_num_played_games: SUCCESS, 22721
get_team_points: SUCCESS, 7259
get_top_scorer: SUCCESS, 198
get_all_players_count: SUCCESS, 9
unite_teams: FAILURE
get_all_players_count: SUCCESS, 7
get_team_points: SUCCESS, 8740
unite_teams: FAILURE
knockout_winner: SUCCESS, 18
knockout_winner: SUCCESS, 18
knockout_winner: SUCCESS, 13
knockout_winner: FAILURE
knockout_winner: INVALID_INPUT
get_top_scorer: SUCCESS, 103
play_match: FAILURE
get_num_played_games: SUCCESS, 6768
get_top_scorer: SUCCESS, 120
remove_player: SUCCESS
get_num_played_games: SUCCESS, 10220
get_num_played_games: SUCCESS, 2289
remove_player: SUCCESS
get_team_points: SUCCESS, 4246
remove_team: FAILURE
remove_team: FAILURE
get_top_scorer: SUCCESS, 182
add_team: FAILURE
get_all_players: SUCCESS
132
76
94
164
98
99
189
59
167
92
42
11
126
171
10
unite_teams: FAILURE
remove_player: SUCCESS
add_team: FAILURE
get_team_points: SUCCESS, 10658
get_top_scorer: SUCCESS, 156
add_player: FAILURE
update_player_stats: SUCCESS
get_closest_player: SUCCESS, 79
get_top_scorer: SUCCESS, 2
add_team: FAILURE
get_num_played_games: SUCCESS, 10626
get_closest_player: SUCCESS, 16
get_closest_player: SUCCESS, 193
remove_player: SUCCESS
get_all_players_count: SUCCESS, 11
add_player: FAILURE
play_match: FAILURE
play_match: FAILURE
get_num_played_games: SUCCESS, 11218
get_all_players: SUCCESS
67
57
168
146
163
36
117
123
2
get_closest_player: SUCCESS, 194
update_player_stats: SUCCESS
get_closest_player: SUCCESS, 51
remove_player: SUCCESS
get_team_points: SUCCESS, 16242
add_player: FAILURE
play_match: FAILURE
play_match: FAILURE
remove_team: FAILURE
unite_teams: FAILURE
add_player: FAILURE
remove_team: FAILURE
get_num_played_games: SUCCESS, 4426
unite_teams: INVALID_INPUT
get_num_played_games: SUCCESS, 7761
get_closest_player: SUCCESS, 186
add_player: FAILURE
remove_team: FAILURE
knockout_winner: SUCCESS, 18
knockout_winner: SUCCESS, 18
knockout_winner: SUCCESS, 10
knockout_winner: FAILURE
knockout_winner: INVALID_INPUT
add_team: FAILURE
get_top_scorer: SUCCESS, 84
get_closest_player: SUCCESS, 118
play_match: FAILURE
get_all_players_count: SUCCESS, 9
get_closest_player: SUCCESS, 40
add_team: FAILURE
get_all_players: SUCCESS
147
13
134
18
61
125
156
get_all_players: SUCCESS
97
46
176
190
161
74
14
84
remove_team: FAILURE
knockout_winner: FAILURE
knockout_winner: SUCCESS, 10
knockout_winner: FAILURE
knockout_winner: SUCCESS, 13
knockout_winner: INVALID_INPUT
remove_player: SUCCESS
remove_team: FAILURE
unite_teams: FAILURE
get_all_players: SUCCESS
133
184
192
100
68
64
28
63
169
135
196
155
200
79
16
26
194
32
131
62
70
162
69
60
180
198
get_closest_player: SUCCESS, 69
update_player_stats: SUCCESS
get_all_players: SUCCESS
76
164
98
132
99
189
59
167
92
42
11
126
10
171
get_all_players: SUCCESS
90
104
83
143
115
191
6
55
65
get_team_points: SUCCESS, 4382
remove_team: FAILURE
get_team_points: SUCCESS, 8961
get_team_points: SUCCESS, 6861
knockout_winner: SUCCESS, 18
knockout_winner: SUCCESS, 18
knockout_winner: SUCCESS, 10
knockout_winner: SUCCESS, 18
knockout_winner: INVALID_INPUT
add_player: FAILURE
get_closest_player: SUCCESS, 144
add_team: FAILURE
add_team: FAILURE
get_num_played_games: SUCCESS, 10077
get_all_players_count: SUCCESS, 12
get_all_players: SUCCESS
109
87
48
1
93
177
66
105
85
88
142
197
159
112
82
158
remove_player: SUCCESS
unite_teams: FAILURE
knockout_winner: SUCCESS, 18
knockout_winner: SUCCESS, 18
knockout_winner: SUCCESS, 10
knockout_winner: SUCCESS, 18
knockout_winner: INVALID_INPUT
unite_teams: FAILURE
get_top_scorer: SUCCESS, 158
remove_player: SUCCESS
get_all_players: SUCCESS
71
160
43
19
106
170
27
75
128
remove_player: SUCCESS
unite_teams: FAILURE
play_match: FAILURE
unite_teams: FAILURE
unite_teams: FAILURE
update_player_stats: SUCCESS
get_num_played_games: SUCCESS, 9035
add_player: FAILURE
get_top_scorer: SUCCESS, 25
knockout_winner: SUCCESS, 18
knockout_winner: SUCCESS, 18
knockout_winner: SUCCESS, 10
knockout_winner: SUCCESS, 18
knockout_winner: INVALID_INPUT
unite_teams: FAILURE
get_team_points: SUCCESS, 6861
remove_team: FAILURE
get_all_players: SUCCESS
52
56
119
144
54
111
4
188
122
12
120
update_player_stats: SUCCESS
remove_player: SUCCESS
get_all_players: SUCCESS
71
160
43
19
106
170
27
75
128
get_team_points: SUCCESS, 8740
add_player: FAILURE
remove_player: SUCCESS
unite_teams: FAILURE
add_player: FAILURE
get_all_players: SUCCESS
152
73
get_all_players_count: SUCCESS, 15
get_top_scorer: SUCCESS, 84
remove_team: FAILURE
add_player: FAILURE
play_match: FAILURE
get_all_players: SUCCESS
147
13
134
18
61
125
156
get_num_played_games: SUCCESS, 11662
remove_player: SUCCESS
add_player: FAILURE
get_closest_player: SUCCESS, 4
add_player: FAILURE
get_num_played_games: SUCCESS, 5791
unite_teams: FAILURE
add_player: FAILURE
get_all_players_count: SUCCESS, 9
knockout_winner: SUCCESS, 10
knockout_winner: INVALID_INPUT
knockout_winner: INVALID_INPUT
knockout_winner: SUCCESS, 10
knockout_winner: FAILURE
unite_teams: FAILURE
unite_teams: FAILURE
knockout_winner: SUCCESS, 10
knockout_winner: SUCCESS, 18
knockout_winner: SUCCESS, 5
knockout_winner: SUCCESS, 18
knockout_winner: INVALID_INPUT
knockout_winner: SUCCESS, 18
knockout_winner: SUCCESS, 18
knockout_winner: SUCCESS, 10
knockout_winner: FAILURE
knockout_winner: INVALID_INPUT
unite_teams: FAILURE
get_team_points: SUCCESS, 11101
unite_teams: FAILURE
get_top_scorer: SUCCESS, 91
get_top_scorer: SUCCESS, 173
remove_player: SUCCESS
update_player_stats: SUCCESS
add_team: FAILURE
add_player: FAILURE
update_player_stats: SUCCESS
remove_player: SUCCESS
get_all_players: SUCCESS
130
58
22
179
95
102
5
103
add_player: FAILURE
unite_teams: SUCCESS
remove_team: FAILURE
get_num_played_games: SUCCESS, 8777
add_player: FAILURE
get_team_points: SUCCESS, 3214
update_player_stats: SUCCESS
get_team_points: SUCCESS, 3214
unite_teams: SUCCESS
add_team: FAILURE
get_num_played_games: SUCCESS, 11778
unite_teams: FAILURE
add_team: FAILURE
get_all_players: SUCCESS
109
87
48
1
93
66
105
85
142
197
159
112
88
82
158
get_team_points: SUCCESS, 11101
get_top_scorer: SUCCESS, 103
update_player_stats: SUCCESS
add_team: FAILURE
get_top_scorer: SUCCESS, 73
knockout_winner: INVALID_INPUT
knockout_winner: SUCCESS, 18
knockout_winner: INVALID_INPUT
knockout_winner: INVALID_INPUT
knockout_winner: INVALID_INPUT
add_player: FAILURE
get_num_played_games: SUCCESS, 3932
get_closest_player: SUCCESS, 112
get_closest_player: SUCCESS, 35
add_player: FAILURE
update_player_stats: SUCCESS
get_num_played_games: SUCCESS, 5677
get_all_players: SUCCESS
147
13
134
18
61
125
156
get_num_played_games: SUCCESS, 2938
remove_team: FAILURE
get_all_players_count: SUCCESS, 2
get_num_played_games: SUCCESS, 7428
get_all_players_count: SUCCESS, 14
unite_teams: FAILURE
add_team: FAILURE
add_team: FAILURE
get_top_scorer: SUCCESS, 128
update_player_stats: SUCCESS
play_match: INVALID_INPUT
play_match: FAILURE
add_player: FAILURE
get_num_played_games: SUCCESS, 5482
add_team: FAILURE
get_team_points: SUCCESS, 4382
knockout_winner: INVALID_INPUT
knockout_winner: INVALID_INPUT
knockout_winner: INVALID_INPUT
knockout_winner: INVALID_INPUT
knockout_winner: INVALID_INPUT
get_all_players: SUCCESS
76
164
98
132
99
189
59
167
42
11
126
92
10
171
get_team_points: SUCCESS, 4643
update_player_stats: SUCCESS
get_all_players_count: SUCCESS, 8
get_team_points: SUCCESS, 43808
play_match: FAILURE
get_closest_player: SUCCESS, 4
unite_teams: FAILURE
get_closest_player: SUCCESS, 29
get_closest_player: SUCCESS, 48
get_all_players_count: SUCCESS, 7
knockout_winner: SUCCESS, 18
knockout_winner: SUCCESS, 18
knockout_winner: SUCCESS, 5
knockout_winner: SUCCESS, 18
knockout_winner: FAILURE
remove_team: FAILURE
get_closest_player: SUCCESS, 96
get_team_points: SUCCESS, 2352
remove_team: FAILURE
get_top_scorer: SUCCESS, 85
play_match: FAILURE
add_team: FAILURE
remove_player: SUCCESS
update_player_stats: SUCCESS
get_num_played_games: SUCCESS, 7655
add_player: FAILURE
remove_player: SUCCESS
unite_teams: FAILURE
get_all_players: SUCCESS
29
47
186
72
96
118
get_all_players: SUCCESS
76
164
98
132
99
189
59
167
42
11
126
92
10
171
get_all_players_count: SUCCESS, 8
get_num_played_games: SUCCESS, 8450
get_top_scorer: SUCCESS, 84
knockout_winner: INVALID_INPUT
knockout_winner: INVALID_INPUT
knockout_winner: INVALID_INPUT
knockout_winner: INVALID_INPUT
knockout_winner: INVALID_INPUT
get_all_players: SUCCESS
33
35
30
166
113
157
15
38
add_player: FAILURE
knockout_winner: SUCCESS, 5
knockout_winner: SUCCESS, 5
knockout_winner: FAILURE
knockout_winner: FAILURE
knockout_winner: INVALID_INPUT
remove_player: SUCCESS
get_team_points: SUCCESS, 3214
get_top_scorer: SUCCESS, 171
get_team_points: SUCCESS, 43811
remove_player: SUCCESS
unite_teams: FAILURE
get_team_points: SUCCESS, 43811
get_all_players: SUCCESS
147
13
134
18
61
125
156
get_top_scorer: SUCCESS, 128
get_all_players: SUCCESS
29
47
186
72
96
118
get_all_players: SUCCESS
147
13
134
18
61
125
156
update_player_stats: SUCCESS
remove_team: FAILURE
get_top_scorer: SUCCESS, 38
get_closest_player: SUCCESS, 156
unite_teams: FAILURE
knockout_winner: INVALID_INPUT
knockout_winner: SUCCESS, 18
knockout_winner: INVALID_INPUT
knockout_winner: INVALID_INPUT
knockout_winner: INVALID_INPUT
add_team: FAILURE
add_team: FAILURE
knockout_winner: SUCCESS, 5
knockout_winner: SUCCESS, 5
knockout_winner: FAILURE
knockout_winner: FAILURE
knockout_winner: INVALID_INPUT
update_player_stats: SUCCESS
get_closest_player: SUCCESS, 46
get_all_players: SUCCESS
109
87
48
1
93
66
105
142
197
159
112
88
82
158
85
add_player: FAILURE
play_match: FAILURE
get_num_played_games: SUCCESS, 15871
play_match: FAILURE
get_closest_player: SUCCESS, 52
update_player_stats: SUCCESS
add_team: FAILURE
get_closest_player: SUCCESS, 29
update_player_stats: SUCCESS
knockout_winner: SUCCESS, 15
knockout_winner: SUCCESS, 18
knockout_winner: SUCCESS, 5
knockout_winner: SUCCESS, 18
knockout_winner: INVALID_INPUT
add_team: FAILURE
get_all_players: SUCCESS
109
87
48
1
93
66
105
142
197
159
112
88
82
158
85
knockout_winner: INVALID_INPUT
knockout_winner: SUCCESS, 18
knockout_winner: INVALID_INPUT
knockout_winner: INVALID_INPUT
knockout_winner: INVALID_INPUT
get_team_points: SUCCESS, 8740
add_player: FAILURE
play_match: FAILURE
get_all_players: SUCCESS
109
87
48
1
93
66
105
142
197
159
112
88
82
158
85
get_num_played_games: SUCCESS, 10131
play_match: FAILURE
get_num_played_games: SUCCESS, 101
remove_player: SUCCESS
add_player: FAILURE
get_top_scorer: SUCCESS, 118
unite_teams: FAILURE
get_all_players_count: SUCCESS, 15
get_closest_player: SUCCESS, 22
get_closest_player: SUCCESS, 53
get_closest_player: SUCCESS, 49
get_top_scorer: SUCCESS, 85
remove_player: SUCCESS
add_team: FAILURE
add_player: FAILURE
get_team_points: SUCCESS, 2352
unite_teams: FAILURE
remove_team: FAILURE
remove_team: FAILURE
get_all_players: SUCCESS
33
35
30
166
113
157
15
38
play_match: FAILURE
remove_player: SUCCESS
add_team: FAILURE
get_all_players_count: SUCCESS, 6
get_closest_player: SUCCESS, 155
get_all_players: SUCCESS
76
98
132
99
189
59
167
42
11
126
92
10
171
add_player: FAILURE
unite_teams: FAILURE
get_team_points: SUCCESS, 2352
unite_teams: FAILURE
get_num_played_games: SUCCESS, 5329
get_top_scorer: SUCCESS, 120
get_all_players_count: SUCCESS, 44
get_num_played_games: SUCCESS, 5160
remove_player: SUCCESS
get_all_players_count: SUCCESS, 8
get_top_scorer: SUCCESS, 38
update_player_stats: SUCCESS
get_team_points: SUCCESS, 2352
knockout_winner: SUCCESS, 5
knockout_winner: INVALID_INPUT
knockout_winner: INVALID_INPUT
knockout_winner: SUCCESS, 15
knockout_winner: FAILURE
get_team_points: SUCCESS, 43814
update_player_stats: SUCCESS
add_team: FAILURE
get_top_scorer: SUCCESS, 19
remove_player: SUCCESS
update_player_stats: SUCCESS
get_team_points: SUCCESS, 6806
get_all_players_count: SUCCESS, 13
unite_teams: FAILURE
get_team_points: SUCCESS, 2352
play_match: FAILURE
add_player: FAILURE
add_player: FAILURE
get_all_players: SUCCESS
152
73
get_top_scorer: SUCCESS, 19
get_team_points: SUCCESS, 4382
knockout_winner: FAILURE
knockout_winner: SUCCESS, 5
knockout_winner: FAILURE
knockout_winner: FAILURE
knockout_winner: INVALID_INPUT
get_num_played_games: SUCCESS, 9120
update_player_stats: SUCCESS
get_team_points: SUCCESS, 16317
remove_team: FAILURE
remove_team: FAILURE
get_closest_player: SUCCESS, 115
add_team: FAILURE
get_all_players_count: SUCCESS, 6
remove_team: FAILURE
unite_teams: FAILURE
get_team_points: SUCCESS, 3214
get_closest_player: SUCCESS, 135
remove_player: SUCCESS
play_match: SUCCESS
update_player_stats: SUCCESS
get_num_played_games: SUCCESS, 10669
remove_team: FAILURE
get_team_points: SUCCESS, 2352
get_num_played_games: SUCCESS, 5254
add_team: FAILURE
play_match: FAILURE
play_match: INVALID_INPUT
get_closest_player: SUCCESS, 53
get_top_scorer: SUCCESS, 84
get_top_scorer: SUCCESS, 84
get_top_scorer: SUCCESS, 73
remove_team: FAILURE
knockout_winner: INVALID_INPUT
knockout_winner: SUCCESS, 18
knockout_winner: INVALID_INPUT
knockout_winner: INVALID_INPUT
knockout_winner: INVALID_INPUT
remove_player: SUCCESS
remove_player: SUCCESS
remove_player: SUCCESS
remove_player: SUCCESS
remove_player: SUCCESS
remove_player: SUCCESS
remove_player: SUCCESS
remove_player: SUCCESS
remove_player: SUCCESS
remove_player: SUCCESS
remove_player: SUCCESS
remove_player: SUCCESS
remove_player: SUCCESS
remove_player: SUCCESS
remove_player: SUCCESS
remove_player: SUCCESS
remove_player: SUCCESS
remove_player: SUCCESS
remove_player: SUCCESS
remove_player: SUCCESS
remove_player: SUCCESS
remove_player: SUCCESS
remove_player: SUCCESS
remove_player: SUCCESS
remove_player: SUCCESS
remove_player: SUCCESS
remove_player: SUCCESS
remove_player: SUCCESS
remove_player: SUCCESS
remove_player: SUCCESS
remove_player: SUCCESS
remove_player: SUCCESS
remove_player: SUCCESS
remove_player: SUCCESS
remove_player: SUCCESS
remove_player: SUCCESS
remove_player: SUCCESS
remove_player: SUCCESS
remove_player: SUCCESS
remove_player: SUCCESS
remove_player: SUCCESS
remove_player: SUCCESS
remove_player: SUCCESS
remove_player: SUCCESS
remove_player: SUCCESS
remove_player: SUCCESS
remove_player: SUCCESS
remove_player: SUCCESS
remove_player: SUCCESS
remove_player: SUCCESS
remove_player: SUCCESS
remove_player: SUCCESS
remove_player: SUCCESS
remove_player: SUCCESS
remove_player: SUCCESS
remove_player: SUCCESS
remove_player: SUCCESS
remove_player: SUCCESS
remove_player: SUCCESS
remove_player: SUCCESS
remove_player: SUCCESS
remove_player: SUCCESS
remove_player: SUCCESS
remove_player: SUCCESS
remove_player: SUCCESS
remove_player: SUCCESS
remove_player: SUCCESS
remove_player: SUCCESS
remove_player: SUCCESS
remove_player: SUCCESS
remove_player: SUCCESS
remove_player: SUCCESS
remove_player: SUCCESS
remove_player: SUCCESS
remove_player: SUCCESS
remove_player: SUCCESS
remove_player: SUCCESS
remove_player: SUCCESS
remove_player: SUCCESS
remove_player: SUCCESS
remove_player: SUCCESS
remove_player: SUCCESS
remove_player: SUCCESS
remove_player: SUCCESS
remove_player: SUCCESS
remove_player: SUCCESS
remove_player: SUCCESS
remove_player: SUCCESS
remove_player: SUCCESS
remove_player: SUCCESS
remove_player: SUCCESS
remove_player: SUCCESS
remove_player: SUCCESS
remove_player: SUCCESS
remove_player: SUCCESS
remove_player: SUCCESS
remove_player: SUCCESS
remove_player: SUCCESS
remove_player: SUCCESS
remove_player: SUCCESS
remove_player: SUCCESS
remove_player: SUCCESS
remove_player: SUCCESS
remove_player: SUCCESS
remove_player: SUCCESS
remove_player: SUCCESS
remove_player: SUCCESS
remove_player: SUCCESS
remove_player: SUCCESS
remove_player: SUCCESS
remove_player: SUCCESS
remove_player: SUCCESS
remove_player: SUCCESS
remove_player: SUCCESS
remove_player: SUCCESS
remove_player: SUCCESS
remove_player: SUCCESS
remove_player: SUCCESS
remove_player: SUCCESS
remove_player: SUCCESS
remove_player: SUCCESS
remove_player: SUCCESS
remove_player: SUCCESS
remove_player: SUCCESS
remove_player: SUCCESS
remove_player: SUCCESS
remove_player: SUCCESS
remove_player: SUCCESS
remove_player: SUCCESS
remove_player: SUCCESS
remove_player: SUCCESS
remove_player: SUCCESS
remove_player: SUCCESS
remove_player: SUCCESS
remove_player: SUCCESS
remove_player: SUCCESS
remove_player: SUCCESS
remove_player: SUCCESS
remove_player: SUCCESS
remove_player: SUCCESS
remove_player: SUCCESS
remove_player: SUCCESS
remove_team: SUCCESS
remove_team: SUCCESS
remove_team: SUCCESS
remove_team: SUCCESS
remove_team: SUCCESS
remove_team: SUCCESS
remove_team: SUCCESS
remove_team: SUCCESS
remove_team: SUCCESS
remove_team: SUCCESS
remove_team: SUCCESS
remove_team: SUCCESS
remove_team: SUCCESS
remove_team: SUCCESS
