add_team: SUCCESS
add_team: SUCCESS
add_team: SUCCESS
add_team: SUCCESS
add_team: SUCCESS
add_team: SUCCESS
add_team: SUCCESS
add_team: SUCCESS
add_team: SUCCESS
add_team: SUCCESS
add_team: SUCCESS
add_team: SUCCESS
add_team: SUCCESS
add_team: SUCCESS
add_team: SUCCESS
add_team: SUCCESS
add_team: SUCCESS
add_team: SUCCESS
add_team: SUCCESS
add_team: SUCCESS
add_player: SUCCESS
add_player: SUCCESS
add_player: SUCCESS
add_player: SUCCESS
add_player: SUCCESS
add_player: SUCCESS
add_player: SUCCESS
add_player: SUCCESS
add_player: SUCCESS
add_player: SUCCESS
add_player: SUCCESS
add_player: SUCCESS
add_player: SUCCESS
add_player: SUCCESS
add_player: SUCCESS
add_player: SUCCESS
add_player: SUCCESS
add_player: SUCCESS
add_player: SUCCESS
add_player: SUCCESS
add_player: SUCCESS
add_player: SUCCESS
add_player: SUCCESS
add_player: SUCCESS
add_player: SUCCESS
add_player: SUCCESS
add_player: SUCCESS
add_player: SUCCESS
add_player: SUCCESS
add_player: SUCCESS
add_player: SUCCESS
add_player: SUCCESS
add_player: SUCCESS
add_player: SUCCESS
add_player: SUCCESS
add_player: SUCCESS
add_player: SUCCESS
add_player: SUCCESS
add_player: SUCCESS
add_player: SUCCESS
add_player: SUCCESS
add_player: SUCCESS
add_player: SUCCESS
add_player: SUCCESS
add_player: SUCCESS
add_player: SUCCESS
add_player: SUCCESS
add_player: SUCCESS
add_player: SUCCESS
add_player: SUCCESS
add_player: SUCCESS
add_player: SUCCESS
add_player: SUCCESS
add_player: SUCCESS
add_player: SUCCESS
add_player: SUCCESS
add_player: SUCCESS
add_player: SUCCESS
add_player: SUCCESS
add_player: SUCCESS
add_player: SUCCESS
add_player: SUCCESS
add_player: SUCCESS
add_player: SUCCESS
add_player: SUCCESS
add_player: SUCCESS
add_player: SUCCESS
add_player: SUCCESS
add_player: SUCCESS
add_player: SUCCESS
add_player: SUCCESS
add_player: SUCCESS
add_player: SUCCESS
add_player: SUCCESS
add_player: SUCCESS
add_player: SUCCESS
add_player: SUCCESS
add_player: SUCCESS
add_player: SUCCESS
add_player: SUCCESS
add_player: SUCCESS
add_player: SUCCESS
add_player: SUCCESS
add_player: SUCCESS
add_player: SUCCESS
add_player: SUCCESS
add_player: SUCCESS
add_player: SUCCESS
add_player: SUCCESS
add_player: SUCCESS
add_player: SUCCESS
add_player: SUCCESS
add_player: SUCCESS
add_player: SUCCESS
add_player: SUCCESS
add_player: SUCCESS
add_player: SUCCESS
add_player: SUCCESS
add_player: SUCCESS
add_player: SUCCESS
add_player: SUCCESS
add_player: SUCCESS
add_player: SUCCESS
add_player: SUCCESS
add_player: SUCCESS
add_player: SUCCESS
add_player: SUCCESS
add_player: SUCCESS
add_player: SUCCESS
add_player: SUCCESS
add_player: SUCCESS
add_player: SUCCESS
add_player: SUCCESS
add_player: SUCCESS
add_player: SUCCESS
add_player: SUCCESS
add_player: SUCCESS
add_player: SUCCESS
add_player: SUCCESS
add_player: SUCCESS
add_player: SUCCESS
add_player: SUCCESS
add_player: SUCCESS
add_player: SUCCESS
add_player: SUCCESS
add_player: SUCCESS
add_player: SUCCESS
add_player: SUCCESS
add_player: SUCCESS
add_player: SUCCESS
add_player: SUCCESS
add_player: SUCCESS
add_player: SUCCESS
add_player: SUCCESS
add_player: SUCCESS
add_player: SUCCESS
add_player: SUCCESS
add_player: SUCCESS
add_player: SUCCESS
add_player: SUCCESS
add_player: SUCCESS
add_player: SUCCESS
add_player: SUCCESS
add_player: SUCCESS
add_player: SUCCESS
add_player: SUCCESS
add_player: SUCCESS
add_player: SUCCESS
add_player: SUCCESS
add_player: SUCCESS
add_player: SUCCESS
add_player: SUCCESS
add_player: SUCCESS
add_player: SUCCESS
add_player: SUCCESS
add_player: SUCCESS
add_player: SUCCESS
add_player: SUCCESS
add_player: SUCCESS
add_player: SUCCESS
add_player: SUCCESS
add_player: SUCCESS
add_player: SUCCESS
add_player: SUCCESS
add_player: SUCCESS
add_player: SUCCESS
add_player: SUCCESS
add_player: SUCCESS
add_player: SUCCESS
add_player: SUCCESS
add_player: SUCCESS
add_player: SUCCESS
add_player: SUCCESS
add_player: SUCCESS
add_player: SUCCESS
add_player: SUCCESS
add_player: SUCCESS
add_player: SUCCESS
add_player: SUCCESS
add_player: SUCCESS
add_player: SUCCESS
add_player: SUCCESS
add_player: SUCCESS
add_player: SUCCESS
add_player: SUCCESS
add_player: SUCCESS
add_player: SUCCESS
add_player: SUCCESS
add_player: SUCCESS
add_player: SUCCESS
add_player: SUCCESS
add_player: SUCCESS
add_player: SUCCESS
add_player: SUCCESS
add_player: SUCCESS
add_player: SUCCESS
add_player: SUCCESS
add_player: SUCCESS
add_player: SUCCESS
add_player: SUCCESS
get_all_players: SUCCESS
129
143
43
88
46
175
89
142
117
162
63
60
172
185
161
159
70
144
36
knockout_winner: SUCCESS, 7
knockout_winner: SUCCESS, 7
knockout_winner: SUCCESS, 7
knockout_winner: SUCCESS, 11
knockout_winner: INVALID_INPUT
unite_teams: FAILURE
add_player: FAILURE
get_num_played_games: SUCCESS, 11114
get_all_players_count: SUCCESS, 12
remove_team: FAILURE
get_team_points: SUCCESS, 1612
get_num_played_games: SUCCESS, 9389
knockout_winner: SUCCESS, 18
knockout_winner: SUCCESS, 15
knockout_winner: SUCCESS, 13
knockout_winner: FAILURE
knockout_winner: INVALID_INPUT
update_player_stats: SUCCESS
get_top_scorer: SUCCESS, 148
remove_player: SUCCESS
play_match: FAILURE
get_closest_player: SUCCESS, 67
get_all_players: SUCCESS
100
197
18
11
58
81
198
188
52
get_all_players_count: SUCCESS, 11
get_top_scorer: SUCCESS, 74
add_player: FAILURE
update_player_stats: SUCCESS
get_all_players: SUCCESS
197
18
11
58
100
81
198
188
52
get_closest_player: SUCCESS, 111
get_num_played_games: SUCCESS, 2985
get_closest_player: SUCCESS, 16
play_match: FAILURE
unite_teams: FAILURE
get_closest_player: SUCCESS, 94
add_player: FAILURE
get_all_players: SUCCESS
182
92
24
67
174
79
30
103
62
42
199
148
get_team_points: SUCCESS, 1433
update_player_stats: SUCCESS
get_closest_player: SUCCESS, 90
get_closest_player: SUCCESS, 172
knockout_winner: SUCCESS, 15
knockout_winner: SUCCESS, 11
knockout_winner: SUCCESS, 11
knockout_winner: FAILURE
knockout_winner: INVALID_INPUT
add_team: FAILURE
update_player_stats: SUCCESS
play_match: SUCCESS
get_team_points: SUCCESS, 4936
get_closest_player: SUCCESS, 121
get_all_players_count: SUCCESS, 10
get_top_scorer: SUCCESS, 48
get_closest_player: SUCCESS, 99
get_all_players_count: SUCCESS, 8
add_player: FAILURE
get_num_played_games: SUCCESS, 2587
remove_team: FAILURE
get_team_points: SUCCESS, 10975
play_match: FAILURE
get_closest_player: SUCCESS, 24
knockout_winner: SUCCESS, 7
knockout_winner: SUCCESS, 7
knockout_winner: SUCCESS, 7
knockout_winner: SUCCESS, 11
knockout_winner: SUCCESS, 11
get_all_players: SUCCESS
98
130
106
90
49
33
115
39
153
120
add_team: FAILURE
get_all_players: SUCCESS
182
92
24
67
174
79
30
103
62
42
199
148
add_team: FAILURE
get_closest_player: SUCCESS, 131
update_player_stats: SUCCESS
get_all_players: SUCCESS
2
110
20
78
96
194
99
29
56
136
update_player_stats: SUCCESS
play_match: FAILURE
update_player_stats: SUCCESS
get_all_players: SUCCESS
182
92
24
67
174
79
30
103
62
42
199
148
unite_teams: FAILURE
get_all_players: SUCCESS
182
92
24
67
174
79
30
103
62
42
199
148
remove_player: SUCCESS
knockout_winner: SUCCESS, 11
knockout_winner: SUCCESS, 7
knockout_winner: SUCCESS, 7
knockout_winner: SUCCESS, 15
knockout_winner: INVALID_INPUT
knockout_winner: SUCCESS, 7
knockout_winner: INVALID_INPUT
knockout_winner: INVALID_INPUT
knockout_winner: SUCCESS, 11
knockout_winner: INVALID_INPUT
remove_player: SUCCESS
play_match: FAILURE
get_all_players: SUCCESS
57
123
71
140
get_all_players_count: SUCCESS, 10
play_match: FAILURE
remove_team: FAILURE
add_player: FAILURE
play_match: FAILURE
play_match: FAILURE
unite_teams: FAILURE
get_closest_player: SUCCESS, 17
remove_team: FAILURE
unite_teams: FAILURE
get_num_played_games: SUCCESS, 4494
knockout_winner: FAILURE
knockout_winner: SUCCESS, 15
knockout_winner: FAILURE
knockout_winner: FAILURE
knockout_winner: INVALID_INPUT
get_team_points: SUCCESS, 6625
get_all_players: SUCCESS
127
84
173
183
181
125
124
add_player: FAILURE
get_closest_player: SUCCESS, 180
get_num_played_games: SUCCESS, 5174
get_top_scorer: SUCCESS, 7
remove_team: FAILURE
play_match: FAILURE
play_match: FAILURE
remove_team: FAILURE
unite_teams: FAILURE
update_player_stats: SUCCESS
play_match: FAILURE
add_player: FAILURE
get_top_scorer: SUCCESS, 4
play_match: FAILURE
remove_player: SUCCESS
get_team_points: SUCCESS, 10458
get_closest_player: SUCCESS, 99
get_top_scorer: SUCCESS, 52
get_closest_player: SUCCESS, 68
get_closest_player: SUCCESS, 146
update_player_stats: SUCCESS
unite_teams: FAILURE
get_all_players_count: SUCCESS, 8
update_player_stats: SUCCESS
get_closest_player: SUCCESS, 108
get_team_points: SUCCESS, 1439
knockout_winner: SUCCESS, 7
knockout_winner: INVALID_INPUT
knockout_winner: INVALID_INPUT
knockout_winner: SUCCESS, 11
knockout_winner: INVALID_INPUT
get_all_players_count: SUCCESS, 8
knockout_winner: FAILURE
knockout_winner: SUCCESS, 11
knockout_winner: SUCCESS, 9
knockout_winner: FAILURE
knockout_winner: INVALID_INPUT
get_team_points: SUCCESS, 1105
update_player_stats: SUCCESS
remove_team: FAILURE
add_player: FAILURE
get_team_points: SUCCESS, 8239
get_all_players_count: SUCCESS, 8
get_all_players_count: SUCCESS, 18
get_team_points: SUCCESS, 4654
knockout_winner: SUCCESS, 15
knockout_winner: SUCCESS, 7
knockout_winner: SUCCESS, 7
knockout_winner: SUCCESS, 18
knockout_winner: INVALID_INPUT
get_num_played_games: SUCCESS, 10303
update_player_stats: SUCCESS
get_top_scorer: SUCCESS, 47
get_closest_player: SUCCESS, 110
get_num_played_games: SUCCESS, 3896
unite_teams: SUCCESS
get_closest_player: SUCCESS, 63
get_closest_player: SUCCESS, 95
get_team_points: SUCCESS, 8239
get_team_points: SUCCESS, 8239
get_all_players: SUCCESS
14
17
191
171
133
104
77
76
180
187
119
get_top_scorer: SUCCESS, 124
get_top_scorer: SUCCESS, 8
get_top_scorer: SUCCESS, 74
get_closest_player: SUCCESS, 139
remove_team: FAILURE
add_player: FAILURE
update_player_stats: SUCCESS
remove_team: FAILURE
remove_team: FAILURE
get_team_points: SUCCESS, 1675
get_closest_player: SUCCESS, 183
get_team_points: SUCCESS, 10975
get_num_played_games: SUCCESS, 4193
get_all_players: SUCCESS
155
112
91
87
51
61
116
154
12
145
48
unite_teams: FAILURE
add_player: FAILURE
get_num_played_games: SUCCESS, 5774
play_match: FAILURE
get_all_players_count: SUCCESS, 11
get_all_players: SUCCESS
69
3
68
59
45
9
109
add_player: FAILURE
update_player_stats: SUCCESS
play_match: SUCCESS
add_player: FAILURE
get_top_scorer: SUCCESS, 160
unite_teams: FAILURE
add_player: FAILURE
get_team_points: SUCCESS, 10975
get_all_players_count: SUCCESS, 21
update_player_stats: SUCCESS
get_team_points: SUCCESS, 8489
play_match: FAILURE
update_player_stats: SUCCESS
get_top_scorer: SUCCESS, 148
knockout_winner: SUCCESS, 15
knockout_winner: SUCCESS, 15
knockout_winner: SUCCESS, 9
knockout_winner: FAILURE
knockout_winner: INVALID_INPUT
get_top_scorer: SUCCESS, 4
unite_teams: FAILURE
unite_teams: FAILURE
add_team: FAILURE
remove_team: FAILURE
remove_player: SUCCESS
remove_team: FAILURE
add_player: FAILURE
remove_team: FAILURE
get_all_players: SUCCESS
195
25
111
186
15
164
93
176
74
get_all_players: SUCCESS
151
128
147
86
22
163
107
47
get_all_players_count: SUCCESS, 18
get_num_played_games: SUCCESS, 5364
get_all_players_count: SUCCESS, 18
play_match: FAILURE
unite_teams: FAILURE
knockout_winner: FAILURE
knockout_winner: SUCCESS, 7
knockout_winner: FAILURE
knockout_winner: SUCCESS, 15
knockout_winner: INVALID_INPUT
remove_player: SUCCESS
get_team_points: SUCCESS, 2705
play_match: SUCCESS
remove_player: SUCCESS
get_num_played_games: SUCCESS, 4733
remove_team: FAILURE
add_player: FAILURE
get_all_players: SUCCESS
84
173
183
181
125
124
add_team: FAILURE
unite_teams: FAILURE
get_closest_player: SUCCESS, 116
get_num_played_games: SUCCESS, 6351
knockout_winner: SUCCESS, 7
knockout_winner: INVALID_INPUT
knockout_winner: INVALID_INPUT
knockout_winner: SUCCESS, 15
knockout_winner: SUCCESS, 11
update_player_stats: SUCCESS
remove_team: FAILURE
play_match: FAILURE
add_team: FAILURE
get_closest_player: SUCCESS, 48
get_closest_player: SUCCESS, 34
get_top_scorer: SUCCESS, 4
get_num_played_games: SUCCESS, 5364
get_top_scorer: SUCCESS, 48
add_team: FAILURE
unite_teams: FAILURE
get_all_players: SUCCESS
73
166
152
132
85
95
7
remove_player: SUCCESS
get_closest_player: SUCCESS, 35
unite_teams: FAILURE
get_num_played_games: SUCCESS, 9389
unite_teams: FAILURE
update_player_stats: SUCCESS
knockout_winner: INVALID_INPUT
knockout_winner: SUCCESS, 15
knockout_winner: INVALID_INPUT
knockout_winner: INVALID_INPUT
knockout_winner: INVALID_INPUT
get_top_scorer: SUCCESS, 120
get_all_players_count: SUCCESS, 4
update_player_stats: SUCCESS
play_match: FAILURE
update_player_stats: SUCCESS
get_all_players_count: SUCCESS, 10
remove_player: SUCCESS
update_player_stats: SUCCESS
get_closest_player: SUCCESS, 37
remove_team: FAILURE
get_all_players_count: SUCCESS, 21
add_team: FAILURE
remove_team: FAILURE
get_all_players: SUCCESS
98
106
90
49
33
130
39
153
120
115
remove_player: SUCCESS
get_closest_player: SUCCESS, 49
update_player_stats: SUCCESS
unite_teams: FAILURE
get_num_played_games: SUCCESS, 10024
get_top_scorer: SUCCESS, 119
get_closest_player: SUCCESS, 140
remove_team: FAILURE
get_team_points: SUCCESS, 8656
get_num_played_games: SUCCESS, 9135
add_player: FAILURE
get_all_players_count: SUCCESS, 10
play_match: FAILURE
add_team: FAILURE
get_team_points: SUCCESS, 452
remove_team: FAILURE
get_top_scorer: SUCCESS, 140
get_num_played_games: SUCCESS, 1681
knockout_winner: SUCCESS, 7
knockout_winner: INVALID_INPUT
knockout_winner: INVALID_INPUT
knockout_winner: SUCCESS, 7
knockout_winner: SUCCESS, 7
unite_teams: FAILURE
remove_player: SUCCESS
unite_teams: FAILURE
get_all_players: SUCCESS
151
128
86
22
107
47
163
unite_teams: FAILURE
remove_team: FAILURE
get_all_players_count: SUCCESS, 10
get_closest_player: SUCCESS, 23
add_team: FAILURE
add_player: FAILURE
unite_teams: FAILURE
get_all_players: SUCCESS
151
128
86
22
107
47
163
unite_teams: SUCCESS
get_top_scorer: SUCCESS, 6
remove_team: FAILURE
remove_player: SUCCESS
update_player_stats: SUCCESS
get_num_played_games: SUCCESS, 4248
remove_player: SUCCESS
add_team: FAILURE
knockout_winner: SUCCESS, 7
knockout_winner: SUCCESS, 7
knockout_winner: SUCCESS, 7
knockout_winner: SUCCESS, 15
knockout_winner: INVALID_INPUT
unite_teams: FAILURE
play_match: FAILURE
add_player: FAILURE
play_match: FAILURE
get_all_players: SUCCESS
129
143
43
88
46
175
89
117
162
63
60
172
185
161
159
70
144
36
play_match: FAILURE
get_top_scorer: SUCCESS, 124
remove_player: SUCCESS
get_all_players_count: SUCCESS, 10
get_top_scorer: SUCCESS, 48
update_player_stats: SUCCESS
get_team_points: SUCCESS, 10240
get_num_played_games: SUCCESS, 9198
add_team: FAILURE
get_all_players_count: SUCCESS, 6
add_team: FAILURE
update_player_stats: SUCCESS
get_closest_player: SUCCESS, 150
add_team: FAILURE
knockout_winner: INVALID_INPUT
knockout_winner: FAILURE
knockout_winner: INVALID_INPUT
knockout_winner: INVALID_INPUT
knockout_winner: INVALID_INPUT
remove_team: FAILURE
unite_teams: FAILURE
update_player_stats: SUCCESS
get_num_played_games: SUCCESS, 11454
remove_player: SUCCESS
add_team: FAILURE
get_team_points: SUCCESS, 1705
get_all_players: SUCCESS
34
108
138
158
40
137
135
196
134
6
knockout_winner: SUCCESS, 7
knockout_winner: INVALID_INPUT
knockout_winner: INVALID_INPUT
knockout_winner: SUCCESS, 9
knockout_winner: INVALID_INPUT
get_all_players_count: SUCCESS, 18
add_player: FAILURE
add_team: FAILURE
get_team_points: SUCCESS, 41
play_match: FAILURE
get_top_scorer: SUCCESS, 160
get_num_played_games: SUCCESS, 8309
unite_teams: FAILURE
get_team_points: SUCCESS, 2702
get_top_scorer: SUCCESS, 7
get_all_players_count: SUCCESS, 7
unite_teams: SUCCESS
get_team_points: SUCCESS, 4654
unite_teams: FAILURE
add_player: FAILURE
get_num_played_games: SUCCESS, 1443
get_team_points: SUCCESS, 452
get_all_players_count: SUCCESS, 9
remove_player: SUCCESS
unite_teams: FAILURE
get_all_players: SUCCESS
44
5
184
57
83
170
118
192
157
28
123
97
94
50
71
32
31
102
38
200
189
179
165
160
140
remove_team: FAILURE
remove_player: SUCCESS
get_all_players_count: SUCCESS, 10
remove_player: SUCCESS
get_closest_player: SUCCESS, 6
get_team_points: SUCCESS, 5191
add_player: FAILURE
play_match: FAILURE
knockout_winner: FAILURE
knockout_winner: SUCCESS, 9
knockout_winner: FAILURE
knockout_winner: FAILURE
knockout_winner: INVALID_INPUT
get_closest_player: SUCCESS, 146
add_player: FAILURE
remove_player: SUCCESS
knockout_winner: SUCCESS, 18
knockout_winner: SUCCESS, 12
knockout_winner: SUCCESS, 12
knockout_winner: SUCCESS, 18
knockout_winner: INVALID_INPUT
knockout_winner: SUCCESS, 12
knockout_winner: SUCCESS, 12
knockout_winner: SUCCESS, 6
knockout_winner: FAILURE
knockout_winner: INVALID_INPUT
add_player: FAILURE
remove_team: FAILURE
knockout_winner: SUCCESS, 9
knockout_winner: INVALID_INPUT
knockout_winner: INVALID_INPUT
knockout_winner: SUCCESS, 12
knockout_winner: SUCCESS, 6
add_team: FAILURE
add_team: FAILURE
get_top_scorer: SUCCESS, 148
add_team: FAILURE
update_player_stats: SUCCESS
get_num_played_games: SUCCESS, 8323
add_team: FAILURE
update_player_stats: SUCCESS
add_player: FAILURE
get_team_points: SUCCESS, 10975
remove_team: FAILURE
get_num_played_games: SUCCESS, 11707
get_top_scorer: SUCCESS, 48
update_player_stats: SUCCESS
get_num_played_games: SUCCESS, 12272
unite_teams: SUCCESS
update_player_stats: SUCCESS
knockout_winner: INVALID_INPUT
knockout_winner: SUCCESS, 9
knockout_winner: INVALID_INPUT
knockout_winner: INVALID_INPUT
knockout_winner: INVALID_INPUT
get_team_points: SUCCESS, 8489
get_num_played_games: SUCCESS, 9826
get_all_players_count: SUCCESS, 13
get_closest_player: SUCCESS, 41
get_all_players: SUCCESS
14
17
191
171
104
77
76
187
180
119
get_all_players: SUCCESS
73
132
85
7
166
unite_teams: FAILURE
knockout_winner: SUCCESS, 12
knockout_winner: INVALID_INPUT
knockout_winner: INVALID_INPUT
knockout_winner: SUCCESS, 12
knockout_winner: SUCCESS, 12
remove_player: SUCCESS
unite_teams: FAILURE
get_top_scorer: SUCCESS, 149
get_all_players: SUCCESS
151
128
86
22
47
163
add_team: FAILURE
get_team_points: SUCCESS, 4654
get_top_scorer: SUCCESS, 140
get_team_points: SUCCESS, 4936
remove_team: FAILURE
get_all_players_count: SUCCESS, 8
get_closest_player: SUCCESS, 183
play_match: SUCCESS
remove_player: SUCCESS
add_player: FAILURE
add_player: FAILURE
remove_team: FAILURE
add_player: FAILURE
remove_player: SUCCESS
update_player_stats: SUCCESS
add_team: FAILURE
get_all_players_count: SUCCESS, 8
unite_teams: FAILURE
remove_team: FAILURE
add_player: FAILURE
knockout_winner: SUCCESS, 9
knockout_winner: SUCCESS, 9
knockout_winner: SUCCESS, 6
knockout_winner: FAILURE
knockout_winner: INVALID_INPUT
get_top_scorer: SUCCESS, 113
play_match: SUCCESS
get_all_players_count: SUCCESS, 25
add_team: FAILURE
get_closest_player: SUCCESS, 52
add_player: FAILURE
add_team: FAILURE
add_team: FAILURE
unite_teams: FAILURE
get_num_played_games: SUCCESS, 570
add_team: FAILURE
get_top_scorer: SUCCESS, 96
unite_teams: SUCCESS
remove_team: FAILURE
remove_team: FAILURE
remove_team: FAILURE
get_all_players: SUCCESS
14
17
191
171
104
77
76
187
180
119
add_team: FAILURE
knockout_winner: SUCCESS, 1
knockout_winner: INVALID_INPUT
knockout_winner: INVALID_INPUT
knockout_winner: SUCCESS, 6
knockout_winner: INVALID_INPUT
add_player: FAILURE
get_all_players_count: SUCCESS, 10
get_all_players_count: SUCCESS, 8
get_closest_player: SUCCESS, 119
get_num_played_games: SUCCESS, 1444
update_player_stats: SUCCESS
update_player_stats: SUCCESS
add_player: FAILURE
get_all_players_count: SUCCESS, 5
remove_player: SUCCESS
get_team_points: SUCCESS, 1451
remove_player: SUCCESS
add_player: FAILURE
add_player: FAILURE
get_all_players: SUCCESS
73
132
85
7
166
get_num_played_games: SUCCESS, 4734
remove_team: FAILURE
get_all_players: SUCCESS
129
143
88
175
89
117
162
60
172
185
161
159
70
144
36
63
get_all_players: SUCCESS
173
84
183
181
125
124
play_match: FAILURE
play_match: FAILURE
unite_teams: SUCCESS
get_top_scorer: SUCCESS, 48
get_top_scorer: SUCCESS, 148
play_match: FAILURE
get_team_points: SUCCESS, 452
remove_player: SUCCESS
get_all_players: SUCCESS
155
112
87
51
116
12
145
61
91
48
remove_team: FAILURE
knockout_winner: SUCCESS, 12
knockout_winner: SUCCESS, 9
knockout_winner: SUCCESS, 9
knockout_winner: SUCCESS, 18
knockout_winner: INVALID_INPUT
get_top_scorer: SUCCESS, 163
get_team_points: SUCCESS, 10975
get_all_players_count: SUCCESS, 6
get_top_scorer: SUCCESS, 119
get_all_players: SUCCESS
44
5
184
57
83
170
118
192
157
28
97
94
50
71
32
31
102
38
200
189
179
165
160
140
add_team: FAILURE
get_top_scorer: SUCCESS, 124
get_top_scorer: SUCCESS, 148
remove_player: SUCCESS
get_closest_player: SUCCESS, 21
knockout_winner: SUCCESS, 12
knockout_winner: SUCCESS, 12
knockout_winner: FAILURE
knockout_winner: FAILURE
knockout_winner: INVALID_INPUT
get_team_points: SUCCESS, 8656
unite_teams: INVALID_INPUT
get_team_points: SUCCESS, 4654
remove_player: SUCCESS
get_top_scorer: SUCCESS, 6
get_top_scorer: SUCCESS, 140
remove_team: FAILURE
remove_team: FAILURE
get_top_scorer: SUCCESS, 119
unite_teams: INVALID_INPUT
play_match: FAILURE
get_team_points: SUCCESS, 3836
remove_team: FAILURE
get_num_played_games: SUCCESS, 11558
get_team_points: SUCCESS, 10458
get_num_played_games: SUCCESS, 1444
remove_player: SUCCESS
get_all_players: SUCCESS
129
143
88
175
89
117
162
60
172
185
161
159
70
144
36
63
get_all_players_count: SUCCESS, 6
remove_team: FAILURE
get_all_players: SUCCESS
69
3
68
59
45
9
109
get_all_players_count: SUCCESS, 20
get_closest_player: SUCCESS, 172
get_closest_player: SUCCESS, 41
unite_teams: FAILURE
get_num_played_games: SUCCESS, 609
get_all_players: SUCCESS
129
143
88
175
89
117
162
60
172
185
161
159
70
144
36
63
get_num_played_games: SUCCESS, 10024
get_num_played_games: SUCCESS, 3882
get_team_points: SUCCESS, 4936
play_match: FAILURE
get_top_scorer: SUCCESS, 96
unite_teams: FAILURE
get_top_scorer: SUCCESS, 140
get_top_scorer: SUCCESS, 163
remove_team: FAILURE
get_num_played_games: SUCCESS, 3381
get_closest_player: SUCCESS, 57
get_all_players_count: SUCCESS, 7
get_team_points: SUCCESS, 4936
get_num_played_games: SUCCESS, 12253
get_top_scorer: SUCCESS, 163
get_all_players: SUCCESS
73
132
85
7
166
get_team_points: SUCCESS, 4654
update_player_stats: SUCCESS
get_closest_player: SUCCESS, 17
update_player_stats: SUCCESS
remove_player: SUCCESS
get_closest_player: SUCCESS, 31
get_team_points: SUCCESS, 4936
get_all_players: SUCCESS
195
25
15
164
93
74
get_top_scorer: SUCCESS, 9
knockout_winner: SUCCESS, 12
knockout_winner: SUCCESS, 12
knockout_winner: SUCCESS, 12
knockout_winner: SUCCESS, 18
knockout_winner: FAILURE
remove_player: SUCCESS
remove_team: FAILURE
get_all_players_count: SUCCESS, 10
get_all_players: SUCCESS
55
182
16
24
67
174
23
79
178
30
103
62
42
4
10
199
148
update_player_stats: SUCCESS
get_team_points: SUCCESS, 1451
get_all_players_count: SUCCESS, 6
get_all_players: SUCCESS
14
17
191
171
104
77
76
187
180
119
add_team: FAILURE
get_num_played_games: SUCCESS, 6496
get_all_players_count: SUCCESS, 23
get_all_players_count: SUCCESS, 7
get_top_scorer: SUCCESS, 9
get_closest_player: SUCCESS, 96
add_player: FAILURE
knockout_winner: FAILURE
knockout_winner: SUCCESS, 12
knockout_winner: SUCCESS, 9
knockout_winner: SUCCESS, 18
knockout_winner: INVALID_INPUT
knockout_winner: SUCCESS, 12
knockout_winner: INVALID_INPUT
knockout_winner: INVALID_INPUT
knockout_winner: SUCCESS, 12
knockout_winner: SUCCESS, 12
get_all_players_count: SUCCESS, 27
get_all_players: SUCCESS
173
84
183
181
125
124
get_all_players_count: SUCCESS, 17
get_closest_player: SUCCESS, 130
get_all_players_count: SUCCESS, 7
get_all_players: SUCCESS
34
108
138
158
40
137
135
196
134
6
get_all_players_count: SUCCESS, 7
remove_player: SUCCESS
remove_team: FAILURE
knockout_winner: SUCCESS, 6
knockout_winner: SUCCESS, 1
knockout_winner: SUCCESS, 1
knockout_winner: FAILURE
knockout_winner: INVALID_INPUT
get_num_played_games: SUCCESS, 6109
add_team: FAILURE
update_player_stats: SUCCESS
update_player_stats: SUCCESS
knockout_winner: INVALID_INPUT
knockout_winner: FAILURE
knockout_winner: INVALID_INPUT
knockout_winner: INVALID_INPUT
knockout_winner: INVALID_INPUT
get_num_played_games: SUCCESS, 1472
remove_player: SUCCESS
add_player: FAILURE
knockout_winner: SUCCESS, 18
knockout_winner: SUCCESS, 12
knockout_winner: SUCCESS, 12
knockout_winner: FAILURE
knockout_winner: INVALID_INPUT
get_all_players: SUCCESS
155
112
87
51
116
12
145
61
91
48
get_all_players: SUCCESS
195
25
15
164
93
74
get_closest_player: SUCCESS, 40
knockout_winner: INVALID_INPUT
knockout_winner: SUCCESS, 9
knockout_winner: INVALID_INPUT
knockout_winner: INVALID_INPUT
knockout_winner: INVALID_INPUT
get_num_played_games: SUCCESS, 7313
get_all_players: SUCCESS
132
85
7
166
get_closest_player: SUCCESS, 116
get_num_played_games: SUCCESS, 22680
unite_teams: FAILURE
add_team: FAILURE
remove_team: FAILURE
get_num_played_games: SUCCESS, 10406
add_team: FAILURE
get_num_played_games: SUCCESS, 5774
get_closest_player: SUCCESS, 137
unite_teams: FAILURE
get_all_players: SUCCESS
132
85
7
166
get_top_scorer: SUCCESS, 115
get_all_players_count: SUCCESS, 16
knockout_winner: SUCCESS, 9
knockout_winner: SUCCESS, 9
knockout_winner: SUCCESS, 9
knockout_winner: SUCCESS, 12
knockout_winner: SUCCESS, 12
get_num_played_games: SUCCESS, 12071
add_player: FAILURE
add_team: FAILURE
get_all_players_count: SUCCESS, 10
get_all_players_count: SUCCESS, 6
add_player: FAILURE
get_top_scorer: SUCCESS, 63
add_team: FAILURE
get_all_players_count: SUCCESS, 4
get_all_players: SUCCESS
132
85
7
166
get_closest_player: SUCCESS, 198
get_top_scorer: SUCCESS, 119
get_team_points: SUCCESS, 10333
knockout_winner: SUCCESS, 9
knockout_winner: SUCCESS, 9
knockout_winner: SUCCESS, 9
knockout_winner: SUCCESS, 12
knockout_winner: SUCCESS, 12
add_team: FAILURE
remove_team: FAILURE
add_team: FAILURE
update_player_stats: SUCCESS
get_team_points: SUCCESS, 18977
get_top_scorer: SUCCESS, 6
add_team: FAILURE
knockout_winner: INVALID_INPUT
knockout_winner: FAILURE
knockout_winner: INVALID_INPUT
knockout_winner: INVALID_INPUT
knockout_winner: INVALID_INPUT
get_closest_player: SUCCESS, 83
knockout_winner: INVALID_INPUT
knockout_winner: SUCCESS, 12
knockout_winner: INVALID_INPUT
knockout_winner: INVALID_INPUT
knockout_winner: INVALID_INPUT
get_all_players: SUCCESS
75
156
54
41
101
21
177
35
146
168
131
139
82
53
190
193
113
141
72
149
get_num_played_games: SUCCESS, 2985
get_num_played_games: SUCCESS, 12338
knockout_winner: INVALID_INPUT
knockout_winner: INVALID_INPUT
knockout_winner: INVALID_INPUT
knockout_winner: INVALID_INPUT
knockout_winner: INVALID_INPUT
add_team: FAILURE
add_player: FAILURE
get_closest_player: SUCCESS, 182
get_closest_player: SUCCESS, 76
knockout_winner: SUCCESS, 6
knockout_winner: SUCCESS, 9
knockout_winner: SUCCESS, 1
knockout_winner: FAILURE
knockout_winner: INVALID_INPUT
get_closest_player: SUCCESS, 76
remove_player: SUCCESS
add_team: FAILURE
update_player_stats: SUCCESS
remove_player: SUCCESS
unite_teams: SUCCESS
get_closest_player: SUCCESS, 174
knockout_winner: FAILURE
knockout_winner: SUCCESS, 12
knockout_winner: SUCCESS, 12
knockout_winner: FAILURE
knockout_winner: INVALID_INPUT
get_all_players: SUCCESS
195
25
15
164
93
74
remove_team: FAILURE
get_team_points: SUCCESS, 4936
get_team_points: SUCCESS, 3887
add_player: FAILURE
knockout_winner: SUCCESS, 12
knockout_winner: INVALID_INPUT
knockout_winner: INVALID_INPUT
knockout_winner: SUCCESS, 12
knockout_winner: SUCCESS, 9
knockout_winner: SUCCESS, 12
knockout_winner: INVALID_INPUT
knockout_winner: INVALID_INPUT
knockout_winner: SUCCESS, 12
knockout_winner: SUCCESS, 12
get_team_points: SUCCESS, 9961
get_closest_player: SUCCESS, 54
remove_player: SUCCESS
play_match: SUCCESS
update_player_stats: SUCCESS
remove_team: FAILURE
unite_teams: FAILURE
add_team: FAILURE
unite_teams: SUCCESS
get_all_players_count: SUCCESS, 10
add_player: FAILURE
get_top_scorer: SUCCESS, 166
remove_player: SUCCESS
remove_player: SUCCESS
get_team_points: SUCCESS, 10458
get_all_players: SUCCESS
3
69
59
45
109
9
add_player: FAILURE
knockout_winner: SUCCESS, 12
knockout_winner: SUCCESS, 12
knockout_winner: SUCCESS, 6
knockout_winner: FAILURE
knockout_winner: INVALID_INPUT
remove_player: SUCCESS
remove_team: FAILURE
update_player_stats: SUCCESS
play_match: FAILURE
get_closest_player: SUCCESS, 62
get_num_played_games: SUCCESS, 7194
get_all_players: SUCCESS
129
143
88
175
89
117
162
60
172
185
161
159
70
144
36
63
knockout_winner: SUCCESS, 12
knockout_winner: SUCCESS, 12
knockout_winner: SUCCESS, 12
knockout_winner: SUCCESS, 18
knockout_winner: INVALID_INPUT
get_num_played_games: SUCCESS, 2726
knockout_winner: SUCCESS, 12
knockout_winner: INVALID_INPUT
knockout_winner: INVALID_INPUT
knockout_winner: SUCCESS, 12
knockout_winner: SUCCESS, 12
get_all_players_count: SUCCESS, 17
unite_teams: FAILURE
play_match: INVALID_INPUT
add_player: FAILURE
get_top_scorer: SUCCESS, 63
add_player: FAILURE
get_all_players: SUCCESS
14
17
191
171
104
77
76
187
180
119
knockout_winner: SUCCESS, 9
knockout_winner: SUCCESS, 12
knockout_winner: FAILURE
knockout_winner: SUCCESS, 12
knockout_winner: INVALID_INPUT
remove_team: FAILURE
add_team: FAILURE
get_all_players: SUCCESS
34
108
55
182
16
158
24
67
40
174
137
23
79
103
138
135
196
62
42
134
4
6
30
178
10
199
148
get_all_players: SUCCESS
155
112
87
51
116
12
145
61
91
48
update_player_stats: SUCCESS
get_num_played_games: SUCCESS, 15309
get_closest_player: SUCCESS, 35
get_all_players: SUCCESS
3
69
59
45
109
9
get_top_scorer: SUCCESS, 96
get_all_players: SUCCESS
44
151
5
128
57
83
170
192
157
28
118
97
50
71
32
31
102
38
86
22
200
189
179
165
160
47
140
163
94
remove_team: FAILURE
get_all_players: SUCCESS
132
85
7
get_num_played_games: SUCCESS, 5702
get_all_players_count: SUCCESS, 17
remove_player: SUCCESS
get_top_scorer: SUCCESS, 115
get_closest_player: SUCCESS, 47
remove_team: FAILURE
add_player: FAILURE
update_player_stats: SUCCESS
get_closest_player: SUCCESS, 91
remove_team: FAILURE
add_team: FAILURE
get_team_points: SUCCESS, 18977
add_player: FAILURE
play_match: FAILURE
get_num_played_games: SUCCESS, 9704
play_match: FAILURE
get_team_points: SUCCESS, 18977
knockout_winner: SUCCESS, 6
knockout_winner: INVALID_INPUT
knockout_winner: INVALID_INPUT
knockout_winner: SUCCESS, 12
knockout_winner: INVALID_INPUT
play_match: FAILURE
remove_team: FAILURE
get_all_players: SUCCESS
155
112
87
51
116
12
145
61
91
48
play_match: FAILURE
update_player_stats: SUCCESS
get_closest_player: SUCCESS, 191
get_num_played_games: SUCCESS, 2726
get_all_players_count: SUCCESS, 25
get_closest_player: SUCCESS, 91
add_team: FAILURE
update_player_stats: SUCCESS
knockout_winner: SUCCESS, 6
knockout_winner: INVALID_INPUT
knockout_winner: INVALID_INPUT
knockout_winner: SUCCESS, 12
knockout_winner: INVALID_INPUT
get_all_players: SUCCESS
20
78
2
194
56
136
96
unite_teams: INVALID_INPUT
update_player_stats: SUCCESS
get_closest_player: SUCCESS, 164
get_all_players: SUCCESS
173
84
181
125
124
183
get_all_players: SUCCESS
132
85
7
remove_player: SUCCESS
knockout_winner: SUCCESS, 6
knockout_winner: INVALID_INPUT
knockout_winner: INVALID_INPUT
knockout_winner: SUCCESS, 6
knockout_winner: INVALID_INPUT
get_all_players: SUCCESS
129
143
88
175
89
117
162
60
172
185
161
70
144
36
63
add_player: FAILURE
get_all_players: SUCCESS
132
85
7
add_team: FAILURE
get_num_played_games: SUCCESS, 3998
add_team: FAILURE
get_all_players_count: SUCCESS, 6
get_all_players: SUCCESS
155
112
87
51
116
12
145
61
91
48
add_team: FAILURE
remove_player: SUCCESS
get_team_points: SUCCESS, 10827
unite_teams: FAILURE
get_top_scorer: SUCCESS, 7
update_player_stats: SUCCESS
remove_player: SUCCESS
remove_player: SUCCESS
knockout_winner: SUCCESS, 12
knockout_winner: SUCCESS, 12
knockout_winner: SUCCESS, 6
knockout_winner: FAILURE
knockout_winner: INVALID_INPUT
add_team: FAILURE
get_team_points: SUCCESS, 10827
play_match: FAILURE
remove_team: FAILURE
get_num_played_games: SUCCESS, 4447
get_all_players: SUCCESS
20
78
2
194
136
96
play_match: FAILURE
remove_team: FAILURE
play_match: FAILURE
remove_player: SUCCESS
remove_player: SUCCESS
play_match: FAILURE
update_player_stats: SUCCESS
update_player_stats: SUCCESS
get_closest_player: SUCCESS, 134
add_player: FAILURE
get_num_played_games: SUCCESS, 8404
get_all_players: SUCCESS
44
151
5
57
83
170
192
157
28
118
97
50
71
32
31
102
38
86
22
200
189
179
165
160
47
140
163
94
update_player_stats: SUCCESS
add_team: FAILURE
add_player: FAILURE
remove_player: SUCCESS
get_top_scorer: SUCCESS, 119
get_closest_player: SUCCESS, 191
get_team_points: SUCCESS, 10458
update_player_stats: SUCCESS
get_num_played_games: SUCCESS, 8378
add_team: FAILURE
get_team_points: SUCCESS, 9961
get_top_scorer: SUCCESS, 149
play_match: FAILURE
add_player: FAILURE
remove_team: FAILURE
remove_player: SUCCESS
remove_player: SUCCESS
get_closest_player: SUCCESS, 144
get_all_players: SUCCESS
75
156
54
41
21
177
35
146
131
82
53
190
139
193
113
72
149
update_player_stats: SUCCESS
get_closest_player: SUCCESS, 41
unite_teams: FAILURE
add_team: FAILURE
get_num_played_games: SUCCESS, 3883
get_all_players: SUCCESS
44
151
5
57
83
170
192
157
28
118
97
50
71
32
31
102
38
86
22
200
189
179
165
160
47
140
163
94
get_team_points: SUCCESS, 8656
get_num_played_games: SUCCESS, 1472
play_match: FAILURE
remove_team: FAILURE
get_num_played_games: SUCCESS, 15520
get_num_played_games: SUCCESS, 3998
get_team_points: SUCCESS, 9961
add_team: FAILURE
remove_team: FAILURE
get_team_points: SUCCESS, 4936
get_closest_player: SUCCESS, 136
get_all_players: SUCCESS
84
181
125
124
173
183
play_match: FAILURE
knockout_winner: FAILURE
knockout_winner: SUCCESS, 12
knockout_winner: FAILURE
knockout_winner: SUCCESS, 12
knockout_winner: INVALID_INPUT
get_team_points: SUCCESS, 10827
add_player: FAILURE
add_player: FAILURE
unite_teams: INVALID_INPUT
unite_teams: FAILURE
get_closest_player: SUCCESS, 124
add_player: FAILURE
update_player_stats: SUCCESS
get_num_played_games: SUCCESS, 3896
get_num_played_games: SUCCESS, 8121
get_top_scorer: SUCCESS, 94
add_player: FAILURE
knockout_winner: SUCCESS, 9
knockout_winner: SUCCESS, 12
knockout_winner: FAILURE
knockout_winner: SUCCESS, 12
knockout_winner: INVALID_INPUT
get_team_points: SUCCESS, 1451
add_player: FAILURE
update_player_stats: SUCCESS
get_team_points: SUCCESS, 2702
get_all_players: SUCCESS
14
17
191
171
104
77
76
187
180
119
get_all_players_count: SUCCESS, 17
get_all_players_count: SUCCESS, 6
update_player_stats: SUCCESS
unite_teams: FAILURE
remove_team: FAILURE
get_all_players: SUCCESS
195
25
15
164
93
74
remove_player: SUCCESS
add_team: FAILURE
remove_team: FAILURE
get_top_scorer: SUCCESS, 96
play_match: FAILURE
remove_team: FAILURE
get_all_players: SUCCESS
84
181
125
124
173
183
knockout_winner: SUCCESS, 6
knockout_winner: INVALID_INPUT
knockout_winner: INVALID_INPUT
knockout_winner: SUCCESS, 12
knockout_winner: INVALID_INPUT
update_player_stats: SUCCESS
play_match: FAILURE
get_team_points: SUCCESS, 8656
play_match: INVALID_INPUT
get_closest_player: SUCCESS, 178
remove_team: FAILURE
play_match: FAILURE
unite_teams: FAILURE
add_player: FAILURE
add_team: FAILURE
get_top_scorer: SUCCESS, 115
knockout_winner: SUCCESS, 12
knockout_winner: SUCCESS, 12
knockout_winner: SUCCESS, 12
knockout_winner: SUCCESS, 12
knockout_winner: SUCCESS, 12
add_team: FAILURE
get_all_players: SUCCESS
75
156
54
41
21
177
35
146
131
82
53
190
139
193
113
72
149
add_team: FAILURE
add_player: FAILURE
play_match: FAILURE
get_team_points: SUCCESS, 4936
get_closest_player: SUCCESS, 59
add_player: FAILURE
unite_teams: FAILURE
remove_player: SUCCESS
add_team: FAILURE
remove_team: FAILURE
play_match: FAILURE
remove_team: FAILURE
knockout_winner: SUCCESS, 6
knockout_winner: SUCCESS, 12
knockout_winner: SUCCESS, 1
knockout_winner: SUCCESS, 12
knockout_winner: INVALID_INPUT
get_all_players_count: SUCCESS, 6
get_all_players: SUCCESS
155
112
87
51
116
12
145
61
48
add_player: FAILURE
add_player: FAILURE
get_all_players: SUCCESS
143
88
175
89
117
162
60
172
185
70
144
36
63
get_num_played_games: SUCCESS, 9464
play_match: FAILURE
get_closest_player: SUCCESS, 193
play_match: FAILURE
update_player_stats: SUCCESS
get_all_players_count: SUCCESS, 13
play_match: FAILURE
get_all_players_count: SUCCESS, 6
get_top_scorer: SUCCESS, 48
get_top_scorer: SUCCESS, 148
remove_team: FAILURE
get_all_players: SUCCESS
3
69
59
45
9
109
add_team: FAILURE
get_all_players_count: SUCCESS, 22
knockout_winner: SUCCESS, 12
knockout_winner: SUCCESS, 12
knockout_winner: SUCCESS, 6
knockout_winner: FAILURE
knockout_winner: INVALID_INPUT
add_team: FAILURE
unite_teams: FAILURE
add_player: FAILURE
get_num_played_games: SUCCESS, 10442
get_all_players_count: SUCCESS, 22
add_team: FAILURE
get_team_points: SUCCESS, 19013
get_closest_player: SUCCESS, 5
get_all_players_count: SUCCESS, 6
get_top_scorer: SUCCESS, 119
remove_player: SUCCESS
play_match: FAILURE
get_all_players_count: SUCCESS, 27
get_all_players: SUCCESS
143
88
175
89
117
162
60
172
185
70
144
36
63
get_all_players_count: SUCCESS, 9
add_player: FAILURE
get_all_players: SUCCESS
84
181
125
124
173
183
get_top_scorer: SUCCESS, 96
get_all_players: SUCCESS
34
108
55
182
16
158
67
174
137
23
79
138
135
196
62
42
103
134
4
6
24
30
178
10
199
148
play_match: FAILURE
update_player_stats: SUCCESS
update_player_stats: SUCCESS
play_match: FAILURE
get_team_points: SUCCESS, 2702
get_closest_player: SUCCESS, 87
knockout_winner: FAILURE
knockout_winner: SUCCESS, 12
knockout_winner: SUCCESS, 12
knockout_winner: FAILURE
knockout_winner: INVALID_INPUT
get_closest_player: SUCCESS, 71
unite_teams: FAILURE
unite_teams: SUCCESS
get_all_players_count: SUCCESS, 2
play_match: FAILURE
remove_team: FAILURE
get_all_players_count: SUCCESS, 2
get_all_players: SUCCESS
44
151
5
57
170
157
28
118
97
50
71
32
31
102
38
86
22
189
192
179
165
160
47
140
163
200
94
play_match: FAILURE
get_all_players_count: SUCCESS, 2
get_top_scorer: SUCCESS, 74
remove_player: SUCCESS
remove_team: FAILURE
get_top_scorer: SUCCESS, 94
remove_team: FAILURE
remove_player: SUCCESS
get_all_players: SUCCESS
132
7
get_closest_player: SUCCESS, 51
get_all_players_count: SUCCESS, 6
add_team: FAILURE
get_all_players_count: SUCCESS, 17
add_team: FAILURE
get_all_players: SUCCESS
20
78
2
194
136
96
get_team_points: SUCCESS, 17145
remove_team: FAILURE
get_all_players_count: SUCCESS, 6
remove_player: SUCCESS
get_team_points: SUCCESS, 10458
play_match: FAILURE
update_player_stats: SUCCESS
get_all_players_count: SUCCESS, 10
add_team: FAILURE
play_match: SUCCESS
update_player_stats: SUCCESS
get_num_played_games: SUCCESS, 22680
remove_team: FAILURE
get_num_played_games: SUCCESS, 19805
unite_teams: FAILURE
knockout_winner: INVALID_INPUT
knockout_winner: SUCCESS, 6
knockout_winner: INVALID_INPUT
knockout_winner: INVALID_INPUT
knockout_winner: INVALID_INPUT
add_player: FAILURE
remove_player: SUCCESS
get_all_players_count: SUCCESS, 26
get_top_scorer: SUCCESS, 72
play_match: FAILURE
get_all_players: SUCCESS
132
7
get_team_points: SUCCESS, 9961
add_team: FAILURE
get_closest_player: SUCCESS, 131
remove_team: FAILURE
update_player_stats: SUCCESS
play_match: FAILURE
play_match: SUCCESS
get_team_points: SUCCESS, 4936
add_team: FAILURE
remove_team: FAILURE
add_player: FAILURE
get_closest_player: SUCCESS, 7
get_team_points: SUCCESS, 9961
remove_team: FAILURE
get_top_scorer: SUCCESS, 72
get_top_scorer: SUCCESS, 63
get_all_players: SUCCESS
195
25
15
164
93
74
get_all_players: SUCCESS
84
3
69
181
59
45
125
124
173
183
9
109
get_top_scorer: SUCCESS, 119
get_team_points: SUCCESS, 4654
knockout_winner: INVALID_INPUT
knockout_winner: SUCCESS, 12
knockout_winner: INVALID_INPUT
knockout_winner: INVALID_INPUT
knockout_winner: INVALID_INPUT
remove_team: FAILURE
remove_player: SUCCESS
get_team_points: SUCCESS, 4654
get_all_players_count: SUCCESS, 6
remove_team: FAILURE
get_all_players_count: SUCCESS, 26
add_team: FAILURE
get_team_points: SUCCESS, 1451
add_team: FAILURE
get_top_scorer: SUCCESS, 72
remove_team: FAILURE
remove_player: SUCCESS
get_closest_player: SUCCESS, 7
add_team: FAILURE
get_all_players: SUCCESS
84
3
69
181
59
45
125
124
173
183
9
109
play_match: FAILURE
unite_teams: FAILURE
update_player_stats: SUCCESS
knockout_winner: INVALID_INPUT
knockout_winner: SUCCESS, 12
knockout_winner: INVALID_INPUT
knockout_winner: INVALID_INPUT
knockout_winner: INVALID_INPUT
remove_team: FAILURE
update_player_stats: SUCCESS
get_team_points: SUCCESS, 4654
knockout_winner: SUCCESS, 12
knockout_winner: SUCCESS, 12
knockout_winner: FAILURE
knockout_winner: FAILURE
knockout_winner: INVALID_INPUT
get_all_players: SUCCESS
155
112
87
51
116
12
145
61
get_top_scorer: SUCCESS, 72
get_team_points: SUCCESS, 4936
remove_player: SUCCESS
update_player_stats: SUCCESS
get_all_players: SUCCESS
13
37
169
98
114
58
33
64
198
197
188
39
106
120
27
11
26
52
153
115
get_top_scorer: SUCCESS, 109
unite_teams: INVALID_INPUT
unite_teams: FAILURE
get_all_players: SUCCESS
143
88
175
89
117
162
60
172
185
70
144
36
63
get_num_played_games: SUCCESS, 8310
get_num_played_games: SUCCESS, 9391
get_top_scorer: SUCCESS, 115
get_top_scorer: SUCCESS, 63
unite_teams: FAILURE
get_closest_player: SUCCESS, 125
remove_player: SUCCESS
add_team: FAILURE
add_player: FAILURE
get_top_scorer: SUCCESS, 61
unite_teams: FAILURE
update_player_stats: SUCCESS
unite_teams: FAILURE
get_closest_player: SUCCESS, 72
remove_team: FAILURE
remove_team: FAILURE
get_top_scorer: SUCCESS, 178
get_team_points: SUCCESS, 19016
get_team_points: SUCCESS, 19016
remove_player: SUCCESS
get_closest_player: SUCCESS, 164
knockout_winner: INVALID_INPUT
knockout_winner: INVALID_INPUT
knockout_winner: INVALID_INPUT
knockout_winner: INVALID_INPUT
knockout_winner: INVALID_INPUT
get_all_players_count: SUCCESS, 10
play_match: FAILURE
add_team: FAILURE
update_player_stats: SUCCESS
update_player_stats: SUCCESS
knockout_winner: SUCCESS, 12
knockout_winner: SUCCESS, 12
knockout_winner: FAILURE
knockout_winner: FAILURE
knockout_winner: INVALID_INPUT
get_team_points: SUCCESS, 19016
remove_player: SUCCESS
add_player: FAILURE
remove_player: SUCCESS
remove_player: SUCCESS
remove_player: SUCCESS
remove_player: SUCCESS
remove_player: SUCCESS
remove_player: SUCCESS
remove_player: SUCCESS
remove_player: SUCCESS
remove_player: SUCCESS
remove_player: SUCCESS
remove_player: SUCCESS
remove_player: SUCCESS
remove_player: SUCCESS
remove_player: SUCCESS
remove_player: SUCCESS
remove_player: SUCCESS
remove_player: SUCCESS
remove_player: SUCCESS
remove_player: SUCCESS
remove_player: SUCCESS
remove_player: SUCCESS
remove_player: SUCCESS
remove_player: SUCCESS
remove_player: SUCCESS
remove_player: SUCCESS
remove_player: SUCCESS
remove_player: SUCCESS
remove_player: SUCCESS
remove_player: SUCCESS
remove_player: SUCCESS
remove_player: SUCCESS
remove_player: SUCCESS
remove_player: SUCCESS
remove_player: SUCCESS
remove_player: SUCCESS
remove_player: SUCCESS
remove_player: SUCCESS
remove_player: SUCCESS
remove_player: SUCCESS
remove_player: SUCCESS
remove_player: SUCCESS
remove_player: SUCCESS
remove_player: SUCCESS
remove_player: SUCCESS
remove_player: SUCCESS
remove_player: SUCCESS
remove_player: SUCCESS
remove_player: SUCCESS
remove_player: SUCCESS
remove_player: SUCCESS
remove_player: SUCCESS
remove_player: SUCCESS
remove_player: SUCCESS
remove_player: SUCCESS
remove_player: SUCCESS
remove_player: SUCCESS
remove_player: SUCCESS
remove_player: SUCCESS
remove_player: SUCCESS
remove_player: SUCCESS
remove_player: SUCCESS
remove_player: SUCCESS
remove_player: SUCCESS
remove_player: SUCCESS
remove_player: SUCCESS
remove_player: SUCCESS
remove_player: SUCCESS
remove_player: SUCCESS
remove_player: SUCCESS
remove_player: SUCCESS
remove_player: SUCCESS
remove_player: SUCCESS
remove_player: SUCCESS
remove_player: SUCCESS
remove_player: SUCCESS
remove_player: SUCCESS
remove_player: SUCCESS
remove_player: SUCCESS
remove_player: SUCCESS
remove_player: SUCCESS
remove_player: SUCCESS
remove_player: SUCCESS
remove_player: SUCCESS
remove_player: SUCCESS
remove_player: SUCCESS
remove_player: SUCCESS
remove_player: SUCCESS
remove_player: SUCCESS
remove_player: SUCCESS
remove_player: SUCCESS
remove_player: SUCCESS
remove_player: SUCCESS
remove_player: SUCCESS
remove_player: SUCCESS
remove_player: SUCCESS
remove_player: SUCCESS
remove_player: SUCCESS
remove_player: SUCCESS
remove_player: SUCCESS
remove_player: SUCCESS
remove_player: SUCCESS
remove_player: SUCCESS
remove_player: SUCCESS
remove_player: SUCCESS
remove_player: SUCCESS
remove_player: SUCCESS
remove_player: SUCCESS
remove_player: SUCCESS
remove_player: SUCCESS
remove_player: SUCCESS
remove_player: SUCCESS
remove_player: SUCCESS
remove_player: SUCCESS
remove_player: SUCCESS
remove_player: SUCCESS
remove_player: SUCCESS
remove_player: SUCCESS
remove_player: SUCCESS
remove_player: SUCCESS
remove_player: SUCCESS
remove_player: SUCCESS
remove_player: SUCCESS
remove_player: SUCCESS
remove_player: SUCCESS
remove_player: SUCCESS
remove_player: SUCCESS
remove_player: SUCCESS
remove_player: SUCCESS
remove_player: SUCCESS
remove_player: SUCCESS
remove_player: SUCCESS
remove_player: SUCCESS
remove_player: SUCCESS
remove_player: SUCCESS
remove_player: SUCCESS
remove_player: SUCCESS
remove_player: SUCCESS
remove_player: SUCCESS
remove_player: SUCCESS
remove_team: SUCCESS
remove_team: SUCCESS
remove_team: SUCCESS
remove_team: SUCCESS
remove_team: SUCCESS
remove_team: SUCCESS
remove_team: SUCCESS
remove_team: SUCCESS
remove_team: SUCCESS
remove_team: SUCCESS
remove_team: SUCCESS
