add_team: SUCCESS
add_team: SUCCESS
add_team: SUCCESS
add_team: SUCCESS
add_team: SUCCESS
add_team: SUCCESS
add_team: SUCCESS
add_team: SUCCESS
add_team: SUCCESS
add_team: SUCCESS
add_team: SUCCESS
add_team: SUCCESS
add_team: SUCCESS
add_team: SUCCESS
add_team: SUCCESS
add_team: SUCCESS
add_team: SUCCESS
add_team: SUCCESS
add_team: SUCCESS
add_team: SUCCESS
add_player: SUCCESS
add_player: SUCCESS
add_player: SUCCESS
add_player: SUCCESS
add_player: SUCCESS
add_player: SUCCESS
add_player: SUCCESS
add_player: SUCCESS
add_player: SUCCESS
add_player: SUCCESS
add_player: SUCCESS
add_player: SUCCESS
add_player: SUCCESS
add_player: SUCCESS
add_player: SUCCESS
add_player: SUCCESS
add_player: SUCCESS
add_player: SUCCESS
add_player: SUCCESS
add_player: SUCCESS
add_player: SUCCESS
add_player: SUCCESS
add_player: SUCCESS
add_player: SUCCESS
add_player: SUCCESS
add_player: SUCCESS
add_player: SUCCESS
add_player: SUCCESS
add_player: SUCCESS
add_player: SUCCESS
add_player: SUCCESS
add_player: SUCCESS
add_player: SUCCESS
add_player: SUCCESS
add_player: SUCCESS
add_player: SUCCESS
add_player: SUCCESS
add_player: SUCCESS
add_player: SUCCESS
add_player: SUCCESS
add_player: SUCCESS
add_player: SUCCESS
add_player: SUCCESS
add_player: SUCCESS
add_player: SUCCESS
add_player: SUCCESS
add_player: SUCCESS
add_player: SUCCESS
add_player: SUCCESS
add_player: SUCCESS
add_player: SUCCESS
add_player: SUCCESS
add_player: SUCCESS
add_player: SUCCESS
add_player: SUCCESS
add_player: SUCCESS
add_player: SUCCESS
add_player: SUCCESS
add_player: SUCCESS
add_player: SUCCESS
add_player: SUCCESS
add_player: SUCCESS
add_player: SUCCESS
add_player: SUCCESS
add_player: SUCCESS
add_player: SUCCESS
add_player: SUCCESS
add_player: SUCCESS
add_player: SUCCESS
add_player: SUCCESS
add_player: SUCCESS
add_player: SUCCESS
add_player: SUCCESS
add_player: SUCCESS
add_player: SUCCESS
add_player: SUCCESS
add_player: SUCCESS
add_player: SUCCESS
add_player: SUCCESS
add_player: SUCCESS
add_player: SUCCESS
add_player: SUCCESS
add_player: SUCCESS
add_player: SUCCESS
add_player: SUCCESS
add_player: SUCCESS
add_player: SUCCESS
add_player: SUCCESS
add_player: SUCCESS
add_player: SUCCESS
add_player: SUCCESS
add_player: SUCCESS
add_player: SUCCESS
add_player: SUCCESS
add_player: SUCCESS
add_player: SUCCESS
add_player: SUCCESS
add_player: SUCCESS
add_player: SUCCESS
add_player: SUCCESS
add_player: SUCCESS
add_player: SUCCESS
add_player: SUCCESS
add_player: SUCCESS
add_player: SUCCESS
add_player: SUCCESS
add_player: SUCCESS
add_player: SUCCESS
add_player: SUCCESS
add_player: SUCCESS
add_player: SUCCESS
add_player: SUCCESS
add_player: SUCCESS
add_player: SUCCESS
add_player: SUCCESS
add_player: SUCCESS
add_player: SUCCESS
add_player: SUCCESS
add_player: SUCCESS
add_player: SUCCESS
add_player: SUCCESS
add_player: SUCCESS
add_player: SUCCESS
add_player: SUCCESS
add_player: SUCCESS
add_player: SUCCESS
add_player: SUCCESS
add_player: SUCCESS
add_player: SUCCESS
add_player: SUCCESS
add_player: SUCCESS
add_player: SUCCESS
add_player: SUCCESS
add_player: SUCCESS
add_player: SUCCESS
add_player: SUCCESS
add_player: SUCCESS
add_player: SUCCESS
add_player: SUCCESS
add_player: SUCCESS
add_player: SUCCESS
add_player: SUCCESS
add_player: SUCCESS
add_player: SUCCESS
add_player: SUCCESS
add_player: SUCCESS
add_player: SUCCESS
add_player: SUCCESS
add_player: SUCCESS
add_player: SUCCESS
add_player: SUCCESS
add_player: SUCCESS
add_player: SUCCESS
add_player: SUCCESS
add_player: SUCCESS
add_player: SUCCESS
add_player: SUCCESS
add_player: SUCCESS
add_player: SUCCESS
add_player: SUCCESS
add_player: SUCCESS
add_player: SUCCESS
add_player: SUCCESS
add_player: SUCCESS
add_player: SUCCESS
add_player: SUCCESS
add_player: SUCCESS
add_player: SUCCESS
add_player: SUCCESS
add_player: SUCCESS
add_player: SUCCESS
add_player: SUCCESS
add_player: SUCCESS
add_player: SUCCESS
add_player: SUCCESS
add_player: SUCCESS
add_player: SUCCESS
add_player: SUCCESS
add_player: SUCCESS
add_player: SUCCESS
add_player: SUCCESS
add_player: SUCCESS
add_player: SUCCESS
add_player: SUCCESS
add_player: SUCCESS
add_player: SUCCESS
add_player: SUCCESS
add_player: SUCCESS
add_player: SUCCESS
add_player: SUCCESS
add_player: SUCCESS
add_player: SUCCESS
add_player: SUCCESS
add_player: SUCCESS
add_player: SUCCESS
add_player: SUCCESS
add_player: SUCCESS
add_player: SUCCESS
add_player: SUCCESS
add_player: SUCCESS
play_match: SUCCESS
knockout_winner: SUCCESS, 17
knockout_winner: SUCCESS, 17
knockout_winner: SUCCESS, 11
knockout_winner: FAILURE
knockout_winner: INVALID_INPUT
remove_team: FAILURE
play_match: FAILURE
get_top_scorer: SUCCESS, 179
add_team: FAILURE
add_team: FAILURE
get_team_points: SUCCESS, 2603
unite_teams: FAILURE
add_player: FAILURE
knockout_winner: SUCCESS, 11
knockout_winner: SUCCESS, 17
knockout_winner: SUCCESS, 4
knockout_winner: SUCCESS, 17
knockout_winner: INVALID_INPUT
unite_teams: FAILURE
knockout_winner: SUCCESS, 20
knockout_winner: SUCCESS, 17
knockout_winner: FAILURE
knockout_winner: FAILURE
knockout_winner: INVALID_INPUT
get_closest_player: SUCCESS, 57
unite_teams: FAILURE
play_match: FAILURE
knockout_winner: SUCCESS, 11
knockout_winner: SUCCESS, 17
knockout_winner: SUCCESS, 4
knockout_winner: SUCCESS, 17
knockout_winner: INVALID_INPUT
play_match: FAILURE
get_all_players: SUCCESS
50
194
90
163
109
107
91
42
155
add_player: FAILURE
remove_player: SUCCESS
add_player: FAILURE
update_player_stats: SUCCESS
get_team_points: SUCCESS, 4034
get_top_scorer: SUCCESS, 167
get_num_played_games: SUCCESS, 8551
get_team_points: SUCCESS, 925
knockout_winner: SUCCESS, 11
knockout_winner: SUCCESS, 4
knockout_winner: SUCCESS, 4
knockout_winner: SUCCESS, 17
knockout_winner: FAILURE
play_match: FAILURE
get_all_players_count: SUCCESS, 12
get_all_players: SUCCESS
95
172
98
133
78
39
118
64
24
knockout_winner: SUCCESS, 4
knockout_winner: INVALID_INPUT
knockout_winner: INVALID_INPUT
knockout_winner: SUCCESS, 11
knockout_winner: INVALID_INPUT
get_closest_player: SUCCESS, 118
get_all_players: SUCCESS
95
172
98
133
78
39
118
64
24
add_team: FAILURE
update_player_stats: SUCCESS
get_all_players_count: SUCCESS, 9
knockout_winner: SUCCESS, 4
knockout_winner: INVALID_INPUT
knockout_winner: INVALID_INPUT
knockout_winner: SUCCESS, 11
knockout_winner: SUCCESS, 11
get_all_players: SUCCESS
152
48
183
196
88
182
187
2
9
134
get_all_players: SUCCESS
74
113
69
54
129
139
get_num_played_games: SUCCESS, 9910
get_all_players: SUCCESS
3
161
178
122
93
175
144
11
86
unite_teams: FAILURE
unite_teams: FAILURE
get_all_players: SUCCESS
21
199
117
68
102
136
138
156
147
200
add_player: FAILURE
unite_teams: FAILURE
play_match: FAILURE
remove_team: FAILURE
get_closest_player: SUCCESS, 194
knockout_winner: SUCCESS, 17
knockout_winner: SUCCESS, 17
knockout_winner: FAILURE
knockout_winner: FAILURE
knockout_winner: INVALID_INPUT
remove_player: SUCCESS
get_team_points: SUCCESS, 5952
knockout_winner: SUCCESS, 20
knockout_winner: SUCCESS, 17
knockout_winner: FAILURE
knockout_winner: FAILURE
knockout_winner: INVALID_INPUT
knockout_winner: SUCCESS, 11
knockout_winner: SUCCESS, 11
knockout_winner: SUCCESS, 11
knockout_winner: SUCCESS, 17
knockout_winner: FAILURE
get_all_players: SUCCESS
127
121
76
159
185
81
170
151
22
73
128
150
add_player: FAILURE
update_player_stats: SUCCESS
knockout_winner: FAILURE
knockout_winner: SUCCESS, 11
knockout_winner: FAILURE
knockout_winner: SUCCESS, 17
knockout_winner: INVALID_INPUT
unite_teams: FAILURE
remove_player: SUCCESS
unite_teams: SUCCESS
play_match: FAILURE
add_team: FAILURE
unite_teams: FAILURE
add_team: FAILURE
remove_team: FAILURE
add_player: FAILURE
add_player: FAILURE
unite_teams: FAILURE
knockout_winner: SUCCESS, 2
knockout_winner: INVALID_INPUT
knockout_winner: INVALID_INPUT
knockout_winner: FAILURE
knockout_winner: INVALID_INPUT
remove_team: FAILURE
play_match: FAILURE
add_team: FAILURE
remove_team: FAILURE
get_closest_player: SUCCESS, 137
get_all_players: SUCCESS
43
100
131
119
89
125
92
110
106
171
191
99
101
103
get_team_points: SUCCESS, 594
unite_teams: SUCCESS
remove_player: SUCCESS
play_match: FAILURE
get_top_scorer: SUCCESS, 155
add_team: FAILURE
knockout_winner: SUCCESS, 17
knockout_winner: SUCCESS, 11
knockout_winner: SUCCESS, 11
knockout_winner: SUCCESS, 20
knockout_winner: INVALID_INPUT
get_num_played_games: SUCCESS, 12261
play_match: FAILURE
unite_teams: FAILURE
get_team_points: SUCCESS, 1986
add_player: FAILURE
update_player_stats: SUCCESS
remove_player: SUCCESS
knockout_winner: FAILURE
knockout_winner: INVALID_INPUT
knockout_winner: INVALID_INPUT
knockout_winner: FAILURE
knockout_winner: INVALID_INPUT
unite_teams: FAILURE
play_match: FAILURE
play_match: FAILURE
remove_player: SUCCESS
get_num_played_games: SUCCESS, 6106
add_player: FAILURE
remove_player: SUCCESS
remove_team: FAILURE
update_player_stats: SUCCESS
remove_team: FAILURE
remove_player: SUCCESS
get_all_players: SUCCESS
152
48
183
196
88
182
187
2
9
134
remove_team: FAILURE
add_team: FAILURE
remove_team: FAILURE
knockout_winner: SUCCESS, 17
knockout_winner: SUCCESS, 17
knockout_winner: SUCCESS, 11
knockout_winner: FAILURE
knockout_winner: INVALID_INPUT
get_num_played_games: SUCCESS, 9126
get_all_players_count: SUCCESS, 5
get_num_played_games: SUCCESS, 8555
get_all_players_count: SUCCESS, 14
get_all_players: SUCCESS
5
45
154
58
52
181
70
4
164
192
16
85
82
get_closest_player: SUCCESS, 84
remove_team: FAILURE
play_match: FAILURE
add_team: FAILURE
get_closest_player: SUCCESS, 109
add_player: FAILURE
get_num_played_games: SUCCESS, 6095
get_team_points: SUCCESS, 629
add_team: FAILURE
remove_player: SUCCESS
get_all_players: SUCCESS
48
183
196
88
182
187
2
9
134
get_all_players_count: SUCCESS, 20
update_player_stats: SUCCESS
add_player: FAILURE
remove_player: SUCCESS
get_top_scorer: SUCCESS, 44
update_player_stats: SUCCESS
remove_team: FAILURE
add_player: FAILURE
add_player: FAILURE
knockout_winner: SUCCESS, 20
knockout_winner: SUCCESS, 17
knockout_winner: FAILURE
knockout_winner: FAILURE
knockout_winner: INVALID_INPUT
unite_teams: FAILURE
get_all_players: SUCCESS
17
15
94
41
140
153
20
27
44
get_num_played_games: SUCCESS, 4789
get_num_played_games: SUCCESS, 10806
get_all_players: SUCCESS
6
77
177
38
165
158
59
173
130
add_team: FAILURE
add_team: FAILURE
get_closest_player: SUCCESS, 144
get_all_players_count: SUCCESS, 6
unite_teams: FAILURE
add_player: FAILURE
add_player: FAILURE
get_top_scorer: SUCCESS, 179
unite_teams: FAILURE
get_all_players: SUCCESS
50
194
90
163
109
107
91
155
get_all_players: SUCCESS
116
148
112
120
63
141
87
190
189
108
62
get_all_players: SUCCESS
40
13
51
79
35
168
146
37
18
unite_teams: SUCCESS
play_match: FAILURE
play_match: FAILURE
update_player_stats: SUCCESS
get_num_played_games: SUCCESS, 98
unite_teams: FAILURE
play_match: FAILURE
get_num_played_games: SUCCESS, 9126
knockout_winner: SUCCESS, 17
knockout_winner: INVALID_INPUT
knockout_winner: INVALID_INPUT
knockout_winner: SUCCESS, 17
knockout_winner: SUCCESS, 11
get_team_points: SUCCESS, 6676
remove_team: FAILURE
get_num_played_games: SUCCESS, 9221
get_num_played_games: SUCCESS, 5014
add_team: FAILURE
play_match: FAILURE
get_closest_player: SUCCESS, 137
add_player: FAILURE
add_player: FAILURE
unite_teams: FAILURE
knockout_winner: SUCCESS, 17
knockout_winner: SUCCESS, 17
knockout_winner: SUCCESS, 11
knockout_winner: SUCCESS, 17
knockout_winner: INVALID_INPUT
get_num_played_games: SUCCESS, 9475
add_team: FAILURE
update_player_stats: SUCCESS
remove_team: FAILURE
get_all_players_count: SUCCESS, 20
add_team: FAILURE
get_num_played_games: SUCCESS, 8965
update_player_stats: SUCCESS
update_player_stats: SUCCESS
knockout_winner: SUCCESS, 9
knockout_winner: SUCCESS, 11
knockout_winner: FAILURE
knockout_winner: FAILURE
knockout_winner: INVALID_INPUT
get_num_played_games: SUCCESS, 9193
knockout_winner: SUCCESS, 11
knockout_winner: SUCCESS, 2
knockout_winner: SUCCESS, 2
knockout_winner: SUCCESS, 17
knockout_winner: INVALID_INPUT
get_closest_player: SUCCESS, 154
get_num_played_games: SUCCESS, 10171
knockout_winner: SUCCESS, 18
knockout_winner: SUCCESS, 17
knockout_winner: FAILURE
knockout_winner: FAILURE
knockout_winner: INVALID_INPUT
remove_player: SUCCESS
get_team_points: SUCCESS, 7000
get_all_players_count: SUCCESS, 20
get_top_scorer: SUCCESS, 82
remove_player: SUCCESS
add_team: FAILURE
add_player: FAILURE
get_closest_player: SUCCESS, 89
get_num_played_games: SUCCESS, 5014
get_team_points: SUCCESS, 6676
knockout_winner: SUCCESS, 9
knockout_winner: SUCCESS, 11
knockout_winner: FAILURE
knockout_winner: FAILURE
knockout_winner: INVALID_INPUT
update_player_stats: SUCCESS
remove_team: FAILURE
knockout_winner: SUCCESS, 20
knockout_winner: SUCCESS, 17
knockout_winner: FAILURE
knockout_winner: FAILURE
knockout_winner: INVALID_INPUT
get_all_players_count: SUCCESS, 20
knockout_winner: SUCCESS, 11
knockout_winner: SUCCESS, 2
knockout_winner: SUCCESS, 2
knockout_winner: SUCCESS, 16
knockout_winner: INVALID_INPUT
add_team: FAILURE
get_num_played_games: SUCCESS, 7834
remove_player: SUCCESS
remove_player: SUCCESS
add_team: FAILURE
get_top_scorer: SUCCESS, 83
remove_player: SUCCESS
get_closest_player: SUCCESS, 176
add_team: FAILURE
add_player: FAILURE
play_match: FAILURE
play_match: FAILURE
add_team: FAILURE
get_all_players: SUCCESS
6
77
177
158
59
173
130
165
get_all_players: SUCCESS
127
121
76
159
185
81
170
151
22
73
128
150
get_closest_player: SUCCESS, 130
remove_team: FAILURE
get_closest_player: SUCCESS, 21
remove_team: FAILURE
get_top_scorer: SUCCESS, 137
get_all_players: SUCCESS
40
13
51
79
35
168
146
37
18
remove_team: FAILURE
remove_player: SUCCESS
update_player_stats: SUCCESS
update_player_stats: SUCCESS
remove_team: FAILURE
get_top_scorer: SUCCESS, 134
remove_player: SUCCESS
remove_team: FAILURE
add_team: FAILURE
update_player_stats: SUCCESS
get_top_scorer: SUCCESS, 150
add_team: FAILURE
get_team_points: SUCCESS, 11349
update_player_stats: SUCCESS
get_top_scorer: SUCCESS, 82
add_player: FAILURE
remove_player: SUCCESS
get_all_players: SUCCESS
21
117
68
102
136
138
156
147
200
get_team_points: SUCCESS, 668
add_player: FAILURE
get_all_players: SUCCESS
43
119
89
125
92
110
106
171
191
99
101
103
get_top_scorer: SUCCESS, 103
get_top_scorer: SUCCESS, 167
remove_player: SUCCESS
get_closest_player: SUCCESS, 78
update_player_stats: SUCCESS
get_all_players_count: SUCCESS, 20
play_match: SUCCESS
add_team: FAILURE
add_player: FAILURE
get_closest_player: SUCCESS, 54
unite_teams: FAILURE
add_team: FAILURE
get_all_players_count: SUCCESS, 9
add_player: FAILURE
add_player: FAILURE
play_match: INVALID_INPUT
get_top_scorer: SUCCESS, 167
get_all_players_count: SUCCESS, 14
unite_teams: FAILURE
get_all_players_count: SUCCESS, 20
remove_team: FAILURE
get_all_players_count: SUCCESS, 9
get_num_played_games: SUCCESS, 9910
add_team: FAILURE
get_num_played_games: SUCCESS, 31
get_top_scorer: SUCCESS, 167
get_top_scorer: SUCCESS, 11
get_team_points: SUCCESS, 8501
remove_player: SUCCESS
play_match: SUCCESS
get_num_played_games: SUCCESS, 5495
get_top_scorer: SUCCESS, 167
update_player_stats: SUCCESS
add_player: FAILURE
knockout_winner: SUCCESS, 11
knockout_winner: SUCCESS, 17
knockout_winner: SUCCESS, 11
knockout_winner: SUCCESS, 17
knockout_winner: INVALID_INPUT
get_team_points: SUCCESS, 12550
get_closest_player: SUCCESS, 15
get_team_points: SUCCESS, 683
get_closest_player: SUCCESS, 75
update_player_stats: SUCCESS
unite_teams: FAILURE
get_team_points: SUCCESS, 683
knockout_winner: SUCCESS, 16
knockout_winner: SUCCESS, 11
knockout_winner: SUCCESS, 11
knockout_winner: FAILURE
knockout_winner: INVALID_INPUT
get_all_players: SUCCESS
127
76
159
185
81
170
151
22
73
128
150
remove_player: SUCCESS
get_all_players_count: SUCCESS, 9
get_num_played_games: SUCCESS, 11368
get_all_players_count: SUCCESS, 9
get_closest_player: SUCCESS, 146
remove_team: FAILURE
get_top_scorer: SUCCESS, 11
get_all_players_count: SUCCESS, 9
knockout_winner: SUCCESS, 18
knockout_winner: SUCCESS, 11
knockout_winner: SUCCESS, 11
knockout_winner: SUCCESS, 20
knockout_winner: INVALID_INPUT
play_match: FAILURE
unite_teams: FAILURE
get_top_scorer: SUCCESS, 103
get_all_players: SUCCESS
55
126
56
166
get_all_players_count: SUCCESS, 9
get_team_points: SUCCESS, 9964
update_player_stats: SUCCESS
update_player_stats: SUCCESS
add_team: FAILURE
get_top_scorer: SUCCESS, 74
get_num_played_games: SUCCESS, 3474
get_all_players_count: SUCCESS, 20
unite_teams: FAILURE
get_team_points: SUCCESS, 1986
get_top_scorer: SUCCESS, 165
add_team: FAILURE
remove_player: SUCCESS
remove_team: FAILURE
get_closest_player: SUCCESS, 103
knockout_winner: INVALID_INPUT
knockout_winner: SUCCESS, 18
knockout_winner: INVALID_INPUT
knockout_winner: INVALID_INPUT
knockout_winner: INVALID_INPUT
remove_team: FAILURE
get_all_players_count: SUCCESS, 9
play_match: FAILURE
knockout_winner: SUCCESS, 17
knockout_winner: SUCCESS, 18
knockout_winner: SUCCESS, 11
knockout_winner: SUCCESS, 20
knockout_winner: INVALID_INPUT
get_all_players_count: SUCCESS, 20
add_player: FAILURE
get_all_players_count: SUCCESS, 20
remove_team: FAILURE
add_player: FAILURE
get_all_players_count: SUCCESS, 8
get_num_played_games: SUCCESS, 5670
play_match: FAILURE
add_player: FAILURE
play_match: FAILURE
get_all_players_count: SUCCESS, 3
knockout_winner: SUCCESS, 16
knockout_winner: SUCCESS, 18
knockout_winner: SUCCESS, 11
knockout_winner: FAILURE
knockout_winner: INVALID_INPUT
play_match: FAILURE
update_player_stats: SUCCESS
unite_teams: FAILURE
play_match: FAILURE
remove_player: SUCCESS
get_num_played_games: SUCCESS, 11023
get_closest_player: SUCCESS, 92
knockout_winner: INVALID_INPUT
knockout_winner: SUCCESS, 2
knockout_winner: INVALID_INPUT
knockout_winner: INVALID_INPUT
knockout_winner: INVALID_INPUT
get_all_players: SUCCESS
127
76
159
185
81
151
22
73
128
150
get_top_scorer: SUCCESS, 150
add_player: FAILURE
get_closest_player: SUCCESS, 7
remove_team: FAILURE
remove_team: FAILURE
get_closest_player: SUCCESS, 110
add_player: FAILURE
remove_team: FAILURE
get_team_points: SUCCESS, 9964
get_closest_player: SUCCESS, 73
unite_teams: FAILURE
update_player_stats: SUCCESS
get_closest_player: SUCCESS, 12
add_team: FAILURE
remove_team: FAILURE
get_closest_player: SUCCESS, 5
get_all_players_count: SUCCESS, 9
get_top_scorer: SUCCESS, 83
get_all_players_count: SUCCESS, 14
remove_player: SUCCESS
play_match: FAILURE
remove_player: SUCCESS
update_player_stats: SUCCESS
add_team: FAILURE
remove_team: FAILURE
get_closest_player: SUCCESS, 169
get_closest_player: SUCCESS, 40
update_player_stats: SUCCESS
add_team: FAILURE
play_match: FAILURE
knockout_winner: SUCCESS, 16
knockout_winner: SUCCESS, 18
knockout_winner: SUCCESS, 9
knockout_winner: SUCCESS, 18
knockout_winner: INVALID_INPUT
get_team_points: SUCCESS, 4011
unite_teams: FAILURE
get_all_players_count: SUCCESS, 9
play_match: FAILURE
update_player_stats: SUCCESS
remove_player: SUCCESS
knockout_winner: INVALID_INPUT
knockout_winner: INVALID_INPUT
knockout_winner: INVALID_INPUT
knockout_winner: INVALID_INPUT
knockout_winner: INVALID_INPUT
get_team_points: SUCCESS, 4011
add_player: FAILURE
get_team_points: SUCCESS, 4034
unite_teams: FAILURE
get_closest_player: SUCCESS, 5
get_top_scorer: SUCCESS, 83
get_all_players_count: SUCCESS, 9
unite_teams: FAILURE
remove_player: SUCCESS
get_all_players: SUCCESS
50
194
90
163
109
107
91
155
knockout_winner: SUCCESS, 18
knockout_winner: SUCCESS, 18
knockout_winner: SUCCESS, 9
knockout_winner: SUCCESS, 18
knockout_winner: FAILURE
unite_teams: FAILURE
add_team: FAILURE
knockout_winner: FAILURE
knockout_winner: SUCCESS, 18
knockout_winner: FAILURE
knockout_winner: FAILURE
knockout_winner: INVALID_INPUT
add_player: FAILURE
remove_team: FAILURE
unite_teams: FAILURE
update_player_stats: SUCCESS
get_num_played_games: SUCCESS, 3208
unite_teams: FAILURE
get_num_played_games: SUCCESS, 7185
remove_player: SUCCESS
update_player_stats: SUCCESS
knockout_winner: INVALID_INPUT
knockout_winner: FAILURE
knockout_winner: INVALID_INPUT
knockout_winner: INVALID_INPUT
knockout_winner: INVALID_INPUT
get_all_players_count: SUCCESS, 9
get_closest_player: SUCCESS, 6
knockout_winner: SUCCESS, 9
knockout_winner: SUCCESS, 9
knockout_winner: SUCCESS, 9
knockout_winner: SUCCESS, 18
knockout_winner: FAILURE
remove_player: SUCCESS
get_closest_player: SUCCESS, 63
add_player: FAILURE
get_all_players_count: SUCCESS, 3
add_team: FAILURE
knockout_winner: INVALID_INPUT
knockout_winner: SUCCESS, 9
knockout_winner: INVALID_INPUT
knockout_winner: INVALID_INPUT
knockout_winner: INVALID_INPUT
get_top_scorer: SUCCESS, 153
get_team_points: SUCCESS, 2789
knockout_winner: SUCCESS, 2
knockout_winner: INVALID_INPUT
knockout_winner: INVALID_INPUT
knockout_winner: SUCCESS, 18
knockout_winner: SUCCESS, 9
add_team: FAILURE
get_top_scorer: SUCCESS, 166
play_match: FAILURE
remove_player: SUCCESS
remove_team: FAILURE
unite_teams: INVALID_INPUT
get_top_scorer: SUCCESS, 103
get_num_played_games: SUCCESS, 2980
get_team_points: SUCCESS, 8501
get_top_scorer: SUCCESS, 200
get_all_players: SUCCESS
7
148
112
135
66
120
63
141
190
189
31
108
62
179
add_player: FAILURE
get_top_scorer: SUCCESS, 24
get_all_players: SUCCESS
3
161
178
122
93
144
11
play_match: FAILURE
add_team: FAILURE
get_team_points: SUCCESS, 7069
update_player_stats: SUCCESS
knockout_winner: SUCCESS, 2
knockout_winner: INVALID_INPUT
knockout_winner: INVALID_INPUT
knockout_winner: SUCCESS, 18
knockout_winner: SUCCESS, 9
get_all_players_count: SUCCESS, 20
get_all_players_count: SUCCESS, 5
get_num_played_games: SUCCESS, 17030
play_match: INVALID_INPUT
update_player_stats: SUCCESS
get_top_scorer: SUCCESS, 67
get_num_played_games: SUCCESS, 12086
play_match: FAILURE
get_closest_player: SUCCESS, 122
unite_teams: FAILURE
knockout_winner: FAILURE
knockout_winner: SUCCESS, 18
knockout_winner: FAILURE
knockout_winner: FAILURE
knockout_winner: INVALID_INPUT
get_top_scorer: SUCCESS, 155
get_all_players_count: SUCCESS, 12
remove_player: SUCCESS
remove_team: FAILURE
remove_player: SUCCESS
play_match: FAILURE
add_team: FAILURE
get_num_played_games: SUCCESS, 6056
remove_player: SUCCESS
remove_player: SUCCESS
get_team_points: SUCCESS, 8501
get_team_points: SUCCESS, 719
add_team: FAILURE
knockout_winner: FAILURE
knockout_winner: INVALID_INPUT
knockout_winner: INVALID_INPUT
knockout_winner: SUCCESS, 9
knockout_winner: INVALID_INPUT
get_num_played_games: SUCCESS, 4777
get_closest_player: SUCCESS, 110
get_all_players_count: SUCCESS, 8
unite_teams: FAILURE
get_num_played_games: SUCCESS, 19272
remove_team: FAILURE
get_closest_player: SUCCESS, 73
get_all_players_count: SUCCESS, 5
get_all_players_count: SUCCESS, 11
play_match: FAILURE
unite_teams: FAILURE
remove_player: SUCCESS
unite_teams: FAILURE
get_num_played_games: SUCCESS, 5549
add_player: FAILURE
get_top_scorer: SUCCESS, 165
add_team: FAILURE
get_team_points: SUCCESS, 10831
get_team_points: SUCCESS, 9964
get_num_played_games: SUCCESS, 6658
get_all_players_count: SUCCESS, 20
get_num_played_games: SUCCESS, 640
add_team: FAILURE
add_player: FAILURE
get_team_points: SUCCESS, 10831
remove_team: FAILURE
play_match: FAILURE
play_match: FAILURE
play_match: FAILURE
play_match: SUCCESS
unite_teams: FAILURE
get_team_points: SUCCESS, 8501
add_player: FAILURE
get_closest_player: SUCCESS, 128
add_team: FAILURE
update_player_stats: SUCCESS
update_player_stats: SUCCESS
get_all_players: SUCCESS
198
114
197
142
157
162
195
143
176
8
57
1
180
104
65
137
29
193
149
67
remove_team: FAILURE
update_player_stats: SUCCESS
get_top_scorer: SUCCESS, 155
remove_team: FAILURE
get_closest_player: SUCCESS, 52
get_all_players: SUCCESS
6
77
158
59
173
130
165
update_player_stats: SUCCESS
unite_teams: FAILURE
get_top_scorer: SUCCESS, 67
play_match: FAILURE
get_num_played_games: SUCCESS, 8897
remove_team: FAILURE
get_team_points: SUCCESS, 11349
add_team: FAILURE
remove_player: SUCCESS
remove_team: FAILURE
get_all_players_count: SUCCESS, 12
remove_team: FAILURE
play_match: INVALID_INPUT
get_top_scorer: SUCCESS, 166
play_match: FAILURE
play_match: FAILURE
add_player: FAILURE
knockout_winner: FAILURE
knockout_winner: SUCCESS, 9
knockout_winner: FAILURE
knockout_winner: SUCCESS, 18
knockout_winner: INVALID_INPUT
get_top_scorer: SUCCESS, 165
remove_player: SUCCESS
get_top_scorer: SUCCESS, 200
get_all_players: SUCCESS
71
36
84
12
32
61
105
186
19
184
169
97
75
72
25
10
30
174
167
188
add_team: FAILURE
remove_player: SUCCESS
get_num_played_games: SUCCESS, 4949
get_all_players_count: SUCCESS, 6
knockout_winner: SUCCESS, 9
knockout_winner: INVALID_INPUT
knockout_winner: INVALID_INPUT
knockout_winner: SUCCESS, 9
knockout_winner: INVALID_INPUT
get_closest_player: SUCCESS, 200
get_top_scorer: SUCCESS, 200
add_player: FAILURE
add_team: FAILURE
get_all_players_count: SUCCESS, 6
get_top_scorer: SUCCESS, 83
get_top_scorer: SUCCESS, 113
remove_player: SUCCESS
unite_teams: FAILURE
get_num_played_games: SUCCESS, 11134
get_team_points: SUCCESS, 9964
unite_teams: FAILURE
knockout_winner: SUCCESS, 11
knockout_winner: SUCCESS, 9
knockout_winner: FAILURE
knockout_winner: SUCCESS, 18
knockout_winner: INVALID_INPUT
get_team_points: SUCCESS, 1174
get_all_players_count: SUCCESS, 11
unite_teams: FAILURE
update_player_stats: SUCCESS
get_top_scorer: SUCCESS, 18
get_top_scorer: SUCCESS, 82
remove_team: FAILURE
knockout_winner: SUCCESS, 18
knockout_winner: SUCCESS, 18
knockout_winner: FAILURE
knockout_winner: FAILURE
knockout_winner: INVALID_INPUT
get_top_scorer: SUCCESS, 11
get_closest_player: SUCCESS, 156
get_team_points: SUCCESS, 7084
remove_player: SUCCESS
unite_teams: FAILURE
get_team_points: SUCCESS, 12637
get_top_scorer: SUCCESS, 24
unite_teams: FAILURE
knockout_winner: SUCCESS, 18
knockout_winner: SUCCESS, 18
knockout_winner: FAILURE
knockout_winner: FAILURE
knockout_winner: INVALID_INPUT
add_team: FAILURE
add_team: FAILURE
knockout_winner: SUCCESS, 16
knockout_winner: SUCCESS, 18
knockout_winner: SUCCESS, 11
knockout_winner: FAILURE
knockout_winner: INVALID_INPUT
get_num_played_games: SUCCESS, 2946
get_num_played_games: SUCCESS, 11320
add_team: FAILURE
get_num_played_games: SUCCESS, 3208
get_team_points: SUCCESS, 11349
get_all_players: SUCCESS
48
196
88
182
187
2
9
134
remove_team: FAILURE
remove_player: SUCCESS
get_all_players_count: SUCCESS, 7
remove_team: FAILURE
remove_player: SUCCESS
unite_teams: FAILURE
remove_team: FAILURE
get_all_players: SUCCESS
13
51
79
35
168
146
37
18
knockout_winner: FAILURE
knockout_winner: SUCCESS, 18
knockout_winner: FAILURE
knockout_winner: FAILURE
knockout_winner: INVALID_INPUT
get_all_players: SUCCESS
21
117
68
102
136
138
156
147
200
remove_team: FAILURE
add_player: FAILURE
unite_teams: INVALID_INPUT
unite_teams: FAILURE
get_closest_player: SUCCESS, 56
get_team_points: SUCCESS, 4034
add_player: FAILURE
get_all_players_count: SUCCESS, 12
get_num_played_games: SUCCESS, 10392
get_all_players_count: SUCCESS, 7
get_all_players_count: SUCCESS, 12
add_player: FAILURE
get_top_scorer: SUCCESS, 188
get_top_scorer: SUCCESS, 18
update_player_stats: SUCCESS
unite_teams: FAILURE
get_num_played_games: SUCCESS, 4777
unite_teams: FAILURE
remove_team: FAILURE
add_player: FAILURE
remove_player: SUCCESS
add_player: FAILURE
get_all_players: SUCCESS
119
89
125
110
92
106
171
191
99
101
103
remove_team: FAILURE
remove_player: SUCCESS
unite_teams: FAILURE
add_player: FAILURE
get_all_players_count: SUCCESS, 9
get_num_played_games: SUCCESS, 3474
remove_team: FAILURE
add_player: FAILURE
get_top_scorer: SUCCESS, 11
play_match: FAILURE
knockout_winner: SUCCESS, 18
knockout_winner: SUCCESS, 18
knockout_winner: SUCCESS, 11
knockout_winner: SUCCESS, 18
knockout_winner: INVALID_INPUT
remove_team: FAILURE
add_player: FAILURE
play_match: FAILURE
add_player: FAILURE
knockout_winner: FAILURE
knockout_winner: SUCCESS, 11
knockout_winner: FAILURE
knockout_winner: FAILURE
knockout_winner: INVALID_INPUT
get_top_scorer: SUCCESS, 103
update_player_stats: SUCCESS
add_player: FAILURE
get_all_players: SUCCESS
48
196
88
187
2
9
134
182
get_top_scorer: SUCCESS, 24
get_all_players_count: SUCCESS, 8
add_team: FAILURE
get_num_played_games: SUCCESS, 10469
unite_teams: FAILURE
remove_player: SUCCESS
add_team: FAILURE
play_match: FAILURE
add_player: FAILURE
get_num_played_games: SUCCESS, 18460
add_player: FAILURE
get_closest_player: SUCCESS, 67
update_player_stats: SUCCESS
knockout_winner: INVALID_INPUT
knockout_winner: INVALID_INPUT
knockout_winner: INVALID_INPUT
knockout_winner: INVALID_INPUT
knockout_winner: INVALID_INPUT
knockout_winner: INVALID_INPUT
knockout_winner: FAILURE
knockout_winner: INVALID_INPUT
knockout_winner: INVALID_INPUT
knockout_winner: INVALID_INPUT
knockout_winner: SUCCESS, 17
knockout_winner: SUCCESS, 18
knockout_winner: SUCCESS, 11
knockout_winner: SUCCESS, 18
knockout_winner: INVALID_INPUT
add_team: FAILURE
get_num_played_games: SUCCESS, 7105
get_team_points: SUCCESS, 5952
play_match: SUCCESS
add_team: FAILURE
unite_teams: FAILURE
add_player: FAILURE
get_top_scorer: SUCCESS, 165
get_closest_player: SUCCESS, 180
add_player: FAILURE
get_closest_player: SUCCESS, 189
get_team_points: SUCCESS, 4034
get_all_players: SUCCESS
198
114
197
142
157
162
195
143
176
8
57
1
180
104
65
137
193
29
67
get_all_players: SUCCESS
127
159
185
151
22
73
128
150
update_player_stats: SUCCESS
add_player: FAILURE
remove_team: FAILURE
get_all_players: SUCCESS
15
94
20
44
153
knockout_winner: FAILURE
knockout_winner: SUCCESS, 11
knockout_winner: FAILURE
knockout_winner: SUCCESS, 11
knockout_winner: INVALID_INPUT
remove_team: FAILURE
knockout_winner: FAILURE
knockout_winner: SUCCESS, 11
knockout_winner: FAILURE
knockout_winner: FAILURE
knockout_winner: INVALID_INPUT
remove_player: SUCCESS
get_all_players: SUCCESS
69
54
129
74
113
get_all_players: SUCCESS
48
196
88
187
2
9
134
182
get_team_points: SUCCESS, 4034
unite_teams: FAILURE
get_top_scorer: SUCCESS, 83
play_match: FAILURE
add_player: FAILURE
get_all_players_count: SUCCESS, 8
remove_team: FAILURE
get_closest_player: SUCCESS, 67
get_all_players_count: SUCCESS, 10
play_match: FAILURE
knockout_winner: INVALID_INPUT
knockout_winner: INVALID_INPUT
knockout_winner: INVALID_INPUT
knockout_winner: INVALID_INPUT
knockout_winner: INVALID_INPUT
update_player_stats: SUCCESS
update_player_stats: SUCCESS
add_player: FAILURE
get_num_played_games: SUCCESS, 18344
get_all_players_count: SUCCESS, 5
remove_player: SUCCESS
remove_team: FAILURE
get_all_players: SUCCESS
198
114
197
142
157
162
195
143
176
8
57
1
180
104
65
137
193
67
29
get_team_points: SUCCESS, 11432
play_match: FAILURE
knockout_winner: INVALID_INPUT
knockout_winner: FAILURE
knockout_winner: INVALID_INPUT
knockout_winner: INVALID_INPUT
knockout_winner: INVALID_INPUT
unite_teams: FAILURE
remove_player: SUCCESS
play_match: FAILURE
get_team_points: SUCCESS, 12637
get_closest_player: SUCCESS, 89
add_team: FAILURE
get_team_points: SUCCESS, 7123
add_player: FAILURE
knockout_winner: INVALID_INPUT
knockout_winner: SUCCESS, 11
knockout_winner: INVALID_INPUT
knockout_winner: INVALID_INPUT
knockout_winner: INVALID_INPUT
play_match: FAILURE
add_player: FAILURE
get_top_scorer: SUCCESS, 150
remove_team: FAILURE
knockout_winner: FAILURE
knockout_winner: SUCCESS, 18
knockout_winner: FAILURE
knockout_winner: FAILURE
knockout_winner: INVALID_INPUT
remove_team: FAILURE
get_num_played_games: SUCCESS, 6600
add_team: FAILURE
add_player: FAILURE
knockout_winner: SUCCESS, 18
knockout_winner: SUCCESS, 18
knockout_winner: SUCCESS, 11
knockout_winner: SUCCESS, 18
knockout_winner: FAILURE
remove_team: FAILURE
get_num_played_games: SUCCESS, 9221
remove_team: FAILURE
get_num_played_games: SUCCESS, 6104
get_all_players: SUCCESS
48
196
88
187
2
9
134
182
get_num_played_games: SUCCESS, 9221
remove_team: FAILURE
get_all_players: SUCCESS
5
52
181
70
192
16
82
4
unite_teams: FAILURE
get_all_players_count: SUCCESS, 6
get_top_scorer: SUCCESS, 182
play_match: FAILURE
remove_team: FAILURE
get_closest_player: SUCCESS, 89
unite_teams: FAILURE
unite_teams: FAILURE
add_team: FAILURE
play_match: FAILURE
update_player_stats: SUCCESS
get_team_points: SUCCESS, 4034
get_all_players: SUCCESS
14
115
111
53
34
46
23
80
124
83
play_match: FAILURE
play_match: FAILURE
get_team_points: SUCCESS, 1986
remove_player: SUCCESS
remove_team: FAILURE
add_team: FAILURE
get_closest_player: SUCCESS, 39
knockout_winner: FAILURE
knockout_winner: SUCCESS, 18
knockout_winner: FAILURE
knockout_winner: FAILURE
knockout_winner: INVALID_INPUT
play_match: FAILURE
get_all_players_count: SUCCESS, 5
add_team: FAILURE
unite_teams: FAILURE
get_all_players: SUCCESS
198
114
197
142
157
162
195
143
176
8
57
1
180
104
65
137
193
67
29
add_player: FAILURE
add_player: FAILURE
get_all_players: SUCCESS
56
166
get_closest_player: SUCCESS, 169
get_all_players: SUCCESS
14
115
111
53
34
46
23
80
124
83
get_all_players_count: SUCCESS, 5
get_num_played_games: SUCCESS, 1218
get_team_points: SUCCESS, 5952
get_num_played_games: SUCCESS, 22759
add_player: FAILURE
get_top_scorer: SUCCESS, 103
get_team_points: SUCCESS, 9964
update_player_stats: SUCCESS
play_match: FAILURE
add_team: FAILURE
remove_team: FAILURE
update_player_stats: SUCCESS
knockout_winner: SUCCESS, 18
knockout_winner: SUCCESS, 18
knockout_winner: FAILURE
knockout_winner: FAILURE
knockout_winner: INVALID_INPUT
get_team_points: SUCCESS, 7920
get_team_points: SUCCESS, 2840
knockout_winner: INVALID_INPUT
knockout_winner: INVALID_INPUT
knockout_winner: INVALID_INPUT
knockout_winner: INVALID_INPUT
knockout_winner: INVALID_INPUT
remove_player: SUCCESS
unite_teams: SUCCESS
play_match: FAILURE
get_num_played_games: SUCCESS, 14845
get_team_points: SUCCESS, 2840
add_player: FAILURE
get_num_played_games: SUCCESS, 910
remove_team: FAILURE
remove_team: FAILURE
get_team_points: SUCCESS, 6676
remove_player: SUCCESS
get_all_players: SUCCESS
127
159
185
151
22
73
128
150
unite_teams: FAILURE
unite_teams: FAILURE
get_all_players_count: SUCCESS, 6
get_closest_player: SUCCESS, 16
remove_player: SUCCESS
knockout_winner: INVALID_INPUT
knockout_winner: INVALID_INPUT
knockout_winner: INVALID_INPUT
knockout_winner: INVALID_INPUT
knockout_winner: INVALID_INPUT
get_all_players: SUCCESS
6
77
158
52
181
59
70
173
130
192
16
82
165
4
add_team: FAILURE
get_team_points: SUCCESS, 11432
remove_team: FAILURE
get_all_players_count: SUCCESS, 11
update_player_stats: SUCCESS
get_all_players: SUCCESS
6
77
158
52
181
59
70
173
130
192
16
82
165
4
remove_player: SUCCESS
unite_teams: FAILURE
update_player_stats: SUCCESS
add_team: FAILURE
get_closest_player: SUCCESS, 80
play_match: FAILURE
add_player: FAILURE
get_team_points: SUCCESS, 11432
remove_team: FAILURE
play_match: SUCCESS
update_player_stats: SUCCESS
play_match: FAILURE
get_closest_player: SUCCESS, 112
get_closest_player: SUCCESS, 92
remove_player: SUCCESS
knockout_winner: SUCCESS, 9
knockout_winner: SUCCESS, 9
knockout_winner: FAILURE
knockout_winner: FAILURE
knockout_winner: INVALID_INPUT
add_team: FAILURE
update_player_stats: SUCCESS
knockout_winner: FAILURE
knockout_winner: INVALID_INPUT
knockout_winner: INVALID_INPUT
knockout_winner: SUCCESS, 9
knockout_winner: INVALID_INPUT
get_top_scorer: SUCCESS, 11
unite_teams: FAILURE
get_all_players_count: SUCCESS, 19
unite_teams: INVALID_INPUT
get_all_players_count: SUCCESS, 8
get_closest_player: SUCCESS, 78
remove_team: FAILURE
add_team: FAILURE
play_match: SUCCESS
remove_team: FAILURE
unite_teams: FAILURE
update_player_stats: SUCCESS
unite_teams: FAILURE
get_all_players_count: SUCCESS, 13
remove_team: FAILURE
remove_team: FAILURE
update_player_stats: SUCCESS
play_match: FAILURE
knockout_winner: SUCCESS, 9
knockout_winner: SUCCESS, 9
knockout_winner: FAILURE
knockout_winner: SUCCESS, 17
knockout_winner: INVALID_INPUT
add_team: FAILURE
unite_teams: FAILURE
get_top_scorer: SUCCESS, 187
add_player: FAILURE
add_team: FAILURE
get_top_scorer: SUCCESS, 103
get_team_points: SUCCESS, 7920
add_player: FAILURE
remove_player: SUCCESS
get_closest_player: SUCCESS, 127
get_team_points: SUCCESS, 4011
get_top_scorer: SUCCESS, 29
get_team_points: SUCCESS, 10831
play_match: FAILURE
add_player: FAILURE
add_player: FAILURE
add_team: FAILURE
get_closest_player: SUCCESS, 79
get_all_players_count: SUCCESS, 8
knockout_winner: INVALID_INPUT
knockout_winner: INVALID_INPUT
knockout_winner: INVALID_INPUT
knockout_winner: INVALID_INPUT
knockout_winner: INVALID_INPUT
get_all_players_count: SUCCESS, 6
update_player_stats: SUCCESS
add_player: FAILURE
get_top_scorer: SUCCESS, 29
get_all_players_count: SUCCESS, 7
remove_team: FAILURE
get_all_players: SUCCESS
56
166
add_team: FAILURE
remove_team: FAILURE
remove_player: SUCCESS
get_all_players: SUCCESS
198
114
197
142
157
195
176
8
57
1
180
104
65
162
137
193
67
29
get_top_scorer: SUCCESS, 179
remove_team: FAILURE
unite_teams: FAILURE
update_player_stats: SUCCESS
get_top_scorer: SUCCESS, 188
get_team_points: SUCCESS, 4011
get_all_players: SUCCESS
3
161
178
93
144
11
add_player: FAILURE
get_team_points: SUCCESS, 743
remove_team: FAILURE
update_player_stats: SUCCESS
knockout_winner: SUCCESS, 9
knockout_winner: SUCCESS, 9
knockout_winner: FAILURE
knockout_winner: FAILURE
knockout_winner: INVALID_INPUT
unite_teams: SUCCESS
get_top_scorer: SUCCESS, 4
get_team_points: SUCCESS, 6676
get_closest_player: SUCCESS, 110
add_player: FAILURE
get_all_players: SUCCESS
117
68
102
136
138
156
147
200
knockout_winner: SUCCESS, 9
knockout_winner: INVALID_INPUT
knockout_winner: INVALID_INPUT
knockout_winner: SUCCESS, 9
knockout_winner: FAILURE
unite_teams: FAILURE
add_team: FAILURE
remove_team: FAILURE
get_all_players: SUCCESS
13
51
79
168
146
37
18
unite_teams: FAILURE
get_all_players: SUCCESS
71
36
84
12
32
61
105
186
19
184
169
97
75
10
25
174
167
188
remove_team: FAILURE
get_num_played_games: SUCCESS, 4909
get_closest_player: SUCCESS, 56
get_all_players: SUCCESS
119
89
125
110
92
106
171
191
99
101
103
remove_player: SUCCESS
get_all_players: SUCCESS
119
89
125
110
92
106
171
191
99
101
103
get_team_points: SUCCESS, 5952
get_team_points: SUCCESS, 743
update_player_stats: SUCCESS
get_closest_player: SUCCESS, 68
get_team_points: SUCCESS, 8557
get_closest_player: SUCCESS, 166
add_player: FAILURE
knockout_winner: INVALID_INPUT
knockout_winner: SUCCESS, 9
knockout_winner: INVALID_INPUT
knockout_winner: INVALID_INPUT
knockout_winner: INVALID_INPUT
add_player: FAILURE
get_num_played_games: SUCCESS, 2981
add_player: FAILURE
get_all_players: SUCCESS
119
89
125
110
92
106
171
191
99
101
103
add_team: FAILURE
get_top_scorer: SUCCESS, 19
unite_teams: FAILURE
update_player_stats: SUCCESS
get_closest_player: SUCCESS, 134
add_player: FAILURE
add_player: FAILURE
get_all_players_count: SUCCESS, 2
add_player: FAILURE
remove_team: FAILURE
remove_team: FAILURE
get_num_played_games: SUCCESS, 21442
get_team_points: SUCCESS, 16710
play_match: SUCCESS
update_player_stats: SUCCESS
remove_player: SUCCESS
get_top_scorer: SUCCESS, 19
remove_player: SUCCESS
add_player: FAILURE
update_player_stats: SUCCESS
play_match: FAILURE
get_closest_player: SUCCESS, 109
play_match: SUCCESS
get_team_points: SUCCESS, 743
get_all_players_count: SUCCESS, 4
play_match: SUCCESS
update_player_stats: SUCCESS
get_top_scorer: SUCCESS, 153
get_closest_player: SUCCESS, 89
get_top_scorer: SUCCESS, 103
get_num_played_games: SUCCESS, 9130
unite_teams: FAILURE
add_team: FAILURE
knockout_winner: FAILURE
knockout_winner: INVALID_INPUT
knockout_winner: INVALID_INPUT
knockout_winner: SUCCESS, 9
knockout_winner: INVALID_INPUT
knockout_winner: SUCCESS, 9
knockout_winner: INVALID_INPUT
knockout_winner: INVALID_INPUT
knockout_winner: SUCCESS, 9
knockout_winner: INVALID_INPUT
get_closest_player: SUCCESS, 32
get_num_played_games: SUCCESS, 4243
remove_team: FAILURE
get_closest_player: SUCCESS, 83
get_num_played_games: SUCCESS, 8216
unite_teams: FAILURE
add_team: FAILURE
add_team: FAILURE
knockout_winner: SUCCESS, 11
knockout_winner: SUCCESS, 9
knockout_winner: SUCCESS, 9
knockout_winner: SUCCESS, 17
knockout_winner: INVALID_INPUT
remove_player: SUCCESS
remove_team: FAILURE
get_all_players: SUCCESS
119
89
125
110
92
106
171
191
99
101
103
get_team_points: SUCCESS, 749
add_team: FAILURE
get_all_players_count: SUCCESS, 8
get_closest_player: SUCCESS, 83
update_player_stats: SUCCESS
add_team: FAILURE
update_player_stats: SUCCESS
add_player: FAILURE
unite_teams: FAILURE
get_all_players: SUCCESS
50
194
90
109
107
91
155
update_player_stats: SUCCESS
remove_player: SUCCESS
get_all_players_count: SUCCESS, 8
remove_player: SUCCESS
get_all_players: SUCCESS
69
54
129
113
add_player: FAILURE
remove_team: FAILURE
get_team_points: SUCCESS, 12008
get_num_played_games: SUCCESS, 6581
get_num_played_games: SUCCESS, 7043
update_player_stats: SUCCESS
unite_teams: FAILURE
get_all_players: SUCCESS
112
135
7
66
120
63
190
189
141
108
179
31
play_match: FAILURE
knockout_winner: INVALID_INPUT
knockout_winner: SUCCESS, 11
knockout_winner: INVALID_INPUT
knockout_winner: INVALID_INPUT
knockout_winner: INVALID_INPUT
remove_team: FAILURE
play_match: FAILURE
unite_teams: FAILURE
get_closest_player: SUCCESS, 19
add_team: FAILURE
get_all_players_count: SUCCESS, 8
get_num_played_games: SUCCESS, 4909
get_closest_player: SUCCESS, 57
get_team_points: SUCCESS, 749
remove_team: FAILURE
get_team_points: SUCCESS, 5952
get_top_scorer: SUCCESS, 153
get_all_players_count: SUCCESS, 14
get_all_players_count: SUCCESS, 7
get_all_players: SUCCESS
56
166
get_all_players_count: SUCCESS, 11
add_team: FAILURE
unite_teams: FAILURE
get_team_points: SUCCESS, 16740
remove_team: FAILURE
get_team_points: SUCCESS, 6676
update_player_stats: SUCCESS
add_team: FAILURE
knockout_winner: SUCCESS, 9
knockout_winner: INVALID_INPUT
knockout_winner: INVALID_INPUT
knockout_winner: SUCCESS, 9
knockout_winner: SUCCESS, 9
get_top_scorer: SUCCESS, 101
get_all_players: SUCCESS
14
3
115
178
111
53
161
93
46
34
11
80
124
83
add_player: FAILURE
update_player_stats: SUCCESS
get_closest_player: SUCCESS, 196
play_match: FAILURE
get_top_scorer: SUCCESS, 29
play_match: FAILURE
remove_player: SUCCESS
remove_player: SUCCESS
remove_player: SUCCESS
remove_player: SUCCESS
remove_player: SUCCESS
remove_player: SUCCESS
remove_player: SUCCESS
remove_player: SUCCESS
remove_player: SUCCESS
remove_player: SUCCESS
remove_player: SUCCESS
remove_player: SUCCESS
remove_player: SUCCESS
remove_player: SUCCESS
remove_player: SUCCESS
remove_player: SUCCESS
remove_player: SUCCESS
remove_player: SUCCESS
remove_player: SUCCESS
remove_player: SUCCESS
remove_player: SUCCESS
remove_player: SUCCESS
remove_player: SUCCESS
remove_player: SUCCESS
remove_player: SUCCESS
remove_player: SUCCESS
remove_player: SUCCESS
remove_player: SUCCESS
remove_player: SUCCESS
remove_player: SUCCESS
remove_player: SUCCESS
remove_player: SUCCESS
remove_player: SUCCESS
remove_player: SUCCESS
remove_player: SUCCESS
remove_player: SUCCESS
remove_player: SUCCESS
remove_player: SUCCESS
remove_player: SUCCESS
remove_player: SUCCESS
remove_player: SUCCESS
remove_player: SUCCESS
remove_player: SUCCESS
remove_player: SUCCESS
remove_player: SUCCESS
remove_player: SUCCESS
remove_player: SUCCESS
remove_player: SUCCESS
remove_player: SUCCESS
remove_player: SUCCESS
remove_player: SUCCESS
remove_player: SUCCESS
remove_player: SUCCESS
remove_player: SUCCESS
remove_player: SUCCESS
remove_player: SUCCESS
remove_player: SUCCESS
remove_player: SUCCESS
remove_player: SUCCESS
remove_player: SUCCESS
remove_player: SUCCESS
remove_player: SUCCESS
remove_player: SUCCESS
remove_player: SUCCESS
remove_player: SUCCESS
remove_player: SUCCESS
remove_player: SUCCESS
remove_player: SUCCESS
remove_player: SUCCESS
remove_player: SUCCESS
remove_player: SUCCESS
remove_player: SUCCESS
remove_player: SUCCESS
remove_player: SUCCESS
remove_player: SUCCESS
remove_player: SUCCESS
remove_player: SUCCESS
remove_player: SUCCESS
remove_player: SUCCESS
remove_player: SUCCESS
remove_player: SUCCESS
remove_player: SUCCESS
remove_player: SUCCESS
remove_player: SUCCESS
remove_player: SUCCESS
remove_player: SUCCESS
remove_player: SUCCESS
remove_player: SUCCESS
remove_player: SUCCESS
remove_player: SUCCESS
remove_player: SUCCESS
remove_player: SUCCESS
remove_player: SUCCESS
remove_player: SUCCESS
remove_player: SUCCESS
remove_player: SUCCESS
remove_player: SUCCESS
remove_player: SUCCESS
remove_player: SUCCESS
remove_player: SUCCESS
remove_player: SUCCESS
remove_player: SUCCESS
remove_player: SUCCESS
remove_player: SUCCESS
remove_player: SUCCESS
remove_player: SUCCESS
remove_player: SUCCESS
remove_player: SUCCESS
remove_player: SUCCESS
remove_player: SUCCESS
remove_player: SUCCESS
remove_player: SUCCESS
remove_player: SUCCESS
remove_player: SUCCESS
remove_player: SUCCESS
remove_player: SUCCESS
remove_player: SUCCESS
remove_player: SUCCESS
remove_player: SUCCESS
remove_player: SUCCESS
remove_player: SUCCESS
remove_player: SUCCESS
remove_player: SUCCESS
remove_player: SUCCESS
remove_player: SUCCESS
remove_player: SUCCESS
remove_player: SUCCESS
remove_player: SUCCESS
remove_player: SUCCESS
remove_player: SUCCESS
remove_player: SUCCESS
remove_player: SUCCESS
remove_player: SUCCESS
remove_player: SUCCESS
remove_player: SUCCESS
remove_player: SUCCESS
remove_player: SUCCESS
remove_player: SUCCESS
remove_team: SUCCESS
remove_team: SUCCESS
remove_team: SUCCESS
remove_team: SUCCESS
remove_team: SUCCESS
remove_team: SUCCESS
remove_team: SUCCESS
remove_team: SUCCESS
remove_team: SUCCESS
remove_team: SUCCESS
remove_team: SUCCESS
remove_team: SUCCESS
remove_team: SUCCESS
remove_team: SUCCESS
remove_team: SUCCESS
