add_team: SUCCESS
add_team: SUCCESS
add_team: SUCCESS
add_team: SUCCESS
add_team: SUCCESS
add_team: SUCCESS
add_team: SUCCESS
add_team: SUCCESS
add_team: SUCCESS
add_team: SUCCESS
add_team: SUCCESS
add_team: SUCCESS
add_team: SUCCESS
add_team: SUCCESS
add_team: SUCCESS
add_team: SUCCESS
add_team: SUCCESS
add_team: SUCCESS
add_team: SUCCESS
add_team: SUCCESS
add_player: SUCCESS
add_player: SUCCESS
add_player: SUCCESS
add_player: SUCCESS
add_player: SUCCESS
add_player: SUCCESS
add_player: SUCCESS
add_player: SUCCESS
add_player: SUCCESS
add_player: SUCCESS
add_player: SUCCESS
add_player: SUCCESS
add_player: SUCCESS
add_player: SUCCESS
add_player: SUCCESS
add_player: SUCCESS
add_player: SUCCESS
add_player: SUCCESS
add_player: SUCCESS
add_player: SUCCESS
add_player: SUCCESS
add_player: SUCCESS
add_player: SUCCESS
add_player: SUCCESS
add_player: SUCCESS
add_player: SUCCESS
add_player: SUCCESS
add_player: SUCCESS
add_player: SUCCESS
add_player: SUCCESS
add_player: SUCCESS
add_player: SUCCESS
add_player: SUCCESS
add_player: SUCCESS
add_player: SUCCESS
add_player: SUCCESS
add_player: SUCCESS
add_player: SUCCESS
add_player: SUCCESS
add_player: SUCCESS
add_player: SUCCESS
add_player: SUCCESS
add_player: SUCCESS
add_player: SUCCESS
add_player: SUCCESS
add_player: SUCCESS
add_player: SUCCESS
add_player: SUCCESS
add_player: SUCCESS
add_player: SUCCESS
add_player: SUCCESS
add_player: SUCCESS
add_player: SUCCESS
add_player: SUCCESS
add_player: SUCCESS
add_player: SUCCESS
add_player: SUCCESS
add_player: SUCCESS
add_player: SUCCESS
add_player: SUCCESS
add_player: SUCCESS
add_player: SUCCESS
add_player: SUCCESS
add_player: SUCCESS
add_player: SUCCESS
add_player: SUCCESS
add_player: SUCCESS
add_player: SUCCESS
add_player: SUCCESS
add_player: SUCCESS
add_player: SUCCESS
add_player: SUCCESS
add_player: SUCCESS
add_player: SUCCESS
add_player: SUCCESS
add_player: SUCCESS
add_player: SUCCESS
add_player: SUCCESS
add_player: SUCCESS
add_player: SUCCESS
add_player: SUCCESS
add_player: SUCCESS
add_player: SUCCESS
add_player: SUCCESS
add_player: SUCCESS
add_player: SUCCESS
add_player: SUCCESS
add_player: SUCCESS
add_player: SUCCESS
add_player: SUCCESS
add_player: SUCCESS
add_player: SUCCESS
add_player: SUCCESS
add_player: SUCCESS
add_player: SUCCESS
add_player: SUCCESS
add_player: SUCCESS
add_player: SUCCESS
add_player: SUCCESS
add_player: SUCCESS
add_player: SUCCESS
add_player: SUCCESS
add_player: SUCCESS
add_player: SUCCESS
add_player: SUCCESS
add_player: SUCCESS
add_player: SUCCESS
add_player: SUCCESS
add_player: SUCCESS
add_player: SUCCESS
add_player: SUCCESS
add_player: SUCCESS
add_player: SUCCESS
add_player: SUCCESS
add_player: SUCCESS
add_player: SUCCESS
add_player: SUCCESS
add_player: SUCCESS
add_player: SUCCESS
add_player: SUCCESS
add_player: SUCCESS
add_player: SUCCESS
add_player: SUCCESS
add_player: SUCCESS
add_player: SUCCESS
add_player: SUCCESS
add_player: SUCCESS
add_player: SUCCESS
add_player: SUCCESS
add_player: SUCCESS
add_player: SUCCESS
add_player: SUCCESS
add_player: SUCCESS
add_player: SUCCESS
add_player: SUCCESS
add_player: SUCCESS
add_player: SUCCESS
add_player: SUCCESS
add_player: SUCCESS
add_player: SUCCESS
add_player: SUCCESS
add_player: SUCCESS
add_player: SUCCESS
add_player: SUCCESS
add_player: SUCCESS
add_player: SUCCESS
add_player: SUCCESS
add_player: SUCCESS
add_player: SUCCESS
add_player: SUCCESS
add_player: SUCCESS
add_player: SUCCESS
add_player: SUCCESS
add_player: SUCCESS
add_player: SUCCESS
add_player: SUCCESS
add_player: SUCCESS
add_player: SUCCESS
add_player: SUCCESS
add_player: SUCCESS
add_player: SUCCESS
add_player: SUCCESS
add_player: SUCCESS
add_player: SUCCESS
add_player: SUCCESS
add_player: SUCCESS
add_player: SUCCESS
add_player: SUCCESS
add_player: SUCCESS
add_player: SUCCESS
add_player: SUCCESS
add_player: SUCCESS
add_player: SUCCESS
add_player: SUCCESS
add_player: SUCCESS
add_player: SUCCESS
add_player: SUCCESS
add_player: SUCCESS
add_player: SUCCESS
add_player: SUCCESS
add_player: SUCCESS
add_player: SUCCESS
add_player: SUCCESS
add_player: SUCCESS
add_player: SUCCESS
add_player: SUCCESS
add_player: SUCCESS
add_player: SUCCESS
add_player: SUCCESS
add_player: SUCCESS
add_player: SUCCESS
add_player: SUCCESS
add_player: SUCCESS
add_player: SUCCESS
add_player: SUCCESS
add_player: SUCCESS
add_player: SUCCESS
add_player: SUCCESS
add_player: SUCCESS
add_player: SUCCESS
remove_player: SUCCESS
knockout_winner: SUCCESS, 20
knockout_winner: SUCCESS, 20
knockout_winner: SUCCESS, 10
knockout_winner: SUCCESS, 20
knockout_winner: INVALID_INPUT
unite_teams: FAILURE
get_all_players: SUCCESS
177
71
142
61
102
111
remove_player: SUCCESS
add_player: FAILURE
get_all_players: SUCCESS
115
110
194
29
48
124
93
136
remove_team: FAILURE
update_player_stats: SUCCESS
get_all_players_count: SUCCESS, 8
update_player_stats: SUCCESS
get_top_scorer: SUCCESS, 178
remove_team: FAILURE
play_match: SUCCESS
get_top_scorer: SUCCESS, 166
add_player: FAILURE
play_match: FAILURE
unite_teams: FAILURE
get_all_players_count: SUCCESS, 8
remove_player: SUCCESS
knockout_winner: SUCCESS, 10
knockout_winner: SUCCESS, 10
knockout_winner: SUCCESS, 6
knockout_winner: SUCCESS, 16
knockout_winner: INVALID_INPUT
get_all_players: SUCCESS
71
142
61
102
111
play_match: FAILURE
remove_player: SUCCESS
add_team: FAILURE
knockout_winner: SUCCESS, 20
knockout_winner: SUCCESS, 20
knockout_winner: SUCCESS, 10
knockout_winner: SUCCESS, 20
knockout_winner: INVALID_INPUT
get_all_players_count: SUCCESS, 12
knockout_winner: SUCCESS, 10
knockout_winner: SUCCESS, 20
knockout_winner: SUCCESS, 10
knockout_winner: SUCCESS, 20
knockout_winner: INVALID_INPUT
remove_player: SUCCESS
unite_teams: SUCCESS
play_match: FAILURE
get_closest_player: SUCCESS, 107
get_team_points: SUCCESS, 10060
remove_team: FAILURE
knockout_winner: INVALID_INPUT
knockout_winner: SUCCESS, 16
knockout_winner: INVALID_INPUT
knockout_winner: INVALID_INPUT
knockout_winner: INVALID_INPUT
play_match: FAILURE
get_closest_player: SUCCESS, 62
update_player_stats: SUCCESS
get_closest_player: SUCCESS, 140
remove_player: SUCCESS
knockout_winner: SUCCESS, 12
knockout_winner: SUCCESS, 12
knockout_winner: SUCCESS, 7
knockout_winner: FAILURE
knockout_winner: INVALID_INPUT
remove_player: SUCCESS
remove_team: FAILURE
get_team_points: SUCCESS, 9722
update_player_stats: SUCCESS
get_team_points: SUCCESS, 10323
get_closest_player: SUCCESS, 69
update_player_stats: SUCCESS
get_all_players: SUCCESS
69
144
7
73
92
154
44
get_num_played_games: SUCCESS, 7623
unite_teams: FAILURE
add_team: FAILURE
get_closest_player: SUCCESS, 33
knockout_winner: SUCCESS, 16
knockout_winner: SUCCESS, 20
knockout_winner: FAILURE
knockout_winner: FAILURE
knockout_winner: INVALID_INPUT
add_player: FAILURE
remove_player: SUCCESS
remove_team: FAILURE
knockout_winner: SUCCESS, 20
knockout_winner: SUCCESS, 20
knockout_winner: SUCCESS, 12
knockout_winner: SUCCESS, 20
knockout_winner: SUCCESS, 13
remove_team: FAILURE
remove_player: SUCCESS
add_player: FAILURE
remove_player: SUCCESS
add_team: FAILURE
knockout_winner: SUCCESS, 20
knockout_winner: INVALID_INPUT
knockout_winner: INVALID_INPUT
knockout_winner: SUCCESS, 20
knockout_winner: SUCCESS, 12
remove_player: SUCCESS
remove_team: FAILURE
unite_teams: FAILURE
get_num_played_games: SUCCESS, 4470
remove_player: SUCCESS
play_match: FAILURE
remove_player: SUCCESS
add_player: FAILURE
get_top_scorer: SUCCESS, 186
update_player_stats: SUCCESS
get_all_players_count: SUCCESS, 11
unite_teams: FAILURE
get_all_players_count: SUCCESS, 10
add_player: FAILURE
get_closest_player: SUCCESS, 58
get_num_played_games: SUCCESS, 11983
remove_player: SUCCESS
remove_player: SUCCESS
remove_player: SUCCESS
get_all_players: SUCCESS
71
142
61
unite_teams: FAILURE
add_team: FAILURE
get_closest_player: SUCCESS, 132
remove_player: SUCCESS
get_num_played_games: SUCCESS, 9695
remove_player: SUCCESS
play_match: FAILURE
get_all_players: SUCCESS
67
150
82
123
50
90
192
43
34
99
10
26
196
41
147
get_team_points: SUCCESS, 657
update_player_stats: SUCCESS
update_player_stats: SUCCESS
knockout_winner: INVALID_INPUT
knockout_winner: SUCCESS, 15
knockout_winner: INVALID_INPUT
knockout_winner: INVALID_INPUT
knockout_winner: INVALID_INPUT
remove_team: FAILURE
remove_team: FAILURE
get_num_played_games: SUCCESS, 6940
get_team_points: SUCCESS, 443
get_all_players_count: SUCCESS, 3
remove_player: SUCCESS
knockout_winner: SUCCESS, 12
knockout_winner: SUCCESS, 20
knockout_winner: SUCCESS, 6
knockout_winner: SUCCESS, 20
knockout_winner: INVALID_INPUT
get_num_played_games: SUCCESS, 5751
add_player: FAILURE
remove_player: SUCCESS
get_all_players_count: SUCCESS, 6
get_all_players: SUCCESS
198
2
30
109
16
193
132
127
191
45
unite_teams: FAILURE
get_num_played_games: SUCCESS, 1108
knockout_winner: SUCCESS, 20
knockout_winner: SUCCESS, 20
knockout_winner: SUCCESS, 12
knockout_winner: SUCCESS, 20
knockout_winner: SUCCESS, 12
get_all_players_count: SUCCESS, 10
unite_teams: FAILURE
get_closest_player: SUCCESS, 101
get_top_scorer: SUCCESS, 136
add_team: FAILURE
remove_player: SUCCESS
remove_player: SUCCESS
play_match: SUCCESS
add_team: FAILURE
get_all_players: SUCCESS
12
163
33
152
137
129
20
195
199
179
get_all_players: SUCCESS
62
64
57
96
88
4
70
175
40
86
knockout_winner: SUCCESS, 20
knockout_winner: SUCCESS, 20
knockout_winner: SUCCESS, 15
knockout_winner: FAILURE
knockout_winner: INVALID_INPUT
play_match: FAILURE
get_top_scorer: SUCCESS, 189
add_player: FAILURE
add_team: FAILURE
add_team: FAILURE
play_match: FAILURE
play_match: FAILURE
remove_player: SUCCESS
get_all_players_count: SUCCESS, 7
get_top_scorer: SUCCESS, 167
get_team_points: SUCCESS, 7060
knockout_winner: SUCCESS, 12
knockout_winner: SUCCESS, 12
knockout_winner: SUCCESS, 6
knockout_winner: SUCCESS, 15
knockout_winner: INVALID_INPUT
unite_teams: FAILURE
play_match: SUCCESS
add_player: FAILURE
get_all_players_count: SUCCESS, 6
get_num_played_games: SUCCESS, 5734
get_num_played_games: SUCCESS, 4666
remove_player: SUCCESS
get_all_players: SUCCESS
12
163
33
152
137
129
20
195
199
179
play_match: FAILURE
get_all_players: SUCCESS
69
144
7
73
92
154
44
get_closest_player: SUCCESS, 113
get_all_players: SUCCESS
19
24
171
139
78
63
3
153
112
107
141
get_closest_player: SUCCESS, 98
get_all_players: SUCCESS
115
110
194
29
48
124
93
136
knockout_winner: FAILURE
knockout_winner: SUCCESS, 12
knockout_winner: FAILURE
knockout_winner: SUCCESS, 13
knockout_winner: INVALID_INPUT
add_team: FAILURE
get_team_points: SUCCESS, 2240
add_player: FAILURE
get_top_scorer: SUCCESS, 178
remove_team: FAILURE
get_all_players_count: SUCCESS, 8
knockout_winner: SUCCESS, 6
knockout_winner: SUCCESS, 12
knockout_winner: FAILURE
knockout_winner: SUCCESS, 12
knockout_winner: INVALID_INPUT
add_player: FAILURE
update_player_stats: SUCCESS
update_player_stats: SUCCESS
add_player: FAILURE
update_player_stats: SUCCESS
add_team: FAILURE
update_player_stats: SUCCESS
add_team: FAILURE
add_player: FAILURE
get_top_scorer: SUCCESS, 167
knockout_winner: SUCCESS, 20
knockout_winner: SUCCESS, 20
knockout_winner: SUCCESS, 12
knockout_winner: FAILURE
knockout_winner: INVALID_INPUT
get_all_players: SUCCESS
71
142
61
get_closest_player: SUCCESS, 132
get_all_players: SUCCESS
55
66
39
51
get_num_played_games: SUCCESS, 3673
remove_team: FAILURE
get_all_players_count: SUCCESS, 6
get_num_played_games: SUCCESS, 2072
unite_teams: SUCCESS
get_closest_player: SUCCESS, 69
knockout_winner: SUCCESS, 10
knockout_winner: SUCCESS, 6
knockout_winner: SUCCESS, 6
knockout_winner: SUCCESS, 15
knockout_winner: INVALID_INPUT
play_match: FAILURE
get_top_scorer: SUCCESS, 141
get_num_played_games: SUCCESS, 2604
knockout_winner: SUCCESS, 20
knockout_winner: SUCCESS, 20
knockout_winner: SUCCESS, 3
knockout_winner: SUCCESS, 20
knockout_winner: SUCCESS, 13
remove_player: SUCCESS
get_top_scorer: SUCCESS, 122
get_top_scorer: SUCCESS, 167
knockout_winner: INVALID_INPUT
knockout_winner: INVALID_INPUT
knockout_winner: INVALID_INPUT
knockout_winner: INVALID_INPUT
knockout_winner: INVALID_INPUT
unite_teams: FAILURE
get_closest_player: SUCCESS, 64
remove_player: SUCCESS
knockout_winner: SUCCESS, 6
knockout_winner: INVALID_INPUT
knockout_winner: INVALID_INPUT
knockout_winner: SUCCESS, 13
knockout_winner: INVALID_INPUT
get_num_played_games: SUCCESS, 591
get_closest_player: SUCCESS, 132
play_match: FAILURE
get_all_players_count: SUCCESS, 7
get_all_players_count: SUCCESS, 8
update_player_stats: SUCCESS
add_team: FAILURE
get_all_players: SUCCESS
115
110
194
29
48
124
93
136
knockout_winner: SUCCESS, 13
knockout_winner: SUCCESS, 20
knockout_winner: SUCCESS, 13
knockout_winner: SUCCESS, 20
knockout_winner: INVALID_INPUT
play_match: FAILURE
knockout_winner: FAILURE
knockout_winner: SUCCESS, 20
knockout_winner: SUCCESS, 13
knockout_winner: FAILURE
knockout_winner: INVALID_INPUT
unite_teams: FAILURE
add_player: FAILURE
remove_team: FAILURE
get_all_players_count: SUCCESS, 7
get_team_points: SUCCESS, 10323
remove_player: SUCCESS
get_team_points: SUCCESS, 8662
unite_teams: FAILURE
update_player_stats: SUCCESS
get_all_players: SUCCESS
125
173
103
9
47
46
6
80
23
158
128
166
remove_team: FAILURE
remove_team: FAILURE
get_all_players: SUCCESS
106
133
108
36
87
164
143
178
knockout_winner: FAILURE
knockout_winner: SUCCESS, 20
knockout_winner: SUCCESS, 13
knockout_winner: FAILURE
knockout_winner: INVALID_INPUT
get_top_scorer: SUCCESS, 178
remove_team: FAILURE
get_all_players: SUCCESS
125
173
103
9
47
46
6
80
23
158
128
166
get_all_players_count: SUCCESS, 10
unite_teams: FAILURE
get_all_players: SUCCESS
117
25
18
95
35
53
190
155
160
60
131
get_num_played_games: SUCCESS, 9595
add_player: FAILURE
update_player_stats: SUCCESS
play_match: FAILURE
get_num_played_games: SUCCESS, 11983
get_closest_player: SUCCESS, 130
remove_team: FAILURE
get_num_played_games: SUCCESS, 1087
get_num_played_games: SUCCESS, 6579
play_match: SUCCESS
add_player: FAILURE
get_num_played_games: SUCCESS, 709
add_player: FAILURE
remove_player: SUCCESS
get_closest_player: SUCCESS, 196
remove_player: SUCCESS
add_team: FAILURE
get_all_players_count: SUCCESS, 12
get_all_players_count: SUCCESS, 8
unite_teams: FAILURE
remove_team: FAILURE
update_player_stats: SUCCESS
add_team: FAILURE
get_team_points: SUCCESS, 443
add_player: FAILURE
unite_teams: FAILURE
get_closest_player: SUCCESS, 155
unite_teams: FAILURE
play_match: FAILURE
remove_team: FAILURE
get_top_scorer: SUCCESS, 174
get_closest_player: SUCCESS, 109
get_all_players_count: SUCCESS, 12
remove_player: SUCCESS
get_all_players_count: SUCCESS, 7
get_closest_player: SUCCESS, 70
get_all_players: SUCCESS
19
24
171
139
78
63
3
153
112
107
141
unite_teams: FAILURE
update_player_stats: SUCCESS
play_match: FAILURE
get_top_scorer: SUCCESS, 45
get_num_played_games: SUCCESS, 15713
add_team: FAILURE
remove_player: SUCCESS
add_player: FAILURE
update_player_stats: SUCCESS
knockout_winner: SUCCESS, 3
knockout_winner: INVALID_INPUT
knockout_winner: INVALID_INPUT
knockout_winner: FAILURE
knockout_winner: INVALID_INPUT
play_match: FAILURE
get_all_players_count: SUCCESS, 8
unite_teams: SUCCESS
remove_player: SUCCESS
add_player: FAILURE
get_top_scorer: SUCCESS, 147
knockout_winner: INVALID_INPUT
knockout_winner: SUCCESS, 3
knockout_winner: INVALID_INPUT
knockout_winner: INVALID_INPUT
knockout_winner: INVALID_INPUT
get_all_players_count: SUCCESS, 11
get_num_played_games: SUCCESS, 6466
remove_player: SUCCESS
unite_teams: INVALID_INPUT
get_all_players: SUCCESS
188
13
113
68
145
122
knockout_winner: SUCCESS, 20
knockout_winner: SUCCESS, 20
knockout_winner: SUCCESS, 13
knockout_winner: SUCCESS, 20
knockout_winner: INVALID_INPUT
get_all_players: SUCCESS
12
163
33
152
137
129
20
195
199
179
add_player: FAILURE
get_num_played_games: SUCCESS, 648
get_closest_player: SUCCESS, 8
get_team_points: SUCCESS, 9320
add_team: FAILURE
update_player_stats: SUCCESS
get_num_played_games: SUCCESS, 18581
get_team_points: SUCCESS, 7060
get_top_scorer: SUCCESS, 58
get_all_players_count: SUCCESS, 8
get_top_scorer: SUCCESS, 189
update_player_stats: SUCCESS
get_top_scorer: SUCCESS, 131
get_top_scorer: SUCCESS, 167
knockout_winner: SUCCESS, 3
knockout_winner: INVALID_INPUT
knockout_winner: INVALID_INPUT
knockout_winner: SUCCESS, 6
knockout_winner: SUCCESS, 6
play_match: SUCCESS
get_team_points: SUCCESS, 12290
knockout_winner: SUCCESS, 20
knockout_winner: SUCCESS, 20
knockout_winner: SUCCESS, 13
knockout_winner: FAILURE
knockout_winner: INVALID_INPUT
get_all_players: SUCCESS
134
168
172
74
76
120
54
52
get_closest_player: SUCCESS, 118
get_closest_player: SUCCESS, 12
remove_team: FAILURE
get_team_points: SUCCESS, 8799
get_team_points: SUCCESS, 6580
add_team: FAILURE
get_closest_player: SUCCESS, 49
get_all_players_count: SUCCESS, 12
get_num_played_games: SUCCESS, 11984
unite_teams: FAILURE
knockout_winner: SUCCESS, 15
knockout_winner: SUCCESS, 20
knockout_winner: FAILURE
knockout_winner: SUCCESS, 20
knockout_winner: INVALID_INPUT
update_player_stats: SUCCESS
get_num_played_games: SUCCESS, 3137
play_match: SUCCESS
unite_teams: FAILURE
get_team_points: SUCCESS, 10438
add_player: FAILURE
get_team_points: SUCCESS, 10081
unite_teams: SUCCESS
update_player_stats: SUCCESS
knockout_winner: SUCCESS, 15
knockout_winner: SUCCESS, 20
knockout_winner: FAILURE
knockout_winner: SUCCESS, 20
knockout_winner: INVALID_INPUT
unite_teams: FAILURE
remove_team: FAILURE
get_num_played_games: SUCCESS, 8966
get_num_played_games: SUCCESS, 7742
get_team_points: SUCCESS, 10441
remove_player: SUCCESS
remove_team: FAILURE
get_team_points: SUCCESS, 9961
get_num_played_games: SUCCESS, 7715
unite_teams: FAILURE
get_all_players_count: SUCCESS, 10
get_all_players_count: SUCCESS, 13
play_match: FAILURE
remove_team: FAILURE
unite_teams: FAILURE
get_num_played_games: SUCCESS, 12433
add_player: FAILURE
add_player: FAILURE
get_all_players: SUCCESS
134
168
172
74
76
120
54
52
add_team: FAILURE
unite_teams: FAILURE
knockout_winner: SUCCESS, 13
knockout_winner: SUCCESS, 6
knockout_winner: SUCCESS, 6
knockout_winner: FAILURE
knockout_winner: INVALID_INPUT
get_all_players_count: SUCCESS, 6
knockout_winner: INVALID_INPUT
knockout_winner: SUCCESS, 6
knockout_winner: INVALID_INPUT
knockout_winner: INVALID_INPUT
knockout_winner: INVALID_INPUT
get_num_played_games: SUCCESS, 11887
knockout_winner: FAILURE
knockout_winner: SUCCESS, 20
knockout_winner: FAILURE
knockout_winner: FAILURE
knockout_winner: INVALID_INPUT
get_all_players_count: SUCCESS, 17
add_team: FAILURE
remove_player: SUCCESS
add_team: FAILURE
get_num_played_games: SUCCESS, 1651
knockout_winner: SUCCESS, 13
knockout_winner: SUCCESS, 20
knockout_winner: SUCCESS, 6
knockout_winner: SUCCESS, 20
knockout_winner: INVALID_INPUT
unite_teams: FAILURE
get_all_players: SUCCESS
134
168
172
74
76
120
54
52
remove_player: SUCCESS
add_team: FAILURE
add_team: FAILURE
play_match: FAILURE
unite_teams: FAILURE
get_top_scorer: SUCCESS, 135
remove_team: FAILURE
get_num_played_games: SUCCESS, 9134
update_player_stats: SUCCESS
get_all_players_count: SUCCESS, 10
unite_teams: FAILURE
update_player_stats: SUCCESS
remove_team: FAILURE
knockout_winner: SUCCESS, 6
knockout_winner: SUCCESS, 3
knockout_winner: SUCCESS, 3
knockout_winner: SUCCESS, 20
knockout_winner: FAILURE
get_top_scorer: SUCCESS, 122
get_closest_player: SUCCESS, 118
get_all_players_count: SUCCESS, 6
add_team: FAILURE
get_num_played_games: SUCCESS, 7573
get_all_players_count: SUCCESS, 8
unite_teams: FAILURE
get_closest_player: SUCCESS, 107
add_player: FAILURE
unite_teams: FAILURE
get_team_points: SUCCESS, 8073
play_match: FAILURE
unite_teams: FAILURE
get_all_players_count: SUCCESS, 10
add_player: FAILURE
add_player: FAILURE
remove_team: FAILURE
get_team_points: SUCCESS, 7060
remove_player: SUCCESS
get_closest_player: SUCCESS, 2
add_player: FAILURE
remove_team: FAILURE
update_player_stats: SUCCESS
unite_teams: FAILURE
get_team_points: SUCCESS, 10081
get_num_played_games: SUCCESS, 11073
play_match: FAILURE
get_team_points: SUCCESS, 8799
remove_team: FAILURE
get_all_players_count: SUCCESS, 12
get_closest_player: SUCCESS, 38
get_all_players: SUCCESS
12
163
33
152
137
129
20
195
199
179
add_player: FAILURE
get_team_points: SUCCESS, 1576
remove_player: SUCCESS
remove_player: SUCCESS
get_top_scorer: SUCCESS, 39
add_team: FAILURE
play_match: FAILURE
add_team: FAILURE
remove_player: SUCCESS
get_all_players: SUCCESS
19
139
78
171
63
3
153
112
107
141
add_player: FAILURE
remove_player: SUCCESS
add_team: FAILURE
get_top_scorer: SUCCESS, 39
remove_team: FAILURE
get_top_scorer: SUCCESS, 122
knockout_winner: INVALID_INPUT
knockout_winner: INVALID_INPUT
knockout_winner: INVALID_INPUT
knockout_winner: INVALID_INPUT
knockout_winner: INVALID_INPUT
knockout_winner: SUCCESS, 3
knockout_winner: INVALID_INPUT
knockout_winner: INVALID_INPUT
knockout_winner: SUCCESS, 6
knockout_winner: SUCCESS, 6
unite_teams: SUCCESS
knockout_winner: FAILURE
knockout_winner: SUCCESS, 15
knockout_winner: FAILURE
knockout_winner: FAILURE
knockout_winner: INVALID_INPUT
get_num_played_games: SUCCESS, 11305
get_all_players_count: SUCCESS, 10
play_match: FAILURE
get_all_players: SUCCESS
64
57
96
88
70
175
40
86
knockout_winner: SUCCESS, 10
knockout_winner: SUCCESS, 3
knockout_winner: SUCCESS, 3
knockout_winner: SUCCESS, 13
knockout_winner: INVALID_INPUT
unite_teams: FAILURE
play_match: FAILURE
remove_team: FAILURE
play_match: FAILURE
get_all_players_count: SUCCESS, 28
get_team_points: SUCCESS, 7060
remove_player: SUCCESS
update_player_stats: SUCCESS
get_all_players_count: SUCCESS, 9
get_team_points: SUCCESS, 657
remove_team: FAILURE
remove_player: SUCCESS
get_top_scorer: SUCCESS, 167
unite_teams: FAILURE
get_team_points: SUCCESS, 9979
get_num_played_games: SUCCESS, 12488
update_player_stats: SUCCESS
unite_teams: INVALID_INPUT
play_match: FAILURE
get_all_players: SUCCESS
117
25
18
95
69
49
31
98
162
35
53
27
140
190
15
155
94
92
160
60
144
181
130
44
58
7
131
73
knockout_winner: INVALID_INPUT
knockout_winner: SUCCESS, 15
knockout_winner: INVALID_INPUT
knockout_winner: INVALID_INPUT
knockout_winner: INVALID_INPUT
remove_player: SUCCESS
play_match: INVALID_INPUT
get_top_scorer: SUCCESS, 122
get_all_players_count: SUCCESS, 9
unite_teams: INVALID_INPUT
remove_player: SUCCESS
update_player_stats: SUCCESS
unite_teams: FAILURE
get_top_scorer: SUCCESS, 86
unite_teams: INVALID_INPUT
get_closest_player: SUCCESS, 160
get_all_players: SUCCESS
19
139
78
171
63
3
153
112
107
141
unite_teams: FAILURE
get_top_scorer: SUCCESS, 136
play_match: FAILURE
get_top_scorer: SUCCESS, 127
get_all_players: SUCCESS
67
150
71
142
61
192
43
34
99
10
26
196
41
147
82
get_top_scorer: SUCCESS, 179
add_player: FAILURE
get_all_players_count: SUCCESS, 9
play_match: FAILURE
get_top_scorer: SUCCESS, 136
remove_player: SUCCESS
get_num_played_games: SUCCESS, 12990
get_closest_player: SUCCESS, 169
update_player_stats: SUCCESS
play_match: FAILURE
get_top_scorer: SUCCESS, 178
get_all_players_count: SUCCESS, 6
add_player: FAILURE
get_closest_player: SUCCESS, 179
get_closest_player: SUCCESS, 146
get_top_scorer: SUCCESS, 158
knockout_winner: SUCCESS, 6
knockout_winner: SUCCESS, 3
knockout_winner: SUCCESS, 3
knockout_winner: SUCCESS, 10
knockout_winner: INVALID_INPUT
get_team_points: SUCCESS, 657
get_top_scorer: SUCCESS, 82
play_match: FAILURE
add_player: FAILURE
get_all_players: SUCCESS
115
110
194
29
48
124
93
136
get_all_players: SUCCESS
115
110
194
29
48
124
93
136
get_closest_player: SUCCESS, 173
add_player: FAILURE
get_all_players: SUCCESS
197
148
28
116
149
118
169
135
knockout_winner: INVALID_INPUT
knockout_winner: SUCCESS, 10
knockout_winner: INVALID_INPUT
knockout_winner: INVALID_INPUT
knockout_winner: INVALID_INPUT
remove_team: FAILURE
get_top_scorer: SUCCESS, 136
unite_teams: SUCCESS
get_num_played_games: SUCCESS, 3436
remove_player: SUCCESS
get_all_players_count: SUCCESS, 15
get_all_players_count: SUCCESS, 15
get_num_played_games: SUCCESS, 8948
remove_team: FAILURE
add_team: FAILURE
remove_team: FAILURE
get_num_played_games: SUCCESS, 4035
remove_team: FAILURE
knockout_winner: SUCCESS, 6
knockout_winner: SUCCESS, 3
knockout_winner: FAILURE
knockout_winner: FAILURE
knockout_winner: INVALID_INPUT
get_num_played_games: SUCCESS, 2943
remove_player: SUCCESS
add_player: FAILURE
play_match: SUCCESS
get_all_players_count: SUCCESS, 9
update_player_stats: SUCCESS
add_player: FAILURE
add_team: FAILURE
play_match: FAILURE
get_top_scorer: SUCCESS, 122
get_all_players: SUCCESS
67
150
71
142
61
192
43
34
99
10
26
196
41
147
82
unite_teams: FAILURE
play_match: FAILURE
update_player_stats: SUCCESS
remove_team: FAILURE
remove_team: FAILURE
get_team_points: SUCCESS, 7060
add_team: FAILURE
remove_team: FAILURE
get_top_scorer: SUCCESS, 189
add_team: FAILURE
get_top_scorer: SUCCESS, 167
get_closest_player: SUCCESS, 189
get_team_points: SUCCESS, 12345
remove_team: FAILURE
get_team_points: SUCCESS, 9320
get_all_players_count: SUCCESS, 12
update_player_stats: SUCCESS
get_all_players_count: SUCCESS, 12
get_top_scorer: SUCCESS, 133
add_team: FAILURE
get_top_scorer: SUCCESS, 133
get_top_scorer: SUCCESS, 73
remove_player: SUCCESS
get_closest_player: SUCCESS, 141
add_player: FAILURE
add_player: FAILURE
add_player: FAILURE
add_team: FAILURE
add_team: FAILURE
get_all_players: SUCCESS
65
21
59
89
114
32
126
151
81
156
176
189
remove_team: FAILURE
play_match: FAILURE
get_team_points: SUCCESS, 8662
get_num_played_games: SUCCESS, 4695
get_team_points: SUCCESS, 9320
add_player: FAILURE
get_all_players_count: SUCCESS, 5
get_all_players: SUCCESS
12
163
33
137
129
20
195
199
179
get_closest_player: SUCCESS, 122
remove_team: FAILURE
knockout_winner: INVALID_INPUT
knockout_winner: SUCCESS, 13
knockout_winner: INVALID_INPUT
knockout_winner: INVALID_INPUT
knockout_winner: INVALID_INPUT
add_team: FAILURE
knockout_winner: INVALID_INPUT
knockout_winner: SUCCESS, 10
knockout_winner: INVALID_INPUT
knockout_winner: INVALID_INPUT
knockout_winner: INVALID_INPUT
get_all_players: SUCCESS
65
21
59
89
114
32
126
151
81
156
176
189
play_match: FAILURE
get_top_scorer: SUCCESS, 179
get_team_points: SUCCESS, 2236
remove_player: SUCCESS
play_match: FAILURE
add_player: FAILURE
remove_player: SUCCESS
add_player: FAILURE
get_num_played_games: SUCCESS, 3137
get_closest_player: SUCCESS, 196
play_match: FAILURE
play_match: FAILURE
remove_team: FAILURE
get_closest_player: SUCCESS, 58
unite_teams: FAILURE
unite_teams: FAILURE
add_team: FAILURE
remove_player: SUCCESS
add_team: FAILURE
get_all_players: SUCCESS
25
18
95
69
49
31
98
162
35
53
27
140
190
15
155
94
92
160
60
117
144
181
130
44
58
131
73
add_player: FAILURE
add_player: FAILURE
update_player_stats: SUCCESS
get_all_players_count: SUCCESS, 27
get_all_players: SUCCESS
55
39
get_closest_player: SUCCESS, 124
remove_team: FAILURE
get_top_scorer: SUCCESS, 189
remove_team: FAILURE
get_closest_player: SUCCESS, 139
get_all_players: SUCCESS
12
163
33
137
129
20
195
199
179
get_closest_player: SUCCESS, 79
get_team_points: SUCCESS, 8662
remove_player: SUCCESS
get_top_scorer: SUCCESS, 179
add_player: FAILURE
knockout_winner: INVALID_INPUT
knockout_winner: INVALID_INPUT
knockout_winner: INVALID_INPUT
knockout_winner: INVALID_INPUT
knockout_winner: INVALID_INPUT
knockout_winner: FAILURE
knockout_winner: INVALID_INPUT
knockout_winner: INVALID_INPUT
knockout_winner: FAILURE
knockout_winner: INVALID_INPUT
unite_teams: FAILURE
add_player: FAILURE
add_player: FAILURE
get_top_scorer: SUCCESS, 54
get_team_points: SUCCESS, 6580
remove_player: SUCCESS
remove_team: FAILURE
get_all_players_count: SUCCESS, 15
remove_team: FAILURE
get_team_points: SUCCESS, 8799
play_match: FAILURE
unite_teams: SUCCESS
add_team: FAILURE
get_closest_player: SUCCESS, 125
get_top_scorer: SUCCESS, 54
get_all_players_count: SUCCESS, 12
get_num_played_games: SUCCESS, 9600
get_top_scorer: SUCCESS, 136
get_num_played_games: SUCCESS, 9600
get_team_points: SUCCESS, 9982
get_all_players_count: SUCCESS, 8
add_team: FAILURE
remove_team: FAILURE
get_all_players: SUCCESS
139
171
63
3
153
112
107
141
knockout_winner: SUCCESS, 13
knockout_winner: SUCCESS, 6
knockout_winner: SUCCESS, 6
knockout_winner: FAILURE
knockout_winner: INVALID_INPUT
add_player: FAILURE
add_team: FAILURE
add_player: FAILURE
play_match: FAILURE
get_num_played_games: SUCCESS, 7161
update_player_stats: SUCCESS
get_num_played_games: SUCCESS, 10473
get_top_scorer: SUCCESS, 82
get_num_played_games: SUCCESS, 9242
get_num_played_games: SUCCESS, 2943
get_team_points: SUCCESS, 10456
play_match: FAILURE
get_all_players: SUCCESS
188
25
18
95
13
49
31
113
98
162
35
53
27
140
190
15
155
94
145
92
122
160
60
117
144
181
130
44
58
131
73
get_num_played_games: SUCCESS, 6081
get_all_players: SUCCESS
67
150
71
142
61
43
34
99
10
26
196
41
192
147
82
get_closest_player: SUCCESS, 88
get_num_played_games: SUCCESS, 1663
get_all_players: SUCCESS
110
194
29
48
124
93
115
136
play_match: FAILURE
knockout_winner: SUCCESS, 6
knockout_winner: SUCCESS, 3
knockout_winner: FAILURE
knockout_winner: FAILURE
knockout_winner: INVALID_INPUT
get_all_players_count: SUCCESS, 8
remove_player: SUCCESS
update_player_stats: SUCCESS
update_player_stats: SUCCESS
knockout_winner: SUCCESS, 3
knockout_winner: INVALID_INPUT
knockout_winner: INVALID_INPUT
knockout_winner: SUCCESS, 13
knockout_winner: INVALID_INPUT
get_team_points: SUCCESS, 2236
remove_team: FAILURE
add_player: FAILURE
get_closest_player: SUCCESS, 30
add_team: FAILURE
unite_teams: FAILURE
get_all_players: SUCCESS
110
194
29
48
124
93
115
136
update_player_stats: SUCCESS
add_team: FAILURE
get_all_players: SUCCESS
12
163
33
137
129
20
195
199
179
unite_teams: FAILURE
play_match: FAILURE
knockout_winner: INVALID_INPUT
knockout_winner: SUCCESS, 15
knockout_winner: INVALID_INPUT
knockout_winner: INVALID_INPUT
knockout_winner: INVALID_INPUT
get_num_played_games: SUCCESS, 11246
play_match: FAILURE
remove_team: FAILURE
unite_teams: FAILURE
add_team: FAILURE
unite_teams: SUCCESS
add_team: FAILURE
get_all_players: SUCCESS
188
25
18
95
13
49
31
113
98
162
35
53
27
140
190
15
155
94
145
92
122
160
60
117
144
130
44
58
181
131
73
remove_player: SUCCESS
get_closest_player: SUCCESS, 136
play_match: FAILURE
update_player_stats: SUCCESS
get_team_points: SUCCESS, 12692
get_num_played_games: SUCCESS, 484
get_team_points: SUCCESS, 9320
get_all_players: SUCCESS
110
194
29
48
124
93
115
136
get_team_points: SUCCESS, 8662
add_player: FAILURE
add_team: FAILURE
get_closest_player: SUCCESS, 132
remove_player: SUCCESS
unite_teams: FAILURE
knockout_winner: INVALID_INPUT
knockout_winner: SUCCESS, 5
knockout_winner: INVALID_INPUT
knockout_winner: INVALID_INPUT
knockout_winner: INVALID_INPUT
get_closest_player: SUCCESS, 22
remove_team: FAILURE
remove_player: SUCCESS
knockout_winner: INVALID_INPUT
knockout_winner: SUCCESS, 5
knockout_winner: INVALID_INPUT
knockout_winner: INVALID_INPUT
knockout_winner: INVALID_INPUT
add_team: FAILURE
get_closest_player: SUCCESS, 27
add_team: FAILURE
update_player_stats: SUCCESS
remove_team: FAILURE
remove_player: SUCCESS
remove_player: SUCCESS
remove_team: FAILURE
knockout_winner: INVALID_INPUT
knockout_winner: INVALID_INPUT
knockout_winner: INVALID_INPUT
knockout_winner: INVALID_INPUT
knockout_winner: INVALID_INPUT
get_team_points: SUCCESS, 8662
get_num_played_games: SUCCESS, 11356
knockout_winner: SUCCESS, 3
knockout_winner: INVALID_INPUT
knockout_winner: INVALID_INPUT
knockout_winner: FAILURE
knockout_winner: INVALID_INPUT
play_match: SUCCESS
remove_team: FAILURE
remove_team: FAILURE
knockout_winner: INVALID_INPUT
knockout_winner: SUCCESS, 6
knockout_winner: INVALID_INPUT
knockout_winner: INVALID_INPUT
knockout_winner: INVALID_INPUT
remove_player: SUCCESS
get_all_players_count: SUCCESS, 4
get_closest_player: SUCCESS, 29
play_match: FAILURE
get_all_players: SUCCESS
12
163
33
137
129
20
195
199
179
remove_team: FAILURE
play_match: FAILURE
remove_player: SUCCESS
get_num_played_games: SUCCESS, 7744
get_closest_player: SUCCESS, 58
update_player_stats: SUCCESS
remove_player: SUCCESS
get_all_players: SUCCESS
67
150
71
142
61
43
34
99
10
26
196
41
192
147
82
knockout_winner: SUCCESS, 5
knockout_winner: INVALID_INPUT
knockout_winner: INVALID_INPUT
knockout_winner: SUCCESS, 13
knockout_winner: SUCCESS, 10
get_top_scorer: SUCCESS, 136
remove_team: FAILURE
get_num_played_games: SUCCESS, 3894
get_top_scorer: SUCCESS, 149
unite_teams: FAILURE
get_all_players: SUCCESS
188
25
18
95
13
31
113
98
162
35
53
27
140
190
15
155
94
145
122
160
60
117
144
44
58
49
181
131
73
add_player: FAILURE
get_all_players_count: SUCCESS, 11
remove_player: SUCCESS
play_match: FAILURE
update_player_stats: SUCCESS
knockout_winner: FAILURE
knockout_winner: SUCCESS, 5
knockout_winner: FAILURE
knockout_winner: FAILURE
knockout_winner: INVALID_INPUT
play_match: FAILURE
get_team_points: SUCCESS, 12348
get_num_played_games: SUCCESS, 8927
add_player: FAILURE
knockout_winner: SUCCESS, 5
knockout_winner: INVALID_INPUT
knockout_winner: INVALID_INPUT
knockout_winner: SUCCESS, 10
knockout_winner: INVALID_INPUT
get_num_played_games: SUCCESS, 6899
get_all_players: SUCCESS
106
17
108
22
36
84
164
159
143
174
178
add_team: FAILURE
play_match: SUCCESS
add_team: FAILURE
play_match: SUCCESS
get_num_played_games: SUCCESS, 2992
add_player: FAILURE
add_team: FAILURE
remove_team: FAILURE
update_player_stats: SUCCESS
get_all_players: SUCCESS
2
30
109
16
132
191
get_all_players_count: SUCCESS, 8
get_num_played_games: SUCCESS, 6081
knockout_winner: SUCCESS, 5
knockout_winner: INVALID_INPUT
knockout_winner: INVALID_INPUT
knockout_winner: SUCCESS, 10
knockout_winner: INVALID_INPUT
play_match: FAILURE
remove_player: SUCCESS
get_num_played_games: SUCCESS, 8776
remove_player: SUCCESS
unite_teams: FAILURE
get_all_players: SUCCESS
12
163
33
137
129
20
195
199
179
add_team: FAILURE
knockout_winner: SUCCESS, 3
knockout_winner: INVALID_INPUT
knockout_winner: INVALID_INPUT
knockout_winner: FAILURE
knockout_winner: INVALID_INPUT
add_player: FAILURE
get_num_played_games: SUCCESS, 13467
remove_player: SUCCESS
get_closest_player: SUCCESS, 28
remove_team: FAILURE
remove_player: SUCCESS
get_all_players: SUCCESS
146
165
170
167
get_num_played_games: SUCCESS, 14692
update_player_stats: SUCCESS
add_team: FAILURE
unite_teams: FAILURE
add_player: FAILURE
unite_teams: FAILURE
play_match: INVALID_INPUT
add_team: FAILURE
add_team: FAILURE
play_match: FAILURE
get_all_players: SUCCESS
106
17
108
22
36
84
164
159
143
174
178
unite_teams: FAILURE
update_player_stats: SUCCESS
remove_team: FAILURE
get_all_players: SUCCESS
65
21
59
89
114
126
151
81
32
176
189
remove_player: SUCCESS
play_match: FAILURE
play_match: FAILURE
get_top_scorer: SUCCESS, 178
get_top_scorer: SUCCESS, 191
get_top_scorer: SUCCESS, 167
play_match: FAILURE
get_all_players: SUCCESS
110
194
29
48
124
93
115
136
get_all_players_count: SUCCESS, 9
unite_teams: FAILURE
remove_team: FAILURE
knockout_winner: FAILURE
knockout_winner: INVALID_INPUT
knockout_winner: INVALID_INPUT
knockout_winner: FAILURE
knockout_winner: INVALID_INPUT
get_all_players_count: SUCCESS, 8
get_num_played_games: SUCCESS, 1905
get_all_players_count: SUCCESS, 9
get_team_points: SUCCESS, 9320
get_team_points: SUCCESS, 8799
get_num_played_games: SUCCESS, 4954
remove_player: SUCCESS
get_all_players_count: SUCCESS, 2
get_closest_player: SUCCESS, 117
add_player: FAILURE
add_player: FAILURE
get_all_players: SUCCESS
110
194
29
48
124
93
115
136
get_closest_player: SUCCESS, 35
get_team_points: SUCCESS, 10006
remove_player: SUCCESS
get_all_players: SUCCESS
96
88
70
175
40
86
get_all_players_count: SUCCESS, 28
play_match: SUCCESS
get_all_players: SUCCESS
106
17
108
22
36
84
164
159
143
174
178
remove_player: SUCCESS
add_player: FAILURE
add_player: FAILURE
update_player_stats: SUCCESS
get_team_points: SUCCESS, 8662
remove_team: FAILURE
update_player_stats: SUCCESS
unite_teams: FAILURE
remove_player: SUCCESS
update_player_stats: SUCCESS
knockout_winner: SUCCESS, 5
knockout_winner: INVALID_INPUT
knockout_winner: INVALID_INPUT
knockout_winner: SUCCESS, 10
knockout_winner: INVALID_INPUT
play_match: SUCCESS
add_player: FAILURE
get_top_scorer: SUCCESS, 158
get_all_players: SUCCESS
12
163
33
137
129
20
195
199
179
get_team_points: SUCCESS, 17868
get_num_played_games: SUCCESS, 9697
update_player_stats: SUCCESS
add_team: FAILURE
get_closest_player: SUCCESS, 141
get_all_players_count: SUCCESS, 8
get_all_players_count: SUCCESS, 11
get_top_scorer: SUCCESS, 112
add_team: FAILURE
get_all_players_count: SUCCESS, 11
play_match: FAILURE
get_team_points: SUCCESS, 6580
get_top_scorer: SUCCESS, 39
get_all_players: SUCCESS
96
88
70
175
40
86
add_player: FAILURE
knockout_winner: SUCCESS, 10
knockout_winner: SUCCESS, 5
knockout_winner: SUCCESS, 5
knockout_winner: SUCCESS, 15
knockout_winner: INVALID_INPUT
get_all_players_count: SUCCESS, 6
get_all_players_count: SUCCESS, 14
get_top_scorer: SUCCESS, 189
update_player_stats: SUCCESS
add_player: FAILURE
remove_player: SUCCESS
remove_team: FAILURE
play_match: INVALID_INPUT
get_all_players_count: SUCCESS, 9
get_num_played_games: SUCCESS, 6550
get_all_players: SUCCESS
96
88
70
175
40
86
play_match: FAILURE
add_player: FAILURE
get_num_played_games: SUCCESS, 6550
get_top_scorer: SUCCESS, 178
remove_player: SUCCESS
add_team: FAILURE
knockout_winner: SUCCESS, 10
knockout_winner: SUCCESS, 5
knockout_winner: SUCCESS, 5
knockout_winner: SUCCESS, 15
knockout_winner: INVALID_INPUT
unite_teams: FAILURE
remove_player: SUCCESS
add_player: FAILURE
remove_player: SUCCESS
remove_player: SUCCESS
get_all_players: SUCCESS
30
132
191
get_all_players_count: SUCCESS, 3
unite_teams: FAILURE
update_player_stats: SUCCESS
get_team_points: SUCCESS, 17868
get_top_scorer: SUCCESS, 178
remove_player: SUCCESS
get_closest_player: SUCCESS, 46
get_top_scorer: SUCCESS, 189
get_closest_player: SUCCESS, 21
get_closest_player: SUCCESS, 95
update_player_stats: SUCCESS
get_team_points: SUCCESS, 9320
knockout_winner: SUCCESS, 5
knockout_winner: SUCCESS, 5
knockout_winner: FAILURE
knockout_winner: SUCCESS, 10
knockout_winner: INVALID_INPUT
add_player: FAILURE
get_all_players_count: SUCCESS, 3
knockout_winner: INVALID_INPUT
knockout_winner: SUCCESS, 10
knockout_winner: INVALID_INPUT
knockout_winner: INVALID_INPUT
knockout_winner: INVALID_INPUT
get_all_players_count: SUCCESS, 4
add_player: FAILURE
add_team: FAILURE
play_match: FAILURE
update_player_stats: SUCCESS
get_team_points: SUCCESS, 6580
knockout_winner: INVALID_INPUT
knockout_winner: SUCCESS, 5
knockout_winner: INVALID_INPUT
knockout_winner: INVALID_INPUT
knockout_winner: INVALID_INPUT
knockout_winner: INVALID_INPUT
knockout_winner: SUCCESS, 5
knockout_winner: INVALID_INPUT
knockout_winner: INVALID_INPUT
knockout_winner: INVALID_INPUT
add_player: FAILURE
knockout_winner: SUCCESS, 10
knockout_winner: SUCCESS, 5
knockout_winner: SUCCESS, 5
knockout_winner: SUCCESS, 15
knockout_winner: INVALID_INPUT
get_top_scorer: SUCCESS, 178
get_all_players: SUCCESS
188
25
18
95
31
113
98
35
53
27
140
190
15
155
94
145
122
160
60
117
144
44
58
13
49
181
131
73
play_match: FAILURE
get_team_points: SUCCESS, 12773
unite_teams: SUCCESS
get_closest_player: SUCCESS, 3
add_team: FAILURE
play_match: FAILURE
get_num_played_games: SUCCESS, 15715
add_player: FAILURE
add_player: FAILURE
knockout_winner: SUCCESS, 5
knockout_winner: SUCCESS, 5
knockout_winner: FAILURE
knockout_winner: SUCCESS, 10
knockout_winner: INVALID_INPUT
unite_teams: SUCCESS
get_all_players: SUCCESS
146
165
170
167
get_num_played_games: SUCCESS, 1210
get_all_players_count: SUCCESS, 10
get_top_scorer: SUCCESS, 179
add_team: FAILURE
add_team: FAILURE
add_team: FAILURE
get_team_points: SUCCESS, 25145
remove_team: FAILURE
knockout_winner: SUCCESS, 10
knockout_winner: SUCCESS, 10
knockout_winner: SUCCESS, 3
knockout_winner: SUCCESS, 15
knockout_winner: INVALID_INPUT
get_all_players: SUCCESS
197
106
148
108
22
168
36
84
116
28
63
3
74
76
118
120
171
153
164
169
159
107
17
143
54
149
174
172
178
112
141
unite_teams: INVALID_INPUT
knockout_winner: SUCCESS, 10
knockout_winner: SUCCESS, 10
knockout_winner: FAILURE
knockout_winner: SUCCESS, 15
knockout_winner: INVALID_INPUT
get_all_players_count: SUCCESS, 8
get_top_scorer: SUCCESS, 136
add_player: FAILURE
play_match: SUCCESS
remove_player: SUCCESS
get_all_players_count: SUCCESS, 10
get_top_scorer: SUCCESS, 179
knockout_winner: FAILURE
knockout_winner: SUCCESS, 15
knockout_winner: FAILURE
knockout_winner: FAILURE
knockout_winner: INVALID_INPUT
get_all_players_count: SUCCESS, 4
update_player_stats: SUCCESS
add_team: FAILURE
add_player: FAILURE
get_num_played_games: SUCCESS, 6081
update_player_stats: SUCCESS
unite_teams: FAILURE
get_all_players: SUCCESS
188
25
18
95
31
113
98
35
53
27
140
190
15
155
94
145
122
160
60
117
144
44
58
13
49
181
131
73
get_top_scorer: SUCCESS, 107
add_player: FAILURE
get_all_players_count: SUCCESS, 10
update_player_stats: SUCCESS
get_all_players: SUCCESS
197
106
148
108
22
168
36
84
116
28
63
3
74
76
118
120
171
153
164
169
159
17
54
149
174
172
178
112
141
107
unite_teams: FAILURE
get_top_scorer: SUCCESS, 179
unite_teams: INVALID_INPUT
knockout_winner: SUCCESS, 10
knockout_winner: INVALID_INPUT
knockout_winner: INVALID_INPUT
knockout_winner: SUCCESS, 10
knockout_winner: INVALID_INPUT
update_player_stats: SUCCESS
remove_team: FAILURE
get_team_points: SUCCESS, 8799
get_all_players_count: SUCCESS, 9
add_player: FAILURE
get_num_played_games: SUCCESS, 9602
get_all_players_count: SUCCESS, 30
update_player_stats: SUCCESS
remove_team: FAILURE
unite_teams: FAILURE
add_team: FAILURE
add_player: FAILURE
get_all_players: SUCCESS
55
110
39
194
29
124
93
115
48
136
remove_player: SUCCESS
unite_teams: FAILURE
add_team: FAILURE
get_num_played_games: SUCCESS, 1087
get_team_points: SUCCESS, 7060
update_player_stats: SUCCESS
knockout_winner: SUCCESS, 15
knockout_winner: SUCCESS, 10
knockout_winner: SUCCESS, 10
knockout_winner: FAILURE
knockout_winner: INVALID_INPUT
add_team: FAILURE
remove_player: SUCCESS
get_all_players: SUCCESS
67
150
71
142
61
43
10
26
196
41
192
147
add_team: FAILURE
play_match: SUCCESS
unite_teams: FAILURE
get_all_players_count: SUCCESS, 10
remove_player: SUCCESS
remove_player: SUCCESS
update_player_stats: SUCCESS
remove_player: SUCCESS
get_all_players_count: SUCCESS, 7
get_closest_player: SUCCESS, 32
play_match: INVALID_INPUT
remove_player: SUCCESS
play_match: FAILURE
play_match: FAILURE
get_team_points: SUCCESS, 15242
get_team_points: SUCCESS, 8799
get_all_players: SUCCESS
103
9
47
6
46
23
128
166
80
158
remove_team: FAILURE
add_team: FAILURE
play_match: FAILURE
knockout_winner: SUCCESS, 10
knockout_winner: INVALID_INPUT
knockout_winner: INVALID_INPUT
knockout_winner: SUCCESS, 10
knockout_winner: SUCCESS, 10
unite_teams: FAILURE
get_all_players_count: SUCCESS, 28
add_team: FAILURE
unite_teams: FAILURE
add_player: FAILURE
get_all_players_count: SUCCESS, 12
get_all_players_count: SUCCESS, 12
play_match: FAILURE
get_top_scorer: SUCCESS, 189
add_team: FAILURE
get_closest_player: SUCCESS, 166
knockout_winner: SUCCESS, 10
knockout_winner: SUCCESS, 10
knockout_winner: FAILURE
knockout_winner: SUCCESS, 15
knockout_winner: INVALID_INPUT
remove_player: SUCCESS
remove_player: SUCCESS
remove_player: SUCCESS
remove_player: SUCCESS
remove_player: SUCCESS
remove_player: SUCCESS
remove_player: SUCCESS
remove_player: SUCCESS
remove_player: SUCCESS
remove_player: SUCCESS
remove_player: SUCCESS
remove_player: SUCCESS
remove_player: SUCCESS
remove_player: SUCCESS
remove_player: SUCCESS
remove_player: SUCCESS
remove_player: SUCCESS
remove_player: SUCCESS
remove_player: SUCCESS
remove_player: SUCCESS
remove_player: SUCCESS
remove_player: SUCCESS
remove_player: SUCCESS
remove_player: SUCCESS
remove_player: SUCCESS
remove_player: SUCCESS
remove_player: SUCCESS
remove_player: SUCCESS
remove_player: SUCCESS
remove_player: SUCCESS
remove_player: SUCCESS
remove_player: SUCCESS
remove_player: SUCCESS
remove_player: SUCCESS
remove_player: SUCCESS
remove_player: SUCCESS
remove_player: SUCCESS
remove_player: SUCCESS
remove_player: SUCCESS
remove_player: SUCCESS
remove_player: SUCCESS
remove_player: SUCCESS
remove_player: SUCCESS
remove_player: SUCCESS
remove_player: SUCCESS
remove_player: SUCCESS
remove_player: SUCCESS
remove_player: SUCCESS
remove_player: SUCCESS
remove_player: SUCCESS
remove_player: SUCCESS
remove_player: SUCCESS
remove_player: SUCCESS
remove_player: SUCCESS
remove_player: SUCCESS
remove_player: SUCCESS
remove_player: SUCCESS
remove_player: SUCCESS
remove_player: SUCCESS
remove_player: SUCCESS
remove_player: SUCCESS
remove_player: SUCCESS
remove_player: SUCCESS
remove_player: SUCCESS
remove_player: SUCCESS
remove_player: SUCCESS
remove_player: SUCCESS
remove_player: SUCCESS
remove_player: SUCCESS
remove_player: SUCCESS
remove_player: SUCCESS
remove_player: SUCCESS
remove_player: SUCCESS
remove_player: SUCCESS
remove_player: SUCCESS
remove_player: SUCCESS
remove_player: SUCCESS
remove_player: SUCCESS
remove_player: SUCCESS
remove_player: SUCCESS
remove_player: SUCCESS
remove_player: SUCCESS
remove_player: SUCCESS
remove_player: SUCCESS
remove_player: SUCCESS
remove_player: SUCCESS
remove_player: SUCCESS
remove_player: SUCCESS
remove_player: SUCCESS
remove_player: SUCCESS
remove_player: SUCCESS
remove_player: SUCCESS
remove_player: SUCCESS
remove_player: SUCCESS
remove_player: SUCCESS
remove_player: SUCCESS
remove_player: SUCCESS
remove_player: SUCCESS
remove_player: SUCCESS
remove_player: SUCCESS
remove_player: SUCCESS
remove_player: SUCCESS
remove_player: SUCCESS
remove_player: SUCCESS
remove_player: SUCCESS
remove_player: SUCCESS
remove_player: SUCCESS
remove_player: SUCCESS
remove_player: SUCCESS
remove_player: SUCCESS
remove_player: SUCCESS
remove_player: SUCCESS
remove_player: SUCCESS
remove_player: SUCCESS
remove_team: SUCCESS
remove_team: SUCCESS
remove_team: SUCCESS
remove_team: SUCCESS
remove_team: SUCCESS
remove_team: SUCCESS
remove_team: SUCCESS
remove_team: SUCCESS
remove_team: SUCCESS
remove_team: SUCCESS
