add_team: SUCCESS
add_team: SUCCESS
add_team: SUCCESS
add_team: SUCCESS
add_team: SUCCESS
add_team: SUCCESS
add_team: SUCCESS
add_team: SUCCESS
add_team: SUCCESS
add_team: SUCCESS
add_team: SUCCESS
add_team: SUCCESS
add_team: SUCCESS
add_team: SUCCESS
add_team: SUCCESS
add_team: SUCCESS
add_team: SUCCESS
add_team: SUCCESS
add_team: SUCCESS
add_team: SUCCESS
add_player: SUCCESS
add_player: SUCCESS
add_player: SUCCESS
add_player: SUCCESS
add_player: SUCCESS
add_player: SUCCESS
add_player: SUCCESS
add_player: SUCCESS
add_player: SUCCESS
add_player: SUCCESS
add_player: SUCCESS
add_player: SUCCESS
add_player: SUCCESS
add_player: SUCCESS
add_player: SUCCESS
add_player: SUCCESS
add_player: SUCCESS
add_player: SUCCESS
add_player: SUCCESS
add_player: SUCCESS
add_player: SUCCESS
add_player: SUCCESS
add_player: SUCCESS
add_player: SUCCESS
add_player: SUCCESS
add_player: SUCCESS
add_player: SUCCESS
add_player: SUCCESS
add_player: SUCCESS
add_player: SUCCESS
add_player: SUCCESS
add_player: SUCCESS
add_player: SUCCESS
add_player: SUCCESS
add_player: SUCCESS
add_player: SUCCESS
add_player: SUCCESS
add_player: SUCCESS
add_player: SUCCESS
add_player: SUCCESS
add_player: SUCCESS
add_player: SUCCESS
add_player: SUCCESS
add_player: SUCCESS
add_player: SUCCESS
add_player: SUCCESS
add_player: SUCCESS
add_player: SUCCESS
add_player: SUCCESS
add_player: SUCCESS
add_player: SUCCESS
add_player: SUCCESS
add_player: SUCCESS
add_player: SUCCESS
add_player: SUCCESS
add_player: SUCCESS
add_player: SUCCESS
add_player: SUCCESS
add_player: SUCCESS
add_player: SUCCESS
add_player: SUCCESS
add_player: SUCCESS
add_player: SUCCESS
add_player: SUCCESS
add_player: SUCCESS
add_player: SUCCESS
add_player: SUCCESS
add_player: SUCCESS
add_player: SUCCESS
add_player: SUCCESS
add_player: SUCCESS
add_player: SUCCESS
add_player: SUCCESS
add_player: SUCCESS
add_player: SUCCESS
add_player: SUCCESS
add_player: SUCCESS
add_player: SUCCESS
add_player: SUCCESS
add_player: SUCCESS
add_player: SUCCESS
add_player: SUCCESS
add_player: SUCCESS
add_player: SUCCESS
add_player: SUCCESS
add_player: SUCCESS
add_player: SUCCESS
add_player: SUCCESS
add_player: SUCCESS
add_player: SUCCESS
add_player: SUCCESS
add_player: SUCCESS
add_player: SUCCESS
add_player: SUCCESS
add_player: SUCCESS
add_player: SUCCESS
add_player: SUCCESS
add_player: SUCCESS
add_player: SUCCESS
add_player: SUCCESS
add_player: SUCCESS
add_player: SUCCESS
add_player: SUCCESS
add_player: SUCCESS
add_player: SUCCESS
add_player: SUCCESS
add_player: SUCCESS
add_player: SUCCESS
add_player: SUCCESS
add_player: SUCCESS
add_player: SUCCESS
add_player: SUCCESS
add_player: SUCCESS
add_player: SUCCESS
add_player: SUCCESS
add_player: SUCCESS
add_player: SUCCESS
add_player: SUCCESS
add_player: SUCCESS
add_player: SUCCESS
add_player: SUCCESS
add_player: SUCCESS
add_player: SUCCESS
add_player: SUCCESS
add_player: SUCCESS
add_player: SUCCESS
add_player: SUCCESS
add_player: SUCCESS
add_player: SUCCESS
add_player: SUCCESS
add_player: SUCCESS
add_player: SUCCESS
add_player: SUCCESS
add_player: SUCCESS
add_player: SUCCESS
add_player: SUCCESS
add_player: SUCCESS
add_player: SUCCESS
add_player: SUCCESS
add_player: SUCCESS
add_player: SUCCESS
add_player: SUCCESS
add_player: SUCCESS
add_player: SUCCESS
add_player: SUCCESS
add_player: SUCCESS
add_player: SUCCESS
add_player: SUCCESS
add_player: SUCCESS
add_player: SUCCESS
add_player: SUCCESS
add_player: SUCCESS
add_player: SUCCESS
add_player: SUCCESS
add_player: SUCCESS
add_player: SUCCESS
add_player: SUCCESS
add_player: SUCCESS
add_player: SUCCESS
add_player: SUCCESS
add_player: SUCCESS
add_player: SUCCESS
add_player: SUCCESS
add_player: SUCCESS
add_player: SUCCESS
add_player: SUCCESS
add_player: SUCCESS
add_player: SUCCESS
add_player: SUCCESS
add_player: SUCCESS
add_player: SUCCESS
add_player: SUCCESS
add_player: SUCCESS
add_player: SUCCESS
add_player: SUCCESS
add_player: SUCCESS
add_player: SUCCESS
add_player: SUCCESS
add_player: SUCCESS
add_player: SUCCESS
add_player: SUCCESS
add_player: SUCCESS
add_player: SUCCESS
add_player: SUCCESS
add_player: SUCCESS
add_player: SUCCESS
add_player: SUCCESS
add_player: SUCCESS
add_player: SUCCESS
add_player: SUCCESS
add_player: SUCCESS
add_player: SUCCESS
add_player: SUCCESS
add_player: SUCCESS
add_player: SUCCESS
add_player: SUCCESS
add_player: SUCCESS
add_player: SUCCESS
add_player: SUCCESS
add_player: SUCCESS
get_all_players: SUCCESS
2
133
155
84
99
44
110
121
148
53
123
get_all_players: SUCCESS
195
120
93
56
165
166
151
get_closest_player: SUCCESS, 149
get_num_played_games: SUCCESS, 5421
get_top_scorer: SUCCESS, 82
get_num_played_games: SUCCESS, 9511
get_team_points: SUCCESS, 10752
add_player: FAILURE
add_player: FAILURE
get_team_points: SUCCESS, 10752
update_player_stats: SUCCESS
play_match: FAILURE
get_team_points: SUCCESS, 1585
get_all_players_count: SUCCESS, 15
play_match: FAILURE
get_top_scorer: SUCCESS, 34
get_team_points: SUCCESS, 5082
remove_player: SUCCESS
add_team: FAILURE
remove_player: SUCCESS
get_top_scorer: SUCCESS, 135
get_all_players: SUCCESS
156
132
19
103
87
14
193
167
96
126
168
remove_player: SUCCESS
get_num_played_games: SUCCESS, 8963
get_all_players_count: SUCCESS, 15
get_team_points: SUCCESS, 2944
get_num_played_games: SUCCESS, 11035
remove_team: FAILURE
play_match: SUCCESS
get_num_played_games: SUCCESS, 11188
add_player: FAILURE
add_player: FAILURE
get_closest_player: SUCCESS, 124
get_all_players: SUCCESS
138
70
33
117
45
100
42
83
41
8
144
186
remove_player: SUCCESS
get_top_scorer: SUCCESS, 34
add_player: FAILURE
get_all_players_count: SUCCESS, 14
remove_player: SUCCESS
remove_team: FAILURE
play_match: SUCCESS
play_match: FAILURE
update_player_stats: SUCCESS
unite_teams: FAILURE
unite_teams: FAILURE
knockout_winner: SUCCESS, 16
knockout_winner: SUCCESS, 20
knockout_winner: FAILURE
knockout_winner: FAILURE
knockout_winner: INVALID_INPUT
update_player_stats: SUCCESS
get_num_played_games: SUCCESS, 1071
get_all_players_count: SUCCESS, 5
get_all_players_count: SUCCESS, 11
get_all_players_count: SUCCESS, 11
get_num_played_games: SUCCESS, 1190
get_num_played_games: SUCCESS, 8945
update_player_stats: SUCCESS
get_all_players_count: SUCCESS, 5
get_closest_player: SUCCESS, 127
add_team: FAILURE
update_player_stats: SUCCESS
get_num_played_games: SUCCESS, 12334
remove_player: SUCCESS
unite_teams: FAILURE
get_all_players: SUCCESS
175
85
81
43
131
48
get_team_points: SUCCESS, 6860
unite_teams: FAILURE
knockout_winner: SUCCESS, 20
knockout_winner: SUCCESS, 20
knockout_winner: FAILURE
knockout_winner: FAILURE
knockout_winner: INVALID_INPUT
get_top_scorer: SUCCESS, 128
remove_player: SUCCESS
unite_teams: FAILURE
get_num_played_games: SUCCESS, 4355
add_player: FAILURE
play_match: SUCCESS
knockout_winner: SUCCESS, 7
knockout_winner: SUCCESS, 7
knockout_winner: FAILURE
knockout_winner: SUCCESS, 12
knockout_winner: INVALID_INPUT
get_top_scorer: SUCCESS, 27
knockout_winner: SUCCESS, 16
knockout_winner: SUCCESS, 20
knockout_winner: SUCCESS, 10
knockout_winner: SUCCESS, 20
knockout_winner: INVALID_INPUT
knockout_winner: SUCCESS, 7
knockout_winner: INVALID_INPUT
knockout_winner: INVALID_INPUT
knockout_winner: SUCCESS, 20
knockout_winner: SUCCESS, 7
get_closest_player: SUCCESS, 182
get_all_players_count: SUCCESS, 14
get_num_played_games: SUCCESS, 10421
get_closest_player: SUCCESS, 6
get_all_players_count: SUCCESS, 5
update_player_stats: SUCCESS
get_num_played_games: SUCCESS, 8314
play_match: SUCCESS
play_match: FAILURE
remove_player: SUCCESS
get_num_played_games: SUCCESS, 3413
get_all_players: SUCCESS
138
33
117
45
42
70
83
41
8
144
186
get_num_played_games: SUCCESS, 1717
unite_teams: FAILURE
get_num_played_games: SUCCESS, 7584
unite_teams: FAILURE
remove_team: FAILURE
add_team: FAILURE
get_all_players_count: SUCCESS, 15
play_match: FAILURE
get_team_points: SUCCESS, 12108
add_team: FAILURE
knockout_winner: SUCCESS, 13
knockout_winner: SUCCESS, 9
knockout_winner: SUCCESS, 9
knockout_winner: SUCCESS, 18
knockout_winner: INVALID_INPUT
get_all_players: SUCCESS
91
154
115
129
64
94
102
15
108
10
182
62
get_closest_player: SUCCESS, 99
knockout_winner: SUCCESS, 20
knockout_winner: SUCCESS, 20
knockout_winner: FAILURE
knockout_winner: FAILURE
knockout_winner: INVALID_INPUT
get_num_played_games: SUCCESS, 4046
get_all_players_count: SUCCESS, 7
knockout_winner: SUCCESS, 7
knockout_winner: SUCCESS, 7
knockout_winner: FAILURE
knockout_winner: SUCCESS, 13
knockout_winner: INVALID_INPUT
remove_team: FAILURE
get_closest_player: SUCCESS, 59
play_match: FAILURE
get_all_players_count: SUCCESS, 7
add_team: FAILURE
update_player_stats: SUCCESS
get_all_players_count: SUCCESS, 12
remove_player: SUCCESS
remove_player: SUCCESS
get_num_played_games: SUCCESS, 6597
get_closest_player: SUCCESS, 166
get_num_played_games: SUCCESS, 8106
get_team_points: SUCCESS, 5331
update_player_stats: SUCCESS
remove_team: FAILURE
get_all_players: SUCCESS
195
120
93
56
165
166
151
remove_player: SUCCESS
unite_teams: FAILURE
update_player_stats: SUCCESS
unite_teams: FAILURE
get_team_points: SUCCESS, 1585
remove_player: SUCCESS
knockout_winner: SUCCESS, 7
knockout_winner: SUCCESS, 7
knockout_winner: SUCCESS, 7
knockout_winner: SUCCESS, 18
knockout_winner: INVALID_INPUT
update_player_stats: SUCCESS
unite_teams: FAILURE
remove_player: SUCCESS
add_player: FAILURE
get_all_players_count: SUCCESS, 8
update_player_stats: SUCCESS
get_team_points: SUCCESS, 2944
get_closest_player: SUCCESS, 180
get_top_scorer: SUCCESS, 186
get_team_points: SUCCESS, 12111
get_team_points: SUCCESS, 3267
knockout_winner: SUCCESS, 20
knockout_winner: SUCCESS, 20
knockout_winner: SUCCESS, 12
knockout_winner: FAILURE
knockout_winner: INVALID_INPUT
add_team: FAILURE
get_all_players_count: SUCCESS, 10
unite_teams: FAILURE
play_match: SUCCESS
update_player_stats: SUCCESS
add_team: FAILURE
get_num_played_games: SUCCESS, 9139
remove_player: SUCCESS
play_match: FAILURE
play_match: FAILURE
remove_player: SUCCESS
get_team_points: SUCCESS, 10752
play_match: FAILURE
remove_team: FAILURE
remove_player: SUCCESS
add_team: FAILURE
get_team_points: SUCCESS, 5331
update_player_stats: SUCCESS
get_all_players: SUCCESS
21
60
28
76
179
135
104
update_player_stats: SUCCESS
play_match: SUCCESS
remove_team: FAILURE
play_match: FAILURE
get_all_players: SUCCESS
138
33
117
45
42
70
83
41
8
144
186
get_all_players: SUCCESS
175
85
81
43
131
48
update_player_stats: SUCCESS
get_num_played_games: SUCCESS, 1057
add_team: FAILURE
get_closest_player: SUCCESS, 79
get_team_points: SUCCESS, 2944
knockout_winner: SUCCESS, 20
knockout_winner: SUCCESS, 20
knockout_winner: SUCCESS, 12
knockout_winner: FAILURE
knockout_winner: INVALID_INPUT
get_all_players: SUCCESS
134
159
49
127
98
136
125
149
105
16
82
remove_team: FAILURE
update_player_stats: SUCCESS
get_team_points: SUCCESS, 6869
get_all_players: SUCCESS
21
60
28
76
179
135
104
get_num_played_games: SUCCESS, 10423
remove_player: SUCCESS
get_all_players_count: SUCCESS, 6
play_match: FAILURE
play_match: FAILURE
get_all_players: SUCCESS
61
35
51
192
25
29
22
88
20
174
161
59
57
46
get_team_points: SUCCESS, 3267
play_match: FAILURE
get_closest_player: SUCCESS, 169
get_team_points: SUCCESS, 8327
get_all_players_count: SUCCESS, 11
get_all_players: SUCCESS
134
159
49
127
98
136
125
149
105
16
82
get_num_played_games: SUCCESS, 2265
unite_teams: FAILURE
play_match: FAILURE
update_player_stats: SUCCESS
update_player_stats: SUCCESS
get_closest_player: SUCCESS, 52
update_player_stats: SUCCESS
get_all_players: SUCCESS
21
60
28
76
179
135
104
unite_teams: FAILURE
get_closest_player: SUCCESS, 103
get_num_played_games: SUCCESS, 8252
remove_team: FAILURE
remove_player: SUCCESS
get_all_players: SUCCESS
139
73
198
142
172
160
152
39
54
6
7
130
update_player_stats: SUCCESS
get_closest_player: SUCCESS, 82
get_team_points: SUCCESS, 12123
update_player_stats: SUCCESS
get_all_players: SUCCESS
162
24
106
112
119
74
145
11
189
191
add_team: FAILURE
unite_teams: FAILURE
unite_teams: SUCCESS
get_closest_player: SUCCESS, 10
play_match: FAILURE
get_team_points: SUCCESS, 3267
play_match: FAILURE
play_match: FAILURE
get_closest_player: SUCCESS, 43
get_closest_player: SUCCESS, 5
get_top_scorer: SUCCESS, 1
update_player_stats: SUCCESS
remove_team: FAILURE
remove_player: SUCCESS
add_team: FAILURE
get_top_scorer: SUCCESS, 1
get_top_scorer: SUCCESS, 46
knockout_winner: INVALID_INPUT
knockout_winner: INVALID_INPUT
knockout_winner: INVALID_INPUT
knockout_winner: INVALID_INPUT
knockout_winner: INVALID_INPUT
add_player: FAILURE
get_top_scorer: SUCCESS, 191
get_all_players: SUCCESS
140
147
9
13
75
169
150
1
get_all_players_count: SUCCESS, 10
update_player_stats: SUCCESS
remove_team: FAILURE
add_player: FAILURE
update_player_stats: SUCCESS
remove_player: SUCCESS
add_team: FAILURE
remove_player: SUCCESS
play_match: FAILURE
unite_teams: FAILURE
unite_teams: FAILURE
add_team: FAILURE
get_top_scorer: SUCCESS, 186
knockout_winner: SUCCESS, 20
knockout_winner: SUCCESS, 20
knockout_winner: SUCCESS, 13
knockout_winner: FAILURE
knockout_winner: INVALID_INPUT
add_team: FAILURE
get_top_scorer: SUCCESS, 191
play_match: FAILURE
get_closest_player: SUCCESS, 24
add_player: FAILURE
get_all_players: SUCCESS
134
159
49
127
98
136
125
149
105
16
82
remove_player: SUCCESS
remove_team: FAILURE
knockout_winner: SUCCESS, 18
knockout_winner: SUCCESS, 20
knockout_winner: SUCCESS, 9
knockout_winner: SUCCESS, 20
knockout_winner: INVALID_INPUT
get_team_points: SUCCESS, 2286
knockout_winner: SUCCESS, 9
knockout_winner: SUCCESS, 4
knockout_winner: SUCCESS, 4
knockout_winner: SUCCESS, 13
knockout_winner: INVALID_INPUT
get_num_played_games: SUCCESS, 1020
unite_teams: FAILURE
get_num_played_games: SUCCESS, 9853
play_match: FAILURE
play_match: FAILURE
get_team_points: SUCCESS, 12138
remove_player: SUCCESS
get_all_players: SUCCESS
118
194
171
187
26
add_player: FAILURE
unite_teams: FAILURE
get_top_scorer: SUCCESS, 191
remove_player: SUCCESS
get_closest_player: SUCCESS, 8
add_player: FAILURE
knockout_winner: FAILURE
knockout_winner: INVALID_INPUT
knockout_winner: INVALID_INPUT
knockout_winner: FAILURE
knockout_winner: INVALID_INPUT
get_closest_player: SUCCESS, 114
get_all_players: SUCCESS
138
33
117
45
42
70
83
41
8
144
186
get_num_played_games: SUCCESS, 7884
add_player: FAILURE
add_team: FAILURE
unite_teams: FAILURE
get_closest_player: SUCCESS, 93
unite_teams: FAILURE
get_num_played_games: SUCCESS, 2265
get_all_players: SUCCESS
139
73
107
190
72
198
142
170
176
109
172
86
38
152
40
52
54
6
7
130
71
89
39
157
add_player: FAILURE
unite_teams: FAILURE
get_closest_player: SUCCESS, 86
get_team_points: SUCCESS, 7608
unite_teams: FAILURE
remove_team: FAILURE
play_match: FAILURE
get_num_played_games: SUCCESS, 4887
remove_player: SUCCESS
get_team_points: SUCCESS, 2286
get_all_players_count: SUCCESS, 11
get_team_points: SUCCESS, 5082
remove_player: SUCCESS
get_closest_player: SUCCESS, 130
get_all_players_count: SUCCESS, 8
update_player_stats: SUCCESS
get_num_played_games: SUCCESS, 5422
get_top_scorer: SUCCESS, 34
add_team: FAILURE
add_team: FAILURE
remove_team: FAILURE
get_all_players_count: SUCCESS, 11
knockout_winner: SUCCESS, 4
knockout_winner: INVALID_INPUT
knockout_winner: INVALID_INPUT
knockout_winner: SUCCESS, 20
knockout_winner: SUCCESS, 9
add_player: FAILURE
get_num_played_games: SUCCESS, 21377
knockout_winner: SUCCESS, 18
knockout_winner: SUCCESS, 20
knockout_winner: SUCCESS, 10
knockout_winner: SUCCESS, 20
knockout_winner: INVALID_INPUT
remove_player: SUCCESS
unite_teams: FAILURE
play_match: FAILURE
add_team: FAILURE
unite_teams: FAILURE
get_all_players: SUCCESS
2
133
155
84
99
44
110
148
53
123
121
get_team_points: SUCCESS, 3267
knockout_winner: FAILURE
knockout_winner: SUCCESS, 18
knockout_winner: FAILURE
knockout_winner: FAILURE
knockout_winner: INVALID_INPUT
add_team: FAILURE
remove_player: SUCCESS
remove_team: FAILURE
update_player_stats: SUCCESS
remove_player: SUCCESS
play_match: FAILURE
add_player: FAILURE
update_player_stats: SUCCESS
update_player_stats: SUCCESS
get_top_scorer: SUCCESS, 191
add_player: FAILURE
remove_player: SUCCESS
add_team: FAILURE
get_team_points: SUCCESS, 565
update_player_stats: SUCCESS
update_player_stats: SUCCESS
get_num_played_games: SUCCESS, 3424
get_team_points: SUCCESS, 7608
remove_team: FAILURE
play_match: FAILURE
get_top_scorer: SUCCESS, 178
add_team: FAILURE
add_team: FAILURE
play_match: FAILURE
remove_player: SUCCESS
unite_teams: INVALID_INPUT
knockout_winner: SUCCESS, 4
knockout_winner: INVALID_INPUT
knockout_winner: INVALID_INPUT
knockout_winner: SUCCESS, 9
knockout_winner: INVALID_INPUT
update_player_stats: SUCCESS
get_team_points: SUCCESS, 3267
remove_team: FAILURE
remove_player: SUCCESS
get_closest_player: SUCCESS, 75
add_player: FAILURE
get_closest_player: SUCCESS, 94
remove_player: SUCCESS
unite_teams: FAILURE
get_top_scorer: SUCCESS, 104
get_closest_player: SUCCESS, 127
remove_team: FAILURE
get_top_scorer: SUCCESS, 143
get_closest_player: SUCCESS, 123
knockout_winner: SUCCESS, 4
knockout_winner: INVALID_INPUT
knockout_winner: INVALID_INPUT
knockout_winner: SUCCESS, 9
knockout_winner: INVALID_INPUT
unite_teams: FAILURE
play_match: FAILURE
get_top_scorer: SUCCESS, 182
add_player: FAILURE
get_team_points: SUCCESS, 571
update_player_stats: SUCCESS
unite_teams: FAILURE
remove_player: SUCCESS
remove_player: SUCCESS
get_team_points: SUCCESS, 10254
get_team_points: SUCCESS, 5331
get_closest_player: SUCCESS, 85
play_match: FAILURE
get_top_scorer: SUCCESS, 143
get_top_scorer: SUCCESS, 82
get_num_played_games: SUCCESS, 4763
get_all_players_count: SUCCESS, 4
get_num_played_games: SUCCESS, 8600
add_player: FAILURE
remove_team: FAILURE
knockout_winner: SUCCESS, 18
knockout_winner: SUCCESS, 18
knockout_winner: SUCCESS, 9
knockout_winner: FAILURE
knockout_winner: INVALID_INPUT
get_all_players: SUCCESS
139
73
107
190
72
198
142
170
176
109
172
86
38
152
40
52
54
6
7
130
89
39
157
play_match: FAILURE
get_num_played_games: SUCCESS, 1706
add_team: FAILURE
knockout_winner: INVALID_INPUT
knockout_winner: INVALID_INPUT
knockout_winner: INVALID_INPUT
knockout_winner: INVALID_INPUT
knockout_winner: INVALID_INPUT
get_num_played_games: SUCCESS, 5785
get_num_played_games: SUCCESS, 14866
remove_player: SUCCESS
get_team_points: SUCCESS, 2944
get_all_players: SUCCESS
175
85
81
43
131
48
remove_team: FAILURE
get_team_points: SUCCESS, 2295
update_player_stats: SUCCESS
get_all_players_count: SUCCESS, 6
get_all_players_count: SUCCESS, 23
unite_teams: FAILURE
remove_team: FAILURE
play_match: FAILURE
add_team: FAILURE
get_closest_player: SUCCESS, 142
remove_player: SUCCESS
unite_teams: INVALID_INPUT
play_match: FAILURE
knockout_winner: INVALID_INPUT
knockout_winner: INVALID_INPUT
knockout_winner: INVALID_INPUT
knockout_winner: INVALID_INPUT
knockout_winner: INVALID_INPUT
play_match: FAILURE
update_player_stats: SUCCESS
add_team: FAILURE
add_team: FAILURE
get_all_players_count: SUCCESS, 8
remove_team: FAILURE
unite_teams: FAILURE
add_team: FAILURE
knockout_winner: SUCCESS, 4
knockout_winner: INVALID_INPUT
knockout_winner: INVALID_INPUT
knockout_winner: SUCCESS, 9
knockout_winner: INVALID_INPUT
play_match: FAILURE
get_closest_player: SUCCESS, 91
get_all_players: SUCCESS
183
5
32
55
196
158
184
65
4
add_player: FAILURE
update_player_stats: SUCCESS
get_top_scorer: SUCCESS, 182
get_top_scorer: SUCCESS, 27
get_all_players_count: SUCCESS, 9
update_player_stats: SUCCESS
get_num_played_games: SUCCESS, 5663
get_closest_player: SUCCESS, 117
get_all_players: SUCCESS
91
154
115
129
64
102
15
108
10
94
182
add_player: FAILURE
add_team: FAILURE
unite_teams: INVALID_INPUT
update_player_stats: SUCCESS
play_match: FAILURE
unite_teams: FAILURE
play_match: FAILURE
update_player_stats: SUCCESS
knockout_winner: INVALID_INPUT
knockout_winner: INVALID_INPUT
knockout_winner: INVALID_INPUT
knockout_winner: INVALID_INPUT
knockout_winner: INVALID_INPUT
get_team_points: SUCCESS, 3267
get_closest_player: SUCCESS, 154
add_player: FAILURE
get_team_points: SUCCESS, 2295
get_top_scorer: SUCCESS, 104
get_all_players_count: SUCCESS, 23
get_all_players: SUCCESS
140
147
9
13
75
169
150
play_match: FAILURE
get_all_players_count: SUCCESS, 9
get_top_scorer: SUCCESS, 26
get_top_scorer: SUCCESS, 128
get_top_scorer: SUCCESS, 104
update_player_stats: SUCCESS
get_all_players: SUCCESS
134
49
127
98
136
125
105
16
82
add_player: FAILURE
unite_teams: FAILURE
get_closest_player: SUCCESS, 59
get_closest_player: SUCCESS, 180
get_closest_player: SUCCESS, 33
update_player_stats: SUCCESS
update_player_stats: SUCCESS
remove_team: FAILURE
get_num_played_games: SUCCESS, 3725
add_team: FAILURE
get_all_players_count: SUCCESS, 4
add_team: FAILURE
update_player_stats: SUCCESS
play_match: FAILURE
play_match: FAILURE
get_team_points: SUCCESS, 577
play_match: FAILURE
knockout_winner: SUCCESS, 18
knockout_winner: SUCCESS, 18
knockout_winner: FAILURE
knockout_winner: FAILURE
knockout_winner: INVALID_INPUT
remove_team: FAILURE
knockout_winner: SUCCESS, 9
knockout_winner: SUCCESS, 18
knockout_winner: SUCCESS, 9
knockout_winner: SUCCESS, 18
knockout_winner: FAILURE
get_top_scorer: SUCCESS, 186
get_num_played_games: SUCCESS, 6413
get_top_scorer: SUCCESS, 128
remove_team: FAILURE
get_all_players: SUCCESS
23
67
188
69
63
31
3
143
update_player_stats: SUCCESS
get_team_points: SUCCESS, 3267
get_top_scorer: SUCCESS, 93
get_all_players: SUCCESS
153
163
180
185
68
34
178
update_player_stats: SUCCESS
get_num_played_games: SUCCESS, 7754
play_match: FAILURE
remove_team: FAILURE
remove_player: SUCCESS
get_all_players: SUCCESS
140
147
9
13
75
169
150
get_top_scorer: SUCCESS, 178
get_all_players_count: SUCCESS, 11
get_team_points: SUCCESS, 658
get_team_points: SUCCESS, 5082
get_all_players_count: SUCCESS, 4
play_match: FAILURE
unite_teams: FAILURE
get_num_played_games: SUCCESS, 4763
update_player_stats: SUCCESS
knockout_winner: SUCCESS, 9
knockout_winner: SUCCESS, 18
knockout_winner: SUCCESS, 9
knockout_winner: SUCCESS, 18
knockout_winner: INVALID_INPUT
get_top_scorer: SUCCESS, 104
update_player_stats: SUCCESS
remove_team: FAILURE
play_match: FAILURE
unite_teams: FAILURE
play_match: FAILURE
get_num_played_games: SUCCESS, 1072
get_all_players_count: SUCCESS, 4
get_closest_player: SUCCESS, 69
remove_player: SUCCESS
get_num_played_games: SUCCESS, 4559
get_closest_player: SUCCESS, 182
knockout_winner: FAILURE
knockout_winner: SUCCESS, 9
knockout_winner: SUCCESS, 9
knockout_winner: SUCCESS, 18
knockout_winner: INVALID_INPUT
get_top_scorer: SUCCESS, 191
play_match: FAILURE
get_team_points: SUCCESS, 2307
update_player_stats: SUCCESS
play_match: FAILURE
get_all_players_count: SUCCESS, 5
get_team_points: SUCCESS, 14900
update_player_stats: SUCCESS
remove_team: FAILURE
add_team: FAILURE
play_match: FAILURE
get_team_points: SUCCESS, 1585
add_team: FAILURE
unite_teams: SUCCESS
update_player_stats: SUCCESS
add_player: FAILURE
update_player_stats: SUCCESS
add_player: FAILURE
add_player: FAILURE
play_match: FAILURE
knockout_winner: SUCCESS, 9
knockout_winner: SUCCESS, 9
knockout_winner: SUCCESS, 9
knockout_winner: SUCCESS, 18
knockout_winner: INVALID_INPUT
knockout_winner: SUCCESS, 9
knockout_winner: SUCCESS, 9
knockout_winner: SUCCESS, 9
knockout_winner: SUCCESS, 18
knockout_winner: FAILURE
knockout_winner: FAILURE
knockout_winner: SUCCESS, 18
knockout_winner: FAILURE
knockout_winner: FAILURE
knockout_winner: INVALID_INPUT
get_closest_player: SUCCESS, 144
remove_team: FAILURE
get_top_scorer: SUCCESS, 161
get_all_players: SUCCESS
175
5
32
55
158
85
81
43
131
184
183
196
48
65
4
get_all_players: SUCCESS
195
120
56
165
166
93
get_top_scorer: SUCCESS, 143
add_team: FAILURE
get_closest_player: SUCCESS, 109
remove_team: FAILURE
get_closest_player: SUCCESS, 193
knockout_winner: SUCCESS, 18
knockout_winner: SUCCESS, 9
knockout_winner: SUCCESS, 9
knockout_winner: FAILURE
knockout_winner: INVALID_INPUT
unite_teams: FAILURE
get_all_players: SUCCESS
91
154
115
129
64
102
15
10
94
108
182
remove_player: SUCCESS
get_all_players_count: SUCCESS, 9
get_all_players: SUCCESS
91
154
115
129
64
102
15
10
94
108
182
add_team: FAILURE
get_team_points: SUCCESS, 4954
remove_team: FAILURE
get_num_played_games: SUCCESS, 6811
get_closest_player: SUCCESS, 9
remove_player: SUCCESS
get_all_players_count: SUCCESS, 13
update_player_stats: SUCCESS
remove_team: FAILURE
get_top_scorer: SUCCESS, 14
get_top_scorer: SUCCESS, 93
get_top_scorer: SUCCESS, 4
play_match: SUCCESS
get_top_scorer: SUCCESS, 104
get_all_players_count: SUCCESS, 4
add_player: FAILURE
remove_player: SUCCESS
update_player_stats: SUCCESS
knockout_winner: SUCCESS, 4
knockout_winner: INVALID_INPUT
knockout_winner: INVALID_INPUT
knockout_winner: SUCCESS, 9
knockout_winner: INVALID_INPUT
get_all_players: SUCCESS
156
132
19
87
167
193
126
14
remove_team: FAILURE
update_player_stats: SUCCESS
get_team_points: SUCCESS, 658
knockout_winner: SUCCESS, 11
knockout_winner: SUCCESS, 9
knockout_winner: FAILURE
knockout_winner: FAILURE
knockout_winner: INVALID_INPUT
unite_teams: FAILURE
get_num_played_games: SUCCESS, 4763
remove_player: SUCCESS
knockout_winner: FAILURE
knockout_winner: SUCCESS, 9
knockout_winner: SUCCESS, 9
knockout_winner: FAILURE
knockout_winner: INVALID_INPUT
get_all_players: SUCCESS
175
5
32
55
158
85
81
43
184
183
196
48
65
4
131
add_player: FAILURE
get_num_played_games: SUCCESS, 4887
remove_team: FAILURE
get_all_players: SUCCESS
124
95
146
128
knockout_winner: SUCCESS, 4
knockout_winner: INVALID_INPUT
knockout_winner: INVALID_INPUT
knockout_winner: SUCCESS, 9
knockout_winner: SUCCESS, 9
get_all_players_count: SUCCESS, 22
get_top_scorer: SUCCESS, 26
play_match: FAILURE
add_team: FAILURE
get_all_players_count: SUCCESS, 9
get_closest_player: SUCCESS, 31
remove_player: SUCCESS
remove_player: SUCCESS
get_all_players: SUCCESS
139
73
190
198
142
176
109
170
86
38
152
107
40
52
54
6
7
130
89
157
172
39
get_top_scorer: SUCCESS, 178
get_all_players: SUCCESS
139
73
190
198
142
176
109
170
86
38
152
107
40
52
54
6
7
130
89
157
172
39
get_all_players_count: SUCCESS, 6
unite_teams: FAILURE
add_player: FAILURE
add_team: FAILURE
remove_player: SUCCESS
get_num_played_games: SUCCESS, 10321
add_player: FAILURE
get_closest_player: SUCCESS, 148
remove_team: FAILURE
get_team_points: SUCCESS, 2944
remove_player: SUCCESS
add_player: FAILURE
add_player: FAILURE
add_team: FAILURE
remove_team: FAILURE
get_top_scorer: SUCCESS, 114
unite_teams: SUCCESS
unite_teams: FAILURE
play_match: FAILURE
get_closest_player: SUCCESS, 146
get_all_players: SUCCESS
80
60
28
135
181
90
113
97
66
104
get_num_played_games: SUCCESS, 7107
knockout_winner: SUCCESS, 11
knockout_winner: SUCCESS, 9
knockout_winner: FAILURE
knockout_winner: FAILURE
knockout_winner: INVALID_INPUT
get_all_players_count: SUCCESS, 9
get_team_points: SUCCESS, 2484
get_all_players_count: SUCCESS, 4
get_num_played_games: SUCCESS, 8566
get_all_players: SUCCESS
91
154
115
129
102
15
10
94
108
182
get_top_scorer: SUCCESS, 104
get_top_scorer: SUCCESS, 178
get_all_players_count: SUCCESS, 8
remove_team: FAILURE
get_all_players: SUCCESS
23
67
188
69
63
31
3
143
remove_team: FAILURE
unite_teams: FAILURE
get_all_players: SUCCESS
156
132
19
87
167
193
126
14
add_player: FAILURE
get_closest_player: SUCCESS, 54
get_num_played_games: SUCCESS, 522
knockout_winner: FAILURE
knockout_winner: SUCCESS, 11
knockout_winner: SUCCESS, 11
knockout_winner: FAILURE
knockout_winner: INVALID_INPUT
add_team: FAILURE
get_top_scorer: SUCCESS, 114
unite_teams: FAILURE
add_player: FAILURE
unite_teams: INVALID_INPUT
get_num_played_games: SUCCESS, 1570
knockout_winner: INVALID_INPUT
knockout_winner: FAILURE
knockout_winner: INVALID_INPUT
knockout_winner: INVALID_INPUT
knockout_winner: INVALID_INPUT
play_match: FAILURE
get_team_points: SUCCESS, 658
get_num_played_games: SUCCESS, 11813
knockout_winner: INVALID_INPUT
knockout_winner: FAILURE
knockout_winner: INVALID_INPUT
knockout_winner: INVALID_INPUT
knockout_winner: INVALID_INPUT
get_all_players_count: SUCCESS, 8
play_match: FAILURE
get_num_played_games: SUCCESS, 5814
remove_team: FAILURE
play_match: FAILURE
get_num_played_games: SUCCESS, 4230
get_all_players_count: SUCCESS, 9
get_num_played_games: SUCCESS, 5664
unite_teams: FAILURE
get_team_points: SUCCESS, 6869
get_all_players_count: SUCCESS, 4
update_player_stats: SUCCESS
add_team: FAILURE
get_top_scorer: SUCCESS, 161
remove_team: FAILURE
get_top_scorer: SUCCESS, 93
knockout_winner: SUCCESS, 4
knockout_winner: INVALID_INPUT
knockout_winner: INVALID_INPUT
knockout_winner: SUCCESS, 9
knockout_winner: INVALID_INPUT
get_top_scorer: SUCCESS, 39
play_match: FAILURE
get_closest_player: SUCCESS, 144
get_closest_player: SUCCESS, 165
get_top_scorer: SUCCESS, 150
get_top_scorer: SUCCESS, 186
get_closest_player: SUCCESS, 7
remove_player: SUCCESS
unite_teams: FAILURE
get_num_played_games: SUCCESS, 8338
get_num_played_games: SUCCESS, 8106
add_team: FAILURE
remove_team: FAILURE
get_closest_player: SUCCESS, 124
add_player: FAILURE
remove_player: SUCCESS
remove_player: SUCCESS
remove_player: SUCCESS
get_team_points: SUCCESS, 4954
remove_player: SUCCESS
update_player_stats: SUCCESS
play_match: FAILURE
get_all_players: SUCCESS
24
106
112
119
74
145
11
189
191
add_player: FAILURE
get_all_players: SUCCESS
134
127
136
125
16
82
get_top_scorer: SUCCESS, 104
add_team: FAILURE
get_num_played_games: SUCCESS, 1706
knockout_winner: FAILURE
knockout_winner: SUCCESS, 11
knockout_winner: SUCCESS, 11
knockout_winner: FAILURE
knockout_winner: INVALID_INPUT
knockout_winner: SUCCESS, 11
knockout_winner: SUCCESS, 9
knockout_winner: FAILURE
knockout_winner: FAILURE
knockout_winner: INVALID_INPUT
get_top_scorer: SUCCESS, 114
remove_team: FAILURE
add_team: FAILURE
knockout_winner: INVALID_INPUT
knockout_winner: INVALID_INPUT
knockout_winner: INVALID_INPUT
knockout_winner: INVALID_INPUT
knockout_winner: INVALID_INPUT
unite_teams: FAILURE
knockout_winner: SUCCESS, 9
knockout_winner: SUCCESS, 9
knockout_winner: SUCCESS, 4
knockout_winner: SUCCESS, 11
knockout_winner: INVALID_INPUT
remove_player: SUCCESS
get_top_scorer: SUCCESS, 161
play_match: FAILURE
remove_team: FAILURE
unite_teams: SUCCESS
get_all_players_count: SUCCESS, 9
play_match: FAILURE
unite_teams: INVALID_INPUT
get_team_points: SUCCESS, 5082
remove_team: FAILURE
get_top_scorer: SUCCESS, 186
get_num_played_games: SUCCESS, 6073
get_num_played_games: SUCCESS, 7733
add_player: FAILURE
knockout_winner: SUCCESS, 9
knockout_winner: SUCCESS, 5
knockout_winner: SUCCESS, 5
knockout_winner: FAILURE
knockout_winner: INVALID_INPUT
add_team: FAILURE
get_num_played_games: SUCCESS, 19647
get_num_played_games: SUCCESS, 17902
get_num_played_games: SUCCESS, 6946
get_all_players_count: SUCCESS, 13
get_team_points: SUCCESS, 5082
unite_teams: FAILURE
get_closest_player: SUCCESS, 59
get_all_players_count: SUCCESS, 9
add_team: FAILURE
get_all_players_count: SUCCESS, 9
get_top_scorer: SUCCESS, 14
get_team_points: SUCCESS, 10254
get_num_played_games: SUCCESS, 6073
unite_teams: INVALID_INPUT
get_all_players_count: SUCCESS, 4
remove_player: SUCCESS
remove_player: SUCCESS
add_team: FAILURE
add_player: FAILURE
get_all_players_count: SUCCESS, 13
knockout_winner: FAILURE
knockout_winner: SUCCESS, 11
knockout_winner: SUCCESS, 11
knockout_winner: FAILURE
knockout_winner: INVALID_INPUT
get_num_played_games: SUCCESS, 13305
knockout_winner: FAILURE
knockout_winner: SUCCESS, 9
knockout_winner: SUCCESS, 9
knockout_winner: FAILURE
knockout_winner: INVALID_INPUT
remove_player: SUCCESS
unite_teams: FAILURE
get_all_players_count: SUCCESS, 7
update_player_stats: SUCCESS
remove_player: SUCCESS
get_all_players: SUCCESS
153
163
180
185
68
34
178
get_num_played_games: SUCCESS, 7656
get_all_players_count: SUCCESS, 13
get_team_points: SUCCESS, 5331
get_top_scorer: SUCCESS, 104
get_all_players: SUCCESS
153
163
180
185
68
34
178
knockout_winner: SUCCESS, 4
knockout_winner: INVALID_INPUT
knockout_winner: INVALID_INPUT
knockout_winner: SUCCESS, 9
knockout_winner: INVALID_INPUT
get_team_points: SUCCESS, 6869
add_player: FAILURE
knockout_winner: SUCCESS, 5
knockout_winner: SUCCESS, 5
knockout_winner: FAILURE
knockout_winner: FAILURE
knockout_winner: INVALID_INPUT
add_player: FAILURE
get_team_points: SUCCESS, 10254
update_player_stats: SUCCESS
get_team_points: SUCCESS, 5082
add_team: FAILURE
get_top_scorer: SUCCESS, 150
get_all_players_count: SUCCESS, 9
get_all_players: SUCCESS
173
137
17
200
199
114
get_closest_player: SUCCESS, 80
get_all_players: SUCCESS
45
42
70
83
41
8
144
get_top_scorer: SUCCESS, 131
get_num_played_games: SUCCESS, 9853
update_player_stats: SUCCESS
get_team_points: SUCCESS, 11466
remove_player: SUCCESS
play_match: FAILURE
get_top_scorer: SUCCESS, 39
get_top_scorer: SUCCESS, 191
get_num_played_games: SUCCESS, 8585
get_num_played_games: SUCCESS, 10104
remove_team: FAILURE
add_player: FAILURE
get_num_played_games: SUCCESS, 1706
get_num_played_games: SUCCESS, 1020
add_player: FAILURE
play_match: INVALID_INPUT
update_player_stats: SUCCESS
add_player: FAILURE
update_player_stats: SUCCESS
get_all_players_count: SUCCESS, 4
get_team_points: SUCCESS, 4954
unite_teams: SUCCESS
update_player_stats: SUCCESS
update_player_stats: SUCCESS
remove_player: SUCCESS
update_player_stats: SUCCESS
get_team_points: SUCCESS, 3267
remove_team: FAILURE
unite_teams: FAILURE
add_team: FAILURE
get_all_players: SUCCESS
140
147
9
13
75
169
150
add_team: FAILURE
get_team_points: SUCCESS, 3267
add_player: FAILURE
play_match: INVALID_INPUT
get_num_played_games: SUCCESS, 3798
remove_team: FAILURE
knockout_winner: INVALID_INPUT
knockout_winner: FAILURE
knockout_winner: INVALID_INPUT
knockout_winner: INVALID_INPUT
knockout_winner: INVALID_INPUT
unite_teams: FAILURE
remove_team: FAILURE
play_match: FAILURE
add_player: FAILURE
get_all_players: SUCCESS
156
24
132
87
106
112
167
119
74
145
11
189
191
14
193
get_closest_player: SUCCESS, 173
add_team: FAILURE
add_player: FAILURE
get_all_players: SUCCESS
173
137
17
200
199
114
get_closest_player: SUCCESS, 135
remove_team: FAILURE
get_top_scorer: SUCCESS, 150
play_match: FAILURE
play_match: FAILURE
get_team_points: SUCCESS, 2484
get_team_points: SUCCESS, 5082
unite_teams: FAILURE
knockout_winner: FAILURE
knockout_winner: FAILURE
knockout_winner: FAILURE
knockout_winner: FAILURE
knockout_winner: INVALID_INPUT
play_match: FAILURE
play_match: FAILURE
unite_teams: FAILURE
update_player_stats: SUCCESS
play_match: FAILURE
get_team_points: SUCCESS, 3267
add_team: FAILURE
get_num_played_games: SUCCESS, 14813
get_num_played_games: SUCCESS, 3725
play_match: FAILURE
get_num_played_games: SUCCESS, 5248
play_match: FAILURE
knockout_winner: FAILURE
knockout_winner: FAILURE
knockout_winner: FAILURE
knockout_winner: FAILURE
knockout_winner: INVALID_INPUT
update_player_stats: SUCCESS
add_player: FAILURE
play_match: FAILURE
play_match: FAILURE
add_player: FAILURE
remove_team: FAILURE
update_player_stats: SUCCESS
add_player: FAILURE
remove_team: FAILURE
get_num_played_games: SUCCESS, 4559
get_team_points: SUCCESS, 6216
get_top_scorer: SUCCESS, 104
update_player_stats: SUCCESS
get_num_played_games: SUCCESS, 5097
get_top_scorer: SUCCESS, 150
play_match: FAILURE
play_match: FAILURE
add_team: FAILURE
add_team: FAILURE
play_match: FAILURE
get_team_points: SUCCESS, 6869
add_player: FAILURE
play_match: FAILURE
get_all_players: SUCCESS
80
60
28
135
181
90
113
97
66
104
get_all_players_count: SUCCESS, 4
knockout_winner: FAILURE
knockout_winner: FAILURE
knockout_winner: FAILURE
knockout_winner: FAILURE
knockout_winner: INVALID_INPUT
get_closest_player: SUCCESS, 130
add_player: FAILURE
knockout_winner: INVALID_INPUT
knockout_winner: INVALID_INPUT
knockout_winner: INVALID_INPUT
knockout_winner: INVALID_INPUT
knockout_winner: INVALID_INPUT
get_all_players_count: SUCCESS, 4
get_all_players_count: SUCCESS, 13
remove_team: FAILURE
unite_teams: FAILURE
get_team_points: SUCCESS, 10752
knockout_winner: SUCCESS, 5
knockout_winner: INVALID_INPUT
knockout_winner: INVALID_INPUT
knockout_winner: SUCCESS, 11
knockout_winner: FAILURE
add_team: FAILURE
get_top_scorer: SUCCESS, 174
add_team: FAILURE
update_player_stats: SUCCESS
add_player: FAILURE
remove_player: SUCCESS
get_team_points: SUCCESS, 10752
get_closest_player: SUCCESS, 15
remove_team: FAILURE
add_player: FAILURE
get_top_scorer: SUCCESS, 84
get_all_players_count: SUCCESS, 4
get_closest_player: SUCCESS, 42
get_team_points: SUCCESS, 10285
unite_teams: FAILURE
update_player_stats: SUCCESS
play_match: FAILURE
get_num_played_games: SUCCESS, 6053
remove_player: SUCCESS
get_num_played_games: SUCCESS, 18100
update_player_stats: SUCCESS
play_match: INVALID_INPUT
play_match: FAILURE
add_player: FAILURE
remove_team: FAILURE
get_all_players_count: SUCCESS, 6
get_closest_player: SUCCESS, 39
remove_player: SUCCESS
get_all_players: SUCCESS
118
171
187
26
remove_team: FAILURE
remove_team: FAILURE
add_team: FAILURE
update_player_stats: SUCCESS
add_team: FAILURE
remove_team: FAILURE
get_all_players_count: SUCCESS, 15
get_all_players_count: SUCCESS, 4
unite_teams: SUCCESS
unite_teams: FAILURE
add_player: FAILURE
knockout_winner: SUCCESS, 11
knockout_winner: SUCCESS, 5
knockout_winner: SUCCESS, 5
knockout_winner: FAILURE
knockout_winner: INVALID_INPUT
get_num_played_games: SUCCESS, 1191
add_player: FAILURE
knockout_winner: SUCCESS, 3
knockout_winner: INVALID_INPUT
knockout_winner: INVALID_INPUT
knockout_winner: FAILURE
knockout_winner: INVALID_INPUT
get_closest_player: SUCCESS, 200
knockout_winner: INVALID_INPUT
knockout_winner: INVALID_INPUT
knockout_winner: INVALID_INPUT
knockout_winner: INVALID_INPUT
knockout_winner: INVALID_INPUT
remove_team: FAILURE
get_closest_player: SUCCESS, 146
get_closest_player: SUCCESS, 31
get_all_players_count: SUCCESS, 6
get_num_played_games: SUCCESS, 3730
unite_teams: FAILURE
get_all_players_count: SUCCESS, 6
add_player: FAILURE
get_num_played_games: SUCCESS, 13169
update_player_stats: SUCCESS
get_team_points: SUCCESS, 6869
remove_player: SUCCESS
get_all_players_count: SUCCESS, 9
get_all_players: SUCCESS
134
136
125
82
127
16
update_player_stats: SUCCESS
remove_team: FAILURE
get_top_scorer: SUCCESS, 104
update_player_stats: SUCCESS
play_match: FAILURE
get_closest_player: SUCCESS, 167
get_num_played_games: SUCCESS, 7999
add_player: FAILURE
remove_team: FAILURE
add_team: FAILURE
remove_team: FAILURE
add_player: FAILURE
get_closest_player: SUCCESS, 16
remove_team: FAILURE
get_all_players: SUCCESS
153
180
163
185
68
34
178
get_all_players: SUCCESS
156
24
132
87
106
112
167
119
74
145
11
189
191
14
193
get_all_players: SUCCESS
80
60
28
135
181
113
90
97
104
knockout_winner: INVALID_INPUT
knockout_winner: SUCCESS, 11
knockout_winner: INVALID_INPUT
knockout_winner: INVALID_INPUT
knockout_winner: INVALID_INPUT
remove_player: SUCCESS
update_player_stats: SUCCESS
knockout_winner: FAILURE
knockout_winner: FAILURE
knockout_winner: FAILURE
knockout_winner: FAILURE
knockout_winner: INVALID_INPUT
get_num_played_games: SUCCESS, 8963
play_match: FAILURE
knockout_winner: INVALID_INPUT
knockout_winner: FAILURE
knockout_winner: INVALID_INPUT
knockout_winner: INVALID_INPUT
knockout_winner: INVALID_INPUT
knockout_winner: INVALID_INPUT
knockout_winner: FAILURE
knockout_winner: INVALID_INPUT
knockout_winner: INVALID_INPUT
knockout_winner: INVALID_INPUT
add_team: FAILURE
update_player_stats: SUCCESS
get_closest_player: SUCCESS, 120
get_top_scorer: SUCCESS, 182
remove_team: FAILURE
add_team: FAILURE
remove_team: FAILURE
remove_player: SUCCESS
play_match: SUCCESS
get_top_scorer: SUCCESS, 39
get_top_scorer: SUCCESS, 110
get_top_scorer: SUCCESS, 114
add_team: FAILURE
get_team_points: SUCCESS, 2484
knockout_winner: FAILURE
knockout_winner: SUCCESS, 11
knockout_winner: FAILURE
knockout_winner: FAILURE
knockout_winner: INVALID_INPUT
get_team_points: SUCCESS, 2316
get_top_scorer: SUCCESS, 150
play_match: FAILURE
add_player: FAILURE
get_all_players: SUCCESS
147
9
13
75
169
150
add_team: FAILURE
add_team: FAILURE
get_top_scorer: SUCCESS, 128
get_top_scorer: SUCCESS, 16
get_all_players_count: SUCCESS, 6
get_num_played_games: SUCCESS, 8585
update_player_stats: SUCCESS
play_match: FAILURE
play_match: INVALID_INPUT
get_num_played_games: SUCCESS, 4887
remove_player: SUCCESS
get_closest_player: SUCCESS, 144
remove_team: FAILURE
update_player_stats: SUCCESS
remove_team: FAILURE
get_all_players: SUCCESS
91
154
115
129
102
15
10
108
182
get_top_scorer: SUCCESS, 65
get_all_players: SUCCESS
124
95
118
146
171
187
128
unite_teams: FAILURE
remove_player: SUCCESS
get_closest_player: SUCCESS, 145
get_all_players: SUCCESS
147
9
13
75
169
150
get_top_scorer: SUCCESS, 3
unite_teams: FAILURE
update_player_stats: SUCCESS
add_player: FAILURE
update_player_stats: SUCCESS
get_closest_player: SUCCESS, 112
get_all_players_count: SUCCESS, 13
get_top_scorer: SUCCESS, 110
knockout_winner: INVALID_INPUT
knockout_winner: SUCCESS, 5
knockout_winner: INVALID_INPUT
knockout_winner: INVALID_INPUT
knockout_winner: INVALID_INPUT
update_player_stats: SUCCESS
get_top_scorer: SUCCESS, 193
add_player: FAILURE
get_all_players_count: SUCCESS, 11
get_top_scorer: SUCCESS, 114
get_num_played_games: SUCCESS, 19787
remove_team: FAILURE
update_player_stats: SUCCESS
remove_player: SUCCESS
remove_player: SUCCESS
remove_player: SUCCESS
remove_player: SUCCESS
remove_player: SUCCESS
remove_player: SUCCESS
remove_player: SUCCESS
remove_player: SUCCESS
remove_player: SUCCESS
remove_player: SUCCESS
remove_player: SUCCESS
remove_player: SUCCESS
remove_player: SUCCESS
remove_player: SUCCESS
remove_player: SUCCESS
remove_player: SUCCESS
remove_player: SUCCESS
remove_player: SUCCESS
remove_player: SUCCESS
remove_player: SUCCESS
remove_player: SUCCESS
remove_player: SUCCESS
remove_player: SUCCESS
remove_player: SUCCESS
remove_player: SUCCESS
remove_player: SUCCESS
remove_player: SUCCESS
remove_player: SUCCESS
remove_player: SUCCESS
remove_player: SUCCESS
remove_player: SUCCESS
remove_player: SUCCESS
remove_player: SUCCESS
remove_player: SUCCESS
remove_player: SUCCESS
remove_player: SUCCESS
remove_player: SUCCESS
remove_player: SUCCESS
remove_player: SUCCESS
remove_player: SUCCESS
remove_player: SUCCESS
remove_player: SUCCESS
remove_player: SUCCESS
remove_player: SUCCESS
remove_player: SUCCESS
remove_player: SUCCESS
remove_player: SUCCESS
remove_player: SUCCESS
remove_player: SUCCESS
remove_player: SUCCESS
remove_player: SUCCESS
remove_player: SUCCESS
remove_player: SUCCESS
remove_player: SUCCESS
remove_player: SUCCESS
remove_player: SUCCESS
remove_player: SUCCESS
remove_player: SUCCESS
remove_player: SUCCESS
remove_player: SUCCESS
remove_player: SUCCESS
remove_player: SUCCESS
remove_player: SUCCESS
remove_player: SUCCESS
remove_player: SUCCESS
remove_player: SUCCESS
remove_player: SUCCESS
remove_player: SUCCESS
remove_player: SUCCESS
remove_player: SUCCESS
remove_player: SUCCESS
remove_player: SUCCESS
remove_player: SUCCESS
remove_player: SUCCESS
remove_player: SUCCESS
remove_player: SUCCESS
remove_player: SUCCESS
remove_player: SUCCESS
remove_player: SUCCESS
remove_player: SUCCESS
remove_player: SUCCESS
remove_player: SUCCESS
remove_player: SUCCESS
remove_player: SUCCESS
remove_player: SUCCESS
remove_player: SUCCESS
remove_player: SUCCESS
remove_player: SUCCESS
remove_player: SUCCESS
remove_player: SUCCESS
remove_player: SUCCESS
remove_player: SUCCESS
remove_player: SUCCESS
remove_player: SUCCESS
remove_player: SUCCESS
remove_player: SUCCESS
remove_player: SUCCESS
remove_player: SUCCESS
remove_player: SUCCESS
remove_player: SUCCESS
remove_player: SUCCESS
remove_player: SUCCESS
remove_player: SUCCESS
remove_player: SUCCESS
remove_player: SUCCESS
remove_player: SUCCESS
remove_player: SUCCESS
remove_player: SUCCESS
remove_player: SUCCESS
remove_player: SUCCESS
remove_player: SUCCESS
remove_player: SUCCESS
remove_player: SUCCESS
remove_player: SUCCESS
remove_player: SUCCESS
remove_player: SUCCESS
remove_player: SUCCESS
remove_player: SUCCESS
remove_player: SUCCESS
remove_player: SUCCESS
remove_player: SUCCESS
remove_player: SUCCESS
remove_player: SUCCESS
remove_player: SUCCESS
remove_player: SUCCESS
remove_player: SUCCESS
remove_player: SUCCESS
remove_player: SUCCESS
remove_player: SUCCESS
remove_player: SUCCESS
remove_player: SUCCESS
remove_player: SUCCESS
remove_player: SUCCESS
remove_team: SUCCESS
remove_team: SUCCESS
remove_team: SUCCESS
remove_team: SUCCESS
remove_team: SUCCESS
remove_team: SUCCESS
remove_team: SUCCESS
remove_team: SUCCESS
remove_team: SUCCESS
remove_team: SUCCESS
remove_team: SUCCESS
remove_team: SUCCESS
remove_team: SUCCESS
remove_team: SUCCESS
