add_team: SUCCESS
add_team: SUCCESS
add_team: SUCCESS
add_team: SUCCESS
add_team: SUCCESS
add_team: SUCCESS
add_team: SUCCESS
add_team: SUCCESS
add_team: SUCCESS
add_team: SUCCESS
add_team: SUCCESS
add_team: SUCCESS
add_team: SUCCESS
add_team: SUCCESS
add_team: SUCCESS
add_team: SUCCESS
add_team: SUCCESS
add_team: SUCCESS
add_team: SUCCESS
add_team: SUCCESS
add_player: SUCCESS
add_player: SUCCESS
add_player: SUCCESS
add_player: SUCCESS
add_player: SUCCESS
add_player: SUCCESS
add_player: SUCCESS
add_player: SUCCESS
add_player: SUCCESS
add_player: SUCCESS
add_player: SUCCESS
add_player: SUCCESS
add_player: SUCCESS
add_player: SUCCESS
add_player: SUCCESS
add_player: SUCCESS
add_player: SUCCESS
add_player: SUCCESS
add_player: SUCCESS
add_player: SUCCESS
add_player: SUCCESS
add_player: SUCCESS
add_player: SUCCESS
add_player: SUCCESS
add_player: SUCCESS
add_player: SUCCESS
add_player: SUCCESS
add_player: SUCCESS
add_player: SUCCESS
add_player: SUCCESS
add_player: SUCCESS
add_player: SUCCESS
add_player: SUCCESS
add_player: SUCCESS
add_player: SUCCESS
add_player: SUCCESS
add_player: SUCCESS
add_player: SUCCESS
add_player: SUCCESS
add_player: SUCCESS
add_player: SUCCESS
add_player: SUCCESS
add_player: SUCCESS
add_player: SUCCESS
add_player: SUCCESS
add_player: SUCCESS
add_player: SUCCESS
add_player: SUCCESS
add_player: SUCCESS
add_player: SUCCESS
add_player: SUCCESS
add_player: SUCCESS
add_player: SUCCESS
add_player: SUCCESS
add_player: SUCCESS
add_player: SUCCESS
add_player: SUCCESS
add_player: SUCCESS
add_player: SUCCESS
add_player: SUCCESS
add_player: SUCCESS
add_player: SUCCESS
add_player: SUCCESS
add_player: SUCCESS
add_player: SUCCESS
add_player: SUCCESS
add_player: SUCCESS
add_player: SUCCESS
add_player: SUCCESS
add_player: SUCCESS
add_player: SUCCESS
add_player: SUCCESS
add_player: SUCCESS
add_player: SUCCESS
add_player: SUCCESS
add_player: SUCCESS
add_player: SUCCESS
add_player: SUCCESS
add_player: SUCCESS
add_player: SUCCESS
add_player: SUCCESS
add_player: SUCCESS
add_player: SUCCESS
add_player: SUCCESS
add_player: SUCCESS
add_player: SUCCESS
add_player: SUCCESS
add_player: SUCCESS
add_player: SUCCESS
add_player: SUCCESS
add_player: SUCCESS
add_player: SUCCESS
add_player: SUCCESS
add_player: SUCCESS
add_player: SUCCESS
add_player: SUCCESS
add_player: SUCCESS
add_player: SUCCESS
add_player: SUCCESS
add_player: SUCCESS
add_player: SUCCESS
add_player: SUCCESS
add_player: SUCCESS
add_player: SUCCESS
add_player: SUCCESS
add_player: SUCCESS
add_player: SUCCESS
add_player: SUCCESS
add_player: SUCCESS
add_player: SUCCESS
add_player: SUCCESS
add_player: SUCCESS
add_player: SUCCESS
add_player: SUCCESS
add_player: SUCCESS
add_player: SUCCESS
add_player: SUCCESS
add_player: SUCCESS
add_player: SUCCESS
add_player: SUCCESS
add_player: SUCCESS
add_player: SUCCESS
add_player: SUCCESS
add_player: SUCCESS
add_player: SUCCESS
add_player: SUCCESS
add_player: SUCCESS
add_player: SUCCESS
add_player: SUCCESS
add_player: SUCCESS
add_player: SUCCESS
add_player: SUCCESS
add_player: SUCCESS
add_player: SUCCESS
add_player: SUCCESS
add_player: SUCCESS
add_player: SUCCESS
add_player: SUCCESS
add_player: SUCCESS
add_player: SUCCESS
add_player: SUCCESS
add_player: SUCCESS
add_player: SUCCESS
add_player: SUCCESS
add_player: SUCCESS
add_player: SUCCESS
add_player: SUCCESS
add_player: SUCCESS
add_player: SUCCESS
add_player: SUCCESS
add_player: SUCCESS
add_player: SUCCESS
add_player: SUCCESS
add_player: SUCCESS
add_player: SUCCESS
add_player: SUCCESS
add_player: SUCCESS
add_player: SUCCESS
add_player: SUCCESS
add_player: SUCCESS
add_player: SUCCESS
add_player: SUCCESS
add_player: SUCCESS
add_player: SUCCESS
add_player: SUCCESS
add_player: SUCCESS
add_player: SUCCESS
add_player: SUCCESS
add_player: SUCCESS
add_player: SUCCESS
add_player: SUCCESS
add_player: SUCCESS
add_player: SUCCESS
add_player: SUCCESS
add_player: SUCCESS
add_player: SUCCESS
add_player: SUCCESS
add_player: SUCCESS
add_player: SUCCESS
add_player: SUCCESS
add_player: SUCCESS
add_player: SUCCESS
add_player: SUCCESS
add_player: SUCCESS
add_player: SUCCESS
add_player: SUCCESS
add_player: SUCCESS
add_player: SUCCESS
add_player: SUCCESS
add_player: SUCCESS
add_player: SUCCESS
add_player: SUCCESS
add_player: SUCCESS
add_player: SUCCESS
add_player: SUCCESS
add_player: SUCCESS
add_player: SUCCESS
add_player: SUCCESS
add_player: SUCCESS
add_player: SUCCESS
get_num_played_games: SUCCESS, 9563
get_closest_player: SUCCESS, 37
get_num_played_games: SUCCESS, 5989
get_closest_player: SUCCESS, 116
remove_player: SUCCESS
add_player: FAILURE
get_top_scorer: SUCCESS, 168
add_player: FAILURE
get_top_scorer: SUCCESS, 83
remove_team: FAILURE
get_closest_player: SUCCESS, 167
remove_player: SUCCESS
remove_team: FAILURE
get_all_players: SUCCESS
191
186
106
91
77
121
198
44
29
147
153
65
30
unite_teams: FAILURE
get_all_players: SUCCESS
166
1
38
99
143
174
32
152
134
160
14
109
159
get_num_played_games: SUCCESS, 5976
play_match: FAILURE
remove_team: FAILURE
update_player_stats: SUCCESS
get_team_points: SUCCESS, 8477
get_closest_player: SUCCESS, 103
get_all_players: SUCCESS
89
163
87
76
43
72
164
15
157
66
remove_team: FAILURE
get_all_players_count: SUCCESS, 13
get_all_players: SUCCESS
89
163
87
76
43
72
164
15
157
66
get_num_played_games: SUCCESS, 9728
play_match: FAILURE
knockout_winner: SUCCESS, 20
knockout_winner: INVALID_INPUT
knockout_winner: INVALID_INPUT
knockout_winner: SUCCESS, 8
knockout_winner: SUCCESS, 8
get_all_players: SUCCESS
7
71
132
181
9
17
140
12
26
add_player: FAILURE
get_num_played_games: SUCCESS, 1263
get_team_points: SUCCESS, 7519
get_team_points: SUCCESS, 9020
get_closest_player: SUCCESS, 142
unite_teams: FAILURE
get_team_points: SUCCESS, 4855
get_closest_player: SUCCESS, 80
add_player: FAILURE
play_match: FAILURE
add_team: FAILURE
unite_teams: FAILURE
unite_teams: FAILURE
remove_player: SUCCESS
get_top_scorer: SUCCESS, 79
add_team: FAILURE
get_all_players: SUCCESS
84
48
189
58
142
111
73
5
83
get_num_played_games: SUCCESS, 5684
unite_teams: FAILURE
knockout_winner: SUCCESS, 12
knockout_winner: SUCCESS, 8
knockout_winner: SUCCESS, 8
knockout_winner: SUCCESS, 18
knockout_winner: INVALID_INPUT
unite_teams: FAILURE
unite_teams: FAILURE
get_closest_player: SUCCESS, 30
get_all_players: SUCCESS
137
10
136
124
119
155
13
172
101
190
92
200
81
remove_player: SUCCESS
get_top_scorer: SUCCESS, 67
play_match: FAILURE
get_all_players: SUCCESS
36
25
113
70
161
138
193
171
97
get_all_players_count: SUCCESS, 10
get_all_players: SUCCESS
4
34
129
117
62
116
82
177
179
165
169
79
add_team: FAILURE
knockout_winner: SUCCESS, 8
knockout_winner: SUCCESS, 18
knockout_winner: SUCCESS, 8
knockout_winner: SUCCESS, 18
knockout_winner: INVALID_INPUT
remove_player: SUCCESS
remove_player: SUCCESS
remove_team: FAILURE
add_team: FAILURE
get_team_points: SUCCESS, 3097
get_top_scorer: SUCCESS, 103
knockout_winner: SUCCESS, 8
knockout_winner: SUCCESS, 12
knockout_winner: SUCCESS, 5
knockout_winner: SUCCESS, 14
knockout_winner: INVALID_INPUT
get_all_players_count: SUCCESS, 10
add_team: FAILURE
play_match: FAILURE
remove_team: FAILURE
remove_player: SUCCESS
get_all_players: SUCCESS
36
25
113
70
161
138
193
171
97
play_match: FAILURE
add_team: FAILURE
get_num_played_games: SUCCESS, 4463
add_team: FAILURE
get_team_points: SUCCESS, 8477
update_player_stats: SUCCESS
unite_teams: FAILURE
get_num_played_games: SUCCESS, 8248
get_num_played_games: SUCCESS, 6386
add_team: FAILURE
update_player_stats: SUCCESS
unite_teams: FAILURE
add_player: FAILURE
get_num_played_games: SUCCESS, 2859
unite_teams: FAILURE
get_all_players_count: SUCCESS, 3
add_player: FAILURE
remove_player: SUCCESS
remove_player: SUCCESS
get_closest_player: SUCCESS, 54
get_all_players_count: SUCCESS, 3
remove_team: FAILURE
get_team_points: SUCCESS, 9681
get_closest_player: SUCCESS, 86
get_all_players: SUCCESS
4
34
129
117
116
82
177
179
165
169
79
remove_team: FAILURE
get_team_points: SUCCESS, 4910
update_player_stats: SUCCESS
get_team_points: SUCCESS, 4855
remove_team: FAILURE
add_team: FAILURE
knockout_winner: SUCCESS, 5
knockout_winner: INVALID_INPUT
knockout_winner: INVALID_INPUT
knockout_winner: SUCCESS, 8
knockout_winner: INVALID_INPUT
add_team: FAILURE
play_match: FAILURE
get_all_players: SUCCESS
137
10
136
124
119
155
13
172
101
190
92
81
200
get_team_points: SUCCESS, 1267
add_team: FAILURE
get_all_players: SUCCESS
191
106
91
77
121
198
44
186
29
147
153
65
30
get_team_points: SUCCESS, 5640
unite_teams: INVALID_INPUT
remove_player: SUCCESS
get_closest_player: SUCCESS, 19
play_match: FAILURE
get_team_points: SUCCESS, 11908
get_all_players: SUCCESS
50
68
16
24
184
31
195
120
104
54
180
170
100
103
get_all_players: SUCCESS
90
20
93
150
35
133
get_all_players: SUCCESS
19
115
23
69
78
67
get_top_scorer: SUCCESS, 168
get_all_players: SUCCESS
105
96
45
167
55
86
135
183
107
182
162
47
remove_team: FAILURE
get_all_players: SUCCESS
27
6
37
51
21
46
59
60
22
156
28
play_match: SUCCESS
update_player_stats: SUCCESS
update_player_stats: SUCCESS
add_team: FAILURE
knockout_winner: SUCCESS, 5
knockout_winner: INVALID_INPUT
knockout_winner: INVALID_INPUT
knockout_winner: SUCCESS, 12
knockout_winner: INVALID_INPUT
get_num_played_games: SUCCESS, 141
add_player: FAILURE
play_match: FAILURE
add_player: FAILURE
play_match: FAILURE
unite_teams: FAILURE
get_top_scorer: SUCCESS, 47
get_num_played_games: SUCCESS, 10866
add_team: FAILURE
get_all_players_count: SUCCESS, 9
update_player_stats: SUCCESS
update_player_stats: SUCCESS
add_team: FAILURE
remove_player: SUCCESS
update_player_stats: SUCCESS
remove_player: SUCCESS
remove_team: FAILURE
update_player_stats: SUCCESS
knockout_winner: SUCCESS, 12
knockout_winner: INVALID_INPUT
knockout_winner: INVALID_INPUT
knockout_winner: SUCCESS, 18
knockout_winner: SUCCESS, 8
play_match: FAILURE
update_player_stats: SUCCESS
remove_team: FAILURE
knockout_winner: FAILURE
knockout_winner: SUCCESS, 18
knockout_winner: FAILURE
knockout_winner: FAILURE
knockout_winner: INVALID_INPUT
get_closest_player: SUCCESS, 161
remove_player: SUCCESS
unite_teams: FAILURE
play_match: FAILURE
get_team_points: SUCCESS, 4099
remove_player: SUCCESS
unite_teams: FAILURE
knockout_winner: SUCCESS, 18
knockout_winner: SUCCESS, 18
knockout_winner: SUCCESS, 12
knockout_winner: FAILURE
knockout_winner: INVALID_INPUT
remove_player: SUCCESS
get_top_scorer: SUCCESS, 28
remove_player: SUCCESS
get_all_players_count: SUCCESS, 8
remove_team: FAILURE
get_closest_player: SUCCESS, 81
unite_teams: FAILURE
remove_team: FAILURE
remove_team: FAILURE
add_player: FAILURE
play_match: FAILURE
get_top_scorer: SUCCESS, 114
remove_team: FAILURE
play_match: FAILURE
get_num_played_games: SUCCESS, 9728
get_all_players_count: SUCCESS, 6
unite_teams: SUCCESS
remove_player: SUCCESS
get_top_scorer: SUCCESS, 154
unite_teams: FAILURE
get_closest_player: SUCCESS, 63
update_player_stats: SUCCESS
add_team: FAILURE
get_all_players_count: SUCCESS, 3
get_closest_player: SUCCESS, 114
knockout_winner: FAILURE
knockout_winner: SUCCESS, 18
knockout_winner: SUCCESS, 12
knockout_winner: SUCCESS, 20
knockout_winner: INVALID_INPUT
get_all_players_count: SUCCESS, 11
get_closest_player: SUCCESS, 160
get_num_played_games: SUCCESS, 11709
get_all_players_count: SUCCESS, 14
get_closest_player: SUCCESS, 188
get_all_players: SUCCESS
188
85
114
add_team: FAILURE
get_top_scorer: SUCCESS, 47
add_player: FAILURE
get_all_players: SUCCESS
36
25
113
70
161
138
193
97
get_all_players: SUCCESS
196
128
197
49
199
139
127
knockout_winner: INVALID_INPUT
knockout_winner: INVALID_INPUT
knockout_winner: INVALID_INPUT
knockout_winner: INVALID_INPUT
knockout_winner: INVALID_INPUT
update_player_stats: SUCCESS
update_player_stats: SUCCESS
get_all_players_count: SUCCESS, 6
play_match: FAILURE
add_team: FAILURE
add_player: FAILURE
add_player: FAILURE
add_team: FAILURE
unite_teams: FAILURE
update_player_stats: SUCCESS
remove_player: SUCCESS
remove_player: SUCCESS
unite_teams: FAILURE
get_closest_player: SUCCESS, 33
get_team_points: SUCCESS, 3254
unite_teams: FAILURE
remove_team: FAILURE
get_team_points: SUCCESS, 972
update_player_stats: SUCCESS
add_player: FAILURE
remove_player: SUCCESS
get_num_played_games: SUCCESS, 499
play_match: SUCCESS
add_player: FAILURE
play_match: FAILURE
get_team_points: SUCCESS, 8477
get_num_played_games: SUCCESS, 746
get_team_points: SUCCESS, 11855
get_all_players_count: SUCCESS, 13
get_num_played_games: SUCCESS, 12042
knockout_winner: INVALID_INPUT
knockout_winner: INVALID_INPUT
knockout_winner: INVALID_INPUT
knockout_winner: INVALID_INPUT
knockout_winner: INVALID_INPUT
add_team: FAILURE
get_all_players_count: SUCCESS, 3
get_num_played_games: SUCCESS, 7546
knockout_winner: SUCCESS, 14
knockout_winner: SUCCESS, 18
knockout_winner: SUCCESS, 6
knockout_winner: SUCCESS, 18
knockout_winner: INVALID_INPUT
update_player_stats: SUCCESS
unite_teams: FAILURE
get_all_players: SUCCESS
131
2
80
102
130
75
98
145
95
146
knockout_winner: FAILURE
knockout_winner: SUCCESS, 18
knockout_winner: SUCCESS, 12
knockout_winner: SUCCESS, 20
knockout_winner: INVALID_INPUT
remove_player: SUCCESS
get_team_points: SUCCESS, 11855
add_player: FAILURE
remove_team: FAILURE
get_all_players: SUCCESS
63
178
123
88
151
get_all_players_count: SUCCESS, 14
get_all_players: SUCCESS
166
1
38
143
174
32
152
134
99
14
109
159
160
add_player: FAILURE
update_player_stats: SUCCESS
get_all_players_count: SUCCESS, 14
get_top_scorer: SUCCESS, 129
update_player_stats: SUCCESS
update_player_stats: SUCCESS
add_team: FAILURE
unite_teams: FAILURE
unite_teams: FAILURE
get_num_played_games: SUCCESS, 10831
unite_teams: FAILURE
add_team: FAILURE
get_closest_player: SUCCESS, 84
get_team_points: SUCCESS, 5640
get_closest_player: SUCCESS, 81
unite_teams: SUCCESS
get_all_players: SUCCESS
84
189
58
196
128
142
111
197
49
199
139
5
127
83
play_match: FAILURE
get_all_players: SUCCESS
137
10
136
124
119
155
13
172
101
190
92
81
200
play_match: SUCCESS
unite_teams: FAILURE
get_num_played_games: SUCCESS, 3445
unite_teams: FAILURE
add_player: FAILURE
get_top_scorer: SUCCESS, 54
get_closest_player: SUCCESS, 89
get_all_players: SUCCESS
192
194
122
112
94
154
add_team: FAILURE
unite_teams: FAILURE
knockout_winner: SUCCESS, 14
knockout_winner: SUCCESS, 18
knockout_winner: SUCCESS, 9
knockout_winner: SUCCESS, 20
knockout_winner: INVALID_INPUT
add_player: FAILURE
get_top_scorer: SUCCESS, 97
get_all_players_count: SUCCESS, 11
get_all_players_count: SUCCESS, 11
play_match: FAILURE
get_num_played_games: SUCCESS, 10483
get_num_played_games: SUCCESS, 19783
get_all_players: SUCCESS
173
33
61
39
52
141
53
40
42
110
3
149
get_closest_player: SUCCESS, 132
play_match: SUCCESS
play_match: FAILURE
add_team: FAILURE
get_all_players_count: SUCCESS, 11
update_player_stats: SUCCESS
update_player_stats: SUCCESS
add_team: FAILURE
knockout_winner: SUCCESS, 14
knockout_winner: SUCCESS, 18
knockout_winner: SUCCESS, 9
knockout_winner: SUCCESS, 18
knockout_winner: INVALID_INPUT
knockout_winner: INVALID_INPUT
knockout_winner: SUCCESS, 14
knockout_winner: INVALID_INPUT
knockout_winner: INVALID_INPUT
knockout_winner: INVALID_INPUT
get_all_players_count: SUCCESS, 12
get_num_played_games: SUCCESS, 12276
get_num_played_games: SUCCESS, 142
get_num_played_games: SUCCESS, 6979
get_top_scorer: SUCCESS, 54
update_player_stats: SUCCESS
knockout_winner: FAILURE
knockout_winner: SUCCESS, 18
knockout_winner: FAILURE
knockout_winner: SUCCESS, 20
knockout_winner: INVALID_INPUT
update_player_stats: SUCCESS
remove_team: FAILURE
get_all_players: SUCCESS
27
6
37
51
21
46
59
60
22
156
28
knockout_winner: SUCCESS, 18
knockout_winner: SUCCESS, 18
knockout_winner: SUCCESS, 12
knockout_winner: FAILURE
knockout_winner: INVALID_INPUT
add_team: FAILURE
knockout_winner: SUCCESS, 12
knockout_winner: SUCCESS, 6
knockout_winner: SUCCESS, 6
knockout_winner: FAILURE
knockout_winner: INVALID_INPUT
add_team: FAILURE
remove_team: FAILURE
play_match: FAILURE
get_top_scorer: SUCCESS, 146
get_team_points: SUCCESS, 8346
remove_team: FAILURE
get_num_played_games: SUCCESS, 7660
remove_player: SUCCESS
update_player_stats: SUCCESS
remove_team: FAILURE
update_player_stats: SUCCESS
get_top_scorer: SUCCESS, 54
get_all_players_count: SUCCESS, 12
update_player_stats: SUCCESS
get_top_scorer: SUCCESS, 151
update_player_stats: SUCCESS
get_top_scorer: SUCCESS, 47
knockout_winner: SUCCESS, 6
knockout_winner: SUCCESS, 12
knockout_winner: SUCCESS, 3
knockout_winner: SUCCESS, 12
knockout_winner: INVALID_INPUT
get_team_points: SUCCESS, 7519
play_match: FAILURE
get_all_players: SUCCESS
84
189
58
196
128
142
111
197
49
199
139
5
127
83
knockout_winner: SUCCESS, 18
knockout_winner: SUCCESS, 18
knockout_winner: FAILURE
knockout_winner: FAILURE
knockout_winner: INVALID_INPUT
get_top_scorer: SUCCESS, 129
get_all_players: SUCCESS
192
194
122
112
94
154
update_player_stats: SUCCESS
get_top_scorer: SUCCESS, 54
add_player: FAILURE
update_player_stats: SUCCESS
remove_team: FAILURE
knockout_winner: INVALID_INPUT
knockout_winner: SUCCESS, 12
knockout_winner: INVALID_INPUT
knockout_winner: INVALID_INPUT
knockout_winner: INVALID_INPUT
update_player_stats: SUCCESS
add_team: FAILURE
add_team: FAILURE
get_top_scorer: SUCCESS, 129
update_player_stats: SUCCESS
remove_player: SUCCESS
get_top_scorer: SUCCESS, 153
get_team_points: SUCCESS, 3254
play_match: FAILURE
get_team_points: SUCCESS, 7519
get_num_played_games: SUCCESS, 4062
get_all_players_count: SUCCESS, 14
knockout_winner: SUCCESS, 14
knockout_winner: SUCCESS, 18
knockout_winner: SUCCESS, 9
knockout_winner: SUCCESS, 20
knockout_winner: INVALID_INPUT
remove_player: SUCCESS
update_player_stats: SUCCESS
play_match: FAILURE
knockout_winner: SUCCESS, 12
knockout_winner: INVALID_INPUT
knockout_winner: INVALID_INPUT
knockout_winner: SUCCESS, 18
knockout_winner: SUCCESS, 9
add_team: FAILURE
update_player_stats: SUCCESS
get_num_played_games: SUCCESS, 8582
play_match: SUCCESS
get_num_played_games: SUCCESS, 20
remove_team: FAILURE
get_closest_player: SUCCESS, 37
get_num_played_games: SUCCESS, 1112
get_team_points: SUCCESS, 8329
unite_teams: FAILURE
add_player: FAILURE
get_closest_player: SUCCESS, 189
update_player_stats: SUCCESS
get_num_played_games: SUCCESS, 5437
get_num_played_games: SUCCESS, 687
get_num_played_games: SUCCESS, 7547
get_top_scorer: SUCCESS, 28
get_num_played_games: SUCCESS, 5268
get_all_players: SUCCESS
89
163
87
76
164
15
157
66
72
get_team_points: SUCCESS, 9433
update_player_stats: SUCCESS
knockout_winner: SUCCESS, 18
knockout_winner: SUCCESS, 6
knockout_winner: SUCCESS, 6
knockout_winner: SUCCESS, 18
knockout_winner: INVALID_INPUT
get_top_scorer: SUCCESS, 149
get_all_players: SUCCESS
27
6
37
51
46
59
60
22
21
156
28
get_all_players: SUCCESS
131
2
80
102
130
75
98
145
95
146
get_num_played_games: SUCCESS, 2831
get_top_scorer: SUCCESS, 146
get_team_points: SUCCESS, 1270
play_match: FAILURE
update_player_stats: SUCCESS
remove_player: SUCCESS
knockout_winner: SUCCESS, 9
knockout_winner: INVALID_INPUT
knockout_winner: INVALID_INPUT
knockout_winner: SUCCESS, 6
knockout_winner: INVALID_INPUT
get_num_played_games: SUCCESS, 237
get_team_points: SUCCESS, 3254
remove_team: FAILURE
knockout_winner: INVALID_INPUT
knockout_winner: SUCCESS, 12
knockout_winner: INVALID_INPUT
knockout_winner: INVALID_INPUT
knockout_winner: INVALID_INPUT
get_closest_player: SUCCESS, 137
get_team_points: SUCCESS, 8329
get_team_points: SUCCESS, 9684
unite_teams: SUCCESS
unite_teams: FAILURE
get_num_played_games: SUCCESS, 8756
add_player: FAILURE
get_team_points: SUCCESS, 8477
get_num_played_games: SUCCESS, 10480
play_match: SUCCESS
get_all_players: SUCCESS
57
176
126
175
11
118
64
158
get_num_played_games: SUCCESS, 6813
play_match: FAILURE
add_player: FAILURE
update_player_stats: SUCCESS
update_player_stats: SUCCESS
get_closest_player: SUCCESS, 63
update_player_stats: SUCCESS
get_team_points: SUCCESS, 5640
add_player: FAILURE
unite_teams: FAILURE
get_num_played_games: SUCCESS, 4962
play_match: FAILURE
add_team: FAILURE
get_all_players_count: SUCCESS, 14
get_closest_player: SUCCESS, 143
get_team_points: SUCCESS, 7519
update_player_stats: SUCCESS
add_player: FAILURE
get_num_played_games: SUCCESS, 3216
get_top_scorer: SUCCESS, 114
knockout_winner: SUCCESS, 6
knockout_winner: SUCCESS, 6
knockout_winner: SUCCESS, 1
knockout_winner: FAILURE
knockout_winner: INVALID_INPUT
update_player_stats: SUCCESS
play_match: FAILURE
add_player: FAILURE
add_player: FAILURE
get_closest_player: SUCCESS, 34
unite_teams: FAILURE
add_player: FAILURE
add_player: FAILURE
get_all_players: SUCCESS
90
7
93
71
20
150
35
9
17
140
12
133
181
132
update_player_stats: SUCCESS
update_player_stats: SUCCESS
get_closest_player: SUCCESS, 82
play_match: SUCCESS
get_all_players_count: SUCCESS, 8
get_team_points: SUCCESS, 3254
add_team: FAILURE
unite_teams: SUCCESS
play_match: FAILURE
add_team: FAILURE
unite_teams: FAILURE
remove_player: SUCCESS
get_top_scorer: SUCCESS, 154
get_team_points: SUCCESS, 8477
get_all_players_count: SUCCESS, 11
get_all_players: SUCCESS
89
163
87
76
164
15
157
66
72
get_top_scorer: SUCCESS, 132
add_team: FAILURE
get_team_points: SUCCESS, 4454
remove_team: FAILURE
get_team_points: SUCCESS, 9433
update_player_stats: SUCCESS
add_player: FAILURE
knockout_winner: INVALID_INPUT
knockout_winner: SUCCESS, 6
knockout_winner: INVALID_INPUT
knockout_winner: INVALID_INPUT
knockout_winner: INVALID_INPUT
get_all_players_count: SUCCESS, 11
get_team_points: SUCCESS, 10334
get_team_points: SUCCESS, 13881
remove_team: FAILURE
get_top_scorer: SUCCESS, 28
add_player: FAILURE
get_top_scorer: SUCCESS, 186
update_player_stats: SUCCESS
unite_teams: FAILURE
get_closest_player: SUCCESS, 93
get_all_players: SUCCESS
84
189
58
196
128
142
111
49
199
139
83
197
127
get_closest_player: SUCCESS, 162
get_num_played_games: SUCCESS, 9317
unite_teams: FAILURE
update_player_stats: SUCCESS
get_top_scorer: SUCCESS, 127
get_team_points: SUCCESS, 4454
unite_teams: FAILURE
unite_teams: INVALID_INPUT
get_all_players_count: SUCCESS, 11
knockout_winner: INVALID_INPUT
knockout_winner: SUCCESS, 6
knockout_winner: INVALID_INPUT
knockout_winner: INVALID_INPUT
knockout_winner: INVALID_INPUT
unite_teams: FAILURE
get_all_players_count: SUCCESS, 13
unite_teams: FAILURE
unite_teams: FAILURE
get_top_scorer: SUCCESS, 158
get_team_points: SUCCESS, 4454
get_num_played_games: SUCCESS, 7302
remove_player: SUCCESS
remove_team: FAILURE
remove_player: SUCCESS
remove_team: FAILURE
play_match: FAILURE
add_player: FAILURE
remove_team: FAILURE
add_player: FAILURE
get_closest_player: SUCCESS, 39
get_all_players_count: SUCCESS, 8
get_num_played_games: SUCCESS, 9332
get_num_played_games: SUCCESS, 13777
remove_player: SUCCESS
remove_player: SUCCESS
get_closest_player: SUCCESS, 68
get_all_players_count: SUCCESS, 10
remove_player: SUCCESS
knockout_winner: INVALID_INPUT
knockout_winner: INVALID_INPUT
knockout_winner: INVALID_INPUT
knockout_winner: INVALID_INPUT
knockout_winner: INVALID_INPUT
get_closest_player: SUCCESS, 24
get_num_played_games: SUCCESS, 4741
knockout_winner: SUCCESS, 14
knockout_winner: SUCCESS, 18
knockout_winner: SUCCESS, 12
knockout_winner: SUCCESS, 20
knockout_winner: INVALID_INPUT
play_match: FAILURE
update_player_stats: SUCCESS
remove_player: SUCCESS
remove_player: SUCCESS
get_team_points: SUCCESS, 4454
update_player_stats: SUCCESS
remove_player: SUCCESS
get_top_scorer: SUCCESS, 129
get_closest_player: SUCCESS, 186
get_team_points: SUCCESS, 9684
get_all_players: SUCCESS
188
85
114
play_match: FAILURE
play_match: FAILURE
get_all_players: SUCCESS
63
166
1
131
38
178
123
2
143
80
174
32
152
134
102
88
99
14
75
109
98
159
145
95
160
151
146
play_match: FAILURE
get_closest_player: SUCCESS, 111
get_all_players: SUCCESS
115
69
78
67
19
update_player_stats: SUCCESS
play_match: INVALID_INPUT
add_player: FAILURE
get_team_points: SUCCESS, 8477
add_team: FAILURE
remove_team: FAILURE
play_match: SUCCESS
get_all_players_count: SUCCESS, 5
get_num_played_games: SUCCESS, 3956
remove_team: FAILURE
add_player: FAILURE
get_closest_player: SUCCESS, 68
add_player: FAILURE
knockout_winner: SUCCESS, 6
knockout_winner: INVALID_INPUT
knockout_winner: INVALID_INPUT
knockout_winner: SUCCESS, 9
knockout_winner: INVALID_INPUT
add_team: FAILURE
get_all_players_count: SUCCESS, 8
update_player_stats: SUCCESS
get_closest_player: SUCCESS, 75
get_closest_player: SUCCESS, 111
get_num_played_games: SUCCESS, 6941
play_match: SUCCESS
get_top_scorer: SUCCESS, 54
remove_team: FAILURE
remove_player: SUCCESS
get_all_players: SUCCESS
137
136
124
13
10
172
101
119
92
200
get_team_points: SUCCESS, 8477
get_top_scorer: SUCCESS, 132
get_team_points: SUCCESS, 9684
get_num_played_games: SUCCESS, 21
add_team: FAILURE
get_all_players_count: SUCCESS, 7
remove_team: FAILURE
get_team_points: SUCCESS, 6894
get_team_points: SUCCESS, 11917
get_top_scorer: SUCCESS, 132
remove_team: FAILURE
get_all_players: SUCCESS
192
194
122
112
94
154
get_closest_player: SUCCESS, 3
get_team_points: SUCCESS, 3254
remove_team: FAILURE
knockout_winner: SUCCESS, 6
knockout_winner: SUCCESS, 6
knockout_winner: SUCCESS, 1
knockout_winner: FAILURE
knockout_winner: INVALID_INPUT
unite_teams: FAILURE
play_match: FAILURE
remove_player: SUCCESS
get_all_players: SUCCESS
7
93
71
20
150
35
9
17
140
12
181
132
get_all_players: SUCCESS
115
69
78
67
19
get_top_scorer: SUCCESS, 114
get_top_scorer: SUCCESS, 28
update_player_stats: SUCCESS
get_all_players: SUCCESS
115
69
78
67
19
get_all_players: SUCCESS
188
85
114
remove_player: SUCCESS
add_player: FAILURE
get_all_players_count: SUCCESS, 10
get_all_players_count: SUCCESS, 11
play_match: FAILURE
knockout_winner: INVALID_INPUT
knockout_winner: FAILURE
knockout_winner: INVALID_INPUT
knockout_winner: INVALID_INPUT
knockout_winner: INVALID_INPUT
add_player: FAILURE
play_match: FAILURE
remove_team: FAILURE
knockout_winner: SUCCESS, 9
knockout_winner: SUCCESS, 9
knockout_winner: SUCCESS, 9
knockout_winner: SUCCESS, 14
knockout_winner: INVALID_INPUT
update_player_stats: SUCCESS
get_num_played_games: SUCCESS, 4918
add_player: FAILURE
add_player: FAILURE
remove_player: SUCCESS
unite_teams: FAILURE
knockout_winner: SUCCESS, 14
knockout_winner: SUCCESS, 9
knockout_winner: SUCCESS, 9
knockout_winner: SUCCESS, 20
knockout_winner: INVALID_INPUT
get_top_scorer: SUCCESS, 146
get_top_scorer: SUCCESS, 186
get_all_players: SUCCESS
91
121
29
147
44
191
65
30
153
186
add_player: FAILURE
get_closest_player: SUCCESS, 3
get_all_players_count: SUCCESS, 11
remove_team: FAILURE
knockout_winner: SUCCESS, 14
knockout_winner: SUCCESS, 6
knockout_winner: SUCCESS, 6
knockout_winner: SUCCESS, 20
knockout_winner: INVALID_INPUT
get_num_played_games: SUCCESS, 19488
unite_teams: FAILURE
get_all_players_count: SUCCESS, 10
add_player: FAILURE
get_all_players: SUCCESS
89
163
87
76
15
157
66
72
remove_team: FAILURE
unite_teams: FAILURE
get_top_scorer: SUCCESS, 186
get_closest_player: SUCCESS, 191
get_num_played_games: SUCCESS, 6980
get_all_players_count: SUCCESS, 3
get_closest_player: SUCCESS, 179
remove_player: SUCCESS
knockout_winner: SUCCESS, 14
knockout_winner: SUCCESS, 6
knockout_winner: SUCCESS, 6
knockout_winner: FAILURE
knockout_winner: INVALID_INPUT
remove_team: FAILURE
remove_team: FAILURE
remove_team: FAILURE
get_all_players_count: SUCCESS, 8
update_player_stats: SUCCESS
get_team_points: SUCCESS, 6894
get_num_played_games: SUCCESS, 6813
play_match: FAILURE
play_match: FAILURE
add_team: FAILURE
add_team: FAILURE
get_closest_player: SUCCESS, 146
add_player: FAILURE
add_team: FAILURE
knockout_winner: SUCCESS, 14
knockout_winner: SUCCESS, 9
knockout_winner: SUCCESS, 9
knockout_winner: FAILURE
knockout_winner: INVALID_INPUT
play_match: INVALID_INPUT
get_num_played_games: SUCCESS, 4064
play_match: INVALID_INPUT
knockout_winner: SUCCESS, 20
knockout_winner: SUCCESS, 20
knockout_winner: SUCCESS, 14
knockout_winner: SUCCESS, 20
knockout_winner: INVALID_INPUT
update_player_stats: SUCCESS
get_num_played_games: SUCCESS, 6813
add_player: FAILURE
add_team: FAILURE
play_match: FAILURE
add_team: FAILURE
update_player_stats: SUCCESS
remove_team: FAILURE
get_closest_player: SUCCESS, 47
remove_player: SUCCESS
get_all_players: SUCCESS
96
45
167
55
86
135
183
107
162
182
47
get_all_players: SUCCESS
57
176
175
118
64
11
158
get_closest_player: SUCCESS, 47
get_all_players_count: SUCCESS, 10
unite_teams: FAILURE
add_team: FAILURE
add_player: FAILURE
remove_team: FAILURE
get_team_points: SUCCESS, 6894
play_match: FAILURE
get_all_players: SUCCESS
84
189
196
128
142
111
49
139
199
83
197
127
remove_player: SUCCESS
knockout_winner: FAILURE
knockout_winner: SUCCESS, 20
knockout_winner: SUCCESS, 14
knockout_winner: FAILURE
knockout_winner: INVALID_INPUT
get_team_points: SUCCESS, 975
get_team_points: SUCCESS, 4454
remove_team: FAILURE
add_player: FAILURE
get_top_scorer: SUCCESS, 200
play_match: FAILURE
get_team_points: SUCCESS, 6894
play_match: FAILURE
get_team_points: SUCCESS, 8477
get_all_players_count: SUCCESS, 11
play_match: FAILURE
remove_team: FAILURE
play_match: FAILURE
knockout_winner: FAILURE
knockout_winner: SUCCESS, 20
knockout_winner: FAILURE
knockout_winner: FAILURE
knockout_winner: INVALID_INPUT
get_team_points: SUCCESS, 11917
get_all_players: SUCCESS
173
33
61
52
53
40
39
3
149
get_top_scorer: SUCCESS, 149
get_top_scorer: SUCCESS, 72
knockout_winner: SUCCESS, 14
knockout_winner: SUCCESS, 9
knockout_winner: SUCCESS, 9
knockout_winner: SUCCESS, 20
knockout_winner: INVALID_INPUT
get_closest_player: SUCCESS, 70
get_all_players: SUCCESS
84
189
196
128
142
111
49
139
199
83
197
127
add_team: FAILURE
knockout_winner: SUCCESS, 9
knockout_winner: INVALID_INPUT
knockout_winner: INVALID_INPUT
knockout_winner: SUCCESS, 9
knockout_winner: INVALID_INPUT
get_top_scorer: SUCCESS, 47
get_top_scorer: SUCCESS, 146
update_player_stats: SUCCESS
add_team: FAILURE
get_num_played_games: SUCCESS, 3445
get_num_played_games: SUCCESS, 8299
add_team: FAILURE
unite_teams: FAILURE
remove_team: FAILURE
remove_team: FAILURE
get_all_players_count: SUCCESS, 8
get_all_players: SUCCESS
89
163
87
76
15
157
66
72
knockout_winner: SUCCESS, 9
knockout_winner: SUCCESS, 9
knockout_winner: SUCCESS, 4
knockout_winner: SUCCESS, 14
knockout_winner: INVALID_INPUT
remove_player: SUCCESS
get_closest_player: SUCCESS, 69
unite_teams: FAILURE
get_num_played_games: SUCCESS, 7317
get_all_players_count: SUCCESS, 3
get_all_players: SUCCESS
96
45
167
55
86
135
183
107
162
182
47
get_all_players: SUCCESS
89
163
87
76
15
157
66
72
remove_player: SUCCESS
add_player: FAILURE
remove_team: FAILURE
add_player: FAILURE
get_num_played_games: SUCCESS, 8743
play_match: FAILURE
get_num_played_games: SUCCESS, 3445
knockout_winner: INVALID_INPUT
knockout_winner: INVALID_INPUT
knockout_winner: INVALID_INPUT
knockout_winner: INVALID_INPUT
knockout_winner: INVALID_INPUT
get_top_scorer: SUCCESS, 158
add_team: FAILURE
get_team_points: SUCCESS, 6894
get_all_players: SUCCESS
188
85
114
remove_team: FAILURE
get_top_scorer: SUCCESS, 146
get_closest_player: SUCCESS, 159
knockout_winner: SUCCESS, 6
knockout_winner: INVALID_INPUT
knockout_winner: INVALID_INPUT
knockout_winner: SUCCESS, 9
knockout_winner: INVALID_INPUT
add_player: FAILURE
get_team_points: SUCCESS, 7519
get_closest_player: SUCCESS, 142
unite_teams: FAILURE
remove_team: FAILURE
remove_player: SUCCESS
unite_teams: FAILURE
knockout_winner: SUCCESS, 9
knockout_winner: SUCCESS, 9
knockout_winner: SUCCESS, 4
knockout_winner: FAILURE
knockout_winner: INVALID_INPUT
get_num_played_games: SUCCESS, 326
get_all_players: SUCCESS
115
69
67
19
78
get_num_played_games: SUCCESS, 8251
remove_team: FAILURE
remove_player: SUCCESS
get_num_played_games: SUCCESS, 12228
get_num_played_games: SUCCESS, 11226
get_num_played_games: SUCCESS, 12044
play_match: FAILURE
update_player_stats: SUCCESS
add_team: FAILURE
add_player: FAILURE
get_top_scorer: SUCCESS, 28
get_all_players: SUCCESS
50
68
31
195
16
24
170
184
100
103
104
54
get_team_points: SUCCESS, 7519
knockout_winner: INVALID_INPUT
knockout_winner: INVALID_INPUT
knockout_winner: INVALID_INPUT
knockout_winner: INVALID_INPUT
knockout_winner: INVALID_INPUT
play_match: FAILURE
knockout_winner: FAILURE
knockout_winner: SUCCESS, 9
knockout_winner: SUCCESS, 9
knockout_winner: SUCCESS, 20
knockout_winner: INVALID_INPUT
get_num_played_games: SUCCESS, 17251
update_player_stats: SUCCESS
remove_team: FAILURE
get_all_players: SUCCESS
173
33
61
52
53
40
39
3
get_closest_player: SUCCESS, 100
knockout_winner: SUCCESS, 6
knockout_winner: INVALID_INPUT
knockout_winner: INVALID_INPUT
knockout_winner: SUCCESS, 9
knockout_winner: INVALID_INPUT
unite_teams: FAILURE
knockout_winner: SUCCESS, 9
knockout_winner: SUCCESS, 9
knockout_winner: SUCCESS, 9
knockout_winner: SUCCESS, 20
knockout_winner: FAILURE
get_num_played_games: SUCCESS, 4741
get_closest_player: SUCCESS, 200
add_player: FAILURE
get_closest_player: SUCCESS, 76
get_team_points: SUCCESS, 13881
update_player_stats: SUCCESS
get_num_played_games: SUCCESS, 10831
get_all_players_count: SUCCESS, 12
get_num_played_games: SUCCESS, 11194
get_closest_player: SUCCESS, 37
add_player: FAILURE
remove_player: SUCCESS
knockout_winner: INVALID_INPUT
knockout_winner: SUCCESS, 9
knockout_winner: INVALID_INPUT
knockout_winner: INVALID_INPUT
knockout_winner: INVALID_INPUT
remove_player: SUCCESS
update_player_stats: SUCCESS
add_team: FAILURE
update_player_stats: SUCCESS
add_player: FAILURE
get_all_players_count: SUCCESS, 10
add_team: FAILURE
get_num_played_games: SUCCESS, 16374
get_closest_player: SUCCESS, 71
play_match: FAILURE
remove_team: FAILURE
remove_team: FAILURE
add_player: FAILURE
remove_team: FAILURE
update_player_stats: SUCCESS
update_player_stats: SUCCESS
get_team_points: SUCCESS, 1270
remove_player: SUCCESS
get_team_points: SUCCESS, 11917
get_num_played_games: SUCCESS, 1552
add_team: FAILURE
get_all_players_count: SUCCESS, 12
get_num_played_games: SUCCESS, 4741
unite_teams: FAILURE
get_top_scorer: SUCCESS, 54
get_team_points: SUCCESS, 4454
get_team_points: SUCCESS, 5640
add_player: FAILURE
update_player_stats: SUCCESS
knockout_winner: FAILURE
knockout_winner: SUCCESS, 20
knockout_winner: FAILURE
knockout_winner: FAILURE
knockout_winner: INVALID_INPUT
get_all_players_count: SUCCESS, 3
get_all_players_count: SUCCESS, 12
unite_teams: FAILURE
get_top_scorer: SUCCESS, 154
remove_player: SUCCESS
remove_team: FAILURE
get_team_points: SUCCESS, 11917
add_player: FAILURE
remove_team: FAILURE
get_team_points: SUCCESS, 11917
remove_team: FAILURE
add_team: FAILURE
update_player_stats: SUCCESS
add_player: FAILURE
add_team: FAILURE
get_closest_player: SUCCESS, 161
remove_team: FAILURE
update_player_stats: SUCCESS
update_player_stats: SUCCESS
knockout_winner: SUCCESS, 20
knockout_winner: SUCCESS, 20
knockout_winner: FAILURE
knockout_winner: FAILURE
knockout_winner: INVALID_INPUT
unite_teams: SUCCESS
get_top_scorer: SUCCESS, 200
add_team: FAILURE
get_all_players_count: SUCCESS, 10
get_num_played_games: SUCCESS, 3480
add_player: FAILURE
get_closest_player: SUCCESS, 142
get_all_players_count: SUCCESS, 8
add_team: FAILURE
get_top_scorer: SUCCESS, 3
get_closest_player: SUCCESS, 75
remove_player: SUCCESS
get_num_played_games: SUCCESS, 4618
get_closest_player: SUCCESS, 134
get_all_players: SUCCESS
113
25
138
70
36
193
97
161
add_team: FAILURE
get_closest_player: SUCCESS, 36
get_closest_player: SUCCESS, 33
get_top_scorer: SUCCESS, 78
add_player: FAILURE
play_match: FAILURE
unite_teams: FAILURE
knockout_winner: FAILURE
knockout_winner: SUCCESS, 9
knockout_winner: SUCCESS, 9
knockout_winner: SUCCESS, 20
knockout_winner: INVALID_INPUT
unite_teams: SUCCESS
unite_teams: SUCCESS
add_team: FAILURE
get_top_scorer: SUCCESS, 146
unite_teams: FAILURE
knockout_winner: SUCCESS, 12
knockout_winner: SUCCESS, 9
knockout_winner: FAILURE
knockout_winner: FAILURE
knockout_winner: INVALID_INPUT
knockout_winner: INVALID_INPUT
knockout_winner: FAILURE
knockout_winner: INVALID_INPUT
knockout_winner: INVALID_INPUT
knockout_winner: INVALID_INPUT
remove_player: SUCCESS
play_match: FAILURE
get_all_players_count: SUCCESS, 10
remove_player: SUCCESS
get_closest_player: SUCCESS, 197
play_match: INVALID_INPUT
remove_team: FAILURE
get_top_scorer: SUCCESS, 132
play_match: FAILURE
play_match: FAILURE
get_top_scorer: SUCCESS, 127
get_all_players_count: SUCCESS, 8
remove_team: FAILURE
get_top_scorer: SUCCESS, 3
remove_player: SUCCESS
get_team_points: SUCCESS, 975
add_player: FAILURE
get_top_scorer: SUCCESS, 72
get_num_played_games: SUCCESS, 9331
get_all_players_count: SUCCESS, 8
get_closest_player: SUCCESS, 14
unite_teams: SUCCESS
remove_player: SUCCESS
add_player: FAILURE
add_team: FAILURE
update_player_stats: SUCCESS
play_match: INVALID_INPUT
get_top_scorer: SUCCESS, 146
get_top_scorer: SUCCESS, 129
play_match: FAILURE
add_player: FAILURE
get_all_players: SUCCESS
166
1
131
38
178
174
32
152
134
102
88
80
99
14
75
98
145
63
109
95
160
151
146
update_player_stats: SUCCESS
update_player_stats: SUCCESS
remove_team: FAILURE
get_team_points: SUCCESS, 975
update_player_stats: SUCCESS
remove_team: FAILURE
get_team_points: SUCCESS, 4102
knockout_winner: SUCCESS, 4
knockout_winner: INVALID_INPUT
knockout_winner: INVALID_INPUT
knockout_winner: FAILURE
knockout_winner: INVALID_INPUT
get_team_points: SUCCESS, 25229
unite_teams: SUCCESS
update_player_stats: SUCCESS
get_num_played_games: SUCCESS, 5992
get_top_scorer: SUCCESS, 3
get_all_players: SUCCESS
166
1
131
38
178
174
32
152
134
102
88
80
99
14
75
98
145
63
109
95
160
151
146
get_team_points: SUCCESS, 10954
get_closest_player: SUCCESS, 166
add_player: FAILURE
remove_player: SUCCESS
get_all_players: SUCCESS
137
136
124
13
172
10
101
92
200
get_top_scorer: SUCCESS, 127
remove_player: SUCCESS
get_all_players_count: SUCCESS, 10
get_all_players_count: SUCCESS, 30
get_closest_player: SUCCESS, 66
get_team_points: SUCCESS, 10954
add_player: FAILURE
unite_teams: INVALID_INPUT
remove_player: SUCCESS
update_player_stats: SUCCESS
add_player: FAILURE
get_all_players: SUCCESS
192
122
112
94
194
69
67
154
19
78
get_all_players_count: SUCCESS, 3
get_top_scorer: SUCCESS, 72
add_team: FAILURE
get_top_scorer: SUCCESS, 37
play_match: FAILURE
play_match: FAILURE
get_top_scorer: SUCCESS, 200
get_num_played_games: SUCCESS, 4618
add_player: FAILURE
add_team: FAILURE
knockout_winner: SUCCESS, 12
knockout_winner: SUCCESS, 4
knockout_winner: SUCCESS, 4
knockout_winner: SUCCESS, 12
knockout_winner: INVALID_INPUT
get_num_played_games: SUCCESS, 10475
remove_player: SUCCESS
get_num_played_games: SUCCESS, 971
add_team: FAILURE
get_num_played_games: SUCCESS, 4987
get_num_played_games: SUCCESS, 971
knockout_winner: SUCCESS, 12
knockout_winner: SUCCESS, 12
knockout_winner: SUCCESS, 12
knockout_winner: FAILURE
knockout_winner: INVALID_INPUT
update_player_stats: SUCCESS
unite_teams: FAILURE
remove_player: SUCCESS
get_team_points: SUCCESS, 11917
play_match: INVALID_INPUT
play_match: FAILURE
play_match: FAILURE
knockout_winner: FAILURE
knockout_winner: INVALID_INPUT
knockout_winner: INVALID_INPUT
knockout_winner: FAILURE
knockout_winner: INVALID_INPUT
unite_teams: FAILURE
add_team: FAILURE
get_num_played_games: SUCCESS, 41125
add_player: FAILURE
play_match: FAILURE
get_top_scorer: SUCCESS, 78
update_player_stats: SUCCESS
update_player_stats: SUCCESS
add_team: FAILURE
get_all_players: SUCCESS
57
176
64
118
11
175
158
get_closest_player: SUCCESS, 178
get_all_players: SUCCESS
136
13
172
10
124
101
92
200
update_player_stats: SUCCESS
play_match: SUCCESS
remove_team: FAILURE
get_team_points: SUCCESS, 6615
knockout_winner: SUCCESS, 12
knockout_winner: SUCCESS, 4
knockout_winner: SUCCESS, 4
knockout_winner: SUCCESS, 12
knockout_winner: INVALID_INPUT
get_all_players_count: SUCCESS, 7
unite_teams: INVALID_INPUT
add_player: FAILURE
remove_team: FAILURE
unite_teams: FAILURE
get_num_played_games: SUCCESS, 9318
get_all_players_count: SUCCESS, 8
knockout_winner: INVALID_INPUT
knockout_winner: SUCCESS, 12
knockout_winner: INVALID_INPUT
knockout_winner: INVALID_INPUT
knockout_winner: INVALID_INPUT
get_closest_player: SUCCESS, 33
get_top_scorer: SUCCESS, 146
get_closest_player: SUCCESS, 75
remove_player: SUCCESS
get_closest_player: SUCCESS, 67
unite_teams: FAILURE
remove_player: SUCCESS
get_num_played_games: SUCCESS, 6915
add_team: FAILURE
get_team_points: SUCCESS, 4102
get_top_scorer: SUCCESS, 40
get_num_played_games: SUCCESS, 16707
get_all_players_count: SUCCESS, 7
get_closest_player: SUCCESS, 40
get_top_scorer: SUCCESS, 37
get_closest_player: SUCCESS, 63
update_player_stats: SUCCESS
remove_team: FAILURE
get_top_scorer: SUCCESS, 162
get_closest_player: SUCCESS, 118
add_team: FAILURE
add_player: FAILURE
unite_teams: FAILURE
play_match: FAILURE
update_player_stats: SUCCESS
play_match: SUCCESS
play_match: FAILURE
add_team: FAILURE
add_team: FAILURE
get_num_played_games: SUCCESS, 326
get_num_played_games: SUCCESS, 9897
get_all_players: SUCCESS
166
1
131
38
178
174
32
152
134
102
88
99
14
75
98
145
63
109
95
80
160
151
146
get_all_players: SUCCESS
188
85
114
play_match: FAILURE
get_num_played_games: SUCCESS, 18594
remove_player: SUCCESS
get_team_points: SUCCESS, 9433
get_top_scorer: SUCCESS, 60
get_num_played_games: SUCCESS, 3216
get_num_played_games: SUCCESS, 687
get_all_players: SUCCESS
188
85
114
remove_team: FAILURE
get_closest_player: SUCCESS, 161
get_all_players: SUCCESS
173
33
61
52
53
39
40
knockout_winner: INVALID_INPUT
knockout_winner: INVALID_INPUT
knockout_winner: INVALID_INPUT
knockout_winner: INVALID_INPUT
knockout_winner: INVALID_INPUT
add_team: FAILURE
unite_teams: FAILURE
remove_player: SUCCESS
remove_player: SUCCESS
remove_player: SUCCESS
remove_player: SUCCESS
remove_player: SUCCESS
remove_player: SUCCESS
remove_player: SUCCESS
remove_player: SUCCESS
remove_player: SUCCESS
remove_player: SUCCESS
remove_player: SUCCESS
remove_player: SUCCESS
remove_player: SUCCESS
remove_player: SUCCESS
remove_player: SUCCESS
remove_player: SUCCESS
remove_player: SUCCESS
remove_player: SUCCESS
remove_player: SUCCESS
remove_player: SUCCESS
remove_player: SUCCESS
remove_player: SUCCESS
remove_player: SUCCESS
remove_player: SUCCESS
remove_player: SUCCESS
remove_player: SUCCESS
remove_player: SUCCESS
remove_player: SUCCESS
remove_player: SUCCESS
remove_player: SUCCESS
remove_player: SUCCESS
remove_player: SUCCESS
remove_player: SUCCESS
remove_player: SUCCESS
remove_player: SUCCESS
remove_player: SUCCESS
remove_player: SUCCESS
remove_player: SUCCESS
remove_player: SUCCESS
remove_player: SUCCESS
remove_player: SUCCESS
remove_player: SUCCESS
remove_player: SUCCESS
remove_player: SUCCESS
remove_player: SUCCESS
remove_player: SUCCESS
remove_player: SUCCESS
remove_player: SUCCESS
remove_player: SUCCESS
remove_player: SUCCESS
remove_player: SUCCESS
remove_player: SUCCESS
remove_player: SUCCESS
remove_player: SUCCESS
remove_player: SUCCESS
remove_player: SUCCESS
remove_player: SUCCESS
remove_player: SUCCESS
remove_player: SUCCESS
remove_player: SUCCESS
remove_player: SUCCESS
remove_player: SUCCESS
remove_player: SUCCESS
remove_player: SUCCESS
remove_player: SUCCESS
remove_player: SUCCESS
remove_player: SUCCESS
remove_player: SUCCESS
remove_player: SUCCESS
remove_player: SUCCESS
remove_player: SUCCESS
remove_player: SUCCESS
remove_player: SUCCESS
remove_player: SUCCESS
remove_player: SUCCESS
remove_player: SUCCESS
remove_player: SUCCESS
remove_player: SUCCESS
remove_player: SUCCESS
remove_player: SUCCESS
remove_player: SUCCESS
remove_player: SUCCESS
remove_player: SUCCESS
remove_player: SUCCESS
remove_player: SUCCESS
remove_player: SUCCESS
remove_player: SUCCESS
remove_player: SUCCESS
remove_player: SUCCESS
remove_player: SUCCESS
remove_player: SUCCESS
remove_player: SUCCESS
remove_player: SUCCESS
remove_player: SUCCESS
remove_player: SUCCESS
remove_player: SUCCESS
remove_player: SUCCESS
remove_player: SUCCESS
remove_player: SUCCESS
remove_player: SUCCESS
remove_player: SUCCESS
remove_player: SUCCESS
remove_player: SUCCESS
remove_player: SUCCESS
remove_player: SUCCESS
remove_player: SUCCESS
remove_player: SUCCESS
remove_player: SUCCESS
remove_player: SUCCESS
remove_player: SUCCESS
remove_player: SUCCESS
remove_player: SUCCESS
remove_player: SUCCESS
remove_player: SUCCESS
remove_player: SUCCESS
remove_player: SUCCESS
remove_player: SUCCESS
remove_player: SUCCESS
remove_player: SUCCESS
remove_player: SUCCESS
remove_player: SUCCESS
remove_player: SUCCESS
remove_player: SUCCESS
remove_player: SUCCESS
remove_player: SUCCESS
remove_player: SUCCESS
remove_player: SUCCESS
remove_player: SUCCESS
remove_player: SUCCESS
remove_player: SUCCESS
remove_player: SUCCESS
remove_player: SUCCESS
remove_player: SUCCESS
remove_player: SUCCESS
remove_player: SUCCESS
remove_player: SUCCESS
remove_player: SUCCESS
remove_player: SUCCESS
remove_team: SUCCESS
remove_team: SUCCESS
remove_team: SUCCESS
remove_team: SUCCESS
remove_team: SUCCESS
remove_team: SUCCESS
remove_team: SUCCESS
remove_team: SUCCESS
remove_team: SUCCESS
remove_team: SUCCESS
remove_team: SUCCESS
