add_team: SUCCESS
add_team: SUCCESS
add_team: SUCCESS
add_team: SUCCESS
add_team: SUCCESS
add_team: SUCCESS
add_team: SUCCESS
add_team: SUCCESS
add_team: SUCCESS
add_team: SUCCESS
add_team: SUCCESS
add_team: SUCCESS
add_team: SUCCESS
add_team: SUCCESS
add_team: SUCCESS
add_team: SUCCESS
add_team: SUCCESS
add_team: SUCCESS
add_team: SUCCESS
add_team: SUCCESS
add_player: SUCCESS
add_player: SUCCESS
add_player: SUCCESS
add_player: SUCCESS
add_player: SUCCESS
add_player: SUCCESS
add_player: SUCCESS
add_player: SUCCESS
add_player: SUCCESS
add_player: SUCCESS
add_player: SUCCESS
add_player: SUCCESS
add_player: SUCCESS
add_player: SUCCESS
add_player: SUCCESS
add_player: SUCCESS
add_player: SUCCESS
add_player: SUCCESS
add_player: SUCCESS
add_player: SUCCESS
add_player: SUCCESS
add_player: SUCCESS
add_player: SUCCESS
add_player: SUCCESS
add_player: SUCCESS
add_player: SUCCESS
add_player: SUCCESS
add_player: SUCCESS
add_player: SUCCESS
add_player: SUCCESS
add_player: SUCCESS
add_player: SUCCESS
add_player: SUCCESS
add_player: SUCCESS
add_player: SUCCESS
add_player: SUCCESS
add_player: SUCCESS
add_player: SUCCESS
add_player: SUCCESS
add_player: SUCCESS
add_player: SUCCESS
add_player: SUCCESS
add_player: SUCCESS
add_player: SUCCESS
add_player: SUCCESS
add_player: SUCCESS
add_player: SUCCESS
add_player: SUCCESS
add_player: SUCCESS
add_player: SUCCESS
add_player: SUCCESS
add_player: SUCCESS
add_player: SUCCESS
add_player: SUCCESS
add_player: SUCCESS
add_player: SUCCESS
add_player: SUCCESS
add_player: SUCCESS
add_player: SUCCESS
add_player: SUCCESS
add_player: SUCCESS
add_player: SUCCESS
add_player: SUCCESS
add_player: SUCCESS
add_player: SUCCESS
add_player: SUCCESS
add_player: SUCCESS
add_player: SUCCESS
add_player: SUCCESS
add_player: SUCCESS
add_player: SUCCESS
add_player: SUCCESS
add_player: SUCCESS
add_player: SUCCESS
add_player: SUCCESS
add_player: SUCCESS
add_player: SUCCESS
add_player: SUCCESS
add_player: SUCCESS
add_player: SUCCESS
add_player: SUCCESS
add_player: SUCCESS
add_player: SUCCESS
add_player: SUCCESS
add_player: SUCCESS
add_player: SUCCESS
add_player: SUCCESS
add_player: SUCCESS
add_player: SUCCESS
add_player: SUCCESS
add_player: SUCCESS
add_player: SUCCESS
add_player: SUCCESS
add_player: SUCCESS
add_player: SUCCESS
add_player: SUCCESS
add_player: SUCCESS
add_player: SUCCESS
add_player: SUCCESS
add_player: SUCCESS
add_player: SUCCESS
add_player: SUCCESS
add_player: SUCCESS
add_player: SUCCESS
add_player: SUCCESS
add_player: SUCCESS
add_player: SUCCESS
add_player: SUCCESS
add_player: SUCCESS
add_player: SUCCESS
add_player: SUCCESS
add_player: SUCCESS
add_player: SUCCESS
add_player: SUCCESS
add_player: SUCCESS
add_player: SUCCESS
add_player: SUCCESS
add_player: SUCCESS
add_player: SUCCESS
add_player: SUCCESS
add_player: SUCCESS
add_player: SUCCESS
add_player: SUCCESS
add_player: SUCCESS
add_player: SUCCESS
add_player: SUCCESS
add_player: SUCCESS
add_player: SUCCESS
add_player: SUCCESS
add_player: SUCCESS
add_player: SUCCESS
add_player: SUCCESS
add_player: SUCCESS
add_player: SUCCESS
add_player: SUCCESS
add_player: SUCCESS
add_player: SUCCESS
add_player: SUCCESS
add_player: SUCCESS
add_player: SUCCESS
add_player: SUCCESS
add_player: SUCCESS
add_player: SUCCESS
add_player: SUCCESS
add_player: SUCCESS
add_player: SUCCESS
add_player: SUCCESS
add_player: SUCCESS
add_player: SUCCESS
add_player: SUCCESS
add_player: SUCCESS
add_player: SUCCESS
add_player: SUCCESS
add_player: SUCCESS
add_player: SUCCESS
add_player: SUCCESS
add_player: SUCCESS
add_player: SUCCESS
add_player: SUCCESS
add_player: SUCCESS
add_player: SUCCESS
add_player: SUCCESS
add_player: SUCCESS
add_player: SUCCESS
add_player: SUCCESS
add_player: SUCCESS
add_player: SUCCESS
add_player: SUCCESS
add_player: SUCCESS
add_player: SUCCESS
add_player: SUCCESS
add_player: SUCCESS
add_player: SUCCESS
add_player: SUCCESS
add_player: SUCCESS
add_player: SUCCESS
add_player: SUCCESS
add_player: SUCCESS
add_player: SUCCESS
add_player: SUCCESS
add_player: SUCCESS
add_player: SUCCESS
add_player: SUCCESS
add_player: SUCCESS
add_player: SUCCESS
add_player: SUCCESS
add_player: SUCCESS
add_player: SUCCESS
add_player: SUCCESS
add_player: SUCCESS
add_player: SUCCESS
add_player: SUCCESS
add_player: SUCCESS
add_player: SUCCESS
add_player: SUCCESS
add_player: SUCCESS
add_player: SUCCESS
add_player: SUCCESS
add_player: SUCCESS
add_player: SUCCESS
add_team: FAILURE
knockout_winner: SUCCESS, 18
knockout_winner: SUCCESS, 15
knockout_winner: FAILURE
knockout_winner: FAILURE
knockout_winner: INVALID_INPUT
play_match: FAILURE
get_top_scorer: SUCCESS, 76
knockout_winner: SUCCESS, 15
knockout_winner: SUCCESS, 15
knockout_winner: SUCCESS, 10
knockout_winner: SUCCESS, 20
knockout_winner: INVALID_INPUT
remove_team: FAILURE
remove_team: FAILURE
get_closest_player: SUCCESS, 119
remove_player: SUCCESS
get_num_played_games: SUCCESS, 4312
update_player_stats: SUCCESS
unite_teams: FAILURE
get_team_points: SUCCESS, 6663
get_team_points: SUCCESS, 8359
add_player: FAILURE
get_top_scorer: SUCCESS, 38
knockout_winner: SUCCESS, 6
knockout_winner: INVALID_INPUT
knockout_winner: INVALID_INPUT
knockout_winner: SUCCESS, 15
knockout_winner: SUCCESS, 10
add_player: FAILURE
unite_teams: FAILURE
unite_teams: FAILURE
get_all_players_count: SUCCESS, 13
get_closest_player: SUCCESS, 66
remove_player: SUCCESS
remove_team: FAILURE
get_num_played_games: SUCCESS, 5205
update_player_stats: SUCCESS
remove_player: SUCCESS
get_top_scorer: SUCCESS, 34
get_all_players_count: SUCCESS, 10
knockout_winner: SUCCESS, 20
knockout_winner: SUCCESS, 15
knockout_winner: SUCCESS, 15
knockout_winner: FAILURE
knockout_winner: INVALID_INPUT
knockout_winner: SUCCESS, 20
knockout_winner: SUCCESS, 15
knockout_winner: SUCCESS, 15
knockout_winner: FAILURE
knockout_winner: INVALID_INPUT
get_num_played_games: SUCCESS, 10863
unite_teams: FAILURE
remove_team: FAILURE
get_team_points: SUCCESS, 11367
get_all_players: SUCCESS
59
100
127
1
170
99
148
121
72
200
87
37
46
114
31
add_team: FAILURE
add_team: FAILURE
get_num_played_games: SUCCESS, 511
knockout_winner: SUCCESS, 6
knockout_winner: INVALID_INPUT
knockout_winner: INVALID_INPUT
knockout_winner: SUCCESS, 15
knockout_winner: INVALID_INPUT
get_num_played_games: SUCCESS, 8964
play_match: FAILURE
get_all_players: SUCCESS
152
109
28
57
86
102
147
94
150
135
knockout_winner: SUCCESS, 6
knockout_winner: INVALID_INPUT
knockout_winner: INVALID_INPUT
knockout_winner: SUCCESS, 6
knockout_winner: SUCCESS, 6
knockout_winner: SUCCESS, 6
knockout_winner: INVALID_INPUT
knockout_winner: INVALID_INPUT
knockout_winner: SUCCESS, 10
knockout_winner: INVALID_INPUT
get_all_players: SUCCESS
175
136
11
159
54
144
117
129
156
34
add_player: FAILURE
add_team: FAILURE
unite_teams: FAILURE
knockout_winner: SUCCESS, 6
knockout_winner: INVALID_INPUT
knockout_winner: INVALID_INPUT
knockout_winner: SUCCESS, 10
knockout_winner: INVALID_INPUT
get_team_points: SUCCESS, 11246
play_match: FAILURE
get_closest_player: SUCCESS, 193
unite_teams: FAILURE
get_closest_player: SUCCESS, 79
update_player_stats: SUCCESS
remove_player: SUCCESS
add_team: FAILURE
update_player_stats: SUCCESS
add_player: FAILURE
get_team_points: SUCCESS, 1373
remove_team: FAILURE
get_num_played_games: SUCCESS, 2108
get_closest_player: SUCCESS, 158
get_all_players: SUCCESS
43
4
89
115
116
56
18
42
105
33
142
193
53
add_team: FAILURE
get_all_players: SUCCESS
178
190
9
146
49
90
23
91
get_all_players_count: SUCCESS, 9
get_num_played_games: SUCCESS, 743
play_match: FAILURE
remove_player: SUCCESS
knockout_winner: SUCCESS, 10
knockout_winner: SUCCESS, 6
knockout_winner: SUCCESS, 6
knockout_winner: SUCCESS, 15
knockout_winner: INVALID_INPUT
get_team_points: SUCCESS, 12252
get_team_points: SUCCESS, 6670
update_player_stats: SUCCESS
unite_teams: SUCCESS
get_all_players_count: SUCCESS, 13
unite_teams: FAILURE
remove_player: SUCCESS
add_player: FAILURE
update_player_stats: SUCCESS
remove_team: FAILURE
get_team_points: SUCCESS, 4966
add_team: FAILURE
get_all_players_count: SUCCESS, 5
unite_teams: FAILURE
get_team_points: SUCCESS, 18913
play_match: FAILURE
add_team: FAILURE
unite_teams: FAILURE
add_player: FAILURE
get_all_players_count: SUCCESS, 8
get_top_scorer: SUCCESS, 165
get_num_played_games: SUCCESS, 5668
get_top_scorer: SUCCESS, 195
remove_team: FAILURE
knockout_winner: SUCCESS, 15
knockout_winner: SUCCESS, 15
knockout_winner: SUCCESS, 10
knockout_winner: SUCCESS, 20
knockout_winner: INVALID_INPUT
remove_team: FAILURE
add_player: FAILURE
add_player: FAILURE
remove_team: FAILURE
get_top_scorer: SUCCESS, 31
get_all_players: SUCCESS
132
103
32
157
104
125
44
get_all_players: SUCCESS
39
95
167
173
65
36
186
143
108
get_closest_player: SUCCESS, 59
add_player: FAILURE
get_all_players: SUCCESS
13
153
15
74
194
155
161
80
35
81
128
12
79
get_num_played_games: SUCCESS, 1018
remove_team: FAILURE
get_num_played_games: SUCCESS, 3773
add_team: FAILURE
remove_player: SUCCESS
update_player_stats: SUCCESS
get_closest_player: SUCCESS, 172
remove_player: SUCCESS
get_all_players: SUCCESS
78
6
138
145
2
180
197
141
71
188
77
174
update_player_stats: SUCCESS
unite_teams: FAILURE
remove_player: SUCCESS
update_player_stats: SUCCESS
get_all_players: SUCCESS
175
136
11
107
159
54
144
101
84
191
140
117
129
130
156
41
192
38
34
83
get_all_players_count: SUCCESS, 5
add_player: FAILURE
get_all_players_count: SUCCESS, 7
get_all_players_count: SUCCESS, 8
play_match: FAILURE
get_team_points: SUCCESS, 6670
remove_player: SUCCESS
update_player_stats: SUCCESS
unite_teams: FAILURE
remove_player: SUCCESS
play_match: FAILURE
add_team: FAILURE
knockout_winner: SUCCESS, 20
knockout_winner: SUCCESS, 15
knockout_winner: SUCCESS, 15
knockout_winner: FAILURE
knockout_winner: INVALID_INPUT
get_top_scorer: SUCCESS, 83
get_all_players_count: SUCCESS, 14
get_all_players_count: SUCCESS, 8
remove_team: FAILURE
get_team_points: SUCCESS, 18913
get_all_players: SUCCESS
123
61
113
119
106
184
50
165
add_team: FAILURE
get_closest_player: SUCCESS, 33
knockout_winner: SUCCESS, 6
knockout_winner: INVALID_INPUT
knockout_winner: INVALID_INPUT
knockout_winner: SUCCESS, 15
knockout_winner: SUCCESS, 10
unite_teams: INVALID_INPUT
remove_team: FAILURE
play_match: SUCCESS
add_player: FAILURE
remove_team: FAILURE
play_match: FAILURE
knockout_winner: SUCCESS, 15
knockout_winner: SUCCESS, 15
knockout_winner: SUCCESS, 7
knockout_winner: SUCCESS, 20
knockout_winner: INVALID_INPUT
play_match: FAILURE
get_team_points: SUCCESS, 194
add_player: FAILURE
get_team_points: SUCCESS, 2861
knockout_winner: SUCCESS, 6
knockout_winner: INVALID_INPUT
knockout_winner: INVALID_INPUT
knockout_winner: SUCCESS, 6
knockout_winner: INVALID_INPUT
get_team_points: SUCCESS, 194
remove_team: FAILURE
remove_player: SUCCESS
get_closest_player: SUCCESS, 175
knockout_winner: SUCCESS, 10
knockout_winner: SUCCESS, 6
knockout_winner: FAILURE
knockout_winner: SUCCESS, 15
knockout_winner: INVALID_INPUT
knockout_winner: SUCCESS, 10
knockout_winner: SUCCESS, 6
knockout_winner: SUCCESS, 6
knockout_winner: SUCCESS, 15
knockout_winner: INVALID_INPUT
add_team: FAILURE
knockout_winner: SUCCESS, 6
knockout_winner: SUCCESS, 6
knockout_winner: SUCCESS, 6
knockout_winner: SUCCESS, 15
knockout_winner: INVALID_INPUT
update_player_stats: SUCCESS
update_player_stats: SUCCESS
remove_player: SUCCESS
unite_teams: FAILURE
knockout_winner: SUCCESS, 18
knockout_winner: SUCCESS, 15
knockout_winner: FAILURE
knockout_winner: FAILURE
knockout_winner: INVALID_INPUT
play_match: FAILURE
get_all_players_count: SUCCESS, 13
get_all_players_count: SUCCESS, 5
get_num_played_games: SUCCESS, 2141
get_num_played_games: SUCCESS, 7169
unite_teams: FAILURE
update_player_stats: SUCCESS
update_player_stats: SUCCESS
get_all_players: SUCCESS
158
171
97
17
122
195
remove_player: SUCCESS
get_all_players_count: SUCCESS, 6
get_top_scorer: SUCCESS, 179
remove_player: SUCCESS
get_all_players: SUCCESS
59
100
127
170
99
148
121
72
200
87
37
46
114
31
remove_player: SUCCESS
remove_team: FAILURE
add_player: FAILURE
remove_team: FAILURE
get_all_players_count: SUCCESS, 19
get_num_played_games: SUCCESS, 9385
get_closest_player: SUCCESS, 82
get_num_played_games: SUCCESS, 6859
unite_teams: FAILURE
knockout_winner: SUCCESS, 20
knockout_winner: SUCCESS, 15
knockout_winner: SUCCESS, 15
knockout_winner: FAILURE
knockout_winner: INVALID_INPUT
get_closest_player: SUCCESS, 169
get_top_scorer: SUCCESS, 165
remove_player: SUCCESS
remove_player: SUCCESS
get_all_players_count: SUCCESS, 5
get_all_players: SUCCESS
45
120
169
199
20
30
164
151
137
25
16
124
93
75
play_match: FAILURE
add_player: FAILURE
get_team_points: SUCCESS, 11367
get_num_played_games: SUCCESS, 10331
play_match: FAILURE
remove_player: SUCCESS
play_match: FAILURE
add_player: FAILURE
get_all_players_count: SUCCESS, 8
play_match: FAILURE
update_player_stats: SUCCESS
play_match: FAILURE
get_all_players: SUCCESS
45
120
169
199
20
30
164
151
137
25
16
124
93
75
get_closest_player: SUCCESS, 166
get_num_played_games: SUCCESS, 147
knockout_winner: SUCCESS, 15
knockout_winner: SUCCESS, 15
knockout_winner: SUCCESS, 15
knockout_winner: SUCCESS, 20
knockout_winner: INVALID_INPUT
update_player_stats: SUCCESS
get_num_played_games: SUCCESS, 10716
unite_teams: FAILURE
knockout_winner: SUCCESS, 15
knockout_winner: SUCCESS, 15
knockout_winner: SUCCESS, 7
knockout_winner: SUCCESS, 20
knockout_winner: INVALID_INPUT
add_team: FAILURE
get_all_players_count: SUCCESS, 8
remove_player: SUCCESS
get_all_players: SUCCESS
78
6
138
145
2
180
197
141
188
77
174
get_team_points: SUCCESS, 3175
get_closest_player: SUCCESS, 159
get_team_points: SUCCESS, 6856
unite_teams: FAILURE
get_all_players_count: SUCCESS, 8
play_match: FAILURE
get_team_points: SUCCESS, 6965
add_player: FAILURE
get_all_players_count: SUCCESS, 5
knockout_winner: FAILURE
knockout_winner: INVALID_INPUT
knockout_winner: INVALID_INPUT
knockout_winner: SUCCESS, 10
knockout_winner: INVALID_INPUT
remove_team: FAILURE
add_player: FAILURE
remove_team: FAILURE
update_player_stats: SUCCESS
unite_teams: FAILURE
get_closest_player: SUCCESS, 186
get_all_players: SUCCESS
158
171
97
17
122
195
knockout_winner: SUCCESS, 15
knockout_winner: SUCCESS, 6
knockout_winner: SUCCESS, 6
knockout_winner: SUCCESS, 15
knockout_winner: INVALID_INPUT
add_player: FAILURE
update_player_stats: SUCCESS
knockout_winner: SUCCESS, 20
knockout_winner: SUCCESS, 15
knockout_winner: SUCCESS, 15
knockout_winner: FAILURE
knockout_winner: INVALID_INPUT
get_top_scorer: SUCCESS, 44
get_all_players_count: SUCCESS, 12
add_player: FAILURE
update_player_stats: SUCCESS
knockout_winner: SUCCESS, 15
knockout_winner: SUCCESS, 6
knockout_winner: SUCCESS, 6
knockout_winner: SUCCESS, 15
knockout_winner: FAILURE
add_team: FAILURE
get_team_points: SUCCESS, 11619
get_team_points: SUCCESS, 1373
play_match: FAILURE
play_match: FAILURE
unite_teams: FAILURE
play_match: FAILURE
get_num_played_games: SUCCESS, 7833
remove_player: SUCCESS
get_top_scorer: SUCCESS, 168
get_closest_player: SUCCESS, 131
get_num_played_games: SUCCESS, 9422
update_player_stats: SUCCESS
get_top_scorer: SUCCESS, 168
get_all_players_count: SUCCESS, 5
knockout_winner: SUCCESS, 15
knockout_winner: SUCCESS, 6
knockout_winner: SUCCESS, 6
knockout_winner: SUCCESS, 15
knockout_winner: INVALID_INPUT
get_closest_player: SUCCESS, 79
get_all_players: SUCCESS
78
6
138
145
2
180
197
141
77
188
174
remove_player: SUCCESS
remove_team: FAILURE
add_player: FAILURE
unite_teams: FAILURE
add_player: FAILURE
get_num_played_games: SUCCESS, 3958
knockout_winner: SUCCESS, 15
knockout_winner: SUCCESS, 15
knockout_winner: SUCCESS, 15
knockout_winner: SUCCESS, 20
knockout_winner: INVALID_INPUT
add_team: FAILURE
unite_teams: FAILURE
add_player: FAILURE
update_player_stats: SUCCESS
get_top_scorer: SUCCESS, 31
get_num_played_games: SUCCESS, 11401
get_top_scorer: SUCCESS, 91
remove_team: FAILURE
get_top_scorer: SUCCESS, 172
remove_player: SUCCESS
unite_teams: FAILURE
get_num_played_games: SUCCESS, 2380
remove_player: SUCCESS
get_closest_player: SUCCESS, 152
remove_team: FAILURE
unite_teams: FAILURE
get_top_scorer: SUCCESS, 168
get_team_points: SUCCESS, 6856
get_closest_player: SUCCESS, 152
get_all_players: SUCCESS
178
9
146
49
90
23
91
get_all_players_count: SUCCESS, 7
get_closest_player: SUCCESS, 18
knockout_winner: SUCCESS, 15
knockout_winner: SUCCESS, 15
knockout_winner: SUCCESS, 10
knockout_winner: SUCCESS, 20
knockout_winner: INVALID_INPUT
unite_teams: INVALID_INPUT
add_player: FAILURE
unite_teams: FAILURE
remove_team: FAILURE
get_num_played_games: SUCCESS, 3773
get_top_scorer: SUCCESS, 44
get_num_played_games: SUCCESS, 12167
add_player: FAILURE
add_player: FAILURE
get_closest_player: SUCCESS, 88
remove_player: SUCCESS
get_closest_player: SUCCESS, 36
play_match: FAILURE
get_all_players: SUCCESS
78
6
138
145
2
180
197
141
77
188
174
get_closest_player: SUCCESS, 118
play_match: FAILURE
get_all_players_count: SUCCESS, 9
add_player: FAILURE
update_player_stats: SUCCESS
get_all_players: SUCCESS
45
120
169
199
20
30
164
151
137
25
16
124
93
75
add_team: FAILURE
update_player_stats: SUCCESS
get_all_players_count: SUCCESS, 18
unite_teams: FAILURE
get_top_scorer: SUCCESS, 27
get_top_scorer: SUCCESS, 165
get_all_players: SUCCESS
123
61
113
119
184
50
106
165
remove_player: SUCCESS
knockout_winner: INVALID_INPUT
knockout_winner: SUCCESS, 15
knockout_winner: INVALID_INPUT
knockout_winner: INVALID_INPUT
knockout_winner: INVALID_INPUT
get_top_scorer: SUCCESS, 110
remove_player: SUCCESS
get_all_players_count: SUCCESS, 6
remove_player: SUCCESS
remove_team: FAILURE
get_all_players: SUCCESS
178
9
49
90
23
91
146
update_player_stats: SUCCESS
knockout_winner: SUCCESS, 19
knockout_winner: SUCCESS, 15
knockout_winner: FAILURE
knockout_winner: FAILURE
knockout_winner: INVALID_INPUT
get_closest_player: SUCCESS, 39
unite_teams: FAILURE
get_top_scorer: SUCCESS, 110
get_team_points: SUCCESS, 2921
play_match: SUCCESS
add_team: FAILURE
get_closest_player: SUCCESS, 83
unite_teams: FAILURE
get_closest_player: SUCCESS, 155
get_top_scorer: SUCCESS, 195
unite_teams: SUCCESS
get_closest_player: SUCCESS, 62
unite_teams: FAILURE
unite_teams: FAILURE
add_player: FAILURE
get_team_points: SUCCESS, 2921
remove_team: FAILURE
add_team: FAILURE
unite_teams: FAILURE
remove_player: SUCCESS
remove_player: SUCCESS
get_closest_player: SUCCESS, 115
knockout_winner: SUCCESS, 6
knockout_winner: INVALID_INPUT
knockout_winner: INVALID_INPUT
knockout_winner: SUCCESS, 15
knockout_winner: INVALID_INPUT
get_closest_player: SUCCESS, 39
update_player_stats: SUCCESS
get_top_scorer: SUCCESS, 42
update_player_stats: SUCCESS
get_all_players: SUCCESS
45
120
169
199
20
30
164
151
137
25
16
93
75
124
get_all_players: SUCCESS
39
167
173
65
36
186
143
108
get_closest_player: SUCCESS, 18
remove_player: SUCCESS
add_team: FAILURE
get_closest_player: SUCCESS, 42
knockout_winner: SUCCESS, 6
knockout_winner: INVALID_INPUT
knockout_winner: INVALID_INPUT
knockout_winner: SUCCESS, 10
knockout_winner: INVALID_INPUT
get_all_players: SUCCESS
153
74
194
155
161
80
35
81
128
79
15
unite_teams: FAILURE
get_all_players: SUCCESS
45
120
169
199
20
30
164
151
137
25
16
93
75
124
knockout_winner: INVALID_INPUT
knockout_winner: INVALID_INPUT
knockout_winner: INVALID_INPUT
knockout_winner: INVALID_INPUT
knockout_winner: INVALID_INPUT
unite_teams: FAILURE
get_team_points: SUCCESS, 2921
update_player_stats: SUCCESS
get_all_players_count: SUCCESS, 7
get_all_players: SUCCESS
85
22
176
24
98
111
73
3
189
26
47
179
update_player_stats: SUCCESS
get_all_players_count: SUCCESS, 7
knockout_winner: INVALID_INPUT
knockout_winner: INVALID_INPUT
knockout_winner: INVALID_INPUT
knockout_winner: INVALID_INPUT
knockout_winner: INVALID_INPUT
knockout_winner: SUCCESS, 6
knockout_winner: INVALID_INPUT
knockout_winner: INVALID_INPUT
knockout_winner: SUCCESS, 6
knockout_winner: INVALID_INPUT
remove_player: SUCCESS
get_all_players_count: SUCCESS, 7
unite_teams: FAILURE
play_match: FAILURE
get_all_players_count: SUCCESS, 12
get_team_points: SUCCESS, 2934
get_top_scorer: SUCCESS, 34
get_top_scorer: SUCCESS, 172
get_closest_player: SUCCESS, 23
get_team_points: SUCCESS, 6856
unite_teams: FAILURE
remove_player: SUCCESS
remove_player: SUCCESS
unite_teams: FAILURE
get_top_scorer: SUCCESS, 124
play_match: SUCCESS
play_match: FAILURE
add_team: FAILURE
remove_team: FAILURE
get_all_players_count: SUCCESS, 5
get_all_players_count: SUCCESS, 16
get_team_points: SUCCESS, 11931
play_match: FAILURE
get_team_points: SUCCESS, 1373
add_player: FAILURE
add_player: FAILURE
get_closest_player: SUCCESS, 169
knockout_winner: SUCCESS, 15
knockout_winner: SUCCESS, 15
knockout_winner: SUCCESS, 10
knockout_winner: SUCCESS, 20
knockout_winner: INVALID_INPUT
update_player_stats: SUCCESS
knockout_winner: SUCCESS, 20
knockout_winner: SUCCESS, 15
knockout_winner: SUCCESS, 15
knockout_winner: FAILURE
knockout_winner: INVALID_INPUT
unite_teams: SUCCESS
add_player: FAILURE
update_player_stats: SUCCESS
get_closest_player: SUCCESS, 66
get_top_scorer: SUCCESS, 15
knockout_winner: SUCCESS, 20
knockout_winner: SUCCESS, 20
knockout_winner: SUCCESS, 15
knockout_winner: SUCCESS, 20
knockout_winner: INVALID_INPUT
get_top_scorer: SUCCESS, 168
get_num_played_games: SUCCESS, 9821
get_all_players_count: SUCCESS, 7
get_team_points: SUCCESS, 6856
get_num_played_games: SUCCESS, 7833
get_top_scorer: SUCCESS, 18
knockout_winner: SUCCESS, 15
knockout_winner: SUCCESS, 20
knockout_winner: SUCCESS, 6
knockout_winner: SUCCESS, 20
knockout_winner: INVALID_INPUT
get_num_played_games: SUCCESS, 3294
add_player: FAILURE
update_player_stats: SUCCESS
get_all_players: SUCCESS
158
97
17
122
171
195
play_match: FAILURE
get_closest_player: SUCCESS, 24
unite_teams: FAILURE
add_player: FAILURE
get_num_played_games: SUCCESS, 12167
get_closest_player: SUCCESS, 139
get_closest_player: SUCCESS, 49
add_player: FAILURE
play_match: FAILURE
knockout_winner: SUCCESS, 2
knockout_winner: INVALID_INPUT
knockout_winner: INVALID_INPUT
knockout_winner: SUCCESS, 7
knockout_winner: INVALID_INPUT
knockout_winner: SUCCESS, 6
knockout_winner: SUCCESS, 15
knockout_winner: SUCCESS, 6
knockout_winner: SUCCESS, 15
knockout_winner: INVALID_INPUT
update_player_stats: SUCCESS
remove_player: SUCCESS
remove_player: SUCCESS
update_player_stats: SUCCESS
remove_team: FAILURE
play_match: FAILURE
get_top_scorer: SUCCESS, 150
add_team: FAILURE
add_team: FAILURE
update_player_stats: SUCCESS
unite_teams: INVALID_INPUT
remove_team: FAILURE
get_top_scorer: SUCCESS, 117
get_closest_player: SUCCESS, 194
update_player_stats: SUCCESS
remove_team: FAILURE
get_team_points: SUCCESS, 2934
get_all_players_count: SUCCESS, 6
remove_team: FAILURE
play_match: FAILURE
play_match: FAILURE
get_all_players_count: SUCCESS, 7
play_match: INVALID_INPUT
play_match: FAILURE
get_team_points: SUCCESS, 11367
knockout_winner: SUCCESS, 20
knockout_winner: INVALID_INPUT
knockout_winner: INVALID_INPUT
knockout_winner: SUCCESS, 20
knockout_winner: SUCCESS, 15
unite_teams: FAILURE
remove_team: FAILURE
get_all_players: SUCCESS
43
4
100
127
89
115
116
170
99
148
105
72
200
56
33
142
87
37
46
114
53
31
42
18
remove_team: FAILURE
play_match: FAILURE
play_match: FAILURE
play_match: FAILURE
get_num_played_games: SUCCESS, 2768
remove_player: SUCCESS
unite_teams: FAILURE
get_all_players: SUCCESS
43
4
100
127
89
115
116
170
99
148
105
72
200
56
33
142
87
37
46
114
53
31
42
18
update_player_stats: SUCCESS
get_closest_player: SUCCESS, 80
add_player: FAILURE
add_player: FAILURE
add_player: FAILURE
get_num_played_games: SUCCESS, 5425
knockout_winner: SUCCESS, 6
knockout_winner: INVALID_INPUT
knockout_winner: INVALID_INPUT
knockout_winner: FAILURE
knockout_winner: INVALID_INPUT
get_all_players_count: SUCCESS, 8
update_player_stats: SUCCESS
get_all_players_count: SUCCESS, 24
add_team: FAILURE
add_team: FAILURE
add_team: FAILURE
get_top_scorer: SUCCESS, 165
knockout_winner: INVALID_INPUT
knockout_winner: SUCCESS, 6
knockout_winner: INVALID_INPUT
knockout_winner: INVALID_INPUT
knockout_winner: INVALID_INPUT
add_team: FAILURE
add_team: FAILURE
add_team: FAILURE
get_all_players_count: SUCCESS, 7
get_num_played_games: SUCCESS, 18244
update_player_stats: SUCCESS
add_player: FAILURE
update_player_stats: SUCCESS
play_match: FAILURE
get_top_scorer: SUCCESS, 5
remove_player: SUCCESS
add_player: FAILURE
add_team: FAILURE
add_team: FAILURE
get_all_players_count: SUCCESS, 5
update_player_stats: SUCCESS
get_top_scorer: SUCCESS, 18
add_player: FAILURE
get_all_players: SUCCESS
45
120
169
20
30
151
137
25
16
93
75
199
124
knockout_winner: SUCCESS, 15
knockout_winner: SUCCESS, 15
knockout_winner: FAILURE
knockout_winner: SUCCESS, 20
knockout_winner: INVALID_INPUT
get_all_players_count: SUCCESS, 6
add_team: FAILURE
get_all_players_count: SUCCESS, 7
update_player_stats: SUCCESS
get_closest_player: SUCCESS, 191
add_player: FAILURE
get_num_played_games: SUCCESS, 12339
add_player: FAILURE
get_top_scorer: SUCCESS, 180
get_top_scorer: SUCCESS, 165
get_num_played_games: SUCCESS, 1847
play_match: FAILURE
get_all_players: SUCCESS
123
61
113
119
184
50
165
get_all_players_count: SUCCESS, 15
add_team: FAILURE
knockout_winner: SUCCESS, 19
knockout_winner: SUCCESS, 15
knockout_winner: FAILURE
knockout_winner: FAILURE
knockout_winner: INVALID_INPUT
get_all_players: SUCCESS
178
9
49
90
23
91
146
remove_team: FAILURE
get_team_points: SUCCESS, 5478
get_top_scorer: SUCCESS, 180
unite_teams: FAILURE
play_match: FAILURE
knockout_winner: SUCCESS, 15
knockout_winner: SUCCESS, 15
knockout_winner: SUCCESS, 6
knockout_winner: SUCCESS, 15
knockout_winner: FAILURE
remove_team: FAILURE
add_player: FAILURE
get_all_players_count: SUCCESS, 8
get_top_scorer: SUCCESS, 165
get_all_players_count: SUCCESS, 10
get_all_players_count: SUCCESS, 8
knockout_winner: SUCCESS, 20
knockout_winner: SUCCESS, 15
knockout_winner: SUCCESS, 15
knockout_winner: FAILURE
knockout_winner: INVALID_INPUT
remove_player: SUCCESS
add_player: FAILURE
get_team_points: SUCCESS, 194
remove_player: SUCCESS
get_all_players_count: SUCCESS, 7
remove_team: FAILURE
get_num_played_games: SUCCESS, 793
unite_teams: FAILURE
get_num_played_games: SUCCESS, 8774
add_team: FAILURE
knockout_winner: SUCCESS, 19
knockout_winner: SUCCESS, 15
knockout_winner: FAILURE
knockout_winner: FAILURE
knockout_winner: INVALID_INPUT
get_all_players: SUCCESS
178
9
49
90
23
146
get_top_scorer: SUCCESS, 108
get_all_players_count: SUCCESS, 12
add_player: FAILURE
get_team_points: SUCCESS, 6856
play_match: FAILURE
update_player_stats: SUCCESS
update_player_stats: SUCCESS
get_all_players_count: SUCCESS, 3
get_closest_player: SUCCESS, 115
get_closest_player: SUCCESS, 75
add_team: FAILURE
update_player_stats: SUCCESS
get_num_played_games: SUCCESS, 9107
unite_teams: FAILURE
knockout_winner: SUCCESS, 15
knockout_winner: SUCCESS, 15
knockout_winner: SUCCESS, 6
knockout_winner: SUCCESS, 15
knockout_winner: FAILURE
remove_team: FAILURE
get_closest_player: SUCCESS, 157
remove_team: FAILURE
remove_team: FAILURE
unite_teams: FAILURE
knockout_winner: SUCCESS, 15
knockout_winner: SUCCESS, 15
knockout_winner: SUCCESS, 6
knockout_winner: SUCCESS, 15
knockout_winner: INVALID_INPUT
add_player: FAILURE
get_all_players: SUCCESS
158
97
17
122
171
195
get_team_points: SUCCESS, 7607
get_all_players: SUCCESS
123
61
113
119
184
50
165
get_closest_player: SUCCESS, 85
get_all_players: SUCCESS
8
187
64
92
131
76
172
update_player_stats: SUCCESS
get_top_scorer: SUCCESS, 15
knockout_winner: SUCCESS, 15
knockout_winner: SUCCESS, 15
knockout_winner: SUCCESS, 6
knockout_winner: SUCCESS, 15
knockout_winner: INVALID_INPUT
knockout_winner: INVALID_INPUT
knockout_winner: INVALID_INPUT
knockout_winner: INVALID_INPUT
knockout_winner: INVALID_INPUT
knockout_winner: INVALID_INPUT
get_all_players: SUCCESS
123
61
113
119
184
50
165
add_player: FAILURE
update_player_stats: SUCCESS
get_top_scorer: SUCCESS, 5
get_all_players: SUCCESS
39
167
173
65
36
186
143
108
add_team: FAILURE
knockout_winner: SUCCESS, 6
knockout_winner: INVALID_INPUT
knockout_winner: INVALID_INPUT
knockout_winner: SUCCESS, 6
knockout_winner: INVALID_INPUT
get_top_scorer: SUCCESS, 18
knockout_winner: SUCCESS, 19
knockout_winner: SUCCESS, 15
knockout_winner: FAILURE
knockout_winner: FAILURE
knockout_winner: INVALID_INPUT
update_player_stats: SUCCESS
get_team_points: SUCCESS, 2934
remove_player: SUCCESS
get_all_players_count: SUCCESS, 10
remove_team: FAILURE
play_match: FAILURE
get_all_players: SUCCESS
123
61
113
119
184
50
165
get_all_players: SUCCESS
158
17
122
97
171
195
get_top_scorer: SUCCESS, 150
get_closest_player: SUCCESS, 119
unite_teams: FAILURE
knockout_winner: SUCCESS, 6
knockout_winner: SUCCESS, 6
knockout_winner: SUCCESS, 2
knockout_winner: FAILURE
knockout_winner: INVALID_INPUT
add_team: FAILURE
get_num_played_games: SUCCESS, 11401
update_player_stats: SUCCESS
remove_team: FAILURE
add_player: FAILURE
unite_teams: FAILURE
remove_team: FAILURE
knockout_winner: SUCCESS, 20
knockout_winner: INVALID_INPUT
knockout_winner: INVALID_INPUT
knockout_winner: SUCCESS, 20
knockout_winner: SUCCESS, 15
get_all_players_count: SUCCESS, 5
update_player_stats: SUCCESS
play_match: FAILURE
get_all_players_count: SUCCESS, 5
get_all_players: SUCCESS
107
144
84
191
140
129
130
156
136
41
38
175
101
34
117
get_closest_player: SUCCESS, 140
get_closest_player: SUCCESS, 24
get_all_players: SUCCESS
158
17
122
97
171
195
get_top_scorer: SUCCESS, 110
get_num_played_games: SUCCESS, 7727
unite_teams: FAILURE
get_closest_player: SUCCESS, 16
update_player_stats: SUCCESS
get_top_scorer: SUCCESS, 124
get_num_played_games: SUCCESS, 4312
get_team_points: SUCCESS, 2934
play_match: INVALID_INPUT
update_player_stats: SUCCESS
knockout_winner: FAILURE
knockout_winner: SUCCESS, 15
knockout_winner: FAILURE
knockout_winner: SUCCESS, 19
knockout_winner: INVALID_INPUT
unite_teams: FAILURE
unite_teams: FAILURE
update_player_stats: SUCCESS
get_num_played_games: SUCCESS, 3861
add_team: FAILURE
remove_team: FAILURE
remove_player: SUCCESS
get_top_scorer: SUCCESS, 18
remove_team: FAILURE
update_player_stats: SUCCESS
get_num_played_games: SUCCESS, 12327
update_player_stats: SUCCESS
remove_team: FAILURE
get_all_players: SUCCESS
74
194
155
161
80
35
153
128
79
15
play_match: FAILURE
remove_player: SUCCESS
get_num_played_games: SUCCESS, 7321
get_top_scorer: SUCCESS, 15
remove_team: FAILURE
get_closest_player: SUCCESS, 119
play_match: FAILURE
get_top_scorer: SUCCESS, 180
remove_team: FAILURE
get_all_players: SUCCESS
183
66
149
69
82
177
160
133
126
67
14
58
27
get_closest_player: SUCCESS, 124
get_top_scorer: SUCCESS, 181
get_top_scorer: SUCCESS, 189
update_player_stats: SUCCESS
remove_team: FAILURE
add_team: FAILURE
remove_team: FAILURE
remove_player: SUCCESS
update_player_stats: SUCCESS
knockout_winner: SUCCESS, 6
knockout_winner: SUCCESS, 20
knockout_winner: SUCCESS, 6
knockout_winner: SUCCESS, 20
knockout_winner: FAILURE
unite_teams: SUCCESS
get_all_players_count: SUCCESS, 5
remove_team: FAILURE
remove_team: FAILURE
knockout_winner: SUCCESS, 6
knockout_winner: INVALID_INPUT
knockout_winner: INVALID_INPUT
knockout_winner: SUCCESS, 6
knockout_winner: SUCCESS, 6
get_all_players_count: SUCCESS, 13
add_team: FAILURE
play_match: FAILURE
remove_team: FAILURE
get_closest_player: SUCCESS, 155
unite_teams: FAILURE
get_team_points: SUCCESS, 194
get_closest_player: SUCCESS, 142
add_player: FAILURE
get_all_players: SUCCESS
74
194
155
161
80
35
153
128
79
15
get_team_points: SUCCESS, 8948
knockout_winner: SUCCESS, 9
knockout_winner: SUCCESS, 6
knockout_winner: FAILURE
knockout_winner: FAILURE
knockout_winner: INVALID_INPUT
knockout_winner: SUCCESS, 9
knockout_winner: SUCCESS, 6
knockout_winner: SUCCESS, 2
knockout_winner: FAILURE
knockout_winner: INVALID_INPUT
get_num_played_games: SUCCESS, 12010
get_team_points: SUCCESS, 7607
update_player_stats: SUCCESS
get_all_players_count: SUCCESS, 5
get_all_players: SUCCESS
39
167
173
65
36
186
143
108
update_player_stats: SUCCESS
knockout_winner: SUCCESS, 20
knockout_winner: INVALID_INPUT
knockout_winner: INVALID_INPUT
knockout_winner: SUCCESS, 20
knockout_winner: SUCCESS, 9
get_closest_player: SUCCESS, 53
get_closest_player: SUCCESS, 130
remove_player: SUCCESS
unite_teams: FAILURE
get_closest_player: SUCCESS, 137
remove_team: FAILURE
add_player: FAILURE
add_player: FAILURE
remove_player: SUCCESS
get_all_players: SUCCESS
88
139
63
118
5
play_match: SUCCESS
get_team_points: SUCCESS, 8389
knockout_winner: SUCCESS, 20
knockout_winner: SUCCESS, 20
knockout_winner: SUCCESS, 15
knockout_winner: FAILURE
knockout_winner: INVALID_INPUT
get_closest_player: SUCCESS, 111
update_player_stats: SUCCESS
knockout_winner: INVALID_INPUT
knockout_winner: FAILURE
knockout_winner: INVALID_INPUT
knockout_winner: INVALID_INPUT
knockout_winner: INVALID_INPUT
unite_teams: FAILURE
unite_teams: FAILURE
update_player_stats: SUCCESS
get_num_played_games: SUCCESS, 12168
unite_teams: FAILURE
unite_teams: INVALID_INPUT
add_player: FAILURE
play_match: FAILURE
update_player_stats: SUCCESS
unite_teams: FAILURE
knockout_winner: SUCCESS, 15
knockout_winner: SUCCESS, 20
knockout_winner: SUCCESS, 9
knockout_winner: SUCCESS, 20
knockout_winner: INVALID_INPUT
update_player_stats: SUCCESS
get_all_players_count: SUCCESS, 12
get_num_played_games: SUCCESS, 2464
knockout_winner: SUCCESS, 9
knockout_winner: SUCCESS, 6
knockout_winner: FAILURE
knockout_winner: FAILURE
knockout_winner: INVALID_INPUT
get_num_played_games: SUCCESS, 10222
add_player: FAILURE
play_match: INVALID_INPUT
add_team: FAILURE
knockout_winner: FAILURE
knockout_winner: SUCCESS, 6
knockout_winner: SUCCESS, 6
knockout_winner: SUCCESS, 19
knockout_winner: INVALID_INPUT
get_closest_player: SUCCESS, 155
get_all_players: SUCCESS
183
66
149
69
82
177
133
126
67
14
58
27
160
get_closest_player: SUCCESS, 146
add_player: FAILURE
get_team_points: SUCCESS, 7607
knockout_winner: SUCCESS, 6
knockout_winner: INVALID_INPUT
knockout_winner: INVALID_INPUT
knockout_winner: SUCCESS, 9
knockout_winner: INVALID_INPUT
play_match: FAILURE
add_player: FAILURE
add_player: FAILURE
add_team: FAILURE
get_num_played_games: SUCCESS, 8775
add_player: FAILURE
get_team_points: SUCCESS, 18922
add_team: FAILURE
unite_teams: FAILURE
get_all_players_count: SUCCESS, 10
play_match: FAILURE
add_team: FAILURE
get_closest_player: SUCCESS, 97
get_all_players_count: SUCCESS, 11
update_player_stats: SUCCESS
play_match: FAILURE
play_match: FAILURE
get_all_players: SUCCESS
45
30
137
16
120
93
75
151
169
20
199
124
get_team_points: SUCCESS, 7607
knockout_winner: SUCCESS, 9
knockout_winner: SUCCESS, 6
knockout_winner: FAILURE
knockout_winner: FAILURE
knockout_winner: INVALID_INPUT
unite_teams: FAILURE
knockout_winner: INVALID_INPUT
knockout_winner: INVALID_INPUT
knockout_winner: INVALID_INPUT
knockout_winner: INVALID_INPUT
knockout_winner: INVALID_INPUT
remove_player: SUCCESS
get_all_players: SUCCESS
132
32
157
104
125
44
add_player: FAILURE
get_team_points: SUCCESS, 8948
get_all_players: SUCCESS
144
107
84
191
140
129
130
156
41
38
175
101
34
117
get_num_played_games: SUCCESS, 9878
get_all_players: SUCCESS
4
100
127
89
115
116
170
99
105
72
200
148
56
33
87
46
114
53
31
37
43
42
18
get_closest_player: SUCCESS, 69
get_closest_player: SUCCESS, 42
get_num_played_games: SUCCESS, 2891
remove_player: SUCCESS
update_player_stats: SUCCESS
get_top_scorer: SUCCESS, 172
unite_teams: FAILURE
unite_teams: FAILURE
remove_team: FAILURE
get_num_played_games: SUCCESS, 1507
remove_team: FAILURE
get_team_points: SUCCESS, 6670
get_team_points: SUCCESS, 194
remove_team: FAILURE
get_closest_player: SUCCESS, 84
get_all_players_count: SUCCESS, 6
get_closest_player: SUCCESS, 15
get_all_players: SUCCESS
4
100
127
89
115
116
170
99
105
72
200
148
56
33
87
46
114
53
31
37
43
42
18
add_team: FAILURE
play_match: FAILURE
add_team: FAILURE
knockout_winner: INVALID_INPUT
knockout_winner: FAILURE
knockout_winner: INVALID_INPUT
knockout_winner: INVALID_INPUT
knockout_winner: INVALID_INPUT
get_all_players_count: SUCCESS, 7
update_player_stats: SUCCESS
add_team: FAILURE
get_closest_player: SUCCESS, 38
get_all_players: SUCCESS
109
28
51
57
102
147
94
150
168
181
get_closest_player: SUCCESS, 43
get_num_played_games: SUCCESS, 11417
get_num_played_games: SUCCESS, 11850
play_match: FAILURE
play_match: INVALID_INPUT
get_num_played_games: SUCCESS, 12671
get_team_points: SUCCESS, 11931
remove_team: FAILURE
unite_teams: FAILURE
get_closest_player: SUCCESS, 90
unite_teams: FAILURE
get_all_players: SUCCESS
183
66
149
69
82
177
133
126
67
14
58
27
160
get_all_players_count: SUCCESS, 11
knockout_winner: FAILURE
knockout_winner: INVALID_INPUT
knockout_winner: INVALID_INPUT
knockout_winner: SUCCESS, 6
knockout_winner: INVALID_INPUT
get_all_players_count: SUCCESS, 10
knockout_winner: FAILURE
knockout_winner: SUCCESS, 15
knockout_winner: FAILURE
knockout_winner: SUCCESS, 19
knockout_winner: INVALID_INPUT
get_top_scorer: SUCCESS, 146
add_team: FAILURE
get_all_players: SUCCESS
8
187
131
76
92
64
172
knockout_winner: FAILURE
knockout_winner: SUCCESS, 6
knockout_winner: SUCCESS, 6
knockout_winner: SUCCESS, 15
knockout_winner: INVALID_INPUT
play_match: FAILURE
get_all_players_count: SUCCESS, 6
unite_teams: FAILURE
add_player: FAILURE
get_team_points: SUCCESS, 2552
play_match: FAILURE
get_all_players_count: SUCCESS, 11
get_all_players: SUCCESS
8
187
131
76
92
64
172
play_match: INVALID_INPUT
remove_player: SUCCESS
unite_teams: FAILURE
get_all_players: SUCCESS
144
107
84
191
140
129
130
156
41
38
175
101
34
117
add_player: FAILURE
get_num_played_games: SUCCESS, 10412
get_top_scorer: SUCCESS, 108
update_player_stats: SUCCESS
get_closest_player: SUCCESS, 111
get_all_players: SUCCESS
39
167
173
65
36
186
143
108
get_num_played_games: SUCCESS, 18291
get_closest_player: SUCCESS, 170
get_num_played_games: SUCCESS, 4811
get_closest_player: SUCCESS, 98
get_all_players_count: SUCCESS, 11
play_match: SUCCESS
play_match: FAILURE
get_all_players: SUCCESS
49
90
23
146
update_player_stats: SUCCESS
add_player: FAILURE
add_team: FAILURE
get_all_players_count: SUCCESS, 5
get_all_players_count: SUCCESS, 10
add_team: FAILURE
get_num_played_games: SUCCESS, 10004
get_all_players_count: SUCCESS, 23
update_player_stats: SUCCESS
update_player_stats: SUCCESS
knockout_winner: FAILURE
knockout_winner: SUCCESS, 6
knockout_winner: FAILURE
knockout_winner: FAILURE
knockout_winner: INVALID_INPUT
unite_teams: FAILURE
add_player: FAILURE
get_team_points: SUCCESS, 6856
get_all_players_count: SUCCESS, 5
update_player_stats: SUCCESS
remove_team: FAILURE
play_match: FAILURE
update_player_stats: SUCCESS
add_team: FAILURE
knockout_winner: INVALID_INPUT
knockout_winner: FAILURE
knockout_winner: INVALID_INPUT
knockout_winner: INVALID_INPUT
knockout_winner: INVALID_INPUT
get_closest_player: SUCCESS, 156
remove_team: FAILURE
get_team_points: SUCCESS, 11931
get_team_points: SUCCESS, 18922
add_player: FAILURE
unite_teams: FAILURE
get_all_players: SUCCESS
109
28
51
57
102
147
94
150
168
181
unite_teams: FAILURE
play_match: SUCCESS
get_team_points: SUCCESS, 4322
unite_teams: SUCCESS
get_top_scorer: SUCCESS, 33
play_match: FAILURE
remove_player: SUCCESS
add_team: FAILURE
get_top_scorer: SUCCESS, 108
add_team: FAILURE
get_closest_player: SUCCESS, 31
get_all_players: SUCCESS
45
30
137
16
120
93
75
151
169
20
199
124
add_team: FAILURE
get_closest_player: SUCCESS, 98
unite_teams: FAILURE
get_all_players: SUCCESS
45
30
137
16
120
93
75
151
169
20
199
124
knockout_winner: SUCCESS, 15
knockout_winner: SUCCESS, 20
knockout_winner: SUCCESS, 6
knockout_winner: SUCCESS, 20
knockout_winner: FAILURE
get_closest_player: SUCCESS, 148
unite_teams: FAILURE
update_player_stats: SUCCESS
get_team_points: SUCCESS, 7607
get_all_players: SUCCESS
123
61
113
119
184
50
165
remove_player: SUCCESS
add_player: FAILURE
remove_team: FAILURE
get_num_played_games: SUCCESS, 24987
get_closest_player: SUCCESS, 42
get_num_played_games: SUCCESS, 164
remove_player: SUCCESS
get_all_players_count: SUCCESS, 10
add_player: FAILURE
get_all_players_count: SUCCESS, 5
remove_player: SUCCESS
get_closest_player: SUCCESS, 181
get_all_players: SUCCESS
144
107
84
191
140
129
130
156
41
38
175
101
34
117
get_closest_player: SUCCESS, 88
unite_teams: FAILURE
unite_teams: FAILURE
get_team_points: SUCCESS, 11775
add_team: FAILURE
add_player: FAILURE
remove_team: FAILURE
get_all_players: SUCCESS
123
61
113
119
184
50
165
remove_player: SUCCESS
update_player_stats: SUCCESS
play_match: FAILURE
add_team: FAILURE
knockout_winner: SUCCESS, 15
knockout_winner: INVALID_INPUT
knockout_winner: INVALID_INPUT
knockout_winner: SUCCESS, 20
knockout_winner: SUCCESS, 6
get_all_players: SUCCESS
39
167
183
66
173
149
69
82
133
65
126
36
186
67
14
143
58
27
108
get_all_players_count: SUCCESS, 6
add_team: FAILURE
get_top_scorer: SUCCESS, 181
get_top_scorer: SUCCESS, 97
get_top_scorer: SUCCESS, 108
get_num_played_games: SUCCESS, 2557
get_all_players: SUCCESS
74
194
155
161
80
35
153
128
79
15
play_match: FAILURE
remove_team: FAILURE
get_closest_player: SUCCESS, 139
remove_player: SUCCESS
add_player: FAILURE
play_match: FAILURE
remove_player: SUCCESS
unite_teams: FAILURE
remove_player: SUCCESS
get_all_players: SUCCESS
8
187
131
76
92
64
update_player_stats: SUCCESS
remove_team: FAILURE
unite_teams: FAILURE
unite_teams: SUCCESS
remove_player: SUCCESS
add_player: FAILURE
play_match: FAILURE
remove_player: SUCCESS
remove_player: SUCCESS
get_num_played_games: SUCCESS, 3323
get_all_players_count: SUCCESS, 5
get_top_scorer: SUCCESS, 165
remove_player: SUCCESS
add_player: FAILURE
unite_teams: FAILURE
add_player: FAILURE
unite_teams: FAILURE
get_team_points: SUCCESS, 6663
add_player: FAILURE
remove_team: FAILURE
remove_team: FAILURE
unite_teams: FAILURE
update_player_stats: SUCCESS
unite_teams: FAILURE
get_all_players_count: SUCCESS, 6
unite_teams: FAILURE
get_team_points: SUCCESS, 11778
remove_team: FAILURE
get_team_points: SUCCESS, 3175
unite_teams: FAILURE
get_all_players_count: SUCCESS, 11
get_all_players: SUCCESS
45
30
137
16
120
93
75
169
199
124
20
get_all_players_count: SUCCESS, 40
remove_player: SUCCESS
add_team: FAILURE
get_all_players: SUCCESS
158
17
122
171
195
97
get_closest_player: SUCCESS, 69
add_team: FAILURE
update_player_stats: SUCCESS
get_team_points: SUCCESS, 194
update_player_stats: SUCCESS
play_match: FAILURE
knockout_winner: FAILURE
knockout_winner: SUCCESS, 6
knockout_winner: FAILURE
knockout_winner: FAILURE
knockout_winner: INVALID_INPUT
add_team: FAILURE
update_player_stats: SUCCESS
unite_teams: FAILURE
get_num_played_games: SUCCESS, 7821
get_all_players_count: SUCCESS, 6
add_team: FAILURE
get_all_players_count: SUCCESS, 5
get_closest_player: SUCCESS, 77
update_player_stats: SUCCESS
get_all_players: SUCCESS
187
131
76
92
64
add_player: FAILURE
get_num_played_games: SUCCESS, 10165
get_team_points: SUCCESS, 2567
unite_teams: FAILURE
get_all_players: SUCCESS
132
32
157
104
125
44
remove_player: SUCCESS
play_match: FAILURE
get_team_points: SUCCESS, 5478
knockout_winner: INVALID_INPUT
knockout_winner: SUCCESS, 6
knockout_winner: INVALID_INPUT
knockout_winner: INVALID_INPUT
knockout_winner: INVALID_INPUT
get_num_played_games: SUCCESS, 5623
update_player_stats: SUCCESS
get_team_points: SUCCESS, 8948
get_all_players: SUCCESS
145
78
197
2
77
174
188
6
138
180
knockout_winner: FAILURE
knockout_winner: SUCCESS, 15
knockout_winner: SUCCESS, 6
knockout_winner: FAILURE
knockout_winner: INVALID_INPUT
remove_team: FAILURE
get_num_played_games: SUCCESS, 9079
get_team_points: SUCCESS, 2570
get_num_played_games: SUCCESS, 5206
add_team: FAILURE
remove_player: SUCCESS
remove_player: SUCCESS
remove_player: SUCCESS
remove_player: SUCCESS
remove_player: SUCCESS
remove_player: SUCCESS
remove_player: SUCCESS
remove_player: SUCCESS
remove_player: SUCCESS
remove_player: SUCCESS
remove_player: SUCCESS
remove_player: SUCCESS
remove_player: SUCCESS
remove_player: SUCCESS
remove_player: SUCCESS
remove_player: SUCCESS
remove_player: SUCCESS
remove_player: SUCCESS
remove_player: SUCCESS
remove_player: SUCCESS
remove_player: SUCCESS
remove_player: SUCCESS
remove_player: SUCCESS
remove_player: SUCCESS
remove_player: SUCCESS
remove_player: SUCCESS
remove_player: SUCCESS
remove_player: SUCCESS
remove_player: SUCCESS
remove_player: SUCCESS
remove_player: SUCCESS
remove_player: SUCCESS
remove_player: SUCCESS
remove_player: SUCCESS
remove_player: SUCCESS
remove_player: SUCCESS
remove_player: SUCCESS
remove_player: SUCCESS
remove_player: SUCCESS
remove_player: SUCCESS
remove_player: SUCCESS
remove_player: SUCCESS
remove_player: SUCCESS
remove_player: SUCCESS
remove_player: SUCCESS
remove_player: SUCCESS
remove_player: SUCCESS
remove_player: SUCCESS
remove_player: SUCCESS
remove_player: SUCCESS
remove_player: SUCCESS
remove_player: SUCCESS
remove_player: SUCCESS
remove_player: SUCCESS
remove_player: SUCCESS
remove_player: SUCCESS
remove_player: SUCCESS
remove_player: SUCCESS
remove_player: SUCCESS
remove_player: SUCCESS
remove_player: SUCCESS
remove_player: SUCCESS
remove_player: SUCCESS
remove_player: SUCCESS
remove_player: SUCCESS
remove_player: SUCCESS
remove_player: SUCCESS
remove_player: SUCCESS
remove_player: SUCCESS
remove_player: SUCCESS
remove_player: SUCCESS
remove_player: SUCCESS
remove_player: SUCCESS
remove_player: SUCCESS
remove_player: SUCCESS
remove_player: SUCCESS
remove_player: SUCCESS
remove_player: SUCCESS
remove_player: SUCCESS
remove_player: SUCCESS
remove_player: SUCCESS
remove_player: SUCCESS
remove_player: SUCCESS
remove_player: SUCCESS
remove_player: SUCCESS
remove_player: SUCCESS
remove_player: SUCCESS
remove_player: SUCCESS
remove_player: SUCCESS
remove_player: SUCCESS
remove_player: SUCCESS
remove_player: SUCCESS
remove_player: SUCCESS
remove_player: SUCCESS
remove_player: SUCCESS
remove_player: SUCCESS
remove_player: SUCCESS
remove_player: SUCCESS
remove_player: SUCCESS
remove_player: SUCCESS
remove_player: SUCCESS
remove_player: SUCCESS
remove_player: SUCCESS
remove_player: SUCCESS
remove_player: SUCCESS
remove_player: SUCCESS
remove_player: SUCCESS
remove_player: SUCCESS
remove_player: SUCCESS
remove_player: SUCCESS
remove_player: SUCCESS
remove_player: SUCCESS
remove_player: SUCCESS
remove_player: SUCCESS
remove_player: SUCCESS
remove_player: SUCCESS
remove_player: SUCCESS
remove_player: SUCCESS
remove_player: SUCCESS
remove_player: SUCCESS
remove_player: SUCCESS
remove_player: SUCCESS
remove_player: SUCCESS
remove_player: SUCCESS
remove_player: SUCCESS
remove_player: SUCCESS
remove_player: SUCCESS
remove_player: SUCCESS
remove_player: SUCCESS
remove_player: SUCCESS
remove_player: SUCCESS
remove_player: SUCCESS
remove_player: SUCCESS
remove_player: SUCCESS
remove_player: SUCCESS
remove_player: SUCCESS
remove_player: SUCCESS
remove_team: SUCCESS
remove_team: SUCCESS
remove_team: SUCCESS
remove_team: SUCCESS
remove_team: SUCCESS
remove_team: SUCCESS
remove_team: SUCCESS
remove_team: SUCCESS
remove_team: SUCCESS
remove_team: SUCCESS
remove_team: SUCCESS
remove_team: SUCCESS
remove_team: SUCCESS
remove_team: SUCCESS
