add_team: SUCCESS
add_team: SUCCESS
add_team: SUCCESS
add_team: SUCCESS
add_team: SUCCESS
add_team: SUCCESS
add_team: SUCCESS
add_team: SUCCESS
add_team: SUCCESS
add_team: SUCCESS
add_team: SUCCESS
add_team: SUCCESS
add_team: SUCCESS
add_team: SUCCESS
add_team: SUCCESS
add_team: SUCCESS
add_team: SUCCESS
add_team: SUCCESS
add_team: SUCCESS
add_team: SUCCESS
add_player: SUCCESS
add_player: SUCCESS
add_player: SUCCESS
add_player: SUCCESS
add_player: SUCCESS
add_player: SUCCESS
add_player: SUCCESS
add_player: SUCCESS
add_player: SUCCESS
add_player: SUCCESS
add_player: SUCCESS
add_player: SUCCESS
add_player: SUCCESS
add_player: SUCCESS
add_player: SUCCESS
add_player: SUCCESS
add_player: SUCCESS
add_player: SUCCESS
add_player: SUCCESS
add_player: SUCCESS
add_player: SUCCESS
add_player: SUCCESS
add_player: SUCCESS
add_player: SUCCESS
add_player: SUCCESS
add_player: SUCCESS
add_player: SUCCESS
add_player: SUCCESS
add_player: SUCCESS
add_player: SUCCESS
add_player: SUCCESS
add_player: SUCCESS
add_player: SUCCESS
add_player: SUCCESS
add_player: SUCCESS
add_player: SUCCESS
add_player: SUCCESS
add_player: SUCCESS
add_player: SUCCESS
add_player: SUCCESS
add_player: SUCCESS
add_player: SUCCESS
add_player: SUCCESS
add_player: SUCCESS
add_player: SUCCESS
add_player: SUCCESS
add_player: SUCCESS
add_player: SUCCESS
add_player: SUCCESS
add_player: SUCCESS
add_player: SUCCESS
add_player: SUCCESS
add_player: SUCCESS
add_player: SUCCESS
add_player: SUCCESS
add_player: SUCCESS
add_player: SUCCESS
add_player: SUCCESS
add_player: SUCCESS
add_player: SUCCESS
add_player: SUCCESS
add_player: SUCCESS
add_player: SUCCESS
add_player: SUCCESS
add_player: SUCCESS
add_player: SUCCESS
add_player: SUCCESS
add_player: SUCCESS
add_player: SUCCESS
add_player: SUCCESS
add_player: SUCCESS
add_player: SUCCESS
add_player: SUCCESS
add_player: SUCCESS
add_player: SUCCESS
add_player: SUCCESS
add_player: SUCCESS
add_player: SUCCESS
add_player: SUCCESS
add_player: SUCCESS
add_player: SUCCESS
add_player: SUCCESS
add_player: SUCCESS
add_player: SUCCESS
add_player: SUCCESS
add_player: SUCCESS
add_player: SUCCESS
add_player: SUCCESS
add_player: SUCCESS
add_player: SUCCESS
add_player: SUCCESS
add_player: SUCCESS
add_player: SUCCESS
add_player: SUCCESS
add_player: SUCCESS
add_player: SUCCESS
add_player: SUCCESS
add_player: SUCCESS
add_player: SUCCESS
add_player: SUCCESS
add_player: SUCCESS
add_player: SUCCESS
add_player: SUCCESS
add_player: SUCCESS
add_player: SUCCESS
add_player: SUCCESS
add_player: SUCCESS
add_player: SUCCESS
add_player: SUCCESS
add_player: SUCCESS
add_player: SUCCESS
add_player: SUCCESS
add_player: SUCCESS
add_player: SUCCESS
add_player: SUCCESS
add_player: SUCCESS
add_player: SUCCESS
add_player: SUCCESS
add_player: SUCCESS
add_player: SUCCESS
add_player: SUCCESS
add_player: SUCCESS
add_player: SUCCESS
add_player: SUCCESS
add_player: SUCCESS
add_player: SUCCESS
add_player: SUCCESS
add_player: SUCCESS
add_player: SUCCESS
add_player: SUCCESS
add_player: SUCCESS
add_player: SUCCESS
add_player: SUCCESS
add_player: SUCCESS
add_player: SUCCESS
add_player: SUCCESS
add_player: SUCCESS
add_player: SUCCESS
add_player: SUCCESS
add_player: SUCCESS
add_player: SUCCESS
add_player: SUCCESS
add_player: SUCCESS
add_player: SUCCESS
add_player: SUCCESS
add_player: SUCCESS
add_player: SUCCESS
add_player: SUCCESS
add_player: SUCCESS
add_player: SUCCESS
add_player: SUCCESS
add_player: SUCCESS
add_player: SUCCESS
add_player: SUCCESS
add_player: SUCCESS
add_player: SUCCESS
add_player: SUCCESS
add_player: SUCCESS
add_player: SUCCESS
add_player: SUCCESS
add_player: SUCCESS
add_player: SUCCESS
add_player: SUCCESS
add_player: SUCCESS
add_player: SUCCESS
add_player: SUCCESS
add_player: SUCCESS
add_player: SUCCESS
add_player: SUCCESS
add_player: SUCCESS
add_player: SUCCESS
add_player: SUCCESS
add_player: SUCCESS
add_player: SUCCESS
add_player: SUCCESS
add_player: SUCCESS
add_player: SUCCESS
add_player: SUCCESS
add_player: SUCCESS
add_player: SUCCESS
add_player: SUCCESS
add_player: SUCCESS
add_player: SUCCESS
add_player: SUCCESS
add_player: SUCCESS
add_player: SUCCESS
add_player: SUCCESS
add_player: SUCCESS
add_player: SUCCESS
add_player: SUCCESS
add_player: SUCCESS
add_player: SUCCESS
add_player: SUCCESS
add_player: SUCCESS
add_player: SUCCESS
add_player: SUCCESS
add_player: SUCCESS
add_player: SUCCESS
add_player: SUCCESS
add_player: SUCCESS
unite_teams: FAILURE
get_all_players_count: SUCCESS, 17
play_match: FAILURE
get_all_players_count: SUCCESS, 11
update_player_stats: SUCCESS
add_team: FAILURE
get_top_scorer: SUCCESS, 71
unite_teams: FAILURE
add_player: FAILURE
update_player_stats: SUCCESS
knockout_winner: SUCCESS, 9
knockout_winner: SUCCESS, 15
knockout_winner: SUCCESS, 3
knockout_winner: SUCCESS, 15
knockout_winner: INVALID_INPUT
get_num_played_games: SUCCESS, 9027
get_all_players_count: SUCCESS, 8
remove_team: FAILURE
add_player: FAILURE
update_player_stats: SUCCESS
add_player: FAILURE
unite_teams: FAILURE
add_team: FAILURE
get_closest_player: SUCCESS, 124
update_player_stats: SUCCESS
knockout_winner: SUCCESS, 18
knockout_winner: INVALID_INPUT
knockout_winner: INVALID_INPUT
knockout_winner: SUCCESS, 18
knockout_winner: SUCCESS, 14
knockout_winner: SUCCESS, 18
knockout_winner: SUCCESS, 18
knockout_winner: SUCCESS, 12
knockout_winner: FAILURE
knockout_winner: INVALID_INPUT
add_team: FAILURE
remove_player: SUCCESS
unite_teams: FAILURE
get_all_players_count: SUCCESS, 12
play_match: FAILURE
get_closest_player: SUCCESS, 151
knockout_winner: SUCCESS, 3
knockout_winner: INVALID_INPUT
knockout_winner: INVALID_INPUT
knockout_winner: SUCCESS, 12
knockout_winner: INVALID_INPUT
knockout_winner: SUCCESS, 1
knockout_winner: INVALID_INPUT
knockout_winner: INVALID_INPUT
knockout_winner: FAILURE
knockout_winner: INVALID_INPUT
get_team_points: SUCCESS, 10814
unite_teams: FAILURE
remove_player: SUCCESS
unite_teams: FAILURE
remove_player: SUCCESS
get_team_points: SUCCESS, 10314
get_team_points: SUCCESS, 3978
play_match: SUCCESS
get_num_played_games: SUCCESS, 3498
play_match: FAILURE
knockout_winner: SUCCESS, 15
knockout_winner: SUCCESS, 15
knockout_winner: FAILURE
knockout_winner: SUCCESS, 20
knockout_winner: INVALID_INPUT
play_match: SUCCESS
get_closest_player: SUCCESS, 32
get_all_players: SUCCESS
119
190
100
177
117
115
11
get_closest_player: SUCCESS, 99
play_match: FAILURE
remove_player: SUCCESS
knockout_winner: SUCCESS, 15
knockout_winner: INVALID_INPUT
knockout_winner: INVALID_INPUT
knockout_winner: SUCCESS, 18
knockout_winner: SUCCESS, 9
remove_team: FAILURE
play_match: FAILURE
get_all_players_count: SUCCESS, 12
knockout_winner: SUCCESS, 17
knockout_winner: SUCCESS, 15
knockout_winner: SUCCESS, 12
knockout_winner: FAILURE
knockout_winner: INVALID_INPUT
remove_team: FAILURE
get_team_points: SUCCESS, 6697
play_match: SUCCESS
remove_player: SUCCESS
get_num_played_games: SUCCESS, 8437
get_all_players: SUCCESS
18
91
14
145
199
42
32
118
8
87
45
get_all_players_count: SUCCESS, 11
get_top_scorer: SUCCESS, 143
get_num_played_games: SUCCESS, 114
update_player_stats: SUCCESS
add_team: FAILURE
play_match: FAILURE
get_num_played_games: SUCCESS, 2766
play_match: FAILURE
update_player_stats: SUCCESS
unite_teams: FAILURE
remove_team: FAILURE
get_all_players_count: SUCCESS, 5
play_match: SUCCESS
get_num_played_games: SUCCESS, 3540
get_team_points: SUCCESS, 2967
update_player_stats: SUCCESS
add_team: FAILURE
knockout_winner: SUCCESS, 20
knockout_winner: SUCCESS, 18
knockout_winner: SUCCESS, 15
knockout_winner: FAILURE
knockout_winner: INVALID_INPUT
get_num_played_games: SUCCESS, 1785
get_top_scorer: SUCCESS, 49
remove_player: SUCCESS
get_closest_player: SUCCESS, 23
play_match: FAILURE
unite_teams: FAILURE
get_num_played_games: SUCCESS, 1010
get_closest_player: SUCCESS, 48
get_num_played_games: SUCCESS, 9694
get_all_players_count: SUCCESS, 11
get_team_points: SUCCESS, 5076
get_num_played_games: SUCCESS, 8777
remove_team: FAILURE
knockout_winner: SUCCESS, 15
knockout_winner: INVALID_INPUT
knockout_winner: INVALID_INPUT
knockout_winner: SUCCESS, 18
knockout_winner: SUCCESS, 9
play_match: FAILURE
get_closest_player: SUCCESS, 19
unite_teams: FAILURE
get_num_played_games: SUCCESS, 1298
get_closest_player: SUCCESS, 33
get_top_scorer: SUCCESS, 45
remove_player: SUCCESS
knockout_winner: SUCCESS, 3
knockout_winner: INVALID_INPUT
knockout_winner: INVALID_INPUT
knockout_winner: SUCCESS, 18
knockout_winner: FAILURE
get_closest_player: SUCCESS, 18
get_all_players: SUCCESS
124
167
90
183
34
41
175
unite_teams: FAILURE
get_all_players_count: SUCCESS, 9
get_closest_player: SUCCESS, 16
update_player_stats: SUCCESS
get_num_played_games: SUCCESS, 8132
get_all_players_count: SUCCESS, 7
get_team_points: SUCCESS, 10314
get_closest_player: SUCCESS, 161
get_all_players: SUCCESS
119
190
100
177
117
115
11
add_player: FAILURE
unite_teams: FAILURE
knockout_winner: SUCCESS, 12
knockout_winner: SUCCESS, 17
knockout_winner: SUCCESS, 3
knockout_winner: SUCCESS, 15
knockout_winner: INVALID_INPUT
remove_team: FAILURE
get_top_scorer: SUCCESS, 175
get_all_players: SUCCESS
124
167
90
183
34
41
175
play_match: FAILURE
knockout_winner: SUCCESS, 18
knockout_winner: SUCCESS, 18
knockout_winner: SUCCESS, 12
knockout_winner: SUCCESS, 18
knockout_winner: INVALID_INPUT
get_team_points: SUCCESS, 10814
play_match: FAILURE
unite_teams: FAILURE
unite_teams: FAILURE
remove_player: SUCCESS
add_team: FAILURE
add_player: FAILURE
get_all_players_count: SUCCESS, 11
get_all_players: SUCCESS
18
91
14
145
199
42
32
118
8
87
45
add_team: FAILURE
add_player: FAILURE
get_all_players: SUCCESS
124
167
90
183
34
41
175
knockout_winner: SUCCESS, 18
knockout_winner: SUCCESS, 15
knockout_winner: SUCCESS, 15
knockout_winner: FAILURE
knockout_winner: INVALID_INPUT
get_closest_player: SUCCESS, 33
knockout_winner: SUCCESS, 18
knockout_winner: SUCCESS, 15
knockout_winner: SUCCESS, 15
knockout_winner: FAILURE
knockout_winner: INVALID_INPUT
get_num_played_games: SUCCESS, 3348
get_num_played_games: SUCCESS, 8271
add_player: FAILURE
get_top_scorer: SUCCESS, 163
get_top_scorer: SUCCESS, 138
get_all_players: SUCCESS
101
168
3
192
67
64
20
7
93
43
19
166
104
107
69
add_team: FAILURE
add_team: FAILURE
knockout_winner: SUCCESS, 18
knockout_winner: SUCCESS, 18
knockout_winner: SUCCESS, 15
knockout_winner: SUCCESS, 20
knockout_winner: INVALID_INPUT
get_num_played_games: SUCCESS, 9689
get_top_scorer: SUCCESS, 97
get_all_players_count: SUCCESS, 11
play_match: FAILURE
get_team_points: SUCCESS, 1988
update_player_stats: SUCCESS
get_closest_player: SUCCESS, 169
get_top_scorer: SUCCESS, 78
knockout_winner: SUCCESS, 3
knockout_winner: INVALID_INPUT
knockout_winner: INVALID_INPUT
knockout_winner: SUCCESS, 12
knockout_winner: INVALID_INPUT
update_player_stats: SUCCESS
get_closest_player: SUCCESS, 18
get_all_players: SUCCESS
124
90
183
34
41
167
175
play_match: SUCCESS
add_team: FAILURE
remove_player: SUCCESS
get_all_players_count: SUCCESS, 12
get_team_points: SUCCESS, 11316
get_num_played_games: SUCCESS, 10438
get_num_played_games: SUCCESS, 9353
get_all_players: SUCCESS
139
151
96
111
49
get_num_played_games: SUCCESS, 5631
play_match: FAILURE
knockout_winner: SUCCESS, 3
knockout_winner: INVALID_INPUT
knockout_winner: INVALID_INPUT
knockout_winner: SUCCESS, 12
knockout_winner: INVALID_INPUT
get_num_played_games: SUCCESS, 1785
get_closest_player: SUCCESS, 62
get_top_scorer: SUCCESS, 71
get_top_scorer: SUCCESS, 61
update_player_stats: SUCCESS
get_team_points: SUCCESS, 11916
add_team: FAILURE
get_all_players: SUCCESS
119
190
100
177
115
11
117
play_match: FAILURE
get_num_played_games: SUCCESS, 14186
get_team_points: SUCCESS, 11316
add_team: FAILURE
unite_teams: FAILURE
get_all_players: SUCCESS
139
151
96
111
49
get_closest_player: SUCCESS, 113
play_match: FAILURE
get_top_scorer: SUCCESS, 174
play_match: FAILURE
get_num_played_games: SUCCESS, 8132
get_num_played_games: SUCCESS, 7352
knockout_winner: SUCCESS, 18
knockout_winner: SUCCESS, 15
knockout_winner: FAILURE
knockout_winner: FAILURE
knockout_winner: INVALID_INPUT
get_top_scorer: SUCCESS, 126
remove_player: SUCCESS
get_team_points: SUCCESS, 10814
unite_teams: FAILURE
remove_player: SUCCESS
get_top_scorer: SUCCESS, 163
get_closest_player: SUCCESS, 127
knockout_winner: SUCCESS, 18
knockout_winner: SUCCESS, 15
knockout_winner: SUCCESS, 15
knockout_winner: SUCCESS, 15
knockout_winner: SUCCESS, 15
remove_team: FAILURE
get_closest_player: SUCCESS, 69
remove_player: SUCCESS
update_player_stats: SUCCESS
get_all_players_count: SUCCESS, 11
remove_player: SUCCESS
remove_player: SUCCESS
get_top_scorer: SUCCESS, 78
get_team_points: SUCCESS, 10814
update_player_stats: SUCCESS
update_player_stats: SUCCESS
get_team_points: SUCCESS, 10814
play_match: FAILURE
get_top_scorer: SUCCESS, 113
add_player: FAILURE
add_player: FAILURE
update_player_stats: SUCCESS
get_all_players_count: SUCCESS, 11
add_team: FAILURE
update_player_stats: SUCCESS
get_num_played_games: SUCCESS, 9113
knockout_winner: FAILURE
knockout_winner: SUCCESS, 18
knockout_winner: FAILURE
knockout_winner: SUCCESS, 18
knockout_winner: INVALID_INPUT
remove_team: FAILURE
update_player_stats: SUCCESS
remove_team: FAILURE
get_all_players_count: SUCCESS, 9
remove_player: SUCCESS
unite_teams: FAILURE
get_closest_player: SUCCESS, 118
unite_teams: FAILURE
remove_player: SUCCESS
update_player_stats: SUCCESS
play_match: FAILURE
knockout_winner: SUCCESS, 15
knockout_winner: SUCCESS, 20
knockout_winner: SUCCESS, 9
knockout_winner: SUCCESS, 18
knockout_winner: INVALID_INPUT
get_closest_player: SUCCESS, 142
get_num_played_games: SUCCESS, 7796
add_player: FAILURE
add_team: FAILURE
unite_teams: FAILURE
get_num_played_games: SUCCESS, 8583
get_all_players_count: SUCCESS, 14
remove_team: FAILURE
update_player_stats: SUCCESS
remove_team: FAILURE
add_team: FAILURE
update_player_stats: SUCCESS
add_team: FAILURE
get_all_players: SUCCESS
40
82
60
25
122
135
188
94
63
68
61
get_top_scorer: SUCCESS, 78
add_team: FAILURE
knockout_winner: SUCCESS, 5
knockout_winner: INVALID_INPUT
knockout_winner: INVALID_INPUT
knockout_winner: SUCCESS, 9
knockout_winner: INVALID_INPUT
remove_team: FAILURE
get_num_played_games: SUCCESS, 514
get_top_scorer: SUCCESS, 117
update_player_stats: SUCCESS
get_top_scorer: SUCCESS, 163
get_all_players: SUCCESS
29
21
194
137
1
27
71
update_player_stats: SUCCESS
update_player_stats: SUCCESS
remove_team: FAILURE
get_top_scorer: SUCCESS, 126
get_closest_player: SUCCESS, 135
get_all_players: SUCCESS
108
182
55
88
133
15
200
47
109
74
138
play_match: FAILURE
get_closest_player: SUCCESS, 71
update_player_stats: SUCCESS
add_player: FAILURE
get_closest_player: SUCCESS, 155
get_all_players_count: SUCCESS, 7
remove_team: FAILURE
get_all_players_count: SUCCESS, 11
get_num_played_games: SUCCESS, 2502
get_all_players_count: SUCCESS, 11
remove_player: SUCCESS
add_team: FAILURE
get_team_points: SUCCESS, 1988
get_num_played_games: SUCCESS, 3157
get_num_played_games: SUCCESS, 12306
knockout_winner: SUCCESS, 18
knockout_winner: SUCCESS, 15
knockout_winner: FAILURE
knockout_winner: FAILURE
knockout_winner: INVALID_INPUT
get_num_played_games: SUCCESS, 7236
get_num_played_games: SUCCESS, 7796
get_closest_player: SUCCESS, 23
get_all_players_count: SUCCESS, 5
get_num_played_games: SUCCESS, 8671
add_player: FAILURE
unite_teams: FAILURE
add_player: FAILURE
get_closest_player: SUCCESS, 154
play_match: SUCCESS
get_num_played_games: SUCCESS, 2857
update_player_stats: SUCCESS
get_closest_player: SUCCESS, 71
get_top_scorer: SUCCESS, 193
remove_team: FAILURE
get_all_players: SUCCESS
106
52
180
198
37
187
16
189
163
get_top_scorer: SUCCESS, 44
add_team: FAILURE
play_match: FAILURE
remove_player: SUCCESS
add_team: FAILURE
add_team: FAILURE
get_all_players_count: SUCCESS, 14
get_all_players: SUCCESS
50
53
125
196
22
141
78
update_player_stats: SUCCESS
add_player: FAILURE
get_top_scorer: SUCCESS, 8
add_player: FAILURE
remove_player: SUCCESS
get_all_players_count: SUCCESS, 16
update_player_stats: SUCCESS
remove_player: SUCCESS
get_top_scorer: SUCCESS, 193
play_match: FAILURE
add_team: FAILURE
add_team: FAILURE
unite_teams: FAILURE
unite_teams: FAILURE
get_top_scorer: SUCCESS, 71
remove_team: FAILURE
play_match: FAILURE
get_team_points: SUCCESS, 11316
get_closest_player: SUCCESS, 56
get_num_played_games: SUCCESS, 3710
add_player: FAILURE
update_player_stats: SUCCESS
add_team: FAILURE
get_num_played_games: SUCCESS, 3348
remove_player: SUCCESS
get_closest_player: SUCCESS, 19
get_num_played_games: SUCCESS, 3540
remove_player: SUCCESS
get_all_players: SUCCESS
158
159
56
127
173
170
62
132
103
161
85
44
get_all_players_count: SUCCESS, 9
add_team: FAILURE
get_num_played_games: SUCCESS, 10412
get_closest_player: SUCCESS, 198
get_all_players: SUCCESS
29
21
194
137
1
27
71
get_top_scorer: SUCCESS, 12
knockout_winner: SUCCESS, 5
knockout_winner: INVALID_INPUT
knockout_winner: INVALID_INPUT
knockout_winner: SUCCESS, 9
knockout_winner: INVALID_INPUT
update_player_stats: SUCCESS
unite_teams: FAILURE
remove_team: FAILURE
get_closest_player: SUCCESS, 192
get_all_players: SUCCESS
101
3
192
67
64
20
7
93
43
19
166
104
107
69
unite_teams: FAILURE
update_player_stats: SUCCESS
get_num_played_games: SUCCESS, 9344
get_team_points: SUCCESS, 10814
unite_teams: FAILURE
get_num_played_games: SUCCESS, 10788
get_all_players: SUCCESS
18
91
199
32
118
87
45
8
get_top_scorer: SUCCESS, 193
update_player_stats: SUCCESS
get_closest_player: SUCCESS, 173
get_top_scorer: SUCCESS, 69
unite_teams: SUCCESS
add_player: FAILURE
remove_team: FAILURE
knockout_winner: SUCCESS, 20
knockout_winner: SUCCESS, 15
knockout_winner: SUCCESS, 15
knockout_winner: FAILURE
knockout_winner: INVALID_INPUT
update_player_stats: SUCCESS
add_player: FAILURE
remove_player: SUCCESS
get_num_played_games: SUCCESS, 2805
add_team: FAILURE
add_team: FAILURE
unite_teams: FAILURE
get_all_players_count: SUCCESS, 7
add_player: FAILURE
get_num_played_games: SUCCESS, 6481
get_closest_player: SUCCESS, 74
get_all_players: SUCCESS
101
3
192
67
64
20
7
93
43
19
166
104
107
69
unite_teams: FAILURE
get_closest_player: SUCCESS, 76
get_all_players: SUCCESS
156
76
28
165
181
get_all_players: SUCCESS
108
182
88
55
133
15
200
47
109
74
138
get_closest_player: SUCCESS, 78
get_all_players_count: SUCCESS, 12
play_match: FAILURE
remove_team: FAILURE
add_player: FAILURE
update_player_stats: SUCCESS
get_top_scorer: SUCCESS, 83
update_player_stats: SUCCESS
unite_teams: FAILURE
knockout_winner: INVALID_INPUT
knockout_winner: INVALID_INPUT
knockout_winner: INVALID_INPUT
knockout_winner: INVALID_INPUT
knockout_winner: INVALID_INPUT
play_match: FAILURE
remove_team: FAILURE
get_num_played_games: SUCCESS, 637
remove_team: FAILURE
add_team: FAILURE
remove_team: FAILURE
knockout_winner: INVALID_INPUT
knockout_winner: INVALID_INPUT
knockout_winner: INVALID_INPUT
knockout_winner: INVALID_INPUT
knockout_winner: INVALID_INPUT
get_num_played_games: SUCCESS, 193
get_closest_player: SUCCESS, 40
update_player_stats: SUCCESS
add_player: FAILURE
get_top_scorer: SUCCESS, 48
get_all_players: SUCCESS
120
171
2
13
30
142
157
73
51
160
6
38
72
12
110
128
get_closest_player: SUCCESS, 109
get_num_played_games: SUCCESS, 3732
update_player_stats: SUCCESS
get_closest_player: SUCCESS, 33
knockout_winner: SUCCESS, 15
knockout_winner: SUCCESS, 15
knockout_winner: SUCCESS, 15
knockout_winner: SUCCESS, 20
knockout_winner: INVALID_INPUT
remove_player: SUCCESS
get_all_players_count: SUCCESS, 11
update_player_stats: SUCCESS
get_top_scorer: SUCCESS, 71
get_all_players: SUCCESS
154
24
155
126
add_player: FAILURE
play_match: FAILURE
get_team_points: SUCCESS, 9987
get_all_players: SUCCESS
21
194
137
29
27
71
knockout_winner: SUCCESS, 15
knockout_winner: SUCCESS, 20
knockout_winner: SUCCESS, 9
knockout_winner: SUCCESS, 18
knockout_winner: INVALID_INPUT
get_top_scorer: SUCCESS, 100
remove_player: SUCCESS
play_match: FAILURE
get_team_points: SUCCESS, 2967
get_all_players_count: SUCCESS, 11
get_top_scorer: SUCCESS, 8
knockout_winner: SUCCESS, 3
knockout_winner: INVALID_INPUT
knockout_winner: INVALID_INPUT
knockout_winner: SUCCESS, 15
knockout_winner: INVALID_INPUT
update_player_stats: SUCCESS
update_player_stats: SUCCESS
update_player_stats: SUCCESS
remove_player: SUCCESS
add_player: FAILURE
get_team_points: SUCCESS, 106
knockout_winner: SUCCESS, 9
knockout_winner: SUCCESS, 15
knockout_winner: SUCCESS, 5
knockout_winner: SUCCESS, 15
knockout_winner: INVALID_INPUT
get_closest_player: SUCCESS, 200
add_player: FAILURE
get_all_players_count: SUCCESS, 8
get_team_points: SUCCESS, 305
get_num_played_games: SUCCESS, 7918
unite_teams: FAILURE
get_num_played_games: SUCCESS, 10264
get_all_players_count: SUCCESS, 5
get_all_players_count: SUCCESS, 8
get_closest_player: SUCCESS, 52
get_top_scorer: SUCCESS, 69
update_player_stats: SUCCESS
get_closest_player: SUCCESS, 154
get_top_scorer: SUCCESS, 33
get_all_players_count: SUCCESS, 11
get_num_played_games: SUCCESS, 8777
play_match: SUCCESS
play_match: SUCCESS
get_team_points: SUCCESS, 1988
get_team_points: SUCCESS, 305
knockout_winner: SUCCESS, 15
knockout_winner: INVALID_INPUT
knockout_winner: INVALID_INPUT
knockout_winner: SUCCESS, 20
knockout_winner: SUCCESS, 9
update_player_stats: SUCCESS
get_top_scorer: SUCCESS, 44
get_all_players: SUCCESS
18
91
199
32
118
87
45
8
add_player: FAILURE
get_num_played_games: SUCCESS, 10621
update_player_stats: SUCCESS
get_all_players: SUCCESS
50
53
125
196
22
141
78
get_closest_player: SUCCESS, 106
update_player_stats: SUCCESS
get_closest_player: SUCCESS, 124
knockout_winner: SUCCESS, 18
knockout_winner: SUCCESS, 15
knockout_winner: FAILURE
knockout_winner: FAILURE
knockout_winner: INVALID_INPUT
get_top_scorer: SUCCESS, 111
get_all_players: SUCCESS
21
194
137
29
27
71
unite_teams: FAILURE
knockout_winner: SUCCESS, 18
knockout_winner: SUCCESS, 15
knockout_winner: FAILURE
knockout_winner: FAILURE
knockout_winner: INVALID_INPUT
unite_teams: SUCCESS
add_team: FAILURE
get_num_played_games: SUCCESS, 17755
get_top_scorer: SUCCESS, 175
remove_team: FAILURE
get_all_players_count: SUCCESS, 11
remove_team: FAILURE
get_top_scorer: SUCCESS, 33
update_player_stats: SUCCESS
remove_team: FAILURE
unite_teams: FAILURE
knockout_winner: SUCCESS, 17
knockout_winner: INVALID_INPUT
knockout_winner: INVALID_INPUT
knockout_winner: SUCCESS, 19
knockout_winner: SUCCESS, 9
get_num_played_games: SUCCESS, 8840
get_all_players_count: SUCCESS, 5
get_closest_player: SUCCESS, 82
play_match: FAILURE
get_num_played_games: SUCCESS, 7918
add_player: FAILURE
get_closest_player: SUCCESS, 9
knockout_winner: SUCCESS, 3
knockout_winner: INVALID_INPUT
knockout_winner: INVALID_INPUT
knockout_winner: SUCCESS, 17
knockout_winner: INVALID_INPUT
get_team_points: SUCCESS, 1988
remove_player: SUCCESS
knockout_winner: SUCCESS, 19
knockout_winner: SUCCESS, 15
knockout_winner: FAILURE
knockout_winner: FAILURE
knockout_winner: INVALID_INPUT
knockout_winner: SUCCESS, 18
knockout_winner: SUCCESS, 15
knockout_winner: SUCCESS, 15
knockout_winner: FAILURE
knockout_winner: INVALID_INPUT
add_player: FAILURE
get_top_scorer: SUCCESS, 126
unite_teams: FAILURE
update_player_stats: SUCCESS
add_team: FAILURE
get_all_players: SUCCESS
164
9
70
147
89
77
57
178
153
146
46
86
130
112
113
193
80
31
195
remove_player: SUCCESS
get_top_scorer: SUCCESS, 54
play_match: FAILURE
add_team: FAILURE
get_all_players: SUCCESS
139
151
96
111
unite_teams: SUCCESS
get_closest_player: SUCCESS, 151
unite_teams: FAILURE
add_team: FAILURE
unite_teams: FAILURE
unite_teams: FAILURE
get_team_points: SUCCESS, 106
get_closest_player: SUCCESS, 124
remove_team: FAILURE
get_closest_player: SUCCESS, 28
unite_teams: FAILURE
remove_team: FAILURE
add_player: FAILURE
update_player_stats: SUCCESS
play_match: FAILURE
add_team: FAILURE
get_all_players_count: SUCCESS, 6
get_top_scorer: SUCCESS, 175
unite_teams: FAILURE
remove_team: FAILURE
get_all_players: SUCCESS
101
3
192
67
20
7
93
64
43
19
166
104
107
69
play_match: FAILURE
update_player_stats: SUCCESS
get_num_played_games: SUCCESS, 3348
knockout_winner: SUCCESS, 19
knockout_winner: SUCCESS, 15
knockout_winner: FAILURE
knockout_winner: FAILURE
knockout_winner: INVALID_INPUT
remove_team: FAILURE
remove_team: FAILURE
get_all_players: SUCCESS
164
9
70
147
89
77
57
178
153
146
46
86
130
112
113
193
80
31
195
remove_player: SUCCESS
get_closest_player: SUCCESS, 13
remove_team: FAILURE
get_all_players_count: SUCCESS, 5
get_team_points: SUCCESS, 5076
remove_player: SUCCESS
get_num_played_games: SUCCESS, 11219
unite_teams: FAILURE
remove_player: SUCCESS
get_all_players: SUCCESS
164
9
70
147
89
77
57
178
153
146
46
86
130
112
113
193
80
31
195
get_top_scorer: SUCCESS, 54
get_team_points: SUCCESS, 4383
add_player: FAILURE
play_match: FAILURE
remove_player: SUCCESS
get_closest_player: SUCCESS, 23
remove_team: FAILURE
add_team: FAILURE
get_team_points: SUCCESS, 17202
update_player_stats: SUCCESS
get_closest_player: SUCCESS, 70
knockout_winner: INVALID_INPUT
knockout_winner: FAILURE
knockout_winner: INVALID_INPUT
knockout_winner: INVALID_INPUT
knockout_winner: INVALID_INPUT
get_all_players_count: SUCCESS, 19
get_top_scorer: SUCCESS, 8
unite_teams: FAILURE
knockout_winner: SUCCESS, 3
knockout_winner: INVALID_INPUT
knockout_winner: INVALID_INPUT
knockout_winner: SUCCESS, 15
knockout_winner: FAILURE
remove_player: SUCCESS
get_num_played_games: SUCCESS, 6575
get_num_played_games: SUCCESS, 20901
get_num_played_games: SUCCESS, 516
add_team: FAILURE
unite_teams: FAILURE
remove_player: SUCCESS
unite_teams: FAILURE
update_player_stats: SUCCESS
get_num_played_games: SUCCESS, 9344
get_num_played_games: SUCCESS, 7378
play_match: FAILURE
get_top_scorer: SUCCESS, 181
play_match: INVALID_INPUT
get_all_players_count: SUCCESS, 4
get_closest_player: SUCCESS, 151
get_top_scorer: SUCCESS, 47
get_all_players: SUCCESS
105
149
116
39
99
26
66
65
97
121
54
knockout_winner: SUCCESS, 5
knockout_winner: INVALID_INPUT
knockout_winner: INVALID_INPUT
knockout_winner: SUCCESS, 15
knockout_winner: INVALID_INPUT
get_all_players_count: SUCCESS, 5
remove_team: FAILURE
get_top_scorer: SUCCESS, 54
update_player_stats: SUCCESS
get_team_points: SUCCESS, 305
add_team: FAILURE
get_top_scorer: SUCCESS, 83
knockout_winner: INVALID_INPUT
knockout_winner: INVALID_INPUT
knockout_winner: INVALID_INPUT
knockout_winner: INVALID_INPUT
knockout_winner: INVALID_INPUT
unite_teams: FAILURE
update_player_stats: SUCCESS
knockout_winner: SUCCESS, 15
knockout_winner: SUCCESS, 3
knockout_winner: SUCCESS, 3
knockout_winner: SUCCESS, 15
knockout_winner: INVALID_INPUT
get_num_played_games: SUCCESS, 10621
get_num_played_games: SUCCESS, 9026
remove_team: FAILURE
get_all_players: SUCCESS
154
24
155
126
unite_teams: FAILURE
remove_player: SUCCESS
get_all_players: SUCCESS
101
3
192
67
20
7
93
64
43
19
166
104
107
69
update_player_stats: SUCCESS
get_num_played_games: SUCCESS, 7352
update_player_stats: SUCCESS
get_team_points: SUCCESS, 5076
remove_team: FAILURE
unite_teams: FAILURE
update_player_stats: SUCCESS
add_player: FAILURE
get_num_played_games: SUCCESS, 6482
knockout_winner: SUCCESS, 19
knockout_winner: SUCCESS, 3
knockout_winner: SUCCESS, 3
knockout_winner: SUCCESS, 19
knockout_winner: FAILURE
add_player: FAILURE
remove_team: FAILURE
add_team: FAILURE
get_top_scorer: SUCCESS, 123
add_team: FAILURE
add_player: FAILURE
get_all_players_count: SUCCESS, 8
get_all_players: SUCCESS
105
149
116
39
99
26
66
65
97
121
get_closest_player: SUCCESS, 177
get_top_scorer: SUCCESS, 183
add_team: FAILURE
remove_team: FAILURE
remove_player: SUCCESS
get_team_points: SUCCESS, 20416
remove_team: FAILURE
get_all_players: SUCCESS
95
58
48
123
get_top_scorer: SUCCESS, 183
remove_player: SUCCESS
get_top_scorer: SUCCESS, 195
remove_player: SUCCESS
add_player: FAILURE
get_top_scorer: SUCCESS, 111
get_num_played_games: SUCCESS, 19336
knockout_winner: INVALID_INPUT
knockout_winner: INVALID_INPUT
knockout_winner: INVALID_INPUT
knockout_winner: INVALID_INPUT
knockout_winner: INVALID_INPUT
remove_player: SUCCESS
remove_team: FAILURE
remove_player: SUCCESS
remove_team: FAILURE
get_top_scorer: SUCCESS, 111
knockout_winner: FAILURE
knockout_winner: SUCCESS, 18
knockout_winner: FAILURE
knockout_winner: FAILURE
knockout_winner: INVALID_INPUT
get_team_points: SUCCESS, 20416
add_player: FAILURE
get_all_players_count: SUCCESS, 9
knockout_winner: SUCCESS, 1
knockout_winner: INVALID_INPUT
knockout_winner: INVALID_INPUT
knockout_winner: SUCCESS, 18
knockout_winner: FAILURE
knockout_winner: FAILURE
knockout_winner: SUCCESS, 3
knockout_winner: SUCCESS, 3
knockout_winner: SUCCESS, 18
knockout_winner: INVALID_INPUT
get_all_players_count: SUCCESS, 10
remove_player: SUCCESS
get_num_played_games: SUCCESS, 7254
get_all_players: SUCCESS
50
119
125
196
22
141
115
11
177
78
unite_teams: FAILURE
play_match: FAILURE
get_all_players_count: SUCCESS, 11
knockout_winner: INVALID_INPUT
knockout_winner: INVALID_INPUT
knockout_winner: INVALID_INPUT
knockout_winner: INVALID_INPUT
knockout_winner: INVALID_INPUT
get_all_players: SUCCESS
164
70
147
89
77
57
178
153
146
46
86
130
112
113
193
80
31
195
remove_player: SUCCESS
get_all_players_count: SUCCESS, 11
get_num_played_games: SUCCESS, 8443
get_all_players_count: SUCCESS, 11
update_player_stats: SUCCESS
remove_team: FAILURE
get_top_scorer: SUCCESS, 123
play_match: FAILURE
remove_player: SUCCESS
get_top_scorer: SUCCESS, 121
remove_team: FAILURE
play_match: FAILURE
remove_player: SUCCESS
get_all_players: SUCCESS
98
150
79
35
185
144
186
129
131
83
update_player_stats: SUCCESS
add_player: FAILURE
remove_player: SUCCESS
play_match: FAILURE
remove_team: FAILURE
get_top_scorer: SUCCESS, 111
knockout_winner: INVALID_INPUT
knockout_winner: INVALID_INPUT
knockout_winner: INVALID_INPUT
knockout_winner: INVALID_INPUT
knockout_winner: INVALID_INPUT
play_match: SUCCESS
add_team: FAILURE
add_team: FAILURE
play_match: FAILURE
get_closest_player: SUCCESS, 137
unite_teams: FAILURE
get_all_players_count: SUCCESS, 6
unite_teams: FAILURE
unite_teams: FAILURE
get_team_points: SUCCESS, 9987
get_all_players: SUCCESS
137
29
27
194
21
remove_player: SUCCESS
unite_teams: FAILURE
get_num_played_games: SUCCESS, 8876
update_player_stats: SUCCESS
play_match: FAILURE
get_closest_player: SUCCESS, 47
update_player_stats: SUCCESS
get_all_players: SUCCESS
95
58
48
123
update_player_stats: SUCCESS
remove_player: SUCCESS
get_all_players: SUCCESS
95
58
48
123
unite_teams: FAILURE
play_match: FAILURE
get_team_points: SUCCESS, 11587
get_all_players_count: SUCCESS, 8
remove_team: FAILURE
get_top_scorer: SUCCESS, 47
get_all_players_count: SUCCESS, 4
play_match: FAILURE
knockout_winner: FAILURE
knockout_winner: SUCCESS, 20
knockout_winner: FAILURE
knockout_winner: SUCCESS, 20
knockout_winner: INVALID_INPUT
knockout_winner: SUCCESS, 20
knockout_winner: SUCCESS, 20
knockout_winner: FAILURE
knockout_winner: FAILURE
knockout_winner: INVALID_INPUT
add_team: FAILURE
unite_teams: FAILURE
remove_team: FAILURE
unite_teams: INVALID_INPUT
play_match: FAILURE
update_player_stats: SUCCESS
get_team_points: SUCCESS, 305
remove_player: SUCCESS
add_player: FAILURE
get_team_points: SUCCESS, 6697
get_num_played_games: SUCCESS, 7325
update_player_stats: SUCCESS
get_closest_player: SUCCESS, 154
remove_player: SUCCESS
play_match: FAILURE
remove_player: SUCCESS
update_player_stats: SUCCESS
play_match: FAILURE
unite_teams: INVALID_INPUT
add_team: FAILURE
remove_player: SUCCESS
add_player: FAILURE
get_closest_player: SUCCESS, 6
get_top_scorer: SUCCESS, 111
remove_team: FAILURE
unite_teams: FAILURE
get_top_scorer: SUCCESS, 111
get_top_scorer: SUCCESS, 126
add_player: FAILURE
knockout_winner: FAILURE
knockout_winner: SUCCESS, 20
knockout_winner: FAILURE
knockout_winner: SUCCESS, 20
knockout_winner: INVALID_INPUT
get_all_players: SUCCESS
76
28
165
181
get_all_players_count: SUCCESS, 5
remove_player: SUCCESS
update_player_stats: SUCCESS
get_closest_player: SUCCESS, 46
get_all_players: SUCCESS
50
119
125
196
22
141
115
11
177
78
add_player: FAILURE
update_player_stats: SUCCESS
remove_team: FAILURE
get_all_players: SUCCESS
52
180
187
163
106
189
16
unite_teams: INVALID_INPUT
get_team_points: SUCCESS, 4383
unite_teams: FAILURE
get_num_played_games: SUCCESS, 10214
knockout_winner: FAILURE
knockout_winner: SUCCESS, 5
knockout_winner: SUCCESS, 5
knockout_winner: SUCCESS, 20
knockout_winner: INVALID_INPUT
get_all_players_count: SUCCESS, 17
remove_team: FAILURE
get_all_players_count: SUCCESS, 4
add_player: FAILURE
get_all_players: SUCCESS
50
119
125
196
22
141
115
11
177
78
get_num_played_games: SUCCESS, 1616
knockout_winner: FAILURE
knockout_winner: SUCCESS, 3
knockout_winner: SUCCESS, 3
knockout_winner: FAILURE
knockout_winner: INVALID_INPUT
get_all_players: SUCCESS
154
24
155
126
get_num_played_games: SUCCESS, 3274
update_player_stats: SUCCESS
get_team_points: SUCCESS, 6697
unite_teams: FAILURE
remove_team: FAILURE
add_player: FAILURE
unite_teams: FAILURE
get_closest_player: SUCCESS, 116
add_player: FAILURE
get_all_players_count: SUCCESS, 7
play_match: FAILURE
get_num_played_games: SUCCESS, 10350
get_all_players: SUCCESS
101
192
20
7
93
3
64
43
19
67
166
104
107
69
get_all_players: SUCCESS
199
32
87
45
8
18
get_closest_player: SUCCESS, 187
get_all_players: SUCCESS
52
180
187
163
106
189
16
get_num_played_games: SUCCESS, 10557
get_closest_player: SUCCESS, 69
get_num_played_games: SUCCESS, 9113
get_top_scorer: SUCCESS, 47
get_num_played_games: SUCCESS, 7709
get_all_players: SUCCESS
158
159
120
171
56
2
13
30
173
62
132
157
73
51
103
161
127
160
6
72
44
12
110
142
get_closest_player: SUCCESS, 98
unite_teams: FAILURE
update_player_stats: SUCCESS
remove_player: SUCCESS
add_team: FAILURE
remove_team: FAILURE
remove_player: SUCCESS
get_num_played_games: SUCCESS, 9198
get_num_played_games: SUCCESS, 7037
update_player_stats: SUCCESS
get_all_players: SUCCESS
199
32
87
45
8
18
play_match: FAILURE
add_team: FAILURE
get_all_players_count: SUCCESS, 4
update_player_stats: SUCCESS
get_top_scorer: SUCCESS, 83
play_match: FAILURE
add_team: FAILURE
unite_teams: FAILURE
get_all_players_count: SUCCESS, 14
add_team: FAILURE
get_team_points: SUCCESS, 20419
add_player: FAILURE
remove_team: FAILURE
add_team: FAILURE
get_closest_player: SUCCESS, 70
get_all_players_count: SUCCESS, 11
knockout_winner: FAILURE
knockout_winner: FAILURE
knockout_winner: FAILURE
knockout_winner: FAILURE
knockout_winner: INVALID_INPUT
add_team: FAILURE
get_all_players: SUCCESS
95
58
48
123
unite_teams: FAILURE
add_team: FAILURE
get_all_players: SUCCESS
95
58
48
123
knockout_winner: INVALID_INPUT
knockout_winner: INVALID_INPUT
knockout_winner: INVALID_INPUT
knockout_winner: INVALID_INPUT
knockout_winner: INVALID_INPUT
remove_player: SUCCESS
knockout_winner: SUCCESS, 3
knockout_winner: INVALID_INPUT
knockout_winner: INVALID_INPUT
knockout_winner: FAILURE
knockout_winner: INVALID_INPUT
get_num_played_games: SUCCESS, 11495
add_player: FAILURE
add_player: FAILURE
update_player_stats: SUCCESS
play_match: FAILURE
knockout_winner: FAILURE
knockout_winner: SUCCESS, 5
knockout_winner: SUCCESS, 5
knockout_winner: FAILURE
knockout_winner: INVALID_INPUT
add_team: FAILURE
get_team_points: SUCCESS, 5076
remove_team: FAILURE
add_team: FAILURE
remove_team: FAILURE
unite_teams: FAILURE
get_top_scorer: SUCCESS, 83
update_player_stats: SUCCESS
update_player_stats: SUCCESS
get_top_scorer: SUCCESS, 197
get_top_scorer: SUCCESS, 16
knockout_winner: SUCCESS, 3
knockout_winner: INVALID_INPUT
knockout_winner: INVALID_INPUT
knockout_winner: FAILURE
knockout_winner: FAILURE
unite_teams: INVALID_INPUT
get_team_points: SUCCESS, 305
get_num_played_games: SUCCESS, 11456
get_top_scorer: SUCCESS, 197
unite_teams: FAILURE
get_all_players: SUCCESS
151
96
111
139
unite_teams: FAILURE
knockout_winner: INVALID_INPUT
knockout_winner: FAILURE
knockout_winner: INVALID_INPUT
knockout_winner: INVALID_INPUT
knockout_winner: INVALID_INPUT
update_player_stats: SUCCESS
get_team_points: SUCCESS, 6075
get_all_players: SUCCESS
124
41
167
175
183
get_closest_player: SUCCESS, 45
knockout_winner: FAILURE
knockout_winner: FAILURE
knockout_winner: FAILURE
knockout_winner: FAILURE
knockout_winner: INVALID_INPUT
knockout_winner: SUCCESS, 1
knockout_winner: INVALID_INPUT
knockout_winner: INVALID_INPUT
knockout_winner: FAILURE
knockout_winner: INVALID_INPUT
get_num_played_games: SUCCESS, 21097
get_all_players_count: SUCCESS, 10
get_all_players_count: SUCCESS, 6
remove_team: FAILURE
get_closest_player: SUCCESS, 144
knockout_winner: FAILURE
knockout_winner: SUCCESS, 5
knockout_winner: SUCCESS, 5
knockout_winner: FAILURE
knockout_winner: FAILURE
add_team: FAILURE
remove_player: SUCCESS
get_top_scorer: SUCCESS, 47
add_team: FAILURE
add_team: FAILURE
get_num_played_games: SUCCESS, 9318
get_closest_player: SUCCESS, 61
update_player_stats: SUCCESS
get_closest_player: SUCCESS, 83
get_all_players: SUCCESS
40
82
25
135
188
63
68
61
94
remove_team: FAILURE
unite_teams: FAILURE
remove_team: FAILURE
add_player: FAILURE
get_team_points: SUCCESS, 6075
get_team_points: SUCCESS, 17202
knockout_winner: FAILURE
knockout_winner: SUCCESS, 3
knockout_winner: SUCCESS, 3
knockout_winner: FAILURE
knockout_winner: INVALID_INPUT
knockout_winner: FAILURE
knockout_winner: FAILURE
knockout_winner: FAILURE
knockout_winner: FAILURE
knockout_winner: INVALID_INPUT
remove_player: SUCCESS
get_num_played_games: SUCCESS, 22490
get_num_played_games: SUCCESS, 5829
update_player_stats: SUCCESS
unite_teams: INVALID_INPUT
get_all_players_count: SUCCESS, 9
add_player: FAILURE
get_team_points: SUCCESS, 305
unite_teams: FAILURE
get_closest_player: SUCCESS, 127
remove_team: FAILURE
add_team: FAILURE
remove_player: SUCCESS
get_top_scorer: SUCCESS, 78
get_all_players: SUCCESS
158
159
120
171
56
2
13
30
173
132
157
73
51
103
161
127
160
6
72
44
12
110
142
remove_player: SUCCESS
unite_teams: FAILURE
remove_player: SUCCESS
update_player_stats: SUCCESS
remove_player: SUCCESS
get_closest_player: SUCCESS, 147
get_closest_player: SUCCESS, 137
get_all_players: SUCCESS
52
180
106
189
16
knockout_winner: INVALID_INPUT
knockout_winner: SUCCESS, 5
knockout_winner: INVALID_INPUT
knockout_winner: INVALID_INPUT
knockout_winner: INVALID_INPUT
get_team_points: SUCCESS, 2967
remove_player: SUCCESS
remove_player: SUCCESS
update_player_stats: SUCCESS
add_player: FAILURE
get_num_played_games: SUCCESS, 17703
play_match: SUCCESS
get_num_played_games: SUCCESS, 12308
get_team_points: SUCCESS, 17202
get_all_players_count: SUCCESS, 5
add_team: FAILURE
play_match: FAILURE
unite_teams: FAILURE
remove_team: FAILURE
get_all_players_count: SUCCESS, 6
unite_teams: FAILURE
get_closest_player: SUCCESS, 98
remove_player: SUCCESS
get_team_points: SUCCESS, 5076
get_closest_player: SUCCESS, 66
get_all_players: SUCCESS
199
45
8
87
18
get_closest_player: SUCCESS, 83
add_team: FAILURE
get_num_played_games: SUCCESS, 10194
add_team: FAILURE
get_top_scorer: SUCCESS, 195
get_team_points: SUCCESS, 9987
add_player: FAILURE
remove_team: FAILURE
get_team_points: SUCCESS, 11916
get_closest_player: SUCCESS, 178
get_top_scorer: SUCCESS, 66
play_match: INVALID_INPUT
get_all_players: SUCCESS
158
159
120
171
2
13
30
173
132
73
51
103
161
127
160
6
44
12
110
142
72
unite_teams: FAILURE
play_match: FAILURE
get_team_points: SUCCESS, 9987
remove_team: FAILURE
get_closest_player: SUCCESS, 148
get_top_scorer: SUCCESS, 72
get_top_scorer: SUCCESS, 129
get_team_points: SUCCESS, 11587
unite_teams: FAILURE
play_match: FAILURE
knockout_winner: FAILURE
knockout_winner: FAILURE
knockout_winner: FAILURE
knockout_winner: FAILURE
knockout_winner: INVALID_INPUT
get_all_players: SUCCESS
50
119
125
22
141
115
11
177
78
add_team: FAILURE
remove_team: FAILURE
remove_team: FAILURE
add_team: FAILURE
remove_team: FAILURE
get_closest_player: SUCCESS, 139
update_player_stats: SUCCESS
get_num_played_games: SUCCESS, 6787
knockout_winner: FAILURE
knockout_winner: FAILURE
knockout_winner: FAILURE
knockout_winner: FAILURE
knockout_winner: INVALID_INPUT
add_team: FAILURE
add_team: FAILURE
add_player: FAILURE
unite_teams: FAILURE
get_num_played_games: SUCCESS, 12248
unite_teams: FAILURE
update_player_stats: SUCCESS
remove_player: SUCCESS
unite_teams: FAILURE
get_all_players: SUCCESS
124
41
167
175
183
get_top_scorer: SUCCESS, 195
remove_team: FAILURE
add_player: FAILURE
add_player: FAILURE
remove_player: SUCCESS
update_player_stats: SUCCESS
get_all_players: SUCCESS
50
119
125
22
141
115
11
177
78
get_all_players: SUCCESS
151
96
111
139
add_player: FAILURE
remove_player: SUCCESS
get_all_players_count: SUCCESS, 8
get_all_players_count: SUCCESS, 21
get_top_scorer: SUCCESS, 47
get_num_played_games: SUCCESS, 22662
get_num_played_games: SUCCESS, 3710
get_all_players: SUCCESS
151
96
111
139
get_all_players_count: SUCCESS, 3
remove_player: SUCCESS
get_all_players: SUCCESS
140
92
81
148
84
197
get_all_players_count: SUCCESS, 4
add_team: FAILURE
add_player: FAILURE
get_top_scorer: SUCCESS, 21
get_all_players_count: SUCCESS, 4
knockout_winner: INVALID_INPUT
knockout_winner: INVALID_INPUT
knockout_winner: INVALID_INPUT
knockout_winner: INVALID_INPUT
knockout_winner: INVALID_INPUT
knockout_winner: SUCCESS, 1
knockout_winner: INVALID_INPUT
knockout_winner: INVALID_INPUT
knockout_winner: FAILURE
knockout_winner: INVALID_INPUT
get_closest_player: SUCCESS, 30
remove_player: SUCCESS
remove_player: SUCCESS
get_all_players: SUCCESS
154
24
155
126
remove_team: FAILURE
add_team: FAILURE
get_team_points: SUCCESS, 305
remove_player: SUCCESS
get_closest_player: SUCCESS, 70
unite_teams: SUCCESS
get_num_played_games: SUCCESS, 16162
get_top_scorer: SUCCESS, 123
play_match: FAILURE
knockout_winner: FAILURE
knockout_winner: SUCCESS, 3
knockout_winner: FAILURE
knockout_winner: FAILURE
knockout_winner: INVALID_INPUT
get_closest_player: SUCCESS, 87
knockout_winner: FAILURE
knockout_winner: SUCCESS, 5
knockout_winner: SUCCESS, 5
knockout_winner: FAILURE
knockout_winner: FAILURE
unite_teams: FAILURE
get_num_played_games: SUCCESS, 518
get_num_played_games: SUCCESS, 5690
get_all_players: SUCCESS
98
150
79
35
131
144
83
129
add_team: FAILURE
remove_team: FAILURE
unite_teams: FAILURE
unite_teams: FAILURE
add_team: FAILURE
get_closest_player: SUCCESS, 72
unite_teams: FAILURE
get_team_points: SUCCESS, 3981
remove_player: SUCCESS
remove_player: SUCCESS
remove_player: SUCCESS
remove_player: SUCCESS
remove_player: SUCCESS
remove_player: SUCCESS
remove_player: SUCCESS
remove_player: SUCCESS
remove_player: SUCCESS
remove_player: SUCCESS
remove_player: SUCCESS
remove_player: SUCCESS
remove_player: SUCCESS
remove_player: SUCCESS
remove_player: SUCCESS
remove_player: SUCCESS
remove_player: SUCCESS
remove_player: SUCCESS
remove_player: SUCCESS
remove_player: SUCCESS
remove_player: SUCCESS
remove_player: SUCCESS
remove_player: SUCCESS
remove_player: SUCCESS
remove_player: SUCCESS
remove_player: SUCCESS
remove_player: SUCCESS
remove_player: SUCCESS
remove_player: SUCCESS
remove_player: SUCCESS
remove_player: SUCCESS
remove_player: SUCCESS
remove_player: SUCCESS
remove_player: SUCCESS
remove_player: SUCCESS
remove_player: SUCCESS
remove_player: SUCCESS
remove_player: SUCCESS
remove_player: SUCCESS
remove_player: SUCCESS
remove_player: SUCCESS
remove_player: SUCCESS
remove_player: SUCCESS
remove_player: SUCCESS
remove_player: SUCCESS
remove_player: SUCCESS
remove_player: SUCCESS
remove_player: SUCCESS
remove_player: SUCCESS
remove_player: SUCCESS
remove_player: SUCCESS
remove_player: SUCCESS
remove_player: SUCCESS
remove_player: SUCCESS
remove_player: SUCCESS
remove_player: SUCCESS
remove_player: SUCCESS
remove_player: SUCCESS
remove_player: SUCCESS
remove_player: SUCCESS
remove_player: SUCCESS
remove_player: SUCCESS
remove_player: SUCCESS
remove_player: SUCCESS
remove_player: SUCCESS
remove_player: SUCCESS
remove_player: SUCCESS
remove_player: SUCCESS
remove_player: SUCCESS
remove_player: SUCCESS
remove_player: SUCCESS
remove_player: SUCCESS
remove_player: SUCCESS
remove_player: SUCCESS
remove_player: SUCCESS
remove_player: SUCCESS
remove_player: SUCCESS
remove_player: SUCCESS
remove_player: SUCCESS
remove_player: SUCCESS
remove_player: SUCCESS
remove_player: SUCCESS
remove_player: SUCCESS
remove_player: SUCCESS
remove_player: SUCCESS
remove_player: SUCCESS
remove_player: SUCCESS
remove_player: SUCCESS
remove_player: SUCCESS
remove_player: SUCCESS
remove_player: SUCCESS
remove_player: SUCCESS
remove_player: SUCCESS
remove_player: SUCCESS
remove_player: SUCCESS
remove_player: SUCCESS
remove_player: SUCCESS
remove_player: SUCCESS
remove_player: SUCCESS
remove_player: SUCCESS
remove_player: SUCCESS
remove_player: SUCCESS
remove_player: SUCCESS
remove_player: SUCCESS
remove_player: SUCCESS
remove_player: SUCCESS
remove_player: SUCCESS
remove_player: SUCCESS
remove_player: SUCCESS
remove_player: SUCCESS
remove_player: SUCCESS
remove_player: SUCCESS
remove_player: SUCCESS
remove_player: SUCCESS
remove_player: SUCCESS
remove_player: SUCCESS
remove_player: SUCCESS
remove_player: SUCCESS
remove_player: SUCCESS
remove_player: SUCCESS
remove_player: SUCCESS
remove_player: SUCCESS
remove_player: SUCCESS
remove_player: SUCCESS
remove_player: SUCCESS
remove_player: SUCCESS
remove_player: SUCCESS
remove_player: SUCCESS
remove_player: SUCCESS
remove_team: SUCCESS
remove_team: SUCCESS
remove_team: SUCCESS
remove_team: SUCCESS
remove_team: SUCCESS
remove_team: SUCCESS
remove_team: SUCCESS
remove_team: SUCCESS
remove_team: SUCCESS
remove_team: SUCCESS
remove_team: SUCCESS
remove_team: SUCCESS
remove_team: SUCCESS
remove_team: SUCCESS
remove_team: SUCCESS
remove_team: SUCCESS
