add_team: SUCCESS
add_team: SUCCESS
add_team: SUCCESS
add_team: SUCCESS
add_team: SUCCESS
add_team: SUCCESS
add_team: SUCCESS
add_team: SUCCESS
add_team: SUCCESS
add_team: SUCCESS
add_team: SUCCESS
add_team: SUCCESS
add_team: SUCCESS
add_team: SUCCESS
add_team: SUCCESS
add_team: SUCCESS
add_team: SUCCESS
add_team: SUCCESS
add_team: SUCCESS
add_team: SUCCESS
add_player: SUCCESS
add_player: SUCCESS
add_player: SUCCESS
add_player: SUCCESS
add_player: SUCCESS
add_player: SUCCESS
add_player: SUCCESS
add_player: SUCCESS
add_player: SUCCESS
add_player: SUCCESS
add_player: SUCCESS
add_player: SUCCESS
add_player: SUCCESS
add_player: SUCCESS
add_player: SUCCESS
add_player: SUCCESS
add_player: SUCCESS
add_player: SUCCESS
add_player: SUCCESS
add_player: SUCCESS
add_player: SUCCESS
add_player: SUCCESS
add_player: SUCCESS
add_player: SUCCESS
add_player: SUCCESS
add_player: SUCCESS
add_player: SUCCESS
add_player: SUCCESS
add_player: SUCCESS
add_player: SUCCESS
add_player: SUCCESS
add_player: SUCCESS
add_player: SUCCESS
add_player: SUCCESS
add_player: SUCCESS
add_player: SUCCESS
add_player: SUCCESS
add_player: SUCCESS
add_player: SUCCESS
add_player: SUCCESS
add_player: SUCCESS
add_player: SUCCESS
add_player: SUCCESS
add_player: SUCCESS
add_player: SUCCESS
add_player: SUCCESS
add_player: SUCCESS
add_player: SUCCESS
add_player: SUCCESS
add_player: SUCCESS
add_player: SUCCESS
add_player: SUCCESS
add_player: SUCCESS
add_player: SUCCESS
add_player: SUCCESS
add_player: SUCCESS
add_player: SUCCESS
add_player: SUCCESS
add_player: SUCCESS
add_player: SUCCESS
add_player: SUCCESS
add_player: SUCCESS
add_player: SUCCESS
add_player: SUCCESS
add_player: SUCCESS
add_player: SUCCESS
add_player: SUCCESS
add_player: SUCCESS
add_player: SUCCESS
add_player: SUCCESS
add_player: SUCCESS
add_player: SUCCESS
add_player: SUCCESS
add_player: SUCCESS
add_player: SUCCESS
add_player: SUCCESS
add_player: SUCCESS
add_player: SUCCESS
add_player: SUCCESS
add_player: SUCCESS
add_player: SUCCESS
add_player: SUCCESS
add_player: SUCCESS
add_player: SUCCESS
add_player: SUCCESS
add_player: SUCCESS
add_player: SUCCESS
add_player: SUCCESS
add_player: SUCCESS
add_player: SUCCESS
add_player: SUCCESS
add_player: SUCCESS
add_player: SUCCESS
add_player: SUCCESS
add_player: SUCCESS
add_player: SUCCESS
add_player: SUCCESS
add_player: SUCCESS
add_player: SUCCESS
add_player: SUCCESS
add_player: SUCCESS
add_player: SUCCESS
add_player: SUCCESS
add_player: SUCCESS
add_player: SUCCESS
add_player: SUCCESS
add_player: SUCCESS
add_player: SUCCESS
add_player: SUCCESS
add_player: SUCCESS
add_player: SUCCESS
add_player: SUCCESS
add_player: SUCCESS
add_player: SUCCESS
add_player: SUCCESS
add_player: SUCCESS
add_player: SUCCESS
add_player: SUCCESS
add_player: SUCCESS
add_player: SUCCESS
add_player: SUCCESS
add_player: SUCCESS
add_player: SUCCESS
add_player: SUCCESS
add_player: SUCCESS
add_player: SUCCESS
add_player: SUCCESS
add_player: SUCCESS
add_player: SUCCESS
add_player: SUCCESS
add_player: SUCCESS
add_player: SUCCESS
add_player: SUCCESS
add_player: SUCCESS
add_player: SUCCESS
add_player: SUCCESS
add_player: SUCCESS
add_player: SUCCESS
add_player: SUCCESS
add_player: SUCCESS
add_player: SUCCESS
add_player: SUCCESS
add_player: SUCCESS
add_player: SUCCESS
add_player: SUCCESS
add_player: SUCCESS
add_player: SUCCESS
add_player: SUCCESS
add_player: SUCCESS
add_player: SUCCESS
add_player: SUCCESS
add_player: SUCCESS
add_player: SUCCESS
add_player: SUCCESS
add_player: SUCCESS
add_player: SUCCESS
add_player: SUCCESS
add_player: SUCCESS
add_player: SUCCESS
add_player: SUCCESS
add_player: SUCCESS
add_player: SUCCESS
add_player: SUCCESS
add_player: SUCCESS
add_player: SUCCESS
add_player: SUCCESS
add_player: SUCCESS
add_player: SUCCESS
add_player: SUCCESS
add_player: SUCCESS
add_player: SUCCESS
add_player: SUCCESS
add_player: SUCCESS
add_player: SUCCESS
add_player: SUCCESS
add_player: SUCCESS
add_player: SUCCESS
add_player: SUCCESS
add_player: SUCCESS
add_player: SUCCESS
add_player: SUCCESS
add_player: SUCCESS
add_player: SUCCESS
add_player: SUCCESS
add_player: SUCCESS
add_player: SUCCESS
add_player: SUCCESS
add_player: SUCCESS
add_player: SUCCESS
add_player: SUCCESS
add_player: SUCCESS
add_player: SUCCESS
add_player: SUCCESS
add_player: SUCCESS
add_player: SUCCESS
add_player: SUCCESS
add_player: SUCCESS
add_player: SUCCESS
add_player: SUCCESS
add_player: SUCCESS
knockout_winner: SUCCESS, 16
knockout_winner: SUCCESS, 18
knockout_winner: SUCCESS, 11
knockout_winner: FAILURE
knockout_winner: INVALID_INPUT
unite_teams: FAILURE
add_player: FAILURE
get_top_scorer: SUCCESS, 162
play_match: FAILURE
get_all_players_count: SUCCESS, 12
unite_teams: FAILURE
unite_teams: FAILURE
get_closest_player: SUCCESS, 99
unite_teams: INVALID_INPUT
add_team: FAILURE
knockout_winner: SUCCESS, 11
knockout_winner: SUCCESS, 16
knockout_winner: SUCCESS, 6
knockout_winner: SUCCESS, 16
knockout_winner: INVALID_INPUT
get_num_played_games: SUCCESS, 8858
remove_team: FAILURE
get_all_players: SUCCESS
22
156
136
15
174
147
101
66
173
remove_player: SUCCESS
get_closest_player: SUCCESS, 82
knockout_winner: SUCCESS, 16
knockout_winner: SUCCESS, 18
knockout_winner: SUCCESS, 11
knockout_winner: SUCCESS, 18
knockout_winner: INVALID_INPUT
play_match: FAILURE
get_num_played_games: SUCCESS, 9882
get_team_points: SUCCESS, 8421
get_all_players_count: SUCCESS, 5
get_top_scorer: SUCCESS, 160
play_match: FAILURE
add_team: FAILURE
get_all_players: SUCCESS
112
110
159
161
138
29
74
151
194
remove_team: FAILURE
get_num_played_games: SUCCESS, 8313
unite_teams: FAILURE
play_match: FAILURE
get_all_players_count: SUCCESS, 12
get_closest_player: SUCCESS, 52
get_all_players: SUCCESS
30
41
32
64
26
185
158
167
165
130
58
157
remove_team: FAILURE
get_all_players_count: SUCCESS, 9
get_all_players_count: SUCCESS, 10
play_match: FAILURE
get_top_scorer: SUCCESS, 157
remove_team: FAILURE
add_team: FAILURE
play_match: FAILURE
get_team_points: SUCCESS, 9423
remove_team: FAILURE
get_team_points: SUCCESS, 11968
get_team_points: SUCCESS, 8421
get_all_players_count: SUCCESS, 16
update_player_stats: SUCCESS
get_all_players_count: SUCCESS, 5
play_match: FAILURE
get_all_players: SUCCESS
76
123
198
78
153
69
192
get_num_played_games: SUCCESS, 1284
get_top_scorer: SUCCESS, 65
get_closest_player: SUCCESS, 159
add_team: FAILURE
get_all_players: SUCCESS
53
61
86
79
160
get_team_points: SUCCESS, 12325
remove_team: FAILURE
get_all_players_count: SUCCESS, 10
get_all_players: SUCCESS
117
100
46
87
200
107
113
119
176
52
170
20
116
89
162
play_match: FAILURE
add_team: FAILURE
get_all_players_count: SUCCESS, 12
remove_team: FAILURE
get_all_players: SUCCESS
6
85
108
124
38
95
84
48
106
81
72
31
94
get_top_scorer: SUCCESS, 160
update_player_stats: SUCCESS
get_team_points: SUCCESS, 8421
remove_player: SUCCESS
remove_player: SUCCESS
get_all_players: SUCCESS
22
156
136
15
174
147
101
66
173
get_team_points: SUCCESS, 3862
knockout_winner: SUCCESS, 18
knockout_winner: SUCCESS, 15
knockout_winner: FAILURE
knockout_winner: FAILURE
knockout_winner: INVALID_INPUT
get_all_players_count: SUCCESS, 9
get_closest_player: SUCCESS, 133
remove_player: SUCCESS
get_closest_player: SUCCESS, 30
unite_teams: FAILURE
add_player: FAILURE
get_num_played_games: SUCCESS, 6651
get_top_scorer: SUCCESS, 195
play_match: INVALID_INPUT
add_player: FAILURE
remove_player: SUCCESS
update_player_stats: SUCCESS
add_player: FAILURE
get_num_played_games: SUCCESS, 5696
remove_player: SUCCESS
remove_player: SUCCESS
add_player: FAILURE
get_all_players: SUCCESS
22
156
136
15
174
147
101
66
173
play_match: SUCCESS
remove_player: SUCCESS
add_player: FAILURE
get_closest_player: SUCCESS, 11
get_num_played_games: SUCCESS, 3667
get_team_points: SUCCESS, 12328
unite_teams: SUCCESS
update_player_stats: SUCCESS
unite_teams: FAILURE
unite_teams: SUCCESS
add_player: FAILURE
get_num_played_games: SUCCESS, 1992
knockout_winner: SUCCESS, 3
knockout_winner: INVALID_INPUT
knockout_winner: INVALID_INPUT
knockout_winner: SUCCESS, 11
knockout_winner: INVALID_INPUT
unite_teams: FAILURE
play_match: FAILURE
update_player_stats: SUCCESS
add_player: FAILURE
get_all_players: SUCCESS
53
61
86
79
play_match: FAILURE
add_player: FAILURE
unite_teams: INVALID_INPUT
get_all_players: SUCCESS
103
35
175
122
70
105
28
59
183
remove_team: FAILURE
update_player_stats: SUCCESS
get_all_players: SUCCESS
53
61
86
79
knockout_winner: FAILURE
knockout_winner: SUCCESS, 18
knockout_winner: FAILURE
knockout_winner: FAILURE
knockout_winner: INVALID_INPUT
remove_team: FAILURE
play_match: FAILURE
unite_teams: FAILURE
unite_teams: FAILURE
remove_player: SUCCESS
get_all_players: SUCCESS
13
75
197
109
186
114
164
21
92
182
169
189
play_match: FAILURE
play_match: FAILURE
remove_team: FAILURE
get_all_players: SUCCESS
76
123
198
11
16
104
47
134
153
82
69
49
2
192
115
remove_team: FAILURE
get_all_players: SUCCESS
22
156
136
15
174
147
101
66
173
get_top_scorer: SUCCESS, 10
play_match: FAILURE
knockout_winner: SUCCESS, 16
knockout_winner: SUCCESS, 18
knockout_winner: SUCCESS, 11
knockout_winner: FAILURE
knockout_winner: INVALID_INPUT
play_match: FAILURE
unite_teams: SUCCESS
play_match: FAILURE
remove_team: FAILURE
remove_player: SUCCESS
get_team_points: SUCCESS, 4853
add_player: FAILURE
add_team: FAILURE
add_player: FAILURE
get_num_played_games: SUCCESS, 8745
unite_teams: INVALID_INPUT
add_team: FAILURE
remove_player: SUCCESS
get_top_scorer: SUCCESS, 10
play_match: FAILURE
get_top_scorer: SUCCESS, 10
update_player_stats: SUCCESS
get_all_players: SUCCESS
120
188
4
56
152
33
67
91
96
98
179
126
3
25
55
44
24
146
168
19
8
43
155
83
37
193
73
remove_team: FAILURE
get_num_played_games: SUCCESS, 5696
remove_player: SUCCESS
update_player_stats: SUCCESS
update_player_stats: SUCCESS
play_match: FAILURE
get_top_scorer: SUCCESS, 157
add_team: FAILURE
update_player_stats: SUCCESS
play_match: FAILURE
remove_team: FAILURE
update_player_stats: SUCCESS
unite_teams: SUCCESS
remove_team: FAILURE
play_match: FAILURE
add_player: FAILURE
get_num_played_games: SUCCESS, 6982
get_all_players_count: SUCCESS, 22
knockout_winner: INVALID_INPUT
knockout_winner: INVALID_INPUT
knockout_winner: INVALID_INPUT
knockout_winner: INVALID_INPUT
knockout_winner: INVALID_INPUT
add_team: FAILURE
remove_player: SUCCESS
get_top_scorer: SUCCESS, 144
remove_team: FAILURE
knockout_winner: SUCCESS, 18
knockout_winner: SUCCESS, 18
knockout_winner: SUCCESS, 15
knockout_winner: FAILURE
knockout_winner: INVALID_INPUT
remove_player: SUCCESS
add_team: FAILURE
get_closest_player: SUCCESS, 46
get_closest_player: SUCCESS, 177
get_all_players_count: SUCCESS, 10
remove_player: SUCCESS
get_all_players: SUCCESS
6
85
108
124
38
95
48
106
81
31
94
72
84
get_num_played_games: SUCCESS, 3824
remove_team: FAILURE
add_player: FAILURE
play_match: FAILURE
get_num_played_games: SUCCESS, 3670
get_num_played_games: SUCCESS, 8792
get_closest_player: SUCCESS, 195
play_match: FAILURE
unite_teams: SUCCESS
knockout_winner: SUCCESS, 11
knockout_winner: INVALID_INPUT
knockout_winner: INVALID_INPUT
knockout_winner: SUCCESS, 15
knockout_winner: INVALID_INPUT
remove_team: FAILURE
get_all_players_count: SUCCESS, 9
get_num_played_games: SUCCESS, 11375
knockout_winner: INVALID_INPUT
knockout_winner: SUCCESS, 3
knockout_winner: INVALID_INPUT
knockout_winner: INVALID_INPUT
knockout_winner: INVALID_INPUT
get_team_points: SUCCESS, 3862
add_player: FAILURE
get_top_scorer: SUCCESS, 151
knockout_winner: INVALID_INPUT
knockout_winner: FAILURE
knockout_winner: INVALID_INPUT
knockout_winner: INVALID_INPUT
knockout_winner: INVALID_INPUT
unite_teams: SUCCESS
get_all_players: SUCCESS
5
18
118
177
196
knockout_winner: SUCCESS, 2
knockout_winner: INVALID_INPUT
knockout_winner: INVALID_INPUT
knockout_winner: FAILURE
knockout_winner: INVALID_INPUT
update_player_stats: SUCCESS
get_top_scorer: SUCCESS, 151
get_top_scorer: SUCCESS, 162
get_all_players: SUCCESS
22
156
136
15
174
147
101
66
173
unite_teams: FAILURE
update_player_stats: SUCCESS
remove_team: FAILURE
get_top_scorer: SUCCESS, 151
update_player_stats: SUCCESS
update_player_stats: SUCCESS
unite_teams: FAILURE
add_player: FAILURE
add_player: FAILURE
get_team_points: SUCCESS, 14273
play_match: FAILURE
add_team: FAILURE
get_all_players_count: SUCCESS, 5
unite_teams: FAILURE
knockout_winner: SUCCESS, 14
knockout_winner: SUCCESS, 18
knockout_winner: FAILURE
knockout_winner: SUCCESS, 18
knockout_winner: INVALID_INPUT
get_num_played_games: SUCCESS, 5141
play_match: FAILURE
unite_teams: FAILURE
update_player_stats: SUCCESS
get_closest_player: SUCCESS, 48
get_num_played_games: SUCCESS, 3529
remove_team: FAILURE
unite_teams: SUCCESS
add_player: FAILURE
get_top_scorer: SUCCESS, 151
knockout_winner: INVALID_INPUT
knockout_winner: SUCCESS, 18
knockout_winner: INVALID_INPUT
knockout_winner: INVALID_INPUT
knockout_winner: INVALID_INPUT
knockout_winner: INVALID_INPUT
knockout_winner: SUCCESS, 7
knockout_winner: INVALID_INPUT
knockout_winner: INVALID_INPUT
knockout_winner: INVALID_INPUT
get_all_players_count: SUCCESS, 22
unite_teams: SUCCESS
get_num_played_games: SUCCESS, 10638
add_player: FAILURE
add_player: FAILURE
unite_teams: FAILURE
remove_player: SUCCESS
play_match: FAILURE
update_player_stats: SUCCESS
update_player_stats: SUCCESS
add_player: FAILURE
add_team: FAILURE
remove_team: FAILURE
get_closest_player: SUCCESS, 46
get_team_points: SUCCESS, 24222
update_player_stats: SUCCESS
remove_player: SUCCESS
update_player_stats: SUCCESS
get_all_players: SUCCESS
6
85
124
38
108
95
48
106
81
31
94
72
84
play_match: FAILURE
get_top_scorer: SUCCESS, 10
add_team: FAILURE
remove_team: FAILURE
get_team_points: SUCCESS, 10119
remove_team: FAILURE
get_team_points: SUCCESS, 19394
remove_player: SUCCESS
remove_player: SUCCESS
get_all_players: SUCCESS
112
61
110
159
138
79
29
74
151
play_match: FAILURE
add_player: FAILURE
update_player_stats: SUCCESS
get_closest_player: SUCCESS, 197
update_player_stats: SUCCESS
play_match: FAILURE
add_team: FAILURE
remove_player: SUCCESS
get_all_players: SUCCESS
13
30
41
32
64
75
197
109
158
185
167
114
164
21
92
26
165
130
58
157
169
189
add_player: FAILURE
get_top_scorer: SUCCESS, 196
get_closest_player: SUCCESS, 89
add_team: FAILURE
get_closest_player: SUCCESS, 4
remove_player: SUCCESS
get_team_points: SUCCESS, 14273
get_num_played_games: SUCCESS, 21725
get_all_players: SUCCESS
12
163
42
137
125
150
9
51
148
40
139
133
88
149
90
99
131
172
65
195
10
play_match: FAILURE
get_all_players: SUCCESS
117
100
46
87
200
107
113
119
176
52
170
20
116
89
162
get_all_players_count: SUCCESS, 4
unite_teams: FAILURE
unite_teams: FAILURE
get_closest_player: SUCCESS, 81
knockout_winner: INVALID_INPUT
knockout_winner: SUCCESS, 11
knockout_winner: INVALID_INPUT
knockout_winner: INVALID_INPUT
knockout_winner: INVALID_INPUT
update_player_stats: SUCCESS
get_top_scorer: SUCCESS, 189
play_match: SUCCESS
get_all_players_count: SUCCESS, 9
update_player_stats: SUCCESS
knockout_winner: SUCCESS, 11
knockout_winner: SUCCESS, 7
knockout_winner: FAILURE
knockout_winner: FAILURE
knockout_winner: INVALID_INPUT
get_num_played_games: SUCCESS, 995
get_top_scorer: SUCCESS, 162
remove_team: FAILURE
update_player_stats: SUCCESS
get_num_played_games: SUCCESS, 10114
add_player: FAILURE
add_player: FAILURE
add_player: FAILURE
play_match: FAILURE
get_top_scorer: SUCCESS, 189
remove_team: FAILURE
add_player: FAILURE
get_all_players_count: SUCCESS, 8
remove_team: FAILURE
unite_teams: FAILURE
get_all_players: SUCCESS
5
18
177
196
add_player: FAILURE
unite_teams: FAILURE
get_top_scorer: SUCCESS, 162
get_closest_player: SUCCESS, 135
add_team: FAILURE
unite_teams: FAILURE
get_all_players_count: SUCCESS, 9
get_team_points: SUCCESS, 19394
knockout_winner: INVALID_INPUT
knockout_winner: INVALID_INPUT
knockout_winner: INVALID_INPUT
knockout_winner: INVALID_INPUT
knockout_winner: INVALID_INPUT
unite_teams: FAILURE
add_team: FAILURE
knockout_winner: INVALID_INPUT
knockout_winner: INVALID_INPUT
knockout_winner: INVALID_INPUT
knockout_winner: INVALID_INPUT
knockout_winner: INVALID_INPUT
get_team_points: SUCCESS, 10588
add_team: FAILURE
get_num_played_games: SUCCESS, 3861
add_team: FAILURE
unite_teams: FAILURE
get_team_points: SUCCESS, 19394
unite_teams: SUCCESS
add_player: FAILURE
remove_player: SUCCESS
get_team_points: SUCCESS, 24222
get_all_players: SUCCESS
117
100
46
5
87
200
107
113
18
119
176
177
52
170
20
116
89
196
162
unite_teams: FAILURE
knockout_winner: INVALID_INPUT
knockout_winner: SUCCESS, 15
knockout_winner: INVALID_INPUT
knockout_winner: INVALID_INPUT
knockout_winner: INVALID_INPUT
get_num_played_games: SUCCESS, 2926
get_team_points: SUCCESS, 19394
knockout_winner: SUCCESS, 13
knockout_winner: SUCCESS, 13
knockout_winner: FAILURE
knockout_winner: FAILURE
knockout_winner: INVALID_INPUT
get_num_played_games: SUCCESS, 1992
update_player_stats: SUCCESS
play_match: FAILURE
get_team_points: SUCCESS, 22393
remove_player: SUCCESS
update_player_stats: SUCCESS
get_num_played_games: SUCCESS, 3888
add_player: FAILURE
get_all_players: SUCCESS
156
136
15
22
174
147
101
66
173
get_num_played_games: SUCCESS, 1132
get_top_scorer: SUCCESS, 93
knockout_winner: SUCCESS, 5
knockout_winner: SUCCESS, 5
knockout_winner: SUCCESS, 5
knockout_winner: SUCCESS, 13
knockout_winner: INVALID_INPUT
add_team: FAILURE
add_team: FAILURE
remove_player: SUCCESS
get_top_scorer: SUCCESS, 10
get_num_played_games: SUCCESS, 8745
get_all_players: SUCCESS
187
97
17
190
7
141
132
34
135
27
178
184
181
144
get_top_scorer: SUCCESS, 73
get_all_players: SUCCESS
13
30
41
32
64
75
197
109
158
185
167
114
164
21
92
26
165
130
58
157
169
189
remove_team: FAILURE
get_team_points: SUCCESS, 19394
get_num_played_games: SUCCESS, 6510
get_top_scorer: SUCCESS, 189
get_closest_player: SUCCESS, 173
get_num_played_games: SUCCESS, 11663
remove_team: FAILURE
update_player_stats: SUCCESS
remove_player: SUCCESS
update_player_stats: SUCCESS
remove_player: SUCCESS
get_all_players: SUCCESS
12
163
42
137
125
51
148
40
139
133
88
149
90
99
131
172
9
65
195
150
10
knockout_winner: INVALID_INPUT
knockout_winner: SUCCESS, 13
knockout_winner: INVALID_INPUT
knockout_winner: INVALID_INPUT
knockout_winner: INVALID_INPUT
update_player_stats: SUCCESS
unite_teams: SUCCESS
play_match: FAILURE
get_all_players: SUCCESS
100
46
87
200
107
113
18
119
177
52
117
176
170
20
116
89
196
162
knockout_winner: INVALID_INPUT
knockout_winner: SUCCESS, 15
knockout_winner: INVALID_INPUT
knockout_winner: INVALID_INPUT
knockout_winner: INVALID_INPUT
get_closest_player: SUCCESS, 200
get_closest_player: SUCCESS, 128
get_closest_player: SUCCESS, 185
play_match: FAILURE
add_player: FAILURE
get_num_played_games: SUCCESS, 5551
get_top_scorer: SUCCESS, 189
add_team: FAILURE
get_all_players: SUCCESS
100
46
87
200
107
113
18
119
177
52
117
176
170
20
116
89
196
162
update_player_stats: SUCCESS
knockout_winner: SUCCESS, 15
knockout_winner: SUCCESS, 13
knockout_winner: FAILURE
knockout_winner: FAILURE
knockout_winner: INVALID_INPUT
get_top_scorer: SUCCESS, 73
knockout_winner: INVALID_INPUT
knockout_winner: INVALID_INPUT
knockout_winner: INVALID_INPUT
knockout_winner: INVALID_INPUT
knockout_winner: INVALID_INPUT
knockout_winner: SUCCESS, 13
knockout_winner: SUCCESS, 13
knockout_winner: FAILURE
knockout_winner: FAILURE
knockout_winner: INVALID_INPUT
play_match: FAILURE
get_all_players: SUCCESS
6
12
163
42
137
125
85
51
148
124
38
108
40
139
133
95
88
149
48
90
99
131
172
106
81
9
65
31
94
195
72
150
10
84
get_top_scorer: SUCCESS, 144
update_player_stats: SUCCESS
unite_teams: FAILURE
unite_teams: INVALID_INPUT
remove_player: SUCCESS
add_player: FAILURE
play_match: FAILURE
get_all_players_count: SUCCESS, 9
remove_player: SUCCESS
add_team: FAILURE
remove_team: FAILURE
knockout_winner: FAILURE
knockout_winner: SUCCESS, 13
knockout_winner: SUCCESS, 13
knockout_winner: FAILURE
knockout_winner: INVALID_INPUT
get_closest_player: SUCCESS, 112
update_player_stats: SUCCESS
unite_teams: FAILURE
update_player_stats: SUCCESS
get_all_players_count: SUCCESS, 8
play_match: FAILURE
unite_teams: FAILURE
get_num_played_games: SUCCESS, 4143
get_team_points: SUCCESS, 8825
add_team: FAILURE
add_player: FAILURE
remove_team: FAILURE
add_team: FAILURE
get_top_scorer: SUCCESS, 173
get_all_players_count: SUCCESS, 37
get_top_scorer: SUCCESS, 144
get_closest_player: SUCCESS, 164
get_top_scorer: SUCCESS, 84
remove_team: FAILURE
get_all_players: SUCCESS
123
198
11
16
104
47
134
153
82
49
2
192
115
play_match: SUCCESS
play_match: FAILURE
get_num_played_games: SUCCESS, 3960
get_closest_player: SUCCESS, 137
add_player: FAILURE
get_all_players_count: SUCCESS, 14
update_player_stats: SUCCESS
unite_teams: FAILURE
add_player: FAILURE
add_team: FAILURE
get_team_points: SUCCESS, 13690
update_player_stats: SUCCESS
add_player: FAILURE
knockout_winner: SUCCESS, 5
knockout_winner: SUCCESS, 5
knockout_winner: FAILURE
knockout_winner: FAILURE
knockout_winner: INVALID_INPUT
play_match: SUCCESS
get_all_players_count: SUCCESS, 18
add_team: FAILURE
update_player_stats: SUCCESS
get_num_played_games: SUCCESS, 8866
play_match: FAILURE
update_player_stats: SUCCESS
get_all_players_count: SUCCESS, 33
remove_player: SUCCESS
play_match: FAILURE
update_player_stats: SUCCESS
add_team: FAILURE
play_match: FAILURE
get_team_points: SUCCESS, 10588
add_team: FAILURE
remove_player: SUCCESS
get_team_points: SUCCESS, 18024
get_all_players: SUCCESS
187
97
17
190
7
141
132
34
135
27
178
184
181
144
get_top_scorer: SUCCESS, 93
get_top_scorer: SUCCESS, 84
add_player: FAILURE
get_num_played_games: SUCCESS, 5387
update_player_stats: SUCCESS
add_player: FAILURE
get_closest_player: SUCCESS, 106
get_all_players: SUCCESS
187
97
17
190
7
141
132
34
135
27
178
184
181
144
play_match: SUCCESS
add_player: FAILURE
get_num_played_games: SUCCESS, 14873
knockout_winner: SUCCESS, 15
knockout_winner: SUCCESS, 13
knockout_winner: FAILURE
knockout_winner: FAILURE
knockout_winner: INVALID_INPUT
add_team: FAILURE
add_team: FAILURE
get_num_played_games: SUCCESS, 5698
get_closest_player: SUCCESS, 189
get_closest_player: SUCCESS, 135
add_team: FAILURE
play_match: FAILURE
get_all_players_count: SUCCESS, 22
get_team_points: SUCCESS, 8825
add_player: FAILURE
remove_team: FAILURE
get_all_players_count: SUCCESS, 9
get_top_scorer: SUCCESS, 173
get_closest_player: SUCCESS, 30
get_num_played_games: SUCCESS, 6243
knockout_winner: SUCCESS, 13
knockout_winner: INVALID_INPUT
knockout_winner: INVALID_INPUT
knockout_winner: SUCCESS, 13
knockout_winner: INVALID_INPUT
knockout_winner: INVALID_INPUT
knockout_winner: SUCCESS, 5
knockout_winner: INVALID_INPUT
knockout_winner: INVALID_INPUT
knockout_winner: INVALID_INPUT
remove_player: SUCCESS
get_num_played_games: SUCCESS, 9447
add_player: FAILURE
update_player_stats: SUCCESS
get_top_scorer: SUCCESS, 59
remove_player: SUCCESS
remove_player: SUCCESS
knockout_winner: INVALID_INPUT
knockout_winner: SUCCESS, 7
knockout_winner: INVALID_INPUT
knockout_winner: INVALID_INPUT
knockout_winner: INVALID_INPUT
remove_team: FAILURE
update_player_stats: SUCCESS
unite_teams: FAILURE
get_closest_player: SUCCESS, 10
get_all_players_count: SUCCESS, 36
get_top_scorer: SUCCESS, 73
unite_teams: SUCCESS
get_closest_player: SUCCESS, 108
get_top_scorer: SUCCESS, 115
get_closest_player: SUCCESS, 110
remove_team: FAILURE
add_player: FAILURE
unite_teams: SUCCESS
remove_player: SUCCESS
get_closest_player: SUCCESS, 47
knockout_winner: INVALID_INPUT
knockout_winner: SUCCESS, 5
knockout_winner: INVALID_INPUT
knockout_winner: INVALID_INPUT
knockout_winner: INVALID_INPUT
get_all_players_count: SUCCESS, 9
add_team: FAILURE
get_all_players_count: SUCCESS, 13
get_all_players: SUCCESS
187
97
17
190
7
141
132
34
135
27
178
181
144
get_all_players: SUCCESS
187
97
17
190
7
141
132
34
135
27
178
181
144
get_team_points: SUCCESS, 23098
remove_player: SUCCESS
get_all_players_count: SUCCESS, 8
add_player: FAILURE
update_player_stats: SUCCESS
get_closest_player: SUCCESS, 89
add_player: FAILURE
get_all_players_count: SUCCESS, 55
remove_player: SUCCESS
update_player_stats: SUCCESS
play_match: SUCCESS
get_top_scorer: SUCCESS, 115
get_num_played_games: SUCCESS, 13056
add_team: FAILURE
add_player: FAILURE
update_player_stats: SUCCESS
get_top_scorer: SUCCESS, 93
knockout_winner: SUCCESS, 13
knockout_winner: SUCCESS, 13
knockout_winner: SUCCESS, 5
knockout_winner: SUCCESS, 13
knockout_winner: INVALID_INPUT
remove_team: FAILURE
get_all_players_count: SUCCESS, 9
get_team_points: SUCCESS, 9423
get_all_players: SUCCESS
13
30
120
188
140
75
166
4
197
152
64
180
91
50
142
98
158
185
179
167
126
114
128
36
41
164
21
146
92
62
26
3
80
165
39
8
43
130
58
155
169
171
83
102
24
193
1
157
199
189
109
55
44
25
73
play_match: FAILURE
play_match: SUCCESS
remove_team: FAILURE
add_team: FAILURE
get_team_points: SUCCESS, 11600
get_team_points: SUCCESS, 11600
knockout_winner: SUCCESS, 5
knockout_winner: INVALID_INPUT
knockout_winner: INVALID_INPUT
knockout_winner: FAILURE
knockout_winner: INVALID_INPUT
get_top_scorer: SUCCESS, 144
knockout_winner: SUCCESS, 17
knockout_winner: SUCCESS, 13
knockout_winner: FAILURE
knockout_winner: FAILURE
knockout_winner: INVALID_INPUT
get_closest_player: SUCCESS, 108
remove_player: SUCCESS
unite_teams: FAILURE
update_player_stats: SUCCESS
get_all_players_count: SUCCESS, 55
remove_player: SUCCESS
knockout_winner: SUCCESS, 13
knockout_winner: SUCCESS, 13
knockout_winner: FAILURE
knockout_winner: FAILURE
knockout_winner: INVALID_INPUT
get_closest_player: SUCCESS, 177
add_team: FAILURE
remove_player: SUCCESS
remove_player: SUCCESS
add_team: FAILURE
get_top_scorer: SUCCESS, 93
get_closest_player: SUCCESS, 103
add_team: FAILURE
unite_teams: SUCCESS
add_team: FAILURE
play_match: FAILURE
get_all_players_count: SUCCESS, 7
add_player: FAILURE
get_num_played_games: SUCCESS, 4114
get_team_points: SUCCESS, 11600
update_player_stats: SUCCESS
get_closest_player: SUCCESS, 196
knockout_winner: SUCCESS, 13
knockout_winner: INVALID_INPUT
knockout_winner: INVALID_INPUT
knockout_winner: SUCCESS, 13
knockout_winner: FAILURE
get_all_players: SUCCESS
6
112
121
163
42
137
125
54
61
85
148
124
38
108
139
40
110
133
95
57
88
138
149
145
79
48
99
131
172
29
159
81
9
65
71
31
90
94
191
151
143
72
150
10
93
84
106
add_player: FAILURE
get_num_played_games: SUCCESS, 5539
remove_player: SUCCESS
add_player: FAILURE
get_team_points: SUCCESS, 41122
add_player: FAILURE
get_all_players_count: SUCCESS, 12
unite_teams: FAILURE
add_player: FAILURE
get_closest_player: SUCCESS, 179
remove_team: FAILURE
update_player_stats: SUCCESS
get_closest_player: SUCCESS, 3
get_all_players: SUCCESS
187
97
17
190
7
141
132
34
135
27
178
144
add_team: FAILURE
add_team: FAILURE
play_match: FAILURE
remove_team: FAILURE
get_all_players: SUCCESS
13
30
120
188
140
75
166
4
197
152
64
180
91
50
142
98
158
185
179
167
126
114
128
36
41
164
21
146
92
62
26
3
80
165
39
8
43
130
58
169
171
83
102
24
193
1
157
199
189
109
55
44
25
73
get_closest_player: SUCCESS, 81
unite_teams: FAILURE
get_all_players_count: SUCCESS, 13
get_all_players_count: SUCCESS, 9
unite_teams: SUCCESS
remove_player: SUCCESS
unite_teams: INVALID_INPUT
get_team_points: SUCCESS, 41122
add_team: FAILURE
play_match: FAILURE
remove_player: SUCCESS
remove_player: SUCCESS
play_match: SUCCESS
get_top_scorer: SUCCESS, 73
add_team: FAILURE
add_team: FAILURE
add_team: FAILURE
get_top_scorer: SUCCESS, 73
get_num_played_games: SUCCESS, 7931
unite_teams: SUCCESS
get_num_played_games: SUCCESS, 6054
add_player: FAILURE
get_num_played_games: SUCCESS, 4114
get_team_points: SUCCESS, 33999
get_closest_player: SUCCESS, 126
knockout_winner: SUCCESS, 20
knockout_winner: SUCCESS, 20
knockout_winner: SUCCESS, 15
knockout_winner: FAILURE
knockout_winner: INVALID_INPUT
get_all_players_count: SUCCESS, 25
unite_teams: FAILURE
remove_team: FAILURE
get_all_players: SUCCESS
156
136
15
22
174
147
101
66
173
get_closest_player: SUCCESS, 140
add_player: FAILURE
get_top_scorer: SUCCESS, 162
get_all_players_count: SUCCESS, 53
unite_teams: FAILURE
remove_team: FAILURE
get_top_scorer: SUCCESS, 162
add_team: FAILURE
remove_player: SUCCESS
get_all_players_count: SUCCESS, 52
get_all_players: SUCCESS
100
46
103
175
87
70
200
107
122
105
113
119
28
177
52
117
176
59
20
116
89
196
162
get_num_played_games: SUCCESS, 11247
update_player_stats: SUCCESS
remove_player: SUCCESS
get_top_scorer: SUCCESS, 143
update_player_stats: SUCCESS
knockout_winner: FAILURE
knockout_winner: SUCCESS, 3
knockout_winner: SUCCESS, 3
knockout_winner: FAILURE
knockout_winner: INVALID_INPUT
knockout_winner: INVALID_INPUT
knockout_winner: INVALID_INPUT
knockout_winner: INVALID_INPUT
knockout_winner: INVALID_INPUT
knockout_winner: INVALID_INPUT
remove_team: FAILURE
remove_team: FAILURE
get_all_players_count: SUCCESS, 51
get_all_players: SUCCESS
13
30
120
188
140
75
166
4
197
152
64
180
91
50
142
158
185
179
167
126
114
128
36
41
21
146
92
62
26
3
80
165
39
8
43
130
58
169
83
102
24
193
1
157
199
189
109
55
44
25
73
add_team: FAILURE
add_player: FAILURE
get_team_points: SUCCESS, 33999
knockout_winner: SUCCESS, 15
knockout_winner: SUCCESS, 15
knockout_winner: SUCCESS, 15
knockout_winner: SUCCESS, 20
knockout_winner: INVALID_INPUT
get_top_scorer: SUCCESS, 115
get_num_played_games: SUCCESS, 1802
remove_player: SUCCESS
get_all_players: SUCCESS
156
136
15
22
174
147
101
66
173
add_team: FAILURE
get_all_players_count: SUCCESS, 45
add_team: FAILURE
unite_teams: INVALID_INPUT
get_team_points: SUCCESS, 24284
get_all_players: SUCCESS
6
112
121
163
42
137
125
54
61
85
148
124
38
108
139
40
110
133
95
57
88
138
149
145
79
99
131
172
29
65
71
31
90
94
191
151
72
150
159
10
93
84
106
143
9
get_all_players_count: SUCCESS, 25
add_team: FAILURE
get_closest_player: SUCCESS, 26
remove_player: SUCCESS
get_all_players_count: SUCCESS, 44
get_closest_player: SUCCESS, 151
get_all_players_count: SUCCESS, 9
play_match: FAILURE
play_match: SUCCESS
knockout_winner: SUCCESS, 15
knockout_winner: SUCCESS, 15
knockout_winner: FAILURE
knockout_winner: SUCCESS, 20
knockout_winner: INVALID_INPUT
remove_team: FAILURE
unite_teams: SUCCESS
get_num_played_games: SUCCESS, 5585
get_closest_player: SUCCESS, 84
update_player_stats: SUCCESS
get_top_scorer: SUCCESS, 9
get_num_played_games: SUCCESS, 3673
remove_player: SUCCESS
get_all_players_count: SUCCESS, 48
get_all_players_count: SUCCESS, 51
remove_player: SUCCESS
get_team_points: SUCCESS, 43619
remove_player: SUCCESS
unite_teams: FAILURE
get_num_played_games: SUCCESS, 24220
remove_player: SUCCESS
add_team: FAILURE
get_top_scorer: SUCCESS, 73
get_top_scorer: SUCCESS, 9
get_closest_player: SUCCESS, 156
get_closest_player: SUCCESS, 101
update_player_stats: SUCCESS
unite_teams: INVALID_INPUT
get_all_players_count: SUCCESS, 43
play_match: INVALID_INPUT
get_closest_player: SUCCESS, 193
update_player_stats: SUCCESS
remove_player: SUCCESS
add_team: FAILURE
get_team_points: SUCCESS, 41125
get_all_players: SUCCESS
6
112
121
163
42
137
125
54
61
85
148
124
38
108
139
40
110
133
95
57
88
138
149
145
79
99
131
172
29
65
71
31
90
94
191
72
150
10
93
84
106
143
9
get_all_players: SUCCESS
156
136
15
22
174
147
101
66
173
knockout_winner: SUCCESS, 15
knockout_winner: SUCCESS, 3
knockout_winner: SUCCESS, 3
knockout_winner: SUCCESS, 15
knockout_winner: INVALID_INPUT
play_match: SUCCESS
unite_teams: FAILURE
unite_teams: FAILURE
get_team_points: SUCCESS, 41125
remove_team: FAILURE
remove_team: FAILURE
get_all_players_count: SUCCESS, 44
add_team: FAILURE
add_player: FAILURE
update_player_stats: SUCCESS
get_all_players: SUCCESS
187
97
100
46
103
123
87
17
198
11
70
16
190
200
47
7
107
122
105
113
141
153
132
119
34
28
104
177
52
117
27
178
59
49
20
2
144
192
116
89
135
196
115
162
remove_player: SUCCESS
unite_teams: FAILURE
remove_team: FAILURE
remove_team: FAILURE
play_match: FAILURE
get_num_played_games: SUCCESS, 7932
add_team: FAILURE
remove_player: SUCCESS
remove_player: SUCCESS
get_closest_player: SUCCESS, 84
get_closest_player: SUCCESS, 11
remove_team: FAILURE
update_player_stats: SUCCESS
add_team: FAILURE
remove_team: FAILURE
get_all_players: SUCCESS
156
136
15
22
174
147
101
66
173
remove_player: SUCCESS
add_player: FAILURE
get_all_players_count: SUCCESS, 43
get_top_scorer: SUCCESS, 9
knockout_winner: INVALID_INPUT
knockout_winner: INVALID_INPUT
knockout_winner: INVALID_INPUT
knockout_winner: INVALID_INPUT
knockout_winner: INVALID_INPUT
add_team: FAILURE
remove_team: FAILURE
remove_team: FAILURE
add_team: FAILURE
get_all_players: SUCCESS
6
112
121
163
42
137
125
61
85
148
124
38
108
139
40
110
133
95
57
88
138
149
145
79
99
131
172
29
65
71
31
90
94
191
72
150
10
93
84
106
143
9
remove_player: SUCCESS
get_num_played_games: SUCCESS, 9027
remove_team: FAILURE
update_player_stats: SUCCESS
knockout_winner: SUCCESS, 3
knockout_winner: INVALID_INPUT
knockout_winner: INVALID_INPUT
knockout_winner: FAILURE
knockout_winner: INVALID_INPUT
play_match: FAILURE
get_all_players_count: SUCCESS, 8
get_num_played_games: SUCCESS, 9933
get_num_played_games: SUCCESS, 8747
get_top_scorer: SUCCESS, 93
play_match: INVALID_INPUT
get_closest_player: SUCCESS, 1
add_player: FAILURE
knockout_winner: SUCCESS, 3
knockout_winner: INVALID_INPUT
knockout_winner: INVALID_INPUT
knockout_winner: FAILURE
knockout_winner: INVALID_INPUT
remove_player: SUCCESS
remove_player: SUCCESS
get_closest_player: SUCCESS, 11
remove_team: FAILURE
play_match: SUCCESS
get_num_played_games: SUCCESS, 10548
add_player: FAILURE
get_all_players: SUCCESS
156
15
22
174
147
101
66
173
remove_player: SUCCESS
get_num_played_games: SUCCESS, 6104
get_top_scorer: SUCCESS, 157
remove_player: SUCCESS
get_num_played_games: SUCCESS, 9982
remove_team: FAILURE
remove_team: FAILURE
remove_team: FAILURE
get_num_played_games: SUCCESS, 14090
get_closest_player: SUCCESS, 128
get_top_scorer: SUCCESS, 157
remove_team: FAILURE
unite_teams: FAILURE
knockout_winner: INVALID_INPUT
knockout_winner: SUCCESS, 3
knockout_winner: INVALID_INPUT
knockout_winner: INVALID_INPUT
knockout_winner: INVALID_INPUT
get_top_scorer: SUCCESS, 157
add_team: FAILURE
get_closest_player: SUCCESS, 187
get_top_scorer: SUCCESS, 173
knockout_winner: SUCCESS, 7
knockout_winner: SUCCESS, 3
knockout_winner: SUCCESS, 3
knockout_winner: SUCCESS, 15
knockout_winner: INVALID_INPUT
unite_teams: SUCCESS
get_all_players: SUCCESS
112
121
163
42
137
125
61
85
148
124
38
139
40
110
133
95
57
88
138
149
145
79
99
131
29
65
71
31
90
94
72
150
10
84
106
143
9
93
get_all_players_count: SUCCESS, 49
get_team_points: SUCCESS, 67712
update_player_stats: SUCCESS
get_num_played_games: SUCCESS, 21018
get_all_players_count: SUCCESS, 51
unite_teams: FAILURE
update_player_stats: SUCCESS
get_all_players_count: SUCCESS, 38
update_player_stats: SUCCESS
get_all_players_count: SUCCESS, 49
get_closest_player: SUCCESS, 66
get_all_players: SUCCESS
187
97
100
46
103
123
87
17
156
198
11
70
16
190
15
200
47
7
122
105
113
141
153
132
22
174
147
119
34
28
104
177
52
117
101
27
59
49
20
2
144
192
178
116
89
66
135
196
173
115
162
remove_player: SUCCESS
remove_player: SUCCESS
knockout_winner: SUCCESS, 15
knockout_winner: SUCCESS, 3
knockout_winner: SUCCESS, 3
knockout_winner: SUCCESS, 15
knockout_winner: INVALID_INPUT
update_player_stats: SUCCESS
get_all_players_count: SUCCESS, 49
unite_teams: SUCCESS
update_player_stats: SUCCESS
knockout_winner: SUCCESS, 7
knockout_winner: SUCCESS, 7
knockout_winner: FAILURE
knockout_winner: FAILURE
knockout_winner: INVALID_INPUT
get_top_scorer: SUCCESS, 157
add_player: FAILURE
play_match: INVALID_INPUT
play_match: SUCCESS
get_all_players: SUCCESS
121
163
42
137
125
61
85
148
124
38
139
40
133
95
57
88
138
149
145
79
99
131
29
65
31
90
94
72
150
110
10
84
71
106
143
9
93
get_num_played_games: SUCCESS, 12125
unite_teams: INVALID_INPUT
get_top_scorer: SUCCESS, 93
play_match: SUCCESS
add_team: FAILURE
get_closest_player: SUCCESS, 100
get_num_played_games: SUCCESS, 7691
get_team_points: SUCCESS, 111337
get_closest_player: SUCCESS, 109
play_match: SUCCESS
get_all_players: SUCCESS
121
163
42
137
125
61
85
148
124
38
139
40
133
95
57
88
138
149
145
79
99
131
29
65
31
90
94
72
150
110
10
84
71
106
143
9
93
add_team: FAILURE
play_match: SUCCESS
remove_player: SUCCESS
get_num_played_games: SUCCESS, 1306
remove_team: FAILURE
get_all_players: SUCCESS
121
163
42
137
125
61
85
148
124
38
139
40
133
95
57
88
138
149
145
79
99
131
29
65
31
90
94
72
150
110
10
84
71
106
143
9
93
get_num_played_games: SUCCESS, 21735
play_match: INVALID_INPUT
remove_player: SUCCESS
remove_team: FAILURE
remove_player: SUCCESS
knockout_winner: SUCCESS, 7
knockout_winner: SUCCESS, 7
knockout_winner: FAILURE
knockout_winner: FAILURE
knockout_winner: INVALID_INPUT
get_top_scorer: SUCCESS, 157
get_all_players_count: SUCCESS, 36
get_num_played_games: SUCCESS, 6297
get_top_scorer: SUCCESS, 157
get_team_points: SUCCESS, 41125
get_top_scorer: SUCCESS, 93
remove_player: SUCCESS
update_player_stats: SUCCESS
get_top_scorer: SUCCESS, 93
remove_team: FAILURE
get_all_players_count: SUCCESS, 97
unite_teams: INVALID_INPUT
update_player_stats: SUCCESS
play_match: SUCCESS
play_match: SUCCESS
remove_player: SUCCESS
get_all_players_count: SUCCESS, 34
knockout_winner: SUCCESS, 15
knockout_winner: SUCCESS, 15
knockout_winner: FAILURE
knockout_winner: FAILURE
knockout_winner: INVALID_INPUT
update_player_stats: SUCCESS
get_team_points: SUCCESS, 41125
update_player_stats: SUCCESS
knockout_winner: SUCCESS, 15
knockout_winner: SUCCESS, 15
knockout_winner: FAILURE
knockout_winner: FAILURE
knockout_winner: INVALID_INPUT
get_num_played_games: SUCCESS, 14290
get_top_scorer: SUCCESS, 157
play_match: SUCCESS
knockout_winner: SUCCESS, 15
knockout_winner: SUCCESS, 15
knockout_winner: FAILURE
knockout_winner: FAILURE
knockout_winner: INVALID_INPUT
add_team: FAILURE
add_player: FAILURE
get_all_players: SUCCESS
30
187
120
97
13
100
188
46
103
140
123
75
166
87
197
17
156
198
11
70
152
16
64
190
180
15
91
200
47
50
142
158
122
105
185
179
113
167
114
141
4
153
128
36
22
174
147
119
28
21
104
7
177
52
146
117
92
62
26
80
101
165
39
27
8
59
49
130
20
2
58
144
192
178
169
116
89
66
135
196
41
24
173
193
1
199
189
126
109
102
83
25
115
55
73
162
157
add_team: FAILURE
get_top_scorer: SUCCESS, 93
remove_player: SUCCESS
get_all_players_count: SUCCESS, 34
remove_player: SUCCESS
unite_teams: INVALID_INPUT
update_player_stats: SUCCESS
remove_player: SUCCESS
unite_teams: INVALID_INPUT
remove_player: SUCCESS
get_closest_player: SUCCESS, 15
remove_player: SUCCESS
add_team: FAILURE
remove_player: SUCCESS
unite_teams: SUCCESS
add_team: FAILURE
play_match: INVALID_INPUT
get_closest_player: SUCCESS, 4
play_match: INVALID_INPUT
get_num_played_games: SUCCESS, 5546
remove_player: SUCCESS
get_all_players: SUCCESS
30
187
120
13
100
188
121
46
163
103
140
137
123
75
166
87
61
197
17
156
198
11
70
152
85
16
64
148
190
180
15
124
91
200
47
50
142
38
139
158
122
105
40
185
179
113
167
114
133
141
4
95
153
128
36
22
125
174
57
147
119
88
138
28
21
104
7
177
149
145
52
146
117
92
99
62
26
131
80
29
101
165
39
27
8
130
20
2
58
144
192
178
65
169
116
90
89
66
94
135
196
41
24
173
193
1
199
189
72
150
126
109
102
110
84
71
25
115
73
106
143
9
157
93
get_all_players: SUCCESS
30
187
120
13
100
188
121
46
163
103
140
137
123
75
166
87
61
197
17
156
198
11
70
152
85
16
64
148
190
180
15
124
91
200
47
50
142
38
139
158
122
105
40
185
179
113
167
114
133
141
4
95
153
128
36
22
125
174
57
147
119
88
138
28
21
104
7
177
149
145
52
146
117
92
99
62
26
131
80
29
101
165
39
27
8
130
20
2
58
144
192
178
65
169
116
90
89
66
94
135
196
41
24
173
193
1
199
189
72
150
126
109
102
110
84
71
25
115
73
106
143
9
157
93
add_player: FAILURE
remove_team: FAILURE
add_player: FAILURE
remove_team: FAILURE
knockout_winner: SUCCESS, 15
knockout_winner: SUCCESS, 15
knockout_winner: FAILURE
knockout_winner: FAILURE
knockout_winner: INVALID_INPUT
knockout_winner: SUCCESS, 15
knockout_winner: SUCCESS, 15
knockout_winner: FAILURE
knockout_winner: FAILURE
knockout_winner: INVALID_INPUT
update_player_stats: SUCCESS
add_player: FAILURE
unite_teams: INVALID_INPUT
remove_player: SUCCESS
add_player: FAILURE
get_top_scorer: SUCCESS, 93
get_all_players_count: SUCCESS, 123
remove_team: FAILURE
get_top_scorer: SUCCESS, 93
remove_team: FAILURE
knockout_winner: SUCCESS, 15
knockout_winner: SUCCESS, 15
knockout_winner: FAILURE
knockout_winner: FAILURE
knockout_winner: INVALID_INPUT
get_all_players: SUCCESS
30
187
120
13
100
188
121
46
163
103
140
137
123
75
166
87
61
197
17
156
198
11
70
152
85
16
64
148
190
180
15
124
91
200
47
50
142
38
139
158
122
105
40
185
179
167
114
133
141
4
95
153
128
36
22
125
174
57
147
119
88
138
28
21
104
7
177
149
145
52
117
92
99
62
26
131
80
29
101
165
39
27
8
130
20
2
58
144
192
178
65
169
116
90
89
66
94
135
196
41
24
173
193
1
199
113
189
72
150
126
109
102
110
84
71
25
115
73
106
143
9
157
93
remove_player: SUCCESS
get_num_played_games: SUCCESS, 13634
play_match: INVALID_INPUT
play_match: INVALID_INPUT
update_player_stats: SUCCESS
remove_team: FAILURE
get_team_points: SUCCESS, 152477
get_top_scorer: SUCCESS, 93
get_all_players_count: SUCCESS, 122
add_team: FAILURE
get_all_players: SUCCESS
30
187
120
13
100
188
121
46
163
103
140
123
75
166
87
61
197
17
156
198
11
70
152
85
16
64
148
190
180
15
124
91
200
47
50
142
38
139
158
122
105
40
185
179
167
114
133
141
4
95
153
128
36
22
125
174
57
147
119
88
138
28
21
104
7
177
149
145
52
117
92
99
62
26
131
80
29
101
165
39
27
8
130
20
2
58
144
192
178
65
169
116
90
89
66
94
135
196
41
173
193
1
24
199
113
189
72
150
126
109
102
110
84
71
25
115
73
106
143
9
157
93
knockout_winner: SUCCESS, 15
knockout_winner: SUCCESS, 15
knockout_winner: FAILURE
knockout_winner: FAILURE
knockout_winner: INVALID_INPUT
get_all_players: SUCCESS
30
187
120
13
100
188
121
46
163
103
140
123
75
166
87
61
197
17
156
198
11
70
152
85
16
64
148
190
180
15
124
91
200
47
50
142
38
139
158
122
105
40
185
179
167
114
133
141
4
95
153
128
36
22
125
174
57
147
119
88
138
28
21
104
7
177
149
145
52
117
92
99
62
26
131
80
29
101
165
39
27
8
130
20
2
58
144
192
178
65
169
116
90
89
66
94
135
196
41
173
193
1
24
199
113
189
72
150
126
109
102
110
84
71
25
115
73
106
143
9
157
93
knockout_winner: SUCCESS, 15
knockout_winner: SUCCESS, 15
knockout_winner: FAILURE
knockout_winner: FAILURE
knockout_winner: INVALID_INPUT
remove_player: SUCCESS
get_num_played_games: SUCCESS, 10673
get_all_players_count: SUCCESS, 121
update_player_stats: SUCCESS
get_num_played_games: SUCCESS, 9034
get_team_points: SUCCESS, 152477
remove_team: FAILURE
add_team: FAILURE
update_player_stats: SUCCESS
get_all_players: SUCCESS
30
187
120
13
100
188
121
46
163
103
140
123
75
166
87
61
197
17
198
11
70
152
85
16
64
148
190
180
15
124
91
200
47
50
142
38
139
158
122
105
40
185
179
167
114
133
141
4
95
153
128
36
22
125
174
57
147
119
88
138
28
21
104
7
177
149
145
52
156
117
92
99
62
26
131
80
29
101
165
39
27
8
130
20
2
58
144
192
178
65
169
116
90
66
94
135
196
41
173
193
1
24
199
113
189
72
150
126
109
102
110
84
71
25
115
73
106
143
9
157
93
get_top_scorer: SUCCESS, 93
add_player: FAILURE
get_closest_player: SUCCESS, 131
unite_teams: INVALID_INPUT
add_team: FAILURE
get_num_played_games: SUCCESS, 13634
get_closest_player: SUCCESS, 39
play_match: INVALID_INPUT
get_all_players: SUCCESS
30
187
120
13
100
188
121
46
163
103
140
123
75
166
87
61
197
17
198
11
70
152
85
16
64
148
190
180
15
124
91
200
47
50
142
38
139
158
122
105
40
185
179
167
114
133
141
4
95
153
128
36
22
125
174
57
147
119
88
138
28
21
104
7
177
149
145
52
156
117
92
99
62
26
131
80
29
101
165
39
27
8
130
20
2
58
144
192
178
65
169
116
90
66
94
135
196
41
173
193
1
24
199
113
189
72
150
126
109
102
110
84
71
25
115
73
106
143
9
157
93
get_all_players: SUCCESS
30
187
120
13
100
188
121
46
163
103
140
123
75
166
87
61
197
17
198
11
70
152
85
16
64
148
190
180
15
124
91
200
47
50
142
38
139
158
122
105
40
185
179
167
114
133
141
4
95
153
128
36
22
125
174
57
147
119
88
138
28
21
104
7
177
149
145
52
156
117
92
99
62
26
131
80
29
101
165
39
27
8
130
20
2
58
144
192
178
65
169
116
90
66
94
135
196
41
173
193
1
24
199
113
189
72
150
126
109
102
110
84
71
25
115
73
106
143
9
157
93
get_all_players: SUCCESS
30
187
120
13
100
188
121
46
163
103
140
123
75
166
87
61
197
17
198
11
70
152
85
16
64
148
190
180
15
124
91
200
47
50
142
38
139
158
122
105
40
185
179
167
114
133
141
4
95
153
128
36
22
125
174
57
147
119
88
138
28
21
104
7
177
149
145
52
156
117
92
99
62
26
131
80
29
101
165
39
27
8
130
20
2
58
144
192
178
65
169
116
90
66
94
135
196
41
173
193
1
24
199
113
189
72
150
126
109
102
110
84
71
25
115
73
106
143
9
157
93
remove_player: SUCCESS
remove_team: FAILURE
remove_player: SUCCESS
play_match: INVALID_INPUT
knockout_winner: SUCCESS, 15
knockout_winner: SUCCESS, 15
knockout_winner: FAILURE
knockout_winner: FAILURE
knockout_winner: INVALID_INPUT
add_team: FAILURE
unite_teams: INVALID_INPUT
get_all_players: SUCCESS
30
187
120
13
100
188
121
46
163
103
140
123
75
166
87
61
197
17
198
11
70
152
85
16
64
148
15
124
91
200
47
50
142
38
139
158
122
105
40
185
179
167
114
133
141
4
95
153
128
36
22
125
174
57
147
119
88
138
28
21
104
7
177
149
145
52
156
117
92
99
62
26
131
80
29
101
165
39
27
8
130
20
2
58
144
192
178
65
169
116
90
66
94
135
196
41
173
193
1
24
199
113
189
72
150
126
109
102
110
84
71
25
115
73
106
143
9
157
93
knockout_winner: SUCCESS, 15
knockout_winner: SUCCESS, 15
knockout_winner: FAILURE
knockout_winner: FAILURE
knockout_winner: INVALID_INPUT
get_all_players: SUCCESS
30
187
120
13
100
188
121
46
163
103
140
123
75
166
87
61
197
17
198
11
70
152
85
16
64
148
15
124
91
200
47
50
142
38
139
158
122
105
40
185
179
167
114
133
141
4
95
153
128
36
22
125
174
57
147
119
88
138
28
21
104
7
177
149
145
52
156
117
92
99
62
26
131
80
29
101
165
39
27
8
130
20
2
58
144
192
178
65
169
116
90
66
94
135
196
41
173
193
1
24
199
113
189
72
150
126
109
102
110
84
71
25
115
73
106
143
9
157
93
get_all_players: SUCCESS
30
187
120
13
100
188
121
46
163
103
140
123
75
166
87
61
197
17
198
11
70
152
85
16
64
148
15
124
91
200
47
50
142
38
139
158
122
105
40
185
179
167
114
133
141
4
95
153
128
36
22
125
174
57
147
119
88
138
28
21
104
7
177
149
145
52
156
117
92
99
62
26
131
80
29
101
165
39
27
8
130
20
2
58
144
192
178
65
169
116
90
66
94
135
196
41
173
193
1
24
199
113
189
72
150
126
109
102
110
84
71
25
115
73
106
143
9
157
93
knockout_winner: SUCCESS, 15
knockout_winner: SUCCESS, 15
knockout_winner: FAILURE
knockout_winner: FAILURE
knockout_winner: INVALID_INPUT
play_match: INVALID_INPUT
get_top_scorer: SUCCESS, 93
add_team: FAILURE
get_closest_player: SUCCESS, 158
get_top_scorer: SUCCESS, 93
play_match: INVALID_INPUT
get_all_players: SUCCESS
30
187
120
13
100
188
121
46
163
103
140
123
75
166
87
61
197
17
198
11
70
152
85
16
64
148
15
124
91
200
47
50
142
38
139
158
122
105
40
185
179
167
114
133
141
4
95
153
128
36
22
125
174
57
147
119
88
138
28
21
104
7
177
149
145
52
156
117
92
99
62
26
131
80
29
101
165
39
27
8
130
20
2
58
144
192
178
65
169
116
90
66
94
135
196
41
173
193
1
24
199
113
189
72
150
126
109
102
110
84
71
25
115
73
106
143
9
157
93
get_all_players_count: SUCCESS, 119
add_team: FAILURE
get_num_played_games: SUCCESS, 7079
get_top_scorer: SUCCESS, 93
get_closest_player: SUCCESS, 165
knockout_winner: SUCCESS, 15
knockout_winner: SUCCESS, 15
knockout_winner: FAILURE
knockout_winner: FAILURE
knockout_winner: INVALID_INPUT
get_num_played_games: SUCCESS, 22210
add_player: FAILURE
add_team: FAILURE
remove_player: SUCCESS
play_match: INVALID_INPUT
remove_player: SUCCESS
add_team: FAILURE
get_all_players_count: SUCCESS, 117
remove_player: SUCCESS
remove_player: SUCCESS
unite_teams: INVALID_INPUT
play_match: INVALID_INPUT
get_team_points: SUCCESS, 152477
get_all_players_count: SUCCESS, 115
add_player: FAILURE
play_match: INVALID_INPUT
remove_team: FAILURE
remove_player: SUCCESS
get_team_points: SUCCESS, 152477
get_closest_player: SUCCESS, 90
play_match: INVALID_INPUT
get_closest_player: SUCCESS, 139
update_player_stats: SUCCESS
play_match: INVALID_INPUT
get_team_points: SUCCESS, 152477
get_top_scorer: SUCCESS, 93
get_num_played_games: SUCCESS, 4491
get_all_players_count: SUCCESS, 114
get_closest_player: SUCCESS, 1
get_closest_player: SUCCESS, 101
get_num_played_games: SUCCESS, 134
get_all_players: SUCCESS
30
187
13
188
121
46
163
103
140
123
75
166
87
61
197
17
198
11
70
152
85
16
64
15
124
91
200
47
50
142
38
139
158
122
105
185
179
167
114
133
141
4
95
153
128
36
22
125
174
57
147
119
88
138
28
21
104
7
177
149
145
52
156
117
92
99
62
26
131
80
29
101
165
39
27
8
130
20
2
58
144
192
178
169
116
90
66
94
135
196
41
173
193
1
24
199
113
189
72
150
126
102
110
84
71
25
115
73
106
143
9
109
157
93
get_team_points: SUCCESS, 152477
get_num_played_games: SUCCESS, 5562
add_team: FAILURE
update_player_stats: SUCCESS
get_all_players_count: SUCCESS, 114
get_num_played_games: SUCCESS, 5454
play_match: INVALID_INPUT
remove_team: FAILURE
get_num_played_games: SUCCESS, 4940
update_player_stats: SUCCESS
add_player: FAILURE
get_all_players: SUCCESS
30
187
13
188
121
46
163
103
140
123
75
166
87
61
197
17
198
11
70
152
85
16
64
15
124
91
200
47
50
142
38
139
158
122
105
185
179
167
114
133
141
4
95
153
128
36
22
125
174
57
147
119
88
138
28
21
104
7
177
149
145
52
156
117
92
99
62
26
131
80
29
101
165
39
27
8
130
20
2
58
144
192
178
169
116
66
94
135
196
41
173
193
1
24
199
113
90
189
72
150
126
102
110
84
71
25
115
106
143
9
109
157
93
73
play_match: INVALID_INPUT
remove_player: SUCCESS
remove_player: SUCCESS
remove_player: SUCCESS
remove_player: SUCCESS
remove_player: SUCCESS
remove_player: SUCCESS
remove_player: SUCCESS
remove_player: SUCCESS
remove_player: SUCCESS
remove_player: SUCCESS
remove_player: SUCCESS
remove_player: SUCCESS
remove_player: SUCCESS
remove_player: SUCCESS
remove_player: SUCCESS
remove_player: SUCCESS
remove_player: SUCCESS
remove_player: SUCCESS
remove_player: SUCCESS
remove_player: SUCCESS
remove_player: SUCCESS
remove_player: SUCCESS
remove_player: SUCCESS
remove_player: SUCCESS
remove_player: SUCCESS
remove_player: SUCCESS
remove_player: SUCCESS
remove_player: SUCCESS
remove_player: SUCCESS
remove_player: SUCCESS
remove_player: SUCCESS
remove_player: SUCCESS
remove_player: SUCCESS
remove_player: SUCCESS
remove_player: SUCCESS
remove_player: SUCCESS
remove_player: SUCCESS
remove_player: SUCCESS
remove_player: SUCCESS
remove_player: SUCCESS
remove_player: SUCCESS
remove_player: SUCCESS
remove_player: SUCCESS
remove_player: SUCCESS
remove_player: SUCCESS
remove_player: SUCCESS
remove_player: SUCCESS
remove_player: SUCCESS
remove_player: SUCCESS
remove_player: SUCCESS
remove_player: SUCCESS
remove_player: SUCCESS
remove_player: SUCCESS
remove_player: SUCCESS
remove_player: SUCCESS
remove_player: SUCCESS
remove_player: SUCCESS
remove_player: SUCCESS
remove_player: SUCCESS
remove_player: SUCCESS
remove_player: SUCCESS
remove_player: SUCCESS
remove_player: SUCCESS
remove_player: SUCCESS
remove_player: SUCCESS
remove_player: SUCCESS
remove_player: SUCCESS
remove_player: SUCCESS
remove_player: SUCCESS
remove_player: SUCCESS
remove_player: SUCCESS
remove_player: SUCCESS
remove_player: SUCCESS
remove_player: SUCCESS
remove_player: SUCCESS
remove_player: SUCCESS
remove_player: SUCCESS
remove_player: SUCCESS
remove_player: SUCCESS
remove_player: SUCCESS
remove_player: SUCCESS
remove_player: SUCCESS
remove_player: SUCCESS
remove_player: SUCCESS
remove_player: SUCCESS
remove_player: SUCCESS
remove_player: SUCCESS
remove_player: SUCCESS
remove_player: SUCCESS
remove_player: SUCCESS
remove_player: SUCCESS
remove_player: SUCCESS
remove_player: SUCCESS
remove_player: SUCCESS
remove_player: SUCCESS
remove_player: SUCCESS
remove_player: SUCCESS
remove_player: SUCCESS
remove_player: SUCCESS
remove_player: SUCCESS
remove_player: SUCCESS
remove_player: SUCCESS
remove_player: SUCCESS
remove_player: SUCCESS
remove_player: SUCCESS
remove_player: SUCCESS
remove_player: SUCCESS
remove_player: SUCCESS
remove_player: SUCCESS
remove_player: SUCCESS
remove_player: SUCCESS
remove_player: SUCCESS
remove_player: SUCCESS
remove_player: SUCCESS
remove_team: SUCCESS
