add_team: SUCCESS
add_team: SUCCESS
add_team: SUCCESS
add_team: SUCCESS
add_team: SUCCESS
add_team: SUCCESS
add_team: SUCCESS
add_team: SUCCESS
add_team: SUCCESS
add_team: SUCCESS
add_team: SUCCESS
add_team: SUCCESS
add_team: SUCCESS
add_team: SUCCESS
add_team: SUCCESS
add_team: SUCCESS
add_team: SUCCESS
add_team: SUCCESS
add_team: SUCCESS
add_team: SUCCESS
add_player: SUCCESS
add_player: SUCCESS
add_player: SUCCESS
add_player: SUCCESS
add_player: SUCCESS
add_player: SUCCESS
add_player: SUCCESS
add_player: SUCCESS
add_player: SUCCESS
add_player: SUCCESS
add_player: SUCCESS
add_player: SUCCESS
add_player: SUCCESS
add_player: SUCCESS
add_player: SUCCESS
add_player: SUCCESS
add_player: SUCCESS
add_player: SUCCESS
add_player: SUCCESS
add_player: SUCCESS
add_player: SUCCESS
add_player: SUCCESS
add_player: SUCCESS
add_player: SUCCESS
add_player: SUCCESS
add_player: SUCCESS
add_player: SUCCESS
add_player: SUCCESS
add_player: SUCCESS
add_player: SUCCESS
add_player: SUCCESS
add_player: SUCCESS
add_player: SUCCESS
add_player: SUCCESS
add_player: SUCCESS
add_player: SUCCESS
add_player: SUCCESS
add_player: SUCCESS
add_player: SUCCESS
add_player: SUCCESS
add_player: SUCCESS
add_player: SUCCESS
add_player: SUCCESS
add_player: SUCCESS
add_player: SUCCESS
add_player: SUCCESS
add_player: SUCCESS
add_player: SUCCESS
add_player: SUCCESS
add_player: SUCCESS
add_player: SUCCESS
add_player: SUCCESS
add_player: SUCCESS
add_player: SUCCESS
add_player: SUCCESS
add_player: SUCCESS
add_player: SUCCESS
add_player: SUCCESS
add_player: SUCCESS
add_player: SUCCESS
add_player: SUCCESS
add_player: SUCCESS
add_player: SUCCESS
add_player: SUCCESS
add_player: SUCCESS
add_player: SUCCESS
add_player: SUCCESS
add_player: SUCCESS
add_player: SUCCESS
add_player: SUCCESS
add_player: SUCCESS
add_player: SUCCESS
add_player: SUCCESS
add_player: SUCCESS
add_player: SUCCESS
add_player: SUCCESS
add_player: SUCCESS
add_player: SUCCESS
add_player: SUCCESS
add_player: SUCCESS
add_player: SUCCESS
add_player: SUCCESS
add_player: SUCCESS
add_player: SUCCESS
add_player: SUCCESS
add_player: SUCCESS
add_player: SUCCESS
add_player: SUCCESS
add_player: SUCCESS
add_player: SUCCESS
add_player: SUCCESS
add_player: SUCCESS
add_player: SUCCESS
add_player: SUCCESS
add_player: SUCCESS
add_player: SUCCESS
add_player: SUCCESS
add_player: SUCCESS
add_player: SUCCESS
add_player: SUCCESS
add_player: SUCCESS
add_player: SUCCESS
add_player: SUCCESS
add_player: SUCCESS
add_player: SUCCESS
add_player: SUCCESS
add_player: SUCCESS
add_player: SUCCESS
add_player: SUCCESS
add_player: SUCCESS
add_player: SUCCESS
add_player: SUCCESS
add_player: SUCCESS
add_player: SUCCESS
add_player: SUCCESS
add_player: SUCCESS
add_player: SUCCESS
add_player: SUCCESS
add_player: SUCCESS
add_player: SUCCESS
add_player: SUCCESS
add_player: SUCCESS
add_player: SUCCESS
add_player: SUCCESS
add_player: SUCCESS
add_player: SUCCESS
add_player: SUCCESS
add_player: SUCCESS
add_player: SUCCESS
add_player: SUCCESS
add_player: SUCCESS
add_player: SUCCESS
add_player: SUCCESS
add_player: SUCCESS
add_player: SUCCESS
add_player: SUCCESS
add_player: SUCCESS
add_player: SUCCESS
add_player: SUCCESS
add_player: SUCCESS
add_player: SUCCESS
add_player: SUCCESS
add_player: SUCCESS
add_player: SUCCESS
add_player: SUCCESS
add_player: SUCCESS
add_player: SUCCESS
add_player: SUCCESS
add_player: SUCCESS
add_player: SUCCESS
add_player: SUCCESS
add_player: SUCCESS
add_player: SUCCESS
add_player: SUCCESS
add_player: SUCCESS
add_player: SUCCESS
add_player: SUCCESS
add_player: SUCCESS
add_player: SUCCESS
add_player: SUCCESS
add_player: SUCCESS
add_player: SUCCESS
add_player: SUCCESS
add_player: SUCCESS
add_player: SUCCESS
add_player: SUCCESS
add_player: SUCCESS
add_player: SUCCESS
add_player: SUCCESS
add_player: SUCCESS
add_player: SUCCESS
add_player: SUCCESS
add_player: SUCCESS
add_player: SUCCESS
add_player: SUCCESS
add_player: SUCCESS
add_player: SUCCESS
add_player: SUCCESS
add_player: SUCCESS
add_player: SUCCESS
add_player: SUCCESS
add_player: SUCCESS
add_player: SUCCESS
add_player: SUCCESS
add_player: SUCCESS
add_player: SUCCESS
add_player: SUCCESS
add_player: SUCCESS
add_player: SUCCESS
add_player: SUCCESS
add_player: SUCCESS
add_player: SUCCESS
add_player: SUCCESS
add_player: SUCCESS
add_player: SUCCESS
add_player: SUCCESS
add_player: SUCCESS
add_player: SUCCESS
add_player: SUCCESS
add_player: SUCCESS
unite_teams: FAILURE
play_match: FAILURE
knockout_winner: SUCCESS, 8
knockout_winner: SUCCESS, 3
knockout_winner: SUCCESS, 3
knockout_winner: SUCCESS, 18
knockout_winner: INVALID_INPUT
get_closest_player: SUCCESS, 111
knockout_winner: SUCCESS, 3
knockout_winner: INVALID_INPUT
knockout_winner: INVALID_INPUT
knockout_winner: SUCCESS, 20
knockout_winner: SUCCESS, 15
get_all_players_count: SUCCESS, 10
unite_teams: FAILURE
remove_team: FAILURE
get_top_scorer: SUCCESS, 171
remove_team: FAILURE
get_top_scorer: SUCCESS, 160
get_closest_player: SUCCESS, 182
get_top_scorer: SUCCESS, 171
knockout_winner: SUCCESS, 15
knockout_winner: SUCCESS, 20
knockout_winner: FAILURE
knockout_winner: SUCCESS, 20
knockout_winner: INVALID_INPUT
play_match: FAILURE
get_closest_player: SUCCESS, 192
remove_player: SUCCESS
update_player_stats: SUCCESS
update_player_stats: SUCCESS
knockout_winner: SUCCESS, 20
knockout_winner: SUCCESS, 20
knockout_winner: SUCCESS, 15
knockout_winner: FAILURE
knockout_winner: INVALID_INPUT
add_player: FAILURE
get_num_played_games: SUCCESS, 4836
add_team: FAILURE
update_player_stats: SUCCESS
get_team_points: SUCCESS, 395
get_all_players: SUCCESS
40
176
161
82
174
152
5
129
66
10
remove_team: FAILURE
knockout_winner: SUCCESS, 15
knockout_winner: SUCCESS, 20
knockout_winner: SUCCESS, 8
knockout_winner: SUCCESS, 20
knockout_winner: INVALID_INPUT
add_player: FAILURE
get_top_scorer: SUCCESS, 126
unite_teams: FAILURE
remove_team: FAILURE
knockout_winner: SUCCESS, 20
knockout_winner: SUCCESS, 20
knockout_winner: SUCCESS, 15
knockout_winner: SUCCESS, 20
knockout_winner: INVALID_INPUT
remove_player: SUCCESS
get_num_played_games: SUCCESS, 7100
get_all_players_count: SUCCESS, 10
remove_player: SUCCESS
get_num_played_games: SUCCESS, 3283
add_player: FAILURE
knockout_winner: FAILURE
knockout_winner: SUCCESS, 15
knockout_winner: SUCCESS, 8
knockout_winner: SUCCESS, 15
knockout_winner: INVALID_INPUT
unite_teams: SUCCESS
get_num_played_games: SUCCESS, 10834
get_closest_player: SUCCESS, 187
play_match: FAILURE
get_closest_player: SUCCESS, 7
unite_teams: FAILURE
get_closest_player: SUCCESS, 63
add_player: FAILURE
unite_teams: SUCCESS
get_top_scorer: SUCCESS, 153
get_team_points: SUCCESS, 9215
get_closest_player: SUCCESS, 139
get_closest_player: SUCCESS, 4
remove_team: FAILURE
unite_teams: FAILURE
get_all_players_count: SUCCESS, 4
get_team_points: SUCCESS, 7756
update_player_stats: SUCCESS
knockout_winner: SUCCESS, 8
knockout_winner: SUCCESS, 3
knockout_winner: SUCCESS, 3
knockout_winner: SUCCESS, 12
knockout_winner: INVALID_INPUT
get_top_scorer: SUCCESS, 60
play_match: FAILURE
add_team: FAILURE
get_team_points: SUCCESS, 7756
remove_team: FAILURE
remove_team: FAILURE
get_all_players_count: SUCCESS, 18
add_player: FAILURE
get_num_played_games: SUCCESS, 3501
get_all_players_count: SUCCESS, 8
add_team: FAILURE
get_num_played_games: SUCCESS, 4610
get_num_played_games: SUCCESS, 2590
remove_player: SUCCESS
remove_team: FAILURE
get_all_players_count: SUCCESS, 10
play_match: INVALID_INPUT
get_top_scorer: SUCCESS, 37
play_match: FAILURE
get_all_players: SUCCESS
120
124
58
34
112
165
125
150
154
189
get_team_points: SUCCESS, 3761
get_team_points: SUCCESS, 1077
remove_team: FAILURE
remove_team: FAILURE
unite_teams: FAILURE
knockout_winner: INVALID_INPUT
knockout_winner: INVALID_INPUT
knockout_winner: INVALID_INPUT
knockout_winner: INVALID_INPUT
knockout_winner: INVALID_INPUT
add_player: FAILURE
get_num_played_games: SUCCESS, 7750
play_match: FAILURE
remove_team: FAILURE
get_closest_player: SUCCESS, 171
play_match: SUCCESS
get_all_players_count: SUCCESS, 7
remove_player: SUCCESS
get_all_players_count: SUCCESS, 7
get_all_players_count: SUCCESS, 13
get_num_played_games: SUCCESS, 8385
add_team: FAILURE
get_all_players: SUCCESS
188
69
115
109
65
191
142
153
get_all_players_count: SUCCESS, 16
get_num_played_games: SUCCESS, 10767
unite_teams: SUCCESS
get_num_played_games: SUCCESS, 4680
get_all_players: SUCCESS
15
102
62
95
182
52
107
45
179
91
122
25
11
126
155
199
39
23
get_closest_player: SUCCESS, 174
play_match: FAILURE
get_team_points: SUCCESS, 11186
unite_teams: FAILURE
update_player_stats: SUCCESS
get_team_points: SUCCESS, 1474
remove_player: SUCCESS
update_player_stats: SUCCESS
get_all_players_count: SUCCESS, 10
add_team: FAILURE
remove_player: SUCCESS
add_team: FAILURE
remove_team: FAILURE
update_player_stats: SUCCESS
get_closest_player: SUCCESS, 109
get_team_points: SUCCESS, 6218
get_top_scorer: SUCCESS, 74
get_num_played_games: SUCCESS, 1228
get_top_scorer: SUCCESS, 160
add_player: FAILURE
get_top_scorer: SUCCESS, 134
get_top_scorer: SUCCESS, 141
unite_teams: FAILURE
get_all_players_count: SUCCESS, 10
remove_team: FAILURE
update_player_stats: SUCCESS
update_player_stats: SUCCESS
knockout_winner: SUCCESS, 12
knockout_winner: SUCCESS, 12
knockout_winner: SUCCESS, 7
knockout_winner: FAILURE
knockout_winner: INVALID_INPUT
get_all_players: SUCCESS
85
170
22
26
46
132
106
128
116
83
59
41
164
68
96
20
196
156
101
135
3
61
171
knockout_winner: SUCCESS, 8
knockout_winner: SUCCESS, 3
knockout_winner: SUCCESS, 3
knockout_winner: SUCCESS, 12
knockout_winner: INVALID_INPUT
play_match: FAILURE
get_num_played_games: SUCCESS, 1743
remove_team: FAILURE
get_top_scorer: SUCCESS, 141
remove_player: SUCCESS
get_all_players: SUCCESS
102
62
95
182
52
107
45
179
122
25
11
126
155
199
15
39
23
get_all_players: SUCCESS
188
69
115
109
65
191
153
142
get_team_points: SUCCESS, 11933
get_all_players: SUCCESS
85
170
22
26
46
132
106
128
116
83
59
41
164
68
96
20
196
156
101
135
3
61
171
unite_teams: SUCCESS
play_match: FAILURE
add_player: FAILURE
get_closest_player: SUCCESS, 132
add_team: FAILURE
get_closest_player: SUCCESS, 90
add_team: FAILURE
play_match: SUCCESS
get_all_players_count: SUCCESS, 13
update_player_stats: SUCCESS
knockout_winner: SUCCESS, 12
knockout_winner: SUCCESS, 3
knockout_winner: SUCCESS, 3
knockout_winner: SUCCESS, 12
knockout_winner: SUCCESS, 12
play_match: FAILURE
remove_team: FAILURE
knockout_winner: SUCCESS, 15
knockout_winner: SUCCESS, 12
knockout_winner: SUCCESS, 12
knockout_winner: FAILURE
knockout_winner: INVALID_INPUT
add_team: FAILURE
unite_teams: FAILURE
add_team: FAILURE
get_num_played_games: SUCCESS, 14207
get_all_players_count: SUCCESS, 11
get_num_played_games: SUCCESS, 11428
get_all_players_count: SUCCESS, 23
remove_team: FAILURE
get_all_players_count: SUCCESS, 10
add_team: FAILURE
get_all_players: SUCCESS
180
159
72
147
143
78
149
187
119
54
88
84
16
121
134
get_num_played_games: SUCCESS, 10867
get_closest_player: SUCCESS, 105
add_player: FAILURE
unite_teams: FAILURE
get_top_scorer: SUCCESS, 37
update_player_stats: SUCCESS
remove_player: SUCCESS
get_closest_player: SUCCESS, 67
remove_player: SUCCESS
get_num_played_games: SUCCESS, 7751
play_match: FAILURE
get_top_scorer: SUCCESS, 31
remove_player: SUCCESS
knockout_winner: SUCCESS, 15
knockout_winner: SUCCESS, 12
knockout_winner: FAILURE
knockout_winner: FAILURE
knockout_winner: INVALID_INPUT
get_all_players_count: SUCCESS, 23
play_match: FAILURE
update_player_stats: SUCCESS
update_player_stats: SUCCESS
get_all_players: SUCCESS
43
49
200
117
173
163
160
remove_player: SUCCESS
knockout_winner: SUCCESS, 12
knockout_winner: SUCCESS, 12
knockout_winner: SUCCESS, 12
knockout_winner: SUCCESS, 18
knockout_winner: INVALID_INPUT
unite_teams: FAILURE
unite_teams: FAILURE
get_closest_player: SUCCESS, 143
play_match: FAILURE
remove_player: SUCCESS
get_team_points: SUCCESS, 7691
knockout_winner: SUCCESS, 8
knockout_winner: SUCCESS, 3
knockout_winner: SUCCESS, 3
knockout_winner: SUCCESS, 12
knockout_winner: INVALID_INPUT
get_all_players: SUCCESS
40
176
161
82
174
152
5
129
66
10
remove_team: FAILURE
remove_team: FAILURE
play_match: FAILURE
add_player: FAILURE
remove_player: SUCCESS
remove_team: FAILURE
get_team_points: SUCCESS, 6248
remove_player: SUCCESS
remove_team: FAILURE
knockout_winner: SUCCESS, 15
knockout_winner: SUCCESS, 12
knockout_winner: FAILURE
knockout_winner: FAILURE
knockout_winner: INVALID_INPUT
get_closest_player: SUCCESS, 26
remove_team: FAILURE
add_player: FAILURE
get_team_points: SUCCESS, 4652
knockout_winner: SUCCESS, 15
knockout_winner: SUCCESS, 12
knockout_winner: SUCCESS, 12
knockout_winner: FAILURE
knockout_winner: INVALID_INPUT
get_closest_player: SUCCESS, 79
add_team: FAILURE
knockout_winner: SUCCESS, 12
knockout_winner: SUCCESS, 12
knockout_winner: SUCCESS, 8
knockout_winner: SUCCESS, 15
knockout_winner: INVALID_INPUT
get_num_played_games: SUCCESS, 7889
get_all_players_count: SUCCESS, 17
get_num_played_games: SUCCESS, 1194
update_player_stats: SUCCESS
play_match: SUCCESS
remove_team: FAILURE
remove_player: SUCCESS
get_all_players_count: SUCCESS, 6
get_closest_player: SUCCESS, 21
get_all_players_count: SUCCESS, 4
unite_teams: FAILURE
unite_teams: FAILURE
get_all_players_count: SUCCESS, 7
get_all_players_count: SUCCESS, 11
knockout_winner: SUCCESS, 12
knockout_winner: SUCCESS, 3
knockout_winner: SUCCESS, 3
knockout_winner: SUCCESS, 15
knockout_winner: INVALID_INPUT
add_team: FAILURE
get_team_points: SUCCESS, 11374
remove_player: SUCCESS
get_closest_player: SUCCESS, 120
add_player: FAILURE
get_num_played_games: SUCCESS, 2711
get_top_scorer: SUCCESS, 30
play_match: FAILURE
update_player_stats: SUCCESS
update_player_stats: SUCCESS
knockout_winner: SUCCESS, 8
knockout_winner: SUCCESS, 3
knockout_winner: SUCCESS, 3
knockout_winner: FAILURE
knockout_winner: INVALID_INPUT
get_team_points: SUCCESS, 11380
get_all_players_count: SUCCESS, 22
get_team_points: SUCCESS, 4658
get_num_played_games: SUCCESS, 12701
get_all_players: SUCCESS
21
36
103
17
55
184
140
7
133
137
get_top_scorer: SUCCESS, 18
get_all_players_count: SUCCESS, 10
get_num_played_games: SUCCESS, 2890
knockout_winner: INVALID_INPUT
knockout_winner: FAILURE
knockout_winner: INVALID_INPUT
knockout_winner: INVALID_INPUT
knockout_winner: INVALID_INPUT
get_closest_player: SUCCESS, 138
get_closest_player: SUCCESS, 126
get_team_points: SUCCESS, 3761
add_team: FAILURE
add_player: FAILURE
play_match: FAILURE
remove_team: FAILURE
get_top_scorer: SUCCESS, 160
add_team: FAILURE
add_player: FAILURE
add_team: FAILURE
get_top_scorer: SUCCESS, 137
get_num_played_games: SUCCESS, 17657
get_closest_player: SUCCESS, 175
remove_player: SUCCESS
play_match: FAILURE
remove_player: SUCCESS
unite_teams: FAILURE
get_top_scorer: SUCCESS, 37
update_player_stats: SUCCESS
remove_team: FAILURE
get_top_scorer: SUCCESS, 137
get_num_played_games: SUCCESS, 10601
get_num_played_games: SUCCESS, 11114
get_closest_player: SUCCESS, 117
get_num_played_games: SUCCESS, 2291
play_match: FAILURE
unite_teams: FAILURE
play_match: FAILURE
unite_teams: SUCCESS
get_closest_player: SUCCESS, 144
get_num_played_games: SUCCESS, 9164
get_all_players_count: SUCCESS, 17
get_closest_player: SUCCESS, 106
remove_team: FAILURE
get_closest_player: SUCCESS, 112
knockout_winner: SUCCESS, 18
knockout_winner: SUCCESS, 15
knockout_winner: SUCCESS, 12
knockout_winner: FAILURE
knockout_winner: INVALID_INPUT
unite_teams: FAILURE
add_player: FAILURE
play_match: SUCCESS
add_team: FAILURE
get_top_scorer: SUCCESS, 31
get_top_scorer: SUCCESS, 142
add_team: FAILURE
get_team_points: SUCCESS, 20575
get_team_points: SUCCESS, 11933
play_match: FAILURE
get_top_scorer: SUCCESS, 18
get_top_scorer: SUCCESS, 10
get_closest_player: SUCCESS, 52
update_player_stats: SUCCESS
add_player: FAILURE
get_top_scorer: SUCCESS, 23
remove_player: SUCCESS
remove_player: SUCCESS
unite_teams: SUCCESS
get_closest_player: SUCCESS, 39
add_player: FAILURE
add_team: FAILURE
remove_player: SUCCESS
remove_player: SUCCESS
get_all_players_count: SUCCESS, 19
unite_teams: FAILURE
add_team: FAILURE
update_player_stats: SUCCESS
add_player: FAILURE
get_num_played_games: SUCCESS, 4386
add_player: FAILURE
get_closest_player: SUCCESS, 112
get_team_points: SUCCESS, 18465
remove_player: SUCCESS
get_all_players_count: SUCCESS, 9
update_player_stats: SUCCESS
get_team_points: SUCCESS, 6999
knockout_winner: SUCCESS, 15
knockout_winner: SUCCESS, 10
knockout_winner: SUCCESS, 10
knockout_winner: SUCCESS, 18
knockout_winner: INVALID_INPUT
unite_teams: INVALID_INPUT
get_team_points: SUCCESS, 4670
get_num_played_games: SUCCESS, 9012
knockout_winner: FAILURE
knockout_winner: INVALID_INPUT
knockout_winner: INVALID_INPUT
knockout_winner: SUCCESS, 10
knockout_winner: INVALID_INPUT
get_closest_player: SUCCESS, 52
remove_player: SUCCESS
add_player: FAILURE
get_all_players_count: SUCCESS, 7
get_all_players_count: SUCCESS, 13
add_player: FAILURE
get_closest_player: SUCCESS, 127
unite_teams: FAILURE
remove_team: FAILURE
add_team: FAILURE
unite_teams: SUCCESS
remove_player: SUCCESS
get_top_scorer: SUCCESS, 18
remove_player: SUCCESS
remove_team: FAILURE
get_closest_player: SUCCESS, 71
remove_player: SUCCESS
update_player_stats: SUCCESS
remove_player: SUCCESS
get_all_players_count: SUCCESS, 19
get_closest_player: SUCCESS, 90
play_match: FAILURE
add_player: FAILURE
get_all_players_count: SUCCESS, 9
get_top_scorer: SUCCESS, 160
get_all_players_count: SUCCESS, 4
get_team_points: SUCCESS, 20575
update_player_stats: SUCCESS
add_team: FAILURE
remove_player: SUCCESS
get_num_played_games: SUCCESS, 11002
update_player_stats: SUCCESS
get_all_players: SUCCESS
8
172
139
130
51
63
64
181
100
71
1
75
28
86
127
31
105
76
99
get_team_points: SUCCESS, 41827
remove_team: FAILURE
add_player: FAILURE
update_player_stats: SUCCESS
remove_team: FAILURE
remove_team: FAILURE
get_team_points: SUCCESS, 4670
get_num_played_games: SUCCESS, 19003
get_all_players_count: SUCCESS, 9
play_match: FAILURE
remove_team: FAILURE
remove_player: SUCCESS
unite_teams: FAILURE
knockout_winner: SUCCESS, 15
knockout_winner: SUCCESS, 19
knockout_winner: SUCCESS, 8
knockout_winner: SUCCESS, 19
knockout_winner: INVALID_INPUT
get_team_points: SUCCESS, 7756
remove_player: SUCCESS
get_team_points: SUCCESS, 41833
add_team: FAILURE
get_closest_player: SUCCESS, 200
get_closest_player: SUCCESS, 121
update_player_stats: SUCCESS
remove_player: SUCCESS
get_num_played_games: SUCCESS, 6179
update_player_stats: SUCCESS
unite_teams: FAILURE
get_num_played_games: SUCCESS, 10336
knockout_winner: SUCCESS, 15
knockout_winner: SUCCESS, 19
knockout_winner: SUCCESS, 8
knockout_winner: SUCCESS, 19
knockout_winner: FAILURE
unite_teams: FAILURE
get_top_scorer: SUCCESS, 137
get_all_players_count: SUCCESS, 39
get_team_points: SUCCESS, 20578
get_closest_player: SUCCESS, 127
get_all_players_count: SUCCESS, 9
add_team: FAILURE
get_num_played_games: SUCCESS, 1738
add_player: FAILURE
update_player_stats: SUCCESS
get_top_scorer: SUCCESS, 118
unite_teams: FAILURE
play_match: FAILURE
get_num_played_games: SUCCESS, 750
remove_player: SUCCESS
update_player_stats: SUCCESS
remove_player: SUCCESS
get_num_played_games: SUCCESS, 11895
get_all_players_count: SUCCESS, 18
get_top_scorer: SUCCESS, 137
play_match: FAILURE
update_player_stats: SUCCESS
get_team_points: SUCCESS, 1477
get_top_scorer: SUCCESS, 10
unite_teams: SUCCESS
unite_teams: FAILURE
get_closest_player: SUCCESS, 176
get_all_players_count: SUCCESS, 13
get_all_players_count: SUCCESS, 4
add_player: FAILURE
update_player_stats: SUCCESS
add_team: FAILURE
get_num_played_games: SUCCESS, 17624
remove_player: SUCCESS
get_top_scorer: SUCCESS, 11
get_num_played_games: SUCCESS, 52
play_match: FAILURE
update_player_stats: SUCCESS
get_closest_player: SUCCESS, 31
update_player_stats: SUCCESS
add_team: FAILURE
play_match: FAILURE
get_all_players_count: SUCCESS, 4
get_closest_player: SUCCESS, 8
get_top_scorer: SUCCESS, 160
get_num_played_games: SUCCESS, 17657
knockout_winner: SUCCESS, 4
knockout_winner: INVALID_INPUT
knockout_winner: INVALID_INPUT
knockout_winner: FAILURE
knockout_winner: INVALID_INPUT
get_top_scorer: SUCCESS, 144
play_match: FAILURE
get_closest_player: SUCCESS, 25
get_all_players_count: SUCCESS, 18
update_player_stats: SUCCESS
play_match: SUCCESS
unite_teams: FAILURE
play_match: FAILURE
update_player_stats: SUCCESS
remove_team: FAILURE
play_match: FAILURE
add_team: FAILURE
get_team_points: SUCCESS, 6999
add_player: FAILURE
remove_team: FAILURE
play_match: FAILURE
add_player: FAILURE
unite_teams: FAILURE
play_match: FAILURE
add_player: FAILURE
update_player_stats: SUCCESS
get_num_played_games: SUCCESS, 10336
update_player_stats: SUCCESS
play_match: FAILURE
get_closest_player: SUCCESS, 116
get_top_scorer: SUCCESS, 118
get_top_scorer: SUCCESS, 154
remove_player: SUCCESS
get_num_played_games: SUCCESS, 11375
add_team: FAILURE
remove_player: SUCCESS
get_all_players: SUCCESS
131
136
47
27
32
12
13
56
197
knockout_winner: INVALID_INPUT
knockout_winner: INVALID_INPUT
knockout_winner: INVALID_INPUT
knockout_winner: INVALID_INPUT
knockout_winner: INVALID_INPUT
play_match: INVALID_INPUT
update_player_stats: SUCCESS
get_num_played_games: SUCCESS, 9005
get_num_played_games: SUCCESS, 750
remove_team: FAILURE
get_top_scorer: SUCCESS, 137
get_all_players_count: SUCCESS, 38
unite_teams: SUCCESS
remove_player: SUCCESS
remove_player: SUCCESS
update_player_stats: SUCCESS
remove_team: FAILURE
remove_player: SUCCESS
update_player_stats: SUCCESS
get_all_players_count: SUCCESS, 6
play_match: FAILURE
get_all_players: SUCCESS
21
17
184
140
55
7
133
137
add_team: FAILURE
get_team_points: SUCCESS, 6999
get_team_points: SUCCESS, 20578
add_team: FAILURE
remove_player: SUCCESS
remove_team: FAILURE
get_all_players_count: SUCCESS, 8
unite_teams: SUCCESS
add_team: FAILURE
get_all_players: SUCCESS
40
188
176
69
161
109
82
174
152
65
129
115
10
191
5
153
get_all_players: SUCCESS
108
8
172
139
130
51
63
64
181
44
1
75
71
28
86
127
31
60
144
76
99
add_team: FAILURE
get_top_scorer: SUCCESS, 99
play_match: INVALID_INPUT
get_top_scorer: SUCCESS, 153
remove_team: FAILURE
get_all_players: SUCCESS
40
188
176
69
161
109
82
174
152
65
129
115
10
191
5
153
remove_player: SUCCESS
get_num_played_games: SUCCESS, 19942
get_team_points: SUCCESS, 6999
add_player: FAILURE
get_top_scorer: SUCCESS, 99
update_player_stats: SUCCESS
get_top_scorer: SUCCESS, 153
play_match: INVALID_INPUT
remove_player: SUCCESS
get_num_played_games: SUCCESS, 9025
get_closest_player: SUCCESS, 188
remove_team: FAILURE
get_closest_player: SUCCESS, 171
get_all_players: SUCCESS
90
123
81
38
195
166
77
118
update_player_stats: SUCCESS
get_all_players: SUCCESS
102
62
95
182
52
45
122
25
126
155
199
15
107
23
11
get_team_points: SUCCESS, 1077
add_player: FAILURE
knockout_winner: SUCCESS, 19
knockout_winner: SUCCESS, 19
knockout_winner: FAILURE
knockout_winner: FAILURE
knockout_winner: INVALID_INPUT
get_num_played_games: SUCCESS, 10665
knockout_winner: SUCCESS, 19
knockout_winner: SUCCESS, 19
knockout_winner: FAILURE
knockout_winner: FAILURE
knockout_winner: INVALID_INPUT
update_player_stats: SUCCESS
add_team: FAILURE
remove_team: FAILURE
remove_player: SUCCESS
get_all_players_count: SUCCESS, 8
unite_teams: SUCCESS
add_player: FAILURE
get_all_players_count: SUCCESS, 6
unite_teams: FAILURE
get_all_players: SUCCESS
90
123
81
38
195
166
77
118
get_team_points: SUCCESS, 19624
get_closest_player: SUCCESS, 60
add_player: FAILURE
knockout_winner: SUCCESS, 12
knockout_winner: SUCCESS, 12
knockout_winner: FAILURE
knockout_winner: FAILURE
knockout_winner: INVALID_INPUT
remove_team: FAILURE
play_match: FAILURE
update_player_stats: SUCCESS
get_top_scorer: SUCCESS, 137
knockout_winner: SUCCESS, 12
knockout_winner: SUCCESS, 12
knockout_winner: SUCCESS, 4
knockout_winner: SUCCESS, 16
knockout_winner: INVALID_INPUT
remove_player: SUCCESS
add_player: FAILURE
get_top_scorer: SUCCESS, 3
unite_teams: FAILURE
get_all_players_count: SUCCESS, 16
knockout_winner: SUCCESS, 12
knockout_winner: INVALID_INPUT
knockout_winner: INVALID_INPUT
knockout_winner: SUCCESS, 19
knockout_winner: FAILURE
knockout_winner: SUCCESS, 19
knockout_winner: INVALID_INPUT
knockout_winner: INVALID_INPUT
knockout_winner: SUCCESS, 19
knockout_winner: SUCCESS, 12
update_player_stats: SUCCESS
add_player: FAILURE
get_team_points: SUCCESS, 7496
update_player_stats: SUCCESS
get_closest_player: SUCCESS, 40
get_num_played_games: SUCCESS, 16049
get_closest_player: SUCCESS, 8
get_all_players: SUCCESS
40
188
176
69
161
109
82
174
152
65
129
115
10
191
5
153
get_closest_player: SUCCESS, 38
add_team: FAILURE
get_num_played_games: SUCCESS, 11429
play_match: INVALID_INPUT
remove_player: SUCCESS
unite_teams: FAILURE
add_player: FAILURE
get_num_played_games: SUCCESS, 6408
unite_teams: FAILURE
play_match: FAILURE
unite_teams: FAILURE
get_all_players: SUCCESS
90
123
81
38
195
166
77
118
play_match: SUCCESS
get_all_players_count: SUCCESS, 6
knockout_winner: SUCCESS, 12
knockout_winner: INVALID_INPUT
knockout_winner: INVALID_INPUT
knockout_winner: SUCCESS, 12
knockout_winner: INVALID_INPUT
get_top_scorer: SUCCESS, 11
get_closest_player: SUCCESS, 92
remove_player: SUCCESS
add_player: FAILURE
get_all_players: SUCCESS
90
123
81
38
195
166
77
118
get_closest_player: SUCCESS, 3
get_all_players_count: SUCCESS, 15
get_team_points: SUCCESS, 7496
get_top_scorer: SUCCESS, 99
get_closest_player: SUCCESS, 99
remove_player: SUCCESS
get_num_played_games: SUCCESS, 6496
get_all_players_count: SUCCESS, 43
get_closest_player: SUCCESS, 195
get_top_scorer: SUCCESS, 153
knockout_winner: SUCCESS, 12
knockout_winner: INVALID_INPUT
knockout_winner: INVALID_INPUT
knockout_winner: SUCCESS, 12
knockout_winner: FAILURE
get_all_players_count: SUCCESS, 20
unite_teams: INVALID_INPUT
knockout_winner: SUCCESS, 2
knockout_winner: INVALID_INPUT
knockout_winner: INVALID_INPUT
knockout_winner: FAILURE
knockout_winner: INVALID_INPUT
add_team: FAILURE
add_team: FAILURE
add_team: FAILURE
get_all_players: SUCCESS
102
62
95
182
52
45
122
25
126
155
199
15
107
23
11
get_num_played_games: SUCCESS, 2906
get_all_players_count: SUCCESS, 29
get_top_scorer: SUCCESS, 154
get_num_played_games: SUCCESS, 6180
play_match: SUCCESS
get_closest_player: SUCCESS, 23
update_player_stats: SUCCESS
add_team: FAILURE
get_team_points: SUCCESS, 19624
get_all_players_count: SUCCESS, 15
add_player: FAILURE
get_all_players_count: SUCCESS, 20
get_all_players_count: SUCCESS, 5
get_team_points: SUCCESS, 26886
get_top_scorer: SUCCESS, 153
knockout_winner: INVALID_INPUT
knockout_winner: INVALID_INPUT
knockout_winner: INVALID_INPUT
knockout_winner: INVALID_INPUT
knockout_winner: INVALID_INPUT
get_num_played_games: SUCCESS, 11184
get_top_scorer: SUCCESS, 3
get_all_players: SUCCESS
21
17
184
140
55
7
133
137
remove_team: FAILURE
get_all_players_count: SUCCESS, 5
get_num_played_games: SUCCESS, 7087
get_num_played_games: SUCCESS, 17657
knockout_winner: SUCCESS, 12
knockout_winner: INVALID_INPUT
knockout_winner: INVALID_INPUT
knockout_winner: SUCCESS, 12
knockout_winner: FAILURE
knockout_winner: SUCCESS, 19
knockout_winner: SUCCESS, 19
knockout_winner: SUCCESS, 12
knockout_winner: SUCCESS, 19
knockout_winner: INVALID_INPUT
remove_team: FAILURE
get_closest_player: SUCCESS, 59
unite_teams: FAILURE
knockout_winner: SUCCESS, 2
knockout_winner: INVALID_INPUT
knockout_winner: INVALID_INPUT
knockout_winner: FAILURE
knockout_winner: INVALID_INPUT
add_player: FAILURE
knockout_winner: SUCCESS, 12
knockout_winner: SUCCESS, 12
knockout_winner: SUCCESS, 4
knockout_winner: SUCCESS, 16
knockout_winner: INVALID_INPUT
unite_teams: FAILURE
get_all_players_count: SUCCESS, 8
unite_teams: SUCCESS
add_team: FAILURE
get_closest_player: SUCCESS, 106
play_match: FAILURE
unite_teams: FAILURE
remove_team: FAILURE
play_match: FAILURE
remove_player: SUCCESS
get_all_players_count: SUCCESS, 8
get_all_players_count: SUCCESS, 15
get_all_players_count: SUCCESS, 8
update_player_stats: SUCCESS
add_player: FAILURE
play_match: FAILURE
remove_team: FAILURE
get_all_players_count: SUCCESS, 5
knockout_winner: SUCCESS, 16
knockout_winner: SUCCESS, 19
knockout_winner: FAILURE
knockout_winner: FAILURE
knockout_winner: INVALID_INPUT
add_team: FAILURE
add_team: FAILURE
unite_teams: FAILURE
remove_player: SUCCESS
get_num_played_games: SUCCESS, 10473
add_team: FAILURE
add_team: FAILURE
get_all_players_count: SUCCESS, 7
get_top_scorer: SUCCESS, 3
get_team_points: SUCCESS, 1489
play_match: SUCCESS
get_team_points: SUCCESS, 26904
get_all_players_count: SUCCESS, 5
get_num_played_games: SUCCESS, 5813
get_num_played_games: SUCCESS, 6836
remove_team: FAILURE
add_player: FAILURE
remove_team: FAILURE
remove_player: SUCCESS
add_player: FAILURE
play_match: INVALID_INPUT
unite_teams: SUCCESS
get_num_played_games: SUCCESS, 10016
get_num_played_games: SUCCESS, 12854
knockout_winner: SUCCESS, 19
knockout_winner: SUCCESS, 19
knockout_winner: SUCCESS, 12
knockout_winner: SUCCESS, 19
knockout_winner: INVALID_INPUT
get_closest_player: SUCCESS, 49
play_match: FAILURE
remove_player: SUCCESS
remove_team: FAILURE
get_closest_player: SUCCESS, 40
get_team_points: SUCCESS, 11186
get_closest_player: SUCCESS, 38
remove_team: FAILURE
add_player: FAILURE
remove_team: FAILURE
add_player: FAILURE
get_team_points: SUCCESS, 1077
remove_team: FAILURE
get_team_points: SUCCESS, 26904
add_player: FAILURE
add_team: FAILURE
get_all_players: SUCCESS
62
95
182
52
45
102
122
25
126
155
199
15
107
23
11
get_num_played_games: SUCCESS, 4936
get_top_scorer: SUCCESS, 154
get_team_points: SUCCESS, 11186
get_team_points: SUCCESS, 1489
unite_teams: SUCCESS
get_num_played_games: SUCCESS, 16372
get_top_scorer: SUCCESS, 197
unite_teams: FAILURE
get_team_points: SUCCESS, 86955
update_player_stats: SUCCESS
get_num_played_games: SUCCESS, 14911
get_team_points: SUCCESS, 14495
knockout_winner: FAILURE
knockout_winner: SUCCESS, 12
knockout_winner: FAILURE
knockout_winner: FAILURE
knockout_winner: INVALID_INPUT
get_top_scorer: SUCCESS, 11
add_player: FAILURE
get_team_points: SUCCESS, 86955
get_team_points: SUCCESS, 1077
remove_player: SUCCESS
get_num_played_games: SUCCESS, 3410
update_player_stats: SUCCESS
add_player: FAILURE
remove_player: SUCCESS
get_all_players: SUCCESS
40
188
8
176
69
70
131
114
109
136
47
72
82
27
139
198
130
9
67
92
51
167
183
63
174
64
181
138
78
152
29
149
159
110
94
158
157
177
44
129
1
119
192
151
12
13
115
75
54
10
53
88
71
28
86
127
31
191
5
84
141
2
60
121
153
134
76
50
65
19
4
143
99
197
remove_team: FAILURE
unite_teams: SUCCESS
remove_team: FAILURE
remove_team: FAILURE
add_team: FAILURE
add_player: FAILURE
play_match: SUCCESS
update_player_stats: SUCCESS
remove_player: SUCCESS
unite_teams: INVALID_INPUT
get_closest_player: SUCCESS, 38
get_all_players: SUCCESS
43
49
173
163
160
knockout_winner: SUCCESS, 12
knockout_winner: SUCCESS, 12
knockout_winner: FAILURE
knockout_winner: FAILURE
knockout_winner: INVALID_INPUT
get_closest_player: SUCCESS, 197
remove_player: SUCCESS
remove_player: SUCCESS
add_player: FAILURE
remove_player: SUCCESS
play_match: INVALID_INPUT
get_team_points: SUCCESS, 11186
get_num_played_games: SUCCESS, 5998
get_num_played_games: SUCCESS, 111
unite_teams: INVALID_INPUT
add_team: FAILURE
get_all_players_count: SUCCESS, 4
knockout_winner: INVALID_INPUT
knockout_winner: FAILURE
knockout_winner: INVALID_INPUT
knockout_winner: INVALID_INPUT
knockout_winner: INVALID_INPUT
add_team: FAILURE
add_player: FAILURE
get_top_scorer: SUCCESS, 160
add_team: FAILURE
add_team: FAILURE
get_closest_player: SUCCESS, 151
remove_team: FAILURE
remove_player: SUCCESS
update_player_stats: SUCCESS
get_all_players_count: SUCCESS, 4
update_player_stats: SUCCESS
knockout_winner: SUCCESS, 12
knockout_winner: SUCCESS, 12
knockout_winner: FAILURE
knockout_winner: FAILURE
knockout_winner: INVALID_INPUT
unite_teams: FAILURE
remove_team: FAILURE
get_top_scorer: SUCCESS, 154
get_team_points: SUCCESS, 15984
remove_team: FAILURE
add_team: FAILURE
unite_teams: FAILURE
get_team_points: SUCCESS, 26907
get_all_players: SUCCESS
21
62
17
95
182
120
184
124
34
52
140
55
45
102
112
165
7
122
25
133
126
150
155
199
15
107
23
11
137
154
remove_player: SUCCESS
get_num_played_games: SUCCESS, 9539
unite_teams: FAILURE
get_team_points: SUCCESS, 26907
remove_player: SUCCESS
get_closest_player: SUCCESS, 99
unite_teams: INVALID_INPUT
remove_team: FAILURE
add_player: FAILURE
knockout_winner: INVALID_INPUT
knockout_winner: FAILURE
knockout_winner: INVALID_INPUT
knockout_winner: INVALID_INPUT
knockout_winner: INVALID_INPUT
remove_player: SUCCESS
get_all_players: SUCCESS
90
123
81
38
195
166
77
118
get_all_players_count: SUCCESS, 71
knockout_winner: SUCCESS, 12
knockout_winner: SUCCESS, 12
knockout_winner: FAILURE
knockout_winner: FAILURE
knockout_winner: INVALID_INPUT
remove_team: FAILURE
play_match: FAILURE
play_match: FAILURE
get_num_played_games: SUCCESS, 7778
remove_team: FAILURE
get_closest_player: SUCCESS, 38
remove_player: SUCCESS
unite_teams: INVALID_INPUT
remove_player: SUCCESS
get_top_scorer: SUCCESS, 154
get_team_points: SUCCESS, 15984
remove_player: SUCCESS
get_closest_player: SUCCESS, 77
unite_teams: FAILURE
unite_teams: SUCCESS
get_num_played_games: SUCCESS, 2713
get_all_players: SUCCESS
90
123
81
38
195
166
77
118
update_player_stats: SUCCESS
get_all_players_count: SUCCESS, 25
get_num_played_games: SUCCESS, 14912
remove_player: SUCCESS
get_closest_player: SUCCESS, 13
unite_teams: SUCCESS
get_team_points: SUCCESS, 26907
get_closest_player: SUCCESS, 41
get_all_players: SUCCESS
21
17
95
182
120
184
124
34
52
140
55
45
102
112
165
7
25
133
126
150
155
199
15
107
23
11
137
154
get_all_players_count: SUCCESS, 28
get_team_points: SUCCESS, 99221
remove_player: SUCCESS
play_match: INVALID_INPUT
update_player_stats: SUCCESS
get_num_played_games: SUCCESS, 1438
remove_player: SUCCESS
knockout_winner: SUCCESS, 19
knockout_winner: SUCCESS, 19
knockout_winner: FAILURE
knockout_winner: FAILURE
knockout_winner: INVALID_INPUT
get_num_played_games: SUCCESS, 15342
add_player: FAILURE
get_all_players_count: SUCCESS, 79
remove_team: FAILURE
add_team: FAILURE
knockout_winner: SUCCESS, 19
knockout_winner: SUCCESS, 19
knockout_winner: FAILURE
knockout_winner: FAILURE
knockout_winner: INVALID_INPUT
play_match: INVALID_INPUT
remove_team: FAILURE
get_team_points: SUCCESS, 26907
unite_teams: FAILURE
update_player_stats: SUCCESS
unite_teams: INVALID_INPUT
update_player_stats: SUCCESS
add_team: FAILURE
remove_team: FAILURE
get_team_points: SUCCESS, 15984
get_all_players_count: SUCCESS, 28
play_match: SUCCESS
get_all_players_count: SUCCESS, 28
get_num_played_games: SUCCESS, 11041
play_match: SUCCESS
get_team_points: SUCCESS, 99227
remove_team: FAILURE
get_all_players: SUCCESS
21
17
95
182
120
184
124
34
52
140
55
45
102
112
165
7
25
133
126
150
155
199
15
107
23
11
137
154
get_num_played_games: SUCCESS, 2593
get_all_players_count: SUCCESS, 28
play_match: SUCCESS
play_match: INVALID_INPUT
get_top_scorer: SUCCESS, 68
get_top_scorer: SUCCESS, 160
get_all_players: SUCCESS
43
90
188
8
176
69
131
114
123
49
136
47
72
81
82
27
139
198
9
67
92
51
167
183
63
174
181
38
138
78
152
29
149
195
159
110
158
157
177
44
129
77
1
119
192
151
12
13
115
54
10
53
88
71
28
130
86
127
31
166
5
118
84
141
2
60
153
134
76
50
64
19
4
143
163
65
99
197
160
get_top_scorer: SUCCESS, 154
get_num_played_games: SUCCESS, 2828
remove_team: FAILURE
get_all_players_count: SUCCESS, 28
remove_team: FAILURE
update_player_stats: SUCCESS
play_match: SUCCESS
remove_team: FAILURE
get_closest_player: SUCCESS, 151
add_player: FAILURE
remove_team: FAILURE
add_player: FAILURE
get_closest_player: SUCCESS, 63
get_closest_player: SUCCESS, 76
get_top_scorer: SUCCESS, 154
remove_player: SUCCESS
unite_teams: SUCCESS
knockout_winner: SUCCESS, 12
knockout_winner: SUCCESS, 12
knockout_winner: FAILURE
knockout_winner: FAILURE
knockout_winner: INVALID_INPUT
add_player: FAILURE
get_all_players: SUCCESS
43
90
188
8
176
69
131
114
123
49
136
47
72
81
82
27
139
198
9
67
92
51
167
183
63
174
181
38
138
78
152
29
149
195
159
110
158
157
177
44
129
77
1
119
192
151
12
13
115
54
10
53
88
71
28
130
86
127
31
166
5
118
84
141
2
60
153
134
76
50
64
19
4
143
163
65
99
197
160
get_all_players: SUCCESS
43
90
188
8
176
69
131
114
123
49
136
47
72
81
82
27
139
198
9
67
92
51
167
183
63
174
181
38
138
78
152
29
149
195
159
110
158
157
177
44
129
77
1
119
192
151
12
13
115
54
10
53
88
71
28
130
86
127
31
166
5
118
84
141
2
60
153
134
76
50
64
19
4
143
163
65
99
197
160
remove_team: FAILURE
remove_player: SUCCESS
get_closest_player: SUCCESS, 84
get_top_scorer: SUCCESS, 160
add_player: FAILURE
get_num_played_games: SUCCESS, 2828
remove_team: FAILURE
get_num_played_games: SUCCESS, 6412
play_match: SUCCESS
get_top_scorer: SUCCESS, 160
knockout_winner: SUCCESS, 12
knockout_winner: SUCCESS, 12
knockout_winner: FAILURE
knockout_winner: FAILURE
knockout_winner: INVALID_INPUT
remove_player: SUCCESS
remove_team: FAILURE
get_all_players_count: SUCCESS, 51
get_num_played_games: SUCCESS, 9018
add_player: FAILURE
get_all_players_count: SUCCESS, 77
add_player: FAILURE
add_player: FAILURE
get_closest_player: SUCCESS, 79
add_team: FAILURE
play_match: SUCCESS
play_match: INVALID_INPUT
get_all_players: SUCCESS
43
90
188
8
176
69
131
114
123
49
47
72
81
82
27
139
198
9
67
92
51
167
183
63
174
181
38
138
78
152
29
195
159
110
158
157
177
44
129
77
1
119
192
151
12
13
115
54
10
53
88
71
28
130
86
127
31
166
5
118
84
141
2
60
153
134
76
50
64
19
4
143
163
65
99
197
160
add_team: FAILURE
get_num_played_games: SUCCESS, 2830
update_player_stats: SUCCESS
add_player: FAILURE
get_closest_player: SUCCESS, 60
get_all_players: SUCCESS
43
90
188
8
176
69
131
114
123
49
47
72
81
82
27
139
198
9
67
92
51
167
183
63
174
181
38
138
78
152
29
195
159
110
158
157
177
44
129
77
1
119
192
151
12
13
115
54
10
53
88
71
28
130
86
127
31
166
5
118
84
2
60
153
134
76
50
64
19
4
143
163
141
65
99
197
160
remove_team: FAILURE
get_closest_player: SUCCESS, 99
get_top_scorer: SUCCESS, 154
get_closest_player: SUCCESS, 63
add_team: FAILURE
get_all_players_count: SUCCESS, 77
add_player: FAILURE
add_player: FAILURE
update_player_stats: SUCCESS
get_num_played_games: SUCCESS, 10511
remove_player: SUCCESS
add_player: FAILURE
remove_player: SUCCESS
add_team: FAILURE
get_top_scorer: SUCCESS, 160
remove_player: SUCCESS
get_top_scorer: SUCCESS, 154
remove_player: SUCCESS
get_num_played_games: SUCCESS, 1237
update_player_stats: SUCCESS
update_player_stats: SUCCESS
add_player: FAILURE
add_team: FAILURE
play_match: INVALID_INPUT
unite_teams: INVALID_INPUT
get_all_players_count: SUCCESS, 51
knockout_winner: INVALID_INPUT
knockout_winner: FAILURE
knockout_winner: INVALID_INPUT
knockout_winner: INVALID_INPUT
knockout_winner: INVALID_INPUT
get_team_points: SUCCESS, 99233
update_player_stats: SUCCESS
play_match: SUCCESS
get_team_points: SUCCESS, 42897
play_match: SUCCESS
get_num_played_games: SUCCESS, 30073
unite_teams: INVALID_INPUT
knockout_winner: SUCCESS, 12
knockout_winner: SUCCESS, 12
knockout_winner: FAILURE
knockout_winner: FAILURE
knockout_winner: INVALID_INPUT
knockout_winner: SUCCESS, 12
knockout_winner: SUCCESS, 12
knockout_winner: FAILURE
knockout_winner: FAILURE
knockout_winner: INVALID_INPUT
get_top_scorer: SUCCESS, 154
knockout_winner: SUCCESS, 12
knockout_winner: SUCCESS, 12
knockout_winner: FAILURE
knockout_winner: FAILURE
knockout_winner: INVALID_INPUT
get_all_players_count: SUCCESS, 73
get_closest_player: SUCCESS, 188
remove_player: SUCCESS
get_all_players: SUCCESS
21
33
89
95
79
170
185
182
120
184
124
132
104
34
106
128
116
52
140
55
102
112
165
7
41
17
45
42
25
133
196
126
150
155
199
15
83
135
57
168
37
61
171
107
59
23
11
137
175
68
154
get_closest_player: SUCCESS, 82
get_closest_player: SUCCESS, 155
get_top_scorer: SUCCESS, 154
unite_teams: SUCCESS
get_all_players: SUCCESS
21
43
90
33
188
8
89
176
69
131
95
114
79
170
185
123
182
47
72
120
81
184
82
124
132
104
34
106
198
9
128
116
52
140
55
92
51
167
102
112
165
183
63
174
181
7
38
138
78
152
29
195
41
159
110
17
45
158
157
177
42
25
44
129
77
1
119
192
133
151
12
13
196
115
54
10
126
53
88
67
71
150
155
28
199
130
15
83
86
135
127
57
31
168
166
5
118
84
2
60
37
61
153
171
134
107
76
50
64
59
19
23
143
11
141
137
175
65
99
68
197
154
160
update_player_stats: SUCCESS
add_player: FAILURE
unite_teams: INVALID_INPUT
get_all_players_count: SUCCESS, 123
get_all_players: SUCCESS
21
43
90
33
188
8
89
176
69
131
95
114
79
170
185
123
182
47
72
120
81
184
82
124
132
104
34
106
198
9
128
116
52
140
55
92
51
167
102
112
165
183
63
174
181
7
38
138
78
152
29
195
41
159
110
17
45
158
157
177
42
25
44
129
77
1
119
192
133
151
12
13
196
115
54
10
126
53
88
67
71
150
155
28
199
130
15
83
86
135
127
57
31
166
5
118
84
2
60
37
61
153
171
134
168
107
76
50
64
59
19
23
143
11
141
137
175
65
99
68
197
154
160
get_team_points: SUCCESS, 142136
get_num_played_games: SUCCESS, 4845
play_match: INVALID_INPUT
get_team_points: SUCCESS, 142136
get_all_players: SUCCESS
21
43
90
33
188
8
89
176
69
131
95
114
79
170
185
123
182
47
72
120
81
184
82
124
132
104
34
106
198
9
128
116
52
140
55
92
51
167
102
112
165
183
63
174
181
7
38
138
78
152
29
195
41
159
110
17
45
158
157
177
42
25
44
129
77
1
119
192
133
151
12
13
196
115
54
10
126
53
88
67
71
150
155
28
199
130
15
83
86
135
127
57
31
166
5
118
84
2
60
37
61
153
171
134
168
107
76
50
64
59
19
23
143
11
141
137
175
65
99
68
197
154
160
add_team: FAILURE
get_closest_player: SUCCESS, 151
add_player: FAILURE
add_team: FAILURE
get_all_players_count: SUCCESS, 123
unite_teams: INVALID_INPUT
get_top_scorer: SUCCESS, 160
get_all_players_count: SUCCESS, 123
update_player_stats: SUCCESS
knockout_winner: SUCCESS, 12
knockout_winner: SUCCESS, 12
knockout_winner: FAILURE
knockout_winner: FAILURE
knockout_winner: INVALID_INPUT
remove_player: SUCCESS
get_team_points: SUCCESS, 142136
get_all_players: SUCCESS
21
43
90
33
188
8
89
176
69
131
95
114
79
170
185
123
182
47
72
120
81
184
82
124
132
104
34
106
198
9
128
116
52
140
55
92
51
167
102
112
165
183
63
174
181
7
38
138
78
152
29
195
41
159
110
17
45
158
177
42
25
44
129
77
1
119
192
133
151
12
13
196
115
54
10
126
53
88
67
71
150
155
28
199
130
15
83
86
135
127
57
31
166
5
118
84
2
60
37
61
153
171
134
168
107
76
50
64
157
59
19
23
11
141
137
175
65
99
68
197
154
160
get_num_played_games: SUCCESS, 7760
get_top_scorer: SUCCESS, 160
get_team_points: SUCCESS, 142136
get_top_scorer: SUCCESS, 160
get_all_players_count: SUCCESS, 122
remove_team: FAILURE
get_closest_player: SUCCESS, 157
get_all_players_count: SUCCESS, 122
add_player: FAILURE
get_all_players: SUCCESS
21
43
90
33
188
8
89
176
69
131
95
114
79
170
185
123
182
47
72
120
81
184
82
124
132
104
34
106
198
9
128
116
52
140
55
92
51
167
102
112
165
183
63
174
181
7
38
138
78
152
29
195
41
159
110
17
45
158
177
42
25
44
129
77
1
119
192
133
151
12
13
196
115
54
10
126
53
88
67
71
150
155
28
199
130
15
83
86
135
127
57
31
166
5
118
84
2
60
37
61
153
171
134
168
107
76
50
64
157
59
19
23
11
141
137
175
65
99
68
197
154
160
get_all_players_count: SUCCESS, 122
get_num_played_games: SUCCESS, 4948
get_closest_player: SUCCESS, 82
remove_team: FAILURE
get_all_players: SUCCESS
21
43
90
33
188
8
89
176
69
131
95
114
79
170
185
123
182
47
72
120
81
184
82
124
132
104
34
106
198
9
128
116
52
140
55
92
51
167
102
112
165
183
63
174
181
7
38
138
78
152
29
195
41
159
110
17
45
158
177
42
25
44
129
77
1
119
192
133
151
12
13
196
115
54
10
126
53
88
67
71
150
155
28
199
130
15
83
86
135
127
57
31
166
5
118
84
2
60
37
61
153
171
134
168
107
76
50
64
157
59
19
23
11
141
137
175
65
99
68
197
154
160
get_closest_player: SUCCESS, 19
get_top_scorer: SUCCESS, 160
add_team: FAILURE
get_top_scorer: SUCCESS, 160
get_num_played_games: SUCCESS, 60
add_player: FAILURE
get_team_points: SUCCESS, 142136
unite_teams: INVALID_INPUT
remove_player: SUCCESS
get_closest_player: SUCCESS, 92
knockout_winner: SUCCESS, 12
knockout_winner: SUCCESS, 12
knockout_winner: FAILURE
knockout_winner: FAILURE
knockout_winner: INVALID_INPUT
update_player_stats: SUCCESS
get_all_players_count: SUCCESS, 121
add_team: FAILURE
knockout_winner: SUCCESS, 12
knockout_winner: SUCCESS, 12
knockout_winner: FAILURE
knockout_winner: FAILURE
knockout_winner: INVALID_INPUT
add_player: FAILURE
remove_team: FAILURE
remove_team: FAILURE
play_match: INVALID_INPUT
play_match: INVALID_INPUT
remove_team: FAILURE
update_player_stats: SUCCESS
get_team_points: SUCCESS, 142136
play_match: INVALID_INPUT
remove_player: SUCCESS
remove_team: FAILURE
get_all_players: SUCCESS
21
43
90
33
188
8
89
176
69
131
95
114
79
170
185
123
182
47
72
120
81
184
82
124
132
104
34
106
198
9
52
140
55
92
51
167
102
112
165
183
63
174
181
7
38
138
78
152
29
195
41
159
110
17
45
158
177
42
25
44
77
1
119
192
133
151
12
13
196
115
54
10
126
53
88
67
71
150
155
28
199
130
15
83
86
135
127
57
31
166
5
118
84
2
60
37
61
153
171
134
168
107
76
50
64
157
59
116
19
23
11
141
137
175
65
99
68
197
154
160
get_closest_player: SUCCESS, 158
remove_player: SUCCESS
remove_player: SUCCESS
remove_player: SUCCESS
remove_player: SUCCESS
remove_player: SUCCESS
remove_player: SUCCESS
remove_player: SUCCESS
remove_player: SUCCESS
remove_player: SUCCESS
remove_player: SUCCESS
remove_player: SUCCESS
remove_player: SUCCESS
remove_player: SUCCESS
remove_player: SUCCESS
remove_player: SUCCESS
remove_player: SUCCESS
remove_player: SUCCESS
remove_player: SUCCESS
remove_player: SUCCESS
remove_player: SUCCESS
remove_player: SUCCESS
remove_player: SUCCESS
remove_player: SUCCESS
remove_player: SUCCESS
remove_player: SUCCESS
remove_player: SUCCESS
remove_player: SUCCESS
remove_player: SUCCESS
remove_player: SUCCESS
remove_player: SUCCESS
remove_player: SUCCESS
remove_player: SUCCESS
remove_player: SUCCESS
remove_player: SUCCESS
remove_player: SUCCESS
remove_player: SUCCESS
remove_player: SUCCESS
remove_player: SUCCESS
remove_player: SUCCESS
remove_player: SUCCESS
remove_player: SUCCESS
remove_player: SUCCESS
remove_player: SUCCESS
remove_player: SUCCESS
remove_player: SUCCESS
remove_player: SUCCESS
remove_player: SUCCESS
remove_player: SUCCESS
remove_player: SUCCESS
remove_player: SUCCESS
remove_player: SUCCESS
remove_player: SUCCESS
remove_player: SUCCESS
remove_player: SUCCESS
remove_player: SUCCESS
remove_player: SUCCESS
remove_player: SUCCESS
remove_player: SUCCESS
remove_player: SUCCESS
remove_player: SUCCESS
remove_player: SUCCESS
remove_player: SUCCESS
remove_player: SUCCESS
remove_player: SUCCESS
remove_player: SUCCESS
remove_player: SUCCESS
remove_player: SUCCESS
remove_player: SUCCESS
remove_player: SUCCESS
remove_player: SUCCESS
remove_player: SUCCESS
remove_player: SUCCESS
remove_player: SUCCESS
remove_player: SUCCESS
remove_player: SUCCESS
remove_player: SUCCESS
remove_player: SUCCESS
remove_player: SUCCESS
remove_player: SUCCESS
remove_player: SUCCESS
remove_player: SUCCESS
remove_player: SUCCESS
remove_player: SUCCESS
remove_player: SUCCESS
remove_player: SUCCESS
remove_player: SUCCESS
remove_player: SUCCESS
remove_player: SUCCESS
remove_player: SUCCESS
remove_player: SUCCESS
remove_player: SUCCESS
remove_player: SUCCESS
remove_player: SUCCESS
remove_player: SUCCESS
remove_player: SUCCESS
remove_player: SUCCESS
remove_player: SUCCESS
remove_player: SUCCESS
remove_player: SUCCESS
remove_player: SUCCESS
remove_player: SUCCESS
remove_player: SUCCESS
remove_player: SUCCESS
remove_player: SUCCESS
remove_player: SUCCESS
remove_player: SUCCESS
remove_player: SUCCESS
remove_player: SUCCESS
remove_player: SUCCESS
remove_player: SUCCESS
remove_player: SUCCESS
remove_player: SUCCESS
remove_player: SUCCESS
remove_player: SUCCESS
remove_player: SUCCESS
remove_player: SUCCESS
remove_player: SUCCESS
remove_player: SUCCESS
remove_player: SUCCESS
remove_player: SUCCESS
remove_team: SUCCESS
