add_team: SUCCESS
add_team: SUCCESS
add_team: SUCCESS
add_team: SUCCESS
add_team: SUCCESS
add_team: SUCCESS
add_team: SUCCESS
add_team: SUCCESS
add_team: SUCCESS
add_team: SUCCESS
add_team: SUCCESS
add_team: SUCCESS
add_team: SUCCESS
add_team: SUCCESS
add_team: SUCCESS
add_team: SUCCESS
add_team: SUCCESS
add_team: SUCCESS
add_team: SUCCESS
add_team: SUCCESS
add_player: SUCCESS
add_player: SUCCESS
add_player: SUCCESS
add_player: SUCCESS
add_player: SUCCESS
add_player: SUCCESS
add_player: SUCCESS
add_player: SUCCESS
add_player: SUCCESS
add_player: SUCCESS
add_player: SUCCESS
add_player: SUCCESS
add_player: SUCCESS
add_player: SUCCESS
add_player: SUCCESS
add_player: SUCCESS
add_player: SUCCESS
add_player: SUCCESS
add_player: SUCCESS
add_player: SUCCESS
add_player: SUCCESS
add_player: SUCCESS
add_player: SUCCESS
add_player: SUCCESS
add_player: SUCCESS
add_player: SUCCESS
add_player: SUCCESS
add_player: SUCCESS
add_player: SUCCESS
add_player: SUCCESS
add_player: SUCCESS
add_player: SUCCESS
add_player: SUCCESS
add_player: SUCCESS
add_player: SUCCESS
add_player: SUCCESS
add_player: SUCCESS
add_player: SUCCESS
add_player: SUCCESS
add_player: SUCCESS
add_player: SUCCESS
add_player: SUCCESS
add_player: SUCCESS
add_player: SUCCESS
add_player: SUCCESS
add_player: SUCCESS
add_player: SUCCESS
add_player: SUCCESS
add_player: SUCCESS
add_player: SUCCESS
add_player: SUCCESS
add_player: SUCCESS
add_player: SUCCESS
add_player: SUCCESS
add_player: SUCCESS
add_player: SUCCESS
add_player: SUCCESS
add_player: SUCCESS
add_player: SUCCESS
add_player: SUCCESS
add_player: SUCCESS
add_player: SUCCESS
add_player: SUCCESS
add_player: SUCCESS
add_player: SUCCESS
add_player: SUCCESS
add_player: SUCCESS
add_player: SUCCESS
add_player: SUCCESS
add_player: SUCCESS
add_player: SUCCESS
add_player: SUCCESS
add_player: SUCCESS
add_player: SUCCESS
add_player: SUCCESS
add_player: SUCCESS
add_player: SUCCESS
add_player: SUCCESS
add_player: SUCCESS
add_player: SUCCESS
add_player: SUCCESS
add_player: SUCCESS
add_player: SUCCESS
add_player: SUCCESS
add_player: SUCCESS
add_player: SUCCESS
add_player: SUCCESS
add_player: SUCCESS
add_player: SUCCESS
add_player: SUCCESS
add_player: SUCCESS
add_player: SUCCESS
add_player: SUCCESS
add_player: SUCCESS
add_player: SUCCESS
add_player: SUCCESS
add_player: SUCCESS
add_player: SUCCESS
add_player: SUCCESS
add_player: SUCCESS
add_player: SUCCESS
add_player: SUCCESS
add_player: SUCCESS
add_player: SUCCESS
add_player: SUCCESS
add_player: SUCCESS
add_player: SUCCESS
add_player: SUCCESS
add_player: SUCCESS
add_player: SUCCESS
add_player: SUCCESS
add_player: SUCCESS
add_player: SUCCESS
add_player: SUCCESS
add_player: SUCCESS
add_player: SUCCESS
add_player: SUCCESS
add_player: SUCCESS
add_player: SUCCESS
add_player: SUCCESS
add_player: SUCCESS
add_player: SUCCESS
add_player: SUCCESS
add_player: SUCCESS
add_player: SUCCESS
add_player: SUCCESS
add_player: SUCCESS
add_player: SUCCESS
add_player: SUCCESS
add_player: SUCCESS
add_player: SUCCESS
add_player: SUCCESS
add_player: SUCCESS
add_player: SUCCESS
add_player: SUCCESS
add_player: SUCCESS
add_player: SUCCESS
add_player: SUCCESS
add_player: SUCCESS
add_player: SUCCESS
add_player: SUCCESS
add_player: SUCCESS
add_player: SUCCESS
add_player: SUCCESS
add_player: SUCCESS
add_player: SUCCESS
add_player: SUCCESS
add_player: SUCCESS
add_player: SUCCESS
add_player: SUCCESS
add_player: SUCCESS
add_player: SUCCESS
add_player: SUCCESS
add_player: SUCCESS
add_player: SUCCESS
add_player: SUCCESS
add_player: SUCCESS
add_player: SUCCESS
add_player: SUCCESS
add_player: SUCCESS
add_player: SUCCESS
add_player: SUCCESS
add_player: SUCCESS
add_player: SUCCESS
add_player: SUCCESS
add_player: SUCCESS
add_player: SUCCESS
add_player: SUCCESS
add_player: SUCCESS
add_player: SUCCESS
add_player: SUCCESS
add_player: SUCCESS
add_player: SUCCESS
add_player: SUCCESS
add_player: SUCCESS
add_player: SUCCESS
add_player: SUCCESS
add_player: SUCCESS
add_player: SUCCESS
add_player: SUCCESS
add_player: SUCCESS
add_player: SUCCESS
add_player: SUCCESS
add_player: SUCCESS
add_player: SUCCESS
add_player: SUCCESS
add_player: SUCCESS
add_player: SUCCESS
add_player: SUCCESS
add_player: SUCCESS
add_player: SUCCESS
add_player: SUCCESS
add_player: SUCCESS
add_player: SUCCESS
add_player: SUCCESS
add_player: SUCCESS
add_player: SUCCESS
add_player: SUCCESS
add_player: SUCCESS
add_player: SUCCESS
update_player_stats: SUCCESS
remove_team: FAILURE
unite_teams: FAILURE
add_team: FAILURE
get_team_points: SUCCESS, 6765
get_team_points: SUCCESS, 11996
knockout_winner: SUCCESS, 9
knockout_winner: INVALID_INPUT
knockout_winner: INVALID_INPUT
knockout_winner: SUCCESS, 9
knockout_winner: SUCCESS, 9
unite_teams: FAILURE
knockout_winner: SUCCESS, 13
knockout_winner: SUCCESS, 9
knockout_winner: SUCCESS, 9
knockout_winner: SUCCESS, 19
knockout_winner: INVALID_INPUT
get_num_played_games: SUCCESS, 10104
remove_player: SUCCESS
add_player: FAILURE
play_match: FAILURE
remove_player: SUCCESS
add_team: FAILURE
remove_player: SUCCESS
get_num_played_games: SUCCESS, 6701
add_player: FAILURE
add_player: FAILURE
unite_teams: FAILURE
get_num_played_games: SUCCESS, 1536
add_team: FAILURE
get_num_played_games: SUCCESS, 9251
get_all_players: SUCCESS
93
175
10
54
142
163
197
add_player: FAILURE
get_top_scorer: SUCCESS, 140
get_team_points: SUCCESS, 408
play_match: SUCCESS
update_player_stats: SUCCESS
get_all_players_count: SUCCESS, 13
add_player: FAILURE
knockout_winner: FAILURE
knockout_winner: SUCCESS, 9
knockout_winner: SUCCESS, 3
knockout_winner: SUCCESS, 13
knockout_winner: INVALID_INPUT
get_num_played_games: SUCCESS, 2082
knockout_winner: SUCCESS, 9
knockout_winner: SUCCESS, 9
knockout_winner: FAILURE
knockout_winner: SUCCESS, 17
knockout_winner: INVALID_INPUT
unite_teams: FAILURE
remove_team: FAILURE
get_all_players_count: SUCCESS, 8
get_num_played_games: SUCCESS, 6808
get_team_points: SUCCESS, 10906
get_num_played_games: SUCCESS, 9396
remove_team: FAILURE
update_player_stats: SUCCESS
remove_team: FAILURE
play_match: FAILURE
update_player_stats: SUCCESS
unite_teams: FAILURE
get_team_points: SUCCESS, 8880
knockout_winner: SUCCESS, 17
knockout_winner: SUCCESS, 13
knockout_winner: SUCCESS, 13
knockout_winner: FAILURE
knockout_winner: INVALID_INPUT
unite_teams: FAILURE
get_top_scorer: SUCCESS, 141
remove_team: FAILURE
update_player_stats: SUCCESS
get_team_points: SUCCESS, 6271
knockout_winner: SUCCESS, 19
knockout_winner: SUCCESS, 13
knockout_winner: SUCCESS, 13
knockout_winner: FAILURE
knockout_winner: INVALID_INPUT
get_top_scorer: SUCCESS, 94
get_closest_player: SUCCESS, 84
get_all_players: SUCCESS
26
177
67
107
126
62
111
81
194
84
180
183
141
unite_teams: SUCCESS
add_team: FAILURE
remove_team: FAILURE
add_team: FAILURE
knockout_winner: SUCCESS, 13
knockout_winner: SUCCESS, 9
knockout_winner: FAILURE
knockout_winner: SUCCESS, 17
knockout_winner: INVALID_INPUT
play_match: SUCCESS
remove_team: FAILURE
play_match: FAILURE
unite_teams: FAILURE
update_player_stats: SUCCESS
get_top_scorer: SUCCESS, 125
knockout_winner: SUCCESS, 14
knockout_winner: SUCCESS, 9
knockout_winner: SUCCESS, 9
knockout_winner: SUCCESS, 19
knockout_winner: INVALID_INPUT
play_match: FAILURE
add_team: FAILURE
update_player_stats: SUCCESS
play_match: FAILURE
get_all_players_count: SUCCESS, 13
add_team: FAILURE
knockout_winner: SUCCESS, 14
knockout_winner: SUCCESS, 9
knockout_winner: SUCCESS, 9
knockout_winner: SUCCESS, 19
knockout_winner: INVALID_INPUT
get_all_players: SUCCESS
105
8
106
127
13
172
125
add_player: FAILURE
get_closest_player: SUCCESS, 140
get_top_scorer: SUCCESS, 82
remove_team: FAILURE
unite_teams: FAILURE
add_team: FAILURE
get_team_points: SUCCESS, 6765
remove_team: FAILURE
remove_player: SUCCESS
update_player_stats: SUCCESS
unite_teams: FAILURE
remove_team: FAILURE
add_player: FAILURE
play_match: FAILURE
update_player_stats: SUCCESS
play_match: FAILURE
knockout_winner: SUCCESS, 17
knockout_winner: SUCCESS, 13
knockout_winner: SUCCESS, 11
knockout_winner: FAILURE
knockout_winner: INVALID_INPUT
remove_team: FAILURE
get_all_players: SUCCESS
63
184
191
138
44
186
152
update_player_stats: SUCCESS
add_team: FAILURE
unite_teams: FAILURE
add_player: FAILURE
knockout_winner: SUCCESS, 17
knockout_winner: SUCCESS, 13
knockout_winner: SUCCESS, 11
knockout_winner: FAILURE
knockout_winner: INVALID_INPUT
get_top_scorer: SUCCESS, 140
remove_team: FAILURE
add_team: FAILURE
add_team: FAILURE
play_match: FAILURE
add_player: FAILURE
update_player_stats: SUCCESS
add_team: FAILURE
get_closest_player: SUCCESS, 92
unite_teams: FAILURE
add_team: FAILURE
get_team_points: SUCCESS, 6765
get_num_played_games: SUCCESS, 1818
get_all_players: SUCCESS
43
86
75
39
189
18
77
182
50
53
64
65
118
68
200
get_team_points: SUCCESS, 10476
knockout_winner: SUCCESS, 3
knockout_winner: INVALID_INPUT
knockout_winner: INVALID_INPUT
knockout_winner: FAILURE
knockout_winner: INVALID_INPUT
play_match: SUCCESS
get_closest_player: SUCCESS, 16
get_closest_player: SUCCESS, 11
get_all_players: SUCCESS
105
8
106
127
13
125
172
get_team_points: SUCCESS, 5261
get_closest_player: SUCCESS, 153
get_num_played_games: SUCCESS, 3667
update_player_stats: SUCCESS
get_all_players: SUCCESS
12
6
36
46
5
20
55
31
144
61
132
add_player: FAILURE
remove_player: SUCCESS
get_num_played_games: SUCCESS, 12031
get_top_scorer: SUCCESS, 132
remove_team: FAILURE
get_closest_player: SUCCESS, 143
get_num_played_games: SUCCESS, 9154
add_player: FAILURE
get_all_players_count: SUCCESS, 11
add_player: FAILURE
get_all_players_count: SUCCESS, 7
get_num_played_games: SUCCESS, 3752
get_closest_player: SUCCESS, 84
remove_player: SUCCESS
remove_player: SUCCESS
add_team: FAILURE
update_player_stats: SUCCESS
remove_team: FAILURE
update_player_stats: SUCCESS
add_player: FAILURE
update_player_stats: SUCCESS
remove_player: SUCCESS
get_num_played_games: SUCCESS, 2960
add_player: FAILURE
get_all_players_count: SUCCESS, 12
play_match: FAILURE
get_team_points: SUCCESS, 10906
get_all_players_count: SUCCESS, 8
knockout_winner: FAILURE
knockout_winner: SUCCESS, 13
knockout_winner: SUCCESS, 11
knockout_winner: FAILURE
knockout_winner: INVALID_INPUT
get_num_played_games: SUCCESS, 1729
remove_player: SUCCESS
play_match: FAILURE
get_all_players_count: SUCCESS, 8
add_team: FAILURE
add_team: FAILURE
add_player: FAILURE
remove_player: SUCCESS
get_all_players_count: SUCCESS, 7
add_team: FAILURE
add_team: FAILURE
get_num_played_games: SUCCESS, 704
get_all_players: SUCCESS
43
86
75
39
18
77
182
50
53
64
65
118
68
200
remove_player: SUCCESS
remove_team: FAILURE
knockout_winner: SUCCESS, 3
knockout_winner: INVALID_INPUT
knockout_winner: INVALID_INPUT
knockout_winner: SUCCESS, 9
knockout_winner: INVALID_INPUT
remove_team: FAILURE
knockout_winner: SUCCESS, 9
knockout_winner: SUCCESS, 9
knockout_winner: SUCCESS, 3
knockout_winner: SUCCESS, 13
knockout_winner: INVALID_INPUT
play_match: FAILURE
add_team: FAILURE
play_match: FAILURE
knockout_winner: SUCCESS, 9
knockout_winner: SUCCESS, 9
knockout_winner: SUCCESS, 9
knockout_winner: SUCCESS, 19
knockout_winner: SUCCESS, 14
add_team: FAILURE
remove_player: SUCCESS
get_team_points: SUCCESS, 6765
get_top_scorer: SUCCESS, 152
get_num_played_games: SUCCESS, 9437
update_player_stats: SUCCESS
get_all_players: SUCCESS
187
42
123
7
198
30
52
140
unite_teams: FAILURE
get_all_players_count: SUCCESS, 11
remove_team: FAILURE
unite_teams: FAILURE
get_all_players: SUCCESS
93
175
10
54
142
163
197
add_player: FAILURE
get_top_scorer: SUCCESS, 132
remove_team: FAILURE
unite_teams: SUCCESS
add_team: FAILURE
get_num_played_games: SUCCESS, 9341
get_all_players_count: SUCCESS, 7
add_player: FAILURE
unite_teams: SUCCESS
knockout_winner: SUCCESS, 11
knockout_winner: SUCCESS, 11
knockout_winner: FAILURE
knockout_winner: SUCCESS, 16
knockout_winner: INVALID_INPUT
remove_player: SUCCESS
add_player: FAILURE
get_team_points: SUCCESS, 10476
unite_teams: SUCCESS
get_num_played_games: SUCCESS, 9347
unite_teams: FAILURE
get_all_players: SUCCESS
160
114
124
121
92
135
22
unite_teams: FAILURE
update_player_stats: SUCCESS
remove_team: FAILURE
get_all_players: SUCCESS
105
8
106
127
13
125
172
get_all_players_count: SUCCESS, 14
get_all_players_count: SUCCESS, 8
add_team: FAILURE
get_top_scorer: SUCCESS, 91
get_all_players: SUCCESS
32
116
89
173
157
199
unite_teams: SUCCESS
update_player_stats: SUCCESS
get_team_points: SUCCESS, 4130
get_closest_player: SUCCESS, 163
remove_team: FAILURE
get_num_played_games: SUCCESS, 9209
get_all_players_count: SUCCESS, 18
remove_team: FAILURE
get_team_points: SUCCESS, 3789
get_num_played_games: SUCCESS, 9200
add_team: FAILURE
play_match: FAILURE
play_match: INVALID_INPUT
get_all_players_count: SUCCESS, 7
remove_team: FAILURE
unite_teams: FAILURE
unite_teams: FAILURE
get_all_players: SUCCESS
24
15
58
103
51
25
71
174
70
73
37
146
193
69
56
1
90
83
143
150
192
168
get_all_players: SUCCESS
27
59
78
76
169
85
162
get_closest_player: SUCCESS, 88
get_num_played_games: SUCCESS, 6507
add_player: FAILURE
get_all_players: SUCCESS
24
15
58
103
51
25
71
174
70
73
37
146
193
69
56
1
90
83
143
150
192
168
play_match: SUCCESS
get_top_scorer: SUCCESS, 119
get_all_players: SUCCESS
184
191
138
44
63
186
152
get_all_players_count: SUCCESS, 7
unite_teams: FAILURE
add_player: FAILURE
get_all_players_count: SUCCESS, 7
update_player_stats: SUCCESS
get_num_played_games: SUCCESS, 7494
get_num_played_games: SUCCESS, 5498
add_team: FAILURE
get_closest_player: SUCCESS, 102
play_match: FAILURE
knockout_winner: SUCCESS, 19
knockout_winner: SUCCESS, 19
knockout_winner: SUCCESS, 14
knockout_winner: FAILURE
knockout_winner: INVALID_INPUT
update_player_stats: SUCCESS
unite_teams: SUCCESS
get_num_played_games: SUCCESS, 9746
remove_team: FAILURE
knockout_winner: SUCCESS, 16
knockout_winner: SUCCESS, 11
knockout_winner: SUCCESS, 11
knockout_winner: FAILURE
knockout_winner: INVALID_INPUT
remove_team: FAILURE
add_team: FAILURE
get_all_players_count: SUCCESS, 6
get_all_players_count: SUCCESS, 33
get_all_players_count: SUCCESS, 14
get_all_players_count: SUCCESS, 7
get_num_played_games: SUCCESS, 9684
knockout_winner: SUCCESS, 17
knockout_winner: SUCCESS, 11
knockout_winner: SUCCESS, 11
knockout_winner: SUCCESS, 19
knockout_winner: INVALID_INPUT
get_all_players_count: SUCCESS, 22
get_all_players: SUCCESS
105
170
8
106
80
13
158
29
178
104
181
165
127
72
125
88
117
172
update_player_stats: SUCCESS
update_player_stats: SUCCESS
get_top_scorer: SUCCESS, 199
get_top_scorer: SUCCESS, 100
get_all_players: SUCCESS
160
114
124
121
92
135
22
knockout_winner: SUCCESS, 11
knockout_winner: INVALID_INPUT
knockout_winner: INVALID_INPUT
knockout_winner: SUCCESS, 11
knockout_winner: INVALID_INPUT
get_team_points: SUCCESS, 4130
get_team_points: SUCCESS, 10540
add_player: FAILURE
remove_team: FAILURE
get_num_played_games: SUCCESS, 11069
update_player_stats: SUCCESS
get_all_players_count: SUCCESS, 12
get_all_players_count: SUCCESS, 8
remove_team: FAILURE
add_player: FAILURE
add_team: FAILURE
unite_teams: FAILURE
update_player_stats: SUCCESS
get_closest_player: SUCCESS, 146
play_match: FAILURE
get_team_points: SUCCESS, 4130
remove_player: SUCCESS
add_team: FAILURE
add_player: FAILURE
remove_team: FAILURE
add_team: FAILURE
get_closest_player: SUCCESS, 7
unite_teams: FAILURE
knockout_winner: SUCCESS, 19
knockout_winner: SUCCESS, 19
knockout_winner: SUCCESS, 14
knockout_winner: FAILURE
knockout_winner: INVALID_INPUT
add_team: FAILURE
knockout_winner: FAILURE
knockout_winner: SUCCESS, 11
knockout_winner: SUCCESS, 3
knockout_winner: SUCCESS, 11
knockout_winner: INVALID_INPUT
add_player: FAILURE
knockout_winner: SUCCESS, 11
knockout_winner: INVALID_INPUT
knockout_winner: INVALID_INPUT
knockout_winner: SUCCESS, 11
knockout_winner: SUCCESS, 10
add_team: FAILURE
unite_teams: INVALID_INPUT
add_team: FAILURE
add_player: FAILURE
get_all_players: SUCCESS
184
191
138
44
63
186
152
get_closest_player: SUCCESS, 56
add_team: FAILURE
remove_player: SUCCESS
unite_teams: SUCCESS
get_all_players: SUCCESS
160
114
124
121
92
135
22
get_closest_player: SUCCESS, 89
add_team: FAILURE
add_team: FAILURE
get_team_points: SUCCESS, 11996
get_all_players_count: SUCCESS, 18
update_player_stats: SUCCESS
get_closest_player: SUCCESS, 78
add_team: FAILURE
unite_teams: INVALID_INPUT
add_player: FAILURE
unite_teams: FAILURE
get_all_players_count: SUCCESS, 10
add_player: FAILURE
get_team_points: SUCCESS, 14294
get_all_players: SUCCESS
105
170
8
106
80
13
158
29
178
104
181
165
127
72
125
88
117
172
knockout_winner: SUCCESS, 19
knockout_winner: SUCCESS, 19
knockout_winner: SUCCESS, 14
knockout_winner: FAILURE
knockout_winner: INVALID_INPUT
play_match: SUCCESS
knockout_winner: SUCCESS, 16
knockout_winner: SUCCESS, 11
knockout_winner: SUCCESS, 11
knockout_winner: FAILURE
knockout_winner: INVALID_INPUT
update_player_stats: SUCCESS
update_player_stats: SUCCESS
get_top_scorer: SUCCESS, 172
get_num_played_games: SUCCESS, 2145
get_team_points: SUCCESS, 3792
unite_teams: INVALID_INPUT
get_all_players_count: SUCCESS, 7
play_match: INVALID_INPUT
get_all_players_count: SUCCESS, 7
update_player_stats: SUCCESS
update_player_stats: SUCCESS
get_team_points: SUCCESS, 4130
get_team_points: SUCCESS, 15503
add_team: FAILURE
add_team: FAILURE
get_num_played_games: SUCCESS, 6208
unite_teams: FAILURE
get_top_scorer: SUCCESS, 163
add_team: FAILURE
update_player_stats: SUCCESS
update_player_stats: SUCCESS
update_player_stats: SUCCESS
add_player: FAILURE
add_team: FAILURE
update_player_stats: SUCCESS
get_all_players: SUCCESS
130
97
95
149
195
2
9
82
167
108
190
131
100
4
get_all_players_count: SUCCESS, 7
get_closest_player: SUCCESS, 198
get_team_points: SUCCESS, 408
get_num_played_games: SUCCESS, 7067
get_top_scorer: SUCCESS, 22
knockout_winner: SUCCESS, 16
knockout_winner: SUCCESS, 11
knockout_winner: SUCCESS, 11
knockout_winner: FAILURE
knockout_winner: INVALID_INPUT
remove_player: SUCCESS
add_player: FAILURE
get_all_players: SUCCESS
154
40
26
176
177
113
67
38
107
96
34
62
151
79
81
194
171
115
66
84
145
129
137
74
155
60
148
183
141
45
180
98
remove_player: SUCCESS
get_all_players_count: SUCCESS, 7
get_all_players_count: SUCCESS, 6
add_player: FAILURE
get_all_players: SUCCESS
154
40
26
176
177
113
67
38
107
96
34
62
151
79
81
194
171
115
66
84
145
129
137
74
155
60
148
183
141
45
180
98
play_match: FAILURE
update_player_stats: SUCCESS
get_num_played_games: SUCCESS, 7010
get_closest_player: SUCCESS, 20
get_team_points: SUCCESS, 4130
add_team: FAILURE
get_top_scorer: SUCCESS, 140
get_num_played_games: SUCCESS, 7455
add_team: FAILURE
get_num_played_games: SUCCESS, 1014
update_player_stats: SUCCESS
get_top_scorer: SUCCESS, 22
get_top_scorer: SUCCESS, 98
remove_team: FAILURE
get_all_players_count: SUCCESS, 26
get_team_points: SUCCESS, 3792
remove_team: FAILURE
get_all_players_count: SUCCESS, 7
get_closest_player: SUCCESS, 122
remove_player: SUCCESS
knockout_winner: SUCCESS, 11
knockout_winner: SUCCESS, 11
knockout_winner: SUCCESS, 11
knockout_winner: SUCCESS, 19
knockout_winner: INVALID_INPUT
unite_teams: FAILURE
update_player_stats: SUCCESS
get_all_players: SUCCESS
130
95
149
97
195
2
9
82
167
108
190
131
100
4
unite_teams: FAILURE
remove_team: FAILURE
get_top_scorer: SUCCESS, 172
get_all_players: SUCCESS
28
11
21
14
136
134
147
122
41
112
16
139
99
19
188
156
120
109
110
48
133
get_closest_player: SUCCESS, 122
get_all_players_count: SUCCESS, 32
get_top_scorer: SUCCESS, 64
remove_team: FAILURE
unite_teams: FAILURE
add_team: FAILURE
get_all_players_count: SUCCESS, 8
add_player: FAILURE
play_match: FAILURE
knockout_winner: SUCCESS, 19
knockout_winner: SUCCESS, 11
knockout_winner: SUCCESS, 11
knockout_winner: SUCCESS, 19
knockout_winner: INVALID_INPUT
get_team_points: SUCCESS, 3792
add_team: FAILURE
add_player: FAILURE
remove_player: SUCCESS
get_closest_player: SUCCESS, 31
get_all_players: SUCCESS
93
175
10
54
142
163
play_match: FAILURE
add_team: FAILURE
unite_teams: FAILURE
get_closest_player: SUCCESS, 88
add_player: FAILURE
unite_teams: FAILURE
get_all_players_count: SUCCESS, 6
get_all_players: SUCCESS
187
42
123
7
198
30
52
140
knockout_winner: SUCCESS, 19
knockout_winner: SUCCESS, 19
knockout_winner: SUCCESS, 14
knockout_winner: FAILURE
knockout_winner: INVALID_INPUT
remove_team: FAILURE
remove_player: SUCCESS
play_match: FAILURE
get_num_played_games: SUCCESS, 2234
get_top_scorer: SUCCESS, 133
update_player_stats: SUCCESS
get_top_scorer: SUCCESS, 172
get_all_players_count: SUCCESS, 31
remove_player: SUCCESS
update_player_stats: SUCCESS
get_all_players_count: SUCCESS, 22
get_all_players: SUCCESS
154
40
26
176
177
113
67
38
107
34
62
151
96
79
81
194
171
115
66
84
145
129
74
155
60
148
183
141
45
180
98
get_closest_player: SUCCESS, 168
remove_team: FAILURE
get_team_points: SUCCESS, 14294
unite_teams: FAILURE
remove_team: FAILURE
get_top_scorer: SUCCESS, 140
remove_team: FAILURE
get_num_played_games: SUCCESS, 7494
update_player_stats: SUCCESS
update_player_stats: SUCCESS
get_all_players_count: SUCCESS, 8
get_top_scorer: SUCCESS, 78
get_all_players: SUCCESS
28
11
21
14
136
134
147
122
41
112
16
139
99
19
188
156
109
110
48
133
120
unite_teams: INVALID_INPUT
get_top_scorer: SUCCESS, 64
get_team_points: SUCCESS, 5303
remove_team: FAILURE
add_player: FAILURE
get_top_scorer: SUCCESS, 168
add_team: FAILURE
get_team_points: SUCCESS, 15503
remove_player: SUCCESS
get_closest_player: SUCCESS, 148
get_all_players: SUCCESS
154
40
26
176
177
113
67
38
107
34
62
151
96
79
81
194
171
115
66
84
145
129
74
155
60
148
183
141
45
180
98
play_match: FAILURE
add_team: FAILURE
remove_team: FAILURE
unite_teams: FAILURE
knockout_winner: SUCCESS, 19
knockout_winner: SUCCESS, 19
knockout_winner: SUCCESS, 14
knockout_winner: FAILURE
knockout_winner: INVALID_INPUT
update_player_stats: SUCCESS
get_num_played_games: SUCCESS, 23152
get_all_players: SUCCESS
28
11
21
14
136
134
147
122
41
112
16
139
99
19
188
156
109
110
48
133
120
unite_teams: FAILURE
add_team: FAILURE
add_team: FAILURE
play_match: SUCCESS
get_closest_player: SUCCESS, 65
knockout_winner: SUCCESS, 11
knockout_winner: SUCCESS, 11
knockout_winner: SUCCESS, 11
knockout_winner: SUCCESS, 19
knockout_winner: SUCCESS, 14
get_closest_player: SUCCESS, 198
knockout_winner: SUCCESS, 19
knockout_winner: SUCCESS, 19
knockout_winner: SUCCESS, 14
knockout_winner: FAILURE
knockout_winner: INVALID_INPUT
add_player: FAILURE
unite_teams: FAILURE
get_closest_player: SUCCESS, 92
update_player_stats: SUCCESS
get_top_scorer: SUCCESS, 172
get_team_points: SUCCESS, 10540
update_player_stats: SUCCESS
update_player_stats: SUCCESS
unite_teams: FAILURE
add_player: FAILURE
remove_player: SUCCESS
get_all_players: SUCCESS
32
116
89
173
157
199
remove_player: SUCCESS
add_team: FAILURE
get_closest_player: SUCCESS, 52
add_player: FAILURE
knockout_winner: SUCCESS, 17
knockout_winner: SUCCESS, 19
knockout_winner: FAILURE
knockout_winner: FAILURE
knockout_winner: INVALID_INPUT
get_all_players: SUCCESS
160
114
121
92
22
135
add_player: FAILURE
remove_team: FAILURE
update_player_stats: SUCCESS
get_closest_player: SUCCESS, 15
knockout_winner: SUCCESS, 11
knockout_winner: SUCCESS, 11
knockout_winner: SUCCESS, 11
knockout_winner: SUCCESS, 19
knockout_winner: FAILURE
remove_team: FAILURE
unite_teams: FAILURE
add_team: FAILURE
knockout_winner: INVALID_INPUT
knockout_winner: SUCCESS, 11
knockout_winner: INVALID_INPUT
knockout_winner: INVALID_INPUT
knockout_winner: INVALID_INPUT
play_match: FAILURE
remove_player: SUCCESS
play_match: FAILURE
get_closest_player: SUCCESS, 142
get_all_players_count: SUCCESS, 10
get_all_players_count: SUCCESS, 10
unite_teams: SUCCESS
get_num_played_games: SUCCESS, 4913
get_num_played_games: SUCCESS, 9608
play_match: FAILURE
update_player_stats: SUCCESS
get_all_players: SUCCESS
12
6
36
46
20
5
55
31
61
132
unite_teams: FAILURE
play_match: SUCCESS
get_top_scorer: SUCCESS, 98
add_team: FAILURE
get_team_points: SUCCESS, 20328
remove_team: FAILURE
get_all_players_count: SUCCESS, 17
add_team: FAILURE
get_all_players: SUCCESS
24
15
103
25
71
174
58
70
73
37
146
69
56
1
90
83
143
150
192
168
193
get_top_scorer: SUCCESS, 135
add_player: FAILURE
unite_teams: FAILURE
unite_teams: FAILURE
play_match: FAILURE
play_match: FAILURE
get_all_players_count: SUCCESS, 6
get_team_points: SUCCESS, 4743
get_top_scorer: SUCCESS, 63
knockout_winner: SUCCESS, 14
knockout_winner: SUCCESS, 11
knockout_winner: FAILURE
knockout_winner: FAILURE
knockout_winner: INVALID_INPUT
unite_teams: FAILURE
get_top_scorer: SUCCESS, 98
get_num_played_games: SUCCESS, 11154
get_all_players: SUCCESS
184
191
138
44
186
63
remove_team: FAILURE
get_all_players: SUCCESS
149
97
195
2
9
82
167
108
131
100
4
190
knockout_winner: FAILURE
knockout_winner: SUCCESS, 11
knockout_winner: FAILURE
knockout_winner: SUCCESS, 11
knockout_winner: INVALID_INPUT
get_all_players: SUCCESS
105
106
80
13
158
29
181
165
170
178
127
72
125
88
117
104
172
remove_player: SUCCESS
add_player: FAILURE
get_all_players_count: SUCCESS, 6
remove_player: SUCCESS
get_num_played_games: SUCCESS, 8742
get_num_played_games: SUCCESS, 28636
add_team: FAILURE
get_closest_player: SUCCESS, 182
get_all_players_count: SUCCESS, 6
add_player: FAILURE
remove_player: SUCCESS
get_team_points: SUCCESS, 29146
get_num_played_games: SUCCESS, 3988
get_all_players: SUCCESS
24
15
103
25
71
174
58
70
73
146
69
56
1
90
83
143
150
192
168
193
unite_teams: SUCCESS
remove_team: FAILURE
get_num_played_games: SUCCESS, 28636
add_team: FAILURE
remove_player: SUCCESS
remove_team: FAILURE
update_player_stats: SUCCESS
remove_player: SUCCESS
unite_teams: SUCCESS
get_team_points: SUCCESS, 14705
update_player_stats: SUCCESS
unite_teams: FAILURE
unite_teams: SUCCESS
update_player_stats: SUCCESS
update_player_stats: SUCCESS
unite_teams: FAILURE
play_match: SUCCESS
knockout_winner: SUCCESS, 14
knockout_winner: SUCCESS, 11
knockout_winner: FAILURE
knockout_winner: FAILURE
knockout_winner: INVALID_INPUT
get_top_scorer: SUCCESS, 98
remove_team: FAILURE
update_player_stats: SUCCESS
get_team_points: SUCCESS, 20328
knockout_winner: SUCCESS, 17
knockout_winner: SUCCESS, 17
knockout_winner: FAILURE
knockout_winner: FAILURE
knockout_winner: INVALID_INPUT
add_team: FAILURE
knockout_winner: INVALID_INPUT
knockout_winner: SUCCESS, 14
knockout_winner: INVALID_INPUT
knockout_winner: INVALID_INPUT
knockout_winner: INVALID_INPUT
unite_teams: SUCCESS
play_match: FAILURE
play_match: FAILURE
get_closest_player: SUCCESS, 193
get_team_points: SUCCESS, 3792
get_top_scorer: SUCCESS, 172
unite_teams: FAILURE
get_all_players: SUCCESS
105
106
13
158
29
181
165
170
178
127
80
72
125
88
117
104
172
knockout_winner: SUCCESS, 11
knockout_winner: SUCCESS, 11
knockout_winner: SUCCESS, 7
knockout_winner: SUCCESS, 17
knockout_winner: INVALID_INPUT
knockout_winner: INVALID_INPUT
knockout_winner: SUCCESS, 11
knockout_winner: INVALID_INPUT
knockout_winner: INVALID_INPUT
knockout_winner: INVALID_INPUT
get_all_players: SUCCESS
24
184
191
138
15
32
116
103
25
89
71
58
174
70
44
73
146
186
173
157
69
56
90
83
143
199
150
192
1
63
168
193
add_team: FAILURE
add_player: FAILURE
get_num_played_games: SUCCESS, 4990
add_team: FAILURE
get_num_played_games: SUCCESS, 1914
get_num_played_games: SUCCESS, 18536
get_closest_player: SUCCESS, 58
get_team_points: SUCCESS, 35911
get_all_players: SUCCESS
27
28
11
153
43
21
86
57
14
102
134
75
39
59
122
147
33
76
47
41
196
18
112
16
139
99
128
17
19
182
166
188
185
162
156
77
109
78
110
48
118
91
133
68
200
23
53
120
64
get_num_played_games: SUCCESS, 1014
unite_teams: SUCCESS
get_all_players: SUCCESS
154
26
176
177
113
38
187
107
34
42
62
151
96
79
81
194
171
67
123
115
7
66
84
198
145
129
30
74
155
60
52
148
183
141
140
45
180
98
get_num_played_games: SUCCESS, 6874
remove_team: FAILURE
add_player: FAILURE
add_team: FAILURE
get_team_points: SUCCESS, 3792
unite_teams: FAILURE
add_team: FAILURE
add_player: FAILURE
knockout_winner: SUCCESS, 11
knockout_winner: SUCCESS, 11
knockout_winner: FAILURE
knockout_winner: SUCCESS, 15
knockout_winner: INVALID_INPUT
add_team: FAILURE
remove_team: FAILURE
knockout_winner: SUCCESS, 7
knockout_winner: SUCCESS, 11
knockout_winner: FAILURE
knockout_winner: FAILURE
knockout_winner: INVALID_INPUT
knockout_winner: INVALID_INPUT
knockout_winner: SUCCESS, 17
knockout_winner: INVALID_INPUT
knockout_winner: INVALID_INPUT
knockout_winner: INVALID_INPUT
get_num_played_games: SUCCESS, 6106
update_player_stats: SUCCESS
knockout_winner: INVALID_INPUT
knockout_winner: SUCCESS, 11
knockout_winner: INVALID_INPUT
knockout_winner: INVALID_INPUT
knockout_winner: INVALID_INPUT
remove_team: FAILURE
get_all_players: SUCCESS
149
97
195
2
9
82
167
108
131
100
4
190
get_all_players: SUCCESS
12
6
46
93
20
5
55
175
10
36
54
142
31
163
61
132
get_num_played_games: SUCCESS, 3151
add_team: FAILURE
remove_player: SUCCESS
get_team_points: SUCCESS, 15503
unite_teams: SUCCESS
remove_team: FAILURE
add_team: FAILURE
remove_player: SUCCESS
get_num_played_games: SUCCESS, 50
get_all_players_count: SUCCESS, 17
get_top_scorer: SUCCESS, 172
knockout_winner: INVALID_INPUT
knockout_winner: INVALID_INPUT
knockout_winner: INVALID_INPUT
knockout_winner: INVALID_INPUT
knockout_winner: INVALID_INPUT
get_all_players_count: SUCCESS, 28
get_closest_player: SUCCESS, 148
get_closest_player: SUCCESS, 180
update_player_stats: SUCCESS
knockout_winner: INVALID_INPUT
knockout_winner: SUCCESS, 11
knockout_winner: INVALID_INPUT
knockout_winner: INVALID_INPUT
knockout_winner: INVALID_INPUT
knockout_winner: INVALID_INPUT
knockout_winner: FAILURE
knockout_winner: INVALID_INPUT
knockout_winner: INVALID_INPUT
knockout_winner: INVALID_INPUT
unite_teams: FAILURE
remove_player: SUCCESS
remove_player: SUCCESS
get_top_scorer: SUCCESS, 135
add_team: FAILURE
get_closest_player: SUCCESS, 83
get_all_players_count: SUCCESS, 48
add_player: FAILURE
add_team: FAILURE
knockout_winner: SUCCESS, 10
knockout_winner: SUCCESS, 11
knockout_winner: FAILURE
knockout_winner: FAILURE
knockout_winner: INVALID_INPUT
update_player_stats: SUCCESS
unite_teams: INVALID_INPUT
knockout_winner: SUCCESS, 14
knockout_winner: SUCCESS, 11
knockout_winner: FAILURE
knockout_winner: FAILURE
knockout_winner: INVALID_INPUT
get_num_played_games: SUCCESS, 1511
knockout_winner: SUCCESS, 14
knockout_winner: SUCCESS, 11
knockout_winner: FAILURE
knockout_winner: FAILURE
knockout_winner: INVALID_INPUT
remove_player: SUCCESS
get_num_played_games: SUCCESS, 12309
add_team: FAILURE
knockout_winner: SUCCESS, 10
knockout_winner: SUCCESS, 11
knockout_winner: FAILURE
knockout_winner: FAILURE
knockout_winner: INVALID_INPUT
get_team_points: SUCCESS, 35911
get_num_played_games: SUCCESS, 10220
unite_teams: FAILURE
remove_team: FAILURE
play_match: SUCCESS
play_match: FAILURE
get_team_points: SUCCESS, 15503
remove_player: SUCCESS
get_all_players: SUCCESS
27
28
11
153
43
21
86
57
14
102
134
75
39
59
122
147
33
76
47
41
196
18
112
16
99
128
19
182
166
188
185
162
156
77
109
78
110
48
118
91
133
17
200
23
53
120
64
139
unite_teams: FAILURE
remove_player: SUCCESS
play_match: SUCCESS
play_match: FAILURE
play_match: SUCCESS
remove_team: FAILURE
unite_teams: FAILURE
remove_team: FAILURE
remove_player: SUCCESS
get_all_players: SUCCESS
154
26
176
177
113
38
187
107
34
42
62
151
96
79
81
194
171
67
123
115
7
66
84
198
145
129
30
74
155
60
52
148
183
141
140
45
180
98
add_player: FAILURE
get_team_points: SUCCESS, 30807
play_match: FAILURE
get_all_players_count: SUCCESS, 27
remove_team: FAILURE
get_team_points: SUCCESS, 30807
get_team_points: SUCCESS, 35911
play_match: INVALID_INPUT
get_all_players_count: SUCCESS, 17
get_closest_player: SUCCESS, 182
remove_team: FAILURE
unite_teams: SUCCESS
knockout_winner: INVALID_INPUT
knockout_winner: SUCCESS, 17
knockout_winner: INVALID_INPUT
knockout_winner: INVALID_INPUT
knockout_winner: INVALID_INPUT
get_num_played_games: SUCCESS, 8175
add_team: FAILURE
knockout_winner: SUCCESS, 7
knockout_winner: SUCCESS, 11
knockout_winner: FAILURE
knockout_winner: FAILURE
knockout_winner: INVALID_INPUT
get_closest_player: SUCCESS, 141
get_num_played_games: SUCCESS, 5499
remove_team: FAILURE
get_team_points: SUCCESS, 35911
get_team_points: SUCCESS, 30807
get_all_players_count: SUCCESS, 54
get_top_scorer: SUCCESS, 132
add_player: FAILURE
get_all_players: SUCCESS
160
114
121
92
22
135
remove_team: FAILURE
get_closest_player: SUCCESS, 168
add_team: FAILURE
get_top_scorer: SUCCESS, 132
get_num_played_games: SUCCESS, 3669
get_top_scorer: SUCCESS, 135
update_player_stats: SUCCESS
get_team_points: SUCCESS, 45172
remove_player: SUCCESS
add_player: FAILURE
get_all_players_count: SUCCESS, 47
get_num_played_games: SUCCESS, 6784
add_player: FAILURE
get_top_scorer: SUCCESS, 98
get_all_players: SUCCESS
12
6
24
46
184
191
93
138
15
20
32
116
103
5
149
55
89
71
175
58
97
44
73
10
146
186
195
2
173
36
157
54
142
69
31
82
90
163
83
167
108
143
61
199
150
192
131
1
100
63
168
4
190
132
get_top_scorer: SUCCESS, 172
add_team: FAILURE
add_player: FAILURE
get_closest_player: SUCCESS, 198
update_player_stats: SUCCESS
add_player: FAILURE
get_all_players: SUCCESS
154
26
176
177
113
38
187
107
34
42
62
151
96
79
81
194
171
67
123
115
7
66
84
198
145
129
30
74
155
60
52
148
183
141
45
180
98
remove_team: FAILURE
get_team_points: SUCCESS, 15503
get_num_played_games: SUCCESS, 7550
add_player: FAILURE
get_all_players: SUCCESS
105
106
13
158
29
181
165
170
178
127
80
72
125
117
88
104
172
remove_team: FAILURE
get_all_players: SUCCESS
160
114
121
92
22
135
get_all_players_count: SUCCESS, 17
get_num_played_games: SUCCESS, 10088
play_match: SUCCESS
remove_team: FAILURE
remove_team: FAILURE
unite_teams: SUCCESS
get_closest_player: SUCCESS, 167
get_team_points: SUCCESS, 30810
play_match: SUCCESS
add_player: FAILURE
get_num_played_games: SUCCESS, 6437
get_team_points: SUCCESS, 4743
get_team_points: SUCCESS, 30813
add_team: FAILURE
remove_team: FAILURE
get_all_players: SUCCESS
154
26
176
177
113
38
187
107
34
42
62
151
96
79
81
194
171
67
123
115
7
66
84
198
145
129
30
74
155
60
52
148
183
141
45
180
98
get_closest_player: SUCCESS, 18
get_all_players: SUCCESS
105
27
28
11
153
43
21
106
57
14
102
134
75
39
13
59
122
147
158
33
76
29
47
41
196
18
112
181
16
99
128
19
182
166
188
185
165
170
178
156
127
77
80
109
72
125
78
117
110
48
86
118
88
91
133
17
104
200
23
53
120
172
64
139
get_team_points: SUCCESS, 30813
remove_player: SUCCESS
add_player: FAILURE
add_team: FAILURE
play_match: SUCCESS
add_team: FAILURE
update_player_stats: SUCCESS
update_player_stats: SUCCESS
get_all_players: SUCCESS
105
27
28
11
153
43
21
106
57
14
102
134
75
39
13
59
122
147
158
33
76
29
47
41
196
18
112
181
16
99
128
19
182
166
188
185
165
170
178
156
127
77
80
109
72
125
78
117
110
48
86
118
88
91
133
17
104
200
23
53
120
172
64
139
unite_teams: FAILURE
update_player_stats: SUCCESS
remove_player: SUCCESS
get_team_points: SUCCESS, 4743
unite_teams: INVALID_INPUT
get_all_players_count: SUCCESS, 6
get_all_players_count: SUCCESS, 36
add_team: FAILURE
update_player_stats: SUCCESS
knockout_winner: SUCCESS, 11
knockout_winner: SUCCESS, 11
knockout_winner: SUCCESS, 11
knockout_winner: SUCCESS, 17
knockout_winner: FAILURE
get_closest_player: SUCCESS, 103
update_player_stats: SUCCESS
get_all_players_count: SUCCESS, 6
add_team: FAILURE
get_all_players_count: SUCCESS, 36
get_num_played_games: SUCCESS, 9016
get_team_points: SUCCESS, 4743
update_player_stats: SUCCESS
remove_team: FAILURE
remove_player: SUCCESS
update_player_stats: SUCCESS
remove_player: SUCCESS
add_player: FAILURE
add_team: FAILURE
get_all_players: SUCCESS
160
114
121
92
22
135
remove_player: SUCCESS
add_team: FAILURE
remove_team: FAILURE
update_player_stats: SUCCESS
unite_teams: SUCCESS
get_num_played_games: SUCCESS, 10109
remove_player: SUCCESS
play_match: SUCCESS
remove_player: SUCCESS
get_closest_player: SUCCESS, 170
knockout_winner: SUCCESS, 11
knockout_winner: SUCCESS, 11
knockout_winner: FAILURE
knockout_winner: FAILURE
knockout_winner: INVALID_INPUT
get_all_players_count: SUCCESS, 113
knockout_winner: SUCCESS, 11
knockout_winner: SUCCESS, 11
knockout_winner: FAILURE
knockout_winner: FAILURE
knockout_winner: INVALID_INPUT
remove_team: FAILURE
remove_player: SUCCESS
add_player: FAILURE
get_team_points: SUCCESS, 30816
add_player: FAILURE
knockout_winner: INVALID_INPUT
knockout_winner: FAILURE
knockout_winner: INVALID_INPUT
knockout_winner: INVALID_INPUT
knockout_winner: INVALID_INPUT
add_player: FAILURE
get_top_scorer: SUCCESS, 135
knockout_winner: SUCCESS, 11
knockout_winner: SUCCESS, 11
knockout_winner: FAILURE
knockout_winner: FAILURE
knockout_winner: INVALID_INPUT
get_closest_player: SUCCESS, 109
update_player_stats: SUCCESS
play_match: FAILURE
remove_player: SUCCESS
get_team_points: SUCCESS, 96589
update_player_stats: SUCCESS
get_team_points: SUCCESS, 96589
update_player_stats: SUCCESS
get_num_played_games: SUCCESS, 7657
get_all_players: SUCCESS
105
6
24
27
46
28
11
153
43
21
191
106
93
138
15
57
102
134
75
32
39
116
13
103
59
122
147
5
158
33
76
184
149
29
55
47
89
41
196
18
71
175
58
181
73
10
16
99
128
19
195
2
173
36
182
166
157
54
188
69
185
165
170
31
178
156
14
127
82
90
163
109
186
72
125
83
78
117
167
110
48
108
143
86
118
61
91
133
199
150
20
104
192
131
1
200
23
100
53
44
120
97
172
168
4
64
190
139
132
17
63
knockout_winner: SUCCESS, 11
knockout_winner: SUCCESS, 11
knockout_winner: FAILURE
knockout_winner: FAILURE
knockout_winner: INVALID_INPUT
get_num_played_games: SUCCESS, 1742
add_player: FAILURE
get_team_points: SUCCESS, 30816
play_match: FAILURE
update_player_stats: SUCCESS
get_top_scorer: SUCCESS, 123
update_player_stats: SUCCESS
add_team: FAILURE
get_closest_player: SUCCESS, 188
get_all_players_count: SUCCESS, 6
update_player_stats: SUCCESS
add_team: FAILURE
add_team: FAILURE
unite_teams: INVALID_INPUT
knockout_winner: INVALID_INPUT
knockout_winner: FAILURE
knockout_winner: INVALID_INPUT
knockout_winner: INVALID_INPUT
knockout_winner: INVALID_INPUT
get_team_points: SUCCESS, 30816
play_match: INVALID_INPUT
get_closest_player: SUCCESS, 156
get_top_scorer: SUCCESS, 123
get_all_players_count: SUCCESS, 111
update_player_stats: SUCCESS
knockout_winner: INVALID_INPUT
knockout_winner: INVALID_INPUT
knockout_winner: INVALID_INPUT
knockout_winner: INVALID_INPUT
knockout_winner: INVALID_INPUT
get_closest_player: SUCCESS, 183
get_closest_player: SUCCESS, 93
get_all_players_count: SUCCESS, 6
get_top_scorer: SUCCESS, 63
get_all_players: SUCCESS
105
6
27
46
28
11
153
43
21
191
106
93
138
15
57
102
134
75
32
39
116
13
103
59
122
147
5
158
33
76
184
149
29
55
47
89
41
196
18
71
175
58
181
73
10
16
99
24
128
19
195
2
173
36
182
166
157
54
188
69
185
165
170
31
178
156
14
127
82
90
163
109
186
72
125
83
78
167
110
48
108
143
86
118
61
91
133
199
150
117
20
104
192
131
1
200
23
100
53
44
120
97
172
168
4
64
190
139
132
17
63
get_all_players_count: SUCCESS, 6
get_all_players: SUCCESS
160
114
121
92
22
135
unite_teams: FAILURE
get_top_scorer: SUCCESS, 135
remove_player: SUCCESS
play_match: FAILURE
get_num_played_games: SUCCESS, 5910
get_top_scorer: SUCCESS, 123
add_team: FAILURE
unite_teams: INVALID_INPUT
remove_team: FAILURE
get_closest_player: SUCCESS, 64
get_closest_player: SUCCESS, 11
add_player: FAILURE
remove_player: SUCCESS
get_closest_player: SUCCESS, 34
remove_player: SUCCESS
play_match: FAILURE
get_closest_player: SUCCESS, 72
add_player: FAILURE
get_all_players: SUCCESS
154
26
176
177
113
38
187
107
42
62
151
79
81
194
171
115
7
66
198
129
30
74
155
60
52
148
183
141
45
180
67
145
84
123
get_num_played_games: SUCCESS, 12194
get_closest_player: SUCCESS, 52
knockout_winner: SUCCESS, 11
knockout_winner: SUCCESS, 11
knockout_winner: FAILURE
knockout_winner: FAILURE
knockout_winner: INVALID_INPUT
knockout_winner: SUCCESS, 11
knockout_winner: SUCCESS, 11
knockout_winner: FAILURE
knockout_winner: FAILURE
knockout_winner: INVALID_INPUT
add_team: FAILURE
get_all_players: SUCCESS
160
114
121
92
22
135
remove_player: SUCCESS
get_num_played_games: SUCCESS, 11291
get_closest_player: SUCCESS, 104
knockout_winner: INVALID_INPUT
knockout_winner: INVALID_INPUT
knockout_winner: INVALID_INPUT
knockout_winner: INVALID_INPUT
knockout_winner: INVALID_INPUT
remove_player: SUCCESS
unite_teams: INVALID_INPUT
get_top_scorer: SUCCESS, 135
add_player: FAILURE
add_team: FAILURE
get_all_players: SUCCESS
160
114
121
92
22
135
get_all_players_count: SUCCESS, 6
add_player: FAILURE
remove_player: SUCCESS
remove_player: SUCCESS
remove_player: SUCCESS
add_player: FAILURE
add_player: FAILURE
get_all_players_count: SUCCESS, 34
remove_player: SUCCESS
add_player: FAILURE
play_match: INVALID_INPUT
update_player_stats: SUCCESS
update_player_stats: SUCCESS
add_team: FAILURE
get_all_players_count: SUCCESS, 6
add_team: FAILURE
get_all_players: SUCCESS
154
26
176
177
113
38
187
107
42
62
151
79
81
194
171
115
7
66
198
129
30
74
155
60
52
148
183
141
180
67
145
84
123
play_match: FAILURE
get_closest_player: SUCCESS, 7
remove_team: FAILURE
get_top_scorer: SUCCESS, 123
get_closest_player: SUCCESS, 92
get_all_players_count: SUCCESS, 6
remove_team: FAILURE
unite_teams: SUCCESS
get_all_players_count: SUCCESS, 104
add_team: FAILURE
get_all_players_count: SUCCESS, 104
get_team_points: SUCCESS, 35559
get_all_players_count: SUCCESS, 104
get_num_played_games: SUCCESS, 11050
get_team_points: SUCCESS, 96589
add_team: FAILURE
get_closest_player: SUCCESS, 184
remove_player: SUCCESS
remove_team: FAILURE
remove_team: FAILURE
knockout_winner: SUCCESS, 11
knockout_winner: SUCCESS, 11
knockout_winner: SUCCESS, 11
knockout_winner: SUCCESS, 20
knockout_winner: INVALID_INPUT
play_match: SUCCESS
update_player_stats: SUCCESS
unite_teams: INVALID_INPUT
add_team: FAILURE
remove_team: FAILURE
remove_team: FAILURE
remove_team: FAILURE
update_player_stats: SUCCESS
remove_player: SUCCESS
get_all_players_count: SUCCESS, 39
get_closest_player: SUCCESS, 1
get_closest_player: SUCCESS, 147
update_player_stats: SUCCESS
knockout_winner: SUCCESS, 20
knockout_winner: SUCCESS, 20
knockout_winner: FAILURE
knockout_winner: FAILURE
knockout_winner: INVALID_INPUT
update_player_stats: SUCCESS
get_num_played_games: SUCCESS, 1675
get_closest_player: SUCCESS, 134
get_all_players_count: SUCCESS, 102
knockout_winner: SUCCESS, 11
knockout_winner: SUCCESS, 11
knockout_winner: FAILURE
knockout_winner: FAILURE
knockout_winner: INVALID_INPUT
get_top_scorer: SUCCESS, 17
remove_team: FAILURE
unite_teams: SUCCESS
remove_player: SUCCESS
add_team: FAILURE
get_all_players_count: SUCCESS, 140
add_team: FAILURE
update_player_stats: SUCCESS
remove_player: SUCCESS
remove_player: SUCCESS
remove_player: SUCCESS
add_player: FAILURE
unite_teams: INVALID_INPUT
play_match: INVALID_INPUT
get_closest_player: SUCCESS, 191
play_match: INVALID_INPUT
remove_team: FAILURE
get_closest_player: SUCCESS, 151
remove_team: FAILURE
play_match: INVALID_INPUT
get_all_players: SUCCESS
105
154
6
160
27
46
28
153
21
26
106
93
138
15
176
177
57
113
102
38
187
134
32
107
39
116
13
114
103
59
147
158
42
33
62
151
76
184
149
55
47
89
41
196
18
71
79
175
81
194
171
58
73
10
16
99
24
115
128
7
66
19
195
121
2
198
173
92
129
166
157
30
191
43
54
188
36
165
170
22
31
74
178
155
60
156
14
52
127
82
90
148
163
109
183
186
141
72
125
83
78
167
48
108
118
91
133
199
150
180
67
5
20
104
192
131
1
200
23
145
100
84
44
120
172
168
4
64
190
139
135
132
123
53
97
63
17
get_top_scorer: SUCCESS, 17
get_all_players_count: SUCCESS, 137
get_num_played_games: SUCCESS, 7116
remove_player: SUCCESS
play_match: INVALID_INPUT
knockout_winner: SUCCESS, 20
knockout_winner: SUCCESS, 20
knockout_winner: FAILURE
knockout_winner: FAILURE
knockout_winner: INVALID_INPUT
get_closest_player: SUCCESS, 74
get_num_played_games: SUCCESS, 805
update_player_stats: SUCCESS
get_closest_player: SUCCESS, 187
update_player_stats: SUCCESS
update_player_stats: SUCCESS
play_match: INVALID_INPUT
unite_teams: INVALID_INPUT
get_closest_player: SUCCESS, 20
get_all_players: SUCCESS
105
154
6
160
27
46
28
153
21
26
106
93
138
15
176
177
57
102
38
187
134
32
107
39
13
114
103
59
147
158
42
33
62
151
76
184
149
55
47
89
41
196
18
71
79
175
81
194
171
58
73
10
16
99
24
115
128
7
66
19
195
2
198
173
92
129
166
157
30
191
43
54
188
36
165
170
22
31
74
178
155
60
156
14
52
127
82
90
148
163
109
183
186
141
72
116
125
83
78
167
48
108
118
91
133
199
150
180
67
5
20
104
192
131
1
200
23
145
100
84
44
120
172
168
4
64
190
139
135
132
123
121
97
63
17
53
remove_team: FAILURE
remove_player: SUCCESS
unite_teams: INVALID_INPUT
get_closest_player: SUCCESS, 60
update_player_stats: SUCCESS
remove_team: FAILURE
knockout_winner: SUCCESS, 20
knockout_winner: SUCCESS, 20
knockout_winner: FAILURE
knockout_winner: FAILURE
knockout_winner: INVALID_INPUT
get_team_points: SUCCESS, 132151
remove_team: FAILURE
play_match: INVALID_INPUT
get_all_players_count: SUCCESS, 135
get_all_players_count: SUCCESS, 135
get_all_players: SUCCESS
105
154
6
160
27
46
28
153
21
26
106
93
138
15
176
177
57
102
38
187
134
32
107
39
13
114
103
59
147
158
42
33
62
151
76
184
149
55
47
89
41
196
18
71
79
175
81
194
171
58
73
10
16
99
115
128
7
66
19
195
2
198
173
92
129
166
157
30
191
43
54
188
36
170
22
31
74
178
155
60
156
14
52
127
82
90
148
163
109
183
186
141
72
116
125
83
78
167
48
108
118
91
133
199
150
180
67
5
20
104
192
131
1
200
24
23
145
100
84
44
120
172
168
4
64
190
139
135
132
123
121
97
63
17
53
get_all_players: SUCCESS
105
154
6
160
27
46
28
153
21
26
106
93
138
15
176
177
57
102
38
187
134
32
107
39
13
114
103
59
147
158
42
33
62
151
76
184
149
55
47
89
41
196
18
71
79
175
81
194
171
58
73
10
16
99
115
128
7
66
19
195
2
198
173
92
129
166
157
30
191
43
54
188
36
170
22
31
74
178
155
60
156
14
52
127
82
90
148
163
109
183
186
141
72
116
125
83
78
167
48
108
118
91
133
199
150
180
67
5
20
104
192
131
1
200
24
23
145
100
84
44
120
172
168
4
64
190
139
135
132
123
121
97
63
17
53
get_top_scorer: SUCCESS, 53
get_team_points: SUCCESS, 132151
get_num_played_games: SUCCESS, 7741
get_closest_player: SUCCESS, 19
remove_player: SUCCESS
add_team: FAILURE
get_all_players: SUCCESS
105
154
6
160
27
46
28
153
21
26
106
93
138
15
176
177
57
102
38
187
134
32
107
39
13
114
103
59
147
158
42
33
62
151
76
184
149
55
47
89
41
196
18
71
79
175
81
194
171
58
73
10
16
99
115
128
7
66
19
195
2
198
173
92
129
166
157
30
191
43
54
188
36
170
22
31
74
178
155
60
156
14
52
127
82
90
148
163
109
183
186
141
72
116
125
83
78
167
48
108
118
91
133
199
150
180
67
5
20
104
192
131
1
200
24
23
145
100
84
44
120
172
168
4
64
190
139
135
132
123
121
97
17
53
get_all_players_count: SUCCESS, 134
get_num_played_games: SUCCESS, 6676
knockout_winner: SUCCESS, 20
knockout_winner: SUCCESS, 20
knockout_winner: FAILURE
knockout_winner: FAILURE
knockout_winner: INVALID_INPUT
get_all_players: SUCCESS
105
154
6
160
27
46
28
153
21
26
106
93
138
15
176
177
57
102
38
187
134
32
107
39
13
114
103
59
147
158
42
33
62
151
76
184
149
55
47
89
41
196
18
71
79
175
81
194
171
58
73
10
16
99
115
128
7
66
19
195
2
198
173
92
129
166
157
30
191
43
54
188
36
170
22
31
74
178
155
60
156
14
52
127
82
90
148
163
109
183
186
141
72
116
125
83
78
167
48
108
118
91
133
199
150
180
67
5
20
104
192
131
1
200
24
23
145
100
84
44
120
172
168
4
64
190
139
135
132
123
121
97
17
53
get_all_players: SUCCESS
105
154
6
160
27
46
28
153
21
26
106
93
138
15
176
177
57
102
38
187
134
32
107
39
13
114
103
59
147
158
42
33
62
151
76
184
149
55
47
89
41
196
18
71
79
175
81
194
171
58
73
10
16
99
115
128
7
66
19
195
2
198
173
92
129
166
157
30
191
43
54
188
36
170
22
31
74
178
155
60
156
14
52
127
82
90
148
163
109
183
186
141
72
116
125
83
78
167
48
108
118
91
133
199
150
180
67
5
20
104
192
131
1
200
24
23
145
100
84
44
120
172
168
4
64
190
139
135
132
123
121
97
17
53
remove_player: SUCCESS
remove_player: SUCCESS
remove_player: SUCCESS
remove_player: SUCCESS
remove_player: SUCCESS
remove_player: SUCCESS
remove_player: SUCCESS
remove_player: SUCCESS
remove_player: SUCCESS
remove_player: SUCCESS
remove_player: SUCCESS
remove_player: SUCCESS
remove_player: SUCCESS
remove_player: SUCCESS
remove_player: SUCCESS
remove_player: SUCCESS
remove_player: SUCCESS
remove_player: SUCCESS
remove_player: SUCCESS
remove_player: SUCCESS
remove_player: SUCCESS
remove_player: SUCCESS
remove_player: SUCCESS
remove_player: SUCCESS
remove_player: SUCCESS
remove_player: SUCCESS
remove_player: SUCCESS
remove_player: SUCCESS
remove_player: SUCCESS
remove_player: SUCCESS
remove_player: SUCCESS
remove_player: SUCCESS
remove_player: SUCCESS
remove_player: SUCCESS
remove_player: SUCCESS
remove_player: SUCCESS
remove_player: SUCCESS
remove_player: SUCCESS
remove_player: SUCCESS
remove_player: SUCCESS
remove_player: SUCCESS
remove_player: SUCCESS
remove_player: SUCCESS
remove_player: SUCCESS
remove_player: SUCCESS
remove_player: SUCCESS
remove_player: SUCCESS
remove_player: SUCCESS
remove_player: SUCCESS
remove_player: SUCCESS
remove_player: SUCCESS
remove_player: SUCCESS
remove_player: SUCCESS
remove_player: SUCCESS
remove_player: SUCCESS
remove_player: SUCCESS
remove_player: SUCCESS
remove_player: SUCCESS
remove_player: SUCCESS
remove_player: SUCCESS
remove_player: SUCCESS
remove_player: SUCCESS
remove_player: SUCCESS
remove_player: SUCCESS
remove_player: SUCCESS
remove_player: SUCCESS
remove_player: SUCCESS
remove_player: SUCCESS
remove_player: SUCCESS
remove_player: SUCCESS
remove_player: SUCCESS
remove_player: SUCCESS
remove_player: SUCCESS
remove_player: SUCCESS
remove_player: SUCCESS
remove_player: SUCCESS
remove_player: SUCCESS
remove_player: SUCCESS
remove_player: SUCCESS
remove_player: SUCCESS
remove_player: SUCCESS
remove_player: SUCCESS
remove_player: SUCCESS
remove_player: SUCCESS
remove_player: SUCCESS
remove_player: SUCCESS
remove_player: SUCCESS
remove_player: SUCCESS
remove_player: SUCCESS
remove_player: SUCCESS
remove_player: SUCCESS
remove_player: SUCCESS
remove_player: SUCCESS
remove_player: SUCCESS
remove_player: SUCCESS
remove_player: SUCCESS
remove_player: SUCCESS
remove_player: SUCCESS
remove_player: SUCCESS
remove_player: SUCCESS
remove_player: SUCCESS
remove_player: SUCCESS
remove_player: SUCCESS
remove_player: SUCCESS
remove_player: SUCCESS
remove_player: SUCCESS
remove_player: SUCCESS
remove_player: SUCCESS
remove_player: SUCCESS
remove_player: SUCCESS
remove_player: SUCCESS
remove_player: SUCCESS
remove_player: SUCCESS
remove_player: SUCCESS
remove_player: SUCCESS
remove_player: SUCCESS
remove_player: SUCCESS
remove_player: SUCCESS
remove_player: SUCCESS
remove_player: SUCCESS
remove_player: SUCCESS
remove_player: SUCCESS
remove_player: SUCCESS
remove_player: SUCCESS
remove_player: SUCCESS
remove_player: SUCCESS
remove_player: SUCCESS
remove_player: SUCCESS
remove_player: SUCCESS
remove_player: SUCCESS
remove_player: SUCCESS
remove_player: SUCCESS
remove_player: SUCCESS
remove_player: SUCCESS
remove_team: SUCCESS
