add_team: SUCCESS
add_team: SUCCESS
add_team: SUCCESS
add_team: SUCCESS
add_team: SUCCESS
add_team: SUCCESS
add_team: SUCCESS
add_team: SUCCESS
add_team: SUCCESS
add_team: SUCCESS
add_team: SUCCESS
add_team: SUCCESS
add_team: SUCCESS
add_team: SUCCESS
add_team: SUCCESS
add_team: SUCCESS
add_team: SUCCESS
add_team: SUCCESS
add_team: SUCCESS
add_team: SUCCESS
add_player: SUCCESS
add_player: SUCCESS
add_player: SUCCESS
add_player: SUCCESS
add_player: SUCCESS
add_player: SUCCESS
add_player: SUCCESS
add_player: SUCCESS
add_player: SUCCESS
add_player: SUCCESS
add_player: SUCCESS
add_player: SUCCESS
add_player: SUCCESS
add_player: SUCCESS
add_player: SUCCESS
add_player: SUCCESS
add_player: SUCCESS
add_player: SUCCESS
add_player: SUCCESS
add_player: SUCCESS
add_player: SUCCESS
add_player: SUCCESS
add_player: SUCCESS
add_player: SUCCESS
add_player: SUCCESS
add_player: SUCCESS
add_player: SUCCESS
add_player: SUCCESS
add_player: SUCCESS
add_player: SUCCESS
add_player: SUCCESS
add_player: SUCCESS
add_player: SUCCESS
add_player: SUCCESS
add_player: SUCCESS
add_player: SUCCESS
add_player: SUCCESS
add_player: SUCCESS
add_player: SUCCESS
add_player: SUCCESS
add_player: SUCCESS
add_player: SUCCESS
add_player: SUCCESS
add_player: SUCCESS
add_player: SUCCESS
add_player: SUCCESS
add_player: SUCCESS
add_player: SUCCESS
add_player: SUCCESS
add_player: SUCCESS
add_player: SUCCESS
add_player: SUCCESS
add_player: SUCCESS
add_player: SUCCESS
add_player: SUCCESS
add_player: SUCCESS
add_player: SUCCESS
add_player: SUCCESS
add_player: SUCCESS
add_player: SUCCESS
add_player: SUCCESS
add_player: SUCCESS
add_player: SUCCESS
add_player: SUCCESS
add_player: SUCCESS
add_player: SUCCESS
add_player: SUCCESS
add_player: SUCCESS
add_player: SUCCESS
add_player: SUCCESS
add_player: SUCCESS
add_player: SUCCESS
add_player: SUCCESS
add_player: SUCCESS
add_player: SUCCESS
add_player: SUCCESS
add_player: SUCCESS
add_player: SUCCESS
add_player: SUCCESS
add_player: SUCCESS
add_player: SUCCESS
add_player: SUCCESS
add_player: SUCCESS
add_player: SUCCESS
add_player: SUCCESS
add_player: SUCCESS
add_player: SUCCESS
add_player: SUCCESS
add_player: SUCCESS
add_player: SUCCESS
add_player: SUCCESS
add_player: SUCCESS
add_player: SUCCESS
add_player: SUCCESS
add_player: SUCCESS
add_player: SUCCESS
add_player: SUCCESS
add_player: SUCCESS
add_player: SUCCESS
add_player: SUCCESS
add_player: SUCCESS
add_player: SUCCESS
add_player: SUCCESS
add_player: SUCCESS
add_player: SUCCESS
add_player: SUCCESS
add_player: SUCCESS
add_player: SUCCESS
add_player: SUCCESS
add_player: SUCCESS
add_player: SUCCESS
add_player: SUCCESS
add_player: SUCCESS
add_player: SUCCESS
add_player: SUCCESS
add_player: SUCCESS
add_player: SUCCESS
add_player: SUCCESS
add_player: SUCCESS
add_player: SUCCESS
add_player: SUCCESS
add_player: SUCCESS
add_player: SUCCESS
add_player: SUCCESS
add_player: SUCCESS
add_player: SUCCESS
add_player: SUCCESS
add_player: SUCCESS
add_player: SUCCESS
add_player: SUCCESS
add_player: SUCCESS
add_player: SUCCESS
add_player: SUCCESS
add_player: SUCCESS
add_player: SUCCESS
add_player: SUCCESS
add_player: SUCCESS
add_player: SUCCESS
add_player: SUCCESS
add_player: SUCCESS
add_player: SUCCESS
add_player: SUCCESS
add_player: SUCCESS
add_player: SUCCESS
add_player: SUCCESS
add_player: SUCCESS
add_player: SUCCESS
add_player: SUCCESS
add_player: SUCCESS
add_player: SUCCESS
add_player: SUCCESS
add_player: SUCCESS
add_player: SUCCESS
add_player: SUCCESS
add_player: SUCCESS
add_player: SUCCESS
add_player: SUCCESS
add_player: SUCCESS
add_player: SUCCESS
add_player: SUCCESS
add_player: SUCCESS
add_player: SUCCESS
add_player: SUCCESS
add_player: SUCCESS
add_player: SUCCESS
add_player: SUCCESS
add_player: SUCCESS
add_player: SUCCESS
add_player: SUCCESS
add_player: SUCCESS
add_player: SUCCESS
add_player: SUCCESS
add_player: SUCCESS
add_player: SUCCESS
add_player: SUCCESS
add_player: SUCCESS
add_player: SUCCESS
add_player: SUCCESS
add_player: SUCCESS
add_player: SUCCESS
add_player: SUCCESS
add_player: SUCCESS
add_player: SUCCESS
add_player: SUCCESS
add_player: SUCCESS
add_player: SUCCESS
add_player: SUCCESS
add_player: SUCCESS
add_player: SUCCESS
add_player: SUCCESS
add_player: SUCCESS
add_player: SUCCESS
add_player: SUCCESS
add_player: SUCCESS
add_player: SUCCESS
add_player: SUCCESS
add_player: SUCCESS
add_player: SUCCESS
add_player: SUCCESS
add_player: SUCCESS
get_all_players: SUCCESS
13
27
3
115
14
52
update_player_stats: SUCCESS
knockout_winner: SUCCESS, 16
remove_player: SUCCESS
add_player: FAILURE
knockout_winner: SUCCESS, 7
remove_team: FAILURE
add_team: FAILURE
unite_teams: FAILURE
get_all_players: SUCCESS
81
1
26
170
183
175
80
140
198
28
get_closest_player: SUCCESS, 76
get_team_points: SUCCESS, 4030
get_num_played_games: SUCCESS, 2346
get_num_played_games: SUCCESS, 3811
remove_player: SUCCESS
update_player_stats: SUCCESS
update_player_stats: SUCCESS
knockout_winner: FAILURE
get_num_played_games: SUCCESS, 8967
knockout_winner: SUCCESS, 6
add_player: FAILURE
get_num_played_games: SUCCESS, 11298
remove_player: SUCCESS
remove_team: FAILURE
get_all_players_count: SUCCESS, 14
add_player: FAILURE
get_all_players: SUCCESS
196
112
147
18
109
160
102
91
4
62
knockout_winner: FAILURE
get_top_scorer: SUCCESS, 144
update_player_stats: SUCCESS
remove_player: SUCCESS
add_player: FAILURE
knockout_winner: FAILURE
update_player_stats: SUCCESS
get_team_points: SUCCESS, 11296
add_player: FAILURE
knockout_winner: FAILURE
add_team: FAILURE
get_closest_player: SUCCESS, 181
knockout_winner: FAILURE
knockout_winner: SUCCESS, 11
get_top_scorer: SUCCESS, 191
update_player_stats: SUCCESS
get_closest_player: SUCCESS, 129
play_match: FAILURE
get_all_players: SUCCESS
123
171
188
12
133
103
15
173
111
195
play_match: FAILURE
remove_player: SUCCESS
knockout_winner: SUCCESS, 6
update_player_stats: SUCCESS
play_match: FAILURE
get_num_played_games: SUCCESS, 5629
get_all_players_count: SUCCESS, 17
get_top_scorer: SUCCESS, 95
remove_team: FAILURE
add_team: FAILURE
remove_player: SUCCESS
get_num_played_games: SUCCESS, 2273
add_player: FAILURE
get_closest_player: SUCCESS, 177
play_match: FAILURE
knockout_winner: FAILURE
knockout_winner: FAILURE
get_all_players: SUCCESS
51
178
50
168
57
30
update_player_stats: SUCCESS
get_top_scorer: SUCCESS, 144
get_all_players: SUCCESS
22
56
92
37
7
165
43
77
remove_player: SUCCESS
add_player: FAILURE
update_player_stats: SUCCESS
unite_teams: FAILURE
get_num_played_games: SUCCESS, 6141
get_team_points: SUCCESS, 11306
knockout_winner: FAILURE
get_closest_player: SUCCESS, 90
get_num_played_games: SUCCESS, 10840
remove_team: FAILURE
get_all_players_count: SUCCESS, 15
get_team_points: SUCCESS, 7884
get_top_scorer: SUCCESS, 77
get_all_players: SUCCESS
44
197
83
60
82
162
101
181
117
59
93
99
199
122
116
138
9
get_top_scorer: SUCCESS, 195
update_player_stats: SUCCESS
remove_team: FAILURE
get_top_scorer: SUCCESS, 95
add_player: FAILURE
get_all_players_count: SUCCESS, 10
get_team_points: SUCCESS, 2391
get_all_players_count: SUCCESS, 5
get_top_scorer: SUCCESS, 28
get_team_points: SUCCESS, 11296
get_closest_player: SUCCESS, 122
get_team_points: SUCCESS, 4033
update_player_stats: SUCCESS
get_all_players: SUCCESS
200
79
106
172
164
68
89
6
17
remove_team: FAILURE
add_player: FAILURE
add_player: FAILURE
get_top_scorer: SUCCESS, 61
get_top_scorer: SUCCESS, 154
get_all_players_count: SUCCESS, 17
update_player_stats: SUCCESS
knockout_winner: SUCCESS, 11
remove_player: SUCCESS
remove_team: FAILURE
get_all_players_count: SUCCESS, 15
get_all_players_count: SUCCESS, 9
get_top_scorer: SUCCESS, 52
update_player_stats: SUCCESS
knockout_winner: FAILURE
unite_teams: SUCCESS
remove_team: FAILURE
knockout_winner: SUCCESS, 7
add_team: FAILURE
update_player_stats: SUCCESS
get_closest_player: SUCCESS, 185
update_player_stats: SUCCESS
add_player: FAILURE
unite_teams: FAILURE
get_all_players: SUCCESS
22
56
92
37
7
165
43
77
unite_teams: SUCCESS
update_player_stats: SUCCESS
get_all_players_count: SUCCESS, 10
get_all_players: SUCCESS
185
36
134
182
35
70
141
19
167
74
163
166
174
194
85
110
108
76
158
142
157
131
161
67
knockout_winner: SUCCESS, 17
get_num_played_games: SUCCESS, 2064
knockout_winner: SUCCESS, 7
unite_teams: INVALID_INPUT
play_match: FAILURE
add_player: FAILURE
add_team: FAILURE
remove_team: FAILURE
add_player: FAILURE
get_top_scorer: SUCCESS, 30
knockout_winner: SUCCESS, 17
play_match: FAILURE
get_all_players: SUCCESS
13
27
3
52
14
play_match: FAILURE
unite_teams: FAILURE
update_player_stats: SUCCESS
remove_player: SUCCESS
update_player_stats: SUCCESS
get_all_players_count: SUCCESS, 9
update_player_stats: SUCCESS
unite_teams: FAILURE
get_all_players_count: SUCCESS, 7
get_all_players: SUCCESS
192
66
124
65
45
55
39
33
119
34
153
get_all_players_count: SUCCESS, 16
get_top_scorer: SUCCESS, 151
get_top_scorer: SUCCESS, 61
remove_player: SUCCESS
remove_team: FAILURE
add_player: FAILURE
add_team: FAILURE
add_team: FAILURE
get_num_played_games: SUCCESS, 1880
get_num_played_games: SUCCESS, 10998
get_team_points: SUCCESS, 2391
update_player_stats: SUCCESS
knockout_winner: SUCCESS, 17
play_match: FAILURE
remove_team: FAILURE
remove_player: SUCCESS
knockout_winner: FAILURE
remove_team: FAILURE
update_player_stats: SUCCESS
add_team: FAILURE
update_player_stats: SUCCESS
remove_player: SUCCESS
get_closest_player: SUCCESS, 147
get_top_scorer: SUCCESS, 14
get_all_players_count: SUCCESS, 10
get_all_players_count: SUCCESS, 10
remove_team: FAILURE
remove_team: FAILURE
remove_player: SUCCESS
get_all_players: SUCCESS
13
27
3
52
14
remove_team: FAILURE
knockout_winner: INVALID_INPUT
get_num_played_games: SUCCESS, 10607
remove_team: FAILURE
get_team_points: SUCCESS, 2676
knockout_winner: SUCCESS, 17
add_player: FAILURE
update_player_stats: SUCCESS
remove_team: FAILURE
get_team_points: SUCCESS, 4590
play_match: SUCCESS
get_num_played_games: SUCCESS, 4550
play_match: FAILURE
get_team_points: SUCCESS, 6601
get_top_scorer: SUCCESS, 30
get_all_players_count: SUCCESS, 5
unite_teams: INVALID_INPUT
update_player_stats: SUCCESS
get_all_players: SUCCESS
22
56
92
37
7
165
43
77
get_team_points: SUCCESS, 11296
update_player_stats: SUCCESS
play_match: INVALID_INPUT
remove_player: SUCCESS
get_closest_player: SUCCESS, 126
update_player_stats: SUCCESS
play_match: FAILURE
remove_player: SUCCESS
get_team_points: SUCCESS, 3389
unite_teams: SUCCESS
get_all_players_count: SUCCESS, 7
update_player_stats: SUCCESS
get_all_players_count: SUCCESS, 9
get_team_points: SUCCESS, 11721
add_player: FAILURE
remove_team: FAILURE
remove_player: SUCCESS
get_all_players: SUCCESS
48
84
87
23
47
125
179
42
145
24
193
150
130
120
144
get_team_points: SUCCESS, 3389
remove_team: FAILURE
remove_team: FAILURE
get_all_players: SUCCESS
44
197
83
82
162
101
181
117
93
99
199
122
116
138
update_player_stats: SUCCESS
get_num_played_games: SUCCESS, 10607
get_team_points: SUCCESS, 4590
get_top_scorer: SUCCESS, 151
remove_team: FAILURE
get_team_points: SUCCESS, 5614
play_match: SUCCESS
unite_teams: INVALID_INPUT
get_closest_player: SUCCESS, 123
remove_player: SUCCESS
add_player: FAILURE
get_closest_player: SUCCESS, 108
add_team: FAILURE
get_top_scorer: SUCCESS, 61
get_team_points: SUCCESS, 7884
add_team: FAILURE
add_player: FAILURE
remove_team: FAILURE
get_closest_player: SUCCESS, 134
get_top_scorer: SUCCESS, 62
get_all_players_count: SUCCESS, 8
remove_player: SUCCESS
get_num_played_games: SUCCESS, 8220
get_team_points: SUCCESS, 15369
get_num_played_games: SUCCESS, 10781
remove_team: FAILURE
get_team_points: SUCCESS, 11721
remove_player: SUCCESS
unite_teams: FAILURE
unite_teams: FAILURE
get_all_players: SUCCESS
72
58
129
135
40
53
61
get_top_scorer: SUCCESS, 144
add_player: FAILURE
get_all_players: SUCCESS
98
176
104
100
49
186
149
94
86
155
10
191
69
8
151
knockout_winner: SUCCESS, 15
play_match: FAILURE
update_player_stats: SUCCESS
unite_teams: FAILURE
get_closest_player: SUCCESS, 81
get_all_players_count: SUCCESS, 7
remove_player: SUCCESS
get_all_players: SUCCESS
22
56
92
37
7
165
43
77
get_team_points: SUCCESS, 2676
update_player_stats: SUCCESS
play_match: FAILURE
play_match: FAILURE
remove_team: FAILURE
get_top_scorer: SUCCESS, 77
get_num_played_games: SUCCESS, 8039
knockout_winner: FAILURE
get_all_players_count: SUCCESS, 9
remove_team: FAILURE
remove_team: FAILURE
get_all_players: SUCCESS
192
66
124
65
45
39
33
119
34
153
55
remove_team: FAILURE
get_team_points: SUCCESS, 9400
get_team_points: SUCCESS, 21780
knockout_winner: FAILURE
get_closest_player: SUCCESS, 30
update_player_stats: SUCCESS
get_num_played_games: SUCCESS, 3451
add_team: FAILURE
add_team: FAILURE
add_player: FAILURE
add_player: FAILURE
get_all_players_count: SUCCESS, 7
remove_team: FAILURE
update_player_stats: SUCCESS
get_closest_player: SUCCESS, 122
add_player: FAILURE
get_num_played_games: SUCCESS, 3112
add_player: FAILURE
get_team_points: SUCCESS, 2676
get_all_players: SUCCESS
31
41
169
177
105
114
96
25
38
29
95
139
20
knockout_winner: SUCCESS, 17
update_player_stats: SUCCESS
remove_team: FAILURE
get_top_scorer: SUCCESS, 46
get_team_points: SUCCESS, 6420
get_team_points: SUCCESS, 6420
get_num_played_games: SUCCESS, 3093
get_all_players: SUCCESS
81
1
26
183
175
80
140
198
28
get_closest_player: SUCCESS, 104
add_player: FAILURE
unite_teams: FAILURE
remove_team: FAILURE
unite_teams: SUCCESS
get_all_players_count: SUCCESS, 13
play_match: FAILURE
get_closest_player: SUCCESS, 165
add_player: FAILURE
get_all_players_count: SUCCESS, 15
get_all_players: SUCCESS
51
90
178
50
156
107
187
121
168
132
126
57
63
30
154
get_closest_player: SUCCESS, 54
get_all_players: SUCCESS
123
171
188
12
133
15
111
195
173
unite_teams: FAILURE
remove_team: FAILURE
unite_teams: FAILURE
remove_team: FAILURE
get_closest_player: SUCCESS, 182
unite_teams: FAILURE
update_player_stats: SUCCESS
add_team: FAILURE
unite_teams: FAILURE
remove_team: FAILURE
get_num_played_games: SUCCESS, 12621
remove_player: SUCCESS
get_num_played_games: SUCCESS, 2378
get_top_scorer: SUCCESS, 142
remove_player: SUCCESS
get_num_played_games: SUCCESS, 5954
add_team: FAILURE
get_all_players: SUCCESS
98
176
104
100
49
186
149
94
86
155
10
191
69
8
151
update_player_stats: SUCCESS
get_num_played_games: SUCCESS, 11885
play_match: FAILURE
remove_player: SUCCESS
get_team_points: SUCCESS, 6601
get_all_players_count: SUCCESS, 8
get_all_players: SUCCESS
48
84
87
23
47
125
179
42
145
24
193
150
130
120
144
unite_teams: FAILURE
get_closest_player: SUCCESS, 185
get_all_players: SUCCESS
16
184
190
152
113
148
75
46
get_num_played_games: SUCCESS, 7161
remove_team: FAILURE
get_all_players_count: SUCCESS, 9
get_all_players_count: SUCCESS, 8
play_match: FAILURE
get_all_players: SUCCESS
81
1
26
183
175
80
140
198
28
add_team: FAILURE
get_num_played_games: SUCCESS, 7662
play_match: FAILURE
remove_team: FAILURE
update_player_stats: SUCCESS
play_match: FAILURE
get_team_points: SUCCESS, 5614
get_team_points: SUCCESS, 4171
get_top_scorer: SUCCESS, 173
get_team_points: SUCCESS, 2391
get_all_players_count: SUCCESS, 7
remove_team: FAILURE
unite_teams: FAILURE
update_player_stats: SUCCESS
add_player: FAILURE
remove_team: FAILURE
get_closest_player: SUCCESS, 175
remove_player: SUCCESS
unite_teams: FAILURE
knockout_winner: SUCCESS, 3
knockout_winner: INVALID_INPUT
remove_team: FAILURE
get_num_played_games: SUCCESS, 10998
get_top_scorer: SUCCESS, 144
knockout_winner: INVALID_INPUT
get_num_played_games: SUCCESS, 2495
get_closest_player: SUCCESS, 166
get_team_points: SUCCESS, 11721
remove_team: FAILURE
add_player: FAILURE
get_num_played_games: SUCCESS, 1822
knockout_winner: SUCCESS, 15
get_closest_player: SUCCESS, 165
unite_teams: FAILURE
get_num_played_games: SUCCESS, 10071
get_top_scorer: SUCCESS, 46
get_num_played_games: SUCCESS, 7443
knockout_winner: SUCCESS, 15
get_all_players_count: SUCCESS, 22
add_team: FAILURE
get_num_played_games: SUCCESS, 10478
get_all_players: SUCCESS
98
176
104
100
49
186
149
94
86
155
10
191
69
8
151
get_closest_player: SUCCESS, 129
get_top_scorer: SUCCESS, 62
get_num_played_games: SUCCESS, 10781
update_player_stats: SUCCESS
unite_teams: SUCCESS
update_player_stats: SUCCESS
get_team_points: SUCCESS, 28200
knockout_winner: SUCCESS, 15
remove_player: SUCCESS
get_all_players: SUCCESS
185
36
134
98
182
35
70
141
176
104
19
167
74
163
100
174
49
194
186
149
94
85
110
108
158
86
157
155
10
191
69
131
161
8
166
151
142
remove_player: SUCCESS
unite_teams: FAILURE
add_team: FAILURE
add_team: FAILURE
remove_team: FAILURE
play_match: FAILURE
add_player: FAILURE
add_team: FAILURE
play_match: FAILURE
unite_teams: FAILURE
get_closest_player: SUCCESS, 144
remove_team: FAILURE
get_all_players: SUCCESS
13
27
3
52
14
knockout_winner: SUCCESS, 15
update_player_stats: SUCCESS
get_team_points: SUCCESS, 4171
get_team_points: SUCCESS, 9400
remove_team: FAILURE
add_player: FAILURE
get_top_scorer: SUCCESS, 142
unite_teams: FAILURE
remove_player: SUCCESS
play_match: FAILURE
add_player: FAILURE
remove_player: SUCCESS
add_team: FAILURE
add_player: FAILURE
get_team_points: SUCCESS, 15393
knockout_winner: SUCCESS, 11
remove_team: FAILURE
get_all_players: SUCCESS
51
90
178
50
156
107
187
121
168
132
126
57
63
30
154
remove_team: FAILURE
get_top_scorer: SUCCESS, 62
update_player_stats: SUCCESS
play_match: FAILURE
get_all_players: SUCCESS
44
197
83
162
101
181
93
99
199
122
116
138
82
get_top_scorer: SUCCESS, 142
unite_teams: FAILURE
get_all_players: SUCCESS
81
26
183
175
80
140
198
28
knockout_winner: SUCCESS, 15
get_all_players: SUCCESS
196
112
147
18
4
91
62
play_match: INVALID_INPUT
get_closest_player: SUCCESS, 10
unite_teams: FAILURE
add_team: FAILURE
remove_player: SUCCESS
get_closest_player: SUCCESS, 166
get_team_points: SUCCESS, 2391
update_player_stats: SUCCESS
get_num_played_games: SUCCESS, 10071
unite_teams: FAILURE
unite_teams: FAILURE
remove_team: FAILURE
add_team: FAILURE
get_team_points: SUCCESS, 2391
add_player: FAILURE
remove_player: SUCCESS
remove_player: SUCCESS
get_all_players_count: SUCCESS, 8
add_team: FAILURE
get_all_players_count: SUCCESS, 8
get_team_points: SUCCESS, 28200
get_team_points: SUCCESS, 28200
update_player_stats: SUCCESS
get_closest_player: SUCCESS, 87
unite_teams: FAILURE
get_all_players_count: SUCCESS, 36
get_all_players_count: SUCCESS, 7
play_match: FAILURE
update_player_stats: SUCCESS
get_all_players: SUCCESS
123
171
188
12
133
15
111
195
173
unite_teams: SUCCESS
remove_player: SUCCESS
add_player: FAILURE
add_player: FAILURE
play_match: INVALID_INPUT
remove_team: FAILURE
remove_team: FAILURE
update_player_stats: SUCCESS
get_closest_player: SUCCESS, 5
get_num_played_games: SUCCESS, 5016
get_team_points: SUCCESS, 11296
knockout_winner: SUCCESS, 15
get_top_scorer: SUCCESS, 144
get_all_players: SUCCESS
44
31
41
169
197
83
105
162
101
114
181
96
93
99
25
199
122
29
116
95
138
82
139
20
get_num_played_games: SUCCESS, 9399
remove_player: SUCCESS
add_team: FAILURE
get_num_played_games: SUCCESS, 4369
update_player_stats: SUCCESS
play_match: INVALID_INPUT
add_player: FAILURE
unite_teams: SUCCESS
get_team_points: SUCCESS, 7924
play_match: SUCCESS
knockout_winner: INVALID_INPUT
get_all_players_count: SUCCESS, 14
get_all_players: SUCCESS
13
27
3
52
14
play_match: FAILURE
remove_team: FAILURE
remove_player: SUCCESS
remove_team: FAILURE
add_player: FAILURE
remove_player: SUCCESS
unite_teams: SUCCESS
remove_player: SUCCESS
add_team: FAILURE
add_team: FAILURE
get_top_scorer: SUCCESS, 62
knockout_winner: FAILURE
add_team: FAILURE
get_all_players_count: SUCCESS, 4
add_player: FAILURE
remove_player: SUCCESS
get_num_played_games: SUCCESS, 2025
get_num_played_games: SUCCESS, 10071
remove_player: SUCCESS
unite_teams: INVALID_INPUT
get_top_scorer: SUCCESS, 28
get_top_scorer: SUCCESS, 34
get_num_played_games: SUCCESS, 1373
knockout_winner: INVALID_INPUT
play_match: SUCCESS
remove_team: FAILURE
remove_team: FAILURE
get_num_played_games: SUCCESS, 15855
get_team_points: SUCCESS, 15110
add_player: FAILURE
get_top_scorer: SUCCESS, 34
update_player_stats: SUCCESS
get_top_scorer: SUCCESS, 28
remove_player: SUCCESS
play_match: FAILURE
get_all_players_count: SUCCESS, 4
get_num_played_games: SUCCESS, 1952
get_team_points: SUCCESS, 15110
get_team_points: SUCCESS, 4171
get_all_players: SUCCESS
192
90
66
124
178
65
51
50
156
187
129
121
39
132
126
57
33
119
135
40
63
30
72
61
168
153
34
get_all_players: SUCCESS
22
56
37
7
165
43
77
get_num_played_games: SUCCESS, 8220
get_all_players: SUCCESS
200
79
106
68
6
164
get_team_points: SUCCESS, 6601
get_all_players: SUCCESS
13
27
52
14
get_closest_player: SUCCESS, 192
add_player: FAILURE
get_num_played_games: SUCCESS, 4945
update_player_stats: SUCCESS
unite_teams: FAILURE
get_team_points: SUCCESS, 17077
get_num_played_games: SUCCESS, 6773
get_team_points: SUCCESS, 4590
add_team: FAILURE
add_team: FAILURE
remove_player: SUCCESS
get_all_players_count: SUCCESS, 34
get_closest_player: SUCCESS, 118
get_num_played_games: SUCCESS, 2171
unite_teams: SUCCESS
remove_team: FAILURE
knockout_winner: INVALID_INPUT
play_match: FAILURE
get_team_points: SUCCESS, 2391
remove_player: SUCCESS
remove_team: FAILURE
play_match: FAILURE
get_all_players_count: SUCCESS, 7
get_all_players: SUCCESS
22
56
37
7
165
43
77
remove_player: SUCCESS
get_num_played_games: SUCCESS, 11899
get_all_players: SUCCESS
44
31
41
169
197
83
105
162
101
114
181
96
93
99
199
122
29
116
95
138
82
139
20
get_num_played_games: SUCCESS, 3052
add_player: FAILURE
knockout_winner: SUCCESS, 11
get_top_scorer: SUCCESS, 75
update_player_stats: SUCCESS
get_num_played_games: SUCCESS, 5708
remove_team: FAILURE
add_player: FAILURE
remove_player: SUCCESS
get_all_players: SUCCESS
81
26
183
80
140
198
28
add_player: FAILURE
get_num_played_games: SUCCESS, 10840
remove_player: SUCCESS
play_match: FAILURE
get_team_points: SUCCESS, 17077
remove_team: FAILURE
unite_teams: FAILURE
get_top_scorer: SUCCESS, 75
add_player: FAILURE
get_top_scorer: SUCCESS, 173
remove_player: SUCCESS
get_top_scorer: SUCCESS, 137
remove_player: SUCCESS
update_player_stats: SUCCESS
add_team: FAILURE
get_num_played_games: SUCCESS, 3930
play_match: FAILURE
remove_team: FAILURE
get_all_players: SUCCESS
44
31
41
169
197
83
105
162
101
114
181
96
93
99
199
122
29
116
95
138
82
139
20
get_closest_player: SUCCESS, 93
unite_teams: INVALID_INPUT
get_all_players: SUCCESS
16
184
190
152
148
113
75
remove_team: FAILURE
get_all_players_count: SUCCESS, 7
knockout_winner: SUCCESS, 11
get_num_played_games: SUCCESS, 2346
get_team_points: SUCCESS, 4590
get_all_players: SUCCESS
185
36
134
182
35
70
141
176
104
19
167
74
163
100
174
49
186
149
94
85
108
158
86
157
155
98
191
131
161
8
10
166
142
remove_team: FAILURE
add_player: FAILURE
knockout_winner: SUCCESS, 11
get_closest_player: SUCCESS, 99
remove_team: FAILURE
knockout_winner: SUCCESS, 1
get_closest_player: SUCCESS, 57
get_all_players: SUCCESS
22
56
37
7
165
43
77
get_all_players: SUCCESS
48
84
87
23
47
125
179
42
145
24
193
150
120
144
add_team: FAILURE
add_player: FAILURE
remove_team: FAILURE
add_team: FAILURE
add_player: FAILURE
play_match: FAILURE
get_all_players: SUCCESS
16
184
190
152
148
113
75
knockout_winner: SUCCESS, 11
get_team_points: SUCCESS, 7930
knockout_winner: SUCCESS, 17
knockout_winner: INVALID_INPUT
play_match: FAILURE
add_team: FAILURE
remove_player: SUCCESS
knockout_winner: SUCCESS, 11
get_top_scorer: SUCCESS, 14
play_match: FAILURE
get_top_scorer: SUCCESS, 164
get_all_players_count: SUCCESS, 7
get_closest_player: SUCCESS, 37
add_player: FAILURE
remove_team: FAILURE
play_match: FAILURE
get_top_scorer: SUCCESS, 144
update_player_stats: SUCCESS
get_all_players: SUCCESS
13
27
52
14
get_all_players_count: SUCCESS, 9
get_all_players: SUCCESS
16
184
190
152
148
113
75
get_all_players_count: SUCCESS, 38
update_player_stats: SUCCESS
get_team_points: SUCCESS, 17077
get_all_players: SUCCESS
123
171
188
12
133
15
111
195
173
unite_teams: FAILURE
get_closest_player: SUCCESS, 90
update_player_stats: SUCCESS
get_team_points: SUCCESS, 6601
update_player_stats: SUCCESS
get_num_played_games: SUCCESS, 745
get_all_players_count: SUCCESS, 7
knockout_winner: SUCCESS, 3
play_match: FAILURE
get_all_players: SUCCESS
13
27
52
14
get_top_scorer: SUCCESS, 34
remove_player: SUCCESS
play_match: FAILURE
get_closest_player: SUCCESS, 22
get_all_players_count: SUCCESS, 7
remove_player: SUCCESS
remove_player: SUCCESS
get_all_players_count: SUCCESS, 7
update_player_stats: SUCCESS
remove_player: SUCCESS
get_all_players: SUCCESS
2
136
189
118
73
137
add_player: FAILURE
get_num_played_games: SUCCESS, 2585
get_team_points: SUCCESS, 2391
add_team: FAILURE
get_all_players: SUCCESS
16
184
190
152
148
113
75
remove_team: FAILURE
get_top_scorer: SUCCESS, 144
get_team_points: SUCCESS, 17077
get_all_players_count: SUCCESS, 38
get_num_played_games: SUCCESS, 3112
get_all_players: SUCCESS
192
112
147
127
18
90
66
124
178
51
88
4
187
129
121
39
180
132
128
126
57
33
119
135
54
91
40
97
63
72
168
65
61
153
156
5
62
34
add_team: FAILURE
get_team_points: SUCCESS, 4590
get_top_scorer: SUCCESS, 137
unite_teams: FAILURE
get_all_players_count: SUCCESS, 38
unite_teams: FAILURE
play_match: INVALID_INPUT
knockout_winner: INVALID_INPUT
knockout_winner: SUCCESS, 11
play_match: FAILURE
get_team_points: SUCCESS, 4590
get_closest_player: SUCCESS, 176
unite_teams: FAILURE
remove_player: SUCCESS
get_all_players_count: SUCCESS, 22
remove_player: SUCCESS
get_closest_player: SUCCESS, 136
get_num_played_games: SUCCESS, 15021
get_closest_player: SUCCESS, 158
update_player_stats: SUCCESS
play_match: FAILURE
unite_teams: FAILURE
unite_teams: FAILURE
get_num_played_games: SUCCESS, 4349
play_match: FAILURE
unite_teams: SUCCESS
add_team: FAILURE
get_all_players_count: SUCCESS, 21
remove_team: FAILURE
get_all_players_count: SUCCESS, 9
get_all_players_count: SUCCESS, 4
get_all_players_count: SUCCESS, 7
get_closest_player: SUCCESS, 149
remove_player: SUCCESS
get_all_players_count: SUCCESS, 7
remove_team: FAILURE
update_player_stats: SUCCESS
add_team: FAILURE
get_all_players: SUCCESS
48
84
87
23
47
179
42
145
24
193
150
125
144
get_closest_player: SUCCESS, 74
remove_player: SUCCESS
add_team: FAILURE
remove_player: SUCCESS
play_match: FAILURE
remove_player: SUCCESS
knockout_winner: INVALID_INPUT
unite_teams: FAILURE
update_player_stats: SUCCESS
get_top_scorer: SUCCESS, 137
get_closest_player: SUCCESS, 193
play_match: FAILURE
get_top_scorer: SUCCESS, 34
remove_team: FAILURE
get_all_players_count: SUCCESS, 13
get_closest_player: SUCCESS, 37
update_player_stats: SUCCESS
get_all_players_count: SUCCESS, 35
play_match: FAILURE
get_top_scorer: SUCCESS, 116
update_player_stats: SUCCESS
add_team: FAILURE
play_match: SUCCESS
get_top_scorer: SUCCESS, 116
get_top_scorer: SUCCESS, 14
get_num_played_games: SUCCESS, 8039
get_team_points: SUCCESS, 5614
get_all_players_count: SUCCESS, 31
add_team: FAILURE
get_team_points: SUCCESS, 2676
get_top_scorer: SUCCESS, 34
remove_player: SUCCESS
add_player: FAILURE
update_player_stats: SUCCESS
remove_player: SUCCESS
unite_teams: FAILURE
add_player: FAILURE
update_player_stats: SUCCESS
knockout_winner: SUCCESS, 17
get_team_points: SUCCESS, 2676
add_team: FAILURE
play_match: SUCCESS
unite_teams: FAILURE
remove_team: FAILURE
unite_teams: FAILURE
get_all_players_count: SUCCESS, 31
get_num_played_games: SUCCESS, 2038
play_match: FAILURE
add_team: FAILURE
remove_player: SUCCESS
get_team_points: SUCCESS, 15473
knockout_winner: SUCCESS, 9
get_closest_player: SUCCESS, 112
add_team: FAILURE
add_player: FAILURE
knockout_winner: INVALID_INPUT
get_num_played_games: SUCCESS, 11352
get_closest_player: SUCCESS, 13
get_closest_player: SUCCESS, 10
get_all_players_count: SUCCESS, 21
unite_teams: FAILURE
get_top_scorer: SUCCESS, 139
add_team: FAILURE
get_all_players: SUCCESS
81
22
56
183
37
80
7
165
140
198
43
77
get_closest_player: SUCCESS, 88
get_team_points: SUCCESS, 4590
get_closest_player: SUCCESS, 33
get_all_players_count: SUCCESS, 4
knockout_winner: INVALID_INPUT
play_match: SUCCESS
get_all_players_count: SUCCESS, 21
remove_player: SUCCESS
update_player_stats: SUCCESS
add_player: FAILURE
get_all_players: SUCCESS
79
106
68
164
get_closest_player: SUCCESS, 40
add_player: FAILURE
update_player_stats: SUCCESS
remove_player: SUCCESS
knockout_winner: INVALID_INPUT
knockout_winner: SUCCESS, 11
add_team: FAILURE
get_team_points: SUCCESS, 2391
remove_team: FAILURE
get_team_points: SUCCESS, 28203
add_player: FAILURE
get_all_players: SUCCESS
2
136
189
118
73
get_num_played_games: SUCCESS, 10939
update_player_stats: SUCCESS
remove_player: SUCCESS
get_all_players_count: SUCCESS, 5
get_all_players: SUCCESS
52
13
27
14
update_player_stats: SUCCESS
play_match: SUCCESS
get_num_played_games: SUCCESS, 1883
get_num_played_games: SUCCESS, 3815
unite_teams: SUCCESS
get_closest_player: SUCCESS, 8
update_player_stats: SUCCESS
get_all_players_count: SUCCESS, 12
update_player_stats: SUCCESS
get_closest_player: SUCCESS, 96
knockout_winner: INVALID_INPUT
get_closest_player: SUCCESS, 82
add_team: FAILURE
play_match: SUCCESS
add_team: FAILURE
update_player_stats: SUCCESS
get_num_played_games: SUCCESS, 20414
get_top_scorer: SUCCESS, 139
get_all_players_count: SUCCESS, 9
add_player: FAILURE
get_all_players: SUCCESS
184
190
152
113
75
16
get_top_scorer: SUCCESS, 14
get_all_players: SUCCESS
123
171
188
12
133
15
111
195
173
get_closest_player: SUCCESS, 186
play_match: FAILURE
get_all_players: SUCCESS
52
13
27
14
get_team_points: SUCCESS, 42456
get_top_scorer: SUCCESS, 144
remove_team: FAILURE
remove_team: FAILURE
add_player: FAILURE
update_player_stats: SUCCESS
get_top_scorer: SUCCESS, 34
get_all_players: SUCCESS
2
136
189
73
118
update_player_stats: SUCCESS
update_player_stats: SUCCESS
update_player_stats: SUCCESS
get_top_scorer: SUCCESS, 16
update_player_stats: SUCCESS
add_team: FAILURE
remove_player: SUCCESS
knockout_winner: SUCCESS, 9
get_all_players: SUCCESS
81
22
56
183
37
80
7
165
140
198
43
77
play_match: FAILURE
remove_team: FAILURE
update_player_stats: SUCCESS
unite_teams: FAILURE
unite_teams: FAILURE
update_player_stats: SUCCESS
get_all_players_count: SUCCESS, 4
get_num_played_games: SUCCESS, 7433
remove_player: SUCCESS
get_team_points: SUCCESS, 4590
get_team_points: SUCCESS, 6601
knockout_winner: FAILURE
get_top_scorer: SUCCESS, 34
remove_team: FAILURE
add_player: FAILURE
get_num_played_games: SUCCESS, 6935
get_top_scorer: SUCCESS, 164
remove_team: FAILURE
get_closest_player: SUCCESS, 112
knockout_winner: INVALID_INPUT
add_player: FAILURE
add_player: FAILURE
get_num_played_games: SUCCESS, 11164
get_team_points: SUCCESS, 6601
add_player: FAILURE
get_closest_player: SUCCESS, 128
unite_teams: FAILURE
get_team_points: SUCCESS, 7936
get_all_players_count: SUCCESS, 4
add_team: FAILURE
get_top_scorer: SUCCESS, 42
get_closest_player: SUCCESS, 116
remove_player: SUCCESS
get_top_scorer: SUCCESS, 164
add_player: FAILURE
knockout_winner: INVALID_INPUT
play_match: INVALID_INPUT
get_closest_player: SUCCESS, 22
get_closest_player: SUCCESS, 127
play_match: INVALID_INPUT
get_team_points: SUCCESS, 42456
get_num_played_games: SUCCESS, 8892
get_num_played_games: SUCCESS, 12630
unite_teams: FAILURE
get_all_players_count: SUCCESS, 32
add_player: FAILURE
update_player_stats: SUCCESS
update_player_stats: SUCCESS
get_team_points: SUCCESS, 15476
update_player_stats: SUCCESS
get_team_points: SUCCESS, 2391
knockout_winner: FAILURE
unite_teams: INVALID_INPUT
get_num_played_games: SUCCESS, 8883
add_team: FAILURE
get_top_scorer: SUCCESS, 14
update_player_stats: SUCCESS
knockout_winner: INVALID_INPUT
remove_player: SUCCESS
play_match: SUCCESS
get_all_players_count: SUCCESS, 32
get_num_played_games: SUCCESS, 3092
unite_teams: FAILURE
get_team_points: SUCCESS, 42459
update_player_stats: SUCCESS
get_all_players_count: SUCCESS, 11
add_player: FAILURE
get_all_players: SUCCESS
48
84
87
23
179
145
24
193
125
144
42
get_closest_player: SUCCESS, 98
update_player_stats: SUCCESS
remove_team: FAILURE
add_team: FAILURE
get_team_points: SUCCESS, 42459
remove_team: FAILURE
remove_player: SUCCESS
add_team: FAILURE
add_team: FAILURE
get_all_players: SUCCESS
79
106
68
164
get_top_scorer: SUCCESS, 77
knockout_winner: SUCCESS, 9
knockout_winner: SUCCESS, 9
play_match: FAILURE
knockout_winner: INVALID_INPUT
get_num_played_games: SUCCESS, 5365
get_all_players: SUCCESS
52
13
27
14
add_team: FAILURE
add_player: FAILURE
remove_player: SUCCESS
get_closest_player: SUCCESS, 174
play_match: FAILURE
get_num_played_games: SUCCESS, 5712
get_all_players: SUCCESS
79
106
68
164
play_match: FAILURE
get_all_players_count: SUCCESS, 9
add_team: FAILURE
update_player_stats: SUCCESS
get_all_players_count: SUCCESS, 9
play_match: FAILURE
knockout_winner: FAILURE
get_all_players: SUCCESS
81
22
183
37
80
7
165
140
56
198
43
77
remove_player: SUCCESS
get_top_scorer: SUCCESS, 139
update_player_stats: SUCCESS
remove_player: SUCCESS
knockout_winner: INVALID_INPUT
get_team_points: SUCCESS, 45283
get_all_players_count: SUCCESS, 49
remove_team: FAILURE
get_num_played_games: SUCCESS, 2173
unite_teams: FAILURE
knockout_winner: INVALID_INPUT
get_closest_player: SUCCESS, 49
remove_player: SUCCESS
get_all_players: SUCCESS
52
13
27
14
add_team: FAILURE
knockout_winner: SUCCESS, 3
get_team_points: SUCCESS, 6601
remove_team: FAILURE
add_player: FAILURE
get_num_played_games: SUCCESS, 2027
remove_team: FAILURE
get_num_played_games: SUCCESS, 10075
get_closest_player: SUCCESS, 44
update_player_stats: SUCCESS
get_num_played_games: SUCCESS, 5365
add_player: FAILURE
add_player: FAILURE
get_num_played_games: SUCCESS, 4957
get_top_scorer: SUCCESS, 42
get_top_scorer: SUCCESS, 42
get_all_players: SUCCESS
123
171
188
133
15
111
12
195
knockout_winner: FAILURE
remove_team: FAILURE
get_all_players: SUCCESS
44
36
134
182
41
169
197
35
70
176
141
104
105
162
167
74
163
19
174
114
181
186
96
149
85
108
158
83
122
157
155
29
98
191
138
82
131
161
99
8
20
49
95
10
199
116
166
142
139
add_player: FAILURE
update_player_stats: SUCCESS
update_player_stats: SUCCESS
get_team_points: SUCCESS, 4590
add_team: FAILURE
get_num_played_games: SUCCESS, 11000
get_team_points: SUCCESS, 2676
get_top_scorer: SUCCESS, 42
get_closest_player: SUCCESS, 41
get_all_players: SUCCESS
123
171
188
133
111
12
195
15
add_team: FAILURE
update_player_stats: SUCCESS
remove_player: SUCCESS
remove_player: SUCCESS
remove_player: SUCCESS
remove_player: SUCCESS
remove_player: SUCCESS
remove_player: SUCCESS
remove_player: SUCCESS
remove_player: SUCCESS
remove_player: SUCCESS
remove_player: SUCCESS
remove_player: SUCCESS
remove_player: SUCCESS
remove_player: SUCCESS
remove_player: SUCCESS
remove_player: SUCCESS
remove_player: SUCCESS
remove_player: SUCCESS
remove_player: SUCCESS
remove_player: SUCCESS
remove_player: SUCCESS
remove_player: SUCCESS
remove_player: SUCCESS
remove_player: SUCCESS
remove_player: SUCCESS
remove_player: SUCCESS
remove_player: SUCCESS
remove_player: SUCCESS
remove_player: SUCCESS
remove_player: SUCCESS
remove_player: SUCCESS
remove_player: SUCCESS
remove_player: SUCCESS
remove_player: SUCCESS
remove_player: SUCCESS
remove_player: SUCCESS
remove_player: SUCCESS
remove_player: SUCCESS
remove_player: SUCCESS
remove_player: SUCCESS
remove_player: SUCCESS
remove_player: SUCCESS
remove_player: SUCCESS
remove_player: SUCCESS
remove_player: SUCCESS
remove_player: SUCCESS
remove_player: SUCCESS
remove_player: SUCCESS
remove_player: SUCCESS
remove_player: SUCCESS
remove_player: SUCCESS
remove_player: SUCCESS
remove_player: SUCCESS
remove_player: SUCCESS
remove_player: SUCCESS
remove_player: SUCCESS
remove_player: SUCCESS
remove_player: SUCCESS
remove_player: SUCCESS
remove_player: SUCCESS
remove_player: SUCCESS
remove_player: SUCCESS
remove_player: SUCCESS
remove_player: SUCCESS
remove_player: SUCCESS
remove_player: SUCCESS
remove_player: SUCCESS
remove_player: SUCCESS
remove_player: SUCCESS
remove_player: SUCCESS
remove_player: SUCCESS
remove_player: SUCCESS
remove_player: SUCCESS
remove_player: SUCCESS
remove_player: SUCCESS
remove_player: SUCCESS
remove_player: SUCCESS
remove_player: SUCCESS
remove_player: SUCCESS
remove_player: SUCCESS
remove_player: SUCCESS
remove_player: SUCCESS
remove_player: SUCCESS
remove_player: SUCCESS
remove_player: SUCCESS
remove_player: SUCCESS
remove_player: SUCCESS
remove_player: SUCCESS
remove_player: SUCCESS
remove_player: SUCCESS
remove_player: SUCCESS
remove_player: SUCCESS
remove_player: SUCCESS
remove_player: SUCCESS
remove_player: SUCCESS
remove_player: SUCCESS
remove_player: SUCCESS
remove_player: SUCCESS
remove_player: SUCCESS
remove_player: SUCCESS
remove_player: SUCCESS
remove_player: SUCCESS
remove_player: SUCCESS
remove_player: SUCCESS
remove_player: SUCCESS
remove_player: SUCCESS
remove_player: SUCCESS
remove_player: SUCCESS
remove_player: SUCCESS
remove_player: SUCCESS
remove_player: SUCCESS
remove_player: SUCCESS
remove_player: SUCCESS
remove_player: SUCCESS
remove_player: SUCCESS
remove_player: SUCCESS
remove_player: SUCCESS
remove_player: SUCCESS
remove_player: SUCCESS
remove_player: SUCCESS
remove_player: SUCCESS
remove_player: SUCCESS
remove_player: SUCCESS
remove_player: SUCCESS
remove_player: SUCCESS
remove_player: SUCCESS
remove_player: SUCCESS
remove_player: SUCCESS
remove_player: SUCCESS
remove_team: SUCCESS
remove_team: SUCCESS
remove_team: SUCCESS
remove_team: SUCCESS
remove_team: SUCCESS
remove_team: SUCCESS
remove_team: SUCCESS
remove_team: SUCCESS
remove_team: SUCCESS
