add_team: SUCCESS
add_team: SUCCESS
add_team: SUCCESS
add_team: SUCCESS
add_team: SUCCESS
add_team: SUCCESS
add_team: SUCCESS
add_team: SUCCESS
add_team: SUCCESS
add_team: SUCCESS
add_team: SUCCESS
add_team: SUCCESS
add_team: SUCCESS
add_team: SUCCESS
add_team: SUCCESS
add_team: SUCCESS
add_team: SUCCESS
add_team: SUCCESS
add_team: SUCCESS
add_team: SUCCESS
add_player: SUCCESS
add_player: SUCCESS
add_player: SUCCESS
add_player: SUCCESS
add_player: SUCCESS
add_player: SUCCESS
add_player: SUCCESS
add_player: SUCCESS
add_player: SUCCESS
add_player: SUCCESS
add_player: SUCCESS
add_player: SUCCESS
add_player: SUCCESS
add_player: SUCCESS
add_player: SUCCESS
add_player: SUCCESS
add_player: SUCCESS
add_player: SUCCESS
add_player: SUCCESS
add_player: SUCCESS
add_player: SUCCESS
add_player: SUCCESS
add_player: SUCCESS
add_player: SUCCESS
add_player: SUCCESS
add_player: SUCCESS
add_player: SUCCESS
add_player: SUCCESS
add_player: SUCCESS
add_player: SUCCESS
add_player: SUCCESS
add_player: SUCCESS
add_player: SUCCESS
add_player: SUCCESS
add_player: SUCCESS
add_player: SUCCESS
add_player: SUCCESS
add_player: SUCCESS
add_player: SUCCESS
add_player: SUCCESS
add_player: SUCCESS
add_player: SUCCESS
add_player: SUCCESS
add_player: SUCCESS
add_player: SUCCESS
add_player: SUCCESS
add_player: SUCCESS
add_player: SUCCESS
add_player: SUCCESS
add_player: SUCCESS
add_player: SUCCESS
add_player: SUCCESS
add_player: SUCCESS
add_player: SUCCESS
add_player: SUCCESS
add_player: SUCCESS
add_player: SUCCESS
add_player: SUCCESS
add_player: SUCCESS
add_player: SUCCESS
add_player: SUCCESS
add_player: SUCCESS
add_player: SUCCESS
add_player: SUCCESS
add_player: SUCCESS
add_player: SUCCESS
add_player: SUCCESS
add_player: SUCCESS
add_player: SUCCESS
add_player: SUCCESS
add_player: SUCCESS
add_player: SUCCESS
add_player: SUCCESS
add_player: SUCCESS
add_player: SUCCESS
add_player: SUCCESS
add_player: SUCCESS
add_player: SUCCESS
add_player: SUCCESS
add_player: SUCCESS
add_player: SUCCESS
add_player: SUCCESS
add_player: SUCCESS
add_player: SUCCESS
add_player: SUCCESS
add_player: SUCCESS
add_player: SUCCESS
add_player: SUCCESS
add_player: SUCCESS
add_player: SUCCESS
add_player: SUCCESS
add_player: SUCCESS
add_player: SUCCESS
add_player: SUCCESS
add_player: SUCCESS
add_player: SUCCESS
add_player: SUCCESS
add_player: SUCCESS
add_player: SUCCESS
add_player: SUCCESS
add_player: SUCCESS
add_player: SUCCESS
add_player: SUCCESS
add_player: SUCCESS
add_player: SUCCESS
add_player: SUCCESS
add_player: SUCCESS
add_player: SUCCESS
add_player: SUCCESS
add_player: SUCCESS
add_player: SUCCESS
add_player: SUCCESS
add_player: SUCCESS
add_player: SUCCESS
add_player: SUCCESS
add_player: SUCCESS
add_player: SUCCESS
add_player: SUCCESS
add_player: SUCCESS
add_player: SUCCESS
add_player: SUCCESS
add_player: SUCCESS
add_player: SUCCESS
add_player: SUCCESS
add_player: SUCCESS
add_player: SUCCESS
add_player: SUCCESS
add_player: SUCCESS
add_player: SUCCESS
add_player: SUCCESS
add_player: SUCCESS
add_player: SUCCESS
add_player: SUCCESS
add_player: SUCCESS
add_player: SUCCESS
add_player: SUCCESS
add_player: SUCCESS
add_player: SUCCESS
add_player: SUCCESS
add_player: SUCCESS
add_player: SUCCESS
add_player: SUCCESS
add_player: SUCCESS
add_player: SUCCESS
add_player: SUCCESS
add_player: SUCCESS
add_player: SUCCESS
add_player: SUCCESS
add_player: SUCCESS
add_player: SUCCESS
add_player: SUCCESS
add_player: SUCCESS
add_player: SUCCESS
add_player: SUCCESS
add_player: SUCCESS
add_player: SUCCESS
add_player: SUCCESS
add_player: SUCCESS
add_player: SUCCESS
add_player: SUCCESS
add_player: SUCCESS
add_player: SUCCESS
add_player: SUCCESS
add_player: SUCCESS
add_player: SUCCESS
add_player: SUCCESS
add_player: SUCCESS
add_player: SUCCESS
add_player: SUCCESS
add_player: SUCCESS
add_player: SUCCESS
add_player: SUCCESS
add_player: SUCCESS
add_player: SUCCESS
add_player: SUCCESS
add_player: SUCCESS
add_player: SUCCESS
add_player: SUCCESS
add_player: SUCCESS
add_player: SUCCESS
add_player: SUCCESS
add_player: SUCCESS
add_player: SUCCESS
add_player: SUCCESS
add_player: SUCCESS
add_player: SUCCESS
add_player: SUCCESS
add_player: SUCCESS
add_player: SUCCESS
add_player: SUCCESS
add_player: SUCCESS
add_player: SUCCESS
add_player: SUCCESS
add_player: SUCCESS
add_player: SUCCESS
add_player: SUCCESS
add_player: SUCCESS
add_player: SUCCESS
add_player: SUCCESS
add_player: SUCCESS
get_all_players: SUCCESS
65
158
100
109
194
199
114
142
get_all_players: SUCCESS
145
60
26
55
get_num_played_games: SUCCESS, 8842
get_team_points: SUCCESS, 9217
add_player: FAILURE
remove_player: SUCCESS
add_player: FAILURE
update_player_stats: SUCCESS
get_top_scorer: SUCCESS, 184
get_all_players: SUCCESS
98
132
84
96
4
62
10
43
136
162
get_all_players_count: SUCCESS, 10
get_num_played_games: SUCCESS, 4998
get_all_players_count: SUCCESS, 14
play_match: FAILURE
get_all_players: SUCCESS
85
135
172
188
130
34
156
81
187
121
200
97
56
get_top_scorer: SUCCESS, 162
unite_teams: FAILURE
get_team_points: SUCCESS, 11363
get_all_players_count: SUCCESS, 11
add_team: FAILURE
remove_player: SUCCESS
get_top_scorer: SUCCESS, 71
play_match: INVALID_INPUT
get_top_scorer: SUCCESS, 142
update_player_stats: SUCCESS
get_closest_player: SUCCESS, 33
get_team_points: SUCCESS, 11384
get_all_players_count: SUCCESS, 10
update_player_stats: SUCCESS
play_match: FAILURE
get_num_played_games: SUCCESS, 10617
get_all_players_count: SUCCESS, 9
unite_teams: FAILURE
get_team_points: SUCCESS, 3963
unite_teams: FAILURE
get_closest_player: SUCCESS, 57
add_player: FAILURE
get_closest_player: SUCCESS, 187
remove_team: FAILURE
get_all_players: SUCCESS
24
28
111
90
72
82
169
137
add_player: FAILURE
unite_teams: FAILURE
update_player_stats: SUCCESS
add_player: FAILURE
add_team: FAILURE
get_closest_player: SUCCESS, 20
remove_player: SUCCESS
get_num_played_games: SUCCESS, 4461
unite_teams: FAILURE
knockout_winner: SUCCESS, 16
knockout_winner: SUCCESS, 16
knockout_winner: SUCCESS, 10
knockout_winner: FAILURE
knockout_winner: INVALID_INPUT
knockout_winner: FAILURE
knockout_winner: SUCCESS, 16
knockout_winner: FAILURE
knockout_winner: FAILURE
knockout_winner: INVALID_INPUT
add_team: FAILURE
get_all_players_count: SUCCESS, 8
remove_team: FAILURE
get_team_points: SUCCESS, 11363
get_team_points: SUCCESS, 12020
update_player_stats: SUCCESS
remove_team: FAILURE
add_team: FAILURE
update_player_stats: SUCCESS
get_closest_player: SUCCESS, 141
get_closest_player: SUCCESS, 118
get_closest_player: SUCCESS, 115
add_team: FAILURE
update_player_stats: SUCCESS
add_player: FAILURE
get_num_played_games: SUCCESS, 7992
remove_player: SUCCESS
get_num_played_games: SUCCESS, 6500
remove_player: SUCCESS
remove_team: FAILURE
get_all_players: SUCCESS
25
64
29
48
134
6
40
17
39
153
remove_player: SUCCESS
get_num_played_games: SUCCESS, 4033
get_num_played_games: SUCCESS, 4994
get_num_played_games: SUCCESS, 1264
add_team: FAILURE
play_match: FAILURE
remove_team: FAILURE
get_top_scorer: SUCCESS, 92
unite_teams: FAILURE
add_player: FAILURE
get_all_players_count: SUCCESS, 8
play_match: FAILURE
get_top_scorer: SUCCESS, 118
add_player: FAILURE
remove_team: FAILURE
get_closest_player: SUCCESS, 29
get_all_players: SUCCESS
69
79
37
141
173
32
86
66
5
add_team: FAILURE
get_closest_player: SUCCESS, 40
get_all_players: SUCCESS
25
64
29
48
134
6
40
17
39
153
remove_team: FAILURE
add_team: FAILURE
remove_team: FAILURE
remove_player: SUCCESS
get_team_points: SUCCESS, 3075
get_closest_player: SUCCESS, 3
get_team_points: SUCCESS, 6688
get_all_players: SUCCESS
120
181
186
155
166
19
87
168
152
182
42
63
178
92
get_closest_player: SUCCESS, 149
update_player_stats: SUCCESS
add_team: FAILURE
get_team_points: SUCCESS, 9568
knockout_winner: SUCCESS, 16
knockout_winner: SUCCESS, 16
knockout_winner: FAILURE
knockout_winner: FAILURE
knockout_winner: INVALID_INPUT
add_player: FAILURE
add_team: FAILURE
remove_team: FAILURE
get_all_players_count: SUCCESS, 9
get_closest_player: SUCCESS, 86
remove_player: SUCCESS
get_team_points: SUCCESS, 7170
remove_team: FAILURE
get_num_played_games: SUCCESS, 2273
update_player_stats: SUCCESS
remove_player: SUCCESS
get_num_played_games: SUCCESS, 8669
add_player: FAILURE
unite_teams: SUCCESS
get_top_scorer: SUCCESS, 5
get_all_players: SUCCESS
123
159
126
105
189
193
54
163
149
110
unite_teams: FAILURE
get_closest_player: SUCCESS, 155
update_player_stats: SUCCESS
get_all_players_count: SUCCESS, 10
play_match: SUCCESS
add_player: FAILURE
get_num_played_games: SUCCESS, 8828
knockout_winner: FAILURE
knockout_winner: SUCCESS, 17
knockout_winner: FAILURE
knockout_winner: SUCCESS, 16
knockout_winner: INVALID_INPUT
remove_player: SUCCESS
remove_team: FAILURE
remove_player: SUCCESS
unite_teams: FAILURE
unite_teams: FAILURE
remove_team: FAILURE
add_player: FAILURE
add_team: FAILURE
get_top_scorer: SUCCESS, 92
knockout_winner: SUCCESS, 3
knockout_winner: INVALID_INPUT
knockout_winner: INVALID_INPUT
knockout_winner: FAILURE
knockout_winner: INVALID_INPUT
unite_teams: FAILURE
remove_team: FAILURE
get_all_players: SUCCESS
123
159
126
105
189
193
54
163
149
110
remove_team: FAILURE
get_team_points: SUCCESS, 11384
get_all_players_count: SUCCESS, 8
play_match: FAILURE
remove_team: FAILURE
remove_team: FAILURE
remove_team: FAILURE
knockout_winner: FAILURE
knockout_winner: INVALID_INPUT
knockout_winner: INVALID_INPUT
knockout_winner: FAILURE
knockout_winner: INVALID_INPUT
update_player_stats: SUCCESS
update_player_stats: SUCCESS
knockout_winner: SUCCESS, 16
knockout_winner: SUCCESS, 16
knockout_winner: FAILURE
knockout_winner: FAILURE
knockout_winner: INVALID_INPUT
unite_teams: FAILURE
add_team: FAILURE
get_all_players: SUCCESS
145
60
26
get_all_players: SUCCESS
69
79
37
141
173
32
86
66
5
update_player_stats: SUCCESS
get_num_played_games: SUCCESS, 1030
update_player_stats: SUCCESS
get_all_players_count: SUCCESS, 12
update_player_stats: SUCCESS
add_team: FAILURE
get_top_scorer: SUCCESS, 137
get_top_scorer: SUCCESS, 137
unite_teams: FAILURE
get_num_played_games: SUCCESS, 3023
get_top_scorer: SUCCESS, 170
unite_teams: FAILURE
get_num_played_games: SUCCESS, 12338
remove_team: FAILURE
get_team_points: SUCCESS, 6058
add_player: FAILURE
add_player: FAILURE
get_team_points: SUCCESS, 3075
get_num_played_games: SUCCESS, 10033
get_top_scorer: SUCCESS, 56
remove_team: FAILURE
add_player: FAILURE
get_all_players: SUCCESS
197
122
196
51
107
14
175
74
30
get_all_players_count: SUCCESS, 17
get_team_points: SUCCESS, 3963
play_match: FAILURE
play_match: FAILURE
get_all_players_count: SUCCESS, 10
remove_player: SUCCESS
get_all_players_count: SUCCESS, 14
get_closest_player: SUCCESS, 143
add_player: FAILURE
get_closest_player: SUCCESS, 115
get_num_played_games: SUCCESS, 687
get_all_players: SUCCESS
24
28
111
90
72
82
169
137
remove_player: SUCCESS
play_match: FAILURE
get_all_players: SUCCESS
85
135
172
188
130
34
156
81
187
121
200
97
56
add_player: FAILURE
get_team_points: SUCCESS, 11979
get_num_played_games: SUCCESS, 12213
add_team: FAILURE
unite_teams: FAILURE
knockout_winner: SUCCESS, 16
knockout_winner: SUCCESS, 16
knockout_winner: FAILURE
knockout_winner: SUCCESS, 17
knockout_winner: INVALID_INPUT
get_num_played_games: SUCCESS, 4828
get_num_played_games: SUCCESS, 16529
get_all_players: SUCCESS
65
100
194
158
199
114
142
get_closest_player: SUCCESS, 131
remove_player: SUCCESS
get_all_players: SUCCESS
98
180
22
132
84
96
125
4
147
62
10
43
136
151
174
162
8
190
get_team_points: SUCCESS, 2594
remove_player: SUCCESS
add_team: FAILURE
get_top_scorer: SUCCESS, 71
knockout_winner: FAILURE
knockout_winner: SUCCESS, 16
knockout_winner: FAILURE
knockout_winner: FAILURE
knockout_winner: INVALID_INPUT
get_team_points: SUCCESS, 2594
update_player_stats: SUCCESS
get_team_points: SUCCESS, 4839
get_team_points: SUCCESS, 6058
get_top_scorer: SUCCESS, 142
add_player: FAILURE
get_num_played_games: SUCCESS, 8756
add_player: FAILURE
add_team: FAILURE
add_team: FAILURE
get_all_players_count: SUCCESS, 6
remove_team: FAILURE
knockout_winner: FAILURE
knockout_winner: SUCCESS, 1
knockout_winner: SUCCESS, 1
knockout_winner: SUCCESS, 17
knockout_winner: INVALID_INPUT
get_num_played_games: SUCCESS, 8975
update_player_stats: SUCCESS
play_match: FAILURE
get_all_players: SUCCESS
150
198
12
171
15
94
91
115
113
144
13
61
unite_teams: FAILURE
remove_player: SUCCESS
get_closest_player: SUCCESS, 21
unite_teams: FAILURE
knockout_winner: FAILURE
knockout_winner: SUCCESS, 17
knockout_winner: FAILURE
knockout_winner: FAILURE
knockout_winner: INVALID_INPUT
get_top_scorer: SUCCESS, 30
update_player_stats: SUCCESS
get_team_points: SUCCESS, 3075
play_match: FAILURE
get_team_points: SUCCESS, 9249
knockout_winner: FAILURE
knockout_winner: SUCCESS, 17
knockout_winner: FAILURE
knockout_winner: SUCCESS, 17
knockout_winner: INVALID_INPUT
add_player: FAILURE
get_top_scorer: SUCCESS, 30
update_player_stats: SUCCESS
unite_teams: SUCCESS
get_closest_player: SUCCESS, 186
get_top_scorer: SUCCESS, 48
get_team_points: SUCCESS, 6688
get_top_scorer: SUCCESS, 48
add_team: FAILURE
knockout_winner: FAILURE
knockout_winner: SUCCESS, 17
knockout_winner: FAILURE
knockout_winner: FAILURE
knockout_winner: INVALID_INPUT
get_all_players_count: SUCCESS, 6
get_num_played_games: SUCCESS, 2500
get_team_points: SUCCESS, 11363
add_team: FAILURE
update_player_stats: SUCCESS
get_closest_player: SUCCESS, 58
knockout_winner: INVALID_INPUT
knockout_winner: INVALID_INPUT
knockout_winner: INVALID_INPUT
knockout_winner: INVALID_INPUT
knockout_winner: INVALID_INPUT
update_player_stats: SUCCESS
get_all_players: SUCCESS
52
160
140
9
93
184
add_player: FAILURE
add_team: FAILURE
get_all_players_count: SUCCESS, 10
add_team: FAILURE
unite_teams: FAILURE
get_top_scorer: SUCCESS, 30
play_match: FAILURE
get_num_played_games: SUCCESS, 3023
get_team_points: SUCCESS, 9217
get_closest_player: SUCCESS, 45
get_all_players: SUCCESS
23
45
143
133
31
164
118
185
get_all_players_count: SUCCESS, 9
get_all_players_count: SUCCESS, 8
get_team_points: SUCCESS, 8478
get_all_players: SUCCESS
150
198
12
171
15
94
91
115
113
144
13
61
get_num_played_games: SUCCESS, 1884
get_closest_player: SUCCESS, 23
remove_team: FAILURE
update_player_stats: SUCCESS
get_closest_player: SUCCESS, 144
play_match: FAILURE
play_match: FAILURE
remove_team: FAILURE
get_team_points: SUCCESS, 4839
get_team_points: SUCCESS, 2594
get_top_scorer: SUCCESS, 185
play_match: FAILURE
get_all_players: SUCCESS
68
16
20
36
27
57
58
35
101
get_all_players_count: SUCCESS, 14
play_match: FAILURE
get_all_players: SUCCESS
69
79
37
141
173
32
86
66
5
knockout_winner: SUCCESS, 17
knockout_winner: SUCCESS, 17
knockout_winner: FAILURE
knockout_winner: SUCCESS, 17
knockout_winner: INVALID_INPUT
get_all_players: SUCCESS
1
145
60
119
26
47
11
146
38
131
33
get_all_players: SUCCESS
1
145
60
119
26
47
11
146
38
131
33
get_closest_player: SUCCESS, 96
update_player_stats: SUCCESS
get_closest_player: SUCCESS, 120
get_closest_player: SUCCESS, 56
get_top_scorer: SUCCESS, 183
play_match: FAILURE
knockout_winner: SUCCESS, 16
knockout_winner: SUCCESS, 17
knockout_winner: FAILURE
knockout_winner: FAILURE
knockout_winner: INVALID_INPUT
play_match: FAILURE
get_team_points: SUCCESS, 21064
get_top_scorer: SUCCESS, 137
get_num_played_games: SUCCESS, 10596
get_closest_player: SUCCESS, 28
knockout_winner: SUCCESS, 1
knockout_winner: INVALID_INPUT
knockout_winner: INVALID_INPUT
knockout_winner: FAILURE
knockout_winner: INVALID_INPUT
update_player_stats: SUCCESS
get_top_scorer: SUCCESS, 142
remove_player: SUCCESS
get_team_points: SUCCESS, 6938
remove_team: FAILURE
add_player: FAILURE
get_all_players_count: SUCCESS, 17
update_player_stats: SUCCESS
get_team_points: SUCCESS, 11025
get_all_players: SUCCESS
88
124
102
128
99
73
154
2
177
21
116
67
76
41
179
170
70
knockout_winner: SUCCESS, 17
knockout_winner: SUCCESS, 17
knockout_winner: SUCCESS, 15
knockout_winner: FAILURE
knockout_winner: INVALID_INPUT
get_all_players_count: SUCCESS, 18
unite_teams: FAILURE
remove_player: SUCCESS
get_team_points: SUCCESS, 21064
add_player: FAILURE
get_closest_player: SUCCESS, 167
unite_teams: FAILURE
add_player: FAILURE
get_all_players_count: SUCCESS, 9
add_player: FAILURE
get_all_players_count: SUCCESS, 12
knockout_winner: INVALID_INPUT
knockout_winner: FAILURE
knockout_winner: INVALID_INPUT
knockout_winner: INVALID_INPUT
knockout_winner: INVALID_INPUT
add_team: FAILURE
get_num_played_games: SUCCESS, 4822
add_player: FAILURE
get_all_players_count: SUCCESS, 9
update_player_stats: SUCCESS
get_top_scorer: SUCCESS, 61
remove_player: SUCCESS
remove_player: SUCCESS
get_all_players: SUCCESS
122
196
51
107
14
175
74
30
knockout_winner: SUCCESS, 17
knockout_winner: SUCCESS, 4
knockout_winner: SUCCESS, 4
knockout_winner: SUCCESS, 17
knockout_winner: FAILURE
play_match: FAILURE
add_team: FAILURE
get_top_scorer: SUCCESS, 190
play_match: FAILURE
unite_teams: FAILURE
get_num_played_games: SUCCESS, 16529
add_team: FAILURE
unite_teams: FAILURE
get_closest_player: SUCCESS, 147
get_all_players: SUCCESS
198
150
12
171
15
94
91
115
113
144
13
61
unite_teams: FAILURE
get_num_played_games: SUCCESS, 3106
add_team: FAILURE
get_team_points: SUCCESS, 6058
get_num_played_games: SUCCESS, 6770
get_top_scorer: SUCCESS, 48
add_team: FAILURE
play_match: SUCCESS
get_closest_player: SUCCESS, 136
get_all_players: SUCCESS
68
16
20
36
27
57
58
35
101
get_closest_player: SUCCESS, 15
add_team: FAILURE
add_team: FAILURE
remove_player: SUCCESS
get_team_points: SUCCESS, 6058
get_team_points: SUCCESS, 11363
update_player_stats: SUCCESS
get_all_players: SUCCESS
123
159
126
105
189
193
54
149
110
163
remove_player: SUCCESS
get_num_played_games: SUCCESS, 2426
remove_player: SUCCESS
get_num_played_games: SUCCESS, 3372
remove_player: SUCCESS
get_closest_player: SUCCESS, 72
get_num_played_games: SUCCESS, 6770
remove_player: SUCCESS
add_team: FAILURE
add_team: FAILURE
get_all_players_count: SUCCESS, 7
remove_player: SUCCESS
add_team: FAILURE
remove_team: FAILURE
get_num_played_games: SUCCESS, 1382
remove_player: SUCCESS
get_all_players: SUCCESS
120
186
155
166
87
168
152
182
42
63
92
get_closest_player: SUCCESS, 10
get_team_points: SUCCESS, 6920
get_top_scorer: SUCCESS, 30
add_team: FAILURE
update_player_stats: SUCCESS
remove_team: FAILURE
update_player_stats: SUCCESS
get_all_players: SUCCESS
68
16
20
36
27
57
58
35
101
unite_teams: SUCCESS
unite_teams: SUCCESS
get_num_played_games: SUCCESS, 4551
get_all_players: SUCCESS
80
112
167
95
44
195
49
83
176
75
46
3
59
138
remove_team: FAILURE
update_player_stats: SUCCESS
add_player: FAILURE
get_top_scorer: SUCCESS, 163
get_all_players: SUCCESS
80
112
167
95
44
195
49
83
176
75
46
3
59
138
get_closest_player: SUCCESS, 113
get_top_scorer: SUCCESS, 47
update_player_stats: SUCCESS
remove_team: FAILURE
add_team: FAILURE
unite_teams: FAILURE
play_match: FAILURE
get_top_scorer: SUCCESS, 30
get_num_played_games: SUCCESS, 12307
get_all_players_count: SUCCESS, 7
get_all_players_count: SUCCESS, 8
get_top_scorer: SUCCESS, 47
add_team: FAILURE
unite_teams: INVALID_INPUT
add_player: FAILURE
play_match: FAILURE
remove_player: SUCCESS
get_team_points: SUCCESS, 32448
add_team: FAILURE
get_top_scorer: SUCCESS, 183
get_closest_player: SUCCESS, 14
add_team: FAILURE
add_team: FAILURE
add_player: FAILURE
get_all_players_count: SUCCESS, 12
unite_teams: FAILURE
get_num_played_games: SUCCESS, 2426
play_match: FAILURE
get_team_points: SUCCESS, 2594
get_all_players: SUCCESS
89
78
191
50
77
53
183
get_top_scorer: SUCCESS, 138
remove_team: FAILURE
add_player: FAILURE
get_team_points: SUCCESS, 3963
add_player: FAILURE
remove_player: SUCCESS
get_all_players_count: SUCCESS, 7
get_num_played_games: SUCCESS, 1884
get_closest_player: SUCCESS, 28
get_top_scorer: SUCCESS, 138
add_team: FAILURE
remove_player: SUCCESS
get_team_points: SUCCESS, 4839
get_all_players_count: SUCCESS, 12
add_team: FAILURE
get_all_players_count: SUCCESS, 9
get_num_played_games: SUCCESS, 2474
unite_teams: SUCCESS
unite_teams: FAILURE
get_all_players_count: SUCCESS, 20
unite_teams: FAILURE
get_all_players: SUCCESS
180
22
84
96
4
65
147
62
100
43
194
136
151
158
199
174
162
8
142
190
play_match: SUCCESS
add_team: FAILURE
get_top_scorer: SUCCESS, 30
remove_player: SUCCESS
knockout_winner: INVALID_INPUT
knockout_winner: SUCCESS, 10
knockout_winner: INVALID_INPUT
knockout_winner: INVALID_INPUT
knockout_winner: INVALID_INPUT
get_all_players: SUCCESS
122
196
51
107
14
175
74
30
update_player_stats: SUCCESS
get_team_points: SUCCESS, 8478
get_all_players: SUCCESS
1
145
60
119
26
11
146
38
131
33
47
remove_player: SUCCESS
get_num_played_games: SUCCESS, 8829
get_closest_player: SUCCESS, 144
get_all_players_count: SUCCESS, 20
get_num_played_games: SUCCESS, 12206
add_player: FAILURE
remove_player: SUCCESS
unite_teams: FAILURE
play_match: FAILURE
remove_team: FAILURE
update_player_stats: SUCCESS
get_all_players_count: SUCCESS, 14
knockout_winner: SUCCESS, 10
knockout_winner: SUCCESS, 10
knockout_winner: SUCCESS, 4
knockout_winner: SUCCESS, 17
knockout_winner: INVALID_INPUT
knockout_winner: SUCCESS, 17
knockout_winner: SUCCESS, 17
knockout_winner: SUCCESS, 4
knockout_winner: SUCCESS, 17
knockout_winner: FAILURE
remove_team: FAILURE
get_num_played_games: SUCCESS, 7605
add_team: FAILURE
get_all_players: SUCCESS
120
186
155
166
87
168
152
182
42
63
92
update_player_stats: SUCCESS
get_team_points: SUCCESS, 6941
get_all_players: SUCCESS
24
28
111
90
72
169
137
knockout_winner: SUCCESS, 10
knockout_winner: SUCCESS, 10
knockout_winner: SUCCESS, 10
knockout_winner: SUCCESS, 17
knockout_winner: INVALID_INPUT
remove_team: FAILURE
unite_teams: FAILURE
remove_team: FAILURE
get_all_players: SUCCESS
122
196
51
107
14
175
74
30
get_team_points: SUCCESS, 9217
add_player: FAILURE
get_closest_player: SUCCESS, 95
knockout_winner: SUCCESS, 4
knockout_winner: INVALID_INPUT
knockout_winner: INVALID_INPUT
knockout_winner: FAILURE
knockout_winner: INVALID_INPUT
update_player_stats: SUCCESS
get_top_scorer: SUCCESS, 48
remove_team: FAILURE
get_team_points: SUCCESS, 11363
remove_player: SUCCESS
knockout_winner: SUCCESS, 10
knockout_winner: SUCCESS, 17
knockout_winner: SUCCESS, 4
knockout_winner: SUCCESS, 17
knockout_winner: INVALID_INPUT
remove_player: SUCCESS
remove_team: FAILURE
get_num_played_games: SUCCESS, 4039
get_all_players_count: SUCCESS, 12
add_team: FAILURE
get_closest_player: SUCCESS, 72
get_all_players_count: SUCCESS, 8
get_team_points: SUCCESS, 701
add_team: FAILURE
get_all_players: SUCCESS
24
28
111
90
72
169
137
add_team: FAILURE
update_player_stats: SUCCESS
play_match: SUCCESS
get_top_scorer: SUCCESS, 70
add_team: FAILURE
get_closest_player: SUCCESS, 51
remove_player: SUCCESS
get_closest_player: SUCCESS, 81
unite_teams: FAILURE
get_team_points: SUCCESS, 7170
get_team_points: SUCCESS, 8478
get_num_played_games: SUCCESS, 8508
remove_team: FAILURE
get_num_played_games: SUCCESS, 9948
knockout_winner: INVALID_INPUT
knockout_winner: SUCCESS, 10
knockout_winner: INVALID_INPUT
knockout_winner: INVALID_INPUT
knockout_winner: INVALID_INPUT
get_top_scorer: SUCCESS, 138
unite_teams: INVALID_INPUT
remove_player: SUCCESS
update_player_stats: SUCCESS
knockout_winner: SUCCESS, 17
knockout_winner: SUCCESS, 17
knockout_winner: FAILURE
knockout_winner: FAILURE
knockout_winner: INVALID_INPUT
update_player_stats: SUCCESS
get_all_players: SUCCESS
120
186
155
166
87
168
152
182
42
63
92
play_match: SUCCESS
get_all_players_count: SUCCESS, 6
get_top_scorer: SUCCESS, 71
get_all_players: SUCCESS
89
78
191
77
53
183
get_all_players: SUCCESS
150
12
171
198
15
94
91
113
144
115
13
61
knockout_winner: INVALID_INPUT
knockout_winner: INVALID_INPUT
knockout_winner: INVALID_INPUT
knockout_winner: INVALID_INPUT
knockout_winner: INVALID_INPUT
update_player_stats: SUCCESS
get_all_players_count: SUCCESS, 12
unite_teams: FAILURE
get_team_points: SUCCESS, 11363
play_match: SUCCESS
update_player_stats: SUCCESS
get_all_players: SUCCESS
1
145
60
119
26
11
146
38
131
33
47
get_team_points: SUCCESS, 17092
get_num_played_games: SUCCESS, 6767
get_all_players: SUCCESS
89
78
191
77
53
183
knockout_winner: SUCCESS, 4
knockout_winner: INVALID_INPUT
knockout_winner: INVALID_INPUT
knockout_winner: SUCCESS, 10
knockout_winner: INVALID_INPUT
add_team: FAILURE
get_num_played_games: SUCCESS, 472
get_top_scorer: SUCCESS, 137
unite_teams: SUCCESS
add_player: FAILURE
get_num_played_games: SUCCESS, 2072
remove_player: SUCCESS
remove_player: SUCCESS
get_num_played_games: SUCCESS, 819
unite_teams: FAILURE
remove_player: SUCCESS
remove_player: SUCCESS
update_player_stats: SUCCESS
get_team_points: SUCCESS, 2594
get_top_scorer: SUCCESS, 190
unite_teams: FAILURE
add_player: FAILURE
get_top_scorer: SUCCESS, 190
add_player: FAILURE
play_match: FAILURE
get_num_played_games: SUCCESS, 5917
update_player_stats: SUCCESS
add_player: FAILURE
get_all_players: SUCCESS
120
186
155
166
168
152
182
42
63
get_team_points: SUCCESS, 9217
get_all_players: SUCCESS
85
135
172
130
81
34
187
121
200
97
56
156
get_closest_player: SUCCESS, 57
remove_team: FAILURE
get_all_players: SUCCESS
64
134
6
39
153
40
48
add_player: FAILURE
get_num_played_games: SUCCESS, 17365
play_match: SUCCESS
play_match: FAILURE
remove_team: FAILURE
add_player: FAILURE
get_all_players_count: SUCCESS, 11
update_player_stats: SUCCESS
play_match: FAILURE
unite_teams: FAILURE
add_player: FAILURE
get_closest_player: SUCCESS, 113
unite_teams: FAILURE
knockout_winner: SUCCESS, 5
knockout_winner: SUCCESS, 10
knockout_winner: FAILURE
knockout_winner: SUCCESS, 10
knockout_winner: INVALID_INPUT
update_player_stats: SUCCESS
get_top_scorer: SUCCESS, 183
get_top_scorer: SUCCESS, 190
get_top_scorer: SUCCESS, 70
get_team_points: SUCCESS, 6920
get_all_players: SUCCESS
69
37
173
32
79
86
66
5
remove_team: FAILURE
knockout_winner: SUCCESS, 17
knockout_winner: SUCCESS, 17
knockout_winner: SUCCESS, 4
knockout_winner: SUCCESS, 17
knockout_winner: FAILURE
remove_player: SUCCESS
unite_teams: SUCCESS
update_player_stats: SUCCESS
get_team_points: SUCCESS, 9217
get_all_players_count: SUCCESS, 7
play_match: FAILURE
unite_teams: FAILURE
get_closest_player: SUCCESS, 89
update_player_stats: SUCCESS
get_top_scorer: SUCCESS, 137
add_team: FAILURE
get_num_played_games: SUCCESS, 2981
get_closest_player: SUCCESS, 65
get_num_played_games: SUCCESS, 441
get_top_scorer: SUCCESS, 138
unite_teams: FAILURE
remove_player: SUCCESS
get_closest_player: SUCCESS, 42
get_num_played_games: SUCCESS, 7635
knockout_winner: SUCCESS, 15
knockout_winner: SUCCESS, 17
knockout_winner: SUCCESS, 10
knockout_winner: SUCCESS, 19
knockout_winner: INVALID_INPUT
remove_team: FAILURE
get_closest_player: SUCCESS, 91
get_all_players: SUCCESS
24
28
111
72
169
137
play_match: SUCCESS
get_all_players_count: SUCCESS, 8
remove_team: FAILURE
add_player: FAILURE
get_all_players: SUCCESS
85
135
130
172
81
34
187
121
200
97
56
156
add_team: FAILURE
update_player_stats: SUCCESS
add_team: FAILURE
get_num_played_games: SUCCESS, 7935
remove_team: FAILURE
play_match: FAILURE
remove_player: SUCCESS
get_all_players_count: SUCCESS, 8
get_closest_player: SUCCESS, 79
remove_team: FAILURE
get_team_points: SUCCESS, 7170
remove_player: SUCCESS
get_top_scorer: SUCCESS, 56
knockout_winner: SUCCESS, 19
knockout_winner: INVALID_INPUT
knockout_winner: INVALID_INPUT
knockout_winner: SUCCESS, 19
knockout_winner: SUCCESS, 10
remove_team: FAILURE
play_match: FAILURE
play_match: INVALID_INPUT
unite_teams: FAILURE
update_player_stats: SUCCESS
add_player: FAILURE
get_team_points: SUCCESS, 701
knockout_winner: SUCCESS, 5
knockout_winner: SUCCESS, 10
knockout_winner: FAILURE
knockout_winner: SUCCESS, 10
knockout_winner: INVALID_INPUT
update_player_stats: SUCCESS
knockout_winner: SUCCESS, 19
knockout_winner: SUCCESS, 19
knockout_winner: FAILURE
knockout_winner: FAILURE
knockout_winner: INVALID_INPUT
get_closest_player: SUCCESS, 23
update_player_stats: SUCCESS
get_all_players_count: SUCCESS, 8
play_match: FAILURE
play_match: FAILURE
update_player_stats: SUCCESS
get_closest_player: SUCCESS, 39
get_num_played_games: SUCCESS, 6929
get_closest_player: SUCCESS, 179
get_team_points: SUCCESS, 8481
add_player: FAILURE
add_player: FAILURE
unite_teams: FAILURE
remove_team: FAILURE
add_player: FAILURE
unite_teams: SUCCESS
unite_teams: FAILURE
add_team: FAILURE
get_num_played_games: SUCCESS, 12206
remove_team: FAILURE
remove_player: SUCCESS
remove_player: SUCCESS
unite_teams: FAILURE
update_player_stats: SUCCESS
update_player_stats: SUCCESS
get_all_players: SUCCESS
120
186
166
168
152
42
63
182
knockout_winner: SUCCESS, 19
knockout_winner: SUCCESS, 19
knockout_winner: SUCCESS, 12
knockout_winner: FAILURE
knockout_winner: INVALID_INPUT
update_player_stats: SUCCESS
get_team_points: SUCCESS, 30289
add_player: FAILURE
get_all_players: SUCCESS
24
28
111
72
169
137
play_match: FAILURE
get_all_players: SUCCESS
120
186
166
168
152
42
63
182
add_team: FAILURE
add_team: FAILURE
play_match: FAILURE
get_team_points: SUCCESS, 2594
add_team: FAILURE
remove_player: SUCCESS
knockout_winner: SUCCESS, 19
knockout_winner: SUCCESS, 10
knockout_winner: SUCCESS, 10
knockout_winner: FAILURE
knockout_winner: INVALID_INPUT
get_top_scorer: SUCCESS, 47
get_all_players_count: SUCCESS, 6
update_player_stats: SUCCESS
get_team_points: SUCCESS, 7621
knockout_winner: INVALID_INPUT
knockout_winner: SUCCESS, 17
knockout_winner: INVALID_INPUT
knockout_winner: INVALID_INPUT
knockout_winner: INVALID_INPUT
get_all_players_count: SUCCESS, 10
update_player_stats: SUCCESS
knockout_winner: INVALID_INPUT
knockout_winner: SUCCESS, 10
knockout_winner: INVALID_INPUT
knockout_winner: INVALID_INPUT
knockout_winner: INVALID_INPUT
knockout_winner: SUCCESS, 2
knockout_winner: INVALID_INPUT
knockout_winner: INVALID_INPUT
knockout_winner: FAILURE
knockout_winner: INVALID_INPUT
get_closest_player: SUCCESS, 26
knockout_winner: INVALID_INPUT
knockout_winner: SUCCESS, 10
knockout_winner: INVALID_INPUT
knockout_winner: INVALID_INPUT
knockout_winner: INVALID_INPUT
get_num_played_games: SUCCESS, 7935
knockout_winner: SUCCESS, 10
knockout_winner: SUCCESS, 10
knockout_winner: SUCCESS, 10
knockout_winner: SUCCESS, 19
knockout_winner: FAILURE
add_player: FAILURE
unite_teams: FAILURE
get_team_points: SUCCESS, 9217
get_all_players_count: SUCCESS, 12
add_team: FAILURE
add_team: FAILURE
get_team_points: SUCCESS, 6688
update_player_stats: SUCCESS
add_player: FAILURE
get_all_players: SUCCESS
24
28
111
72
169
137
get_team_points: SUCCESS, 7170
add_team: FAILURE
get_num_played_games: SUCCESS, 1727
get_team_points: SUCCESS, 32448
get_team_points: SUCCESS, 6688
play_match: FAILURE
knockout_winner: SUCCESS, 19
knockout_winner: SUCCESS, 10
knockout_winner: SUCCESS, 10
knockout_winner: SUCCESS, 19
knockout_winner: INVALID_INPUT
get_num_played_games: SUCCESS, 8947
add_team: FAILURE
get_top_scorer: SUCCESS, 48
knockout_winner: SUCCESS, 10
knockout_winner: SUCCESS, 10
knockout_winner: SUCCESS, 10
knockout_winner: SUCCESS, 19
knockout_winner: INVALID_INPUT
get_top_scorer: SUCCESS, 47
update_player_stats: SUCCESS
add_player: FAILURE
update_player_stats: SUCCESS
remove_team: FAILURE
remove_team: FAILURE
remove_player: SUCCESS
add_team: FAILURE
get_team_points: SUCCESS, 17092
get_top_scorer: SUCCESS, 47
unite_teams: FAILURE
add_player: FAILURE
play_match: SUCCESS
get_all_players: SUCCESS
180
22
84
4
65
147
62
100
96
43
194
158
199
174
8
142
190
136
162
unite_teams: FAILURE
update_player_stats: SUCCESS
add_player: FAILURE
add_player: FAILURE
update_player_stats: SUCCESS
get_closest_player: SUCCESS, 142
get_num_played_games: SUCCESS, 10107
get_closest_player: SUCCESS, 116
knockout_winner: FAILURE
knockout_winner: SUCCESS, 10
knockout_winner: SUCCESS, 10
knockout_winner: FAILURE
knockout_winner: INVALID_INPUT
play_match: SUCCESS
get_closest_player: SUCCESS, 81
get_closest_player: SUCCESS, 145
play_match: SUCCESS
get_top_scorer: SUCCESS, 162
get_top_scorer: SUCCESS, 200
play_match: FAILURE
update_player_stats: SUCCESS
get_closest_player: SUCCESS, 163
update_player_stats: SUCCESS
get_top_scorer: SUCCESS, 74
get_team_points: SUCCESS, 4839
get_top_scorer: SUCCESS, 74
add_player: FAILURE
add_team: FAILURE
update_player_stats: SUCCESS
play_match: SUCCESS
remove_team: FAILURE
add_team: FAILURE
get_all_players: SUCCESS
16
20
57
35
126
105
54
159
149
110
101
68
123
163
189
get_top_scorer: SUCCESS, 182
remove_player: SUCCESS
get_num_played_games: SUCCESS, 2465
play_match: FAILURE
remove_player: SUCCESS
get_closest_player: SUCCESS, 99
add_team: FAILURE
get_closest_player: SUCCESS, 107
get_closest_player: SUCCESS, 135
play_match: FAILURE
add_team: FAILURE
play_match: FAILURE
get_top_scorer: SUCCESS, 74
get_all_players_count: SUCCESS, 11
get_all_players_count: SUCCESS, 19
update_player_stats: SUCCESS
get_all_players_count: SUCCESS, 19
get_num_played_games: SUCCESS, 2982
unite_teams: FAILURE
play_match: SUCCESS
update_player_stats: SUCCESS
remove_player: SUCCESS
unite_teams: FAILURE
get_all_players: SUCCESS
64
134
6
39
153
40
48
unite_teams: FAILURE
remove_player: SUCCESS
knockout_winner: SUCCESS, 12
knockout_winner: SUCCESS, 17
knockout_winner: FAILURE
knockout_winner: SUCCESS, 17
knockout_winner: INVALID_INPUT
get_closest_player: SUCCESS, 64
get_closest_player: SUCCESS, 167
get_closest_player: SUCCESS, 26
play_match: SUCCESS
update_player_stats: SUCCESS
remove_player: SUCCESS
get_all_players: SUCCESS
24
28
111
72
169
137
unite_teams: FAILURE
get_team_points: SUCCESS, 17092
play_match: FAILURE
get_team_points: SUCCESS, 9217
get_num_played_games: SUCCESS, 1585
add_player: FAILURE
get_team_points: SUCCESS, 13531
get_num_played_games: SUCCESS, 5925
play_match: FAILURE
get_team_points: SUCCESS, 13531
remove_team: FAILURE
add_team: FAILURE
update_player_stats: SUCCESS
play_match: FAILURE
add_player: FAILURE
get_all_players_count: SUCCESS, 20
update_player_stats: SUCCESS
unite_teams: FAILURE
get_closest_player: SUCCESS, 86
get_closest_player: SUCCESS, 167
get_all_players_count: SUCCESS, 22
get_num_played_games: SUCCESS, 11070
get_top_scorer: SUCCESS, 165
get_top_scorer: SUCCESS, 187
knockout_winner: SUCCESS, 19
knockout_winner: SUCCESS, 19
knockout_winner: SUCCESS, 12
knockout_winner: FAILURE
knockout_winner: INVALID_INPUT
add_team: FAILURE
remove_team: FAILURE
remove_player: SUCCESS
add_player: FAILURE
get_all_players: SUCCESS
12
171
198
150
94
144
115
91
113
61
get_num_played_games: SUCCESS, 21668
update_player_stats: SUCCESS
get_all_players: SUCCESS
89
145
52
140
9
78
60
119
26
1
77
93
184
146
38
131
33
53
183
160
191
11
update_player_stats: SUCCESS
get_closest_player: SUCCESS, 4
get_all_players: SUCCESS
89
145
52
140
9
78
60
119
26
1
77
93
184
146
38
131
33
53
183
160
191
11
add_player: FAILURE
get_closest_player: SUCCESS, 154
remove_team: FAILURE
get_all_players: SUCCESS
85
135
130
172
81
34
121
97
56
187
unite_teams: FAILURE
get_top_scorer: SUCCESS, 182
remove_player: SUCCESS
get_team_points: SUCCESS, 9249
play_match: SUCCESS
knockout_winner: FAILURE
knockout_winner: SUCCESS, 10
knockout_winner: FAILURE
knockout_winner: FAILURE
knockout_winner: INVALID_INPUT
play_match: FAILURE
get_team_points: SUCCESS, 4839
knockout_winner: SUCCESS, 19
knockout_winner: SUCCESS, 19
knockout_winner: SUCCESS, 10
knockout_winner: SUCCESS, 19
knockout_winner: INVALID_INPUT
get_all_players: SUCCESS
196
51
107
14
30
74
175
get_all_players: SUCCESS
124
102
99
73
154
2
67
179
116
21
70
get_all_players: SUCCESS
180
22
84
4
147
62
100
65
96
43
194
158
199
174
8
142
190
136
162
remove_team: FAILURE
get_closest_player: SUCCESS, 124
get_num_played_games: SUCCESS, 19297
add_player: FAILURE
play_match: FAILURE
add_team: FAILURE
add_player: FAILURE
unite_teams: FAILURE
update_player_stats: SUCCESS
get_closest_player: SUCCESS, 26
get_num_played_games: SUCCESS, 1749
get_team_points: SUCCESS, 6688
unite_teams: FAILURE
remove_player: SUCCESS
add_player: FAILURE
get_num_played_games: SUCCESS, 17660
get_closest_player: SUCCESS, 130
get_all_players: SUCCESS
124
102
99
73
154
2
67
179
21
70
remove_team: FAILURE
update_player_stats: SUCCESS
unite_teams: FAILURE
play_match: INVALID_INPUT
get_closest_player: SUCCESS, 108
add_team: FAILURE
get_closest_player: SUCCESS, 44
get_num_played_games: SUCCESS, 12310
remove_player: SUCCESS
add_team: FAILURE
get_all_players_count: SUCCESS, 13
get_top_scorer: SUCCESS, 153
unite_teams: SUCCESS
get_all_players_count: SUCCESS, 18
get_all_players_count: SUCCESS, 6
get_all_players: SUCCESS
89
124
102
145
99
52
73
140
9
78
60
154
2
119
26
1
77
93
67
184
146
38
131
179
33
53
183
160
21
191
70
11
get_all_players: SUCCESS
80
112
167
95
44
45
195
49
83
164
133
46
3
185
59
75
31
138
get_all_players_count: SUCCESS, 13
remove_player: SUCCESS
get_closest_player: SUCCESS, 108
get_num_played_games: SUCCESS, 6773
add_team: FAILURE
get_all_players_count: SUCCESS, 6
add_team: FAILURE
add_player: FAILURE
get_all_players_count: SUCCESS, 13
knockout_winner: SUCCESS, 10
knockout_winner: INVALID_INPUT
knockout_winner: INVALID_INPUT
knockout_winner: SUCCESS, 10
knockout_winner: INVALID_INPUT
add_player: FAILURE
remove_player: SUCCESS
get_num_played_games: SUCCESS, 7992
unite_teams: INVALID_INPUT
remove_team: FAILURE
remove_team: FAILURE
get_all_players_count: SUCCESS, 9
knockout_winner: INVALID_INPUT
knockout_winner: SUCCESS, 17
knockout_winner: INVALID_INPUT
knockout_winner: INVALID_INPUT
knockout_winner: INVALID_INPUT
remove_player: SUCCESS
get_team_points: SUCCESS, 36983
get_top_scorer: SUCCESS, 162
get_top_scorer: SUCCESS, 165
update_player_stats: SUCCESS
get_team_points: SUCCESS, 7627
get_all_players_count: SUCCESS, 9
remove_player: SUCCESS
add_player: FAILURE
unite_teams: FAILURE
get_num_played_games: SUCCESS, 10373
get_all_players_count: SUCCESS, 6
get_all_players: SUCCESS
80
112
167
95
44
45
195
49
83
164
133
46
3
185
59
75
31
138
unite_teams: FAILURE
get_closest_player: SUCCESS, 187
update_player_stats: SUCCESS
add_player: FAILURE
remove_team: FAILURE
get_top_scorer: SUCCESS, 162
get_all_players: SUCCESS
24
28
111
72
169
137
get_num_played_games: SUCCESS, 3901
get_num_played_games: SUCCESS, 8508
remove_team: FAILURE
knockout_winner: INVALID_INPUT
knockout_winner: INVALID_INPUT
knockout_winner: INVALID_INPUT
knockout_winner: INVALID_INPUT
knockout_winner: INVALID_INPUT
get_all_players: SUCCESS
89
102
145
99
52
73
140
9
78
60
154
2
119
26
1
77
93
67
184
146
38
131
179
33
53
183
160
21
191
70
11
add_team: FAILURE
get_all_players: SUCCESS
196
51
107
14
30
74
get_top_scorer: SUCCESS, 97
get_num_played_games: SUCCESS, 17382
get_all_players: SUCCESS
180
22
84
4
147
62
100
65
96
43
194
158
199
174
8
142
190
136
162
get_team_points: SUCCESS, 9217
remove_team: FAILURE
remove_team: FAILURE
get_all_players: SUCCESS
16
20
57
35
126
105
54
159
149
110
101
68
163
189
play_match: FAILURE
knockout_winner: INVALID_INPUT
knockout_winner: SUCCESS, 17
knockout_winner: INVALID_INPUT
knockout_winner: INVALID_INPUT
knockout_winner: INVALID_INPUT
remove_player: SUCCESS
get_top_scorer: SUCCESS, 182
remove_team: FAILURE
get_all_players: SUCCESS
80
112
167
95
44
45
195
49
83
164
133
46
3
185
59
75
138
add_team: FAILURE
get_top_scorer: SUCCESS, 162
get_top_scorer: SUCCESS, 74
play_match: FAILURE
get_team_points: SUCCESS, 9217
get_top_scorer: SUCCESS, 137
add_team: FAILURE
get_top_scorer: SUCCESS, 74
play_match: FAILURE
update_player_stats: SUCCESS
knockout_winner: INVALID_INPUT
knockout_winner: INVALID_INPUT
knockout_winner: INVALID_INPUT
knockout_winner: INVALID_INPUT
knockout_winner: INVALID_INPUT
remove_player: SUCCESS
get_all_players: SUCCESS
16
20
57
35
126
105
54
159
149
110
101
68
163
189
update_player_stats: SUCCESS
get_closest_player: SUCCESS, 42
add_player: FAILURE
get_top_scorer: SUCCESS, 5
get_closest_player: SUCCESS, 174
knockout_winner: INVALID_INPUT
knockout_winner: SUCCESS, 2
knockout_winner: INVALID_INPUT
knockout_winner: INVALID_INPUT
knockout_winner: INVALID_INPUT
get_all_players: SUCCESS
180
22
4
147
62
100
84
96
43
194
158
199
174
8
142
190
136
162
knockout_winner: INVALID_INPUT
knockout_winner: INVALID_INPUT
knockout_winner: INVALID_INPUT
knockout_winner: INVALID_INPUT
knockout_winner: INVALID_INPUT
knockout_winner: FAILURE
knockout_winner: SUCCESS, 10
knockout_winner: SUCCESS, 10
knockout_winner: FAILURE
knockout_winner: INVALID_INPUT
add_team: FAILURE
play_match: FAILURE
get_top_scorer: SUCCESS, 153
remove_player: SUCCESS
update_player_stats: SUCCESS
add_team: FAILURE
play_match: SUCCESS
remove_player: SUCCESS
get_num_played_games: SUCCESS, 12633
knockout_winner: INVALID_INPUT
knockout_winner: SUCCESS, 10
knockout_winner: INVALID_INPUT
knockout_winner: INVALID_INPUT
knockout_winner: INVALID_INPUT
get_all_players_count: SUCCESS, 31
add_player: FAILURE
add_team: FAILURE
get_closest_player: SUCCESS, 35
get_all_players_count: SUCCESS, 12
update_player_stats: SUCCESS
get_closest_player: SUCCESS, 44
remove_player: SUCCESS
play_match: FAILURE
add_team: FAILURE
update_player_stats: SUCCESS
play_match: INVALID_INPUT
knockout_winner: INVALID_INPUT
knockout_winner: INVALID_INPUT
knockout_winner: INVALID_INPUT
knockout_winner: INVALID_INPUT
knockout_winner: INVALID_INPUT
get_team_points: SUCCESS, 7627
remove_team: FAILURE
play_match: SUCCESS
get_num_played_games: SUCCESS, 8848
remove_team: FAILURE
get_closest_player: SUCCESS, 167
remove_team: FAILURE
unite_teams: INVALID_INPUT
add_player: FAILURE
remove_player: SUCCESS
remove_player: SUCCESS
remove_player: SUCCESS
remove_player: SUCCESS
remove_player: SUCCESS
remove_player: SUCCESS
remove_player: SUCCESS
remove_player: SUCCESS
remove_player: SUCCESS
remove_player: SUCCESS
remove_player: SUCCESS
remove_player: SUCCESS
remove_player: SUCCESS
remove_player: SUCCESS
remove_player: SUCCESS
remove_player: SUCCESS
remove_player: SUCCESS
remove_player: SUCCESS
remove_player: SUCCESS
remove_player: SUCCESS
remove_player: SUCCESS
remove_player: SUCCESS
remove_player: SUCCESS
remove_player: SUCCESS
remove_player: SUCCESS
remove_player: SUCCESS
remove_player: SUCCESS
remove_player: SUCCESS
remove_player: SUCCESS
remove_player: SUCCESS
remove_player: SUCCESS
remove_player: SUCCESS
remove_player: SUCCESS
remove_player: SUCCESS
remove_player: SUCCESS
remove_player: SUCCESS
remove_player: SUCCESS
remove_player: SUCCESS
remove_player: SUCCESS
remove_player: SUCCESS
remove_player: SUCCESS
remove_player: SUCCESS
remove_player: SUCCESS
remove_player: SUCCESS
remove_player: SUCCESS
remove_player: SUCCESS
remove_player: SUCCESS
remove_player: SUCCESS
remove_player: SUCCESS
remove_player: SUCCESS
remove_player: SUCCESS
remove_player: SUCCESS
remove_player: SUCCESS
remove_player: SUCCESS
remove_player: SUCCESS
remove_player: SUCCESS
remove_player: SUCCESS
remove_player: SUCCESS
remove_player: SUCCESS
remove_player: SUCCESS
remove_player: SUCCESS
remove_player: SUCCESS
remove_player: SUCCESS
remove_player: SUCCESS
remove_player: SUCCESS
remove_player: SUCCESS
remove_player: SUCCESS
remove_player: SUCCESS
remove_player: SUCCESS
remove_player: SUCCESS
remove_player: SUCCESS
remove_player: SUCCESS
remove_player: SUCCESS
remove_player: SUCCESS
remove_player: SUCCESS
remove_player: SUCCESS
remove_player: SUCCESS
remove_player: SUCCESS
remove_player: SUCCESS
remove_player: SUCCESS
remove_player: SUCCESS
remove_player: SUCCESS
remove_player: SUCCESS
remove_player: SUCCESS
remove_player: SUCCESS
remove_player: SUCCESS
remove_player: SUCCESS
remove_player: SUCCESS
remove_player: SUCCESS
remove_player: SUCCESS
remove_player: SUCCESS
remove_player: SUCCESS
remove_player: SUCCESS
remove_player: SUCCESS
remove_player: SUCCESS
remove_player: SUCCESS
remove_player: SUCCESS
remove_player: SUCCESS
remove_player: SUCCESS
remove_player: SUCCESS
remove_player: SUCCESS
remove_player: SUCCESS
remove_player: SUCCESS
remove_player: SUCCESS
remove_player: SUCCESS
remove_player: SUCCESS
remove_player: SUCCESS
remove_player: SUCCESS
remove_player: SUCCESS
remove_player: SUCCESS
remove_player: SUCCESS
remove_player: SUCCESS
remove_player: SUCCESS
remove_player: SUCCESS
remove_player: SUCCESS
remove_player: SUCCESS
remove_player: SUCCESS
remove_player: SUCCESS
remove_player: SUCCESS
remove_player: SUCCESS
remove_player: SUCCESS
remove_player: SUCCESS
remove_player: SUCCESS
remove_player: SUCCESS
remove_player: SUCCESS
remove_player: SUCCESS
remove_player: SUCCESS
remove_player: SUCCESS
remove_player: SUCCESS
remove_player: SUCCESS
remove_player: SUCCESS
remove_player: SUCCESS
remove_player: SUCCESS
remove_team: SUCCESS
remove_team: SUCCESS
remove_team: SUCCESS
remove_team: SUCCESS
remove_team: SUCCESS
remove_team: SUCCESS
remove_team: SUCCESS
remove_team: SUCCESS
remove_team: SUCCESS
remove_team: SUCCESS
remove_team: SUCCESS
