add_team: SUCCESS
add_team: SUCCESS
add_team: SUCCESS
add_team: SUCCESS
add_team: SUCCESS
add_team: SUCCESS
add_team: SUCCESS
add_team: SUCCESS
add_team: SUCCESS
add_team: SUCCESS
add_team: SUCCESS
add_team: SUCCESS
add_team: SUCCESS
add_team: SUCCESS
add_team: SUCCESS
add_team: SUCCESS
add_team: SUCCESS
add_team: SUCCESS
add_team: SUCCESS
add_team: SUCCESS
add_player: SUCCESS
add_player: SUCCESS
add_player: SUCCESS
add_player: SUCCESS
add_player: SUCCESS
add_player: SUCCESS
add_player: SUCCESS
add_player: SUCCESS
add_player: SUCCESS
add_player: SUCCESS
add_player: SUCCESS
add_player: SUCCESS
add_player: SUCCESS
add_player: SUCCESS
add_player: SUCCESS
add_player: SUCCESS
add_player: SUCCESS
add_player: SUCCESS
add_player: SUCCESS
add_player: SUCCESS
add_player: SUCCESS
add_player: SUCCESS
add_player: SUCCESS
add_player: SUCCESS
add_player: SUCCESS
add_player: SUCCESS
add_player: SUCCESS
add_player: SUCCESS
add_player: SUCCESS
add_player: SUCCESS
add_player: SUCCESS
add_player: SUCCESS
add_player: SUCCESS
add_player: SUCCESS
add_player: SUCCESS
add_player: SUCCESS
add_player: SUCCESS
add_player: SUCCESS
add_player: SUCCESS
add_player: SUCCESS
add_player: SUCCESS
add_player: SUCCESS
add_player: SUCCESS
add_player: SUCCESS
add_player: SUCCESS
add_player: SUCCESS
add_player: SUCCESS
add_player: SUCCESS
add_player: SUCCESS
add_player: SUCCESS
add_player: SUCCESS
add_player: SUCCESS
add_player: SUCCESS
add_player: SUCCESS
add_player: SUCCESS
add_player: SUCCESS
add_player: SUCCESS
add_player: SUCCESS
add_player: SUCCESS
add_player: SUCCESS
add_player: SUCCESS
add_player: SUCCESS
add_player: SUCCESS
add_player: SUCCESS
add_player: SUCCESS
add_player: SUCCESS
add_player: SUCCESS
add_player: SUCCESS
add_player: SUCCESS
add_player: SUCCESS
add_player: SUCCESS
add_player: SUCCESS
add_player: SUCCESS
add_player: SUCCESS
add_player: SUCCESS
add_player: SUCCESS
add_player: SUCCESS
add_player: SUCCESS
add_player: SUCCESS
add_player: SUCCESS
add_player: SUCCESS
add_player: SUCCESS
add_player: SUCCESS
add_player: SUCCESS
add_player: SUCCESS
add_player: SUCCESS
add_player: SUCCESS
add_player: SUCCESS
add_player: SUCCESS
add_player: SUCCESS
add_player: SUCCESS
add_player: SUCCESS
add_player: SUCCESS
add_player: SUCCESS
add_player: SUCCESS
add_player: SUCCESS
add_player: SUCCESS
add_player: SUCCESS
add_player: SUCCESS
add_player: SUCCESS
add_player: SUCCESS
add_player: SUCCESS
add_player: SUCCESS
add_player: SUCCESS
add_player: SUCCESS
add_player: SUCCESS
add_player: SUCCESS
add_player: SUCCESS
add_player: SUCCESS
add_player: SUCCESS
add_player: SUCCESS
add_player: SUCCESS
add_player: SUCCESS
add_player: SUCCESS
add_player: SUCCESS
add_player: SUCCESS
add_player: SUCCESS
add_player: SUCCESS
add_player: SUCCESS
add_player: SUCCESS
add_player: SUCCESS
add_player: SUCCESS
add_player: SUCCESS
add_player: SUCCESS
add_player: SUCCESS
add_player: SUCCESS
add_player: SUCCESS
add_player: SUCCESS
add_player: SUCCESS
add_player: SUCCESS
add_player: SUCCESS
add_player: SUCCESS
add_player: SUCCESS
add_player: SUCCESS
add_player: SUCCESS
add_player: SUCCESS
add_player: SUCCESS
add_player: SUCCESS
add_player: SUCCESS
add_player: SUCCESS
add_player: SUCCESS
add_player: SUCCESS
add_player: SUCCESS
add_player: SUCCESS
add_player: SUCCESS
add_player: SUCCESS
add_player: SUCCESS
add_player: SUCCESS
add_player: SUCCESS
add_player: SUCCESS
add_player: SUCCESS
add_player: SUCCESS
add_player: SUCCESS
add_player: SUCCESS
add_player: SUCCESS
add_player: SUCCESS
add_player: SUCCESS
add_player: SUCCESS
add_player: SUCCESS
add_player: SUCCESS
add_player: SUCCESS
add_player: SUCCESS
add_player: SUCCESS
add_player: SUCCESS
add_player: SUCCESS
add_player: SUCCESS
add_player: SUCCESS
add_player: SUCCESS
add_player: SUCCESS
add_player: SUCCESS
add_player: SUCCESS
add_player: SUCCESS
add_player: SUCCESS
add_player: SUCCESS
add_player: SUCCESS
add_player: SUCCESS
add_player: SUCCESS
add_player: SUCCESS
add_player: SUCCESS
add_player: SUCCESS
add_player: SUCCESS
add_player: SUCCESS
add_player: SUCCESS
add_player: SUCCESS
add_player: SUCCESS
add_player: SUCCESS
add_player: SUCCESS
add_player: SUCCESS
add_player: SUCCESS
add_player: SUCCESS
add_player: SUCCESS
add_player: SUCCESS
add_player: SUCCESS
add_player: SUCCESS
add_player: SUCCESS
add_player: SUCCESS
add_player: SUCCESS
add_player: SUCCESS
add_player: SUCCESS
add_player: SUCCESS
get_closest_player: SUCCESS, 9
knockout_winner: SUCCESS, 10
knockout_winner: SUCCESS, 12
knockout_winner: SUCCESS, 5
knockout_winner: FAILURE
knockout_winner: INVALID_INPUT
add_team: FAILURE
get_all_players: SUCCESS
98
157
91
170
90
24
get_all_players: SUCCESS
47
182
36
103
22
159
82
193
194
remove_team: FAILURE
get_all_players: SUCCESS
51
41
96
142
87
16
158
150
54
74
remove_player: SUCCESS
add_team: FAILURE
get_all_players: SUCCESS
160
63
73
69
57
50
play_match: FAILURE
get_top_scorer: SUCCESS, 38
add_player: FAILURE
get_team_points: SUCCESS, 3881
get_team_points: SUCCESS, 5279
get_all_players_count: SUCCESS, 13
get_all_players: SUCCESS
127
33
184
80
111
27
76
46
164
62
unite_teams: FAILURE
remove_player: SUCCESS
get_top_scorer: SUCCESS, 38
get_num_played_games: SUCCESS, 3327
add_player: FAILURE
knockout_winner: SUCCESS, 12
knockout_winner: SUCCESS, 12
knockout_winner: SUCCESS, 5
knockout_winner: SUCCESS, 17
knockout_winner: INVALID_INPUT
update_player_stats: SUCCESS
update_player_stats: SUCCESS
update_player_stats: SUCCESS
get_all_players_count: SUCCESS, 11
get_all_players_count: SUCCESS, 10
get_all_players: SUCCESS
71
68
107
169
93
180
146
189
124
183
104
20
176
106
get_all_players_count: SUCCESS, 12
get_team_points: SUCCESS, 2589
add_player: FAILURE
get_team_points: SUCCESS, 844
get_closest_player: SUCCESS, 98
update_player_stats: SUCCESS
get_num_played_games: SUCCESS, 5511
add_team: FAILURE
knockout_winner: FAILURE
knockout_winner: SUCCESS, 17
knockout_winner: FAILURE
knockout_winner: FAILURE
knockout_winner: INVALID_INPUT
add_team: FAILURE
add_team: FAILURE
add_player: FAILURE
update_player_stats: SUCCESS
knockout_winner: SUCCESS, 10
knockout_winner: SUCCESS, 5
knockout_winner: SUCCESS, 5
knockout_winner: SUCCESS, 14
knockout_winner: INVALID_INPUT
play_match: FAILURE
remove_team: FAILURE
remove_player: SUCCESS
add_player: FAILURE
knockout_winner: SUCCESS, 12
knockout_winner: SUCCESS, 12
knockout_winner: SUCCESS, 10
knockout_winner: SUCCESS, 17
knockout_winner: INVALID_INPUT
remove_team: FAILURE
remove_team: FAILURE
knockout_winner: SUCCESS, 5
knockout_winner: INVALID_INPUT
knockout_winner: INVALID_INPUT
knockout_winner: SUCCESS, 10
knockout_winner: INVALID_INPUT
knockout_winner: SUCCESS, 14
knockout_winner: SUCCESS, 12
knockout_winner: SUCCESS, 12
knockout_winner: FAILURE
knockout_winner: INVALID_INPUT
add_team: FAILURE
get_closest_player: SUCCESS, 180
get_num_played_games: SUCCESS, 5126
remove_player: SUCCESS
get_team_points: SUCCESS, 7460
get_all_players: SUCCESS
160
63
73
69
57
50
unite_teams: FAILURE
get_team_points: SUCCESS, 373
get_num_played_games: SUCCESS, 8189
play_match: FAILURE
get_team_points: SUCCESS, 844
remove_team: FAILURE
get_all_players: SUCCESS
117
116
110
55
173
148
44
175
37
get_top_scorer: SUCCESS, 136
get_top_scorer: SUCCESS, 195
get_team_points: SUCCESS, 5279
get_top_scorer: SUCCESS, 27
add_player: FAILURE
add_team: FAILURE
unite_teams: FAILURE
play_match: FAILURE
add_team: FAILURE
get_all_players: SUCCESS
86
108
147
168
81
120
138
102
140
88
update_player_stats: SUCCESS
get_team_points: SUCCESS, 205
get_num_played_games: SUCCESS, 3328
update_player_stats: SUCCESS
get_team_points: SUCCESS, 12285
unite_teams: FAILURE
get_all_players: SUCCESS
117
116
110
55
173
148
44
175
37
remove_team: FAILURE
remove_team: FAILURE
remove_player: SUCCESS
get_all_players: SUCCESS
179
192
4
13
172
6
17
get_all_players_count: SUCCESS, 10
get_num_played_games: SUCCESS, 3560
get_team_points: SUCCESS, 373
get_all_players_count: SUCCESS, 11
get_all_players: SUCCESS
160
63
73
69
57
50
unite_teams: FAILURE
update_player_stats: SUCCESS
remove_player: SUCCESS
remove_player: SUCCESS
get_all_players_count: SUCCESS, 5
get_all_players: SUCCESS
51
41
142
87
16
158
150
54
74
knockout_winner: SUCCESS, 5
knockout_winner: INVALID_INPUT
knockout_winner: INVALID_INPUT
knockout_winner: SUCCESS, 12
knockout_winner: INVALID_INPUT
remove_player: SUCCESS
get_all_players_count: SUCCESS, 10
get_top_scorer: SUCCESS, 106
get_all_players: SUCCESS
179
192
4
13
172
6
17
get_top_scorer: SUCCESS, 88
get_closest_player: SUCCESS, 175
get_team_points: SUCCESS, 3890
get_all_players_count: SUCCESS, 10
knockout_winner: SUCCESS, 10
knockout_winner: INVALID_INPUT
knockout_winner: INVALID_INPUT
knockout_winner: SUCCESS, 10
knockout_winner: FAILURE
play_match: FAILURE
update_player_stats: SUCCESS
add_player: FAILURE
get_num_played_games: SUCCESS, 3871
play_match: FAILURE
knockout_winner: FAILURE
knockout_winner: SUCCESS, 14
knockout_winner: FAILURE
knockout_winner: FAILURE
knockout_winner: INVALID_INPUT
get_top_scorer: SUCCESS, 74
add_team: FAILURE
get_top_scorer: SUCCESS, 37
remove_player: SUCCESS
remove_team: FAILURE
get_num_played_games: SUCCESS, 8011
remove_player: SUCCESS
play_match: FAILURE
add_team: FAILURE
unite_teams: INVALID_INPUT
get_all_players_count: SUCCESS, 13
get_team_points: SUCCESS, 3893
add_player: FAILURE
get_all_players_count: SUCCESS, 5
unite_teams: FAILURE
get_all_players: SUCCESS
200
165
25
58
85
188
144
113
5
155
126
167
198
get_top_scorer: SUCCESS, 106
get_all_players: SUCCESS
86
108
147
168
81
120
138
102
140
88
get_top_scorer: SUCCESS, 1
add_team: FAILURE
remove_player: SUCCESS
knockout_winner: SUCCESS, 2
knockout_winner: INVALID_INPUT
knockout_winner: INVALID_INPUT
knockout_winner: FAILURE
knockout_winner: INVALID_INPUT
knockout_winner: SUCCESS, 17
knockout_winner: SUCCESS, 10
knockout_winner: SUCCESS, 10
knockout_winner: SUCCESS, 17
knockout_winner: INVALID_INPUT
unite_teams: FAILURE
remove_player: SUCCESS
get_team_points: SUCCESS, 3893
get_closest_player: SUCCESS, 23
remove_player: SUCCESS
update_player_stats: SUCCESS
update_player_stats: SUCCESS
get_top_scorer: SUCCESS, 198
remove_player: SUCCESS
unite_teams: FAILURE
unite_teams: FAILURE
get_all_players_count: SUCCESS, 10
get_all_players_count: SUCCESS, 10
add_player: FAILURE
get_closest_player: SUCCESS, 54
play_match: INVALID_INPUT
knockout_winner: SUCCESS, 10
knockout_winner: INVALID_INPUT
knockout_winner: INVALID_INPUT
knockout_winner: SUCCESS, 10
knockout_winner: SUCCESS, 10
remove_player: SUCCESS
add_player: FAILURE
get_top_scorer: SUCCESS, 128
get_all_players: SUCCESS
97
171
187
186
19
135
139
12
115
40
get_all_players: SUCCESS
114
10
162
28
94
121
134
add_team: FAILURE
unite_teams: FAILURE
play_match: FAILURE
update_player_stats: SUCCESS
play_match: FAILURE
get_top_scorer: SUCCESS, 74
unite_teams: FAILURE
get_num_played_games: SUCCESS, 5458
get_closest_player: SUCCESS, 18
add_team: FAILURE
update_player_stats: SUCCESS
get_top_scorer: SUCCESS, 88
get_all_players: SUCCESS
71
68
107
169
93
180
189
124
183
20
176
106
knockout_winner: SUCCESS, 17
knockout_winner: SUCCESS, 10
knockout_winner: SUCCESS, 10
knockout_winner: SUCCESS, 17
knockout_winner: INVALID_INPUT
get_closest_player: SUCCESS, 171
get_top_scorer: SUCCESS, 53
get_num_played_games: SUCCESS, 9878
get_team_points: SUCCESS, 844
play_match: FAILURE
get_all_players: SUCCESS
86
147
168
81
120
138
102
140
88
add_player: FAILURE
remove_player: SUCCESS
add_player: FAILURE
get_num_played_games: SUCCESS, 10356
knockout_winner: SUCCESS, 17
knockout_winner: SUCCESS, 10
knockout_winner: SUCCESS, 10
knockout_winner: SUCCESS, 17
knockout_winner: INVALID_INPUT
remove_team: FAILURE
add_player: FAILURE
knockout_winner: FAILURE
knockout_winner: SUCCESS, 10
knockout_winner: FAILURE
knockout_winner: FAILURE
knockout_winner: INVALID_INPUT
get_all_players_count: SUCCESS, 8
get_num_played_games: SUCCESS, 8019
play_match: FAILURE
get_all_players_count: SUCCESS, 10
get_all_players: SUCCESS
127
33
184
80
111
76
46
164
62
27
remove_player: SUCCESS
remove_team: FAILURE
get_all_players: SUCCESS
179
192
4
13
172
6
17
play_match: FAILURE
add_player: FAILURE
remove_player: SUCCESS
add_team: FAILURE
get_top_scorer: SUCCESS, 133
get_all_players_count: SUCCESS, 10
get_all_players: SUCCESS
114
10
162
28
94
121
134
unite_teams: FAILURE
get_all_players_count: SUCCESS, 9
add_team: FAILURE
get_top_scorer: SUCCESS, 133
remove_team: FAILURE
get_num_played_games: SUCCESS, 8667
play_match: FAILURE
get_num_played_games: SUCCESS, 9958
update_player_stats: SUCCESS
get_top_scorer: SUCCESS, 136
get_closest_player: SUCCESS, 134
add_team: FAILURE
get_closest_player: SUCCESS, 113
get_closest_player: SUCCESS, 169
get_top_scorer: SUCCESS, 154
play_match: FAILURE
get_team_points: SUCCESS, 8995
get_closest_player: SUCCESS, 77
get_all_players: SUCCESS
59
35
163
92
23
15
125
67
66
128
unite_teams: FAILURE
remove_team: FAILURE
get_num_played_games: SUCCESS, 10533
unite_teams: FAILURE
get_top_scorer: SUCCESS, 40
get_all_players: SUCCESS
47
182
36
103
22
159
82
194
add_team: FAILURE
knockout_winner: SUCCESS, 17
knockout_winner: SUCCESS, 17
knockout_winner: SUCCESS, 10
knockout_winner: SUCCESS, 17
knockout_winner: FAILURE
play_match: FAILURE
get_team_points: SUCCESS, 9824
remove_player: SUCCESS
get_all_players_count: SUCCESS, 10
remove_player: SUCCESS
get_team_points: SUCCESS, 3893
get_all_players: SUCCESS
51
41
142
87
16
158
150
54
74
get_closest_player: SUCCESS, 109
get_team_points: SUCCESS, 749
remove_player: SUCCESS
get_all_players: SUCCESS
97
171
187
19
135
139
12
115
40
knockout_winner: FAILURE
knockout_winner: SUCCESS, 17
knockout_winner: FAILURE
knockout_winner: FAILURE
knockout_winner: INVALID_INPUT
get_top_scorer: SUCCESS, 38
remove_player: SUCCESS
get_all_players: SUCCESS
48
26
166
119
118
122
190
196
153
136
play_match: FAILURE
get_team_points: SUCCESS, 2589
remove_player: SUCCESS
remove_player: SUCCESS
add_team: FAILURE
knockout_winner: SUCCESS, 10
knockout_winner: SUCCESS, 17
knockout_winner: SUCCESS, 5
knockout_winner: SUCCESS, 17
knockout_winner: INVALID_INPUT
get_top_scorer: SUCCESS, 40
get_team_points: SUCCESS, 12285
unite_teams: FAILURE
knockout_winner: SUCCESS, 17
knockout_winner: SUCCESS, 17
knockout_winner: SUCCESS, 10
knockout_winner: SUCCESS, 17
knockout_winner: FAILURE
get_team_points: SUCCESS, 12264
play_match: FAILURE
play_match: INVALID_INPUT
unite_teams: SUCCESS
get_top_scorer: SUCCESS, 52
play_match: FAILURE
get_all_players: SUCCESS
97
171
187
135
139
12
115
40
remove_team: FAILURE
get_all_players_count: SUCCESS, 7
knockout_winner: SUCCESS, 7
knockout_winner: SUCCESS, 17
knockout_winner: SUCCESS, 7
knockout_winner: SUCCESS, 17
knockout_winner: INVALID_INPUT
knockout_winner: SUCCESS, 17
knockout_winner: INVALID_INPUT
knockout_winner: INVALID_INPUT
knockout_winner: SUCCESS, 17
knockout_winner: SUCCESS, 10
get_team_points: SUCCESS, 749
get_num_played_games: SUCCESS, 4341
add_player: FAILURE
play_match: FAILURE
remove_player: SUCCESS
knockout_winner: SUCCESS, 17
knockout_winner: INVALID_INPUT
knockout_winner: INVALID_INPUT
knockout_winner: SUCCESS, 17
knockout_winner: SUCCESS, 10
get_top_scorer: SUCCESS, 38
get_closest_player: SUCCESS, 24
add_team: FAILURE
get_team_points: SUCCESS, 5324
get_all_players_count: SUCCESS, 9
unite_teams: FAILURE
get_all_players: SUCCESS
51
41
142
87
16
158
150
54
74
add_player: FAILURE
get_all_players: SUCCESS
63
73
57
69
50
160
add_team: FAILURE
play_match: FAILURE
get_top_scorer: SUCCESS, 40
remove_team: FAILURE
knockout_winner: FAILURE
knockout_winner: SUCCESS, 17
knockout_winner: SUCCESS, 10
knockout_winner: FAILURE
knockout_winner: INVALID_INPUT
add_team: FAILURE
get_closest_player: SUCCESS, 133
remove_team: FAILURE
remove_player: SUCCESS
play_match: FAILURE
get_all_players: SUCCESS
75
100
8
130
137
3
89
129
109
149
14
131
154
get_top_scorer: SUCCESS, 38
get_team_points: SUCCESS, 10542
get_team_points: SUCCESS, 10466
get_all_players: SUCCESS
72
39
112
65
199
32
105
143
49
11
45
79
52
add_player: FAILURE
remove_player: SUCCESS
unite_teams: FAILURE
get_top_scorer: SUCCESS, 154
get_all_players: SUCCESS
72
39
112
65
199
32
105
143
49
11
45
79
52
get_all_players_count: SUCCESS, 13
unite_teams: FAILURE
add_team: FAILURE
get_closest_player: SUCCESS, 12
play_match: SUCCESS
get_team_points: SUCCESS, 749
knockout_winner: SUCCESS, 7
knockout_winner: SUCCESS, 7
knockout_winner: SUCCESS, 2
knockout_winner: FAILURE
knockout_winner: INVALID_INPUT
remove_player: SUCCESS
knockout_winner: SUCCESS, 10
knockout_winner: INVALID_INPUT
knockout_winner: INVALID_INPUT
knockout_winner: SUCCESS, 17
knockout_winner: SUCCESS, 7
remove_player: SUCCESS
add_player: FAILURE
play_match: FAILURE
unite_teams: FAILURE
get_all_players_count: SUCCESS, 13
get_all_players: SUCCESS
63
73
57
69
50
160
get_team_points: SUCCESS, 749
get_all_players: SUCCESS
34
60
181
83
2
9
7
152
29
1
get_top_scorer: SUCCESS, 133
remove_team: FAILURE
get_all_players: SUCCESS
114
10
162
28
94
121
134
play_match: FAILURE
get_num_played_games: SUCCESS, 3474
remove_team: FAILURE
add_team: FAILURE
unite_teams: FAILURE
get_num_played_games: SUCCESS, 11303
get_top_scorer: SUCCESS, 82
get_team_points: SUCCESS, 12273
update_player_stats: SUCCESS
get_top_scorer: SUCCESS, 1
add_team: FAILURE
unite_teams: FAILURE
knockout_winner: SUCCESS, 17
knockout_winner: SUCCESS, 17
knockout_winner: SUCCESS, 10
knockout_winner: FAILURE
knockout_winner: INVALID_INPUT
remove_team: FAILURE
play_match: FAILURE
remove_team: FAILURE
get_all_players: SUCCESS
59
35
163
92
23
15
125
67
66
128
get_top_scorer: SUCCESS, 52
get_all_players: SUCCESS
123
156
42
43
77
61
84
38
remove_player: SUCCESS
add_player: FAILURE
add_player: FAILURE
get_num_played_games: SUCCESS, 3724
get_team_points: SUCCESS, 10542
add_team: FAILURE
play_match: FAILURE
get_all_players_count: SUCCESS, 5
add_team: FAILURE
update_player_stats: SUCCESS
get_all_players_count: SUCCESS, 7
get_num_played_games: SUCCESS, 4961
get_all_players: SUCCESS
75
100
8
130
137
3
89
129
109
149
14
131
154
get_team_points: SUCCESS, 8995
add_player: FAILURE
play_match: FAILURE
get_num_played_games: SUCCESS, 2132
add_team: FAILURE
knockout_winner: SUCCESS, 10
knockout_winner: INVALID_INPUT
knockout_winner: INVALID_INPUT
knockout_winner: SUCCESS, 17
knockout_winner: FAILURE
add_player: FAILURE
remove_player: SUCCESS
unite_teams: FAILURE
update_player_stats: SUCCESS
get_closest_player: SUCCESS, 71
get_num_played_games: SUCCESS, 3895
remove_player: SUCCESS
remove_player: SUCCESS
get_top_scorer: SUCCESS, 154
get_all_players: SUCCESS
72
39
112
65
199
32
105
143
49
11
45
79
52
remove_player: SUCCESS
play_match: FAILURE
remove_team: FAILURE
remove_team: FAILURE
play_match: FAILURE
update_player_stats: SUCCESS
play_match: FAILURE
add_team: FAILURE
get_top_scorer: SUCCESS, 82
get_all_players: SUCCESS
71
68
107
169
93
189
124
183
20
176
106
get_top_scorer: SUCCESS, 38
add_team: FAILURE
remove_team: FAILURE
add_player: FAILURE
add_team: FAILURE
remove_player: SUCCESS
update_player_stats: SUCCESS
update_player_stats: SUCCESS
add_team: FAILURE
get_all_players_count: SUCCESS, 9
remove_player: SUCCESS
remove_player: SUCCESS
get_team_points: SUCCESS, 8995
get_all_players_count: SUCCESS, 6
knockout_winner: FAILURE
knockout_winner: SUCCESS, 10
knockout_winner: SUCCESS, 7
knockout_winner: SUCCESS, 17
knockout_winner: INVALID_INPUT
remove_team: FAILURE
add_player: FAILURE
unite_teams: FAILURE
get_all_players_count: SUCCESS, 11
knockout_winner: FAILURE
knockout_winner: SUCCESS, 10
knockout_winner: FAILURE
knockout_winner: FAILURE
knockout_winner: INVALID_INPUT
get_all_players: SUCCESS
34
60
83
2
9
7
152
29
181
1
get_num_played_games: SUCCESS, 8019
get_top_scorer: SUCCESS, 185
knockout_winner: FAILURE
knockout_winner: SUCCESS, 10
knockout_winner: FAILURE
knockout_winner: FAILURE
knockout_winner: INVALID_INPUT
get_all_players: SUCCESS
123
156
42
77
61
84
38
add_team: FAILURE
add_team: FAILURE
get_all_players: SUCCESS
200
165
25
58
85
188
144
113
5
155
126
167
198
get_all_players_count: SUCCESS, 8
add_player: FAILURE
add_team: FAILURE
get_all_players: SUCCESS
59
35
163
92
23
15
125
67
66
128
add_team: FAILURE
get_team_points: SUCCESS, 5597
get_num_played_games: SUCCESS, 4961
get_top_scorer: SUCCESS, 106
knockout_winner: SUCCESS, 17
knockout_winner: SUCCESS, 17
knockout_winner: FAILURE
knockout_winner: FAILURE
knockout_winner: INVALID_INPUT
knockout_winner: SUCCESS, 10
knockout_winner: SUCCESS, 10
knockout_winner: SUCCESS, 10
knockout_winner: SUCCESS, 17
knockout_winner: INVALID_INPUT
play_match: FAILURE
update_player_stats: SUCCESS
get_all_players: SUCCESS
123
156
42
77
61
84
38
unite_teams: SUCCESS
knockout_winner: FAILURE
knockout_winner: INVALID_INPUT
knockout_winner: INVALID_INPUT
knockout_winner: FAILURE
knockout_winner: INVALID_INPUT
get_all_players: SUCCESS
86
147
168
81
120
138
102
140
88
add_team: FAILURE
remove_player: SUCCESS
remove_team: FAILURE
get_team_points: SUCCESS, 8425
get_num_played_games: SUCCESS, 10485
add_team: FAILURE
get_all_players: SUCCESS
31
177
179
30
192
172
174
64
6
195
133
13
get_all_players: SUCCESS
200
165
25
58
85
188
144
113
5
155
126
167
198
play_match: FAILURE
knockout_winner: SUCCESS, 7
knockout_winner: SUCCESS, 5
knockout_winner: SUCCESS, 2
knockout_winner: FAILURE
knockout_winner: INVALID_INPUT
remove_player: SUCCESS
remove_player: SUCCESS
add_team: FAILURE
remove_team: FAILURE
get_all_players_count: SUCCESS, 8
unite_teams: FAILURE
get_top_scorer: SUCCESS, 198
update_player_stats: SUCCESS
play_match: FAILURE
knockout_winner: SUCCESS, 10
knockout_winner: SUCCESS, 2
knockout_winner: SUCCESS, 2
knockout_winner: FAILURE
knockout_winner: INVALID_INPUT
get_closest_player: SUCCESS, 131
get_closest_player: SUCCESS, 147
get_top_scorer: SUCCESS, 38
get_all_players_count: SUCCESS, 6
get_team_points: SUCCESS, 10475
get_all_players_count: SUCCESS, 9
update_player_stats: SUCCESS
get_num_played_games: SUCCESS, 1909
get_top_scorer: SUCCESS, 128
play_match: FAILURE
get_top_scorer: SUCCESS, 13
get_team_points: SUCCESS, 17903
get_num_played_games: SUCCESS, 9006
get_all_players: SUCCESS
123
156
42
77
61
84
38
knockout_winner: SUCCESS, 2
knockout_winner: INVALID_INPUT
knockout_winner: INVALID_INPUT
knockout_winner: SUCCESS, 17
knockout_winner: SUCCESS, 10
unite_teams: FAILURE
remove_team: FAILURE
add_player: FAILURE
knockout_winner: FAILURE
knockout_winner: INVALID_INPUT
knockout_winner: INVALID_INPUT
knockout_winner: FAILURE
knockout_winner: INVALID_INPUT
remove_team: FAILURE
unite_teams: INVALID_INPUT
add_player: FAILURE
add_player: FAILURE
play_match: FAILURE
unite_teams: FAILURE
remove_player: SUCCESS
play_match: FAILURE
add_player: FAILURE
unite_teams: FAILURE
unite_teams: INVALID_INPUT
get_num_played_games: SUCCESS, 10061
knockout_winner: SUCCESS, 7
knockout_winner: SUCCESS, 2
knockout_winner: SUCCESS, 2
knockout_winner: FAILURE
knockout_winner: INVALID_INPUT
get_top_scorer: SUCCESS, 136
play_match: FAILURE
get_team_points: SUCCESS, 8995
get_top_scorer: SUCCESS, 128
unite_teams: FAILURE
unite_teams: FAILURE
play_match: FAILURE
get_num_played_games: SUCCESS, 3880
remove_player: SUCCESS
play_match: FAILURE
knockout_winner: SUCCESS, 5
knockout_winner: INVALID_INPUT
knockout_winner: INVALID_INPUT
knockout_winner: SUCCESS, 10
knockout_winner: INVALID_INPUT
get_all_players_count: SUCCESS, 6
get_num_played_games: SUCCESS, 3560
knockout_winner: INVALID_INPUT
knockout_winner: SUCCESS, 10
knockout_winner: INVALID_INPUT
knockout_winner: INVALID_INPUT
knockout_winner: INVALID_INPUT
get_all_players: SUCCESS
184
80
111
76
46
164
62
27
127
get_team_points: SUCCESS, 9824
remove_team: FAILURE
get_all_players: SUCCESS
75
100
130
137
3
89
129
109
14
131
154
remove_team: FAILURE
get_all_players: SUCCESS
51
41
142
16
158
54
74
get_closest_player: SUCCESS, 134
remove_player: SUCCESS
update_player_stats: SUCCESS
get_closest_player: SUCCESS, 100
get_team_points: SUCCESS, 3893
get_closest_player: SUCCESS, 83
knockout_winner: INVALID_INPUT
knockout_winner: SUCCESS, 10
knockout_winner: INVALID_INPUT
knockout_winner: INVALID_INPUT
knockout_winner: INVALID_INPUT
add_player: FAILURE
add_team: FAILURE
unite_teams: FAILURE
remove_team: FAILURE
get_top_scorer: SUCCESS, 40
add_team: FAILURE
get_all_players: SUCCESS
71
68
107
169
93
189
124
183
176
106
20
get_num_played_games: SUCCESS, 9907
remove_player: SUCCESS
add_team: FAILURE
get_top_scorer: SUCCESS, 198
get_closest_player: SUCCESS, 188
get_team_points: SUCCESS, 749
play_match: SUCCESS
remove_player: SUCCESS
remove_team: FAILURE
remove_player: SUCCESS
get_closest_player: SUCCESS, 103
remove_player: SUCCESS
get_closest_player: SUCCESS, 65
remove_player: SUCCESS
add_player: FAILURE
remove_player: SUCCESS
get_all_players: SUCCESS
168
81
120
138
102
140
88
get_all_players: SUCCESS
34
60
83
2
9
7
152
29
181
1
unite_teams: FAILURE
get_team_points: SUCCESS, 12285
get_closest_player: SUCCESS, 111
get_closest_player: SUCCESS, 15
add_player: FAILURE
add_team: FAILURE
get_all_players_count: SUCCESS, 11
unite_teams: FAILURE
play_match: FAILURE
add_player: FAILURE
get_closest_player: SUCCESS, 71
unite_teams: SUCCESS
add_player: FAILURE
remove_team: FAILURE
add_player: FAILURE
update_player_stats: SUCCESS
unite_teams: FAILURE
knockout_winner: SUCCESS, 10
knockout_winner: SUCCESS, 5
knockout_winner: SUCCESS, 5
knockout_winner: FAILURE
knockout_winner: INVALID_INPUT
add_player: FAILURE
knockout_winner: INVALID_INPUT
knockout_winner: FAILURE
knockout_winner: INVALID_INPUT
knockout_winner: INVALID_INPUT
knockout_winner: INVALID_INPUT
knockout_winner: INVALID_INPUT
knockout_winner: FAILURE
knockout_winner: INVALID_INPUT
knockout_winner: INVALID_INPUT
knockout_winner: INVALID_INPUT
get_num_played_games: SUCCESS, 8858
get_team_points: SUCCESS, 3893
remove_team: FAILURE
remove_team: FAILURE
update_player_stats: SUCCESS
get_all_players: SUCCESS
114
10
28
121
134
162
94
get_team_points: SUCCESS, 9824
remove_player: SUCCESS
play_match: FAILURE
add_team: FAILURE
get_team_points: SUCCESS, 8995
update_player_stats: SUCCESS
get_num_played_games: SUCCESS, 11839
add_team: FAILURE
get_all_players: SUCCESS
114
10
28
121
134
162
94
remove_team: FAILURE
get_num_played_games: SUCCESS, 280
unite_teams: FAILURE
unite_teams: FAILURE
play_match: FAILURE
get_num_played_games: SUCCESS, 7056
remove_team: FAILURE
unite_teams: FAILURE
get_top_scorer: SUCCESS, 120
get_num_played_games: SUCCESS, 5109
get_num_played_games: SUCCESS, 9714
add_player: FAILURE
get_closest_player: SUCCESS, 179
get_num_played_games: SUCCESS, 2132
get_num_played_games: SUCCESS, 3483
add_team: FAILURE
get_all_players_count: SUCCESS, 9
get_all_players_count: SUCCESS, 11
get_all_players_count: SUCCESS, 7
add_team: FAILURE
get_closest_player: SUCCESS, 181
get_top_scorer: SUCCESS, 74
unite_teams: FAILURE
get_all_players_count: SUCCESS, 8
remove_player: SUCCESS
add_player: FAILURE
get_closest_player: SUCCESS, 164
update_player_stats: SUCCESS
add_player: FAILURE
get_closest_player: SUCCESS, 169
knockout_winner: SUCCESS, 5
knockout_winner: INVALID_INPUT
knockout_winner: INVALID_INPUT
knockout_winner: SUCCESS, 10
knockout_winner: SUCCESS, 7
add_team: FAILURE
play_match: INVALID_INPUT
knockout_winner: SUCCESS, 10
knockout_winner: SUCCESS, 5
knockout_winner: SUCCESS, 5
knockout_winner: FAILURE
knockout_winner: INVALID_INPUT
unite_teams: FAILURE
get_team_points: SUCCESS, 161
get_top_scorer: SUCCESS, 127
unite_teams: FAILURE
get_team_points: SUCCESS, 8995
add_team: FAILURE
unite_teams: SUCCESS
remove_team: FAILURE
play_match: FAILURE
get_all_players: SUCCESS
123
156
42
77
61
84
38
add_player: FAILURE
remove_player: SUCCESS
get_team_points: SUCCESS, 14334
remove_team: FAILURE
get_closest_player: SUCCESS, 177
update_player_stats: SUCCESS
add_team: FAILURE
knockout_winner: SUCCESS, 17
knockout_winner: SUCCESS, 17
knockout_winner: SUCCESS, 5
knockout_winner: SUCCESS, 17
knockout_winner: FAILURE
get_top_scorer: SUCCESS, 160
play_match: FAILURE
remove_team: FAILURE
add_player: FAILURE
add_player: FAILURE
get_team_points: SUCCESS, 373
update_player_stats: SUCCESS
get_closest_player: SUCCESS, 152
unite_teams: FAILURE
add_team: FAILURE
add_player: FAILURE
get_all_players_count: SUCCESS, 9
add_team: FAILURE
get_closest_player: SUCCESS, 168
get_top_scorer: SUCCESS, 24
remove_player: SUCCESS
get_team_points: SUCCESS, 749
add_team: FAILURE
play_match: SUCCESS
get_top_scorer: SUCCESS, 94
get_top_scorer: SUCCESS, 1
get_all_players_count: SUCCESS, 11
get_all_players: SUCCESS
123
156
42
77
61
84
38
remove_player: SUCCESS
get_team_points: SUCCESS, 205
unite_teams: SUCCESS
add_player: FAILURE
get_top_scorer: SUCCESS, 38
get_closest_player: SUCCESS, 181
update_player_stats: SUCCESS
get_team_points: SUCCESS, 749
remove_team: FAILURE
get_top_scorer: SUCCESS, 40
get_all_players_count: SUCCESS, 7
remove_team: FAILURE
unite_teams: FAILURE
play_match: FAILURE
unite_teams: FAILURE
update_player_stats: SUCCESS
remove_team: FAILURE
add_team: FAILURE
update_player_stats: SUCCESS
get_top_scorer: SUCCESS, 27
get_all_players_count: SUCCESS, 11
get_closest_player: SUCCESS, 66
remove_team: FAILURE
add_player: FAILURE
remove_team: FAILURE
get_all_players_count: SUCCESS, 7
remove_player: SUCCESS
add_team: FAILURE
get_closest_player: SUCCESS, 120
knockout_winner: SUCCESS, 8
knockout_winner: SUCCESS, 9
knockout_winner: FAILURE
knockout_winner: FAILURE
knockout_winner: INVALID_INPUT
get_top_scorer: SUCCESS, 52
add_player: FAILURE
add_team: FAILURE
knockout_winner: SUCCESS, 8
knockout_winner: INVALID_INPUT
knockout_winner: INVALID_INPUT
knockout_winner: SUCCESS, 9
knockout_winner: INVALID_INPUT
get_closest_player: SUCCESS, 188
update_player_stats: SUCCESS
get_closest_player: SUCCESS, 28
get_all_players: SUCCESS
184
80
111
76
46
164
127
27
get_num_played_games: SUCCESS, 9961
get_top_scorer: SUCCESS, 128
add_player: FAILURE
get_top_scorer: SUCCESS, 94
update_player_stats: SUCCESS
add_player: FAILURE
update_player_stats: SUCCESS
add_team: FAILURE
knockout_winner: FAILURE
knockout_winner: SUCCESS, 9
knockout_winner: FAILURE
knockout_winner: FAILURE
knockout_winner: INVALID_INPUT
get_top_scorer: SUCCESS, 75
add_player: FAILURE
get_closest_player: SUCCESS, 158
get_all_players_count: SUCCESS, 8
add_player: FAILURE
get_all_players: SUCCESS
72
47
182
65
36
103
22
199
32
105
159
49
11
79
82
52
remove_team: FAILURE
get_closest_player: SUCCESS, 72
unite_teams: FAILURE
add_team: FAILURE
remove_team: FAILURE
remove_team: FAILURE
play_match: FAILURE
remove_player: SUCCESS
remove_player: SUCCESS
knockout_winner: INVALID_INPUT
knockout_winner: SUCCESS, 9
knockout_winner: INVALID_INPUT
knockout_winner: INVALID_INPUT
knockout_winner: INVALID_INPUT
add_player: FAILURE
knockout_winner: SUCCESS, 9
knockout_winner: SUCCESS, 9
knockout_winner: SUCCESS, 9
knockout_winner: SUCCESS, 17
knockout_winner: INVALID_INPUT
get_all_players: SUCCESS
114
10
28
121
134
162
94
get_top_scorer: SUCCESS, 38
get_team_points: SUCCESS, 20802
remove_player: SUCCESS
knockout_winner: SUCCESS, 9
knockout_winner: INVALID_INPUT
knockout_winner: INVALID_INPUT
knockout_winner: SUCCESS, 9
knockout_winner: INVALID_INPUT
knockout_winner: SUCCESS, 9
knockout_winner: SUCCESS, 9
knockout_winner: FAILURE
knockout_winner: FAILURE
knockout_winner: INVALID_INPUT
play_match: FAILURE
get_closest_player: SUCCESS, 159
get_closest_player: SUCCESS, 16
get_top_scorer: SUCCESS, 40
get_num_played_games: SUCCESS, 2052
get_num_played_games: SUCCESS, 6233
get_closest_player: SUCCESS, 188
unite_teams: FAILURE
get_num_played_games: SUCCESS, 5112
unite_teams: FAILURE
remove_player: SUCCESS
unite_teams: FAILURE
get_top_scorer: SUCCESS, 38
remove_team: FAILURE
unite_teams: FAILURE
add_team: FAILURE
get_closest_player: SUCCESS, 177
remove_team: FAILURE
get_top_scorer: SUCCESS, 163
add_team: FAILURE
unite_teams: FAILURE
unite_teams: SUCCESS
remove_team: FAILURE
get_all_players_count: SUCCESS, 7
knockout_winner: FAILURE
knockout_winner: SUCCESS, 9
knockout_winner: FAILURE
knockout_winner: FAILURE
knockout_winner: INVALID_INPUT
get_all_players: SUCCESS
48
26
119
122
166
190
196
136
remove_player: SUCCESS
add_team: FAILURE
get_top_scorer: SUCCESS, 198
remove_team: FAILURE
add_team: FAILURE
get_num_played_games: SUCCESS, 3724
remove_player: SUCCESS
get_all_players_count: SUCCESS, 9
get_num_played_games: SUCCESS, 2132
add_player: FAILURE
remove_player: SUCCESS
unite_teams: FAILURE
get_all_players_count: SUCCESS, 11
add_team: FAILURE
remove_team: FAILURE
remove_team: FAILURE
play_match: SUCCESS
add_team: FAILURE
get_top_scorer: SUCCESS, 27
knockout_winner: INVALID_INPUT
knockout_winner: SUCCESS, 9
knockout_winner: INVALID_INPUT
knockout_winner: INVALID_INPUT
knockout_winner: INVALID_INPUT
remove_player: SUCCESS
add_team: FAILURE
knockout_winner: SUCCESS, 9
knockout_winner: INVALID_INPUT
knockout_winner: INVALID_INPUT
knockout_winner: SUCCESS, 9
knockout_winner: SUCCESS, 9
get_num_played_games: SUCCESS, 7506
get_team_points: SUCCESS, 20802
update_player_stats: SUCCESS
add_player: FAILURE
get_num_played_games: SUCCESS, 6063
add_team: FAILURE
get_all_players: SUCCESS
48
26
119
122
166
190
196
get_all_players_count: SUCCESS, 7
remove_player: SUCCESS
update_player_stats: SUCCESS
get_top_scorer: SUCCESS, 196
unite_teams: FAILURE
get_all_players: SUCCESS
161
99
141
73
57
69
50
185
18
160
remove_team: FAILURE
get_top_scorer: SUCCESS, 27
get_num_played_games: SUCCESS, 1910
get_team_points: SUCCESS, 20802
play_match: FAILURE
play_match: FAILURE
play_match: FAILURE
get_num_played_games: SUCCESS, 2186
update_player_stats: SUCCESS
get_closest_player: SUCCESS, 181
update_player_stats: SUCCESS
remove_player: SUCCESS
get_team_points: SUCCESS, 9824
get_num_played_games: SUCCESS, 13091
get_top_scorer: SUCCESS, 13
remove_player: SUCCESS
play_match: FAILURE
get_team_points: SUCCESS, 21098
add_team: FAILURE
remove_player: SUCCESS
get_closest_player: SUCCESS, 161
get_all_players_count: SUCCESS, 9
add_team: FAILURE
add_player: FAILURE
get_top_scorer: SUCCESS, 1
add_team: FAILURE
get_team_points: SUCCESS, 14352
get_all_players_count: SUCCESS, 6
get_top_scorer: SUCCESS, 196
get_all_players: SUCCESS
184
80
111
76
46
127
27
add_player: FAILURE
knockout_winner: FAILURE
knockout_winner: SUCCESS, 9
knockout_winner: SUCCESS, 9
knockout_winner: FAILURE
knockout_winner: INVALID_INPUT
update_player_stats: SUCCESS
remove_player: SUCCESS
add_player: FAILURE
get_num_played_games: SUCCESS, 5511
get_all_players_count: SUCCESS, 4
get_all_players: SUCCESS
34
2
7
152
29
181
9
60
1
remove_team: FAILURE
get_all_players_count: SUCCESS, 9
update_player_stats: SUCCESS
knockout_winner: INVALID_INPUT
knockout_winner: SUCCESS, 9
knockout_winner: INVALID_INPUT
knockout_winner: INVALID_INPUT
knockout_winner: INVALID_INPUT
add_player: FAILURE
remove_player: SUCCESS
get_all_players_count: SUCCESS, 9
get_top_scorer: SUCCESS, 1
get_all_players_count: SUCCESS, 6
knockout_winner: SUCCESS, 9
knockout_winner: INVALID_INPUT
knockout_winner: INVALID_INPUT
knockout_winner: SUCCESS, 9
knockout_winner: FAILURE
get_num_played_games: SUCCESS, 3597
update_player_stats: SUCCESS
get_team_points: SUCCESS, 9824
knockout_winner: FAILURE
knockout_winner: SUCCESS, 9
knockout_winner: FAILURE
knockout_winner: FAILURE
knockout_winner: INVALID_INPUT
get_num_played_games: SUCCESS, 10486
remove_team: FAILURE
remove_player: SUCCESS
get_num_played_games: SUCCESS, 7489
get_closest_player: SUCCESS, 181
unite_teams: SUCCESS
get_all_players: SUCCESS
72
182
65
36
103
22
199
32
105
159
49
11
79
82
52
remove_team: FAILURE
add_team: FAILURE
update_player_stats: SUCCESS
add_team: FAILURE
knockout_winner: INVALID_INPUT
knockout_winner: FAILURE
knockout_winner: INVALID_INPUT
knockout_winner: INVALID_INPUT
knockout_winner: INVALID_INPUT
get_num_played_games: SUCCESS, 4341
get_top_scorer: SUCCESS, 88
play_match: FAILURE
remove_team: FAILURE
get_all_players: SUCCESS
184
171
187
80
135
46
12
115
40
111
127
27
remove_team: FAILURE
knockout_winner: INVALID_INPUT
knockout_winner: INVALID_INPUT
knockout_winner: INVALID_INPUT
knockout_winner: INVALID_INPUT
knockout_winner: INVALID_INPUT
get_all_players_count: SUCCESS, 7
get_all_players: SUCCESS
161
141
73
57
69
50
185
18
160
update_player_stats: SUCCESS
get_num_played_games: SUCCESS, 810
knockout_winner: INVALID_INPUT
knockout_winner: FAILURE
knockout_winner: INVALID_INPUT
knockout_winner: INVALID_INPUT
knockout_winner: INVALID_INPUT
play_match: FAILURE
update_player_stats: SUCCESS
get_closest_player: SUCCESS, 52
unite_teams: FAILURE
get_top_scorer: SUCCESS, 88
get_all_players: SUCCESS
72
182
65
36
103
22
199
32
105
159
49
11
79
82
52
remove_team: FAILURE
unite_teams: SUCCESS
unite_teams: FAILURE
play_match: FAILURE
add_player: FAILURE
get_team_points: SUCCESS, 749
update_player_stats: SUCCESS
add_player: FAILURE
unite_teams: SUCCESS
get_team_points: SUCCESS, 373
get_all_players: SUCCESS
161
141
73
57
69
50
185
18
160
remove_team: FAILURE
get_num_played_games: SUCCESS, 2610
knockout_winner: SUCCESS, 10
knockout_winner: SUCCESS, 9
knockout_winner: FAILURE
knockout_winner: FAILURE
knockout_winner: INVALID_INPUT
get_all_players: SUCCESS
31
177
179
192
172
174
64
6
133
13
unite_teams: FAILURE
remove_team: FAILURE
get_all_players: SUCCESS
48
26
119
122
166
190
196
add_team: FAILURE
get_team_points: SUCCESS, 20802
remove_player: SUCCESS
get_all_players: SUCCESS
114
184
165
25
59
171
10
187
80
135
35
188
144
113
85
155
92
23
15
121
67
134
66
126
12
167
128
115
40
111
162
163
94
127
27
get_team_points: SUCCESS, 373
remove_player: SUCCESS
get_all_players: SUCCESS
71
68
107
169
51
41
189
124
142
183
16
158
93
176
74
106
54
20
get_team_points: SUCCESS, 373
update_player_stats: SUCCESS
update_player_stats: SUCCESS
add_team: FAILURE
get_closest_player: SUCCESS, 2
get_all_players: SUCCESS
3
137
89
91
129
170
109
154
75
90
get_num_played_games: SUCCESS, 8675
get_team_points: SUCCESS, 3893
get_top_scorer: SUCCESS, 44
remove_team: FAILURE
remove_team: FAILURE
remove_team: FAILURE
unite_teams: FAILURE
add_team: FAILURE
play_match: FAILURE
get_all_players: SUCCESS
72
182
65
36
103
22
199
32
105
159
49
11
79
82
52
get_all_players_count: SUCCESS, 8
add_player: FAILURE
get_all_players: SUCCESS
31
177
179
192
172
174
64
6
133
13
get_top_scorer: SUCCESS, 44
get_top_scorer: SUCCESS, 90
get_top_scorer: SUCCESS, 27
play_match: FAILURE
get_team_points: SUCCESS, 9824
get_num_played_games: SUCCESS, 9210
get_top_scorer: SUCCESS, 196
get_closest_player: SUCCESS, 91
get_num_played_games: SUCCESS, 4961
get_all_players_count: SUCCESS, 7
get_num_played_games: SUCCESS, 3895
get_closest_player: SUCCESS, 90
remove_player: SUCCESS
get_top_scorer: SUCCESS, 13
get_closest_player: SUCCESS, 51
play_match: FAILURE
add_player: FAILURE
get_all_players_count: SUCCESS, 10
unite_teams: FAILURE
get_closest_player: SUCCESS, 169
add_player: FAILURE
add_team: FAILURE
remove_player: SUCCESS
get_team_points: SUCCESS, 373
get_team_points: SUCCESS, 9824
update_player_stats: SUCCESS
play_match: FAILURE
add_team: FAILURE
get_team_points: SUCCESS, 749
get_all_players: SUCCESS
72
182
65
36
103
22
199
32
105
159
49
11
79
82
52
get_team_points: SUCCESS, 10475
remove_player: SUCCESS
knockout_winner: FAILURE
knockout_winner: SUCCESS, 9
knockout_winner: SUCCESS, 9
knockout_winner: FAILURE
knockout_winner: INVALID_INPUT
get_team_points: SUCCESS, 14352
remove_team: FAILURE
remove_player: SUCCESS
remove_team: FAILURE
knockout_winner: SUCCESS, 9
knockout_winner: SUCCESS, 9
knockout_winner: FAILURE
knockout_winner: FAILURE
knockout_winner: INVALID_INPUT
remove_player: SUCCESS
knockout_winner: FAILURE
knockout_winner: FAILURE
knockout_winner: FAILURE
knockout_winner: FAILURE
knockout_winner: INVALID_INPUT
get_num_played_games: SUCCESS, 7813
get_num_played_games: SUCCESS, 7813
remove_player: SUCCESS
get_all_players_count: SUCCESS, 7
add_team: FAILURE
get_all_players_count: SUCCESS, 6
update_player_stats: SUCCESS
get_all_players: SUCCESS
31
179
192
177
172
174
64
6
133
13
get_all_players: SUCCESS
161
141
73
57
69
185
160
play_match: FAILURE
play_match: FAILURE
get_top_scorer: SUCCESS, 196
unite_teams: FAILURE
get_num_played_games: SUCCESS, 15990
get_num_played_games: SUCCESS, 9226
remove_player: SUCCESS
knockout_winner: INVALID_INPUT
knockout_winner: SUCCESS, 9
knockout_winner: INVALID_INPUT
knockout_winner: INVALID_INPUT
knockout_winner: INVALID_INPUT
remove_player: SUCCESS
remove_player: SUCCESS
get_closest_player: SUCCESS, 103
add_team: FAILURE
get_team_points: SUCCESS, 3893
unite_teams: FAILURE
get_num_played_games: SUCCESS, 6087
get_num_played_games: SUCCESS, 4892
update_player_stats: SUCCESS
add_team: FAILURE
update_player_stats: SUCCESS
unite_teams: FAILURE
get_num_played_games: SUCCESS, 30187
get_num_played_games: SUCCESS, 2505
get_top_scorer: SUCCESS, 1
remove_player: SUCCESS
update_player_stats: SUCCESS
knockout_winner: SUCCESS, 10
knockout_winner: SUCCESS, 9
knockout_winner: FAILURE
knockout_winner: FAILURE
knockout_winner: INVALID_INPUT
knockout_winner: SUCCESS, 11
knockout_winner: SUCCESS, 9
knockout_winner: FAILURE
knockout_winner: FAILURE
knockout_winner: INVALID_INPUT
add_team: FAILURE
get_team_points: SUCCESS, 9824
remove_player: SUCCESS
get_top_scorer: SUCCESS, 1
get_top_scorer: SUCCESS, 196
add_player: FAILURE
remove_team: FAILURE
unite_teams: SUCCESS
get_num_played_games: SUCCESS, 9757
update_player_stats: SUCCESS
get_top_scorer: SUCCESS, 27
get_all_players_count: SUCCESS, 5
get_num_played_games: SUCCESS, 3725
unite_teams: INVALID_INPUT
unite_teams: SUCCESS
get_team_points: SUCCESS, 14352
knockout_winner: INVALID_INPUT
knockout_winner: SUCCESS, 9
knockout_winner: INVALID_INPUT
knockout_winner: INVALID_INPUT
knockout_winner: INVALID_INPUT
update_player_stats: SUCCESS
remove_team: FAILURE
get_top_scorer: SUCCESS, 44
unite_teams: FAILURE
update_player_stats: SUCCESS
add_team: FAILURE
play_match: FAILURE
get_all_players_count: SUCCESS, 16
get_all_players: SUCCESS
81
138
102
140
88
play_match: FAILURE
get_team_points: SUCCESS, 38738
get_all_players_count: SUCCESS, 39
remove_player: SUCCESS
remove_player: SUCCESS
remove_player: SUCCESS
remove_player: SUCCESS
remove_player: SUCCESS
remove_player: SUCCESS
remove_player: SUCCESS
remove_player: SUCCESS
remove_player: SUCCESS
remove_player: SUCCESS
remove_player: SUCCESS
remove_player: SUCCESS
remove_player: SUCCESS
remove_player: SUCCESS
remove_player: SUCCESS
remove_player: SUCCESS
remove_player: SUCCESS
remove_player: SUCCESS
remove_player: SUCCESS
remove_player: SUCCESS
remove_player: SUCCESS
remove_player: SUCCESS
remove_player: SUCCESS
remove_player: SUCCESS
remove_player: SUCCESS
remove_player: SUCCESS
remove_player: SUCCESS
remove_player: SUCCESS
remove_player: SUCCESS
remove_player: SUCCESS
remove_player: SUCCESS
remove_player: SUCCESS
remove_player: SUCCESS
remove_player: SUCCESS
remove_player: SUCCESS
remove_player: SUCCESS
remove_player: SUCCESS
remove_player: SUCCESS
remove_player: SUCCESS
remove_player: SUCCESS
remove_player: SUCCESS
remove_player: SUCCESS
remove_player: SUCCESS
remove_player: SUCCESS
remove_player: SUCCESS
remove_player: SUCCESS
remove_player: SUCCESS
remove_player: SUCCESS
remove_player: SUCCESS
remove_player: SUCCESS
remove_player: SUCCESS
remove_player: SUCCESS
remove_player: SUCCESS
remove_player: SUCCESS
remove_player: SUCCESS
remove_player: SUCCESS
remove_player: SUCCESS
remove_player: SUCCESS
remove_player: SUCCESS
remove_player: SUCCESS
remove_player: SUCCESS
remove_player: SUCCESS
remove_player: SUCCESS
remove_player: SUCCESS
remove_player: SUCCESS
remove_player: SUCCESS
remove_player: SUCCESS
remove_player: SUCCESS
remove_player: SUCCESS
remove_player: SUCCESS
remove_player: SUCCESS
remove_player: SUCCESS
remove_player: SUCCESS
remove_player: SUCCESS
remove_player: SUCCESS
remove_player: SUCCESS
remove_player: SUCCESS
remove_player: SUCCESS
remove_player: SUCCESS
remove_player: SUCCESS
remove_player: SUCCESS
remove_player: SUCCESS
remove_player: SUCCESS
remove_player: SUCCESS
remove_player: SUCCESS
remove_player: SUCCESS
remove_player: SUCCESS
remove_player: SUCCESS
remove_player: SUCCESS
remove_player: SUCCESS
remove_player: SUCCESS
remove_player: SUCCESS
remove_player: SUCCESS
remove_player: SUCCESS
remove_player: SUCCESS
remove_player: SUCCESS
remove_player: SUCCESS
remove_player: SUCCESS
remove_player: SUCCESS
remove_player: SUCCESS
remove_player: SUCCESS
remove_player: SUCCESS
remove_player: SUCCESS
remove_player: SUCCESS
remove_player: SUCCESS
remove_player: SUCCESS
remove_player: SUCCESS
remove_player: SUCCESS
remove_player: SUCCESS
remove_player: SUCCESS
remove_player: SUCCESS
remove_player: SUCCESS
remove_player: SUCCESS
remove_player: SUCCESS
remove_player: SUCCESS
remove_player: SUCCESS
remove_player: SUCCESS
remove_team: SUCCESS
remove_team: SUCCESS
remove_team: SUCCESS
remove_team: SUCCESS
remove_team: SUCCESS
remove_team: SUCCESS
remove_team: SUCCESS
remove_team: SUCCESS
remove_team: SUCCESS
