add_team: SUCCESS
add_team: SUCCESS
add_team: SUCCESS
add_team: SUCCESS
add_team: SUCCESS
add_team: SUCCESS
add_team: SUCCESS
add_team: SUCCESS
add_team: SUCCESS
add_team: SUCCESS
add_team: SUCCESS
add_team: SUCCESS
add_team: SUCCESS
add_team: SUCCESS
add_team: SUCCESS
add_team: SUCCESS
add_team: SUCCESS
add_team: SUCCESS
add_team: SUCCESS
add_team: SUCCESS
add_player: SUCCESS
add_player: SUCCESS
add_player: SUCCESS
add_player: SUCCESS
add_player: SUCCESS
add_player: SUCCESS
add_player: SUCCESS
add_player: SUCCESS
add_player: SUCCESS
add_player: SUCCESS
add_player: SUCCESS
add_player: SUCCESS
add_player: SUCCESS
add_player: SUCCESS
add_player: SUCCESS
add_player: SUCCESS
add_player: SUCCESS
add_player: SUCCESS
add_player: SUCCESS
add_player: SUCCESS
add_player: SUCCESS
add_player: SUCCESS
add_player: SUCCESS
add_player: SUCCESS
add_player: SUCCESS
add_player: SUCCESS
add_player: SUCCESS
add_player: SUCCESS
add_player: SUCCESS
add_player: SUCCESS
add_player: SUCCESS
add_player: SUCCESS
add_player: SUCCESS
add_player: SUCCESS
add_player: SUCCESS
add_player: SUCCESS
add_player: SUCCESS
add_player: SUCCESS
add_player: SUCCESS
add_player: SUCCESS
add_player: SUCCESS
add_player: SUCCESS
add_player: SUCCESS
add_player: SUCCESS
add_player: SUCCESS
add_player: SUCCESS
add_player: SUCCESS
add_player: SUCCESS
add_player: SUCCESS
add_player: SUCCESS
add_player: SUCCESS
add_player: SUCCESS
add_player: SUCCESS
add_player: SUCCESS
add_player: SUCCESS
add_player: SUCCESS
add_player: SUCCESS
add_player: SUCCESS
add_player: SUCCESS
add_player: SUCCESS
add_player: SUCCESS
add_player: SUCCESS
add_player: SUCCESS
add_player: SUCCESS
add_player: SUCCESS
add_player: SUCCESS
add_player: SUCCESS
add_player: SUCCESS
add_player: SUCCESS
add_player: SUCCESS
add_player: SUCCESS
add_player: SUCCESS
add_player: SUCCESS
add_player: SUCCESS
add_player: SUCCESS
add_player: SUCCESS
add_player: SUCCESS
add_player: SUCCESS
add_player: SUCCESS
add_player: SUCCESS
add_player: SUCCESS
add_player: SUCCESS
add_player: SUCCESS
add_player: SUCCESS
add_player: SUCCESS
add_player: SUCCESS
add_player: SUCCESS
add_player: SUCCESS
add_player: SUCCESS
add_player: SUCCESS
add_player: SUCCESS
add_player: SUCCESS
add_player: SUCCESS
add_player: SUCCESS
add_player: SUCCESS
add_player: SUCCESS
add_player: SUCCESS
add_player: SUCCESS
add_player: SUCCESS
add_player: SUCCESS
add_player: SUCCESS
add_player: SUCCESS
add_player: SUCCESS
add_player: SUCCESS
add_player: SUCCESS
add_player: SUCCESS
add_player: SUCCESS
add_player: SUCCESS
add_player: SUCCESS
add_player: SUCCESS
add_player: SUCCESS
add_player: SUCCESS
add_player: SUCCESS
add_player: SUCCESS
add_player: SUCCESS
add_player: SUCCESS
add_player: SUCCESS
add_player: SUCCESS
add_player: SUCCESS
add_player: SUCCESS
add_player: SUCCESS
add_player: SUCCESS
add_player: SUCCESS
add_player: SUCCESS
add_player: SUCCESS
add_player: SUCCESS
add_player: SUCCESS
add_player: SUCCESS
add_player: SUCCESS
add_player: SUCCESS
add_player: SUCCESS
add_player: SUCCESS
add_player: SUCCESS
add_player: SUCCESS
add_player: SUCCESS
add_player: SUCCESS
add_player: SUCCESS
add_player: SUCCESS
add_player: SUCCESS
add_player: SUCCESS
add_player: SUCCESS
add_player: SUCCESS
add_player: SUCCESS
add_player: SUCCESS
add_player: SUCCESS
add_player: SUCCESS
add_player: SUCCESS
add_player: SUCCESS
add_player: SUCCESS
add_player: SUCCESS
add_player: SUCCESS
add_player: SUCCESS
add_player: SUCCESS
add_player: SUCCESS
add_player: SUCCESS
add_player: SUCCESS
add_player: SUCCESS
add_player: SUCCESS
add_player: SUCCESS
add_player: SUCCESS
add_player: SUCCESS
add_player: SUCCESS
add_player: SUCCESS
add_player: SUCCESS
add_player: SUCCESS
add_player: SUCCESS
add_player: SUCCESS
add_player: SUCCESS
add_player: SUCCESS
add_player: SUCCESS
add_player: SUCCESS
add_player: SUCCESS
add_player: SUCCESS
add_player: SUCCESS
add_player: SUCCESS
add_player: SUCCESS
add_player: SUCCESS
add_player: SUCCESS
add_player: SUCCESS
add_player: SUCCESS
add_player: SUCCESS
add_player: SUCCESS
add_player: SUCCESS
add_player: SUCCESS
add_player: SUCCESS
add_player: SUCCESS
add_player: SUCCESS
add_player: SUCCESS
add_player: SUCCESS
add_player: SUCCESS
add_player: SUCCESS
add_player: SUCCESS
add_player: SUCCESS
add_player: SUCCESS
add_player: SUCCESS
add_player: SUCCESS
add_player: SUCCESS
add_player: SUCCESS
add_player: SUCCESS
add_player: SUCCESS
get_all_players_count: SUCCESS, 3
remove_player: SUCCESS
knockout_winner: SUCCESS, 8
remove_team: FAILURE
get_closest_player: SUCCESS, 97
get_all_players_count: SUCCESS, 15
add_player: FAILURE
add_player: FAILURE
add_team: FAILURE
remove_team: FAILURE
play_match: FAILURE
add_team: FAILURE
remove_player: SUCCESS
remove_player: SUCCESS
knockout_winner: FAILURE
get_top_scorer: SUCCESS, 171
add_team: FAILURE
remove_team: FAILURE
get_team_points: SUCCESS, 4983
get_num_played_games: SUCCESS, 4297
unite_teams: INVALID_INPUT
get_all_players: SUCCESS
109
166
51
48
188
180
175
101
30
120
57
128
update_player_stats: SUCCESS
get_all_players: SUCCESS
109
166
51
48
188
180
175
101
30
120
57
128
get_top_scorer: SUCCESS, 181
get_closest_player: SUCCESS, 116
update_player_stats: SUCCESS
get_team_points: SUCCESS, 9689
add_player: FAILURE
get_closest_player: SUCCESS, 134
play_match: FAILURE
get_team_points: SUCCESS, 2785
remove_player: SUCCESS
get_closest_player: SUCCESS, 27
get_all_players: SUCCESS
14
82
32
137
50
160
200
63
197
133
198
20
119
43
182
78
get_all_players: SUCCESS
46
35
123
174
89
134
3
108
181
get_top_scorer: SUCCESS, 143
update_player_stats: SUCCESS
add_team: FAILURE
knockout_winner: SUCCESS, 2
knockout_winner: SUCCESS, 18
remove_team: FAILURE
add_team: FAILURE
unite_teams: FAILURE
add_player: FAILURE
get_top_scorer: SUCCESS, 118
get_num_played_games: SUCCESS, 8773
update_player_stats: SUCCESS
get_all_players: SUCCESS
124
157
8
65
41
193
9
199
play_match: FAILURE
play_match: FAILURE
get_all_players_count: SUCCESS, 5
knockout_winner: SUCCESS, 15
update_player_stats: SUCCESS
remove_team: FAILURE
get_all_players_count: SUCCESS, 3
get_top_scorer: SUCCESS, 4
add_team: FAILURE
knockout_winner: SUCCESS, 9
get_closest_player: SUCCESS, 134
get_team_points: SUCCESS, 6306
get_top_scorer: SUCCESS, 21
unite_teams: INVALID_INPUT
remove_team: FAILURE
get_all_players: SUCCESS
165
29
162
23
189
72
118
add_team: FAILURE
remove_player: SUCCESS
update_player_stats: SUCCESS
get_top_scorer: SUCCESS, 173
knockout_winner: FAILURE
get_closest_player: SUCCESS, 116
get_closest_player: SUCCESS, 182
get_all_players: SUCCESS
144
22
56
93
176
186
192
get_top_scorer: SUCCESS, 4
get_all_players_count: SUCCESS, 10
get_team_points: SUCCESS, 2794
get_all_players: SUCCESS
117
60
5
129
36
163
185
update_player_stats: SUCCESS
add_player: FAILURE
get_all_players: SUCCESS
75
155
27
113
33
get_closest_player: SUCCESS, 26
get_all_players: SUCCESS
124
157
8
65
41
193
9
199
get_top_scorer: SUCCESS, 199
get_closest_player: SUCCESS, 141
get_team_points: SUCCESS, 6543
get_top_scorer: SUCCESS, 42
add_player: FAILURE
knockout_winner: SUCCESS, 2
get_closest_player: SUCCESS, 143
update_player_stats: SUCCESS
get_team_points: SUCCESS, 6818
get_closest_player: SUCCESS, 156
add_team: FAILURE
add_player: FAILURE
get_closest_player: SUCCESS, 176
remove_team: FAILURE
remove_team: FAILURE
update_player_stats: SUCCESS
knockout_winner: SUCCESS, 12
remove_team: FAILURE
get_top_scorer: SUCCESS, 181
get_team_points: SUCCESS, 9689
get_team_points: SUCCESS, 2660
get_closest_player: SUCCESS, 125
get_closest_player: SUCCESS, 143
update_player_stats: SUCCESS
update_player_stats: SUCCESS
get_top_scorer: SUCCESS, 199
remove_team: FAILURE
add_player: FAILURE
add_team: FAILURE
unite_teams: FAILURE
get_top_scorer: SUCCESS, 83
add_player: FAILURE
remove_player: SUCCESS
get_num_played_games: SUCCESS, 4687
remove_player: SUCCESS
get_num_played_games: SUCCESS, 8684
knockout_winner: SUCCESS, 18
play_match: SUCCESS
get_all_players_count: SUCCESS, 10
get_team_points: SUCCESS, 9732
update_player_stats: SUCCESS
get_closest_player: SUCCESS, 62
get_closest_player: SUCCESS, 33
knockout_winner: SUCCESS, 15
remove_team: FAILURE
get_closest_player: SUCCESS, 19
remove_team: FAILURE
unite_teams: FAILURE
remove_player: SUCCESS
get_num_played_games: SUCCESS, 9226
update_player_stats: SUCCESS
knockout_winner: SUCCESS, 18
get_all_players: SUCCESS
53
141
139
15
145
169
64
153
90
97
127
40
21
update_player_stats: SUCCESS
get_top_scorer: SUCCESS, 181
get_num_played_games: SUCCESS, 4611
get_team_points: SUCCESS, 11946
get_team_points: SUCCESS, 2800
get_team_points: SUCCESS, 774
play_match: FAILURE
get_num_played_games: SUCCESS, 444
unite_teams: FAILURE
get_closest_player: SUCCESS, 200
knockout_winner: FAILURE
update_player_stats: SUCCESS
add_team: FAILURE
get_all_players: SUCCESS
150
76
183
84
70
34
195
126
26
77
131
13
19
167
138
get_closest_player: SUCCESS, 90
unite_teams: SUCCESS
update_player_stats: SUCCESS
add_player: FAILURE
add_team: FAILURE
get_top_scorer: SUCCESS, 21
knockout_winner: SUCCESS, 15
play_match: INVALID_INPUT
unite_teams: FAILURE
get_top_scorer: SUCCESS, 21
get_all_players: SUCCESS
58
86
159
62
164
122
85
99
94
107
69
178
55
52
168
18
knockout_winner: SUCCESS, 7
get_all_players: SUCCESS
58
86
159
62
164
122
85
99
94
107
69
178
55
52
168
18
get_top_scorer: SUCCESS, 21
add_team: FAILURE
update_player_stats: SUCCESS
get_all_players_count: SUCCESS, 3
get_top_scorer: SUCCESS, 21
add_team: FAILURE
remove_team: FAILURE
get_closest_player: SUCCESS, 16
add_team: FAILURE
get_top_scorer: SUCCESS, 16
remove_player: SUCCESS
update_player_stats: SUCCESS
get_closest_player: SUCCESS, 120
unite_teams: FAILURE
knockout_winner: SUCCESS, 18
get_all_players: SUCCESS
109
166
48
180
175
101
30
120
188
57
play_match: FAILURE
remove_team: FAILURE
get_num_played_games: SUCCESS, 422
get_all_players_count: SUCCESS, 8
knockout_winner: SUCCESS, 7
update_player_stats: SUCCESS
remove_team: FAILURE
get_num_played_games: SUCCESS, 8273
play_match: FAILURE
get_closest_player: SUCCESS, 152
remove_player: SUCCESS
get_top_scorer: SUCCESS, 78
remove_player: SUCCESS
get_top_scorer: SUCCESS, 118
update_player_stats: SUCCESS
get_num_played_games: SUCCESS, 3468
knockout_winner: FAILURE
remove_player: SUCCESS
unite_teams: FAILURE
add_player: FAILURE
get_closest_player: SUCCESS, 33
add_team: FAILURE
get_all_players_count: SUCCESS, 8
get_team_points: SUCCESS, 10336
get_all_players: SUCCESS
156
190
149
28
121
79
177
61
143
get_top_scorer: SUCCESS, 199
update_player_stats: SUCCESS
get_team_points: SUCCESS, 2660
get_num_played_games: SUCCESS, 15028
remove_player: SUCCESS
add_team: FAILURE
add_player: FAILURE
add_player: FAILURE
unite_teams: FAILURE
get_all_players: SUCCESS
114
1
92
get_all_players_count: SUCCESS, 7
get_closest_player: SUCCESS, 31
get_top_scorer: SUCCESS, 78
unite_teams: SUCCESS
get_team_points: SUCCESS, 847
get_num_played_games: SUCCESS, 10796
remove_player: SUCCESS
add_player: FAILURE
get_team_points: SUCCESS, 497
add_team: FAILURE
get_team_points: SUCCESS, 10254
play_match: FAILURE
get_all_players_count: SUCCESS, 14
get_closest_player: SUCCESS, 192
get_team_points: SUCCESS, 4995
get_closest_player: SUCCESS, 181
get_team_points: SUCCESS, 11946
add_player: FAILURE
remove_team: FAILURE
knockout_winner: SUCCESS, 18
get_num_played_games: SUCCESS, 1776
get_closest_player: SUCCESS, 131
get_closest_player: SUCCESS, 102
get_top_scorer: SUCCESS, 143
play_match: FAILURE
update_player_stats: SUCCESS
unite_teams: FAILURE
remove_team: FAILURE
get_team_points: SUCCESS, 11434
get_closest_player: SUCCESS, 30
remove_team: FAILURE
update_player_stats: SUCCESS
remove_team: FAILURE
get_all_players_count: SUCCESS, 14
update_player_stats: SUCCESS
knockout_winner: SUCCESS, 13
get_top_scorer: SUCCESS, 168
get_team_points: SUCCESS, 9689
get_all_players_count: SUCCESS, 7
add_team: FAILURE
update_player_stats: SUCCESS
get_all_players_count: SUCCESS, 16
remove_team: FAILURE
get_team_points: SUCCESS, 9209
add_player: FAILURE
get_top_scorer: SUCCESS, 155
get_top_scorer: SUCCESS, 83
update_player_stats: SUCCESS
remove_player: SUCCESS
get_closest_player: SUCCESS, 17
get_closest_player: SUCCESS, 148
remove_team: FAILURE
update_player_stats: SUCCESS
add_player: FAILURE
get_top_scorer: SUCCESS, 57
get_all_players: SUCCESS
165
29
162
23
189
72
118
update_player_stats: SUCCESS
remove_team: FAILURE
add_player: FAILURE
play_match: FAILURE
remove_team: FAILURE
get_num_played_games: SUCCESS, 544
get_closest_player: SUCCESS, 114
get_num_played_games: SUCCESS, 11732
update_player_stats: SUCCESS
knockout_winner: SUCCESS, 13
remove_team: FAILURE
unite_teams: FAILURE
get_team_points: SUCCESS, 4998
get_num_played_games: SUCCESS, 3502
add_team: FAILURE
get_all_players: SUCCESS
71
81
38
17
111
37
103
147
2
74
88
7
151
68
161
remove_team: FAILURE
unite_teams: SUCCESS
get_closest_player: SUCCESS, 156
add_team: FAILURE
update_player_stats: SUCCESS
play_match: FAILURE
get_all_players_count: SUCCESS, 9
get_team_points: SUCCESS, 9689
knockout_winner: SUCCESS, 7
get_num_played_games: SUCCESS, 10349
add_player: FAILURE
play_match: FAILURE
get_team_points: SUCCESS, 10345
remove_team: FAILURE
get_team_points: SUCCESS, 10254
play_match: FAILURE
remove_player: SUCCESS
get_all_players_count: SUCCESS, 14
add_team: FAILURE
get_team_points: SUCCESS, 9689
knockout_winner: SUCCESS, 7
get_top_scorer: SUCCESS, 12
unite_teams: FAILURE
knockout_winner: SUCCESS, 19
add_team: FAILURE
unite_teams: FAILURE
get_num_played_games: SUCCESS, 380
play_match: FAILURE
get_num_played_games: SUCCESS, 9853
get_closest_player: SUCCESS, 37
update_player_stats: SUCCESS
get_all_players: SUCCESS
156
190
28
121
79
177
61
143
get_closest_player: SUCCESS, 111
get_team_points: SUCCESS, 10345
remove_team: FAILURE
get_top_scorer: SUCCESS, 21
get_all_players_count: SUCCESS, 16
get_closest_player: SUCCESS, 9
play_match: SUCCESS
play_match: FAILURE
get_top_scorer: SUCCESS, 49
update_player_stats: SUCCESS
get_all_players_count: SUCCESS, 8
unite_teams: FAILURE
get_all_players: SUCCESS
157
8
65
41
193
9
199
124
update_player_stats: SUCCESS
add_team: FAILURE
get_num_played_games: SUCCESS, 3550
remove_player: SUCCESS
get_team_points: SUCCESS, 11946
remove_team: FAILURE
remove_team: FAILURE
remove_team: FAILURE
update_player_stats: SUCCESS
update_player_stats: SUCCESS
get_num_played_games: SUCCESS, 4687
knockout_winner: FAILURE
get_team_points: SUCCESS, 9584
get_team_points: SUCCESS, 2660
get_all_players_count: SUCCESS, 7
unite_teams: FAILURE
get_team_points: SUCCESS, 11946
get_closest_player: SUCCESS, 122
get_num_played_games: SUCCESS, 9226
remove_team: FAILURE
get_team_points: SUCCESS, 6818
get_num_played_games: SUCCESS, 422
unite_teams: SUCCESS
remove_player: SUCCESS
unite_teams: SUCCESS
knockout_winner: INVALID_INPUT
get_closest_player: SUCCESS, 25
add_player: FAILURE
knockout_winner: SUCCESS, 19
get_closest_player: SUCCESS, 186
update_player_stats: SUCCESS
remove_player: SUCCESS
get_closest_player: SUCCESS, 26
get_all_players_count: SUCCESS, 11
get_team_points: SUCCESS, 6915
add_team: FAILURE
remove_team: FAILURE
remove_player: SUCCESS
remove_player: SUCCESS
unite_teams: INVALID_INPUT
get_all_players: SUCCESS
14
82
32
50
160
200
197
137
198
20
119
182
63
78
play_match: FAILURE
get_closest_player: SUCCESS, 19
unite_teams: SUCCESS
add_team: FAILURE
unite_teams: FAILURE
add_player: FAILURE
add_team: FAILURE
add_player: FAILURE
remove_team: FAILURE
remove_team: FAILURE
update_player_stats: SUCCESS
knockout_winner: SUCCESS, 7
add_player: FAILURE
get_closest_player: SUCCESS, 96
update_player_stats: SUCCESS
update_player_stats: SUCCESS
remove_team: FAILURE
get_closest_player: SUCCESS, 109
remove_team: FAILURE
play_match: FAILURE
add_player: FAILURE
get_top_scorer: SUCCESS, 57
get_num_played_games: SUCCESS, 10635
get_closest_player: SUCCESS, 62
get_team_points: SUCCESS, 9689
unite_teams: FAILURE
get_all_players_count: SUCCESS, 10
get_all_players_count: SUCCESS, 14
add_player: FAILURE
get_closest_player: SUCCESS, 3
get_all_players: SUCCESS
165
148
95
29
91
162
49
23
189
72
118
42
remove_team: FAILURE
get_team_points: SUCCESS, 10254
get_team_points: SUCCESS, 5013
get_all_players_count: SUCCESS, 7
play_match: SUCCESS
get_all_players: SUCCESS
144
22
93
176
186
192
56
get_all_players_count: SUCCESS, 23
unite_teams: SUCCESS
add_player: FAILURE
get_all_players_count: SUCCESS, 8
add_player: FAILURE
play_match: FAILURE
get_closest_player: SUCCESS, 164
get_closest_player: SUCCESS, 66
get_team_points: SUCCESS, 6057
get_top_scorer: SUCCESS, 161
get_num_played_games: SUCCESS, 8056
get_all_players: SUCCESS
154
24
54
184
135
158
73
66
106
104
152
45
25
31
add_player: FAILURE
update_player_stats: SUCCESS
get_all_players: SUCCESS
172
105
115
110
98
142
12
80
146
16
get_closest_player: SUCCESS, 11
get_closest_player: SUCCESS, 157
get_closest_player: SUCCESS, 114
get_team_points: SUCCESS, 12214
remove_team: FAILURE
update_player_stats: SUCCESS
get_closest_player: SUCCESS, 72
knockout_winner: SUCCESS, 13
remove_team: FAILURE
get_all_players_count: SUCCESS, 21
update_player_stats: SUCCESS
get_all_players_count: SUCCESS, 10
unite_teams: FAILURE
knockout_winner: SUCCESS, 4
remove_player: SUCCESS
get_num_played_games: SUCCESS, 307
add_player: FAILURE
update_player_stats: SUCCESS
add_player: FAILURE
add_team: FAILURE
remove_team: FAILURE
play_match: FAILURE
play_match: FAILURE
unite_teams: SUCCESS
get_closest_player: SUCCESS, 1
unite_teams: FAILURE
play_match: SUCCESS
remove_team: FAILURE
knockout_winner: SUCCESS, 18
get_all_players: SUCCESS
46
35
123
89
134
3
108
181
add_player: FAILURE
play_match: FAILURE
remove_player: SUCCESS
knockout_winner: SUCCESS, 20
get_num_played_games: SUCCESS, 2458
get_team_points: SUCCESS, 16651
get_top_scorer: SUCCESS, 78
get_top_scorer: SUCCESS, 161
add_player: FAILURE
get_num_played_games: SUCCESS, 1461
get_closest_player: SUCCESS, 25
get_all_players_count: SUCCESS, 8
remove_player: SUCCESS
get_top_scorer: SUCCESS, 181
play_match: FAILURE
get_all_players_count: SUCCESS, 10
add_team: FAILURE
update_player_stats: SUCCESS
get_closest_player: SUCCESS, 107
get_all_players: SUCCESS
156
190
28
121
79
177
61
143
get_closest_player: SUCCESS, 65
add_team: FAILURE
add_team: FAILURE
add_player: FAILURE
add_player: FAILURE
get_team_points: SUCCESS, 9584
get_all_players_count: SUCCESS, 10
remove_player: SUCCESS
remove_player: SUCCESS
remove_player: SUCCESS
get_closest_player: SUCCESS, 26
add_player: FAILURE
remove_player: SUCCESS
get_all_players: SUCCESS
165
148
95
162
49
23
189
72
118
42
play_match: FAILURE
remove_player: SUCCESS
get_num_played_games: SUCCESS, 1944
remove_player: SUCCESS
get_team_points: SUCCESS, 2663
update_player_stats: SUCCESS
get_num_played_games: SUCCESS, 8064
add_team: FAILURE
remove_player: SUCCESS
remove_player: SUCCESS
add_team: FAILURE
get_num_played_games: SUCCESS, 10205
add_team: FAILURE
remove_team: FAILURE
get_top_scorer: SUCCESS, 161
knockout_winner: SUCCESS, 13
add_player: FAILURE
play_match: FAILURE
get_team_points: SUCCESS, 6057
knockout_winner: SUCCESS, 15
update_player_stats: SUCCESS
get_top_scorer: SUCCESS, 168
get_all_players_count: SUCCESS, 20
add_team: FAILURE
add_player: FAILURE
get_all_players_count: SUCCESS, 8
get_all_players: SUCCESS
156
190
28
121
79
177
61
143
remove_player: SUCCESS
get_all_players_count: SUCCESS, 10
get_top_scorer: SUCCESS, 16
get_team_points: SUCCESS, 2663
get_closest_player: SUCCESS, 33
remove_team: FAILURE
get_num_played_games: SUCCESS, 5921
get_top_scorer: SUCCESS, 181
remove_team: FAILURE
get_all_players: SUCCESS
14
82
32
160
200
197
137
198
20
119
182
63
78
knockout_winner: SUCCESS, 6
update_player_stats: SUCCESS
get_all_players_count: SUCCESS, 10
remove_team: FAILURE
get_all_players: SUCCESS
109
166
180
175
101
30
188
120
57
48
knockout_winner: SUCCESS, 20
get_top_scorer: SUCCESS, 67
unite_teams: INVALID_INPUT
add_team: FAILURE
get_all_players_count: SUCCESS, 19
add_team: FAILURE
get_closest_player: SUCCESS, 42
get_all_players_count: SUCCESS, 8
unite_teams: FAILURE
unite_teams: FAILURE
play_match: FAILURE
add_player: FAILURE
remove_player: SUCCESS
add_player: FAILURE
get_all_players: SUCCESS
187
87
179
96
112
114
83
92
get_team_points: SUCCESS, 10254
knockout_winner: INVALID_INPUT
play_match: FAILURE
get_top_scorer: SUCCESS, 21
knockout_winner: SUCCESS, 18
remove_team: FAILURE
knockout_winner: INVALID_INPUT
get_num_played_games: SUCCESS, 11078
add_player: FAILURE
update_player_stats: SUCCESS
remove_team: FAILURE
get_team_points: SUCCESS, 9584
unite_teams: FAILURE
remove_team: FAILURE
play_match: FAILURE
get_top_scorer: SUCCESS, 92
get_closest_player: SUCCESS, 144
add_team: FAILURE
get_top_scorer: SUCCESS, 31
update_player_stats: SUCCESS
get_all_players_count: SUCCESS, 27
add_team: FAILURE
add_player: FAILURE
add_player: FAILURE
get_team_points: SUCCESS, 6552
get_num_played_games: SUCCESS, 7482
remove_team: FAILURE
add_team: FAILURE
knockout_winner: FAILURE
get_all_players: SUCCESS
71
157
38
17
111
37
103
147
65
2
41
74
88
193
9
81
199
124
151
161
remove_team: FAILURE
get_team_points: SUCCESS, 10254
unite_teams: INVALID_INPUT
add_team: FAILURE
get_top_scorer: SUCCESS, 161
add_player: FAILURE
remove_team: FAILURE
knockout_winner: FAILURE
add_player: FAILURE
add_player: FAILURE
get_all_players: SUCCESS
154
24
144
22
93
184
135
176
158
73
106
104
152
186
192
45
56
25
31
get_all_players: SUCCESS
165
148
95
162
23
189
118
42
72
remove_team: FAILURE
add_player: FAILURE
play_match: SUCCESS
get_all_players_count: SUCCESS, 13
update_player_stats: SUCCESS
unite_teams: FAILURE
get_top_scorer: SUCCESS, 21
add_player: FAILURE
remove_team: FAILURE
update_player_stats: SUCCESS
update_player_stats: SUCCESS
knockout_winner: SUCCESS, 13
unite_teams: SUCCESS
get_num_played_games: SUCCESS, 18202
add_team: FAILURE
play_match: FAILURE
get_num_played_games: SUCCESS, 7246
add_player: FAILURE
get_all_players_count: SUCCESS, 14
add_team: FAILURE
add_team: FAILURE
remove_player: SUCCESS
add_player: FAILURE
get_closest_player: SUCCESS, 5
get_team_points: SUCCESS, 9584
get_all_players: SUCCESS
53
141
139
75
15
169
27
64
129
163
90
117
97
185
113
33
40
155
5
get_all_players_count: SUCCESS, 19
get_team_points: SUCCESS, 6060
add_team: FAILURE
get_num_played_games: SUCCESS, 3470
update_player_stats: SUCCESS
get_top_scorer: SUCCESS, 48
add_team: FAILURE
unite_teams: SUCCESS
unite_teams: FAILURE
get_all_players: SUCCESS
14
82
32
160
200
197
137
198
20
119
182
63
78
get_team_points: SUCCESS, 10254
get_num_played_games: SUCCESS, 9960
get_team_points: SUCCESS, 9689
get_all_players_count: SUCCESS, 8
remove_player: SUCCESS
get_top_scorer: SUCCESS, 161
unite_teams: FAILURE
get_closest_player: SUCCESS, 182
add_player: FAILURE
get_closest_player: SUCCESS, 143
play_match: INVALID_INPUT
get_closest_player: SUCCESS, 156
remove_team: FAILURE
get_top_scorer: SUCCESS, 72
get_all_players_count: SUCCESS, 8
play_match: SUCCESS
remove_team: FAILURE
knockout_winner: SUCCESS, 12
get_closest_player: SUCCESS, 93
update_player_stats: SUCCESS
get_num_played_games: SUCCESS, 3456
unite_teams: INVALID_INPUT
get_all_players: SUCCESS
46
123
89
134
3
35
181
108
unite_teams: FAILURE
add_team: FAILURE
get_all_players: SUCCESS
46
123
89
134
3
35
181
108
unite_teams: FAILURE
get_closest_player: SUCCESS, 185
unite_teams: FAILURE
update_player_stats: SUCCESS
knockout_winner: SUCCESS, 18
remove_team: FAILURE
get_all_players: SUCCESS
156
190
28
121
79
177
61
143
get_closest_player: SUCCESS, 185
play_match: FAILURE
remove_player: SUCCESS
get_num_played_games: SUCCESS, 11733
get_closest_player: SUCCESS, 42
get_num_played_games: SUCCESS, 3470
get_top_scorer: SUCCESS, 168
get_num_played_games: SUCCESS, 7759
get_num_played_games: SUCCESS, 4109
knockout_winner: INVALID_INPUT
add_player: FAILURE
get_closest_player: SUCCESS, 129
remove_team: FAILURE
remove_team: FAILURE
knockout_winner: SUCCESS, 18
add_player: FAILURE
play_match: INVALID_INPUT
play_match: FAILURE
update_player_stats: SUCCESS
add_player: FAILURE
get_all_players: SUCCESS
71
172
157
38
105
115
17
111
110
37
98
103
147
65
2
41
74
80
146
88
193
142
9
81
199
124
16
151
161
knockout_winner: SUCCESS, 18
knockout_winner: FAILURE
add_team: FAILURE
add_team: FAILURE
unite_teams: SUCCESS
remove_player: SUCCESS
knockout_winner: INVALID_INPUT
get_closest_player: SUCCESS, 158
unite_teams: SUCCESS
knockout_winner: SUCCESS, 19
remove_team: FAILURE
play_match: SUCCESS
get_num_played_games: SUCCESS, 12682
add_player: FAILURE
get_all_players_count: SUCCESS, 9
knockout_winner: SUCCESS, 10
remove_player: SUCCESS
remove_player: SUCCESS
play_match: FAILURE
get_num_played_games: SUCCESS, 7240
add_team: FAILURE
unite_teams: FAILURE
add_player: FAILURE
knockout_winner: INVALID_INPUT
remove_player: SUCCESS
get_closest_player: SUCCESS, 116
get_all_players_count: SUCCESS, 29
add_team: FAILURE
unite_teams: FAILURE
get_all_players: SUCCESS
71
172
157
38
105
115
17
111
110
37
98
103
147
65
2
41
74
80
146
88
193
142
9
81
199
124
16
151
161
knockout_winner: SUCCESS, 19
add_team: FAILURE
add_player: FAILURE
get_all_players_count: SUCCESS, 33
get_num_played_games: SUCCESS, 7990
get_closest_player: SUCCESS, 156
add_player: FAILURE
get_team_points: SUCCESS, 2672
remove_player: SUCCESS
get_num_played_games: SUCCESS, 7483
remove_player: SUCCESS
get_all_players: SUCCESS
154
24
144
184
135
176
22
158
73
106
104
152
186
192
45
56
25
get_num_played_games: SUCCESS, 5123
knockout_winner: FAILURE
get_top_scorer: SUCCESS, 72
remove_player: SUCCESS
get_team_points: SUCCESS, 10254
knockout_winner: SUCCESS, 9
get_all_players: SUCCESS
53
141
14
139
75
109
82
32
15
160
166
180
169
175
200
101
27
64
197
129
137
188
163
90
20
119
120
117
97
57
182
185
113
33
40
48
155
5
63
78
remove_player: SUCCESS
remove_player: SUCCESS
play_match: FAILURE
knockout_winner: SUCCESS, 15
knockout_winner: SUCCESS, 9
add_player: FAILURE
add_player: FAILURE
remove_player: SUCCESS
remove_player: SUCCESS
get_top_scorer: SUCCESS, 108
remove_player: SUCCESS
get_all_players_count: SUCCESS, 40
remove_team: FAILURE
unite_teams: FAILURE
knockout_winner: SUCCESS, 20
remove_player: SUCCESS
get_closest_player: SUCCESS, 141
remove_player: SUCCESS
get_all_players_count: SUCCESS, 25
get_num_played_games: SUCCESS, 7483
remove_player: SUCCESS
get_top_scorer: SUCCESS, 161
get_num_played_games: SUCCESS, 6518
knockout_winner: SUCCESS, 10
add_team: FAILURE
unite_teams: SUCCESS
update_player_stats: SUCCESS
remove_player: SUCCESS
unite_teams: FAILURE
get_closest_player: SUCCESS, 150
get_all_players_count: SUCCESS, 28
get_team_points: SUCCESS, 12796
get_team_points: SUCCESS, 32808
get_top_scorer: SUCCESS, 161
add_team: FAILURE
remove_player: SUCCESS
knockout_winner: SUCCESS, 10
add_team: FAILURE
get_closest_player: SUCCESS, 86
get_all_players_count: SUCCESS, 25
get_closest_player: SUCCESS, 72
knockout_winner: SUCCESS, 19
get_num_played_games: SUCCESS, 27063
get_all_players: SUCCESS
154
24
156
144
190
184
135
28
176
22
158
73
106
104
121
79
152
177
186
61
192
45
56
25
143
get_closest_player: SUCCESS, 84
add_team: FAILURE
add_player: FAILURE
update_player_stats: SUCCESS
remove_player: SUCCESS
remove_player: SUCCESS
knockout_winner: SUCCESS, 19
get_closest_player: SUCCESS, 132
get_num_played_games: SUCCESS, 6044
get_top_scorer: SUCCESS, 161
knockout_winner: INVALID_INPUT
unite_teams: FAILURE
get_closest_player: SUCCESS, 150
get_all_players_count: SUCCESS, 24
get_team_points: SUCCESS, 12796
get_closest_player: SUCCESS, 179
remove_team: FAILURE
get_team_points: SUCCESS, 24999
add_team: FAILURE
play_match: FAILURE
remove_player: SUCCESS
play_match: FAILURE
get_team_points: SUCCESS, 32808
get_all_players_count: SUCCESS, 38
get_team_points: SUCCESS, 24999
add_player: FAILURE
remove_team: FAILURE
get_closest_player: SUCCESS, 48
get_all_players_count: SUCCESS, 8
update_player_stats: SUCCESS
get_num_played_games: SUCCESS, 9790
get_all_players_count: SUCCESS, 14
get_top_scorer: SUCCESS, 78
remove_team: FAILURE
update_player_stats: SUCCESS
get_top_scorer: SUCCESS, 168
get_team_points: SUCCESS, 9689
update_player_stats: SUCCESS
get_top_scorer: SUCCESS, 162
remove_team: FAILURE
unite_teams: FAILURE
get_closest_player: SUCCESS, 182
add_team: FAILURE
get_top_scorer: SUCCESS, 78
get_num_played_games: SUCCESS, 11629
get_team_points: SUCCESS, 18304
remove_player: SUCCESS
knockout_winner: INVALID_INPUT
update_player_stats: SUCCESS
get_all_players: SUCCESS
53
141
14
139
75
109
82
32
15
166
180
169
175
200
101
27
64
197
129
137
188
163
90
119
120
117
97
57
182
113
33
40
48
155
20
5
63
78
get_num_played_games: SUCCESS, 4110
update_player_stats: SUCCESS
get_all_players_count: SUCCESS, 26
knockout_winner: SUCCESS, 9
play_match: INVALID_INPUT
get_num_played_games: SUCCESS, 27757
get_num_played_games: SUCCESS, 10206
remove_team: FAILURE
get_team_points: SUCCESS, 12796
play_match: SUCCESS
knockout_winner: SUCCESS, 19
unite_teams: FAILURE
unite_teams: FAILURE
get_closest_player: SUCCESS, 116
add_player: FAILURE
knockout_winner: SUCCESS, 9
add_team: FAILURE
get_closest_player: SUCCESS, 119
knockout_winner: INVALID_INPUT
remove_team: FAILURE
remove_team: FAILURE
get_all_players_count: SUCCESS, 25
remove_player: SUCCESS
remove_team: FAILURE
add_player: FAILURE
add_player: FAILURE
get_closest_player: SUCCESS, 167
add_team: FAILURE
add_team: FAILURE
add_player: FAILURE
get_team_points: SUCCESS, 12796
play_match: FAILURE
unite_teams: SUCCESS
get_closest_player: SUCCESS, 64
remove_player: SUCCESS
knockout_winner: INVALID_INPUT
get_all_players: SUCCESS
95
23
189
118
165
42
72
162
remove_team: FAILURE
add_team: FAILURE
get_all_players_count: SUCCESS, 8
get_all_players_count: SUCCESS, 8
update_player_stats: SUCCESS
get_num_played_games: SUCCESS, 7483
remove_team: FAILURE
add_team: FAILURE
unite_teams: FAILURE
remove_team: FAILURE
get_all_players: SUCCESS
53
141
14
139
75
109
82
32
15
166
180
169
175
200
101
27
64
197
129
137
188
163
90
120
117
97
57
182
113
33
40
48
155
20
5
63
78
get_closest_player: SUCCESS, 5
get_closest_player: SUCCESS, 92
knockout_winner: SUCCESS, 10
get_all_players: SUCCESS
76
187
116
102
10
140
87
179
100
96
112
194
84
195
77
132
125
13
34
19
167
114
83
92
183
67
get_top_scorer: SUCCESS, 168
add_player: FAILURE
unite_teams: SUCCESS
knockout_winner: SUCCESS, 4
unite_teams: FAILURE
get_all_players: SUCCESS
46
123
134
3
89
35
181
108
remove_team: FAILURE
remove_team: FAILURE
update_player_stats: SUCCESS
get_num_played_games: SUCCESS, 27541
update_player_stats: SUCCESS
knockout_winner: SUCCESS, 4
remove_team: FAILURE
play_match: SUCCESS
add_player: FAILURE
update_player_stats: SUCCESS
get_team_points: SUCCESS, 2672
get_top_scorer: SUCCESS, 161
play_match: FAILURE
get_team_points: SUCCESS, 9689
add_team: FAILURE
get_top_scorer: SUCCESS, 67
update_player_stats: SUCCESS
get_team_points: SUCCESS, 9689
remove_team: FAILURE
unite_teams: FAILURE
add_player: FAILURE
add_team: FAILURE
knockout_winner: INVALID_INPUT
get_top_scorer: SUCCESS, 67
add_team: FAILURE
add_player: FAILURE
get_top_scorer: SUCCESS, 168
remove_team: FAILURE
play_match: SUCCESS
knockout_winner: SUCCESS, 19
add_team: FAILURE
unite_teams: FAILURE
unite_teams: FAILURE
add_team: FAILURE
get_all_players_count: SUCCESS, 14
get_closest_player: SUCCESS, 89
update_player_stats: SUCCESS
get_num_played_games: SUCCESS, 1565
update_player_stats: SUCCESS
get_team_points: SUCCESS, 2672
get_team_points: SUCCESS, 60755
unite_teams: SUCCESS
remove_player: SUCCESS
update_player_stats: SUCCESS
unite_teams: INVALID_INPUT
get_top_scorer: SUCCESS, 67
play_match: FAILURE
remove_player: SUCCESS
add_team: FAILURE
play_match: FAILURE
get_all_players: SUCCESS
159
85
86
62
122
99
69
178
55
52
18
107
168
get_top_scorer: SUCCESS, 67
play_match: FAILURE
update_player_stats: SUCCESS
knockout_winner: SUCCESS, 19
unite_teams: FAILURE
get_team_points: SUCCESS, 2672
unite_teams: SUCCESS
get_num_played_games: SUCCESS, 7288
get_team_points: SUCCESS, 60810
get_all_players: SUCCESS
159
85
86
62
122
99
69
178
55
52
18
107
168
get_all_players: SUCCESS
154
24
156
172
157
105
115
17
190
95
111
110
98
103
147
184
28
176
65
22
158
41
74
106
80
146
88
193
104
121
79
23
152
177
186
142
61
189
192
56
25
81
199
143
118
165
42
38
9
72
162
45
16
151
161
get_all_players: SUCCESS
159
85
86
62
122
99
69
178
55
52
18
107
168
get_num_played_games: SUCCESS, 6933
get_team_points: SUCCESS, 60810
get_all_players_count: SUCCESS, 55
update_player_stats: SUCCESS
unite_teams: INVALID_INPUT
get_top_scorer: SUCCESS, 168
get_all_players: SUCCESS
159
85
86
62
122
99
69
178
55
52
18
107
168
get_num_played_games: SUCCESS, 10588
knockout_winner: SUCCESS, 15
add_player: FAILURE
get_team_points: SUCCESS, 60810
update_player_stats: SUCCESS
get_all_players_count: SUCCESS, 13
remove_player: SUCCESS
get_all_players: SUCCESS
159
85
86
62
122
99
69
178
55
52
18
107
168
knockout_winner: SUCCESS, 19
get_closest_player: SUCCESS, 157
remove_player: SUCCESS
get_closest_player: SUCCESS, 156
add_team: FAILURE
remove_player: SUCCESS
get_team_points: SUCCESS, 2672
get_closest_player: SUCCESS, 40
remove_player: SUCCESS
get_all_players: SUCCESS
46
53
141
14
139
75
109
82
187
116
102
32
10
140
76
15
87
123
179
166
180
169
96
200
101
27
64
112
197
194
84
129
137
100
188
195
90
134
175
3
120
117
97
132
125
182
89
13
34
113
19
167
40
35
181
48
114
20
5
63
57
83
92
77
108
183
78
67
get_all_players: SUCCESS
159
85
86
62
122
99
69
178
55
52
18
107
168
get_team_points: SUCCESS, 60755
remove_team: FAILURE
get_top_scorer: SUCCESS, 168
play_match: SUCCESS
knockout_winner: SUCCESS, 19
get_team_points: SUCCESS, 2672
get_team_points: SUCCESS, 2672
add_team: FAILURE
knockout_winner: SUCCESS, 19
update_player_stats: SUCCESS
get_closest_player: SUCCESS, 129
unite_teams: SUCCESS
add_player: FAILURE
get_all_players: SUCCESS
46
53
141
14
139
75
109
82
187
116
102
32
10
140
76
15
87
123
179
166
180
169
96
200
101
27
64
112
197
194
84
129
137
100
188
195
90
134
175
3
120
117
97
132
125
182
89
13
34
113
19
167
40
35
181
48
114
20
5
63
57
83
92
77
108
183
78
67
get_closest_player: SUCCESS, 75
add_team: FAILURE
remove_team: FAILURE
play_match: INVALID_INPUT
add_player: FAILURE
get_closest_player: SUCCESS, 175
add_player: FAILURE
get_all_players_count: SUCCESS, 68
remove_player: SUCCESS
knockout_winner: INVALID_INPUT
remove_player: SUCCESS
knockout_winner: SUCCESS, 15
get_num_played_games: SUCCESS, 2153
add_player: FAILURE
get_closest_player: SUCCESS, 178
play_match: SUCCESS
unite_teams: INVALID_INPUT
get_team_points: SUCCESS, 60816
remove_player: SUCCESS
play_match: INVALID_INPUT
remove_player: SUCCESS
remove_player: SUCCESS
remove_player: SUCCESS
remove_player: SUCCESS
remove_player: SUCCESS
remove_player: SUCCESS
remove_player: SUCCESS
remove_player: SUCCESS
remove_player: SUCCESS
remove_player: SUCCESS
remove_player: SUCCESS
remove_player: SUCCESS
remove_player: SUCCESS
remove_player: SUCCESS
remove_player: SUCCESS
remove_player: SUCCESS
remove_player: SUCCESS
remove_player: SUCCESS
remove_player: SUCCESS
remove_player: SUCCESS
remove_player: SUCCESS
remove_player: SUCCESS
remove_player: SUCCESS
remove_player: SUCCESS
remove_player: SUCCESS
remove_player: SUCCESS
remove_player: SUCCESS
remove_player: SUCCESS
remove_player: SUCCESS
remove_player: SUCCESS
remove_player: SUCCESS
remove_player: SUCCESS
remove_player: SUCCESS
remove_player: SUCCESS
remove_player: SUCCESS
remove_player: SUCCESS
remove_player: SUCCESS
remove_player: SUCCESS
remove_player: SUCCESS
remove_player: SUCCESS
remove_player: SUCCESS
remove_player: SUCCESS
remove_player: SUCCESS
remove_player: SUCCESS
remove_player: SUCCESS
remove_player: SUCCESS
remove_player: SUCCESS
remove_player: SUCCESS
remove_player: SUCCESS
remove_player: SUCCESS
remove_player: SUCCESS
remove_player: SUCCESS
remove_player: SUCCESS
remove_player: SUCCESS
remove_player: SUCCESS
remove_player: SUCCESS
remove_player: SUCCESS
remove_player: SUCCESS
remove_player: SUCCESS
remove_player: SUCCESS
remove_player: SUCCESS
remove_player: SUCCESS
remove_player: SUCCESS
remove_player: SUCCESS
remove_player: SUCCESS
remove_player: SUCCESS
remove_player: SUCCESS
remove_player: SUCCESS
remove_player: SUCCESS
remove_player: SUCCESS
remove_player: SUCCESS
remove_player: SUCCESS
remove_player: SUCCESS
remove_player: SUCCESS
remove_player: SUCCESS
remove_player: SUCCESS
remove_player: SUCCESS
remove_player: SUCCESS
remove_player: SUCCESS
remove_player: SUCCESS
remove_player: SUCCESS
remove_player: SUCCESS
remove_player: SUCCESS
remove_player: SUCCESS
remove_player: SUCCESS
remove_player: SUCCESS
remove_player: SUCCESS
remove_player: SUCCESS
remove_player: SUCCESS
remove_player: SUCCESS
remove_player: SUCCESS
remove_player: SUCCESS
remove_player: SUCCESS
remove_player: SUCCESS
remove_player: SUCCESS
remove_player: SUCCESS
remove_player: SUCCESS
remove_player: SUCCESS
remove_player: SUCCESS
remove_player: SUCCESS
remove_player: SUCCESS
remove_player: SUCCESS
remove_player: SUCCESS
remove_player: SUCCESS
remove_player: SUCCESS
remove_player: SUCCESS
remove_player: SUCCESS
remove_player: SUCCESS
remove_player: SUCCESS
remove_player: SUCCESS
remove_player: SUCCESS
remove_player: SUCCESS
remove_player: SUCCESS
remove_player: SUCCESS
remove_player: SUCCESS
remove_player: SUCCESS
remove_player: SUCCESS
remove_player: SUCCESS
remove_player: SUCCESS
remove_player: SUCCESS
remove_player: SUCCESS
remove_player: SUCCESS
remove_player: SUCCESS
remove_player: SUCCESS
remove_player: SUCCESS
remove_player: SUCCESS
remove_player: SUCCESS
remove_player: SUCCESS
remove_player: SUCCESS
remove_player: SUCCESS
remove_player: SUCCESS
remove_team: SUCCESS
remove_team: SUCCESS
