add_team: SUCCESS
add_team: SUCCESS
add_team: SUCCESS
add_team: SUCCESS
add_team: SUCCESS
add_team: SUCCESS
add_team: SUCCESS
add_team: SUCCESS
add_team: SUCCESS
add_team: SUCCESS
add_team: SUCCESS
add_team: SUCCESS
add_team: SUCCESS
add_team: SUCCESS
add_team: SUCCESS
add_team: SUCCESS
add_team: SUCCESS
add_team: SUCCESS
add_team: SUCCESS
add_team: SUCCESS
add_player: SUCCESS
add_player: SUCCESS
add_player: SUCCESS
add_player: SUCCESS
add_player: SUCCESS
add_player: SUCCESS
add_player: SUCCESS
add_player: SUCCESS
add_player: SUCCESS
add_player: SUCCESS
add_player: SUCCESS
add_player: SUCCESS
add_player: SUCCESS
add_player: SUCCESS
add_player: SUCCESS
add_player: SUCCESS
add_player: SUCCESS
add_player: SUCCESS
add_player: SUCCESS
add_player: SUCCESS
add_player: SUCCESS
add_player: SUCCESS
add_player: SUCCESS
add_player: SUCCESS
add_player: SUCCESS
add_player: SUCCESS
add_player: SUCCESS
add_player: SUCCESS
add_player: SUCCESS
add_player: SUCCESS
add_player: SUCCESS
add_player: SUCCESS
add_player: SUCCESS
add_player: SUCCESS
add_player: SUCCESS
add_player: SUCCESS
add_player: SUCCESS
add_player: SUCCESS
add_player: SUCCESS
add_player: SUCCESS
add_player: SUCCESS
add_player: SUCCESS
add_player: SUCCESS
add_player: SUCCESS
add_player: SUCCESS
add_player: SUCCESS
add_player: SUCCESS
add_player: SUCCESS
add_player: SUCCESS
add_player: SUCCESS
add_player: SUCCESS
add_player: SUCCESS
add_player: SUCCESS
add_player: SUCCESS
add_player: SUCCESS
add_player: SUCCESS
add_player: SUCCESS
add_player: SUCCESS
add_player: SUCCESS
add_player: SUCCESS
add_player: SUCCESS
add_player: SUCCESS
add_player: SUCCESS
add_player: SUCCESS
add_player: SUCCESS
add_player: SUCCESS
add_player: SUCCESS
add_player: SUCCESS
add_player: SUCCESS
add_player: SUCCESS
add_player: SUCCESS
add_player: SUCCESS
add_player: SUCCESS
add_player: SUCCESS
add_player: SUCCESS
add_player: SUCCESS
add_player: SUCCESS
add_player: SUCCESS
add_player: SUCCESS
add_player: SUCCESS
add_player: SUCCESS
add_player: SUCCESS
add_player: SUCCESS
add_player: SUCCESS
add_player: SUCCESS
add_player: SUCCESS
add_player: SUCCESS
add_player: SUCCESS
add_player: SUCCESS
add_player: SUCCESS
add_player: SUCCESS
add_player: SUCCESS
add_player: SUCCESS
add_player: SUCCESS
add_player: SUCCESS
add_player: SUCCESS
add_player: SUCCESS
add_player: SUCCESS
add_player: SUCCESS
add_player: SUCCESS
add_player: SUCCESS
add_player: SUCCESS
add_player: SUCCESS
add_player: SUCCESS
add_player: SUCCESS
add_player: SUCCESS
add_player: SUCCESS
add_player: SUCCESS
add_player: SUCCESS
add_player: SUCCESS
add_player: SUCCESS
add_player: SUCCESS
add_player: SUCCESS
add_player: SUCCESS
add_player: SUCCESS
add_player: SUCCESS
add_player: SUCCESS
add_player: SUCCESS
add_player: SUCCESS
add_player: SUCCESS
add_player: SUCCESS
add_player: SUCCESS
add_player: SUCCESS
add_player: SUCCESS
add_player: SUCCESS
add_player: SUCCESS
add_player: SUCCESS
add_player: SUCCESS
add_player: SUCCESS
add_player: SUCCESS
add_player: SUCCESS
add_player: SUCCESS
add_player: SUCCESS
add_player: SUCCESS
add_player: SUCCESS
add_player: SUCCESS
add_player: SUCCESS
add_player: SUCCESS
add_player: SUCCESS
add_player: SUCCESS
add_player: SUCCESS
add_player: SUCCESS
add_player: SUCCESS
add_player: SUCCESS
add_player: SUCCESS
add_player: SUCCESS
add_player: SUCCESS
add_player: SUCCESS
add_player: SUCCESS
add_player: SUCCESS
add_player: SUCCESS
add_player: SUCCESS
add_player: SUCCESS
add_player: SUCCESS
add_player: SUCCESS
add_player: SUCCESS
add_player: SUCCESS
add_player: SUCCESS
add_player: SUCCESS
add_player: SUCCESS
add_player: SUCCESS
add_player: SUCCESS
add_player: SUCCESS
add_player: SUCCESS
add_player: SUCCESS
add_player: SUCCESS
add_player: SUCCESS
add_player: SUCCESS
add_player: SUCCESS
add_player: SUCCESS
add_player: SUCCESS
add_player: SUCCESS
add_player: SUCCESS
add_player: SUCCESS
add_player: SUCCESS
add_player: SUCCESS
add_player: SUCCESS
add_player: SUCCESS
add_player: SUCCESS
add_player: SUCCESS
add_player: SUCCESS
add_player: SUCCESS
add_player: SUCCESS
add_player: SUCCESS
add_player: SUCCESS
add_player: SUCCESS
add_player: SUCCESS
add_player: SUCCESS
add_player: SUCCESS
add_player: SUCCESS
add_player: SUCCESS
add_player: SUCCESS
add_player: SUCCESS
add_player: SUCCESS
add_player: SUCCESS
add_player: SUCCESS
add_player: SUCCESS
add_player: SUCCESS
add_player: SUCCESS
add_player: SUCCESS
knockout_winner: SUCCESS, 11
update_player_stats: SUCCESS
add_team: FAILURE
remove_team: FAILURE
get_num_played_games: SUCCESS, 2745
get_all_players_count: SUCCESS, 14
add_team: FAILURE
knockout_winner: SUCCESS, 7
update_player_stats: SUCCESS
remove_player: SUCCESS
get_top_scorer: SUCCESS, 199
get_all_players: SUCCESS
56
14
1
46
90
198
knockout_winner: SUCCESS, 16
add_player: FAILURE
knockout_winner: SUCCESS, 11
get_num_played_games: SUCCESS, 7354
remove_player: SUCCESS
get_closest_player: SUCCESS, 81
get_all_players_count: SUCCESS, 11
get_all_players_count: SUCCESS, 6
add_player: FAILURE
unite_teams: FAILURE
add_team: FAILURE
get_top_scorer: SUCCESS, 199
get_all_players: SUCCESS
179
129
49
55
16
164
66
61
73
186
77
113
117
26
add_player: FAILURE
add_team: FAILURE
knockout_winner: SUCCESS, 18
get_all_players_count: SUCCESS, 14
get_num_played_games: SUCCESS, 10670
play_match: FAILURE
get_team_points: SUCCESS, 9752
get_all_players_count: SUCCESS, 7
add_player: FAILURE
get_all_players: SUCCESS
82
69
152
99
97
44
121
104
75
7
130
get_team_points: SUCCESS, 9252
add_player: FAILURE
play_match: SUCCESS
add_team: FAILURE
remove_team: FAILURE
update_player_stats: SUCCESS
add_player: FAILURE
get_top_scorer: SUCCESS, 38
remove_player: SUCCESS
add_team: FAILURE
get_team_points: SUCCESS, 10664
remove_player: SUCCESS
update_player_stats: SUCCESS
play_match: FAILURE
add_team: FAILURE
get_team_points: SUCCESS, 1345
knockout_winner: SUCCESS, 15
get_num_played_games: SUCCESS, 9894
add_player: FAILURE
update_player_stats: SUCCESS
get_all_players_count: SUCCESS, 9
get_all_players: SUCCESS
157
160
171
127
32
21
get_top_scorer: SUCCESS, 26
add_team: FAILURE
get_all_players_count: SUCCESS, 14
get_closest_player: SUCCESS, 4
add_player: FAILURE
get_team_points: SUCCESS, 3349
knockout_winner: SUCCESS, 11
get_top_scorer: SUCCESS, 48
get_closest_player: SUCCESS, 190
knockout_winner: SUCCESS, 11
unite_teams: FAILURE
get_all_players_count: SUCCESS, 10
add_team: FAILURE
add_player: FAILURE
update_player_stats: SUCCESS
get_top_scorer: SUCCESS, 33
remove_team: FAILURE
play_match: SUCCESS
get_closest_player: SUCCESS, 157
remove_player: SUCCESS
add_team: FAILURE
get_closest_player: SUCCESS, 127
get_num_played_games: SUCCESS, 1789
unite_teams: INVALID_INPUT
get_all_players: SUCCESS
100
180
158
174
193
40
128
29
108
161
200
add_team: FAILURE
get_team_points: SUCCESS, 4301
get_all_players: SUCCESS
25
4
116
64
159
13
187
28
98
175
199
update_player_stats: SUCCESS
add_team: FAILURE
unite_teams: FAILURE
get_top_scorer: SUCCESS, 35
get_all_players: SUCCESS
25
4
116
64
159
13
187
28
98
175
199
remove_team: FAILURE
unite_teams: FAILURE
get_all_players_count: SUCCESS, 11
get_team_points: SUCCESS, 6528
get_top_scorer: SUCCESS, 21
get_top_scorer: SUCCESS, 142
add_team: FAILURE
update_player_stats: SUCCESS
remove_team: FAILURE
unite_teams: FAILURE
add_team: FAILURE
play_match: FAILURE
get_team_points: SUCCESS, 1345
add_player: FAILURE
get_all_players_count: SUCCESS, 11
get_top_scorer: SUCCESS, 21
update_player_stats: SUCCESS
remove_team: FAILURE
knockout_winner: FAILURE
get_num_played_games: SUCCESS, 2745
get_all_players: SUCCESS
179
129
49
55
16
164
66
61
73
186
77
113
117
26
get_all_players_count: SUCCESS, 9
knockout_winner: SUCCESS, 11
get_all_players: SUCCESS
82
69
152
99
97
44
121
104
75
7
130
remove_team: FAILURE
knockout_winner: SUCCESS, 11
add_team: FAILURE
add_player: FAILURE
update_player_stats: SUCCESS
get_top_scorer: SUCCESS, 9
remove_team: FAILURE
get_top_scorer: SUCCESS, 78
play_match: SUCCESS
remove_team: FAILURE
get_team_points: SUCCESS, 9667
get_all_players_count: SUCCESS, 7
play_match: FAILURE
remove_player: SUCCESS
get_top_scorer: SUCCESS, 24
remove_team: FAILURE
get_num_played_games: SUCCESS, 3898
get_closest_player: SUCCESS, 7
get_closest_player: SUCCESS, 17
update_player_stats: SUCCESS
get_num_played_games: SUCCESS, 9319
play_match: FAILURE
remove_player: SUCCESS
remove_player: SUCCESS
remove_team: FAILURE
add_player: FAILURE
play_match: FAILURE
update_player_stats: SUCCESS
knockout_winner: SUCCESS, 3
play_match: FAILURE
remove_team: FAILURE
get_team_points: SUCCESS, 10664
knockout_winner: FAILURE
remove_team: FAILURE
remove_team: FAILURE
remove_team: FAILURE
get_all_players: SUCCESS
100
180
158
174
193
40
128
29
108
161
200
update_player_stats: SUCCESS
get_top_scorer: SUCCESS, 106
get_all_players: SUCCESS
157
160
171
127
32
21
get_top_scorer: SUCCESS, 71
get_num_played_games: SUCCESS, 7221
add_team: FAILURE
remove_team: FAILURE
get_num_played_games: SUCCESS, 10307
get_all_players: SUCCESS
109
19
103
76
86
114
135
118
34
85
8
106
unite_teams: FAILURE
play_match: FAILURE
get_all_players_count: SUCCESS, 9
unite_teams: FAILURE
play_match: FAILURE
knockout_winner: SUCCESS, 17
unite_teams: FAILURE
update_player_stats: SUCCESS
add_team: FAILURE
add_player: FAILURE
add_player: FAILURE
get_num_played_games: SUCCESS, 12597
add_team: FAILURE
add_team: FAILURE
get_num_played_games: SUCCESS, 11078
add_player: FAILURE
add_player: FAILURE
add_player: FAILURE
remove_player: SUCCESS
knockout_winner: SUCCESS, 3
get_all_players: SUCCESS
18
92
2
136
133
6
58
173
195
126
178
139
142
get_all_players_count: SUCCESS, 11
knockout_winner: SUCCESS, 11
add_team: FAILURE
get_all_players_count: SUCCESS, 8
remove_team: FAILURE
update_player_stats: SUCCESS
update_player_stats: SUCCESS
get_all_players: SUCCESS
25
4
116
64
159
13
187
28
98
175
199
update_player_stats: SUCCESS
get_all_players: SUCCESS
188
23
190
43
93
105
184
47
71
remove_team: FAILURE
unite_teams: FAILURE
get_top_scorer: SUCCESS, 9
add_team: FAILURE
get_team_points: SUCCESS, 9271
knockout_winner: SUCCESS, 11
get_team_points: SUCCESS, 2480
get_all_players_count: SUCCESS, 11
get_team_points: SUCCESS, 9667
add_team: FAILURE
get_num_played_games: SUCCESS, 11775
get_team_points: SUCCESS, 2986
add_team: FAILURE
play_match: FAILURE
play_match: FAILURE
knockout_winner: SUCCESS, 16
update_player_stats: SUCCESS
remove_player: SUCCESS
get_team_points: SUCCESS, 9752
get_all_players: SUCCESS
68
91
5
196
45
120
22
62
37
10
170
156
72
remove_team: FAILURE
add_team: FAILURE
remove_player: SUCCESS
get_all_players_count: SUCCESS, 9
add_team: FAILURE
get_num_played_games: SUCCESS, 11996
knockout_winner: SUCCESS, 11
unite_teams: FAILURE
get_closest_player: SUCCESS, 52
get_all_players: SUCCESS
100
180
158
174
193
40
128
29
108
161
200
play_match: FAILURE
add_player: FAILURE
remove_player: SUCCESS
remove_player: SUCCESS
remove_team: FAILURE
get_closest_player: SUCCESS, 89
get_num_played_games: SUCCESS, 4137
get_all_players: SUCCESS
189
52
123
60
53
153
78
remove_player: SUCCESS
unite_teams: FAILURE
get_all_players_count: SUCCESS, 6
unite_teams: FAILURE
update_player_stats: SUCCESS
get_all_players: SUCCESS
181
74
144
84
115
88
50
9
remove_player: SUCCESS
get_closest_player: SUCCESS, 34
unite_teams: FAILURE
update_player_stats: SUCCESS
update_player_stats: SUCCESS
unite_teams: INVALID_INPUT
remove_player: SUCCESS
get_all_players_count: SUCCESS, 6
knockout_winner: SUCCESS, 11
unite_teams: FAILURE
add_player: FAILURE
get_closest_player: SUCCESS, 138
get_top_scorer: SUCCESS, 161
get_num_played_games: SUCCESS, 9030
update_player_stats: SUCCESS
get_all_players_count: SUCCESS, 9
update_player_stats: SUCCESS
get_team_points: SUCCESS, 9752
add_team: FAILURE
add_player: FAILURE
unite_teams: FAILURE
update_player_stats: SUCCESS
knockout_winner: SUCCESS, 11
remove_player: SUCCESS
get_top_scorer: SUCCESS, 26
unite_teams: FAILURE
get_closest_player: SUCCESS, 180
get_closest_player: SUCCESS, 68
remove_player: SUCCESS
update_player_stats: SUCCESS
unite_teams: FAILURE
get_num_played_games: SUCCESS, 5147
play_match: SUCCESS
add_team: FAILURE
update_player_stats: SUCCESS
get_closest_player: SUCCESS, 153
remove_player: SUCCESS
play_match: FAILURE
get_num_played_games: SUCCESS, 6528
play_match: FAILURE
play_match: FAILURE
add_player: FAILURE
get_team_points: SUCCESS, 1066
get_team_points: SUCCESS, 2986
get_all_players: SUCCESS
167
165
57
3
107
110
67
138
183
122
48
get_top_scorer: SUCCESS, 78
get_num_played_games: SUCCESS, 6349
add_team: FAILURE
get_top_scorer: SUCCESS, 147
get_all_players: SUCCESS
124
143
102
65
147
get_team_points: SUCCESS, 2986
get_all_players_count: SUCCESS, 9
get_num_played_games: SUCCESS, 11775
get_num_played_games: SUCCESS, 9451
add_team: FAILURE
knockout_winner: FAILURE
get_num_played_games: SUCCESS, 8652
get_all_players_count: SUCCESS, 10
get_all_players_count: SUCCESS, 6
remove_team: FAILURE
get_closest_player: SUCCESS, 196
add_team: FAILURE
get_all_players: SUCCESS
181
74
144
84
115
88
50
get_closest_player: SUCCESS, 109
unite_teams: FAILURE
play_match: FAILURE
remove_team: FAILURE
get_team_points: SUCCESS, 9286
add_player: FAILURE
remove_team: FAILURE
get_num_played_games: SUCCESS, 5468
add_player: FAILURE
update_player_stats: SUCCESS
play_match: FAILURE
get_all_players_count: SUCCESS, 9
get_num_played_games: SUCCESS, 19537
remove_team: FAILURE
play_match: FAILURE
get_team_points: SUCCESS, 4304
get_closest_player: SUCCESS, 108
remove_team: FAILURE
play_match: FAILURE
get_top_scorer: SUCCESS, 160
add_player: FAILURE
get_num_played_games: SUCCESS, 3288
get_all_players: SUCCESS
179
129
49
55
16
164
66
61
73
186
77
113
117
26
add_team: FAILURE
get_all_players_count: SUCCESS, 5
add_team: FAILURE
play_match: FAILURE
add_player: FAILURE
get_all_players_count: SUCCESS, 6
get_all_players: SUCCESS
42
163
145
20
38
get_top_scorer: SUCCESS, 33
update_player_stats: SUCCESS
get_team_points: SUCCESS, 11423
get_all_players_count: SUCCESS, 7
get_num_played_games: SUCCESS, 3668
get_top_scorer: SUCCESS, 54
update_player_stats: SUCCESS
update_player_stats: SUCCESS
get_all_players_count: SUCCESS, 6
remove_team: FAILURE
knockout_winner: SUCCESS, 6
get_top_scorer: SUCCESS, 48
get_top_scorer: SUCCESS, 26
get_top_scorer: SUCCESS, 54
get_top_scorer: SUCCESS, 48
add_player: FAILURE
get_team_points: SUCCESS, 10664
get_all_players_count: SUCCESS, 12
get_num_played_games: SUCCESS, 3488
add_team: FAILURE
add_player: FAILURE
get_top_scorer: SUCCESS, 38
add_player: FAILURE
get_all_players_count: SUCCESS, 9
add_player: FAILURE
get_top_scorer: SUCCESS, 71
knockout_winner: SUCCESS, 17
remove_team: FAILURE
update_player_stats: SUCCESS
get_top_scorer: SUCCESS, 33
unite_teams: SUCCESS
unite_teams: INVALID_INPUT
add_player: FAILURE
remove_team: FAILURE
get_all_players: SUCCESS
109
19
103
76
86
114
135
118
34
85
8
106
remove_team: FAILURE
unite_teams: FAILURE
remove_player: SUCCESS
update_player_stats: SUCCESS
play_match: FAILURE
update_player_stats: SUCCESS
get_all_players: SUCCESS
124
143
65
147
102
get_closest_player: SUCCESS, 12
get_team_points: SUCCESS, 7320
remove_team: FAILURE
remove_team: FAILURE
get_team_points: SUCCESS, 2480
remove_team: FAILURE
get_top_scorer: SUCCESS, 160
update_player_stats: SUCCESS
add_team: FAILURE
unite_teams: FAILURE
get_all_players: SUCCESS
92
2
133
136
6
58
173
195
126
178
139
142
get_closest_player: SUCCESS, 92
add_player: FAILURE
knockout_winner: SUCCESS, 17
get_all_players_count: SUCCESS, 7
add_player: FAILURE
update_player_stats: SUCCESS
add_team: FAILURE
knockout_winner: SUCCESS, 16
add_team: FAILURE
unite_teams: FAILURE
add_player: FAILURE
get_top_scorer: SUCCESS, 50
play_match: FAILURE
remove_player: SUCCESS
unite_teams: FAILURE
get_team_points: SUCCESS, 9252
remove_team: FAILURE
get_closest_player: SUCCESS, 142
knockout_winner: SUCCESS, 17
get_all_players_count: SUCCESS, 5
remove_team: FAILURE
remove_team: FAILURE
get_all_players_count: SUCCESS, 7
remove_player: SUCCESS
get_team_points: SUCCESS, 9252
get_team_points: SUCCESS, 7320
add_player: FAILURE
get_closest_player: SUCCESS, 14
add_team: FAILURE
update_player_stats: SUCCESS
remove_player: SUCCESS
remove_player: SUCCESS
get_all_players_count: SUCCESS, 9
play_match: FAILURE
play_match: FAILURE
get_num_played_games: SUCCESS, 9665
play_match: FAILURE
get_closest_player: SUCCESS, 176
get_all_players_count: SUCCESS, 14
get_all_players_count: SUCCESS, 12
play_match: FAILURE
get_num_played_games: SUCCESS, 11529
get_top_scorer: SUCCESS, 38
remove_team: FAILURE
get_team_points: SUCCESS, 8173
add_player: FAILURE
add_player: FAILURE
add_player: FAILURE
get_num_played_games: SUCCESS, 9030
unite_teams: FAILURE
get_top_scorer: SUCCESS, 106
update_player_stats: SUCCESS
get_top_scorer: SUCCESS, 50
add_team: FAILURE
remove_team: FAILURE
add_team: FAILURE
remove_player: SUCCESS
unite_teams: FAILURE
play_match: FAILURE
remove_team: FAILURE
get_all_players_count: SUCCESS, 11
knockout_winner: INVALID_INPUT
get_closest_player: SUCCESS, 166
remove_team: FAILURE
add_team: FAILURE
get_all_players: SUCCESS
179
129
49
55
16
66
61
73
164
186
77
113
117
26
get_all_players_count: SUCCESS, 11
add_team: FAILURE
unite_teams: FAILURE
get_closest_player: SUCCESS, 157
add_player: FAILURE
get_team_points: SUCCESS, 3349
get_closest_player: SUCCESS, 167
get_all_players_count: SUCCESS, 5
play_match: FAILURE
get_all_players: SUCCESS
179
129
49
55
16
66
61
73
164
186
77
113
117
26
get_num_played_games: SUCCESS, 5557
get_num_played_games: SUCCESS, 11837
get_closest_player: SUCCESS, 34
play_match: FAILURE
get_all_players_count: SUCCESS, 9
add_player: FAILURE
get_all_players: SUCCESS
87
166
119
36
95
12
149
24
125
191
add_player: FAILURE
get_all_players: SUCCESS
188
23
43
93
105
184
47
71
190
get_top_scorer: SUCCESS, 160
update_player_stats: SUCCESS
remove_team: FAILURE
get_num_played_games: SUCCESS, 6068
remove_team: FAILURE
get_top_scorer: SUCCESS, 106
knockout_winner: SUCCESS, 4
knockout_winner: SUCCESS, 10
unite_teams: FAILURE
remove_player: SUCCESS
add_team: FAILURE
get_all_players: SUCCESS
25
4
64
159
187
28
98
175
199
knockout_winner: SUCCESS, 10
get_top_scorer: SUCCESS, 198
get_top_scorer: SUCCESS, 38
remove_team: FAILURE
get_team_points: SUCCESS, 7320
get_top_scorer: SUCCESS, 7
get_top_scorer: SUCCESS, 72
get_num_played_games: SUCCESS, 1297
update_player_stats: SUCCESS
get_all_players_count: SUCCESS, 6
get_num_played_games: SUCCESS, 2532
get_top_scorer: SUCCESS, 38
remove_player: SUCCESS
unite_teams: SUCCESS
update_player_stats: SUCCESS
get_all_players: SUCCESS
169
15
176
141
131
59
51
33
unite_teams: FAILURE
get_all_players: SUCCESS
150
177
197
30
17
134
31
137
get_num_played_games: SUCCESS, 1013
add_player: FAILURE
remove_player: SUCCESS
add_player: FAILURE
get_all_players_count: SUCCESS, 9
remove_team: FAILURE
get_all_players_count: SUCCESS, 19
play_match: FAILURE
add_team: FAILURE
remove_team: FAILURE
remove_team: FAILURE
remove_team: FAILURE
get_num_played_games: SUCCESS, 4886
unite_teams: FAILURE
update_player_stats: SUCCESS
get_team_points: SUCCESS, 3349
remove_player: SUCCESS
get_all_players: SUCCESS
188
23
43
93
105
184
71
47
190
get_top_scorer: SUCCESS, 50
get_num_played_games: SUCCESS, 3544
unite_teams: FAILURE
remove_team: FAILURE
get_all_players: SUCCESS
163
42
145
20
38
unite_teams: FAILURE
play_match: SUCCESS
play_match: FAILURE
unite_teams: FAILURE
get_closest_player: SUCCESS, 20
play_match: FAILURE
get_all_players_count: SUCCESS, 19
play_match: FAILURE
play_match: FAILURE
get_num_played_games: SUCCESS, 6069
get_all_players_count: SUCCESS, 8
add_player: FAILURE
remove_team: FAILURE
get_all_players_count: SUCCESS, 19
update_player_stats: SUCCESS
add_player: FAILURE
remove_player: SUCCESS
remove_team: FAILURE
get_all_players: SUCCESS
124
143
65
147
102
get_team_points: SUCCESS, 2480
get_all_players_count: SUCCESS, 11
get_closest_player: SUCCESS, 133
get_top_scorer: SUCCESS, 38
get_top_scorer: SUCCESS, 50
get_all_players_count: SUCCESS, 12
add_team: FAILURE
add_team: FAILURE
add_team: FAILURE
remove_team: FAILURE
remove_team: FAILURE
get_num_played_games: SUCCESS, 11175
add_team: FAILURE
get_all_players_count: SUCCESS, 7
get_closest_player: SUCCESS, 171
add_team: FAILURE
get_top_scorer: SUCCESS, 160
get_team_points: SUCCESS, 8173
get_num_played_games: SUCCESS, 11996
get_num_played_games: SUCCESS, 10341
remove_player: SUCCESS
get_all_players: SUCCESS
150
177
197
30
17
134
31
137
get_all_players: SUCCESS
192
167
101
79
165
57
39
3
107
81
110
67
138
183
122
48
140
63
162
add_player: FAILURE
update_player_stats: SUCCESS
play_match: FAILURE
get_all_players_count: SUCCESS, 8
get_num_played_games: SUCCESS, 3898
get_team_points: SUCCESS, 6976
add_player: FAILURE
get_all_players_count: SUCCESS, 5
remove_player: SUCCESS
play_match: FAILURE
get_top_scorer: SUCCESS, 102
get_num_played_games: SUCCESS, 17647
get_top_scorer: SUCCESS, 142
remove_player: SUCCESS
get_closest_player: SUCCESS, 79
unite_teams: FAILURE
play_match: FAILURE
unite_teams: FAILURE
remove_team: FAILURE
add_team: FAILURE
get_all_players_count: SUCCESS, 8
remove_player: SUCCESS
get_team_points: SUCCESS, 10355
remove_team: FAILURE
play_match: FAILURE
remove_player: SUCCESS
get_all_players_count: SUCCESS, 7
knockout_winner: SUCCESS, 6
get_closest_player: SUCCESS, 7
knockout_winner: SUCCESS, 6
get_all_players_count: SUCCESS, 6
get_team_points: SUCCESS, 8173
knockout_winner: FAILURE
get_all_players: SUCCESS
80
27
194
154
148
151
35
get_top_scorer: SUCCESS, 142
play_match: FAILURE
get_num_played_games: SUCCESS, 9496
add_player: FAILURE
get_all_players_count: SUCCESS, 7
update_player_stats: SUCCESS
play_match: FAILURE
get_all_players_count: SUCCESS, 10
unite_teams: SUCCESS
add_player: FAILURE
knockout_winner: FAILURE
get_top_scorer: SUCCESS, 137
get_num_played_games: SUCCESS, 3038
remove_team: FAILURE
knockout_winner: INVALID_INPUT
add_team: FAILURE
add_player: FAILURE
get_team_points: SUCCESS, 6482
get_all_players: SUCCESS
124
143
65
147
102
get_all_players_count: SUCCESS, 7
unite_teams: FAILURE
knockout_winner: FAILURE
remove_player: SUCCESS
play_match: FAILURE
update_player_stats: SUCCESS
get_closest_player: SUCCESS, 50
get_closest_player: SUCCESS, 119
remove_player: SUCCESS
knockout_winner: INVALID_INPUT
get_all_players_count: SUCCESS, 19
add_player: FAILURE
get_top_scorer: SUCCESS, 35
unite_teams: FAILURE
play_match: FAILURE
knockout_winner: SUCCESS, 17
get_all_players: SUCCESS
91
196
120
22
68
37
10
170
45
72
get_team_points: SUCCESS, 2986
unite_teams: FAILURE
get_closest_player: SUCCESS, 115
add_player: FAILURE
add_player: FAILURE
update_player_stats: SUCCESS
get_num_played_games: SUCCESS, 17647
unite_teams: FAILURE
get_closest_player: SUCCESS, 140
get_num_played_games: SUCCESS, 8970
knockout_winner: SUCCESS, 6
knockout_winner: INVALID_INPUT
add_player: FAILURE
update_player_stats: SUCCESS
get_team_points: SUCCESS, 4316
add_team: FAILURE
knockout_winner: FAILURE
get_all_players: SUCCESS
82
99
97
121
104
75
130
7
get_all_players_count: SUCCESS, 7
update_player_stats: SUCCESS
get_all_players: SUCCESS
124
143
65
147
102
knockout_winner: SUCCESS, 6
remove_team: FAILURE
get_team_points: SUCCESS, 10355
get_closest_player: SUCCESS, 137
get_all_players_count: SUCCESS, 19
add_player: FAILURE
get_all_players_count: SUCCESS, 10
add_player: FAILURE
get_all_players_count: SUCCESS, 10
get_top_scorer: SUCCESS, 53
get_all_players_count: SUCCESS, 12
remove_player: SUCCESS
get_closest_player: SUCCESS, 67
unite_teams: FAILURE
remove_team: FAILURE
knockout_winner: SUCCESS, 4
get_all_players: SUCCESS
192
167
101
79
165
57
39
107
81
110
67
138
183
122
48
3
140
63
162
remove_player: SUCCESS
knockout_winner: SUCCESS, 7
update_player_stats: SUCCESS
add_team: FAILURE
get_team_points: SUCCESS, 6528
knockout_winner: SUCCESS, 16
add_team: FAILURE
play_match: FAILURE
remove_team: FAILURE
unite_teams: FAILURE
get_num_played_games: SUCCESS, 3898
update_player_stats: SUCCESS
get_top_scorer: SUCCESS, 53
update_player_stats: SUCCESS
remove_player: SUCCESS
get_top_scorer: SUCCESS, 7
get_num_played_games: SUCCESS, 6349
get_num_played_games: SUCCESS, 11238
unite_teams: SUCCESS
get_team_points: SUCCESS, 2480
get_top_scorer: SUCCESS, 7
get_num_played_games: SUCCESS, 10112
get_closest_player: SUCCESS, 39
update_player_stats: SUCCESS
play_match: FAILURE
get_top_scorer: SUCCESS, 33
get_all_players: SUCCESS
91
196
120
22
68
37
10
170
45
72
get_all_players: SUCCESS
150
177
197
30
17
134
31
137
get_top_scorer: SUCCESS, 137
add_player: FAILURE
get_top_scorer: SUCCESS, 35
get_all_players_count: SUCCESS, 28
get_all_players: SUCCESS
163
42
145
20
38
knockout_winner: INVALID_INPUT
get_all_players_count: SUCCESS, 10
play_match: FAILURE
knockout_winner: SUCCESS, 17
get_num_played_games: SUCCESS, 29598
play_match: INVALID_INPUT
get_top_scorer: SUCCESS, 137
add_player: FAILURE
get_top_scorer: SUCCESS, 102
get_all_players_count: SUCCESS, 7
get_num_played_games: SUCCESS, 1015
remove_player: SUCCESS
get_all_players: SUCCESS
157
171
127
32
21
160
get_top_scorer: SUCCESS, 162
get_closest_player: SUCCESS, 115
remove_player: SUCCESS
remove_player: SUCCESS
play_match: INVALID_INPUT
get_num_played_games: SUCCESS, 2175
add_team: FAILURE
get_all_players_count: SUCCESS, 6
knockout_winner: SUCCESS, 17
get_top_scorer: SUCCESS, 117
get_num_played_games: SUCCESS, 912
get_num_played_games: SUCCESS, 1298
add_team: FAILURE
play_match: FAILURE
get_num_played_games: SUCCESS, 912
remove_team: FAILURE
update_player_stats: SUCCESS
play_match: SUCCESS
get_top_scorer: SUCCESS, 53
remove_player: SUCCESS
get_top_scorer: SUCCESS, 151
get_num_played_games: SUCCESS, 17647
remove_player: SUCCESS
knockout_winner: SUCCESS, 6
remove_player: SUCCESS
add_team: FAILURE
update_player_stats: SUCCESS
get_all_players: SUCCESS
2
133
136
6
58
173
126
178
139
195
142
get_top_scorer: SUCCESS, 38
get_closest_player: SUCCESS, 149
get_num_played_games: SUCCESS, 2555
remove_team: FAILURE
knockout_winner: INVALID_INPUT
remove_team: FAILURE
get_top_scorer: SUCCESS, 102
update_player_stats: SUCCESS
unite_teams: FAILURE
get_all_players: SUCCESS
188
43
93
105
71
47
190
add_team: FAILURE
get_team_points: SUCCESS, 7320
play_match: FAILURE
get_all_players: SUCCESS
25
4
87
64
166
187
119
28
36
95
98
149
199
125
191
24
get_closest_player: SUCCESS, 137
add_player: FAILURE
get_team_points: SUCCESS, 30379
get_num_played_games: SUCCESS, 4841
remove_player: SUCCESS
remove_player: SUCCESS
update_player_stats: SUCCESS
add_player: FAILURE
unite_teams: FAILURE
add_player: FAILURE
add_team: FAILURE
get_all_players: SUCCESS
2
133
136
6
58
173
126
178
139
195
142
get_num_played_games: SUCCESS, 6349
remove_player: SUCCESS
update_player_stats: SUCCESS
knockout_winner: SUCCESS, 7
get_team_points: SUCCESS, 30379
play_match: INVALID_INPUT
unite_teams: FAILURE
update_player_stats: SUCCESS
add_player: FAILURE
unite_teams: FAILURE
remove_player: SUCCESS
unite_teams: FAILURE
remove_team: FAILURE
get_all_players: SUCCESS
15
176
141
131
59
51
33
get_all_players_count: SUCCESS, 16
get_top_scorer: SUCCESS, 102
unite_teams: FAILURE
add_player: FAILURE
get_team_points: SUCCESS, 8173
add_team: FAILURE
knockout_winner: FAILURE
add_team: FAILURE
remove_team: FAILURE
play_match: FAILURE
add_team: FAILURE
get_closest_player: SUCCESS, 77
remove_player: SUCCESS
unite_teams: FAILURE
play_match: FAILURE
get_all_players_count: SUCCESS, 10
get_top_scorer: SUCCESS, 24
get_all_players_count: SUCCESS, 27
get_num_played_games: SUCCESS, 2141
add_player: FAILURE
remove_player: SUCCESS
remove_player: SUCCESS
remove_player: SUCCESS
remove_team: FAILURE
get_all_players_count: SUCCESS, 9
get_closest_player: SUCCESS, 77
add_player: FAILURE
get_team_points: SUCCESS, 1744
add_player: FAILURE
get_all_players_count: SUCCESS, 4
remove_player: SUCCESS
get_all_players_count: SUCCESS, 8
get_all_players_count: SUCCESS, 4
get_all_players_count: SUCCESS, 8
remove_team: FAILURE
get_top_scorer: SUCCESS, 162
unite_teams: FAILURE
get_all_players: SUCCESS
124
143
65
147
102
update_player_stats: SUCCESS
play_match: FAILURE
update_player_stats: SUCCESS
get_all_players_count: SUCCESS, 8
update_player_stats: SUCCESS
get_team_points: SUCCESS, 9252
get_all_players_count: SUCCESS, 7
get_all_players: SUCCESS
150
177
197
30
17
134
137
unite_teams: FAILURE
get_all_players_count: SUCCESS, 7
get_closest_player: SUCCESS, 65
get_closest_player: SUCCESS, 75
remove_team: FAILURE
add_team: FAILURE
add_team: FAILURE
update_player_stats: SUCCESS
get_team_points: SUCCESS, 6528
play_match: FAILURE
remove_player: SUCCESS
unite_teams: INVALID_INPUT
get_num_played_games: SUCCESS, 12949
unite_teams: FAILURE
knockout_winner: INVALID_INPUT
add_team: FAILURE
knockout_winner: SUCCESS, 17
update_player_stats: SUCCESS
get_all_players_count: SUCCESS, 11
remove_team: FAILURE
get_all_players: SUCCESS
82
99
97
121
75
130
7
104
update_player_stats: SUCCESS
get_all_players_count: SUCCESS, 5
play_match: FAILURE
get_team_points: SUCCESS, 1345
get_top_scorer: SUCCESS, 151
unite_teams: FAILURE
get_all_players_count: SUCCESS, 15
add_team: FAILURE
add_team: FAILURE
get_team_points: SUCCESS, 2480
add_team: FAILURE
knockout_winner: FAILURE
add_team: FAILURE
get_team_points: SUCCESS, 8173
add_team: FAILURE
add_player: FAILURE
add_player: FAILURE
get_top_scorer: SUCCESS, 90
get_num_played_games: SUCCESS, 2746
unite_teams: FAILURE
get_closest_player: SUCCESS, 150
get_all_players: SUCCESS
100
129
49
181
55
16
66
158
174
84
74
179
115
88
164
186
77
61
29
108
161
26
193
50
128
117
unite_teams: FAILURE
get_num_played_games: SUCCESS, 12511
get_team_points: SUCCESS, 6528
add_team: FAILURE
remove_team: FAILURE
get_top_scorer: SUCCESS, 38
get_team_points: SUCCESS, 30379
unite_teams: FAILURE
get_team_points: SUCCESS, 6976
play_match: INVALID_INPUT
get_closest_player: SUCCESS, 199
get_top_scorer: SUCCESS, 151
get_all_players_count: SUCCESS, 7
remove_player: SUCCESS
get_closest_player: SUCCESS, 108
update_player_stats: SUCCESS
get_all_players: SUCCESS
80
27
194
148
151
get_all_players: SUCCESS
2
133
136
6
58
126
178
139
195
142
get_top_scorer: SUCCESS, 104
get_team_points: SUCCESS, 6528
play_match: INVALID_INPUT
get_num_played_games: SUCCESS, 1427
play_match: FAILURE
get_team_points: SUCCESS, 2480
remove_team: FAILURE
get_team_points: SUCCESS, 30379
get_num_played_games: SUCCESS, 1485
unite_teams: FAILURE
get_top_scorer: SUCCESS, 8
unite_teams: INVALID_INPUT
remove_team: FAILURE
add_player: FAILURE
get_closest_player: SUCCESS, 71
get_all_players: SUCCESS
124
143
65
147
102
play_match: FAILURE
unite_teams: INVALID_INPUT
get_team_points: SUCCESS, 30379
remove_team: FAILURE
add_player: FAILURE
knockout_winner: FAILURE
add_player: FAILURE
unite_teams: FAILURE
unite_teams: FAILURE
remove_player: SUCCESS
add_team: FAILURE
play_match: FAILURE
get_all_players_count: SUCCESS, 4
get_all_players_count: SUCCESS, 7
get_num_played_games: SUCCESS, 3898
remove_team: FAILURE
remove_team: FAILURE
add_team: FAILURE
remove_team: FAILURE
get_all_players: SUCCESS
192
101
79
57
107
81
110
183
122
48
3
140
165
138
63
162
update_player_stats: SUCCESS
get_all_players: SUCCESS
82
99
97
121
75
130
7
104
get_num_played_games: SUCCESS, 4341
remove_player: SUCCESS
remove_team: FAILURE
add_player: FAILURE
add_player: FAILURE
get_all_players_count: SUCCESS, 7
play_match: FAILURE
remove_team: FAILURE
unite_teams: FAILURE
play_match: FAILURE
get_closest_player: SUCCESS, 183
get_top_scorer: SUCCESS, 53
play_match: FAILURE
get_closest_player: SUCCESS, 161
unite_teams: FAILURE
get_team_points: SUCCESS, 6528
get_team_points: SUCCESS, 1744
update_player_stats: SUCCESS
remove_team: FAILURE
get_num_played_games: SUCCESS, 10341
get_team_points: SUCCESS, 30379
add_player: FAILURE
remove_team: FAILURE
play_match: FAILURE
remove_team: FAILURE
get_closest_player: SUCCESS, 19
get_top_scorer: SUCCESS, 102
get_all_players: SUCCESS
32
171
21
get_num_played_games: SUCCESS, 2326
remove_team: FAILURE
get_top_scorer: SUCCESS, 104
update_player_stats: SUCCESS
get_top_scorer: SUCCESS, 33
add_team: FAILURE
get_all_players: SUCCESS
124
143
65
147
102
remove_team: FAILURE
get_all_players_count: SUCCESS, 10
get_top_scorer: SUCCESS, 53
get_all_players: SUCCESS
32
171
21
get_closest_player: SUCCESS, 22
add_team: FAILURE
update_player_stats: SUCCESS
get_all_players: SUCCESS
91
196
120
22
37
170
45
72
get_closest_player: SUCCESS, 86
update_player_stats: SUCCESS
remove_team: FAILURE
add_team: FAILURE
add_player: FAILURE
unite_teams: SUCCESS
remove_team: FAILURE
play_match: FAILURE
get_all_players: SUCCESS
100
49
181
55
16
66
158
174
84
74
179
115
88
164
186
77
61
29
108
161
26
193
50
128
117
add_team: FAILURE
remove_player: SUCCESS
get_top_scorer: SUCCESS, 104
add_player: FAILURE
remove_player: SUCCESS
get_all_players: SUCCESS
14
46
198
90
get_all_players_count: SUCCESS, 5
get_team_points: SUCCESS, 1345
add_player: FAILURE
remove_team: FAILURE
remove_team: FAILURE
add_player: FAILURE
get_top_scorer: SUCCESS, 33
play_match: FAILURE
get_closest_player: SUCCESS, 122
add_player: FAILURE
play_match: INVALID_INPUT
knockout_winner: FAILURE
update_player_stats: SUCCESS
unite_teams: FAILURE
remove_player: SUCCESS
remove_player: SUCCESS
remove_player: SUCCESS
remove_player: SUCCESS
remove_player: SUCCESS
remove_player: SUCCESS
remove_player: SUCCESS
remove_player: SUCCESS
remove_player: SUCCESS
remove_player: SUCCESS
remove_player: SUCCESS
remove_player: SUCCESS
remove_player: SUCCESS
remove_player: SUCCESS
remove_player: SUCCESS
remove_player: SUCCESS
remove_player: SUCCESS
remove_player: SUCCESS
remove_player: SUCCESS
remove_player: SUCCESS
remove_player: SUCCESS
remove_player: SUCCESS
remove_player: SUCCESS
remove_player: SUCCESS
remove_player: SUCCESS
remove_player: SUCCESS
remove_player: SUCCESS
remove_player: SUCCESS
remove_player: SUCCESS
remove_player: SUCCESS
remove_player: SUCCESS
remove_player: SUCCESS
remove_player: SUCCESS
remove_player: SUCCESS
remove_player: SUCCESS
remove_player: SUCCESS
remove_player: SUCCESS
remove_player: SUCCESS
remove_player: SUCCESS
remove_player: SUCCESS
remove_player: SUCCESS
remove_player: SUCCESS
remove_player: SUCCESS
remove_player: SUCCESS
remove_player: SUCCESS
remove_player: SUCCESS
remove_player: SUCCESS
remove_player: SUCCESS
remove_player: SUCCESS
remove_player: SUCCESS
remove_player: SUCCESS
remove_player: SUCCESS
remove_player: SUCCESS
remove_player: SUCCESS
remove_player: SUCCESS
remove_player: SUCCESS
remove_player: SUCCESS
remove_player: SUCCESS
remove_player: SUCCESS
remove_player: SUCCESS
remove_player: SUCCESS
remove_player: SUCCESS
remove_player: SUCCESS
remove_player: SUCCESS
remove_player: SUCCESS
remove_player: SUCCESS
remove_player: SUCCESS
remove_player: SUCCESS
remove_player: SUCCESS
remove_player: SUCCESS
remove_player: SUCCESS
remove_player: SUCCESS
remove_player: SUCCESS
remove_player: SUCCESS
remove_player: SUCCESS
remove_player: SUCCESS
remove_player: SUCCESS
remove_player: SUCCESS
remove_player: SUCCESS
remove_player: SUCCESS
remove_player: SUCCESS
remove_player: SUCCESS
remove_player: SUCCESS
remove_player: SUCCESS
remove_player: SUCCESS
remove_player: SUCCESS
remove_player: SUCCESS
remove_player: SUCCESS
remove_player: SUCCESS
remove_player: SUCCESS
remove_player: SUCCESS
remove_player: SUCCESS
remove_player: SUCCESS
remove_player: SUCCESS
remove_player: SUCCESS
remove_player: SUCCESS
remove_player: SUCCESS
remove_player: SUCCESS
remove_player: SUCCESS
remove_player: SUCCESS
remove_player: SUCCESS
remove_player: SUCCESS
remove_player: SUCCESS
remove_player: SUCCESS
remove_player: SUCCESS
remove_player: SUCCESS
remove_player: SUCCESS
remove_player: SUCCESS
remove_player: SUCCESS
remove_player: SUCCESS
remove_player: SUCCESS
remove_player: SUCCESS
remove_player: SUCCESS
remove_player: SUCCESS
remove_player: SUCCESS
remove_player: SUCCESS
remove_player: SUCCESS
remove_player: SUCCESS
remove_player: SUCCESS
remove_player: SUCCESS
remove_player: SUCCESS
remove_player: SUCCESS
remove_player: SUCCESS
remove_player: SUCCESS
remove_player: SUCCESS
remove_player: SUCCESS
remove_player: SUCCESS
remove_player: SUCCESS
remove_player: SUCCESS
remove_player: SUCCESS
remove_player: SUCCESS
remove_player: SUCCESS
remove_player: SUCCESS
remove_player: SUCCESS
remove_player: SUCCESS
remove_player: SUCCESS
remove_player: SUCCESS
remove_player: SUCCESS
remove_player: SUCCESS
remove_team: SUCCESS
remove_team: SUCCESS
remove_team: SUCCESS
remove_team: SUCCESS
remove_team: SUCCESS
remove_team: SUCCESS
remove_team: SUCCESS
remove_team: SUCCESS
remove_team: SUCCESS
remove_team: SUCCESS
remove_team: SUCCESS
remove_team: SUCCESS
remove_team: SUCCESS
remove_team: SUCCESS
remove_team: SUCCESS
