add_team: SUCCESS
add_team: SUCCESS
add_team: SUCCESS
add_team: SUCCESS
add_team: SUCCESS
add_team: SUCCESS
add_team: SUCCESS
add_team: SUCCESS
add_team: SUCCESS
add_team: SUCCESS
add_team: SUCCESS
add_team: SUCCESS
add_team: SUCCESS
add_team: SUCCESS
add_team: SUCCESS
add_team: SUCCESS
add_team: SUCCESS
add_team: SUCCESS
add_team: SUCCESS
add_team: SUCCESS
add_player: SUCCESS
add_player: SUCCESS
add_player: SUCCESS
add_player: SUCCESS
add_player: SUCCESS
add_player: SUCCESS
add_player: SUCCESS
add_player: SUCCESS
add_player: SUCCESS
add_player: SUCCESS
add_player: SUCCESS
add_player: SUCCESS
add_player: SUCCESS
add_player: SUCCESS
add_player: SUCCESS
add_player: SUCCESS
add_player: SUCCESS
add_player: SUCCESS
add_player: SUCCESS
add_player: SUCCESS
add_player: SUCCESS
add_player: SUCCESS
add_player: SUCCESS
add_player: SUCCESS
add_player: SUCCESS
add_player: SUCCESS
add_player: SUCCESS
add_player: SUCCESS
add_player: SUCCESS
add_player: SUCCESS
add_player: SUCCESS
add_player: SUCCESS
add_player: SUCCESS
add_player: SUCCESS
add_player: SUCCESS
add_player: SUCCESS
add_player: SUCCESS
add_player: SUCCESS
add_player: SUCCESS
add_player: SUCCESS
add_player: SUCCESS
add_player: SUCCESS
add_player: SUCCESS
add_player: SUCCESS
add_player: SUCCESS
add_player: SUCCESS
add_player: SUCCESS
add_player: SUCCESS
add_player: SUCCESS
add_player: SUCCESS
add_player: SUCCESS
add_player: SUCCESS
add_player: SUCCESS
add_player: SUCCESS
add_player: SUCCESS
add_player: SUCCESS
add_player: SUCCESS
add_player: SUCCESS
add_player: SUCCESS
add_player: SUCCESS
add_player: SUCCESS
add_player: SUCCESS
add_player: SUCCESS
add_player: SUCCESS
add_player: SUCCESS
add_player: SUCCESS
add_player: SUCCESS
add_player: SUCCESS
add_player: SUCCESS
add_player: SUCCESS
add_player: SUCCESS
add_player: SUCCESS
add_player: SUCCESS
add_player: SUCCESS
add_player: SUCCESS
add_player: SUCCESS
add_player: SUCCESS
add_player: SUCCESS
add_player: SUCCESS
add_player: SUCCESS
add_player: SUCCESS
add_player: SUCCESS
add_player: SUCCESS
add_player: SUCCESS
add_player: SUCCESS
add_player: SUCCESS
add_player: SUCCESS
add_player: SUCCESS
add_player: SUCCESS
add_player: SUCCESS
add_player: SUCCESS
add_player: SUCCESS
add_player: SUCCESS
add_player: SUCCESS
add_player: SUCCESS
add_player: SUCCESS
add_player: SUCCESS
add_player: SUCCESS
add_player: SUCCESS
add_player: SUCCESS
add_player: SUCCESS
add_player: SUCCESS
add_player: SUCCESS
add_player: SUCCESS
add_player: SUCCESS
add_player: SUCCESS
add_player: SUCCESS
add_player: SUCCESS
add_player: SUCCESS
add_player: SUCCESS
add_player: SUCCESS
add_player: SUCCESS
add_player: SUCCESS
add_player: SUCCESS
add_player: SUCCESS
add_player: SUCCESS
add_player: SUCCESS
add_player: SUCCESS
add_player: SUCCESS
add_player: SUCCESS
add_player: SUCCESS
add_player: SUCCESS
add_player: SUCCESS
add_player: SUCCESS
add_player: SUCCESS
add_player: SUCCESS
add_player: SUCCESS
add_player: SUCCESS
add_player: SUCCESS
add_player: SUCCESS
add_player: SUCCESS
add_player: SUCCESS
add_player: SUCCESS
add_player: SUCCESS
add_player: SUCCESS
add_player: SUCCESS
add_player: SUCCESS
add_player: SUCCESS
add_player: SUCCESS
add_player: SUCCESS
add_player: SUCCESS
add_player: SUCCESS
add_player: SUCCESS
add_player: SUCCESS
add_player: SUCCESS
add_player: SUCCESS
add_player: SUCCESS
add_player: SUCCESS
add_player: SUCCESS
add_player: SUCCESS
add_player: SUCCESS
add_player: SUCCESS
add_player: SUCCESS
add_player: SUCCESS
add_player: SUCCESS
add_player: SUCCESS
add_player: SUCCESS
add_player: SUCCESS
add_player: SUCCESS
add_player: SUCCESS
add_player: SUCCESS
add_player: SUCCESS
add_player: SUCCESS
add_player: SUCCESS
add_player: SUCCESS
add_player: SUCCESS
add_player: SUCCESS
add_player: SUCCESS
add_player: SUCCESS
add_player: SUCCESS
add_player: SUCCESS
add_player: SUCCESS
add_player: SUCCESS
add_player: SUCCESS
add_player: SUCCESS
add_player: SUCCESS
add_player: SUCCESS
add_player: SUCCESS
add_player: SUCCESS
add_player: SUCCESS
add_player: SUCCESS
add_player: SUCCESS
add_player: SUCCESS
add_player: SUCCESS
add_player: SUCCESS
add_player: SUCCESS
add_player: SUCCESS
add_player: SUCCESS
add_player: SUCCESS
add_player: SUCCESS
add_player: SUCCESS
add_player: SUCCESS
add_player: SUCCESS
add_player: SUCCESS
add_player: SUCCESS
add_player: SUCCESS
add_player: SUCCESS
add_player: SUCCESS
add_player: SUCCESS
add_player: SUCCESS
remove_player: SUCCESS
get_num_played_games: SUCCESS, 6630
get_all_players_count: SUCCESS, 10
get_all_players: SUCCESS
78
90
183
48
101
120
122
149
163
34
10
71
196
get_team_points: SUCCESS, 11002
get_num_played_games: SUCCESS, 6758
get_closest_player: SUCCESS, 125
add_player: FAILURE
remove_team: FAILURE
remove_team: FAILURE
update_player_stats: SUCCESS
unite_teams: FAILURE
unite_teams: FAILURE
get_all_players: SUCCESS
178
76
109
64
107
69
117
24
62
200
165
6
84
146
add_player: FAILURE
get_num_played_games: SUCCESS, 5377
play_match: SUCCESS
play_match: FAILURE
get_closest_player: SUCCESS, 136
add_player: FAILURE
get_team_points: SUCCESS, 712
get_top_scorer: SUCCESS, 192
get_all_players: SUCCESS
162
116
21
94
93
130
remove_player: SUCCESS
knockout_winner: FAILURE
get_all_players: SUCCESS
110
115
91
85
173
167
38
131
9
49
add_team: FAILURE
get_team_points: SUCCESS, 11002
get_team_points: SUCCESS, 11002
update_player_stats: SUCCESS
update_player_stats: SUCCESS
remove_team: FAILURE
get_all_players_count: SUCCESS, 12
play_match: FAILURE
add_team: FAILURE
get_team_points: SUCCESS, 10731
play_match: FAILURE
remove_team: FAILURE
remove_team: FAILURE
get_top_scorer: SUCCESS, 22
add_player: FAILURE
remove_player: SUCCESS
get_closest_player: SUCCESS, 170
update_player_stats: SUCCESS
get_all_players: SUCCESS
178
76
109
64
107
69
117
24
62
200
165
6
84
146
add_team: FAILURE
update_player_stats: SUCCESS
remove_team: FAILURE
get_all_players: SUCCESS
128
97
157
79
75
125
129
158
get_all_players: SUCCESS
47
58
74
105
132
176
150
139
161
4
remove_team: FAILURE
get_all_players_count: SUCCESS, 9
get_top_scorer: SUCCESS, 15
remove_player: SUCCESS
add_team: FAILURE
knockout_winner: SUCCESS, 20
get_closest_player: SUCCESS, 121
get_all_players: SUCCESS
162
116
21
94
93
130
get_num_played_games: SUCCESS, 1839
remove_team: FAILURE
play_match: FAILURE
get_num_played_games: SUCCESS, 4956
get_all_players_count: SUCCESS, 10
get_closest_player: SUCCESS, 102
get_team_points: SUCCESS, 3906
add_team: FAILURE
play_match: FAILURE
knockout_winner: SUCCESS, 14
remove_player: SUCCESS
add_team: FAILURE
add_player: FAILURE
get_num_played_games: SUCCESS, 10418
knockout_winner: SUCCESS, 14
knockout_winner: SUCCESS, 8
remove_team: FAILURE
knockout_winner: SUCCESS, 8
knockout_winner: FAILURE
get_team_points: SUCCESS, 712
update_player_stats: SUCCESS
remove_player: SUCCESS
remove_team: FAILURE
update_player_stats: SUCCESS
knockout_winner: SUCCESS, 9
get_closest_player: SUCCESS, 30
add_team: FAILURE
play_match: FAILURE
unite_teams: FAILURE
add_player: FAILURE
get_closest_player: SUCCESS, 124
remove_player: SUCCESS
get_team_points: SUCCESS, 8407
unite_teams: FAILURE
get_all_players: SUCCESS
116
21
94
93
130
162
update_player_stats: SUCCESS
get_all_players_count: SUCCESS, 8
play_match: FAILURE
play_match: FAILURE
update_player_stats: SUCCESS
unite_teams: FAILURE
add_team: FAILURE
add_team: FAILURE
get_all_players_count: SUCCESS, 12
play_match: FAILURE
get_all_players: SUCCESS
99
185
60
148
43
108
174
1
play_match: FAILURE
add_team: FAILURE
get_top_scorer: SUCCESS, 192
get_num_played_games: SUCCESS, 3398
get_all_players_count: SUCCESS, 8
get_all_players: SUCCESS
23
106
166
68
26
144
30
44
18
143
add_player: FAILURE
unite_teams: FAILURE
add_player: FAILURE
update_player_stats: SUCCESS
remove_player: SUCCESS
get_all_players: SUCCESS
181
95
33
96
82
177
168
192
get_top_scorer: SUCCESS, 158
get_top_scorer: SUCCESS, 81
get_team_points: SUCCESS, 10698
get_all_players: SUCCESS
7
179
151
55
28
52
170
175
67
get_all_players_count: SUCCESS, 6
get_team_points: SUCCESS, 10005
get_team_points: SUCCESS, 712
add_team: FAILURE
remove_player: SUCCESS
add_player: FAILURE
get_num_played_games: SUCCESS, 8260
get_closest_player: SUCCESS, 150
knockout_winner: SUCCESS, 14
remove_team: FAILURE
get_num_played_games: SUCCESS, 3195
add_player: FAILURE
remove_player: SUCCESS
get_num_played_games: SUCCESS, 1470
get_top_scorer: SUCCESS, 142
add_team: FAILURE
update_player_stats: SUCCESS
play_match: FAILURE
add_team: FAILURE
add_player: FAILURE
get_closest_player: SUCCESS, 170
knockout_winner: SUCCESS, 20
play_match: FAILURE
add_team: FAILURE
unite_teams: INVALID_INPUT
get_all_players_count: SUCCESS, 8
play_match: SUCCESS
play_match: FAILURE
remove_team: FAILURE
remove_player: SUCCESS
get_top_scorer: SUCCESS, 189
update_player_stats: SUCCESS
play_match: FAILURE
add_team: FAILURE
play_match: FAILURE
get_closest_player: SUCCESS, 137
add_player: FAILURE
remove_team: FAILURE
play_match: SUCCESS
play_match: SUCCESS
get_all_players: SUCCESS
78
90
183
48
101
120
122
149
163
34
10
196
remove_team: FAILURE
get_top_scorer: SUCCESS, 158
play_match: FAILURE
remove_team: FAILURE
play_match: FAILURE
get_all_players_count: SUCCESS, 8
add_player: FAILURE
get_team_points: SUCCESS, 8113
get_top_scorer: SUCCESS, 22
knockout_winner: SUCCESS, 20
get_num_played_games: SUCCESS, 8260
get_num_played_games: SUCCESS, 277
get_team_points: SUCCESS, 7914
get_team_points: SUCCESS, 10005
get_num_played_games: SUCCESS, 11192
update_player_stats: SUCCESS
unite_teams: FAILURE
get_top_scorer: SUCCESS, 81
get_closest_player: SUCCESS, 109
play_match: FAILURE
get_closest_player: SUCCESS, 180
update_player_stats: SUCCESS
get_top_scorer: SUCCESS, 15
remove_player: SUCCESS
remove_team: FAILURE
get_team_points: SUCCESS, 4091
knockout_winner: SUCCESS, 10
play_match: SUCCESS
play_match: FAILURE
play_match: SUCCESS
get_team_points: SUCCESS, 3211
get_all_players_count: SUCCESS, 10
get_all_players_count: SUCCESS, 8
add_player: FAILURE
add_team: FAILURE
add_player: FAILURE
get_num_played_games: SUCCESS, 3323
get_all_players: SUCCESS
89
42
46
154
63
22
knockout_winner: SUCCESS, 20
add_player: FAILURE
get_all_players_count: SUCCESS, 12
remove_team: FAILURE
get_top_scorer: SUCCESS, 67
get_top_scorer: SUCCESS, 115
remove_player: SUCCESS
get_all_players_count: SUCCESS, 7
get_all_players: SUCCESS
7
179
151
55
28
52
170
175
67
get_top_scorer: SUCCESS, 1
get_all_players: SUCCESS
7
179
151
55
28
52
170
175
67
add_player: FAILURE
get_closest_player: SUCCESS, 172
play_match: SUCCESS
get_num_played_games: SUCCESS, 1740
add_team: FAILURE
get_num_played_games: SUCCESS, 8453
get_team_points: SUCCESS, 641
remove_player: SUCCESS
play_match: FAILURE
get_top_scorer: SUCCESS, 4
update_player_stats: SUCCESS
play_match: FAILURE
get_top_scorer: SUCCESS, 81
unite_teams: FAILURE
get_all_players: SUCCESS
7
179
151
55
28
52
170
175
67
unite_teams: FAILURE
get_top_scorer: SUCCESS, 4
remove_player: SUCCESS
update_player_stats: SUCCESS
get_all_players_count: SUCCESS, 6
get_closest_player: SUCCESS, 12
get_all_players: SUCCESS
99
185
60
148
43
108
174
1
add_team: FAILURE
remove_team: FAILURE
add_team: FAILURE
add_team: FAILURE
knockout_winner: SUCCESS, 13
add_team: FAILURE
knockout_winner: SUCCESS, 20
update_player_stats: SUCCESS
get_num_played_games: SUCCESS, 11654
remove_team: FAILURE
play_match: SUCCESS
play_match: FAILURE
remove_player: SUCCESS
update_player_stats: SUCCESS
update_player_stats: SUCCESS
update_player_stats: SUCCESS
add_player: FAILURE
remove_team: FAILURE
get_team_points: SUCCESS, 8405
get_num_played_games: SUCCESS, 6216
knockout_winner: FAILURE
get_team_points: SUCCESS, 8065
get_all_players_count: SUCCESS, 12
update_player_stats: SUCCESS
remove_team: FAILURE
play_match: INVALID_INPUT
add_player: FAILURE
get_closest_player: SUCCESS, 157
get_all_players: SUCCESS
178
76
109
64
107
69
117
24
62
200
6
84
play_match: FAILURE
remove_team: FAILURE
knockout_winner: SUCCESS, 5
get_closest_player: SUCCESS, 110
play_match: FAILURE
get_all_players: SUCCESS
164
191
103
197
27
37
53
17
156
40
57
112
14
25
119
add_player: FAILURE
add_player: FAILURE
get_top_scorer: SUCCESS, 41
get_team_points: SUCCESS, 4091
get_closest_player: SUCCESS, 62
get_top_scorer: SUCCESS, 162
play_match: FAILURE
get_top_scorer: SUCCESS, 65
get_top_scorer: SUCCESS, 34
get_top_scorer: SUCCESS, 1
get_all_players_count: SUCCESS, 7
remove_team: FAILURE
unite_teams: FAILURE
remove_team: FAILURE
knockout_winner: SUCCESS, 5
get_all_players: SUCCESS
141
190
187
8
31
11
184
19
3
5
35
get_top_scorer: SUCCESS, 65
remove_player: SUCCESS
remove_player: SUCCESS
get_all_players_count: SUCCESS, 7
get_all_players_count: SUCCESS, 11
play_match: FAILURE
get_closest_player: SUCCESS, 108
unite_teams: FAILURE
get_all_players_count: SUCCESS, 8
knockout_winner: SUCCESS, 13
remove_team: FAILURE
get_num_played_games: SUCCESS, 6946
get_team_points: SUCCESS, 641
play_match: FAILURE
knockout_winner: SUCCESS, 20
get_team_points: SUCCESS, 11002
remove_team: FAILURE
unite_teams: FAILURE
update_player_stats: SUCCESS
get_num_played_games: SUCCESS, 3704
play_match: FAILURE
get_num_played_games: SUCCESS, 7668
update_player_stats: SUCCESS
get_top_scorer: SUCCESS, 162
get_all_players_count: SUCCESS, 15
unite_teams: FAILURE
play_match: SUCCESS
get_closest_player: SUCCESS, 147
play_match: FAILURE
update_player_stats: SUCCESS
get_top_scorer: SUCCESS, 15
get_team_points: SUCCESS, 712
remove_player: SUCCESS
knockout_winner: SUCCESS, 5
remove_team: FAILURE
update_player_stats: SUCCESS
get_team_points: SUCCESS, 3906
get_all_players_count: SUCCESS, 7
get_all_players: SUCCESS
7
151
55
28
52
170
67
175
remove_player: SUCCESS
get_all_players_count: SUCCESS, 14
add_player: FAILURE
get_num_played_games: SUCCESS, 11654
play_match: FAILURE
knockout_winner: FAILURE
unite_teams: FAILURE
get_num_played_games: SUCCESS, 3808
remove_player: SUCCESS
unite_teams: FAILURE
add_player: FAILURE
get_all_players: SUCCESS
137
169
32
194
195
12
61
54
159
39
171
81
get_top_scorer: SUCCESS, 158
add_player: FAILURE
knockout_winner: SUCCESS, 13
knockout_winner: SUCCESS, 20
get_num_played_games: SUCCESS, 9057
update_player_stats: SUCCESS
add_player: FAILURE
get_top_scorer: SUCCESS, 102
get_num_played_games: SUCCESS, 6758
unite_teams: FAILURE
get_num_played_games: SUCCESS, 4014
get_closest_player: SUCCESS, 107
remove_player: SUCCESS
play_match: FAILURE
add_team: FAILURE
get_all_players_count: SUCCESS, 4
add_team: FAILURE
play_match: FAILURE
add_player: FAILURE
get_num_played_games: SUCCESS, 11502
get_num_played_games: SUCCESS, 5232
unite_teams: FAILURE
get_all_players_count: SUCCESS, 10
knockout_winner: SUCCESS, 13
unite_teams: SUCCESS
update_player_stats: SUCCESS
unite_teams: FAILURE
add_team: FAILURE
get_all_players_count: SUCCESS, 8
get_closest_player: SUCCESS, 18
get_num_played_games: SUCCESS, 12113
remove_player: SUCCESS
get_all_players_count: SUCCESS, 9
play_match: FAILURE
get_team_points: SUCCESS, 10704
get_team_points: SUCCESS, 641
get_closest_player: SUCCESS, 46
get_closest_player: SUCCESS, 3
knockout_winner: SUCCESS, 13
play_match: FAILURE
get_all_players: SUCCESS
47
58
74
105
132
176
150
139
161
4
update_player_stats: SUCCESS
remove_player: SUCCESS
get_all_players_count: SUCCESS, 12
get_num_played_games: SUCCESS, 9895
get_num_played_games: SUCCESS, 9973
update_player_stats: SUCCESS
add_team: FAILURE
play_match: FAILURE
get_all_players: SUCCESS
95
33
96
82
177
168
181
192
remove_player: SUCCESS
get_num_played_games: SUCCESS, 815
get_all_players: SUCCESS
95
33
96
82
177
168
181
192
play_match: FAILURE
update_player_stats: SUCCESS
add_team: FAILURE
remove_team: FAILURE
add_team: FAILURE
get_all_players_count: SUCCESS, 12
get_closest_player: SUCCESS, 63
remove_player: SUCCESS
play_match: SUCCESS
get_num_played_games: SUCCESS, 11970
play_match: FAILURE
add_team: FAILURE
update_player_stats: SUCCESS
get_num_played_games: SUCCESS, 619
add_player: FAILURE
remove_team: FAILURE
remove_team: FAILURE
get_all_players_count: SUCCESS, 8
get_all_players_count: SUCCESS, 7
play_match: FAILURE
get_top_scorer: SUCCESS, 41
remove_team: FAILURE
knockout_winner: SUCCESS, 13
get_closest_player: SUCCESS, 98
get_all_players: SUCCESS
110
85
173
167
38
131
9
49
115
add_player: FAILURE
unite_teams: FAILURE
get_top_scorer: SUCCESS, 174
get_all_players_count: SUCCESS, 4
get_all_players: SUCCESS
80
2
56
180
87
147
98
193
15
get_num_played_games: SUCCESS, 9833
get_team_points: SUCCESS, 10005
get_all_players_count: SUCCESS, 8
knockout_winner: SUCCESS, 5
get_all_players: SUCCESS
164
191
103
197
27
37
17
156
40
57
112
14
25
119
get_team_points: SUCCESS, 10704
knockout_winner: FAILURE
update_player_stats: SUCCESS
update_player_stats: SUCCESS
knockout_winner: SUCCESS, 19
get_num_played_games: SUCCESS, 1470
get_all_players: SUCCESS
58
74
105
47
132
176
150
139
161
4
get_team_points: SUCCESS, 1802
update_player_stats: SUCCESS
add_team: FAILURE
get_all_players_count: SUCCESS, 18
update_player_stats: SUCCESS
update_player_stats: SUCCESS
remove_player: SUCCESS
get_num_played_games: SUCCESS, 7509
get_all_players_count: SUCCESS, 5
get_num_played_games: SUCCESS, 10580
get_closest_player: SUCCESS, 196
get_team_points: SUCCESS, 4091
update_player_stats: SUCCESS
get_num_played_games: SUCCESS, 6630
update_player_stats: SUCCESS
knockout_winner: SUCCESS, 5
get_team_points: SUCCESS, 4091
play_match: FAILURE
unite_teams: FAILURE
unite_teams: FAILURE
remove_team: FAILURE
update_player_stats: SUCCESS
get_all_players_count: SUCCESS, 8
remove_team: FAILURE
get_all_players: SUCCESS
110
85
173
167
38
131
9
49
115
remove_team: FAILURE
get_num_played_games: SUCCESS, 4257
get_all_players: SUCCESS
80
2
56
180
87
147
98
193
15
knockout_winner: SUCCESS, 13
add_player: FAILURE
get_closest_player: SUCCESS, 139
get_all_players_count: SUCCESS, 12
get_all_players_count: SUCCESS, 7
add_player: FAILURE
unite_teams: FAILURE
unite_teams: FAILURE
get_all_players_count: SUCCESS, 8
unite_teams: FAILURE
get_top_scorer: SUCCESS, 63
remove_team: FAILURE
unite_teams: INVALID_INPUT
unite_teams: FAILURE
update_player_stats: SUCCESS
get_top_scorer: SUCCESS, 102
unite_teams: FAILURE
get_team_points: SUCCESS, 641
get_top_scorer: SUCCESS, 41
get_top_scorer: SUCCESS, 40
unite_teams: FAILURE
unite_teams: FAILURE
get_num_played_games: SUCCESS, 3723
get_all_players: SUCCESS
78
90
48
101
149
163
120
10
196
122
34
get_all_players: SUCCESS
164
191
103
197
27
37
17
156
57
112
14
25
119
40
unite_teams: FAILURE
knockout_winner: SUCCESS, 19
get_team_points: SUCCESS, 6705
get_top_scorer: SUCCESS, 15
get_top_scorer: SUCCESS, 34
get_team_points: SUCCESS, 3906
remove_team: FAILURE
get_top_scorer: SUCCESS, 102
add_team: FAILURE
update_player_stats: SUCCESS
get_all_players_count: SUCCESS, 8
add_team: FAILURE
unite_teams: FAILURE
get_all_players: SUCCESS
164
191
103
197
27
37
17
156
57
112
14
25
119
40
get_closest_player: SUCCESS, 83
unite_teams: FAILURE
get_top_scorer: SUCCESS, 81
play_match: FAILURE
add_team: FAILURE
get_closest_player: SUCCESS, 78
play_match: FAILURE
add_player: FAILURE
get_closest_player: SUCCESS, 27
get_team_points: SUCCESS, 3211
update_player_stats: SUCCESS
get_all_players: SUCCESS
58
74
105
47
132
176
150
139
161
4
update_player_stats: SUCCESS
get_team_points: SUCCESS, 9928
remove_player: SUCCESS
get_all_players: SUCCESS
78
90
48
101
149
163
120
10
122
196
34
get_top_scorer: SUCCESS, 81
get_top_scorer: SUCCESS, 175
play_match: SUCCESS
add_player: FAILURE
get_team_points: SUCCESS, 9928
get_num_played_games: SUCCESS, 4220
remove_player: SUCCESS
knockout_winner: SUCCESS, 5
get_top_scorer: SUCCESS, 69
get_all_players: SUCCESS
152
135
121
86
199
133
160
134
update_player_stats: SUCCESS
play_match: FAILURE
remove_team: FAILURE
knockout_winner: SUCCESS, 13
add_team: FAILURE
get_all_players: SUCCESS
198
88
189
102
play_match: FAILURE
get_closest_player: SUCCESS, 178
update_player_stats: SUCCESS
get_team_points: SUCCESS, 8113
add_team: FAILURE
get_all_players: SUCCESS
128
141
190
97
157
79
187
75
31
11
184
3
129
5
35
125
19
158
add_player: FAILURE
get_num_played_games: SUCCESS, 5234
get_all_players: SUCCESS
116
21
93
162
130
play_match: FAILURE
remove_player: SUCCESS
get_top_scorer: SUCCESS, 34
update_player_stats: SUCCESS
get_team_points: SUCCESS, 3211
add_player: FAILURE
unite_teams: FAILURE
get_team_points: SUCCESS, 11002
add_player: FAILURE
get_all_players_count: SUCCESS, 9
remove_player: SUCCESS
update_player_stats: SUCCESS
get_closest_player: SUCCESS, 122
update_player_stats: SUCCESS
add_player: FAILURE
get_closest_player: SUCCESS, 65
get_top_scorer: SUCCESS, 192
get_all_players: SUCCESS
152
121
135
86
199
133
160
134
knockout_winner: SUCCESS, 10
remove_team: FAILURE
unite_teams: FAILURE
knockout_winner: SUCCESS, 13
get_team_points: SUCCESS, 11002
get_all_players_count: SUCCESS, 8
add_player: FAILURE
get_all_players_count: SUCCESS, 7
get_num_played_games: SUCCESS, 7127
get_all_players_count: SUCCESS, 10
get_all_players: SUCCESS
110
85
173
167
38
131
9
49
115
get_top_scorer: SUCCESS, 41
get_closest_player: SUCCESS, 137
get_all_players: SUCCESS
95
33
96
82
177
168
181
192
add_team: FAILURE
get_team_points: SUCCESS, 641
get_team_points: SUCCESS, 10005
get_num_played_games: SUCCESS, 6384
get_num_played_games: SUCCESS, 9081
get_all_players_count: SUCCESS, 11
add_team: FAILURE
add_player: FAILURE
remove_player: SUCCESS
play_match: FAILURE
add_team: FAILURE
get_all_players: SUCCESS
78
48
101
149
163
90
120
10
122
196
34
remove_player: SUCCESS
remove_team: FAILURE
get_all_players_count: SUCCESS, 10
play_match: FAILURE
knockout_winner: SUCCESS, 5
remove_team: FAILURE
get_num_played_games: SUCCESS, 11123
add_team: FAILURE
remove_player: SUCCESS
remove_player: SUCCESS
remove_team: FAILURE
unite_teams: FAILURE
get_top_scorer: SUCCESS, 42
get_all_players_count: SUCCESS, 4
remove_team: FAILURE
get_all_players_count: SUCCESS, 7
remove_team: FAILURE
get_closest_player: SUCCESS, 109
add_team: FAILURE
get_top_scorer: SUCCESS, 192
remove_team: FAILURE
play_match: FAILURE
update_player_stats: SUCCESS
knockout_winner: SUCCESS, 13
get_team_points: SUCCESS, 11002
play_match: FAILURE
add_team: FAILURE
play_match: FAILURE
remove_team: FAILURE
add_team: FAILURE
add_team: FAILURE
get_closest_player: SUCCESS, 154
get_team_points: SUCCESS, 8405
get_all_players: SUCCESS
110
85
173
167
38
131
9
49
115
play_match: FAILURE
get_all_players: SUCCESS
188
140
172
111
186
59
77
126
72
142
add_team: FAILURE
get_all_players_count: SUCCESS, 6
play_match: FAILURE
get_top_scorer: SUCCESS, 42
add_team: FAILURE
get_top_scorer: SUCCESS, 158
remove_team: FAILURE
get_top_scorer: SUCCESS, 40
update_player_stats: SUCCESS
get_closest_player: SUCCESS, 12
remove_team: FAILURE
knockout_winner: SUCCESS, 13
remove_player: SUCCESS
unite_teams: FAILURE
update_player_stats: SUCCESS
unite_teams: SUCCESS
get_team_points: SUCCESS, 4091
get_team_points: SUCCESS, 10704
knockout_winner: SUCCESS, 5
unite_teams: FAILURE
get_top_scorer: SUCCESS, 192
get_num_played_games: SUCCESS, 12168
get_num_played_games: SUCCESS, 14182
update_player_stats: SUCCESS
get_closest_player: SUCCESS, 174
get_top_scorer: SUCCESS, 158
add_player: FAILURE
remove_team: FAILURE
remove_player: SUCCESS
get_closest_player: SUCCESS, 93
get_all_players: SUCCESS
73
50
7
151
45
55
28
16
153
83
65
170
67
175
get_all_players: SUCCESS
60
148
99
43
185
174
get_all_players_count: SUCCESS, 5
get_top_scorer: SUCCESS, 175
get_num_played_games: SUCCESS, 7725
get_team_points: SUCCESS, 10731
add_player: FAILURE
knockout_winner: INVALID_INPUT
add_player: FAILURE
get_all_players_count: SUCCESS, 11
add_team: FAILURE
update_player_stats: SUCCESS
unite_teams: FAILURE
get_top_scorer: SUCCESS, 41
update_player_stats: SUCCESS
get_num_played_games: SUCCESS, 3790
get_all_players: SUCCESS
198
88
189
102
remove_team: FAILURE
update_player_stats: SUCCESS
unite_teams: FAILURE
get_num_played_games: SUCCESS, 12268
remove_team: FAILURE
get_all_players: SUCCESS
106
166
26
144
30
18
23
143
44
unite_teams: FAILURE
play_match: SUCCESS
get_team_points: SUCCESS, 8065
get_closest_player: SUCCESS, 122
play_match: FAILURE
remove_team: FAILURE
knockout_winner: FAILURE
get_closest_player: SUCCESS, 134
get_num_played_games: SUCCESS, 10313
remove_player: SUCCESS
get_num_played_games: SUCCESS, 205
get_all_players_count: SUCCESS, 7
add_player: FAILURE
add_team: FAILURE
get_team_points: SUCCESS, 8065
remove_team: FAILURE
get_all_players: SUCCESS
78
48
101
149
163
90
120
10
122
196
34
play_match: FAILURE
play_match: FAILURE
get_top_scorer: SUCCESS, 40
remove_team: FAILURE
get_top_scorer: SUCCESS, 142
knockout_winner: SUCCESS, 11
remove_player: SUCCESS
get_top_scorer: SUCCESS, 176
add_player: FAILURE
add_team: FAILURE
remove_player: SUCCESS
play_match: FAILURE
get_all_players_count: SUCCESS, 13
unite_teams: FAILURE
get_team_points: SUCCESS, 18415
update_player_stats: SUCCESS
remove_player: SUCCESS
remove_team: FAILURE
get_all_players_count: SUCCESS, 8
get_all_players_count: SUCCESS, 9
get_top_scorer: SUCCESS, 42
update_player_stats: SUCCESS
remove_player: SUCCESS
get_team_points: SUCCESS, 9928
knockout_winner: SUCCESS, 5
update_player_stats: SUCCESS
get_all_players: SUCCESS
194
169
195
137
12
54
39
171
61
159
32
81
get_team_points: SUCCESS, 7134
get_team_points: SUCCESS, 6705
get_closest_player: SUCCESS, 109
add_team: FAILURE
get_team_points: SUCCESS, 10704
remove_player: SUCCESS
update_player_stats: SUCCESS
remove_player: SUCCESS
get_closest_player: SUCCESS, 166
add_player: FAILURE
add_team: FAILURE
update_player_stats: SUCCESS
unite_teams: FAILURE
play_match: FAILURE
knockout_winner: INVALID_INPUT
add_player: FAILURE
play_match: SUCCESS
add_team: FAILURE
knockout_winner: SUCCESS, 11
knockout_winner: SUCCESS, 5
unite_teams: FAILURE
unite_teams: FAILURE
get_all_players_count: SUCCESS, 5
remove_player: SUCCESS
add_player: FAILURE
knockout_winner: SUCCESS, 11
remove_team: FAILURE
get_all_players_count: SUCCESS, 5
play_match: SUCCESS
get_team_points: SUCCESS, 10704
get_all_players: SUCCESS
80
56
87
98
193
get_team_points: SUCCESS, 11002
knockout_winner: SUCCESS, 13
get_all_players_count: SUCCESS, 8
remove_player: SUCCESS
get_closest_player: SUCCESS, 23
get_all_players: SUCCESS
194
169
195
137
12
54
39
171
61
32
81
remove_player: SUCCESS
get_num_played_games: SUCCESS, 3867
get_all_players_count: SUCCESS, 5
play_match: INVALID_INPUT
get_num_played_games: SUCCESS, 11504
get_all_players: SUCCESS
58
74
105
47
132
139
150
161
4
176
get_all_players: SUCCESS
128
190
157
79
187
31
11
184
3
129
5
35
125
19
158
get_num_played_games: SUCCESS, 851
add_team: FAILURE
knockout_winner: SUCCESS, 19
remove_player: SUCCESS
add_player: FAILURE
get_top_scorer: SUCCESS, 196
get_num_played_games: SUCCESS, 3390
add_team: FAILURE
get_num_played_games: SUCCESS, 4730
remove_team: FAILURE
get_top_scorer: SUCCESS, 196
add_player: FAILURE
get_num_played_games: SUCCESS, 2451
get_all_players: SUCCESS
60
148
99
185
174
get_team_points: SUCCESS, 3211
get_num_played_games: SUCCESS, 6567
update_player_stats: SUCCESS
get_all_players_count: SUCCESS, 9
unite_teams: FAILURE
knockout_winner: SUCCESS, 13
get_num_played_games: SUCCESS, 7671
get_num_played_games: SUCCESS, 19751
unite_teams: FAILURE
unite_teams: SUCCESS
add_team: FAILURE
remove_team: FAILURE
get_all_players: SUCCESS
80
56
87
98
193
remove_team: FAILURE
remove_team: FAILURE
get_all_players_count: SUCCESS, 9
knockout_winner: SUCCESS, 19
unite_teams: FAILURE
get_closest_player: SUCCESS, 170
unite_teams: FAILURE
remove_team: FAILURE
remove_player: SUCCESS
remove_player: SUCCESS
get_all_players: SUCCESS
58
74
105
47
132
139
150
161
4
176
knockout_winner: SUCCESS, 13
get_closest_player: SUCCESS, 12
add_team: FAILURE
get_closest_player: SUCCESS, 51
remove_team: FAILURE
remove_player: SUCCESS
get_num_played_games: SUCCESS, 2451
remove_player: SUCCESS
get_all_players: SUCCESS
80
56
87
98
193
add_player: FAILURE
update_player_stats: SUCCESS
play_match: FAILURE
add_team: FAILURE
play_match: FAILURE
remove_player: SUCCESS
add_team: FAILURE
update_player_stats: SUCCESS
get_num_played_games: SUCCESS, 378
get_closest_player: SUCCESS, 89
remove_player: SUCCESS
knockout_winner: SUCCESS, 13
add_team: FAILURE
get_team_points: SUCCESS, 1832
get_top_scorer: SUCCESS, 142
add_player: FAILURE
knockout_winner: SUCCESS, 13
get_top_scorer: SUCCESS, 51
remove_team: FAILURE
add_player: FAILURE
get_all_players_count: SUCCESS, 19
get_top_scorer: SUCCESS, 14
remove_team: FAILURE
add_team: FAILURE
get_all_players_count: SUCCESS, 19
get_num_played_games: SUCCESS, 583
play_match: FAILURE
remove_team: FAILURE
knockout_winner: SUCCESS, 14
add_player: FAILURE
get_closest_player: SUCCESS, 62
get_closest_player: SUCCESS, 149
remove_team: FAILURE
get_all_players: SUCCESS
136
51
get_all_players: SUCCESS
128
190
157
79
187
31
11
184
3
129
5
35
125
19
158
play_match: FAILURE
get_num_played_games: SUCCESS, 3867
add_player: FAILURE
knockout_winner: FAILURE
get_closest_player: SUCCESS, 76
unite_teams: FAILURE
unite_teams: FAILURE
get_closest_player: SUCCESS, 32
knockout_winner: SUCCESS, 11
add_player: FAILURE
get_team_points: SUCCESS, 8113
update_player_stats: SUCCESS
get_team_points: SUCCESS, 8958
get_top_scorer: SUCCESS, 42
unite_teams: FAILURE
get_all_players_count: SUCCESS, 5
get_num_played_games: SUCCESS, 30475
add_team: FAILURE
get_top_scorer: SUCCESS, 9
get_all_players: SUCCESS
152
121
135
86
199
133
160
update_player_stats: SUCCESS
remove_player: SUCCESS
get_num_played_games: SUCCESS, 12105
remove_team: FAILURE
knockout_winner: SUCCESS, 13
add_player: FAILURE
remove_team: FAILURE
get_all_players: SUCCESS
58
74
105
47
132
150
161
4
176
get_num_played_games: SUCCESS, 6567
remove_player: SUCCESS
get_team_points: SUCCESS, 18424
get_top_scorer: SUCCESS, 174
get_all_players_count: SUCCESS, 19
knockout_winner: SUCCESS, 13
remove_team: FAILURE
unite_teams: FAILURE
get_all_players_count: SUCCESS, 19
get_all_players: SUCCESS
136
51
add_player: FAILURE
add_team: FAILURE
get_closest_player: SUCCESS, 176
add_team: FAILURE
add_player: FAILURE
remove_player: SUCCESS
unite_teams: FAILURE
get_closest_player: SUCCESS, 107
get_team_points: SUCCESS, 8958
knockout_winner: SUCCESS, 13
add_player: FAILURE
get_team_points: SUCCESS, 20281
get_all_players: SUCCESS
76
109
107
64
117
24
62
200
6
69
remove_player: SUCCESS
get_top_scorer: SUCCESS, 51
add_player: FAILURE
play_match: FAILURE
update_player_stats: SUCCESS
get_top_scorer: SUCCESS, 158
get_top_scorer: SUCCESS, 174
get_closest_player: SUCCESS, 89
get_team_points: SUCCESS, 1847
get_top_scorer: SUCCESS, 14
get_team_points: SUCCESS, 8405
add_team: FAILURE
get_closest_player: SUCCESS, 48
get_team_points: SUCCESS, 11002
knockout_winner: SUCCESS, 19
add_player: FAILURE
add_team: FAILURE
get_all_players_count: SUCCESS, 9
knockout_winner: SUCCESS, 13
get_all_players: SUCCESS
76
107
64
117
24
62
200
6
69
get_all_players: SUCCESS
78
101
149
163
90
10
48
122
196
update_player_stats: SUCCESS
update_player_stats: SUCCESS
remove_player: SUCCESS
add_team: FAILURE
get_all_players_count: SUCCESS, 3
play_match: FAILURE
knockout_winner: SUCCESS, 11
play_match: FAILURE
remove_team: FAILURE
get_all_players: SUCCESS
116
21
162
130
knockout_winner: INVALID_INPUT
update_player_stats: SUCCESS
get_num_played_games: SUCCESS, 7064
get_top_scorer: SUCCESS, 193
get_team_points: SUCCESS, 10731
add_team: FAILURE
remove_player: SUCCESS
get_num_played_games: SUCCESS, 19057
unite_teams: FAILURE
get_closest_player: SUCCESS, 119
add_team: FAILURE
get_num_played_games: SUCCESS, 12269
remove_team: FAILURE
add_team: FAILURE
add_player: FAILURE
remove_team: FAILURE
add_player: FAILURE
get_all_players_count: SUCCESS, 12
get_team_points: SUCCESS, 8958
get_all_players: SUCCESS
136
51
play_match: FAILURE
get_num_played_games: SUCCESS, 8104
knockout_winner: SUCCESS, 11
add_team: FAILURE
get_closest_player: SUCCESS, 152
get_num_played_games: SUCCESS, 2030
get_num_played_games: SUCCESS, 14609
add_player: FAILURE
knockout_winner: SUCCESS, 13
unite_teams: FAILURE
get_team_points: SUCCESS, 18424
remove_player: SUCCESS
get_all_players: SUCCESS
95
33
96
82
177
168
181
192
knockout_winner: SUCCESS, 13
knockout_winner: FAILURE
get_all_players_count: SUCCESS, 5
remove_player: SUCCESS
knockout_winner: SUCCESS, 13
get_closest_player: SUCCESS, 12
remove_team: FAILURE
update_player_stats: SUCCESS
add_team: FAILURE
remove_player: SUCCESS
remove_player: SUCCESS
get_top_scorer: SUCCESS, 102
remove_team: FAILURE
remove_team: FAILURE
get_all_players: SUCCESS
106
26
30
18
23
143
166
44
unite_teams: FAILURE
unite_teams: FAILURE
get_team_points: SUCCESS, 641
add_team: FAILURE
update_player_stats: SUCCESS
add_player: FAILURE
remove_player: SUCCESS
get_team_points: SUCCESS, 10731
get_num_played_games: SUCCESS, 5604
add_team: FAILURE
remove_player: SUCCESS
get_closest_player: SUCCESS, 4
remove_team: FAILURE
unite_teams: FAILURE
remove_player: SUCCESS
unite_teams: INVALID_INPUT
get_all_players: SUCCESS
80
56
87
98
193
update_player_stats: SUCCESS
get_top_scorer: SUCCESS, 142
remove_team: FAILURE
get_team_points: SUCCESS, 10796
get_top_scorer: SUCCESS, 160
get_top_scorer: SUCCESS, 174
add_team: FAILURE
remove_team: FAILURE
play_match: FAILURE
get_closest_player: SUCCESS, 47
remove_team: FAILURE
knockout_winner: INVALID_INPUT
add_team: FAILURE
remove_player: SUCCESS
remove_player: SUCCESS
remove_player: SUCCESS
remove_player: SUCCESS
remove_player: SUCCESS
remove_player: SUCCESS
remove_player: SUCCESS
remove_player: SUCCESS
remove_player: SUCCESS
remove_player: SUCCESS
remove_player: SUCCESS
remove_player: SUCCESS
remove_player: SUCCESS
remove_player: SUCCESS
remove_player: SUCCESS
remove_player: SUCCESS
remove_player: SUCCESS
remove_player: SUCCESS
remove_player: SUCCESS
remove_player: SUCCESS
remove_player: SUCCESS
remove_player: SUCCESS
remove_player: SUCCESS
remove_player: SUCCESS
remove_player: SUCCESS
remove_player: SUCCESS
remove_player: SUCCESS
remove_player: SUCCESS
remove_player: SUCCESS
remove_player: SUCCESS
remove_player: SUCCESS
remove_player: SUCCESS
remove_player: SUCCESS
remove_player: SUCCESS
remove_player: SUCCESS
remove_player: SUCCESS
remove_player: SUCCESS
remove_player: SUCCESS
remove_player: SUCCESS
remove_player: SUCCESS
remove_player: SUCCESS
remove_player: SUCCESS
remove_player: SUCCESS
remove_player: SUCCESS
remove_player: SUCCESS
remove_player: SUCCESS
remove_player: SUCCESS
remove_player: SUCCESS
remove_player: SUCCESS
remove_player: SUCCESS
remove_player: SUCCESS
remove_player: SUCCESS
remove_player: SUCCESS
remove_player: SUCCESS
remove_player: SUCCESS
remove_player: SUCCESS
remove_player: SUCCESS
remove_player: SUCCESS
remove_player: SUCCESS
remove_player: SUCCESS
remove_player: SUCCESS
remove_player: SUCCESS
remove_player: SUCCESS
remove_player: SUCCESS
remove_player: SUCCESS
remove_player: SUCCESS
remove_player: SUCCESS
remove_player: SUCCESS
remove_player: SUCCESS
remove_player: SUCCESS
remove_player: SUCCESS
remove_player: SUCCESS
remove_player: SUCCESS
remove_player: SUCCESS
remove_player: SUCCESS
remove_player: SUCCESS
remove_player: SUCCESS
remove_player: SUCCESS
remove_player: SUCCESS
remove_player: SUCCESS
remove_player: SUCCESS
remove_player: SUCCESS
remove_player: SUCCESS
remove_player: SUCCESS
remove_player: SUCCESS
remove_player: SUCCESS
remove_player: SUCCESS
remove_player: SUCCESS
remove_player: SUCCESS
remove_player: SUCCESS
remove_player: SUCCESS
remove_player: SUCCESS
remove_player: SUCCESS
remove_player: SUCCESS
remove_player: SUCCESS
remove_player: SUCCESS
remove_player: SUCCESS
remove_player: SUCCESS
remove_player: SUCCESS
remove_player: SUCCESS
remove_player: SUCCESS
remove_player: SUCCESS
remove_player: SUCCESS
remove_player: SUCCESS
remove_player: SUCCESS
remove_player: SUCCESS
remove_player: SUCCESS
remove_player: SUCCESS
remove_player: SUCCESS
remove_player: SUCCESS
remove_player: SUCCESS
remove_player: SUCCESS
remove_player: SUCCESS
remove_player: SUCCESS
remove_player: SUCCESS
remove_player: SUCCESS
remove_player: SUCCESS
remove_player: SUCCESS
remove_player: SUCCESS
remove_player: SUCCESS
remove_player: SUCCESS
remove_player: SUCCESS
remove_player: SUCCESS
remove_player: SUCCESS
remove_player: SUCCESS
remove_player: SUCCESS
remove_player: SUCCESS
remove_player: SUCCESS
remove_player: SUCCESS
remove_player: SUCCESS
remove_player: SUCCESS
remove_player: SUCCESS
remove_player: SUCCESS
remove_team: SUCCESS
remove_team: SUCCESS
remove_team: SUCCESS
remove_team: SUCCESS
remove_team: SUCCESS
remove_team: SUCCESS
remove_team: SUCCESS
remove_team: SUCCESS
remove_team: SUCCESS
remove_team: SUCCESS
remove_team: SUCCESS
remove_team: SUCCESS
remove_team: SUCCESS
remove_team: SUCCESS
remove_team: SUCCESS
remove_team: SUCCESS
remove_team: SUCCESS
