add_team: SUCCESS
add_team: SUCCESS
add_team: SUCCESS
add_team: SUCCESS
add_team: SUCCESS
add_team: SUCCESS
add_team: SUCCESS
add_team: SUCCESS
add_team: SUCCESS
add_team: SUCCESS
add_team: SUCCESS
add_team: SUCCESS
add_team: SUCCESS
add_team: SUCCESS
add_team: SUCCESS
add_team: SUCCESS
add_team: SUCCESS
add_team: SUCCESS
add_team: SUCCESS
add_team: SUCCESS
add_player: SUCCESS
add_player: SUCCESS
add_player: SUCCESS
add_player: SUCCESS
add_player: SUCCESS
add_player: SUCCESS
add_player: SUCCESS
add_player: SUCCESS
add_player: SUCCESS
add_player: SUCCESS
add_player: SUCCESS
add_player: SUCCESS
add_player: SUCCESS
add_player: SUCCESS
add_player: SUCCESS
add_player: SUCCESS
add_player: SUCCESS
add_player: SUCCESS
add_player: SUCCESS
add_player: SUCCESS
add_player: SUCCESS
add_player: SUCCESS
add_player: SUCCESS
add_player: SUCCESS
add_player: SUCCESS
add_player: SUCCESS
add_player: SUCCESS
add_player: SUCCESS
add_player: SUCCESS
add_player: SUCCESS
add_player: SUCCESS
add_player: SUCCESS
add_player: SUCCESS
add_player: SUCCESS
add_player: SUCCESS
add_player: SUCCESS
add_player: SUCCESS
add_player: SUCCESS
add_player: SUCCESS
add_player: SUCCESS
add_player: SUCCESS
add_player: SUCCESS
add_player: SUCCESS
add_player: SUCCESS
add_player: SUCCESS
add_player: SUCCESS
add_player: SUCCESS
add_player: SUCCESS
add_player: SUCCESS
add_player: SUCCESS
add_player: SUCCESS
add_player: SUCCESS
add_player: SUCCESS
add_player: SUCCESS
add_player: SUCCESS
add_player: SUCCESS
add_player: SUCCESS
add_player: SUCCESS
add_player: SUCCESS
add_player: SUCCESS
add_player: SUCCESS
add_player: SUCCESS
add_player: SUCCESS
add_player: SUCCESS
add_player: SUCCESS
add_player: SUCCESS
add_player: SUCCESS
add_player: SUCCESS
add_player: SUCCESS
add_player: SUCCESS
add_player: SUCCESS
add_player: SUCCESS
add_player: SUCCESS
add_player: SUCCESS
add_player: SUCCESS
add_player: SUCCESS
add_player: SUCCESS
add_player: SUCCESS
add_player: SUCCESS
add_player: SUCCESS
add_player: SUCCESS
add_player: SUCCESS
add_player: SUCCESS
add_player: SUCCESS
add_player: SUCCESS
add_player: SUCCESS
add_player: SUCCESS
add_player: SUCCESS
add_player: SUCCESS
add_player: SUCCESS
add_player: SUCCESS
add_player: SUCCESS
add_player: SUCCESS
add_player: SUCCESS
add_player: SUCCESS
add_player: SUCCESS
add_player: SUCCESS
add_player: SUCCESS
add_player: SUCCESS
add_player: SUCCESS
add_player: SUCCESS
add_player: SUCCESS
add_player: SUCCESS
add_player: SUCCESS
add_player: SUCCESS
add_player: SUCCESS
add_player: SUCCESS
add_player: SUCCESS
add_player: SUCCESS
add_player: SUCCESS
add_player: SUCCESS
add_player: SUCCESS
add_player: SUCCESS
add_player: SUCCESS
add_player: SUCCESS
add_player: SUCCESS
add_player: SUCCESS
add_player: SUCCESS
add_player: SUCCESS
add_player: SUCCESS
add_player: SUCCESS
add_player: SUCCESS
add_player: SUCCESS
add_player: SUCCESS
add_player: SUCCESS
add_player: SUCCESS
add_player: SUCCESS
add_player: SUCCESS
add_player: SUCCESS
add_player: SUCCESS
add_player: SUCCESS
add_player: SUCCESS
add_player: SUCCESS
add_player: SUCCESS
add_player: SUCCESS
add_player: SUCCESS
add_player: SUCCESS
add_player: SUCCESS
add_player: SUCCESS
add_player: SUCCESS
add_player: SUCCESS
add_player: SUCCESS
add_player: SUCCESS
add_player: SUCCESS
add_player: SUCCESS
add_player: SUCCESS
add_player: SUCCESS
add_player: SUCCESS
add_player: SUCCESS
add_player: SUCCESS
add_player: SUCCESS
add_player: SUCCESS
add_player: SUCCESS
add_player: SUCCESS
add_player: SUCCESS
add_player: SUCCESS
add_player: SUCCESS
add_player: SUCCESS
add_player: SUCCESS
add_player: SUCCESS
add_player: SUCCESS
add_player: SUCCESS
add_player: SUCCESS
add_player: SUCCESS
add_player: SUCCESS
add_player: SUCCESS
add_player: SUCCESS
add_player: SUCCESS
add_player: SUCCESS
add_player: SUCCESS
add_player: SUCCESS
add_player: SUCCESS
add_player: SUCCESS
add_player: SUCCESS
add_player: SUCCESS
add_player: SUCCESS
add_player: SUCCESS
add_player: SUCCESS
add_player: SUCCESS
add_player: SUCCESS
add_player: SUCCESS
add_player: SUCCESS
add_player: SUCCESS
add_player: SUCCESS
add_player: SUCCESS
add_player: SUCCESS
add_player: SUCCESS
add_player: SUCCESS
add_player: SUCCESS
add_player: SUCCESS
add_player: SUCCESS
add_player: SUCCESS
add_player: SUCCESS
add_player: SUCCESS
add_player: SUCCESS
add_player: SUCCESS
add_player: SUCCESS
add_player: SUCCESS
add_player: SUCCESS
add_player: SUCCESS
get_all_players_count: SUCCESS, 11
unite_teams: FAILURE
add_player: FAILURE
get_team_points: SUCCESS, 8605
remove_team: FAILURE
update_player_stats: SUCCESS
remove_player: SUCCESS
get_all_players_count: SUCCESS, 9
add_player: FAILURE
remove_team: FAILURE
remove_player: SUCCESS
update_player_stats: SUCCESS
get_all_players_count: SUCCESS, 9
play_match: FAILURE
update_player_stats: SUCCESS
remove_team: FAILURE
add_player: FAILURE
unite_teams: FAILURE
remove_team: FAILURE
get_all_players_count: SUCCESS, 14
update_player_stats: SUCCESS
add_player: FAILURE
get_team_points: SUCCESS, 2652
add_player: FAILURE
get_team_points: SUCCESS, 1273
update_player_stats: SUCCESS
get_num_played_games: SUCCESS, 11667
update_player_stats: SUCCESS
play_match: FAILURE
get_num_played_games: SUCCESS, 11051
update_player_stats: SUCCESS
unite_teams: FAILURE
remove_team: FAILURE
get_top_scorer: SUCCESS, 185
update_player_stats: SUCCESS
update_player_stats: SUCCESS
get_all_players_count: SUCCESS, 9
get_num_played_games: SUCCESS, 90
play_match: FAILURE
get_all_players_count: SUCCESS, 7
get_all_players_count: SUCCESS, 14
get_num_played_games: SUCCESS, 1533
get_team_points: SUCCESS, 2301
get_team_points: SUCCESS, 8809
get_all_players_count: SUCCESS, 10
remove_team: FAILURE
get_team_points: SUCCESS, 1273
get_num_played_games: SUCCESS, 5954
get_team_points: SUCCESS, 10151
add_team: FAILURE
unite_teams: FAILURE
update_player_stats: SUCCESS
unite_teams: FAILURE
get_closest_player: SUCCESS, 87
remove_player: SUCCESS
get_all_players: SUCCESS
142
124
26
169
189
70
52
32
2
add_player: FAILURE
get_num_played_games: SUCCESS, 2545
get_all_players: SUCCESS
99
59
35
110
188
168
72
81
15
get_all_players_count: SUCCESS, 17
get_team_points: SUCCESS, 1273
unite_teams: FAILURE
play_match: FAILURE
add_player: FAILURE
remove_player: SUCCESS
add_player: FAILURE
knockout_winner: FAILURE
knockout_winner: SUCCESS, 7
knockout_winner: SUCCESS, 7
knockout_winner: FAILURE
knockout_winner: INVALID_INPUT
remove_player: SUCCESS
add_player: FAILURE
get_all_players_count: SUCCESS, 9
get_closest_player: SUCCESS, 118
play_match: FAILURE
add_team: FAILURE
add_team: FAILURE
add_player: FAILURE
get_top_scorer: SUCCESS, 107
get_num_played_games: SUCCESS, 2803
add_player: FAILURE
remove_team: FAILURE
play_match: FAILURE
add_team: FAILURE
knockout_winner: SUCCESS, 7
knockout_winner: SUCCESS, 1
knockout_winner: SUCCESS, 1
knockout_winner: FAILURE
knockout_winner: INVALID_INPUT
unite_teams: FAILURE
get_closest_player: SUCCESS, 32
get_closest_player: SUCCESS, 130
get_team_points: SUCCESS, 2301
get_closest_player: SUCCESS, 33
update_player_stats: SUCCESS
remove_team: FAILURE
get_all_players_count: SUCCESS, 11
update_player_stats: SUCCESS
play_match: FAILURE
update_player_stats: SUCCESS
remove_player: SUCCESS
get_closest_player: SUCCESS, 42
knockout_winner: SUCCESS, 7
knockout_winner: SUCCESS, 1
knockout_winner: SUCCESS, 1
knockout_winner: SUCCESS, 19
knockout_winner: FAILURE
remove_team: FAILURE
remove_team: FAILURE
get_all_players: SUCCESS
3
144
38
17
45
60
66
get_closest_player: SUCCESS, 42
add_team: FAILURE
update_player_stats: SUCCESS
get_team_points: SUCCESS, 4224
get_closest_player: SUCCESS, 44
get_team_points: SUCCESS, 4224
get_all_players: SUCCESS
128
63
139
85
61
78
140
125
185
get_team_points: SUCCESS, 5846
add_player: FAILURE
get_all_players_count: SUCCESS, 8
add_player: FAILURE
remove_player: SUCCESS
knockout_winner: SUCCESS, 7
knockout_winner: INVALID_INPUT
knockout_winner: INVALID_INPUT
knockout_winner: SUCCESS, 7
knockout_winner: SUCCESS, 7
get_team_points: SUCCESS, 1273
add_player: FAILURE
get_all_players_count: SUCCESS, 8
get_team_points: SUCCESS, 9718
get_top_scorer: SUCCESS, 40
unite_teams: FAILURE
get_all_players: SUCCESS
180
102
94
200
122
182
5
77
131
80
120
157
98
62
get_team_points: SUCCESS, 191
add_team: FAILURE
get_all_players_count: SUCCESS, 9
add_player: FAILURE
knockout_winner: FAILURE
knockout_winner: SUCCESS, 19
knockout_winner: FAILURE
knockout_winner: FAILURE
knockout_winner: INVALID_INPUT
play_match: FAILURE
get_top_scorer: SUCCESS, 46
play_match: FAILURE
get_top_scorer: SUCCESS, 15
get_team_points: SUCCESS, 2295
update_player_stats: SUCCESS
play_match: FAILURE
add_team: FAILURE
add_player: FAILURE
update_player_stats: SUCCESS
remove_team: FAILURE
get_team_points: SUCCESS, 1273
get_closest_player: SUCCESS, 153
get_all_players: SUCCESS
150
97
149
47
90
23
101
88
184
191
get_closest_player: SUCCESS, 73
remove_team: FAILURE
get_closest_player: SUCCESS, 76
get_closest_player: SUCCESS, 65
add_player: FAILURE
get_num_played_games: SUCCESS, 9126
get_all_players: SUCCESS
186
108
123
75
6
4
27
19
177
113
176
104
update_player_stats: SUCCESS
unite_teams: FAILURE
play_match: FAILURE
update_player_stats: SUCCESS
add_team: FAILURE
get_team_points: SUCCESS, 9718
get_all_players: SUCCESS
180
102
94
200
122
182
5
77
131
80
120
157
98
62
get_all_players_count: SUCCESS, 7
play_match: FAILURE
update_player_stats: SUCCESS
get_top_scorer: SUCCESS, 30
add_player: FAILURE
get_team_points: SUCCESS, 3680
update_player_stats: SUCCESS
get_all_players_count: SUCCESS, 8
unite_teams: FAILURE
get_num_played_games: SUCCESS, 8213
play_match: SUCCESS
get_team_points: SUCCESS, 11688
get_top_scorer: SUCCESS, 40
get_all_players: SUCCESS
14
37
53
162
194
106
119
40
add_player: FAILURE
get_all_players_count: SUCCESS, 17
update_player_stats: SUCCESS
remove_player: SUCCESS
update_player_stats: SUCCESS
add_player: FAILURE
get_closest_player: SUCCESS, 126
add_player: FAILURE
add_team: FAILURE
get_num_played_games: SUCCESS, 2430
play_match: FAILURE
get_team_points: SUCCESS, 2037
add_team: FAILURE
unite_teams: FAILURE
unite_teams: FAILURE
get_num_played_games: SUCCESS, 9113
get_all_players: SUCCESS
164
118
112
187
8
146
117
153
87
get_closest_player: SUCCESS, 92
update_player_stats: SUCCESS
add_player: FAILURE
add_player: FAILURE
knockout_winner: FAILURE
knockout_winner: SUCCESS, 7
knockout_winner: SUCCESS, 7
knockout_winner: SUCCESS, 19
knockout_winner: INVALID_INPUT
play_match: FAILURE
remove_team: FAILURE
get_top_scorer: SUCCESS, 84
get_closest_player: SUCCESS, 72
get_all_players: SUCCESS
9
171
151
152
138
175
86
22
136
173
50
147
137
74
get_all_players_count: SUCCESS, 7
add_team: FAILURE
get_all_players_count: SUCCESS, 12
knockout_winner: FAILURE
knockout_winner: SUCCESS, 7
knockout_winner: SUCCESS, 7
knockout_winner: SUCCESS, 19
knockout_winner: INVALID_INPUT
remove_team: FAILURE
knockout_winner: SUCCESS, 19
knockout_winner: SUCCESS, 19
knockout_winner: FAILURE
knockout_winner: SUCCESS, 19
knockout_winner: INVALID_INPUT
get_top_scorer: SUCCESS, 45
get_all_players_count: SUCCESS, 8
remove_team: FAILURE
add_player: FAILURE
get_all_players: SUCCESS
114
54
198
55
105
161
20
58
unite_teams: FAILURE
play_match: FAILURE
get_closest_player: SUCCESS, 32
unite_teams: FAILURE
add_player: FAILURE
remove_team: FAILURE
get_closest_player: SUCCESS, 28
add_player: FAILURE
get_team_points: SUCCESS, 10771
add_player: FAILURE
knockout_winner: FAILURE
knockout_winner: SUCCESS, 19
knockout_winner: FAILURE
knockout_winner: FAILURE
knockout_winner: INVALID_INPUT
knockout_winner: SUCCESS, 1
knockout_winner: INVALID_INPUT
knockout_winner: INVALID_INPUT
knockout_winner: FAILURE
knockout_winner: INVALID_INPUT
get_all_players: SUCCESS
3
144
17
60
66
38
45
get_closest_player: SUCCESS, 121
add_team: FAILURE
get_all_players: SUCCESS
33
96
18
44
24
39
178
166
30
get_team_points: SUCCESS, 8706
remove_team: FAILURE
get_top_scorer: SUCCESS, 74
get_closest_player: SUCCESS, 69
update_player_stats: SUCCESS
unite_teams: FAILURE
knockout_winner: FAILURE
knockout_winner: SUCCESS, 19
knockout_winner: FAILURE
knockout_winner: SUCCESS, 19
knockout_winner: INVALID_INPUT
knockout_winner: FAILURE
knockout_winner: SUCCESS, 19
knockout_winner: FAILURE
knockout_winner: FAILURE
knockout_winner: INVALID_INPUT
get_all_players_count: SUCCESS, 8
remove_player: SUCCESS
add_player: FAILURE
remove_player: SUCCESS
get_num_played_games: SUCCESS, 5111
play_match: FAILURE
knockout_winner: FAILURE
knockout_winner: SUCCESS, 19
knockout_winner: FAILURE
knockout_winner: FAILURE
knockout_winner: INVALID_INPUT
get_team_points: SUCCESS, 11688
remove_player: SUCCESS
remove_player: SUCCESS
unite_teams: FAILURE
get_all_players_count: SUCCESS, 8
update_player_stats: SUCCESS
update_player_stats: SUCCESS
get_all_players_count: SUCCESS, 14
unite_teams: FAILURE
remove_player: SUCCESS
knockout_winner: FAILURE
knockout_winner: SUCCESS, 19
knockout_winner: FAILURE
knockout_winner: SUCCESS, 19
knockout_winner: INVALID_INPUT
get_all_players_count: SUCCESS, 8
get_team_points: SUCCESS, 2037
add_player: FAILURE
update_player_stats: SUCCESS
add_team: FAILURE
update_player_stats: SUCCESS
add_team: FAILURE
knockout_winner: SUCCESS, 19
knockout_winner: SUCCESS, 19
knockout_winner: FAILURE
knockout_winner: FAILURE
knockout_winner: INVALID_INPUT
get_team_points: SUCCESS, 3680
get_top_scorer: SUCCESS, 30
get_num_played_games: SUCCESS, 2268
get_all_players: SUCCESS
56
93
143
42
46
get_num_played_games: SUCCESS, 4946
remove_team: FAILURE
play_match: FAILURE
knockout_winner: FAILURE
knockout_winner: SUCCESS, 7
knockout_winner: SUCCESS, 7
knockout_winner: SUCCESS, 19
knockout_winner: INVALID_INPUT
get_closest_player: SUCCESS, 26
get_team_points: SUCCESS, 2652
add_team: FAILURE
unite_teams: FAILURE
get_top_scorer: SUCCESS, 29
play_match: FAILURE
remove_team: FAILURE
update_player_stats: SUCCESS
unite_teams: FAILURE
get_all_players: SUCCESS
186
108
123
75
6
4
177
19
113
176
27
104
get_team_points: SUCCESS, 3680
add_player: FAILURE
remove_player: SUCCESS
get_num_played_games: SUCCESS, 3795
unite_teams: FAILURE
add_player: FAILURE
play_match: INVALID_INPUT
knockout_winner: SUCCESS, 7
knockout_winner: SUCCESS, 5
knockout_winner: SUCCESS, 5
knockout_winner: FAILURE
knockout_winner: INVALID_INPUT
get_closest_player: SUCCESS, 197
add_player: FAILURE
get_all_players: SUCCESS
51
7
64
196
155
89
190
170
69
1
21
68
41
11
71
111
193
get_all_players: SUCCESS
180
102
94
200
182
5
122
77
131
120
157
98
62
get_all_players_count: SUCCESS, 9
get_team_points: SUCCESS, 2295
remove_player: SUCCESS
play_match: FAILURE
remove_team: FAILURE
get_num_played_games: SUCCESS, 11585
remove_player: SUCCESS
get_all_players: SUCCESS
9
171
151
152
175
86
22
136
173
50
147
137
74
get_all_players_count: SUCCESS, 9
get_all_players_count: SUCCESS, 13
get_closest_player: SUCCESS, 18
add_player: FAILURE
update_player_stats: SUCCESS
unite_teams: INVALID_INPUT
get_closest_player: SUCCESS, 66
get_num_played_games: SUCCESS, 4099
get_num_played_games: SUCCESS, 1896
get_all_players: SUCCESS
51
7
64
196
155
89
190
170
69
1
21
68
41
11
71
111
193
get_closest_player: SUCCESS, 47
get_closest_player: SUCCESS, 90
add_team: FAILURE
add_player: FAILURE
remove_team: FAILURE
get_all_players: SUCCESS
180
102
94
200
182
5
122
77
131
120
157
98
62
remove_player: SUCCESS
play_match: INVALID_INPUT
unite_teams: SUCCESS
unite_teams: INVALID_INPUT
play_match: FAILURE
get_all_players_count: SUCCESS, 9
add_team: FAILURE
add_team: FAILURE
unite_teams: FAILURE
add_team: FAILURE
get_all_players: SUCCESS
56
93
143
42
46
get_all_players: SUCCESS
180
150
97
102
94
200
182
5
149
122
47
77
90
23
131
101
88
184
120
157
191
98
62
get_all_players_count: SUCCESS, 8
unite_teams: FAILURE
add_player: FAILURE
update_player_stats: SUCCESS
get_team_points: SUCCESS, 2301
add_player: FAILURE
remove_player: SUCCESS
unite_teams: FAILURE
get_all_players_count: SUCCESS, 8
add_player: FAILURE
get_all_players_count: SUCCESS, 8
unite_teams: FAILURE
play_match: FAILURE
play_match: FAILURE
get_num_played_games: SUCCESS, 14502
get_all_players: SUCCESS
108
123
75
6
4
177
19
113
176
27
104
knockout_winner: SUCCESS, 3
knockout_winner: INVALID_INPUT
knockout_winner: INVALID_INPUT
knockout_winner: SUCCESS, 19
knockout_winner: SUCCESS, 7
get_all_players_count: SUCCESS, 9
get_team_points: SUCCESS, 1273
unite_teams: SUCCESS
remove_player: SUCCESS
remove_player: SUCCESS
unite_teams: FAILURE
add_team: FAILURE
remove_player: SUCCESS
remove_player: SUCCESS
remove_player: SUCCESS
remove_team: FAILURE
get_all_players_count: SUCCESS, 9
get_team_points: SUCCESS, 2037
add_player: FAILURE
remove_team: FAILURE
play_match: FAILURE
remove_player: SUCCESS
get_all_players_count: SUCCESS, 9
get_num_played_games: SUCCESS, 252
unite_teams: FAILURE
get_top_scorer: SUCCESS, 115
update_player_stats: SUCCESS
add_team: FAILURE
knockout_winner: SUCCESS, 19
knockout_winner: SUCCESS, 19
knockout_winner: FAILURE
knockout_winner: FAILURE
knockout_winner: INVALID_INPUT
remove_player: SUCCESS
get_top_scorer: SUCCESS, 87
get_all_players: SUCCESS
59
35
110
188
168
72
81
15
get_all_players: SUCCESS
167
165
25
34
174
192
10
115
add_team: FAILURE
get_all_players_count: SUCCESS, 11
get_top_scorer: SUCCESS, 15
get_top_scorer: SUCCESS, 29
add_team: FAILURE
add_team: FAILURE
get_team_points: SUCCESS, 2492
get_all_players: SUCCESS
59
35
110
188
168
72
81
15
knockout_winner: SUCCESS, 19
knockout_winner: SUCCESS, 19
knockout_winner: FAILURE
knockout_winner: FAILURE
knockout_winner: INVALID_INPUT
add_player: FAILURE
add_team: FAILURE
remove_player: SUCCESS
get_num_played_games: SUCCESS, 10220
add_team: FAILURE
unite_teams: FAILURE
update_player_stats: SUCCESS
get_top_scorer: SUCCESS, 40
unite_teams: FAILURE
remove_player: SUCCESS
add_team: FAILURE
get_team_points: SUCCESS, 10771
get_closest_player: SUCCESS, 100
knockout_winner: SUCCESS, 19
knockout_winner: SUCCESS, 7
knockout_winner: SUCCESS, 7
knockout_winner: SUCCESS, 19
knockout_winner: INVALID_INPUT
add_team: FAILURE
add_team: FAILURE
remove_player: SUCCESS
get_num_played_games: SUCCESS, 10282
play_match: FAILURE
update_player_stats: SUCCESS
knockout_winner: SUCCESS, 19
knockout_winner: SUCCESS, 19
knockout_winner: FAILURE
knockout_winner: FAILURE
knockout_winner: INVALID_INPUT
remove_team: FAILURE
get_team_points: SUCCESS, 8413
get_closest_player: SUCCESS, 97
remove_team: FAILURE
get_num_played_games: SUCCESS, 2910
remove_team: FAILURE
update_player_stats: SUCCESS
get_all_players: SUCCESS
51
7
64
196
155
89
190
170
1
21
68
11
71
111
193
knockout_winner: SUCCESS, 8
knockout_winner: SUCCESS, 3
knockout_winner: SUCCESS, 3
knockout_winner: FAILURE
knockout_winner: INVALID_INPUT
get_team_points: SUCCESS, 1273
remove_player: SUCCESS
add_team: FAILURE
remove_team: FAILURE
get_all_players: SUCCESS
128
63
139
85
61
78
140
125
185
get_num_played_games: SUCCESS, 9044
unite_teams: FAILURE
play_match: FAILURE
get_all_players_count: SUCCESS, 9
add_player: FAILURE
play_match: FAILURE
get_num_played_games: SUCCESS, 2595
remove_team: FAILURE
add_team: FAILURE
get_all_players: SUCCESS
56
93
143
42
46
remove_player: SUCCESS
play_match: FAILURE
get_team_points: SUCCESS, 2295
get_team_points: SUCCESS, 8706
update_player_stats: SUCCESS
unite_teams: SUCCESS
add_player: FAILURE
add_player: FAILURE
play_match: FAILURE
add_team: FAILURE
get_num_played_games: SUCCESS, 1496
update_player_stats: SUCCESS
get_num_played_games: SUCCESS, 9622
get_top_scorer: SUCCESS, 193
update_player_stats: SUCCESS
get_closest_player: SUCCESS, 65
get_team_points: SUCCESS, 8706
add_player: FAILURE
knockout_winner: SUCCESS, 8
knockout_winner: SUCCESS, 3
knockout_winner: SUCCESS, 3
knockout_winner: FAILURE
knockout_winner: INVALID_INPUT
remove_team: FAILURE
remove_player: SUCCESS
unite_teams: FAILURE
unite_teams: FAILURE
play_match: SUCCESS
add_player: FAILURE
update_player_stats: SUCCESS
knockout_winner: FAILURE
knockout_winner: SUCCESS, 19
knockout_winner: SUCCESS, 8
knockout_winner: SUCCESS, 19
knockout_winner: INVALID_INPUT
unite_teams: FAILURE
play_match: FAILURE
get_all_players: SUCCESS
51
7
196
155
64
89
190
170
1
21
68
11
71
111
193
get_top_scorer: SUCCESS, 87
remove_team: FAILURE
play_match: FAILURE
get_all_players_count: SUCCESS, 12
get_team_points: SUCCESS, 2298
get_all_players_count: SUCCESS, 15
get_num_played_games: SUCCESS, 11700
remove_team: FAILURE
update_player_stats: SUCCESS
get_top_scorer: SUCCESS, 33
unite_teams: FAILURE
update_player_stats: SUCCESS
get_all_players_count: SUCCESS, 8
unite_teams: FAILURE
add_player: FAILURE
knockout_winner: SUCCESS, 3
knockout_winner: INVALID_INPUT
knockout_winner: INVALID_INPUT
knockout_winner: SUCCESS, 7
knockout_winner: INVALID_INPUT
unite_teams: FAILURE
play_match: FAILURE
add_team: FAILURE
remove_player: SUCCESS
get_top_scorer: SUCCESS, 104
remove_player: SUCCESS
get_all_players_count: SUCCESS, 7
get_all_players: SUCCESS
114
54
133
198
55
141
105
195
132
20
100
145
58
135
29
unite_teams: FAILURE
get_team_points: SUCCESS, 17534
knockout_winner: INVALID_INPUT
knockout_winner: SUCCESS, 7
knockout_winner: INVALID_INPUT
knockout_winner: INVALID_INPUT
knockout_winner: INVALID_INPUT
remove_player: SUCCESS
play_match: FAILURE
get_num_played_games: SUCCESS, 2431
get_top_scorer: SUCCESS, 29
add_team: FAILURE
get_closest_player: SUCCESS, 34
update_player_stats: SUCCESS
get_all_players: SUCCESS
59
35
110
188
168
72
81
15
unite_teams: FAILURE
knockout_winner: FAILURE
knockout_winner: SUCCESS, 19
knockout_winner: SUCCESS, 8
knockout_winner: SUCCESS, 19
knockout_winner: INVALID_INPUT
remove_player: SUCCESS
remove_team: FAILURE
add_team: FAILURE
get_all_players: SUCCESS
114
54
133
198
55
141
105
195
132
20
100
145
58
29
add_team: FAILURE
add_team: FAILURE
get_closest_player: SUCCESS, 174
remove_player: SUCCESS
get_num_played_games: SUCCESS, 423
get_team_points: SUCCESS, 4224
update_player_stats: SUCCESS
play_match: FAILURE
remove_team: FAILURE
get_num_played_games: SUCCESS, 6236
get_closest_player: SUCCESS, 71
get_top_scorer: SUCCESS, 46
get_team_points: SUCCESS, 2298
get_all_players: SUCCESS
165
25
174
34
167
10
115
192
remove_player: SUCCESS
unite_teams: FAILURE
remove_player: SUCCESS
remove_player: SUCCESS
get_team_points: SUCCESS, 9718
remove_team: FAILURE
get_num_played_games: SUCCESS, 8627
remove_player: SUCCESS
play_match: FAILURE
update_player_stats: SUCCESS
get_closest_player: SUCCESS, 5
update_player_stats: SUCCESS
get_all_players: SUCCESS
59
35
110
188
168
72
81
15
get_all_players_count: SUCCESS, 12
unite_teams: FAILURE
get_closest_player: SUCCESS, 106
update_player_stats: SUCCESS
get_all_players: SUCCESS
180
97
102
94
200
182
5
149
122
47
77
90
23
101
150
88
184
120
157
191
98
62
unite_teams: FAILURE
update_player_stats: SUCCESS
get_team_points: SUCCESS, 3680
get_top_scorer: SUCCESS, 134
add_player: FAILURE
unite_teams: FAILURE
get_closest_player: SUCCESS, 39
remove_team: FAILURE
update_player_stats: SUCCESS
play_match: FAILURE
add_team: FAILURE
get_num_played_games: SUCCESS, 1406
play_match: FAILURE
update_player_stats: SUCCESS
get_top_scorer: SUCCESS, 45
play_match: FAILURE
add_player: FAILURE
get_all_players_count: SUCCESS, 22
play_match: FAILURE
get_closest_player: SUCCESS, 122
get_all_players: SUCCESS
9
171
151
175
86
22
173
136
147
137
74
remove_team: FAILURE
get_all_players_count: SUCCESS, 7
update_player_stats: SUCCESS
update_player_stats: SUCCESS
get_all_players: SUCCESS
142
124
26
169
189
70
52
32
2
remove_player: SUCCESS
play_match: FAILURE
play_match: FAILURE
unite_teams: FAILURE
get_top_scorer: SUCCESS, 134
get_closest_player: SUCCESS, 81
update_player_stats: SUCCESS
remove_player: SUCCESS
get_closest_player: SUCCESS, 144
remove_player: SUCCESS
get_team_points: SUCCESS, 9521
update_player_stats: SUCCESS
get_all_players: SUCCESS
109
49
154
130
197
134
knockout_winner: INVALID_INPUT
knockout_winner: SUCCESS, 11
knockout_winner: INVALID_INPUT
knockout_winner: INVALID_INPUT
knockout_winner: INVALID_INPUT
knockout_winner: SUCCESS, 11
knockout_winner: SUCCESS, 8
knockout_winner: FAILURE
knockout_winner: FAILURE
knockout_winner: INVALID_INPUT
add_team: FAILURE
add_team: FAILURE
unite_teams: FAILURE
add_team: FAILURE
get_all_players_count: SUCCESS, 8
get_all_players: SUCCESS
14
53
162
106
119
40
194
add_team: FAILURE
get_closest_player: SUCCESS, 4
play_match: FAILURE
update_player_stats: SUCCESS
add_team: FAILURE
add_player: FAILURE
get_top_scorer: SUCCESS, 193
knockout_winner: FAILURE
knockout_winner: INVALID_INPUT
knockout_winner: INVALID_INPUT
knockout_winner: FAILURE
knockout_winner: INVALID_INPUT
remove_team: FAILURE
add_team: FAILURE
get_closest_player: SUCCESS, 47
get_num_played_games: SUCCESS, 2479
get_team_points: SUCCESS, 1273
get_all_players: SUCCESS
51
7
196
155
64
89
190
170
1
68
11
71
21
111
193
knockout_winner: INVALID_INPUT
knockout_winner: FAILURE
knockout_winner: INVALID_INPUT
knockout_winner: INVALID_INPUT
knockout_winner: INVALID_INPUT
update_player_stats: SUCCESS
get_all_players_count: SUCCESS, 10
get_top_scorer: SUCCESS, 194
remove_team: FAILURE
get_top_scorer: SUCCESS, 62
remove_player: SUCCESS
remove_team: FAILURE
get_top_scorer: SUCCESS, 134
get_team_points: SUCCESS, 4224
unite_teams: FAILURE
update_player_stats: SUCCESS
add_player: FAILURE
add_player: FAILURE
get_num_played_games: SUCCESS, 2119
update_player_stats: SUCCESS
add_team: FAILURE
get_team_points: SUCCESS, 3680
get_num_played_games: SUCCESS, 5268
get_num_played_games: SUCCESS, 6922
get_all_players_count: SUCCESS, 7
update_player_stats: SUCCESS
add_player: FAILURE
get_all_players: SUCCESS
51
7
196
155
64
89
190
170
1
68
11
71
21
111
193
update_player_stats: SUCCESS
get_num_played_games: SUCCESS, 8848
update_player_stats: SUCCESS
get_team_points: SUCCESS, 9521
get_all_players_count: SUCCESS, 15
update_player_stats: SUCCESS
remove_player: SUCCESS
get_closest_player: SUCCESS, 132
add_player: FAILURE
get_team_points: SUCCESS, 4224
remove_player: SUCCESS
remove_team: FAILURE
remove_team: FAILURE
play_match: FAILURE
get_closest_player: SUCCESS, 110
get_num_played_games: SUCCESS, 3795
get_all_players: SUCCESS
35
59
110
188
168
81
15
72
get_all_players: SUCCESS
142
26
169
189
70
52
124
32
2
get_num_played_games: SUCCESS, 10003
update_player_stats: SUCCESS
play_match: FAILURE
add_team: FAILURE
get_closest_player: SUCCESS, 164
get_closest_player: SUCCESS, 118
knockout_winner: FAILURE
knockout_winner: SUCCESS, 3
knockout_winner: FAILURE
knockout_winner: FAILURE
knockout_winner: INVALID_INPUT
get_num_played_games: SUCCESS, 5207
play_match: FAILURE
get_top_scorer: SUCCESS, 2
update_player_stats: SUCCESS
update_player_stats: SUCCESS
get_top_scorer: SUCCESS, 46
remove_team: FAILURE
get_top_scorer: SUCCESS, 181
play_match: FAILURE
get_all_players_count: SUCCESS, 9
remove_team: FAILURE
remove_player: SUCCESS
add_team: FAILURE
get_all_players_count: SUCCESS, 6
get_num_played_games: SUCCESS, 423
get_closest_player: SUCCESS, 139
get_team_points: SUCCESS, 2507
get_all_players: SUCCESS
14
53
162
119
40
106
194
update_player_stats: SUCCESS
get_top_scorer: SUCCESS, 74
remove_player: SUCCESS
remove_player: SUCCESS
unite_teams: FAILURE
get_closest_player: SUCCESS, 45
remove_player: SUCCESS
get_all_players_count: SUCCESS, 15
get_num_played_games: SUCCESS, 19074
remove_player: SUCCESS
update_player_stats: SUCCESS
get_all_players: SUCCESS
142
26
189
70
52
124
169
32
2
get_num_played_games: SUCCESS, 4195
get_all_players: SUCCESS
148
65
28
31
83
163
add_player: FAILURE
get_num_played_games: SUCCESS, 8909
unite_teams: SUCCESS
get_top_scorer: SUCCESS, 74
play_match: FAILURE
add_team: FAILURE
get_num_played_games: SUCCESS, 4793
play_match: FAILURE
play_match: FAILURE
get_team_points: SUCCESS, 2507
remove_team: FAILURE
remove_player: SUCCESS
remove_player: SUCCESS
get_all_players_count: SUCCESS, 8
get_closest_player: SUCCESS, 71
play_match: FAILURE
knockout_winner: FAILURE
knockout_winner: INVALID_INPUT
knockout_winner: INVALID_INPUT
knockout_winner: FAILURE
knockout_winner: INVALID_INPUT
remove_player: SUCCESS
get_team_points: SUCCESS, 3680
unite_teams: SUCCESS
get_num_played_games: SUCCESS, 5640
get_closest_player: SUCCESS, 55
add_player: FAILURE
update_player_stats: SUCCESS
remove_player: SUCCESS
get_team_points: SUCCESS, 42087
get_all_players: SUCCESS
142
26
189
70
52
124
169
32
2
add_team: FAILURE
get_all_players_count: SUCCESS, 7
knockout_winner: SUCCESS, 11
knockout_winner: INVALID_INPUT
knockout_winner: INVALID_INPUT
knockout_winner: SUCCESS, 11
knockout_winner: SUCCESS, 11
get_num_played_games: SUCCESS, 5268
update_player_stats: SUCCESS
get_all_players: SUCCESS
9
171
175
86
22
151
173
136
74
play_match: FAILURE
remove_player: SUCCESS
add_player: FAILURE
get_all_players_count: SUCCESS, 7
remove_team: FAILURE
unite_teams: SUCCESS
get_top_scorer: SUCCESS, 163
knockout_winner: SUCCESS, 19
knockout_winner: SUCCESS, 14
knockout_winner: SUCCESS, 14
knockout_winner: FAILURE
knockout_winner: INVALID_INPUT
get_all_players: SUCCESS
35
59
188
110
168
81
15
72
get_team_points: SUCCESS, 10771
get_closest_player: SUCCESS, 77
knockout_winner: SUCCESS, 19
knockout_winner: SUCCESS, 11
knockout_winner: SUCCESS, 11
knockout_winner: FAILURE
knockout_winner: INVALID_INPUT
update_player_stats: SUCCESS
get_all_players: SUCCESS
51
7
196
155
64
89
170
1
68
11
71
21
111
193
unite_teams: FAILURE
remove_player: SUCCESS
get_all_players: SUCCESS
108
123
75
6
176
27
19
104
add_team: FAILURE
add_team: FAILURE
remove_team: FAILURE
remove_player: SUCCESS
get_all_players: SUCCESS
18
44
39
178
24
166
33
get_top_scorer: SUCCESS, 181
get_closest_player: SUCCESS, 145
get_all_players: SUCCESS
14
53
119
40
106
194
update_player_stats: SUCCESS
remove_team: FAILURE
add_player: FAILURE
get_closest_player: SUCCESS, 22
get_num_played_games: SUCCESS, 12055
get_top_scorer: SUCCESS, 45
remove_player: SUCCESS
play_match: FAILURE
get_all_players: SUCCESS
25
174
167
10
115
192
remove_team: FAILURE
knockout_winner: SUCCESS, 19
knockout_winner: SUCCESS, 14
knockout_winner: SUCCESS, 14
knockout_winner: FAILURE
knockout_winner: INVALID_INPUT
knockout_winner: SUCCESS, 14
knockout_winner: INVALID_INPUT
knockout_winner: INVALID_INPUT
knockout_winner: SUCCESS, 14
knockout_winner: SUCCESS, 11
add_team: FAILURE
update_player_stats: SUCCESS
get_all_players: SUCCESS
9
171
175
86
151
173
136
74
get_closest_player: SUCCESS, 105
remove_player: SUCCESS
get_top_scorer: SUCCESS, 56
remove_player: SUCCESS
get_team_points: SUCCESS, 8614
get_all_players_count: SUCCESS, 8
play_match: FAILURE
add_player: FAILURE
remove_player: SUCCESS
get_all_players_count: SUCCESS, 4
knockout_winner: SUCCESS, 11
knockout_winner: SUCCESS, 14
knockout_winner: FAILURE
knockout_winner: SUCCESS, 14
knockout_winner: INVALID_INPUT
update_player_stats: SUCCESS
get_all_players_count: SUCCESS, 4
get_top_scorer: SUCCESS, 125
get_num_played_games: SUCCESS, 9624
remove_team: FAILURE
get_closest_player: SUCCESS, 98
knockout_winner: SUCCESS, 19
knockout_winner: SUCCESS, 14
knockout_winner: SUCCESS, 14
knockout_winner: FAILURE
knockout_winner: INVALID_INPUT
get_num_played_games: SUCCESS, 8112
knockout_winner: SUCCESS, 14
knockout_winner: INVALID_INPUT
knockout_winner: INVALID_INPUT
knockout_winner: SUCCESS, 14
knockout_winner: SUCCESS, 14
remove_player: SUCCESS
get_num_played_games: SUCCESS, 8745
play_match: FAILURE
update_player_stats: SUCCESS
add_team: FAILURE
get_num_played_games: SUCCESS, 5435
remove_team: FAILURE
remove_team: FAILURE
remove_player: SUCCESS
get_closest_player: SUCCESS, 118
remove_team: FAILURE
update_player_stats: SUCCESS
update_player_stats: SUCCESS
get_all_players_count: SUCCESS, 34
get_num_played_games: SUCCESS, 2206
get_closest_player: SUCCESS, 104
get_num_played_games: SUCCESS, 10880
get_closest_player: SUCCESS, 114
add_team: FAILURE
remove_player: SUCCESS
get_all_players: SUCCESS
143
46
93
56
add_team: FAILURE
add_player: FAILURE
play_match: FAILURE
knockout_winner: INVALID_INPUT
knockout_winner: SUCCESS, 19
knockout_winner: INVALID_INPUT
knockout_winner: INVALID_INPUT
knockout_winner: INVALID_INPUT
remove_team: FAILURE
get_top_scorer: SUCCESS, 56
unite_teams: SUCCESS
unite_teams: FAILURE
play_match: FAILURE
remove_team: FAILURE
play_match: FAILURE
add_player: FAILURE
get_top_scorer: SUCCESS, 194
get_closest_player: SUCCESS, 173
play_match: FAILURE
get_team_points: SUCCESS, 3346
get_all_players_count: SUCCESS, 16
get_all_players: SUCCESS
9
171
175
86
151
173
136
74
get_num_played_games: SUCCESS, 16111
get_top_scorer: SUCCESS, 125
get_closest_player: SUCCESS, 29
add_team: FAILURE
play_match: FAILURE
play_match: FAILURE
knockout_winner: INVALID_INPUT
knockout_winner: SUCCESS, 11
knockout_winner: INVALID_INPUT
knockout_winner: INVALID_INPUT
knockout_winner: INVALID_INPUT
remove_player: SUCCESS
remove_player: SUCCESS
get_top_scorer: SUCCESS, 163
add_player: FAILURE
play_match: FAILURE
get_all_players_count: SUCCESS, 6
get_team_points: SUCCESS, 8614
get_all_players_count: SUCCESS, 8
knockout_winner: SUCCESS, 14
knockout_winner: SUCCESS, 14
knockout_winner: SUCCESS, 14
knockout_winner: SUCCESS, 14
knockout_winner: SUCCESS, 14
remove_player: SUCCESS
get_top_scorer: SUCCESS, 72
get_all_players: SUCCESS
14
53
119
40
106
194
unite_teams: FAILURE
get_team_points: SUCCESS, 8614
add_team: FAILURE
remove_team: FAILURE
add_player: FAILURE
remove_team: FAILURE
get_all_players_count: SUCCESS, 6
play_match: INVALID_INPUT
remove_team: FAILURE
add_team: FAILURE
add_player: FAILURE
knockout_winner: SUCCESS, 14
knockout_winner: INVALID_INPUT
knockout_winner: INVALID_INPUT
knockout_winner: SUCCESS, 14
knockout_winner: SUCCESS, 8
get_top_scorer: SUCCESS, 56
get_team_points: SUCCESS, 18227
update_player_stats: SUCCESS
add_player: FAILURE
knockout_winner: FAILURE
knockout_winner: INVALID_INPUT
knockout_winner: INVALID_INPUT
knockout_winner: SUCCESS, 11
knockout_winner: INVALID_INPUT
get_all_players: SUCCESS
142
26
189
43
52
76
79
124
156
169
107
2
91
32
70
181
unite_teams: FAILURE
remove_team: FAILURE
unite_teams: SUCCESS
play_match: FAILURE
get_closest_player: SUCCESS, 49
remove_player: SUCCESS
add_player: FAILURE
add_player: FAILURE
add_player: FAILURE
add_player: FAILURE
get_num_played_games: SUCCESS, 1906
get_closest_player: SUCCESS, 61
remove_team: FAILURE
knockout_winner: SUCCESS, 14
knockout_winner: SUCCESS, 14
knockout_winner: FAILURE
knockout_winner: SUCCESS, 19
knockout_winner: INVALID_INPUT
remove_team: FAILURE
get_closest_player: SUCCESS, 52
add_player: FAILURE
knockout_winner: INVALID_INPUT
knockout_winner: SUCCESS, 14
knockout_winner: INVALID_INPUT
knockout_winner: INVALID_INPUT
knockout_winner: INVALID_INPUT
get_team_points: SUCCESS, 8413
add_player: FAILURE
add_player: FAILURE
play_match: SUCCESS
get_num_played_games: SUCCESS, 16112
remove_player: SUCCESS
remove_team: FAILURE
get_all_players: SUCCESS
35
59
188
110
168
81
15
72
get_num_played_games: SUCCESS, 9622
play_match: FAILURE
remove_team: FAILURE
get_top_scorer: SUCCESS, 192
get_all_players: SUCCESS
14
53
119
40
106
194
knockout_winner: FAILURE
knockout_winner: INVALID_INPUT
knockout_winner: INVALID_INPUT
knockout_winner: SUCCESS, 8
knockout_winner: INVALID_INPUT
add_team: FAILURE
get_closest_player: SUCCESS, 182
remove_team: FAILURE
get_all_players_count: SUCCESS, 6
get_top_scorer: SUCCESS, 33
knockout_winner: INVALID_INPUT
knockout_winner: SUCCESS, 8
knockout_winner: INVALID_INPUT
knockout_winner: INVALID_INPUT
knockout_winner: INVALID_INPUT
remove_player: SUCCESS
remove_player: SUCCESS
remove_player: SUCCESS
update_player_stats: SUCCESS
update_player_stats: SUCCESS
get_top_scorer: SUCCESS, 104
get_team_points: SUCCESS, 2298
play_match: INVALID_INPUT
get_closest_player: SUCCESS, 60
add_team: FAILURE
get_closest_player: SUCCESS, 56
add_team: FAILURE
add_team: FAILURE
remove_player: SUCCESS
get_team_points: SUCCESS, 4224
add_player: FAILURE
get_team_points: SUCCESS, 8614
get_all_players: SUCCESS
180
114
142
54
133
198
55
102
195
200
182
132
149
26
189
122
90
20
100
52
76
79
105
124
101
47
184
61
85
145
58
156
169
107
62
5
185
140
98
29
23
2
91
70
181
get_team_points: SUCCESS, 8887
get_top_scorer: SUCCESS, 93
update_player_stats: SUCCESS
remove_team: FAILURE
add_team: FAILURE
get_all_players_count: SUCCESS, 6
get_all_players: SUCCESS
143
46
56
93
get_closest_player: SUCCESS, 105
update_player_stats: SUCCESS
add_team: FAILURE
add_player: FAILURE
get_top_scorer: SUCCESS, 193
add_team: FAILURE
get_team_points: SUCCESS, 6700
remove_team: FAILURE
get_all_players_count: SUCCESS, 8
knockout_winner: SUCCESS, 14
knockout_winner: INVALID_INPUT
knockout_winner: INVALID_INPUT
knockout_winner: SUCCESS, 14
knockout_winner: SUCCESS, 14
add_player: FAILURE
unite_teams: FAILURE
get_all_players_count: SUCCESS, 45
update_player_stats: SUCCESS
add_player: FAILURE
update_player_stats: SUCCESS
get_closest_player: SUCCESS, 104
get_all_players_count: SUCCESS, 45
knockout_winner: FAILURE
knockout_winner: SUCCESS, 14
knockout_winner: FAILURE
knockout_winner: SUCCESS, 14
knockout_winner: INVALID_INPUT
get_closest_player: SUCCESS, 178
get_all_players: SUCCESS
9
171
175
86
151
173
136
74
unite_teams: FAILURE
remove_team: FAILURE
knockout_winner: INVALID_INPUT
knockout_winner: SUCCESS, 19
knockout_winner: INVALID_INPUT
knockout_winner: INVALID_INPUT
knockout_winner: INVALID_INPUT
get_team_points: SUCCESS, 9718
play_match: FAILURE
remove_player: SUCCESS
get_closest_player: SUCCESS, 196
add_player: FAILURE
add_team: FAILURE
update_player_stats: SUCCESS
get_num_played_games: SUCCESS, 25061
add_player: FAILURE
remove_team: FAILURE
get_closest_player: SUCCESS, 197
add_player: FAILURE
get_all_players: SUCCESS
158
36
118
164
84
117
67
153
87
8
remove_team: FAILURE
get_closest_player: SUCCESS, 31
remove_team: FAILURE
knockout_winner: INVALID_INPUT
knockout_winner: SUCCESS, 14
knockout_winner: INVALID_INPUT
knockout_winner: INVALID_INPUT
knockout_winner: INVALID_INPUT
get_all_players: SUCCESS
180
114
142
54
133
198
55
102
195
200
132
149
26
189
122
90
20
100
182
52
76
79
105
124
101
47
184
61
85
145
58
156
169
107
62
5
185
140
98
29
23
2
91
70
181
unite_teams: FAILURE
remove_player: SUCCESS
get_closest_player: SUCCESS, 156
get_all_players: SUCCESS
14
53
40
106
119
194
get_all_players: SUCCESS
148
65
28
31
get_closest_player: SUCCESS, 145
remove_player: SUCCESS
unite_teams: FAILURE
get_closest_player: SUCCESS, 65
get_closest_player: SUCCESS, 149
get_num_played_games: SUCCESS, 20329
update_player_stats: SUCCESS
get_all_players: SUCCESS
9
171
175
86
151
173
136
74
get_closest_player: SUCCESS, 196
get_all_players: SUCCESS
109
25
49
167
197
10
115
192
knockout_winner: INVALID_INPUT
knockout_winner: FAILURE
knockout_winner: INVALID_INPUT
knockout_winner: INVALID_INPUT
knockout_winner: INVALID_INPUT
get_closest_player: SUCCESS, 52
get_num_played_games: SUCCESS, 4100
get_num_played_games: SUCCESS, 5133
get_all_players: SUCCESS
18
44
39
178
24
166
33
get_team_points: SUCCESS, 2298
get_num_played_games: SUCCESS, 17455
get_team_points: SUCCESS, 4224
remove_team: FAILURE
add_player: FAILURE
add_team: FAILURE
add_team: FAILURE
get_num_played_games: SUCCESS, 3882
add_player: FAILURE
get_all_players_count: SUCCESS, 8
update_player_stats: SUCCESS
remove_team: FAILURE
knockout_winner: FAILURE
knockout_winner: INVALID_INPUT
knockout_winner: INVALID_INPUT
knockout_winner: FAILURE
knockout_winner: INVALID_INPUT
get_all_players: SUCCESS
158
36
118
164
84
117
67
87
8
add_player: FAILURE
add_team: FAILURE
remove_player: SUCCESS
get_all_players: SUCCESS
143
46
56
93
knockout_winner: SUCCESS, 14
knockout_winner: SUCCESS, 14
knockout_winner: FAILURE
knockout_winner: SUCCESS, 19
knockout_winner: INVALID_INPUT
get_closest_player: SUCCESS, 145
get_all_players_count: SUCCESS, 7
knockout_winner: SUCCESS, 19
knockout_winner: SUCCESS, 14
knockout_winner: SUCCESS, 14
knockout_winner: FAILURE
knockout_winner: INVALID_INPUT
play_match: INVALID_INPUT
remove_team: FAILURE
remove_player: SUCCESS
get_all_players: SUCCESS
3
60
66
17
38
45
get_closest_player: SUCCESS, 132
knockout_winner: SUCCESS, 14
knockout_winner: SUCCESS, 14
knockout_winner: FAILURE
knockout_winner: SUCCESS, 19
knockout_winner: INVALID_INPUT
unite_teams: FAILURE
get_top_scorer: SUCCESS, 93
add_player: FAILURE
knockout_winner: INVALID_INPUT
knockout_winner: INVALID_INPUT
knockout_winner: INVALID_INPUT
knockout_winner: INVALID_INPUT
knockout_winner: INVALID_INPUT
knockout_winner: FAILURE
knockout_winner: INVALID_INPUT
knockout_winner: INVALID_INPUT
knockout_winner: FAILURE
knockout_winner: INVALID_INPUT
remove_team: FAILURE
knockout_winner: INVALID_INPUT
knockout_winner: INVALID_INPUT
knockout_winner: INVALID_INPUT
knockout_winner: INVALID_INPUT
knockout_winner: INVALID_INPUT
get_all_players_count: SUCCESS, 13
get_team_points: SUCCESS, 3680
get_all_players: SUCCESS
3
60
66
17
38
45
get_all_players: SUCCESS
9
171
175
86
151
173
136
get_top_scorer: SUCCESS, 104
add_team: FAILURE
get_all_players: SUCCESS
148
65
28
31
remove_player: SUCCESS
remove_player: SUCCESS
remove_player: SUCCESS
remove_player: SUCCESS
remove_player: SUCCESS
remove_player: SUCCESS
remove_player: SUCCESS
remove_player: SUCCESS
remove_player: SUCCESS
remove_player: SUCCESS
remove_player: SUCCESS
remove_player: SUCCESS
remove_player: SUCCESS
remove_player: SUCCESS
remove_player: SUCCESS
remove_player: SUCCESS
remove_player: SUCCESS
remove_player: SUCCESS
remove_player: SUCCESS
remove_player: SUCCESS
remove_player: SUCCESS
remove_player: SUCCESS
remove_player: SUCCESS
remove_player: SUCCESS
remove_player: SUCCESS
remove_player: SUCCESS
remove_player: SUCCESS
remove_player: SUCCESS
remove_player: SUCCESS
remove_player: SUCCESS
remove_player: SUCCESS
remove_player: SUCCESS
remove_player: SUCCESS
remove_player: SUCCESS
remove_player: SUCCESS
remove_player: SUCCESS
remove_player: SUCCESS
remove_player: SUCCESS
remove_player: SUCCESS
remove_player: SUCCESS
remove_player: SUCCESS
remove_player: SUCCESS
remove_player: SUCCESS
remove_player: SUCCESS
remove_player: SUCCESS
remove_player: SUCCESS
remove_player: SUCCESS
remove_player: SUCCESS
remove_player: SUCCESS
remove_player: SUCCESS
remove_player: SUCCESS
remove_player: SUCCESS
remove_player: SUCCESS
remove_player: SUCCESS
remove_player: SUCCESS
remove_player: SUCCESS
remove_player: SUCCESS
remove_player: SUCCESS
remove_player: SUCCESS
remove_player: SUCCESS
remove_player: SUCCESS
remove_player: SUCCESS
remove_player: SUCCESS
remove_player: SUCCESS
remove_player: SUCCESS
remove_player: SUCCESS
remove_player: SUCCESS
remove_player: SUCCESS
remove_player: SUCCESS
remove_player: SUCCESS
remove_player: SUCCESS
remove_player: SUCCESS
remove_player: SUCCESS
remove_player: SUCCESS
remove_player: SUCCESS
remove_player: SUCCESS
remove_player: SUCCESS
remove_player: SUCCESS
remove_player: SUCCESS
remove_player: SUCCESS
remove_player: SUCCESS
remove_player: SUCCESS
remove_player: SUCCESS
remove_player: SUCCESS
remove_player: SUCCESS
remove_player: SUCCESS
remove_player: SUCCESS
remove_player: SUCCESS
remove_player: SUCCESS
remove_player: SUCCESS
remove_player: SUCCESS
remove_player: SUCCESS
remove_player: SUCCESS
remove_player: SUCCESS
remove_player: SUCCESS
remove_player: SUCCESS
remove_player: SUCCESS
remove_player: SUCCESS
remove_player: SUCCESS
remove_player: SUCCESS
remove_player: SUCCESS
remove_player: SUCCESS
remove_player: SUCCESS
remove_player: SUCCESS
remove_player: SUCCESS
remove_player: SUCCESS
remove_player: SUCCESS
remove_player: SUCCESS
remove_player: SUCCESS
remove_player: SUCCESS
remove_player: SUCCESS
remove_player: SUCCESS
remove_player: SUCCESS
remove_player: SUCCESS
remove_player: SUCCESS
remove_player: SUCCESS
remove_player: SUCCESS
remove_player: SUCCESS
remove_player: SUCCESS
remove_player: SUCCESS
remove_player: SUCCESS
remove_team: SUCCESS
remove_team: SUCCESS
remove_team: SUCCESS
remove_team: SUCCESS
remove_team: SUCCESS
remove_team: SUCCESS
remove_team: SUCCESS
remove_team: SUCCESS
remove_team: SUCCESS
remove_team: SUCCESS
remove_team: SUCCESS
remove_team: SUCCESS
