add_team: SUCCESS
add_team: SUCCESS
add_team: SUCCESS
add_team: SUCCESS
add_team: SUCCESS
add_team: SUCCESS
add_team: SUCCESS
add_team: SUCCESS
add_team: SUCCESS
add_team: SUCCESS
add_team: SUCCESS
add_team: SUCCESS
add_team: SUCCESS
add_team: SUCCESS
add_team: SUCCESS
add_team: SUCCESS
add_team: SUCCESS
add_team: SUCCESS
add_team: SUCCESS
add_team: SUCCESS
add_player: SUCCESS
add_player: SUCCESS
add_player: SUCCESS
add_player: SUCCESS
add_player: SUCCESS
add_player: SUCCESS
add_player: SUCCESS
add_player: SUCCESS
add_player: SUCCESS
add_player: SUCCESS
add_player: SUCCESS
add_player: SUCCESS
add_player: SUCCESS
add_player: SUCCESS
add_player: SUCCESS
add_player: SUCCESS
add_player: SUCCESS
add_player: SUCCESS
add_player: SUCCESS
add_player: SUCCESS
add_player: SUCCESS
add_player: SUCCESS
add_player: SUCCESS
add_player: SUCCESS
add_player: SUCCESS
add_player: SUCCESS
add_player: SUCCESS
add_player: SUCCESS
add_player: SUCCESS
add_player: SUCCESS
add_player: SUCCESS
add_player: SUCCESS
add_player: SUCCESS
add_player: SUCCESS
add_player: SUCCESS
add_player: SUCCESS
add_player: SUCCESS
add_player: SUCCESS
add_player: SUCCESS
add_player: SUCCESS
add_player: SUCCESS
add_player: SUCCESS
add_player: SUCCESS
add_player: SUCCESS
add_player: SUCCESS
add_player: SUCCESS
add_player: SUCCESS
add_player: SUCCESS
add_player: SUCCESS
add_player: SUCCESS
add_player: SUCCESS
add_player: SUCCESS
add_player: SUCCESS
add_player: SUCCESS
add_player: SUCCESS
add_player: SUCCESS
add_player: SUCCESS
add_player: SUCCESS
add_player: SUCCESS
add_player: SUCCESS
add_player: SUCCESS
add_player: SUCCESS
add_player: SUCCESS
add_player: SUCCESS
add_player: SUCCESS
add_player: SUCCESS
add_player: SUCCESS
add_player: SUCCESS
add_player: SUCCESS
add_player: SUCCESS
add_player: SUCCESS
add_player: SUCCESS
add_player: SUCCESS
add_player: SUCCESS
add_player: SUCCESS
add_player: SUCCESS
add_player: SUCCESS
add_player: SUCCESS
add_player: SUCCESS
add_player: SUCCESS
add_player: SUCCESS
add_player: SUCCESS
add_player: SUCCESS
add_player: SUCCESS
add_player: SUCCESS
add_player: SUCCESS
add_player: SUCCESS
add_player: SUCCESS
add_player: SUCCESS
add_player: SUCCESS
add_player: SUCCESS
add_player: SUCCESS
add_player: SUCCESS
add_player: SUCCESS
add_player: SUCCESS
add_player: SUCCESS
add_player: SUCCESS
add_player: SUCCESS
add_player: SUCCESS
add_player: SUCCESS
add_player: SUCCESS
add_player: SUCCESS
add_player: SUCCESS
add_player: SUCCESS
add_player: SUCCESS
add_player: SUCCESS
add_player: SUCCESS
add_player: SUCCESS
add_player: SUCCESS
add_player: SUCCESS
add_player: SUCCESS
add_player: SUCCESS
add_player: SUCCESS
add_player: SUCCESS
add_player: SUCCESS
add_player: SUCCESS
add_player: SUCCESS
add_player: SUCCESS
add_player: SUCCESS
add_player: SUCCESS
add_player: SUCCESS
add_player: SUCCESS
add_player: SUCCESS
add_player: SUCCESS
add_player: SUCCESS
add_player: SUCCESS
add_player: SUCCESS
add_player: SUCCESS
add_player: SUCCESS
add_player: SUCCESS
add_player: SUCCESS
add_player: SUCCESS
add_player: SUCCESS
add_player: SUCCESS
add_player: SUCCESS
add_player: SUCCESS
add_player: SUCCESS
add_player: SUCCESS
add_player: SUCCESS
add_player: SUCCESS
add_player: SUCCESS
add_player: SUCCESS
add_player: SUCCESS
add_player: SUCCESS
add_player: SUCCESS
add_player: SUCCESS
add_player: SUCCESS
add_player: SUCCESS
add_player: SUCCESS
add_player: SUCCESS
add_player: SUCCESS
add_player: SUCCESS
add_player: SUCCESS
add_player: SUCCESS
add_player: SUCCESS
add_player: SUCCESS
add_player: SUCCESS
add_player: SUCCESS
add_player: SUCCESS
add_player: SUCCESS
add_player: SUCCESS
add_player: SUCCESS
add_player: SUCCESS
add_player: SUCCESS
add_player: SUCCESS
add_player: SUCCESS
add_player: SUCCESS
add_player: SUCCESS
add_player: SUCCESS
add_player: SUCCESS
add_player: SUCCESS
add_player: SUCCESS
add_player: SUCCESS
add_player: SUCCESS
add_player: SUCCESS
add_player: SUCCESS
add_player: SUCCESS
add_player: SUCCESS
add_player: SUCCESS
add_player: SUCCESS
add_player: SUCCESS
add_player: SUCCESS
add_player: SUCCESS
add_player: SUCCESS
add_player: SUCCESS
add_player: SUCCESS
add_player: SUCCESS
add_player: SUCCESS
add_player: SUCCESS
add_player: SUCCESS
add_player: SUCCESS
add_player: SUCCESS
add_player: SUCCESS
add_player: SUCCESS
add_player: SUCCESS
add_player: SUCCESS
add_player: SUCCESS
add_player: SUCCESS
add_player: SUCCESS
add_player: SUCCESS
add_player: FAILURE
update_player_stats: SUCCESS
get_num_played_games: SUCCESS, 11350
add_player: FAILURE
add_team: FAILURE
get_closest_player: SUCCESS, 9
update_player_stats: SUCCESS
get_closest_player: SUCCESS, 49
get_num_played_games: SUCCESS, 11350
get_all_players: SUCCESS
173
195
75
194
29
31
82
149
54
147
180
138
remove_player: SUCCESS
remove_team: FAILURE
add_player: FAILURE
remove_player: SUCCESS
get_all_players: SUCCESS
43
176
45
133
174
151
160
124
104
40
get_num_played_games: SUCCESS, 9057
play_match: FAILURE
knockout_winner: SUCCESS, 18
get_top_scorer: SUCCESS, 168
get_num_played_games: SUCCESS, 9200
get_closest_player: SUCCESS, 34
knockout_winner: SUCCESS, 8
get_team_points: SUCCESS, 1381
add_player: FAILURE
get_all_players: SUCCESS
18
178
161
143
191
99
28
19
add_player: FAILURE
add_team: FAILURE
get_top_scorer: SUCCESS, 50
get_num_played_games: SUCCESS, 40
remove_team: FAILURE
remove_team: FAILURE
remove_team: FAILURE
remove_team: FAILURE
get_all_players: SUCCESS
173
195
75
194
29
31
82
149
54
147
180
138
remove_player: SUCCESS
get_all_players_count: SUCCESS, 7
get_all_players_count: SUCCESS, 11
get_top_scorer: SUCCESS, 131
get_num_played_games: SUCCESS, 8201
get_closest_player: SUCCESS, 84
add_team: FAILURE
get_closest_player: SUCCESS, 3
get_all_players: SUCCESS
89
137
80
38
16
44
58
166
120
91
get_team_points: SUCCESS, 8392
update_player_stats: SUCCESS
remove_player: SUCCESS
unite_teams: FAILURE
remove_player: SUCCESS
add_team: FAILURE
get_num_played_games: SUCCESS, 9760
add_team: FAILURE
add_player: FAILURE
get_closest_player: SUCCESS, 196
remove_player: SUCCESS
remove_player: SUCCESS
get_all_players: SUCCESS
102
83
117
10
158
21
32
4
156
200
6
2
168
knockout_winner: FAILURE
play_match: FAILURE
get_top_scorer: SUCCESS, 17
get_closest_player: SUCCESS, 69
remove_team: FAILURE
get_team_points: SUCCESS, 11235
play_match: FAILURE
get_all_players: SUCCESS
100
72
125
167
111
131
get_all_players_count: SUCCESS, 12
knockout_winner: SUCCESS, 14
get_top_scorer: SUCCESS, 19
get_closest_player: SUCCESS, 123
get_top_scorer: SUCCESS, 131
get_team_points: SUCCESS, 5602
play_match: FAILURE
knockout_winner: SUCCESS, 8
add_player: FAILURE
get_all_players: SUCCESS
18
178
161
143
191
99
28
19
get_team_points: SUCCESS, 1381
remove_player: SUCCESS
play_match: FAILURE
play_match: FAILURE
update_player_stats: SUCCESS
remove_player: SUCCESS
get_team_points: SUCCESS, 164
get_closest_player: SUCCESS, 147
get_top_scorer: SUCCESS, 40
get_all_players_count: SUCCESS, 9
get_all_players_count: SUCCESS, 9
remove_team: FAILURE
remove_player: SUCCESS
get_closest_player: SUCCESS, 148
remove_player: SUCCESS
get_top_scorer: SUCCESS, 28
add_player: FAILURE
get_top_scorer: SUCCESS, 50
unite_teams: FAILURE
unite_teams: FAILURE
get_closest_player: SUCCESS, 4
remove_team: FAILURE
unite_teams: INVALID_INPUT
remove_team: FAILURE
update_player_stats: SUCCESS
get_all_players: SUCCESS
8
165
110
122
46
26
14
113
remove_team: FAILURE
get_all_players: SUCCESS
140
1
27
70
136
36
76
126
unite_teams: FAILURE
remove_team: FAILURE
remove_player: SUCCESS
get_num_played_games: SUCCESS, 2732
get_closest_player: SUCCESS, 109
get_all_players_count: SUCCESS, 10
get_all_players_count: SUCCESS, 13
remove_player: SUCCESS
get_all_players: SUCCESS
43
176
45
133
174
151
160
124
104
40
get_top_scorer: SUCCESS, 50
get_closest_player: SUCCESS, 199
get_all_players_count: SUCCESS, 11
remove_team: FAILURE
remove_team: FAILURE
knockout_winner: FAILURE
get_all_players: SUCCESS
102
117
10
158
21
32
4
156
200
6
2
168
get_all_players: SUCCESS
97
198
150
107
64
184
57
50
get_num_played_games: SUCCESS, 5346
get_top_scorer: SUCCESS, 183
get_all_players: SUCCESS
43
176
45
133
174
151
160
124
104
40
get_num_played_games: SUCCESS, 9882
unite_teams: FAILURE
add_team: FAILURE
update_player_stats: SUCCESS
remove_player: SUCCESS
remove_player: SUCCESS
get_team_points: SUCCESS, 889
get_all_players: SUCCESS
127
33
39
116
157
123
88
remove_team: FAILURE
get_team_points: SUCCESS, 1381
get_all_players_count: SUCCESS, 9
remove_player: SUCCESS
knockout_winner: SUCCESS, 13
get_closest_player: SUCCESS, 182
add_player: FAILURE
get_all_players: SUCCESS
179
189
172
35
118
199
182
109
81
132
17
15
play_match: FAILURE
get_top_scorer: SUCCESS, 53
add_team: FAILURE
get_all_players: SUCCESS
97
198
150
107
64
184
57
50
get_team_points: SUCCESS, 11235
get_num_played_games: SUCCESS, 12296
get_team_points: SUCCESS, 1336
unite_teams: FAILURE
get_top_scorer: SUCCESS, 185
play_match: FAILURE
remove_team: FAILURE
remove_team: FAILURE
remove_player: SUCCESS
get_closest_player: SUCCESS, 55
add_team: FAILURE
get_top_scorer: SUCCESS, 113
get_top_scorer: SUCCESS, 168
knockout_winner: FAILURE
remove_player: SUCCESS
remove_player: SUCCESS
get_team_points: SUCCESS, 5602
remove_team: FAILURE
remove_player: SUCCESS
play_match: FAILURE
add_team: FAILURE
get_top_scorer: SUCCESS, 168
update_player_stats: SUCCESS
get_num_played_games: SUCCESS, 169
knockout_winner: SUCCESS, 8
add_player: FAILURE
unite_teams: FAILURE
get_team_points: SUCCESS, 10633
add_team: FAILURE
get_closest_player: SUCCESS, 115
add_team: FAILURE
play_match: FAILURE
get_top_scorer: SUCCESS, 74
add_team: FAILURE
add_team: FAILURE
get_num_played_games: SUCCESS, 10798
get_closest_player: SUCCESS, 16
get_top_scorer: SUCCESS, 85
update_player_stats: SUCCESS
remove_player: SUCCESS
play_match: FAILURE
remove_player: SUCCESS
add_team: FAILURE
knockout_winner: FAILURE
update_player_stats: SUCCESS
unite_teams: FAILURE
remove_player: SUCCESS
remove_player: SUCCESS
remove_player: SUCCESS
get_num_played_games: SUCCESS, 4291
get_top_scorer: SUCCESS, 50
add_player: FAILURE
get_top_scorer: SUCCESS, 52
add_player: FAILURE
update_player_stats: SUCCESS
unite_teams: FAILURE
get_all_players_count: SUCCESS, 12
update_player_stats: SUCCESS
knockout_winner: FAILURE
get_all_players_count: SUCCESS, 9
unite_teams: FAILURE
remove_player: SUCCESS
remove_player: SUCCESS
get_all_players_count: SUCCESS, 9
knockout_winner: FAILURE
remove_team: FAILURE
unite_teams: FAILURE
add_team: FAILURE
knockout_winner: SUCCESS, 8
add_player: FAILURE
play_match: FAILURE
get_closest_player: SUCCESS, 152
play_match: FAILURE
get_closest_player: SUCCESS, 119
remove_team: FAILURE
get_num_played_games: SUCCESS, 3683
get_team_points: SUCCESS, 10284
get_num_played_games: SUCCESS, 10679
get_all_players: SUCCESS
68
87
92
130
119
55
77
30
53
get_team_points: SUCCESS, 9923
get_team_points: SUCCESS, 10746
get_top_scorer: SUCCESS, 145
get_top_scorer: SUCCESS, 95
get_num_played_games: SUCCESS, 1378
add_team: FAILURE
get_top_scorer: SUCCESS, 138
get_all_players: SUCCESS
90
67
139
114
69
23
63
22
52
add_team: FAILURE
get_top_scorer: SUCCESS, 126
update_player_stats: SUCCESS
remove_player: SUCCESS
get_top_scorer: SUCCESS, 138
play_match: FAILURE
remove_team: FAILURE
remove_team: FAILURE
get_top_scorer: SUCCESS, 40
get_closest_player: SUCCESS, 58
unite_teams: FAILURE
get_all_players_count: SUCCESS, 10
update_player_stats: SUCCESS
get_all_players: SUCCESS
84
62
61
152
155
163
129
106
145
remove_team: FAILURE
update_player_stats: SUCCESS
unite_teams: FAILURE
get_closest_player: SUCCESS, 170
add_player: FAILURE
add_player: FAILURE
get_top_scorer: SUCCESS, 40
get_top_scorer: SUCCESS, 52
get_closest_player: SUCCESS, 89
add_player: FAILURE
knockout_winner: FAILURE
get_num_played_games: SUCCESS, 4985
knockout_winner: FAILURE
get_all_players_count: SUCCESS, 2
unite_teams: FAILURE
add_player: FAILURE
add_team: FAILURE
get_all_players_count: SUCCESS, 11
get_all_players: SUCCESS
102
117
10
158
32
4
156
6
2
168
get_team_points: SUCCESS, 8392
update_player_stats: SUCCESS
unite_teams: FAILURE
unite_teams: FAILURE
knockout_winner: FAILURE
update_player_stats: SUCCESS
add_team: FAILURE
update_player_stats: SUCCESS
get_top_scorer: SUCCESS, 91
get_num_played_games: SUCCESS, 3801
remove_player: SUCCESS
remove_player: SUCCESS
get_num_played_games: SUCCESS, 5446
get_top_scorer: SUCCESS, 28
get_team_points: SUCCESS, 1462
add_team: FAILURE
remove_team: FAILURE
get_team_points: SUCCESS, 8392
get_top_scorer: SUCCESS, 145
get_team_points: SUCCESS, 11235
unite_teams: FAILURE
add_team: FAILURE
add_player: FAILURE
get_top_scorer: SUCCESS, 168
add_team: FAILURE
unite_teams: FAILURE
remove_team: FAILURE
remove_team: FAILURE
add_player: FAILURE
get_all_players_count: SUCCESS, 2
add_player: FAILURE
remove_player: SUCCESS
knockout_winner: SUCCESS, 8
get_all_players: SUCCESS
102
117
10
158
32
4
156
6
2
168
remove_player: SUCCESS
update_player_stats: SUCCESS
remove_player: SUCCESS
update_player_stats: SUCCESS
add_team: FAILURE
get_closest_player: SUCCESS, 38
get_all_players: SUCCESS
68
87
92
130
119
55
77
30
53
remove_player: SUCCESS
unite_teams: FAILURE
get_num_played_games: SUCCESS, 10987
get_closest_player: SUCCESS, 198
get_team_points: SUCCESS, 3481
get_all_players_count: SUCCESS, 6
get_top_scorer: SUCCESS, 197
remove_team: FAILURE
add_player: FAILURE
add_player: FAILURE
unite_teams: FAILURE
play_match: FAILURE
remove_player: SUCCESS
add_team: FAILURE
unite_teams: FAILURE
get_top_scorer: SUCCESS, 145
unite_teams: FAILURE
update_player_stats: SUCCESS
remove_player: SUCCESS
get_all_players_count: SUCCESS, 8
knockout_winner: SUCCESS, 8
play_match: FAILURE
get_all_players: SUCCESS
179
189
172
35
118
199
182
109
81
132
17
15
knockout_winner: SUCCESS, 8
update_player_stats: SUCCESS
remove_player: SUCCESS
get_all_players: SUCCESS
68
87
130
119
55
77
30
53
remove_team: FAILURE
get_all_players: SUCCESS
68
87
130
119
55
77
30
53
get_closest_player: SUCCESS, 28
add_player: FAILURE
get_all_players_count: SUCCESS, 10
unite_teams: FAILURE
add_player: FAILURE
unite_teams: SUCCESS
get_all_players_count: SUCCESS, 7
get_top_scorer: SUCCESS, 113
get_all_players: SUCCESS
84
62
61
152
163
129
106
145
remove_player: SUCCESS
get_top_scorer: SUCCESS, 85
get_all_players_count: SUCCESS, 8
add_team: FAILURE
get_closest_player: SUCCESS, 199
unite_teams: FAILURE
get_all_players_count: SUCCESS, 11
get_top_scorer: SUCCESS, 145
get_all_players_count: SUCCESS, 11
add_team: FAILURE
remove_player: SUCCESS
remove_player: SUCCESS
get_top_scorer: SUCCESS, 88
knockout_winner: SUCCESS, 12
knockout_winner: SUCCESS, 8
add_team: FAILURE
get_closest_player: SUCCESS, 33
get_num_played_games: SUCCESS, 3560
update_player_stats: SUCCESS
get_num_played_games: SUCCESS, 3986
add_team: FAILURE
remove_team: FAILURE
get_all_players_count: SUCCESS, 7
get_num_played_games: SUCCESS, 7368
get_num_played_games: SUCCESS, 7339
get_closest_player: SUCCESS, 80
remove_team: FAILURE
get_top_scorer: SUCCESS, 76
add_team: FAILURE
remove_team: FAILURE
add_team: FAILURE
remove_team: FAILURE
add_team: FAILURE
get_all_players: SUCCESS
193
65
47
94
20
85
get_team_points: SUCCESS, 3481
get_all_players_count: SUCCESS, 17
get_top_scorer: SUCCESS, 52
unite_teams: FAILURE
get_top_scorer: SUCCESS, 190
update_player_stats: SUCCESS
remove_team: FAILURE
update_player_stats: SUCCESS
add_team: FAILURE
add_team: FAILURE
knockout_winner: SUCCESS, 8
knockout_winner: FAILURE
get_top_scorer: SUCCESS, 185
get_all_players_count: SUCCESS, 11
get_num_played_games: SUCCESS, 2564
get_all_players: SUCCESS
102
117
10
158
32
4
156
6
2
168
add_team: FAILURE
get_top_scorer: SUCCESS, 131
remove_player: SUCCESS
unite_teams: FAILURE
add_team: FAILURE
add_team: FAILURE
get_closest_player: SUCCESS, 29
unite_teams: FAILURE
play_match: FAILURE
get_all_players_count: SUCCESS, 9
remove_player: SUCCESS
play_match: FAILURE
remove_team: FAILURE
play_match: FAILURE
get_all_players_count: SUCCESS, 12
update_player_stats: SUCCESS
get_team_points: SUCCESS, 244
remove_player: SUCCESS
unite_teams: FAILURE
get_closest_player: SUCCESS, 119
get_num_played_games: SUCCESS, 7140
get_closest_player: SUCCESS, 179
get_num_played_games: SUCCESS, 5446
update_player_stats: SUCCESS
knockout_winner: SUCCESS, 12
unite_teams: FAILURE
play_match: FAILURE
update_player_stats: SUCCESS
knockout_winner: FAILURE
remove_player: SUCCESS
get_all_players: SUCCESS
73
98
181
148
108
59
197
add_player: FAILURE
remove_team: FAILURE
update_player_stats: SUCCESS
get_all_players_count: SUCCESS, 10
get_all_players: SUCCESS
84
61
152
163
129
106
145
get_closest_player: SUCCESS, 110
get_all_players: SUCCESS
193
65
47
94
20
85
remove_player: SUCCESS
get_closest_player: SUCCESS, 32
update_player_stats: SUCCESS
unite_teams: FAILURE
remove_player: SUCCESS
get_all_players_count: SUCCESS, 10
get_top_scorer: SUCCESS, 28
get_num_played_games: SUCCESS, 9882
unite_teams: FAILURE
get_num_played_games: SUCCESS, 4203
get_team_points: SUCCESS, 1462
get_all_players_count: SUCCESS, 17
add_team: FAILURE
unite_teams: FAILURE
update_player_stats: SUCCESS
get_closest_player: SUCCESS, 11
get_top_scorer: SUCCESS, 85
knockout_winner: SUCCESS, 8
remove_team: FAILURE
add_team: FAILURE
get_all_players: SUCCESS
24
146
25
159
177
37
144
154
96
103
134
74
48
get_all_players_count: SUCCESS, 2
remove_team: FAILURE
play_match: FAILURE
play_match: FAILURE
add_player: FAILURE
knockout_winner: SUCCESS, 8
add_player: FAILURE
get_closest_player: SUCCESS, 14
update_player_stats: SUCCESS
get_all_players: SUCCESS
100
72
125
167
131
get_num_played_games: SUCCESS, 1517
get_closest_player: SUCCESS, 49
get_team_points: SUCCESS, 5602
update_player_stats: SUCCESS
get_all_players_count: SUCCESS, 10
unite_teams: FAILURE
unite_teams: FAILURE
add_player: FAILURE
remove_player: SUCCESS
get_top_scorer: SUCCESS, 53
play_match: FAILURE
get_all_players_count: SUCCESS, 10
remove_player: SUCCESS
play_match: FAILURE
update_player_stats: SUCCESS
unite_teams: SUCCESS
get_num_played_games: SUCCESS, 6848
get_team_points: SUCCESS, 244
knockout_winner: SUCCESS, 12
add_team: FAILURE
remove_team: FAILURE
knockout_winner: SUCCESS, 8
unite_teams: FAILURE
remove_player: SUCCESS
remove_player: SUCCESS
get_top_scorer: SUCCESS, 138
get_all_players: SUCCESS
179
189
172
35
118
199
109
81
132
17
15
get_top_scorer: SUCCESS, 88
update_player_stats: SUCCESS
get_all_players: SUCCESS
179
189
172
35
118
199
109
81
132
17
15
get_all_players_count: SUCCESS, 7
add_team: FAILURE
get_team_points: SUCCESS, 10399
remove_player: SUCCESS
get_all_players_count: SUCCESS, 8
play_match: FAILURE
get_team_points: SUCCESS, 10377
knockout_winner: FAILURE
add_team: FAILURE
get_all_players_count: SUCCESS, 9
add_team: FAILURE
unite_teams: FAILURE
update_player_stats: SUCCESS
remove_player: SUCCESS
add_player: FAILURE
update_player_stats: SUCCESS
get_all_players_count: SUCCESS, 8
knockout_winner: FAILURE
add_player: FAILURE
remove_team: FAILURE
unite_teams: FAILURE
get_team_points: SUCCESS, 10746
add_team: FAILURE
get_all_players: SUCCESS
73
98
181
148
108
59
197
get_all_players: SUCCESS
42
7
142
3
121
49
13
11
183
141
update_player_stats: SUCCESS
get_closest_player: SUCCESS, 168
get_all_players_count: SUCCESS, 6
get_all_players: SUCCESS
175
185
get_closest_player: SUCCESS, 38
get_closest_player: SUCCESS, 129
knockout_winner: SUCCESS, 12
add_player: FAILURE
remove_player: SUCCESS
add_player: FAILURE
remove_player: SUCCESS
unite_teams: FAILURE
get_top_scorer: SUCCESS, 77
remove_player: SUCCESS
play_match: FAILURE
unite_teams: FAILURE
knockout_winner: INVALID_INPUT
add_team: FAILURE
play_match: FAILURE
knockout_winner: FAILURE
get_top_scorer: SUCCESS, 197
remove_team: FAILURE
get_top_scorer: SUCCESS, 112
play_match: FAILURE
remove_player: SUCCESS
play_match: FAILURE
get_team_points: SUCCESS, 10377
get_top_scorer: SUCCESS, 77
get_top_scorer: SUCCESS, 145
add_player: FAILURE
get_all_players: SUCCESS
179
189
172
35
118
199
109
81
132
17
15
add_team: FAILURE
knockout_winner: SUCCESS, 13
remove_team: FAILURE
get_all_players_count: SUCCESS, 9
play_match: FAILURE
play_match: FAILURE
get_top_scorer: SUCCESS, 138
get_num_played_games: SUCCESS, 4198
add_player: FAILURE
knockout_winner: SUCCESS, 8
play_match: FAILURE
get_all_players: SUCCESS
193
65
47
20
85
update_player_stats: SUCCESS
get_num_played_games: SUCCESS, 1378
get_all_players: SUCCESS
73
98
181
148
108
59
197
unite_teams: FAILURE
get_all_players_count: SUCCESS, 10
remove_player: SUCCESS
get_top_scorer: SUCCESS, 69
play_match: FAILURE
get_top_scorer: SUCCESS, 197
remove_team: FAILURE
remove_player: SUCCESS
play_match: FAILURE
get_closest_player: SUCCESS, 154
remove_team: FAILURE
get_team_points: SUCCESS, 10633
get_num_played_games: SUCCESS, 12750
add_team: FAILURE
get_team_points: SUCCESS, 244
get_closest_player: SUCCESS, 58
unite_teams: FAILURE
add_team: FAILURE
add_player: FAILURE
get_closest_player: SUCCESS, 46
remove_team: FAILURE
get_all_players_count: SUCCESS, 5
get_top_scorer: SUCCESS, 50
unite_teams: FAILURE
update_player_stats: SUCCESS
get_all_players_count: SUCCESS, 7
update_player_stats: SUCCESS
get_all_players_count: SUCCESS, 2
unite_teams: SUCCESS
unite_teams: FAILURE
unite_teams: FAILURE
get_all_players_count: SUCCESS, 6
add_player: FAILURE
remove_team: FAILURE
get_team_points: SUCCESS, 9956
update_player_stats: SUCCESS
get_team_points: SUCCESS, 2071
remove_player: SUCCESS
remove_player: SUCCESS
update_player_stats: SUCCESS
remove_team: FAILURE
unite_teams: SUCCESS
update_player_stats: SUCCESS
unite_teams: FAILURE
knockout_winner: INVALID_INPUT
remove_player: SUCCESS
add_team: FAILURE
get_top_scorer: SUCCESS, 151
play_match: FAILURE
get_top_scorer: SUCCESS, 141
unite_teams: FAILURE
update_player_stats: SUCCESS
knockout_winner: SUCCESS, 12
remove_team: FAILURE
get_all_players: SUCCESS
127
33
157
88
play_match: FAILURE
add_team: FAILURE
get_num_played_games: SUCCESS, 10008
knockout_winner: INVALID_INPUT
add_team: FAILURE
remove_team: FAILURE
get_all_players_count: SUCCESS, 4
get_all_players: SUCCESS
117
10
158
32
156
168
6
102
remove_player: SUCCESS
update_player_stats: SUCCESS
get_top_scorer: SUCCESS, 76
remove_player: SUCCESS
get_num_played_games: SUCCESS, 5634
get_all_players: SUCCESS
90
67
42
7
114
139
142
3
121
49
13
11
63
22
69
183
141
get_team_points: SUCCESS, 8392
unite_teams: FAILURE
add_player: FAILURE
add_player: FAILURE
add_player: FAILURE
get_top_scorer: SUCCESS, 197
add_team: FAILURE
get_num_played_games: SUCCESS, 8370
add_team: FAILURE
get_team_points: SUCCESS, 2071
knockout_winner: SUCCESS, 12
get_top_scorer: SUCCESS, 85
unite_teams: FAILURE
remove_team: FAILURE
get_all_players: SUCCESS
89
137
150
38
16
44
80
184
57
58
166
120
91
50
get_team_points: SUCCESS, 11307
add_player: FAILURE
add_player: FAILURE
get_num_played_games: SUCCESS, 4110
remove_team: FAILURE
get_team_points: SUCCESS, 10298
get_num_played_games: SUCCESS, 1678
get_top_scorer: SUCCESS, 50
get_top_scorer: SUCCESS, 76
get_team_points: SUCCESS, 10377
add_team: FAILURE
unite_teams: SUCCESS
get_team_points: SUCCESS, 5602
get_all_players_count: SUCCESS, 5
add_team: FAILURE
remove_team: FAILURE
unite_teams: FAILURE
get_closest_player: SUCCESS, 134
knockout_winner: FAILURE
add_team: FAILURE
update_player_stats: SUCCESS
remove_team: FAILURE
add_player: FAILURE
get_all_players: SUCCESS
179
189
118
172
35
199
109
132
17
15
update_player_stats: SUCCESS
remove_player: SUCCESS
get_all_players_count: SUCCESS, 6
get_closest_player: SUCCESS, 48
remove_player: SUCCESS
knockout_winner: SUCCESS, 8
update_player_stats: SUCCESS
remove_player: SUCCESS
update_player_stats: SUCCESS
get_all_players_count: SUCCESS, 5
play_match: FAILURE
add_team: FAILURE
get_team_points: SUCCESS, 167
unite_teams: FAILURE
update_player_stats: SUCCESS
add_team: FAILURE
get_all_players_count: SUCCESS, 5
get_top_scorer: SUCCESS, 131
get_closest_player: SUCCESS, 148
get_closest_player: SUCCESS, 178
play_match: INVALID_INPUT
add_team: FAILURE
get_team_points: SUCCESS, 9962
add_player: FAILURE
remove_player: SUCCESS
unite_teams: FAILURE
get_closest_player: SUCCESS, 63
get_all_players: SUCCESS
27
70
1
36
76
remove_team: FAILURE
remove_player: SUCCESS
get_all_players: SUCCESS
73
98
181
148
108
59
197
add_player: FAILURE
get_num_played_games: SUCCESS, 8481
get_team_points: SUCCESS, 244
update_player_stats: SUCCESS
remove_player: SUCCESS
knockout_winner: INVALID_INPUT
get_num_played_games: SUCCESS, 21947
get_closest_player: SUCCESS, 122
get_all_players: SUCCESS
89
137
150
38
16
44
80
184
57
58
166
120
91
50
get_team_points: SUCCESS, 14114
get_closest_player: SUCCESS, 46
add_team: FAILURE
remove_player: SUCCESS
get_team_points: SUCCESS, 10399
remove_team: FAILURE
remove_team: FAILURE
get_top_scorer: SUCCESS, 85
get_all_players_count: SUCCESS, 7
get_all_players: SUCCESS
73
98
181
148
108
59
197
update_player_stats: SUCCESS
update_player_stats: SUCCESS
knockout_winner: SUCCESS, 12
unite_teams: FAILURE
get_all_players_count: SUCCESS, 7
get_top_scorer: SUCCESS, 77
add_player: FAILURE
remove_team: FAILURE
add_team: FAILURE
remove_player: SUCCESS
get_all_players_count: SUCCESS, 7
get_team_points: SUCCESS, 244
get_num_played_games: SUCCESS, 8339
add_team: FAILURE
remove_team: FAILURE
knockout_winner: SUCCESS, 12
add_player: FAILURE
play_match: SUCCESS
knockout_winner: INVALID_INPUT
get_num_played_games: SUCCESS, 12229
play_match: FAILURE
remove_player: SUCCESS
unite_teams: FAILURE
get_num_played_games: SUCCESS, 3560
get_all_players: SUCCESS
127
33
186
157
66
169
34
88
170
190
192
112
unite_teams: FAILURE
knockout_winner: INVALID_INPUT
add_player: FAILURE
get_all_players_count: SUCCESS, 8
knockout_winner: SUCCESS, 2
remove_player: SUCCESS
add_player: FAILURE
knockout_winner: FAILURE
get_team_points: SUCCESS, 5602
update_player_stats: SUCCESS
get_all_players_count: SUCCESS, 8
play_match: FAILURE
remove_team: FAILURE
add_player: FAILURE
remove_team: FAILURE
get_team_points: SUCCESS, 2071
add_player: FAILURE
add_player: FAILURE
get_num_played_games: SUCCESS, 8153
get_all_players_count: SUCCESS, 10
add_team: FAILURE
get_team_points: SUCCESS, 14114
add_team: FAILURE
remove_player: SUCCESS
add_player: FAILURE
get_top_scorer: SUCCESS, 77
get_all_players: SUCCESS
117
10
158
32
156
168
6
102
remove_player: SUCCESS
get_team_points: SUCCESS, 10377
play_match: FAILURE
play_match: FAILURE
get_all_players_count: SUCCESS, 6
add_team: FAILURE
add_player: FAILURE
get_all_players_count: SUCCESS, 8
get_all_players: SUCCESS
89
137
150
38
16
44
80
184
57
58
120
91
50
play_match: FAILURE
remove_player: SUCCESS
get_all_players: SUCCESS
193
47
65
20
85
remove_player: SUCCESS
unite_teams: FAILURE
get_closest_player: SUCCESS, 90
add_team: FAILURE
knockout_winner: INVALID_INPUT
unite_teams: SUCCESS
unite_teams: FAILURE
knockout_winner: INVALID_INPUT
get_team_points: SUCCESS, 5602
update_player_stats: SUCCESS
update_player_stats: SUCCESS
remove_player: SUCCESS
get_all_players_count: SUCCESS, 9
update_player_stats: SUCCESS
knockout_winner: SUCCESS, 12
get_all_players: SUCCESS
194
173
195
185
180
138
149
147
get_team_points: SUCCESS, 8392
get_all_players: SUCCESS
87
68
119
55
30
53
77
knockout_winner: FAILURE
play_match: FAILURE
get_num_played_games: SUCCESS, 2254
get_top_scorer: SUCCESS, 112
get_team_points: SUCCESS, 10399
get_all_players_count: SUCCESS, 5
get_all_players: SUCCESS
179
118
172
35
109
132
17
15
199
update_player_stats: SUCCESS
update_player_stats: SUCCESS
remove_team: FAILURE
get_num_played_games: SUCCESS, 5346
add_player: FAILURE
get_num_played_games: SUCCESS, 12505
update_player_stats: SUCCESS
get_all_players: SUCCESS
193
47
65
20
85
play_match: FAILURE
add_team: FAILURE
add_team: FAILURE
remove_team: FAILURE
knockout_winner: SUCCESS, 9
unite_teams: SUCCESS
get_num_played_games: SUCCESS, 7211
get_closest_player: SUCCESS, 110
add_player: FAILURE
add_player: FAILURE
remove_team: FAILURE
get_top_scorer: SUCCESS, 96
get_all_players: SUCCESS
100
72
167
131
get_top_scorer: SUCCESS, 197
add_team: FAILURE
remove_player: SUCCESS
get_top_scorer: SUCCESS, 85
knockout_winner: INVALID_INPUT
get_closest_player: SUCCESS, 129
add_player: FAILURE
add_player: FAILURE
get_team_points: SUCCESS, 10399
add_player: FAILURE
get_top_scorer: SUCCESS, 145
knockout_winner: SUCCESS, 2
get_closest_player: SUCCESS, 167
remove_player: SUCCESS
add_player: FAILURE
get_all_players_count: SUCCESS, 14
get_top_scorer: SUCCESS, 199
knockout_winner: SUCCESS, 9
unite_teams: FAILURE
get_closest_player: SUCCESS, 65
get_top_scorer: SUCCESS, 197
get_closest_player: SUCCESS, 122
unite_teams: FAILURE
play_match: SUCCESS
get_num_played_games: SUCCESS, 7200
update_player_stats: SUCCESS
knockout_winner: FAILURE
unite_teams: FAILURE
get_num_played_games: SUCCESS, 6987
get_num_played_games: SUCCESS, 5069
add_player: FAILURE
knockout_winner: SUCCESS, 12
get_all_players_count: SUCCESS, 8
get_num_played_games: SUCCESS, 9880
play_match: FAILURE
add_player: FAILURE
get_top_scorer: SUCCESS, 76
unite_teams: FAILURE
add_team: FAILURE
get_top_scorer: SUCCESS, 26
add_team: FAILURE
get_team_points: SUCCESS, 11307
add_team: FAILURE
add_player: FAILURE
get_num_played_games: SUCCESS, 6414
unite_teams: FAILURE
update_player_stats: SUCCESS
add_player: FAILURE
unite_teams: FAILURE
remove_team: FAILURE
get_closest_player: SUCCESS, 102
remove_team: FAILURE
remove_player: SUCCESS
remove_player: SUCCESS
get_all_players_count: SUCCESS, 6
knockout_winner: SUCCESS, 12
get_num_played_games: SUCCESS, 12077
get_closest_player: SUCCESS, 139
update_player_stats: SUCCESS
unite_teams: FAILURE
get_all_players: SUCCESS
90
67
42
7
139
142
121
13
63
22
11
183
141
remove_team: FAILURE
remove_player: SUCCESS
get_all_players_count: SUCCESS, 23
get_top_scorer: SUCCESS, 147
remove_team: FAILURE
get_team_points: SUCCESS, 10746
get_all_players: SUCCESS
72
167
update_player_stats: SUCCESS
play_match: FAILURE
get_all_players: SUCCESS
90
67
42
7
139
142
121
13
63
22
11
183
141
knockout_winner: INVALID_INPUT
add_team: FAILURE
remove_team: FAILURE
add_player: FAILURE
play_match: FAILURE
get_closest_player: SUCCESS, 73
get_all_players: SUCCESS
194
173
195
185
180
138
149
147
unite_teams: FAILURE
get_all_players: SUCCESS
89
137
24
146
25
150
159
177
37
16
80
57
103
134
58
120
74
91
50
48
38
184
96
play_match: FAILURE
get_all_players: SUCCESS
90
67
42
7
139
142
121
13
63
22
11
183
141
remove_player: SUCCESS
update_player_stats: SUCCESS
get_all_players_count: SUCCESS, 5
remove_team: FAILURE
add_player: FAILURE
knockout_winner: INVALID_INPUT
add_player: FAILURE
get_team_points: SUCCESS, 5602
get_all_players: SUCCESS
110
122
46
14
113
26
get_num_played_games: SUCCESS, 9057
add_team: FAILURE
remove_player: SUCCESS
get_top_scorer: SUCCESS, 102
remove_team: FAILURE
update_player_stats: SUCCESS
unite_teams: FAILURE
add_team: FAILURE
get_num_played_games: SUCCESS, 17084
add_player: FAILURE
get_all_players_count: SUCCESS, 8
get_team_points: SUCCESS, 10399
get_closest_player: SUCCESS, 80
get_all_players: SUCCESS
27
1
36
76
get_all_players: SUCCESS
194
173
195
185
180
138
149
147
add_team: FAILURE
add_team: FAILURE
add_team: FAILURE
get_top_scorer: SUCCESS, 141
get_all_players_count: SUCCESS, 8
update_player_stats: SUCCESS
get_closest_player: SUCCESS, 102
add_player: FAILURE
get_closest_player: SUCCESS, 138
unite_teams: INVALID_INPUT
get_team_points: SUCCESS, 10399
add_team: FAILURE
get_closest_player: SUCCESS, 103
add_team: FAILURE
get_closest_player: SUCCESS, 25
unite_teams: FAILURE
remove_player: SUCCESS
update_player_stats: SUCCESS
update_player_stats: SUCCESS
play_match: FAILURE
get_all_players_count: SUCCESS, 5
get_all_players: SUCCESS
73
98
181
148
108
197
unite_teams: FAILURE
play_match: FAILURE
remove_player: SUCCESS
get_team_points: SUCCESS, 1381
remove_player: SUCCESS
get_top_scorer: SUCCESS, 199
get_closest_player: SUCCESS, 172
unite_teams: FAILURE
get_num_played_games: SUCCESS, 3613
knockout_winner: SUCCESS, 12
get_team_points: SUCCESS, 22569
play_match: FAILURE
get_all_players_count: SUCCESS, 6
get_closest_player: SUCCESS, 25
add_team: FAILURE
get_top_scorer: SUCCESS, 151
knockout_winner: FAILURE
add_player: FAILURE
get_team_points: SUCCESS, 10746
knockout_winner: SUCCESS, 9
get_top_scorer: SUCCESS, 145
knockout_winner: INVALID_INPUT
update_player_stats: SUCCESS
add_team: FAILURE
get_closest_player: SUCCESS, 146
get_num_played_games: SUCCESS, 8339
get_team_points: SUCCESS, 5602
get_top_scorer: SUCCESS, 26
update_player_stats: SUCCESS
get_closest_player: SUCCESS, 96
add_team: FAILURE
add_player: FAILURE
get_top_scorer: SUCCESS, 53
get_closest_player: SUCCESS, 174
get_num_played_games: SUCCESS, 12296
add_team: FAILURE
update_player_stats: SUCCESS
get_top_scorer: SUCCESS, 141
get_closest_player: SUCCESS, 10
unite_teams: FAILURE
knockout_winner: FAILURE
get_team_points: SUCCESS, 5602
get_top_scorer: SUCCESS, 26
remove_player: SUCCESS
remove_player: SUCCESS
remove_player: SUCCESS
remove_player: SUCCESS
remove_player: SUCCESS
remove_player: SUCCESS
remove_player: SUCCESS
remove_player: SUCCESS
remove_player: SUCCESS
remove_player: SUCCESS
remove_player: SUCCESS
remove_player: SUCCESS
remove_player: SUCCESS
remove_player: SUCCESS
remove_player: SUCCESS
remove_player: SUCCESS
remove_player: SUCCESS
remove_player: SUCCESS
remove_player: SUCCESS
remove_player: SUCCESS
remove_player: SUCCESS
remove_player: SUCCESS
remove_player: SUCCESS
remove_player: SUCCESS
remove_player: SUCCESS
remove_player: SUCCESS
remove_player: SUCCESS
remove_player: SUCCESS
remove_player: SUCCESS
remove_player: SUCCESS
remove_player: SUCCESS
remove_player: SUCCESS
remove_player: SUCCESS
remove_player: SUCCESS
remove_player: SUCCESS
remove_player: SUCCESS
remove_player: SUCCESS
remove_player: SUCCESS
remove_player: SUCCESS
remove_player: SUCCESS
remove_player: SUCCESS
remove_player: SUCCESS
remove_player: SUCCESS
remove_player: SUCCESS
remove_player: SUCCESS
remove_player: SUCCESS
remove_player: SUCCESS
remove_player: SUCCESS
remove_player: SUCCESS
remove_player: SUCCESS
remove_player: SUCCESS
remove_player: SUCCESS
remove_player: SUCCESS
remove_player: SUCCESS
remove_player: SUCCESS
remove_player: SUCCESS
remove_player: SUCCESS
remove_player: SUCCESS
remove_player: SUCCESS
remove_player: SUCCESS
remove_player: SUCCESS
remove_player: SUCCESS
remove_player: SUCCESS
remove_player: SUCCESS
remove_player: SUCCESS
remove_player: SUCCESS
remove_player: SUCCESS
remove_player: SUCCESS
remove_player: SUCCESS
remove_player: SUCCESS
remove_player: SUCCESS
remove_player: SUCCESS
remove_player: SUCCESS
remove_player: SUCCESS
remove_player: SUCCESS
remove_player: SUCCESS
remove_player: SUCCESS
remove_player: SUCCESS
remove_player: SUCCESS
remove_player: SUCCESS
remove_player: SUCCESS
remove_player: SUCCESS
remove_player: SUCCESS
remove_player: SUCCESS
remove_player: SUCCESS
remove_player: SUCCESS
remove_player: SUCCESS
remove_player: SUCCESS
remove_player: SUCCESS
remove_player: SUCCESS
remove_player: SUCCESS
remove_player: SUCCESS
remove_player: SUCCESS
remove_player: SUCCESS
remove_player: SUCCESS
remove_player: SUCCESS
remove_player: SUCCESS
remove_player: SUCCESS
remove_player: SUCCESS
remove_player: SUCCESS
remove_player: SUCCESS
remove_player: SUCCESS
remove_player: SUCCESS
remove_player: SUCCESS
remove_player: SUCCESS
remove_player: SUCCESS
remove_player: SUCCESS
remove_player: SUCCESS
remove_player: SUCCESS
remove_player: SUCCESS
remove_player: SUCCESS
remove_player: SUCCESS
remove_team: SUCCESS
remove_team: SUCCESS
remove_team: SUCCESS
remove_team: SUCCESS
remove_team: SUCCESS
remove_team: SUCCESS
remove_team: SUCCESS
remove_team: SUCCESS
remove_team: SUCCESS
remove_team: SUCCESS
remove_team: SUCCESS
remove_team: SUCCESS
remove_team: SUCCESS
