add_team: SUCCESS
add_team: SUCCESS
add_team: SUCCESS
add_team: SUCCESS
add_team: SUCCESS
add_team: SUCCESS
add_team: SUCCESS
add_team: SUCCESS
add_team: SUCCESS
add_team: SUCCESS
add_team: SUCCESS
add_team: SUCCESS
add_team: SUCCESS
add_team: SUCCESS
add_team: SUCCESS
add_team: SUCCESS
add_team: SUCCESS
add_team: SUCCESS
add_team: SUCCESS
add_team: SUCCESS
add_player: SUCCESS
add_player: SUCCESS
add_player: SUCCESS
add_player: SUCCESS
add_player: SUCCESS
add_player: SUCCESS
add_player: SUCCESS
add_player: SUCCESS
add_player: SUCCESS
add_player: SUCCESS
add_player: SUCCESS
add_player: SUCCESS
add_player: SUCCESS
add_player: SUCCESS
add_player: SUCCESS
add_player: SUCCESS
add_player: SUCCESS
add_player: SUCCESS
add_player: SUCCESS
add_player: SUCCESS
add_player: SUCCESS
add_player: SUCCESS
add_player: SUCCESS
add_player: SUCCESS
add_player: SUCCESS
add_player: SUCCESS
add_player: SUCCESS
add_player: SUCCESS
add_player: SUCCESS
add_player: SUCCESS
add_player: SUCCESS
add_player: SUCCESS
add_player: SUCCESS
add_player: SUCCESS
add_player: SUCCESS
add_player: SUCCESS
add_player: SUCCESS
add_player: SUCCESS
add_player: SUCCESS
add_player: SUCCESS
add_player: SUCCESS
add_player: SUCCESS
add_player: SUCCESS
add_player: SUCCESS
add_player: SUCCESS
add_player: SUCCESS
add_player: SUCCESS
add_player: SUCCESS
add_player: SUCCESS
add_player: SUCCESS
add_player: SUCCESS
add_player: SUCCESS
add_player: SUCCESS
add_player: SUCCESS
add_player: SUCCESS
add_player: SUCCESS
add_player: SUCCESS
add_player: SUCCESS
add_player: SUCCESS
add_player: SUCCESS
add_player: SUCCESS
add_player: SUCCESS
add_player: SUCCESS
add_player: SUCCESS
add_player: SUCCESS
add_player: SUCCESS
add_player: SUCCESS
add_player: SUCCESS
add_player: SUCCESS
add_player: SUCCESS
add_player: SUCCESS
add_player: SUCCESS
add_player: SUCCESS
add_player: SUCCESS
add_player: SUCCESS
add_player: SUCCESS
add_player: SUCCESS
add_player: SUCCESS
add_player: SUCCESS
add_player: SUCCESS
add_player: SUCCESS
add_player: SUCCESS
add_player: SUCCESS
add_player: SUCCESS
add_player: SUCCESS
add_player: SUCCESS
add_player: SUCCESS
add_player: SUCCESS
add_player: SUCCESS
add_player: SUCCESS
add_player: SUCCESS
add_player: SUCCESS
add_player: SUCCESS
add_player: SUCCESS
add_player: SUCCESS
add_player: SUCCESS
add_player: SUCCESS
add_player: SUCCESS
add_player: SUCCESS
add_player: SUCCESS
add_player: SUCCESS
add_player: SUCCESS
add_player: SUCCESS
add_player: SUCCESS
add_player: SUCCESS
add_player: SUCCESS
add_player: SUCCESS
add_player: SUCCESS
add_player: SUCCESS
add_player: SUCCESS
add_player: SUCCESS
add_player: SUCCESS
add_player: SUCCESS
add_player: SUCCESS
add_player: SUCCESS
add_player: SUCCESS
add_player: SUCCESS
add_player: SUCCESS
add_player: SUCCESS
add_player: SUCCESS
add_player: SUCCESS
add_player: SUCCESS
add_player: SUCCESS
add_player: SUCCESS
add_player: SUCCESS
add_player: SUCCESS
add_player: SUCCESS
add_player: SUCCESS
add_player: SUCCESS
add_player: SUCCESS
add_player: SUCCESS
add_player: SUCCESS
add_player: SUCCESS
add_player: SUCCESS
add_player: SUCCESS
add_player: SUCCESS
add_player: SUCCESS
add_player: SUCCESS
add_player: SUCCESS
add_player: SUCCESS
add_player: SUCCESS
add_player: SUCCESS
add_player: SUCCESS
add_player: SUCCESS
add_player: SUCCESS
add_player: SUCCESS
add_player: SUCCESS
add_player: SUCCESS
add_player: SUCCESS
add_player: SUCCESS
add_player: SUCCESS
add_player: SUCCESS
add_player: SUCCESS
add_player: SUCCESS
add_player: SUCCESS
add_player: SUCCESS
add_player: SUCCESS
add_player: SUCCESS
add_player: SUCCESS
add_player: SUCCESS
add_player: SUCCESS
add_player: SUCCESS
add_player: SUCCESS
add_player: SUCCESS
add_player: SUCCESS
add_player: SUCCESS
add_player: SUCCESS
add_player: SUCCESS
add_player: SUCCESS
add_player: SUCCESS
add_player: SUCCESS
add_player: SUCCESS
add_player: SUCCESS
add_player: SUCCESS
add_player: SUCCESS
add_player: SUCCESS
add_player: SUCCESS
add_player: SUCCESS
add_player: SUCCESS
add_player: SUCCESS
add_player: SUCCESS
add_player: SUCCESS
add_player: SUCCESS
add_player: SUCCESS
add_player: SUCCESS
add_player: SUCCESS
add_player: SUCCESS
add_player: SUCCESS
add_player: SUCCESS
add_player: SUCCESS
add_player: SUCCESS
add_player: SUCCESS
add_player: SUCCESS
add_player: SUCCESS
add_player: SUCCESS
add_player: SUCCESS
add_player: SUCCESS
add_player: SUCCESS
add_player: SUCCESS
add_player: SUCCESS
remove_team: FAILURE
get_closest_player: SUCCESS, 93
get_closest_player: SUCCESS, 134
get_all_players: SUCCESS
14
134
157
69
182
58
104
61
109
13
85
130
51
knockout_winner: SUCCESS, 13
knockout_winner: SUCCESS, 7
knockout_winner: SUCCESS, 7
knockout_winner: SUCCESS, 17
knockout_winner: INVALID_INPUT
unite_teams: FAILURE
remove_player: SUCCESS
play_match: FAILURE
unite_teams: FAILURE
get_top_scorer: SUCCESS, 135
add_team: FAILURE
get_closest_player: SUCCESS, 110
get_all_players_count: SUCCESS, 9
remove_player: SUCCESS
get_closest_player: SUCCESS, 1
get_all_players: SUCCESS
118
91
24
147
92
179
48
remove_team: FAILURE
remove_player: SUCCESS
play_match: FAILURE
remove_player: SUCCESS
knockout_winner: SUCCESS, 7
knockout_winner: SUCCESS, 2
knockout_winner: SUCCESS, 2
knockout_winner: SUCCESS, 13
knockout_winner: SUCCESS, 13
get_closest_player: SUCCESS, 34
remove_team: FAILURE
add_team: FAILURE
play_match: SUCCESS
update_player_stats: SUCCESS
update_player_stats: SUCCESS
unite_teams: FAILURE
get_top_scorer: SUCCESS, 71
get_all_players: SUCCESS
152
72
163
8
117
175
7
68
127
remove_team: FAILURE
get_all_players_count: SUCCESS, 11
remove_team: FAILURE
get_all_players: SUCCESS
159
140
88
187
156
131
unite_teams: FAILURE
add_player: FAILURE
get_closest_player: SUCCESS, 21
get_team_points: SUCCESS, 235
get_num_played_games: SUCCESS, 10254
update_player_stats: SUCCESS
play_match: FAILURE
update_player_stats: SUCCESS
get_all_players: SUCCESS
145
116
36
138
75
142
74
get_team_points: SUCCESS, 6921
update_player_stats: SUCCESS
add_player: FAILURE
add_player: FAILURE
get_top_scorer: SUCCESS, 48
update_player_stats: SUCCESS
knockout_winner: FAILURE
knockout_winner: INVALID_INPUT
knockout_winner: INVALID_INPUT
knockout_winner: FAILURE
knockout_winner: INVALID_INPUT
get_top_scorer: SUCCESS, 47
get_team_points: SUCCESS, 235
get_all_players_count: SUCCESS, 9
remove_team: FAILURE
get_all_players: SUCCESS
15
199
119
102
50
135
add_player: FAILURE
get_team_points: SUCCESS, 7092
unite_teams: FAILURE
get_closest_player: SUCCESS, 12
remove_player: SUCCESS
get_all_players_count: SUCCESS, 7
remove_team: FAILURE
update_player_stats: SUCCESS
knockout_winner: FAILURE
knockout_winner: SUCCESS, 13
knockout_winner: FAILURE
knockout_winner: SUCCESS, 13
knockout_winner: INVALID_INPUT
unite_teams: FAILURE
get_top_scorer: SUCCESS, 197
get_num_played_games: SUCCESS, 5091
get_closest_player: SUCCESS, 171
get_top_scorer: SUCCESS, 184
knockout_winner: SUCCESS, 11
knockout_winner: SUCCESS, 13
knockout_winner: SUCCESS, 7
knockout_winner: SUCCESS, 16
knockout_winner: INVALID_INPUT
remove_team: FAILURE
unite_teams: FAILURE
unite_teams: FAILURE
add_player: FAILURE
add_player: FAILURE
play_match: FAILURE
update_player_stats: SUCCESS
get_closest_player: SUCCESS, 106
get_all_players: SUCCESS
152
72
163
8
117
175
7
68
127
remove_team: FAILURE
get_top_scorer: SUCCESS, 197
get_closest_player: SUCCESS, 72
play_match: FAILURE
get_team_points: SUCCESS, 7092
knockout_winner: SUCCESS, 13
knockout_winner: SUCCESS, 13
knockout_winner: SUCCESS, 7
knockout_winner: SUCCESS, 17
knockout_winner: INVALID_INPUT
get_all_players_count: SUCCESS, 13
knockout_winner: SUCCESS, 2
knockout_winner: INVALID_INPUT
knockout_winner: INVALID_INPUT
knockout_winner: SUCCESS, 13
knockout_winner: SUCCESS, 13
get_top_scorer: SUCCESS, 48
update_player_stats: SUCCESS
get_num_played_games: SUCCESS, 8945
play_match: FAILURE
remove_team: FAILURE
remove_player: SUCCESS
get_all_players_count: SUCCESS, 13
get_closest_player: SUCCESS, 34
get_num_played_games: SUCCESS, 11015
remove_player: SUCCESS
get_team_points: SUCCESS, 5217
add_team: FAILURE
get_team_points: SUCCESS, 2534
unite_teams: INVALID_INPUT
get_top_scorer: SUCCESS, 35
get_team_points: SUCCESS, 6921
get_all_players: SUCCESS
145
116
36
138
75
142
74
get_team_points: SUCCESS, 2534
play_match: FAILURE
unite_teams: FAILURE
get_closest_player: SUCCESS, 110
get_top_scorer: SUCCESS, 42
get_team_points: SUCCESS, 2534
add_player: FAILURE
knockout_winner: SUCCESS, 13
knockout_winner: SUCCESS, 13
knockout_winner: SUCCESS, 13
knockout_winner: FAILURE
knockout_winner: INVALID_INPUT
add_player: FAILURE
play_match: FAILURE
add_player: FAILURE
get_all_players_count: SUCCESS, 8
remove_player: SUCCESS
get_top_scorer: SUCCESS, 51
get_num_played_games: SUCCESS, 9150
get_team_points: SUCCESS, 6461
update_player_stats: SUCCESS
get_top_scorer: SUCCESS, 164
update_player_stats: SUCCESS
get_top_scorer: SUCCESS, 12
add_player: FAILURE
remove_team: FAILURE
get_closest_player: SUCCESS, 116
remove_team: FAILURE
get_closest_player: SUCCESS, 164
add_player: FAILURE
get_num_played_games: SUCCESS, 4604
get_all_players: SUCCESS
169
57
100
65
122
110
123
90
82
29
55
184
get_closest_player: SUCCESS, 14
get_closest_player: SUCCESS, 4
get_all_players: SUCCESS
40
128
108
149
22
146
73
133
121
46
42
89
unite_teams: FAILURE
unite_teams: FAILURE
get_closest_player: SUCCESS, 67
get_num_played_games: SUCCESS, 496
add_team: FAILURE
get_all_players: SUCCESS
158
18
19
155
67
41
17
53
2
188
remove_player: SUCCESS
update_player_stats: SUCCESS
remove_player: SUCCESS
unite_teams: FAILURE
add_player: FAILURE
get_all_players_count: SUCCESS, 11
add_player: FAILURE
update_player_stats: SUCCESS
add_player: FAILURE
get_team_points: SUCCESS, 5217
knockout_winner: SUCCESS, 2
knockout_winner: INVALID_INPUT
knockout_winner: INVALID_INPUT
knockout_winner: SUCCESS, 13
knockout_winner: INVALID_INPUT
get_closest_player: SUCCESS, 125
add_player: FAILURE
get_num_played_games: SUCCESS, 4971
add_player: FAILURE
remove_team: FAILURE
update_player_stats: SUCCESS
add_player: FAILURE
get_all_players: SUCCESS
103
4
198
115
106
34
151
94
173
add_team: FAILURE
get_team_points: SUCCESS, 11950
add_player: FAILURE
play_match: FAILURE
get_all_players: SUCCESS
103
4
198
115
106
34
151
94
173
get_all_players_count: SUCCESS, 8
get_num_played_games: SUCCESS, 8435
add_team: FAILURE
get_closest_player: SUCCESS, 118
add_team: FAILURE
get_all_players_count: SUCCESS, 12
get_all_players: SUCCESS
101
193
161
23
178
120
165
47
unite_teams: FAILURE
get_all_players: SUCCESS
40
128
108
149
22
146
73
133
121
46
42
89
get_num_played_games: SUCCESS, 4616
play_match: FAILURE
unite_teams: FAILURE
get_all_players: SUCCESS
152
72
163
117
175
7
68
127
remove_team: FAILURE
unite_teams: FAILURE
add_player: FAILURE
add_player: FAILURE
unite_teams: FAILURE
get_all_players_count: SUCCESS, 13
get_all_players: SUCCESS
10
181
87
113
96
132
177
80
183
get_closest_player: SUCCESS, 25
play_match: FAILURE
unite_teams: INVALID_INPUT
get_team_points: SUCCESS, 6359
unite_teams: FAILURE
unite_teams: FAILURE
get_top_scorer: SUCCESS, 48
remove_player: SUCCESS
get_closest_player: SUCCESS, 167
get_team_points: SUCCESS, 1291
get_num_played_games: SUCCESS, 3235
get_num_played_games: SUCCESS, 2940
get_all_players: SUCCESS
27
160
26
170
195
154
25
144
186
107
6
162
164
add_team: FAILURE
get_top_scorer: SUCCESS, 48
remove_team: FAILURE
remove_player: SUCCESS
remove_team: FAILURE
play_match: FAILURE
get_team_points: SUCCESS, 3068
get_all_players: SUCCESS
64
137
196
43
172
185
180
176
136
update_player_stats: SUCCESS
add_team: FAILURE
get_closest_player: SUCCESS, 53
get_closest_player: SUCCESS, 73
get_all_players: SUCCESS
145
116
36
138
75
142
74
get_closest_player: SUCCESS, 63
get_top_scorer: SUCCESS, 48
get_all_players_count: SUCCESS, 13
update_player_stats: SUCCESS
knockout_winner: SUCCESS, 2
knockout_winner: INVALID_INPUT
knockout_winner: INVALID_INPUT
knockout_winner: SUCCESS, 7
knockout_winner: SUCCESS, 7
get_all_players: SUCCESS
140
88
156
131
187
get_closest_player: SUCCESS, 19
remove_team: FAILURE
remove_player: SUCCESS
update_player_stats: SUCCESS
remove_team: FAILURE
play_match: FAILURE
get_team_points: SUCCESS, 2973
remove_player: SUCCESS
add_player: FAILURE
get_num_played_games: SUCCESS, 4901
update_player_stats: SUCCESS
knockout_winner: SUCCESS, 16
knockout_winner: SUCCESS, 13
knockout_winner: SUCCESS, 11
knockout_winner: FAILURE
knockout_winner: INVALID_INPUT
add_team: FAILURE
remove_player: SUCCESS
remove_team: FAILURE
get_closest_player: SUCCESS, 161
play_match: FAILURE
unite_teams: FAILURE
remove_player: SUCCESS
remove_team: FAILURE
remove_player: SUCCESS
add_team: FAILURE
add_player: FAILURE
play_match: FAILURE
update_player_stats: SUCCESS
get_top_scorer: SUCCESS, 191
get_num_played_games: SUCCESS, 5069
get_closest_player: SUCCESS, 11
get_top_scorer: SUCCESS, 12
add_team: FAILURE
get_closest_player: SUCCESS, 51
get_all_players: SUCCESS
101
193
161
23
178
120
165
47
get_all_players_count: SUCCESS, 9
play_match: FAILURE
get_num_played_games: SUCCESS, 2848
get_all_players: SUCCESS
112
98
1
11
28
139
5
12
remove_player: SUCCESS
add_player: FAILURE
update_player_stats: SUCCESS
get_top_scorer: SUCCESS, 197
add_player: FAILURE
remove_team: FAILURE
get_team_points: SUCCESS, 11224
unite_teams: FAILURE
get_top_scorer: SUCCESS, 74
knockout_winner: SUCCESS, 7
knockout_winner: INVALID_INPUT
knockout_winner: INVALID_INPUT
knockout_winner: SUCCESS, 7
knockout_winner: SUCCESS, 7
get_closest_player: SUCCESS, 62
play_match: FAILURE
get_team_points: SUCCESS, 6988
update_player_stats: SUCCESS
play_match: SUCCESS
update_player_stats: SUCCESS
get_all_players_count: SUCCESS, 6
knockout_winner: FAILURE
knockout_winner: SUCCESS, 16
knockout_winner: FAILURE
knockout_winner: FAILURE
knockout_winner: INVALID_INPUT
unite_teams: FAILURE
add_team: FAILURE
remove_team: FAILURE
add_team: FAILURE
play_match: FAILURE
get_all_players_count: SUCCESS, 12
unite_teams: FAILURE
get_num_played_games: SUCCESS, 2848
unite_teams: FAILURE
get_all_players: SUCCESS
14
134
157
69
182
58
104
61
109
13
85
130
51
get_closest_player: SUCCESS, 134
get_all_players_count: SUCCESS, 6
add_team: FAILURE
get_team_points: SUCCESS, 5217
get_closest_player: SUCCESS, 41
play_match: FAILURE
remove_team: FAILURE
get_closest_player: SUCCESS, 12
remove_team: FAILURE
get_top_scorer: SUCCESS, 164
get_closest_player: SUCCESS, 173
remove_player: SUCCESS
add_team: FAILURE
play_match: FAILURE
remove_team: FAILURE
add_player: FAILURE
get_team_points: SUCCESS, 3236
unite_teams: FAILURE
unite_teams: FAILURE
unite_teams: FAILURE
add_player: FAILURE
remove_team: FAILURE
add_team: FAILURE
knockout_winner: SUCCESS, 13
knockout_winner: SUCCESS, 13
knockout_winner: SUCCESS, 11
knockout_winner: FAILURE
knockout_winner: INVALID_INPUT
get_team_points: SUCCESS, 2973
play_match: FAILURE
get_top_scorer: SUCCESS, 164
remove_player: SUCCESS
play_match: INVALID_INPUT
remove_player: SUCCESS
get_num_played_games: SUCCESS, 4901
get_all_players: SUCCESS
152
72
163
117
175
7
68
127
play_match: FAILURE
get_team_points: SUCCESS, 11245
get_all_players_count: SUCCESS, 6
get_top_scorer: SUCCESS, 135
unite_teams: FAILURE
get_top_scorer: SUCCESS, 89
get_num_played_games: SUCCESS, 1789
get_team_points: SUCCESS, 2534
play_match: FAILURE
get_all_players: SUCCESS
152
72
163
117
175
7
68
127
play_match: FAILURE
add_team: FAILURE
remove_team: FAILURE
play_match: FAILURE
unite_teams: FAILURE
update_player_stats: SUCCESS
get_closest_player: SUCCESS, 23
add_player: FAILURE
get_top_scorer: SUCCESS, 12
get_num_played_games: SUCCESS, 3862
get_all_players: SUCCESS
15
199
119
102
50
135
get_all_players_count: SUCCESS, 8
add_team: FAILURE
get_num_played_games: SUCCESS, 8558
get_all_players_count: SUCCESS, 12
add_player: FAILURE
get_num_played_games: SUCCESS, 6372
get_all_players_count: SUCCESS, 5
get_num_played_games: SUCCESS, 11888
remove_team: FAILURE
update_player_stats: SUCCESS
remove_player: SUCCESS
unite_teams: FAILURE
knockout_winner: FAILURE
knockout_winner: SUCCESS, 7
knockout_winner: SUCCESS, 7
knockout_winner: SUCCESS, 17
knockout_winner: INVALID_INPUT
remove_player: SUCCESS
get_team_points: SUCCESS, 10242
update_player_stats: SUCCESS
update_player_stats: SUCCESS
play_match: SUCCESS
update_player_stats: SUCCESS
play_match: FAILURE
get_closest_player: SUCCESS, 85
get_top_scorer: SUCCESS, 135
unite_teams: FAILURE
knockout_winner: SUCCESS, 7
knockout_winner: SUCCESS, 7
knockout_winner: SUCCESS, 7
knockout_winner: SUCCESS, 13
knockout_winner: SUCCESS, 13
remove_player: SUCCESS
remove_team: FAILURE
add_player: FAILURE
get_num_played_games: SUCCESS, 6001
knockout_winner: SUCCESS, 13
knockout_winner: SUCCESS, 7
knockout_winner: SUCCESS, 7
knockout_winner: SUCCESS, 13
knockout_winner: SUCCESS, 13
update_player_stats: SUCCESS
get_closest_player: SUCCESS, 21
update_player_stats: SUCCESS
update_player_stats: SUCCESS
add_team: FAILURE
get_all_players_count: SUCCESS, 13
add_team: FAILURE
add_player: FAILURE
knockout_winner: FAILURE
knockout_winner: SUCCESS, 13
knockout_winner: FAILURE
knockout_winner: FAILURE
knockout_winner: INVALID_INPUT
add_team: FAILURE
remove_player: SUCCESS
get_all_players: SUCCESS
114
3
31
62
97
166
126
83
84
9
197
play_match: SUCCESS
unite_teams: FAILURE
get_all_players: SUCCESS
72
117
175
7
68
127
add_team: FAILURE
get_team_points: SUCCESS, 1291
get_num_played_games: SUCCESS, 10445
add_player: FAILURE
remove_team: FAILURE
remove_team: FAILURE
get_team_points: SUCCESS, 201
unite_teams: FAILURE
get_all_players_count: SUCCESS, 11
get_team_points: SUCCESS, 7709
remove_player: SUCCESS
get_top_scorer: SUCCESS, 174
update_player_stats: SUCCESS
knockout_winner: SUCCESS, 7
knockout_winner: INVALID_INPUT
knockout_winner: INVALID_INPUT
knockout_winner: SUCCESS, 7
knockout_winner: INVALID_INPUT
add_player: FAILURE
play_match: FAILURE
unite_teams: FAILURE
add_player: FAILURE
remove_team: FAILURE
update_player_stats: SUCCESS
remove_team: FAILURE
add_player: FAILURE
add_team: FAILURE
get_all_players: SUCCESS
169
57
100
65
122
110
90
82
29
184
55
123
update_player_stats: SUCCESS
get_top_scorer: SUCCESS, 123
get_top_scorer: SUCCESS, 139
update_player_stats: SUCCESS
knockout_winner: SUCCESS, 16
knockout_winner: SUCCESS, 13
knockout_winner: SUCCESS, 11
knockout_winner: FAILURE
knockout_winner: INVALID_INPUT
add_player: FAILURE
remove_player: SUCCESS
knockout_winner: SUCCESS, 7
knockout_winner: SUCCESS, 7
knockout_winner: FAILURE
knockout_winner: SUCCESS, 13
knockout_winner: INVALID_INPUT
play_match: FAILURE
get_closest_player: SUCCESS, 123
remove_team: FAILURE
unite_teams: SUCCESS
play_match: FAILURE
unite_teams: FAILURE
get_top_scorer: SUCCESS, 51
update_player_stats: SUCCESS
get_team_points: SUCCESS, 7709
get_closest_player: SUCCESS, 76
update_player_stats: SUCCESS
get_all_players_count: SUCCESS, 7
knockout_winner: SUCCESS, 13
knockout_winner: SUCCESS, 8
knockout_winner: SUCCESS, 8
knockout_winner: SUCCESS, 16
knockout_winner: INVALID_INPUT
add_team: FAILURE
add_player: FAILURE
get_num_played_games: SUCCESS, 10834
unite_teams: FAILURE
knockout_winner: SUCCESS, 7
knockout_winner: SUCCESS, 8
knockout_winner: FAILURE
knockout_winner: SUCCESS, 11
knockout_winner: INVALID_INPUT
play_match: FAILURE
remove_team: FAILURE
update_player_stats: SUCCESS
get_num_played_games: SUCCESS, 6500
get_all_players: SUCCESS
140
88
156
131
187
play_match: FAILURE
get_closest_player: SUCCESS, 115
add_player: FAILURE
get_num_played_games: SUCCESS, 8837
get_top_scorer: SUCCESS, 176
get_all_players_count: SUCCESS, 10
play_match: FAILURE
get_team_points: SUCCESS, 5217
play_match: FAILURE
get_all_players: SUCCESS
14
134
157
69
182
58
104
61
109
85
130
51
13
get_num_played_games: SUCCESS, 11889
add_team: FAILURE
get_top_scorer: SUCCESS, 89
add_team: FAILURE
remove_player: SUCCESS
add_team: FAILURE
get_num_played_games: SUCCESS, 10575
get_all_players: SUCCESS
14
134
157
69
182
58
104
61
109
85
130
51
13
remove_team: FAILURE
update_player_stats: SUCCESS
remove_team: FAILURE
get_closest_player: SUCCESS, 75
get_team_points: SUCCESS, 11950
update_player_stats: SUCCESS
get_closest_player: SUCCESS, 37
get_all_players: SUCCESS
158
18
19
155
67
41
17
53
2
update_player_stats: SUCCESS
play_match: SUCCESS
add_team: FAILURE
unite_teams: FAILURE
get_team_points: SUCCESS, 11314
add_player: FAILURE
get_num_played_games: SUCCESS, 2608
get_all_players_count: SUCCESS, 10
get_all_players_count: SUCCESS, 8
remove_team: FAILURE
get_num_played_games: SUCCESS, 2489
get_all_players: SUCCESS
148
167
93
59
153
32
99
174
remove_team: FAILURE
remove_team: FAILURE
add_team: FAILURE
knockout_winner: FAILURE
knockout_winner: SUCCESS, 7
knockout_winner: FAILURE
knockout_winner: FAILURE
knockout_winner: INVALID_INPUT
add_player: FAILURE
unite_teams: FAILURE
get_all_players_count: SUCCESS, 6
add_team: FAILURE
get_top_scorer: SUCCESS, 176
get_num_played_games: SUCCESS, 4415
get_all_players_count: SUCCESS, 12
remove_player: SUCCESS
add_player: FAILURE
get_top_scorer: SUCCESS, 187
play_match: INVALID_INPUT
knockout_winner: FAILURE
knockout_winner: SUCCESS, 13
knockout_winner: FAILURE
knockout_winner: FAILURE
knockout_winner: INVALID_INPUT
get_top_scorer: SUCCESS, 176
get_num_played_games: SUCCESS, 12127
add_player: FAILURE
get_num_played_games: SUCCESS, 7811
knockout_winner: SUCCESS, 7
knockout_winner: INVALID_INPUT
knockout_winner: INVALID_INPUT
knockout_winner: SUCCESS, 13
knockout_winner: SUCCESS, 13
get_num_played_games: SUCCESS, 2090
get_top_scorer: SUCCESS, 178
unite_teams: FAILURE
get_all_players: SUCCESS
64
137
196
43
172
185
180
176
get_all_players: SUCCESS
161
23
120
165
47
178
unite_teams: FAILURE
remove_player: SUCCESS
remove_team: FAILURE
remove_player: SUCCESS
play_match: FAILURE
get_top_scorer: SUCCESS, 89
unite_teams: SUCCESS
remove_player: SUCCESS
knockout_winner: SUCCESS, 7
knockout_winner: INVALID_INPUT
knockout_winner: INVALID_INPUT
knockout_winner: SUCCESS, 11
knockout_winner: INVALID_INPUT
update_player_stats: SUCCESS
remove_player: SUCCESS
add_player: FAILURE
get_top_scorer: SUCCESS, 174
get_team_points: SUCCESS, 10242
get_team_points: SUCCESS, 8218
knockout_winner: SUCCESS, 16
knockout_winner: SUCCESS, 7
knockout_winner: SUCCESS, 7
knockout_winner: FAILURE
knockout_winner: INVALID_INPUT
get_all_players_count: SUCCESS, 12
add_team: FAILURE
update_player_stats: SUCCESS
get_all_players_count: SUCCESS, 7
get_all_players: SUCCESS
45
37
171
39
49
192
150
44
38
81
60
111
unite_teams: FAILURE
play_match: FAILURE
get_all_players_count: SUCCESS, 11
get_top_scorer: SUCCESS, 16
play_match: FAILURE
get_closest_player: SUCCESS, 4
add_team: FAILURE
get_all_players_count: SUCCESS, 7
get_all_players_count: SUCCESS, 8
remove_player: SUCCESS
remove_player: SUCCESS
add_player: FAILURE
get_all_players: SUCCESS
158
18
19
155
67
41
17
53
2
get_num_played_games: SUCCESS, 6500
get_top_scorer: SUCCESS, 16
unite_teams: FAILURE
get_team_points: SUCCESS, 7152
get_all_players: SUCCESS
140
88
156
131
187
get_top_scorer: SUCCESS, 127
get_top_scorer: SUCCESS, 123
get_top_scorer: SUCCESS, 89
get_num_played_games: SUCCESS, 5562
unite_teams: FAILURE
get_team_points: SUCCESS, 2679
get_all_players: SUCCESS
98
1
11
28
5
12
139
remove_team: FAILURE
get_top_scorer: SUCCESS, 16
unite_teams: FAILURE
get_team_points: SUCCESS, 6461
get_team_points: SUCCESS, 3236
remove_team: FAILURE
knockout_winner: INVALID_INPUT
knockout_winner: SUCCESS, 11
knockout_winner: INVALID_INPUT
knockout_winner: INVALID_INPUT
knockout_winner: INVALID_INPUT
get_all_players_count: SUCCESS, 6
unite_teams: INVALID_INPUT
remove_player: SUCCESS
get_all_players_count: SUCCESS, 9
get_all_players_count: SUCCESS, 7
get_all_players: SUCCESS
45
37
171
39
49
192
150
44
38
81
60
111
unite_teams: FAILURE
get_top_scorer: SUCCESS, 89
remove_player: SUCCESS
add_player: FAILURE
get_closest_player: SUCCESS, 2
get_top_scorer: SUCCESS, 16
add_player: FAILURE
get_top_scorer: SUCCESS, 115
unite_teams: FAILURE
remove_player: SUCCESS
add_player: FAILURE
get_closest_player: SUCCESS, 4
update_player_stats: SUCCESS
get_all_players: SUCCESS
158
19
155
67
41
17
53
2
play_match: SUCCESS
get_closest_player: SUCCESS, 21
knockout_winner: SUCCESS, 16
knockout_winner: SUCCESS, 7
knockout_winner: SUCCESS, 7
knockout_winner: SUCCESS, 16
knockout_winner: INVALID_INPUT
remove_team: FAILURE
unite_teams: FAILURE
add_team: FAILURE
add_team: FAILURE
get_team_points: SUCCESS, 8218
remove_player: SUCCESS
unite_teams: FAILURE
add_player: FAILURE
remove_team: FAILURE
get_team_points: SUCCESS, 11950
add_team: FAILURE
get_top_scorer: SUCCESS, 142
remove_player: SUCCESS
get_all_players_count: SUCCESS, 7
add_team: FAILURE
remove_player: SUCCESS
remove_team: FAILURE
get_top_scorer: SUCCESS, 13
knockout_winner: SUCCESS, 16
knockout_winner: SUCCESS, 16
knockout_winner: SUCCESS, 11
knockout_winner: FAILURE
knockout_winner: INVALID_INPUT
update_player_stats: SUCCESS
add_player: FAILURE
get_all_players_count: SUCCESS, 12
knockout_winner: INVALID_INPUT
knockout_winner: SUCCESS, 11
knockout_winner: INVALID_INPUT
knockout_winner: INVALID_INPUT
knockout_winner: INVALID_INPUT
knockout_winner: SUCCESS, 16
knockout_winner: SUCCESS, 16
knockout_winner: SUCCESS, 11
knockout_winner: FAILURE
knockout_winner: INVALID_INPUT
update_player_stats: SUCCESS
update_player_stats: SUCCESS
add_team: FAILURE
play_match: SUCCESS
get_all_players_count: SUCCESS, 12
add_team: FAILURE
get_team_points: SUCCESS, 7092
add_player: FAILURE
get_closest_player: SUCCESS, 167
play_match: FAILURE
get_closest_player: SUCCESS, 3
unite_teams: FAILURE
get_num_played_games: SUCCESS, 14731
get_all_players: SUCCESS
161
23
120
165
178
get_num_played_games: SUCCESS, 10609
get_team_points: SUCCESS, 10242
add_player: FAILURE
knockout_winner: SUCCESS, 8
knockout_winner: SUCCESS, 8
knockout_winner: SUCCESS, 8
knockout_winner: SUCCESS, 16
knockout_winner: FAILURE
update_player_stats: SUCCESS
get_all_players_count: SUCCESS, 5
get_all_players_count: SUCCESS, 12
get_top_scorer: SUCCESS, 174
add_team: FAILURE
add_team: FAILURE
knockout_winner: SUCCESS, 16
knockout_winner: SUCCESS, 8
knockout_winner: SUCCESS, 8
knockout_winner: SUCCESS, 16
knockout_winner: INVALID_INPUT
get_all_players_count: SUCCESS, 11
get_closest_player: SUCCESS, 59
knockout_winner: SUCCESS, 11
knockout_winner: SUCCESS, 8
knockout_winner: SUCCESS, 5
knockout_winner: SUCCESS, 16
knockout_winner: INVALID_INPUT
get_team_points: SUCCESS, 4264
knockout_winner: SUCCESS, 8
knockout_winner: INVALID_INPUT
knockout_winner: INVALID_INPUT
knockout_winner: SUCCESS, 16
knockout_winner: SUCCESS, 11
knockout_winner: FAILURE
knockout_winner: SUCCESS, 8
knockout_winner: SUCCESS, 8
knockout_winner: FAILURE
knockout_winner: INVALID_INPUT
remove_player: SUCCESS
get_top_scorer: SUCCESS, 139
get_closest_player: SUCCESS, 27
get_top_scorer: SUCCESS, 191
add_player: FAILURE
get_all_players_count: SUCCESS, 12
update_player_stats: SUCCESS
play_match: FAILURE
add_player: FAILURE
update_player_stats: SUCCESS
remove_player: SUCCESS
get_closest_player: SUCCESS, 44
knockout_winner: FAILURE
knockout_winner: SUCCESS, 16
knockout_winner: FAILURE
knockout_winner: FAILURE
knockout_winner: INVALID_INPUT
knockout_winner: INVALID_INPUT
knockout_winner: SUCCESS, 8
knockout_winner: INVALID_INPUT
knockout_winner: INVALID_INPUT
knockout_winner: INVALID_INPUT
knockout_winner: INVALID_INPUT
knockout_winner: SUCCESS, 8
knockout_winner: INVALID_INPUT
knockout_winner: INVALID_INPUT
knockout_winner: INVALID_INPUT
get_team_points: SUCCESS, 4264
add_player: FAILURE
add_team: FAILURE
remove_team: FAILURE
get_all_players: SUCCESS
27
160
26
170
195
154
144
107
162
164
play_match: FAILURE
get_all_players_count: SUCCESS, 6
get_all_players_count: SUCCESS, 6
remove_player: SUCCESS
add_player: FAILURE
get_all_players_count: SUCCESS, 10
get_team_points: SUCCESS, 7709
update_player_stats: SUCCESS
get_closest_player: SUCCESS, 161
get_closest_player: SUCCESS, 83
play_match: FAILURE
remove_player: SUCCESS
unite_teams: FAILURE
unite_teams: FAILURE
get_num_played_games: SUCCESS, 3235
unite_teams: FAILURE
add_team: FAILURE
get_team_points: SUCCESS, 7092
add_player: FAILURE
add_team: FAILURE
get_closest_player: SUCCESS, 113
get_all_players_count: SUCCESS, 4
get_num_played_games: SUCCESS, 14731
remove_team: FAILURE
get_all_players: SUCCESS
158
19
155
67
41
17
53
2
remove_team: FAILURE
knockout_winner: SUCCESS, 8
knockout_winner: INVALID_INPUT
knockout_winner: INVALID_INPUT
knockout_winner: SUCCESS, 11
knockout_winner: INVALID_INPUT
unite_teams: FAILURE
remove_team: FAILURE
knockout_winner: SUCCESS, 16
knockout_winner: SUCCESS, 11
knockout_winner: SUCCESS, 11
knockout_winner: FAILURE
knockout_winner: INVALID_INPUT
remove_team: FAILURE
add_team: FAILURE
get_closest_player: SUCCESS, 9
unite_teams: FAILURE
update_player_stats: SUCCESS
add_team: FAILURE
get_all_players: SUCCESS
64
137
196
43
172
180
176
get_closest_player: SUCCESS, 3
add_team: FAILURE
remove_team: FAILURE
update_player_stats: SUCCESS
remove_player: SUCCESS
get_closest_player: SUCCESS, 24
remove_player: SUCCESS
add_player: FAILURE
get_all_players_count: SUCCESS, 5
get_all_players_count: SUCCESS, 8
remove_player: SUCCESS
get_team_points: SUCCESS, 11950
get_top_scorer: SUCCESS, 13
get_top_scorer: SUCCESS, 111
add_team: FAILURE
remove_team: FAILURE
remove_player: SUCCESS
get_top_scorer: SUCCESS, 13
add_team: FAILURE
unite_teams: FAILURE
get_all_players: SUCCESS
21
141
20
56
52
63
66
33
16
add_player: FAILURE
play_match: FAILURE
get_all_players_count: SUCCESS, 4
get_num_played_games: SUCCESS, 7586
knockout_winner: SUCCESS, 8
knockout_winner: INVALID_INPUT
knockout_winner: INVALID_INPUT
knockout_winner: SUCCESS, 8
knockout_winner: SUCCESS, 8
remove_team: FAILURE
play_match: FAILURE
get_all_players_count: SUCCESS, 7
get_all_players_count: SUCCESS, 10
get_team_points: SUCCESS, 4264
add_player: FAILURE
remove_player: SUCCESS
get_closest_player: SUCCESS, 75
add_player: FAILURE
add_player: FAILURE
get_num_played_games: SUCCESS, 9816
knockout_winner: SUCCESS, 8
knockout_winner: INVALID_INPUT
knockout_winner: INVALID_INPUT
knockout_winner: SUCCESS, 8
knockout_winner: SUCCESS, 8
unite_teams: SUCCESS
get_team_points: SUCCESS, 6461
remove_team: FAILURE
add_team: FAILURE
add_player: FAILURE
add_player: FAILURE
remove_team: FAILURE
knockout_winner: FAILURE
knockout_winner: FAILURE
knockout_winner: FAILURE
knockout_winner: FAILURE
knockout_winner: INVALID_INPUT
get_all_players: SUCCESS
27
160
26
170
195
154
144
107
162
164
get_num_played_games: SUCCESS, 10326
unite_teams: FAILURE
get_all_players_count: SUCCESS, 16
get_all_players_count: SUCCESS, 5
remove_player: SUCCESS
get_top_scorer: SUCCESS, 174
get_top_scorer: SUCCESS, 135
add_team: FAILURE
add_player: FAILURE
remove_team: FAILURE
play_match: FAILURE
add_team: FAILURE
play_match: FAILURE
remove_player: SUCCESS
knockout_winner: INVALID_INPUT
knockout_winner: INVALID_INPUT
knockout_winner: INVALID_INPUT
knockout_winner: INVALID_INPUT
knockout_winner: INVALID_INPUT
play_match: FAILURE
get_team_points: SUCCESS, 2706
add_team: FAILURE
add_team: FAILURE
knockout_winner: FAILURE
knockout_winner: SUCCESS, 8
knockout_winner: SUCCESS, 8
knockout_winner: FAILURE
knockout_winner: INVALID_INPUT
remove_player: SUCCESS
get_closest_player: SUCCESS, 74
play_match: FAILURE
remove_team: FAILURE
get_team_points: SUCCESS, 11950
get_all_players: SUCCESS
15
102
135
add_player: FAILURE
get_all_players: SUCCESS
64
137
196
43
172
176
get_top_scorer: SUCCESS, 33
play_match: FAILURE
get_all_players_count: SUCCESS, 5
remove_player: SUCCESS
play_match: FAILURE
remove_player: SUCCESS
get_top_scorer: SUCCESS, 187
get_top_scorer: SUCCESS, 142
add_team: FAILURE
get_all_players: SUCCESS
148
93
59
32
167
153
174
add_team: FAILURE
get_team_points: SUCCESS, 2449
remove_team: FAILURE
get_top_scorer: SUCCESS, 174
get_all_players: SUCCESS
4
198
106
151
94
173
115
add_player: FAILURE
get_top_scorer: SUCCESS, 142
remove_player: SUCCESS
get_num_played_games: SUCCESS, 12045
get_closest_player: SUCCESS, 155
remove_player: SUCCESS
remove_player: SUCCESS
remove_player: SUCCESS
remove_player: SUCCESS
update_player_stats: SUCCESS
add_team: FAILURE
update_player_stats: SUCCESS
remove_team: FAILURE
knockout_winner: SUCCESS, 8
knockout_winner: SUCCESS, 8
knockout_winner: SUCCESS, 5
knockout_winner: FAILURE
knockout_winner: INVALID_INPUT
get_num_played_games: SUCCESS, 2998
get_all_players_count: SUCCESS, 16
knockout_winner: SUCCESS, 11
knockout_winner: SUCCESS, 8
knockout_winner: FAILURE
knockout_winner: FAILURE
knockout_winner: INVALID_INPUT
get_team_points: SUCCESS, 5217
remove_player: SUCCESS
get_team_points: SUCCESS, 10242
get_num_played_games: SUCCESS, 12120
play_match: FAILURE
get_num_played_games: SUCCESS, 8120
play_match: FAILURE
get_num_played_games: SUCCESS, 8837
get_num_played_games: SUCCESS, 11417
get_top_scorer: SUCCESS, 13
knockout_winner: SUCCESS, 5
knockout_winner: SUCCESS, 8
knockout_winner: FAILURE
knockout_winner: FAILURE
knockout_winner: INVALID_INPUT
get_all_players_count: SUCCESS, 16
update_player_stats: SUCCESS
get_closest_player: SUCCESS, 187
remove_team: FAILURE
get_all_players_count: SUCCESS, 6
add_team: FAILURE
get_all_players_count: SUCCESS, 14
get_closest_player: SUCCESS, 84
play_match: FAILURE
get_team_points: SUCCESS, 5217
get_top_scorer: SUCCESS, 197
get_top_scorer: SUCCESS, 2
get_all_players: SUCCESS
148
93
59
32
167
153
174
knockout_winner: FAILURE
knockout_winner: FAILURE
knockout_winner: FAILURE
knockout_winner: FAILURE
knockout_winner: INVALID_INPUT
add_team: FAILURE
remove_team: FAILURE
remove_team: FAILURE
update_player_stats: SUCCESS
update_player_stats: SUCCESS
remove_team: FAILURE
add_team: FAILURE
remove_team: FAILURE
remove_team: FAILURE
get_closest_player: SUCCESS, 11
update_player_stats: SUCCESS
get_all_players: SUCCESS
114
3
62
31
166
83
84
126
9
197
add_team: FAILURE
unite_teams: FAILURE
get_all_players: SUCCESS
95
30
124
78
76
191
add_team: FAILURE
add_player: FAILURE
knockout_winner: FAILURE
knockout_winner: FAILURE
knockout_winner: FAILURE
knockout_winner: FAILURE
knockout_winner: INVALID_INPUT
get_num_played_games: SUCCESS, 10326
remove_player: SUCCESS
unite_teams: FAILURE
remove_player: SUCCESS
get_top_scorer: SUCCESS, 176
knockout_winner: SUCCESS, 8
knockout_winner: INVALID_INPUT
knockout_winner: INVALID_INPUT
knockout_winner: SUCCESS, 11
knockout_winner: INVALID_INPUT
get_team_points: SUCCESS, 10242
knockout_winner: SUCCESS, 5
knockout_winner: INVALID_INPUT
knockout_winner: INVALID_INPUT
knockout_winner: SUCCESS, 8
knockout_winner: INVALID_INPUT
add_player: FAILURE
get_all_players: SUCCESS
64
196
43
172
176
add_team: FAILURE
remove_team: FAILURE
get_all_players_count: SUCCESS, 10
play_match: FAILURE
get_closest_player: SUCCESS, 197
get_top_scorer: SUCCESS, 176
add_team: FAILURE
remove_player: SUCCESS
get_closest_player: SUCCESS, 175
add_player: FAILURE
get_closest_player: SUCCESS, 95
get_num_played_games: SUCCESS, 3235
add_player: FAILURE
update_player_stats: SUCCESS
get_num_played_games: SUCCESS, 298
remove_player: SUCCESS
remove_player: SUCCESS
unite_teams: FAILURE
get_top_scorer: SUCCESS, 174
remove_player: SUCCESS
get_all_players: SUCCESS
64
196
43
172
176
get_all_players_count: SUCCESS, 4
get_all_players: SUCCESS
64
196
43
172
176
remove_player: SUCCESS
update_player_stats: SUCCESS
add_player: FAILURE
get_num_played_games: SUCCESS, 1162
get_top_scorer: SUCCESS, 2
add_team: FAILURE
add_player: FAILURE
remove_player: SUCCESS
get_closest_player: SUCCESS, 172
remove_player: SUCCESS
update_player_stats: SUCCESS
knockout_winner: SUCCESS, 8
knockout_winner: INVALID_INPUT
knockout_winner: INVALID_INPUT
knockout_winner: SUCCESS, 8
knockout_winner: SUCCESS, 8
get_num_played_games: SUCCESS, 3156
get_top_scorer: SUCCESS, 176
get_top_scorer: SUCCESS, 132
remove_player: SUCCESS
remove_player: SUCCESS
add_player: FAILURE
get_closest_player: SUCCESS, 12
unite_teams: FAILURE
knockout_winner: SUCCESS, 8
knockout_winner: INVALID_INPUT
knockout_winner: INVALID_INPUT
knockout_winner: SUCCESS, 8
knockout_winner: SUCCESS, 8
get_top_scorer: SUCCESS, 102
get_all_players_count: SUCCESS, 16
unite_teams: INVALID_INPUT
get_all_players: SUCCESS
4
198
106
151
94
173
get_all_players: SUCCESS
161
120
178
knockout_winner: FAILURE
knockout_winner: SUCCESS, 8
knockout_winner: SUCCESS, 8
knockout_winner: FAILURE
knockout_winner: INVALID_INPUT
get_all_players_count: SUCCESS, 2
get_top_scorer: SUCCESS, 111
play_match: INVALID_INPUT
play_match: FAILURE
get_closest_player: SUCCESS, 139
get_all_players_count: SUCCESS, 7
add_team: FAILURE
add_team: FAILURE
get_top_scorer: SUCCESS, 191
unite_teams: FAILURE
get_all_players_count: SUCCESS, 3
get_all_players: SUCCESS
72
87
96
117
113
10
175
7
68
127
80
132
get_team_points: SUCCESS, 2534
get_all_players_count: SUCCESS, 8
play_match: SUCCESS
remove_team: FAILURE
get_closest_player: SUCCESS, 104
unite_teams: FAILURE
add_team: FAILURE
play_match: FAILURE
play_match: FAILURE
get_num_played_games: SUCCESS, 10415
unite_teams: FAILURE
get_all_players: SUCCESS
72
87
96
117
113
10
175
7
68
127
80
132
get_team_points: SUCCESS, 11332
get_top_scorer: SUCCESS, 89
get_num_played_games: SUCCESS, 8558
knockout_winner: FAILURE
knockout_winner: SUCCESS, 8
knockout_winner: SUCCESS, 8
knockout_winner: FAILURE
knockout_winner: INVALID_INPUT
add_team: FAILURE
knockout_winner: FAILURE
knockout_winner: FAILURE
knockout_winner: FAILURE
knockout_winner: FAILURE
knockout_winner: INVALID_INPUT
get_team_points: SUCCESS, 7144
add_player: FAILURE
knockout_winner: FAILURE
knockout_winner: FAILURE
knockout_winner: FAILURE
knockout_winner: FAILURE
knockout_winner: INVALID_INPUT
remove_player: SUCCESS
get_team_points: SUCCESS, 10242
update_player_stats: SUCCESS
update_player_stats: SUCCESS
get_top_scorer: SUCCESS, 142
unite_teams: FAILURE
unite_teams: FAILURE
remove_team: FAILURE
remove_team: FAILURE
unite_teams: FAILURE
update_player_stats: SUCCESS
get_closest_player: SUCCESS, 44
get_closest_player: SUCCESS, 10
unite_teams: FAILURE
get_team_points: SUCCESS, 10242
get_team_points: SUCCESS, 7709
unite_teams: FAILURE
get_all_players_count: SUCCESS, 7
get_top_scorer: SUCCESS, 187
play_match: FAILURE
add_player: FAILURE
remove_player: SUCCESS
add_player: FAILURE
add_player: FAILURE
get_team_points: SUCCESS, 8456
add_team: FAILURE
remove_player: SUCCESS
get_team_points: SUCCESS, 3236
get_team_points: SUCCESS, 2706
unite_teams: FAILURE
unite_teams: FAILURE
remove_player: SUCCESS
remove_player: SUCCESS
add_player: FAILURE
get_team_points: SUCCESS, 2534
knockout_winner: SUCCESS, 11
knockout_winner: SUCCESS, 8
knockout_winner: FAILURE
knockout_winner: FAILURE
knockout_winner: INVALID_INPUT
add_player: FAILURE
get_num_played_games: SUCCESS, 5584
update_player_stats: SUCCESS
update_player_stats: SUCCESS
add_team: FAILURE
remove_team: FAILURE
get_all_players_count: SUCCESS, 6
get_team_points: SUCCESS, 4264
unite_teams: FAILURE
get_num_played_games: SUCCESS, 9978
play_match: FAILURE
get_top_scorer: SUCCESS, 2
get_team_points: SUCCESS, 6374
unite_teams: SUCCESS
remove_player: SUCCESS
get_closest_player: SUCCESS, 111
play_match: FAILURE
play_match: FAILURE
get_num_played_games: SUCCESS, 11890
unite_teams: FAILURE
get_team_points: SUCCESS, 8456
unite_teams: FAILURE
get_closest_player: SUCCESS, 198
get_num_played_games: SUCCESS, 35502
get_all_players: SUCCESS
114
3
62
31
83
84
126
9
197
add_player: FAILURE
remove_team: FAILURE
remove_team: FAILURE
remove_player: SUCCESS
add_team: FAILURE
add_player: FAILURE
update_player_stats: SUCCESS
add_player: FAILURE
get_all_players_count: SUCCESS, 8
remove_player: SUCCESS
unite_teams: SUCCESS
remove_player: SUCCESS
remove_player: SUCCESS
remove_player: SUCCESS
remove_player: SUCCESS
remove_player: SUCCESS
remove_player: SUCCESS
remove_player: SUCCESS
remove_player: SUCCESS
remove_player: SUCCESS
remove_player: SUCCESS
remove_player: SUCCESS
remove_player: SUCCESS
remove_player: SUCCESS
remove_player: SUCCESS
remove_player: SUCCESS
remove_player: SUCCESS
remove_player: SUCCESS
remove_player: SUCCESS
remove_player: SUCCESS
remove_player: SUCCESS
remove_player: SUCCESS
remove_player: SUCCESS
remove_player: SUCCESS
remove_player: SUCCESS
remove_player: SUCCESS
remove_player: SUCCESS
remove_player: SUCCESS
remove_player: SUCCESS
remove_player: SUCCESS
remove_player: SUCCESS
remove_player: SUCCESS
remove_player: SUCCESS
remove_player: SUCCESS
remove_player: SUCCESS
remove_player: SUCCESS
remove_player: SUCCESS
remove_player: SUCCESS
remove_player: SUCCESS
remove_player: SUCCESS
remove_player: SUCCESS
remove_player: SUCCESS
remove_player: SUCCESS
remove_player: SUCCESS
remove_player: SUCCESS
remove_player: SUCCESS
remove_player: SUCCESS
remove_player: SUCCESS
remove_player: SUCCESS
remove_player: SUCCESS
remove_player: SUCCESS
remove_player: SUCCESS
remove_player: SUCCESS
remove_player: SUCCESS
remove_player: SUCCESS
remove_player: SUCCESS
remove_player: SUCCESS
remove_player: SUCCESS
remove_player: SUCCESS
remove_player: SUCCESS
remove_player: SUCCESS
remove_player: SUCCESS
remove_player: SUCCESS
remove_player: SUCCESS
remove_player: SUCCESS
remove_player: SUCCESS
remove_player: SUCCESS
remove_player: SUCCESS
remove_player: SUCCESS
remove_player: SUCCESS
remove_player: SUCCESS
remove_player: SUCCESS
remove_player: SUCCESS
remove_player: SUCCESS
remove_player: SUCCESS
remove_player: SUCCESS
remove_player: SUCCESS
remove_player: SUCCESS
remove_player: SUCCESS
remove_player: SUCCESS
remove_player: SUCCESS
remove_player: SUCCESS
remove_player: SUCCESS
remove_player: SUCCESS
remove_player: SUCCESS
remove_player: SUCCESS
remove_player: SUCCESS
remove_player: SUCCESS
remove_player: SUCCESS
remove_player: SUCCESS
remove_player: SUCCESS
remove_player: SUCCESS
remove_player: SUCCESS
remove_player: SUCCESS
remove_player: SUCCESS
remove_player: SUCCESS
remove_player: SUCCESS
remove_player: SUCCESS
remove_player: SUCCESS
remove_player: SUCCESS
remove_player: SUCCESS
remove_player: SUCCESS
remove_player: SUCCESS
remove_player: SUCCESS
remove_player: SUCCESS
remove_player: SUCCESS
remove_player: SUCCESS
remove_player: SUCCESS
remove_player: SUCCESS
remove_player: SUCCESS
remove_player: SUCCESS
remove_player: SUCCESS
remove_player: SUCCESS
remove_player: SUCCESS
remove_player: SUCCESS
remove_player: SUCCESS
remove_player: SUCCESS
remove_player: SUCCESS
remove_player: SUCCESS
remove_player: SUCCESS
remove_player: SUCCESS
remove_team: SUCCESS
remove_team: SUCCESS
remove_team: SUCCESS
remove_team: SUCCESS
remove_team: SUCCESS
remove_team: SUCCESS
remove_team: SUCCESS
remove_team: SUCCESS
remove_team: SUCCESS
remove_team: SUCCESS
remove_team: SUCCESS
remove_team: SUCCESS
remove_team: SUCCESS
remove_team: SUCCESS
remove_team: SUCCESS
