add_team: SUCCESS
add_team: SUCCESS
add_team: SUCCESS
add_team: SUCCESS
add_team: SUCCESS
add_team: SUCCESS
add_team: SUCCESS
add_team: SUCCESS
add_team: SUCCESS
add_team: SUCCESS
add_team: SUCCESS
add_team: SUCCESS
add_team: SUCCESS
add_team: SUCCESS
add_team: SUCCESS
add_team: SUCCESS
add_team: SUCCESS
add_team: SUCCESS
add_team: SUCCESS
add_team: SUCCESS
add_player: SUCCESS
add_player: SUCCESS
add_player: SUCCESS
add_player: SUCCESS
add_player: SUCCESS
add_player: SUCCESS
add_player: SUCCESS
add_player: SUCCESS
add_player: SUCCESS
add_player: SUCCESS
add_player: SUCCESS
add_player: SUCCESS
add_player: SUCCESS
add_player: SUCCESS
add_player: SUCCESS
add_player: SUCCESS
add_player: SUCCESS
add_player: SUCCESS
add_player: SUCCESS
add_player: SUCCESS
add_player: SUCCESS
add_player: SUCCESS
add_player: SUCCESS
add_player: SUCCESS
add_player: SUCCESS
add_player: SUCCESS
add_player: SUCCESS
add_player: SUCCESS
add_player: SUCCESS
add_player: SUCCESS
add_player: SUCCESS
add_player: SUCCESS
add_player: SUCCESS
add_player: SUCCESS
add_player: SUCCESS
add_player: SUCCESS
add_player: SUCCESS
add_player: SUCCESS
add_player: SUCCESS
add_player: SUCCESS
add_player: SUCCESS
add_player: SUCCESS
add_player: SUCCESS
add_player: SUCCESS
add_player: SUCCESS
add_player: SUCCESS
add_player: SUCCESS
add_player: SUCCESS
add_player: SUCCESS
add_player: SUCCESS
add_player: SUCCESS
add_player: SUCCESS
add_player: SUCCESS
add_player: SUCCESS
add_player: SUCCESS
add_player: SUCCESS
add_player: SUCCESS
add_player: SUCCESS
add_player: SUCCESS
add_player: SUCCESS
add_player: SUCCESS
add_player: SUCCESS
add_player: SUCCESS
add_player: SUCCESS
add_player: SUCCESS
add_player: SUCCESS
add_player: SUCCESS
add_player: SUCCESS
add_player: SUCCESS
add_player: SUCCESS
add_player: SUCCESS
add_player: SUCCESS
add_player: SUCCESS
add_player: SUCCESS
add_player: SUCCESS
add_player: SUCCESS
add_player: SUCCESS
add_player: SUCCESS
add_player: SUCCESS
add_player: SUCCESS
add_player: SUCCESS
add_player: SUCCESS
add_player: SUCCESS
add_player: SUCCESS
add_player: SUCCESS
add_player: SUCCESS
add_player: SUCCESS
add_player: SUCCESS
add_player: SUCCESS
add_player: SUCCESS
add_player: SUCCESS
add_player: SUCCESS
add_player: SUCCESS
add_player: SUCCESS
add_player: SUCCESS
add_player: SUCCESS
add_player: SUCCESS
add_player: SUCCESS
add_player: SUCCESS
add_player: SUCCESS
add_player: SUCCESS
add_player: SUCCESS
add_player: SUCCESS
add_player: SUCCESS
add_player: SUCCESS
add_player: SUCCESS
add_player: SUCCESS
add_player: SUCCESS
add_player: SUCCESS
add_player: SUCCESS
add_player: SUCCESS
add_player: SUCCESS
add_player: SUCCESS
add_player: SUCCESS
add_player: SUCCESS
add_player: SUCCESS
add_player: SUCCESS
add_player: SUCCESS
add_player: SUCCESS
add_player: SUCCESS
add_player: SUCCESS
add_player: SUCCESS
add_player: SUCCESS
add_player: SUCCESS
add_player: SUCCESS
add_player: SUCCESS
add_player: SUCCESS
add_player: SUCCESS
add_player: SUCCESS
add_player: SUCCESS
add_player: SUCCESS
add_player: SUCCESS
add_player: SUCCESS
add_player: SUCCESS
add_player: SUCCESS
add_player: SUCCESS
add_player: SUCCESS
add_player: SUCCESS
add_player: SUCCESS
add_player: SUCCESS
add_player: SUCCESS
add_player: SUCCESS
add_player: SUCCESS
add_player: SUCCESS
add_player: SUCCESS
add_player: SUCCESS
add_player: SUCCESS
add_player: SUCCESS
add_player: SUCCESS
add_player: SUCCESS
add_player: SUCCESS
add_player: SUCCESS
add_player: SUCCESS
add_player: SUCCESS
add_player: SUCCESS
add_player: SUCCESS
add_player: SUCCESS
add_player: SUCCESS
add_player: SUCCESS
add_player: SUCCESS
add_player: SUCCESS
add_player: SUCCESS
add_player: SUCCESS
add_player: SUCCESS
add_player: SUCCESS
add_player: SUCCESS
add_player: SUCCESS
add_player: SUCCESS
add_player: SUCCESS
add_player: SUCCESS
add_player: SUCCESS
add_player: SUCCESS
add_player: SUCCESS
add_player: SUCCESS
add_player: SUCCESS
add_player: SUCCESS
add_player: SUCCESS
add_player: SUCCESS
add_player: SUCCESS
add_player: SUCCESS
add_player: SUCCESS
add_player: SUCCESS
add_player: SUCCESS
add_player: SUCCESS
add_player: SUCCESS
add_player: SUCCESS
add_player: SUCCESS
add_player: SUCCESS
add_player: SUCCESS
add_player: SUCCESS
add_player: SUCCESS
add_player: SUCCESS
add_player: SUCCESS
add_player: SUCCESS
add_player: SUCCESS
add_player: SUCCESS
add_player: SUCCESS
add_player: SUCCESS
add_player: SUCCESS
add_player: SUCCESS
update_player_stats: SUCCESS
get_top_scorer: SUCCESS, 38
add_player: FAILURE
get_all_players: SUCCESS
99
192
22
88
110
160
78
27
update_player_stats: SUCCESS
add_team: FAILURE
remove_team: FAILURE
get_all_players_count: SUCCESS, 9
get_all_players: SUCCESS
40
30
166
93
112
98
68
177
95
120
33
52
53
96
get_top_scorer: SUCCESS, 134
add_player: FAILURE
unite_teams: FAILURE
knockout_winner: SUCCESS, 4
knockout_winner: INVALID_INPUT
knockout_winner: INVALID_INPUT
knockout_winner: SUCCESS, 10
knockout_winner: INVALID_INPUT
play_match: FAILURE
add_player: FAILURE
update_player_stats: SUCCESS
get_all_players: SUCCESS
40
30
166
93
112
98
68
177
95
120
33
52
53
96
remove_team: FAILURE
knockout_winner: SUCCESS, 3
knockout_winner: INVALID_INPUT
knockout_winner: INVALID_INPUT
knockout_winner: SUCCESS, 10
knockout_winner: INVALID_INPUT
remove_player: SUCCESS
update_player_stats: SUCCESS
get_num_played_games: SUCCESS, 8609
get_num_played_games: SUCCESS, 6943
get_closest_player: SUCCESS, 149
play_match: FAILURE
play_match: FAILURE
update_player_stats: SUCCESS
play_match: FAILURE
remove_team: FAILURE
get_all_players: SUCCESS
44
83
169
176
45
58
41
91
141
38
add_team: FAILURE
unite_teams: FAILURE
get_all_players_count: SUCCESS, 8
remove_player: SUCCESS
knockout_winner: SUCCESS, 3
knockout_winner: INVALID_INPUT
knockout_winner: INVALID_INPUT
knockout_winner: SUCCESS, 8
knockout_winner: SUCCESS, 8
play_match: FAILURE
remove_team: FAILURE
get_top_scorer: SUCCESS, 59
get_closest_player: SUCCESS, 72
get_num_played_games: SUCCESS, 6266
get_all_players: SUCCESS
136
57
145
69
15
72
196
200
122
115
114
39
get_top_scorer: SUCCESS, 96
get_team_points: SUCCESS, 11824
remove_player: SUCCESS
update_player_stats: SUCCESS
get_all_players_count: SUCCESS, 9
get_team_points: SUCCESS, 11942
unite_teams: FAILURE
get_all_players_count: SUCCESS, 8
update_player_stats: SUCCESS
unite_teams: FAILURE
get_num_played_games: SUCCESS, 9321
remove_team: FAILURE
play_match: FAILURE
remove_player: SUCCESS
play_match: FAILURE
remove_player: SUCCESS
add_team: FAILURE
get_all_players_count: SUCCESS, 10
get_top_scorer: SUCCESS, 189
update_player_stats: SUCCESS
get_all_players_count: SUCCESS, 8
add_player: FAILURE
remove_team: FAILURE
play_match: FAILURE
get_team_points: SUCCESS, 9676
get_num_played_games: SUCCESS, 3665
get_closest_player: SUCCESS, 198
get_top_scorer: SUCCESS, 59
remove_team: FAILURE
get_all_players: SUCCESS
40
30
93
112
98
68
177
95
120
166
33
52
53
96
get_team_points: SUCCESS, 4387
get_closest_player: SUCCESS, 85
get_all_players: SUCCESS
40
30
93
112
98
68
177
95
120
166
33
52
53
96
get_closest_player: SUCCESS, 85
remove_player: SUCCESS
add_player: FAILURE
play_match: FAILURE
get_top_scorer: SUCCESS, 134
get_closest_player: SUCCESS, 120
update_player_stats: SUCCESS
add_player: FAILURE
get_closest_player: SUCCESS, 150
knockout_winner: SUCCESS, 3
knockout_winner: INVALID_INPUT
knockout_winner: INVALID_INPUT
knockout_winner: SUCCESS, 10
knockout_winner: INVALID_INPUT
get_top_scorer: SUCCESS, 180
get_all_players_count: SUCCESS, 9
knockout_winner: SUCCESS, 10
knockout_winner: SUCCESS, 3
knockout_winner: SUCCESS, 3
knockout_winner: SUCCESS, 15
knockout_winner: FAILURE
add_team: FAILURE
remove_team: FAILURE
get_team_points: SUCCESS, 9676
remove_player: SUCCESS
get_closest_player: SUCCESS, 75
get_num_played_games: SUCCESS, 8607
get_team_points: SUCCESS, 8675
remove_team: FAILURE
remove_team: FAILURE
update_player_stats: SUCCESS
unite_teams: FAILURE
get_all_players_count: SUCCESS, 7
knockout_winner: SUCCESS, 3
knockout_winner: INVALID_INPUT
knockout_winner: INVALID_INPUT
knockout_winner: SUCCESS, 10
knockout_winner: SUCCESS, 10
knockout_winner: SUCCESS, 15
knockout_winner: SUCCESS, 10
knockout_winner: SUCCESS, 10
knockout_winner: SUCCESS, 19
knockout_winner: INVALID_INPUT
get_team_points: SUCCESS, 12216
get_all_players_count: SUCCESS, 9
knockout_winner: SUCCESS, 15
knockout_winner: SUCCESS, 10
knockout_winner: SUCCESS, 10
knockout_winner: SUCCESS, 19
knockout_winner: INVALID_INPUT
remove_team: FAILURE
remove_team: FAILURE
update_player_stats: SUCCESS
get_top_scorer: SUCCESS, 39
get_num_played_games: SUCCESS, 1691
remove_team: FAILURE
remove_team: FAILURE
get_all_players_count: SUCCESS, 12
remove_player: SUCCESS
get_num_played_games: SUCCESS, 4148
get_top_scorer: SUCCESS, 189
remove_team: FAILURE
add_player: FAILURE
get_team_points: SUCCESS, 4101
get_closest_player: SUCCESS, 36
get_num_played_games: SUCCESS, 3763
get_team_points: SUCCESS, 6404
get_num_played_games: SUCCESS, 2857
unite_teams: FAILURE
add_player: FAILURE
get_all_players_count: SUCCESS, 9
remove_team: FAILURE
add_team: FAILURE
play_match: FAILURE
get_team_points: SUCCESS, 11904
update_player_stats: SUCCESS
get_closest_player: SUCCESS, 112
update_player_stats: SUCCESS
get_num_played_games: SUCCESS, 5779
unite_teams: FAILURE
get_team_points: SUCCESS, 8219
get_top_scorer: SUCCESS, 189
remove_player: SUCCESS
get_top_scorer: SUCCESS, 189
get_team_points: SUCCESS, 895
get_team_points: SUCCESS, 4101
get_all_players: SUCCESS
25
198
148
73
87
133
63
194
146
59
update_player_stats: SUCCESS
get_all_players: SUCCESS
90
158
156
7
11
168
157
13
remove_team: FAILURE
get_all_players_count: SUCCESS, 9
get_top_scorer: SUCCESS, 27
get_all_players_count: SUCCESS, 10
get_all_players: SUCCESS
183
152
144
4
23
105
107
56
get_all_players_count: SUCCESS, 9
add_player: FAILURE
get_all_players_count: SUCCESS, 10
get_team_points: SUCCESS, 8219
get_num_played_games: SUCCESS, 89
knockout_winner: SUCCESS, 15
knockout_winner: SUCCESS, 10
knockout_winner: SUCCESS, 10
knockout_winner: FAILURE
knockout_winner: INVALID_INPUT
get_closest_player: SUCCESS, 123
get_team_points: SUCCESS, 11264
get_team_points: SUCCESS, 4101
get_team_points: SUCCESS, 11544
add_player: FAILURE
get_num_played_games: SUCCESS, 12129
update_player_stats: SUCCESS
knockout_winner: SUCCESS, 4
knockout_winner: INVALID_INPUT
knockout_winner: INVALID_INPUT
knockout_winner: SUCCESS, 10
knockout_winner: INVALID_INPUT
get_num_played_games: SUCCESS, 6259
unite_teams: FAILURE
unite_teams: FAILURE
get_all_players_count: SUCCESS, 9
get_all_players: SUCCESS
48
1
174
50
46
130
24
111
79
142
remove_player: SUCCESS
knockout_winner: SUCCESS, 4
knockout_winner: INVALID_INPUT
knockout_winner: INVALID_INPUT
knockout_winner: SUCCESS, 10
knockout_winner: INVALID_INPUT
get_closest_player: SUCCESS, 141
unite_teams: SUCCESS
get_all_players_count: SUCCESS, 10
get_all_players_count: SUCCESS, 23
remove_team: FAILURE
remove_team: FAILURE
get_closest_player: SUCCESS, 163
get_team_points: SUCCESS, 9018
get_team_points: SUCCESS, 8705
get_top_scorer: SUCCESS, 9
add_player: FAILURE
get_top_scorer: SUCCESS, 143
unite_teams: FAILURE
get_num_played_games: SUCCESS, 161
update_player_stats: SUCCESS
remove_player: SUCCESS
get_all_players_count: SUCCESS, 10
play_match: FAILURE
remove_team: FAILURE
unite_teams: FAILURE
get_team_points: SUCCESS, 12216
add_team: FAILURE
knockout_winner: SUCCESS, 15
knockout_winner: SUCCESS, 10
knockout_winner: SUCCESS, 10
knockout_winner: SUCCESS, 19
knockout_winner: INVALID_INPUT
play_match: FAILURE
get_team_points: SUCCESS, 8219
get_top_scorer: SUCCESS, 14
get_all_players: SUCCESS
161
40
30
93
159
112
98
139
68
76
84
177
179
95
71
172
120
166
33
52
92
53
96
get_all_players_count: SUCCESS, 13
get_team_points: SUCCESS, 11767
knockout_winner: SUCCESS, 10
knockout_winner: SUCCESS, 3
knockout_winner: SUCCESS, 3
knockout_winner: SUCCESS, 10
knockout_winner: INVALID_INPUT
get_team_points: SUCCESS, 9018
knockout_winner: SUCCESS, 15
knockout_winner: SUCCESS, 10
knockout_winner: SUCCESS, 10
knockout_winner: SUCCESS, 19
knockout_winner: INVALID_INPUT
get_top_scorer: SUCCESS, 27
remove_team: FAILURE
remove_player: SUCCESS
get_top_scorer: SUCCESS, 100
remove_team: FAILURE
get_all_players_count: SUCCESS, 10
remove_team: FAILURE
get_all_players_count: SUCCESS, 13
get_all_players: SUCCESS
90
158
156
7
11
168
157
13
get_all_players: SUCCESS
147
162
86
170
155
10
132
190
43
36
77
74
150
get_team_points: SUCCESS, 8219
get_num_played_games: SUCCESS, 2670
add_player: FAILURE
unite_teams: FAILURE
play_match: FAILURE
get_num_played_games: SUCCESS, 1353
add_team: FAILURE
add_player: FAILURE
play_match: FAILURE
remove_player: SUCCESS
update_player_stats: SUCCESS
get_top_scorer: SUCCESS, 39
unite_teams: FAILURE
get_all_players_count: SUCCESS, 9
get_all_players: SUCCESS
44
83
176
45
58
41
91
141
38
remove_team: FAILURE
update_player_stats: SUCCESS
remove_player: SUCCESS
add_team: FAILURE
get_all_players: SUCCESS
90
158
156
7
11
168
157
13
update_player_stats: SUCCESS
get_closest_player: SUCCESS, 26
add_team: FAILURE
get_closest_player: SUCCESS, 89
update_player_stats: SUCCESS
remove_team: FAILURE
get_closest_player: SUCCESS, 195
get_all_players: SUCCESS
34
185
187
85
109
35
191
81
143
add_team: FAILURE
get_top_scorer: SUCCESS, 12
remove_player: SUCCESS
remove_player: SUCCESS
get_all_players_count: SUCCESS, 22
play_match: FAILURE
knockout_winner: SUCCESS, 15
knockout_winner: SUCCESS, 10
knockout_winner: SUCCESS, 10
knockout_winner: SUCCESS, 19
knockout_winner: INVALID_INPUT
get_top_scorer: SUCCESS, 14
get_closest_player: SUCCESS, 30
get_team_points: SUCCESS, 4101
add_player: FAILURE
get_all_players: SUCCESS
195
54
129
181
119
20
167
89
102
101
180
get_closest_player: SUCCESS, 126
remove_player: SUCCESS
remove_team: FAILURE
get_num_played_games: SUCCESS, 8609
remove_player: SUCCESS
remove_player: SUCCESS
remove_player: SUCCESS
get_closest_player: SUCCESS, 70
add_player: FAILURE
play_match: FAILURE
add_player: FAILURE
get_top_scorer: SUCCESS, 12
get_num_played_games: SUCCESS, 33
knockout_winner: FAILURE
knockout_winner: SUCCESS, 10
knockout_winner: SUCCESS, 10
knockout_winner: SUCCESS, 19
knockout_winner: INVALID_INPUT
update_player_stats: SUCCESS
get_team_points: SUCCESS, 1498
add_player: FAILURE
get_team_points: SUCCESS, 8219
remove_player: SUCCESS
get_top_scorer: SUCCESS, 56
remove_team: FAILURE
knockout_winner: SUCCESS, 10
knockout_winner: SUCCESS, 3
knockout_winner: SUCCESS, 3
knockout_winner: SUCCESS, 19
knockout_winner: FAILURE
play_match: FAILURE
update_player_stats: SUCCESS
add_team: FAILURE
knockout_winner: FAILURE
knockout_winner: SUCCESS, 3
knockout_winner: FAILURE
knockout_winner: SUCCESS, 10
knockout_winner: INVALID_INPUT
get_num_played_games: SUCCESS, 153
knockout_winner: FAILURE
knockout_winner: SUCCESS, 10
knockout_winner: SUCCESS, 10
knockout_winner: SUCCESS, 19
knockout_winner: INVALID_INPUT
play_match: FAILURE
get_top_scorer: SUCCESS, 39
get_top_scorer: SUCCESS, 143
get_team_points: SUCCESS, 11904
unite_teams: FAILURE
get_all_players: SUCCESS
125
123
get_all_players_count: SUCCESS, 9
knockout_winner: SUCCESS, 10
knockout_winner: INVALID_INPUT
knockout_winner: INVALID_INPUT
knockout_winner: SUCCESS, 10
knockout_winner: SUCCESS, 10
get_num_played_games: SUCCESS, 1542
get_all_players: SUCCESS
125
123
update_player_stats: SUCCESS
update_player_stats: SUCCESS
knockout_winner: SUCCESS, 3
knockout_winner: INVALID_INPUT
knockout_winner: INVALID_INPUT
knockout_winner: SUCCESS, 10
knockout_winner: FAILURE
unite_teams: FAILURE
remove_team: FAILURE
remove_team: FAILURE
get_all_players_count: SUCCESS, 10
play_match: FAILURE
update_player_stats: SUCCESS
update_player_stats: SUCCESS
get_closest_player: SUCCESS, 101
add_team: FAILURE
remove_player: SUCCESS
add_team: FAILURE
add_team: FAILURE
get_team_points: SUCCESS, 11942
knockout_winner: SUCCESS, 19
knockout_winner: SUCCESS, 19
knockout_winner: FAILURE
knockout_winner: FAILURE
knockout_winner: INVALID_INPUT
get_team_points: SUCCESS, 11547
play_match: FAILURE
play_match: FAILURE
play_match: FAILURE
get_team_points: SUCCESS, 11547
get_all_players_count: SUCCESS, 8
get_team_points: SUCCESS, 1498
remove_player: SUCCESS
get_closest_player: SUCCESS, 102
add_team: FAILURE
knockout_winner: FAILURE
knockout_winner: SUCCESS, 10
knockout_winner: SUCCESS, 10
knockout_winner: FAILURE
knockout_winner: INVALID_INPUT
remove_team: FAILURE
update_player_stats: SUCCESS
remove_team: FAILURE
get_num_played_games: SUCCESS, 4148
get_num_played_games: SUCCESS, 3208
remove_player: SUCCESS
get_team_points: SUCCESS, 8747
get_all_players: SUCCESS
147
162
86
170
155
10
132
43
36
77
150
74
update_player_stats: SUCCESS
remove_player: SUCCESS
get_closest_player: SUCCESS, 175
unite_teams: FAILURE
get_all_players: SUCCESS
195
54
129
181
119
20
167
89
102
101
180
get_closest_player: SUCCESS, 143
add_team: FAILURE
get_all_players: SUCCESS
80
6
70
94
16
64
29
100
186
play_match: FAILURE
get_team_points: SUCCESS, 4387
get_team_points: SUCCESS, 895
get_closest_player: SUCCESS, 44
remove_team: FAILURE
play_match: FAILURE
get_closest_player: SUCCESS, 187
get_team_points: SUCCESS, 11547
update_player_stats: SUCCESS
unite_teams: FAILURE
get_closest_player: SUCCESS, 200
update_player_stats: SUCCESS
knockout_winner: SUCCESS, 10
knockout_winner: SUCCESS, 3
knockout_winner: SUCCESS, 3
knockout_winner: FAILURE
knockout_winner: INVALID_INPUT
get_top_scorer: SUCCESS, 189
get_closest_player: SUCCESS, 93
knockout_winner: FAILURE
knockout_winner: SUCCESS, 19
knockout_winner: FAILURE
knockout_winner: FAILURE
knockout_winner: INVALID_INPUT
unite_teams: FAILURE
update_player_stats: SUCCESS
remove_team: FAILURE
get_team_points: SUCCESS, 2440
play_match: FAILURE
add_team: FAILURE
get_num_played_games: SUCCESS, 10884
add_team: FAILURE
play_match: FAILURE
knockout_winner: SUCCESS, 10
knockout_winner: SUCCESS, 3
knockout_winner: SUCCESS, 3
knockout_winner: SUCCESS, 19
knockout_winner: INVALID_INPUT
get_team_points: SUCCESS, 11942
get_all_players_count: SUCCESS, 7
update_player_stats: SUCCESS
remove_team: FAILURE
remove_player: SUCCESS
get_closest_player: SUCCESS, 27
get_num_played_games: SUCCESS, 1063
knockout_winner: SUCCESS, 10
knockout_winner: SUCCESS, 3
knockout_winner: SUCCESS, 3
knockout_winner: FAILURE
knockout_winner: INVALID_INPUT
get_num_played_games: SUCCESS, 9321
knockout_winner: FAILURE
knockout_winner: SUCCESS, 10
knockout_winner: FAILURE
knockout_winner: SUCCESS, 19
knockout_winner: INVALID_INPUT
add_player: FAILURE
get_all_players: SUCCESS
140
197
21
164
55
42
116
14
get_team_points: SUCCESS, 2440
knockout_winner: SUCCESS, 19
knockout_winner: SUCCESS, 19
knockout_winner: FAILURE
knockout_winner: FAILURE
knockout_winner: INVALID_INPUT
get_top_scorer: SUCCESS, 186
knockout_winner: SUCCESS, 3
knockout_winner: INVALID_INPUT
knockout_winner: INVALID_INPUT
knockout_winner: SUCCESS, 10
knockout_winner: SUCCESS, 10
get_all_players: SUCCESS
60
103
26
37
127
153
108
121
106
12
unite_teams: SUCCESS
knockout_winner: SUCCESS, 12
knockout_winner: SUCCESS, 12
knockout_winner: FAILURE
knockout_winner: FAILURE
knockout_winner: INVALID_INPUT
remove_team: FAILURE
add_player: FAILURE
get_num_played_games: SUCCESS, 1054
get_all_players: SUCCESS
80
6
70
94
16
64
29
100
186
get_team_points: SUCCESS, 4101
add_player: FAILURE
knockout_winner: FAILURE
knockout_winner: INVALID_INPUT
knockout_winner: INVALID_INPUT
knockout_winner: SUCCESS, 10
knockout_winner: INVALID_INPUT
add_player: FAILURE
get_all_players_count: SUCCESS, 7
remove_team: FAILURE
remove_team: FAILURE
knockout_winner: SUCCESS, 12
knockout_winner: SUCCESS, 12
knockout_winner: FAILURE
knockout_winner: FAILURE
knockout_winner: INVALID_INPUT
get_closest_player: SUCCESS, 163
unite_teams: FAILURE
update_player_stats: SUCCESS
update_player_stats: SUCCESS
update_player_stats: SUCCESS
get_all_players: SUCCESS
147
162
86
170
155
10
132
43
36
77
150
74
get_all_players: SUCCESS
34
185
187
85
109
35
191
81
143
remove_team: FAILURE
get_num_played_games: SUCCESS, 1691
get_all_players: SUCCESS
126
51
28
175
31
82
151
189
get_all_players_count: SUCCESS, 10
add_team: FAILURE
remove_player: SUCCESS
remove_player: SUCCESS
unite_teams: FAILURE
update_player_stats: SUCCESS
get_all_players: SUCCESS
158
7
11
168
157
13
156
unite_teams: FAILURE
get_team_points: SUCCESS, 1498
knockout_winner: SUCCESS, 19
knockout_winner: SUCCESS, 12
knockout_winner: SUCCESS, 12
knockout_winner: SUCCESS, 19
knockout_winner: INVALID_INPUT
get_all_players_count: SUCCESS, 12
get_num_played_games: SUCCESS, 6923
get_top_scorer: SUCCESS, 74
add_team: FAILURE
unite_teams: FAILURE
get_closest_player: SUCCESS, 158
update_player_stats: SUCCESS
get_top_scorer: SUCCESS, 79
get_all_players_count: SUCCESS, 19
update_player_stats: SUCCESS
get_num_played_games: SUCCESS, 14271
get_top_scorer: SUCCESS, 110
unite_teams: FAILURE
get_num_played_games: SUCCESS, 8970
get_top_scorer: SUCCESS, 74
add_team: FAILURE
play_match: FAILURE
get_team_points: SUCCESS, 11904
add_player: FAILURE
remove_team: FAILURE
get_team_points: SUCCESS, 3721
add_player: FAILURE
remove_player: SUCCESS
get_all_players_count: SUCCESS, 18
get_all_players_count: SUCCESS, 9
update_player_stats: SUCCESS
unite_teams: FAILURE
get_all_players: SUCCESS
103
26
37
127
153
108
60
121
106
12
get_top_scorer: SUCCESS, 156
add_player: FAILURE
get_all_players_count: SUCCESS, 18
get_team_points: SUCCESS, 23167
get_team_points: SUCCESS, 8219
get_num_played_games: SUCCESS, 9602
get_team_points: SUCCESS, 895
update_player_stats: SUCCESS
add_team: FAILURE
update_player_stats: SUCCESS
get_top_scorer: SUCCESS, 186
get_num_played_games: SUCCESS, 2721
get_top_scorer: SUCCESS, 96
remove_team: FAILURE
remove_player: SUCCESS
get_team_points: SUCCESS, 3721
knockout_winner: SUCCESS, 12
knockout_winner: SUCCESS, 12
knockout_winner: SUCCESS, 12
knockout_winner: SUCCESS, 12
knockout_winner: SUCCESS, 12
get_all_players_count: SUCCESS, 9
get_all_players_count: SUCCESS, 9
add_team: FAILURE
get_top_scorer: SUCCESS, 123
unite_teams: FAILURE
add_team: FAILURE
get_num_played_games: SUCCESS, 8211
play_match: FAILURE
remove_player: SUCCESS
get_top_scorer: SUCCESS, 123
add_team: FAILURE
get_all_players_count: SUCCESS, 7
update_player_stats: SUCCESS
get_num_played_games: SUCCESS, 11857
add_player: FAILURE
get_top_scorer: SUCCESS, 96
add_player: FAILURE
get_all_players: SUCCESS
117
188
199
2
131
5
104
171
128
play_match: FAILURE
unite_teams: FAILURE
add_team: FAILURE
get_closest_player: SUCCESS, 29
get_team_points: SUCCESS, 3745
get_all_players: SUCCESS
147
162
86
170
155
10
132
43
36
77
150
74
unite_teams: INVALID_INPUT
add_player: FAILURE
get_top_scorer: SUCCESS, 189
remove_player: SUCCESS
add_player: FAILURE
get_top_scorer: SUCCESS, 143
unite_teams: FAILURE
get_num_played_games: SUCCESS, 6809
update_player_stats: SUCCESS
add_team: FAILURE
remove_team: FAILURE
remove_player: SUCCESS
remove_team: FAILURE
get_all_players_count: SUCCESS, 2
knockout_winner: SUCCESS, 12
knockout_winner: SUCCESS, 12
knockout_winner: FAILURE
knockout_winner: FAILURE
knockout_winner: INVALID_INPUT
add_player: FAILURE
get_all_players_count: SUCCESS, 10
get_closest_player: SUCCESS, 187
play_match: FAILURE
add_player: FAILURE
add_player: FAILURE
get_num_played_games: SUCCESS, 13295
add_team: FAILURE
get_top_scorer: SUCCESS, 186
get_all_players: SUCCESS
103
26
37
127
153
108
60
121
106
12
remove_team: FAILURE
add_team: FAILURE
remove_team: FAILURE
unite_teams: INVALID_INPUT
play_match: FAILURE
get_top_scorer: SUCCESS, 156
unite_teams: FAILURE
remove_team: FAILURE
get_num_played_games: SUCCESS, 287
get_num_played_games: SUCCESS, 6707
update_player_stats: SUCCESS
get_all_players_count: SUCCESS, 7
remove_team: FAILURE
get_num_played_games: SUCCESS, 9255
add_team: FAILURE
get_all_players_count: SUCCESS, 18
remove_player: SUCCESS
update_player_stats: SUCCESS
knockout_winner: SUCCESS, 19
knockout_winner: SUCCESS, 12
knockout_winner: SUCCESS, 12
knockout_winner: SUCCESS, 19
knockout_winner: INVALID_INPUT
unite_teams: INVALID_INPUT
get_closest_player: SUCCESS, 199
add_team: FAILURE
add_player: FAILURE
unite_teams: INVALID_INPUT
remove_team: FAILURE
remove_team: FAILURE
get_num_played_games: SUCCESS, 3318
remove_player: SUCCESS
knockout_winner: SUCCESS, 12
knockout_winner: SUCCESS, 12
knockout_winner: SUCCESS, 12
knockout_winner: SUCCESS, 12
knockout_winner: SUCCESS, 12
get_top_scorer: SUCCESS, 79
get_top_scorer: SUCCESS, 14
get_top_scorer: SUCCESS, 189
get_all_players_count: SUCCESS, 7
remove_player: SUCCESS
get_num_played_games: SUCCESS, 9602
knockout_winner: SUCCESS, 12
knockout_winner: SUCCESS, 12
knockout_winner: FAILURE
knockout_winner: FAILURE
knockout_winner: INVALID_INPUT
add_player: FAILURE
add_team: FAILURE
get_all_players: SUCCESS
192
88
160
78
27
110
remove_team: FAILURE
get_team_points: SUCCESS, 11264
remove_player: SUCCESS
get_top_scorer: SUCCESS, 193
update_player_stats: SUCCESS
get_team_points: SUCCESS, 23167
knockout_winner: SUCCESS, 12
knockout_winner: SUCCESS, 12
knockout_winner: FAILURE
knockout_winner: FAILURE
knockout_winner: INVALID_INPUT
get_all_players: SUCCESS
140
197
21
164
55
42
116
14
get_closest_player: SUCCESS, 124
get_num_played_games: SUCCESS, 1160
add_player: FAILURE
play_match: FAILURE
get_closest_player: SUCCESS, 158
add_player: FAILURE
add_team: FAILURE
get_top_scorer: SUCCESS, 14
remove_player: SUCCESS
add_player: FAILURE
get_all_players: SUCCESS
117
188
199
2
131
5
171
128
get_closest_player: SUCCESS, 82
get_all_players: SUCCESS
83
45
58
41
91
141
38
176
44
get_closest_player: SUCCESS, 111
get_closest_player: SUCCESS, 75
get_num_played_games: SUCCESS, 1353
update_player_stats: SUCCESS
get_top_scorer: SUCCESS, 5
get_all_players_count: SUCCESS, 7
add_player: FAILURE
knockout_winner: FAILURE
knockout_winner: SUCCESS, 12
knockout_winner: FAILURE
knockout_winner: SUCCESS, 12
knockout_winner: INVALID_INPUT
add_team: FAILURE
add_team: FAILURE
get_top_scorer: SUCCESS, 79
get_all_players: SUCCESS
34
185
187
85
109
35
191
81
143
play_match: FAILURE
get_top_scorer: SUCCESS, 189
get_num_played_games: SUCCESS, 3595
get_all_players: SUCCESS
192
88
160
78
27
110
get_top_scorer: SUCCESS, 193
get_all_players_count: SUCCESS, 7
get_num_played_games: SUCCESS, 287
remove_player: SUCCESS
update_player_stats: SUCCESS
get_closest_player: SUCCESS, 159
update_player_stats: SUCCESS
add_player: FAILURE
get_num_played_games: SUCCESS, 1691
get_top_scorer: SUCCESS, 123
get_all_players: SUCCESS
147
162
86
170
155
132
43
36
77
150
74
add_team: FAILURE
play_match: FAILURE
get_all_players: SUCCESS
147
162
86
170
155
132
43
36
77
150
74
get_closest_player: SUCCESS, 103
add_player: FAILURE
get_team_points: SUCCESS, 11942
get_num_played_games: SUCCESS, 8113
update_player_stats: SUCCESS
play_match: INVALID_INPUT
remove_player: SUCCESS
add_team: FAILURE
get_team_points: SUCCESS, 11904
play_match: FAILURE
remove_player: SUCCESS
get_all_players_count: SUCCESS, 10
knockout_winner: FAILURE
knockout_winner: INVALID_INPUT
knockout_winner: INVALID_INPUT
knockout_winner: SUCCESS, 10
knockout_winner: INVALID_INPUT
play_match: FAILURE
get_all_players_count: SUCCESS, 2
get_all_players_count: SUCCESS, 17
get_top_scorer: SUCCESS, 14
remove_team: FAILURE
get_num_played_games: SUCCESS, 2127
get_all_players: SUCCESS
136
69
15
72
145
196
122
115
200
39
play_match: FAILURE
add_player: FAILURE
get_top_scorer: SUCCESS, 81
knockout_winner: FAILURE
knockout_winner: SUCCESS, 19
knockout_winner: FAILURE
knockout_winner: FAILURE
knockout_winner: INVALID_INPUT
remove_player: SUCCESS
knockout_winner: INVALID_INPUT
knockout_winner: SUCCESS, 12
knockout_winner: INVALID_INPUT
knockout_winner: INVALID_INPUT
knockout_winner: INVALID_INPUT
get_team_points: SUCCESS, 12216
knockout_winner: FAILURE
knockout_winner: SUCCESS, 12
knockout_winner: SUCCESS, 12
knockout_winner: SUCCESS, 19
knockout_winner: INVALID_INPUT
add_player: FAILURE
update_player_stats: SUCCESS
get_all_players_count: SUCCESS, 9
get_top_scorer: SUCCESS, 193
remove_team: FAILURE
remove_player: SUCCESS
play_match: FAILURE
knockout_winner: FAILURE
knockout_winner: SUCCESS, 12
knockout_winner: SUCCESS, 12
knockout_winner: FAILURE
knockout_winner: INVALID_INPUT
get_num_played_games: SUCCESS, 6707
add_player: FAILURE
remove_team: FAILURE
play_match: FAILURE
update_player_stats: SUCCESS
get_all_players_count: SUCCESS, 10
knockout_winner: SUCCESS, 19
knockout_winner: SUCCESS, 12
knockout_winner: SUCCESS, 12
knockout_winner: FAILURE
knockout_winner: INVALID_INPUT
get_top_scorer: SUCCESS, 108
get_all_players: SUCCESS
125
123
get_all_players: SUCCESS
103
26
37
127
121
106
12
108
get_num_played_games: SUCCESS, 3861
get_num_played_games: SUCCESS, 89
update_player_stats: SUCCESS
remove_player: SUCCESS
update_player_stats: SUCCESS
unite_teams: INVALID_INPUT
play_match: FAILURE
add_team: FAILURE
get_top_scorer: SUCCESS, 74
get_all_players_count: SUCCESS, 8
play_match: FAILURE
get_closest_player: SUCCESS, 50
play_match: FAILURE
get_all_players: SUCCESS
126
51
175
82
28
151
189
remove_player: SUCCESS
get_closest_player: SUCCESS, 28
get_all_players: SUCCESS
140
197
21
164
55
42
116
14
play_match: FAILURE
play_match: FAILURE
knockout_winner: SUCCESS, 12
knockout_winner: SUCCESS, 12
knockout_winner: FAILURE
knockout_winner: FAILURE
knockout_winner: INVALID_INPUT
play_match: FAILURE
update_player_stats: SUCCESS
get_all_players_count: SUCCESS, 8
get_all_players: SUCCESS
40
30
159
98
139
68
76
84
177
179
71
172
120
166
33
52
53
get_closest_player: SUCCESS, 181
remove_team: FAILURE
update_player_stats: SUCCESS
remove_team: FAILURE
get_closest_player: SUCCESS, 44
get_closest_player: SUCCESS, 166
knockout_winner: SUCCESS, 12
knockout_winner: INVALID_INPUT
knockout_winner: INVALID_INPUT
knockout_winner: SUCCESS, 12
knockout_winner: SUCCESS, 12
remove_team: FAILURE
get_team_points: SUCCESS, 1498
update_player_stats: SUCCESS
get_closest_player: SUCCESS, 117
get_top_scorer: SUCCESS, 56
remove_player: SUCCESS
unite_teams: FAILURE
update_player_stats: SUCCESS
knockout_winner: INVALID_INPUT
knockout_winner: SUCCESS, 19
knockout_winner: INVALID_INPUT
knockout_winner: INVALID_INPUT
knockout_winner: INVALID_INPUT
get_num_played_games: SUCCESS, 2980
add_team: FAILURE
add_team: FAILURE
get_all_players_count: SUCCESS, 7
remove_team: FAILURE
update_player_stats: SUCCESS
get_all_players: SUCCESS
83
45
58
41
91
141
38
176
44
get_all_players: SUCCESS
198
148
63
194
146
59
25
73
get_num_played_games: SUCCESS, 2109
add_player: FAILURE
add_player: FAILURE
knockout_winner: SUCCESS, 12
knockout_winner: SUCCESS, 12
knockout_winner: SUCCESS, 12
knockout_winner: SUCCESS, 12
knockout_winner: SUCCESS, 12
unite_teams: FAILURE
remove_player: SUCCESS
get_top_scorer: SUCCESS, 123
add_player: FAILURE
update_player_stats: SUCCESS
get_all_players: SUCCESS
140
197
21
164
55
42
116
14
get_team_points: SUCCESS, 11942
update_player_stats: SUCCESS
get_closest_player: SUCCESS, 19
play_match: FAILURE
add_team: FAILURE
knockout_winner: FAILURE
knockout_winner: SUCCESS, 12
knockout_winner: SUCCESS, 10
knockout_winner: SUCCESS, 19
knockout_winner: INVALID_INPUT
play_match: FAILURE
play_match: FAILURE
remove_team: FAILURE
get_all_players_count: SUCCESS, 9
get_closest_player: SUCCESS, 132
get_top_scorer: SUCCESS, 189
remove_player: SUCCESS
add_player: FAILURE
add_team: FAILURE
get_team_points: SUCCESS, 11767
unite_teams: FAILURE
get_top_scorer: SUCCESS, 101
get_top_scorer: SUCCESS, 79
get_closest_player: SUCCESS, 187
knockout_winner: FAILURE
knockout_winner: SUCCESS, 12
knockout_winner: SUCCESS, 10
knockout_winner: FAILURE
knockout_winner: INVALID_INPUT
remove_player: SUCCESS
remove_team: FAILURE
get_num_played_games: SUCCESS, 8719
remove_team: FAILURE
add_team: FAILURE
add_player: FAILURE
get_team_points: SUCCESS, 11767
get_all_players: SUCCESS
125
123
unite_teams: FAILURE
update_player_stats: SUCCESS
play_match: FAILURE
remove_team: FAILURE
get_team_points: SUCCESS, 2440
unite_teams: SUCCESS
remove_player: SUCCESS
add_team: FAILURE
knockout_winner: INVALID_INPUT
knockout_winner: SUCCESS, 5
knockout_winner: INVALID_INPUT
knockout_winner: INVALID_INPUT
knockout_winner: INVALID_INPUT
get_closest_player: SUCCESS, 168
remove_player: SUCCESS
update_player_stats: SUCCESS
add_team: FAILURE
add_team: FAILURE
get_all_players: SUCCESS
80
6
70
64
29
100
186
get_all_players: SUCCESS
48
1
174
50
46
130
24
111
79
play_match: FAILURE
get_team_points: SUCCESS, 11942
remove_team: FAILURE
get_all_players_count: SUCCESS, 7
knockout_winner: INVALID_INPUT
knockout_winner: INVALID_INPUT
knockout_winner: INVALID_INPUT
knockout_winner: INVALID_INPUT
knockout_winner: INVALID_INPUT
remove_player: SUCCESS
knockout_winner: SUCCESS, 5
knockout_winner: INVALID_INPUT
knockout_winner: INVALID_INPUT
knockout_winner: SUCCESS, 10
knockout_winner: SUCCESS, 10
unite_teams: FAILURE
remove_player: SUCCESS
get_top_scorer: SUCCESS, 179
update_player_stats: SUCCESS
remove_player: SUCCESS
get_num_played_games: SUCCESS, 13
get_top_scorer: SUCCESS, 101
play_match: FAILURE
play_match: FAILURE
get_all_players_count: SUCCESS, 7
get_top_scorer: SUCCESS, 156
play_match: FAILURE
play_match: FAILURE
get_all_players_count: SUCCESS, 7
get_team_points: SUCCESS, 9676
update_player_stats: SUCCESS
get_num_played_games: SUCCESS, 5942
remove_player: SUCCESS
get_team_points: SUCCESS, 4387
get_closest_player: SUCCESS, 137
play_match: FAILURE
remove_team: FAILURE
remove_player: SUCCESS
get_all_players_count: SUCCESS, 7
update_player_stats: SUCCESS
knockout_winner: SUCCESS, 5
knockout_winner: INVALID_INPUT
knockout_winner: INVALID_INPUT
knockout_winner: SUCCESS, 10
knockout_winner: SUCCESS, 10
get_team_points: SUCCESS, 11767
get_all_players_count: SUCCESS, 24
unite_teams: FAILURE
get_num_played_games: SUCCESS, 7659
add_team: FAILURE
get_closest_player: SUCCESS, 35
remove_player: SUCCESS
get_all_players: SUCCESS
198
63
194
146
59
25
73
remove_team: FAILURE
get_all_players: SUCCESS
136
69
15
72
196
115
200
39
145
get_team_points: SUCCESS, 2440
get_num_played_games: SUCCESS, 6146
get_closest_player: SUCCESS, 139
remove_team: FAILURE
remove_player: SUCCESS
knockout_winner: FAILURE
knockout_winner: SUCCESS, 19
knockout_winner: FAILURE
knockout_winner: FAILURE
knockout_winner: INVALID_INPUT
remove_team: FAILURE
get_team_points: SUCCESS, 11547
remove_player: SUCCESS
add_player: FAILURE
play_match: FAILURE
add_team: FAILURE
remove_team: FAILURE
get_num_played_games: SUCCESS, 13685
add_team: FAILURE
get_num_played_games: SUCCESS, 8133
update_player_stats: SUCCESS
add_team: FAILURE
play_match: SUCCESS
remove_player: SUCCESS
knockout_winner: FAILURE
knockout_winner: SUCCESS, 19
knockout_winner: FAILURE
knockout_winner: FAILURE
knockout_winner: INVALID_INPUT
get_team_points: SUCCESS, 1498
get_top_scorer: SUCCESS, 199
get_team_points: SUCCESS, 11767
get_num_played_games: SUCCESS, 649
get_closest_player: SUCCESS, 2
get_top_scorer: SUCCESS, 73
get_num_played_games: SUCCESS, 11421
knockout_winner: FAILURE
knockout_winner: SUCCESS, 10
knockout_winner: SUCCESS, 10
knockout_winner: FAILURE
knockout_winner: INVALID_INPUT
get_team_points: SUCCESS, 8765
get_all_players: SUCCESS
198
63
194
146
59
25
73
unite_teams: FAILURE
add_team: FAILURE
add_team: FAILURE
get_all_players_count: SUCCESS, 8
get_team_points: SUCCESS, 9676
update_player_stats: SUCCESS
knockout_winner: SUCCESS, 10
knockout_winner: SUCCESS, 5
knockout_winner: SUCCESS, 5
knockout_winner: SUCCESS, 19
knockout_winner: FAILURE
get_all_players: SUCCESS
147
162
86
170
132
43
36
155
150
74
77
play_match: FAILURE
get_num_played_games: SUCCESS, 2345
remove_team: FAILURE
play_match: FAILURE
get_all_players_count: SUCCESS, 7
get_all_players_count: SUCCESS, 2
add_team: FAILURE
get_num_played_games: SUCCESS, 9336
unite_teams: FAILURE
remove_player: SUCCESS
get_closest_player: SUCCESS, 44
unite_teams: FAILURE
unite_teams: FAILURE
get_team_points: SUCCESS, 1498
get_num_played_games: SUCCESS, 17610
get_all_players: SUCCESS
126
51
175
82
28
189
151
get_all_players: SUCCESS
136
69
15
72
196
115
200
39
145
get_top_scorer: SUCCESS, 145
add_player: FAILURE
knockout_winner: INVALID_INPUT
knockout_winner: INVALID_INPUT
knockout_winner: INVALID_INPUT
knockout_winner: INVALID_INPUT
knockout_winner: INVALID_INPUT
play_match: INVALID_INPUT
remove_player: SUCCESS
get_top_scorer: SUCCESS, 151
get_all_players: SUCCESS
117
131
171
5
2
199
update_player_stats: SUCCESS
add_team: FAILURE
add_player: FAILURE
get_team_points: SUCCESS, 12087
get_all_players_count: SUCCESS, 15
update_player_stats: SUCCESS
get_top_scorer: SUCCESS, 38
remove_team: FAILURE
unite_teams: FAILURE
get_all_players_count: SUCCESS, 8
knockout_winner: SUCCESS, 10
knockout_winner: SUCCESS, 5
knockout_winner: SUCCESS, 5
knockout_winner: FAILURE
knockout_winner: INVALID_INPUT
knockout_winner: FAILURE
knockout_winner: SUCCESS, 19
knockout_winner: SUCCESS, 10
knockout_winner: SUCCESS, 19
knockout_winner: INVALID_INPUT
get_all_players: SUCCESS
32
173
67
113
193
get_all_players_count: SUCCESS, 7
add_team: FAILURE
get_closest_player: SUCCESS, 64
get_all_players: SUCCESS
48
1
174
50
46
130
24
111
79
play_match: FAILURE
get_all_players_count: SUCCESS, 9
get_team_points: SUCCESS, 11942
update_player_stats: SUCCESS
get_all_players_count: SUCCESS, 6
update_player_stats: SUCCESS
get_all_players: SUCCESS
88
192
160
78
27
110
remove_team: FAILURE
play_match: FAILURE
get_all_players: SUCCESS
152
144
23
56
4
get_all_players_count: SUCCESS, 9
get_team_points: SUCCESS, 11547
remove_team: FAILURE
unite_teams: FAILURE
get_top_scorer: SUCCESS, 81
update_player_stats: SUCCESS
get_num_played_games: SUCCESS, 11861
knockout_winner: SUCCESS, 19
knockout_winner: SUCCESS, 19
knockout_winner: FAILURE
knockout_winner: FAILURE
knockout_winner: INVALID_INPUT
add_player: FAILURE
add_team: FAILURE
knockout_winner: SUCCESS, 10
knockout_winner: SUCCESS, 5
knockout_winner: SUCCESS, 5
knockout_winner: SUCCESS, 19
knockout_winner: FAILURE
get_all_players_count: SUCCESS, 7
get_closest_player: SUCCESS, 55
get_num_played_games: SUCCESS, 18824
add_player: FAILURE
remove_player: SUCCESS
update_player_stats: SUCCESS
knockout_winner: SUCCESS, 10
knockout_winner: SUCCESS, 5
knockout_winner: SUCCESS, 5
knockout_winner: FAILURE
knockout_winner: INVALID_INPUT
remove_team: FAILURE
remove_team: FAILURE
knockout_winner: INVALID_INPUT
knockout_winner: INVALID_INPUT
knockout_winner: INVALID_INPUT
knockout_winner: INVALID_INPUT
knockout_winner: INVALID_INPUT
remove_team: FAILURE
add_team: FAILURE
add_team: FAILURE
remove_team: FAILURE
get_all_players_count: SUCCESS, 9
get_team_points: SUCCESS, 4387
get_closest_player: SUCCESS, 167
get_closest_player: SUCCESS, 180
unite_teams: FAILURE
remove_team: FAILURE
get_top_scorer: SUCCESS, 77
get_top_scorer: SUCCESS, 79
add_team: FAILURE
remove_player: SUCCESS
knockout_winner: FAILURE
knockout_winner: SUCCESS, 10
knockout_winner: SUCCESS, 10
knockout_winner: SUCCESS, 19
knockout_winner: INVALID_INPUT
get_all_players_count: SUCCESS, 5
unite_teams: FAILURE
remove_team: FAILURE
get_closest_player: SUCCESS, 86
play_match: FAILURE
play_match: FAILURE
get_team_points: SUCCESS, 11904
add_team: FAILURE
get_top_scorer: SUCCESS, 193
update_player_stats: SUCCESS
knockout_winner: INVALID_INPUT
knockout_winner: SUCCESS, 10
knockout_winner: INVALID_INPUT
knockout_winner: INVALID_INPUT
knockout_winner: INVALID_INPUT
add_player: FAILURE
unite_teams: FAILURE
remove_team: FAILURE
get_all_players: SUCCESS
11
157
13
156
get_team_points: SUCCESS, 12216
update_player_stats: SUCCESS
remove_team: FAILURE
get_team_points: SUCCESS, 11942
add_player: FAILURE
update_player_stats: SUCCESS
knockout_winner: SUCCESS, 10
knockout_winner: SUCCESS, 5
knockout_winner: SUCCESS, 5
knockout_winner: SUCCESS, 19
knockout_winner: INVALID_INPUT
remove_player: SUCCESS
play_match: FAILURE
add_team: FAILURE
get_all_players: SUCCESS
32
173
67
113
193
get_team_points: SUCCESS, 12111
unite_teams: FAILURE
remove_player: SUCCESS
add_player: FAILURE
add_team: FAILURE
get_num_played_games: SUCCESS, 9321
get_num_played_games: SUCCESS, 10333
add_team: FAILURE
get_all_players: SUCCESS
136
15
72
196
115
200
39
145
remove_player: SUCCESS
get_closest_player: SUCCESS, 38
get_closest_player: SUCCESS, 82
get_all_players: SUCCESS
198
63
194
146
59
25
73
get_team_points: SUCCESS, 895
get_closest_player: SUCCESS, 12
get_all_players_count: SUCCESS, 7
remove_player: SUCCESS
get_all_players: SUCCESS
40
30
159
98
139
68
84
177
172
120
166
33
52
53
179
get_team_points: SUCCESS, 11942
play_match: FAILURE
unite_teams: SUCCESS
add_player: FAILURE
add_player: FAILURE
get_all_players_count: SUCCESS, 22
update_player_stats: SUCCESS
add_team: FAILURE
get_closest_player: SUCCESS, 141
unite_teams: SUCCESS
get_all_players: SUCCESS
88
192
160
78
27
110
unite_teams: FAILURE
add_team: FAILURE
get_top_scorer: SUCCESS, 193
knockout_winner: INVALID_INPUT
knockout_winner: INVALID_INPUT
knockout_winner: INVALID_INPUT
knockout_winner: INVALID_INPUT
knockout_winner: INVALID_INPUT
get_top_scorer: SUCCESS, 193
knockout_winner: SUCCESS, 19
knockout_winner: SUCCESS, 5
knockout_winner: SUCCESS, 5
knockout_winner: SUCCESS, 19
knockout_winner: FAILURE
get_closest_player: SUCCESS, 23
add_player: FAILURE
remove_player: SUCCESS
add_team: FAILURE
knockout_winner: SUCCESS, 4
knockout_winner: INVALID_INPUT
knockout_winner: INVALID_INPUT
knockout_winner: FAILURE
knockout_winner: INVALID_INPUT
get_closest_player: SUCCESS, 91
get_closest_player: SUCCESS, 82
get_all_players_count: SUCCESS, 6
knockout_winner: INVALID_INPUT
knockout_winner: FAILURE
knockout_winner: INVALID_INPUT
knockout_winner: INVALID_INPUT
knockout_winner: INVALID_INPUT
remove_player: SUCCESS
knockout_winner: INVALID_INPUT
knockout_winner: INVALID_INPUT
knockout_winner: INVALID_INPUT
knockout_winner: INVALID_INPUT
knockout_winner: INVALID_INPUT
get_all_players: SUCCESS
88
192
160
78
27
110
add_player: FAILURE
add_team: FAILURE
knockout_winner: INVALID_INPUT
knockout_winner: INVALID_INPUT
knockout_winner: INVALID_INPUT
knockout_winner: INVALID_INPUT
knockout_winner: INVALID_INPUT
get_all_players: SUCCESS
126
51
175
82
28
189
151
update_player_stats: SUCCESS
remove_player: SUCCESS
add_player: FAILURE
add_player: FAILURE
get_all_players: SUCCESS
103
26
121
106
12
knockout_winner: INVALID_INPUT
knockout_winner: INVALID_INPUT
knockout_winner: INVALID_INPUT
knockout_winner: INVALID_INPUT
knockout_winner: INVALID_INPUT
get_team_points: SUCCESS, 9676
add_team: FAILURE
get_num_played_games: SUCCESS, 89
add_player: FAILURE
add_player: FAILURE
remove_player: SUCCESS
remove_player: SUCCESS
remove_player: SUCCESS
remove_player: SUCCESS
remove_player: SUCCESS
remove_player: SUCCESS
remove_player: SUCCESS
remove_player: SUCCESS
remove_player: SUCCESS
remove_player: SUCCESS
remove_player: SUCCESS
remove_player: SUCCESS
remove_player: SUCCESS
remove_player: SUCCESS
remove_player: SUCCESS
remove_player: SUCCESS
remove_player: SUCCESS
remove_player: SUCCESS
remove_player: SUCCESS
remove_player: SUCCESS
remove_player: SUCCESS
remove_player: SUCCESS
remove_player: SUCCESS
remove_player: SUCCESS
remove_player: SUCCESS
remove_player: SUCCESS
remove_player: SUCCESS
remove_player: SUCCESS
remove_player: SUCCESS
remove_player: SUCCESS
remove_player: SUCCESS
remove_player: SUCCESS
remove_player: SUCCESS
remove_player: SUCCESS
remove_player: SUCCESS
remove_player: SUCCESS
remove_player: SUCCESS
remove_player: SUCCESS
remove_player: SUCCESS
remove_player: SUCCESS
remove_player: SUCCESS
remove_player: SUCCESS
remove_player: SUCCESS
remove_player: SUCCESS
remove_player: SUCCESS
remove_player: SUCCESS
remove_player: SUCCESS
remove_player: SUCCESS
remove_player: SUCCESS
remove_player: SUCCESS
remove_player: SUCCESS
remove_player: SUCCESS
remove_player: SUCCESS
remove_player: SUCCESS
remove_player: SUCCESS
remove_player: SUCCESS
remove_player: SUCCESS
remove_player: SUCCESS
remove_player: SUCCESS
remove_player: SUCCESS
remove_player: SUCCESS
remove_player: SUCCESS
remove_player: SUCCESS
remove_player: SUCCESS
remove_player: SUCCESS
remove_player: SUCCESS
remove_player: SUCCESS
remove_player: SUCCESS
remove_player: SUCCESS
remove_player: SUCCESS
remove_player: SUCCESS
remove_player: SUCCESS
remove_player: SUCCESS
remove_player: SUCCESS
remove_player: SUCCESS
remove_player: SUCCESS
remove_player: SUCCESS
remove_player: SUCCESS
remove_player: SUCCESS
remove_player: SUCCESS
remove_player: SUCCESS
remove_player: SUCCESS
remove_player: SUCCESS
remove_player: SUCCESS
remove_player: SUCCESS
remove_player: SUCCESS
remove_player: SUCCESS
remove_player: SUCCESS
remove_player: SUCCESS
remove_player: SUCCESS
remove_player: SUCCESS
remove_player: SUCCESS
remove_player: SUCCESS
remove_player: SUCCESS
remove_player: SUCCESS
remove_player: SUCCESS
remove_player: SUCCESS
remove_player: SUCCESS
remove_player: SUCCESS
remove_player: SUCCESS
remove_player: SUCCESS
remove_player: SUCCESS
remove_player: SUCCESS
remove_player: SUCCESS
remove_player: SUCCESS
remove_player: SUCCESS
remove_player: SUCCESS
remove_player: SUCCESS
remove_player: SUCCESS
remove_player: SUCCESS
remove_player: SUCCESS
remove_player: SUCCESS
remove_player: SUCCESS
remove_player: SUCCESS
remove_player: SUCCESS
remove_player: SUCCESS
remove_player: SUCCESS
remove_player: SUCCESS
remove_player: SUCCESS
remove_player: SUCCESS
remove_player: SUCCESS
remove_player: SUCCESS
remove_player: SUCCESS
remove_player: SUCCESS
remove_player: SUCCESS
remove_player: SUCCESS
remove_player: SUCCESS
remove_player: SUCCESS
remove_player: SUCCESS
remove_team: SUCCESS
remove_team: SUCCESS
remove_team: SUCCESS
remove_team: SUCCESS
remove_team: SUCCESS
remove_team: SUCCESS
remove_team: SUCCESS
remove_team: SUCCESS
remove_team: SUCCESS
remove_team: SUCCESS
remove_team: SUCCESS
remove_team: SUCCESS
remove_team: SUCCESS
remove_team: SUCCESS
remove_team: SUCCESS
