add_team: SUCCESS
add_team: SUCCESS
add_team: SUCCESS
add_team: SUCCESS
add_team: SUCCESS
add_team: SUCCESS
add_team: SUCCESS
add_team: SUCCESS
add_team: SUCCESS
add_team: SUCCESS
add_team: SUCCESS
add_team: SUCCESS
add_team: SUCCESS
add_team: SUCCESS
add_team: SUCCESS
add_team: SUCCESS
add_team: SUCCESS
add_team: SUCCESS
add_team: SUCCESS
add_team: SUCCESS
add_player: SUCCESS
add_player: SUCCESS
add_player: SUCCESS
add_player: SUCCESS
add_player: SUCCESS
add_player: SUCCESS
add_player: SUCCESS
add_player: SUCCESS
add_player: SUCCESS
add_player: SUCCESS
add_player: SUCCESS
add_player: SUCCESS
add_player: SUCCESS
add_player: SUCCESS
add_player: SUCCESS
add_player: SUCCESS
add_player: SUCCESS
add_player: SUCCESS
add_player: SUCCESS
add_player: SUCCESS
add_player: SUCCESS
add_player: SUCCESS
add_player: SUCCESS
add_player: SUCCESS
add_player: SUCCESS
add_player: SUCCESS
add_player: SUCCESS
add_player: SUCCESS
add_player: SUCCESS
add_player: SUCCESS
add_player: SUCCESS
add_player: SUCCESS
add_player: SUCCESS
add_player: SUCCESS
add_player: SUCCESS
add_player: SUCCESS
add_player: SUCCESS
add_player: SUCCESS
add_player: SUCCESS
add_player: SUCCESS
add_player: SUCCESS
add_player: SUCCESS
add_player: SUCCESS
add_player: SUCCESS
add_player: SUCCESS
add_player: SUCCESS
add_player: SUCCESS
add_player: SUCCESS
add_player: SUCCESS
add_player: SUCCESS
add_player: SUCCESS
add_player: SUCCESS
add_player: SUCCESS
add_player: SUCCESS
add_player: SUCCESS
add_player: SUCCESS
add_player: SUCCESS
add_player: SUCCESS
add_player: SUCCESS
add_player: SUCCESS
add_player: SUCCESS
add_player: SUCCESS
add_player: SUCCESS
add_player: SUCCESS
add_player: SUCCESS
add_player: SUCCESS
add_player: SUCCESS
add_player: SUCCESS
add_player: SUCCESS
add_player: SUCCESS
add_player: SUCCESS
add_player: SUCCESS
add_player: SUCCESS
add_player: SUCCESS
add_player: SUCCESS
add_player: SUCCESS
add_player: SUCCESS
add_player: SUCCESS
add_player: SUCCESS
add_player: SUCCESS
add_player: SUCCESS
add_player: SUCCESS
add_player: SUCCESS
add_player: SUCCESS
add_player: SUCCESS
add_player: SUCCESS
add_player: SUCCESS
add_player: SUCCESS
add_player: SUCCESS
add_player: SUCCESS
add_player: SUCCESS
add_player: SUCCESS
add_player: SUCCESS
add_player: SUCCESS
add_player: SUCCESS
add_player: SUCCESS
add_player: SUCCESS
add_player: SUCCESS
add_player: SUCCESS
add_player: SUCCESS
add_player: SUCCESS
add_player: SUCCESS
add_player: SUCCESS
add_player: SUCCESS
add_player: SUCCESS
add_player: SUCCESS
add_player: SUCCESS
add_player: SUCCESS
add_player: SUCCESS
add_player: SUCCESS
add_player: SUCCESS
add_player: SUCCESS
add_player: SUCCESS
add_player: SUCCESS
add_player: SUCCESS
add_player: SUCCESS
add_player: SUCCESS
add_player: SUCCESS
add_player: SUCCESS
add_player: SUCCESS
add_player: SUCCESS
add_player: SUCCESS
add_player: SUCCESS
add_player: SUCCESS
add_player: SUCCESS
add_player: SUCCESS
add_player: SUCCESS
add_player: SUCCESS
add_player: SUCCESS
add_player: SUCCESS
add_player: SUCCESS
add_player: SUCCESS
add_player: SUCCESS
add_player: SUCCESS
add_player: SUCCESS
add_player: SUCCESS
add_player: SUCCESS
add_player: SUCCESS
add_player: SUCCESS
add_player: SUCCESS
add_player: SUCCESS
add_player: SUCCESS
add_player: SUCCESS
add_player: SUCCESS
add_player: SUCCESS
add_player: SUCCESS
add_player: SUCCESS
add_player: SUCCESS
add_player: SUCCESS
add_player: SUCCESS
add_player: SUCCESS
add_player: SUCCESS
add_player: SUCCESS
add_player: SUCCESS
add_player: SUCCESS
add_player: SUCCESS
add_player: SUCCESS
add_player: SUCCESS
add_player: SUCCESS
add_player: SUCCESS
add_player: SUCCESS
add_player: SUCCESS
add_player: SUCCESS
add_player: SUCCESS
add_player: SUCCESS
add_player: SUCCESS
add_player: SUCCESS
add_player: SUCCESS
add_player: SUCCESS
add_player: SUCCESS
add_player: SUCCESS
add_player: SUCCESS
add_player: SUCCESS
add_player: SUCCESS
add_player: SUCCESS
add_player: SUCCESS
add_player: SUCCESS
add_player: SUCCESS
add_player: SUCCESS
add_player: SUCCESS
add_player: SUCCESS
add_player: SUCCESS
add_player: SUCCESS
add_player: SUCCESS
add_player: SUCCESS
add_player: SUCCESS
add_player: SUCCESS
add_player: SUCCESS
add_player: SUCCESS
add_player: SUCCESS
add_player: SUCCESS
add_player: SUCCESS
add_player: SUCCESS
add_player: SUCCESS
add_player: SUCCESS
add_player: SUCCESS
add_player: SUCCESS
add_player: SUCCESS
add_player: SUCCESS
add_player: SUCCESS
get_all_players_count: SUCCESS, 12
remove_team: FAILURE
unite_teams: FAILURE
remove_player: SUCCESS
remove_team: FAILURE
remove_team: FAILURE
unite_teams: FAILURE
get_closest_player: SUCCESS, 85
get_all_players: SUCCESS
69
27
192
53
32
98
84
78
155
75
190
11
21
15
remove_team: FAILURE
get_num_played_games: SUCCESS, 1150
get_num_played_games: SUCCESS, 12020
update_player_stats: SUCCESS
get_num_played_games: SUCCESS, 12186
add_team: FAILURE
get_all_players_count: SUCCESS, 10
get_team_points: SUCCESS, 5798
add_team: FAILURE
get_num_played_games: SUCCESS, 5165
get_num_played_games: SUCCESS, 1475
unite_teams: FAILURE
get_all_players_count: SUCCESS, 12
play_match: FAILURE
get_all_players_count: SUCCESS, 7
update_player_stats: SUCCESS
unite_teams: FAILURE
play_match: FAILURE
update_player_stats: SUCCESS
get_all_players: SUCCESS
175
121
66
89
179
59
get_num_played_games: SUCCESS, 4988
get_top_scorer: SUCCESS, 52
get_team_points: SUCCESS, 5798
remove_player: SUCCESS
play_match: FAILURE
play_match: FAILURE
add_player: FAILURE
get_team_points: SUCCESS, 3859
get_team_points: SUCCESS, 5798
add_team: FAILURE
knockout_winner: SUCCESS, 15
knockout_winner: SUCCESS, 17
knockout_winner: SUCCESS, 11
knockout_winner: FAILURE
knockout_winner: INVALID_INPUT
knockout_winner: SUCCESS, 15
knockout_winner: SUCCESS, 15
knockout_winner: SUCCESS, 7
knockout_winner: SUCCESS, 15
knockout_winner: INVALID_INPUT
remove_player: SUCCESS
get_all_players_count: SUCCESS, 7
get_all_players: SUCCESS
196
92
68
88
183
166
54
58
77
159
106
168
add_player: FAILURE
remove_team: FAILURE
add_player: FAILURE
update_player_stats: SUCCESS
remove_player: SUCCESS
remove_team: FAILURE
get_top_scorer: SUCCESS, 7
get_num_played_games: SUCCESS, 3344
get_team_points: SUCCESS, 4447
get_team_points: SUCCESS, 3859
get_team_points: SUCCESS, 8849
add_team: FAILURE
get_top_scorer: SUCCESS, 19
add_player: FAILURE
knockout_winner: FAILURE
knockout_winner: SUCCESS, 17
knockout_winner: SUCCESS, 7
knockout_winner: SUCCESS, 17
knockout_winner: INVALID_INPUT
knockout_winner: SUCCESS, 15
knockout_winner: SUCCESS, 17
knockout_winner: SUCCESS, 11
knockout_winner: FAILURE
knockout_winner: INVALID_INPUT
play_match: FAILURE
update_player_stats: SUCCESS
remove_team: FAILURE
remove_team: FAILURE
remove_team: FAILURE
remove_team: FAILURE
get_num_played_games: SUCCESS, 7575
unite_teams: FAILURE
update_player_stats: SUCCESS
knockout_winner: SUCCESS, 17
knockout_winner: SUCCESS, 17
knockout_winner: SUCCESS, 14
knockout_winner: FAILURE
knockout_winner: INVALID_INPUT
update_player_stats: SUCCESS
get_num_played_games: SUCCESS, 4113
knockout_winner: SUCCESS, 7
knockout_winner: INVALID_INPUT
knockout_winner: INVALID_INPUT
knockout_winner: SUCCESS, 17
knockout_winner: INVALID_INPUT
knockout_winner: SUCCESS, 15
knockout_winner: SUCCESS, 17
knockout_winner: SUCCESS, 7
knockout_winner: SUCCESS, 17
knockout_winner: SUCCESS, 14
get_all_players_count: SUCCESS, 9
get_num_played_games: SUCCESS, 5592
remove_player: SUCCESS
update_player_stats: SUCCESS
unite_teams: FAILURE
add_team: FAILURE
remove_player: SUCCESS
knockout_winner: FAILURE
knockout_winner: SUCCESS, 17
knockout_winner: SUCCESS, 15
knockout_winner: FAILURE
knockout_winner: INVALID_INPUT
add_team: FAILURE
get_closest_player: SUCCESS, 157
unite_teams: FAILURE
knockout_winner: SUCCESS, 17
knockout_winner: SUCCESS, 17
knockout_winner: SUCCESS, 14
knockout_winner: FAILURE
knockout_winner: INVALID_INPUT
update_player_stats: SUCCESS
play_match: FAILURE
get_num_played_games: SUCCESS, 640
remove_player: SUCCESS
play_match: SUCCESS
add_team: FAILURE
get_closest_player: SUCCESS, 61
knockout_winner: SUCCESS, 15
knockout_winner: SUCCESS, 15
knockout_winner: SUCCESS, 15
knockout_winner: SUCCESS, 15
knockout_winner: SUCCESS, 15
play_match: FAILURE
add_team: FAILURE
get_num_played_games: SUCCESS, 7034
get_team_points: SUCCESS, 7643
get_closest_player: SUCCESS, 112
play_match: FAILURE
remove_team: FAILURE
get_all_players: SUCCESS
35
71
125
24
118
9
141
184
62
knockout_winner: SUCCESS, 15
knockout_winner: INVALID_INPUT
knockout_winner: INVALID_INPUT
knockout_winner: SUCCESS, 17
knockout_winner: SUCCESS, 14
get_team_points: SUCCESS, 11118
remove_player: SUCCESS
get_num_played_games: SUCCESS, 11778
update_player_stats: SUCCESS
add_team: FAILURE
unite_teams: FAILURE
add_team: FAILURE
get_closest_player: SUCCESS, 75
update_player_stats: SUCCESS
unite_teams: INVALID_INPUT
update_player_stats: SUCCESS
remove_team: FAILURE
get_closest_player: SUCCESS, 180
get_team_points: SUCCESS, 10116
unite_teams: FAILURE
get_closest_player: SUCCESS, 67
knockout_winner: SUCCESS, 7
knockout_winner: SUCCESS, 17
knockout_winner: SUCCESS, 7
knockout_winner: SUCCESS, 17
knockout_winner: INVALID_INPUT
get_num_played_games: SUCCESS, 11716
add_team: FAILURE
get_closest_player: SUCCESS, 147
get_all_players_count: SUCCESS, 6
knockout_winner: FAILURE
knockout_winner: SUCCESS, 15
knockout_winner: SUCCESS, 14
knockout_winner: FAILURE
knockout_winner: INVALID_INPUT
get_top_scorer: SUCCESS, 33
remove_player: SUCCESS
get_closest_player: SUCCESS, 101
get_all_players: SUCCESS
121
66
89
179
175
59
update_player_stats: SUCCESS
remove_player: SUCCESS
get_all_players: SUCCESS
35
71
125
24
118
9
141
184
62
get_closest_player: SUCCESS, 152
remove_player: SUCCESS
remove_player: SUCCESS
get_top_scorer: SUCCESS, 160
get_team_points: SUCCESS, 5798
get_team_points: SUCCESS, 2483
get_all_players_count: SUCCESS, 12
remove_team: FAILURE
remove_player: SUCCESS
remove_team: FAILURE
get_all_players: SUCCESS
109
101
40
150
6
142
130
3
41
add_team: FAILURE
remove_team: FAILURE
add_team: FAILURE
remove_team: FAILURE
get_num_played_games: SUCCESS, 4361
get_all_players: SUCCESS
64
73
177
38
22
47
43
111
114
189
37
185
33
remove_team: FAILURE
add_player: FAILURE
get_top_scorer: SUCCESS, 145
knockout_winner: FAILURE
knockout_winner: SUCCESS, 17
knockout_winner: SUCCESS, 15
knockout_winner: FAILURE
knockout_winner: INVALID_INPUT
add_team: FAILURE
remove_team: FAILURE
get_all_players: SUCCESS
143
36
65
102
174
17
167
83
172
182
get_all_players_count: SUCCESS, 13
update_player_stats: SUCCESS
update_player_stats: SUCCESS
get_all_players: SUCCESS
69
27
192
53
32
98
84
78
155
190
21
15
75
get_top_scorer: SUCCESS, 62
add_team: FAILURE
remove_team: FAILURE
get_all_players: SUCCESS
186
136
10
152
91
80
14
165
158
127
2
20
add_team: FAILURE
get_team_points: SUCCESS, 1121
update_player_stats: SUCCESS
remove_player: SUCCESS
get_top_scorer: SUCCESS, 19
get_top_scorer: SUCCESS, 198
remove_team: FAILURE
knockout_winner: SUCCESS, 15
knockout_winner: SUCCESS, 17
knockout_winner: FAILURE
knockout_winner: FAILURE
knockout_winner: INVALID_INPUT
add_team: FAILURE
play_match: FAILURE
remove_player: SUCCESS
get_team_points: SUCCESS, 661
unite_teams: SUCCESS
update_player_stats: SUCCESS
add_player: FAILURE
get_closest_player: SUCCESS, 149
remove_player: SUCCESS
get_all_players: SUCCESS
135
132
12
187
171
34
191
74
49
13
138
add_team: FAILURE
get_all_players: SUCCESS
140
44
25
116
129
164
28
117
52
knockout_winner: SUCCESS, 17
knockout_winner: SUCCESS, 17
knockout_winner: FAILURE
knockout_winner: FAILURE
knockout_winner: INVALID_INPUT
remove_player: SUCCESS
get_all_players_count: SUCCESS, 5
get_num_played_games: SUCCESS, 460
add_player: FAILURE
get_top_scorer: SUCCESS, 19
get_all_players: SUCCESS
64
73
177
38
22
47
43
111
114
189
37
33
185
get_all_players: SUCCESS
46
169
195
100
137
170
124
82
1
156
29
get_num_played_games: SUCCESS, 11580
get_all_players: SUCCESS
69
27
192
53
32
98
84
78
155
190
21
15
75
knockout_winner: SUCCESS, 17
knockout_winner: SUCCESS, 17
knockout_winner: FAILURE
knockout_winner: FAILURE
knockout_winner: INVALID_INPUT
update_player_stats: SUCCESS
get_top_scorer: SUCCESS, 20
get_top_scorer: SUCCESS, 62
get_all_players_count: SUCCESS, 9
play_match: FAILURE
add_team: FAILURE
play_match: FAILURE
update_player_stats: SUCCESS
update_player_stats: SUCCESS
add_player: FAILURE
remove_player: SUCCESS
play_match: FAILURE
get_num_played_games: SUCCESS, 4090
get_num_played_games: SUCCESS, 5728
get_all_players_count: SUCCESS, 10
update_player_stats: SUCCESS
get_closest_player: SUCCESS, 109
add_player: FAILURE
update_player_stats: SUCCESS
get_num_played_games: SUCCESS, 4027
get_all_players: SUCCESS
109
101
40
150
142
130
6
3
41
add_player: FAILURE
knockout_winner: SUCCESS, 17
knockout_winner: SUCCESS, 17
knockout_winner: SUCCESS, 11
knockout_winner: FAILURE
knockout_winner: INVALID_INPUT
update_player_stats: SUCCESS
get_all_players_count: SUCCESS, 9
get_closest_player: SUCCESS, 68
remove_team: FAILURE
get_all_players: SUCCESS
95
115
128
131
96
81
55
113
126
50
103
120
148
147
19
knockout_winner: INVALID_INPUT
knockout_winner: SUCCESS, 15
knockout_winner: INVALID_INPUT
knockout_winner: INVALID_INPUT
knockout_winner: INVALID_INPUT
get_all_players_count: SUCCESS, 8
knockout_winner: SUCCESS, 10
knockout_winner: SUCCESS, 17
knockout_winner: SUCCESS, 10
knockout_winner: SUCCESS, 17
knockout_winner: INVALID_INPUT
play_match: SUCCESS
get_num_played_games: SUCCESS, 16770
add_team: FAILURE
get_closest_player: SUCCESS, 190
remove_team: FAILURE
update_player_stats: SUCCESS
get_all_players_count: SUCCESS, 11
remove_team: FAILURE
knockout_winner: SUCCESS, 15
knockout_winner: SUCCESS, 17
knockout_winner: SUCCESS, 10
knockout_winner: SUCCESS, 17
knockout_winner: INVALID_INPUT
remove_team: FAILURE
unite_teams: FAILURE
remove_player: SUCCESS
get_top_scorer: SUCCESS, 20
remove_team: FAILURE
remove_player: SUCCESS
get_num_played_games: SUCCESS, 3348
get_closest_player: SUCCESS, 81
get_all_players: SUCCESS
46
169
195
100
137
170
124
82
1
156
29
get_team_points: SUCCESS, 5516
play_match: FAILURE
remove_team: FAILURE
play_match: FAILURE
get_closest_player: SUCCESS, 162
play_match: FAILURE
get_all_players: SUCCESS
109
101
40
150
142
130
6
3
41
remove_player: SUCCESS
get_team_points: SUCCESS, 8849
get_all_players_count: SUCCESS, 7
update_player_stats: SUCCESS
get_all_players_count: SUCCESS, 8
add_player: FAILURE
get_all_players: SUCCESS
186
136
10
152
91
80
14
165
158
127
2
20
get_all_players_count: SUCCESS, 8
add_team: FAILURE
play_match: FAILURE
get_all_players_count: SUCCESS, 10
unite_teams: FAILURE
knockout_winner: SUCCESS, 10
knockout_winner: INVALID_INPUT
knockout_winner: INVALID_INPUT
knockout_winner: SUCCESS, 15
knockout_winner: FAILURE
get_team_points: SUCCESS, 11118
get_closest_player: SUCCESS, 117
get_all_players_count: SUCCESS, 10
get_num_played_games: SUCCESS, 6053
get_num_played_games: SUCCESS, 6192
get_top_scorer: SUCCESS, 19
get_team_points: SUCCESS, 8117
play_match: SUCCESS
get_team_points: SUCCESS, 10925
get_top_scorer: SUCCESS, 172
remove_player: SUCCESS
remove_team: FAILURE
remove_team: FAILURE
get_num_played_games: SUCCESS, 3344
get_closest_player: SUCCESS, 25
add_team: FAILURE
get_closest_player: SUCCESS, 39
get_top_scorer: SUCCESS, 18
play_match: FAILURE
update_player_stats: SUCCESS
knockout_winner: FAILURE
knockout_winner: SUCCESS, 17
knockout_winner: SUCCESS, 14
knockout_winner: FAILURE
knockout_winner: INVALID_INPUT
get_all_players: SUCCESS
64
73
177
38
22
47
43
111
114
189
37
185
unite_teams: FAILURE
get_team_points: SUCCESS, 5798
update_player_stats: SUCCESS
remove_player: SUCCESS
play_match: FAILURE
play_match: FAILURE
get_closest_player: SUCCESS, 27
get_top_scorer: SUCCESS, 34
get_num_played_games: SUCCESS, 15637
remove_player: SUCCESS
remove_player: SUCCESS
get_top_scorer: SUCCESS, 56
remove_team: FAILURE
remove_player: SUCCESS
get_top_scorer: SUCCESS, 198
knockout_winner: SUCCESS, 15
knockout_winner: SUCCESS, 15
knockout_winner: SUCCESS, 10
knockout_winner: SUCCESS, 17
knockout_winner: INVALID_INPUT
get_all_players_count: SUCCESS, 11
get_all_players_count: SUCCESS, 10
unite_teams: FAILURE
get_team_points: SUCCESS, 163
update_player_stats: SUCCESS
update_player_stats: SUCCESS
update_player_stats: SUCCESS
add_team: FAILURE
knockout_winner: SUCCESS, 17
knockout_winner: SUCCESS, 17
knockout_winner: SUCCESS, 10
knockout_winner: SUCCESS, 17
knockout_winner: INVALID_INPUT
get_closest_player: SUCCESS, 169
get_team_points: SUCCESS, 19094
add_player: FAILURE
update_player_stats: SUCCESS
get_num_played_games: SUCCESS, 5592
get_team_points: SUCCESS, 7124
get_closest_player: SUCCESS, 14
update_player_stats: SUCCESS
update_player_stats: SUCCESS
knockout_winner: SUCCESS, 15
knockout_winner: SUCCESS, 15
knockout_winner: SUCCESS, 10
knockout_winner: SUCCESS, 17
knockout_winner: INVALID_INPUT
get_top_scorer: SUCCESS, 76
get_top_scorer: SUCCESS, 75
update_player_stats: SUCCESS
knockout_winner: SUCCESS, 17
knockout_winner: SUCCESS, 17
knockout_winner: SUCCESS, 10
knockout_winner: SUCCESS, 15
knockout_winner: SUCCESS, 15
unite_teams: FAILURE
add_team: FAILURE
remove_team: FAILURE
get_all_players_count: SUCCESS, 12
unite_teams: FAILURE
remove_team: FAILURE
get_num_played_games: SUCCESS, 1150
unite_teams: FAILURE
get_team_points: SUCCESS, 163
get_top_scorer: SUCCESS, 18
get_all_players_count: SUCCESS, 10
unite_teams: FAILURE
play_match: FAILURE
remove_player: SUCCESS
get_team_points: SUCCESS, 661
get_team_points: SUCCESS, 19094
add_team: FAILURE
add_team: FAILURE
get_top_scorer: SUCCESS, 34
update_player_stats: SUCCESS
add_team: FAILURE
get_num_played_games: SUCCESS, 13244
get_team_points: SUCCESS, 8849
remove_player: SUCCESS
update_player_stats: SUCCESS
remove_player: SUCCESS
knockout_winner: INVALID_INPUT
knockout_winner: SUCCESS, 15
knockout_winner: INVALID_INPUT
knockout_winner: INVALID_INPUT
knockout_winner: INVALID_INPUT
get_team_points: SUCCESS, 8160
get_all_players_count: SUCCESS, 9
remove_player: SUCCESS
get_all_players_count: SUCCESS, 10
get_num_played_games: SUCCESS, 10957
get_top_scorer: SUCCESS, 20
add_player: FAILURE
add_team: FAILURE
remove_player: SUCCESS
add_player: FAILURE
play_match: FAILURE
add_player: FAILURE
update_player_stats: SUCCESS
add_player: FAILURE
remove_team: FAILURE
add_player: FAILURE
remove_player: SUCCESS
get_closest_player: SUCCESS, 120
remove_player: SUCCESS
remove_team: FAILURE
get_team_points: SUCCESS, 10925
get_top_scorer: SUCCESS, 162
get_all_players_count: SUCCESS, 11
update_player_stats: SUCCESS
update_player_stats: SUCCESS
get_top_scorer: SUCCESS, 34
play_match: SUCCESS
get_top_scorer: SUCCESS, 34
remove_player: SUCCESS
get_closest_player: SUCCESS, 68
get_all_players_count: SUCCESS, 6
update_player_stats: SUCCESS
update_player_stats: SUCCESS
get_top_scorer: SUCCESS, 115
unite_teams: FAILURE
update_player_stats: SUCCESS
knockout_winner: FAILURE
knockout_winner: SUCCESS, 17
knockout_winner: SUCCESS, 15
knockout_winner: FAILURE
knockout_winner: INVALID_INPUT
get_num_played_games: SUCCESS, 6192
remove_player: SUCCESS
play_match: FAILURE
knockout_winner: SUCCESS, 15
knockout_winner: SUCCESS, 17
knockout_winner: SUCCESS, 10
knockout_winner: FAILURE
knockout_winner: INVALID_INPUT
remove_team: FAILURE
add_team: FAILURE
knockout_winner: SUCCESS, 17
knockout_winner: SUCCESS, 17
knockout_winner: SUCCESS, 10
knockout_winner: FAILURE
knockout_winner: INVALID_INPUT
remove_player: SUCCESS
play_match: FAILURE
get_top_scorer: SUCCESS, 18
play_match: FAILURE
get_all_players_count: SUCCESS, 12
unite_teams: FAILURE
add_player: FAILURE
get_num_played_games: SUCCESS, 5559
get_top_scorer: SUCCESS, 41
unite_teams: FAILURE
get_num_played_games: SUCCESS, 5559
remove_player: SUCCESS
play_match: FAILURE
unite_teams: FAILURE
get_all_players_count: SUCCESS, 5
update_player_stats: SUCCESS
remove_player: SUCCESS
update_player_stats: SUCCESS
get_all_players: SUCCESS
136
10
152
91
186
14
165
158
127
2
20
get_closest_player: SUCCESS, 160
get_all_players: SUCCESS
31
194
85
63
30
56
add_player: FAILURE
remove_player: SUCCESS
get_top_scorer: SUCCESS, 172
remove_team: FAILURE
add_player: FAILURE
play_match: SUCCESS
remove_team: FAILURE
get_all_players_count: SUCCESS, 10
knockout_winner: SUCCESS, 10
knockout_winner: SUCCESS, 10
knockout_winner: FAILURE
knockout_winner: SUCCESS, 15
knockout_winner: INVALID_INPUT
get_num_played_games: SUCCESS, 829
get_closest_player: SUCCESS, 14
get_team_points: SUCCESS, 8516
get_all_players_count: SUCCESS, 10
add_team: FAILURE
get_num_played_games: SUCCESS, 9681
get_all_players: SUCCESS
35
71
125
24
9
141
184
62
add_team: FAILURE
get_all_players: SUCCESS
109
101
40
150
142
130
6
3
41
get_all_players_count: SUCCESS, 6
unite_teams: FAILURE
get_top_scorer: SUCCESS, 29
get_num_played_games: SUCCESS, 5596
unite_teams: FAILURE
play_match: FAILURE
get_num_played_games: SUCCESS, 11511
get_num_played_games: SUCCESS, 11437
get_closest_player: SUCCESS, 36
update_player_stats: SUCCESS
play_match: FAILURE
add_player: FAILURE
remove_player: SUCCESS
add_player: FAILURE
get_all_players_count: SUCCESS, 3
update_player_stats: SUCCESS
add_player: FAILURE
update_player_stats: SUCCESS
get_closest_player: SUCCESS, 185
get_all_players: SUCCESS
67
173
104
157
181
112
76
get_num_played_games: SUCCESS, 5736
add_player: FAILURE
get_top_scorer: SUCCESS, 185
get_all_players: SUCCESS
45
51
107
161
48
110
149
122
197
188
5
26
70
154
160
93
add_team: FAILURE
remove_player: SUCCESS
unite_teams: FAILURE
add_team: FAILURE
unite_teams: FAILURE
knockout_winner: FAILURE
knockout_winner: SUCCESS, 17
knockout_winner: FAILURE
knockout_winner: FAILURE
knockout_winner: INVALID_INPUT
remove_team: FAILURE
get_all_players: SUCCESS
109
101
40
150
142
130
6
3
add_team: FAILURE
get_all_players: SUCCESS
121
66
179
59
add_player: FAILURE
remove_team: FAILURE
play_match: FAILURE
remove_team: FAILURE
update_player_stats: SUCCESS
get_all_players_count: SUCCESS, 10
unite_teams: FAILURE
add_player: FAILURE
get_num_played_games: SUCCESS, 11441
knockout_winner: INVALID_INPUT
knockout_winner: FAILURE
knockout_winner: INVALID_INPUT
knockout_winner: INVALID_INPUT
knockout_winner: INVALID_INPUT
update_player_stats: SUCCESS
play_match: FAILURE
update_player_stats: SUCCESS
remove_team: FAILURE
get_num_played_games: SUCCESS, 18234
get_closest_player: SUCCESS, 172
remove_team: FAILURE
play_match: FAILURE
get_top_scorer: SUCCESS, 62
get_all_players_count: SUCCESS, 5
knockout_winner: SUCCESS, 17
knockout_winner: SUCCESS, 17
knockout_winner: FAILURE
knockout_winner: FAILURE
knockout_winner: INVALID_INPUT
unite_teams: FAILURE
add_player: FAILURE
get_all_players_count: SUCCESS, 7
get_team_points: SUCCESS, 8849
get_all_players: SUCCESS
121
66
179
59
add_team: FAILURE
remove_team: FAILURE
add_player: FAILURE
update_player_stats: SUCCESS
add_player: FAILURE
add_player: FAILURE
get_top_scorer: SUCCESS, 7
get_closest_player: SUCCESS, 173
unite_teams: FAILURE
add_player: FAILURE
get_top_scorer: SUCCESS, 28
get_num_played_games: SUCCESS, 5036
get_all_players_count: SUCCESS, 10
remove_team: FAILURE
get_num_played_games: SUCCESS, 19059
add_player: FAILURE
knockout_winner: SUCCESS, 17
knockout_winner: INVALID_INPUT
knockout_winner: INVALID_INPUT
knockout_winner: SUCCESS, 17
knockout_winner: SUCCESS, 10
remove_team: FAILURE
knockout_winner: SUCCESS, 10
knockout_winner: SUCCESS, 10
knockout_winner: FAILURE
knockout_winner: FAILURE
knockout_winner: INVALID_INPUT
get_closest_player: SUCCESS, 132
get_all_players_count: SUCCESS, 10
add_player: FAILURE
get_team_points: SUCCESS, 3859
get_top_scorer: SUCCESS, 59
update_player_stats: SUCCESS
unite_teams: FAILURE
play_match: FAILURE
remove_team: FAILURE
play_match: FAILURE
get_all_players: SUCCESS
87
139
99
193
146
42
get_closest_player: SUCCESS, 110
get_top_scorer: SUCCESS, 94
get_closest_player: SUCCESS, 190
add_player: FAILURE
remove_player: SUCCESS
update_player_stats: SUCCESS
unite_teams: FAILURE
play_match: FAILURE
update_player_stats: SUCCESS
knockout_winner: SUCCESS, 10
knockout_winner: SUCCESS, 17
knockout_winner: SUCCESS, 6
knockout_winner: SUCCESS, 17
knockout_winner: INVALID_INPUT
get_num_played_games: SUCCESS, 2710
play_match: FAILURE
get_all_players_count: SUCCESS, 16
remove_player: SUCCESS
get_all_players_count: SUCCESS, 9
remove_team: FAILURE
update_player_stats: SUCCESS
get_team_points: SUCCESS, 8123
update_player_stats: SUCCESS
update_player_stats: SUCCESS
get_num_played_games: SUCCESS, 9335
update_player_stats: SUCCESS
get_closest_player: SUCCESS, 49
add_team: FAILURE
get_all_players: SUCCESS
10
152
91
186
14
165
158
127
2
136
get_all_players: SUCCESS
135
187
132
171
12
49
13
74
138
191
remove_player: SUCCESS
get_all_players_count: SUCCESS, 7
remove_team: FAILURE
get_top_scorer: SUCCESS, 76
add_player: FAILURE
add_player: FAILURE
unite_teams: FAILURE
play_match: FAILURE
remove_player: SUCCESS
remove_team: FAILURE
remove_team: FAILURE
play_match: FAILURE
get_num_played_games: SUCCESS, 11061
get_closest_player: SUCCESS, 169
get_team_points: SUCCESS, 8516
unite_teams: FAILURE
remove_player: SUCCESS
get_all_players_count: SUCCESS, 7
add_team: FAILURE
get_top_scorer: SUCCESS, 191
get_team_points: SUCCESS, 8123
remove_team: FAILURE
get_top_scorer: SUCCESS, 185
get_top_scorer: SUCCESS, 30
get_closest_player: SUCCESS, 55
get_all_players: SUCCESS
46
195
100
137
169
170
1
156
29
knockout_winner: SUCCESS, 10
knockout_winner: SUCCESS, 17
knockout_winner: SUCCESS, 6
knockout_winner: SUCCESS, 17
knockout_winner: INVALID_INPUT
add_player: FAILURE
add_team: FAILURE
add_team: FAILURE
get_top_scorer: SUCCESS, 59
remove_team: FAILURE
get_all_players_count: SUCCESS, 4
play_match: FAILURE
add_team: FAILURE
remove_team: FAILURE
remove_player: SUCCESS
knockout_winner: SUCCESS, 10
knockout_winner: INVALID_INPUT
knockout_winner: INVALID_INPUT
knockout_winner: SUCCESS, 17
knockout_winner: SUCCESS, 10
get_all_players_count: SUCCESS, 7
add_team: FAILURE
knockout_winner: SUCCESS, 10
knockout_winner: INVALID_INPUT
knockout_winner: INVALID_INPUT
knockout_winner: SUCCESS, 17
knockout_winner: FAILURE
remove_player: SUCCESS
update_player_stats: SUCCESS
play_match: FAILURE
get_team_points: SUCCESS, 2483
get_team_points: SUCCESS, 10889
play_match: FAILURE
play_match: SUCCESS
unite_teams: SUCCESS
unite_teams: FAILURE
get_all_players_count: SUCCESS, 12
get_all_players: SUCCESS
176
151
18
update_player_stats: SUCCESS
unite_teams: FAILURE
get_all_players: SUCCESS
109
101
40
150
142
130
6
3
update_player_stats: SUCCESS
get_all_players_count: SUCCESS, 10
get_top_scorer: SUCCESS, 62
play_match: FAILURE
play_match: FAILURE
get_closest_player: SUCCESS, 132
knockout_winner: INVALID_INPUT
knockout_winner: FAILURE
knockout_winner: INVALID_INPUT
knockout_winner: INVALID_INPUT
knockout_winner: INVALID_INPUT
get_top_scorer: SUCCESS, 115
get_all_players: SUCCESS
31
194
63
56
30
update_player_stats: SUCCESS
remove_player: SUCCESS
get_team_points: SUCCESS, 8160
add_team: FAILURE
get_closest_player: SUCCESS, 178
play_match: FAILURE
unite_teams: FAILURE
update_player_stats: SUCCESS
remove_team: FAILURE
update_player_stats: SUCCESS
get_all_players_count: SUCCESS, 6
remove_team: FAILURE
get_all_players_count: SUCCESS, 16
get_team_points: SUCCESS, 8516
get_all_players_count: SUCCESS, 5
get_all_players_count: SUCCESS, 10
get_team_points: SUCCESS, 4447
get_all_players: SUCCESS
10
152
91
186
14
165
158
127
2
136
knockout_winner: INVALID_INPUT
knockout_winner: SUCCESS, 17
knockout_winner: INVALID_INPUT
knockout_winner: INVALID_INPUT
knockout_winner: INVALID_INPUT
add_player: FAILURE
remove_team: FAILURE
update_player_stats: SUCCESS
add_player: FAILURE
get_top_scorer: SUCCESS, 115
get_num_played_games: SUCCESS, 9945
unite_teams: FAILURE
remove_team: FAILURE
remove_team: FAILURE
get_team_points: SUCCESS, 8160
add_team: FAILURE
unite_teams: FAILURE
get_all_players_count: SUCCESS, 5
unite_teams: SUCCESS
get_closest_player: SUCCESS, 159
get_num_played_games: SUCCESS, 6193
update_player_stats: SUCCESS
get_all_players_count: SUCCESS, 3
get_num_played_games: SUCCESS, 9837
get_closest_player: SUCCESS, 7
get_closest_player: SUCCESS, 51
get_closest_player: SUCCESS, 21
get_all_players: SUCCESS
196
92
68
54
58
77
159
88
183
106
play_match: SUCCESS
get_closest_player: SUCCESS, 109
knockout_winner: FAILURE
knockout_winner: INVALID_INPUT
knockout_winner: INVALID_INPUT
knockout_winner: SUCCESS, 10
knockout_winner: INVALID_INPUT
get_all_players: SUCCESS
121
66
179
59
get_team_points: SUCCESS, 10116
add_player: FAILURE
add_team: FAILURE
remove_team: FAILURE
remove_player: SUCCESS
play_match: FAILURE
get_all_players: SUCCESS
143
36
65
102
174
17
167
83
182
172
update_player_stats: SUCCESS
remove_team: FAILURE
get_num_played_games: SUCCESS, 1512
add_player: FAILURE
get_top_scorer: SUCCESS, 7
knockout_winner: INVALID_INPUT
knockout_winner: SUCCESS, 17
knockout_winner: INVALID_INPUT
knockout_winner: INVALID_INPUT
knockout_winner: INVALID_INPUT
update_player_stats: SUCCESS
get_top_scorer: SUCCESS, 7
get_top_scorer: SUCCESS, 116
get_closest_player: SUCCESS, 165
get_team_points: SUCCESS, 10116
get_all_players: SUCCESS
25
117
52
164
28
116
play_match: FAILURE
remove_team: FAILURE
remove_player: SUCCESS
get_all_players_count: SUCCESS, 8
knockout_winner: SUCCESS, 10
knockout_winner: SUCCESS, 10
knockout_winner: FAILURE
knockout_winner: SUCCESS, 13
knockout_winner: INVALID_INPUT
get_num_played_games: SUCCESS, 6194
get_all_players_count: SUCCESS, 3
add_player: FAILURE
play_match: FAILURE
update_player_stats: SUCCESS
get_all_players_count: SUCCESS, 11
get_all_players_count: SUCCESS, 3
get_all_players_count: SUCCESS, 16
get_team_points: SUCCESS, 10116
play_match: FAILURE
get_closest_player: SUCCESS, 28
knockout_winner: SUCCESS, 17
knockout_winner: SUCCESS, 10
knockout_winner: SUCCESS, 10
knockout_winner: SUCCESS, 17
knockout_winner: INVALID_INPUT
add_team: FAILURE
remove_player: SUCCESS
play_match: FAILURE
play_match: INVALID_INPUT
get_team_points: SUCCESS, 10116
get_all_players_count: SUCCESS, 10
remove_team: FAILURE
get_closest_player: SUCCESS, 149
add_team: FAILURE
update_player_stats: SUCCESS
play_match: FAILURE
unite_teams: FAILURE
get_num_played_games: SUCCESS, 1477
add_player: FAILURE
get_team_points: SUCCESS, 19100
play_match: FAILURE
add_player: FAILURE
add_player: FAILURE
get_team_points: SUCCESS, 10926
get_all_players: SUCCESS
46
195
67
173
104
100
137
169
170
157
181
1
156
29
112
76
add_player: FAILURE
get_top_scorer: SUCCESS, 62
get_all_players: SUCCESS
45
51
107
161
48
149
122
197
188
5
26
70
154
160
110
93
remove_team: FAILURE
remove_player: SUCCESS
add_player: FAILURE
add_team: FAILURE
unite_teams: FAILURE
unite_teams: INVALID_INPUT
get_all_players_count: SUCCESS, 4
get_team_points: SUCCESS, 8516
knockout_winner: SUCCESS, 10
knockout_winner: SUCCESS, 10
knockout_winner: FAILURE
knockout_winner: FAILURE
knockout_winner: INVALID_INPUT
get_all_players: SUCCESS
45
51
107
161
48
149
122
197
188
5
26
70
154
160
110
93
get_num_played_games: SUCCESS, 3183
remove_player: SUCCESS
add_player: FAILURE
knockout_winner: SUCCESS, 17
knockout_winner: INVALID_INPUT
knockout_winner: INVALID_INPUT
knockout_winner: SUCCESS, 17
knockout_winner: SUCCESS, 10
get_team_points: SUCCESS, 2483
get_team_points: SUCCESS, 10925
get_closest_player: SUCCESS, 70
get_all_players_count: SUCCESS, 6
add_team: FAILURE
knockout_winner: SUCCESS, 17
knockout_winner: SUCCESS, 17
knockout_winner: SUCCESS, 10
knockout_winner: SUCCESS, 17
knockout_winner: INVALID_INPUT
get_all_players_count: SUCCESS, 16
add_team: FAILURE
get_num_played_games: SUCCESS, 4361
knockout_winner: INVALID_INPUT
knockout_winner: SUCCESS, 13
knockout_winner: INVALID_INPUT
knockout_winner: INVALID_INPUT
knockout_winner: INVALID_INPUT
knockout_winner: INVALID_INPUT
knockout_winner: SUCCESS, 13
knockout_winner: INVALID_INPUT
knockout_winner: INVALID_INPUT
knockout_winner: INVALID_INPUT
play_match: FAILURE
get_closest_player: SUCCESS, 88
get_num_played_games: SUCCESS, 9715
get_team_points: SUCCESS, 2483
update_player_stats: SUCCESS
get_all_players_count: SUCCESS, 16
get_closest_player: SUCCESS, 161
play_match: FAILURE
add_player: FAILURE
get_all_players: SUCCESS
143
36
65
102
174
17
167
83
182
172
get_closest_player: SUCCESS, 12
get_top_scorer: SUCCESS, 7
get_all_players_count: SUCCESS, 10
add_team: FAILURE
remove_player: SUCCESS
play_match: FAILURE
get_num_played_games: SUCCESS, 10760
get_closest_player: SUCCESS, 157
get_team_points: SUCCESS, 10925
remove_team: FAILURE
add_team: FAILURE
remove_team: FAILURE
update_player_stats: SUCCESS
add_player: FAILURE
add_team: FAILURE
update_player_stats: SUCCESS
play_match: INVALID_INPUT
remove_team: FAILURE
knockout_winner: FAILURE
knockout_winner: SUCCESS, 10
knockout_winner: FAILURE
knockout_winner: SUCCESS, 10
knockout_winner: INVALID_INPUT
remove_team: FAILURE
add_player: FAILURE
unite_teams: FAILURE
knockout_winner: FAILURE
knockout_winner: INVALID_INPUT
knockout_winner: INVALID_INPUT
knockout_winner: SUCCESS, 10
knockout_winner: INVALID_INPUT
remove_team: FAILURE
get_closest_player: SUCCESS, 14
play_match: FAILURE
play_match: FAILURE
add_player: FAILURE
play_match: FAILURE
get_top_scorer: SUCCESS, 37
unite_teams: FAILURE
unite_teams: FAILURE
get_top_scorer: SUCCESS, 94
get_team_points: SUCCESS, 19100
add_team: FAILURE
get_closest_player: SUCCESS, 164
get_closest_player: SUCCESS, 143
get_closest_player: SUCCESS, 154
get_all_players_count: SUCCESS, 6
remove_team: FAILURE
knockout_winner: FAILURE
knockout_winner: SUCCESS, 19
knockout_winner: SUCCESS, 13
knockout_winner: FAILURE
knockout_winner: INVALID_INPUT
get_top_scorer: SUCCESS, 184
unite_teams: FAILURE
get_team_points: SUCCESS, 8516
add_player: FAILURE
remove_player: SUCCESS
update_player_stats: SUCCESS
get_closest_player: SUCCESS, 109
get_all_players: SUCCESS
25
117
52
164
28
116
get_team_points: SUCCESS, 8160
get_team_points: SUCCESS, 10925
remove_player: SUCCESS
play_match: FAILURE
remove_team: FAILURE
get_all_players: SUCCESS
152
91
186
14
165
158
127
2
136
add_team: FAILURE
get_num_played_games: SUCCESS, 13244
add_player: FAILURE
remove_team: FAILURE
get_num_played_games: SUCCESS, 9715
add_team: FAILURE
get_team_points: SUCCESS, 8516
knockout_winner: FAILURE
knockout_winner: SUCCESS, 10
knockout_winner: SUCCESS, 10
knockout_winner: FAILURE
knockout_winner: INVALID_INPUT
get_top_scorer: SUCCESS, 37
knockout_winner: FAILURE
knockout_winner: INVALID_INPUT
knockout_winner: INVALID_INPUT
knockout_winner: SUCCESS, 10
knockout_winner: INVALID_INPUT
get_num_played_games: SUCCESS, 4375
get_num_played_games: SUCCESS, 6864
get_all_players: SUCCESS
152
91
186
14
165
158
127
2
136
add_team: FAILURE
get_top_scorer: SUCCESS, 106
update_player_stats: SUCCESS
remove_team: FAILURE
add_player: FAILURE
get_team_points: SUCCESS, 10116
get_top_scorer: SUCCESS, 75
knockout_winner: FAILURE
knockout_winner: SUCCESS, 19
knockout_winner: FAILURE
knockout_winner: FAILURE
knockout_winner: INVALID_INPUT
get_closest_player: SUCCESS, 179
get_closest_player: SUCCESS, 148
remove_player: SUCCESS
remove_player: SUCCESS
get_num_played_games: SUCCESS, 9335
get_top_scorer: SUCCESS, 106
get_all_players_count: SUCCESS, 3
add_player: FAILURE
get_top_scorer: SUCCESS, 76
add_team: FAILURE
remove_player: SUCCESS
get_all_players_count: SUCCESS, 5
get_all_players: SUCCESS
109
101
40
150
142
6
3
get_top_scorer: SUCCESS, 59
get_top_scorer: SUCCESS, 172
get_num_played_games: SUCCESS, 3806
update_player_stats: SUCCESS
knockout_winner: SUCCESS, 19
knockout_winner: SUCCESS, 19
knockout_winner: SUCCESS, 13
knockout_winner: FAILURE
knockout_winner: INVALID_INPUT
get_num_played_games: SUCCESS, 9813
remove_team: FAILURE
play_match: FAILURE
get_num_played_games: SUCCESS, 3605
get_top_scorer: SUCCESS, 93
get_top_scorer: SUCCESS, 93
remove_team: FAILURE
knockout_winner: SUCCESS, 19
knockout_winner: SUCCESS, 19
knockout_winner: SUCCESS, 13
knockout_winner: FAILURE
knockout_winner: INVALID_INPUT
remove_team: FAILURE
knockout_winner: SUCCESS, 10
knockout_winner: INVALID_INPUT
knockout_winner: INVALID_INPUT
knockout_winner: SUCCESS, 10
knockout_winner: SUCCESS, 10
get_all_players: SUCCESS
176
151
remove_player: SUCCESS
get_team_points: SUCCESS, 11118
knockout_winner: INVALID_INPUT
knockout_winner: SUCCESS, 13
knockout_winner: INVALID_INPUT
knockout_winner: INVALID_INPUT
knockout_winner: INVALID_INPUT
get_closest_player: SUCCESS, 171
get_top_scorer: SUCCESS, 172
add_player: FAILURE
add_player: FAILURE
get_all_players_count: SUCCESS, 10
remove_player: SUCCESS
get_top_scorer: SUCCESS, 115
get_all_players_count: SUCCESS, 16
get_team_points: SUCCESS, 8123
knockout_winner: FAILURE
knockout_winner: SUCCESS, 19
knockout_winner: SUCCESS, 13
knockout_winner: FAILURE
knockout_winner: INVALID_INPUT
play_match: FAILURE
get_closest_player: SUCCESS, 157
add_team: FAILURE
knockout_winner: SUCCESS, 19
knockout_winner: SUCCESS, 10
knockout_winner: SUCCESS, 10
knockout_winner: SUCCESS, 19
knockout_winner: INVALID_INPUT
remove_team: FAILURE
get_all_players: SUCCESS
108
178
199
90
7
update_player_stats: SUCCESS
play_match: FAILURE
add_player: FAILURE
get_num_played_games: SUCCESS, 3370
remove_player: SUCCESS
get_all_players: SUCCESS
108
178
199
90
7
update_player_stats: SUCCESS
play_match: FAILURE
get_all_players: SUCCESS
45
51
161
48
149
122
197
188
5
26
70
154
160
110
93
get_closest_player: SUCCESS, 176
remove_team: FAILURE
update_player_stats: SUCCESS
get_num_played_games: SUCCESS, 2140
add_team: FAILURE
add_player: FAILURE
get_closest_player: SUCCESS, 193
get_closest_player: SUCCESS, 88
get_num_played_games: SUCCESS, 19059
get_all_players: SUCCESS
143
36
65
174
17
167
83
182
172
update_player_stats: SUCCESS
get_all_players_count: SUCCESS, 2
get_closest_player: SUCCESS, 194
get_team_points: SUCCESS, 8123
remove_team: FAILURE
get_top_scorer: SUCCESS, 3
get_top_scorer: SUCCESS, 75
add_player: FAILURE
get_top_scorer: SUCCESS, 93
add_team: FAILURE
remove_player: SUCCESS
add_team: FAILURE
get_num_played_games: SUCCESS, 2140
update_player_stats: SUCCESS
play_match: INVALID_INPUT
get_all_players: SUCCESS
45
51
161
48
149
122
197
188
5
26
70
154
160
110
93
get_top_scorer: SUCCESS, 74
remove_player: SUCCESS
get_team_points: SUCCESS, 19100
get_closest_player: SUCCESS, 182
remove_team: FAILURE
get_all_players: SUCCESS
187
132
135
171
12
49
13
138
191
74
remove_team: FAILURE
get_all_players: SUCCESS
31
194
56
63
30
get_all_players: SUCCESS
117
52
164
28
116
update_player_stats: SUCCESS
get_top_scorer: SUCCESS, 94
unite_teams: FAILURE
play_match: FAILURE
update_player_stats: SUCCESS
remove_team: FAILURE
get_all_players_count: SUCCESS, 10
add_player: FAILURE
update_player_stats: SUCCESS
unite_teams: FAILURE
unite_teams: FAILURE
get_all_players: SUCCESS
121
66
179
59
get_num_played_games: SUCCESS, 18693
knockout_winner: SUCCESS, 19
knockout_winner: SUCCESS, 19
knockout_winner: FAILURE
knockout_winner: FAILURE
knockout_winner: INVALID_INPUT
knockout_winner: SUCCESS, 10
knockout_winner: SUCCESS, 10
knockout_winner: FAILURE
knockout_winner: FAILURE
knockout_winner: INVALID_INPUT
remove_player: SUCCESS
get_top_scorer: SUCCESS, 136
remove_team: FAILURE
remove_player: SUCCESS
unite_teams: SUCCESS
knockout_winner: SUCCESS, 10
knockout_winner: INVALID_INPUT
knockout_winner: INVALID_INPUT
knockout_winner: SUCCESS, 19
knockout_winner: SUCCESS, 10
add_team: FAILURE
add_team: FAILURE
update_player_stats: SUCCESS
get_top_scorer: SUCCESS, 54
unite_teams: FAILURE
get_closest_player: SUCCESS, 50
add_player: FAILURE
knockout_winner: SUCCESS, 10
knockout_winner: SUCCESS, 10
knockout_winner: FAILURE
knockout_winner: FAILURE
knockout_winner: INVALID_INPUT
add_player: FAILURE
remove_team: FAILURE
remove_player: SUCCESS
add_team: FAILURE
get_team_points: SUCCESS, 12922
get_top_scorer: SUCCESS, 76
get_all_players_count: SUCCESS, 8
knockout_winner: SUCCESS, 19
knockout_winner: SUCCESS, 19
knockout_winner: SUCCESS, 10
knockout_winner: SUCCESS, 19
knockout_winner: INVALID_INPUT
knockout_winner: FAILURE
knockout_winner: INVALID_INPUT
knockout_winner: INVALID_INPUT
knockout_winner: FAILURE
knockout_winner: INVALID_INPUT
get_closest_player: SUCCESS, 161
get_closest_player: SUCCESS, 98
get_all_players: SUCCESS
143
36
65
174
17
167
83
182
172
add_team: FAILURE
update_player_stats: SUCCESS
unite_teams: FAILURE
add_player: FAILURE
get_team_points: SUCCESS, 8516
get_num_played_games: SUCCESS, 19441
remove_team: FAILURE
remove_team: FAILURE
get_num_played_games: SUCCESS, 3513
play_match: FAILURE
unite_teams: FAILURE
knockout_winner: SUCCESS, 19
knockout_winner: SUCCESS, 19
knockout_winner: SUCCESS, 10
knockout_winner: SUCCESS, 19
knockout_winner: INVALID_INPUT
update_player_stats: SUCCESS
play_match: FAILURE
get_top_scorer: SUCCESS, 93
knockout_winner: FAILURE
knockout_winner: SUCCESS, 10
knockout_winner: FAILURE
knockout_winner: SUCCESS, 13
knockout_winner: INVALID_INPUT
play_match: FAILURE
add_player: FAILURE
play_match: FAILURE
remove_team: FAILURE
update_player_stats: SUCCESS
add_team: FAILURE
get_all_players_count: SUCCESS, 5
get_num_played_games: SUCCESS, 1661
get_all_players: SUCCESS
152
91
186
14
158
127
2
136
get_num_played_games: SUCCESS, 8521
get_all_players: SUCCESS
46
195
67
173
137
169
170
157
100
1
156
181
104
29
112
76
unite_teams: FAILURE
play_match: FAILURE
get_team_points: SUCCESS, 19100
update_player_stats: SUCCESS
add_team: FAILURE
get_top_scorer: SUCCESS, 93
knockout_winner: SUCCESS, 13
knockout_winner: SUCCESS, 10
knockout_winner: SUCCESS, 10
knockout_winner: SUCCESS, 19
knockout_winner: INVALID_INPUT
get_num_played_games: SUCCESS, 7715
add_player: FAILURE
remove_player: SUCCESS
remove_player: SUCCESS
remove_player: SUCCESS
remove_player: SUCCESS
remove_player: SUCCESS
remove_player: SUCCESS
remove_player: SUCCESS
remove_player: SUCCESS
remove_player: SUCCESS
remove_player: SUCCESS
remove_player: SUCCESS
remove_player: SUCCESS
remove_player: SUCCESS
remove_player: SUCCESS
remove_player: SUCCESS
remove_player: SUCCESS
remove_player: SUCCESS
remove_player: SUCCESS
remove_player: SUCCESS
remove_player: SUCCESS
remove_player: SUCCESS
remove_player: SUCCESS
remove_player: SUCCESS
remove_player: SUCCESS
remove_player: SUCCESS
remove_player: SUCCESS
remove_player: SUCCESS
remove_player: SUCCESS
remove_player: SUCCESS
remove_player: SUCCESS
remove_player: SUCCESS
remove_player: SUCCESS
remove_player: SUCCESS
remove_player: SUCCESS
remove_player: SUCCESS
remove_player: SUCCESS
remove_player: SUCCESS
remove_player: SUCCESS
remove_player: SUCCESS
remove_player: SUCCESS
remove_player: SUCCESS
remove_player: SUCCESS
remove_player: SUCCESS
remove_player: SUCCESS
remove_player: SUCCESS
remove_player: SUCCESS
remove_player: SUCCESS
remove_player: SUCCESS
remove_player: SUCCESS
remove_player: SUCCESS
remove_player: SUCCESS
remove_player: SUCCESS
remove_player: SUCCESS
remove_player: SUCCESS
remove_player: SUCCESS
remove_player: SUCCESS
remove_player: SUCCESS
remove_player: SUCCESS
remove_player: SUCCESS
remove_player: SUCCESS
remove_player: SUCCESS
remove_player: SUCCESS
remove_player: SUCCESS
remove_player: SUCCESS
remove_player: SUCCESS
remove_player: SUCCESS
remove_player: SUCCESS
remove_player: SUCCESS
remove_player: SUCCESS
remove_player: SUCCESS
remove_player: SUCCESS
remove_player: SUCCESS
remove_player: SUCCESS
remove_player: SUCCESS
remove_player: SUCCESS
remove_player: SUCCESS
remove_player: SUCCESS
remove_player: SUCCESS
remove_player: SUCCESS
remove_player: SUCCESS
remove_player: SUCCESS
remove_player: SUCCESS
remove_player: SUCCESS
remove_player: SUCCESS
remove_player: SUCCESS
remove_player: SUCCESS
remove_player: SUCCESS
remove_player: SUCCESS
remove_player: SUCCESS
remove_player: SUCCESS
remove_player: SUCCESS
remove_player: SUCCESS
remove_player: SUCCESS
remove_player: SUCCESS
remove_player: SUCCESS
remove_player: SUCCESS
remove_player: SUCCESS
remove_player: SUCCESS
remove_player: SUCCESS
remove_player: SUCCESS
remove_player: SUCCESS
remove_player: SUCCESS
remove_player: SUCCESS
remove_player: SUCCESS
remove_player: SUCCESS
remove_player: SUCCESS
remove_player: SUCCESS
remove_player: SUCCESS
remove_player: SUCCESS
remove_player: SUCCESS
remove_player: SUCCESS
remove_player: SUCCESS
remove_player: SUCCESS
remove_player: SUCCESS
remove_player: SUCCESS
remove_player: SUCCESS
remove_player: SUCCESS
remove_player: SUCCESS
remove_player: SUCCESS
remove_player: SUCCESS
remove_player: SUCCESS
remove_player: SUCCESS
remove_player: SUCCESS
remove_player: SUCCESS
remove_player: SUCCESS
remove_player: SUCCESS
remove_player: SUCCESS
remove_player: SUCCESS
remove_player: SUCCESS
remove_player: SUCCESS
remove_player: SUCCESS
remove_player: SUCCESS
remove_team: SUCCESS
remove_team: SUCCESS
remove_team: SUCCESS
remove_team: SUCCESS
remove_team: SUCCESS
remove_team: SUCCESS
remove_team: SUCCESS
remove_team: SUCCESS
remove_team: SUCCESS
remove_team: SUCCESS
remove_team: SUCCESS
remove_team: SUCCESS
remove_team: SUCCESS
remove_team: SUCCESS
remove_team: SUCCESS
remove_team: SUCCESS
