add_team: SUCCESS
add_team: SUCCESS
add_team: SUCCESS
add_team: SUCCESS
add_team: SUCCESS
add_team: SUCCESS
add_team: SUCCESS
add_team: SUCCESS
add_team: SUCCESS
add_team: SUCCESS
add_team: SUCCESS
add_team: SUCCESS
add_team: SUCCESS
add_team: SUCCESS
add_team: SUCCESS
add_team: SUCCESS
add_team: SUCCESS
add_team: SUCCESS
add_team: SUCCESS
add_team: SUCCESS
add_player: SUCCESS
add_player: SUCCESS
add_player: SUCCESS
add_player: SUCCESS
add_player: SUCCESS
add_player: SUCCESS
add_player: SUCCESS
add_player: SUCCESS
add_player: SUCCESS
add_player: SUCCESS
add_player: SUCCESS
add_player: SUCCESS
add_player: SUCCESS
add_player: SUCCESS
add_player: SUCCESS
add_player: SUCCESS
add_player: SUCCESS
add_player: SUCCESS
add_player: SUCCESS
add_player: SUCCESS
add_player: SUCCESS
add_player: SUCCESS
add_player: SUCCESS
add_player: SUCCESS
add_player: SUCCESS
add_player: SUCCESS
add_player: SUCCESS
add_player: SUCCESS
add_player: SUCCESS
add_player: SUCCESS
add_player: SUCCESS
add_player: SUCCESS
add_player: SUCCESS
add_player: SUCCESS
add_player: SUCCESS
add_player: SUCCESS
add_player: SUCCESS
add_player: SUCCESS
add_player: SUCCESS
add_player: SUCCESS
add_player: SUCCESS
add_player: SUCCESS
add_player: SUCCESS
add_player: SUCCESS
add_player: SUCCESS
add_player: SUCCESS
add_player: SUCCESS
add_player: SUCCESS
add_player: SUCCESS
add_player: SUCCESS
add_player: SUCCESS
add_player: SUCCESS
add_player: SUCCESS
add_player: SUCCESS
add_player: SUCCESS
add_player: SUCCESS
add_player: SUCCESS
add_player: SUCCESS
add_player: SUCCESS
add_player: SUCCESS
add_player: SUCCESS
add_player: SUCCESS
add_player: SUCCESS
add_player: SUCCESS
add_player: SUCCESS
add_player: SUCCESS
add_player: SUCCESS
add_player: SUCCESS
add_player: SUCCESS
add_player: SUCCESS
add_player: SUCCESS
add_player: SUCCESS
add_player: SUCCESS
add_player: SUCCESS
add_player: SUCCESS
add_player: SUCCESS
add_player: SUCCESS
add_player: SUCCESS
add_player: SUCCESS
add_player: SUCCESS
add_player: SUCCESS
add_player: SUCCESS
add_player: SUCCESS
add_player: SUCCESS
add_player: SUCCESS
add_player: SUCCESS
add_player: SUCCESS
add_player: SUCCESS
add_player: SUCCESS
add_player: SUCCESS
add_player: SUCCESS
add_player: SUCCESS
add_player: SUCCESS
add_player: SUCCESS
add_player: SUCCESS
add_player: SUCCESS
add_player: SUCCESS
add_player: SUCCESS
add_player: SUCCESS
add_player: SUCCESS
add_player: SUCCESS
add_player: SUCCESS
add_player: SUCCESS
add_player: SUCCESS
add_player: SUCCESS
add_player: SUCCESS
add_player: SUCCESS
add_player: SUCCESS
add_player: SUCCESS
add_player: SUCCESS
add_player: SUCCESS
add_player: SUCCESS
add_player: SUCCESS
add_player: SUCCESS
add_player: SUCCESS
add_player: SUCCESS
add_player: SUCCESS
add_player: SUCCESS
add_player: SUCCESS
add_player: SUCCESS
add_player: SUCCESS
add_player: SUCCESS
add_player: SUCCESS
add_player: SUCCESS
add_player: SUCCESS
add_player: SUCCESS
add_player: SUCCESS
add_player: SUCCESS
add_player: SUCCESS
add_player: SUCCESS
add_player: SUCCESS
add_player: SUCCESS
add_player: SUCCESS
add_player: SUCCESS
add_player: SUCCESS
add_player: SUCCESS
add_player: SUCCESS
add_player: SUCCESS
add_player: SUCCESS
add_player: SUCCESS
add_player: SUCCESS
add_player: SUCCESS
add_player: SUCCESS
add_player: SUCCESS
add_player: SUCCESS
add_player: SUCCESS
add_player: SUCCESS
add_player: SUCCESS
add_player: SUCCESS
add_player: SUCCESS
add_player: SUCCESS
add_player: SUCCESS
add_player: SUCCESS
add_player: SUCCESS
add_player: SUCCESS
add_player: SUCCESS
add_player: SUCCESS
add_player: SUCCESS
add_player: SUCCESS
add_player: SUCCESS
add_player: SUCCESS
add_player: SUCCESS
add_player: SUCCESS
add_player: SUCCESS
add_player: SUCCESS
add_player: SUCCESS
add_player: SUCCESS
add_player: SUCCESS
add_player: SUCCESS
add_player: SUCCESS
add_player: SUCCESS
add_player: SUCCESS
add_player: SUCCESS
add_player: SUCCESS
add_player: SUCCESS
add_player: SUCCESS
add_player: SUCCESS
add_player: SUCCESS
add_player: SUCCESS
add_player: SUCCESS
add_player: SUCCESS
add_player: SUCCESS
add_player: SUCCESS
add_player: SUCCESS
add_player: SUCCESS
add_player: SUCCESS
add_player: SUCCESS
add_player: SUCCESS
add_player: SUCCESS
add_player: SUCCESS
add_player: SUCCESS
add_player: SUCCESS
add_player: SUCCESS
add_player: SUCCESS
add_player: SUCCESS
add_player: SUCCESS
add_player: SUCCESS
add_player: SUCCESS
add_player: SUCCESS
add_player: SUCCESS
add_player: FAILURE
remove_team: FAILURE
get_top_scorer: SUCCESS, 53
get_all_players_count: SUCCESS, 6
unite_teams: FAILURE
get_all_players: SUCCESS
59
138
77
12
93
52
25
7
163
get_all_players: SUCCESS
70
134
10
78
161
45
95
14
130
136
play_match: FAILURE
add_team: FAILURE
play_match: FAILURE
get_team_points: SUCCESS, 5775
unite_teams: FAILURE
get_all_players_count: SUCCESS, 10
get_num_played_games: SUCCESS, 8013
get_num_played_games: SUCCESS, 11027
get_all_players: SUCCESS
71
111
28
24
152
101
76
get_all_players_count: SUCCESS, 8
get_all_players: SUCCESS
105
146
141
167
61
196
88
17
151
157
186
get_all_players_count: SUCCESS, 8
add_team: FAILURE
get_closest_player: SUCCESS, 113
remove_player: SUCCESS
update_player_stats: SUCCESS
unite_teams: FAILURE
get_closest_player: SUCCESS, 79
update_player_stats: SUCCESS
remove_team: FAILURE
remove_player: SUCCESS
unite_teams: INVALID_INPUT
get_all_players: SUCCESS
112
188
81
122
135
148
182
get_team_points: SUCCESS, 6385
add_player: FAILURE
add_team: FAILURE
add_team: FAILURE
get_all_players_count: SUCCESS, 11
update_player_stats: SUCCESS
add_team: FAILURE
get_closest_player: SUCCESS, 185
get_all_players_count: SUCCESS, 10
remove_team: FAILURE
unite_teams: FAILURE
get_closest_player: SUCCESS, 41
get_num_played_games: SUCCESS, 8538
remove_player: SUCCESS
update_player_stats: SUCCESS
get_top_scorer: SUCCESS, 184
get_team_points: SUCCESS, 1665
remove_team: FAILURE
get_all_players: SUCCESS
105
146
141
167
196
88
17
151
157
186
get_top_scorer: SUCCESS, 56
remove_player: SUCCESS
update_player_stats: SUCCESS
get_team_points: SUCCESS, 9433
knockout_winner: FAILURE
knockout_winner: SUCCESS, 18
knockout_winner: SUCCESS, 10
knockout_winner: FAILURE
knockout_winner: INVALID_INPUT
remove_player: SUCCESS
get_team_points: SUCCESS, 9701
get_num_played_games: SUCCESS, 8538
get_all_players: SUCCESS
105
146
141
167
196
88
17
151
157
186
get_num_played_games: SUCCESS, 11507
get_team_points: SUCCESS, 2059
unite_teams: INVALID_INPUT
add_player: FAILURE
remove_team: FAILURE
get_all_players_count: SUCCESS, 7
get_num_played_games: SUCCESS, 10576
get_top_scorer: SUCCESS, 49
add_player: FAILURE
remove_player: SUCCESS
get_team_points: SUCCESS, 9701
knockout_winner: FAILURE
knockout_winner: SUCCESS, 18
knockout_winner: SUCCESS, 14
knockout_winner: FAILURE
knockout_winner: INVALID_INPUT
update_player_stats: SUCCESS
get_all_players: SUCCESS
145
26
33
92
126
54
132
89
50
91
unite_teams: FAILURE
add_team: FAILURE
get_top_scorer: SUCCESS, 184
get_top_scorer: SUCCESS, 30
add_team: FAILURE
remove_player: SUCCESS
knockout_winner: SUCCESS, 18
knockout_winner: SUCCESS, 18
knockout_winner: SUCCESS, 14
knockout_winner: FAILURE
knockout_winner: INVALID_INPUT
remove_team: FAILURE
remove_player: SUCCESS
play_match: FAILURE
knockout_winner: SUCCESS, 18
knockout_winner: SUCCESS, 18
knockout_winner: SUCCESS, 13
knockout_winner: FAILURE
knockout_winner: INVALID_INPUT
get_num_played_games: SUCCESS, 674
knockout_winner: SUCCESS, 14
knockout_winner: SUCCESS, 18
knockout_winner: SUCCESS, 10
knockout_winner: FAILURE
knockout_winner: INVALID_INPUT
add_player: FAILURE
get_closest_player: SUCCESS, 176
get_all_players: SUCCESS
68
11
39
149
106
115
171
180
195
107
143
get_all_players_count: SUCCESS, 10
remove_team: FAILURE
knockout_winner: SUCCESS, 18
knockout_winner: SUCCESS, 18
knockout_winner: SUCCESS, 13
knockout_winner: FAILURE
knockout_winner: INVALID_INPUT
get_team_points: SUCCESS, 1665
get_closest_player: SUCCESS, 80
unite_teams: FAILURE
get_top_scorer: SUCCESS, 136
get_num_played_games: SUCCESS, 4267
play_match: FAILURE
add_team: FAILURE
get_closest_player: SUCCESS, 49
remove_team: FAILURE
unite_teams: FAILURE
get_all_players: SUCCESS
42
133
139
123
97
168
29
128
41
184
get_all_players: SUCCESS
185
165
67
155
53
remove_team: FAILURE
get_team_points: SUCCESS, 12121
get_closest_player: SUCCESS, 49
add_team: FAILURE
get_all_players: SUCCESS
59
138
77
12
93
52
25
7
163
knockout_winner: SUCCESS, 18
knockout_winner: SUCCESS, 18
knockout_winner: SUCCESS, 13
knockout_winner: FAILURE
knockout_winner: INVALID_INPUT
remove_team: FAILURE
unite_teams: FAILURE
get_team_points: SUCCESS, 2059
remove_player: SUCCESS
add_team: FAILURE
get_all_players_count: SUCCESS, 10
get_top_scorer: SUCCESS, 53
play_match: FAILURE
knockout_winner: SUCCESS, 6
knockout_winner: INVALID_INPUT
knockout_winner: INVALID_INPUT
knockout_winner: SUCCESS, 10
knockout_winner: INVALID_INPUT
update_player_stats: SUCCESS
get_top_scorer: SUCCESS, 136
remove_player: SUCCESS
get_num_played_games: SUCCESS, 9079
get_closest_player: SUCCESS, 151
remove_team: FAILURE
knockout_winner: FAILURE
knockout_winner: SUCCESS, 18
knockout_winner: FAILURE
knockout_winner: FAILURE
knockout_winner: INVALID_INPUT
get_top_scorer: SUCCESS, 113
get_num_played_games: SUCCESS, 1583
remove_team: FAILURE
play_match: FAILURE
update_player_stats: SUCCESS
remove_player: SUCCESS
get_num_played_games: SUCCESS, 10597
add_team: FAILURE
get_closest_player: SUCCESS, 21
add_team: FAILURE
play_match: FAILURE
add_player: FAILURE
add_player: FAILURE
knockout_winner: SUCCESS, 13
knockout_winner: SUCCESS, 18
knockout_winner: FAILURE
knockout_winner: SUCCESS, 18
knockout_winner: INVALID_INPUT
remove_player: SUCCESS
get_top_scorer: SUCCESS, 184
update_player_stats: SUCCESS
get_top_scorer: SUCCESS, 76
unite_teams: FAILURE
get_all_players: SUCCESS
199
181
19
114
73
65
153
13
103
83
82
110
183
85
121
add_team: FAILURE
unite_teams: FAILURE
get_closest_player: SUCCESS, 180
remove_player: SUCCESS
add_player: FAILURE
add_team: FAILURE
knockout_winner: SUCCESS, 6
knockout_winner: SUCCESS, 6
knockout_winner: SUCCESS, 6
knockout_winner: SUCCESS, 18
knockout_winner: SUCCESS, 10
get_num_played_games: SUCCESS, 815
get_closest_player: SUCCESS, 151
unite_teams: FAILURE
play_match: FAILURE
knockout_winner: SUCCESS, 18
knockout_winner: SUCCESS, 6
knockout_winner: SUCCESS, 6
knockout_winner: SUCCESS, 18
knockout_winner: SUCCESS, 13
get_top_scorer: SUCCESS, 75
play_match: FAILURE
remove_team: FAILURE
get_num_played_games: SUCCESS, 3623
remove_team: FAILURE
get_all_players_count: SUCCESS, 6
get_team_points: SUCCESS, 1660
get_closest_player: SUCCESS, 184
add_team: FAILURE
get_all_players_count: SUCCESS, 12
remove_player: SUCCESS
play_match: FAILURE
get_closest_player: SUCCESS, 39
get_all_players_count: SUCCESS, 10
add_team: FAILURE
get_all_players_count: SUCCESS, 11
get_team_points: SUCCESS, 2059
get_closest_player: SUCCESS, 36
get_team_points: SUCCESS, 9701
remove_player: SUCCESS
get_top_scorer: SUCCESS, 113
add_player: FAILURE
get_top_scorer: SUCCESS, 184
add_player: FAILURE
get_all_players_count: SUCCESS, 10
get_closest_player: SUCCESS, 18
get_closest_player: SUCCESS, 8
play_match: FAILURE
get_closest_player: SUCCESS, 50
update_player_stats: SUCCESS
play_match: FAILURE
get_team_points: SUCCESS, 3287
play_match: SUCCESS
add_player: FAILURE
knockout_winner: FAILURE
knockout_winner: SUCCESS, 18
knockout_winner: FAILURE
knockout_winner: FAILURE
knockout_winner: INVALID_INPUT
get_top_scorer: SUCCESS, 91
get_team_points: SUCCESS, 12121
get_all_players_count: SUCCESS, 15
unite_teams: FAILURE
get_all_players: SUCCESS
145
26
33
92
126
54
132
89
50
91
update_player_stats: SUCCESS
get_all_players: SUCCESS
57
124
191
22
131
9
69
200
43
87
84
add_player: FAILURE
get_team_points: SUCCESS, 5669
update_player_stats: SUCCESS
unite_teams: FAILURE
get_all_players_count: SUCCESS, 4
knockout_winner: FAILURE
knockout_winner: SUCCESS, 18
knockout_winner: SUCCESS, 10
knockout_winner: FAILURE
knockout_winner: INVALID_INPUT
get_top_scorer: SUCCESS, 91
add_team: FAILURE
get_top_scorer: SUCCESS, 160
remove_player: SUCCESS
remove_team: FAILURE
add_team: FAILURE
add_team: FAILURE
remove_team: FAILURE
play_match: FAILURE
add_team: FAILURE
update_player_stats: SUCCESS
remove_team: FAILURE
play_match: FAILURE
get_top_scorer: SUCCESS, 129
remove_player: SUCCESS
get_all_players: SUCCESS
5
187
37
198
38
74
164
6
154
get_num_played_games: SUCCESS, 6736
knockout_winner: SUCCESS, 18
knockout_winner: SUCCESS, 6
knockout_winner: SUCCESS, 6
knockout_winner: SUCCESS, 18
knockout_winner: INVALID_INPUT
unite_teams: FAILURE
remove_team: FAILURE
get_team_points: SUCCESS, 1756
knockout_winner: SUCCESS, 18
knockout_winner: SUCCESS, 6
knockout_winner: SUCCESS, 6
knockout_winner: SUCCESS, 18
knockout_winner: SUCCESS, 13
get_all_players: SUCCESS
42
133
139
97
168
29
128
123
41
184
play_match: FAILURE
get_team_points: SUCCESS, 12121
remove_team: FAILURE
remove_player: SUCCESS
remove_player: SUCCESS
get_team_points: SUCCESS, 1660
add_player: FAILURE
update_player_stats: SUCCESS
remove_player: SUCCESS
remove_team: FAILURE
update_player_stats: SUCCESS
add_team: FAILURE
unite_teams: FAILURE
get_all_players_count: SUCCESS, 7
remove_player: SUCCESS
add_team: FAILURE
remove_player: SUCCESS
play_match: FAILURE
add_team: FAILURE
get_num_played_games: SUCCESS, 3348
knockout_winner: FAILURE
knockout_winner: SUCCESS, 6
knockout_winner: SUCCESS, 6
knockout_winner: FAILURE
knockout_winner: INVALID_INPUT
add_team: FAILURE
remove_player: SUCCESS
get_all_players: SUCCESS
70
134
10
78
161
45
95
14
130
136
play_match: FAILURE
get_all_players_count: SUCCESS, 11
get_team_points: SUCCESS, 1665
get_team_points: SUCCESS, 5669
remove_team: FAILURE
get_top_scorer: SUCCESS, 56
get_top_scorer: SUCCESS, 121
update_player_stats: SUCCESS
remove_team: FAILURE
get_closest_player: SUCCESS, 8
add_team: FAILURE
get_num_played_games: SUCCESS, 3313
get_all_players: SUCCESS
1
104
178
62
36
27
142
16
55
108
158
177
48
35
56
play_match: FAILURE
play_match: FAILURE
get_closest_player: SUCCESS, 48
get_all_players_count: SUCCESS, 10
knockout_winner: SUCCESS, 3
knockout_winner: INVALID_INPUT
knockout_winner: INVALID_INPUT
knockout_winner: SUCCESS, 6
knockout_winner: INVALID_INPUT
get_all_players: SUCCESS
90
20
175
60
remove_player: SUCCESS
update_player_stats: SUCCESS
knockout_winner: SUCCESS, 10
knockout_winner: SUCCESS, 6
knockout_winner: SUCCESS, 6
knockout_winner: SUCCESS, 18
knockout_winner: INVALID_INPUT
get_top_scorer: SUCCESS, 159
remove_player: SUCCESS
get_closest_player: SUCCESS, 107
get_top_scorer: SUCCESS, 121
get_closest_player: SUCCESS, 115
get_closest_player: SUCCESS, 46
update_player_stats: SUCCESS
get_top_scorer: SUCCESS, 144
play_match: FAILURE
get_closest_player: SUCCESS, 11
get_team_points: SUCCESS, 9701
add_team: FAILURE
update_player_stats: SUCCESS
add_player: FAILURE
get_all_players: SUCCESS
42
133
139
168
29
128
123
41
184
97
add_team: FAILURE
get_all_players: SUCCESS
179
190
72
40
147
113
129
get_all_players: SUCCESS
42
133
139
168
29
128
123
41
184
97
get_all_players: SUCCESS
112
188
81
122
135
148
182
unite_teams: FAILURE
get_team_points: SUCCESS, 1665
add_team: FAILURE
add_team: FAILURE
get_all_players_count: SUCCESS, 3
add_team: FAILURE
get_closest_player: SUCCESS, 17
add_team: FAILURE
add_player: FAILURE
update_player_stats: SUCCESS
remove_team: FAILURE
get_num_played_games: SUCCESS, 10400
get_num_played_games: SUCCESS, 4038
play_match: FAILURE
add_team: FAILURE
knockout_winner: SUCCESS, 18
knockout_winner: SUCCESS, 6
knockout_winner: SUCCESS, 6
knockout_winner: SUCCESS, 18
knockout_winner: FAILURE
get_team_points: SUCCESS, 1756
remove_player: SUCCESS
play_match: FAILURE
update_player_stats: SUCCESS
get_closest_player: SUCCESS, 136
get_all_players_count: SUCCESS, 10
get_team_points: SUCCESS, 6385
remove_team: FAILURE
play_match: FAILURE
play_match: FAILURE
get_closest_player: SUCCESS, 131
remove_player: SUCCESS
add_team: FAILURE
get_all_players_count: SUCCESS, 10
add_team: FAILURE
get_closest_player: SUCCESS, 167
knockout_winner: FAILURE
knockout_winner: SUCCESS, 18
knockout_winner: FAILURE
knockout_winner: FAILURE
knockout_winner: INVALID_INPUT
update_player_stats: SUCCESS
add_player: FAILURE
remove_player: SUCCESS
play_match: SUCCESS
unite_teams: FAILURE
update_player_stats: SUCCESS
get_closest_player: SUCCESS, 58
get_num_played_games: SUCCESS, 2525
add_player: FAILURE
remove_team: FAILURE
add_team: FAILURE
get_team_points: SUCCESS, 3287
knockout_winner: SUCCESS, 6
knockout_winner: INVALID_INPUT
knockout_winner: INVALID_INPUT
knockout_winner: SUCCESS, 18
knockout_winner: FAILURE
remove_player: SUCCESS
get_all_players: SUCCESS
145
26
92
126
54
132
89
91
get_team_points: SUCCESS, 12121
get_closest_player: SUCCESS, 122
add_player: FAILURE
get_closest_player: SUCCESS, 46
add_team: FAILURE
get_closest_player: SUCCESS, 10
knockout_winner: FAILURE
knockout_winner: SUCCESS, 6
knockout_winner: SUCCESS, 6
knockout_winner: SUCCESS, 18
knockout_winner: INVALID_INPUT
unite_teams: FAILURE
remove_team: FAILURE
get_top_scorer: SUCCESS, 53
knockout_winner: SUCCESS, 6
knockout_winner: SUCCESS, 6
knockout_winner: FAILURE
knockout_winner: SUCCESS, 10
knockout_winner: INVALID_INPUT
remove_team: FAILURE
get_all_players_count: SUCCESS, 6
get_num_played_games: SUCCESS, 8525
update_player_stats: SUCCESS
get_all_players: SUCCESS
8
66
159
get_closest_player: SUCCESS, 81
get_top_scorer: SUCCESS, 160
play_match: SUCCESS
add_player: FAILURE
update_player_stats: SUCCESS
update_player_stats: SUCCESS
get_all_players: SUCCESS
11
39
149
106
115
171
68
180
107
play_match: FAILURE
update_player_stats: SUCCESS
get_all_players: SUCCESS
71
111
28
24
101
76
get_all_players: SUCCESS
70
134
10
78
161
45
95
14
130
136
remove_player: SUCCESS
add_player: FAILURE
get_all_players_count: SUCCESS, 8
remove_team: FAILURE
get_all_players: SUCCESS
70
134
10
78
161
45
95
14
130
136
remove_player: SUCCESS
get_top_scorer: SUCCESS, 91
remove_team: FAILURE
knockout_winner: FAILURE
knockout_winner: SUCCESS, 3
knockout_winner: SUCCESS, 3
knockout_winner: FAILURE
knockout_winner: INVALID_INPUT
knockout_winner: SUCCESS, 3
knockout_winner: INVALID_INPUT
knockout_winner: INVALID_INPUT
knockout_winner: SUCCESS, 18
knockout_winner: FAILURE
get_closest_player: SUCCESS, 184
knockout_winner: FAILURE
knockout_winner: SUCCESS, 3
knockout_winner: SUCCESS, 3
knockout_winner: FAILURE
knockout_winner: INVALID_INPUT
get_closest_player: SUCCESS, 36
play_match: FAILURE
get_team_points: SUCCESS, 1665
add_team: FAILURE
add_player: FAILURE
get_team_points: SUCCESS, 10528
get_num_played_games: SUCCESS, 9593
get_all_players: SUCCESS
105
167
196
141
17
151
157
88
186
get_closest_player: SUCCESS, 25
add_team: FAILURE
get_closest_player: SUCCESS, 192
get_closest_player: SUCCESS, 2
get_closest_player: SUCCESS, 66
get_top_scorer: SUCCESS, 107
get_all_players: SUCCESS
112
188
81
122
135
148
182
remove_player: SUCCESS
knockout_winner: SUCCESS, 18
knockout_winner: SUCCESS, 18
knockout_winner: FAILURE
knockout_winner: FAILURE
knockout_winner: INVALID_INPUT
knockout_winner: SUCCESS, 18
knockout_winner: SUCCESS, 18
knockout_winner: FAILURE
knockout_winner: FAILURE
knockout_winner: INVALID_INPUT
get_all_players: SUCCESS
145
26
92
126
54
132
89
91
knockout_winner: SUCCESS, 18
knockout_winner: SUCCESS, 18
knockout_winner: FAILURE
knockout_winner: FAILURE
knockout_winner: INVALID_INPUT
remove_player: SUCCESS
get_top_scorer: SUCCESS, 159
update_player_stats: SUCCESS
remove_player: SUCCESS
get_all_players_count: SUCCESS, 9
play_match: FAILURE
add_team: FAILURE
update_player_stats: SUCCESS
remove_team: FAILURE
get_team_points: SUCCESS, 6973
unite_teams: FAILURE
get_top_scorer: SUCCESS, 60
unite_teams: FAILURE
get_all_players: SUCCESS
165
67
53
add_team: FAILURE
get_closest_player: SUCCESS, 67
get_top_scorer: SUCCESS, 7
knockout_winner: SUCCESS, 18
knockout_winner: SUCCESS, 18
knockout_winner: FAILURE
knockout_winner: FAILURE
knockout_winner: INVALID_INPUT
add_team: FAILURE
update_player_stats: SUCCESS
update_player_stats: SUCCESS
add_team: FAILURE
remove_team: FAILURE
add_player: FAILURE
remove_team: FAILURE
get_closest_player: SUCCESS, 36
get_top_scorer: SUCCESS, 60
play_match: FAILURE
get_num_played_games: SUCCESS, 8719
get_closest_player: SUCCESS, 80
get_top_scorer: SUCCESS, 176
get_all_players: SUCCESS
70
134
10
78
161
45
95
14
130
136
add_team: FAILURE
unite_teams: FAILURE
remove_player: SUCCESS
add_team: FAILURE
knockout_winner: FAILURE
knockout_winner: SUCCESS, 18
knockout_winner: FAILURE
knockout_winner: FAILURE
knockout_winner: INVALID_INPUT
update_player_stats: SUCCESS
add_team: FAILURE
knockout_winner: SUCCESS, 18
knockout_winner: SUCCESS, 18
knockout_winner: SUCCESS, 10
knockout_winner: FAILURE
knockout_winner: INVALID_INPUT
get_closest_player: SUCCESS, 55
get_all_players_count: SUCCESS, 6
add_team: FAILURE
add_team: FAILURE
get_top_scorer: SUCCESS, 97
get_all_players: SUCCESS
179
190
72
40
147
113
129
add_team: FAILURE
knockout_winner: SUCCESS, 10
knockout_winner: SUCCESS, 18
knockout_winner: SUCCESS, 10
knockout_winner: SUCCESS, 18
knockout_winner: INVALID_INPUT
remove_player: SUCCESS
remove_team: FAILURE
remove_team: FAILURE
knockout_winner: SUCCESS, 10
knockout_winner: SUCCESS, 10
knockout_winner: FAILURE
knockout_winner: FAILURE
knockout_winner: INVALID_INPUT
remove_team: FAILURE
unite_teams: FAILURE
get_all_players_count: SUCCESS, 10
get_team_points: SUCCESS, 7093
play_match: FAILURE
knockout_winner: FAILURE
knockout_winner: SUCCESS, 18
knockout_winner: SUCCESS, 10
knockout_winner: SUCCESS, 18
knockout_winner: INVALID_INPUT
play_match: FAILURE
get_top_scorer: SUCCESS, 159
get_team_points: SUCCESS, 1756
get_team_points: SUCCESS, 12121
unite_teams: FAILURE
play_match: FAILURE
play_match: FAILURE
update_player_stats: SUCCESS
remove_player: SUCCESS
remove_player: SUCCESS
get_team_points: SUCCESS, 11200
remove_player: SUCCESS
knockout_winner: FAILURE
knockout_winner: SUCCESS, 3
knockout_winner: SUCCESS, 3
knockout_winner: FAILURE
knockout_winner: INVALID_INPUT
get_top_scorer: SUCCESS, 76
update_player_stats: SUCCESS
get_top_scorer: SUCCESS, 115
add_player: FAILURE
get_all_players: SUCCESS
70
134
10
78
161
45
95
14
130
136
get_num_played_games: SUCCESS, 10077
remove_player: SUCCESS
get_top_scorer: SUCCESS, 154
get_team_points: SUCCESS, 11375
remove_player: SUCCESS
get_num_played_games: SUCCESS, 4930
get_closest_player: SUCCESS, 171
get_team_points: SUCCESS, 1665
get_closest_player: SUCCESS, 43
remove_team: FAILURE
get_closest_player: SUCCESS, 184
add_team: FAILURE
get_all_players_count: SUCCESS, 9
play_match: FAILURE
add_team: FAILURE
play_match: FAILURE
get_num_played_games: SUCCESS, 349
get_all_players_count: SUCCESS, 3
update_player_stats: SUCCESS
get_team_points: SUCCESS, 9701
knockout_winner: FAILURE
knockout_winner: INVALID_INPUT
knockout_winner: INVALID_INPUT
knockout_winner: SUCCESS, 10
knockout_winner: INVALID_INPUT
get_closest_player: SUCCESS, 52
get_all_players: SUCCESS
145
26
92
126
54
132
89
91
unite_teams: FAILURE
update_player_stats: SUCCESS
add_team: FAILURE
play_match: FAILURE
get_all_players: SUCCESS
174
63
102
51
79
4
193
140
127
119
150
160
get_all_players: SUCCESS
165
67
53
remove_player: SUCCESS
get_team_points: SUCCESS, 1756
unite_teams: INVALID_INPUT
knockout_winner: FAILURE
knockout_winner: SUCCESS, 18
knockout_winner: FAILURE
knockout_winner: FAILURE
knockout_winner: INVALID_INPUT
remove_player: SUCCESS
play_match: FAILURE
update_player_stats: SUCCESS
knockout_winner: SUCCESS, 18
knockout_winner: SUCCESS, 3
knockout_winner: SUCCESS, 3
knockout_winner: SUCCESS, 18
knockout_winner: FAILURE
add_player: FAILURE
get_all_players: SUCCESS
59
138
12
52
25
7
remove_player: SUCCESS
remove_player: SUCCESS
add_player: FAILURE
get_top_scorer: SUCCESS, 136
add_player: FAILURE
add_player: FAILURE
get_team_points: SUCCESS, 9701
get_all_players_count: SUCCESS, 7
get_num_played_games: SUCCESS, 9741
get_all_players: SUCCESS
1
104
178
62
27
142
16
177
56
55
48
play_match: FAILURE
knockout_winner: FAILURE
knockout_winner: SUCCESS, 18
knockout_winner: FAILURE
knockout_winner: FAILURE
knockout_winner: INVALID_INPUT
get_top_scorer: SUCCESS, 43
update_player_stats: SUCCESS
add_player: FAILURE
unite_teams: FAILURE
unite_teams: FAILURE
remove_player: SUCCESS
remove_team: FAILURE
get_closest_player: SUCCESS, 13
get_team_points: SUCCESS, 3287
get_top_scorer: SUCCESS, 176
knockout_winner: SUCCESS, 18
knockout_winner: SUCCESS, 3
knockout_winner: SUCCESS, 3
knockout_winner: SUCCESS, 18
knockout_winner: FAILURE
get_top_scorer: SUCCESS, 48
get_all_players: SUCCESS
1
104
178
62
27
142
16
177
56
55
48
get_all_players: SUCCESS
112
188
81
122
135
182
update_player_stats: SUCCESS
remove_team: FAILURE
remove_player: SUCCESS
get_all_players_count: SUCCESS, 11
remove_player: SUCCESS
add_player: FAILURE
get_team_points: SUCCESS, 5669
add_team: FAILURE
get_num_played_games: SUCCESS, 2057
get_num_played_games: SUCCESS, 4700
unite_teams: SUCCESS
unite_teams: SUCCESS
add_player: FAILURE
get_closest_player: SUCCESS, 180
get_num_played_games: SUCCESS, 1660
remove_player: SUCCESS
get_all_players: SUCCESS
105
167
196
141
17
151
88
157
186
get_team_points: SUCCESS, 12121
get_num_played_games: SUCCESS, 9713
knockout_winner: INVALID_INPUT
knockout_winner: INVALID_INPUT
knockout_winner: INVALID_INPUT
knockout_winner: INVALID_INPUT
knockout_winner: INVALID_INPUT
get_num_played_games: SUCCESS, 5482
knockout_winner: FAILURE
knockout_winner: SUCCESS, 18
knockout_winner: FAILURE
knockout_winner: SUCCESS, 18
knockout_winner: INVALID_INPUT
knockout_winner: FAILURE
knockout_winner: SUCCESS, 18
knockout_winner: SUCCESS, 10
knockout_winner: SUCCESS, 18
knockout_winner: INVALID_INPUT
update_player_stats: SUCCESS
get_num_played_games: SUCCESS, 607
get_team_points: SUCCESS, 1665
remove_player: SUCCESS
get_closest_player: SUCCESS, 150
unite_teams: FAILURE
get_all_players: SUCCESS
59
138
12
52
25
7
get_all_players_count: SUCCESS, 4
get_team_points: SUCCESS, 1756
get_num_played_games: SUCCESS, 22214
get_team_points: SUCCESS, 1756
get_team_points: SUCCESS, 1660
get_closest_player: SUCCESS, 192
get_all_players: SUCCESS
133
42
168
29
128
123
41
184
97
play_match: FAILURE
remove_team: FAILURE
remove_team: FAILURE
remove_player: SUCCESS
get_team_points: SUCCESS, 6973
update_player_stats: SUCCESS
get_team_points: SUCCESS, 11822
get_top_scorer: SUCCESS, 160
remove_team: FAILURE
get_closest_player: SUCCESS, 189
remove_team: FAILURE
get_top_scorer: SUCCESS, 7
update_player_stats: SUCCESS
get_all_players: SUCCESS
133
42
168
29
128
123
41
184
97
get_team_points: SUCCESS, 1756
add_player: FAILURE
unite_teams: FAILURE
get_top_scorer: SUCCESS, 97
get_top_scorer: SUCCESS, 129
unite_teams: FAILURE
remove_team: FAILURE
unite_teams: FAILURE
get_num_played_games: SUCCESS, 2269
get_closest_player: SUCCESS, 136
add_player: FAILURE
get_top_scorer: SUCCESS, 154
remove_player: SUCCESS
play_match: FAILURE
knockout_winner: INVALID_INPUT
knockout_winner: INVALID_INPUT
knockout_winner: INVALID_INPUT
knockout_winner: INVALID_INPUT
knockout_winner: INVALID_INPUT
add_team: FAILURE
remove_player: SUCCESS
knockout_winner: INVALID_INPUT
knockout_winner: SUCCESS, 10
knockout_winner: INVALID_INPUT
knockout_winner: INVALID_INPUT
knockout_winner: INVALID_INPUT
get_top_scorer: SUCCESS, 7
get_all_players_count: SUCCESS, 8
knockout_winner: FAILURE
knockout_winner: FAILURE
knockout_winner: FAILURE
knockout_winner: FAILURE
knockout_winner: INVALID_INPUT
play_match: FAILURE
get_team_points: SUCCESS, 5669
get_closest_player: SUCCESS, 119
get_num_played_games: SUCCESS, 2057
get_closest_player: SUCCESS, 165
get_team_points: SUCCESS, 1660
play_match: FAILURE
add_player: FAILURE
remove_team: FAILURE
add_team: FAILURE
get_closest_player: SUCCESS, 90
unite_teams: FAILURE
add_player: FAILURE
update_player_stats: SUCCESS
remove_team: FAILURE
get_all_players: SUCCESS
133
42
168
29
128
123
41
184
97
remove_team: FAILURE
add_player: FAILURE
get_team_points: SUCCESS, 19020
get_all_players_count: SUCCESS, 4
knockout_winner: SUCCESS, 10
knockout_winner: SUCCESS, 3
knockout_winner: SUCCESS, 3
knockout_winner: FAILURE
knockout_winner: INVALID_INPUT
get_all_players: SUCCESS
63
102
51
79
4
193
140
119
150
160
update_player_stats: SUCCESS
knockout_winner: SUCCESS, 3
knockout_winner: INVALID_INPUT
knockout_winner: INVALID_INPUT
knockout_winner: FAILURE
knockout_winner: INVALID_INPUT
update_player_stats: SUCCESS
add_team: FAILURE
play_match: FAILURE
get_team_points: SUCCESS, 7093
get_num_played_games: SUCCESS, 4038
add_team: FAILURE
get_all_players_count: SUCCESS, 9
remove_team: FAILURE
remove_player: SUCCESS
unite_teams: FAILURE
get_top_scorer: SUCCESS, 171
get_all_players: SUCCESS
131
22
124
69
200
87
84
191
43
remove_team: FAILURE
get_all_players: SUCCESS
90
20
175
60
get_all_players_count: SUCCESS, 10
play_match: FAILURE
remove_player: SUCCESS
get_closest_player: SUCCESS, 104
get_all_players_count: SUCCESS, 19
get_closest_player: SUCCESS, 177
knockout_winner: SUCCESS, 10
knockout_winner: SUCCESS, 3
knockout_winner: SUCCESS, 3
knockout_winner: FAILURE
knockout_winner: INVALID_INPUT
get_closest_player: SUCCESS, 72
add_team: FAILURE
update_player_stats: SUCCESS
remove_player: SUCCESS
add_player: FAILURE
get_all_players: SUCCESS
199
181
114
65
13
103
83
73
85
82
121
get_all_players: SUCCESS
105
167
196
17
151
88
141
157
186
remove_team: FAILURE
play_match: FAILURE
get_closest_player: SUCCESS, 46
get_team_points: SUCCESS, 9701
play_match: FAILURE
remove_player: SUCCESS
remove_player: SUCCESS
get_closest_player: SUCCESS, 160
remove_player: SUCCESS
add_player: FAILURE
get_all_players: SUCCESS
145
8
3
2
26
92
126
54
125
66
132
89
58
189
91
144
159
49
knockout_winner: SUCCESS, 5
knockout_winner: INVALID_INPUT
knockout_winner: INVALID_INPUT
knockout_winner: SUCCESS, 10
knockout_winner: SUCCESS, 10
get_closest_player: SUCCESS, 121
get_all_players: SUCCESS
59
138
12
52
25
7
add_player: FAILURE
remove_player: SUCCESS
get_top_scorer: SUCCESS, 176
get_top_scorer: SUCCESS, 135
update_player_stats: SUCCESS
add_team: FAILURE
get_all_players_count: SUCCESS, 4
get_team_points: SUCCESS, 3287
add_player: FAILURE
add_team: FAILURE
get_all_players: SUCCESS
11
39
149
106
68
180
107
115
171
play_match: FAILURE
play_match: FAILURE
knockout_winner: FAILURE
knockout_winner: FAILURE
knockout_winner: FAILURE
knockout_winner: FAILURE
knockout_winner: INVALID_INPUT
get_top_scorer: SUCCESS, 176
get_all_players_count: SUCCESS, 8
unite_teams: FAILURE
knockout_winner: FAILURE
knockout_winner: FAILURE
knockout_winner: FAILURE
knockout_winner: FAILURE
knockout_winner: INVALID_INPUT
get_closest_player: SUCCESS, 120
remove_team: FAILURE
update_player_stats: SUCCESS
unite_teams: FAILURE
remove_player: SUCCESS
add_player: FAILURE
update_player_stats: SUCCESS
unite_teams: FAILURE
remove_team: FAILURE
update_player_stats: SUCCESS
update_player_stats: SUCCESS
get_closest_player: SUCCESS, 169
get_closest_player: SUCCESS, 135
get_closest_player: SUCCESS, 140
play_match: FAILURE
get_team_points: SUCCESS, 10210
play_match: FAILURE
unite_teams: FAILURE
get_closest_player: SUCCESS, 180
knockout_winner: SUCCESS, 10
knockout_winner: SUCCESS, 5
knockout_winner: SUCCESS, 5
knockout_winner: FAILURE
knockout_winner: INVALID_INPUT
get_top_scorer: SUCCESS, 97
play_match: FAILURE
remove_player: SUCCESS
remove_team: FAILURE
add_team: FAILURE
remove_team: FAILURE
get_closest_player: SUCCESS, 177
get_team_points: SUCCESS, 1756
add_team: FAILURE
unite_teams: FAILURE
add_player: FAILURE
remove_player: SUCCESS
remove_team: FAILURE
get_all_players_count: SUCCESS, 7
get_all_players_count: SUCCESS, 11
get_num_played_games: SUCCESS, 11505
get_top_scorer: SUCCESS, 48
remove_team: FAILURE
get_all_players_count: SUCCESS, 8
knockout_winner: FAILURE
knockout_winner: SUCCESS, 10
knockout_winner: FAILURE
knockout_winner: FAILURE
knockout_winner: INVALID_INPUT
remove_team: FAILURE
remove_player: SUCCESS
update_player_stats: SUCCESS
get_top_scorer: SUCCESS, 43
remove_team: FAILURE
add_team: FAILURE
get_all_players_count: SUCCESS, 10
remove_team: FAILURE
get_top_scorer: SUCCESS, 160
get_num_played_games: SUCCESS, 5372
get_all_players_count: SUCCESS, 6
get_closest_player: SUCCESS, 3
play_match: FAILURE
add_team: FAILURE
unite_teams: INVALID_INPUT
get_team_points: SUCCESS, 3287
get_all_players_count: SUCCESS, 4
remove_player: SUCCESS
get_num_played_games: SUCCESS, 5048
remove_player: SUCCESS
get_all_players_count: SUCCESS, 11
get_top_scorer: SUCCESS, 60
add_player: FAILURE
remove_player: SUCCESS
remove_player: SUCCESS
knockout_winner: FAILURE
knockout_winner: SUCCESS, 10
knockout_winner: SUCCESS, 10
knockout_winner: FAILURE
knockout_winner: INVALID_INPUT
remove_player: SUCCESS
knockout_winner: SUCCESS, 5
knockout_winner: INVALID_INPUT
knockout_winner: INVALID_INPUT
knockout_winner: FAILURE
knockout_winner: FAILURE
get_num_played_games: SUCCESS, 9687
add_player: FAILURE
knockout_winner: FAILURE
knockout_winner: SUCCESS, 5
knockout_winner: SUCCESS, 5
knockout_winner: FAILURE
knockout_winner: FAILURE
get_team_points: SUCCESS, 6973
unite_teams: FAILURE
remove_team: FAILURE
get_closest_player: SUCCESS, 161
get_all_players_count: SUCCESS, 8
knockout_winner: INVALID_INPUT
knockout_winner: INVALID_INPUT
knockout_winner: INVALID_INPUT
knockout_winner: INVALID_INPUT
knockout_winner: INVALID_INPUT
get_all_players_count: SUCCESS, 4
knockout_winner: FAILURE
knockout_winner: SUCCESS, 5
knockout_winner: SUCCESS, 5
knockout_winner: FAILURE
knockout_winner: INVALID_INPUT
get_all_players: SUCCESS
114
65
103
83
73
85
82
121
remove_team: FAILURE
add_player: FAILURE
get_num_played_games: SUCCESS, 2226
get_all_players: SUCCESS
11
149
106
68
180
107
115
171
update_player_stats: SUCCESS
remove_player: SUCCESS
unite_teams: SUCCESS
knockout_winner: SUCCESS, 5
knockout_winner: INVALID_INPUT
knockout_winner: INVALID_INPUT
knockout_winner: FAILURE
knockout_winner: INVALID_INPUT
add_player: FAILURE
get_top_scorer: SUCCESS, 129
get_top_scorer: SUCCESS, 154
unite_teams: FAILURE
update_player_stats: SUCCESS
get_top_scorer: SUCCESS, 60
knockout_winner: FAILURE
knockout_winner: INVALID_INPUT
knockout_winner: INVALID_INPUT
knockout_winner: FAILURE
knockout_winner: INVALID_INPUT
update_player_stats: SUCCESS
unite_teams: FAILURE
knockout_winner: INVALID_INPUT
knockout_winner: INVALID_INPUT
knockout_winner: INVALID_INPUT
knockout_winner: INVALID_INPUT
knockout_winner: INVALID_INPUT
get_num_played_games: SUCCESS, 8133
get_all_players: SUCCESS
11
149
81
106
68
135
180
107
112
171
115
get_team_points: SUCCESS, 11822
knockout_winner: SUCCESS, 5
knockout_winner: INVALID_INPUT
knockout_winner: INVALID_INPUT
knockout_winner: SUCCESS, 11
knockout_winner: INVALID_INPUT
update_player_stats: SUCCESS
get_closest_player: SUCCESS, 74
remove_team: FAILURE
knockout_winner: FAILURE
knockout_winner: FAILURE
knockout_winner: FAILURE
knockout_winner: FAILURE
knockout_winner: INVALID_INPUT
get_closest_player: SUCCESS, 17
play_match: INVALID_INPUT
get_top_scorer: SUCCESS, 45
unite_teams: FAILURE
remove_player: SUCCESS
unite_teams: FAILURE
unite_teams: FAILURE
remove_team: FAILURE
play_match: FAILURE
get_all_players: SUCCESS
179
190
72
40
147
113
129
get_closest_player: SUCCESS, 25
update_player_stats: SUCCESS
play_match: FAILURE
remove_player: SUCCESS
add_team: FAILURE
get_all_players_count: SUCCESS, 7
get_num_played_games: SUCCESS, 4876
update_player_stats: SUCCESS
knockout_winner: FAILURE
knockout_winner: SUCCESS, 11
knockout_winner: SUCCESS, 11
knockout_winner: FAILURE
knockout_winner: INVALID_INPUT
get_all_players_count: SUCCESS, 9
add_player: FAILURE
get_closest_player: SUCCESS, 64
get_team_points: SUCCESS, 9701
get_top_scorer: SUCCESS, 129
unite_teams: FAILURE
get_closest_player: SUCCESS, 78
get_num_played_games: SUCCESS, 11941
remove_team: FAILURE
knockout_winner: FAILURE
knockout_winner: FAILURE
knockout_winner: FAILURE
knockout_winner: FAILURE
knockout_winner: INVALID_INPUT
add_player: FAILURE
unite_teams: FAILURE
add_team: FAILURE
remove_player: SUCCESS
get_top_scorer: SUCCESS, 186
add_player: FAILURE
get_all_players_count: SUCCESS, 8
get_top_scorer: SUCCESS, 97
get_all_players_count: SUCCESS, 7
get_num_played_games: SUCCESS, 11159
get_all_players_count: SUCCESS, 9
knockout_winner: INVALID_INPUT
knockout_winner: INVALID_INPUT
knockout_winner: INVALID_INPUT
knockout_winner: INVALID_INPUT
knockout_winner: INVALID_INPUT
get_closest_player: SUCCESS, 141
get_closest_player: SUCCESS, 31
get_team_points: SUCCESS, 5775
get_top_scorer: SUCCESS, 129
get_team_points: SUCCESS, 9433
update_player_stats: SUCCESS
get_top_scorer: SUCCESS, 45
knockout_winner: FAILURE
knockout_winner: FAILURE
knockout_winner: FAILURE
knockout_winner: FAILURE
knockout_winner: INVALID_INPUT
get_top_scorer: SUCCESS, 97
get_all_players_count: SUCCESS, 6
remove_team: FAILURE
remove_team: FAILURE
play_match: FAILURE
get_all_players: SUCCESS
1
104
178
62
27
16
56
55
177
48
add_team: FAILURE
get_team_points: SUCCESS, 10528
get_team_points: SUCCESS, 11200
update_player_stats: SUCCESS
update_player_stats: SUCCESS
remove_team: FAILURE
get_all_players: SUCCESS
90
60
175
get_top_scorer: SUCCESS, 186
get_team_points: SUCCESS, 6973
add_player: FAILURE
remove_team: FAILURE
knockout_winner: FAILURE
knockout_winner: FAILURE
knockout_winner: FAILURE
knockout_winner: FAILURE
knockout_winner: INVALID_INPUT
get_closest_player: SUCCESS, 126
get_all_players: SUCCESS
1
104
178
62
27
16
56
55
177
48
update_player_stats: SUCCESS
get_team_points: SUCCESS, 11375
get_closest_player: SUCCESS, 11
get_all_players_count: SUCCESS, 7
get_top_scorer: SUCCESS, 7
update_player_stats: SUCCESS
update_player_stats: SUCCESS
add_team: FAILURE
get_all_players_count: SUCCESS, 2
get_closest_player: SUCCESS, 184
add_team: FAILURE
play_match: FAILURE
get_num_played_games: SUCCESS, 12910
get_top_scorer: SUCCESS, 186
add_team: FAILURE
get_team_points: SUCCESS, 11200
update_player_stats: SUCCESS
unite_teams: FAILURE
get_top_scorer: SUCCESS, 75
update_player_stats: SUCCESS
get_team_points: SUCCESS, 5669
remove_player: SUCCESS
add_player: FAILURE
knockout_winner: FAILURE
knockout_winner: FAILURE
knockout_winner: FAILURE
knockout_winner: FAILURE
knockout_winner: INVALID_INPUT
get_top_scorer: SUCCESS, 115
get_num_played_games: SUCCESS, 2546
get_all_players_count: SUCCESS, 7
get_team_points: SUCCESS, 9701
remove_team: FAILURE
unite_teams: FAILURE
remove_player: SUCCESS
add_player: FAILURE
get_all_players_count: SUCCESS, 6
unite_teams: FAILURE
knockout_winner: FAILURE
knockout_winner: FAILURE
knockout_winner: FAILURE
knockout_winner: FAILURE
knockout_winner: INVALID_INPUT
remove_player: SUCCESS
remove_player: SUCCESS
play_match: FAILURE
add_team: FAILURE
unite_teams: FAILURE
add_player: FAILURE
add_player: FAILURE
remove_player: SUCCESS
get_all_players: SUCCESS
133
168
128
184
add_player: FAILURE
get_all_players: SUCCESS
165
67
unite_teams: FAILURE
get_num_played_games: SUCCESS, 3348
get_closest_player: SUCCESS, 161
get_team_points: SUCCESS, 19020
get_num_played_games: SUCCESS, 637
knockout_winner: FAILURE
knockout_winner: SUCCESS, 5
knockout_winner: SUCCESS, 5
knockout_winner: FAILURE
knockout_winner: INVALID_INPUT
get_team_points: SUCCESS, 3287
get_team_points: SUCCESS, 9701
remove_player: SUCCESS
remove_team: FAILURE
get_all_players_count: SUCCESS, 2
get_num_played_games: SUCCESS, 11381
get_top_scorer: SUCCESS, 43
get_all_players_count: SUCCESS, 9
get_top_scorer: SUCCESS, 184
get_team_points: SUCCESS, 7093
add_player: FAILURE
add_player: FAILURE
add_team: FAILURE
add_player: FAILURE
add_player: FAILURE
add_player: FAILURE
get_num_played_games: SUCCESS, 2546
get_all_players: SUCCESS
165
67
knockout_winner: FAILURE
knockout_winner: SUCCESS, 5
knockout_winner: SUCCESS, 5
knockout_winner: FAILURE
knockout_winner: INVALID_INPUT
get_top_scorer: SUCCESS, 115
update_player_stats: SUCCESS
get_closest_player: SUCCESS, 69
get_all_players: SUCCESS
133
168
128
184
update_player_stats: SUCCESS
get_num_played_games: SUCCESS, 18138
play_match: FAILURE
get_top_scorer: SUCCESS, 184
get_closest_player: SUCCESS, 149
update_player_stats: SUCCESS
get_top_scorer: SUCCESS, 48
play_match: FAILURE
get_num_played_games: SUCCESS, 8632
get_num_played_games: SUCCESS, 2585
update_player_stats: SUCCESS
get_closest_player: SUCCESS, 58
get_closest_player: SUCCESS, 102
get_all_players: SUCCESS
59
138
52
12
25
7
get_team_points: SUCCESS, 10549
remove_player: SUCCESS
unite_teams: FAILURE
remove_team: FAILURE
get_top_scorer: SUCCESS, 121
get_team_points: SUCCESS, 11375
remove_team: FAILURE
get_all_players_count: SUCCESS, 6
get_team_points: SUCCESS, 5669
add_player: FAILURE
get_top_scorer: SUCCESS, 115
get_all_players: SUCCESS
145
8
3
2
26
92
54
125
66
132
89
58
189
91
126
144
49
159
get_top_scorer: SUCCESS, 154
get_team_points: SUCCESS, 11375
get_closest_player: SUCCESS, 27
get_all_players_count: SUCCESS, 5
unite_teams: FAILURE
play_match: FAILURE
unite_teams: FAILURE
get_all_players_count: SUCCESS, 7
get_all_players: SUCCESS
11
149
81
106
135
107
112
171
115
knockout_winner: FAILURE
knockout_winner: FAILURE
knockout_winner: FAILURE
knockout_winner: FAILURE
knockout_winner: INVALID_INPUT
add_player: FAILURE
get_all_players: SUCCESS
170
64
120
99
75
add_player: FAILURE
add_team: FAILURE
play_match: INVALID_INPUT
get_top_scorer: SUCCESS, 129
remove_team: FAILURE
update_player_stats: SUCCESS
get_all_players_count: SUCCESS, 6
update_player_stats: SUCCESS
unite_teams: FAILURE
get_team_points: SUCCESS, 10210
remove_team: FAILURE
remove_team: FAILURE
remove_team: FAILURE
add_team: FAILURE
remove_team: FAILURE
remove_player: SUCCESS
remove_player: SUCCESS
remove_player: SUCCESS
remove_player: SUCCESS
remove_player: SUCCESS
remove_player: SUCCESS
remove_player: SUCCESS
remove_player: SUCCESS
remove_player: SUCCESS
remove_player: SUCCESS
remove_player: SUCCESS
remove_player: SUCCESS
remove_player: SUCCESS
remove_player: SUCCESS
remove_player: SUCCESS
remove_player: SUCCESS
remove_player: SUCCESS
remove_player: SUCCESS
remove_player: SUCCESS
remove_player: SUCCESS
remove_player: SUCCESS
remove_player: SUCCESS
remove_player: SUCCESS
remove_player: SUCCESS
remove_player: SUCCESS
remove_player: SUCCESS
remove_player: SUCCESS
remove_player: SUCCESS
remove_player: SUCCESS
remove_player: SUCCESS
remove_player: SUCCESS
remove_player: SUCCESS
remove_player: SUCCESS
remove_player: SUCCESS
remove_player: SUCCESS
remove_player: SUCCESS
remove_player: SUCCESS
remove_player: SUCCESS
remove_player: SUCCESS
remove_player: SUCCESS
remove_player: SUCCESS
remove_player: SUCCESS
remove_player: SUCCESS
remove_player: SUCCESS
remove_player: SUCCESS
remove_player: SUCCESS
remove_player: SUCCESS
remove_player: SUCCESS
remove_player: SUCCESS
remove_player: SUCCESS
remove_player: SUCCESS
remove_player: SUCCESS
remove_player: SUCCESS
remove_player: SUCCESS
remove_player: SUCCESS
remove_player: SUCCESS
remove_player: SUCCESS
remove_player: SUCCESS
remove_player: SUCCESS
remove_player: SUCCESS
remove_player: SUCCESS
remove_player: SUCCESS
remove_player: SUCCESS
remove_player: SUCCESS
remove_player: SUCCESS
remove_player: SUCCESS
remove_player: SUCCESS
remove_player: SUCCESS
remove_player: SUCCESS
remove_player: SUCCESS
remove_player: SUCCESS
remove_player: SUCCESS
remove_player: SUCCESS
remove_player: SUCCESS
remove_player: SUCCESS
remove_player: SUCCESS
remove_player: SUCCESS
remove_player: SUCCESS
remove_player: SUCCESS
remove_player: SUCCESS
remove_player: SUCCESS
remove_player: SUCCESS
remove_player: SUCCESS
remove_player: SUCCESS
remove_player: SUCCESS
remove_player: SUCCESS
remove_player: SUCCESS
remove_player: SUCCESS
remove_player: SUCCESS
remove_player: SUCCESS
remove_player: SUCCESS
remove_player: SUCCESS
remove_player: SUCCESS
remove_player: SUCCESS
remove_player: SUCCESS
remove_player: SUCCESS
remove_player: SUCCESS
remove_player: SUCCESS
remove_player: SUCCESS
remove_player: SUCCESS
remove_player: SUCCESS
remove_player: SUCCESS
remove_player: SUCCESS
remove_player: SUCCESS
remove_player: SUCCESS
remove_player: SUCCESS
remove_player: SUCCESS
remove_player: SUCCESS
remove_player: SUCCESS
remove_player: SUCCESS
remove_player: SUCCESS
remove_player: SUCCESS
remove_player: SUCCESS
remove_player: SUCCESS
remove_player: SUCCESS
remove_player: SUCCESS
remove_player: SUCCESS
remove_player: SUCCESS
remove_player: SUCCESS
remove_player: SUCCESS
remove_team: SUCCESS
remove_team: SUCCESS
remove_team: SUCCESS
remove_team: SUCCESS
remove_team: SUCCESS
remove_team: SUCCESS
remove_team: SUCCESS
remove_team: SUCCESS
remove_team: SUCCESS
remove_team: SUCCESS
remove_team: SUCCESS
remove_team: SUCCESS
remove_team: SUCCESS
remove_team: SUCCESS
remove_team: SUCCESS
remove_team: SUCCESS
remove_team: SUCCESS
