add_team: SUCCESS
add_team: SUCCESS
add_team: SUCCESS
add_team: SUCCESS
add_team: SUCCESS
add_team: SUCCESS
add_team: SUCCESS
add_team: SUCCESS
add_team: SUCCESS
add_team: SUCCESS
add_team: SUCCESS
add_team: SUCCESS
add_team: SUCCESS
add_team: SUCCESS
add_team: SUCCESS
add_team: SUCCESS
add_team: SUCCESS
add_team: SUCCESS
add_team: SUCCESS
add_team: SUCCESS
add_player: SUCCESS
add_player: SUCCESS
add_player: SUCCESS
add_player: SUCCESS
add_player: SUCCESS
add_player: SUCCESS
add_player: SUCCESS
add_player: SUCCESS
add_player: SUCCESS
add_player: SUCCESS
add_player: SUCCESS
add_player: SUCCESS
add_player: SUCCESS
add_player: SUCCESS
add_player: SUCCESS
add_player: SUCCESS
add_player: SUCCESS
add_player: SUCCESS
add_player: SUCCESS
add_player: SUCCESS
add_player: SUCCESS
add_player: SUCCESS
add_player: SUCCESS
add_player: SUCCESS
add_player: SUCCESS
add_player: SUCCESS
add_player: SUCCESS
add_player: SUCCESS
add_player: SUCCESS
add_player: SUCCESS
add_player: SUCCESS
add_player: SUCCESS
add_player: SUCCESS
add_player: SUCCESS
add_player: SUCCESS
add_player: SUCCESS
add_player: SUCCESS
add_player: SUCCESS
add_player: SUCCESS
add_player: SUCCESS
add_player: SUCCESS
add_player: SUCCESS
add_player: SUCCESS
add_player: SUCCESS
add_player: SUCCESS
add_player: SUCCESS
add_player: SUCCESS
add_player: SUCCESS
add_player: SUCCESS
add_player: SUCCESS
add_player: SUCCESS
add_player: SUCCESS
add_player: SUCCESS
add_player: SUCCESS
add_player: SUCCESS
add_player: SUCCESS
add_player: SUCCESS
add_player: SUCCESS
add_player: SUCCESS
add_player: SUCCESS
add_player: SUCCESS
add_player: SUCCESS
add_player: SUCCESS
add_player: SUCCESS
add_player: SUCCESS
add_player: SUCCESS
add_player: SUCCESS
add_player: SUCCESS
add_player: SUCCESS
add_player: SUCCESS
add_player: SUCCESS
add_player: SUCCESS
add_player: SUCCESS
add_player: SUCCESS
add_player: SUCCESS
add_player: SUCCESS
add_player: SUCCESS
add_player: SUCCESS
add_player: SUCCESS
add_player: SUCCESS
add_player: SUCCESS
add_player: SUCCESS
add_player: SUCCESS
add_player: SUCCESS
add_player: SUCCESS
add_player: SUCCESS
add_player: SUCCESS
add_player: SUCCESS
add_player: SUCCESS
add_player: SUCCESS
add_player: SUCCESS
add_player: SUCCESS
add_player: SUCCESS
add_player: SUCCESS
add_player: SUCCESS
add_player: SUCCESS
add_player: SUCCESS
add_player: SUCCESS
add_player: SUCCESS
add_player: SUCCESS
add_player: SUCCESS
add_player: SUCCESS
add_player: SUCCESS
add_player: SUCCESS
add_player: SUCCESS
add_player: SUCCESS
add_player: SUCCESS
add_player: SUCCESS
add_player: SUCCESS
add_player: SUCCESS
add_player: SUCCESS
add_player: SUCCESS
add_player: SUCCESS
add_player: SUCCESS
add_player: SUCCESS
add_player: SUCCESS
add_player: SUCCESS
add_player: SUCCESS
add_player: SUCCESS
add_player: SUCCESS
add_player: SUCCESS
add_player: SUCCESS
add_player: SUCCESS
add_player: SUCCESS
add_player: SUCCESS
add_player: SUCCESS
add_player: SUCCESS
add_player: SUCCESS
add_player: SUCCESS
add_player: SUCCESS
add_player: SUCCESS
add_player: SUCCESS
add_player: SUCCESS
add_player: SUCCESS
add_player: SUCCESS
add_player: SUCCESS
add_player: SUCCESS
add_player: SUCCESS
add_player: SUCCESS
add_player: SUCCESS
add_player: SUCCESS
add_player: SUCCESS
add_player: SUCCESS
add_player: SUCCESS
add_player: SUCCESS
add_player: SUCCESS
add_player: SUCCESS
add_player: SUCCESS
add_player: SUCCESS
add_player: SUCCESS
add_player: SUCCESS
add_player: SUCCESS
add_player: SUCCESS
add_player: SUCCESS
add_player: SUCCESS
add_player: SUCCESS
add_player: SUCCESS
add_player: SUCCESS
add_player: SUCCESS
add_player: SUCCESS
add_player: SUCCESS
add_player: SUCCESS
add_player: SUCCESS
add_player: SUCCESS
add_player: SUCCESS
add_player: SUCCESS
add_player: SUCCESS
add_player: SUCCESS
add_player: SUCCESS
add_player: SUCCESS
add_player: SUCCESS
add_player: SUCCESS
add_player: SUCCESS
add_player: SUCCESS
add_player: SUCCESS
add_player: SUCCESS
add_player: SUCCESS
add_player: SUCCESS
add_player: SUCCESS
add_player: SUCCESS
add_player: SUCCESS
add_player: SUCCESS
add_player: SUCCESS
add_player: SUCCESS
add_player: SUCCESS
add_player: SUCCESS
add_player: SUCCESS
add_player: SUCCESS
add_player: SUCCESS
add_player: SUCCESS
add_player: SUCCESS
add_player: SUCCESS
add_player: SUCCESS
add_player: SUCCESS
add_player: SUCCESS
add_player: SUCCESS
add_player: SUCCESS
add_player: SUCCESS
add_player: SUCCESS
add_player: SUCCESS
get_all_players_count: SUCCESS, 12
update_player_stats: SUCCESS
knockout_winner: FAILURE
knockout_winner: SUCCESS, 14
knockout_winner: SUCCESS, 12
knockout_winner: FAILURE
knockout_winner: INVALID_INPUT
get_team_points: SUCCESS, 8966
knockout_winner: SUCCESS, 12
knockout_winner: INVALID_INPUT
knockout_winner: INVALID_INPUT
knockout_winner: SUCCESS, 14
knockout_winner: INVALID_INPUT
knockout_winner: FAILURE
knockout_winner: SUCCESS, 3
knockout_winner: SUCCESS, 2
knockout_winner: SUCCESS, 12
knockout_winner: INVALID_INPUT
remove_team: FAILURE
get_team_points: SUCCESS, 8761
get_all_players: SUCCESS
133
2
127
109
62
86
7
113
140
44
add_team: FAILURE
get_all_players: SUCCESS
166
172
4
play_match: FAILURE
get_top_scorer: SUCCESS, 59
get_closest_player: SUCCESS, 200
get_closest_player: SUCCESS, 64
remove_team: FAILURE
update_player_stats: SUCCESS
get_all_players_count: SUCCESS, 18
get_num_played_games: SUCCESS, 3530
add_team: FAILURE
get_top_scorer: SUCCESS, 16
unite_teams: SUCCESS
get_all_players: SUCCESS
87
52
90
76
135
174
108
78
184
111
175
8
13
get_team_points: SUCCESS, 11471
add_player: FAILURE
get_all_players: SUCCESS
63
148
6
34
15
112
94
97
131
remove_team: FAILURE
get_team_points: SUCCESS, 11471
update_player_stats: SUCCESS
get_num_played_games: SUCCESS, 2124
add_player: FAILURE
unite_teams: INVALID_INPUT
update_player_stats: SUCCESS
get_num_played_games: SUCCESS, 3593
get_all_players_count: SUCCESS, 13
get_team_points: SUCCESS, 328
update_player_stats: SUCCESS
add_player: FAILURE
play_match: SUCCESS
get_closest_player: SUCCESS, 125
get_team_points: SUCCESS, 3800
get_num_played_games: SUCCESS, 7320
get_all_players: SUCCESS
73
85
141
42
179
170
138
74
121
182
add_team: FAILURE
remove_player: SUCCESS
get_top_scorer: SUCCESS, 160
update_player_stats: SUCCESS
remove_team: FAILURE
add_player: FAILURE
remove_team: FAILURE
get_closest_player: SUCCESS, 64
remove_player: SUCCESS
get_all_players: SUCCESS
89
137
125
92
199
38
185
24
122
33
53
84
150
21
32
88
70
get_num_played_games: SUCCESS, 4097
add_team: FAILURE
get_all_players_count: SUCCESS, 11
remove_player: SUCCESS
knockout_winner: SUCCESS, 14
knockout_winner: INVALID_INPUT
knockout_winner: INVALID_INPUT
knockout_winner: SUCCESS, 14
knockout_winner: SUCCESS, 12
update_player_stats: SUCCESS
remove_player: SUCCESS
get_top_scorer: SUCCESS, 16
get_num_played_games: SUCCESS, 1769
add_player: FAILURE
get_all_players: SUCCESS
166
172
4
remove_team: FAILURE
get_all_players: SUCCESS
166
172
4
add_player: FAILURE
knockout_winner: SUCCESS, 13
knockout_winner: SUCCESS, 14
knockout_winner: FAILURE
knockout_winner: FAILURE
knockout_winner: INVALID_INPUT
get_top_scorer: SUCCESS, 13
unite_teams: FAILURE
get_top_scorer: SUCCESS, 181
get_all_players_count: SUCCESS, 8
get_num_played_games: SUCCESS, 1769
remove_team: FAILURE
get_closest_player: SUCCESS, 69
get_top_scorer: SUCCESS, 146
get_num_played_games: SUCCESS, 2545
remove_player: SUCCESS
get_team_points: SUCCESS, 430
update_player_stats: SUCCESS
get_top_scorer: SUCCESS, 182
play_match: FAILURE
update_player_stats: SUCCESS
unite_teams: FAILURE
knockout_winner: SUCCESS, 4
knockout_winner: INVALID_INPUT
knockout_winner: INVALID_INPUT
knockout_winner: FAILURE
knockout_winner: INVALID_INPUT
get_closest_player: SUCCESS, 58
get_num_played_games: SUCCESS, 11508
update_player_stats: SUCCESS
play_match: FAILURE
add_team: FAILURE
knockout_winner: FAILURE
knockout_winner: SUCCESS, 3
knockout_winner: SUCCESS, 3
knockout_winner: SUCCESS, 12
knockout_winner: INVALID_INPUT
add_team: FAILURE
remove_player: SUCCESS
knockout_winner: INVALID_INPUT
knockout_winner: SUCCESS, 14
knockout_winner: INVALID_INPUT
knockout_winner: INVALID_INPUT
knockout_winner: INVALID_INPUT
get_all_players: SUCCESS
151
132
116
169
110
36
134
168
105
46
30
82
99
28
75
get_num_played_games: SUCCESS, 9624
get_closest_player: SUCCESS, 53
add_player: FAILURE
play_match: FAILURE
get_all_players_count: SUCCESS, 13
add_player: FAILURE
knockout_winner: FAILURE
knockout_winner: SUCCESS, 14
knockout_winner: SUCCESS, 12
knockout_winner: FAILURE
knockout_winner: INVALID_INPUT
remove_player: SUCCESS
update_player_stats: SUCCESS
remove_team: FAILURE
get_closest_player: SUCCESS, 15
knockout_winner: SUCCESS, 5
knockout_winner: SUCCESS, 3
knockout_winner: FAILURE
knockout_winner: SUCCESS, 12
knockout_winner: INVALID_INPUT
get_num_played_games: SUCCESS, 830
get_num_played_games: SUCCESS, 6359
update_player_stats: SUCCESS
remove_player: SUCCESS
update_player_stats: SUCCESS
remove_team: FAILURE
get_top_scorer: SUCCESS, 146
get_closest_player: SUCCESS, 135
update_player_stats: SUCCESS
add_player: FAILURE
unite_teams: FAILURE
get_all_players: SUCCESS
148
6
34
15
112
94
97
63
131
get_all_players: SUCCESS
60
14
189
192
41
128
171
143
186
10
187
177
12
1
get_team_points: SUCCESS, 7229
get_top_scorer: SUCCESS, 13
update_player_stats: SUCCESS
play_match: FAILURE
unite_teams: FAILURE
remove_team: FAILURE
get_all_players_count: SUCCESS, 15
knockout_winner: FAILURE
knockout_winner: SUCCESS, 14
knockout_winner: SUCCESS, 4
knockout_winner: SUCCESS, 14
knockout_winner: INVALID_INPUT
add_team: FAILURE
get_all_players_count: SUCCESS, 6
get_all_players: SUCCESS
136
158
176
198
124
194
49
69
26
19
40
197
80
get_team_points: SUCCESS, 8843
play_match: SUCCESS
get_closest_player: SUCCESS, 110
add_player: FAILURE
knockout_winner: SUCCESS, 14
knockout_winner: SUCCESS, 14
knockout_winner: SUCCESS, 3
knockout_winner: SUCCESS, 14
knockout_winner: SUCCESS, 13
get_top_scorer: SUCCESS, 13
play_match: FAILURE
knockout_winner: SUCCESS, 11
knockout_winner: SUCCESS, 14
knockout_winner: SUCCESS, 3
knockout_winner: SUCCESS, 14
knockout_winner: INVALID_INPUT
update_player_stats: SUCCESS
knockout_winner: SUCCESS, 11
knockout_winner: SUCCESS, 14
knockout_winner: FAILURE
knockout_winner: FAILURE
knockout_winner: INVALID_INPUT
remove_player: SUCCESS
add_player: FAILURE
remove_team: FAILURE
get_closest_player: SUCCESS, 40
play_match: FAILURE
get_all_players_count: SUCCESS, 8
unite_teams: FAILURE
knockout_winner: SUCCESS, 19
knockout_winner: SUCCESS, 14
knockout_winner: SUCCESS, 14
knockout_winner: FAILURE
knockout_winner: INVALID_INPUT
remove_player: SUCCESS
get_closest_player: SUCCESS, 58
add_player: FAILURE
get_all_players: SUCCESS
144
167
123
65
5
155
104
51
remove_team: FAILURE
add_player: FAILURE
unite_teams: FAILURE
get_closest_player: SUCCESS, 138
get_all_players: SUCCESS
107
103
47
157
183
173
remove_team: FAILURE
unite_teams: FAILURE
remove_team: FAILURE
get_all_players_count: SUCCESS, 8
play_match: FAILURE
knockout_winner: SUCCESS, 3
knockout_winner: INVALID_INPUT
knockout_winner: INVALID_INPUT
knockout_winner: SUCCESS, 11
knockout_winner: INVALID_INPUT
get_all_players_count: SUCCESS, 14
knockout_winner: SUCCESS, 14
knockout_winner: SUCCESS, 14
knockout_winner: SUCCESS, 3
knockout_winner: SUCCESS, 14
knockout_winner: SUCCESS, 13
remove_player: SUCCESS
get_top_scorer: SUCCESS, 140
update_player_stats: SUCCESS
add_player: FAILURE
get_num_played_games: SUCCESS, 8065
remove_player: SUCCESS
add_team: FAILURE
add_team: FAILURE
get_closest_player: SUCCESS, 25
get_closest_player: SUCCESS, 130
get_closest_player: SUCCESS, 116
update_player_stats: SUCCESS
play_match: INVALID_INPUT
get_all_players: SUCCESS
87
52
90
76
135
174
108
78
184
111
175
8
13
knockout_winner: SUCCESS, 12
knockout_winner: SUCCESS, 14
knockout_winner: SUCCESS, 5
knockout_winner: FAILURE
knockout_winner: INVALID_INPUT
play_match: FAILURE
play_match: SUCCESS
get_num_played_games: SUCCESS, 7976
get_team_points: SUCCESS, 8827
add_player: FAILURE
get_top_scorer: SUCCESS, 103
get_all_players: SUCCESS
67
83
100
31
54
66
68
200
120
95
27
163
39
156
59
188
149
146
get_num_played_games: SUCCESS, 5225
unite_teams: FAILURE
get_num_played_games: SUCCESS, 10711
add_player: FAILURE
update_player_stats: SUCCESS
get_top_scorer: SUCCESS, 142
get_all_players: SUCCESS
196
114
195
96
17
98
115
29
160
unite_teams: FAILURE
add_player: FAILURE
remove_team: FAILURE
remove_player: SUCCESS
unite_teams: FAILURE
get_all_players_count: SUCCESS, 8
unite_teams: FAILURE
update_player_stats: SUCCESS
get_all_players_count: SUCCESS, 17
add_player: FAILURE
play_match: SUCCESS
add_team: FAILURE
get_team_points: SUCCESS, 3505
knockout_winner: SUCCESS, 19
knockout_winner: SUCCESS, 14
knockout_winner: SUCCESS, 14
knockout_winner: FAILURE
knockout_winner: INVALID_INPUT
add_team: FAILURE
knockout_winner: SUCCESS, 4
knockout_winner: INVALID_INPUT
knockout_winner: INVALID_INPUT
knockout_winner: FAILURE
knockout_winner: INVALID_INPUT
add_player: FAILURE
unite_teams: FAILURE
get_top_scorer: SUCCESS, 191
get_closest_player: SUCCESS, 146
get_team_points: SUCCESS, 11579
unite_teams: FAILURE
get_all_players: SUCCESS
79
11
22
130
9
181
remove_team: FAILURE
get_top_scorer: SUCCESS, 160
get_all_players: SUCCESS
106
25
35
129
191
knockout_winner: SUCCESS, 4
knockout_winner: INVALID_INPUT
knockout_winner: INVALID_INPUT
knockout_winner: SUCCESS, 14
knockout_winner: INVALID_INPUT
get_num_played_games: SUCCESS, 6021
get_all_players_count: SUCCESS, 10
add_team: FAILURE
update_player_stats: SUCCESS
add_player: FAILURE
knockout_winner: FAILURE
knockout_winner: SUCCESS, 19
knockout_winner: FAILURE
knockout_winner: FAILURE
knockout_winner: INVALID_INPUT
get_all_players_count: SUCCESS, 6
remove_team: FAILURE
add_team: FAILURE
knockout_winner: SUCCESS, 14
knockout_winner: INVALID_INPUT
knockout_winner: INVALID_INPUT
knockout_winner: SUCCESS, 14
knockout_winner: SUCCESS, 14
add_player: FAILURE
get_all_players: SUCCESS
148
15
112
94
97
63
131
6
get_num_played_games: SUCCESS, 7189
add_team: FAILURE
update_player_stats: SUCCESS
get_all_players: SUCCESS
79
11
22
130
9
181
get_num_played_games: SUCCESS, 8372
update_player_stats: SUCCESS
unite_teams: FAILURE
add_player: FAILURE
unite_teams: INVALID_INPUT
knockout_winner: SUCCESS, 14
knockout_winner: SUCCESS, 14
knockout_winner: FAILURE
knockout_winner: SUCCESS, 19
knockout_winner: INVALID_INPUT
add_player: FAILURE
remove_team: FAILURE
update_player_stats: SUCCESS
get_top_scorer: SUCCESS, 8
add_player: FAILURE
unite_teams: FAILURE
play_match: FAILURE
add_player: FAILURE
update_player_stats: SUCCESS
update_player_stats: SUCCESS
get_all_players: SUCCESS
60
14
189
192
41
128
171
143
186
10
187
177
12
1
knockout_winner: SUCCESS, 12
knockout_winner: INVALID_INPUT
knockout_winner: INVALID_INPUT
knockout_winner: SUCCESS, 14
knockout_winner: INVALID_INPUT
unite_teams: FAILURE
update_player_stats: SUCCESS
get_closest_player: SUCCESS, 184
get_closest_player: SUCCESS, 142
play_match: FAILURE
play_match: FAILURE
get_all_players: SUCCESS
119
71
126
23
3
18
147
50
164
190
153
142
add_player: FAILURE
add_player: FAILURE
remove_team: FAILURE
unite_teams: FAILURE
unite_teams: FAILURE
get_closest_player: SUCCESS, 122
remove_team: FAILURE
update_player_stats: SUCCESS
unite_teams: FAILURE
add_team: FAILURE
get_num_played_games: SUCCESS, 13976
get_all_players_count: SUCCESS, 17
add_player: FAILURE
remove_team: FAILURE
update_player_stats: SUCCESS
get_top_scorer: SUCCESS, 4
get_top_scorer: SUCCESS, 182
get_closest_player: SUCCESS, 94
get_team_points: SUCCESS, 8827
get_all_players_count: SUCCESS, 3
remove_player: SUCCESS
get_num_played_games: SUCCESS, 11424
get_team_points: SUCCESS, 3800
unite_teams: FAILURE
update_player_stats: SUCCESS
get_num_played_games: SUCCESS, 5995
get_all_players_count: SUCCESS, 18
knockout_winner: SUCCESS, 14
knockout_winner: SUCCESS, 14
knockout_winner: SUCCESS, 12
knockout_winner: SUCCESS, 14
knockout_winner: INVALID_INPUT
add_player: FAILURE
get_all_players_count: SUCCESS, 14
get_all_players_count: SUCCESS, 6
get_closest_player: SUCCESS, 135
add_team: FAILURE
get_team_points: SUCCESS, 499
get_top_scorer: SUCCESS, 75
get_top_scorer: SUCCESS, 181
get_all_players_count: SUCCESS, 6
update_player_stats: SUCCESS
get_top_scorer: SUCCESS, 6
get_all_players: SUCCESS
43
61
162
101
91
45
118
154
58
159
get_team_points: SUCCESS, 8966
get_closest_player: SUCCESS, 18
get_num_played_games: SUCCESS, 5677
get_closest_player: SUCCESS, 196
get_team_points: SUCCESS, 3505
get_all_players_count: SUCCESS, 8
get_team_points: SUCCESS, 8966
get_closest_player: SUCCESS, 151
get_num_played_games: SUCCESS, 2624
add_team: FAILURE
unite_teams: FAILURE
add_team: FAILURE
get_num_played_games: SUCCESS, 15056
get_all_players: SUCCESS
137
125
92
199
38
185
24
122
33
53
89
84
150
32
88
70
21
get_closest_player: SUCCESS, 175
remove_player: SUCCESS
get_closest_player: SUCCESS, 94
unite_teams: FAILURE
get_all_players: SUCCESS
119
71
126
23
3
18
147
50
190
153
164
142
get_all_players: SUCCESS
79
11
22
130
9
181
add_player: FAILURE
get_all_players_count: SUCCESS, 10
update_player_stats: SUCCESS
get_num_played_games: SUCCESS, 456
get_top_scorer: SUCCESS, 75
get_all_players: SUCCESS
87
52
90
76
135
174
108
78
184
111
175
13
8
add_team: FAILURE
play_match: FAILURE
get_all_players: SUCCESS
67
83
100
31
54
66
68
200
120
95
27
163
39
156
59
188
149
146
get_closest_player: SUCCESS, 122
get_all_players_count: SUCCESS, 13
update_player_stats: SUCCESS
get_closest_player: SUCCESS, 166
remove_player: SUCCESS
add_team: FAILURE
knockout_winner: SUCCESS, 14
knockout_winner: SUCCESS, 14
knockout_winner: SUCCESS, 4
knockout_winner: SUCCESS, 14
knockout_winner: INVALID_INPUT
remove_player: SUCCESS
play_match: SUCCESS
add_player: FAILURE
unite_teams: FAILURE
remove_player: SUCCESS
get_closest_player: SUCCESS, 75
remove_player: SUCCESS
get_all_players: SUCCESS
196
114
195
96
17
98
115
29
160
play_match: FAILURE
play_match: FAILURE
unite_teams: FAILURE
add_player: FAILURE
add_team: FAILURE
play_match: FAILURE
remove_player: SUCCESS
add_team: FAILURE
get_closest_player: SUCCESS, 30
get_all_players_count: SUCCESS, 8
knockout_winner: SUCCESS, 14
knockout_winner: SUCCESS, 14
knockout_winner: SUCCESS, 14
knockout_winner: SUCCESS, 19
knockout_winner: INVALID_INPUT
knockout_winner: SUCCESS, 19
knockout_winner: SUCCESS, 14
knockout_winner: SUCCESS, 14
knockout_winner: FAILURE
knockout_winner: INVALID_INPUT
add_team: FAILURE
add_player: FAILURE
get_all_players: SUCCESS
136
158
176
198
194
69
19
197
80
26
124
remove_player: SUCCESS
unite_teams: FAILURE
knockout_winner: SUCCESS, 19
knockout_winner: SUCCESS, 14
knockout_winner: SUCCESS, 14
knockout_winner: FAILURE
knockout_winner: INVALID_INPUT
add_team: FAILURE
get_all_players: SUCCESS
67
83
100
31
54
66
68
200
120
95
163
156
59
188
149
146
get_team_points: SUCCESS, 7377
get_top_scorer: SUCCESS, 142
add_team: FAILURE
get_all_players: SUCCESS
119
71
126
23
3
18
147
50
190
153
164
142
play_match: FAILURE
remove_player: SUCCESS
add_team: FAILURE
add_team: FAILURE
unite_teams: FAILURE
update_player_stats: SUCCESS
get_num_played_games: SUCCESS, 1278
get_all_players: SUCCESS
43
61
162
101
91
45
118
58
159
154
get_num_played_games: SUCCESS, 4609
get_all_players: SUCCESS
148
15
112
94
97
63
131
6
unite_teams: FAILURE
get_closest_player: SUCCESS, 132
get_team_points: SUCCESS, 6704
get_closest_player: SUCCESS, 102
get_team_points: SUCCESS, 2411
add_team: FAILURE
remove_player: SUCCESS
get_all_players_count: SUCCESS, 3
update_player_stats: SUCCESS
get_all_players_count: SUCCESS, 10
get_team_points: SUCCESS, 11575
get_num_played_games: SUCCESS, 15056
knockout_winner: FAILURE
knockout_winner: SUCCESS, 12
knockout_winner: FAILURE
knockout_winner: SUCCESS, 12
knockout_winner: INVALID_INPUT
get_closest_player: SUCCESS, 163
knockout_winner: SUCCESS, 11
knockout_winner: SUCCESS, 14
knockout_winner: SUCCESS, 5
knockout_winner: FAILURE
knockout_winner: INVALID_INPUT
get_all_players: SUCCESS
133
2
62
86
7
127
113
140
update_player_stats: SUCCESS
remove_team: FAILURE
knockout_winner: SUCCESS, 19
knockout_winner: SUCCESS, 14
knockout_winner: SUCCESS, 14
knockout_winner: FAILURE
knockout_winner: INVALID_INPUT
add_player: FAILURE
add_team: FAILURE
unite_teams: FAILURE
knockout_winner: INVALID_INPUT
knockout_winner: FAILURE
knockout_winner: INVALID_INPUT
knockout_winner: INVALID_INPUT
knockout_winner: INVALID_INPUT
unite_teams: FAILURE
remove_player: SUCCESS
get_all_players_count: SUCCESS, 6
knockout_winner: FAILURE
knockout_winner: SUCCESS, 12
knockout_winner: FAILURE
knockout_winner: SUCCESS, 12
knockout_winner: INVALID_INPUT
remove_player: SUCCESS
get_team_points: SUCCESS, 7229
update_player_stats: SUCCESS
get_all_players_count: SUCCESS, 12
update_player_stats: SUCCESS
get_team_points: SUCCESS, 4249
get_top_scorer: SUCCESS, 191
get_num_played_games: SUCCESS, 2332
get_all_players: SUCCESS
107
47
157
183
173
103
play_match: SUCCESS
remove_team: FAILURE
get_team_points: SUCCESS, 2420
add_team: FAILURE
remove_team: FAILURE
get_num_played_games: SUCCESS, 4076
get_closest_player: SUCCESS, 41
get_all_players: SUCCESS
60
14
192
41
143
186
10
187
177
128
12
1
get_all_players: SUCCESS
133
2
62
86
7
127
113
140
get_num_played_games: SUCCESS, 2124
get_all_players_count: SUCCESS, 6
remove_team: FAILURE
remove_team: FAILURE
remove_player: SUCCESS
get_team_points: SUCCESS, 483
add_player: FAILURE
update_player_stats: SUCCESS
get_all_players_count: SUCCESS, 7
get_team_points: SUCCESS, 494
get_closest_player: SUCCESS, 164
get_top_scorer: SUCCESS, 4
get_team_points: SUCCESS, 8966
get_all_players_count: SUCCESS, 5
remove_team: FAILURE
remove_player: SUCCESS
update_player_stats: SUCCESS
add_player: FAILURE
get_all_players: SUCCESS
137
125
92
199
185
38
24
33
89
84
150
32
88
70
21
play_match: SUCCESS
get_all_players_count: SUCCESS, 8
get_closest_player: SUCCESS, 76
play_match: FAILURE
play_match: FAILURE
remove_player: SUCCESS
remove_team: FAILURE
get_all_players: SUCCESS
151
132
116
169
110
134
168
46
30
82
99
105
28
75
get_closest_player: SUCCESS, 91
get_num_played_games: SUCCESS, 6021
get_num_played_games: SUCCESS, 2209
play_match: FAILURE
get_num_played_games: SUCCESS, 11509
knockout_winner: SUCCESS, 12
knockout_winner: INVALID_INPUT
knockout_winner: INVALID_INPUT
knockout_winner: SUCCESS, 12
knockout_winner: FAILURE
get_all_players: SUCCESS
139
81
77
20
37
16
178
get_team_points: SUCCESS, 4249
get_all_players: SUCCESS
172
166
4
add_player: FAILURE
add_player: FAILURE
get_all_players: SUCCESS
85
141
42
179
170
73
74
121
182
get_all_players_count: SUCCESS, 5
get_top_scorer: SUCCESS, 160
get_top_scorer: SUCCESS, 8
knockout_winner: FAILURE
knockout_winner: SUCCESS, 14
knockout_winner: SUCCESS, 13
knockout_winner: FAILURE
knockout_winner: INVALID_INPUT
get_num_played_games: SUCCESS, 3204
add_team: FAILURE
get_closest_player: SUCCESS, 132
add_player: FAILURE
add_team: FAILURE
get_top_scorer: SUCCESS, 124
add_team: FAILURE
remove_team: FAILURE
get_team_points: SUCCESS, 1964
update_player_stats: SUCCESS
get_closest_player: SUCCESS, 88
unite_teams: SUCCESS
unite_teams: FAILURE
add_player: FAILURE
remove_team: FAILURE
get_closest_player: SUCCESS, 168
add_team: FAILURE
get_num_played_games: SUCCESS, 7051
add_team: FAILURE
get_all_players_count: SUCCESS, 3
unite_teams: FAILURE
knockout_winner: FAILURE
knockout_winner: SUCCESS, 12
knockout_winner: SUCCESS, 12
knockout_winner: FAILURE
knockout_winner: INVALID_INPUT
remove_player: SUCCESS
add_team: FAILURE
get_team_points: SUCCESS, 499
update_player_stats: SUCCESS
get_all_players: SUCCESS
79
22
130
9
181
get_top_scorer: SUCCESS, 135
play_match: FAILURE
play_match: FAILURE
play_match: FAILURE
get_top_scorer: SUCCESS, 103
add_team: FAILURE
get_all_players: SUCCESS
87
52
90
76
108
78
184
111
175
13
8
135
get_top_scorer: SUCCESS, 152
remove_team: FAILURE
unite_teams: FAILURE
add_player: FAILURE
play_match: SUCCESS
update_player_stats: SUCCESS
get_closest_player: SUCCESS, 20
get_closest_player: SUCCESS, 160
unite_teams: FAILURE
add_player: FAILURE
get_team_points: SUCCESS, 10998
remove_player: SUCCESS
get_team_points: SUCCESS, 7377
get_closest_player: SUCCESS, 22
play_match: FAILURE
get_num_played_games: SUCCESS, 7051
unite_teams: FAILURE
play_match: FAILURE
remove_player: SUCCESS
update_player_stats: SUCCESS
get_num_played_games: SUCCESS, 11045
play_match: FAILURE
knockout_winner: SUCCESS, 5
knockout_winner: INVALID_INPUT
knockout_winner: INVALID_INPUT
knockout_winner: SUCCESS, 12
knockout_winner: INVALID_INPUT
unite_teams: FAILURE
add_player: FAILURE
unite_teams: FAILURE
play_match: FAILURE
unite_teams: FAILURE
remove_player: SUCCESS
get_top_scorer: SUCCESS, 4
get_all_players: SUCCESS
67
83
100
31
66
68
200
120
163
156
59
188
149
146
knockout_winner: SUCCESS, 12
knockout_winner: INVALID_INPUT
knockout_winner: INVALID_INPUT
knockout_winner: SUCCESS, 14
knockout_winner: FAILURE
add_team: FAILURE
knockout_winner: SUCCESS, 19
knockout_winner: SUCCESS, 19
knockout_winner: SUCCESS, 14
knockout_winner: FAILURE
knockout_winner: INVALID_INPUT
unite_teams: FAILURE
get_num_played_games: SUCCESS, 6359
remove_player: SUCCESS
knockout_winner: SUCCESS, 14
knockout_winner: SUCCESS, 19
knockout_winner: SUCCESS, 12
knockout_winner: SUCCESS, 19
knockout_winner: INVALID_INPUT
update_player_stats: SUCCESS
remove_player: SUCCESS
get_all_players: SUCCESS
133
2
62
86
7
127
113
140
knockout_winner: SUCCESS, 14
knockout_winner: SUCCESS, 19
knockout_winner: SUCCESS, 12
knockout_winner: SUCCESS, 19
knockout_winner: SUCCESS, 13
unite_teams: FAILURE
remove_team: FAILURE
get_num_played_games: SUCCESS, 6498
knockout_winner: SUCCESS, 9
knockout_winner: SUCCESS, 14
knockout_winner: FAILURE
knockout_winner: SUCCESS, 14
knockout_winner: INVALID_INPUT
add_player: FAILURE
add_player: FAILURE
get_closest_player: SUCCESS, 168
unite_teams: FAILURE
get_num_played_games: SUCCESS, 21086
get_num_played_games: SUCCESS, 8553
remove_player: SUCCESS
knockout_winner: SUCCESS, 9
knockout_winner: SUCCESS, 14
knockout_winner: FAILURE
knockout_winner: SUCCESS, 14
knockout_winner: INVALID_INPUT
get_all_players: SUCCESS
87
52
90
108
76
78
184
111
175
13
8
135
play_match: FAILURE
remove_player: SUCCESS
knockout_winner: SUCCESS, 14
knockout_winner: SUCCESS, 19
knockout_winner: SUCCESS, 9
knockout_winner: SUCCESS, 19
knockout_winner: INVALID_INPUT
knockout_winner: INVALID_INPUT
knockout_winner: SUCCESS, 14
knockout_winner: INVALID_INPUT
knockout_winner: INVALID_INPUT
knockout_winner: INVALID_INPUT
get_team_points: SUCCESS, 494
get_num_played_games: SUCCESS, 8564
add_team: FAILURE
knockout_winner: SUCCESS, 19
knockout_winner: SUCCESS, 19
knockout_winner: SUCCESS, 14
knockout_winner: FAILURE
knockout_winner: INVALID_INPUT
add_team: FAILURE
add_team: FAILURE
add_player: FAILURE
remove_team: FAILURE
play_match: FAILURE
add_player: FAILURE
get_closest_player: SUCCESS, 197
get_closest_player: SUCCESS, 117
add_player: FAILURE
get_top_scorer: SUCCESS, 159
get_all_players: SUCCESS
106
25
35
129
191
update_player_stats: SUCCESS
unite_teams: FAILURE
get_top_scorer: SUCCESS, 159
get_num_played_games: SUCCESS, 10999
add_team: FAILURE
get_team_points: SUCCESS, 8827
get_top_scorer: SUCCESS, 1
update_player_stats: SUCCESS
remove_team: FAILURE
play_match: FAILURE
knockout_winner: FAILURE
knockout_winner: SUCCESS, 19
knockout_winner: SUCCESS, 13
knockout_winner: FAILURE
knockout_winner: INVALID_INPUT
remove_player: SUCCESS
get_all_players_count: SUCCESS, 3
get_team_points: SUCCESS, 1964
knockout_winner: SUCCESS, 19
knockout_winner: SUCCESS, 19
knockout_winner: SUCCESS, 14
knockout_winner: SUCCESS, 19
knockout_winner: INVALID_INPUT
add_player: FAILURE
update_player_stats: SUCCESS
knockout_winner: FAILURE
knockout_winner: SUCCESS, 19
knockout_winner: FAILURE
knockout_winner: FAILURE
knockout_winner: INVALID_INPUT
get_all_players_count: SUCCESS, 7
remove_team: FAILURE
knockout_winner: SUCCESS, 19
knockout_winner: SUCCESS, 19
knockout_winner: SUCCESS, 14
knockout_winner: FAILURE
knockout_winner: INVALID_INPUT
knockout_winner: SUCCESS, 19
knockout_winner: SUCCESS, 19
knockout_winner: SUCCESS, 14
knockout_winner: SUCCESS, 19
knockout_winner: SUCCESS, 14
get_all_players: SUCCESS
148
14
192
41
60
15
94
97
63
143
186
10
131
112
187
177
128
12
6
1
add_team: FAILURE
get_top_scorer: SUCCESS, 29
get_all_players_count: SUCCESS, 12
remove_player: SUCCESS
get_num_played_games: SUCCESS, 10584
play_match: SUCCESS
add_team: FAILURE
update_player_stats: SUCCESS
get_all_players: SUCCESS
106
25
35
129
191
get_closest_player: SUCCESS, 116
add_player: FAILURE
play_match: FAILURE
remove_team: FAILURE
unite_teams: FAILURE
unite_teams: FAILURE
unite_teams: FAILURE
remove_team: FAILURE
get_num_played_games: SUCCESS, 1310
get_all_players: SUCCESS
139
81
77
20
37
16
remove_player: SUCCESS
remove_team: FAILURE
get_num_played_games: SUCCESS, 4396
remove_team: FAILURE
update_player_stats: SUCCESS
play_match: FAILURE
knockout_winner: INVALID_INPUT
knockout_winner: SUCCESS, 14
knockout_winner: INVALID_INPUT
knockout_winner: INVALID_INPUT
knockout_winner: INVALID_INPUT
get_team_points: SUCCESS, 8966
get_all_players: SUCCESS
43
101
91
118
58
61
159
add_player: FAILURE
get_closest_player: SUCCESS, 158
get_top_scorer: SUCCESS, 140
play_match: FAILURE
knockout_winner: SUCCESS, 14
knockout_winner: SUCCESS, 14
knockout_winner: SUCCESS, 12
knockout_winner: SUCCESS, 19
knockout_winner: INVALID_INPUT
knockout_winner: INVALID_INPUT
knockout_winner: SUCCESS, 14
knockout_winner: INVALID_INPUT
knockout_winner: INVALID_INPUT
knockout_winner: INVALID_INPUT
add_team: FAILURE
add_player: FAILURE
play_match: FAILURE
get_all_players: SUCCESS
148
14
192
41
60
15
94
97
63
143
186
10
131
112
187
177
128
12
6
1
get_all_players: SUCCESS
106
25
35
129
191
update_player_stats: SUCCESS
update_player_stats: SUCCESS
add_team: FAILURE
get_all_players: SUCCESS
119
71
126
3
18
23
50
190
147
153
164
142
remove_player: SUCCESS
get_top_scorer: SUCCESS, 140
add_player: FAILURE
get_top_scorer: SUCCESS, 16
add_player: FAILURE
update_player_stats: SUCCESS
update_player_stats: SUCCESS
remove_team: FAILURE
add_team: FAILURE
remove_team: FAILURE
remove_team: FAILURE
get_all_players_count: SUCCESS, 9
get_top_scorer: SUCCESS, 142
get_team_points: SUCCESS, 8827
update_player_stats: SUCCESS
get_closest_player: SUCCESS, 103
get_closest_player: SUCCESS, 197
get_top_scorer: SUCCESS, 51
add_team: FAILURE
get_all_players_count: SUCCESS, 9
add_player: FAILURE
unite_teams: INVALID_INPUT
remove_player: SUCCESS
get_closest_player: SUCCESS, 75
get_all_players_count: SUCCESS, 5
knockout_winner: INVALID_INPUT
knockout_winner: SUCCESS, 14
knockout_winner: INVALID_INPUT
knockout_winner: INVALID_INPUT
knockout_winner: INVALID_INPUT
knockout_winner: FAILURE
knockout_winner: SUCCESS, 14
knockout_winner: SUCCESS, 12
knockout_winner: FAILURE
knockout_winner: INVALID_INPUT
get_closest_player: SUCCESS, 142
update_player_stats: SUCCESS
knockout_winner: FAILURE
knockout_winner: SUCCESS, 14
knockout_winner: SUCCESS, 14
knockout_winner: FAILURE
knockout_winner: INVALID_INPUT
get_closest_player: SUCCESS, 88
get_team_points: SUCCESS, 494
play_match: FAILURE
remove_team: FAILURE
get_closest_player: SUCCESS, 157
remove_team: FAILURE
get_team_points: SUCCESS, 11828
add_team: FAILURE
get_all_players: SUCCESS
136
158
198
194
69
19
80
197
124
get_top_scorer: SUCCESS, 152
add_team: FAILURE
update_player_stats: SUCCESS
get_top_scorer: SUCCESS, 181
remove_team: FAILURE
remove_team: FAILURE
add_player: FAILURE
get_all_players: SUCCESS
85
141
42
179
73
74
121
170
182
update_player_stats: SUCCESS
get_closest_player: SUCCESS, 123
remove_player: SUCCESS
get_all_players_count: SUCCESS, 13
get_all_players: SUCCESS
148
14
192
41
60
15
94
63
143
186
10
131
112
187
177
97
128
12
6
1
knockout_winner: SUCCESS, 14
knockout_winner: SUCCESS, 14
knockout_winner: SUCCESS, 12
knockout_winner: SUCCESS, 14
knockout_winner: SUCCESS, 13
get_num_played_games: SUCCESS, 7752
unite_teams: FAILURE
get_all_players_count: SUCCESS, 20
knockout_winner: SUCCESS, 14
knockout_winner: SUCCESS, 14
knockout_winner: SUCCESS, 12
knockout_winner: FAILURE
knockout_winner: INVALID_INPUT
add_team: FAILURE
update_player_stats: SUCCESS
play_match: FAILURE
update_player_stats: SUCCESS
remove_player: SUCCESS
knockout_winner: FAILURE
knockout_winner: SUCCESS, 14
knockout_winner: SUCCESS, 14
knockout_winner: FAILURE
knockout_winner: INVALID_INPUT
play_match: FAILURE
update_player_stats: SUCCESS
add_team: FAILURE
get_num_played_games: SUCCESS, 7189
remove_player: SUCCESS
get_closest_player: SUCCESS, 84
get_closest_player: SUCCESS, 88
remove_player: SUCCESS
get_all_players_count: SUCCESS, 7
play_match: FAILURE
play_match: FAILURE
get_num_played_games: SUCCESS, 21086
get_all_players_count: SUCCESS, 8
get_all_players_count: SUCCESS, 5
add_team: FAILURE
get_all_players_count: SUCCESS, 7
remove_player: SUCCESS
play_match: FAILURE
get_num_played_games: SUCCESS, 11843
add_team: FAILURE
get_num_played_games: SUCCESS, 8989
remove_team: FAILURE
get_all_players: SUCCESS
148
14
41
60
15
192
94
63
143
186
10
131
112
187
177
97
12
6
1
128
play_match: FAILURE
add_player: FAILURE
play_match: FAILURE
get_all_players_count: SUCCESS, 13
remove_player: SUCCESS
get_all_players: SUCCESS
196
114
195
17
98
115
160
29
remove_player: SUCCESS
remove_player: SUCCESS
add_player: FAILURE
get_closest_player: SUCCESS, 61
play_match: FAILURE
remove_team: FAILURE
add_player: FAILURE
add_player: FAILURE
get_num_played_games: SUCCESS, 15057
get_num_played_games: SUCCESS, 11267
add_team: FAILURE
get_all_players_count: SUCCESS, 7
unite_teams: FAILURE
knockout_winner: SUCCESS, 12
knockout_winner: INVALID_INPUT
knockout_winner: INVALID_INPUT
knockout_winner: SUCCESS, 14
knockout_winner: INVALID_INPUT
knockout_winner: SUCCESS, 12
knockout_winner: SUCCESS, 14
knockout_winner: SUCCESS, 5
knockout_winner: SUCCESS, 14
knockout_winner: INVALID_INPUT
get_num_played_games: SUCCESS, 8683
unite_teams: FAILURE
update_player_stats: SUCCESS
get_top_scorer: SUCCESS, 181
get_all_players: SUCCESS
136
198
194
69
19
80
197
124
add_player: FAILURE
unite_teams: FAILURE
get_num_played_games: SUCCESS, 11425
knockout_winner: SUCCESS, 14
knockout_winner: INVALID_INPUT
knockout_winner: INVALID_INPUT
knockout_winner: SUCCESS, 14
knockout_winner: SUCCESS, 12
get_top_scorer: SUCCESS, 159
get_team_points: SUCCESS, 3505
remove_team: FAILURE
get_all_players_count: SUCCESS, 6
get_num_played_games: SUCCESS, 9711
update_player_stats: SUCCESS
knockout_winner: SUCCESS, 14
knockout_winner: SUCCESS, 14
knockout_winner: SUCCESS, 14
knockout_winner: SUCCESS, 14
knockout_winner: SUCCESS, 14
get_all_players: SUCCESS
43
101
91
118
58
61
159
play_match: FAILURE
get_closest_player: SUCCESS, 117
update_player_stats: SUCCESS
get_all_players_count: SUCCESS, 7
get_top_scorer: SUCCESS, 129
add_team: FAILURE
update_player_stats: SUCCESS
remove_player: SUCCESS
remove_team: FAILURE
remove_player: SUCCESS
knockout_winner: FAILURE
knockout_winner: SUCCESS, 14
knockout_winner: SUCCESS, 5
knockout_winner: FAILURE
knockout_winner: INVALID_INPUT
add_player: FAILURE
get_all_players: SUCCESS
133
62
86
7
127
140
113
get_all_players: SUCCESS
136
198
194
69
19
80
197
124
add_team: FAILURE
get_all_players_count: SUCCESS, 7
update_player_stats: SUCCESS
knockout_winner: SUCCESS, 5
knockout_winner: SUCCESS, 9
knockout_winner: FAILURE
knockout_winner: SUCCESS, 12
knockout_winner: INVALID_INPUT
knockout_winner: SUCCESS, 5
knockout_winner: INVALID_INPUT
knockout_winner: INVALID_INPUT
knockout_winner: SUCCESS, 9
knockout_winner: INVALID_INPUT
get_all_players: SUCCESS
85
179
73
74
121
170
182
get_num_played_games: SUCCESS, 10245
knockout_winner: SUCCESS, 14
knockout_winner: SUCCESS, 14
knockout_winner: SUCCESS, 9
knockout_winner: FAILURE
knockout_winner: INVALID_INPUT
remove_player: SUCCESS
unite_teams: SUCCESS
update_player_stats: SUCCESS
get_team_points: SUCCESS, 3800
remove_team: FAILURE
knockout_winner: SUCCESS, 9
knockout_winner: SUCCESS, 14
knockout_winner: FAILURE
knockout_winner: SUCCESS, 14
knockout_winner: INVALID_INPUT
get_team_points: SUCCESS, 6704
remove_team: FAILURE
get_num_played_games: SUCCESS, 3487
get_closest_player: SUCCESS, 131
get_all_players_count: SUCCESS, 2
unite_teams: FAILURE
get_closest_player: SUCCESS, 60
knockout_winner: FAILURE
knockout_winner: SUCCESS, 14
knockout_winner: SUCCESS, 14
knockout_winner: FAILURE
knockout_winner: INVALID_INPUT
knockout_winner: SUCCESS, 14
knockout_winner: INVALID_INPUT
knockout_winner: INVALID_INPUT
knockout_winner: SUCCESS, 14
knockout_winner: SUCCESS, 9
get_all_players: SUCCESS
139
81
77
20
37
16
get_all_players: SUCCESS
107
157
183
103
173
get_all_players: SUCCESS
172
4
get_all_players: SUCCESS
196
114
195
17
98
115
160
29
get_all_players_count: SUCCESS, 20
get_closest_player: SUCCESS, 80
get_closest_player: SUCCESS, 152
add_player: FAILURE
get_all_players: SUCCESS
172
4
update_player_stats: SUCCESS
unite_teams: FAILURE
get_all_players: SUCCESS
151
132
116
169
110
134
168
46
30
105
75
99
82
knockout_winner: SUCCESS, 8
knockout_winner: SUCCESS, 9
knockout_winner: FAILURE
knockout_winner: SUCCESS, 13
knockout_winner: INVALID_INPUT
knockout_winner: SUCCESS, 8
knockout_winner: SUCCESS, 9
knockout_winner: FAILURE
knockout_winner: SUCCESS, 12
knockout_winner: INVALID_INPUT
play_match: FAILURE
remove_team: FAILURE
knockout_winner: INVALID_INPUT
knockout_winner: SUCCESS, 14
knockout_winner: INVALID_INPUT
knockout_winner: INVALID_INPUT
knockout_winner: INVALID_INPUT
get_team_points: SUCCESS, 1964
knockout_winner: SUCCESS, 14
knockout_winner: SUCCESS, 14
knockout_winner: SUCCESS, 9
knockout_winner: FAILURE
knockout_winner: INVALID_INPUT
add_team: FAILURE
get_closest_player: SUCCESS, 113
remove_team: FAILURE
remove_team: FAILURE
add_player: FAILURE
knockout_winner: SUCCESS, 14
knockout_winner: INVALID_INPUT
knockout_winner: INVALID_INPUT
knockout_winner: SUCCESS, 14
knockout_winner: SUCCESS, 14
play_match: FAILURE
get_num_played_games: SUCCESS, 4684
knockout_winner: SUCCESS, 14
knockout_winner: INVALID_INPUT
knockout_winner: INVALID_INPUT
knockout_winner: SUCCESS, 14
knockout_winner: SUCCESS, 9
add_team: FAILURE
get_all_players_count: SUCCESS, 9
get_closest_player: SUCCESS, 180
remove_player: SUCCESS
play_match: FAILURE
get_all_players: SUCCESS
43
101
91
58
61
159
update_player_stats: SUCCESS
remove_player: SUCCESS
remove_player: SUCCESS
add_team: FAILURE
get_all_players: SUCCESS
199
185
38
24
137
89
84
150
88
21
33
get_all_players_count: SUCCESS, 13
remove_player: SUCCESS
get_all_players_count: SUCCESS, 5
unite_teams: FAILURE
update_player_stats: SUCCESS
add_team: FAILURE
knockout_winner: SUCCESS, 14
knockout_winner: INVALID_INPUT
knockout_winner: INVALID_INPUT
knockout_winner: SUCCESS, 14
knockout_winner: SUCCESS, 14
get_all_players: SUCCESS
85
179
73
74
121
182
170
get_all_players_count: SUCCESS, 12
add_team: FAILURE
get_all_players: SUCCESS
199
185
38
24
137
89
84
150
88
21
33
add_player: FAILURE
get_num_played_games: SUCCESS, 6586
get_all_players: SUCCESS
43
101
91
58
61
159
knockout_winner: SUCCESS, 14
knockout_winner: SUCCESS, 14
knockout_winner: SUCCESS, 14
knockout_winner: FAILURE
knockout_winner: INVALID_INPUT
get_all_players_count: SUCCESS, 12
get_closest_player: SUCCESS, 103
get_num_played_games: SUCCESS, 6328
play_match: FAILURE
get_all_players_count: SUCCESS, 6
knockout_winner: SUCCESS, 9
knockout_winner: SUCCESS, 14
knockout_winner: SUCCESS, 8
knockout_winner: SUCCESS, 14
knockout_winner: INVALID_INPUT
get_all_players: SUCCESS
167
123
65
155
104
5
unite_teams: FAILURE
get_num_played_games: SUCCESS, 11508
get_num_played_games: SUCCESS, 1278
get_all_players_count: SUCCESS, 7
get_top_scorer: SUCCESS, 170
update_player_stats: SUCCESS
remove_player: SUCCESS
unite_teams: FAILURE
add_player: FAILURE
knockout_winner: SUCCESS, 14
knockout_winner: SUCCESS, 14
knockout_winner: SUCCESS, 14
knockout_winner: FAILURE
knockout_winner: INVALID_INPUT
unite_teams: FAILURE
remove_team: FAILURE
get_closest_player: SUCCESS, 17
get_all_players_count: SUCCESS, 6
add_player: FAILURE
knockout_winner: FAILURE
knockout_winner: SUCCESS, 14
knockout_winner: SUCCESS, 13
knockout_winner: FAILURE
knockout_winner: INVALID_INPUT
get_all_players: SUCCESS
151
132
169
110
134
168
46
30
105
75
99
82
add_player: FAILURE
get_all_players: SUCCESS
148
41
60
15
192
94
63
143
186
10
131
112
187
177
97
12
6
1
14
128
add_player: FAILURE
get_closest_player: SUCCESS, 199
add_player: FAILURE
get_closest_player: SUCCESS, 10
add_team: FAILURE
get_team_points: SUCCESS, 14208
update_player_stats: SUCCESS
get_all_players: SUCCESS
25
35
106
129
remove_team: FAILURE
unite_teams: FAILURE
get_all_players_count: SUCCESS, 8
remove_team: FAILURE
knockout_winner: FAILURE
knockout_winner: INVALID_INPUT
knockout_winner: INVALID_INPUT
knockout_winner: FAILURE
knockout_winner: INVALID_INPUT
play_match: FAILURE
get_num_played_games: SUCCESS, 17378
get_closest_player: SUCCESS, 9
add_team: FAILURE
get_closest_player: SUCCESS, 170
get_all_players: SUCCESS
22
130
9
79
knockout_winner: SUCCESS, 9
knockout_winner: SUCCESS, 14
knockout_winner: SUCCESS, 5
knockout_winner: SUCCESS, 14
knockout_winner: INVALID_INPUT
remove_player: SUCCESS
remove_team: FAILURE
play_match: SUCCESS
remove_player: SUCCESS
knockout_winner: SUCCESS, 8
knockout_winner: SUCCESS, 9
knockout_winner: FAILURE
knockout_winner: SUCCESS, 12
knockout_winner: INVALID_INPUT
remove_team: FAILURE
get_all_players_count: SUCCESS, 8
add_team: FAILURE
get_num_played_games: SUCCESS, 11148
remove_team: FAILURE
get_all_players: SUCCESS
148
41
60
15
192
94
63
143
186
10
131
112
187
177
97
12
6
1
14
128
unite_teams: FAILURE
add_player: FAILURE
add_team: FAILURE
get_all_players_count: SUCCESS, 13
add_player: FAILURE
get_all_players: SUCCESS
67
83
100
31
66
68
200
120
156
59
188
149
146
add_player: FAILURE
get_top_scorer: SUCCESS, 146
add_player: FAILURE
get_num_played_games: SUCCESS, 11943
get_team_points: SUCCESS, 483
update_player_stats: SUCCESS
update_player_stats: SUCCESS
remove_player: SUCCESS
unite_teams: FAILURE
get_team_points: SUCCESS, 9208
get_team_points: SUCCESS, 8849
add_team: FAILURE
get_team_points: SUCCESS, 494
add_team: FAILURE
get_num_played_games: SUCCESS, 2207
knockout_winner: FAILURE
knockout_winner: FAILURE
knockout_winner: FAILURE
knockout_winner: FAILURE
knockout_winner: INVALID_INPUT
update_player_stats: SUCCESS
get_top_scorer: SUCCESS, 16
get_closest_player: SUCCESS, 60
get_all_players: SUCCESS
22
130
9
79
get_all_players_count: SUCCESS, 1
remove_player: SUCCESS
update_player_stats: SUCCESS
unite_teams: FAILURE
unite_teams: SUCCESS
update_player_stats: SUCCESS
get_closest_player: SUCCESS, 175
update_player_stats: SUCCESS
add_player: FAILURE
play_match: FAILURE
get_num_played_games: SUCCESS, 10473
get_all_players_count: SUCCESS, 11
add_team: FAILURE
get_all_players: SUCCESS
167
123
65
104
155
5
remove_team: FAILURE
get_all_players: SUCCESS
85
179
73
74
25
121
35
106
129
182
170
add_player: FAILURE
update_player_stats: SUCCESS
get_all_players_count: SUCCESS, 12
add_player: FAILURE
remove_player: SUCCESS
get_all_players_count: SUCCESS, 11
get_num_played_games: SUCCESS, 6710
play_match: FAILURE
get_closest_player: SUCCESS, 62
add_player: FAILURE
get_all_players: SUCCESS
133
180
145
161
62
117
86
102
7
127
56
140
152
113
get_team_points: SUCCESS, 14229
add_player: FAILURE
get_top_scorer: SUCCESS, 29
get_top_scorer: SUCCESS, 5
add_team: FAILURE
get_closest_player: SUCCESS, 18
get_closest_player: SUCCESS, 1
remove_team: FAILURE
get_all_players_count: SUCCESS, 6
add_player: FAILURE
add_player: FAILURE
get_num_played_games: SUCCESS, 11843
get_top_scorer: SUCCESS, 146
remove_player: SUCCESS
get_closest_player: SUCCESS, 152
play_match: FAILURE
get_closest_player: SUCCESS, 114
get_all_players_count: SUCCESS, 14
get_all_players: SUCCESS
114
195
196
98
115
160
29
get_all_players: SUCCESS
81
77
20
37
16
knockout_winner: SUCCESS, 14
knockout_winner: SUCCESS, 9
knockout_winner: SUCCESS, 9
knockout_winner: SUCCESS, 20
knockout_winner: INVALID_INPUT
update_player_stats: SUCCESS
knockout_winner: SUCCESS, 14
knockout_winner: SUCCESS, 9
knockout_winner: SUCCESS, 9
knockout_winner: SUCCESS, 20
knockout_winner: INVALID_INPUT
add_player: FAILURE
add_player: FAILURE
remove_team: FAILURE
unite_teams: SUCCESS
remove_team: FAILURE
add_player: FAILURE
remove_team: FAILURE
add_player: FAILURE
add_team: FAILURE
remove_player: SUCCESS
remove_player: SUCCESS
remove_player: SUCCESS
remove_player: SUCCESS
remove_player: SUCCESS
remove_player: SUCCESS
remove_player: SUCCESS
remove_player: SUCCESS
remove_player: SUCCESS
remove_player: SUCCESS
remove_player: SUCCESS
remove_player: SUCCESS
remove_player: SUCCESS
remove_player: SUCCESS
remove_player: SUCCESS
remove_player: SUCCESS
remove_player: SUCCESS
remove_player: SUCCESS
remove_player: SUCCESS
remove_player: SUCCESS
remove_player: SUCCESS
remove_player: SUCCESS
remove_player: SUCCESS
remove_player: SUCCESS
remove_player: SUCCESS
remove_player: SUCCESS
remove_player: SUCCESS
remove_player: SUCCESS
remove_player: SUCCESS
remove_player: SUCCESS
remove_player: SUCCESS
remove_player: SUCCESS
remove_player: SUCCESS
remove_player: SUCCESS
remove_player: SUCCESS
remove_player: SUCCESS
remove_player: SUCCESS
remove_player: SUCCESS
remove_player: SUCCESS
remove_player: SUCCESS
remove_player: SUCCESS
remove_player: SUCCESS
remove_player: SUCCESS
remove_player: SUCCESS
remove_player: SUCCESS
remove_player: SUCCESS
remove_player: SUCCESS
remove_player: SUCCESS
remove_player: SUCCESS
remove_player: SUCCESS
remove_player: SUCCESS
remove_player: SUCCESS
remove_player: SUCCESS
remove_player: SUCCESS
remove_player: SUCCESS
remove_player: SUCCESS
remove_player: SUCCESS
remove_player: SUCCESS
remove_player: SUCCESS
remove_player: SUCCESS
remove_player: SUCCESS
remove_player: SUCCESS
remove_player: SUCCESS
remove_player: SUCCESS
remove_player: SUCCESS
remove_player: SUCCESS
remove_player: SUCCESS
remove_player: SUCCESS
remove_player: SUCCESS
remove_player: SUCCESS
remove_player: SUCCESS
remove_player: SUCCESS
remove_player: SUCCESS
remove_player: SUCCESS
remove_player: SUCCESS
remove_player: SUCCESS
remove_player: SUCCESS
remove_player: SUCCESS
remove_player: SUCCESS
remove_player: SUCCESS
remove_player: SUCCESS
remove_player: SUCCESS
remove_player: SUCCESS
remove_player: SUCCESS
remove_player: SUCCESS
remove_player: SUCCESS
remove_player: SUCCESS
remove_player: SUCCESS
remove_player: SUCCESS
remove_player: SUCCESS
remove_player: SUCCESS
remove_player: SUCCESS
remove_player: SUCCESS
remove_player: SUCCESS
remove_player: SUCCESS
remove_player: SUCCESS
remove_player: SUCCESS
remove_player: SUCCESS
remove_player: SUCCESS
remove_player: SUCCESS
remove_player: SUCCESS
remove_player: SUCCESS
remove_player: SUCCESS
remove_player: SUCCESS
remove_player: SUCCESS
remove_player: SUCCESS
remove_player: SUCCESS
remove_player: SUCCESS
remove_player: SUCCESS
remove_player: SUCCESS
remove_player: SUCCESS
remove_player: SUCCESS
remove_player: SUCCESS
remove_player: SUCCESS
remove_player: SUCCESS
remove_player: SUCCESS
remove_player: SUCCESS
remove_player: SUCCESS
remove_player: SUCCESS
remove_player: SUCCESS
remove_player: SUCCESS
remove_player: SUCCESS
remove_player: SUCCESS
remove_player: SUCCESS
remove_player: SUCCESS
remove_player: SUCCESS
remove_player: SUCCESS
remove_player: SUCCESS
remove_player: SUCCESS
remove_player: SUCCESS
remove_player: SUCCESS
remove_player: SUCCESS
remove_player: SUCCESS
remove_player: SUCCESS
remove_player: SUCCESS
remove_player: SUCCESS
remove_player: SUCCESS
remove_team: SUCCESS
remove_team: SUCCESS
remove_team: SUCCESS
remove_team: SUCCESS
remove_team: SUCCESS
remove_team: SUCCESS
remove_team: SUCCESS
remove_team: SUCCESS
remove_team: SUCCESS
remove_team: SUCCESS
remove_team: SUCCESS
remove_team: SUCCESS
remove_team: SUCCESS
remove_team: SUCCESS
remove_team: SUCCESS
