add_team: SUCCESS
add_team: SUCCESS
add_team: SUCCESS
add_team: SUCCESS
add_team: SUCCESS
add_team: SUCCESS
add_team: SUCCESS
add_team: SUCCESS
add_team: SUCCESS
add_team: SUCCESS
add_team: SUCCESS
add_team: SUCCESS
add_team: SUCCESS
add_team: SUCCESS
add_team: SUCCESS
add_team: SUCCESS
add_team: SUCCESS
add_team: SUCCESS
add_team: SUCCESS
add_team: SUCCESS
add_player: SUCCESS
add_player: SUCCESS
add_player: SUCCESS
add_player: SUCCESS
add_player: SUCCESS
add_player: SUCCESS
add_player: SUCCESS
add_player: SUCCESS
add_player: SUCCESS
add_player: SUCCESS
add_player: SUCCESS
add_player: SUCCESS
add_player: SUCCESS
add_player: SUCCESS
add_player: SUCCESS
add_player: SUCCESS
add_player: SUCCESS
add_player: SUCCESS
add_player: SUCCESS
add_player: SUCCESS
add_player: SUCCESS
add_player: SUCCESS
add_player: SUCCESS
add_player: SUCCESS
add_player: SUCCESS
add_player: SUCCESS
add_player: SUCCESS
add_player: SUCCESS
add_player: SUCCESS
add_player: SUCCESS
add_player: SUCCESS
add_player: SUCCESS
add_player: SUCCESS
add_player: SUCCESS
add_player: SUCCESS
add_player: SUCCESS
add_player: SUCCESS
add_player: SUCCESS
add_player: SUCCESS
add_player: SUCCESS
add_player: SUCCESS
add_player: SUCCESS
add_player: SUCCESS
add_player: SUCCESS
add_player: SUCCESS
add_player: SUCCESS
add_player: SUCCESS
add_player: SUCCESS
add_player: SUCCESS
add_player: SUCCESS
add_player: SUCCESS
add_player: SUCCESS
add_player: SUCCESS
add_player: SUCCESS
add_player: SUCCESS
add_player: SUCCESS
add_player: SUCCESS
add_player: SUCCESS
add_player: SUCCESS
add_player: SUCCESS
add_player: SUCCESS
add_player: SUCCESS
add_player: SUCCESS
add_player: SUCCESS
add_player: SUCCESS
add_player: SUCCESS
add_player: SUCCESS
add_player: SUCCESS
add_player: SUCCESS
add_player: SUCCESS
add_player: SUCCESS
add_player: SUCCESS
add_player: SUCCESS
add_player: SUCCESS
add_player: SUCCESS
add_player: SUCCESS
add_player: SUCCESS
add_player: SUCCESS
add_player: SUCCESS
add_player: SUCCESS
add_player: SUCCESS
add_player: SUCCESS
add_player: SUCCESS
add_player: SUCCESS
add_player: SUCCESS
add_player: SUCCESS
add_player: SUCCESS
add_player: SUCCESS
add_player: SUCCESS
add_player: SUCCESS
add_player: SUCCESS
add_player: SUCCESS
add_player: SUCCESS
add_player: SUCCESS
add_player: SUCCESS
add_player: SUCCESS
add_player: SUCCESS
add_player: SUCCESS
add_player: SUCCESS
add_player: SUCCESS
add_player: SUCCESS
add_player: SUCCESS
add_player: SUCCESS
add_player: SUCCESS
add_player: SUCCESS
add_player: SUCCESS
add_player: SUCCESS
add_player: SUCCESS
add_player: SUCCESS
add_player: SUCCESS
add_player: SUCCESS
add_player: SUCCESS
add_player: SUCCESS
add_player: SUCCESS
add_player: SUCCESS
add_player: SUCCESS
add_player: SUCCESS
add_player: SUCCESS
add_player: SUCCESS
add_player: SUCCESS
add_player: SUCCESS
add_player: SUCCESS
add_player: SUCCESS
add_player: SUCCESS
add_player: SUCCESS
add_player: SUCCESS
add_player: SUCCESS
add_player: SUCCESS
add_player: SUCCESS
add_player: SUCCESS
add_player: SUCCESS
add_player: SUCCESS
add_player: SUCCESS
add_player: SUCCESS
add_player: SUCCESS
add_player: SUCCESS
add_player: SUCCESS
add_player: SUCCESS
add_player: SUCCESS
add_player: SUCCESS
add_player: SUCCESS
add_player: SUCCESS
add_player: SUCCESS
add_player: SUCCESS
add_player: SUCCESS
add_player: SUCCESS
add_player: SUCCESS
add_player: SUCCESS
add_player: SUCCESS
add_player: SUCCESS
add_player: SUCCESS
add_player: SUCCESS
add_player: SUCCESS
add_player: SUCCESS
add_player: SUCCESS
add_player: SUCCESS
add_player: SUCCESS
add_player: SUCCESS
add_player: SUCCESS
add_player: SUCCESS
add_player: SUCCESS
add_player: SUCCESS
add_player: SUCCESS
add_player: SUCCESS
add_player: SUCCESS
add_player: SUCCESS
add_player: SUCCESS
add_player: SUCCESS
add_player: SUCCESS
add_player: SUCCESS
add_player: SUCCESS
add_player: SUCCESS
add_player: SUCCESS
add_player: SUCCESS
add_player: SUCCESS
add_player: SUCCESS
add_player: SUCCESS
add_player: SUCCESS
add_player: SUCCESS
add_player: SUCCESS
add_player: SUCCESS
add_player: SUCCESS
add_player: SUCCESS
add_player: SUCCESS
add_player: SUCCESS
add_player: SUCCESS
add_player: SUCCESS
add_player: SUCCESS
add_player: SUCCESS
add_player: SUCCESS
add_player: SUCCESS
add_player: SUCCESS
add_player: SUCCESS
add_player: SUCCESS
add_player: SUCCESS
add_player: SUCCESS
add_player: SUCCESS
add_player: SUCCESS
add_player: SUCCESS
add_player: SUCCESS
remove_player: SUCCESS
get_closest_player: SUCCESS, 195
play_match: FAILURE
add_player: FAILURE
get_all_players: SUCCESS
82
128
13
60
196
44
51
56
87
get_team_points: SUCCESS, 9004
knockout_winner: SUCCESS, 17
knockout_winner: SUCCESS, 18
knockout_winner: SUCCESS, 7
knockout_winner: SUCCESS, 18
knockout_winner: INVALID_INPUT
get_top_scorer: SUCCESS, 158
knockout_winner: SUCCESS, 10
knockout_winner: SUCCESS, 10
knockout_winner: SUCCESS, 8
knockout_winner: SUCCESS, 18
knockout_winner: INVALID_INPUT
remove_team: FAILURE
update_player_stats: SUCCESS
add_team: FAILURE
get_team_points: SUCCESS, 7111
remove_team: FAILURE
add_team: FAILURE
remove_team: FAILURE
get_team_points: SUCCESS, 10151
remove_player: SUCCESS
add_team: FAILURE
add_team: FAILURE
get_all_players: SUCCESS
186
35
38
192
176
100
101
70
42
158
get_all_players_count: SUCCESS, 12
add_team: FAILURE
get_all_players_count: SUCCESS, 8
add_player: FAILURE
play_match: FAILURE
get_num_played_games: SUCCESS, 3148
update_player_stats: SUCCESS
add_team: FAILURE
update_player_stats: SUCCESS
get_closest_player: SUCCESS, 152
get_closest_player: SUCCESS, 83
add_team: FAILURE
get_top_scorer: SUCCESS, 9
add_player: FAILURE
add_player: FAILURE
knockout_winner: SUCCESS, 10
knockout_winner: INVALID_INPUT
knockout_winner: INVALID_INPUT
knockout_winner: SUCCESS, 18
knockout_winner: SUCCESS, 15
remove_player: SUCCESS
get_team_points: SUCCESS, 465
get_team_points: SUCCESS, 7482
play_match: FAILURE
get_closest_player: SUCCESS, 41
remove_player: SUCCESS
knockout_winner: SUCCESS, 10
knockout_winner: SUCCESS, 10
knockout_winner: FAILURE
knockout_winner: SUCCESS, 15
knockout_winner: INVALID_INPUT
play_match: INVALID_INPUT
get_team_points: SUCCESS, 6083
get_all_players_count: SUCCESS, 9
add_player: FAILURE
get_all_players_count: SUCCESS, 12
unite_teams: FAILURE
get_team_points: SUCCESS, 11700
get_team_points: SUCCESS, 8837
get_top_scorer: SUCCESS, 9
get_num_played_games: SUCCESS, 9635
get_all_players: SUCCESS
148
178
15
130
118
120
16
91
122
92
183
160
159
177
get_team_points: SUCCESS, 10870
get_all_players_count: SUCCESS, 7
get_team_points: SUCCESS, 9341
remove_team: FAILURE
get_top_scorer: SUCCESS, 174
unite_teams: SUCCESS
knockout_winner: SUCCESS, 8
knockout_winner: INVALID_INPUT
knockout_winner: INVALID_INPUT
knockout_winner: SUCCESS, 10
knockout_winner: INVALID_INPUT
get_team_points: SUCCESS, 9341
remove_team: FAILURE
get_top_scorer: SUCCESS, 174
knockout_winner: FAILURE
knockout_winner: SUCCESS, 18
knockout_winner: SUCCESS, 15
knockout_winner: FAILURE
knockout_winner: INVALID_INPUT
unite_teams: FAILURE
get_all_players: SUCCESS
82
128
13
60
63
26
154
190
96
116
48
196
131
184
58
44
51
56
110
87
remove_team: FAILURE
update_player_stats: SUCCESS
unite_teams: SUCCESS
get_closest_player: SUCCESS, 63
unite_teams: FAILURE
get_all_players_count: SUCCESS, 5
unite_teams: FAILURE
get_closest_player: SUCCESS, 73
get_all_players: SUCCESS
114
173
29
55
172
188
106
113
152
90
11
123
102
get_all_players_count: SUCCESS, 20
get_all_players: SUCCESS
195
66
25
23
185
67
1
9
get_num_played_games: SUCCESS, 7611
get_closest_player: SUCCESS, 63
remove_player: SUCCESS
remove_player: SUCCESS
get_top_scorer: SUCCESS, 61
unite_teams: FAILURE
add_player: FAILURE
update_player_stats: SUCCESS
play_match: INVALID_INPUT
knockout_winner: FAILURE
knockout_winner: INVALID_INPUT
knockout_winner: INVALID_INPUT
knockout_winner: SUCCESS, 7
knockout_winner: INVALID_INPUT
get_all_players_count: SUCCESS, 10
update_player_stats: SUCCESS
get_closest_player: SUCCESS, 142
add_player: FAILURE
remove_player: SUCCESS
get_all_players: SUCCESS
112
169
163
3
33
40
43
182
133
141
add_player: FAILURE
remove_player: SUCCESS
get_top_scorer: SUCCESS, 87
remove_team: FAILURE
get_top_scorer: SUCCESS, 9
get_closest_player: SUCCESS, 97
get_all_players: SUCCESS
195
66
25
23
185
67
1
9
remove_player: SUCCESS
unite_teams: FAILURE
update_player_stats: SUCCESS
get_team_points: SUCCESS, 8837
get_closest_player: SUCCESS, 102
knockout_winner: SUCCESS, 8
knockout_winner: SUCCESS, 10
knockout_winner: FAILURE
knockout_winner: SUCCESS, 10
knockout_winner: INVALID_INPUT
get_all_players: SUCCESS
186
35
38
192
176
100
101
70
42
158
add_player: FAILURE
add_player: FAILURE
get_num_played_games: SUCCESS, 369
remove_team: FAILURE
get_team_points: SUCCESS, 18620
play_match: FAILURE
play_match: FAILURE
add_team: FAILURE
knockout_winner: SUCCESS, 18
knockout_winner: SUCCESS, 18
knockout_winner: SUCCESS, 10
knockout_winner: SUCCESS, 18
knockout_winner: INVALID_INPUT
get_closest_player: SUCCESS, 125
play_match: FAILURE
remove_player: SUCCESS
get_num_played_games: SUCCESS, 547
get_top_scorer: SUCCESS, 171
remove_player: SUCCESS
get_closest_player: SUCCESS, 185
add_player: FAILURE
get_all_players: SUCCESS
69
83
99
187
61
get_all_players: SUCCESS
156
115
32
151
41
165
166
103
157
138
180
74
get_all_players_count: SUCCESS, 10
get_closest_player: SUCCESS, 117
knockout_winner: SUCCESS, 10
knockout_winner: INVALID_INPUT
knockout_winner: INVALID_INPUT
knockout_winner: SUCCESS, 8
knockout_winner: SUCCESS, 8
unite_teams: FAILURE
get_all_players: SUCCESS
148
178
15
130
120
16
91
122
92
183
160
159
177
get_all_players_count: SUCCESS, 16
get_closest_player: SUCCESS, 29
update_player_stats: SUCCESS
add_team: FAILURE
remove_team: FAILURE
remove_player: SUCCESS
add_team: FAILURE
get_team_points: SUCCESS, 11700
add_player: FAILURE
add_team: FAILURE
get_all_players_count: SUCCESS, 12
add_player: FAILURE
play_match: FAILURE
get_team_points: SUCCESS, 270
get_closest_player: SUCCESS, 46
remove_team: FAILURE
remove_team: FAILURE
get_team_points: SUCCESS, 11731
remove_player: SUCCESS
get_top_scorer: SUCCESS, 174
knockout_winner: SUCCESS, 8
knockout_winner: SUCCESS, 8
knockout_winner: SUCCESS, 8
knockout_winner: SUCCESS, 18
knockout_winner: SUCCESS, 12
remove_team: FAILURE
get_num_played_games: SUCCESS, 9672
remove_player: SUCCESS
update_player_stats: SUCCESS
add_player: FAILURE
get_team_points: SUCCESS, 695
add_team: FAILURE
get_num_played_games: SUCCESS, 6284
unite_teams: SUCCESS
play_match: FAILURE
get_num_played_games: SUCCESS, 661
get_all_players: SUCCESS
128
13
60
63
26
154
190
96
116
48
82
196
131
184
58
44
51
56
110
87
get_all_players_count: SUCCESS, 13
get_all_players_count: SUCCESS, 11
get_top_scorer: SUCCESS, 75
knockout_winner: SUCCESS, 18
knockout_winner: SUCCESS, 20
knockout_winner: SUCCESS, 10
knockout_winner: SUCCESS, 20
knockout_winner: INVALID_INPUT
get_team_points: SUCCESS, 8837
get_num_played_games: SUCCESS, 11348
update_player_stats: SUCCESS
get_team_points: SUCCESS, 10151
update_player_stats: SUCCESS
remove_player: SUCCESS
get_all_players_count: SUCCESS, 20
get_top_scorer: SUCCESS, 121
get_closest_player: SUCCESS, 152
knockout_winner: SUCCESS, 8
knockout_winner: SUCCESS, 20
knockout_winner: SUCCESS, 8
knockout_winner: SUCCESS, 20
knockout_winner: INVALID_INPUT
get_top_scorer: SUCCESS, 9
play_match: FAILURE
get_num_played_games: SUCCESS, 11801
knockout_winner: SUCCESS, 8
knockout_winner: INVALID_INPUT
knockout_winner: INVALID_INPUT
knockout_winner: SUCCESS, 17
knockout_winner: INVALID_INPUT
remove_player: SUCCESS
update_player_stats: SUCCESS
get_top_scorer: SUCCESS, 141
knockout_winner: SUCCESS, 20
knockout_winner: SUCCESS, 20
knockout_winner: SUCCESS, 8
knockout_winner: SUCCESS, 18
knockout_winner: INVALID_INPUT
play_match: FAILURE
update_player_stats: SUCCESS
play_match: FAILURE
add_team: FAILURE
remove_team: FAILURE
get_top_scorer: SUCCESS, 132
get_num_played_games: SUCCESS, 2172
unite_teams: FAILURE
remove_player: SUCCESS
remove_player: SUCCESS
unite_teams: FAILURE
get_top_scorer: SUCCESS, 177
get_num_played_games: SUCCESS, 8033
add_team: FAILURE
add_player: FAILURE
update_player_stats: SUCCESS
get_closest_player: SUCCESS, 8
get_all_players: SUCCESS
195
66
25
23
185
67
1
9
update_player_stats: SUCCESS
add_player: FAILURE
get_top_scorer: SUCCESS, 193
add_team: FAILURE
unite_teams: FAILURE
add_team: FAILURE
knockout_winner: SUCCESS, 10
knockout_winner: SUCCESS, 20
knockout_winner: SUCCESS, 8
knockout_winner: SUCCESS, 18
knockout_winner: INVALID_INPUT
remove_team: FAILURE
play_match: INVALID_INPUT
play_match: FAILURE
get_all_players_count: SUCCESS, 12
get_all_players: SUCCESS
105
168
117
22
2
181
27
47
198
68
121
play_match: SUCCESS
add_team: FAILURE
add_team: FAILURE
add_team: FAILURE
get_num_played_games: SUCCESS, 10367
knockout_winner: SUCCESS, 20
knockout_winner: SUCCESS, 18
knockout_winner: FAILURE
knockout_winner: FAILURE
knockout_winner: INVALID_INPUT
get_all_players_count: SUCCESS, 10
update_player_stats: SUCCESS
get_num_played_games: SUCCESS, 6284
remove_player: SUCCESS
get_closest_player: SUCCESS, 163
get_num_played_games: SUCCESS, 7019
get_top_scorer: SUCCESS, 74
unite_teams: FAILURE
get_top_scorer: SUCCESS, 158
knockout_winner: FAILURE
knockout_winner: INVALID_INPUT
knockout_winner: INVALID_INPUT
knockout_winner: SUCCESS, 8
knockout_winner: INVALID_INPUT
update_player_stats: SUCCESS
add_player: FAILURE
get_closest_player: SUCCESS, 166
update_player_stats: SUCCESS
unite_teams: FAILURE
get_team_points: SUCCESS, 11700
unite_teams: FAILURE
get_closest_player: SUCCESS, 109
get_num_played_games: SUCCESS, 601
get_all_players: SUCCESS
112
163
3
33
40
43
182
133
141
remove_team: FAILURE
update_player_stats: SUCCESS
add_team: FAILURE
knockout_winner: SUCCESS, 8
knockout_winner: INVALID_INPUT
knockout_winner: INVALID_INPUT
knockout_winner: SUCCESS, 20
knockout_winner: SUCCESS, 8
get_all_players: SUCCESS
18
72
147
136
79
111
132
remove_team: FAILURE
get_all_players: SUCCESS
112
163
3
33
40
43
182
133
141
remove_player: SUCCESS
unite_teams: FAILURE
play_match: FAILURE
update_player_stats: SUCCESS
remove_player: SUCCESS
get_top_scorer: SUCCESS, 104
get_num_played_games: SUCCESS, 8261
get_all_players_count: SUCCESS, 11
get_top_scorer: SUCCESS, 50
get_top_scorer: SUCCESS, 140
add_team: FAILURE
get_team_points: SUCCESS, 9301
get_num_played_games: SUCCESS, 4742
remove_team: FAILURE
get_team_points: SUCCESS, 9341
remove_team: FAILURE
unite_teams: FAILURE
get_all_players_count: SUCCESS, 11
play_match: FAILURE
unite_teams: FAILURE
get_team_points: SUCCESS, 8837
knockout_winner: SUCCESS, 11
knockout_winner: SUCCESS, 8
knockout_winner: SUCCESS, 6
knockout_winner: FAILURE
knockout_winner: INVALID_INPUT
unite_teams: FAILURE
get_all_players_count: SUCCESS, 10
knockout_winner: SUCCESS, 10
knockout_winner: SUCCESS, 8
knockout_winner: SUCCESS, 8
knockout_winner: SUCCESS, 17
knockout_winner: INVALID_INPUT
play_match: FAILURE
knockout_winner: SUCCESS, 8
knockout_winner: SUCCESS, 8
knockout_winner: SUCCESS, 6
knockout_winner: FAILURE
knockout_winner: INVALID_INPUT
update_player_stats: SUCCESS
get_closest_player: SUCCESS, 48
get_closest_player: SUCCESS, 11
unite_teams: FAILURE
get_num_played_games: SUCCESS, 10539
add_team: FAILURE
add_team: FAILURE
update_player_stats: SUCCESS
update_player_stats: SUCCESS
remove_team: FAILURE
get_team_points: SUCCESS, 270
add_player: FAILURE
remove_player: SUCCESS
update_player_stats: SUCCESS
get_num_played_games: SUCCESS, 11371
get_closest_player: SUCCESS, 69
add_team: FAILURE
get_top_scorer: SUCCESS, 74
unite_teams: FAILURE
get_team_points: SUCCESS, 10870
get_closest_player: SUCCESS, 117
add_team: FAILURE
remove_team: FAILURE
get_all_players: SUCCESS
18
72
147
136
79
111
132
get_all_players: SUCCESS
114
173
29
55
172
106
188
113
152
11
123
102
add_player: FAILURE
play_match: SUCCESS
update_player_stats: SUCCESS
get_num_played_games: SUCCESS, 392
get_all_players: SUCCESS
65
8
62
86
107
153
12
126
146
145
update_player_stats: SUCCESS
add_player: FAILURE
knockout_winner: SUCCESS, 8
knockout_winner: INVALID_INPUT
knockout_winner: INVALID_INPUT
knockout_winner: SUCCESS, 8
knockout_winner: INVALID_INPUT
play_match: FAILURE
get_top_scorer: SUCCESS, 158
update_player_stats: SUCCESS
unite_teams: FAILURE
get_num_played_games: SUCCESS, 11801
get_all_players_count: SUCCESS, 7
remove_player: SUCCESS
unite_teams: SUCCESS
remove_team: FAILURE
knockout_winner: SUCCESS, 18
knockout_winner: SUCCESS, 20
knockout_winner: SUCCESS, 11
knockout_winner: FAILURE
knockout_winner: INVALID_INPUT
get_num_played_games: SUCCESS, 2095
get_all_players_count: SUCCESS, 9
play_match: SUCCESS
play_match: INVALID_INPUT
play_match: FAILURE
update_player_stats: SUCCESS
get_top_scorer: SUCCESS, 145
get_all_players_count: SUCCESS, 12
get_all_players: SUCCESS
128
13
60
63
154
96
116
48
82
196
131
184
58
51
56
110
87
26
190
remove_player: SUCCESS
remove_team: FAILURE
get_team_points: SUCCESS, 18620
get_num_played_games: SUCCESS, 8924
get_closest_player: SUCCESS, 135
get_all_players_count: SUCCESS, 7
add_team: FAILURE
remove_team: FAILURE
get_all_players_count: SUCCESS, 7
get_all_players: SUCCESS
112
163
3
33
40
182
133
141
43
add_player: FAILURE
remove_player: SUCCESS
update_player_stats: SUCCESS
update_player_stats: SUCCESS
unite_teams: SUCCESS
unite_teams: SUCCESS
get_closest_player: SUCCESS, 152
get_team_points: SUCCESS, 23311
get_all_players_count: SUCCESS, 7
add_team: FAILURE
get_closest_player: SUCCESS, 80
get_all_players_count: SUCCESS, 22
knockout_winner: SUCCESS, 18
knockout_winner: SUCCESS, 17
knockout_winner: FAILURE
knockout_winner: FAILURE
knockout_winner: INVALID_INPUT
get_closest_player: SUCCESS, 125
get_top_scorer: SUCCESS, 193
get_all_players: SUCCESS
69
83
99
187
remove_team: FAILURE
get_closest_player: SUCCESS, 40
unite_teams: FAILURE
unite_teams: FAILURE
get_num_played_games: SUCCESS, 11224
add_team: FAILURE
get_closest_player: SUCCESS, 179
get_closest_player: SUCCESS, 92
get_closest_player: SUCCESS, 143
remove_player: SUCCESS
remove_team: FAILURE
get_num_played_games: SUCCESS, 2736
remove_player: SUCCESS
play_match: SUCCESS
add_team: FAILURE
add_team: FAILURE
remove_team: FAILURE
get_all_players_count: SUCCESS, 9
add_player: FAILURE
get_team_points: SUCCESS, 17633
add_team: FAILURE
get_all_players_count: SUCCESS, 7
knockout_winner: SUCCESS, 9
knockout_winner: SUCCESS, 11
knockout_winner: FAILURE
knockout_winner: FAILURE
knockout_winner: INVALID_INPUT
get_closest_player: SUCCESS, 173
get_top_scorer: SUCCESS, 187
play_match: INVALID_INPUT
get_top_scorer: SUCCESS, 193
update_player_stats: SUCCESS
remove_player: SUCCESS
get_all_players: SUCCESS
57
81
88
128
13
60
84
46
63
154
96
37
48
82
80
196
131
184
194
144
58
143
51
109
56
110
26
190
50
get_all_players: SUCCESS
148
178
15
130
16
122
92
183
160
159
177
remove_player: SUCCESS
get_closest_player: SUCCESS, 168
remove_player: SUCCESS
get_num_played_games: SUCCESS, 3788
remove_team: FAILURE
knockout_winner: SUCCESS, 8
knockout_winner: SUCCESS, 11
knockout_winner: FAILURE
knockout_winner: FAILURE
knockout_winner: INVALID_INPUT
knockout_winner: SUCCESS, 9
knockout_winner: SUCCESS, 11
knockout_winner: FAILURE
knockout_winner: FAILURE
knockout_winner: INVALID_INPUT
get_all_players: SUCCESS
156
115
32
165
166
103
157
138
180
74
unite_teams: FAILURE
get_all_players_count: SUCCESS, 8
knockout_winner: SUCCESS, 6
knockout_winner: SUCCESS, 11
knockout_winner: FAILURE
knockout_winner: SUCCESS, 10
knockout_winner: INVALID_INPUT
add_team: FAILURE
get_all_players: SUCCESS
65
8
62
86
107
153
12
126
146
145
knockout_winner: FAILURE
knockout_winner: SUCCESS, 20
knockout_winner: FAILURE
knockout_winner: FAILURE
knockout_winner: INVALID_INPUT
knockout_winner: FAILURE
knockout_winner: INVALID_INPUT
knockout_winner: INVALID_INPUT
knockout_winner: SUCCESS, 10
knockout_winner: INVALID_INPUT
play_match: FAILURE
get_all_players: SUCCESS
148
178
15
130
16
122
92
183
160
159
177
get_all_players: SUCCESS
156
115
32
165
166
103
157
138
180
74
get_all_players: SUCCESS
85
59
197
108
127
21
54
34
knockout_winner: INVALID_INPUT
knockout_winner: INVALID_INPUT
knockout_winner: INVALID_INPUT
knockout_winner: INVALID_INPUT
knockout_winner: INVALID_INPUT
add_player: FAILURE
remove_team: FAILURE
update_player_stats: SUCCESS
knockout_winner: INVALID_INPUT
knockout_winner: INVALID_INPUT
knockout_winner: INVALID_INPUT
knockout_winner: INVALID_INPUT
knockout_winner: INVALID_INPUT
remove_team: FAILURE
remove_player: SUCCESS
get_all_players: SUCCESS
164
5
52
64
77
76
97
17
179
94
19
142
125
104
get_closest_player: SUCCESS, 96
get_team_points: SUCCESS, 11703
add_player: FAILURE
get_num_played_games: SUCCESS, 2096
unite_teams: FAILURE
knockout_winner: SUCCESS, 20
knockout_winner: SUCCESS, 20
knockout_winner: SUCCESS, 11
knockout_winner: SUCCESS, 20
knockout_winner: FAILURE
get_all_players: SUCCESS
186
35
66
38
195
23
176
100
101
185
70
67
1
42
158
25
9
get_top_scorer: SUCCESS, 74
get_all_players_count: SUCCESS, 11
play_match: FAILURE
add_team: FAILURE
get_top_scorer: SUCCESS, 104
add_team: FAILURE
get_closest_player: SUCCESS, 184
add_player: FAILURE
add_player: FAILURE
add_team: FAILURE
play_match: FAILURE
get_team_points: SUCCESS, 7111
remove_player: SUCCESS
get_team_points: SUCCESS, 10331
knockout_winner: INVALID_INPUT
knockout_winner: SUCCESS, 20
knockout_winner: INVALID_INPUT
knockout_winner: INVALID_INPUT
knockout_winner: INVALID_INPUT
unite_teams: FAILURE
get_all_players_count: SUCCESS, 10
get_all_players_count: SUCCESS, 16
update_player_stats: SUCCESS
get_team_points: SUCCESS, 1280
get_num_played_games: SUCCESS, 2080
unite_teams: FAILURE
get_all_players_count: SUCCESS, 10
add_team: FAILURE
get_all_players: SUCCESS
57
81
88
128
13
60
84
46
63
154
96
37
48
82
80
196
131
184
194
144
58
143
51
109
56
110
26
190
50
get_closest_player: SUCCESS, 109
unite_teams: FAILURE
get_num_played_games: SUCCESS, 547
get_closest_player: SUCCESS, 42
get_closest_player: SUCCESS, 165
add_team: FAILURE
get_team_points: SUCCESS, 10870
add_player: FAILURE
get_all_players: SUCCESS
156
115
32
165
166
103
157
138
180
74
add_player: FAILURE
get_team_points: SUCCESS, 9806
play_match: FAILURE
get_team_points: SUCCESS, 10870
get_team_points: SUCCESS, 8837
get_all_players_count: SUCCESS, 11
get_all_players_count: SUCCESS, 29
get_all_players: SUCCESS
168
117
22
2
181
105
27
47
198
68
121
remove_team: FAILURE
knockout_winner: INVALID_INPUT
knockout_winner: SUCCESS, 20
knockout_winner: INVALID_INPUT
knockout_winner: INVALID_INPUT
knockout_winner: INVALID_INPUT
remove_team: FAILURE
knockout_winner: SUCCESS, 11
knockout_winner: INVALID_INPUT
knockout_winner: INVALID_INPUT
knockout_winner: SUCCESS, 20
knockout_winner: SUCCESS, 10
unite_teams: FAILURE
get_team_points: SUCCESS, 10870
get_all_players_count: SUCCESS, 8
remove_player: SUCCESS
add_team: FAILURE
get_all_players: SUCCESS
168
117
22
2
181
105
27
47
198
68
121
get_team_points: SUCCESS, 17633
get_closest_player: SUCCESS, 172
remove_player: SUCCESS
get_top_scorer: SUCCESS, 145
remove_team: FAILURE
get_num_played_games: SUCCESS, 8206
add_team: FAILURE
get_team_points: SUCCESS, 9806
get_all_players: SUCCESS
69
83
99
187
remove_player: SUCCESS
add_player: FAILURE
get_all_players_count: SUCCESS, 11
get_closest_player: SUCCESS, 70
remove_player: SUCCESS
unite_teams: SUCCESS
get_top_scorer: SUCCESS, 187
get_num_played_games: SUCCESS, 4206
remove_player: SUCCESS
remove_player: SUCCESS
get_num_played_games: SUCCESS, 10539
play_match: FAILURE
add_team: FAILURE
get_team_points: SUCCESS, 9806
unite_teams: FAILURE
remove_team: FAILURE
get_all_players_count: SUCCESS, 14
get_closest_player: SUCCESS, 182
remove_player: SUCCESS
play_match: SUCCESS
get_closest_player: SUCCESS, 80
play_match: FAILURE
unite_teams: FAILURE
play_match: SUCCESS
get_num_played_games: SUCCESS, 8357
get_all_players: SUCCESS
114
173
29
189
137
55
172
20
106
188
113
170
152
11
200
123
10
102
28
140
get_num_played_games: SUCCESS, 2303
remove_team: FAILURE
get_all_players_count: SUCCESS, 27
remove_team: FAILURE
get_num_played_games: SUCCESS, 7462
get_all_players: SUCCESS
69
99
187
add_team: FAILURE
unite_teams: SUCCESS
add_player: FAILURE
remove_team: FAILURE
get_all_players: SUCCESS
4
30
134
199
135
75
171
get_top_scorer: SUCCESS, 43
get_all_players: SUCCESS
114
173
29
189
137
55
172
95
20
106
188
113
170
152
11
191
200
155
123
14
7
10
162
119
102
149
175
28
39
193
140
add_player: FAILURE
get_team_points: SUCCESS, 7111
get_closest_player: SUCCESS, 195
remove_player: SUCCESS
unite_teams: FAILURE
remove_team: FAILURE
knockout_winner: SUCCESS, 20
knockout_winner: SUCCESS, 17
knockout_winner: FAILURE
knockout_winner: FAILURE
knockout_winner: INVALID_INPUT
get_all_players: SUCCESS
3
112
33
40
182
133
141
43
knockout_winner: SUCCESS, 17
knockout_winner: SUCCESS, 17
knockout_winner: SUCCESS, 11
knockout_winner: SUCCESS, 20
knockout_winner: INVALID_INPUT
get_num_played_games: SUCCESS, 2965
get_top_scorer: SUCCESS, 132
get_closest_player: SUCCESS, 168
remove_team: FAILURE
get_all_players: SUCCESS
85
59
18
197
108
127
72
21
147
136
79
111
54
34
132
play_match: FAILURE
get_closest_player: SUCCESS, 37
update_player_stats: SUCCESS
unite_teams: FAILURE
get_num_played_games: SUCCESS, 9182
get_top_scorer: SUCCESS, 132
add_player: FAILURE
play_match: FAILURE
get_top_scorer: SUCCESS, 104
get_num_played_games: SUCCESS, 4882
get_team_points: SUCCESS, 33123
remove_team: FAILURE
remove_player: SUCCESS
get_top_scorer: SUCCESS, 177
remove_team: FAILURE
get_all_players_count: SUCCESS, 8
remove_team: FAILURE
get_team_points: SUCCESS, 11565
remove_player: SUCCESS
play_match: FAILURE
update_player_stats: SUCCESS
get_top_scorer: SUCCESS, 74
add_player: FAILURE
play_match: FAILURE
remove_team: FAILURE
get_all_players_count: SUCCESS, 10
get_num_played_games: SUCCESS, 3413
get_team_points: SUCCESS, 8837
update_player_stats: SUCCESS
remove_team: FAILURE
remove_player: SUCCESS
get_all_players: SUCCESS
4
30
134
199
135
75
171
get_all_players: SUCCESS
112
33
3
40
182
133
141
43
remove_team: FAILURE
remove_team: FAILURE
update_player_stats: SUCCESS
get_all_players: SUCCESS
156
115
32
165
166
103
157
138
180
74
get_all_players_count: SUCCESS, 10
play_match: FAILURE
add_team: FAILURE
play_match: FAILURE
get_top_scorer: SUCCESS, 121
knockout_winner: SUCCESS, 17
knockout_winner: SUCCESS, 17
knockout_winner: SUCCESS, 11
knockout_winner: SUCCESS, 20
knockout_winner: INVALID_INPUT
get_all_players: SUCCESS
35
66
195
186
23
176
100
101
185
70
67
1
42
158
get_closest_player: SUCCESS, 30
remove_team: FAILURE
knockout_winner: SUCCESS, 20
knockout_winner: SUCCESS, 17
knockout_winner: FAILURE
knockout_winner: FAILURE
knockout_winner: INVALID_INPUT
add_player: FAILURE
knockout_winner: SUCCESS, 9
knockout_winner: SUCCESS, 9
knockout_winner: SUCCESS, 9
knockout_winner: SUCCESS, 17
knockout_winner: SUCCESS, 11
get_all_players_count: SUCCESS, 8
add_player: FAILURE
get_team_points: SUCCESS, 17633
add_team: FAILURE
add_team: FAILURE
get_team_points: SUCCESS, 7111
get_top_scorer: SUCCESS, 140
update_player_stats: SUCCESS
remove_team: FAILURE
add_player: FAILURE
get_num_played_games: SUCCESS, 16477
get_all_players: SUCCESS
85
18
197
127
72
21
147
136
59
79
111
54
34
132
update_player_stats: SUCCESS
add_player: FAILURE
remove_team: FAILURE
remove_player: SUCCESS
knockout_winner: SUCCESS, 11
knockout_winner: SUCCESS, 9
knockout_winner: FAILURE
knockout_winner: FAILURE
knockout_winner: INVALID_INPUT
get_team_points: SUCCESS, 18620
get_closest_player: SUCCESS, 35
add_team: FAILURE
remove_team: FAILURE
update_player_stats: SUCCESS
get_top_scorer: SUCCESS, 50
get_closest_player: SUCCESS, 109
remove_player: SUCCESS
get_all_players_count: SUCCESS, 31
knockout_winner: SUCCESS, 9
knockout_winner: INVALID_INPUT
knockout_winner: INVALID_INPUT
knockout_winner: SUCCESS, 9
knockout_winner: SUCCESS, 9
get_all_players: SUCCESS
112
33
3
40
182
133
141
43
get_closest_player: SUCCESS, 102
remove_team: FAILURE
remove_team: FAILURE
remove_player: SUCCESS
get_closest_player: SUCCESS, 101
add_team: FAILURE
get_top_scorer: SUCCESS, 104
remove_team: FAILURE
get_closest_player: SUCCESS, 43
get_all_players: SUCCESS
114
29
189
137
55
172
95
20
106
188
113
170
152
11
191
200
155
123
14
7
10
162
173
119
102
149
175
28
39
193
140
get_top_scorer: SUCCESS, 104
remove_player: SUCCESS
get_all_players: SUCCESS
164
5
52
64
77
76
97
17
179
94
19
142
125
104
remove_team: FAILURE
add_player: FAILURE
knockout_winner: SUCCESS, 17
knockout_winner: SUCCESS, 17
knockout_winner: SUCCESS, 11
knockout_winner: FAILURE
knockout_winner: INVALID_INPUT
add_team: FAILURE
update_player_stats: SUCCESS
get_team_points: SUCCESS, 7111
play_match: FAILURE
knockout_winner: INVALID_INPUT
knockout_winner: SUCCESS, 11
knockout_winner: INVALID_INPUT
knockout_winner: INVALID_INPUT
knockout_winner: INVALID_INPUT
remove_player: SUCCESS
play_match: FAILURE
update_player_stats: SUCCESS
remove_team: FAILURE
update_player_stats: SUCCESS
play_match: FAILURE
add_player: FAILURE
add_player: FAILURE
get_all_players_count: SUCCESS, 6
get_all_players: SUCCESS
112
33
3
40
182
133
141
43
update_player_stats: SUCCESS
add_team: FAILURE
get_num_played_games: SUCCESS, 3148
add_player: FAILURE
get_num_played_games: SUCCESS, 8785
play_match: FAILURE
remove_player: SUCCESS
play_match: FAILURE
knockout_winner: FAILURE
knockout_winner: SUCCESS, 17
knockout_winner: FAILURE
knockout_winner: SUCCESS, 20
knockout_winner: INVALID_INPUT
remove_team: FAILURE
get_all_players_count: SUCCESS, 30
get_team_points: SUCCESS, 1280
get_closest_player: SUCCESS, 157
remove_team: FAILURE
get_all_players_count: SUCCESS, 30
add_player: FAILURE
remove_player: SUCCESS
get_team_points: SUCCESS, 11703
get_all_players_count: SUCCESS, 13
remove_team: FAILURE
play_match: FAILURE
remove_team: FAILURE
get_closest_player: SUCCESS, 162
get_all_players: SUCCESS
168
117
22
2
181
105
27
47
68
121
play_match: FAILURE
update_player_stats: SUCCESS
add_team: FAILURE
remove_player: SUCCESS
get_team_points: SUCCESS, 10331
get_team_points: SUCCESS, 9301
remove_team: FAILURE
knockout_winner: INVALID_INPUT
knockout_winner: SUCCESS, 9
knockout_winner: INVALID_INPUT
knockout_winner: INVALID_INPUT
knockout_winner: INVALID_INPUT
get_all_players: SUCCESS
164
5
52
64
77
76
97
17
179
94
19
142
125
104
add_team: FAILURE
get_all_players: SUCCESS
57
81
88
128
13
84
154
96
37
131
184
194
144
58
82
143
51
109
56
26
190
50
add_team: FAILURE
play_match: FAILURE
remove_player: SUCCESS
add_team: FAILURE
get_all_players_count: SUCCESS, 22
remove_team: FAILURE
get_all_players: SUCCESS
85
18
127
72
21
59
79
111
54
34
132
get_all_players: SUCCESS
164
5
52
64
77
76
97
17
179
94
19
142
125
104
get_all_players_count: SUCCESS, 10
add_team: FAILURE
knockout_winner: SUCCESS, 20
knockout_winner: SUCCESS, 17
knockout_winner: FAILURE
knockout_winner: FAILURE
knockout_winner: INVALID_INPUT
knockout_winner: INVALID_INPUT
knockout_winner: FAILURE
knockout_winner: INVALID_INPUT
knockout_winner: INVALID_INPUT
knockout_winner: INVALID_INPUT
knockout_winner: SUCCESS, 17
knockout_winner: SUCCESS, 17
knockout_winner: SUCCESS, 11
knockout_winner: SUCCESS, 20
knockout_winner: INVALID_INPUT
play_match: FAILURE
get_top_scorer: SUCCESS, 66
add_player: FAILURE
remove_team: FAILURE
get_all_players_count: SUCCESS, 8
get_all_players_count: SUCCESS, 10
get_closest_player: SUCCESS, 39
remove_team: FAILURE
update_player_stats: SUCCESS
play_match: FAILURE
remove_player: SUCCESS
get_num_played_games: SUCCESS, 8303
remove_player: SUCCESS
get_closest_player: SUCCESS, 140
get_all_players_count: SUCCESS, 3
get_all_players_count: SUCCESS, 10
get_closest_player: SUCCESS, 114
remove_team: FAILURE
add_player: FAILURE
add_team: FAILURE
add_team: FAILURE
get_closest_player: SUCCESS, 57
get_top_scorer: SUCCESS, 75
update_player_stats: SUCCESS
add_team: FAILURE
add_team: FAILURE
add_team: FAILURE
knockout_winner: INVALID_INPUT
knockout_winner: SUCCESS, 9
knockout_winner: INVALID_INPUT
knockout_winner: INVALID_INPUT
knockout_winner: INVALID_INPUT
remove_team: FAILURE
add_player: FAILURE
get_all_players_count: SUCCESS, 7
unite_teams: FAILURE
add_player: FAILURE
add_team: FAILURE
play_match: FAILURE
get_all_players: SUCCESS
112
33
40
182
133
141
43
get_all_players: SUCCESS
57
81
88
128
13
84
154
96
37
131
184
194
144
58
82
143
51
109
56
190
50
remove_player: SUCCESS
unite_teams: FAILURE
knockout_winner: INVALID_INPUT
knockout_winner: SUCCESS, 9
knockout_winner: INVALID_INPUT
knockout_winner: INVALID_INPUT
knockout_winner: INVALID_INPUT
remove_team: FAILURE
add_team: FAILURE
remove_player: SUCCESS
knockout_winner: SUCCESS, 17
knockout_winner: SUCCESS, 17
knockout_winner: SUCCESS, 11
knockout_winner: FAILURE
knockout_winner: INVALID_INPUT
get_team_points: SUCCESS, 25441
get_num_played_games: SUCCESS, 7043
get_num_played_games: SUCCESS, 536
remove_team: FAILURE
get_team_points: SUCCESS, 8837
update_player_stats: SUCCESS
update_player_stats: SUCCESS
play_match: FAILURE
remove_team: FAILURE
update_player_stats: SUCCESS
update_player_stats: SUCCESS
remove_player: SUCCESS
add_player: FAILURE
remove_team: FAILURE
get_all_players_count: SUCCESS, 14
remove_team: FAILURE
knockout_winner: INVALID_INPUT
knockout_winner: INVALID_INPUT
knockout_winner: INVALID_INPUT
knockout_winner: INVALID_INPUT
knockout_winner: INVALID_INPUT
unite_teams: FAILURE
get_team_points: SUCCESS, 11703
add_player: FAILURE
knockout_winner: INVALID_INPUT
knockout_winner: SUCCESS, 11
knockout_winner: INVALID_INPUT
knockout_winner: INVALID_INPUT
knockout_winner: INVALID_INPUT
remove_player: SUCCESS
get_team_points: SUCCESS, 17633
get_top_scorer: SUCCESS, 43
remove_player: SUCCESS
get_all_players_count: SUCCESS, 10
remove_team: FAILURE
get_all_players: SUCCESS
4
30
134
199
135
75
unite_teams: FAILURE
get_num_played_games: SUCCESS, 9438
unite_teams: FAILURE
play_match: FAILURE
add_player: FAILURE
get_all_players: SUCCESS
112
33
40
182
133
141
43
get_team_points: SUCCESS, 11703
add_player: FAILURE
add_player: FAILURE
get_num_played_games: SUCCESS, 2303
add_team: FAILURE
get_top_scorer: SUCCESS, 75
remove_player: SUCCESS
get_closest_player: SUCCESS, 159
update_player_stats: SUCCESS
update_player_stats: SUCCESS
update_player_stats: SUCCESS
get_num_played_games: SUCCESS, 11890
get_all_players_count: SUCCESS, 10
get_all_players: SUCCESS
35
195
23
176
100
101
186
70
67
1
42
158
66
185
get_all_players: SUCCESS
112
33
40
182
133
141
43
unite_teams: FAILURE
add_player: FAILURE
play_match: FAILURE
get_all_players: SUCCESS
164
5
52
64
77
76
97
17
179
94
19
142
125
104
knockout_winner: INVALID_INPUT
knockout_winner: SUCCESS, 11
knockout_winner: INVALID_INPUT
knockout_winner: INVALID_INPUT
knockout_winner: INVALID_INPUT
get_top_scorer: SUCCESS, 132
get_all_players_count: SUCCESS, 6
play_match: FAILURE
get_closest_player: SUCCESS, 32
get_num_played_games: SUCCESS, 276
get_num_played_games: SUCCESS, 1017
get_all_players_count: SUCCESS, 2
update_player_stats: SUCCESS
remove_player: SUCCESS
get_all_players: SUCCESS
65
8
107
153
12
126
86
62
146
145
remove_player: SUCCESS
get_num_played_games: SUCCESS, 2965
get_top_scorer: SUCCESS, 121
remove_team: FAILURE
get_closest_player: SUCCESS, 8
get_top_scorer: SUCCESS, 75
get_all_players: SUCCESS
112
33
40
182
133
141
43
get_team_points: SUCCESS, 33123
remove_team: FAILURE
add_team: FAILURE
get_top_scorer: SUCCESS, 140
get_all_players_count: SUCCESS, 10
get_all_players: SUCCESS
156
115
32
165
166
103
157
138
180
74
get_top_scorer: SUCCESS, 75
add_team: FAILURE
get_closest_player: SUCCESS, 19
get_all_players_count: SUCCESS, 10
remove_player: SUCCESS
get_closest_player: SUCCESS, 75
add_player: FAILURE
get_top_scorer: SUCCESS, 132
get_all_players: SUCCESS
112
33
40
182
133
141
43
unite_teams: FAILURE
add_player: FAILURE
get_team_points: SUCCESS, 10331
play_match: FAILURE
get_num_played_games: SUCCESS, 4079
update_player_stats: SUCCESS
update_player_stats: SUCCESS
get_closest_player: SUCCESS, 17
unite_teams: SUCCESS
get_closest_player: SUCCESS, 114
get_all_players_count: SUCCESS, 10
play_match: FAILURE
get_closest_player: SUCCESS, 186
get_all_players: SUCCESS
178
130
16
122
92
15
183
160
159
177
add_team: FAILURE
play_match: FAILURE
play_match: FAILURE
get_closest_player: SUCCESS, 37
remove_team: FAILURE
play_match: SUCCESS
get_top_scorer: SUCCESS, 185
get_top_scorer: SUCCESS, 47
get_closest_player: SUCCESS, 188
add_team: FAILURE
get_num_played_games: SUCCESS, 11191
get_num_played_games: SUCCESS, 9342
get_team_points: SUCCESS, 10331
get_all_players: SUCCESS
112
33
40
182
133
43
141
add_team: FAILURE
play_match: INVALID_INPUT
get_closest_player: SUCCESS, 20
unite_teams: FAILURE
play_match: FAILURE
knockout_winner: INVALID_INPUT
knockout_winner: SUCCESS, 9
knockout_winner: INVALID_INPUT
knockout_winner: INVALID_INPUT
knockout_winner: INVALID_INPUT
get_team_points: SUCCESS, 8837
add_player: FAILURE
get_closest_player: SUCCESS, 117
remove_team: FAILURE
remove_team: FAILURE
get_num_played_games: SUCCESS, 11398
update_player_stats: SUCCESS
get_team_points: SUCCESS, 10331
get_top_scorer: SUCCESS, 140
add_player: FAILURE
get_team_points: SUCCESS, 18679
get_all_players_count: SUCCESS, 20
unite_teams: INVALID_INPUT
get_top_scorer: SUCCESS, 145
knockout_winner: SUCCESS, 17
knockout_winner: SUCCESS, 17
knockout_winner: SUCCESS, 11
knockout_winner: SUCCESS, 20
knockout_winner: INVALID_INPUT
add_team: FAILURE
remove_player: SUCCESS
update_player_stats: SUCCESS
get_closest_player: SUCCESS, 143
get_all_players_count: SUCCESS, 20
remove_team: FAILURE
unite_teams: SUCCESS
get_num_played_games: SUCCESS, 4259
get_closest_player: SUCCESS, 122
knockout_winner: FAILURE
knockout_winner: SUCCESS, 9
knockout_winner: SUCCESS, 5
knockout_winner: FAILURE
knockout_winner: INVALID_INPUT
add_team: FAILURE
remove_team: FAILURE
update_player_stats: SUCCESS
get_all_players_count: SUCCESS, 14
add_team: FAILURE
get_closest_player: SUCCESS, 193
knockout_winner: INVALID_INPUT
knockout_winner: SUCCESS, 17
knockout_winner: INVALID_INPUT
knockout_winner: INVALID_INPUT
knockout_winner: INVALID_INPUT
get_all_players_count: SUCCESS, 9
remove_team: FAILURE
get_num_played_games: SUCCESS, 16226
get_top_scorer: SUCCESS, 75
unite_teams: SUCCESS
knockout_winner: SUCCESS, 3
knockout_winner: INVALID_INPUT
knockout_winner: INVALID_INPUT
knockout_winner: FAILURE
knockout_winner: INVALID_INPUT
play_match: SUCCESS
get_all_players_count: SUCCESS, 10
knockout_winner: SUCCESS, 17
knockout_winner: SUCCESS, 17
knockout_winner: FAILURE
knockout_winner: FAILURE
knockout_winner: INVALID_INPUT
add_player: FAILURE
get_num_played_games: SUCCESS, 9640
remove_team: FAILURE
get_team_points: SUCCESS, 8837
remove_player: SUCCESS
update_player_stats: SUCCESS
play_match: SUCCESS
get_all_players: SUCCESS
29
137
55
95
20
188
113
152
191
200
155
123
7
10
173
119
106
162
149
114
28
39
193
170
14
11
140
get_all_players: SUCCESS
57
81
88
128
13
84
154
96
37
184
144
58
82
51
109
56
131
143
190
50
knockout_winner: SUCCESS, 11
knockout_winner: SUCCESS, 9
knockout_winner: FAILURE
knockout_winner: FAILURE
knockout_winner: INVALID_INPUT
get_team_points: SUCCESS, 11703
remove_player: SUCCESS
get_all_players_count: SUCCESS, 10
unite_teams: FAILURE
play_match: FAILURE
knockout_winner: SUCCESS, 17
knockout_winner: SUCCESS, 17
knockout_winner: FAILURE
knockout_winner: FAILURE
knockout_winner: INVALID_INPUT
get_all_players_count: SUCCESS, 9
add_player: FAILURE
get_all_players_count: SUCCESS, 10
play_match: FAILURE
get_team_points: SUCCESS, 17636
add_player: FAILURE
get_closest_player: SUCCESS, 117
add_team: FAILURE
remove_team: FAILURE
get_closest_player: SUCCESS, 18
get_all_players: SUCCESS
57
81
88
128
13
84
154
96
37
184
144
58
82
51
109
56
131
143
190
50
get_top_scorer: SUCCESS, 122
remove_player: SUCCESS
update_player_stats: SUCCESS
update_player_stats: SUCCESS
add_team: FAILURE
play_match: FAILURE
get_all_players: SUCCESS
29
137
55
95
20
188
113
152
191
200
155
123
7
10
173
119
106
162
149
114
28
39
193
170
14
11
140
play_match: FAILURE
add_player: FAILURE
get_all_players: SUCCESS
29
137
55
95
20
188
113
152
191
200
155
123
7
10
173
119
106
162
149
114
28
39
193
170
14
11
140
remove_team: FAILURE
get_all_players_count: SUCCESS, 8
get_team_points: SUCCESS, 9301
unite_teams: INVALID_INPUT
play_match: FAILURE
get_closest_player: SUCCESS, 95
get_all_players_count: SUCCESS, 8
add_team: FAILURE
add_player: FAILURE
add_team: FAILURE
update_player_stats: SUCCESS
get_num_played_games: SUCCESS, 7045
add_player: FAILURE
get_closest_player: SUCCESS, 195
play_match: FAILURE
get_num_played_games: SUCCESS, 11891
get_all_players: SUCCESS
65
8
107
12
126
86
62
146
145
add_team: FAILURE
remove_player: SUCCESS
get_top_scorer: SUCCESS, 140
get_team_points: SUCCESS, 28951
remove_team: FAILURE
knockout_winner: SUCCESS, 20
knockout_winner: SUCCESS, 17
knockout_winner: FAILURE
knockout_winner: FAILURE
knockout_winner: INVALID_INPUT
get_num_played_games: SUCCESS, 14386
get_team_points: SUCCESS, 28951
add_player: FAILURE
add_player: FAILURE
get_top_scorer: SUCCESS, 50
add_player: FAILURE
get_num_played_games: SUCCESS, 3149
get_all_players_count: SUCCESS, 17
get_all_players: SUCCESS
164
5
52
64
77
76
112
33
97
17
179
94
19
40
182
142
133
125
43
141
104
remove_team: FAILURE
get_num_played_games: SUCCESS, 2097
update_player_stats: SUCCESS
get_all_players_count: SUCCESS, 9
knockout_winner: SUCCESS, 3
knockout_winner: INVALID_INPUT
knockout_winner: INVALID_INPUT
knockout_winner: FAILURE
knockout_winner: INVALID_INPUT
get_num_played_games: SUCCESS, 13393
add_player: FAILURE
get_all_players_count: SUCCESS, 10
remove_team: FAILURE
remove_team: FAILURE
get_top_scorer: SUCCESS, 75
add_team: FAILURE
get_top_scorer: SUCCESS, 140
update_player_stats: SUCCESS
play_match: SUCCESS
add_team: FAILURE
get_num_played_games: SUCCESS, 7045
unite_teams: INVALID_INPUT
remove_team: FAILURE
knockout_winner: FAILURE
knockout_winner: SUCCESS, 9
knockout_winner: FAILURE
knockout_winner: SUCCESS, 11
knockout_winner: INVALID_INPUT
add_team: FAILURE
knockout_winner: SUCCESS, 3
knockout_winner: INVALID_INPUT
knockout_winner: INVALID_INPUT
knockout_winner: FAILURE
knockout_winner: INVALID_INPUT
get_top_scorer: SUCCESS, 43
get_all_players: SUCCESS
4
30
134
18
199
85
69
127
72
59
79
111
187
54
132
135
75
get_top_scorer: SUCCESS, 145
get_num_played_games: SUCCESS, 2114
play_match: SUCCESS
add_team: FAILURE
remove_player: SUCCESS
unite_teams: FAILURE
unite_teams: FAILURE
remove_player: SUCCESS
unite_teams: FAILURE
update_player_stats: SUCCESS
play_match: FAILURE
remove_player: SUCCESS
remove_player: SUCCESS
remove_player: SUCCESS
remove_player: SUCCESS
remove_player: SUCCESS
remove_player: SUCCESS
remove_player: SUCCESS
remove_player: SUCCESS
remove_player: SUCCESS
remove_player: SUCCESS
remove_player: SUCCESS
remove_player: SUCCESS
remove_player: SUCCESS
remove_player: SUCCESS
remove_player: SUCCESS
remove_player: SUCCESS
remove_player: SUCCESS
remove_player: SUCCESS
remove_player: SUCCESS
remove_player: SUCCESS
remove_player: SUCCESS
remove_player: SUCCESS
remove_player: SUCCESS
remove_player: SUCCESS
remove_player: SUCCESS
remove_player: SUCCESS
remove_player: SUCCESS
remove_player: SUCCESS
remove_player: SUCCESS
remove_player: SUCCESS
remove_player: SUCCESS
remove_player: SUCCESS
remove_player: SUCCESS
remove_player: SUCCESS
remove_player: SUCCESS
remove_player: SUCCESS
remove_player: SUCCESS
remove_player: SUCCESS
remove_player: SUCCESS
remove_player: SUCCESS
remove_player: SUCCESS
remove_player: SUCCESS
remove_player: SUCCESS
remove_player: SUCCESS
remove_player: SUCCESS
remove_player: SUCCESS
remove_player: SUCCESS
remove_player: SUCCESS
remove_player: SUCCESS
remove_player: SUCCESS
remove_player: SUCCESS
remove_player: SUCCESS
remove_player: SUCCESS
remove_player: SUCCESS
remove_player: SUCCESS
remove_player: SUCCESS
remove_player: SUCCESS
remove_player: SUCCESS
remove_player: SUCCESS
remove_player: SUCCESS
remove_player: SUCCESS
remove_player: SUCCESS
remove_player: SUCCESS
remove_player: SUCCESS
remove_player: SUCCESS
remove_player: SUCCESS
remove_player: SUCCESS
remove_player: SUCCESS
remove_player: SUCCESS
remove_player: SUCCESS
remove_player: SUCCESS
remove_player: SUCCESS
remove_player: SUCCESS
remove_player: SUCCESS
remove_player: SUCCESS
remove_player: SUCCESS
remove_player: SUCCESS
remove_player: SUCCESS
remove_player: SUCCESS
remove_player: SUCCESS
remove_player: SUCCESS
remove_player: SUCCESS
remove_player: SUCCESS
remove_player: SUCCESS
remove_player: SUCCESS
remove_player: SUCCESS
remove_player: SUCCESS
remove_player: SUCCESS
remove_player: SUCCESS
remove_player: SUCCESS
remove_player: SUCCESS
remove_player: SUCCESS
remove_player: SUCCESS
remove_player: SUCCESS
remove_player: SUCCESS
remove_player: SUCCESS
remove_player: SUCCESS
remove_player: SUCCESS
remove_player: SUCCESS
remove_player: SUCCESS
remove_player: SUCCESS
remove_player: SUCCESS
remove_player: SUCCESS
remove_player: SUCCESS
remove_player: SUCCESS
remove_player: SUCCESS
remove_player: SUCCESS
remove_player: SUCCESS
remove_player: SUCCESS
remove_player: SUCCESS
remove_player: SUCCESS
remove_player: SUCCESS
remove_player: SUCCESS
remove_player: SUCCESS
remove_player: SUCCESS
remove_player: SUCCESS
remove_player: SUCCESS
remove_player: SUCCESS
remove_player: SUCCESS
remove_player: SUCCESS
remove_player: SUCCESS
remove_player: SUCCESS
remove_player: SUCCESS
remove_player: SUCCESS
remove_player: SUCCESS
remove_player: SUCCESS
remove_player: SUCCESS
remove_player: SUCCESS
remove_player: SUCCESS
remove_player: SUCCESS
remove_team: SUCCESS
remove_team: SUCCESS
remove_team: SUCCESS
remove_team: SUCCESS
remove_team: SUCCESS
remove_team: SUCCESS
remove_team: SUCCESS
remove_team: SUCCESS
remove_team: SUCCESS
