add_team: SUCCESS
add_team: SUCCESS
add_team: SUCCESS
add_team: SUCCESS
add_team: SUCCESS
add_team: SUCCESS
add_team: SUCCESS
add_team: SUCCESS
add_team: SUCCESS
add_team: SUCCESS
add_team: SUCCESS
add_team: SUCCESS
add_team: SUCCESS
add_team: SUCCESS
add_team: SUCCESS
add_team: SUCCESS
add_team: SUCCESS
add_team: SUCCESS
add_team: SUCCESS
add_team: SUCCESS
add_player: SUCCESS
add_player: SUCCESS
add_player: SUCCESS
add_player: SUCCESS
add_player: SUCCESS
add_player: SUCCESS
add_player: SUCCESS
add_player: SUCCESS
add_player: SUCCESS
add_player: SUCCESS
add_player: SUCCESS
add_player: SUCCESS
add_player: SUCCESS
add_player: SUCCESS
add_player: SUCCESS
add_player: SUCCESS
add_player: SUCCESS
add_player: SUCCESS
add_player: SUCCESS
add_player: SUCCESS
add_player: SUCCESS
add_player: SUCCESS
add_player: SUCCESS
add_player: SUCCESS
add_player: SUCCESS
add_player: SUCCESS
add_player: SUCCESS
add_player: SUCCESS
add_player: SUCCESS
add_player: SUCCESS
add_player: SUCCESS
add_player: SUCCESS
add_player: SUCCESS
add_player: SUCCESS
add_player: SUCCESS
add_player: SUCCESS
add_player: SUCCESS
add_player: SUCCESS
add_player: SUCCESS
add_player: SUCCESS
add_player: SUCCESS
add_player: SUCCESS
add_player: SUCCESS
add_player: SUCCESS
add_player: SUCCESS
add_player: SUCCESS
add_player: SUCCESS
add_player: SUCCESS
add_player: SUCCESS
add_player: SUCCESS
add_player: SUCCESS
add_player: SUCCESS
add_player: SUCCESS
add_player: SUCCESS
add_player: SUCCESS
add_player: SUCCESS
add_player: SUCCESS
add_player: SUCCESS
add_player: SUCCESS
add_player: SUCCESS
add_player: SUCCESS
add_player: SUCCESS
add_player: SUCCESS
add_player: SUCCESS
add_player: SUCCESS
add_player: SUCCESS
add_player: SUCCESS
add_player: SUCCESS
add_player: SUCCESS
add_player: SUCCESS
add_player: SUCCESS
add_player: SUCCESS
add_player: SUCCESS
add_player: SUCCESS
add_player: SUCCESS
add_player: SUCCESS
add_player: SUCCESS
add_player: SUCCESS
add_player: SUCCESS
add_player: SUCCESS
add_player: SUCCESS
add_player: SUCCESS
add_player: SUCCESS
add_player: SUCCESS
add_player: SUCCESS
add_player: SUCCESS
add_player: SUCCESS
add_player: SUCCESS
add_player: SUCCESS
add_player: SUCCESS
add_player: SUCCESS
add_player: SUCCESS
add_player: SUCCESS
add_player: SUCCESS
add_player: SUCCESS
add_player: SUCCESS
add_player: SUCCESS
add_player: SUCCESS
add_player: SUCCESS
add_player: SUCCESS
add_player: SUCCESS
add_player: SUCCESS
add_player: SUCCESS
add_player: SUCCESS
add_player: SUCCESS
add_player: SUCCESS
add_player: SUCCESS
add_player: SUCCESS
add_player: SUCCESS
add_player: SUCCESS
add_player: SUCCESS
add_player: SUCCESS
add_player: SUCCESS
add_player: SUCCESS
add_player: SUCCESS
add_player: SUCCESS
add_player: SUCCESS
add_player: SUCCESS
add_player: SUCCESS
add_player: SUCCESS
add_player: SUCCESS
add_player: SUCCESS
add_player: SUCCESS
add_player: SUCCESS
add_player: SUCCESS
add_player: SUCCESS
add_player: SUCCESS
add_player: SUCCESS
add_player: SUCCESS
add_player: SUCCESS
add_player: SUCCESS
add_player: SUCCESS
add_player: SUCCESS
add_player: SUCCESS
add_player: SUCCESS
add_player: SUCCESS
add_player: SUCCESS
add_player: SUCCESS
add_player: SUCCESS
add_player: SUCCESS
add_player: SUCCESS
add_player: SUCCESS
add_player: SUCCESS
add_player: SUCCESS
add_player: SUCCESS
add_player: SUCCESS
add_player: SUCCESS
add_player: SUCCESS
add_player: SUCCESS
add_player: SUCCESS
add_player: SUCCESS
add_player: SUCCESS
add_player: SUCCESS
add_player: SUCCESS
add_player: SUCCESS
add_player: SUCCESS
add_player: SUCCESS
add_player: SUCCESS
add_player: SUCCESS
add_player: SUCCESS
add_player: SUCCESS
add_player: SUCCESS
add_player: SUCCESS
add_player: SUCCESS
add_player: SUCCESS
add_player: SUCCESS
add_player: SUCCESS
add_player: SUCCESS
add_player: SUCCESS
add_player: SUCCESS
add_player: SUCCESS
add_player: SUCCESS
add_player: SUCCESS
add_player: SUCCESS
add_player: SUCCESS
add_player: SUCCESS
add_player: SUCCESS
add_player: SUCCESS
add_player: SUCCESS
add_player: SUCCESS
add_player: SUCCESS
add_player: SUCCESS
add_player: SUCCESS
add_player: SUCCESS
add_player: SUCCESS
add_player: SUCCESS
add_player: SUCCESS
add_player: SUCCESS
add_player: SUCCESS
add_player: SUCCESS
add_player: SUCCESS
add_player: SUCCESS
add_player: SUCCESS
add_player: SUCCESS
add_player: SUCCESS
add_player: SUCCESS
add_player: SUCCESS
add_player: SUCCESS
add_player: SUCCESS
add_player: SUCCESS
remove_player: SUCCESS
get_all_players: SUCCESS
154
20
23
16
102
194
167
76
68
58
174
192
get_all_players_count: SUCCESS, 8
get_num_played_games: SUCCESS, 10246
get_all_players: SUCCESS
128
150
34
197
43
160
179
53
update_player_stats: SUCCESS
knockout_winner: SUCCESS, 8
knockout_winner: SUCCESS, 8
knockout_winner: FAILURE
knockout_winner: FAILURE
knockout_winner: INVALID_INPUT
get_all_players: SUCCESS
134
123
162
168
170
165
36
19
183
149
91
196
remove_team: FAILURE
get_top_scorer: SUCCESS, 185
remove_team: FAILURE
get_closest_player: SUCCESS, 146
update_player_stats: SUCCESS
remove_team: FAILURE
get_all_players_count: SUCCESS, 8
play_match: FAILURE
unite_teams: FAILURE
play_match: SUCCESS
update_player_stats: SUCCESS
get_closest_player: SUCCESS, 66
remove_player: SUCCESS
remove_player: SUCCESS
get_num_played_games: SUCCESS, 10682
unite_teams: FAILURE
get_all_players: SUCCESS
154
20
23
16
102
194
167
76
68
58
174
192
get_all_players_count: SUCCESS, 7
play_match: FAILURE
update_player_stats: SUCCESS
get_num_played_games: SUCCESS, 11767
get_all_players_count: SUCCESS, 11
knockout_winner: SUCCESS, 18
knockout_winner: SUCCESS, 18
knockout_winner: SUCCESS, 12
knockout_winner: FAILURE
knockout_winner: INVALID_INPUT
unite_teams: FAILURE
knockout_winner: SUCCESS, 12
knockout_winner: SUCCESS, 9
knockout_winner: FAILURE
knockout_winner: FAILURE
knockout_winner: INVALID_INPUT
add_team: FAILURE
add_player: FAILURE
unite_teams: FAILURE
get_num_played_games: SUCCESS, 10150
get_top_scorer: SUCCESS, 87
remove_team: FAILURE
get_top_scorer: SUCCESS, 120
unite_teams: FAILURE
unite_teams: FAILURE
play_match: FAILURE
get_closest_player: SUCCESS, 16
add_player: FAILURE
get_num_played_games: SUCCESS, 10289
unite_teams: FAILURE
get_team_points: SUCCESS, 2935
get_team_points: SUCCESS, 1134
knockout_winner: SUCCESS, 9
knockout_winner: SUCCESS, 18
knockout_winner: SUCCESS, 2
knockout_winner: SUCCESS, 18
knockout_winner: INVALID_INPUT
knockout_winner: SUCCESS, 18
knockout_winner: SUCCESS, 18
knockout_winner: SUCCESS, 12
knockout_winner: FAILURE
knockout_winner: INVALID_INPUT
add_team: FAILURE
get_closest_player: SUCCESS, 16
get_top_scorer: SUCCESS, 92
get_all_players: SUCCESS
24
72
112
9
153
96
6
117
remove_team: FAILURE
get_closest_player: SUCCESS, 32
remove_player: SUCCESS
get_team_points: SUCCESS, 6555
get_top_scorer: SUCCESS, 124
update_player_stats: SUCCESS
get_all_players: SUCCESS
171
41
90
182
191
48
37
118
129
113
163
143
2
unite_teams: FAILURE
add_player: FAILURE
remove_team: FAILURE
get_all_players_count: SUCCESS, 8
update_player_stats: SUCCESS
unite_teams: FAILURE
get_team_points: SUCCESS, 5327
get_top_scorer: SUCCESS, 77
update_player_stats: SUCCESS
remove_team: FAILURE
get_top_scorer: SUCCESS, 75
get_all_players: SUCCESS
61
28
13
164
99
115
get_team_points: SUCCESS, 6554
remove_team: FAILURE
knockout_winner: SUCCESS, 8
knockout_winner: SUCCESS, 18
knockout_winner: SUCCESS, 2
knockout_winner: SUCCESS, 18
knockout_winner: INVALID_INPUT
get_closest_player: SUCCESS, 157
get_team_points: SUCCESS, 10775
get_top_scorer: SUCCESS, 75
get_all_players_count: SUCCESS, 11
get_all_players_count: SUCCESS, 13
get_top_scorer: SUCCESS, 137
get_team_points: SUCCESS, 4612
add_team: FAILURE
remove_team: FAILURE
get_all_players_count: SUCCESS, 8
update_player_stats: SUCCESS
knockout_winner: FAILURE
knockout_winner: SUCCESS, 18
knockout_winner: SUCCESS, 8
knockout_winner: SUCCESS, 18
knockout_winner: INVALID_INPUT
remove_team: FAILURE
get_num_played_games: SUCCESS, 9038
get_top_scorer: SUCCESS, 77
update_player_stats: SUCCESS
add_team: FAILURE
get_num_played_games: SUCCESS, 2425
get_closest_player: SUCCESS, 195
update_player_stats: SUCCESS
get_all_players: SUCCESS
67
38
176
132
184
84
65
74
64
131
93
121
97
104
98
189
187
get_all_players_count: SUCCESS, 17
play_match: FAILURE
remove_player: SUCCESS
get_top_scorer: SUCCESS, 63
get_top_scorer: SUCCESS, 92
get_all_players_count: SUCCESS, 9
play_match: FAILURE
update_player_stats: SUCCESS
get_team_points: SUCCESS, 5492
remove_team: FAILURE
add_player: FAILURE
get_all_players: SUCCESS
50
33
175
190
119
125
166
173
77
remove_player: SUCCESS
get_num_played_games: SUCCESS, 2684
get_team_points: SUCCESS, 1812
remove_team: FAILURE
update_player_stats: SUCCESS
get_num_played_games: SUCCESS, 1029
get_top_scorer: SUCCESS, 77
get_all_players_count: SUCCESS, 14
get_closest_player: SUCCESS, 137
update_player_stats: SUCCESS
play_match: FAILURE
add_player: FAILURE
get_num_played_games: SUCCESS, 10297
get_all_players: SUCCESS
114
42
155
126
70
63
add_team: FAILURE
remove_team: FAILURE
get_all_players_count: SUCCESS, 17
get_all_players: SUCCESS
49
83
82
30
158
79
get_team_points: SUCCESS, 5327
get_closest_player: SUCCESS, 102
update_player_stats: SUCCESS
unite_teams: FAILURE
get_num_played_games: SUCCESS, 7170
update_player_stats: SUCCESS
get_closest_player: SUCCESS, 92
update_player_stats: SUCCESS
update_player_stats: SUCCESS
remove_team: FAILURE
get_closest_player: SUCCESS, 55
get_team_points: SUCCESS, 1125
remove_player: SUCCESS
get_top_scorer: SUCCESS, 115
add_team: FAILURE
play_match: FAILURE
get_top_scorer: SUCCESS, 185
get_top_scorer: SUCCESS, 175
remove_player: SUCCESS
remove_player: SUCCESS
get_closest_player: SUCCESS, 89
knockout_winner: SUCCESS, 2
knockout_winner: INVALID_INPUT
knockout_winner: INVALID_INPUT
knockout_winner: SUCCESS, 18
knockout_winner: SUCCESS, 8
knockout_winner: FAILURE
knockout_winner: SUCCESS, 18
knockout_winner: FAILURE
knockout_winner: FAILURE
knockout_winner: INVALID_INPUT
play_match: INVALID_INPUT
get_all_players: SUCCESS
50
33
190
125
166
173
77
119
175
knockout_winner: SUCCESS, 19
knockout_winner: SUCCESS, 18
knockout_winner: FAILURE
knockout_winner: FAILURE
knockout_winner: INVALID_INPUT
remove_player: SUCCESS
add_player: FAILURE
remove_team: FAILURE
get_all_players_count: SUCCESS, 11
play_match: FAILURE
unite_teams: FAILURE
add_player: FAILURE
unite_teams: FAILURE
remove_team: FAILURE
add_player: FAILURE
remove_player: SUCCESS
add_team: FAILURE
remove_player: SUCCESS
get_all_players: SUCCESS
134
123
162
170
165
36
19
183
149
91
196
unite_teams: FAILURE
get_all_players_count: SUCCESS, 6
unite_teams: FAILURE
get_team_points: SUCCESS, 1134
knockout_winner: SUCCESS, 9
knockout_winner: SUCCESS, 8
knockout_winner: SUCCESS, 6
knockout_winner: SUCCESS, 16
knockout_winner: INVALID_INPUT
knockout_winner: SUCCESS, 19
knockout_winner: SUCCESS, 19
knockout_winner: FAILURE
knockout_winner: FAILURE
knockout_winner: INVALID_INPUT
knockout_winner: SUCCESS, 16
knockout_winner: SUCCESS, 8
knockout_winner: SUCCESS, 8
knockout_winner: SUCCESS, 19
knockout_winner: INVALID_INPUT
get_top_scorer: SUCCESS, 62
get_top_scorer: SUCCESS, 179
play_match: FAILURE
unite_teams: FAILURE
get_closest_player: SUCCESS, 72
remove_team: FAILURE
get_all_players_count: SUCCESS, 17
update_player_stats: SUCCESS
get_closest_player: SUCCESS, 182
add_team: FAILURE
add_player: FAILURE
knockout_winner: SUCCESS, 2
knockout_winner: INVALID_INPUT
knockout_winner: INVALID_INPUT
knockout_winner: SUCCESS, 8
knockout_winner: SUCCESS, 8
knockout_winner: SUCCESS, 9
knockout_winner: SUCCESS, 8
knockout_winner: SUCCESS, 8
knockout_winner: SUCCESS, 19
knockout_winner: INVALID_INPUT
get_all_players_count: SUCCESS, 9
get_top_scorer: SUCCESS, 179
get_all_players: SUCCESS
49
83
82
30
158
79
unite_teams: FAILURE
get_team_points: SUCCESS, 1134
get_num_played_games: SUCCESS, 1825
get_closest_player: SUCCESS, 69
add_player: FAILURE
play_match: FAILURE
get_all_players: SUCCESS
114
42
155
126
70
63
get_team_points: SUCCESS, 1821
remove_team: FAILURE
update_player_stats: SUCCESS
get_team_points: SUCCESS, 6554
get_num_played_games: SUCCESS, 3906
add_player: FAILURE
get_team_points: SUCCESS, 7588
remove_player: SUCCESS
update_player_stats: SUCCESS
remove_team: FAILURE
update_player_stats: SUCCESS
remove_team: FAILURE
remove_player: SUCCESS
update_player_stats: SUCCESS
unite_teams: FAILURE
remove_player: SUCCESS
get_num_played_games: SUCCESS, 12194
get_top_scorer: SUCCESS, 94
get_closest_player: SUCCESS, 61
knockout_winner: SUCCESS, 8
knockout_winner: SUCCESS, 2
knockout_winner: SUCCESS, 2
knockout_winner: SUCCESS, 12
knockout_winner: INVALID_INPUT
knockout_winner: FAILURE
knockout_winner: SUCCESS, 8
knockout_winner: SUCCESS, 8
knockout_winner: SUCCESS, 19
knockout_winner: INVALID_INPUT
update_player_stats: SUCCESS
get_closest_player: SUCCESS, 84
get_num_played_games: SUCCESS, 12051
add_player: FAILURE
add_team: FAILURE
unite_teams: FAILURE
update_player_stats: SUCCESS
play_match: FAILURE
knockout_winner: SUCCESS, 2
knockout_winner: INVALID_INPUT
knockout_winner: INVALID_INPUT
knockout_winner: SUCCESS, 8
knockout_winner: SUCCESS, 8
get_num_played_games: SUCCESS, 9759
add_team: FAILURE
remove_player: SUCCESS
add_team: FAILURE
remove_player: SUCCESS
get_all_players: SUCCESS
186
78
86
101
110
17
55
4
32
136
47
21
62
remove_team: FAILURE
play_match: FAILURE
add_team: FAILURE
get_closest_player: SUCCESS, 161
get_closest_player: SUCCESS, 126
get_top_scorer: SUCCESS, 14
update_player_stats: SUCCESS
play_match: FAILURE
get_num_played_games: SUCCESS, 6553
get_closest_player: SUCCESS, 24
add_player: FAILURE
get_all_players: SUCCESS
85
80
22
146
180
188
161
add_player: FAILURE
get_team_points: SUCCESS, 11688
get_all_players: SUCCESS
148
142
116
57
40
133
88
87
137
14
remove_team: FAILURE
get_all_players: SUCCESS
18
178
111
27
159
54
108
71
103
44
92
remove_team: FAILURE
add_player: FAILURE
get_team_points: SUCCESS, 6791
get_all_players: SUCCESS
148
142
116
57
40
133
88
87
137
14
get_all_players: SUCCESS
128
150
34
197
160
179
add_player: FAILURE
get_team_points: SUCCESS, 4612
get_num_played_games: SUCCESS, 1455
play_match: FAILURE
add_team: FAILURE
knockout_winner: FAILURE
knockout_winner: SUCCESS, 12
knockout_winner: SUCCESS, 12
knockout_winner: FAILURE
knockout_winner: INVALID_INPUT
get_top_scorer: SUCCESS, 63
get_top_scorer: SUCCESS, 185
remove_team: FAILURE
get_top_scorer: SUCCESS, 62
add_team: FAILURE
add_team: FAILURE
add_player: FAILURE
add_team: FAILURE
get_all_players_count: SUCCESS, 7
add_team: FAILURE
update_player_stats: SUCCESS
update_player_stats: SUCCESS
get_all_players_count: SUCCESS, 6
update_player_stats: SUCCESS
remove_player: SUCCESS
knockout_winner: FAILURE
knockout_winner: SUCCESS, 19
knockout_winner: FAILURE
knockout_winner: FAILURE
knockout_winner: INVALID_INPUT
remove_team: FAILURE
play_match: FAILURE
remove_team: FAILURE
add_team: FAILURE
play_match: FAILURE
remove_team: FAILURE
get_all_players_count: SUCCESS, 6
add_player: FAILURE
remove_team: FAILURE
add_player: FAILURE
add_team: FAILURE
update_player_stats: SUCCESS
get_num_played_games: SUCCESS, 12069
unite_teams: FAILURE
get_top_scorer: SUCCESS, 120
knockout_winner: SUCCESS, 12
knockout_winner: SUCCESS, 8
knockout_winner: SUCCESS, 8
knockout_winner: SUCCESS, 19
knockout_winner: INVALID_INPUT
get_num_played_games: SUCCESS, 4856
add_player: FAILURE
play_match: FAILURE
get_closest_player: SUCCESS, 139
get_team_points: SUCCESS, 4891
knockout_winner: SUCCESS, 16
knockout_winner: SUCCESS, 9
knockout_winner: SUCCESS, 9
knockout_winner: SUCCESS, 19
knockout_winner: INVALID_INPUT
get_closest_player: SUCCESS, 146
get_team_points: SUCCESS, 6791
get_all_players_count: SUCCESS, 11
get_team_points: SUCCESS, 10901
get_team_points: SUCCESS, 9326
add_player: FAILURE
get_all_players: SUCCESS
122
31
105
127
29
195
update_player_stats: SUCCESS
update_player_stats: SUCCESS
unite_teams: FAILURE
get_closest_player: SUCCESS, 55
get_closest_player: SUCCESS, 54
get_all_players_count: SUCCESS, 7
get_all_players: SUCCESS
67
38
176
132
184
84
74
64
131
93
97
104
65
98
121
189
187
get_closest_player: SUCCESS, 122
get_closest_player: SUCCESS, 20
add_team: FAILURE
get_closest_player: SUCCESS, 23
add_player: FAILURE
get_all_players: SUCCESS
186
78
86
101
110
17
55
4
32
136
47
21
62
unite_teams: FAILURE
get_all_players_count: SUCCESS, 6
add_team: FAILURE
get_all_players_count: SUCCESS, 8
add_player: FAILURE
knockout_winner: FAILURE
knockout_winner: INVALID_INPUT
knockout_winner: INVALID_INPUT
knockout_winner: SUCCESS, 9
knockout_winner: INVALID_INPUT
knockout_winner: SUCCESS, 8
knockout_winner: SUCCESS, 2
knockout_winner: SUCCESS, 2
knockout_winner: SUCCESS, 12
knockout_winner: SUCCESS, 12
update_player_stats: SUCCESS
get_all_players: SUCCESS
128
150
34
197
160
179
get_closest_player: SUCCESS, 196
add_player: FAILURE
remove_player: SUCCESS
get_all_players: SUCCESS
85
80
22
146
180
161
188
remove_team: FAILURE
add_player: FAILURE
get_num_played_games: SUCCESS, 19347
get_top_scorer: SUCCESS, 195
get_num_played_games: SUCCESS, 5668
add_team: FAILURE
get_top_scorer: SUCCESS, 115
get_team_points: SUCCESS, 5360
unite_teams: FAILURE
update_player_stats: SUCCESS
update_player_stats: SUCCESS
knockout_winner: SUCCESS, 8
knockout_winner: SUCCESS, 2
knockout_winner: SUCCESS, 2
knockout_winner: SUCCESS, 12
knockout_winner: INVALID_INPUT
get_closest_player: SUCCESS, 196
get_all_players: SUCCESS
148
142
116
40
133
88
87
57
14
add_team: FAILURE
remove_player: SUCCESS
get_all_players_count: SUCCESS, 12
get_closest_player: SUCCESS, 4
knockout_winner: SUCCESS, 19
knockout_winner: SUCCESS, 19
knockout_winner: FAILURE
knockout_winner: FAILURE
knockout_winner: INVALID_INPUT
knockout_winner: SUCCESS, 19
knockout_winner: SUCCESS, 19
knockout_winner: FAILURE
knockout_winner: FAILURE
knockout_winner: INVALID_INPUT
add_team: FAILURE
add_player: FAILURE
update_player_stats: SUCCESS
get_num_played_games: SUCCESS, 391
play_match: FAILURE
get_closest_player: SUCCESS, 193
remove_team: FAILURE
get_team_points: SUCCESS, 5327
unite_teams: FAILURE
play_match: FAILURE
remove_player: SUCCESS
add_team: FAILURE
get_top_scorer: SUCCESS, 96
knockout_winner: SUCCESS, 8
knockout_winner: SUCCESS, 8
knockout_winner: SUCCESS, 8
knockout_winner: SUCCESS, 12
knockout_winner: INVALID_INPUT
get_num_played_games: SUCCESS, 9520
get_team_points: SUCCESS, 4897
get_closest_player: SUCCESS, 6
get_all_players: SUCCESS
177
3
73
107
46
35
193
120
130
get_top_scorer: SUCCESS, 62
knockout_winner: SUCCESS, 9
knockout_winner: SUCCESS, 8
knockout_winner: SUCCESS, 8
knockout_winner: SUCCESS, 19
knockout_winner: INVALID_INPUT
play_match: FAILURE
get_all_players_count: SUCCESS, 6
unite_teams: SUCCESS
remove_player: SUCCESS
remove_player: SUCCESS
add_player: FAILURE
update_player_stats: SUCCESS
knockout_winner: SUCCESS, 8
knockout_winner: SUCCESS, 4
knockout_winner: SUCCESS, 4
knockout_winner: SUCCESS, 12
knockout_winner: SUCCESS, 12
update_player_stats: SUCCESS
get_closest_player: SUCCESS, 15
remove_team: FAILURE
add_player: FAILURE
unite_teams: FAILURE
add_player: FAILURE
add_team: FAILURE
add_team: FAILURE
knockout_winner: FAILURE
knockout_winner: SUCCESS, 8
knockout_winner: FAILURE
knockout_winner: SUCCESS, 16
knockout_winner: INVALID_INPUT
get_closest_player: SUCCESS, 15
knockout_winner: FAILURE
knockout_winner: SUCCESS, 8
knockout_winner: FAILURE
knockout_winner: SUCCESS, 16
knockout_winner: INVALID_INPUT
remove_team: FAILURE
play_match: SUCCESS
get_num_played_games: SUCCESS, 12003
remove_team: FAILURE
add_player: FAILURE
get_all_players: SUCCESS
18
178
111
27
159
54
108
71
103
44
remove_player: SUCCESS
get_top_scorer: SUCCESS, 124
remove_team: FAILURE
add_player: FAILURE
get_top_scorer: SUCCESS, 196
get_closest_player: SUCCESS, 157
remove_team: FAILURE
play_match: FAILURE
get_team_points: SUCCESS, 5500
remove_player: SUCCESS
unite_teams: FAILURE
play_match: FAILURE
add_team: FAILURE
remove_player: SUCCESS
remove_player: SUCCESS
add_team: FAILURE
add_player: FAILURE
remove_team: FAILURE
get_team_points: SUCCESS, 9213
remove_team: FAILURE
play_match: FAILURE
add_team: FAILURE
add_player: FAILURE
add_team: FAILURE
get_team_points: SUCCESS, 6791
get_all_players: SUCCESS
134
123
162
165
36
170
183
149
91
19
196
remove_player: SUCCESS
get_closest_player: SUCCESS, 91
get_all_players_count: SUCCESS, 12
get_team_points: SUCCESS, 1194
play_match: FAILURE
remove_player: SUCCESS
knockout_winner: SUCCESS, 12
knockout_winner: SUCCESS, 9
knockout_winner: FAILURE
knockout_winner: FAILURE
knockout_winner: INVALID_INPUT
remove_team: FAILURE
add_team: FAILURE
unite_teams: FAILURE
play_match: FAILURE
get_all_players_count: SUCCESS, 12
play_match: FAILURE
add_player: FAILURE
knockout_winner: SUCCESS, 9
knockout_winner: INVALID_INPUT
knockout_winner: INVALID_INPUT
knockout_winner: SUCCESS, 9
knockout_winner: SUCCESS, 9
unite_teams: FAILURE
unite_teams: FAILURE
get_top_scorer: SUCCESS, 196
remove_player: SUCCESS
get_all_players: SUCCESS
7
1
81
198
109
45
157
52
100
94
39
knockout_winner: SUCCESS, 19
knockout_winner: SUCCESS, 9
knockout_winner: SUCCESS, 9
knockout_winner: SUCCESS, 19
knockout_winner: INVALID_INPUT
get_all_players_count: SUCCESS, 12
knockout_winner: FAILURE
knockout_winner: SUCCESS, 9
knockout_winner: SUCCESS, 1
knockout_winner: SUCCESS, 12
knockout_winner: INVALID_INPUT
remove_team: FAILURE
knockout_winner: FAILURE
knockout_winner: SUCCESS, 9
knockout_winner: FAILURE
knockout_winner: FAILURE
knockout_winner: INVALID_INPUT
remove_team: FAILURE
add_player: FAILURE
get_closest_player: SUCCESS, 57
update_player_stats: SUCCESS
remove_team: FAILURE
get_closest_player: SUCCESS, 41
get_all_players_count: SUCCESS, 6
remove_team: FAILURE
add_team: FAILURE
add_team: FAILURE
play_match: FAILURE
get_closest_player: SUCCESS, 112
get_all_players_count: SUCCESS, 11
knockout_winner: SUCCESS, 19
knockout_winner: SUCCESS, 19
knockout_winner: FAILURE
knockout_winner: FAILURE
knockout_winner: INVALID_INPUT
remove_player: SUCCESS
get_all_players_count: SUCCESS, 5
get_team_points: SUCCESS, 1905
get_top_scorer: SUCCESS, 187
remove_player: SUCCESS
get_top_scorer: SUCCESS, 124
play_match: FAILURE
get_top_scorer: SUCCESS, 63
get_num_played_games: SUCCESS, 5390
play_match: SUCCESS
get_all_players: SUCCESS
18
178
111
27
159
54
108
71
103
44
update_player_stats: SUCCESS
play_match: SUCCESS
knockout_winner: SUCCESS, 16
knockout_winner: SUCCESS, 9
knockout_winner: SUCCESS, 9
knockout_winner: SUCCESS, 19
knockout_winner: INVALID_INPUT
get_closest_player: SUCCESS, 148
update_player_stats: SUCCESS
get_all_players: SUCCESS
61
99
164
115
28
get_all_players: SUCCESS
61
99
164
115
28
get_top_scorer: SUCCESS, 62
get_all_players: SUCCESS
7
1
81
198
109
45
157
52
100
94
39
add_player: FAILURE
knockout_winner: SUCCESS, 9
knockout_winner: SUCCESS, 9
knockout_winner: SUCCESS, 9
knockout_winner: SUCCESS, 12
knockout_winner: FAILURE
get_top_scorer: SUCCESS, 2
unite_teams: FAILURE
add_player: FAILURE
remove_player: SUCCESS
get_all_players: SUCCESS
122
31
105
127
29
195
get_closest_player: SUCCESS, 74
add_team: FAILURE
add_player: FAILURE
add_player: FAILURE
get_num_played_games: SUCCESS, 10220
add_player: FAILURE
get_num_played_games: SUCCESS, 8669
add_team: FAILURE
get_all_players: SUCCESS
85
80
22
146
180
161
get_all_players: SUCCESS
67
38
176
132
184
84
74
64
131
93
97
104
65
98
121
189
187
get_top_scorer: SUCCESS, 2
remove_player: SUCCESS
add_player: FAILURE
get_all_players_count: SUCCESS, 8
get_all_players_count: SUCCESS, 5
get_num_played_games: SUCCESS, 2022
knockout_winner: FAILURE
knockout_winner: SUCCESS, 9
knockout_winner: FAILURE
knockout_winner: FAILURE
knockout_winner: INVALID_INPUT
remove_player: SUCCESS
update_player_stats: SUCCESS
get_closest_player: SUCCESS, 101
get_closest_player: SUCCESS, 41
get_all_players: SUCCESS
61
99
164
115
28
get_team_points: SUCCESS, 1914
get_closest_player: SUCCESS, 171
get_all_players: SUCCESS
150
197
179
160
add_team: FAILURE
get_all_players_count: SUCCESS, 4
play_match: FAILURE
get_all_players_count: SUCCESS, 4
get_all_players_count: SUCCESS, 8
get_num_played_games: SUCCESS, 7184
add_team: FAILURE
play_match: FAILURE
remove_team: FAILURE
remove_player: SUCCESS
knockout_winner: SUCCESS, 19
knockout_winner: SUCCESS, 19
knockout_winner: FAILURE
knockout_winner: FAILURE
knockout_winner: INVALID_INPUT
get_closest_player: SUCCESS, 74
get_num_played_games: SUCCESS, 5449
get_closest_player: SUCCESS, 177
remove_player: SUCCESS
update_player_stats: SUCCESS
add_team: FAILURE
get_all_players: SUCCESS
148
142
116
40
133
57
14
87
get_all_players_count: SUCCESS, 6
add_player: FAILURE
add_player: FAILURE
get_team_points: SUCCESS, 9237
get_top_scorer: SUCCESS, 39
add_team: FAILURE
get_all_players: SUCCESS
150
197
179
160
get_num_played_games: SUCCESS, 9270
get_top_scorer: SUCCESS, 196
get_closest_player: SUCCESS, 64
add_team: FAILURE
get_all_players: SUCCESS
89
169
144
12
139
60
75
get_team_points: SUCCESS, 5500
get_top_scorer: SUCCESS, 87
add_player: FAILURE
knockout_winner: FAILURE
knockout_winner: SUCCESS, 9
knockout_winner: SUCCESS, 9
knockout_winner: SUCCESS, 19
knockout_winner: INVALID_INPUT
get_top_scorer: SUCCESS, 28
remove_player: SUCCESS
remove_player: SUCCESS
knockout_winner: FAILURE
knockout_winner: SUCCESS, 9
knockout_winner: FAILURE
knockout_winner: FAILURE
knockout_winner: INVALID_INPUT
get_top_scorer: SUCCESS, 44
get_closest_player: SUCCESS, 133
knockout_winner: SUCCESS, 4
knockout_winner: INVALID_INPUT
knockout_winner: INVALID_INPUT
knockout_winner: SUCCESS, 9
knockout_winner: INVALID_INPUT
get_top_scorer: SUCCESS, 2
get_num_played_games: SUCCESS, 19551
get_num_played_games: SUCCESS, 760
add_team: FAILURE
get_closest_player: SUCCESS, 105
add_player: FAILURE
knockout_winner: SUCCESS, 19
knockout_winner: SUCCESS, 19
knockout_winner: FAILURE
knockout_winner: FAILURE
knockout_winner: INVALID_INPUT
add_team: FAILURE
get_num_played_games: SUCCESS, 22497
get_top_scorer: SUCCESS, 28
remove_team: FAILURE
get_team_points: SUCCESS, 2935
remove_player: SUCCESS
knockout_winner: INVALID_INPUT
knockout_winner: INVALID_INPUT
knockout_winner: INVALID_INPUT
knockout_winner: INVALID_INPUT
knockout_winner: INVALID_INPUT
add_player: FAILURE
knockout_winner: FAILURE
knockout_winner: SUCCESS, 9
knockout_winner: SUCCESS, 9
knockout_winner: SUCCESS, 19
knockout_winner: INVALID_INPUT
knockout_winner: FAILURE
knockout_winner: SUCCESS, 9
knockout_winner: SUCCESS, 9
knockout_winner: SUCCESS, 19
knockout_winner: INVALID_INPUT
play_match: FAILURE
knockout_winner: FAILURE
knockout_winner: SUCCESS, 9
knockout_winner: SUCCESS, 9
knockout_winner: SUCCESS, 19
knockout_winner: INVALID_INPUT
get_num_played_games: SUCCESS, 4316
add_team: FAILURE
get_top_scorer: SUCCESS, 95
unite_teams: FAILURE
get_top_scorer: SUCCESS, 44
play_match: FAILURE
get_top_scorer: SUCCESS, 124
knockout_winner: SUCCESS, 4
knockout_winner: INVALID_INPUT
knockout_winner: INVALID_INPUT
knockout_winner: SUCCESS, 9
knockout_winner: INVALID_INPUT
get_top_scorer: SUCCESS, 28
update_player_stats: SUCCESS
get_top_scorer: SUCCESS, 196
get_closest_player: SUCCESS, 2
update_player_stats: SUCCESS
add_team: FAILURE
update_player_stats: SUCCESS
get_all_players_count: SUCCESS, 12
update_player_stats: SUCCESS
remove_team: FAILURE
remove_player: SUCCESS
get_num_played_games: SUCCESS, 5668
unite_teams: FAILURE
add_player: FAILURE
add_team: FAILURE
get_all_players_count: SUCCESS, 7
remove_team: FAILURE
remove_player: SUCCESS
get_top_scorer: SUCCESS, 62
update_player_stats: SUCCESS
update_player_stats: SUCCESS
get_top_scorer: SUCCESS, 175
update_player_stats: SUCCESS
get_closest_player: SUCCESS, 166
get_top_scorer: SUCCESS, 175
unite_teams: FAILURE
get_all_players: SUCCESS
1
81
198
109
45
157
100
94
52
39
add_player: FAILURE
knockout_winner: FAILURE
knockout_winner: SUCCESS, 9
knockout_winner: SUCCESS, 9
knockout_winner: SUCCESS, 19
knockout_winner: INVALID_INPUT
unite_teams: INVALID_INPUT
unite_teams: FAILURE
knockout_winner: FAILURE
knockout_winner: SUCCESS, 19
knockout_winner: FAILURE
knockout_winner: FAILURE
knockout_winner: INVALID_INPUT
get_all_players: SUCCESS
89
169
144
12
139
75
60
remove_team: FAILURE
get_closest_player: SUCCESS, 6
add_team: FAILURE
update_player_stats: SUCCESS
knockout_winner: SUCCESS, 9
knockout_winner: SUCCESS, 4
knockout_winner: SUCCESS, 4
knockout_winner: SUCCESS, 19
knockout_winner: INVALID_INPUT
get_all_players: SUCCESS
150
197
179
160
update_player_stats: SUCCESS
play_match: FAILURE
update_player_stats: SUCCESS
get_top_scorer: SUCCESS, 146
get_all_players_count: SUCCESS, 9
get_all_players_count: SUCCESS, 7
add_team: FAILURE
get_closest_player: SUCCESS, 69
remove_team: FAILURE
get_all_players: SUCCESS
85
80
22
180
161
146
get_all_players_count: SUCCESS, 4
get_team_points: SUCCESS, 1914
get_team_points: SUCCESS, 5500
get_closest_player: SUCCESS, 91
get_team_points: SUCCESS, 6554
get_num_played_games: SUCCESS, 2125
get_all_players_count: SUCCESS, 15
get_top_scorer: SUCCESS, 39
knockout_winner: SUCCESS, 9
knockout_winner: SUCCESS, 4
knockout_winner: SUCCESS, 4
knockout_winner: SUCCESS, 19
knockout_winner: INVALID_INPUT
get_num_played_games: SUCCESS, 1206
knockout_winner: SUCCESS, 19
knockout_winner: SUCCESS, 19
knockout_winner: FAILURE
knockout_winner: FAILURE
knockout_winner: INVALID_INPUT
get_all_players_count: SUCCESS, 9
update_player_stats: SUCCESS
get_closest_player: SUCCESS, 75
remove_team: FAILURE
get_team_points: SUCCESS, 5360
get_all_players: SUCCESS
135
181
141
152
200
11
140
25
106
124
get_closest_player: SUCCESS, 113
get_num_played_games: SUCCESS, 1498
get_top_scorer: SUCCESS, 82
remove_player: SUCCESS
knockout_winner: SUCCESS, 4
knockout_winner: INVALID_INPUT
knockout_winner: INVALID_INPUT
knockout_winner: SUCCESS, 9
knockout_winner: SUCCESS, 9
get_top_scorer: SUCCESS, 82
get_all_players_count: SUCCESS, 5
get_top_scorer: SUCCESS, 175
get_closest_player: SUCCESS, 99
get_team_points: SUCCESS, 10982
remove_team: FAILURE
play_match: FAILURE
get_num_played_games: SUCCESS, 9270
get_top_scorer: SUCCESS, 44
play_match: FAILURE
unite_teams: FAILURE
add_player: FAILURE
play_match: FAILURE
add_team: FAILURE
update_player_stats: SUCCESS
get_team_points: SUCCESS, 1134
get_top_scorer: SUCCESS, 124
knockout_winner: SUCCESS, 9
knockout_winner: SUCCESS, 4
knockout_winner: SUCCESS, 4
knockout_winner: FAILURE
knockout_winner: INVALID_INPUT
get_num_played_games: SUCCESS, 546
remove_player: SUCCESS
play_match: FAILURE
get_team_points: SUCCESS, 11688
get_all_players: SUCCESS
61
99
164
115
28
unite_teams: FAILURE
add_team: FAILURE
get_closest_player: SUCCESS, 172
get_all_players: SUCCESS
49
30
158
79
82
get_team_points: SUCCESS, 1194
remove_team: FAILURE
get_top_scorer: SUCCESS, 28
update_player_stats: SUCCESS
update_player_stats: SUCCESS
add_team: FAILURE
get_closest_player: SUCCESS, 98
get_num_played_games: SUCCESS, 20149
get_closest_player: SUCCESS, 169
add_team: FAILURE
get_team_points: SUCCESS, 3030
update_player_stats: SUCCESS
play_match: FAILURE
get_top_scorer: SUCCESS, 124
knockout_winner: SUCCESS, 4
knockout_winner: INVALID_INPUT
knockout_winner: INVALID_INPUT
knockout_winner: SUCCESS, 9
knockout_winner: INVALID_INPUT
remove_team: FAILURE
remove_team: FAILURE
play_match: FAILURE
get_team_points: SUCCESS, 5500
get_top_scorer: SUCCESS, 62
play_match: FAILURE
get_top_scorer: SUCCESS, 196
get_team_points: SUCCESS, 6555
play_match: FAILURE
knockout_winner: SUCCESS, 19
knockout_winner: SUCCESS, 19
knockout_winner: FAILURE
knockout_winner: FAILURE
knockout_winner: INVALID_INPUT
unite_teams: FAILURE
remove_team: FAILURE
get_all_players_count: SUCCESS, 5
get_num_played_games: SUCCESS, 1797
unite_teams: FAILURE
update_player_stats: SUCCESS
get_closest_player: SUCCESS, 167
add_player: FAILURE
play_match: FAILURE
update_player_stats: SUCCESS
knockout_winner: SUCCESS, 9
knockout_winner: SUCCESS, 4
knockout_winner: SUCCESS, 4
knockout_winner: FAILURE
knockout_winner: INVALID_INPUT
get_closest_player: SUCCESS, 186
get_all_players: SUCCESS
61
99
164
115
28
unite_teams: FAILURE
unite_teams: FAILURE
get_all_players: SUCCESS
67
38
184
176
84
74
64
131
97
104
65
98
121
189
187
update_player_stats: SUCCESS
update_player_stats: SUCCESS
remove_player: SUCCESS
play_match: FAILURE
play_match: FAILURE
get_closest_player: SUCCESS, 91
get_closest_player: SUCCESS, 64
play_match: FAILURE
add_team: FAILURE
remove_player: SUCCESS
remove_player: SUCCESS
get_all_players: SUCCESS
186
101
86
110
17
55
4
136
47
21
32
62
update_player_stats: SUCCESS
get_closest_player: SUCCESS, 120
get_all_players: SUCCESS
67
38
184
176
84
74
64
131
97
104
65
98
121
189
187
add_team: FAILURE
get_num_played_games: SUCCESS, 13859
get_top_scorer: SUCCESS, 2
add_team: FAILURE
get_closest_player: SUCCESS, 146
get_num_played_games: SUCCESS, 5475
get_top_scorer: SUCCESS, 44
get_closest_player: SUCCESS, 52
get_team_points: SUCCESS, 2935
remove_player: SUCCESS
get_team_points: SUCCESS, 1914
get_top_scorer: SUCCESS, 63
play_match: FAILURE
get_num_played_games: SUCCESS, 9624
get_all_players_count: SUCCESS, 7
remove_player: SUCCESS
update_player_stats: SUCCESS
get_team_points: SUCCESS, 6791
play_match: FAILURE
get_team_points: SUCCESS, 3030
get_all_players_count: SUCCESS, 15
add_player: FAILURE
add_team: FAILURE
get_closest_player: SUCCESS, 151
remove_player: SUCCESS
add_team: FAILURE
get_team_points: SUCCESS, 2732
get_top_scorer: SUCCESS, 146
get_closest_player: SUCCESS, 80
play_match: FAILURE
remove_player: SUCCESS
get_team_points: SUCCESS, 4612
get_num_played_games: SUCCESS, 11272
get_all_players_count: SUCCESS, 5
get_all_players: SUCCESS
67
38
184
176
84
74
64
131
97
104
65
98
121
189
187
remove_player: SUCCESS
remove_team: FAILURE
get_top_scorer: SUCCESS, 2
knockout_winner: SUCCESS, 4
knockout_winner: INVALID_INPUT
knockout_winner: INVALID_INPUT
knockout_winner: SUCCESS, 9
knockout_winner: FAILURE
play_match: FAILURE
remove_player: SUCCESS
get_all_players_count: SUCCESS, 8
knockout_winner: SUCCESS, 4
knockout_winner: INVALID_INPUT
knockout_winner: INVALID_INPUT
knockout_winner: SUCCESS, 9
knockout_winner: INVALID_INPUT
update_player_stats: SUCCESS
remove_team: FAILURE
update_player_stats: SUCCESS
get_team_points: SUCCESS, 2935
play_match: FAILURE
play_match: FAILURE
update_player_stats: SUCCESS
get_top_scorer: SUCCESS, 160
get_team_points: SUCCESS, 6555
unite_teams: FAILURE
get_all_players_count: SUCCESS, 4
knockout_winner: FAILURE
knockout_winner: SUCCESS, 19
knockout_winner: FAILURE
knockout_winner: FAILURE
knockout_winner: INVALID_INPUT
unite_teams: FAILURE
unite_teams: FAILURE
play_match: FAILURE
get_all_players: SUCCESS
20
23
194
167
16
76
get_all_players: SUCCESS
89
169
144
12
139
75
60
get_top_scorer: SUCCESS, 39
remove_team: FAILURE
remove_player: SUCCESS
get_all_players: SUCCESS
81
198
109
45
1
157
100
94
52
39
unite_teams: FAILURE
get_closest_player: SUCCESS, 144
unite_teams: SUCCESS
play_match: FAILURE
unite_teams: FAILURE
add_player: FAILURE
get_all_players: SUCCESS
89
169
144
12
139
75
60
remove_team: FAILURE
get_num_played_games: SUCCESS, 5197
play_match: FAILURE
remove_player: SUCCESS
knockout_winner: SUCCESS, 6
knockout_winner: SUCCESS, 6
knockout_winner: SUCCESS, 1
knockout_winner: FAILURE
knockout_winner: INVALID_INPUT
remove_team: FAILURE
remove_player: SUCCESS
remove_team: FAILURE
add_player: FAILURE
knockout_winner: SUCCESS, 6
knockout_winner: INVALID_INPUT
knockout_winner: INVALID_INPUT
knockout_winner: FAILURE
knockout_winner: INVALID_INPUT
play_match: INVALID_INPUT
get_all_players: SUCCESS
114
42
126
63
get_all_players_count: SUCCESS, 19
get_top_scorer: SUCCESS, 124
get_closest_player: SUCCESS, 46
get_num_played_games: SUCCESS, 8360
update_player_stats: SUCCESS
get_num_played_games: SUCCESS, 1304
get_all_players: SUCCESS
50
33
125
166
77
119
175
173
add_team: FAILURE
add_player: FAILURE
get_all_players: SUCCESS
18
178
111
108
159
71
103
44
remove_player: SUCCESS
remove_player: SUCCESS
remove_player: SUCCESS
get_all_players: SUCCESS
145
151
15
172
69
66
185
95
get_all_players_count: SUCCESS, 4
get_num_played_games: SUCCESS, 15343
update_player_stats: SUCCESS
unite_teams: SUCCESS
knockout_winner: FAILURE
knockout_winner: SUCCESS, 19
knockout_winner: FAILURE
knockout_winner: FAILURE
knockout_winner: INVALID_INPUT
remove_team: FAILURE
get_top_scorer: SUCCESS, 173
remove_team: FAILURE
knockout_winner: SUCCESS, 6
knockout_winner: INVALID_INPUT
knockout_winner: INVALID_INPUT
knockout_winner: SUCCESS, 8
knockout_winner: SUCCESS, 8
update_player_stats: SUCCESS
get_team_points: SUCCESS, 3030
get_all_players: SUCCESS
122
105
31
29
195
knockout_winner: FAILURE
knockout_winner: SUCCESS, 6
knockout_winner: SUCCESS, 6
knockout_winner: FAILURE
knockout_winner: INVALID_INPUT
get_top_scorer: SUCCESS, 39
add_player: FAILURE
unite_teams: FAILURE
get_num_played_games: SUCCESS, 19347
get_team_points: SUCCESS, 5500
update_player_stats: SUCCESS
get_closest_player: SUCCESS, 176
remove_team: FAILURE
get_closest_player: SUCCESS, 45
get_num_played_games: SUCCESS, 7003
get_num_played_games: SUCCESS, 8753
play_match: INVALID_INPUT
get_all_players: SUCCESS
116
133
148
40
57
get_top_scorer: SUCCESS, 95
play_match: FAILURE
get_num_played_games: SUCCESS, 10289
get_num_played_games: SUCCESS, 3271
get_closest_player: SUCCESS, 99
get_num_played_games: SUCCESS, 9624
remove_team: FAILURE
add_team: FAILURE
get_all_players_count: SUCCESS, 9
get_all_players_count: SUCCESS, 5
get_all_players: SUCCESS
186
135
101
141
86
152
200
110
11
140
25
17
4
181
136
47
106
32
124
62
get_num_played_games: SUCCESS, 13611
get_closest_player: SUCCESS, 95
remove_player: SUCCESS
get_all_players: SUCCESS
171
41
182
191
48
37
118
129
113
163
2
get_team_points: SUCCESS, 3030
get_all_players_count: SUCCESS, 7
get_closest_player: SUCCESS, 194
play_match: FAILURE
get_num_played_games: SUCCESS, 6324
unite_teams: FAILURE
remove_team: FAILURE
get_team_points: SUCCESS, 15975
add_team: FAILURE
update_player_stats: SUCCESS
get_closest_player: SUCCESS, 37
get_team_points: SUCCESS, 6555
get_team_points: SUCCESS, 1134
knockout_winner: SUCCESS, 19
knockout_winner: SUCCESS, 19
knockout_winner: FAILURE
knockout_winner: FAILURE
knockout_winner: INVALID_INPUT
add_player: FAILURE
remove_player: SUCCESS
knockout_winner: SUCCESS, 19
knockout_winner: SUCCESS, 19
knockout_winner: FAILURE
knockout_winner: FAILURE
knockout_winner: INVALID_INPUT
remove_player: SUCCESS
add_team: FAILURE
remove_player: SUCCESS
unite_teams: FAILURE
get_closest_player: SUCCESS, 69
get_all_players: SUCCESS
150
179
160
get_top_scorer: SUCCESS, 62
knockout_winner: FAILURE
knockout_winner: SUCCESS, 6
knockout_winner: SUCCESS, 6
knockout_winner: SUCCESS, 19
knockout_winner: INVALID_INPUT
update_player_stats: SUCCESS
add_player: FAILURE
play_match: FAILURE
get_team_points: SUCCESS, 2732
remove_player: SUCCESS
get_top_scorer: SUCCESS, 2
play_match: FAILURE
play_match: INVALID_INPUT
get_top_scorer: SUCCESS, 57
update_player_stats: SUCCESS
get_all_players_count: SUCCESS, 5
get_team_points: SUCCESS, 9237
get_all_players_count: SUCCESS, 7
remove_player: SUCCESS
update_player_stats: SUCCESS
play_match: FAILURE
add_team: FAILURE
remove_player: SUCCESS
add_team: FAILURE
add_team: FAILURE
play_match: FAILURE
remove_team: FAILURE
get_num_played_games: SUCCESS, 1727
get_team_points: SUCCESS, 1134
get_top_scorer: SUCCESS, 2
get_all_players: SUCCESS
20
72
112
153
9
194
107
46
35
16
76
6
120
73
193
130
get_all_players: SUCCESS
134
162
165
36
149
19
196
knockout_winner: SUCCESS, 19
knockout_winner: SUCCESS, 8
knockout_winner: SUCCESS, 8
knockout_winner: SUCCESS, 19
knockout_winner: INVALID_INPUT
get_num_played_games: SUCCESS, 31547
remove_player: SUCCESS
add_team: FAILURE
update_player_stats: SUCCESS
get_closest_player: SUCCESS, 164
get_team_points: SUCCESS, 15978
get_num_played_games: SUCCESS, 5691
knockout_winner: SUCCESS, 8
knockout_winner: SUCCESS, 6
knockout_winner: FAILURE
knockout_winner: FAILURE
knockout_winner: INVALID_INPUT
get_all_players: SUCCESS
81
198
109
45
157
100
52
39
add_team: FAILURE
knockout_winner: FAILURE
knockout_winner: FAILURE
knockout_winner: FAILURE
knockout_winner: FAILURE
knockout_winner: INVALID_INPUT
remove_team: FAILURE
add_player: FAILURE
update_player_stats: SUCCESS
add_player: FAILURE
get_all_players: SUCCESS
85
80
22
146
add_player: FAILURE
play_match: FAILURE
get_all_players_count: SUCCESS, 7
knockout_winner: SUCCESS, 6
knockout_winner: INVALID_INPUT
knockout_winner: INVALID_INPUT
knockout_winner: SUCCESS, 8
knockout_winner: SUCCESS, 8
get_all_players_count: SUCCESS, 7
get_team_points: SUCCESS, 6791
get_closest_player: SUCCESS, 67
remove_player: SUCCESS
remove_team: FAILURE
unite_teams: SUCCESS
get_top_scorer: SUCCESS, 114
add_team: FAILURE
get_num_played_games: SUCCESS, 7829
play_match: FAILURE
remove_player: SUCCESS
get_num_played_games: SUCCESS, 8395
remove_player: SUCCESS
get_closest_player: SUCCESS, 42
remove_player: SUCCESS
add_player: FAILURE
get_num_played_games: SUCCESS, 8422
remove_team: FAILURE
knockout_winner: SUCCESS, 10
knockout_winner: SUCCESS, 6
knockout_winner: FAILURE
knockout_winner: FAILURE
knockout_winner: INVALID_INPUT
get_all_players: SUCCESS
89
169
144
12
139
75
60
unite_teams: INVALID_INPUT
get_num_played_games: SUCCESS, 6553
knockout_winner: SUCCESS, 6
knockout_winner: INVALID_INPUT
knockout_winner: INVALID_INPUT
knockout_winner: SUCCESS, 10
knockout_winner: INVALID_INPUT
get_num_played_games: SUCCESS, 5197
get_closest_player: SUCCESS, 165
get_num_played_games: SUCCESS, 4196
get_all_players_count: SUCCESS, 5
add_team: FAILURE
update_player_stats: SUCCESS
get_all_players_count: SUCCESS, 14
play_match: FAILURE
get_closest_player: SUCCESS, 30
get_team_points: SUCCESS, 6791
play_match: FAILURE
get_num_played_games: SUCCESS, 7184
play_match: FAILURE
add_team: FAILURE
get_all_players: SUCCESS
171
41
182
191
48
37
118
113
163
update_player_stats: SUCCESS
unite_teams: INVALID_INPUT
add_player: FAILURE
update_player_stats: SUCCESS
unite_teams: FAILURE
knockout_winner: FAILURE
knockout_winner: SUCCESS, 10
knockout_winner: SUCCESS, 10
knockout_winner: FAILURE
knockout_winner: INVALID_INPUT
add_player: FAILURE
get_team_points: SUCCESS, 2935
unite_teams: FAILURE
unite_teams: FAILURE
get_closest_player: SUCCESS, 81
get_num_played_games: SUCCESS, 4939
get_closest_player: SUCCESS, 79
get_num_played_games: SUCCESS, 9613
remove_player: SUCCESS
remove_player: SUCCESS
remove_player: SUCCESS
remove_player: SUCCESS
remove_player: SUCCESS
remove_player: SUCCESS
remove_player: SUCCESS
remove_player: SUCCESS
remove_player: SUCCESS
remove_player: SUCCESS
remove_player: SUCCESS
remove_player: SUCCESS
remove_player: SUCCESS
remove_player: SUCCESS
remove_player: SUCCESS
remove_player: SUCCESS
remove_player: SUCCESS
remove_player: SUCCESS
remove_player: SUCCESS
remove_player: SUCCESS
remove_player: SUCCESS
remove_player: SUCCESS
remove_player: SUCCESS
remove_player: SUCCESS
remove_player: SUCCESS
remove_player: SUCCESS
remove_player: SUCCESS
remove_player: SUCCESS
remove_player: SUCCESS
remove_player: SUCCESS
remove_player: SUCCESS
remove_player: SUCCESS
remove_player: SUCCESS
remove_player: SUCCESS
remove_player: SUCCESS
remove_player: SUCCESS
remove_player: SUCCESS
remove_player: SUCCESS
remove_player: SUCCESS
remove_player: SUCCESS
remove_player: SUCCESS
remove_player: SUCCESS
remove_player: SUCCESS
remove_player: SUCCESS
remove_player: SUCCESS
remove_player: SUCCESS
remove_player: SUCCESS
remove_player: SUCCESS
remove_player: SUCCESS
remove_player: SUCCESS
remove_player: SUCCESS
remove_player: SUCCESS
remove_player: SUCCESS
remove_player: SUCCESS
remove_player: SUCCESS
remove_player: SUCCESS
remove_player: SUCCESS
remove_player: SUCCESS
remove_player: SUCCESS
remove_player: SUCCESS
remove_player: SUCCESS
remove_player: SUCCESS
remove_player: SUCCESS
remove_player: SUCCESS
remove_player: SUCCESS
remove_player: SUCCESS
remove_player: SUCCESS
remove_player: SUCCESS
remove_player: SUCCESS
remove_player: SUCCESS
remove_player: SUCCESS
remove_player: SUCCESS
remove_player: SUCCESS
remove_player: SUCCESS
remove_player: SUCCESS
remove_player: SUCCESS
remove_player: SUCCESS
remove_player: SUCCESS
remove_player: SUCCESS
remove_player: SUCCESS
remove_player: SUCCESS
remove_player: SUCCESS
remove_player: SUCCESS
remove_player: SUCCESS
remove_player: SUCCESS
remove_player: SUCCESS
remove_player: SUCCESS
remove_player: SUCCESS
remove_player: SUCCESS
remove_player: SUCCESS
remove_player: SUCCESS
remove_player: SUCCESS
remove_player: SUCCESS
remove_player: SUCCESS
remove_player: SUCCESS
remove_player: SUCCESS
remove_player: SUCCESS
remove_player: SUCCESS
remove_player: SUCCESS
remove_player: SUCCESS
remove_player: SUCCESS
remove_player: SUCCESS
remove_player: SUCCESS
remove_player: SUCCESS
remove_player: SUCCESS
remove_player: SUCCESS
remove_player: SUCCESS
remove_player: SUCCESS
remove_player: SUCCESS
remove_player: SUCCESS
remove_player: SUCCESS
remove_player: SUCCESS
remove_player: SUCCESS
remove_player: SUCCESS
remove_player: SUCCESS
remove_player: SUCCESS
remove_player: SUCCESS
remove_player: SUCCESS
remove_player: SUCCESS
remove_player: SUCCESS
remove_player: SUCCESS
remove_player: SUCCESS
remove_player: SUCCESS
remove_player: SUCCESS
remove_player: SUCCESS
remove_player: SUCCESS
remove_player: SUCCESS
remove_player: SUCCESS
remove_player: SUCCESS
remove_team: SUCCESS
remove_team: SUCCESS
remove_team: SUCCESS
remove_team: SUCCESS
remove_team: SUCCESS
remove_team: SUCCESS
remove_team: SUCCESS
remove_team: SUCCESS
remove_team: SUCCESS
remove_team: SUCCESS
remove_team: SUCCESS
remove_team: SUCCESS
remove_team: SUCCESS
remove_team: SUCCESS
remove_team: SUCCESS
remove_team: SUCCESS
