add_team: SUCCESS
add_team: SUCCESS
add_team: SUCCESS
add_team: SUCCESS
add_team: SUCCESS
add_team: SUCCESS
add_team: SUCCESS
add_team: SUCCESS
add_team: SUCCESS
add_team: SUCCESS
add_team: SUCCESS
add_team: SUCCESS
add_team: SUCCESS
add_team: SUCCESS
add_team: SUCCESS
add_team: SUCCESS
add_team: SUCCESS
add_team: SUCCESS
add_team: SUCCESS
add_team: SUCCESS
add_player: SUCCESS
add_player: SUCCESS
add_player: SUCCESS
add_player: SUCCESS
add_player: SUCCESS
add_player: SUCCESS
add_player: SUCCESS
add_player: SUCCESS
add_player: SUCCESS
add_player: SUCCESS
add_player: SUCCESS
add_player: SUCCESS
add_player: SUCCESS
add_player: SUCCESS
add_player: SUCCESS
add_player: SUCCESS
add_player: SUCCESS
add_player: SUCCESS
add_player: SUCCESS
add_player: SUCCESS
add_player: SUCCESS
add_player: SUCCESS
add_player: SUCCESS
add_player: SUCCESS
add_player: SUCCESS
add_player: SUCCESS
add_player: SUCCESS
add_player: SUCCESS
add_player: SUCCESS
add_player: SUCCESS
add_player: SUCCESS
add_player: SUCCESS
add_player: SUCCESS
add_player: SUCCESS
add_player: SUCCESS
add_player: SUCCESS
add_player: SUCCESS
add_player: SUCCESS
add_player: SUCCESS
add_player: SUCCESS
add_player: SUCCESS
add_player: SUCCESS
add_player: SUCCESS
add_player: SUCCESS
add_player: SUCCESS
add_player: SUCCESS
add_player: SUCCESS
add_player: SUCCESS
add_player: SUCCESS
add_player: SUCCESS
add_player: SUCCESS
add_player: SUCCESS
add_player: SUCCESS
add_player: SUCCESS
add_player: SUCCESS
add_player: SUCCESS
add_player: SUCCESS
add_player: SUCCESS
add_player: SUCCESS
add_player: SUCCESS
add_player: SUCCESS
add_player: SUCCESS
add_player: SUCCESS
add_player: SUCCESS
add_player: SUCCESS
add_player: SUCCESS
add_player: SUCCESS
add_player: SUCCESS
add_player: SUCCESS
add_player: SUCCESS
add_player: SUCCESS
add_player: SUCCESS
add_player: SUCCESS
add_player: SUCCESS
add_player: SUCCESS
add_player: SUCCESS
add_player: SUCCESS
add_player: SUCCESS
add_player: SUCCESS
add_player: SUCCESS
add_player: SUCCESS
add_player: SUCCESS
add_player: SUCCESS
add_player: SUCCESS
add_player: SUCCESS
add_player: SUCCESS
add_player: SUCCESS
add_player: SUCCESS
add_player: SUCCESS
add_player: SUCCESS
add_player: SUCCESS
add_player: SUCCESS
add_player: SUCCESS
add_player: SUCCESS
add_player: SUCCESS
add_player: SUCCESS
add_player: SUCCESS
add_player: SUCCESS
add_player: SUCCESS
add_player: SUCCESS
add_player: SUCCESS
add_player: SUCCESS
add_player: SUCCESS
add_player: SUCCESS
add_player: SUCCESS
add_player: SUCCESS
add_player: SUCCESS
add_player: SUCCESS
add_player: SUCCESS
add_player: SUCCESS
add_player: SUCCESS
add_player: SUCCESS
add_player: SUCCESS
add_player: SUCCESS
add_player: SUCCESS
add_player: SUCCESS
add_player: SUCCESS
add_player: SUCCESS
add_player: SUCCESS
add_player: SUCCESS
add_player: SUCCESS
add_player: SUCCESS
add_player: SUCCESS
add_player: SUCCESS
add_player: SUCCESS
add_player: SUCCESS
add_player: SUCCESS
add_player: SUCCESS
add_player: SUCCESS
add_player: SUCCESS
add_player: SUCCESS
add_player: SUCCESS
add_player: SUCCESS
add_player: SUCCESS
add_player: SUCCESS
add_player: SUCCESS
add_player: SUCCESS
add_player: SUCCESS
add_player: SUCCESS
add_player: SUCCESS
add_player: SUCCESS
add_player: SUCCESS
add_player: SUCCESS
add_player: SUCCESS
add_player: SUCCESS
add_player: SUCCESS
add_player: SUCCESS
add_player: SUCCESS
add_player: SUCCESS
add_player: SUCCESS
add_player: SUCCESS
add_player: SUCCESS
add_player: SUCCESS
add_player: SUCCESS
add_player: SUCCESS
add_player: SUCCESS
add_player: SUCCESS
add_player: SUCCESS
add_player: SUCCESS
add_player: SUCCESS
add_player: SUCCESS
add_player: SUCCESS
add_player: SUCCESS
add_player: SUCCESS
add_player: SUCCESS
add_player: SUCCESS
add_player: SUCCESS
add_player: SUCCESS
add_player: SUCCESS
add_player: SUCCESS
add_player: SUCCESS
add_player: SUCCESS
add_player: SUCCESS
add_player: SUCCESS
add_player: SUCCESS
add_player: SUCCESS
add_player: SUCCESS
add_player: SUCCESS
add_player: SUCCESS
add_player: SUCCESS
add_player: SUCCESS
add_player: SUCCESS
add_player: SUCCESS
add_player: SUCCESS
add_player: SUCCESS
add_player: SUCCESS
add_player: SUCCESS
add_player: SUCCESS
add_player: SUCCESS
add_player: SUCCESS
add_player: SUCCESS
add_player: SUCCESS
add_player: SUCCESS
add_player: SUCCESS
add_player: SUCCESS
add_player: SUCCESS
add_player: SUCCESS
add_player: SUCCESS
add_player: SUCCESS
add_player: SUCCESS
knockout_winner: SUCCESS, 7
knockout_winner: SUCCESS, 7
knockout_winner: SUCCESS, 7
knockout_winner: SUCCESS, 12
knockout_winner: INVALID_INPUT
get_num_played_games: SUCCESS, 11749
get_team_points: SUCCESS, 8391
add_player: FAILURE
remove_team: FAILURE
play_match: FAILURE
add_team: FAILURE
get_all_players: SUCCESS
172
19
158
174
unite_teams: FAILURE
update_player_stats: SUCCESS
add_team: FAILURE
get_top_scorer: SUCCESS, 93
remove_team: FAILURE
remove_player: SUCCESS
remove_team: FAILURE
knockout_winner: FAILURE
knockout_winner: SUCCESS, 14
knockout_winner: SUCCESS, 14
knockout_winner: FAILURE
knockout_winner: INVALID_INPUT
get_closest_player: SUCCESS, 39
remove_player: SUCCESS
get_top_scorer: SUCCESS, 121
get_team_points: SUCCESS, 6038
update_player_stats: SUCCESS
unite_teams: FAILURE
get_num_played_games: SUCCESS, 8787
get_top_scorer: SUCCESS, 1
get_num_played_games: SUCCESS, 9343
add_player: FAILURE
remove_player: SUCCESS
get_all_players_count: SUCCESS, 11
remove_player: SUCCESS
update_player_stats: SUCCESS
get_num_played_games: SUCCESS, 10136
knockout_winner: SUCCESS, 7
knockout_winner: INVALID_INPUT
knockout_winner: INVALID_INPUT
knockout_winner: SUCCESS, 7
knockout_winner: INVALID_INPUT
get_num_played_games: SUCCESS, 5998
remove_team: FAILURE
remove_player: SUCCESS
get_closest_player: SUCCESS, 73
add_team: FAILURE
add_player: FAILURE
get_all_players: SUCCESS
74
88
77
125
39
159
193
remove_player: SUCCESS
unite_teams: FAILURE
play_match: FAILURE
get_top_scorer: SUCCESS, 111
remove_player: SUCCESS
add_player: FAILURE
unite_teams: FAILURE
get_all_players: SUCCESS
133
162
161
109
get_top_scorer: SUCCESS, 121
update_player_stats: SUCCESS
get_team_points: SUCCESS, 8391
get_team_points: SUCCESS, 2185
get_num_played_games: SUCCESS, 3931
get_num_played_games: SUCCESS, 1325
remove_player: SUCCESS
get_all_players: SUCCESS
58
145
142
64
48
85
101
76
4
1
get_num_played_games: SUCCESS, 5302
get_closest_player: SUCCESS, 63
get_all_players_count: SUCCESS, 13
get_num_played_games: SUCCESS, 4089
remove_team: FAILURE
remove_team: FAILURE
add_team: FAILURE
add_team: FAILURE
add_player: FAILURE
get_all_players: SUCCESS
74
88
77
125
39
159
193
update_player_stats: SUCCESS
remove_team: FAILURE
update_player_stats: SUCCESS
get_all_players: SUCCESS
166
110
21
132
117
29
138
16
123
42
111
get_all_players: SUCCESS
103
27
49
75
183
51
177
13
update_player_stats: SUCCESS
update_player_stats: SUCCESS
get_team_points: SUCCESS, 648
get_num_played_games: SUCCESS, 306
get_top_scorer: SUCCESS, 78
update_player_stats: SUCCESS
add_team: FAILURE
remove_player: SUCCESS
get_all_players_count: SUCCESS, 11
add_team: FAILURE
get_closest_player: SUCCESS, 164
add_player: FAILURE
get_num_played_games: SUCCESS, 8763
get_top_scorer: SUCCESS, 7
get_closest_player: SUCCESS, 89
get_closest_player: SUCCESS, 172
get_all_players_count: SUCCESS, 18
get_team_points: SUCCESS, 6073
remove_player: SUCCESS
remove_player: SUCCESS
get_num_played_games: SUCCESS, 7983
add_team: FAILURE
remove_team: FAILURE
update_player_stats: SUCCESS
unite_teams: FAILURE
play_match: FAILURE
add_team: FAILURE
get_top_scorer: SUCCESS, 4
update_player_stats: SUCCESS
get_top_scorer: SUCCESS, 193
play_match: INVALID_INPUT
play_match: FAILURE
add_team: FAILURE
get_all_players_count: SUCCESS, 7
unite_teams: FAILURE
get_team_points: SUCCESS, 819
add_player: FAILURE
get_team_points: SUCCESS, 941
remove_team: FAILURE
get_num_played_games: SUCCESS, 2543
remove_player: SUCCESS
add_team: FAILURE
get_top_scorer: SUCCESS, 25
get_all_players_count: SUCCESS, 11
get_team_points: SUCCESS, 7505
unite_teams: FAILURE
remove_team: FAILURE
play_match: INVALID_INPUT
update_player_stats: SUCCESS
knockout_winner: SUCCESS, 7
knockout_winner: SUCCESS, 7
knockout_winner: SUCCESS, 7
knockout_winner: SUCCESS, 12
knockout_winner: SUCCESS, 12
remove_player: SUCCESS
update_player_stats: SUCCESS
add_player: FAILURE
unite_teams: FAILURE
get_top_scorer: SUCCESS, 7
update_player_stats: SUCCESS
remove_player: SUCCESS
get_all_players: SUCCESS
103
49
75
183
51
177
27
13
remove_team: FAILURE
get_all_players_count: SUCCESS, 11
get_closest_player: SUCCESS, 69
add_team: FAILURE
get_top_scorer: SUCCESS, 7
get_all_players_count: SUCCESS, 7
get_team_points: SUCCESS, 6490
get_all_players_count: SUCCESS, 13
remove_team: FAILURE
add_team: FAILURE
add_team: FAILURE
add_player: FAILURE
knockout_winner: SUCCESS, 12
knockout_winner: SUCCESS, 7
knockout_winner: SUCCESS, 7
knockout_winner: FAILURE
knockout_winner: INVALID_INPUT
get_all_players_count: SUCCESS, 18
remove_player: SUCCESS
get_all_players: SUCCESS
98
32
175
189
81
36
97
169
45
11
185
194
78
unite_teams: FAILURE
remove_team: FAILURE
get_num_played_games: SUCCESS, 7006
remove_team: FAILURE
knockout_winner: FAILURE
knockout_winner: SUCCESS, 14
knockout_winner: SUCCESS, 14
knockout_winner: FAILURE
knockout_winner: INVALID_INPUT
knockout_winner: SUCCESS, 4
knockout_winner: INVALID_INPUT
knockout_winner: INVALID_INPUT
knockout_winner: SUCCESS, 7
knockout_winner: INVALID_INPUT
add_team: FAILURE
add_player: FAILURE
remove_team: FAILURE
update_player_stats: SUCCESS
get_closest_player: SUCCESS, 129
remove_team: FAILURE
get_all_players: SUCCESS
166
110
21
132
117
29
16
123
42
111
get_all_players: SUCCESS
98
32
175
189
81
36
97
169
45
11
185
194
78
get_top_scorer: SUCCESS, 111
remove_player: SUCCESS
knockout_winner: SUCCESS, 7
knockout_winner: SUCCESS, 7
knockout_winner: SUCCESS, 7
knockout_winner: SUCCESS, 12
knockout_winner: FAILURE
play_match: FAILURE
get_team_points: SUCCESS, 648
knockout_winner: FAILURE
knockout_winner: SUCCESS, 7
knockout_winner: SUCCESS, 4
knockout_winner: SUCCESS, 14
knockout_winner: INVALID_INPUT
add_player: FAILURE
remove_team: FAILURE
add_team: FAILURE
unite_teams: FAILURE
get_team_points: SUCCESS, 368
update_player_stats: SUCCESS
knockout_winner: SUCCESS, 4
knockout_winner: INVALID_INPUT
knockout_winner: INVALID_INPUT
knockout_winner: SUCCESS, 7
knockout_winner: INVALID_INPUT
play_match: FAILURE
get_all_players_count: SUCCESS, 9
get_top_scorer: SUCCESS, 73
remove_player: SUCCESS
get_num_played_games: SUCCESS, 1114
remove_team: FAILURE
get_top_scorer: SUCCESS, 7
play_match: FAILURE
get_top_scorer: SUCCESS, 78
add_player: FAILURE
add_player: FAILURE
get_num_played_games: SUCCESS, 1274
get_num_played_games: SUCCESS, 4503
get_closest_player: SUCCESS, 13
unite_teams: SUCCESS
get_team_points: SUCCESS, 12301
add_player: FAILURE
play_match: FAILURE
play_match: FAILURE
get_closest_player: SUCCESS, 69
get_top_scorer: SUCCESS, 13
add_team: FAILURE
get_all_players: SUCCESS
172
19
158
174
unite_teams: FAILURE
play_match: FAILURE
get_closest_player: SUCCESS, 26
remove_player: SUCCESS
get_top_scorer: SUCCESS, 111
update_player_stats: SUCCESS
get_num_played_games: SUCCESS, 7195
update_player_stats: SUCCESS
play_match: FAILURE
get_all_players_count: SUCCESS, 15
knockout_winner: SUCCESS, 14
knockout_winner: SUCCESS, 12
knockout_winner: SUCCESS, 12
knockout_winner: FAILURE
knockout_winner: INVALID_INPUT
update_player_stats: SUCCESS
update_player_stats: SUCCESS
get_all_players: SUCCESS
89
155
107
129
144
181
24
3
get_team_points: SUCCESS, 12301
get_num_played_games: SUCCESS, 1885
remove_player: SUCCESS
get_all_players: SUCCESS
172
19
158
174
add_player: FAILURE
update_player_stats: SUCCESS
knockout_winner: SUCCESS, 12
knockout_winner: SUCCESS, 7
knockout_winner: SUCCESS, 7
knockout_winner: FAILURE
knockout_winner: INVALID_INPUT
knockout_winner: SUCCESS, 12
knockout_winner: SUCCESS, 7
knockout_winner: SUCCESS, 7
knockout_winner: FAILURE
knockout_winner: INVALID_INPUT
get_team_points: SUCCESS, 819
get_num_played_games: SUCCESS, 6445
add_player: FAILURE
update_player_stats: SUCCESS
add_team: FAILURE
get_all_players: SUCCESS
167
34
141
82
55
59
6
play_match: FAILURE
update_player_stats: SUCCESS
unite_teams: SUCCESS
get_closest_player: SUCCESS, 139
get_team_points: SUCCESS, 8391
knockout_winner: SUCCESS, 12
knockout_winner: SUCCESS, 7
knockout_winner: SUCCESS, 7
knockout_winner: FAILURE
knockout_winner: INVALID_INPUT
unite_teams: SUCCESS
get_closest_player: SUCCESS, 57
get_top_scorer: SUCCESS, 193
get_all_players: SUCCESS
178
69
57
168
83
12
192
143
94
139
73
remove_player: SUCCESS
get_team_points: SUCCESS, 2211
get_all_players: SUCCESS
103
49
183
51
75
177
27
13
unite_teams: SUCCESS
get_all_players: SUCCESS
58
145
142
64
48
85
101
1
4
get_top_scorer: SUCCESS, 7
update_player_stats: SUCCESS
get_top_scorer: SUCCESS, 3
get_all_players: SUCCESS
89
155
107
129
144
181
3
unite_teams: FAILURE
get_top_scorer: SUCCESS, 78
remove_player: SUCCESS
get_top_scorer: SUCCESS, 73
play_match: INVALID_INPUT
update_player_stats: SUCCESS
knockout_winner: FAILURE
knockout_winner: SUCCESS, 12
knockout_winner: SUCCESS, 12
knockout_winner: FAILURE
knockout_winner: INVALID_INPUT
get_closest_player: SUCCESS, 151
get_team_points: SUCCESS, 648
get_team_points: SUCCESS, 368
get_num_played_games: SUCCESS, 9228
add_team: FAILURE
get_top_scorer: SUCCESS, 44
get_team_points: SUCCESS, 819
update_player_stats: SUCCESS
get_top_scorer: SUCCESS, 109
get_all_players_count: SUCCESS, 7
knockout_winner: SUCCESS, 3
knockout_winner: INVALID_INPUT
knockout_winner: INVALID_INPUT
knockout_winner: SUCCESS, 8
knockout_winner: INVALID_INPUT
get_team_points: SUCCESS, 819
get_all_players: SUCCESS
74
88
77
125
39
159
193
get_all_players: SUCCESS
127
170
195
54
9
99
50
108
7
knockout_winner: INVALID_INPUT
knockout_winner: SUCCESS, 8
knockout_winner: INVALID_INPUT
knockout_winner: INVALID_INPUT
knockout_winner: INVALID_INPUT
unite_teams: FAILURE
add_player: FAILURE
knockout_winner: SUCCESS, 12
knockout_winner: SUCCESS, 8
knockout_winner: SUCCESS, 8
knockout_winner: FAILURE
knockout_winner: INVALID_INPUT
get_top_scorer: SUCCESS, 4
get_all_players: SUCCESS
89
155
129
144
181
3
107
add_team: FAILURE
update_player_stats: SUCCESS
add_player: FAILURE
get_top_scorer: SUCCESS, 7
play_match: FAILURE
play_match: FAILURE
knockout_winner: SUCCESS, 3
knockout_winner: INVALID_INPUT
knockout_winner: INVALID_INPUT
knockout_winner: SUCCESS, 8
knockout_winner: INVALID_INPUT
get_all_players_count: SUCCESS, 15
add_team: FAILURE
get_num_played_games: SUCCESS, 9322
add_team: FAILURE
unite_teams: FAILURE
unite_teams: FAILURE
remove_player: SUCCESS
unite_teams: SUCCESS
remove_player: SUCCESS
get_team_points: SUCCESS, 8434
unite_teams: FAILURE
get_all_players_count: SUCCESS, 13
play_match: INVALID_INPUT
remove_player: SUCCESS
remove_team: FAILURE
get_all_players_count: SUCCESS, 19
remove_team: FAILURE
get_team_points: SUCCESS, 9406
knockout_winner: INVALID_INPUT
knockout_winner: SUCCESS, 14
knockout_winner: INVALID_INPUT
knockout_winner: INVALID_INPUT
knockout_winner: INVALID_INPUT
remove_player: SUCCESS
play_match: FAILURE
get_team_points: SUCCESS, 368
unite_teams: FAILURE
remove_team: FAILURE
remove_team: FAILURE
add_team: FAILURE
get_num_played_games: SUCCESS, 9961
remove_player: SUCCESS
get_num_played_games: SUCCESS, 8158
update_player_stats: SUCCESS
add_team: FAILURE
add_team: FAILURE
add_team: FAILURE
get_top_scorer: SUCCESS, 7
play_match: SUCCESS
get_top_scorer: SUCCESS, 107
get_num_played_games: SUCCESS, 17221
play_match: FAILURE
get_top_scorer: SUCCESS, 44
remove_player: SUCCESS
get_team_points: SUCCESS, 3069
update_player_stats: SUCCESS
remove_team: FAILURE
update_player_stats: SUCCESS
remove_player: SUCCESS
get_top_scorer: SUCCESS, 78
add_team: FAILURE
add_player: FAILURE
get_num_played_games: SUCCESS, 8371
get_top_scorer: SUCCESS, 116
add_team: FAILURE
knockout_winner: INVALID_INPUT
knockout_winner: INVALID_INPUT
knockout_winner: INVALID_INPUT
knockout_winner: INVALID_INPUT
knockout_winner: INVALID_INPUT
unite_teams: FAILURE
update_player_stats: SUCCESS
unite_teams: FAILURE
knockout_winner: SUCCESS, 8
knockout_winner: SUCCESS, 3
knockout_winner: SUCCESS, 3
knockout_winner: FAILURE
knockout_winner: INVALID_INPUT
add_player: FAILURE
play_match: FAILURE
remove_team: FAILURE
remove_player: SUCCESS
play_match: INVALID_INPUT
get_all_players: SUCCESS
172
158
174
19
unite_teams: FAILURE
get_top_scorer: SUCCESS, 4
play_match: FAILURE
update_player_stats: SUCCESS
unite_teams: FAILURE
remove_player: SUCCESS
get_num_played_games: SUCCESS, 1316
get_num_played_games: SUCCESS, 5390
add_player: FAILURE
remove_team: FAILURE
get_all_players: SUCCESS
89
155
129
144
181
3
107
get_all_players: SUCCESS
103
178
69
57
168
49
192
143
94
183
51
75
139
177
73
27
83
13
unite_teams: FAILURE
add_team: FAILURE
knockout_winner: INVALID_INPUT
knockout_winner: SUCCESS, 12
knockout_winner: INVALID_INPUT
knockout_winner: INVALID_INPUT
knockout_winner: INVALID_INPUT
get_team_points: SUCCESS, 9406
update_player_stats: SUCCESS
add_player: FAILURE
play_match: FAILURE
knockout_winner: FAILURE
knockout_winner: SUCCESS, 12
knockout_winner: SUCCESS, 12
knockout_winner: FAILURE
knockout_winner: INVALID_INPUT
remove_team: FAILURE
get_all_players: SUCCESS
133
162
161
109
get_team_points: SUCCESS, 3069
get_num_played_games: SUCCESS, 912
add_player: FAILURE
get_team_points: SUCCESS, 6490
get_all_players_count: SUCCESS, 4
remove_player: SUCCESS
get_all_players_count: SUCCESS, 8
update_player_stats: SUCCESS
knockout_winner: INVALID_INPUT
knockout_winner: SUCCESS, 12
knockout_winner: INVALID_INPUT
knockout_winner: INVALID_INPUT
knockout_winner: INVALID_INPUT
knockout_winner: INVALID_INPUT
knockout_winner: SUCCESS, 3
knockout_winner: INVALID_INPUT
knockout_winner: INVALID_INPUT
knockout_winner: INVALID_INPUT
get_all_players_count: SUCCESS, 14
update_player_stats: SUCCESS
get_closest_player: SUCCESS, 165
add_team: FAILURE
unite_teams: SUCCESS
update_player_stats: SUCCESS
get_closest_player: SUCCESS, 104
remove_team: FAILURE
remove_player: SUCCESS
get_all_players_count: SUCCESS, 4
remove_player: SUCCESS
get_closest_player: SUCCESS, 41
knockout_winner: SUCCESS, 9
knockout_winner: SUCCESS, 8
knockout_winner: SUCCESS, 4
knockout_winner: SUCCESS, 14
knockout_winner: INVALID_INPUT
add_team: FAILURE
add_team: FAILURE
get_all_players: SUCCESS
98
32
175
189
81
36
97
169
45
11
185
194
78
remove_team: FAILURE
knockout_winner: FAILURE
knockout_winner: SUCCESS, 12
knockout_winner: SUCCESS, 10
knockout_winner: FAILURE
knockout_winner: INVALID_INPUT
update_player_stats: SUCCESS
get_closest_player: SUCCESS, 149
remove_team: FAILURE
play_match: FAILURE
remove_player: SUCCESS
get_top_scorer: SUCCESS, 93
get_num_played_games: SUCCESS, 8141
get_closest_player: SUCCESS, 116
get_top_scorer: SUCCESS, 107
get_closest_player: SUCCESS, 2
get_all_players_count: SUCCESS, 8
get_team_points: SUCCESS, 5103
get_top_scorer: SUCCESS, 193
get_team_points: SUCCESS, 3493
remove_team: FAILURE
get_top_scorer: SUCCESS, 59
get_closest_player: SUCCESS, 193
unite_teams: INVALID_INPUT
unite_teams: FAILURE
get_num_played_games: SUCCESS, 10742
add_team: FAILURE
get_num_played_games: SUCCESS, 5443
get_all_players_count: SUCCESS, 7
remove_player: SUCCESS
get_closest_player: SUCCESS, 51
get_top_scorer: SUCCESS, 116
get_num_played_games: SUCCESS, 8764
get_all_players_count: SUCCESS, 5
get_closest_player: SUCCESS, 121
get_closest_player: SUCCESS, 115
get_all_players: SUCCESS
103
178
69
57
168
49
192
143
94
183
51
75
139
177
73
27
83
13
get_all_players: SUCCESS
74
88
77
125
39
159
193
add_player: FAILURE
knockout_winner: INVALID_INPUT
knockout_winner: SUCCESS, 12
knockout_winner: INVALID_INPUT
knockout_winner: INVALID_INPUT
knockout_winner: INVALID_INPUT
update_player_stats: SUCCESS
play_match: FAILURE
get_closest_player: SUCCESS, 45
remove_player: SUCCESS
knockout_winner: FAILURE
knockout_winner: SUCCESS, 12
knockout_winner: SUCCESS, 12
knockout_winner: FAILURE
knockout_winner: INVALID_INPUT
remove_team: FAILURE
get_top_scorer: SUCCESS, 164
get_closest_player: SUCCESS, 83
remove_team: FAILURE
play_match: INVALID_INPUT
remove_player: SUCCESS
add_team: FAILURE
add_team: FAILURE
get_all_players: SUCCESS
98
32
175
189
36
81
97
169
45
11
185
194
78
remove_team: FAILURE
get_closest_player: SUCCESS, 31
remove_player: SUCCESS
add_team: FAILURE
get_all_players: SUCCESS
197
35
2
124
84
56
115
66
15
198
52
43
60
121
164
get_team_points: SUCCESS, 28240
get_team_points: SUCCESS, 9406
remove_team: FAILURE
update_player_stats: SUCCESS
remove_team: FAILURE
remove_player: SUCCESS
get_all_players_count: SUCCESS, 24
unite_teams: SUCCESS
add_team: FAILURE
add_player: FAILURE
get_team_points: SUCCESS, 9406
add_team: FAILURE
knockout_winner: SUCCESS, 3
knockout_winner: INVALID_INPUT
knockout_winner: INVALID_INPUT
knockout_winner: SUCCESS, 8
knockout_winner: INVALID_INPUT
remove_player: SUCCESS
get_all_players: SUCCESS
89
155
129
144
181
3
107
add_player: FAILURE
add_team: FAILURE
get_all_players_count: SUCCESS, 16
add_team: FAILURE
unite_teams: FAILURE
remove_team: FAILURE
get_closest_player: SUCCESS, 109
get_top_scorer: SUCCESS, 78
remove_team: FAILURE
get_all_players_count: SUCCESS, 8
get_closest_player: SUCCESS, 74
unite_teams: FAILURE
remove_team: FAILURE
get_all_players_count: SUCCESS, 16
get_all_players: SUCCESS
170
195
54
99
50
108
9
7
play_match: SUCCESS
get_all_players: SUCCESS
104
153
171
80
112
140
184
61
191
25
71
131
add_player: FAILURE
knockout_winner: INVALID_INPUT
knockout_winner: SUCCESS, 12
knockout_winner: INVALID_INPUT
knockout_winner: INVALID_INPUT
knockout_winner: INVALID_INPUT
get_closest_player: SUCCESS, 59
get_num_played_games: SUCCESS, 9191
get_top_scorer: SUCCESS, 19
play_match: INVALID_INPUT
get_num_played_games: SUCCESS, 8551
get_all_players_count: SUCCESS, 4
remove_player: SUCCESS
remove_player: SUCCESS
remove_team: FAILURE
unite_teams: FAILURE
get_num_played_games: SUCCESS, 11098
remove_team: FAILURE
knockout_winner: INVALID_INPUT
knockout_winner: INVALID_INPUT
knockout_winner: INVALID_INPUT
knockout_winner: INVALID_INPUT
knockout_winner: INVALID_INPUT
get_closest_player: SUCCESS, 69
get_num_played_games: SUCCESS, 5194
add_team: FAILURE
get_all_players_count: SUCCESS, 7
get_top_scorer: SUCCESS, 59
unite_teams: FAILURE
add_team: FAILURE
add_player: FAILURE
get_closest_player: SUCCESS, 145
add_player: FAILURE
get_all_players: SUCCESS
178
69
57
168
49
192
94
183
51
75
139
177
73
27
83
13
get_all_players_count: SUCCESS, 8
unite_teams: SUCCESS
get_all_players: SUCCESS
98
32
175
189
36
81
97
169
45
11
185
194
78
get_closest_player: SUCCESS, 10
remove_player: SUCCESS
add_player: FAILURE
remove_team: FAILURE
get_all_players_count: SUCCESS, 7
get_all_players_count: SUCCESS, 4
get_team_points: SUCCESS, 368
play_match: FAILURE
play_match: SUCCESS
get_closest_player: SUCCESS, 105
unite_teams: FAILURE
remove_player: SUCCESS
update_player_stats: SUCCESS
remove_team: FAILURE
add_team: FAILURE
get_all_players: SUCCESS
98
32
175
189
36
81
97
169
45
11
185
194
78
remove_team: FAILURE
get_all_players_count: SUCCESS, 3
remove_player: SUCCESS
get_team_points: SUCCESS, 368
remove_team: FAILURE
get_team_points: SUCCESS, 8391
get_team_points: SUCCESS, 9406
get_all_players: SUCCESS
98
32
175
189
36
81
97
169
45
11
185
194
78
get_team_points: SUCCESS, 30428
remove_player: SUCCESS
add_player: FAILURE
get_all_players: SUCCESS
20
10
179
93
unite_teams: FAILURE
update_player_stats: SUCCESS
add_player: FAILURE
remove_player: SUCCESS
get_closest_player: SUCCESS, 69
play_match: FAILURE
remove_team: FAILURE
get_all_players: SUCCESS
20
10
179
93
add_player: FAILURE
remove_player: SUCCESS
get_all_players: SUCCESS
96
170
195
122
145
149
54
53
68
142
64
48
173
22
99
85
200
101
118
50
108
9
7
134
17
26
1
119
18
41
14
130
44
knockout_winner: SUCCESS, 8
knockout_winner: SUCCESS, 3
knockout_winner: SUCCESS, 3
knockout_winner: SUCCESS, 12
knockout_winner: SUCCESS, 12
get_num_played_games: SUCCESS, 5391
remove_team: FAILURE
play_match: FAILURE
get_team_points: SUCCESS, 30428
unite_teams: FAILURE
get_all_players_count: SUCCESS, 15
get_all_players: SUCCESS
133
162
109
unite_teams: FAILURE
get_team_points: SUCCESS, 819
get_num_played_games: SUCCESS, 7763
get_closest_player: SUCCESS, 139
remove_team: FAILURE
get_top_scorer: SUCCESS, 93
get_all_players_count: SUCCESS, 24
knockout_winner: SUCCESS, 8
knockout_winner: SUCCESS, 3
knockout_winner: SUCCESS, 3
knockout_winner: SUCCESS, 12
knockout_winner: INVALID_INPUT
add_team: FAILURE
play_match: SUCCESS
update_player_stats: SUCCESS
add_player: FAILURE
get_top_scorer: SUCCESS, 154
remove_team: FAILURE
add_team: FAILURE
get_num_played_games: SUCCESS, 1659
add_team: FAILURE
update_player_stats: SUCCESS
unite_teams: FAILURE
play_match: FAILURE
remove_team: FAILURE
get_top_scorer: SUCCESS, 131
get_closest_player: SUCCESS, 31
get_num_played_games: SUCCESS, 99
get_all_players_count: SUCCESS, 13
get_closest_player: SUCCESS, 126
play_match: SUCCESS
update_player_stats: SUCCESS
remove_player: SUCCESS
remove_player: SUCCESS
get_closest_player: SUCCESS, 62
remove_team: FAILURE
add_team: FAILURE
get_all_players: SUCCESS
104
153
171
80
112
140
184
61
191
71
131
get_team_points: SUCCESS, 3493
remove_player: SUCCESS
unite_teams: FAILURE
play_match: SUCCESS
knockout_winner: SUCCESS, 8
knockout_winner: SUCCESS, 3
knockout_winner: SUCCESS, 3
knockout_winner: SUCCESS, 12
knockout_winner: INVALID_INPUT
get_num_played_games: SUCCESS, 7194
get_all_players_count: SUCCESS, 3
update_player_stats: SUCCESS
play_match: FAILURE
knockout_winner: SUCCESS, 3
knockout_winner: INVALID_INPUT
knockout_winner: INVALID_INPUT
knockout_winner: SUCCESS, 8
knockout_winner: INVALID_INPUT
get_closest_player: SUCCESS, 3
get_all_players_count: SUCCESS, 23
unite_teams: SUCCESS
get_top_scorer: SUCCESS, 13
get_closest_player: SUCCESS, 50
play_match: FAILURE
play_match: FAILURE
remove_team: FAILURE
get_all_players_count: SUCCESS, 6
add_team: FAILURE
add_player: FAILURE
get_team_points: SUCCESS, 18890
remove_player: SUCCESS
remove_player: SUCCESS
update_player_stats: SUCCESS
unite_teams: FAILURE
add_player: FAILURE
remove_player: SUCCESS
update_player_stats: SUCCESS
remove_player: SUCCESS
add_player: FAILURE
get_closest_player: SUCCESS, 72
unite_teams: FAILURE
add_player: FAILURE
knockout_winner: FAILURE
knockout_winner: SUCCESS, 12
knockout_winner: SUCCESS, 12
knockout_winner: FAILURE
knockout_winner: INVALID_INPUT
get_all_players: SUCCESS
74
88
77
39
159
193
add_player: FAILURE
get_all_players_count: SUCCESS, 6
add_team: FAILURE
get_closest_player: SUCCESS, 175
get_all_players: SUCCESS
178
69
57
168
49
192
183
51
75
177
73
27
94
13
get_team_points: SUCCESS, 3069
get_closest_player: SUCCESS, 52
remove_player: SUCCESS
add_player: FAILURE
get_num_played_games: SUCCESS, 8344
get_num_played_games: SUCCESS, 18271
knockout_winner: SUCCESS, 12
knockout_winner: SUCCESS, 8
knockout_winner: FAILURE
knockout_winner: SUCCESS, 14
knockout_winner: INVALID_INPUT
get_all_players: SUCCESS
133
162
109
get_num_played_games: SUCCESS, 1886
unite_teams: FAILURE
update_player_stats: SUCCESS
get_team_points: SUCCESS, 9406
get_num_played_games: SUCCESS, 316
get_closest_player: SUCCESS, 109
get_num_played_games: SUCCESS, 10441
get_num_played_games: SUCCESS, 13014
get_closest_player: SUCCESS, 101
add_team: FAILURE
get_team_points: SUCCESS, 9406
get_closest_player: SUCCESS, 54
get_all_players: SUCCESS
166
182
147
31
135
117
63
34
141
16
72
82
126
79
110
111
132
167
29
6
123
59
knockout_winner: FAILURE
knockout_winner: SUCCESS, 12
knockout_winner: FAILURE
knockout_winner: FAILURE
knockout_winner: INVALID_INPUT
update_player_stats: SUCCESS
get_all_players_count: SUCCESS, 22
remove_team: FAILURE
remove_player: SUCCESS
add_team: FAILURE
unite_teams: FAILURE
knockout_winner: SUCCESS, 14
knockout_winner: SUCCESS, 12
knockout_winner: SUCCESS, 9
knockout_winner: FAILURE
knockout_winner: INVALID_INPUT
add_player: FAILURE
get_num_played_games: SUCCESS, 13986
play_match: FAILURE
play_match: FAILURE
update_player_stats: SUCCESS
get_team_points: SUCCESS, 3069
remove_player: SUCCESS
add_player: FAILURE
get_all_players: SUCCESS
98
32
175
189
36
81
97
169
45
11
185
194
78
get_num_played_games: SUCCESS, 11915
get_team_points: SUCCESS, 819
add_team: FAILURE
remove_team: FAILURE
add_player: FAILURE
add_player: FAILURE
get_team_points: SUCCESS, 38819
get_num_played_games: SUCCESS, 10704
update_player_stats: SUCCESS
remove_player: SUCCESS
unite_teams: SUCCESS
add_player: FAILURE
get_all_players_count: SUCCESS, 22
add_player: FAILURE
unite_teams: INVALID_INPUT
get_all_players: SUCCESS
197
35
2
102
84
56
46
150
115
66
15
105
198
52
43
156
60
47
121
136
164
23
116
get_top_scorer: SUCCESS, 131
add_player: FAILURE
get_all_players: SUCCESS
133
162
109
remove_player: SUCCESS
play_match: FAILURE
play_match: SUCCESS
add_player: FAILURE
add_team: FAILURE
remove_team: FAILURE
remove_team: FAILURE
unite_teams: INVALID_INPUT
get_all_players_count: SUCCESS, 11
get_all_players_count: SUCCESS, 13
unite_teams: FAILURE
update_player_stats: SUCCESS
remove_player: SUCCESS
add_team: FAILURE
remove_player: SUCCESS
play_match: SUCCESS
update_player_stats: SUCCESS
get_top_scorer: SUCCESS, 131
update_player_stats: SUCCESS
add_team: FAILURE
update_player_stats: SUCCESS
add_team: FAILURE
get_top_scorer: SUCCESS, 130
play_match: FAILURE
update_player_stats: SUCCESS
add_team: FAILURE
update_player_stats: SUCCESS
knockout_winner: INVALID_INPUT
knockout_winner: INVALID_INPUT
knockout_winner: INVALID_INPUT
knockout_winner: INVALID_INPUT
knockout_winner: INVALID_INPUT
get_top_scorer: SUCCESS, 109
get_top_scorer: SUCCESS, 13
get_all_players: SUCCESS
166
182
147
31
117
63
34
141
16
72
82
126
79
110
111
132
167
6
135
123
59
29
get_all_players_count: SUCCESS, 11
get_all_players_count: SUCCESS, 13
unite_teams: FAILURE
remove_player: SUCCESS
get_team_points: SUCCESS, 8701
get_num_played_games: SUCCESS, 7643
get_num_played_games: SUCCESS, 5150
knockout_winner: SUCCESS, 12
knockout_winner: SUCCESS, 8
knockout_winner: SUCCESS, 8
knockout_winner: FAILURE
knockout_winner: INVALID_INPUT
get_team_points: SUCCESS, 7833
get_team_points: SUCCESS, 368
get_num_played_games: SUCCESS, 8768
remove_player: SUCCESS
update_player_stats: SUCCESS
get_team_points: SUCCESS, 5103
get_team_points: SUCCESS, 38822
get_closest_player: SUCCESS, 121
get_closest_player: SUCCESS, 129
remove_player: SUCCESS
play_match: SUCCESS
get_top_scorer: SUCCESS, 193
add_team: FAILURE
remove_team: FAILURE
remove_player: SUCCESS
update_player_stats: SUCCESS
update_player_stats: SUCCESS
get_top_scorer: SUCCESS, 193
get_all_players_count: SUCCESS, 17
remove_team: FAILURE
unite_teams: FAILURE
get_team_points: SUCCESS, 9020
update_player_stats: SUCCESS
remove_player: SUCCESS
add_player: FAILURE
get_closest_player: SUCCESS, 14
remove_team: FAILURE
get_closest_player: SUCCESS, 48
remove_team: FAILURE
add_player: FAILURE
get_num_played_games: SUCCESS, 7196
play_match: FAILURE
update_player_stats: SUCCESS
add_player: FAILURE
knockout_winner: INVALID_INPUT
knockout_winner: SUCCESS, 12
knockout_winner: INVALID_INPUT
knockout_winner: INVALID_INPUT
knockout_winner: INVALID_INPUT
remove_team: FAILURE
remove_player: SUCCESS
update_player_stats: SUCCESS
add_player: FAILURE
unite_teams: INVALID_INPUT
get_closest_player: SUCCESS, 182
remove_team: FAILURE
get_all_players: SUCCESS
178
20
69
57
49
192
179
183
51
75
177
73
27
168
94
10
13
get_team_points: SUCCESS, 18893
get_all_players: SUCCESS
178
20
69
57
49
192
179
183
51
75
177
73
27
168
94
10
13
get_closest_player: SUCCESS, 59
add_team: FAILURE
get_closest_player: SUCCESS, 94
update_player_stats: SUCCESS
get_num_played_games: SUCCESS, 11085
get_top_scorer: SUCCESS, 193
get_num_played_games: SUCCESS, 8619
get_num_played_games: SUCCESS, 1862
get_all_players: SUCCESS
88
77
39
159
193
get_closest_player: SUCCESS, 149
add_player: FAILURE
add_player: FAILURE
get_num_played_games: SUCCESS, 9799
get_all_players: SUCCESS
166
182
147
31
117
63
34
141
72
16
126
79
110
111
132
167
6
135
123
59
29
knockout_winner: SUCCESS, 12
knockout_winner: SUCCESS, 8
knockout_winner: FAILURE
knockout_winner: SUCCESS, 15
knockout_winner: INVALID_INPUT
knockout_winner: SUCCESS, 12
knockout_winner: SUCCESS, 8
knockout_winner: SUCCESS, 8
knockout_winner: FAILURE
knockout_winner: INVALID_INPUT
play_match: FAILURE
get_team_points: SUCCESS, 8701
get_num_played_games: SUCCESS, 9327
update_player_stats: SUCCESS
get_closest_player: SUCCESS, 182
get_all_players: SUCCESS
88
77
39
159
193
add_player: FAILURE
get_all_players_count: SUCCESS, 6
remove_player: SUCCESS
add_team: FAILURE
get_closest_player: SUCCESS, 18
get_closest_player: SUCCESS, 79
get_top_scorer: SUCCESS, 107
get_all_players: SUCCESS
98
32
175
36
81
97
169
45
185
194
78
11
add_player: FAILURE
get_team_points: SUCCESS, 9020
unite_teams: SUCCESS
remove_team: FAILURE
add_team: FAILURE
get_num_played_games: SUCCESS, 2110
add_player: FAILURE
knockout_winner: SUCCESS, 3
knockout_winner: INVALID_INPUT
knockout_winner: INVALID_INPUT
knockout_winner: SUCCESS, 8
knockout_winner: SUCCESS, 8
get_num_played_games: SUCCESS, 3881
remove_team: FAILURE
remove_player: SUCCESS
knockout_winner: FAILURE
knockout_winner: SUCCESS, 12
knockout_winner: FAILURE
knockout_winner: FAILURE
knockout_winner: INVALID_INPUT
get_team_points: SUCCESS, 819
add_player: FAILURE
play_match: FAILURE
remove_team: FAILURE
unite_teams: FAILURE
get_top_scorer: SUCCESS, 109
get_closest_player: SUCCESS, 59
get_closest_player: SUCCESS, 17
remove_player: SUCCESS
play_match: INVALID_INPUT
knockout_winner: SUCCESS, 3
knockout_winner: INVALID_INPUT
knockout_winner: INVALID_INPUT
knockout_winner: SUCCESS, 8
knockout_winner: SUCCESS, 8
add_team: FAILURE
knockout_winner: SUCCESS, 8
knockout_winner: SUCCESS, 3
knockout_winner: SUCCESS, 3
knockout_winner: FAILURE
knockout_winner: INVALID_INPUT
get_num_played_games: SUCCESS, 2192
knockout_winner: INVALID_INPUT
knockout_winner: SUCCESS, 8
knockout_winner: INVALID_INPUT
knockout_winner: INVALID_INPUT
knockout_winner: INVALID_INPUT
get_all_players: SUCCESS
178
20
69
57
49
192
179
183
75
177
73
27
168
94
10
13
add_team: FAILURE
add_player: FAILURE
remove_team: FAILURE
get_num_played_games: SUCCESS, 8554
get_all_players: SUCCESS
96
170
122
145
113
149
165
68
142
48
173
146
22
99
85
200
65
101
118
50
62
108
40
7
17
154
18
160
14
44
130
41
add_player: FAILURE
get_all_players: SUCCESS
178
20
69
57
49
192
179
183
75
177
73
27
168
94
10
13
remove_player: SUCCESS
add_player: FAILURE
get_num_played_games: SUCCESS, 14529
update_player_stats: SUCCESS
play_match: INVALID_INPUT
get_top_scorer: SUCCESS, 19
update_player_stats: SUCCESS
knockout_winner: INVALID_INPUT
knockout_winner: SUCCESS, 12
knockout_winner: INVALID_INPUT
knockout_winner: INVALID_INPUT
knockout_winner: INVALID_INPUT
get_all_players: SUCCESS
166
182
147
31
117
34
141
72
16
126
79
110
111
132
167
6
135
123
59
29
play_match: FAILURE
add_player: FAILURE
get_all_players: SUCCESS
133
162
109
unite_teams: SUCCESS
unite_teams: SUCCESS
add_team: FAILURE
remove_team: FAILURE
remove_player: SUCCESS
get_all_players_count: SUCCESS, 20
remove_player: SUCCESS
get_top_scorer: SUCCESS, 115
get_all_players_count: SUCCESS, 25
get_top_scorer: SUCCESS, 131
get_team_points: SUCCESS, 819
get_all_players_count: SUCCESS, 25
remove_team: FAILURE
get_closest_player: SUCCESS, 2
remove_player: SUCCESS
get_team_points: SUCCESS, 819
add_player: FAILURE
update_player_stats: SUCCESS
get_num_played_games: SUCCESS, 14051
get_all_players_count: SUCCESS, 10
add_team: FAILURE
get_all_players_count: SUCCESS, 6
play_match: INVALID_INPUT
get_all_players: SUCCESS
32
175
98
81
97
169
45
185
194
78
11
add_team: FAILURE
add_player: FAILURE
get_closest_player: SUCCESS, 132
remove_player: SUCCESS
get_all_players: SUCCESS
197
35
2
88
102
77
150
39
66
15
105
198
43
159
60
47
121
136
164
23
193
46
116
115
get_team_points: SUCCESS, 9406
add_player: FAILURE
update_player_stats: SUCCESS
remove_team: FAILURE
play_match: FAILURE
get_all_players: SUCCESS
166
182
147
31
117
34
141
72
16
126
79
110
111
132
167
6
135
123
59
29
add_player: FAILURE
unite_teams: FAILURE
get_closest_player: SUCCESS, 57
get_top_scorer: SUCCESS, 41
add_team: FAILURE
add_player: FAILURE
get_top_scorer: SUCCESS, 41
get_team_points: SUCCESS, 5103
play_match: FAILURE
get_team_points: SUCCESS, 47026
remove_player: SUCCESS
remove_team: FAILURE
add_player: FAILURE
get_top_scorer: SUCCESS, 115
get_top_scorer: SUCCESS, 19
knockout_winner: INVALID_INPUT
knockout_winner: FAILURE
knockout_winner: INVALID_INPUT
knockout_winner: INVALID_INPUT
knockout_winner: INVALID_INPUT
get_all_players: SUCCESS
104
153
171
80
112
140
184
61
71
131
add_player: FAILURE
get_team_points: SUCCESS, 47026
get_all_players_count: SUCCESS, 24
remove_player: SUCCESS
get_closest_player: SUCCESS, 48
get_num_played_games: SUCCESS, 9390
get_all_players: SUCCESS
32
175
98
81
97
169
45
185
194
78
11
get_num_played_games: SUCCESS, 1887
add_team: FAILURE
get_closest_player: SUCCESS, 97
add_team: FAILURE
remove_player: SUCCESS
update_player_stats: SUCCESS
get_num_played_games: SUCCESS, 11441
get_team_points: SUCCESS, 9406
get_team_points: SUCCESS, 819
add_player: FAILURE
knockout_winner: SUCCESS, 12
knockout_winner: SUCCESS, 12
knockout_winner: FAILURE
knockout_winner: FAILURE
knockout_winner: INVALID_INPUT
knockout_winner: SUCCESS, 12
knockout_winner: SUCCESS, 12
knockout_winner: FAILURE
knockout_winner: FAILURE
knockout_winner: INVALID_INPUT
get_top_scorer: SUCCESS, 19
get_all_players: SUCCESS
166
182
147
117
34
141
72
16
126
79
110
111
132
167
6
135
123
59
29
get_num_played_games: SUCCESS, 7330
get_closest_player: SUCCESS, 97
get_all_players_count: SUCCESS, 10
get_top_scorer: SUCCESS, 131
get_num_played_games: SUCCESS, 8161
add_player: FAILURE
remove_team: FAILURE
get_num_played_games: SUCCESS, 8637
unite_teams: INVALID_INPUT
remove_player: SUCCESS
get_all_players: SUCCESS
32
175
98
81
97
169
45
185
194
78
11
get_closest_player: SUCCESS, 121
remove_player: SUCCESS
add_team: FAILURE
get_all_players: SUCCESS
104
153
171
80
112
140
184
61
71
131
add_team: FAILURE
get_top_scorer: SUCCESS, 29
get_closest_player: SUCCESS, 49
get_all_players_count: SUCCESS, 3
knockout_winner: SUCCESS, 2
knockout_winner: INVALID_INPUT
knockout_winner: INVALID_INPUT
knockout_winner: FAILURE
knockout_winner: INVALID_INPUT
add_player: FAILURE
get_num_played_games: SUCCESS, 10998
knockout_winner: SUCCESS, 14
knockout_winner: SUCCESS, 12
knockout_winner: FAILURE
knockout_winner: FAILURE
knockout_winner: INVALID_INPUT
remove_player: SUCCESS
get_team_points: SUCCESS, 9406
knockout_winner: SUCCESS, 8
knockout_winner: SUCCESS, 12
knockout_winner: FAILURE
knockout_winner: FAILURE
knockout_winner: INVALID_INPUT
remove_team: FAILURE
get_team_points: SUCCESS, 18893
remove_player: SUCCESS
get_all_players_count: SUCCESS, 3
remove_player: SUCCESS
add_player: FAILURE
get_all_players: SUCCESS
166
182
147
117
34
141
72
16
126
79
110
111
132
167
6
135
123
59
29
get_team_points: SUCCESS, 18893
remove_team: FAILURE
get_all_players_count: SUCCESS, 46
get_top_scorer: SUCCESS, 11
get_team_points: SUCCESS, 47026
remove_team: FAILURE
remove_team: FAILURE
get_all_players: SUCCESS
35
2
88
102
77
150
39
66
15
105
197
198
43
159
60
47
121
136
164
23
193
46
116
115
knockout_winner: INVALID_INPUT
knockout_winner: SUCCESS, 2
knockout_winner: INVALID_INPUT
knockout_winner: INVALID_INPUT
knockout_winner: INVALID_INPUT
get_num_played_games: SUCCESS, 9780
add_player: FAILURE
add_team: FAILURE
get_team_points: SUCCESS, 47026
update_player_stats: SUCCESS
add_player: FAILURE
add_player: FAILURE
add_player: FAILURE
get_top_scorer: SUCCESS, 115
get_top_scorer: SUCCESS, 41
update_player_stats: SUCCESS
knockout_winner: SUCCESS, 12
knockout_winner: SUCCESS, 2
knockout_winner: SUCCESS, 2
knockout_winner: SUCCESS, 12
knockout_winner: FAILURE
update_player_stats: SUCCESS
add_team: FAILURE
add_team: FAILURE
remove_player: SUCCESS
get_all_players: SUCCESS
166
182
147
117
141
72
16
126
79
110
111
132
167
34
6
135
123
59
29
unite_teams: FAILURE
get_team_points: SUCCESS, 3069
add_team: FAILURE
add_player: FAILURE
update_player_stats: SUCCESS
play_match: FAILURE
get_team_points: SUCCESS, 3069
get_all_players: SUCCESS
96
20
133
170
162
69
122
145
113
149
49
165
192
68
142
48
173
146
22
99
85
200
179
65
50
183
75
62
108
40
177
7
73
17
154
27
18
168
160
94
10
14
44
13
130
41
get_all_players: SUCCESS
19
172
get_closest_player: SUCCESS, 45
play_match: INVALID_INPUT
get_num_played_games: SUCCESS, 9964
update_player_stats: SUCCESS
add_team: FAILURE
add_player: FAILURE
get_team_points: SUCCESS, 819
unite_teams: SUCCESS
get_all_players_count: SUCCESS, 46
knockout_winner: INVALID_INPUT
knockout_winner: FAILURE
knockout_winner: INVALID_INPUT
knockout_winner: INVALID_INPUT
knockout_winner: INVALID_INPUT
get_team_points: SUCCESS, 9406
remove_team: FAILURE
add_player: FAILURE
remove_player: SUCCESS
play_match: SUCCESS
get_team_points: SUCCESS, 20790
add_team: FAILURE
get_num_played_games: SUCCESS, 11503
remove_player: SUCCESS
remove_player: SUCCESS
remove_player: SUCCESS
remove_player: SUCCESS
remove_player: SUCCESS
remove_player: SUCCESS
remove_player: SUCCESS
remove_player: SUCCESS
remove_player: SUCCESS
remove_player: SUCCESS
remove_player: SUCCESS
remove_player: SUCCESS
remove_player: SUCCESS
remove_player: SUCCESS
remove_player: SUCCESS
remove_player: SUCCESS
remove_player: SUCCESS
remove_player: SUCCESS
remove_player: SUCCESS
remove_player: SUCCESS
remove_player: SUCCESS
remove_player: SUCCESS
remove_player: SUCCESS
remove_player: SUCCESS
remove_player: SUCCESS
remove_player: SUCCESS
remove_player: SUCCESS
remove_player: SUCCESS
remove_player: SUCCESS
remove_player: SUCCESS
remove_player: SUCCESS
remove_player: SUCCESS
remove_player: SUCCESS
remove_player: SUCCESS
remove_player: SUCCESS
remove_player: SUCCESS
remove_player: SUCCESS
remove_player: SUCCESS
remove_player: SUCCESS
remove_player: SUCCESS
remove_player: SUCCESS
remove_player: SUCCESS
remove_player: SUCCESS
remove_player: SUCCESS
remove_player: SUCCESS
remove_player: SUCCESS
remove_player: SUCCESS
remove_player: SUCCESS
remove_player: SUCCESS
remove_player: SUCCESS
remove_player: SUCCESS
remove_player: SUCCESS
remove_player: SUCCESS
remove_player: SUCCESS
remove_player: SUCCESS
remove_player: SUCCESS
remove_player: SUCCESS
remove_player: SUCCESS
remove_player: SUCCESS
remove_player: SUCCESS
remove_player: SUCCESS
remove_player: SUCCESS
remove_player: SUCCESS
remove_player: SUCCESS
remove_player: SUCCESS
remove_player: SUCCESS
remove_player: SUCCESS
remove_player: SUCCESS
remove_player: SUCCESS
remove_player: SUCCESS
remove_player: SUCCESS
remove_player: SUCCESS
remove_player: SUCCESS
remove_player: SUCCESS
remove_player: SUCCESS
remove_player: SUCCESS
remove_player: SUCCESS
remove_player: SUCCESS
remove_player: SUCCESS
remove_player: SUCCESS
remove_player: SUCCESS
remove_player: SUCCESS
remove_player: SUCCESS
remove_player: SUCCESS
remove_player: SUCCESS
remove_player: SUCCESS
remove_player: SUCCESS
remove_player: SUCCESS
remove_player: SUCCESS
remove_player: SUCCESS
remove_player: SUCCESS
remove_player: SUCCESS
remove_player: SUCCESS
remove_player: SUCCESS
remove_player: SUCCESS
remove_player: SUCCESS
remove_player: SUCCESS
remove_player: SUCCESS
remove_player: SUCCESS
remove_player: SUCCESS
remove_player: SUCCESS
remove_player: SUCCESS
remove_player: SUCCESS
remove_player: SUCCESS
remove_player: SUCCESS
remove_player: SUCCESS
remove_player: SUCCESS
remove_player: SUCCESS
remove_player: SUCCESS
remove_player: SUCCESS
remove_player: SUCCESS
remove_player: SUCCESS
remove_player: SUCCESS
remove_player: SUCCESS
remove_team: SUCCESS
remove_team: SUCCESS
remove_team: SUCCESS
remove_team: SUCCESS
remove_team: SUCCESS
remove_team: SUCCESS
