add_team: SUCCESS
add_team: SUCCESS
add_team: SUCCESS
add_team: SUCCESS
add_team: SUCCESS
add_team: SUCCESS
add_team: SUCCESS
add_team: SUCCESS
add_team: SUCCESS
add_team: SUCCESS
add_team: SUCCESS
add_team: SUCCESS
add_team: SUCCESS
add_team: SUCCESS
add_team: SUCCESS
add_team: SUCCESS
add_team: SUCCESS
add_team: SUCCESS
add_team: SUCCESS
add_team: SUCCESS
add_player: SUCCESS
add_player: SUCCESS
add_player: SUCCESS
add_player: SUCCESS
add_player: SUCCESS
add_player: SUCCESS
add_player: SUCCESS
add_player: SUCCESS
add_player: SUCCESS
add_player: SUCCESS
add_player: SUCCESS
add_player: SUCCESS
add_player: SUCCESS
add_player: SUCCESS
add_player: SUCCESS
add_player: SUCCESS
add_player: SUCCESS
add_player: SUCCESS
add_player: SUCCESS
add_player: SUCCESS
add_player: SUCCESS
add_player: SUCCESS
add_player: SUCCESS
add_player: SUCCESS
add_player: SUCCESS
add_player: SUCCESS
add_player: SUCCESS
add_player: SUCCESS
add_player: SUCCESS
add_player: SUCCESS
add_player: SUCCESS
add_player: SUCCESS
add_player: SUCCESS
add_player: SUCCESS
add_player: SUCCESS
add_player: SUCCESS
add_player: SUCCESS
add_player: SUCCESS
add_player: SUCCESS
add_player: SUCCESS
add_player: SUCCESS
add_player: SUCCESS
add_player: SUCCESS
add_player: SUCCESS
add_player: SUCCESS
add_player: SUCCESS
add_player: SUCCESS
add_player: SUCCESS
add_player: SUCCESS
add_player: SUCCESS
add_player: SUCCESS
add_player: SUCCESS
add_player: SUCCESS
add_player: SUCCESS
add_player: SUCCESS
add_player: SUCCESS
add_player: SUCCESS
add_player: SUCCESS
add_player: SUCCESS
add_player: SUCCESS
add_player: SUCCESS
add_player: SUCCESS
add_player: SUCCESS
add_player: SUCCESS
add_player: SUCCESS
add_player: SUCCESS
add_player: SUCCESS
add_player: SUCCESS
add_player: SUCCESS
add_player: SUCCESS
add_player: SUCCESS
add_player: SUCCESS
add_player: SUCCESS
add_player: SUCCESS
add_player: SUCCESS
add_player: SUCCESS
add_player: SUCCESS
add_player: SUCCESS
add_player: SUCCESS
add_player: SUCCESS
add_player: SUCCESS
add_player: SUCCESS
add_player: SUCCESS
add_player: SUCCESS
add_player: SUCCESS
add_player: SUCCESS
add_player: SUCCESS
add_player: SUCCESS
add_player: SUCCESS
add_player: SUCCESS
add_player: SUCCESS
add_player: SUCCESS
add_player: SUCCESS
add_player: SUCCESS
add_player: SUCCESS
add_player: SUCCESS
add_player: SUCCESS
add_player: SUCCESS
add_player: SUCCESS
add_player: SUCCESS
add_player: SUCCESS
add_player: SUCCESS
add_player: SUCCESS
add_player: SUCCESS
add_player: SUCCESS
add_player: SUCCESS
add_player: SUCCESS
add_player: SUCCESS
add_player: SUCCESS
add_player: SUCCESS
add_player: SUCCESS
add_player: SUCCESS
add_player: SUCCESS
add_player: SUCCESS
add_player: SUCCESS
add_player: SUCCESS
add_player: SUCCESS
add_player: SUCCESS
add_player: SUCCESS
add_player: SUCCESS
add_player: SUCCESS
add_player: SUCCESS
add_player: SUCCESS
add_player: SUCCESS
add_player: SUCCESS
add_player: SUCCESS
add_player: SUCCESS
add_player: SUCCESS
add_player: SUCCESS
add_player: SUCCESS
add_player: SUCCESS
add_player: SUCCESS
add_player: SUCCESS
add_player: SUCCESS
add_player: SUCCESS
add_player: SUCCESS
add_player: SUCCESS
add_player: SUCCESS
add_player: SUCCESS
add_player: SUCCESS
add_player: SUCCESS
add_player: SUCCESS
add_player: SUCCESS
add_player: SUCCESS
add_player: SUCCESS
add_player: SUCCESS
add_player: SUCCESS
add_player: SUCCESS
add_player: SUCCESS
add_player: SUCCESS
add_player: SUCCESS
add_player: SUCCESS
add_player: SUCCESS
add_player: SUCCESS
add_player: SUCCESS
add_player: SUCCESS
add_player: SUCCESS
add_player: SUCCESS
add_player: SUCCESS
add_player: SUCCESS
add_player: SUCCESS
add_player: SUCCESS
add_player: SUCCESS
add_player: SUCCESS
add_player: SUCCESS
add_player: SUCCESS
add_player: SUCCESS
add_player: SUCCESS
add_player: SUCCESS
add_player: SUCCESS
add_player: SUCCESS
add_player: SUCCESS
add_player: SUCCESS
add_player: SUCCESS
add_player: SUCCESS
add_player: SUCCESS
add_player: SUCCESS
add_player: SUCCESS
add_player: SUCCESS
add_player: SUCCESS
add_player: SUCCESS
add_player: SUCCESS
add_player: SUCCESS
add_player: SUCCESS
add_player: SUCCESS
add_player: SUCCESS
add_player: SUCCESS
add_player: SUCCESS
add_player: SUCCESS
add_player: SUCCESS
add_player: SUCCESS
add_player: SUCCESS
add_player: SUCCESS
add_player: SUCCESS
add_player: SUCCESS
add_player: SUCCESS
add_player: SUCCESS
add_player: SUCCESS
add_player: SUCCESS
add_player: SUCCESS
add_team: FAILURE
remove_team: FAILURE
remove_player: SUCCESS
get_all_players: SUCCESS
200
198
196
142
52
16
98
162
163
46
29
5
61
172
get_num_played_games: SUCCESS, 5016
get_top_scorer: SUCCESS, 160
get_closest_player: SUCCESS, 191
get_team_points: SUCCESS, 4887
play_match: FAILURE
get_all_players_count: SUCCESS, 9
update_player_stats: SUCCESS
add_player: FAILURE
add_player: FAILURE
get_closest_player: SUCCESS, 123
play_match: FAILURE
add_player: FAILURE
get_team_points: SUCCESS, 10321
play_match: FAILURE
add_team: FAILURE
remove_team: FAILURE
add_player: FAILURE
get_team_points: SUCCESS, 12034
get_num_played_games: SUCCESS, 2910
add_player: FAILURE
play_match: FAILURE
remove_team: FAILURE
get_top_scorer: SUCCESS, 118
unite_teams: FAILURE
get_num_played_games: SUCCESS, 6103
get_top_scorer: SUCCESS, 70
update_player_stats: SUCCESS
unite_teams: FAILURE
get_all_players: SUCCESS
169
141
73
199
38
103
159
87
36
147
4
65
119
195
129
unite_teams: FAILURE
add_team: FAILURE
add_player: FAILURE
play_match: FAILURE
get_top_scorer: SUCCESS, 67
add_player: FAILURE
get_top_scorer: SUCCESS, 160
get_top_scorer: SUCCESS, 117
get_num_played_games: SUCCESS, 1762
get_closest_player: SUCCESS, 50
add_team: FAILURE
remove_team: FAILURE
remove_team: FAILURE
add_player: FAILURE
play_match: SUCCESS
add_player: FAILURE
get_top_scorer: SUCCESS, 172
update_player_stats: SUCCESS
unite_teams: FAILURE
get_top_scorer: SUCCESS, 129
remove_team: FAILURE
get_all_players: SUCCESS
140
33
42
30
91
106
88
167
66
144
131
15
34
77
124
knockout_winner: FAILURE
knockout_winner: SUCCESS, 18
knockout_winner: FAILURE
knockout_winner: FAILURE
knockout_winner: INVALID_INPUT
knockout_winner: FAILURE
knockout_winner: SUCCESS, 10
knockout_winner: SUCCESS, 10
knockout_winner: FAILURE
knockout_winner: INVALID_INPUT
get_top_scorer: SUCCESS, 170
remove_player: SUCCESS
get_all_players_count: SUCCESS, 9
unite_teams: FAILURE
get_all_players: SUCCESS
28
188
149
126
79
130
194
118
knockout_winner: FAILURE
knockout_winner: SUCCESS, 18
knockout_winner: FAILURE
knockout_winner: FAILURE
knockout_winner: INVALID_INPUT
add_team: FAILURE
remove_team: FAILURE
get_all_players_count: SUCCESS, 9
add_team: FAILURE
get_closest_player: SUCCESS, 64
unite_teams: FAILURE
remove_player: SUCCESS
knockout_winner: SUCCESS, 5
knockout_winner: INVALID_INPUT
knockout_winner: INVALID_INPUT
knockout_winner: SUCCESS, 10
knockout_winner: INVALID_INPUT
get_num_played_games: SUCCESS, 1007
get_team_points: SUCCESS, 1051
get_top_scorer: SUCCESS, 114
get_top_scorer: SUCCESS, 3
get_team_points: SUCCESS, 4548
get_num_played_games: SUCCESS, 10860
remove_team: FAILURE
unite_teams: FAILURE
get_all_players_count: SUCCESS, 8
get_team_points: SUCCESS, 4272
get_team_points: SUCCESS, 4965
unite_teams: FAILURE
remove_player: SUCCESS
get_all_players: SUCCESS
14
68
69
94
107
get_closest_player: SUCCESS, 101
play_match: FAILURE
get_closest_player: SUCCESS, 175
get_closest_player: SUCCESS, 77
get_all_players_count: SUCCESS, 9
get_closest_player: SUCCESS, 17
add_team: FAILURE
play_match: FAILURE
remove_team: FAILURE
get_top_scorer: SUCCESS, 129
get_top_scorer: SUCCESS, 80
get_all_players: SUCCESS
112
193
155
62
45
197
102
get_top_scorer: SUCCESS, 49
get_all_players: SUCCESS
48
13
40
7
58
150
21
145
174
71
170
remove_team: FAILURE
get_all_players_count: SUCCESS, 6
get_closest_player: SUCCESS, 195
add_player: FAILURE
add_player: FAILURE
knockout_winner: SUCCESS, 18
knockout_winner: SUCCESS, 10
knockout_winner: SUCCESS, 10
knockout_winner: FAILURE
knockout_winner: INVALID_INPUT
get_top_scorer: SUCCESS, 172
add_team: FAILURE
knockout_winner: SUCCESS, 13
knockout_winner: SUCCESS, 6
knockout_winner: SUCCESS, 6
knockout_winner: SUCCESS, 18
knockout_winner: INVALID_INPUT
add_team: FAILURE
play_match: SUCCESS
remove_team: FAILURE
unite_teams: FAILURE
get_all_players_count: SUCCESS, 10
play_match: FAILURE
add_team: FAILURE
remove_team: FAILURE
add_player: FAILURE
knockout_winner: SUCCESS, 18
knockout_winner: SUCCESS, 18
knockout_winner: SUCCESS, 13
knockout_winner: FAILURE
knockout_winner: INVALID_INPUT
get_closest_player: SUCCESS, 88
knockout_winner: SUCCESS, 13
knockout_winner: SUCCESS, 10
knockout_winner: SUCCESS, 8
knockout_winner: SUCCESS, 18
knockout_winner: INVALID_INPUT
remove_player: SUCCESS
remove_team: FAILURE
update_player_stats: SUCCESS
unite_teams: FAILURE
get_closest_player: SUCCESS, 127
get_team_points: SUCCESS, 4272
remove_team: FAILURE
add_team: FAILURE
knockout_winner: SUCCESS, 18
knockout_winner: SUCCESS, 18
knockout_winner: SUCCESS, 13
knockout_winner: FAILURE
knockout_winner: INVALID_INPUT
get_num_played_games: SUCCESS, 11382
remove_player: SUCCESS
get_all_players: SUCCESS
137
74
90
189
32
185
108
39
148
get_team_points: SUCCESS, 1740
remove_team: FAILURE
update_player_stats: SUCCESS
get_team_points: SUCCESS, 3907
add_team: FAILURE
get_team_points: SUCCESS, 4887
add_player: FAILURE
add_player: FAILURE
play_match: SUCCESS
get_team_points: SUCCESS, 1740
unite_teams: FAILURE
remove_team: FAILURE
unite_teams: FAILURE
get_closest_player: SUCCESS, 76
get_top_scorer: SUCCESS, 110
get_team_points: SUCCESS, 5866
get_closest_player: SUCCESS, 102
add_player: FAILURE
get_all_players_count: SUCCESS, 9
get_all_players: SUCCESS
64
121
166
175
11
178
50
70
add_player: FAILURE
get_all_players_count: SUCCESS, 5
get_all_players: SUCCESS
95
37
59
177
24
135
182
157
146
111
187
49
add_player: FAILURE
get_closest_player: SUCCESS, 171
update_player_stats: SUCCESS
get_closest_player: SUCCESS, 77
get_num_played_games: SUCCESS, 10494
remove_team: FAILURE
get_top_scorer: SUCCESS, 118
get_team_points: SUCCESS, 1740
update_player_stats: SUCCESS
remove_player: SUCCESS
get_all_players: SUCCESS
6
89
184
127
22
105
44
76
93
114
get_top_scorer: SUCCESS, 114
add_player: FAILURE
add_player: FAILURE
get_all_players: SUCCESS
51
2
31
104
138
156
19
3
knockout_winner: SUCCESS, 10
knockout_winner: SUCCESS, 10
knockout_winner: SUCCESS, 8
knockout_winner: SUCCESS, 18
knockout_winner: INVALID_INPUT
play_match: SUCCESS
play_match: FAILURE
unite_teams: FAILURE
knockout_winner: SUCCESS, 10
knockout_winner: SUCCESS, 10
knockout_winner: SUCCESS, 6
knockout_winner: SUCCESS, 13
knockout_winner: INVALID_INPUT
add_team: FAILURE
get_closest_player: SUCCESS, 5
add_team: FAILURE
get_all_players: SUCCESS
137
74
90
189
32
185
108
148
39
unite_teams: FAILURE
knockout_winner: SUCCESS, 18
knockout_winner: SUCCESS, 18
knockout_winner: SUCCESS, 13
knockout_winner: FAILURE
knockout_winner: INVALID_INPUT
get_all_players_count: SUCCESS, 12
remove_player: SUCCESS
play_match: FAILURE
get_all_players_count: SUCCESS, 10
get_all_players: SUCCESS
6
89
184
127
22
105
44
76
93
114
get_all_players_count: SUCCESS, 10
update_player_stats: SUCCESS
add_player: FAILURE
get_all_players_count: SUCCESS, 10
knockout_winner: FAILURE
knockout_winner: SUCCESS, 18
knockout_winner: FAILURE
knockout_winner: FAILURE
knockout_winner: INVALID_INPUT
remove_team: FAILURE
remove_team: FAILURE
get_closest_player: SUCCESS, 33
get_num_played_games: SUCCESS, 5466
get_all_players: SUCCESS
12
109
125
154
117
get_all_players: SUCCESS
64
121
166
175
11
178
50
70
remove_team: FAILURE
knockout_winner: SUCCESS, 10
knockout_winner: SUCCESS, 10
knockout_winner: SUCCESS, 8
knockout_winner: SUCCESS, 18
knockout_winner: INVALID_INPUT
get_all_players_count: SUCCESS, 8
update_player_stats: SUCCESS
get_num_played_games: SUCCESS, 6057
add_player: FAILURE
remove_team: FAILURE
knockout_winner: SUCCESS, 10
knockout_winner: SUCCESS, 10
knockout_winner: SUCCESS, 10
knockout_winner: SUCCESS, 18
knockout_winner: INVALID_INPUT
remove_player: SUCCESS
get_closest_player: SUCCESS, 151
remove_team: FAILURE
remove_player: SUCCESS
get_all_players_count: SUCCESS, 8
get_all_players: SUCCESS
95
37
59
177
24
182
157
146
111
135
187
49
unite_teams: INVALID_INPUT
get_num_played_games: SUCCESS, 2825
play_match: FAILURE
unite_teams: FAILURE
get_all_players: SUCCESS
64
121
166
175
11
178
50
70
get_top_scorer: SUCCESS, 3
get_all_players: SUCCESS
26
115
179
168
122
97
18
72
get_all_players_count: SUCCESS, 8
knockout_winner: SUCCESS, 8
knockout_winner: INVALID_INPUT
knockout_winner: INVALID_INPUT
knockout_winner: SUCCESS, 8
knockout_winner: SUCCESS, 8
unite_teams: FAILURE
play_match: FAILURE
get_closest_player: SUCCESS, 91
remove_player: SUCCESS
remove_team: FAILURE
update_player_stats: SUCCESS
unite_teams: SUCCESS
remove_team: FAILURE
get_top_scorer: SUCCESS, 136
get_all_players_count: SUCCESS, 13
add_team: FAILURE
get_all_players_count: SUCCESS, 12
get_top_scorer: SUCCESS, 124
get_closest_player: SUCCESS, 138
play_match: FAILURE
get_all_players_count: SUCCESS, 12
remove_player: SUCCESS
get_team_points: SUCCESS, 1740
knockout_winner: SUCCESS, 18
knockout_winner: SUCCESS, 10
knockout_winner: SUCCESS, 10
knockout_winner: FAILURE
knockout_winner: INVALID_INPUT
unite_teams: FAILURE
play_match: FAILURE
add_player: FAILURE
knockout_winner: SUCCESS, 18
knockout_winner: SUCCESS, 18
knockout_winner: FAILURE
knockout_winner: FAILURE
knockout_winner: INVALID_INPUT
get_all_players: SUCCESS
171
113
82
123
173
23
183
54
81
181
75
80
get_team_points: SUCCESS, 12034
get_all_players_count: SUCCESS, 9
add_player: FAILURE
unite_teams: FAILURE
get_closest_player: SUCCESS, 106
knockout_winner: SUCCESS, 10
knockout_winner: SUCCESS, 6
knockout_winner: SUCCESS, 6
knockout_winner: FAILURE
knockout_winner: INVALID_INPUT
get_top_scorer: SUCCESS, 9
remove_player: SUCCESS
remove_player: SUCCESS
remove_team: FAILURE
add_player: FAILURE
remove_player: SUCCESS
remove_player: SUCCESS
get_closest_player: SUCCESS, 177
knockout_winner: SUCCESS, 18
knockout_winner: SUCCESS, 6
knockout_winner: SUCCESS, 6
knockout_winner: SUCCESS, 18
knockout_winner: INVALID_INPUT
knockout_winner: FAILURE
knockout_winner: SUCCESS, 18
knockout_winner: FAILURE
knockout_winner: FAILURE
knockout_winner: INVALID_INPUT
get_all_players: SUCCESS
64
121
166
175
11
50
178
70
add_team: FAILURE
remove_player: SUCCESS
get_team_points: SUCCESS, 11849
remove_player: SUCCESS
play_match: FAILURE
get_top_scorer: SUCCESS, 70
get_all_players_count: SUCCESS, 7
knockout_winner: SUCCESS, 10
knockout_winner: SUCCESS, 10
knockout_winner: SUCCESS, 6
knockout_winner: FAILURE
knockout_winner: INVALID_INPUT
get_num_played_games: SUCCESS, 1107
remove_team: FAILURE
add_player: FAILURE
add_team: FAILURE
get_num_played_games: SUCCESS, 4823
play_match: FAILURE
get_all_players_count: SUCCESS, 8
add_player: FAILURE
get_top_scorer: SUCCESS, 39
remove_player: SUCCESS
get_closest_player: SUCCESS, 135
get_team_points: SUCCESS, 16684
get_top_scorer: SUCCESS, 124
update_player_stats: SUCCESS
get_num_played_games: SUCCESS, 9978
get_closest_player: SUCCESS, 55
play_match: FAILURE
remove_team: FAILURE
add_team: FAILURE
get_num_played_games: SUCCESS, 9108
add_player: FAILURE
add_team: FAILURE
get_num_played_games: SUCCESS, 1149
get_top_scorer: SUCCESS, 136
get_all_players_count: SUCCESS, 11
get_num_played_games: SUCCESS, 5810
knockout_winner: SUCCESS, 10
knockout_winner: SUCCESS, 10
knockout_winner: SUCCESS, 10
knockout_winner: SUCCESS, 18
knockout_winner: INVALID_INPUT
update_player_stats: SUCCESS
knockout_winner: SUCCESS, 6
knockout_winner: INVALID_INPUT
knockout_winner: INVALID_INPUT
knockout_winner: SUCCESS, 10
knockout_winner: SUCCESS, 10
get_team_points: SUCCESS, 1740
play_match: FAILURE
add_team: FAILURE
remove_player: SUCCESS
knockout_winner: SUCCESS, 18
knockout_winner: SUCCESS, 18
knockout_winner: SUCCESS, 11
knockout_winner: SUCCESS, 18
knockout_winner: INVALID_INPUT
get_all_players_count: SUCCESS, 8
remove_player: SUCCESS
get_closest_player: SUCCESS, 6
add_player: FAILURE
get_num_played_games: SUCCESS, 3543
get_top_scorer: SUCCESS, 117
get_all_players: SUCCESS
196
16
98
142
162
163
29
5
61
172
remove_team: FAILURE
remove_player: SUCCESS
get_team_points: SUCCESS, 10324
remove_player: SUCCESS
get_all_players: SUCCESS
120
128
60
101
47
158
57
176
132
20
136
add_team: FAILURE
add_team: FAILURE
get_team_points: SUCCESS, 1051
remove_team: FAILURE
add_player: FAILURE
get_top_scorer: SUCCESS, 155
get_num_played_games: SUCCESS, 1653
get_all_players: SUCCESS
171
113
82
173
23
183
54
81
181
75
80
knockout_winner: SUCCESS, 6
knockout_winner: SUCCESS, 1
knockout_winner: SUCCESS, 1
knockout_winner: SUCCESS, 18
knockout_winner: SUCCESS, 11
play_match: FAILURE
add_team: FAILURE
get_closest_player: SUCCESS, 18
remove_player: SUCCESS
play_match: FAILURE
add_player: FAILURE
remove_team: FAILURE
unite_teams: FAILURE
add_player: FAILURE
get_all_players_count: SUCCESS, 10
add_player: FAILURE
remove_player: SUCCESS
play_match: SUCCESS
get_top_scorer: SUCCESS, 155
add_team: FAILURE
unite_teams: SUCCESS
get_num_played_games: SUCCESS, 1149
remove_team: FAILURE
add_player: FAILURE
get_num_played_games: SUCCESS, 1568
update_player_stats: SUCCESS
remove_team: FAILURE
play_match: FAILURE
get_team_points: SUCCESS, 4965
add_player: FAILURE
get_top_scorer: SUCCESS, 117
get_team_points: SUCCESS, 7971
get_num_played_games: SUCCESS, 9898
add_player: FAILURE
remove_player: SUCCESS
add_player: FAILURE
update_player_stats: SUCCESS
get_num_played_games: SUCCESS, 6349
play_match: FAILURE
get_team_points: SUCCESS, 4887
remove_team: FAILURE
get_all_players_count: SUCCESS, 14
unite_teams: SUCCESS
remove_player: SUCCESS
add_player: FAILURE
get_num_played_games: SUCCESS, 5016
get_all_players: SUCCESS
140
33
42
30
91
106
88
167
66
144
131
15
34
77
remove_player: SUCCESS
remove_player: SUCCESS
get_team_points: SUCCESS, 1586
get_closest_player: SUCCESS, 4
add_player: FAILURE
get_closest_player: SUCCESS, 49
get_num_played_games: SUCCESS, 4943
get_num_played_games: SUCCESS, 5016
add_player: FAILURE
get_all_players: SUCCESS
191
43
180
1
35
86
143
110
add_team: FAILURE
get_all_players_count: SUCCESS, 11
get_top_scorer: SUCCESS, 80
play_match: SUCCESS
unite_teams: FAILURE
remove_player: SUCCESS
update_player_stats: SUCCESS
get_top_scorer: SUCCESS, 3
get_team_points: SUCCESS, 16684
get_team_points: SUCCESS, 1586
get_closest_player: SUCCESS, 31
knockout_winner: INVALID_INPUT
knockout_winner: SUCCESS, 15
knockout_winner: INVALID_INPUT
knockout_winner: INVALID_INPUT
knockout_winner: INVALID_INPUT
unite_teams: FAILURE
unite_teams: FAILURE
unite_teams: FAILURE
get_all_players_count: SUCCESS, 18
update_player_stats: SUCCESS
add_team: FAILURE
get_num_played_games: SUCCESS, 10861
get_all_players: SUCCESS
171
82
173
23
183
54
81
181
75
80
get_num_played_games: SUCCESS, 1267
get_all_players_count: SUCCESS, 17
knockout_winner: SUCCESS, 18
knockout_winner: SUCCESS, 15
knockout_winner: SUCCESS, 15
knockout_winner: FAILURE
knockout_winner: INVALID_INPUT
play_match: FAILURE
get_team_points: SUCCESS, 10507
update_player_stats: SUCCESS
knockout_winner: SUCCESS, 8
knockout_winner: SUCCESS, 1
knockout_winner: SUCCESS, 1
knockout_winner: SUCCESS, 18
knockout_winner: SUCCESS, 11
add_team: FAILURE
add_team: FAILURE
play_match: FAILURE
get_team_points: SUCCESS, 9984
update_player_stats: SUCCESS
get_team_points: SUCCESS, 3907
get_closest_player: SUCCESS, 26
get_closest_player: SUCCESS, 172
unite_teams: FAILURE
unite_teams: FAILURE
get_top_scorer: SUCCESS, 77
remove_player: SUCCESS
update_player_stats: SUCCESS
get_team_points: SUCCESS, 4272
get_team_points: SUCCESS, 1586
get_team_points: SUCCESS, 3907
get_all_players: SUCCESS
171
82
173
23
183
54
81
181
75
80
get_team_points: SUCCESS, 10507
add_team: FAILURE
get_num_played_games: SUCCESS, 9448
remove_player: SUCCESS
get_top_scorer: SUCCESS, 3
get_all_players: SUCCESS
37
59
177
24
157
187
135
49
add_team: FAILURE
unite_teams: FAILURE
unite_teams: FAILURE
knockout_winner: INVALID_INPUT
knockout_winner: SUCCESS, 8
knockout_winner: INVALID_INPUT
knockout_winner: INVALID_INPUT
knockout_winner: INVALID_INPUT
play_match: SUCCESS
get_all_players_count: SUCCESS, 11
knockout_winner: SUCCESS, 8
knockout_winner: SUCCESS, 1
knockout_winner: SUCCESS, 1
knockout_winner: SUCCESS, 18
knockout_winner: SUCCESS, 15
get_team_points: SUCCESS, 10375
add_team: FAILURE
add_player: FAILURE
get_all_players: SUCCESS
120
128
60
101
47
158
57
176
132
20
136
get_all_players_count: SUCCESS, 4
add_team: FAILURE
knockout_winner: INVALID_INPUT
knockout_winner: SUCCESS, 11
knockout_winner: INVALID_INPUT
knockout_winner: INVALID_INPUT
knockout_winner: INVALID_INPUT
remove_player: SUCCESS
add_player: FAILURE
get_top_scorer: SUCCESS, 134
get_all_players_count: SUCCESS, 12
get_team_points: SUCCESS, 1523
play_match: FAILURE
get_all_players_count: SUCCESS, 12
get_closest_player: SUCCESS, 156
add_player: FAILURE
get_closest_player: SUCCESS, 190
update_player_stats: SUCCESS
remove_player: SUCCESS
update_player_stats: SUCCESS
remove_player: SUCCESS
get_closest_player: SUCCESS, 33
get_all_players: SUCCESS
51
2
28
188
149
126
79
130
194
31
104
138
156
118
19
3
get_all_players: SUCCESS
140
33
42
30
91
106
66
144
131
15
34
77
get_num_played_games: SUCCESS, 7276
get_closest_player: SUCCESS, 85
get_top_scorer: SUCCESS, 195
get_num_played_games: SUCCESS, 1318
get_all_players: SUCCESS
164
27
53
99
96
84
116
get_top_scorer: SUCCESS, 134
update_player_stats: SUCCESS
get_closest_player: SUCCESS, 152
knockout_winner: INVALID_INPUT
knockout_winner: SUCCESS, 8
knockout_winner: INVALID_INPUT
knockout_winner: INVALID_INPUT
knockout_winner: INVALID_INPUT
get_team_points: SUCCESS, 1586
get_all_players: SUCCESS
171
82
23
183
54
81
181
75
80
get_closest_player: SUCCESS, 150
unite_teams: SUCCESS
remove_player: SUCCESS
get_closest_player: SUCCESS, 127
unite_teams: FAILURE
play_match: INVALID_INPUT
add_team: FAILURE
remove_team: FAILURE
get_all_players_count: SUCCESS, 7
get_top_scorer: SUCCESS, 61
update_player_stats: SUCCESS
get_all_players_count: SUCCESS, 15
remove_team: FAILURE
play_match: FAILURE
get_closest_player: SUCCESS, 58
get_team_points: SUCCESS, 4275
get_all_players: SUCCESS
186
14
10
85
56
68
192
94
17
100
107
67
190
knockout_winner: INVALID_INPUT
knockout_winner: FAILURE
knockout_winner: INVALID_INPUT
knockout_winner: INVALID_INPUT
knockout_winner: INVALID_INPUT
remove_player: SUCCESS
remove_player: SUCCESS
update_player_stats: SUCCESS
get_top_scorer: SUCCESS, 134
knockout_winner: FAILURE
knockout_winner: SUCCESS, 15
knockout_winner: FAILURE
knockout_winner: FAILURE
knockout_winner: INVALID_INPUT
remove_player: SUCCESS
remove_player: SUCCESS
get_all_players_count: SUCCESS, 17
add_player: FAILURE
update_player_stats: SUCCESS
remove_team: FAILURE
add_player: FAILURE
get_team_points: SUCCESS, 10327
add_team: FAILURE
knockout_winner: SUCCESS, 8
knockout_winner: SUCCESS, 5
knockout_winner: SUCCESS, 5
knockout_winner: SUCCESS, 15
knockout_winner: FAILURE
add_team: FAILURE
knockout_winner: SUCCESS, 5
knockout_winner: INVALID_INPUT
knockout_winner: INVALID_INPUT
knockout_winner: SUCCESS, 8
knockout_winner: SUCCESS, 8
get_all_players: SUCCESS
191
43
180
1
35
86
143
110
get_num_played_games: SUCCESS, 5597
get_closest_player: SUCCESS, 34
get_team_points: SUCCESS, 4275
get_num_played_games: SUCCESS, 8967
get_team_points: SUCCESS, 10507
update_player_stats: SUCCESS
unite_teams: FAILURE
get_top_scorer: SUCCESS, 105
get_team_points: SUCCESS, 11216
get_closest_player: SUCCESS, 93
get_all_players_count: SUCCESS, 17
get_num_played_games: SUCCESS, 10595
add_team: FAILURE
get_team_points: SUCCESS, 4887
get_all_players_count: SUCCESS, 16
get_all_players: SUCCESS
26
139
152
115
179
151
41
83
168
122
97
55
78
18
72
134
get_team_points: SUCCESS, 16684
get_team_points: SUCCESS, 1523
unite_teams: FAILURE
get_top_scorer: SUCCESS, 170
add_team: FAILURE
add_player: FAILURE
get_team_points: SUCCESS, 1586
remove_player: SUCCESS
play_match: FAILURE
remove_team: FAILURE
add_team: FAILURE
add_player: FAILURE
get_num_played_games: SUCCESS, 7631
get_team_points: SUCCESS, 4965
remove_player: SUCCESS
remove_team: FAILURE
get_closest_player: SUCCESS, 184
get_all_players_count: SUCCESS, 15
remove_player: SUCCESS
get_all_players_count: SUCCESS, 16
unite_teams: FAILURE
play_match: FAILURE
get_all_players_count: SUCCESS, 7
add_player: FAILURE
get_top_scorer: SUCCESS, 135
play_match: FAILURE
get_top_scorer: SUCCESS, 170
remove_player: SUCCESS
add_player: FAILURE
knockout_winner: SUCCESS, 15
knockout_winner: SUCCESS, 5
knockout_winner: SUCCESS, 5
knockout_winner: SUCCESS, 15
knockout_winner: INVALID_INPUT
get_team_points: SUCCESS, 4275
add_team: FAILURE
get_num_played_games: SUCCESS, 1856
update_player_stats: SUCCESS
get_closest_player: SUCCESS, 178
remove_team: FAILURE
remove_player: SUCCESS
add_player: FAILURE
get_team_points: SUCCESS, 4887
remove_player: SUCCESS
knockout_winner: INVALID_INPUT
knockout_winner: INVALID_INPUT
knockout_winner: INVALID_INPUT
knockout_winner: INVALID_INPUT
knockout_winner: INVALID_INPUT
get_all_players_count: SUCCESS, 8
unite_teams: FAILURE
get_all_players: SUCCESS
120
128
60
101
47
158
57
176
20
136
132
get_num_played_games: SUCCESS, 5316
play_match: FAILURE
get_top_scorer: SUCCESS, 125
get_num_played_games: SUCCESS, 371
knockout_winner: SUCCESS, 15
knockout_winner: SUCCESS, 8
knockout_winner: SUCCESS, 8
knockout_winner: SUCCESS, 15
knockout_winner: SUCCESS, 15
get_team_points: SUCCESS, 5647
get_num_played_games: SUCCESS, 1008
unite_teams: FAILURE
get_closest_player: SUCCESS, 149
unite_teams: FAILURE
get_team_points: SUCCESS, 10375
remove_team: FAILURE
remove_player: SUCCESS
add_team: FAILURE
unite_teams: FAILURE
add_player: FAILURE
get_top_scorer: SUCCESS, 61
get_num_played_games: SUCCESS, 10827
knockout_winner: SUCCESS, 15
knockout_winner: SUCCESS, 8
knockout_winner: SUCCESS, 8
knockout_winner: SUCCESS, 18
knockout_winner: INVALID_INPUT
update_player_stats: SUCCESS
add_team: FAILURE
update_player_stats: SUCCESS
get_top_scorer: SUCCESS, 105
knockout_winner: FAILURE
knockout_winner: SUCCESS, 8
knockout_winner: FAILURE
knockout_winner: FAILURE
knockout_winner: INVALID_INPUT
get_all_players: SUCCESS
193
45
197
102
62
155
remove_player: SUCCESS
knockout_winner: INVALID_INPUT
knockout_winner: SUCCESS, 15
knockout_winner: INVALID_INPUT
knockout_winner: INVALID_INPUT
knockout_winner: INVALID_INPUT
get_closest_player: SUCCESS, 175
knockout_winner: FAILURE
knockout_winner: SUCCESS, 15
knockout_winner: FAILURE
knockout_winner: FAILURE
knockout_winner: INVALID_INPUT
get_top_scorer: SUCCESS, 77
get_all_players_count: SUCCESS, 10
get_closest_player: SUCCESS, 189
get_num_played_games: SUCCESS, 1107
get_closest_player: SUCCESS, 76
get_closest_player: SUCCESS, 22
add_player: FAILURE
remove_player: SUCCESS
add_player: FAILURE
remove_team: FAILURE
get_all_players: SUCCESS
64
121
175
11
50
178
70
get_team_points: SUCCESS, 5647
remove_player: SUCCESS
get_top_scorer: SUCCESS, 3
unite_teams: FAILURE
get_team_points: SUCCESS, 12034
update_player_stats: SUCCESS
knockout_winner: INVALID_INPUT
knockout_winner: INVALID_INPUT
knockout_winner: INVALID_INPUT
knockout_winner: INVALID_INPUT
knockout_winner: INVALID_INPUT
get_all_players: SUCCESS
171
82
23
183
54
81
75
181
unite_teams: SUCCESS
knockout_winner: FAILURE
knockout_winner: SUCCESS, 15
knockout_winner: FAILURE
knockout_winner: FAILURE
knockout_winner: INVALID_INPUT
get_top_scorer: SUCCESS, 116
unite_teams: SUCCESS
unite_teams: FAILURE
knockout_winner: FAILURE
knockout_winner: SUCCESS, 15
knockout_winner: FAILURE
knockout_winner: FAILURE
knockout_winner: INVALID_INPUT
remove_team: FAILURE
add_team: FAILURE
get_all_players: SUCCESS
164
27
12
125
53
99
96
116
play_match: FAILURE
unite_teams: FAILURE
get_closest_player: SUCCESS, 97
remove_player: SUCCESS
remove_player: SUCCESS
play_match: FAILURE
play_match: FAILURE
get_all_players: SUCCESS
6
89
184
127
22
76
93
114
44
105
add_player: FAILURE
get_all_players: SUCCESS
171
82
23
183
54
81
75
181
add_player: FAILURE
get_team_points: SUCCESS, 9984
get_team_points: SUCCESS, 1586
add_team: FAILURE
unite_teams: FAILURE
get_closest_player: SUCCESS, 58
remove_team: FAILURE
get_all_players_count: SUCCESS, 16
remove_player: SUCCESS
add_team: FAILURE
play_match: FAILURE
unite_teams: FAILURE
get_team_points: SUCCESS, 12034
play_match: SUCCESS
knockout_winner: INVALID_INPUT
knockout_winner: SUCCESS, 8
knockout_winner: INVALID_INPUT
knockout_winner: INVALID_INPUT
knockout_winner: INVALID_INPUT
play_match: FAILURE
play_match: INVALID_INPUT
get_closest_player: SUCCESS, 45
get_team_points: SUCCESS, 4275
get_team_points: SUCCESS, 5647
get_num_played_games: SUCCESS, 11491
update_player_stats: SUCCESS
add_team: FAILURE
unite_teams: FAILURE
remove_team: FAILURE
knockout_winner: SUCCESS, 8
knockout_winner: SUCCESS, 8
knockout_winner: SUCCESS, 5
knockout_winner: SUCCESS, 15
knockout_winner: INVALID_INPUT
add_player: FAILURE
play_match: FAILURE
add_team: FAILURE
remove_team: FAILURE
play_match: FAILURE
add_team: FAILURE
play_match: FAILURE
add_team: FAILURE
knockout_winner: SUCCESS, 13
knockout_winner: SUCCESS, 8
knockout_winner: SUCCESS, 8
knockout_winner: SUCCESS, 18
knockout_winner: INVALID_INPUT
add_player: FAILURE
unite_teams: INVALID_INPUT
get_all_players_count: SUCCESS, 8
get_team_points: SUCCESS, 16684
add_team: FAILURE
get_num_played_games: SUCCESS, 3695
get_top_scorer: SUCCESS, 132
get_num_played_games: SUCCESS, 11000
update_player_stats: SUCCESS
get_team_points: SUCCESS, 7971
get_all_players: SUCCESS
51
2
188
149
79
130
194
31
138
156
118
19
3
remove_team: FAILURE
update_player_stats: SUCCESS
get_all_players_count: SUCCESS, 13
get_all_players_count: SUCCESS, 17
get_num_played_games: SUCCESS, 8270
get_team_points: SUCCESS, 11901
add_player: FAILURE
remove_player: SUCCESS
get_num_played_games: SUCCESS, 5115
remove_player: SUCCESS
add_player: FAILURE
remove_team: FAILURE
add_player: FAILURE
get_all_players_count: SUCCESS, 11
get_num_played_games: SUCCESS, 5316
get_num_played_games: SUCCESS, 15009
update_player_stats: SUCCESS
get_num_played_games: SUCCESS, 6106
unite_teams: FAILURE
add_team: FAILURE
get_top_scorer: SUCCESS, 132
get_top_scorer: SUCCESS, 195
get_num_played_games: SUCCESS, 9448
play_match: FAILURE
update_player_stats: SUCCESS
add_team: FAILURE
get_all_players: SUCCESS
164
27
12
125
99
96
116
get_closest_player: SUCCESS, 36
remove_player: SUCCESS
remove_team: FAILURE
play_match: FAILURE
remove_player: SUCCESS
get_num_played_games: SUCCESS, 1267
get_team_points: SUCCESS, 1586
get_all_players_count: SUCCESS, 3
get_closest_player: SUCCESS, 50
play_match: SUCCESS
get_all_players: SUCCESS
164
27
12
125
99
96
116
get_team_points: SUCCESS, 1586
knockout_winner: SUCCESS, 15
knockout_winner: SUCCESS, 8
knockout_winner: SUCCESS, 8
knockout_winner: SUCCESS, 18
knockout_winner: INVALID_INPUT
unite_teams: FAILURE
get_top_scorer: SUCCESS, 105
get_top_scorer: SUCCESS, 144
add_team: FAILURE
remove_player: SUCCESS
remove_player: SUCCESS
update_player_stats: SUCCESS
get_closest_player: SUCCESS, 145
get_all_players: SUCCESS
37
177
135
add_team: FAILURE
get_team_points: SUCCESS, 7971
update_player_stats: SUCCESS
add_team: FAILURE
unite_teams: FAILURE
get_top_scorer: SUCCESS, 134
play_match: INVALID_INPUT
add_team: FAILURE
get_team_points: SUCCESS, 5647
play_match: FAILURE
add_team: FAILURE
get_closest_player: SUCCESS, 26
update_player_stats: SUCCESS
unite_teams: FAILURE
update_player_stats: SUCCESS
add_team: FAILURE
get_closest_player: SUCCESS, 32
get_team_points: SUCCESS, 15270
add_player: FAILURE
get_all_players: SUCCESS
37
177
135
get_closest_player: SUCCESS, 171
add_team: FAILURE
get_all_players: SUCCESS
140
33
42
30
91
106
66
15
34
77
144
get_num_played_games: SUCCESS, 10828
get_top_scorer: SUCCESS, 135
get_num_played_games: SUCCESS, 11051
add_team: FAILURE
update_player_stats: SUCCESS
remove_player: SUCCESS
get_team_points: SUCCESS, 16684
remove_team: FAILURE
add_player: FAILURE
get_team_points: SUCCESS, 12034
get_team_points: SUCCESS, 4275
knockout_winner: SUCCESS, 13
knockout_winner: SUCCESS, 8
knockout_winner: SUCCESS, 8
knockout_winner: FAILURE
knockout_winner: INVALID_INPUT
unite_teams: SUCCESS
remove_team: FAILURE
add_player: FAILURE
get_all_players: SUCCESS
26
139
152
140
33
42
115
179
30
91
151
106
41
83
168
97
66
15
55
34
78
77
18
72
122
134
144
unite_teams: SUCCESS
add_player: FAILURE
remove_team: FAILURE
update_player_stats: SUCCESS
remove_player: SUCCESS
add_team: FAILURE
knockout_winner: SUCCESS, 15
knockout_winner: SUCCESS, 8
knockout_winner: SUCCESS, 8
knockout_winner: FAILURE
knockout_winner: INVALID_INPUT
remove_player: SUCCESS
get_closest_player: SUCCESS, 150
get_all_players_count: SUCCESS, 10
get_closest_player: SUCCESS, 10
add_player: FAILURE
get_team_points: SUCCESS, 1586
remove_team: FAILURE
update_player_stats: SUCCESS
remove_player: SUCCESS
knockout_winner: SUCCESS, 15
knockout_winner: SUCCESS, 15
knockout_winner: FAILURE
knockout_winner: FAILURE
knockout_winner: INVALID_INPUT
knockout_winner: SUCCESS, 13
knockout_winner: SUCCESS, 8
knockout_winner: SUCCESS, 8
knockout_winner: SUCCESS, 15
knockout_winner: INVALID_INPUT
add_player: FAILURE
play_match: FAILURE
knockout_winner: SUCCESS, 8
knockout_winner: SUCCESS, 8
knockout_winner: SUCCESS, 8
knockout_winner: SUCCESS, 15
knockout_winner: FAILURE
add_player: FAILURE
remove_team: FAILURE
get_team_points: SUCCESS, 20491
get_top_scorer: SUCCESS, 105
get_all_players_count: SUCCESS, 3
get_team_points: SUCCESS, 10327
play_match: FAILURE
unite_teams: FAILURE
remove_player: SUCCESS
add_team: FAILURE
get_closest_player: SUCCESS, 180
add_team: FAILURE
get_top_scorer: SUCCESS, 116
remove_player: SUCCESS
knockout_winner: SUCCESS, 8
knockout_winner: SUCCESS, 8
knockout_winner: SUCCESS, 3
knockout_winner: SUCCESS, 13
knockout_winner: INVALID_INPUT
knockout_winner: FAILURE
knockout_winner: SUCCESS, 15
knockout_winner: SUCCESS, 13
knockout_winner: FAILURE
knockout_winner: INVALID_INPUT
add_player: FAILURE
knockout_winner: INVALID_INPUT
knockout_winner: SUCCESS, 8
knockout_winner: INVALID_INPUT
knockout_winner: INVALID_INPUT
knockout_winner: INVALID_INPUT
add_team: FAILURE
get_team_points: SUCCESS, 7971
update_player_stats: SUCCESS
get_top_scorer: SUCCESS, 61
get_top_scorer: SUCCESS, 144
get_closest_player: SUCCESS, 76
play_match: FAILURE
play_match: FAILURE
get_num_played_games: SUCCESS, 9309
knockout_winner: SUCCESS, 15
knockout_winner: SUCCESS, 15
knockout_winner: FAILURE
knockout_winner: FAILURE
knockout_winner: INVALID_INPUT
remove_player: SUCCESS
get_team_points: SUCCESS, 1586
remove_player: SUCCESS
get_closest_player: SUCCESS, 128
knockout_winner: SUCCESS, 8
knockout_winner: SUCCESS, 8
knockout_winner: SUCCESS, 5
knockout_winner: SUCCESS, 15
knockout_winner: INVALID_INPUT
add_player: FAILURE
get_closest_player: SUCCESS, 98
add_team: FAILURE
knockout_winner: SUCCESS, 3
knockout_winner: INVALID_INPUT
knockout_winner: INVALID_INPUT
knockout_winner: SUCCESS, 8
knockout_winner: INVALID_INPUT
remove_player: SUCCESS
knockout_winner: FAILURE
knockout_winner: SUCCESS, 8
knockout_winner: FAILURE
knockout_winner: FAILURE
knockout_winner: INVALID_INPUT
remove_player: SUCCESS
add_team: FAILURE
knockout_winner: SUCCESS, 15
knockout_winner: SUCCESS, 8
knockout_winner: SUCCESS, 8
knockout_winner: FAILURE
knockout_winner: INVALID_INPUT
add_player: FAILURE
get_top_scorer: SUCCESS, 155
add_team: FAILURE
knockout_winner: SUCCESS, 8
knockout_winner: SUCCESS, 8
knockout_winner: SUCCESS, 8
knockout_winner: SUCCESS, 15
knockout_winner: SUCCESS, 13
update_player_stats: SUCCESS
unite_teams: FAILURE
add_player: FAILURE
add_team: FAILURE
remove_team: FAILURE
get_team_points: SUCCESS, 7971
get_closest_player: SUCCESS, 85
get_closest_player: SUCCESS, 125
get_team_points: SUCCESS, 4887
update_player_stats: SUCCESS
get_team_points: SUCCESS, 12034
knockout_winner: SUCCESS, 13
knockout_winner: SUCCESS, 8
knockout_winner: SUCCESS, 8
knockout_winner: FAILURE
knockout_winner: INVALID_INPUT
get_closest_player: SUCCESS, 17
get_closest_player: SUCCESS, 38
add_team: FAILURE
play_match: FAILURE
get_team_points: SUCCESS, 20491
get_all_players: SUCCESS
186
14
10
85
56
68
94
17
100
67
190
get_all_players_count: SUCCESS, 9
unite_teams: FAILURE
add_player: FAILURE
get_all_players_count: SUCCESS, 25
get_all_players: SUCCESS
171
82
23
183
54
81
75
update_player_stats: SUCCESS
add_team: FAILURE
get_num_played_games: SUCCESS, 4384
unite_teams: SUCCESS
get_all_players_count: SUCCESS, 18
get_all_players_count: SUCCESS, 3
get_team_points: SUCCESS, 4887
get_closest_player: SUCCESS, 130
unite_teams: SUCCESS
update_player_stats: SUCCESS
update_player_stats: SUCCESS
get_team_points: SUCCESS, 10327
knockout_winner: FAILURE
knockout_winner: SUCCESS, 15
knockout_winner: FAILURE
knockout_winner: FAILURE
knockout_winner: INVALID_INPUT
remove_player: SUCCESS
get_closest_player: SUCCESS, 149
get_team_points: SUCCESS, 7971
add_player: FAILURE
play_match: FAILURE
play_match: FAILURE
get_team_points: SUCCESS, 7971
update_player_stats: SUCCESS
get_team_points: SUCCESS, 16856
get_num_played_games: SUCCESS, 8573
get_num_played_games: SUCCESS, 5316
get_top_scorer: SUCCESS, 144
add_team: FAILURE
get_closest_player: SUCCESS, 105
add_player: FAILURE
add_player: FAILURE
get_team_points: SUCCESS, 20491
remove_team: FAILURE
get_all_players_count: SUCCESS, 24
unite_teams: FAILURE
get_all_players: SUCCESS
169
141
38
103
159
87
147
119
195
add_team: FAILURE
get_all_players: SUCCESS
191
43
1
180
35
86
143
play_match: FAILURE
play_match: FAILURE
unite_teams: FAILURE
remove_team: FAILURE
unite_teams: FAILURE
knockout_winner: INVALID_INPUT
knockout_winner: INVALID_INPUT
knockout_winner: INVALID_INPUT
knockout_winner: INVALID_INPUT
knockout_winner: INVALID_INPUT
add_team: FAILURE
add_player: FAILURE
get_closest_player: SUCCESS, 85
get_all_players_count: SUCCESS, 7
update_player_stats: SUCCESS
unite_teams: SUCCESS
get_closest_player: SUCCESS, 6
unite_teams: FAILURE
get_all_players: SUCCESS
164
27
12
125
99
96
116
remove_team: FAILURE
remove_player: SUCCESS
remove_player: SUCCESS
play_match: FAILURE
remove_player: SUCCESS
knockout_winner: FAILURE
knockout_winner: SUCCESS, 6
knockout_winner: SUCCESS, 5
knockout_winner: FAILURE
knockout_winner: INVALID_INPUT
add_team: FAILURE
get_num_played_games: SUCCESS, 7461
get_closest_player: SUCCESS, 147
get_all_players: SUCCESS
186
64
14
40
10
121
7
56
68
85
174
50
94
17
100
70
170
150
21
71
175
67
178
190
remove_player: SUCCESS
add_team: FAILURE
get_top_scorer: SUCCESS, 116
get_all_players_count: SUCCESS, 7
get_all_players: SUCCESS
186
64
14
40
10
121
7
56
68
85
174
50
94
17
100
70
170
150
21
71
175
67
178
190
remove_team: FAILURE
get_all_players: SUCCESS
191
43
1
180
35
86
143
get_num_played_games: SUCCESS, 4845
remove_team: FAILURE
get_all_players_count: SUCCESS, 7
add_player: FAILURE
add_player: FAILURE
update_player_stats: SUCCESS
get_all_players: SUCCESS
74
90
189
60
158
98
142
57
163
29
162
5
148
136
172
176
32
137
128
39
61
132
get_closest_player: SUCCESS, 41
remove_team: FAILURE
remove_player: SUCCESS
remove_team: FAILURE
play_match: FAILURE
get_team_points: SUCCESS, 4887
get_top_scorer: SUCCESS, 190
remove_team: FAILURE
get_closest_player: SUCCESS, 90
get_team_points: SUCCESS, 17548
get_all_players: SUCCESS
164
27
12
125
99
96
116
get_all_players_count: SUCCESS, 24
knockout_winner: SUCCESS, 18
knockout_winner: SUCCESS, 6
knockout_winner: SUCCESS, 6
knockout_winner: SUCCESS, 18
knockout_winner: FAILURE
get_num_played_games: SUCCESS, 5473
get_num_played_games: SUCCESS, 8270
get_closest_player: SUCCESS, 67
get_top_scorer: SUCCESS, 135
update_player_stats: SUCCESS
remove_player: SUCCESS
add_team: FAILURE
remove_player: SUCCESS
remove_player: SUCCESS
remove_team: FAILURE
play_match: FAILURE
knockout_winner: FAILURE
knockout_winner: SUCCESS, 6
knockout_winner: SUCCESS, 6
knockout_winner: SUCCESS, 18
knockout_winner: INVALID_INPUT
add_team: FAILURE
update_player_stats: SUCCESS
add_team: FAILURE
remove_player: SUCCESS
get_num_played_games: SUCCESS, 13631
get_all_players_count: SUCCESS, 20
play_match: FAILURE
update_player_stats: SUCCESS
play_match: FAILURE
add_team: FAILURE
unite_teams: FAILURE
get_closest_player: SUCCESS, 50
get_closest_player: SUCCESS, 179
get_team_points: SUCCESS, 4965
get_team_points: SUCCESS, 20959
add_team: FAILURE
get_team_points: SUCCESS, 20959
get_top_scorer: SUCCESS, 195
play_match: FAILURE
remove_player: SUCCESS
add_team: FAILURE
remove_player: SUCCESS
unite_teams: FAILURE
get_all_players: SUCCESS
191
43
1
180
35
86
143
knockout_winner: SUCCESS, 5
knockout_winner: SUCCESS, 6
knockout_winner: FAILURE
knockout_winner: FAILURE
knockout_winner: INVALID_INPUT
remove_player: SUCCESS
get_top_scorer: SUCCESS, 190
update_player_stats: SUCCESS
unite_teams: FAILURE
add_team: FAILURE
update_player_stats: SUCCESS
get_closest_player: SUCCESS, 14
get_top_scorer: SUCCESS, 105
get_closest_player: SUCCESS, 98
unite_teams: FAILURE
get_num_played_games: SUCCESS, 3693
get_team_points: SUCCESS, 20959
get_top_scorer: SUCCESS, 135
get_num_played_games: SUCCESS, 8270
unite_teams: FAILURE
knockout_winner: INVALID_INPUT
knockout_winner: INVALID_INPUT
knockout_winner: INVALID_INPUT
knockout_winner: INVALID_INPUT
knockout_winner: INVALID_INPUT
get_all_players: SUCCESS
2
188
149
130
82
194
193
31
138
156
183
54
81
118
19
197
102
62
75
155
remove_player: SUCCESS
remove_player: SUCCESS
add_team: FAILURE
remove_player: SUCCESS
remove_player: SUCCESS
remove_player: SUCCESS
remove_player: SUCCESS
remove_player: SUCCESS
remove_player: SUCCESS
remove_player: SUCCESS
remove_player: SUCCESS
remove_player: SUCCESS
remove_player: SUCCESS
remove_player: SUCCESS
remove_player: SUCCESS
remove_player: SUCCESS
remove_player: SUCCESS
remove_player: SUCCESS
remove_player: SUCCESS
remove_player: SUCCESS
remove_player: SUCCESS
remove_player: SUCCESS
remove_player: SUCCESS
remove_player: SUCCESS
remove_player: SUCCESS
remove_player: SUCCESS
remove_player: SUCCESS
remove_player: SUCCESS
remove_player: SUCCESS
remove_player: SUCCESS
remove_player: SUCCESS
remove_player: SUCCESS
remove_player: SUCCESS
remove_player: SUCCESS
remove_player: SUCCESS
remove_player: SUCCESS
remove_player: SUCCESS
remove_player: SUCCESS
remove_player: SUCCESS
remove_player: SUCCESS
remove_player: SUCCESS
remove_player: SUCCESS
remove_player: SUCCESS
remove_player: SUCCESS
remove_player: SUCCESS
remove_player: SUCCESS
remove_player: SUCCESS
remove_player: SUCCESS
remove_player: SUCCESS
remove_player: SUCCESS
remove_player: SUCCESS
remove_player: SUCCESS
remove_player: SUCCESS
remove_player: SUCCESS
remove_player: SUCCESS
remove_player: SUCCESS
remove_player: SUCCESS
remove_player: SUCCESS
remove_player: SUCCESS
remove_player: SUCCESS
remove_player: SUCCESS
remove_player: SUCCESS
remove_player: SUCCESS
remove_player: SUCCESS
remove_player: SUCCESS
remove_player: SUCCESS
remove_player: SUCCESS
remove_player: SUCCESS
remove_player: SUCCESS
remove_player: SUCCESS
remove_player: SUCCESS
remove_player: SUCCESS
remove_player: SUCCESS
remove_player: SUCCESS
remove_player: SUCCESS
remove_player: SUCCESS
remove_player: SUCCESS
remove_player: SUCCESS
remove_player: SUCCESS
remove_player: SUCCESS
remove_player: SUCCESS
remove_player: SUCCESS
remove_player: SUCCESS
remove_player: SUCCESS
remove_player: SUCCESS
remove_player: SUCCESS
remove_player: SUCCESS
remove_player: SUCCESS
remove_player: SUCCESS
remove_player: SUCCESS
remove_player: SUCCESS
remove_player: SUCCESS
remove_player: SUCCESS
remove_player: SUCCESS
remove_player: SUCCESS
remove_player: SUCCESS
remove_player: SUCCESS
remove_player: SUCCESS
remove_player: SUCCESS
remove_player: SUCCESS
remove_player: SUCCESS
remove_player: SUCCESS
remove_player: SUCCESS
remove_player: SUCCESS
remove_player: SUCCESS
remove_player: SUCCESS
remove_player: SUCCESS
remove_player: SUCCESS
remove_player: SUCCESS
remove_player: SUCCESS
remove_player: SUCCESS
remove_player: SUCCESS
remove_player: SUCCESS
remove_player: SUCCESS
remove_player: SUCCESS
remove_player: SUCCESS
remove_player: SUCCESS
remove_player: SUCCESS
remove_player: SUCCESS
remove_team: SUCCESS
remove_team: SUCCESS
remove_team: SUCCESS
remove_team: SUCCESS
remove_team: SUCCESS
remove_team: SUCCESS
remove_team: SUCCESS
remove_team: SUCCESS
remove_team: SUCCESS
