add_team: SUCCESS
add_team: SUCCESS
add_team: SUCCESS
add_team: SUCCESS
add_team: SUCCESS
add_team: SUCCESS
add_team: SUCCESS
add_team: SUCCESS
add_team: SUCCESS
add_team: SUCCESS
add_team: SUCCESS
add_team: SUCCESS
add_team: SUCCESS
add_team: SUCCESS
add_team: SUCCESS
add_team: SUCCESS
add_team: SUCCESS
add_team: SUCCESS
add_team: SUCCESS
add_team: SUCCESS
add_player: SUCCESS
add_player: SUCCESS
add_player: SUCCESS
add_player: SUCCESS
add_player: SUCCESS
add_player: SUCCESS
add_player: SUCCESS
add_player: SUCCESS
add_player: SUCCESS
add_player: SUCCESS
add_player: SUCCESS
add_player: SUCCESS
add_player: SUCCESS
add_player: SUCCESS
add_player: SUCCESS
add_player: SUCCESS
add_player: SUCCESS
add_player: SUCCESS
add_player: SUCCESS
add_player: SUCCESS
add_player: SUCCESS
add_player: SUCCESS
add_player: SUCCESS
add_player: SUCCESS
add_player: SUCCESS
add_player: SUCCESS
add_player: SUCCESS
add_player: SUCCESS
add_player: SUCCESS
add_player: SUCCESS
add_player: SUCCESS
add_player: SUCCESS
add_player: SUCCESS
add_player: SUCCESS
add_player: SUCCESS
add_player: SUCCESS
add_player: SUCCESS
add_player: SUCCESS
add_player: SUCCESS
add_player: SUCCESS
add_player: SUCCESS
add_player: SUCCESS
add_player: SUCCESS
add_player: SUCCESS
add_player: SUCCESS
add_player: SUCCESS
add_player: SUCCESS
add_player: SUCCESS
add_player: SUCCESS
add_player: SUCCESS
add_player: SUCCESS
add_player: SUCCESS
add_player: SUCCESS
add_player: SUCCESS
add_player: SUCCESS
add_player: SUCCESS
add_player: SUCCESS
add_player: SUCCESS
add_player: SUCCESS
add_player: SUCCESS
add_player: SUCCESS
add_player: SUCCESS
add_player: SUCCESS
add_player: SUCCESS
add_player: SUCCESS
add_player: SUCCESS
add_player: SUCCESS
add_player: SUCCESS
add_player: SUCCESS
add_player: SUCCESS
add_player: SUCCESS
add_player: SUCCESS
add_player: SUCCESS
add_player: SUCCESS
add_player: SUCCESS
add_player: SUCCESS
add_player: SUCCESS
add_player: SUCCESS
add_player: SUCCESS
add_player: SUCCESS
add_player: SUCCESS
add_player: SUCCESS
add_player: SUCCESS
add_player: SUCCESS
add_player: SUCCESS
add_player: SUCCESS
add_player: SUCCESS
add_player: SUCCESS
add_player: SUCCESS
add_player: SUCCESS
add_player: SUCCESS
add_player: SUCCESS
add_player: SUCCESS
add_player: SUCCESS
add_player: SUCCESS
add_player: SUCCESS
add_player: SUCCESS
add_player: SUCCESS
add_player: SUCCESS
add_player: SUCCESS
add_player: SUCCESS
add_player: SUCCESS
add_player: SUCCESS
add_player: SUCCESS
add_player: SUCCESS
add_player: SUCCESS
add_player: SUCCESS
add_player: SUCCESS
add_player: SUCCESS
add_player: SUCCESS
add_player: SUCCESS
add_player: SUCCESS
add_player: SUCCESS
add_player: SUCCESS
add_player: SUCCESS
add_player: SUCCESS
add_player: SUCCESS
add_player: SUCCESS
add_player: SUCCESS
add_player: SUCCESS
add_player: SUCCESS
add_player: SUCCESS
add_player: SUCCESS
add_player: SUCCESS
add_player: SUCCESS
add_player: SUCCESS
add_player: SUCCESS
add_player: SUCCESS
add_player: SUCCESS
add_player: SUCCESS
add_player: SUCCESS
add_player: SUCCESS
add_player: SUCCESS
add_player: SUCCESS
add_player: SUCCESS
add_player: SUCCESS
add_player: SUCCESS
add_player: SUCCESS
add_player: SUCCESS
add_player: SUCCESS
add_player: SUCCESS
add_player: SUCCESS
add_player: SUCCESS
add_player: SUCCESS
add_player: SUCCESS
add_player: SUCCESS
add_player: SUCCESS
add_player: SUCCESS
add_player: SUCCESS
add_player: SUCCESS
add_player: SUCCESS
add_player: SUCCESS
add_player: SUCCESS
add_player: SUCCESS
add_player: SUCCESS
add_player: SUCCESS
add_player: SUCCESS
add_player: SUCCESS
add_player: SUCCESS
add_player: SUCCESS
add_player: SUCCESS
add_player: SUCCESS
add_player: SUCCESS
add_player: SUCCESS
add_player: SUCCESS
add_player: SUCCESS
add_player: SUCCESS
add_player: SUCCESS
add_player: SUCCESS
add_player: SUCCESS
add_player: SUCCESS
add_player: SUCCESS
add_player: SUCCESS
add_player: SUCCESS
add_player: SUCCESS
add_player: SUCCESS
add_player: SUCCESS
add_player: SUCCESS
add_player: SUCCESS
add_player: SUCCESS
add_player: SUCCESS
add_player: SUCCESS
add_player: SUCCESS
add_player: SUCCESS
add_player: SUCCESS
add_player: SUCCESS
add_player: SUCCESS
add_player: SUCCESS
add_player: SUCCESS
add_player: SUCCESS
add_player: SUCCESS
add_player: SUCCESS
add_player: SUCCESS
add_player: SUCCESS
add_player: SUCCESS
add_player: SUCCESS
add_player: SUCCESS
add_player: SUCCESS
add_player: SUCCESS
add_player: SUCCESS
get_num_played_games: SUCCESS, 3578
knockout_winner: SUCCESS, 6
knockout_winner: INVALID_INPUT
knockout_winner: INVALID_INPUT
knockout_winner: SUCCESS, 14
knockout_winner: INVALID_INPUT
add_player: FAILURE
get_all_players: SUCCESS
186
79
148
176
166
58
37
78
169
15
191
138
get_closest_player: SUCCESS, 72
get_top_scorer: SUCCESS, 67
get_all_players: SUCCESS
65
184
84
94
142
85
131
145
16
173
119
158
play_match: FAILURE
get_num_played_games: SUCCESS, 7240
get_top_scorer: SUCCESS, 56
get_all_players_count: SUCCESS, 11
get_all_players: SUCCESS
188
46
73
24
109
156
103
35
add_player: FAILURE
unite_teams: FAILURE
get_num_played_games: SUCCESS, 11109
unite_teams: FAILURE
unite_teams: FAILURE
get_team_points: SUCCESS, 2213
knockout_winner: FAILURE
knockout_winner: SUCCESS, 15
knockout_winner: SUCCESS, 15
knockout_winner: FAILURE
knockout_winner: INVALID_INPUT
add_player: FAILURE
get_all_players_count: SUCCESS, 10
remove_player: SUCCESS
get_all_players: SUCCESS
128
99
61
120
155
9
193
178
4
48
185
102
60
get_team_points: SUCCESS, 4563
update_player_stats: SUCCESS
play_match: FAILURE
add_player: FAILURE
remove_team: FAILURE
get_num_played_games: SUCCESS, 11690
get_num_played_games: SUCCESS, 6431
get_all_players: SUCCESS
10
74
50
36
116
55
146
112
144
115
170
67
get_closest_player: SUCCESS, 141
unite_teams: FAILURE
add_player: FAILURE
update_player_stats: SUCCESS
get_all_players_count: SUCCESS, 10
add_team: FAILURE
add_player: FAILURE
update_player_stats: SUCCESS
get_team_points: SUCCESS, 6688
remove_player: SUCCESS
add_team: FAILURE
remove_team: FAILURE
unite_teams: FAILURE
get_closest_player: SUCCESS, 84
get_num_played_games: SUCCESS, 5275
get_closest_player: SUCCESS, 33
knockout_winner: SUCCESS, 19
knockout_winner: SUCCESS, 14
knockout_winner: SUCCESS, 14
knockout_winner: FAILURE
knockout_winner: INVALID_INPUT
play_match: FAILURE
remove_team: FAILURE
get_closest_player: SUCCESS, 159
add_player: FAILURE
knockout_winner: SUCCESS, 6
knockout_winner: SUCCESS, 14
knockout_winner: SUCCESS, 6
knockout_winner: SUCCESS, 14
knockout_winner: INVALID_INPUT
unite_teams: FAILURE
add_player: FAILURE
get_closest_player: SUCCESS, 17
add_player: FAILURE
get_team_points: SUCCESS, 6688
play_match: FAILURE
update_player_stats: SUCCESS
play_match: SUCCESS
add_player: FAILURE
remove_team: FAILURE
add_team: FAILURE
add_player: FAILURE
get_top_scorer: SUCCESS, 92
play_match: FAILURE
knockout_winner: SUCCESS, 15
knockout_winner: SUCCESS, 14
knockout_winner: SUCCESS, 14
knockout_winner: FAILURE
knockout_winner: INVALID_INPUT
knockout_winner: SUCCESS, 11
knockout_winner: SUCCESS, 14
knockout_winner: SUCCESS, 6
knockout_winner: SUCCESS, 16
knockout_winner: INVALID_INPUT
update_player_stats: SUCCESS
remove_player: SUCCESS
update_player_stats: SUCCESS
knockout_winner: SUCCESS, 14
knockout_winner: SUCCESS, 14
knockout_winner: SUCCESS, 6
knockout_winner: SUCCESS, 19
knockout_winner: INVALID_INPUT
remove_player: SUCCESS
knockout_winner: SUCCESS, 14
knockout_winner: INVALID_INPUT
knockout_winner: INVALID_INPUT
knockout_winner: SUCCESS, 14
knockout_winner: SUCCESS, 11
remove_player: SUCCESS
get_all_players: SUCCESS
54
88
23
5
132
8
49
33
153
195
get_team_points: SUCCESS, 298
remove_team: FAILURE
get_closest_player: SUCCESS, 125
knockout_winner: SUCCESS, 19
knockout_winner: SUCCESS, 14
knockout_winner: SUCCESS, 14
knockout_winner: FAILURE
knockout_winner: INVALID_INPUT
knockout_winner: SUCCESS, 14
knockout_winner: SUCCESS, 14
knockout_winner: SUCCESS, 3
knockout_winner: SUCCESS, 14
knockout_winner: FAILURE
add_team: FAILURE
add_player: FAILURE
get_top_scorer: SUCCESS, 114
get_all_players: SUCCESS
183
190
199
93
86
133
76
42
162
knockout_winner: SUCCESS, 19
knockout_winner: SUCCESS, 14
knockout_winner: SUCCESS, 14
knockout_winner: FAILURE
knockout_winner: INVALID_INPUT
remove_player: SUCCESS
get_num_played_games: SUCCESS, 6769
get_num_played_games: SUCCESS, 10887
add_player: FAILURE
get_all_players: SUCCESS
19
28
17
147
53
160
get_top_scorer: SUCCESS, 162
get_top_scorer: SUCCESS, 162
add_player: FAILURE
get_team_points: SUCCESS, 7958
play_match: FAILURE
get_team_points: SUCCESS, 457
knockout_winner: FAILURE
knockout_winner: SUCCESS, 14
knockout_winner: FAILURE
knockout_winner: FAILURE
knockout_winner: INVALID_INPUT
get_closest_player: SUCCESS, 10
get_closest_player: SUCCESS, 131
unite_teams: FAILURE
add_player: FAILURE
update_player_stats: SUCCESS
get_team_points: SUCCESS, 6719
remove_team: FAILURE
get_top_scorer: SUCCESS, 162
get_closest_player: SUCCESS, 60
play_match: SUCCESS
add_player: FAILURE
unite_teams: FAILURE
get_top_scorer: SUCCESS, 57
remove_team: FAILURE
get_team_points: SUCCESS, 11924
get_top_scorer: SUCCESS, 198
get_top_scorer: SUCCESS, 60
get_all_players_count: SUCCESS, 10
play_match: FAILURE
update_player_stats: SUCCESS
remove_team: FAILURE
update_player_stats: SUCCESS
play_match: FAILURE
remove_player: SUCCESS
get_top_scorer: SUCCESS, 16
remove_team: FAILURE
get_all_players_count: SUCCESS, 8
get_closest_player: SUCCESS, 97
remove_player: SUCCESS
knockout_winner: FAILURE
knockout_winner: SUCCESS, 14
knockout_winner: SUCCESS, 3
knockout_winner: SUCCESS, 14
knockout_winner: INVALID_INPUT
get_num_played_games: SUCCESS, 2535
update_player_stats: SUCCESS
remove_player: SUCCESS
get_top_scorer: SUCCESS, 139
get_top_scorer: SUCCESS, 195
get_team_points: SUCCESS, 7961
add_player: FAILURE
add_player: FAILURE
get_team_points: SUCCESS, 11006
get_all_players_count: SUCCESS, 9
get_all_players: SUCCESS
65
184
84
94
142
85
131
145
173
119
158
16
get_all_players_count: SUCCESS, 9
add_player: FAILURE
play_match: FAILURE
remove_player: SUCCESS
get_all_players_count: SUCCESS, 5
get_closest_player: SUCCESS, 31
play_match: FAILURE
get_team_points: SUCCESS, 9929
get_top_scorer: SUCCESS, 154
get_all_players_count: SUCCESS, 13
get_top_scorer: SUCCESS, 56
get_closest_player: SUCCESS, 138
get_num_played_games: SUCCESS, 6644
add_player: FAILURE
get_team_points: SUCCESS, 11006
get_top_scorer: SUCCESS, 64
knockout_winner: SUCCESS, 11
knockout_winner: SUCCESS, 14
knockout_winner: FAILURE
knockout_winner: SUCCESS, 16
knockout_winner: INVALID_INPUT
get_all_players_count: SUCCESS, 9
knockout_winner: SUCCESS, 13
knockout_winner: SUCCESS, 14
knockout_winner: FAILURE
knockout_winner: SUCCESS, 15
knockout_winner: INVALID_INPUT
get_top_scorer: SUCCESS, 127
get_top_scorer: SUCCESS, 35
remove_player: SUCCESS
get_closest_player: SUCCESS, 48
add_player: FAILURE
remove_team: FAILURE
update_player_stats: SUCCESS
unite_teams: FAILURE
unite_teams: FAILURE
add_team: FAILURE
remove_player: SUCCESS
knockout_winner: FAILURE
knockout_winner: SUCCESS, 3
knockout_winner: SUCCESS, 3
knockout_winner: SUCCESS, 13
knockout_winner: INVALID_INPUT
play_match: FAILURE
add_team: FAILURE
get_team_points: SUCCESS, 8436
get_closest_player: SUCCESS, 103
add_player: FAILURE
get_top_scorer: SUCCESS, 97
get_team_points: SUCCESS, 11871
remove_player: SUCCESS
knockout_winner: FAILURE
knockout_winner: SUCCESS, 19
knockout_winner: SUCCESS, 15
knockout_winner: FAILURE
knockout_winner: INVALID_INPUT
update_player_stats: SUCCESS
get_all_players_count: SUCCESS, 8
get_top_scorer: SUCCESS, 162
get_team_points: SUCCESS, 3597
add_team: FAILURE
add_player: FAILURE
update_player_stats: SUCCESS
remove_player: SUCCESS
get_team_points: SUCCESS, 8436
get_all_players: SUCCESS
95
96
168
45
122
110
87
127
add_team: FAILURE
remove_player: SUCCESS
unite_teams: FAILURE
remove_team: FAILURE
remove_player: SUCCESS
get_num_played_games: SUCCESS, 298
knockout_winner: SUCCESS, 14
knockout_winner: SUCCESS, 14
knockout_winner: SUCCESS, 14
knockout_winner: SUCCESS, 15
knockout_winner: INVALID_INPUT
add_player: FAILURE
add_player: FAILURE
get_all_players_count: SUCCESS, 6
add_team: FAILURE
get_closest_player: SUCCESS, 104
add_team: FAILURE
get_all_players_count: SUCCESS, 7
unite_teams: FAILURE
knockout_winner: SUCCESS, 19
knockout_winner: SUCCESS, 14
knockout_winner: SUCCESS, 14
knockout_winner: FAILURE
knockout_winner: INVALID_INPUT
unite_teams: FAILURE
get_num_played_games: SUCCESS, 4508
get_team_points: SUCCESS, 8436
play_match: FAILURE
get_top_scorer: SUCCESS, 195
get_team_points: SUCCESS, 457
update_player_stats: SUCCESS
play_match: FAILURE
remove_player: SUCCESS
unite_teams: FAILURE
remove_team: FAILURE
get_num_played_games: SUCCESS, 5901
add_team: FAILURE
update_player_stats: SUCCESS
get_all_players_count: SUCCESS, 9
knockout_winner: FAILURE
knockout_winner: SUCCESS, 14
knockout_winner: FAILURE
knockout_winner: SUCCESS, 14
knockout_winner: INVALID_INPUT
update_player_stats: SUCCESS
play_match: FAILURE
knockout_winner: SUCCESS, 19
knockout_winner: SUCCESS, 14
knockout_winner: SUCCESS, 14
knockout_winner: FAILURE
knockout_winner: INVALID_INPUT
get_num_played_games: SUCCESS, 12723
get_all_players: SUCCESS
46
73
24
109
156
103
35
get_closest_player: SUCCESS, 101
get_closest_player: SUCCESS, 140
add_team: FAILURE
get_num_played_games: SUCCESS, 5097
play_match: FAILURE
knockout_winner: SUCCESS, 14
knockout_winner: INVALID_INPUT
knockout_winner: INVALID_INPUT
knockout_winner: SUCCESS, 14
knockout_winner: SUCCESS, 14
add_player: FAILURE
get_all_players: SUCCESS
186
148
176
79
166
37
78
169
15
191
138
58
update_player_stats: SUCCESS
play_match: FAILURE
get_team_points: SUCCESS, 11834
knockout_winner: SUCCESS, 11
knockout_winner: SUCCESS, 14
knockout_winner: SUCCESS, 3
knockout_winner: SUCCESS, 14
knockout_winner: INVALID_INPUT
update_player_stats: SUCCESS
knockout_winner: SUCCESS, 3
knockout_winner: INVALID_INPUT
knockout_winner: INVALID_INPUT
knockout_winner: FAILURE
knockout_winner: INVALID_INPUT
update_player_stats: SUCCESS
get_team_points: SUCCESS, 9929
get_team_points: SUCCESS, 7627
get_all_players_count: SUCCESS, 12
update_player_stats: SUCCESS
get_top_scorer: SUCCESS, 139
add_team: FAILURE
add_player: FAILURE
get_team_points: SUCCESS, 2213
get_closest_player: SUCCESS, 67
get_all_players_count: SUCCESS, 13
get_all_players: SUCCESS
2
124
26
22
71
149
161
31
111
200
play_match: FAILURE
knockout_winner: SUCCESS, 14
knockout_winner: SUCCESS, 14
knockout_winner: SUCCESS, 3
knockout_winner: SUCCESS, 14
knockout_winner: INVALID_INPUT
knockout_winner: SUCCESS, 13
knockout_winner: SUCCESS, 14
knockout_winner: FAILURE
knockout_winner: FAILURE
knockout_winner: INVALID_INPUT
remove_team: FAILURE
remove_team: FAILURE
unite_teams: FAILURE
get_all_players_count: SUCCESS, 4
unite_teams: FAILURE
get_closest_player: SUCCESS, 173
get_all_players: SUCCESS
18
12
164
25
104
105
101
29
114
remove_team: FAILURE
remove_player: SUCCESS
remove_team: FAILURE
get_team_points: SUCCESS, 11924
get_top_scorer: SUCCESS, 97
get_all_players: SUCCESS
186
148
176
79
166
37
78
169
15
191
138
58
add_team: FAILURE
get_closest_player: SUCCESS, 28
add_team: FAILURE
remove_player: SUCCESS
remove_player: SUCCESS
get_top_scorer: SUCCESS, 35
update_player_stats: SUCCESS
knockout_winner: SUCCESS, 3
knockout_winner: INVALID_INPUT
knockout_winner: INVALID_INPUT
knockout_winner: FAILURE
knockout_winner: INVALID_INPUT
add_team: FAILURE
remove_team: FAILURE
get_top_scorer: SUCCESS, 114
get_team_points: SUCCESS, 8943
get_all_players: SUCCESS
126
20
174
175
72
139
get_top_scorer: SUCCESS, 56
knockout_winner: SUCCESS, 3
knockout_winner: INVALID_INPUT
knockout_winner: INVALID_INPUT
knockout_winner: SUCCESS, 11
knockout_winner: INVALID_INPUT
get_num_played_games: SUCCESS, 1150
update_player_stats: SUCCESS
remove_team: FAILURE
get_closest_player: SUCCESS, 37
update_player_stats: SUCCESS
get_num_played_games: SUCCESS, 8592
add_team: FAILURE
get_all_players_count: SUCCESS, 8
unite_teams: FAILURE
add_player: FAILURE
unite_teams: SUCCESS
get_top_scorer: SUCCESS, 97
add_player: FAILURE
play_match: FAILURE
remove_team: FAILURE
remove_player: SUCCESS
play_match: FAILURE
update_player_stats: SUCCESS
add_team: FAILURE
add_team: FAILURE
get_num_played_games: SUCCESS, 20114
get_team_points: SUCCESS, 13506
update_player_stats: SUCCESS
get_all_players: SUCCESS
108
172
89
1
125
13
90
163
75
47
134
30
154
180
remove_team: FAILURE
get_top_scorer: SUCCESS, 170
get_all_players: SUCCESS
159
177
157
107
11
27
98
136
198
get_team_points: SUCCESS, 11924
play_match: FAILURE
get_all_players_count: SUCCESS, 21
unite_teams: SUCCESS
get_all_players: SUCCESS
19
28
17
147
53
160
play_match: FAILURE
play_match: FAILURE
remove_player: SUCCESS
get_team_points: SUCCESS, 11834
get_all_players_count: SUCCESS, 6
get_num_played_games: SUCCESS, 1607
play_match: FAILURE
remove_team: FAILURE
play_match: FAILURE
add_player: FAILURE
get_all_players_count: SUCCESS, 10
add_player: FAILURE
add_player: FAILURE
unite_teams: FAILURE
get_team_points: SUCCESS, 6688
knockout_winner: INVALID_INPUT
knockout_winner: INVALID_INPUT
knockout_winner: INVALID_INPUT
knockout_winner: INVALID_INPUT
knockout_winner: INVALID_INPUT
remove_team: FAILURE
add_team: FAILURE
get_closest_player: SUCCESS, 19
get_all_players: SUCCESS
108
135
172
89
1
125
13
40
106
130
117
90
163
75
47
197
196
134
30
154
97
180
remove_player: SUCCESS
knockout_winner: FAILURE
knockout_winner: SUCCESS, 13
knockout_winner: FAILURE
knockout_winner: FAILURE
knockout_winner: INVALID_INPUT
remove_player: SUCCESS
knockout_winner: SUCCESS, 13
knockout_winner: SUCCESS, 20
knockout_winner: SUCCESS, 13
knockout_winner: SUCCESS, 20
knockout_winner: INVALID_INPUT
remove_team: FAILURE
get_top_scorer: SUCCESS, 200
add_team: FAILURE
get_closest_player: SUCCESS, 65
update_player_stats: SUCCESS
get_team_points: SUCCESS, 2213
add_player: FAILURE
get_num_played_games: SUCCESS, 3064
remove_team: FAILURE
remove_team: FAILURE
unite_teams: FAILURE
update_player_stats: SUCCESS
add_team: FAILURE
add_player: FAILURE
add_player: FAILURE
get_num_played_games: SUCCESS, 12256
remove_player: SUCCESS
remove_team: FAILURE
get_top_scorer: SUCCESS, 48
remove_team: FAILURE
add_player: FAILURE
remove_player: SUCCESS
get_num_played_games: SUCCESS, 9838
get_team_points: SUCCESS, 2213
knockout_winner: SUCCESS, 3
knockout_winner: INVALID_INPUT
knockout_winner: INVALID_INPUT
knockout_winner: SUCCESS, 13
knockout_winner: INVALID_INPUT
remove_player: SUCCESS
remove_team: FAILURE
play_match: FAILURE
play_match: FAILURE
get_all_players: SUCCESS
126
20
174
175
72
139
remove_team: FAILURE
get_team_points: SUCCESS, 4963
remove_player: SUCCESS
unite_teams: FAILURE
knockout_winner: SUCCESS, 16
knockout_winner: SUCCESS, 20
knockout_winner: SUCCESS, 13
knockout_winner: SUCCESS, 20
knockout_winner: INVALID_INPUT
add_player: FAILURE
unite_teams: INVALID_INPUT
add_team: FAILURE
get_top_scorer: SUCCESS, 127
get_team_points: SUCCESS, 11006
get_num_played_games: SUCCESS, 783
unite_teams: FAILURE
unite_teams: FAILURE
remove_team: FAILURE
get_num_played_games: SUCCESS, 875
get_all_players_count: SUCCESS, 10
get_num_played_games: SUCCESS, 6427
play_match: FAILURE
get_team_points: SUCCESS, 7961
add_team: FAILURE
update_player_stats: SUCCESS
get_num_played_games: SUCCESS, 6098
update_player_stats: SUCCESS
add_team: FAILURE
add_player: FAILURE
get_closest_player: SUCCESS, 24
unite_teams: FAILURE
play_match: FAILURE
knockout_winner: SUCCESS, 13
knockout_winner: INVALID_INPUT
knockout_winner: INVALID_INPUT
knockout_winner: SUCCESS, 20
knockout_winner: SUCCESS, 13
unite_teams: FAILURE
update_player_stats: SUCCESS
get_closest_player: SUCCESS, 35
get_all_players: SUCCESS
96
95
168
45
122
110
87
127
add_team: FAILURE
get_top_scorer: SUCCESS, 30
add_player: FAILURE
remove_player: SUCCESS
unite_teams: FAILURE
unite_teams: FAILURE
get_all_players_count: SUCCESS, 10
add_player: FAILURE
get_team_points: SUCCESS, 4963
get_all_players: SUCCESS
186
148
176
79
166
78
169
15
191
37
138
58
unite_teams: FAILURE
update_player_stats: SUCCESS
get_all_players_count: SUCCESS, 10
get_closest_player: SUCCESS, 132
play_match: FAILURE
unite_teams: FAILURE
update_player_stats: SUCCESS
get_top_scorer: SUCCESS, 51
unite_teams: FAILURE
play_match: FAILURE
play_match: FAILURE
knockout_winner: SUCCESS, 20
knockout_winner: SUCCESS, 20
knockout_winner: SUCCESS, 13
knockout_winner: SUCCESS, 20
knockout_winner: INVALID_INPUT
remove_team: FAILURE
get_all_players: SUCCESS
96
95
168
45
122
110
87
127
update_player_stats: SUCCESS
update_player_stats: SUCCESS
get_top_scorer: SUCCESS, 198
knockout_winner: INVALID_INPUT
knockout_winner: INVALID_INPUT
knockout_winner: INVALID_INPUT
knockout_winner: INVALID_INPUT
knockout_winner: INVALID_INPUT
get_num_played_games: SUCCESS, 10140
get_top_scorer: SUCCESS, 58
add_player: FAILURE
play_match: FAILURE
play_match: FAILURE
update_player_stats: SUCCESS
update_player_stats: SUCCESS
remove_team: FAILURE
knockout_winner: SUCCESS, 16
knockout_winner: SUCCESS, 20
knockout_winner: SUCCESS, 13
knockout_winner: SUCCESS, 20
knockout_winner: INVALID_INPUT
add_team: FAILURE
get_team_points: SUCCESS, 2213
unite_teams: SUCCESS
get_team_points: SUCCESS, 8616
get_all_players: SUCCESS
54
88
5
132
8
49
153
195
23
get_num_played_games: SUCCESS, 7331
add_player: FAILURE
knockout_winner: FAILURE
knockout_winner: SUCCESS, 5
knockout_winner: FAILURE
knockout_winner: SUCCESS, 13
knockout_winner: INVALID_INPUT
play_match: SUCCESS
play_match: FAILURE
get_num_played_games: SUCCESS, 3279
add_player: FAILURE
update_player_stats: SUCCESS
unite_teams: FAILURE
get_num_played_games: SUCCESS, 19417
get_top_scorer: SUCCESS, 198
get_closest_player: SUCCESS, 119
knockout_winner: SUCCESS, 16
knockout_winner: SUCCESS, 20
knockout_winner: FAILURE
knockout_winner: FAILURE
knockout_winner: INVALID_INPUT
play_match: FAILURE
get_top_scorer: SUCCESS, 127
add_team: FAILURE
update_player_stats: SUCCESS
remove_team: FAILURE
knockout_winner: SUCCESS, 20
knockout_winner: INVALID_INPUT
knockout_winner: INVALID_INPUT
knockout_winner: SUCCESS, 20
knockout_winner: SUCCESS, 13
get_all_players_count: SUCCESS, 11
get_team_points: SUCCESS, 4499
get_num_played_games: SUCCESS, 5803
add_team: FAILURE
play_match: FAILURE
get_top_scorer: SUCCESS, 101
update_player_stats: SUCCESS
get_closest_player: SUCCESS, 170
get_top_scorer: SUCCESS, 198
unite_teams: FAILURE
get_all_players: SUCCESS
96
95
168
45
122
110
87
127
get_closest_player: SUCCESS, 82
get_closest_player: SUCCESS, 65
get_closest_player: SUCCESS, 161
get_team_points: SUCCESS, 11924
get_num_played_games: SUCCESS, 20850
get_top_scorer: SUCCESS, 30
update_player_stats: SUCCESS
add_team: FAILURE
get_all_players: SUCCESS
32
59
179
64
add_player: FAILURE
play_match: FAILURE
play_match: FAILURE
play_match: FAILURE
unite_teams: FAILURE
knockout_winner: SUCCESS, 5
knockout_winner: INVALID_INPUT
knockout_winner: INVALID_INPUT
knockout_winner: SUCCESS, 13
knockout_winner: INVALID_INPUT
add_team: FAILURE
add_player: FAILURE
get_top_scorer: SUCCESS, 22
knockout_winner: INVALID_INPUT
knockout_winner: INVALID_INPUT
knockout_winner: INVALID_INPUT
knockout_winner: INVALID_INPUT
knockout_winner: INVALID_INPUT
get_all_players: SUCCESS
50
36
10
74
112
144
115
67
146
55
170
remove_player: SUCCESS
remove_player: SUCCESS
add_player: FAILURE
add_player: FAILURE
remove_player: SUCCESS
get_top_scorer: SUCCESS, 160
get_top_scorer: SUCCESS, 48
knockout_winner: SUCCESS, 5
knockout_winner: INVALID_INPUT
knockout_winner: INVALID_INPUT
knockout_winner: FAILURE
knockout_winner: INVALID_INPUT
get_all_players_count: SUCCESS, 4
get_top_scorer: SUCCESS, 48
get_num_played_games: SUCCESS, 11690
get_top_scorer: SUCCESS, 64
add_player: FAILURE
unite_teams: FAILURE
remove_player: SUCCESS
get_num_played_games: SUCCESS, 4224
get_num_played_games: SUCCESS, 7025
knockout_winner: SUCCESS, 20
knockout_winner: SUCCESS, 20
knockout_winner: FAILURE
knockout_winner: FAILURE
knockout_winner: INVALID_INPUT
unite_teams: FAILURE
get_closest_player: SUCCESS, 114
add_team: FAILURE
get_num_played_games: SUCCESS, 213
add_team: FAILURE
update_player_stats: SUCCESS
get_closest_player: SUCCESS, 108
add_player: FAILURE
unite_teams: FAILURE
remove_team: FAILURE
add_team: FAILURE
knockout_winner: SUCCESS, 5
knockout_winner: INVALID_INPUT
knockout_winner: INVALID_INPUT
knockout_winner: SUCCESS, 16
knockout_winner: FAILURE
remove_player: SUCCESS
get_all_players_count: SUCCESS, 10
unite_teams: FAILURE
play_match: FAILURE
get_all_players_count: SUCCESS, 4
get_top_scorer: SUCCESS, 199
get_num_played_games: SUCCESS, 8476
unite_teams: FAILURE
get_all_players_count: SUCCESS, 10
remove_player: SUCCESS
get_closest_player: SUCCESS, 106
get_all_players_count: SUCCESS, 6
update_player_stats: SUCCESS
get_all_players: SUCCESS
50
36
10
74
112
144
115
67
146
55
170
get_all_players_count: SUCCESS, 10
knockout_winner: INVALID_INPUT
knockout_winner: SUCCESS, 5
knockout_winner: INVALID_INPUT
knockout_winner: INVALID_INPUT
knockout_winner: INVALID_INPUT
get_team_points: SUCCESS, 4963
get_all_players: SUCCESS
2
124
26
71
161
31
111
200
22
knockout_winner: SUCCESS, 5
knockout_winner: INVALID_INPUT
knockout_winner: INVALID_INPUT
knockout_winner: FAILURE
knockout_winner: INVALID_INPUT
add_player: FAILURE
get_all_players: SUCCESS
50
36
10
74
112
144
115
67
146
55
170
get_closest_player: SUCCESS, 194
get_team_points: SUCCESS, 11006
add_player: FAILURE
get_top_scorer: SUCCESS, 189
get_closest_player: SUCCESS, 152
get_team_points: SUCCESS, 7961
get_all_players: SUCCESS
183
86
133
76
42
162
199
get_top_scorer: SUCCESS, 139
play_match: FAILURE
update_player_stats: SUCCESS
add_player: FAILURE
get_top_scorer: SUCCESS, 23
play_match: FAILURE
get_top_scorer: SUCCESS, 30
get_all_players: SUCCESS
159
177
107
11
27
98
136
198
unite_teams: FAILURE
get_num_played_games: SUCCESS, 8583
knockout_winner: INVALID_INPUT
knockout_winner: FAILURE
knockout_winner: INVALID_INPUT
knockout_winner: INVALID_INPUT
knockout_winner: INVALID_INPUT
remove_team: FAILURE
remove_player: SUCCESS
add_team: FAILURE
knockout_winner: SUCCESS, 5
knockout_winner: INVALID_INPUT
knockout_winner: INVALID_INPUT
knockout_winner: SUCCESS, 16
knockout_winner: INVALID_INPUT
add_player: FAILURE
get_all_players_count: SUCCESS, 11
knockout_winner: SUCCESS, 16
knockout_winner: SUCCESS, 5
knockout_winner: SUCCESS, 5
knockout_winner: SUCCESS, 20
knockout_winner: FAILURE
remove_player: SUCCESS
remove_player: SUCCESS
knockout_winner: SUCCESS, 5
knockout_winner: INVALID_INPUT
knockout_winner: INVALID_INPUT
knockout_winner: SUCCESS, 16
knockout_winner: FAILURE
update_player_stats: SUCCESS
play_match: FAILURE
unite_teams: FAILURE
get_all_players: SUCCESS
2
124
26
71
161
31
111
200
22
knockout_winner: FAILURE
knockout_winner: SUCCESS, 5
knockout_winner: SUCCESS, 5
knockout_winner: FAILURE
knockout_winner: INVALID_INPUT
get_num_played_games: SUCCESS, 3694
get_team_points: SUCCESS, 8619
get_top_scorer: SUCCESS, 127
add_team: FAILURE
get_all_players: SUCCESS
50
36
10
74
112
144
115
67
146
55
170
update_player_stats: SUCCESS
remove_player: SUCCESS
add_player: FAILURE
update_player_stats: SUCCESS
remove_team: FAILURE
get_top_scorer: SUCCESS, 30
unite_teams: FAILURE
add_team: FAILURE
get_num_played_games: SUCCESS, 1621
remove_player: SUCCESS
unite_teams: FAILURE
add_player: FAILURE
play_match: FAILURE
get_team_points: SUCCESS, 7961
knockout_winner: SUCCESS, 19
knockout_winner: SUCCESS, 20
knockout_winner: SUCCESS, 5
knockout_winner: SUCCESS, 20
knockout_winner: FAILURE
knockout_winner: FAILURE
knockout_winner: INVALID_INPUT
knockout_winner: INVALID_INPUT
knockout_winner: FAILURE
knockout_winner: INVALID_INPUT
get_closest_player: SUCCESS, 174
get_num_played_games: SUCCESS, 7468
get_num_played_games: SUCCESS, 12256
get_closest_player: SUCCESS, 39
get_closest_player: SUCCESS, 87
get_closest_player: SUCCESS, 10
add_team: FAILURE
remove_team: FAILURE
knockout_winner: SUCCESS, 1
knockout_winner: INVALID_INPUT
knockout_winner: INVALID_INPUT
knockout_winner: FAILURE
knockout_winner: INVALID_INPUT
add_team: FAILURE
get_all_players: SUCCESS
50
36
10
74
112
144
115
67
146
55
170
remove_player: SUCCESS
remove_player: SUCCESS
update_player_stats: SUCCESS
get_closest_player: SUCCESS, 54
remove_player: SUCCESS
get_team_points: SUCCESS, 11834
get_all_players: SUCCESS
43
182
123
70
129
66
121
56
181
add_team: FAILURE
remove_player: SUCCESS
update_player_stats: SUCCESS
get_all_players_count: SUCCESS, 21
get_top_scorer: SUCCESS, 48
get_top_scorer: SUCCESS, 181
get_all_players: SUCCESS
96
95
168
45
122
110
87
remove_team: FAILURE
unite_teams: FAILURE
knockout_winner: SUCCESS, 20
knockout_winner: SUCCESS, 20
knockout_winner: SUCCESS, 5
knockout_winner: SUCCESS, 20
knockout_winner: FAILURE
get_team_points: SUCCESS, 8084
unite_teams: FAILURE
get_team_points: SUCCESS, 3597
remove_team: FAILURE
add_player: FAILURE
remove_team: FAILURE
unite_teams: FAILURE
get_all_players: SUCCESS
96
95
168
45
122
110
87
get_top_scorer: SUCCESS, 170
get_team_points: SUCCESS, 11834
get_top_scorer: SUCCESS, 199
remove_team: FAILURE
get_all_players: SUCCESS
183
86
133
76
42
162
199
update_player_stats: SUCCESS
remove_player: SUCCESS
get_top_scorer: SUCCESS, 51
get_all_players: SUCCESS
128
99
120
193
178
60
155
48
get_team_points: SUCCESS, 8619
add_team: FAILURE
remove_team: FAILURE
remove_team: FAILURE
get_closest_player: SUCCESS, 156
update_player_stats: SUCCESS
remove_player: SUCCESS
add_team: FAILURE
add_player: FAILURE
update_player_stats: SUCCESS
add_team: FAILURE
get_closest_player: SUCCESS, 14
get_all_players: SUCCESS
177
107
27
98
136
198
11
get_num_played_games: SUCCESS, 8024
add_team: FAILURE
get_team_points: SUCCESS, 11006
get_closest_player: SUCCESS, 14
get_num_played_games: SUCCESS, 2604
remove_team: FAILURE
add_player: FAILURE
get_top_scorer: SUCCESS, 122
get_all_players: SUCCESS
54
88
5
132
49
195
23
get_top_scorer: SUCCESS, 64
update_player_stats: SUCCESS
get_all_players_count: SUCCESS, 3
get_team_points: SUCCESS, 13506
get_closest_player: SUCCESS, 107
add_team: FAILURE
get_num_played_games: SUCCESS, 7909
get_all_players_count: SUCCESS, 7
play_match: FAILURE
get_closest_player: SUCCESS, 140
get_all_players_count: SUCCESS, 9
get_closest_player: SUCCESS, 51
get_all_players: SUCCESS
128
99
120
193
178
60
155
48
get_all_players_count: SUCCESS, 5
remove_team: FAILURE
knockout_winner: INVALID_INPUT
knockout_winner: INVALID_INPUT
knockout_winner: INVALID_INPUT
knockout_winner: INVALID_INPUT
knockout_winner: INVALID_INPUT
get_top_scorer: SUCCESS, 181
get_closest_player: SUCCESS, 129
play_match: FAILURE
unite_teams: FAILURE
play_match: FAILURE
update_player_stats: SUCCESS
knockout_winner: SUCCESS, 5
knockout_winner: INVALID_INPUT
knockout_winner: INVALID_INPUT
knockout_winner: SUCCESS, 16
knockout_winner: FAILURE
update_player_stats: SUCCESS
play_match: FAILURE
add_player: FAILURE
knockout_winner: INVALID_INPUT
knockout_winner: FAILURE
knockout_winner: INVALID_INPUT
knockout_winner: INVALID_INPUT
knockout_winner: INVALID_INPUT
get_all_players_count: SUCCESS, 10
knockout_winner: FAILURE
knockout_winner: SUCCESS, 16
knockout_winner: FAILURE
knockout_winner: FAILURE
knockout_winner: INVALID_INPUT
get_closest_player: SUCCESS, 81
get_closest_player: SUCCESS, 64
get_top_scorer: SUCCESS, 51
remove_team: FAILURE
play_match: FAILURE
get_top_scorer: SUCCESS, 169
play_match: FAILURE
get_team_points: SUCCESS, 8084
get_all_players_count: SUCCESS, 21
get_top_scorer: SUCCESS, 169
get_num_played_games: SUCCESS, 12334
remove_team: FAILURE
knockout_winner: FAILURE
knockout_winner: SUCCESS, 5
knockout_winner: SUCCESS, 5
knockout_winner: SUCCESS, 19
knockout_winner: INVALID_INPUT
unite_teams: FAILURE
get_team_points: SUCCESS, 13506
get_all_players_count: SUCCESS, 12
get_closest_player: SUCCESS, 11
get_all_players_count: SUCCESS, 3
add_team: FAILURE
knockout_winner: SUCCESS, 19
knockout_winner: SUCCESS, 20
knockout_winner: FAILURE
knockout_winner: FAILURE
knockout_winner: INVALID_INPUT
get_num_played_games: SUCCESS, 5962
get_closest_player: SUCCESS, 92
add_player: FAILURE
get_closest_player: SUCCESS, 87
play_match: FAILURE
unite_teams: SUCCESS
get_all_players_count: SUCCESS, 18
knockout_winner: SUCCESS, 19
knockout_winner: SUCCESS, 20
knockout_winner: SUCCESS, 5
knockout_winner: SUCCESS, 20
knockout_winner: INVALID_INPUT
remove_team: FAILURE
remove_team: FAILURE
add_player: FAILURE
get_all_players: SUCCESS
177
107
27
98
136
198
11
play_match: SUCCESS
update_player_stats: SUCCESS
get_all_players: SUCCESS
148
176
79
166
78
15
191
37
138
58
169
update_player_stats: SUCCESS
get_team_points: SUCCESS, 15127
get_closest_player: SUCCESS, 181
get_all_players_count: SUCCESS, 15
knockout_winner: INVALID_INPUT
knockout_winner: INVALID_INPUT
knockout_winner: INVALID_INPUT
knockout_winner: INVALID_INPUT
knockout_winner: INVALID_INPUT
unite_teams: FAILURE
get_team_points: SUCCESS, 4963
knockout_winner: FAILURE
knockout_winner: SUCCESS, 5
knockout_winner: SUCCESS, 5
knockout_winner: FAILURE
knockout_winner: INVALID_INPUT
get_all_players: SUCCESS
65
94
142
85
145
119
158
173
184
16
get_all_players: SUCCESS
140
83
51
remove_player: SUCCESS
get_top_scorer: SUCCESS, 199
get_top_scorer: SUCCESS, 64
update_player_stats: SUCCESS
remove_team: FAILURE
add_player: FAILURE
knockout_winner: SUCCESS, 16
knockout_winner: SUCCESS, 3
knockout_winner: SUCCESS, 3
knockout_winner: SUCCESS, 19
knockout_winner: INVALID_INPUT
get_num_played_games: SUCCESS, 9495
get_closest_player: SUCCESS, 81
get_all_players_count: SUCCESS, 8
play_match: SUCCESS
get_num_played_games: SUCCESS, 9092
add_player: FAILURE
get_num_played_games: SUCCESS, 10951
play_match: INVALID_INPUT
add_player: FAILURE
get_closest_player: SUCCESS, 26
play_match: FAILURE
play_match: FAILURE
get_team_points: SUCCESS, 13506
add_player: FAILURE
get_team_points: SUCCESS, 9929
remove_player: SUCCESS
add_player: FAILURE
get_num_played_games: SUCCESS, 6769
get_team_points: SUCCESS, 7961
unite_teams: FAILURE
get_team_points: SUCCESS, 11834
get_all_players: SUCCESS
2
124
26
31
111
200
71
22
add_team: FAILURE
knockout_winner: SUCCESS, 3
knockout_winner: INVALID_INPUT
knockout_winner: INVALID_INPUT
knockout_winner: SUCCESS, 19
knockout_winner: FAILURE
get_all_players: SUCCESS
46
18
12
24
164
25
109
156
103
73
114
remove_team: FAILURE
get_all_players_count: SUCCESS, 7
get_team_points: SUCCESS, 11834
unite_teams: SUCCESS
get_closest_player: SUCCESS, 12
play_match: INVALID_INPUT
get_num_played_games: SUCCESS, 10590
update_player_stats: SUCCESS
add_player: FAILURE
get_all_players_count: SUCCESS, 7
get_team_points: SUCCESS, 6719
get_team_points: SUCCESS, 7961
get_num_played_games: SUCCESS, 14462
remove_player: SUCCESS
get_closest_player: SUCCESS, 81
get_num_played_games: SUCCESS, 8079
update_player_stats: SUCCESS
remove_team: FAILURE
get_closest_player: SUCCESS, 1
add_team: FAILURE
unite_teams: FAILURE
knockout_winner: SUCCESS, 3
knockout_winner: INVALID_INPUT
knockout_winner: INVALID_INPUT
knockout_winner: FAILURE
knockout_winner: INVALID_INPUT
remove_player: SUCCESS
get_team_points: SUCCESS, 11871
get_num_played_games: SUCCESS, 7025
get_team_points: SUCCESS, 7961
get_closest_player: SUCCESS, 23
update_player_stats: SUCCESS
get_all_players_count: SUCCESS, 7
get_closest_player: SUCCESS, 25
remove_player: SUCCESS
add_team: FAILURE
play_match: FAILURE
unite_teams: FAILURE
get_closest_player: SUCCESS, 74
get_top_scorer: SUCCESS, 16
remove_team: FAILURE
remove_player: SUCCESS
add_player: FAILURE
get_num_played_games: SUCCESS, 8716
get_closest_player: SUCCESS, 11
play_match: FAILURE
get_team_points: SUCCESS, 4963
remove_player: SUCCESS
remove_player: SUCCESS
unite_teams: FAILURE
remove_team: FAILURE
update_player_stats: SUCCESS
get_all_players: SUCCESS
96
168
45
110
87
95
unite_teams: FAILURE
add_player: FAILURE
remove_team: FAILURE
remove_team: FAILURE
remove_team: FAILURE
knockout_winner: SUCCESS, 1
knockout_winner: INVALID_INPUT
knockout_winner: INVALID_INPUT
knockout_winner: FAILURE
knockout_winner: INVALID_INPUT
get_all_players: SUCCESS
38
141
171
137
14
63
81
34
91
77
69
68
113
92
57
39
189
get_closest_player: SUCCESS, 42
add_player: FAILURE
add_team: FAILURE
remove_team: FAILURE
get_num_played_games: SUCCESS, 7124
add_player: FAILURE
add_player: FAILURE
remove_player: SUCCESS
play_match: FAILURE
update_player_stats: SUCCESS
update_player_stats: SUCCESS
knockout_winner: SUCCESS, 3
knockout_winner: INVALID_INPUT
knockout_winner: INVALID_INPUT
knockout_winner: FAILURE
knockout_winner: INVALID_INPUT
add_player: FAILURE
add_team: FAILURE
knockout_winner: INVALID_INPUT
knockout_winner: SUCCESS, 5
knockout_winner: INVALID_INPUT
knockout_winner: INVALID_INPUT
knockout_winner: INVALID_INPUT
add_team: FAILURE
remove_player: SUCCESS
get_top_scorer: SUCCESS, 22
unite_teams: FAILURE
get_team_points: SUCCESS, 11871
add_team: FAILURE
add_team: FAILURE
knockout_winner: SUCCESS, 3
knockout_winner: INVALID_INPUT
knockout_winner: INVALID_INPUT
knockout_winner: FAILURE
knockout_winner: INVALID_INPUT
get_closest_player: SUCCESS, 73
get_all_players: SUCCESS
177
107
27
98
136
198
11
get_all_players_count: SUCCESS, 7
play_match: FAILURE
get_top_scorer: SUCCESS, 23
remove_player: SUCCESS
unite_teams: FAILURE
remove_player: SUCCESS
get_team_points: SUCCESS, 8619
add_player: FAILURE
update_player_stats: SUCCESS
remove_player: SUCCESS
add_player: FAILURE
unite_teams: FAILURE
unite_teams: FAILURE
add_player: FAILURE
get_team_points: SUCCESS, 11834
play_match: FAILURE
knockout_winner: INVALID_INPUT
knockout_winner: INVALID_INPUT
knockout_winner: INVALID_INPUT
knockout_winner: INVALID_INPUT
knockout_winner: INVALID_INPUT
add_player: FAILURE
get_all_players: SUCCESS
172
89
108
125
13
40
135
106
130
117
163
47
197
196
154
180
134
90
30
unite_teams: FAILURE
get_top_scorer: SUCCESS, 169
play_match: FAILURE
get_closest_player: SUCCESS, 55
get_closest_player: SUCCESS, 130
get_all_players_count: SUCCESS, 7
get_top_scorer: SUCCESS, 95
get_team_points: SUCCESS, 3597
knockout_winner: INVALID_INPUT
knockout_winner: SUCCESS, 5
knockout_winner: INVALID_INPUT
knockout_winner: INVALID_INPUT
knockout_winner: INVALID_INPUT
get_closest_player: SUCCESS, 121
remove_player: SUCCESS
remove_team: FAILURE
unite_teams: FAILURE
unite_teams: SUCCESS
get_num_played_games: SUCCESS, 6644
remove_player: SUCCESS
remove_player: SUCCESS
unite_teams: FAILURE
get_closest_player: SUCCESS, 11
add_team: FAILURE
remove_team: FAILURE
get_top_scorer: SUCCESS, 184
add_player: FAILURE
remove_player: SUCCESS
add_team: FAILURE
remove_team: FAILURE
remove_player: SUCCESS
add_team: FAILURE
get_all_players_count: SUCCESS, 6
knockout_winner: SUCCESS, 3
knockout_winner: INVALID_INPUT
knockout_winner: INVALID_INPUT
knockout_winner: FAILURE
knockout_winner: INVALID_INPUT
get_closest_player: SUCCESS, 125
unite_teams: INVALID_INPUT
play_match: FAILURE
get_all_players: SUCCESS
148
176
166
78
15
191
138
58
169
get_team_points: SUCCESS, 4499
play_match: FAILURE
remove_player: SUCCESS
get_team_points: SUCCESS, 11924
update_player_stats: SUCCESS
get_all_players: SUCCESS
140
83
51
get_closest_player: SUCCESS, 72
play_match: INVALID_INPUT
unite_teams: FAILURE
add_team: FAILURE
add_team: FAILURE
get_all_players_count: SUCCESS, 6
remove_player: SUCCESS
knockout_winner: SUCCESS, 3
knockout_winner: INVALID_INPUT
knockout_winner: INVALID_INPUT
knockout_winner: FAILURE
knockout_winner: INVALID_INPUT
get_top_scorer: SUCCESS, 189
update_player_stats: SUCCESS
update_player_stats: SUCCESS
get_top_scorer: SUCCESS, 85
get_closest_player: SUCCESS, 39
add_player: FAILURE
update_player_stats: SUCCESS
add_player: FAILURE
get_all_players_count: SUCCESS, 7
get_all_players: SUCCESS
50
96
36
168
10
74
112
144
110
115
87
146
95
67
55
170
get_top_scorer: SUCCESS, 17
knockout_winner: SUCCESS, 1
knockout_winner: INVALID_INPUT
knockout_winner: INVALID_INPUT
knockout_winner: FAILURE
knockout_winner: INVALID_INPUT
knockout_winner: FAILURE
knockout_winner: SUCCESS, 5
knockout_winner: FAILURE
knockout_winner: FAILURE
knockout_winner: INVALID_INPUT
remove_team: FAILURE
update_player_stats: SUCCESS
add_team: FAILURE
knockout_winner: SUCCESS, 3
knockout_winner: INVALID_INPUT
knockout_winner: INVALID_INPUT
knockout_winner: FAILURE
knockout_winner: INVALID_INPUT
remove_team: FAILURE
get_all_players: SUCCESS
148
176
166
78
15
191
138
58
169
get_team_points: SUCCESS, 19795
add_player: FAILURE
knockout_winner: SUCCESS, 3
knockout_winner: INVALID_INPUT
knockout_winner: INVALID_INPUT
knockout_winner: FAILURE
knockout_winner: FAILURE
add_team: FAILURE
get_top_scorer: SUCCESS, 189
remove_team: FAILURE
get_team_points: SUCCESS, 19090
play_match: FAILURE
update_player_stats: SUCCESS
get_num_played_games: SUCCESS, 24114
add_player: FAILURE
get_closest_player: SUCCESS, 54
get_all_players: SUCCESS
38
141
171
137
14
63
81
34
91
69
68
113
92
57
39
189
get_all_players: SUCCESS
177
107
27
98
136
11
198
knockout_winner: SUCCESS, 19
knockout_winner: SUCCESS, 19
knockout_winner: FAILURE
knockout_winner: FAILURE
knockout_winner: INVALID_INPUT
get_all_players_count: SUCCESS, 18
get_closest_player: SUCCESS, 26
add_player: FAILURE
get_all_players_count: SUCCESS, 7
remove_team: FAILURE
remove_team: FAILURE
get_top_scorer: SUCCESS, 133
get_all_players: SUCCESS
172
89
108
125
13
40
135
106
130
117
163
47
197
196
154
134
90
30
knockout_winner: SUCCESS, 19
knockout_winner: SUCCESS, 19
knockout_winner: SUCCESS, 3
knockout_winner: SUCCESS, 19
knockout_winner: FAILURE
get_all_players_count: SUCCESS, 13
get_all_players: SUCCESS
172
89
108
125
13
40
135
106
130
117
163
47
197
196
154
134
90
30
get_team_points: SUCCESS, 4963
unite_teams: INVALID_INPUT
get_num_played_games: SUCCESS, 7241
remove_team: FAILURE
knockout_winner: INVALID_INPUT
knockout_winner: SUCCESS, 3
knockout_winner: INVALID_INPUT
knockout_winner: INVALID_INPUT
knockout_winner: INVALID_INPUT
get_num_played_games: SUCCESS, 9840
add_team: FAILURE
add_player: FAILURE
get_top_scorer: SUCCESS, 139
remove_team: FAILURE
remove_team: FAILURE
remove_team: FAILURE
knockout_winner: SUCCESS, 1
knockout_winner: INVALID_INPUT
knockout_winner: INVALID_INPUT
knockout_winner: FAILURE
knockout_winner: INVALID_INPUT
unite_teams: INVALID_INPUT
remove_team: FAILURE
unite_teams: FAILURE
add_team: FAILURE
get_all_players: SUCCESS
50
96
36
168
10
74
112
144
110
115
87
146
95
67
55
170
knockout_winner: SUCCESS, 19
knockout_winner: SUCCESS, 19
knockout_winner: FAILURE
knockout_winner: SUCCESS, 19
knockout_winner: INVALID_INPUT
unite_teams: FAILURE
unite_teams: FAILURE
get_closest_player: SUCCESS, 90
remove_player: SUCCESS
get_team_points: SUCCESS, 8619
add_player: FAILURE
update_player_stats: SUCCESS
get_all_players: SUCCESS
94
142
145
65
173
184
85
remove_player: SUCCESS
unite_teams: SUCCESS
knockout_winner: FAILURE
knockout_winner: SUCCESS, 20
knockout_winner: FAILURE
knockout_winner: FAILURE
knockout_winner: INVALID_INPUT
get_team_points: SUCCESS, 13582
get_num_played_games: SUCCESS, 298
get_team_points: SUCCESS, 2213
update_player_stats: SUCCESS
remove_player: SUCCESS
remove_player: SUCCESS
remove_player: SUCCESS
remove_player: SUCCESS
remove_player: SUCCESS
remove_player: SUCCESS
remove_player: SUCCESS
remove_player: SUCCESS
remove_player: SUCCESS
remove_player: SUCCESS
remove_player: SUCCESS
remove_player: SUCCESS
remove_player: SUCCESS
remove_player: SUCCESS
remove_player: SUCCESS
remove_player: SUCCESS
remove_player: SUCCESS
remove_player: SUCCESS
remove_player: SUCCESS
remove_player: SUCCESS
remove_player: SUCCESS
remove_player: SUCCESS
remove_player: SUCCESS
remove_player: SUCCESS
remove_player: SUCCESS
remove_player: SUCCESS
remove_player: SUCCESS
remove_player: SUCCESS
remove_player: SUCCESS
remove_player: SUCCESS
remove_player: SUCCESS
remove_player: SUCCESS
remove_player: SUCCESS
remove_player: SUCCESS
remove_player: SUCCESS
remove_player: SUCCESS
remove_player: SUCCESS
remove_player: SUCCESS
remove_player: SUCCESS
remove_player: SUCCESS
remove_player: SUCCESS
remove_player: SUCCESS
remove_player: SUCCESS
remove_player: SUCCESS
remove_player: SUCCESS
remove_player: SUCCESS
remove_player: SUCCESS
remove_player: SUCCESS
remove_player: SUCCESS
remove_player: SUCCESS
remove_player: SUCCESS
remove_player: SUCCESS
remove_player: SUCCESS
remove_player: SUCCESS
remove_player: SUCCESS
remove_player: SUCCESS
remove_player: SUCCESS
remove_player: SUCCESS
remove_player: SUCCESS
remove_player: SUCCESS
remove_player: SUCCESS
remove_player: SUCCESS
remove_player: SUCCESS
remove_player: SUCCESS
remove_player: SUCCESS
remove_player: SUCCESS
remove_player: SUCCESS
remove_player: SUCCESS
remove_player: SUCCESS
remove_player: SUCCESS
remove_player: SUCCESS
remove_player: SUCCESS
remove_player: SUCCESS
remove_player: SUCCESS
remove_player: SUCCESS
remove_player: SUCCESS
remove_player: SUCCESS
remove_player: SUCCESS
remove_player: SUCCESS
remove_player: SUCCESS
remove_player: SUCCESS
remove_player: SUCCESS
remove_player: SUCCESS
remove_player: SUCCESS
remove_player: SUCCESS
remove_player: SUCCESS
remove_player: SUCCESS
remove_player: SUCCESS
remove_player: SUCCESS
remove_player: SUCCESS
remove_player: SUCCESS
remove_player: SUCCESS
remove_player: SUCCESS
remove_player: SUCCESS
remove_player: SUCCESS
remove_player: SUCCESS
remove_player: SUCCESS
remove_player: SUCCESS
remove_player: SUCCESS
remove_player: SUCCESS
remove_player: SUCCESS
remove_player: SUCCESS
remove_player: SUCCESS
remove_player: SUCCESS
remove_player: SUCCESS
remove_player: SUCCESS
remove_player: SUCCESS
remove_player: SUCCESS
remove_player: SUCCESS
remove_player: SUCCESS
remove_player: SUCCESS
remove_player: SUCCESS
remove_player: SUCCESS
remove_player: SUCCESS
remove_player: SUCCESS
remove_player: SUCCESS
remove_player: SUCCESS
remove_player: SUCCESS
remove_player: SUCCESS
remove_player: SUCCESS
remove_player: SUCCESS
remove_player: SUCCESS
remove_player: SUCCESS
remove_player: SUCCESS
remove_player: SUCCESS
remove_player: SUCCESS
remove_player: SUCCESS
remove_player: SUCCESS
remove_player: SUCCESS
remove_player: SUCCESS
remove_player: SUCCESS
remove_player: SUCCESS
remove_team: SUCCESS
remove_team: SUCCESS
remove_team: SUCCESS
remove_team: SUCCESS
remove_team: SUCCESS
remove_team: SUCCESS
remove_team: SUCCESS
remove_team: SUCCESS
remove_team: SUCCESS
remove_team: SUCCESS
remove_team: SUCCESS
remove_team: SUCCESS
remove_team: SUCCESS
