add_team: SUCCESS
add_team: SUCCESS
add_team: SUCCESS
add_team: SUCCESS
add_team: SUCCESS
add_team: SUCCESS
add_team: SUCCESS
add_team: SUCCESS
add_team: SUCCESS
add_team: SUCCESS
add_team: SUCCESS
add_team: SUCCESS
add_team: SUCCESS
add_team: SUCCESS
add_team: SUCCESS
add_team: SUCCESS
add_team: SUCCESS
add_team: SUCCESS
add_team: SUCCESS
add_team: SUCCESS
add_player: SUCCESS
add_player: SUCCESS
add_player: SUCCESS
add_player: SUCCESS
add_player: SUCCESS
add_player: SUCCESS
add_player: SUCCESS
add_player: SUCCESS
add_player: SUCCESS
add_player: SUCCESS
add_player: SUCCESS
add_player: SUCCESS
add_player: SUCCESS
add_player: SUCCESS
add_player: SUCCESS
add_player: SUCCESS
add_player: SUCCESS
add_player: SUCCESS
add_player: SUCCESS
add_player: SUCCESS
add_player: SUCCESS
add_player: SUCCESS
add_player: SUCCESS
add_player: SUCCESS
add_player: SUCCESS
add_player: SUCCESS
add_player: SUCCESS
add_player: SUCCESS
add_player: SUCCESS
add_player: SUCCESS
add_player: SUCCESS
add_player: SUCCESS
add_player: SUCCESS
add_player: SUCCESS
add_player: SUCCESS
add_player: SUCCESS
add_player: SUCCESS
add_player: SUCCESS
add_player: SUCCESS
add_player: SUCCESS
add_player: SUCCESS
add_player: SUCCESS
add_player: SUCCESS
add_player: SUCCESS
add_player: SUCCESS
add_player: SUCCESS
add_player: SUCCESS
add_player: SUCCESS
add_player: SUCCESS
add_player: SUCCESS
add_player: SUCCESS
add_player: SUCCESS
add_player: SUCCESS
add_player: SUCCESS
add_player: SUCCESS
add_player: SUCCESS
add_player: SUCCESS
add_player: SUCCESS
add_player: SUCCESS
add_player: SUCCESS
add_player: SUCCESS
add_player: SUCCESS
add_player: SUCCESS
add_player: SUCCESS
add_player: SUCCESS
add_player: SUCCESS
add_player: SUCCESS
add_player: SUCCESS
add_player: SUCCESS
add_player: SUCCESS
add_player: SUCCESS
add_player: SUCCESS
add_player: SUCCESS
add_player: SUCCESS
add_player: SUCCESS
add_player: SUCCESS
add_player: SUCCESS
add_player: SUCCESS
add_player: SUCCESS
add_player: SUCCESS
add_player: SUCCESS
add_player: SUCCESS
add_player: SUCCESS
add_player: SUCCESS
add_player: SUCCESS
add_player: SUCCESS
add_player: SUCCESS
add_player: SUCCESS
add_player: SUCCESS
add_player: SUCCESS
add_player: SUCCESS
add_player: SUCCESS
add_player: SUCCESS
add_player: SUCCESS
add_player: SUCCESS
add_player: SUCCESS
add_player: SUCCESS
add_player: SUCCESS
add_player: SUCCESS
add_player: SUCCESS
add_player: SUCCESS
add_player: SUCCESS
add_player: SUCCESS
add_player: SUCCESS
add_player: SUCCESS
add_player: SUCCESS
add_player: SUCCESS
add_player: SUCCESS
add_player: SUCCESS
add_player: SUCCESS
add_player: SUCCESS
add_player: SUCCESS
add_player: SUCCESS
add_player: SUCCESS
add_player: SUCCESS
add_player: SUCCESS
add_player: SUCCESS
add_player: SUCCESS
add_player: SUCCESS
add_player: SUCCESS
add_player: SUCCESS
add_player: SUCCESS
add_player: SUCCESS
add_player: SUCCESS
add_player: SUCCESS
add_player: SUCCESS
add_player: SUCCESS
add_player: SUCCESS
add_player: SUCCESS
add_player: SUCCESS
add_player: SUCCESS
add_player: SUCCESS
add_player: SUCCESS
add_player: SUCCESS
add_player: SUCCESS
add_player: SUCCESS
add_player: SUCCESS
add_player: SUCCESS
add_player: SUCCESS
add_player: SUCCESS
add_player: SUCCESS
add_player: SUCCESS
add_player: SUCCESS
add_player: SUCCESS
add_player: SUCCESS
add_player: SUCCESS
add_player: SUCCESS
add_player: SUCCESS
add_player: SUCCESS
add_player: SUCCESS
add_player: SUCCESS
add_player: SUCCESS
add_player: SUCCESS
add_player: SUCCESS
add_player: SUCCESS
add_player: SUCCESS
add_player: SUCCESS
add_player: SUCCESS
add_player: SUCCESS
add_player: SUCCESS
add_player: SUCCESS
add_player: SUCCESS
add_player: SUCCESS
add_player: SUCCESS
add_player: SUCCESS
add_player: SUCCESS
add_player: SUCCESS
add_player: SUCCESS
add_player: SUCCESS
add_player: SUCCESS
add_player: SUCCESS
add_player: SUCCESS
add_player: SUCCESS
add_player: SUCCESS
add_player: SUCCESS
add_player: SUCCESS
add_player: SUCCESS
add_player: SUCCESS
add_player: SUCCESS
add_player: SUCCESS
add_player: SUCCESS
add_player: SUCCESS
add_player: SUCCESS
add_player: SUCCESS
add_player: SUCCESS
add_player: SUCCESS
add_player: SUCCESS
add_player: SUCCESS
add_player: SUCCESS
add_player: SUCCESS
add_player: SUCCESS
add_player: SUCCESS
add_player: SUCCESS
add_player: SUCCESS
add_player: SUCCESS
add_player: SUCCESS
add_player: SUCCESS
add_player: SUCCESS
add_player: SUCCESS
add_player: SUCCESS
get_closest_player: SUCCESS, 180
add_team: FAILURE
get_top_scorer: SUCCESS, 189
knockout_winner: SUCCESS, 12
knockout_winner: SUCCESS, 6
knockout_winner: SUCCESS, 6
knockout_winner: SUCCESS, 17
knockout_winner: INVALID_INPUT
get_team_points: SUCCESS, 7505
remove_team: FAILURE
add_player: FAILURE
knockout_winner: SUCCESS, 17
knockout_winner: SUCCESS, 10
knockout_winner: SUCCESS, 10
knockout_winner: SUCCESS, 19
knockout_winner: INVALID_INPUT
remove_team: FAILURE
get_closest_player: SUCCESS, 105
add_player: FAILURE
remove_player: SUCCESS
add_team: FAILURE
get_all_players_count: SUCCESS, 9
get_top_scorer: SUCCESS, 18
get_all_players_count: SUCCESS, 11
update_player_stats: SUCCESS
remove_team: FAILURE
remove_player: SUCCESS
add_team: FAILURE
remove_team: FAILURE
get_closest_player: SUCCESS, 78
get_top_scorer: SUCCESS, 189
knockout_winner: SUCCESS, 15
knockout_winner: SUCCESS, 10
knockout_winner: SUCCESS, 10
knockout_winner: FAILURE
knockout_winner: INVALID_INPUT
knockout_winner: SUCCESS, 17
knockout_winner: SUCCESS, 10
knockout_winner: SUCCESS, 10
knockout_winner: SUCCESS, 19
knockout_winner: INVALID_INPUT
get_num_played_games: SUCCESS, 4220
get_all_players_count: SUCCESS, 9
get_num_played_games: SUCCESS, 4327
get_closest_player: SUCCESS, 29
get_all_players_count: SUCCESS, 7
remove_player: SUCCESS
remove_team: FAILURE
remove_player: SUCCESS
update_player_stats: SUCCESS
add_team: FAILURE
knockout_winner: SUCCESS, 10
knockout_winner: SUCCESS, 10
knockout_winner: SUCCESS, 10
knockout_winner: SUCCESS, 17
knockout_winner: INVALID_INPUT
get_all_players_count: SUCCESS, 9
add_player: FAILURE
add_player: FAILURE
get_all_players_count: SUCCESS, 10
remove_player: SUCCESS
get_closest_player: SUCCESS, 125
remove_team: FAILURE
remove_team: FAILURE
get_num_played_games: SUCCESS, 6442
get_num_played_games: SUCCESS, 5625
remove_player: SUCCESS
get_num_played_games: SUCCESS, 8420
knockout_winner: SUCCESS, 19
knockout_winner: SUCCESS, 15
knockout_winner: SUCCESS, 15
knockout_winner: FAILURE
knockout_winner: INVALID_INPUT
get_all_players: SUCCESS
140
145
31
162
20
121
187
148
add_player: FAILURE
get_closest_player: SUCCESS, 117
get_top_scorer: SUCCESS, 182
knockout_winner: FAILURE
knockout_winner: SUCCESS, 12
knockout_winner: FAILURE
knockout_winner: FAILURE
knockout_winner: INVALID_INPUT
get_num_played_games: SUCCESS, 8420
knockout_winner: SUCCESS, 10
knockout_winner: SUCCESS, 10
knockout_winner: SUCCESS, 8
knockout_winner: SUCCESS, 15
knockout_winner: INVALID_INPUT
remove_player: SUCCESS
get_all_players_count: SUCCESS, 11
get_top_scorer: SUCCESS, 69
play_match: FAILURE
remove_player: SUCCESS
get_all_players: SUCCESS
115
16
11
2
35
108
96
get_all_players: SUCCESS
137
131
28
176
15
5
27
188
55
75
58
83
unite_teams: FAILURE
get_closest_player: SUCCESS, 73
remove_player: SUCCESS
remove_player: SUCCESS
get_closest_player: SUCCESS, 80
remove_team: FAILURE
add_player: FAILURE
get_all_players: SUCCESS
151
44
127
107
143
32
113
54
78
172
get_all_players: SUCCESS
67
41
47
141
30
152
167
53
14
9
73
59
46
get_team_points: SUCCESS, 1757
add_team: FAILURE
knockout_winner: SUCCESS, 3
knockout_winner: INVALID_INPUT
knockout_winner: INVALID_INPUT
knockout_winner: SUCCESS, 12
knockout_winner: INVALID_INPUT
add_team: FAILURE
get_num_played_games: SUCCESS, 1268
knockout_winner: SUCCESS, 12
knockout_winner: INVALID_INPUT
knockout_winner: INVALID_INPUT
knockout_winner: SUCCESS, 12
knockout_winner: SUCCESS, 12
play_match: FAILURE
get_closest_player: SUCCESS, 16
get_closest_player: SUCCESS, 82
get_all_players_count: SUCCESS, 7
get_closest_player: SUCCESS, 117
get_all_players_count: SUCCESS, 10
get_closest_player: SUCCESS, 159
knockout_winner: SUCCESS, 12
knockout_winner: INVALID_INPUT
knockout_winner: INVALID_INPUT
knockout_winner: SUCCESS, 12
knockout_winner: SUCCESS, 8
get_all_players: SUCCESS
137
131
28
176
15
5
27
188
55
75
58
83
remove_team: FAILURE
get_top_scorer: SUCCESS, 148
add_team: FAILURE
get_team_points: SUCCESS, 8087
knockout_winner: SUCCESS, 12
knockout_winner: SUCCESS, 12
knockout_winner: SUCCESS, 12
knockout_winner: SUCCESS, 17
knockout_winner: INVALID_INPUT
remove_team: FAILURE
play_match: FAILURE
update_player_stats: SUCCESS
get_all_players_count: SUCCESS, 10
add_player: FAILURE
get_all_players_count: SUCCESS, 7
update_player_stats: SUCCESS
get_all_players_count: SUCCESS, 10
get_closest_player: SUCCESS, 97
remove_team: FAILURE
get_num_played_games: SUCCESS, 8760
remove_team: FAILURE
get_all_players: SUCCESS
84
4
86
119
144
158
112
171
unite_teams: FAILURE
get_top_scorer: SUCCESS, 147
knockout_winner: SUCCESS, 12
knockout_winner: INVALID_INPUT
knockout_winner: INVALID_INPUT
knockout_winner: SUCCESS, 12
knockout_winner: SUCCESS, 12
remove_player: SUCCESS
knockout_winner: FAILURE
knockout_winner: SUCCESS, 15
knockout_winner: FAILURE
knockout_winner: FAILURE
knockout_winner: INVALID_INPUT
get_num_played_games: SUCCESS, 2484
remove_player: SUCCESS
unite_teams: FAILURE
update_player_stats: SUCCESS
remove_player: SUCCESS
remove_team: FAILURE
get_all_players_count: SUCCESS, 10
get_top_scorer: SUCCESS, 59
unite_teams: FAILURE
get_top_scorer: SUCCESS, 96
add_team: FAILURE
add_team: FAILURE
remove_team: FAILURE
get_all_players: SUCCESS
117
155
101
133
150
118
153
111
37
64
147
knockout_winner: FAILURE
knockout_winner: SUCCESS, 17
knockout_winner: FAILURE
knockout_winner: FAILURE
knockout_winner: INVALID_INPUT
knockout_winner: SUCCESS, 12
knockout_winner: SUCCESS, 12
knockout_winner: SUCCESS, 12
knockout_winner: SUCCESS, 17
knockout_winner: INVALID_INPUT
remove_team: FAILURE
get_closest_player: SUCCESS, 124
play_match: FAILURE
add_team: FAILURE
knockout_winner: FAILURE
knockout_winner: SUCCESS, 17
knockout_winner: SUCCESS, 15
knockout_winner: FAILURE
knockout_winner: INVALID_INPUT
remove_team: FAILURE
get_top_scorer: SUCCESS, 121
get_all_players: SUCCESS
140
145
31
162
20
187
148
121
remove_team: FAILURE
get_team_points: SUCCESS, 5227
get_num_played_games: SUCCESS, 4756
add_player: FAILURE
remove_team: FAILURE
add_team: FAILURE
add_team: FAILURE
get_all_players_count: SUCCESS, 11
update_player_stats: SUCCESS
get_closest_player: SUCCESS, 191
get_team_points: SUCCESS, 6020
get_team_points: SUCCESS, 6020
get_num_played_games: SUCCESS, 7128
get_all_players_count: SUCCESS, 8
get_top_scorer: SUCCESS, 182
add_team: FAILURE
knockout_winner: SUCCESS, 17
knockout_winner: SUCCESS, 12
knockout_winner: SUCCESS, 12
knockout_winner: FAILURE
knockout_winner: INVALID_INPUT
add_team: FAILURE
update_player_stats: SUCCESS
get_num_played_games: SUCCESS, 8656
play_match: FAILURE
get_all_players_count: SUCCESS, 11
remove_team: FAILURE
update_player_stats: SUCCESS
remove_player: SUCCESS
get_closest_player: SUCCESS, 115
unite_teams: FAILURE
get_top_scorer: SUCCESS, 72
get_all_players: SUCCESS
84
4
86
119
144
158
112
171
add_team: FAILURE
get_all_players: SUCCESS
77
106
95
174
82
123
104
179
63
194
189
remove_player: SUCCESS
get_team_points: SUCCESS, 9504
play_match: FAILURE
update_player_stats: SUCCESS
get_all_players: SUCCESS
67
41
47
141
30
152
167
53
14
9
73
59
get_closest_player: SUCCESS, 89
remove_team: FAILURE
get_num_played_games: SUCCESS, 7372
get_num_played_games: SUCCESS, 10846
add_team: FAILURE
get_all_players: SUCCESS
60
51
89
80
126
200
138
185
159
128
181
get_team_points: SUCCESS, 11458
knockout_winner: SUCCESS, 8
knockout_winner: INVALID_INPUT
knockout_winner: INVALID_INPUT
knockout_winner: SUCCESS, 12
knockout_winner: INVALID_INPUT
knockout_winner: SUCCESS, 17
knockout_winner: SUCCESS, 12
knockout_winner: SUCCESS, 12
knockout_winner: FAILURE
knockout_winner: INVALID_INPUT
play_match: FAILURE
get_top_scorer: SUCCESS, 172
remove_team: FAILURE
get_closest_player: SUCCESS, 185
get_closest_player: SUCCESS, 18
unite_teams: FAILURE
get_team_points: SUCCESS, 8087
add_team: FAILURE
remove_player: SUCCESS
get_closest_player: SUCCESS, 121
add_team: FAILURE
get_closest_player: SUCCESS, 199
get_all_players_count: SUCCESS, 9
get_all_players_count: SUCCESS, 11
get_team_points: SUCCESS, 4884
get_closest_player: SUCCESS, 115
remove_player: SUCCESS
get_num_played_games: SUCCESS, 1721
get_closest_player: SUCCESS, 140
knockout_winner: SUCCESS, 17
knockout_winner: SUCCESS, 12
knockout_winner: SUCCESS, 12
knockout_winner: FAILURE
knockout_winner: INVALID_INPUT
get_num_played_games: SUCCESS, 1054
remove_team: FAILURE
get_all_players_count: SUCCESS, 12
get_top_scorer: SUCCESS, 3
get_top_scorer: SUCCESS, 59
add_team: FAILURE
get_num_played_games: SUCCESS, 9232
get_all_players_count: SUCCESS, 8
add_player: FAILURE
add_team: FAILURE
update_player_stats: SUCCESS
add_team: FAILURE
knockout_winner: SUCCESS, 12
knockout_winner: SUCCESS, 12
knockout_winner: SUCCESS, 12
knockout_winner: SUCCESS, 17
knockout_winner: SUCCESS, 15
get_num_played_games: SUCCESS, 11618
get_all_players_count: SUCCESS, 6
add_team: FAILURE
get_num_played_games: SUCCESS, 6607
remove_player: SUCCESS
remove_team: FAILURE
remove_player: SUCCESS
add_team: FAILURE
get_all_players_count: SUCCESS, 8
remove_player: SUCCESS
update_player_stats: SUCCESS
get_top_scorer: SUCCESS, 189
get_team_points: SUCCESS, 7505
knockout_winner: SUCCESS, 8
knockout_winner: INVALID_INPUT
knockout_winner: INVALID_INPUT
knockout_winner: SUCCESS, 17
knockout_winner: SUCCESS, 8
get_top_scorer: SUCCESS, 121
get_num_played_games: SUCCESS, 10800
knockout_winner: SUCCESS, 17
knockout_winner: SUCCESS, 17
knockout_winner: FAILURE
knockout_winner: FAILURE
knockout_winner: INVALID_INPUT
get_all_players_count: SUCCESS, 6
knockout_winner: FAILURE
knockout_winner: SUCCESS, 17
knockout_winner: FAILURE
knockout_winner: SUCCESS, 17
knockout_winner: INVALID_INPUT
remove_player: SUCCESS
unite_teams: FAILURE
unite_teams: FAILURE
update_player_stats: SUCCESS
add_team: FAILURE
get_num_played_games: SUCCESS, 11475
remove_player: SUCCESS
get_top_scorer: SUCCESS, 181
knockout_winner: FAILURE
knockout_winner: SUCCESS, 17
knockout_winner: SUCCESS, 8
knockout_winner: SUCCESS, 17
knockout_winner: INVALID_INPUT
get_all_players: SUCCESS
38
166
8
74
13
85
87
198
43
170
7
156
45
get_team_points: SUCCESS, 4884
play_match: FAILURE
get_num_played_games: SUCCESS, 6845
get_team_points: SUCCESS, 9528
add_team: FAILURE
get_top_scorer: SUCCESS, 3
unite_teams: FAILURE
get_top_scorer: SUCCESS, 96
get_all_players: SUCCESS
137
131
28
176
15
5
188
55
75
58
get_all_players_count: SUCCESS, 10
update_player_stats: SUCCESS
remove_player: SUCCESS
update_player_stats: SUCCESS
update_player_stats: SUCCESS
unite_teams: INVALID_INPUT
knockout_winner: SUCCESS, 8
knockout_winner: SUCCESS, 8
knockout_winner: FAILURE
knockout_winner: SUCCESS, 15
knockout_winner: INVALID_INPUT
get_team_points: SUCCESS, 8850
remove_team: FAILURE
update_player_stats: SUCCESS
update_player_stats: SUCCESS
get_num_played_games: SUCCESS, 8656
get_top_scorer: SUCCESS, 69
unite_teams: INVALID_INPUT
update_player_stats: SUCCESS
get_all_players: SUCCESS
21
192
173
160
122
199
130
135
18
add_team: FAILURE
get_team_points: SUCCESS, 7505
unite_teams: FAILURE
knockout_winner: SUCCESS, 8
knockout_winner: INVALID_INPUT
knockout_winner: INVALID_INPUT
knockout_winner: SUCCESS, 8
knockout_winner: INVALID_INPUT
unite_teams: FAILURE
get_num_played_games: SUCCESS, 6112
add_team: FAILURE
get_all_players: SUCCESS
137
131
28
176
15
5
188
55
75
58
unite_teams: FAILURE
remove_team: FAILURE
get_closest_player: SUCCESS, 191
get_all_players: SUCCESS
115
16
11
2
108
96
get_num_played_games: SUCCESS, 1029
remove_player: SUCCESS
update_player_stats: SUCCESS
get_num_played_games: SUCCESS, 10225
add_team: FAILURE
get_top_scorer: SUCCESS, 181
play_match: FAILURE
update_player_stats: SUCCESS
get_top_scorer: SUCCESS, 58
get_num_played_games: SUCCESS, 15258
remove_player: SUCCESS
get_all_players: SUCCESS
99
102
34
134
98
6
81
79
get_closest_player: SUCCESS, 126
update_player_stats: SUCCESS
get_team_points: SUCCESS, 12037
get_num_played_games: SUCCESS, 2073
remove_team: FAILURE
unite_teams: SUCCESS
play_match: FAILURE
get_team_points: SUCCESS, 13794
get_num_played_games: SUCCESS, 8442
unite_teams: FAILURE
get_top_scorer: SUCCESS, 79
update_player_stats: SUCCESS
add_player: FAILURE
get_closest_player: SUCCESS, 128
knockout_winner: SUCCESS, 15
knockout_winner: SUCCESS, 17
knockout_winner: SUCCESS, 8
knockout_winner: SUCCESS, 17
knockout_winner: INVALID_INPUT
get_all_players_count: SUCCESS, 12
knockout_winner: SUCCESS, 17
knockout_winner: SUCCESS, 17
knockout_winner: SUCCESS, 8
knockout_winner: SUCCESS, 17
knockout_winner: SUCCESS, 15
play_match: FAILURE
unite_teams: FAILURE
get_all_players_count: SUCCESS, 10
add_player: FAILURE
update_player_stats: SUCCESS
remove_team: FAILURE
get_closest_player: SUCCESS, 7
remove_team: FAILURE
unite_teams: FAILURE
get_team_points: SUCCESS, 11467
unite_teams: FAILURE
get_team_points: SUCCESS, 10325
get_top_scorer: SUCCESS, 158
knockout_winner: FAILURE
knockout_winner: SUCCESS, 17
knockout_winner: SUCCESS, 15
knockout_winner: FAILURE
knockout_winner: INVALID_INPUT
play_match: FAILURE
play_match: FAILURE
get_closest_player: SUCCESS, 154
unite_teams: FAILURE
remove_team: FAILURE
get_all_players_count: SUCCESS, 10
update_player_stats: SUCCESS
get_num_played_games: SUCCESS, 2850
get_num_played_games: SUCCESS, 13979
remove_team: FAILURE
update_player_stats: SUCCESS
get_top_scorer: SUCCESS, 59
get_team_points: SUCCESS, 7505
play_match: FAILURE
get_team_points: SUCCESS, 8087
add_player: FAILURE
unite_teams: FAILURE
play_match: FAILURE
add_player: FAILURE
get_all_players: SUCCESS
183
110
195
114
48
50
update_player_stats: SUCCESS
play_match: FAILURE
play_match: FAILURE
update_player_stats: SUCCESS
remove_team: FAILURE
get_all_players_count: SUCCESS, 6
add_player: FAILURE
get_num_played_games: SUCCESS, 7372
add_team: FAILURE
add_player: FAILURE
knockout_winner: INVALID_INPUT
knockout_winner: SUCCESS, 17
knockout_winner: INVALID_INPUT
knockout_winner: INVALID_INPUT
knockout_winner: INVALID_INPUT
unite_teams: FAILURE
add_team: FAILURE
get_closest_player: SUCCESS, 107
get_all_players_count: SUCCESS, 11
knockout_winner: FAILURE
knockout_winner: SUCCESS, 17
knockout_winner: FAILURE
knockout_winner: SUCCESS, 17
knockout_winner: INVALID_INPUT
get_closest_player: SUCCESS, 5
get_top_scorer: SUCCESS, 69
get_num_played_games: SUCCESS, 6007
get_team_points: SUCCESS, 8087
get_team_points: SUCCESS, 5355
get_all_players: SUCCESS
169
178
191
42
56
100
163
add_player: FAILURE
get_all_players_count: SUCCESS, 8
play_match: FAILURE
get_team_points: SUCCESS, 6020
update_player_stats: SUCCESS
play_match: FAILURE
get_all_players_count: SUCCESS, 6
remove_player: SUCCESS
update_player_stats: SUCCESS
get_all_players_count: SUCCESS, 8
update_player_stats: SUCCESS
add_player: FAILURE
get_all_players: SUCCESS
105
165
190
124
62
129
161
10
69
knockout_winner: SUCCESS, 15
knockout_winner: SUCCESS, 17
knockout_winner: SUCCESS, 8
knockout_winner: SUCCESS, 17
knockout_winner: INVALID_INPUT
unite_teams: FAILURE
remove_team: FAILURE
get_closest_player: SUCCESS, 177
get_all_players: SUCCESS
166
8
74
85
87
198
43
170
7
156
45
13
38
add_team: FAILURE
remove_player: SUCCESS
remove_team: FAILURE
unite_teams: FAILURE
knockout_winner: SUCCESS, 8
knockout_winner: SUCCESS, 17
knockout_winner: FAILURE
knockout_winner: SUCCESS, 17
knockout_winner: INVALID_INPUT
get_team_points: SUCCESS, 9823
play_match: FAILURE
get_all_players_count: SUCCESS, 9
unite_teams: FAILURE
play_match: FAILURE
add_player: FAILURE
knockout_winner: SUCCESS, 8
knockout_winner: SUCCESS, 8
knockout_winner: FAILURE
knockout_winner: SUCCESS, 13
knockout_winner: INVALID_INPUT
unite_teams: FAILURE
get_closest_player: SUCCESS, 43
get_all_players: SUCCESS
151
44
127
107
32
54
78
113
143
172
remove_team: FAILURE
add_player: FAILURE
get_team_points: SUCCESS, 8850
get_top_scorer: SUCCESS, 172
remove_team: FAILURE
remove_player: SUCCESS
add_team: FAILURE
get_closest_player: SUCCESS, 108
get_team_points: SUCCESS, 4767
play_match: FAILURE
add_team: FAILURE
get_all_players_count: SUCCESS, 10
get_closest_player: SUCCESS, 38
unite_teams: FAILURE
update_player_stats: SUCCESS
remove_team: FAILURE
remove_team: FAILURE
get_top_scorer: SUCCESS, 163
unite_teams: FAILURE
get_all_players_count: SUCCESS, 8
get_top_scorer: SUCCESS, 81
add_player: FAILURE
remove_team: FAILURE
play_match: FAILURE
get_all_players_count: SUCCESS, 6
knockout_winner: SUCCESS, 17
knockout_winner: SUCCESS, 15
knockout_winner: SUCCESS, 15
knockout_winner: FAILURE
knockout_winner: INVALID_INPUT
knockout_winner: FAILURE
knockout_winner: SUCCESS, 15
knockout_winner: SUCCESS, 13
knockout_winner: FAILURE
knockout_winner: INVALID_INPUT
unite_teams: FAILURE
add_team: FAILURE
add_team: FAILURE
get_all_players: SUCCESS
183
110
195
114
48
50
add_player: FAILURE
update_player_stats: SUCCESS
get_num_played_games: SUCCESS, 6845
get_num_played_games: SUCCESS, 3893
get_closest_player: SUCCESS, 128
get_top_scorer: SUCCESS, 163
get_top_scorer: SUCCESS, 174
get_num_played_games: SUCCESS, 2850
play_match: FAILURE
remove_player: SUCCESS
get_closest_player: SUCCESS, 157
play_match: FAILURE
play_match: FAILURE
get_top_scorer: SUCCESS, 172
add_player: FAILURE
get_closest_player: SUCCESS, 48
get_all_players: SUCCESS
99
102
34
61
177
134
98
49
66
97
6
29
70
90
57
182
79
81
get_all_players: SUCCESS
84
4
86
144
119
112
171
158
remove_player: SUCCESS
get_closest_player: SUCCESS, 174
add_team: FAILURE
knockout_winner: SUCCESS, 15
knockout_winner: SUCCESS, 15
knockout_winner: SUCCESS, 8
knockout_winner: SUCCESS, 15
knockout_winner: INVALID_INPUT
knockout_winner: SUCCESS, 8
knockout_winner: SUCCESS, 15
knockout_winner: FAILURE
knockout_winner: SUCCESS, 15
knockout_winner: INVALID_INPUT
knockout_winner: SUCCESS, 15
knockout_winner: SUCCESS, 15
knockout_winner: SUCCESS, 13
knockout_winner: FAILURE
knockout_winner: INVALID_INPUT
update_player_stats: SUCCESS
unite_teams: FAILURE
get_closest_player: SUCCESS, 9
get_all_players_count: SUCCESS, 7
remove_team: FAILURE
add_team: FAILURE
get_all_players: SUCCESS
151
44
127
107
32
54
78
113
143
172
get_top_scorer: SUCCESS, 172
get_num_played_games: SUCCESS, 8505
get_team_points: SUCCESS, 11530
get_num_played_games: SUCCESS, 12600
knockout_winner: SUCCESS, 8
knockout_winner: SUCCESS, 15
knockout_winner: FAILURE
knockout_winner: SUCCESS, 15
knockout_winner: INVALID_INPUT
update_player_stats: SUCCESS
unite_teams: FAILURE
get_top_scorer: SUCCESS, 147
get_all_players: SUCCESS
21
192
173
160
122
199
130
135
18
knockout_winner: SUCCESS, 15
knockout_winner: SUCCESS, 15
knockout_winner: SUCCESS, 8
knockout_winner: SUCCESS, 15
knockout_winner: INVALID_INPUT
get_top_scorer: SUCCESS, 128
add_team: FAILURE
knockout_winner: FAILURE
knockout_winner: INVALID_INPUT
knockout_winner: INVALID_INPUT
knockout_winner: FAILURE
knockout_winner: INVALID_INPUT
get_num_played_games: SUCCESS, 11092
get_closest_player: SUCCESS, 75
get_closest_player: SUCCESS, 8
remove_team: FAILURE
remove_player: SUCCESS
get_all_players: SUCCESS
71
180
184
68
72
33
update_player_stats: SUCCESS
get_num_played_games: SUCCESS, 9007
add_team: FAILURE
get_top_scorer: SUCCESS, 94
get_num_played_games: SUCCESS, 7128
play_match: FAILURE
remove_team: FAILURE
get_top_scorer: SUCCESS, 53
get_closest_player: SUCCESS, 198
remove_player: SUCCESS
get_top_scorer: SUCCESS, 128
get_top_scorer: SUCCESS, 158
update_player_stats: SUCCESS
get_closest_player: SUCCESS, 7
get_num_played_games: SUCCESS, 8760
get_all_players: SUCCESS
183
110
195
114
48
50
get_team_points: SUCCESS, 1732
update_player_stats: SUCCESS
remove_team: FAILURE
unite_teams: FAILURE
get_team_points: SUCCESS, 4884
remove_team: FAILURE
remove_player: SUCCESS
add_team: FAILURE
add_team: FAILURE
add_player: FAILURE
get_team_points: SUCCESS, 6768
knockout_winner: SUCCESS, 13
knockout_winner: SUCCESS, 15
knockout_winner: FAILURE
knockout_winner: FAILURE
knockout_winner: INVALID_INPUT
get_team_points: SUCCESS, 8087
get_team_points: SUCCESS, 4767
get_all_players_count: SUCCESS, 8
remove_team: FAILURE
get_all_players_count: SUCCESS, 8
get_closest_player: SUCCESS, 38
get_closest_player: SUCCESS, 4
knockout_winner: FAILURE
knockout_winner: INVALID_INPUT
knockout_winner: INVALID_INPUT
knockout_winner: SUCCESS, 15
knockout_winner: INVALID_INPUT
remove_team: FAILURE
add_player: FAILURE
unite_teams: FAILURE
knockout_winner: INVALID_INPUT
knockout_winner: SUCCESS, 15
knockout_winner: INVALID_INPUT
knockout_winner: INVALID_INPUT
knockout_winner: INVALID_INPUT
add_player: FAILURE
get_all_players: SUCCESS
169
178
191
42
56
100
add_player: FAILURE
add_team: FAILURE
update_player_stats: SUCCESS
update_player_stats: SUCCESS
get_all_players: SUCCESS
155
101
133
117
150
118
37
64
147
add_team: FAILURE
get_all_players: SUCCESS
89
51
80
126
200
138
185
159
181
128
add_player: FAILURE
knockout_winner: SUCCESS, 15
knockout_winner: SUCCESS, 15
knockout_winner: SUCCESS, 13
knockout_winner: SUCCESS, 15
knockout_winner: SUCCESS, 13
knockout_winner: INVALID_INPUT
knockout_winner: SUCCESS, 15
knockout_winner: INVALID_INPUT
knockout_winner: INVALID_INPUT
knockout_winner: INVALID_INPUT
get_top_scorer: SUCCESS, 128
add_team: FAILURE
remove_player: SUCCESS
play_match: FAILURE
remove_team: FAILURE
get_closest_player: SUCCESS, 124
update_player_stats: SUCCESS
knockout_winner: INVALID_INPUT
knockout_winner: SUCCESS, 15
knockout_winner: INVALID_INPUT
knockout_winner: INVALID_INPUT
knockout_winner: INVALID_INPUT
get_closest_player: SUCCESS, 71
update_player_stats: SUCCESS
get_team_points: SUCCESS, 4767
add_player: FAILURE
get_all_players: SUCCESS
12
40
157
139
19
76
120
get_all_players_count: SUCCESS, 9
add_team: FAILURE
add_team: FAILURE
add_player: FAILURE
knockout_winner: SUCCESS, 17
knockout_winner: SUCCESS, 15
knockout_winner: FAILURE
knockout_winner: FAILURE
knockout_winner: INVALID_INPUT
play_match: FAILURE
add_team: FAILURE
remove_team: FAILURE
get_all_players_count: SUCCESS, 9
get_team_points: SUCCESS, 8850
remove_team: FAILURE
get_team_points: SUCCESS, 5355
unite_teams: FAILURE
remove_player: SUCCESS
get_closest_player: SUCCESS, 81
remove_team: FAILURE
update_player_stats: SUCCESS
get_team_points: SUCCESS, 2433
unite_teams: FAILURE
get_all_players_count: SUCCESS, 6
knockout_winner: FAILURE
knockout_winner: FAILURE
knockout_winner: FAILURE
knockout_winner: FAILURE
knockout_winner: INVALID_INPUT
get_num_played_games: SUCCESS, 1524
remove_team: FAILURE
get_top_scorer: SUCCESS, 94
update_player_stats: SUCCESS
update_player_stats: SUCCESS
remove_team: FAILURE
knockout_winner: FAILURE
knockout_winner: SUCCESS, 15
knockout_winner: FAILURE
knockout_winner: SUCCESS, 17
knockout_winner: INVALID_INPUT
unite_teams: INVALID_INPUT
get_closest_player: SUCCESS, 2
get_num_played_games: SUCCESS, 8712
update_player_stats: SUCCESS
get_team_points: SUCCESS, 5227
remove_team: FAILURE
knockout_winner: FAILURE
knockout_winner: SUCCESS, 15
knockout_winner: SUCCESS, 15
knockout_winner: FAILURE
knockout_winner: INVALID_INPUT
get_top_scorer: SUCCESS, 136
get_all_players: SUCCESS
41
141
152
167
47
14
9
67
73
59
53
remove_player: SUCCESS
get_num_played_games: SUCCESS, 7261
get_all_players_count: SUCCESS, 8
get_top_scorer: SUCCESS, 3
get_all_players: SUCCESS
12
40
157
139
19
76
120
add_team: FAILURE
get_top_scorer: SUCCESS, 69
get_all_players: SUCCESS
12
40
157
139
19
76
120
add_team: FAILURE
get_team_points: SUCCESS, 8087
get_closest_player: SUCCESS, 124
remove_team: FAILURE
get_num_played_games: SUCCESS, 4952
update_player_stats: SUCCESS
get_closest_player: SUCCESS, 56
get_all_players: SUCCESS
71
180
184
68
72
33
get_all_players_count: SUCCESS, 10
get_num_played_games: SUCCESS, 17002
play_match: FAILURE
play_match: FAILURE
get_num_played_games: SUCCESS, 6566
update_player_stats: SUCCESS
unite_teams: SUCCESS
add_team: FAILURE
remove_team: FAILURE
add_player: FAILURE
get_closest_player: SUCCESS, 53
get_num_played_games: SUCCESS, 4465
get_all_players: SUCCESS
12
40
157
139
19
76
120
update_player_stats: SUCCESS
get_num_played_games: SUCCESS, 7408
knockout_winner: INVALID_INPUT
knockout_winner: INVALID_INPUT
knockout_winner: INVALID_INPUT
knockout_winner: INVALID_INPUT
knockout_winner: INVALID_INPUT
add_team: FAILURE
get_all_players_count: SUCCESS, 8
remove_team: FAILURE
get_num_played_games: SUCCESS, 7426
get_team_points: SUCCESS, 13442
add_team: FAILURE
add_team: FAILURE
add_player: FAILURE
get_all_players_count: SUCCESS, 17
add_player: FAILURE
get_all_players_count: SUCCESS, 6
get_all_players: SUCCESS
154
149
23
164
175
94
136
get_top_scorer: SUCCESS, 58
get_all_players_count: SUCCESS, 6
get_num_played_games: SUCCESS, 9413
update_player_stats: SUCCESS
get_num_played_games: SUCCESS, 14783
get_all_players: SUCCESS
105
165
190
124
62
129
161
10
69
unite_teams: FAILURE
get_team_points: SUCCESS, 10325
get_all_players_count: SUCCESS, 10
add_player: FAILURE
get_top_scorer: SUCCESS, 136
get_all_players_count: SUCCESS, 9
unite_teams: SUCCESS
knockout_winner: INVALID_INPUT
knockout_winner: INVALID_INPUT
knockout_winner: INVALID_INPUT
knockout_winner: INVALID_INPUT
knockout_winner: INVALID_INPUT
get_all_players: SUCCESS
89
51
80
126
200
138
185
159
181
128
get_num_played_games: SUCCESS, 9220
get_closest_player: SUCCESS, 94
unite_teams: FAILURE
get_all_players_count: SUCCESS, 9
get_closest_player: SUCCESS, 86
get_top_scorer: SUCCESS, 69
get_team_points: SUCCESS, 8850
knockout_winner: SUCCESS, 15
knockout_winner: SUCCESS, 15
knockout_winner: FAILURE
knockout_winner: SUCCESS, 17
knockout_winner: INVALID_INPUT
add_team: FAILURE
add_player: FAILURE
remove_player: SUCCESS
get_all_players_count: SUCCESS, 6
get_top_scorer: SUCCESS, 3
get_top_scorer: SUCCESS, 57
update_player_stats: SUCCESS
remove_player: SUCCESS
play_match: INVALID_INPUT
get_top_scorer: SUCCESS, 57
get_team_points: SUCCESS, 5227
get_num_played_games: SUCCESS, 3401
remove_team: FAILURE
get_top_scorer: SUCCESS, 3
get_all_players_count: SUCCESS, 9
knockout_winner: SUCCESS, 17
knockout_winner: SUCCESS, 15
knockout_winner: SUCCESS, 15
knockout_winner: FAILURE
knockout_winner: INVALID_INPUT
update_player_stats: SUCCESS
get_num_played_games: SUCCESS, 6607
add_team: FAILURE
get_num_played_games: SUCCESS, 3740
knockout_winner: INVALID_INPUT
knockout_winner: SUCCESS, 15
knockout_winner: INVALID_INPUT
knockout_winner: INVALID_INPUT
knockout_winner: INVALID_INPUT
add_team: FAILURE
play_match: FAILURE
add_team: FAILURE
add_player: FAILURE
get_closest_player: SUCCESS, 66
get_team_points: SUCCESS, 18209
get_all_players_count: SUCCESS, 13
unite_teams: SUCCESS
add_player: FAILURE
update_player_stats: SUCCESS
get_all_players_count: SUCCESS, 17
add_player: FAILURE
remove_team: FAILURE
update_player_stats: SUCCESS
get_num_played_games: SUCCESS, 1029
add_team: FAILURE
get_all_players_count: SUCCESS, 5
get_all_players: SUCCESS
91
155
101
133
197
109
117
145
150
186
31
162
140
37
20
103
118
187
116
147
121
24
64
3
add_player: FAILURE
get_top_scorer: SUCCESS, 136
add_team: FAILURE
get_top_scorer: SUCCESS, 33
get_top_scorer: SUCCESS, 53
get_num_played_games: SUCCESS, 2132
get_all_players_count: SUCCESS, 11
play_match: FAILURE
get_team_points: SUCCESS, 4898
knockout_winner: INVALID_INPUT
knockout_winner: INVALID_INPUT
knockout_winner: INVALID_INPUT
knockout_winner: INVALID_INPUT
knockout_winner: INVALID_INPUT
remove_team: FAILURE
play_match: FAILURE
play_match: SUCCESS
get_team_points: SUCCESS, 10325
get_num_played_games: SUCCESS, 8446
remove_player: SUCCESS
get_all_players_count: SUCCESS, 7
get_num_played_games: SUCCESS, 6510
get_closest_player: SUCCESS, 4
add_team: FAILURE
remove_player: SUCCESS
knockout_winner: SUCCESS, 8
knockout_winner: SUCCESS, 15
knockout_winner: SUCCESS, 2
knockout_winner: SUCCESS, 15
knockout_winner: INVALID_INPUT
get_team_points: SUCCESS, 10325
unite_teams: FAILURE
get_all_players_count: SUCCESS, 9
unite_teams: FAILURE
get_all_players_count: SUCCESS, 5
remove_player: SUCCESS
get_top_scorer: SUCCESS, 33
get_all_players_count: SUCCESS, 5
get_all_players: SUCCESS
41
141
152
167
47
14
9
67
73
59
53
get_top_scorer: SUCCESS, 53
add_team: FAILURE
play_match: FAILURE
add_player: FAILURE
remove_player: SUCCESS
remove_player: SUCCESS
update_player_stats: SUCCESS
get_closest_player: SUCCESS, 81
get_num_played_games: SUCCESS, 14738
remove_team: FAILURE
play_match: FAILURE
play_match: FAILURE
remove_team: FAILURE
remove_player: SUCCESS
unite_teams: FAILURE
get_team_points: SUCCESS, 9823
get_top_scorer: SUCCESS, 174
get_top_scorer: SUCCESS, 3
remove_team: FAILURE
get_team_points: SUCCESS, 13794
get_top_scorer: SUCCESS, 136
add_team: FAILURE
add_player: FAILURE
get_team_points: SUCCESS, 8062
get_num_played_games: SUCCESS, 11441
update_player_stats: SUCCESS
play_match: FAILURE
remove_player: SUCCESS
get_closest_player: SUCCESS, 127
add_team: FAILURE
get_all_players_count: SUCCESS, 6
get_all_players: SUCCESS
91
101
133
197
109
145
186
31
155
162
140
37
20
103
118
187
116
147
117
121
24
64
3
update_player_stats: SUCCESS
get_all_players_count: SUCCESS, 7
update_player_stats: SUCCESS
get_team_points: SUCCESS, 11647
add_player: FAILURE
get_num_played_games: SUCCESS, 3741
add_team: FAILURE
get_all_players: SUCCESS
192
160
122
199
18
remove_player: SUCCESS
unite_teams: FAILURE
get_all_players_count: SUCCESS, 6
add_team: FAILURE
get_all_players: SUCCESS
71
180
184
68
33
update_player_stats: SUCCESS
add_team: FAILURE
get_top_scorer: SUCCESS, 96
get_team_points: SUCCESS, 15599
add_team: FAILURE
get_all_players_count: SUCCESS, 10
remove_player: SUCCESS
remove_team: FAILURE
get_team_points: SUCCESS, 10752
update_player_stats: SUCCESS
remove_player: SUCCESS
get_all_players: SUCCESS
183
110
195
114
48
50
knockout_winner: FAILURE
knockout_winner: SUCCESS, 15
knockout_winner: FAILURE
knockout_winner: SUCCESS, 17
knockout_winner: INVALID_INPUT
get_all_players: SUCCESS
183
110
195
114
48
50
add_player: FAILURE
get_all_players: SUCCESS
137
176
15
131
188
55
75
28
58
remove_player: SUCCESS
get_team_points: SUCCESS, 13794
remove_team: FAILURE
get_all_players: SUCCESS
12
40
157
139
19
76
120
add_team: FAILURE
get_all_players_count: SUCCESS, 6
remove_player: SUCCESS
remove_player: SUCCESS
get_all_players_count: SUCCESS, 9
play_match: FAILURE
get_top_scorer: SUCCESS, 59
get_top_scorer: SUCCESS, 18
get_team_points: SUCCESS, 8062
get_team_points: SUCCESS, 15602
get_all_players: SUCCESS
166
8
74
85
198
43
170
7
156
45
38
13
add_team: FAILURE
get_num_played_games: SUCCESS, 11095
remove_player: SUCCESS
remove_team: FAILURE
get_team_points: SUCCESS, 11653
get_all_players_count: SUCCESS, 5
play_match: FAILURE
get_closest_player: SUCCESS, 89
add_player: FAILURE
get_num_played_games: SUCCESS, 2484
knockout_winner: SUCCESS, 8
knockout_winner: SUCCESS, 8
knockout_winner: FAILURE
knockout_winner: SUCCESS, 13
knockout_winner: INVALID_INPUT
play_match: FAILURE
remove_player: SUCCESS
get_num_played_games: SUCCESS, 19838
update_player_stats: SUCCESS
get_top_scorer: SUCCESS, 13
add_team: FAILURE
get_all_players: SUCCESS
89
80
126
200
138
159
181
128
51
get_all_players: SUCCESS
115
11
2
108
96
get_all_players: SUCCESS
41
141
152
167
47
14
9
67
73
53
59
add_player: FAILURE
update_player_stats: SUCCESS
update_player_stats: SUCCESS
remove_player: SUCCESS
get_all_players_count: SUCCESS, 5
get_team_points: SUCCESS, 15605
get_all_players_count: SUCCESS, 4
update_player_stats: SUCCESS
remove_team: FAILURE
remove_team: FAILURE
unite_teams: FAILURE
get_all_players_count: SUCCESS, 12
play_match: FAILURE
get_all_players: SUCCESS
91
101
133
197
109
186
31
155
162
140
37
20
103
118
187
116
147
117
121
24
64
3
remove_player: SUCCESS
unite_teams: FAILURE
get_all_players_count: SUCCESS, 5
get_closest_player: SUCCESS, 99
get_top_scorer: SUCCESS, 96
update_player_stats: SUCCESS
add_player: FAILURE
get_num_played_games: SUCCESS, 15258
add_team: FAILURE
get_closest_player: SUCCESS, 55
get_closest_player: SUCCESS, 7
get_all_players_count: SUCCESS, 5
knockout_winner: SUCCESS, 15
knockout_winner: SUCCESS, 15
knockout_winner: FAILURE
knockout_winner: FAILURE
knockout_winner: INVALID_INPUT
get_closest_player: SUCCESS, 170
get_team_points: SUCCESS, 11659
add_player: FAILURE
unite_teams: FAILURE
get_all_players_count: SUCCESS, 4
knockout_winner: SUCCESS, 2
knockout_winner: INVALID_INPUT
knockout_winner: INVALID_INPUT
knockout_winner: SUCCESS, 8
knockout_winner: INVALID_INPUT
get_all_players_count: SUCCESS, 9
get_num_played_games: SUCCESS, 7026
get_all_players: SUCCESS
137
176
15
131
188
55
75
28
58
update_player_stats: SUCCESS
get_team_points: SUCCESS, 10325
update_player_stats: SUCCESS
get_all_players_count: SUCCESS, 9
add_player: FAILURE
update_player_stats: SUCCESS
add_player: FAILURE
add_player: FAILURE
remove_team: FAILURE
get_closest_player: SUCCESS, 71
play_match: INVALID_INPUT
get_closest_player: SUCCESS, 190
get_closest_player: SUCCESS, 113
remove_team: FAILURE
remove_team: FAILURE
get_all_players: SUCCESS
166
8
74
198
43
170
7
45
156
38
85
13
unite_teams: FAILURE
remove_player: SUCCESS
get_all_players: SUCCESS
154
149
164
175
94
136
get_num_played_games: SUCCESS, 6112
get_all_players_count: SUCCESS, 9
get_team_points: SUCCESS, 9823
get_closest_player: SUCCESS, 48
unite_teams: FAILURE
play_match: FAILURE
update_player_stats: SUCCESS
get_all_players: SUCCESS
71
180
184
68
33
update_player_stats: SUCCESS
get_top_scorer: SUCCESS, 174
get_all_players_count: SUCCESS, 6
get_all_players: SUCCESS
169
178
191
42
56
unite_teams: INVALID_INPUT
update_player_stats: SUCCESS
get_num_played_games: SUCCESS, 14233
remove_team: FAILURE
get_team_points: SUCCESS, 8062
get_top_scorer: SUCCESS, 19
get_top_scorer: SUCCESS, 172
add_team: FAILURE
play_match: FAILURE
unite_teams: FAILURE
add_team: FAILURE
play_match: FAILURE
update_player_stats: SUCCESS
update_player_stats: SUCCESS
get_all_players: SUCCESS
115
11
2
108
96
get_all_players_count: SUCCESS, 6
knockout_winner: INVALID_INPUT
knockout_winner: INVALID_INPUT
knockout_winner: INVALID_INPUT
knockout_winner: INVALID_INPUT
knockout_winner: INVALID_INPUT
remove_player: SUCCESS
add_player: FAILURE
unite_teams: FAILURE
knockout_winner: SUCCESS, 8
knockout_winner: INVALID_INPUT
knockout_winner: INVALID_INPUT
knockout_winner: SUCCESS, 15
knockout_winner: INVALID_INPUT
remove_player: SUCCESS
get_num_played_games: SUCCESS, 9574
get_top_scorer: SUCCESS, 58
get_closest_player: SUCCESS, 70
play_match: FAILURE
play_match: FAILURE
remove_team: FAILURE
play_match: FAILURE
get_all_players_count: SUCCESS, 5
get_closest_player: SUCCESS, 180
knockout_winner: SUCCESS, 15
knockout_winner: SUCCESS, 15
knockout_winner: SUCCESS, 8
knockout_winner: SUCCESS, 15
knockout_winner: FAILURE
knockout_winner: SUCCESS, 8
knockout_winner: SUCCESS, 8
knockout_winner: FAILURE
knockout_winner: SUCCESS, 13
knockout_winner: INVALID_INPUT
add_team: FAILURE
unite_teams: SUCCESS
get_num_played_games: SUCCESS, 1330
get_closest_player: SUCCESS, 80
update_player_stats: SUCCESS
remove_team: FAILURE
knockout_winner: SUCCESS, 13
knockout_winner: SUCCESS, 15
knockout_winner: SUCCESS, 8
knockout_winner: SUCCESS, 17
knockout_winner: INVALID_INPUT
get_all_players_count: SUCCESS, 5
add_player: FAILURE
add_player: FAILURE
unite_teams: FAILURE
get_all_players: SUCCESS
12
40
157
139
76
120
19
add_player: FAILURE
get_team_points: SUCCESS, 13794
remove_player: SUCCESS
get_team_points: SUCCESS, 1732
get_closest_player: SUCCESS, 78
get_team_points: SUCCESS, 5227
unite_teams: FAILURE
add_team: FAILURE
get_all_players: SUCCESS
12
40
157
139
76
120
19
play_match: FAILURE
remove_team: FAILURE
get_all_players_count: SUCCESS, 16
get_num_played_games: SUCCESS, 10024
remove_player: SUCCESS
update_player_stats: SUCCESS
remove_player: SUCCESS
knockout_winner: INVALID_INPUT
knockout_winner: SUCCESS, 13
knockout_winner: INVALID_INPUT
knockout_winner: INVALID_INPUT
knockout_winner: INVALID_INPUT
knockout_winner: INVALID_INPUT
knockout_winner: SUCCESS, 2
knockout_winner: INVALID_INPUT
knockout_winner: INVALID_INPUT
knockout_winner: INVALID_INPUT
knockout_winner: SUCCESS, 13
knockout_winner: SUCCESS, 8
knockout_winner: SUCCESS, 8
knockout_winner: FAILURE
knockout_winner: INVALID_INPUT
play_match: FAILURE
add_player: FAILURE
add_team: FAILURE
add_team: FAILURE
remove_player: SUCCESS
get_num_played_games: SUCCESS, 19838
get_team_points: SUCCESS, 10752
unite_teams: FAILURE
update_player_stats: SUCCESS
add_team: FAILURE
get_top_scorer: SUCCESS, 59
add_team: FAILURE
get_num_played_games: SUCCESS, 5971
knockout_winner: SUCCESS, 20
knockout_winner: SUCCESS, 20
knockout_winner: SUCCESS, 13
knockout_winner: FAILURE
knockout_winner: INVALID_INPUT
remove_player: SUCCESS
play_match: FAILURE
play_match: FAILURE
remove_team: FAILURE
unite_teams: FAILURE
remove_player: SUCCESS
remove_team: FAILURE
get_team_points: SUCCESS, 18218
unite_teams: FAILURE
get_closest_player: SUCCESS, 174
knockout_winner: SUCCESS, 20
knockout_winner: SUCCESS, 20
knockout_winner: SUCCESS, 8
knockout_winner: SUCCESS, 20
knockout_winner: SUCCESS, 13
add_player: FAILURE
get_all_players_count: SUCCESS, 4
get_num_played_games: SUCCESS, 6477
get_closest_player: SUCCESS, 78
get_closest_player: SUCCESS, 85
knockout_winner: FAILURE
knockout_winner: SUCCESS, 20
knockout_winner: FAILURE
knockout_winner: SUCCESS, 20
knockout_winner: INVALID_INPUT
get_num_played_games: SUCCESS, 7026
remove_team: FAILURE
unite_teams: SUCCESS
unite_teams: FAILURE
play_match: FAILURE
get_top_scorer: SUCCESS, 58
update_player_stats: SUCCESS
remove_team: FAILURE
get_closest_player: SUCCESS, 108
knockout_winner: SUCCESS, 20
knockout_winner: SUCCESS, 20
knockout_winner: SUCCESS, 8
knockout_winner: SUCCESS, 20
knockout_winner: INVALID_INPUT
get_all_players_count: SUCCESS, 8
update_player_stats: SUCCESS
add_team: FAILURE
get_team_points: SUCCESS, 8062
get_all_players_count: SUCCESS, 14
get_num_played_games: SUCCESS, 8712
remove_player: SUCCESS
knockout_winner: INVALID_INPUT
knockout_winner: SUCCESS, 2
knockout_winner: INVALID_INPUT
knockout_winner: INVALID_INPUT
knockout_winner: INVALID_INPUT
add_player: FAILURE
add_team: FAILURE
play_match: FAILURE
add_player: FAILURE
unite_teams: FAILURE
knockout_winner: SUCCESS, 8
knockout_winner: SUCCESS, 8
knockout_winner: SUCCESS, 2
knockout_winner: SUCCESS, 14
knockout_winner: INVALID_INPUT
get_all_players: SUCCESS
71
180
184
68
33
play_match: FAILURE
remove_player: SUCCESS
remove_player: SUCCESS
remove_player: SUCCESS
remove_player: SUCCESS
remove_player: SUCCESS
remove_player: SUCCESS
remove_player: SUCCESS
remove_player: SUCCESS
remove_player: SUCCESS
remove_player: SUCCESS
remove_player: SUCCESS
remove_player: SUCCESS
remove_player: SUCCESS
remove_player: SUCCESS
remove_player: SUCCESS
remove_player: SUCCESS
remove_player: SUCCESS
remove_player: SUCCESS
remove_player: SUCCESS
remove_player: SUCCESS
remove_player: SUCCESS
remove_player: SUCCESS
remove_player: SUCCESS
remove_player: SUCCESS
remove_player: SUCCESS
remove_player: SUCCESS
remove_player: SUCCESS
remove_player: SUCCESS
remove_player: SUCCESS
remove_player: SUCCESS
remove_player: SUCCESS
remove_player: SUCCESS
remove_player: SUCCESS
remove_player: SUCCESS
remove_player: SUCCESS
remove_player: SUCCESS
remove_player: SUCCESS
remove_player: SUCCESS
remove_player: SUCCESS
remove_player: SUCCESS
remove_player: SUCCESS
remove_player: SUCCESS
remove_player: SUCCESS
remove_player: SUCCESS
remove_player: SUCCESS
remove_player: SUCCESS
remove_player: SUCCESS
remove_player: SUCCESS
remove_player: SUCCESS
remove_player: SUCCESS
remove_player: SUCCESS
remove_player: SUCCESS
remove_player: SUCCESS
remove_player: SUCCESS
remove_player: SUCCESS
remove_player: SUCCESS
remove_player: SUCCESS
remove_player: SUCCESS
remove_player: SUCCESS
remove_player: SUCCESS
remove_player: SUCCESS
remove_player: SUCCESS
remove_player: SUCCESS
remove_player: SUCCESS
remove_player: SUCCESS
remove_player: SUCCESS
remove_player: SUCCESS
remove_player: SUCCESS
remove_player: SUCCESS
remove_player: SUCCESS
remove_player: SUCCESS
remove_player: SUCCESS
remove_player: SUCCESS
remove_player: SUCCESS
remove_player: SUCCESS
remove_player: SUCCESS
remove_player: SUCCESS
remove_player: SUCCESS
remove_player: SUCCESS
remove_player: SUCCESS
remove_player: SUCCESS
remove_player: SUCCESS
remove_player: SUCCESS
remove_player: SUCCESS
remove_player: SUCCESS
remove_player: SUCCESS
remove_player: SUCCESS
remove_player: SUCCESS
remove_player: SUCCESS
remove_player: SUCCESS
remove_player: SUCCESS
remove_player: SUCCESS
remove_player: SUCCESS
remove_player: SUCCESS
remove_player: SUCCESS
remove_player: SUCCESS
remove_player: SUCCESS
remove_player: SUCCESS
remove_player: SUCCESS
remove_player: SUCCESS
remove_player: SUCCESS
remove_player: SUCCESS
remove_player: SUCCESS
remove_player: SUCCESS
remove_player: SUCCESS
remove_player: SUCCESS
remove_player: SUCCESS
remove_player: SUCCESS
remove_player: SUCCESS
remove_player: SUCCESS
remove_player: SUCCESS
remove_player: SUCCESS
remove_player: SUCCESS
remove_player: SUCCESS
remove_player: SUCCESS
remove_player: SUCCESS
remove_player: SUCCESS
remove_player: SUCCESS
remove_player: SUCCESS
remove_player: SUCCESS
remove_player: SUCCESS
remove_player: SUCCESS
remove_player: SUCCESS
remove_player: SUCCESS
remove_player: SUCCESS
remove_player: SUCCESS
remove_player: SUCCESS
remove_player: SUCCESS
remove_player: SUCCESS
remove_player: SUCCESS
remove_player: SUCCESS
remove_player: SUCCESS
remove_player: SUCCESS
remove_player: SUCCESS
remove_player: SUCCESS
remove_team: SUCCESS
remove_team: SUCCESS
remove_team: SUCCESS
remove_team: SUCCESS
remove_team: SUCCESS
remove_team: SUCCESS
remove_team: SUCCESS
remove_team: SUCCESS
remove_team: SUCCESS
remove_team: SUCCESS
remove_team: SUCCESS
remove_team: SUCCESS
remove_team: SUCCESS
remove_team: SUCCESS
