add_team: SUCCESS
add_team: SUCCESS
add_team: SUCCESS
add_team: SUCCESS
add_team: SUCCESS
add_team: SUCCESS
add_team: SUCCESS
add_team: SUCCESS
add_team: SUCCESS
add_team: SUCCESS
add_team: SUCCESS
add_team: SUCCESS
add_team: SUCCESS
add_team: SUCCESS
add_team: SUCCESS
add_team: SUCCESS
add_team: SUCCESS
add_team: SUCCESS
add_team: SUCCESS
add_team: SUCCESS
add_player: SUCCESS
add_player: SUCCESS
add_player: SUCCESS
add_player: SUCCESS
add_player: SUCCESS
add_player: SUCCESS
add_player: SUCCESS
add_player: SUCCESS
add_player: SUCCESS
add_player: SUCCESS
add_player: SUCCESS
add_player: SUCCESS
add_player: SUCCESS
add_player: SUCCESS
add_player: SUCCESS
add_player: SUCCESS
add_player: SUCCESS
add_player: SUCCESS
add_player: SUCCESS
add_player: SUCCESS
add_player: SUCCESS
add_player: SUCCESS
add_player: SUCCESS
add_player: SUCCESS
add_player: SUCCESS
add_player: SUCCESS
add_player: SUCCESS
add_player: SUCCESS
add_player: SUCCESS
add_player: SUCCESS
add_player: SUCCESS
add_player: SUCCESS
add_player: SUCCESS
add_player: SUCCESS
add_player: SUCCESS
add_player: SUCCESS
add_player: SUCCESS
add_player: SUCCESS
add_player: SUCCESS
add_player: SUCCESS
add_player: SUCCESS
add_player: SUCCESS
add_player: SUCCESS
add_player: SUCCESS
add_player: SUCCESS
add_player: SUCCESS
add_player: SUCCESS
add_player: SUCCESS
add_player: SUCCESS
add_player: SUCCESS
add_player: SUCCESS
add_player: SUCCESS
add_player: SUCCESS
add_player: SUCCESS
add_player: SUCCESS
add_player: SUCCESS
add_player: SUCCESS
add_player: SUCCESS
add_player: SUCCESS
add_player: SUCCESS
add_player: SUCCESS
add_player: SUCCESS
add_player: SUCCESS
add_player: SUCCESS
add_player: SUCCESS
add_player: SUCCESS
add_player: SUCCESS
add_player: SUCCESS
add_player: SUCCESS
add_player: SUCCESS
add_player: SUCCESS
add_player: SUCCESS
add_player: SUCCESS
add_player: SUCCESS
add_player: SUCCESS
add_player: SUCCESS
add_player: SUCCESS
add_player: SUCCESS
add_player: SUCCESS
add_player: SUCCESS
add_player: SUCCESS
add_player: SUCCESS
add_player: SUCCESS
add_player: SUCCESS
add_player: SUCCESS
add_player: SUCCESS
add_player: SUCCESS
add_player: SUCCESS
add_player: SUCCESS
add_player: SUCCESS
add_player: SUCCESS
add_player: SUCCESS
add_player: SUCCESS
add_player: SUCCESS
add_player: SUCCESS
add_player: SUCCESS
add_player: SUCCESS
add_player: SUCCESS
add_player: SUCCESS
add_player: SUCCESS
add_player: SUCCESS
add_player: SUCCESS
add_player: SUCCESS
add_player: SUCCESS
add_player: SUCCESS
add_player: SUCCESS
add_player: SUCCESS
add_player: SUCCESS
add_player: SUCCESS
add_player: SUCCESS
add_player: SUCCESS
add_player: SUCCESS
add_player: SUCCESS
add_player: SUCCESS
add_player: SUCCESS
add_player: SUCCESS
add_player: SUCCESS
add_player: SUCCESS
add_player: SUCCESS
add_player: SUCCESS
add_player: SUCCESS
add_player: SUCCESS
add_player: SUCCESS
add_player: SUCCESS
add_player: SUCCESS
add_player: SUCCESS
add_player: SUCCESS
add_player: SUCCESS
add_player: SUCCESS
add_player: SUCCESS
add_player: SUCCESS
add_player: SUCCESS
add_player: SUCCESS
add_player: SUCCESS
add_player: SUCCESS
add_player: SUCCESS
add_player: SUCCESS
add_player: SUCCESS
add_player: SUCCESS
add_player: SUCCESS
add_player: SUCCESS
add_player: SUCCESS
add_player: SUCCESS
add_player: SUCCESS
add_player: SUCCESS
add_player: SUCCESS
add_player: SUCCESS
add_player: SUCCESS
add_player: SUCCESS
add_player: SUCCESS
add_player: SUCCESS
add_player: SUCCESS
add_player: SUCCESS
add_player: SUCCESS
add_player: SUCCESS
add_player: SUCCESS
add_player: SUCCESS
add_player: SUCCESS
add_player: SUCCESS
add_player: SUCCESS
add_player: SUCCESS
add_player: SUCCESS
add_player: SUCCESS
add_player: SUCCESS
add_player: SUCCESS
add_player: SUCCESS
add_player: SUCCESS
add_player: SUCCESS
add_player: SUCCESS
add_player: SUCCESS
add_player: SUCCESS
add_player: SUCCESS
add_player: SUCCESS
add_player: SUCCESS
add_player: SUCCESS
add_player: SUCCESS
add_player: SUCCESS
add_player: SUCCESS
add_player: SUCCESS
add_player: SUCCESS
add_player: SUCCESS
add_player: SUCCESS
add_player: SUCCESS
add_player: SUCCESS
add_player: SUCCESS
add_player: SUCCESS
add_player: SUCCESS
add_player: SUCCESS
add_player: SUCCESS
add_player: SUCCESS
add_player: SUCCESS
add_player: SUCCESS
add_player: SUCCESS
add_player: SUCCESS
add_player: SUCCESS
add_player: SUCCESS
add_player: SUCCESS
add_player: SUCCESS
add_player: SUCCESS
add_player: SUCCESS
unite_teams: FAILURE
get_all_players: SUCCESS
85
78
113
170
6
103
186
124
102
34
40
play_match: SUCCESS
get_num_played_games: SUCCESS, 886
get_all_players: SUCCESS
92
27
33
189
116
152
127
5
68
112
31
get_all_players_count: SUCCESS, 12
play_match: INVALID_INPUT
get_top_scorer: SUCCESS, 41
get_team_points: SUCCESS, 9999
remove_player: SUCCESS
update_player_stats: SUCCESS
update_player_stats: SUCCESS
get_top_scorer: SUCCESS, 40
get_all_players_count: SUCCESS, 10
remove_team: FAILURE
get_all_players: SUCCESS
139
179
171
19
67
72
199
100
unite_teams: FAILURE
remove_team: FAILURE
knockout_winner: SUCCESS, 9
knockout_winner: INVALID_INPUT
knockout_winner: INVALID_INPUT
knockout_winner: SUCCESS, 9
knockout_winner: SUCCESS, 9
remove_player: SUCCESS
add_team: FAILURE
unite_teams: FAILURE
get_num_played_games: SUCCESS, 6961
play_match: SUCCESS
get_closest_player: SUCCESS, 106
get_all_players_count: SUCCESS, 8
update_player_stats: SUCCESS
add_team: FAILURE
add_player: FAILURE
remove_player: SUCCESS
add_team: FAILURE
get_closest_player: SUCCESS, 177
knockout_winner: SUCCESS, 9
knockout_winner: INVALID_INPUT
knockout_winner: INVALID_INPUT
knockout_winner: SUCCESS, 9
knockout_winner: SUCCESS, 9
update_player_stats: SUCCESS
remove_team: FAILURE
get_all_players: SUCCESS
104
38
62
28
93
43
47
133
126
64
135
180
182
41
get_closest_player: SUCCESS, 178
get_all_players_count: SUCCESS, 4
get_all_players: SUCCESS
45
21
169
61
145
32
30
14
39
130
144
60
54
46
24
89
49
get_team_points: SUCCESS, 4837
unite_teams: FAILURE
update_player_stats: SUCCESS
add_team: FAILURE
remove_team: FAILURE
update_player_stats: SUCCESS
get_num_played_games: SUCCESS, 7361
get_num_played_games: SUCCESS, 10807
remove_player: SUCCESS
get_all_players_count: SUCCESS, 10
unite_teams: FAILURE
knockout_winner: SUCCESS, 9
knockout_winner: SUCCESS, 9
knockout_winner: SUCCESS, 9
knockout_winner: SUCCESS, 17
knockout_winner: FAILURE
update_player_stats: SUCCESS
add_team: FAILURE
unite_teams: FAILURE
get_closest_player: SUCCESS, 64
get_closest_player: SUCCESS, 118
add_player: FAILURE
get_closest_player: SUCCESS, 117
unite_teams: FAILURE
play_match: INVALID_INPUT
get_all_players_count: SUCCESS, 8
remove_team: FAILURE
get_all_players: SUCCESS
104
38
62
28
93
47
133
126
64
135
180
182
41
knockout_winner: SUCCESS, 4
knockout_winner: INVALID_INPUT
knockout_winner: INVALID_INPUT
knockout_winner: SUCCESS, 9
knockout_winner: INVALID_INPUT
update_player_stats: SUCCESS
play_match: FAILURE
add_team: FAILURE
get_num_played_games: SUCCESS, 5246
get_num_played_games: SUCCESS, 11127
get_all_players_count: SUCCESS, 17
knockout_winner: SUCCESS, 10
knockout_winner: SUCCESS, 10
knockout_winner: SUCCESS, 10
knockout_winner: SUCCESS, 17
knockout_winner: INVALID_INPUT
get_all_players: SUCCESS
13
197
194
132
44
114
8
136
add_team: FAILURE
get_all_players_count: SUCCESS, 11
get_top_scorer: SUCCESS, 16
get_all_players_count: SUCCESS, 9
get_all_players: SUCCESS
101
159
63
95
192
82
4
12
get_team_points: SUCCESS, 7651
update_player_stats: SUCCESS
get_num_played_games: SUCCESS, 9133
get_closest_player: SUCCESS, 37
knockout_winner: SUCCESS, 9
knockout_winner: INVALID_INPUT
knockout_winner: INVALID_INPUT
knockout_winner: SUCCESS, 9
knockout_winner: SUCCESS, 9
remove_team: FAILURE
add_team: FAILURE
get_all_players: SUCCESS
142
183
129
58
143
187
200
193
147
109
108
update_player_stats: SUCCESS
get_team_points: SUCCESS, 7651
unite_teams: FAILURE
remove_team: FAILURE
add_team: FAILURE
get_all_players: SUCCESS
45
21
169
61
145
32
30
14
39
130
144
60
54
46
24
89
49
add_team: FAILURE
get_all_players: SUCCESS
51
110
98
87
164
140
add_team: FAILURE
add_team: FAILURE
get_all_players: SUCCESS
90
94
151
198
80
86
50
165
35
get_all_players: SUCCESS
83
188
167
23
178
84
174
74
26
121
18
69
117
16
get_top_scorer: SUCCESS, 19
update_player_stats: SUCCESS
unite_teams: FAILURE
play_match: FAILURE
add_team: FAILURE
get_top_scorer: SUCCESS, 16
remove_team: FAILURE
update_player_stats: SUCCESS
remove_player: SUCCESS
get_num_played_games: SUCCESS, 6183
remove_player: SUCCESS
play_match: FAILURE
knockout_winner: SUCCESS, 9
knockout_winner: SUCCESS, 4
knockout_winner: SUCCESS, 4
knockout_winner: SUCCESS, 10
knockout_winner: INVALID_INPUT
remove_team: FAILURE
get_num_played_games: SUCCESS, 6363
get_all_players: SUCCESS
139
179
171
67
72
199
100
19
update_player_stats: SUCCESS
knockout_winner: SUCCESS, 4
knockout_winner: INVALID_INPUT
knockout_winner: INVALID_INPUT
knockout_winner: SUCCESS, 9
knockout_winner: INVALID_INPUT
knockout_winner: SUCCESS, 17
knockout_winner: SUCCESS, 11
knockout_winner: SUCCESS, 11
knockout_winner: FAILURE
knockout_winner: INVALID_INPUT
get_num_played_games: SUCCESS, 5121
get_closest_player: SUCCESS, 110
update_player_stats: SUCCESS
update_player_stats: SUCCESS
get_top_scorer: SUCCESS, 70
get_all_players: SUCCESS
88
163
99
107
185
156
3
119
118
remove_player: SUCCESS
play_match: FAILURE
add_team: FAILURE
remove_player: SUCCESS
get_closest_player: SUCCESS, 155
get_closest_player: SUCCESS, 158
add_team: FAILURE
knockout_winner: SUCCESS, 17
knockout_winner: SUCCESS, 17
knockout_winner: SUCCESS, 12
knockout_winner: FAILURE
knockout_winner: INVALID_INPUT
get_all_players: SUCCESS
184
190
1
153
73
53
97
update_player_stats: SUCCESS
remove_team: FAILURE
get_num_played_games: SUCCESS, 5795
get_team_points: SUCCESS, 4770
knockout_winner: FAILURE
knockout_winner: SUCCESS, 9
knockout_winner: SUCCESS, 9
knockout_winner: FAILURE
knockout_winner: INVALID_INPUT
get_all_players: SUCCESS
101
159
63
192
82
4
12
remove_player: SUCCESS
remove_player: SUCCESS
play_match: FAILURE
remove_player: SUCCESS
get_top_scorer: SUCCESS, 140
add_team: FAILURE
knockout_winner: SUCCESS, 4
knockout_winner: INVALID_INPUT
knockout_winner: INVALID_INPUT
knockout_winner: SUCCESS, 9
knockout_winner: INVALID_INPUT
play_match: FAILURE
unite_teams: INVALID_INPUT
get_all_players: SUCCESS
51
110
98
87
164
140
unite_teams: FAILURE
add_team: FAILURE
unite_teams: INVALID_INPUT
knockout_winner: SUCCESS, 9
knockout_winner: SUCCESS, 4
knockout_winner: SUCCESS, 4
knockout_winner: SUCCESS, 12
knockout_winner: INVALID_INPUT
get_closest_player: SUCCESS, 154
knockout_winner: SUCCESS, 4
knockout_winner: INVALID_INPUT
knockout_winner: INVALID_INPUT
knockout_winner: SUCCESS, 9
knockout_winner: INVALID_INPUT
get_num_played_games: SUCCESS, 10084
remove_team: FAILURE
get_all_players_count: SUCCESS, 6
knockout_winner: SUCCESS, 20
knockout_winner: SUCCESS, 17
knockout_winner: FAILURE
knockout_winner: FAILURE
knockout_winner: INVALID_INPUT
get_team_points: SUCCESS, 732
get_all_players: SUCCESS
141
75
105
125
59
177
181
195
get_all_players: SUCCESS
83
188
167
23
178
84
174
74
26
121
18
117
16
get_all_players_count: SUCCESS, 7
get_all_players_count: SUCCESS, 11
knockout_winner: SUCCESS, 20
knockout_winner: SUCCESS, 17
knockout_winner: FAILURE
knockout_winner: FAILURE
knockout_winner: INVALID_INPUT
remove_team: FAILURE
get_all_players: SUCCESS
191
131
166
115
134
15
123
get_team_points: SUCCESS, 9999
add_team: FAILURE
remove_team: FAILURE
play_match: FAILURE
unite_teams: INVALID_INPUT
get_top_scorer: SUCCESS, 36
get_team_points: SUCCESS, 11406
update_player_stats: SUCCESS
update_player_stats: SUCCESS
get_team_points: SUCCESS, 9999
knockout_winner: SUCCESS, 9
knockout_winner: SUCCESS, 4
knockout_winner: SUCCESS, 4
knockout_winner: SUCCESS, 17
knockout_winner: FAILURE
remove_player: SUCCESS
get_closest_player: SUCCESS, 123
get_num_played_games: SUCCESS, 6044
get_top_scorer: SUCCESS, 20
unite_teams: FAILURE
get_closest_player: SUCCESS, 115
play_match: FAILURE
knockout_winner: FAILURE
knockout_winner: SUCCESS, 9
knockout_winner: SUCCESS, 9
knockout_winner: SUCCESS, 20
knockout_winner: INVALID_INPUT
get_num_played_games: SUCCESS, 1880
update_player_stats: SUCCESS
knockout_winner: SUCCESS, 9
knockout_winner: INVALID_INPUT
knockout_winner: INVALID_INPUT
knockout_winner: SUCCESS, 9
knockout_winner: SUCCESS, 9
get_closest_player: SUCCESS, 145
unite_teams: FAILURE
get_num_played_games: SUCCESS, 20816
get_team_points: SUCCESS, 1983
play_match: FAILURE
add_player: FAILURE
get_num_played_games: SUCCESS, 8443
unite_teams: FAILURE
get_num_played_games: SUCCESS, 8533
remove_player: SUCCESS
remove_team: FAILURE
add_player: FAILURE
update_player_stats: SUCCESS
remove_player: SUCCESS
knockout_winner: SUCCESS, 11
knockout_winner: SUCCESS, 11
knockout_winner: SUCCESS, 11
knockout_winner: SUCCESS, 17
knockout_winner: INVALID_INPUT
remove_player: SUCCESS
remove_player: SUCCESS
remove_player: SUCCESS
knockout_winner: SUCCESS, 17
knockout_winner: SUCCESS, 9
knockout_winner: SUCCESS, 9
knockout_winner: SUCCESS, 20
knockout_winner: INVALID_INPUT
get_all_players_count: SUCCESS, 15
get_top_scorer: SUCCESS, 49
remove_player: SUCCESS
remove_player: SUCCESS
update_player_stats: SUCCESS
remove_team: FAILURE
get_top_scorer: SUCCESS, 91
get_all_players_count: SUCCESS, 3
remove_team: FAILURE
remove_team: FAILURE
get_team_points: SUCCESS, 4837
get_num_played_games: SUCCESS, 5737
play_match: FAILURE
knockout_winner: SUCCESS, 17
knockout_winner: SUCCESS, 9
knockout_winner: SUCCESS, 9
knockout_winner: SUCCESS, 20
knockout_winner: INVALID_INPUT
add_player: FAILURE
get_all_players: SUCCESS
88
163
99
107
185
156
3
119
118
add_player: FAILURE
remove_player: SUCCESS
add_player: FAILURE
get_all_players: SUCCESS
122
157
37
137
11
150
7
175
96
91
get_team_points: SUCCESS, 9955
play_match: FAILURE
get_team_points: SUCCESS, 4320
add_player: FAILURE
get_num_played_games: SUCCESS, 6098
update_player_stats: SUCCESS
get_all_players_count: SUCCESS, 11
get_team_points: SUCCESS, 732
get_closest_player: SUCCESS, 6
get_all_players_count: SUCCESS, 8
knockout_winner: FAILURE
knockout_winner: SUCCESS, 9
knockout_winner: SUCCESS, 9
knockout_winner: SUCCESS, 20
knockout_winner: INVALID_INPUT
add_player: FAILURE
update_player_stats: SUCCESS
get_all_players: SUCCESS
55
128
162
161
17
148
48
20
play_match: FAILURE
knockout_winner: SUCCESS, 9
knockout_winner: SUCCESS, 4
knockout_winner: SUCCESS, 4
knockout_winner: FAILURE
knockout_winner: INVALID_INPUT
get_num_played_games: SUCCESS, 4645
get_top_scorer: SUCCESS, 118
get_closest_player: SUCCESS, 1
knockout_winner: SUCCESS, 9
knockout_winner: SUCCESS, 4
knockout_winner: SUCCESS, 4
knockout_winner: SUCCESS, 17
knockout_winner: SUCCESS, 12
get_closest_player: SUCCESS, 171
get_all_players_count: SUCCESS, 13
remove_player: SUCCESS
get_all_players: SUCCESS
83
188
167
23
178
84
174
74
26
121
18
117
16
add_player: FAILURE
get_all_players: SUCCESS
141
105
125
59
177
75
181
195
get_top_scorer: SUCCESS, 40
get_closest_player: SUCCESS, 90
update_player_stats: SUCCESS
get_all_players: SUCCESS
139
179
171
67
72
199
100
19
add_team: FAILURE
get_all_players: SUCCESS
83
188
167
23
178
84
174
74
26
121
18
117
16
play_match: FAILURE
update_player_stats: SUCCESS
add_team: FAILURE
get_top_scorer: SUCCESS, 47
knockout_winner: FAILURE
knockout_winner: SUCCESS, 9
knockout_winner: SUCCESS, 9
knockout_winner: FAILURE
knockout_winner: INVALID_INPUT
unite_teams: FAILURE
update_player_stats: SUCCESS
unite_teams: FAILURE
get_all_players_count: SUCCESS, 7
get_num_played_games: SUCCESS, 4149
update_player_stats: SUCCESS
add_team: FAILURE
get_top_scorer: SUCCESS, 19
get_num_played_games: SUCCESS, 10758
get_closest_player: SUCCESS, 182
get_all_players: SUCCESS
184
1
153
73
53
190
97
get_num_played_games: SUCCESS, 11401
play_match: FAILURE
update_player_stats: SUCCESS
remove_player: SUCCESS
get_all_players_count: SUCCESS, 7
update_player_stats: SUCCESS
update_player_stats: SUCCESS
get_all_players_count: SUCCESS, 9
get_num_played_games: SUCCESS, 9740
add_team: FAILURE
update_player_stats: SUCCESS
get_team_points: SUCCESS, 666
add_player: FAILURE
remove_player: SUCCESS
get_top_scorer: SUCCESS, 97
remove_player: SUCCESS
update_player_stats: SUCCESS
get_all_players_count: SUCCESS, 9
add_team: FAILURE
update_player_stats: SUCCESS
add_player: FAILURE
play_match: FAILURE
unite_teams: FAILURE
unite_teams: FAILURE
get_closest_player: SUCCESS, 6
unite_teams: FAILURE
add_player: FAILURE
play_match: FAILURE
remove_player: SUCCESS
update_player_stats: SUCCESS
remove_player: SUCCESS
get_all_players: SUCCESS
139
179
171
67
72
199
100
19
remove_player: SUCCESS
remove_team: FAILURE
get_all_players_count: SUCCESS, 11
get_all_players_count: SUCCESS, 11
knockout_winner: SUCCESS, 4
knockout_winner: INVALID_INPUT
knockout_winner: INVALID_INPUT
knockout_winner: SUCCESS, 9
knockout_winner: SUCCESS, 9
remove_player: SUCCESS
knockout_winner: FAILURE
knockout_winner: SUCCESS, 9
knockout_winner: FAILURE
knockout_winner: SUCCESS, 17
knockout_winner: INVALID_INPUT
add_team: FAILURE
update_player_stats: SUCCESS
add_player: FAILURE
remove_player: SUCCESS
get_num_played_games: SUCCESS, 11319
add_team: FAILURE
remove_player: SUCCESS
get_all_players_count: SUCCESS, 7
get_closest_player: SUCCESS, 112
remove_team: FAILURE
remove_player: SUCCESS
remove_team: FAILURE
add_player: FAILURE
knockout_winner: SUCCESS, 4
knockout_winner: INVALID_INPUT
knockout_winner: INVALID_INPUT
knockout_winner: SUCCESS, 9
knockout_winner: INVALID_INPUT
get_top_scorer: SUCCESS, 114
get_closest_player: SUCCESS, 44
update_player_stats: SUCCESS
get_team_points: SUCCESS, 666
get_all_players_count: SUCCESS, 5
knockout_winner: SUCCESS, 17
knockout_winner: SUCCESS, 9
knockout_winner: SUCCESS, 9
knockout_winner: SUCCESS, 20
knockout_winner: INVALID_INPUT
get_all_players_count: SUCCESS, 9
get_team_points: SUCCESS, 2562
get_num_played_games: SUCCESS, 213
get_all_players_count: SUCCESS, 5
get_all_players_count: SUCCESS, 7
knockout_winner: SUCCESS, 4
knockout_winner: INVALID_INPUT
knockout_winner: INVALID_INPUT
knockout_winner: SUCCESS, 9
knockout_winner: SUCCESS, 9
play_match: FAILURE
get_all_players_count: SUCCESS, 10
remove_player: SUCCESS
unite_teams: FAILURE
knockout_winner: SUCCESS, 9
knockout_winner: SUCCESS, 4
knockout_winner: SUCCESS, 4
knockout_winner: SUCCESS, 17
knockout_winner: INVALID_INPUT
update_player_stats: SUCCESS
unite_teams: FAILURE
update_player_stats: SUCCESS
get_top_scorer: SUCCESS, 68
knockout_winner: FAILURE
knockout_winner: SUCCESS, 17
knockout_winner: FAILURE
knockout_winner: FAILURE
knockout_winner: INVALID_INPUT
knockout_winner: SUCCESS, 20
knockout_winner: SUCCESS, 17
knockout_winner: FAILURE
knockout_winner: FAILURE
knockout_winner: INVALID_INPUT
knockout_winner: FAILURE
knockout_winner: SUCCESS, 17
knockout_winner: SUCCESS, 9
knockout_winner: SUCCESS, 20
knockout_winner: INVALID_INPUT
add_player: FAILURE
remove_team: FAILURE
add_player: FAILURE
get_top_scorer: SUCCESS, 10
play_match: FAILURE
remove_player: SUCCESS
remove_team: FAILURE
get_top_scorer: SUCCESS, 108
play_match: FAILURE
get_all_players_count: SUCCESS, 8
get_closest_player: SUCCESS, 3
knockout_winner: FAILURE
knockout_winner: SUCCESS, 17
knockout_winner: SUCCESS, 9
knockout_winner: SUCCESS, 20
knockout_winner: INVALID_INPUT
get_closest_player: SUCCESS, 134
get_all_players: SUCCESS
139
179
171
67
100
19
get_all_players: SUCCESS
55
161
17
148
48
20
remove_player: SUCCESS
play_match: FAILURE
get_all_players: SUCCESS
90
94
151
198
80
86
50
165
35
add_player: FAILURE
add_player: FAILURE
get_team_points: SUCCESS, 728
get_all_players: SUCCESS
83
188
167
178
84
174
74
26
121
18
117
16
play_match: FAILURE
add_team: FAILURE
update_player_stats: SUCCESS
update_player_stats: SUCCESS
get_all_players_count: SUCCESS, 10
get_all_players_count: SUCCESS, 11
get_num_played_games: SUCCESS, 224
get_all_players: SUCCESS
88
163
99
107
185
3
119
118
update_player_stats: SUCCESS
get_all_players_count: SUCCESS, 10
update_player_stats: SUCCESS
unite_teams: FAILURE
add_team: FAILURE
get_closest_player: SUCCESS, 140
get_all_players: SUCCESS
51
98
87
164
140
get_num_played_games: SUCCESS, 9370
knockout_winner: SUCCESS, 17
knockout_winner: SUCCESS, 17
knockout_winner: FAILURE
knockout_winner: FAILURE
knockout_winner: INVALID_INPUT
knockout_winner: FAILURE
knockout_winner: SUCCESS, 4
knockout_winner: FAILURE
knockout_winner: FAILURE
knockout_winner: INVALID_INPUT
update_player_stats: SUCCESS
get_top_scorer: SUCCESS, 97
update_player_stats: SUCCESS
play_match: FAILURE
remove_team: FAILURE
remove_team: FAILURE
get_all_players: SUCCESS
51
98
87
164
140
get_closest_player: SUCCESS, 35
remove_team: FAILURE
get_all_players_count: SUCCESS, 5
get_team_points: SUCCESS, 4837
get_team_points: SUCCESS, 10484
get_top_scorer: SUCCESS, 47
get_closest_player: SUCCESS, 137
play_match: FAILURE
add_player: FAILURE
add_player: FAILURE
update_player_stats: SUCCESS
add_player: FAILURE
get_all_players: SUCCESS
55
161
17
148
48
20
add_team: FAILURE
get_closest_player: SUCCESS, 131
get_num_played_games: SUCCESS, 10807
unite_teams: SUCCESS
get_top_scorer: SUCCESS, 47
get_top_scorer: SUCCESS, 16
unite_teams: FAILURE
remove_player: SUCCESS
get_top_scorer: SUCCESS, 108
get_all_players: SUCCESS
142
129
143
187
200
58
193
147
109
183
108
get_num_played_games: SUCCESS, 20229
get_num_played_games: SUCCESS, 2150
remove_player: SUCCESS
get_all_players: SUCCESS
170
6
103
85
124
186
102
78
40
113
add_player: FAILURE
get_top_scorer: SUCCESS, 123
get_team_points: SUCCESS, 22154
unite_teams: FAILURE
get_team_points: SUCCESS, 293
get_num_played_games: SUCCESS, 8935
unite_teams: FAILURE
get_top_scorer: SUCCESS, 12
knockout_winner: SUCCESS, 17
knockout_winner: SUCCESS, 10
knockout_winner: SUCCESS, 10
knockout_winner: SUCCESS, 17
knockout_winner: INVALID_INPUT
remove_player: SUCCESS
get_team_points: SUCCESS, 4837
add_player: FAILURE
play_match: FAILURE
play_match: FAILURE
get_top_scorer: SUCCESS, 12
get_all_players: SUCCESS
90
94
151
198
80
86
50
165
35
remove_team: FAILURE
remove_team: FAILURE
get_num_played_games: SUCCESS, 10723
remove_team: FAILURE
get_num_played_games: SUCCESS, 3780
get_num_played_games: SUCCESS, 2202
remove_team: FAILURE
get_num_played_games: SUCCESS, 5096
remove_player: SUCCESS
knockout_winner: FAILURE
knockout_winner: SUCCESS, 10
knockout_winner: SUCCESS, 9
knockout_winner: SUCCESS, 17
knockout_winner: INVALID_INPUT
get_num_played_games: SUCCESS, 8443
unite_teams: FAILURE
get_top_scorer: SUCCESS, 113
remove_player: SUCCESS
remove_team: FAILURE
play_match: FAILURE
add_player: FAILURE
knockout_winner: INVALID_INPUT
knockout_winner: FAILURE
knockout_winner: INVALID_INPUT
knockout_winner: INVALID_INPUT
knockout_winner: INVALID_INPUT
get_all_players: SUCCESS
51
98
87
164
140
get_all_players_count: SUCCESS, 15
add_player: FAILURE
get_team_points: SUCCESS, 9999
update_player_stats: SUCCESS
add_team: FAILURE
get_closest_player: SUCCESS, 147
remove_team: FAILURE
unite_teams: FAILURE
add_player: FAILURE
get_top_scorer: SUCCESS, 179
update_player_stats: SUCCESS
update_player_stats: SUCCESS
unite_teams: FAILURE
get_num_played_games: SUCCESS, 4980
remove_player: SUCCESS
get_all_players_count: SUCCESS, 6
knockout_winner: INVALID_INPUT
knockout_winner: FAILURE
knockout_winner: INVALID_INPUT
knockout_winner: INVALID_INPUT
knockout_winner: INVALID_INPUT
get_all_players_count: SUCCESS, 3
get_all_players: SUCCESS
76
52
36
get_num_played_games: SUCCESS, 4158
get_num_played_games: SUCCESS, 21255
remove_team: FAILURE
add_team: FAILURE
play_match: FAILURE
update_player_stats: SUCCESS
unite_teams: FAILURE
remove_team: FAILURE
get_num_played_games: SUCCESS, 4980
add_player: FAILURE
update_player_stats: SUCCESS
get_all_players_count: SUCCESS, 6
update_player_stats: SUCCESS
knockout_winner: FAILURE
knockout_winner: SUCCESS, 17
knockout_winner: FAILURE
knockout_winner: FAILURE
knockout_winner: INVALID_INPUT
add_team: FAILURE
get_closest_player: SUCCESS, 147
get_team_points: SUCCESS, 22154
unite_teams: FAILURE
add_team: FAILURE
get_num_played_games: SUCCESS, 11319
remove_player: SUCCESS
get_team_points: SUCCESS, 4837
get_team_points: SUCCESS, 4096
add_player: FAILURE
remove_team: FAILURE
remove_player: SUCCESS
remove_player: SUCCESS
get_num_played_games: SUCCESS, 7975
get_num_played_games: SUCCESS, 3838
remove_team: FAILURE
get_num_played_games: SUCCESS, 10634
get_team_points: SUCCESS, 2562
get_team_points: SUCCESS, 4096
get_all_players: SUCCESS
170
6
103
85
124
186
102
78
40
113
get_all_players_count: SUCCESS, 11
get_all_players_count: SUCCESS, 3
add_team: FAILURE
get_top_scorer: SUCCESS, 108
knockout_winner: SUCCESS, 17
knockout_winner: SUCCESS, 4
knockout_winner: SUCCESS, 4
knockout_winner: SUCCESS, 17
knockout_winner: FAILURE
add_team: FAILURE
unite_teams: FAILURE
add_team: FAILURE
update_player_stats: SUCCESS
knockout_winner: SUCCESS, 10
knockout_winner: SUCCESS, 4
knockout_winner: SUCCESS, 4
knockout_winner: SUCCESS, 10
knockout_winner: INVALID_INPUT
update_player_stats: SUCCESS
remove_team: FAILURE
get_num_played_games: SUCCESS, 8794
remove_player: SUCCESS
unite_teams: FAILURE
add_player: FAILURE
get_num_played_games: SUCCESS, 1354
knockout_winner: SUCCESS, 4
knockout_winner: INVALID_INPUT
knockout_winner: INVALID_INPUT
knockout_winner: SUCCESS, 17
knockout_winner: FAILURE
remove_team: FAILURE
get_num_played_games: SUCCESS, 12594
add_player: FAILURE
remove_team: FAILURE
remove_team: FAILURE
add_player: FAILURE
remove_team: FAILURE
get_all_players_count: SUCCESS, 5
get_all_players: SUCCESS
101
192
82
4
12
remove_player: SUCCESS
get_closest_player: SUCCESS, 28
remove_team: FAILURE
knockout_winner: SUCCESS, 10
knockout_winner: SUCCESS, 10
knockout_winner: SUCCESS, 5
knockout_winner: FAILURE
knockout_winner: INVALID_INPUT
add_player: FAILURE
get_all_players: SUCCESS
143
187
200
58
193
147
109
183
108
remove_player: SUCCESS
add_player: FAILURE
remove_team: FAILURE
get_all_players_count: SUCCESS, 5
knockout_winner: SUCCESS, 9
knockout_winner: SUCCESS, 4
knockout_winner: SUCCESS, 4
knockout_winner: SUCCESS, 17
knockout_winner: INVALID_INPUT
get_closest_player: SUCCESS, 88
knockout_winner: SUCCESS, 9
knockout_winner: SUCCESS, 4
knockout_winner: SUCCESS, 4
knockout_winner: SUCCESS, 17
knockout_winner: INVALID_INPUT
unite_teams: FAILURE
get_all_players: SUCCESS
157
37
11
150
175
91
get_num_played_games: SUCCESS, 7764
get_num_played_games: SUCCESS, 5246
get_closest_player: SUCCESS, 90
get_top_scorer: SUCCESS, 60
knockout_winner: SUCCESS, 17
knockout_winner: SUCCESS, 17
knockout_winner: SUCCESS, 9
knockout_winner: FAILURE
knockout_winner: INVALID_INPUT
get_num_played_games: SUCCESS, 21255
get_closest_player: SUCCESS, 33
knockout_winner: SUCCESS, 17
knockout_winner: SUCCESS, 4
knockout_winner: SUCCESS, 4
knockout_winner: SUCCESS, 17
knockout_winner: FAILURE
get_num_played_games: SUCCESS, 6044
add_team: FAILURE
get_team_points: SUCCESS, 9999
get_num_played_games: SUCCESS, 10735
remove_player: SUCCESS
remove_player: SUCCESS
remove_player: SUCCESS
get_closest_player: SUCCESS, 115
update_player_stats: SUCCESS
play_match: FAILURE
get_all_players: SUCCESS
92
33
189
116
27
152
127
112
31
5
68
get_num_played_games: SUCCESS, 5096
get_closest_player: SUCCESS, 84
play_match: FAILURE
remove_player: SUCCESS
play_match: FAILURE
get_closest_player: SUCCESS, 84
add_team: FAILURE
play_match: FAILURE
update_player_stats: SUCCESS
unite_teams: FAILURE
unite_teams: FAILURE
get_team_points: SUCCESS, 4770
unite_teams: FAILURE
get_closest_player: SUCCESS, 64
get_team_points: SUCCESS, 728
get_closest_player: SUCCESS, 17
update_player_stats: SUCCESS
get_all_players: SUCCESS
143
187
200
58
193
147
109
183
108
get_all_players_count: SUCCESS, 5
get_team_points: SUCCESS, 4320
add_player: FAILURE
update_player_stats: SUCCESS
remove_team: FAILURE
remove_player: SUCCESS
remove_player: SUCCESS
play_match: FAILURE
remove_player: SUCCESS
get_closest_player: SUCCESS, 6
get_closest_player: SUCCESS, 36
get_num_played_games: SUCCESS, 9370
get_num_played_games: SUCCESS, 8545
get_closest_player: SUCCESS, 13
update_player_stats: SUCCESS
unite_teams: FAILURE
remove_player: SUCCESS
update_player_stats: SUCCESS
get_all_players_count: SUCCESS, 9
get_top_scorer: SUCCESS, 68
add_player: FAILURE
knockout_winner: FAILURE
knockout_winner: SUCCESS, 17
knockout_winner: FAILURE
knockout_winner: SUCCESS, 17
knockout_winner: INVALID_INPUT
play_match: FAILURE
remove_player: SUCCESS
get_all_players_count: SUCCESS, 11
get_num_played_games: SUCCESS, 8449
get_all_players: SUCCESS
170
6
103
124
186
102
78
40
113
get_all_players: SUCCESS
83
188
167
84
174
74
26
121
18
117
16
knockout_winner: SUCCESS, 17
knockout_winner: SUCCESS, 17
knockout_winner: FAILURE
knockout_winner: FAILURE
knockout_winner: INVALID_INPUT
play_match: FAILURE
get_closest_player: SUCCESS, 9
get_closest_player: SUCCESS, 88
get_closest_player: SUCCESS, 139
get_all_players_count: SUCCESS, 5
update_player_stats: SUCCESS
add_team: FAILURE
update_player_stats: SUCCESS
get_num_played_games: SUCCESS, 2471
get_num_played_games: SUCCESS, 9740
unite_teams: FAILURE
get_num_played_games: SUCCESS, 5795
remove_player: SUCCESS
get_num_played_games: SUCCESS, 7872
add_player: FAILURE
get_closest_player: SUCCESS, 90
get_top_scorer: SUCCESS, 118
knockout_winner: SUCCESS, 10
knockout_winner: SUCCESS, 4
knockout_winner: SUCCESS, 4
knockout_winner: SUCCESS, 17
knockout_winner: INVALID_INPUT
play_match: FAILURE
unite_teams: FAILURE
get_all_players_count: SUCCESS, 9
get_all_players_count: SUCCESS, 8
add_team: FAILURE
play_match: FAILURE
get_all_players_count: SUCCESS, 11
get_num_played_games: SUCCESS, 657
remove_team: FAILURE
get_top_scorer: SUCCESS, 64
get_all_players: SUCCESS
101
192
82
4
12
play_match: FAILURE
remove_player: SUCCESS
get_all_players_count: SUCCESS, 6
get_num_played_games: SUCCESS, 213
play_match: INVALID_INPUT
get_num_played_games: SUCCESS, 1354
knockout_winner: FAILURE
knockout_winner: INVALID_INPUT
knockout_winner: INVALID_INPUT
knockout_winner: SUCCESS, 9
knockout_winner: INVALID_INPUT
remove_team: FAILURE
knockout_winner: SUCCESS, 17
knockout_winner: SUCCESS, 17
knockout_winner: FAILURE
knockout_winner: FAILURE
knockout_winner: INVALID_INPUT
get_team_points: SUCCESS, 22154
play_match: INVALID_INPUT
get_all_players_count: SUCCESS, 11
update_player_stats: SUCCESS
get_all_players_count: SUCCESS, 6
remove_player: SUCCESS
add_team: FAILURE
get_closest_player: SUCCESS, 161
get_top_scorer: SUCCESS, 140
remove_player: SUCCESS
get_num_played_games: SUCCESS, 5807
get_closest_player: SUCCESS, 33
get_top_scorer: SUCCESS, 179
unite_teams: FAILURE
get_num_played_games: SUCCESS, 30253
get_all_players_count: SUCCESS, 3
get_num_played_games: SUCCESS, 5387
update_player_stats: SUCCESS
knockout_winner: SUCCESS, 17
knockout_winner: SUCCESS, 10
knockout_winner: SUCCESS, 10
knockout_winner: SUCCESS, 17
knockout_winner: FAILURE
remove_player: SUCCESS
knockout_winner: FAILURE
knockout_winner: SUCCESS, 17
knockout_winner: FAILURE
knockout_winner: FAILURE
knockout_winner: INVALID_INPUT
get_num_played_games: SUCCESS, 2150
play_match: SUCCESS
get_all_players: SUCCESS
71
158
57
81
10
play_match: FAILURE
remove_player: SUCCESS
play_match: FAILURE
update_player_stats: SUCCESS
unite_teams: SUCCESS
knockout_winner: SUCCESS, 17
knockout_winner: SUCCESS, 17
knockout_winner: SUCCESS, 10
knockout_winner: SUCCESS, 17
knockout_winner: INVALID_INPUT
add_team: FAILURE
remove_team: FAILURE
get_closest_player: SUCCESS, 167
get_team_points: SUCCESS, 2562
get_team_points: SUCCESS, 22157
remove_player: SUCCESS
add_player: FAILURE
unite_teams: SUCCESS
remove_player: SUCCESS
unite_teams: FAILURE
get_team_points: SUCCESS, 11406
get_top_scorer: SUCCESS, 68
unite_teams: INVALID_INPUT
remove_player: SUCCESS
remove_player: SUCCESS
add_team: FAILURE
get_all_players: SUCCESS
153
73
53
190
97
1
remove_player: SUCCESS
knockout_winner: FAILURE
knockout_winner: SUCCESS, 17
knockout_winner: SUCCESS, 7
knockout_winner: SUCCESS, 17
knockout_winner: INVALID_INPUT
play_match: FAILURE
update_player_stats: SUCCESS
play_match: FAILURE
remove_player: SUCCESS
remove_team: FAILURE
get_top_scorer: SUCCESS, 20
get_team_points: SUCCESS, 1983
play_match: FAILURE
remove_player: SUCCESS
get_closest_player: SUCCESS, 157
knockout_winner: FAILURE
knockout_winner: SUCCESS, 17
knockout_winner: SUCCESS, 10
knockout_winner: SUCCESS, 17
knockout_winner: INVALID_INPUT
remove_team: FAILURE
get_team_points: SUCCESS, 11484
get_all_players: SUCCESS
153
73
53
190
97
1
get_closest_player: SUCCESS, 32
knockout_winner: SUCCESS, 10
knockout_winner: INVALID_INPUT
knockout_winner: INVALID_INPUT
knockout_winner: SUCCESS, 10
knockout_winner: INVALID_INPUT
get_top_scorer: SUCCESS, 118
get_top_scorer: SUCCESS, 68
get_all_players: SUCCESS
143
187
200
58
147
109
183
108
get_team_points: SUCCESS, 9999
add_team: FAILURE
add_team: FAILURE
update_player_stats: SUCCESS
add_player: FAILURE
add_player: FAILURE
knockout_winner: SUCCESS, 10
knockout_winner: SUCCESS, 17
knockout_winner: SUCCESS, 10
knockout_winner: SUCCESS, 17
knockout_winner: INVALID_INPUT
get_all_players: SUCCESS
196
9
105
172
125
177
149
75
141
59
195
25
111
add_team: FAILURE
get_all_players_count: SUCCESS, 24
update_player_stats: SUCCESS
get_num_played_games: SUCCESS, 658
get_num_played_games: SUCCESS, 20618
get_closest_player: SUCCESS, 33
update_player_stats: SUCCESS
remove_player: SUCCESS
get_all_players: SUCCESS
153
73
53
190
97
1
get_closest_player: SUCCESS, 87
remove_team: FAILURE
get_top_scorer: SUCCESS, 1
get_closest_player: SUCCESS, 58
remove_team: FAILURE
remove_player: SUCCESS
remove_player: SUCCESS
unite_teams: FAILURE
unite_teams: FAILURE
get_closest_player: SUCCESS, 37
knockout_winner: FAILURE
knockout_winner: SUCCESS, 17
knockout_winner: FAILURE
knockout_winner: FAILURE
knockout_winner: INVALID_INPUT
get_all_players: SUCCESS
45
21
169
104
61
145
28
30
38
130
62
144
126
54
180
182
46
135
49
24
60
47
64
remove_player: SUCCESS
get_num_played_games: SUCCESS, 22441
update_player_stats: SUCCESS
get_closest_player: SUCCESS, 100
get_top_scorer: SUCCESS, 20
play_match: FAILURE
get_num_played_games: SUCCESS, 5456
knockout_winner: SUCCESS, 7
knockout_winner: INVALID_INPUT
knockout_winner: INVALID_INPUT
knockout_winner: SUCCESS, 7
knockout_winner: INVALID_INPUT
add_player: FAILURE
get_team_points: SUCCESS, 8315
get_closest_player: SUCCESS, 126
get_all_players_count: SUCCESS, 3
knockout_winner: SUCCESS, 17
knockout_winner: SUCCESS, 17
knockout_winner: FAILURE
knockout_winner: FAILURE
knockout_winner: INVALID_INPUT
get_all_players: SUCCESS
157
37
11
unite_teams: FAILURE
get_top_scorer: SUCCESS, 12
unite_teams: FAILURE
knockout_winner: SUCCESS, 17
knockout_winner: SUCCESS, 10
knockout_winner: SUCCESS, 10
knockout_winner: FAILURE
knockout_winner: INVALID_INPUT
get_num_played_games: SUCCESS, 4980
remove_player: SUCCESS
get_top_scorer: SUCCESS, 114
remove_team: FAILURE
remove_team: FAILURE
play_match: FAILURE
play_match: FAILURE
remove_player: SUCCESS
get_top_scorer: SUCCESS, 16
add_team: FAILURE
update_player_stats: SUCCESS
get_num_played_games: SUCCESS, 5127
get_all_players_count: SUCCESS, 12
remove_team: FAILURE
unite_teams: FAILURE
get_num_played_games: SUCCESS, 5327
get_closest_player: SUCCESS, 10
update_player_stats: SUCCESS
play_match: FAILURE
update_player_stats: SUCCESS
get_closest_player: SUCCESS, 75
update_player_stats: SUCCESS
update_player_stats: SUCCESS
get_all_players_count: SUCCESS, 23
remove_player: SUCCESS
get_all_players_count: SUCCESS, 5
add_team: FAILURE
get_closest_player: SUCCESS, 104
get_team_points: SUCCESS, 9301
get_team_points: SUCCESS, 9999
knockout_winner: FAILURE
knockout_winner: SUCCESS, 7
knockout_winner: FAILURE
knockout_winner: FAILURE
knockout_winner: INVALID_INPUT
get_closest_player: SUCCESS, 169
get_all_players_count: SUCCESS, 10
get_team_points: SUCCESS, 7651
knockout_winner: SUCCESS, 7
knockout_winner: INVALID_INPUT
knockout_winner: INVALID_INPUT
knockout_winner: SUCCESS, 17
knockout_winner: SUCCESS, 7
get_top_scorer: SUCCESS, 179
add_team: FAILURE
get_closest_player: SUCCESS, 88
remove_team: FAILURE
get_team_points: SUCCESS, 11406
get_num_played_games: SUCCESS, 13119
get_all_players: SUCCESS
94
80
86
90
165
35
update_player_stats: SUCCESS
remove_player: SUCCESS
unite_teams: FAILURE
remove_player: SUCCESS
update_player_stats: SUCCESS
get_top_scorer: SUCCESS, 16
add_player: FAILURE
get_team_points: SUCCESS, 5130
add_team: FAILURE
add_team: FAILURE
knockout_winner: INVALID_INPUT
knockout_winner: SUCCESS, 10
knockout_winner: INVALID_INPUT
knockout_winner: INVALID_INPUT
knockout_winner: INVALID_INPUT
get_num_played_games: SUCCESS, 2150
get_closest_player: SUCCESS, 105
get_closest_player: SUCCESS, 148
play_match: FAILURE
get_team_points: SUCCESS, 728
add_player: FAILURE
get_closest_player: SUCCESS, 28
add_team: FAILURE
remove_player: SUCCESS
update_player_stats: SUCCESS
add_player: FAILURE
add_player: FAILURE
unite_teams: FAILURE
play_match: FAILURE
play_match: FAILURE
play_match: FAILURE
update_player_stats: SUCCESS
get_all_players: SUCCESS
92
33
189
116
27
127
112
5
68
31
add_player: FAILURE
unite_teams: FAILURE
remove_team: FAILURE
play_match: FAILURE
get_team_points: SUCCESS, 1983
get_all_players_count: SUCCESS, 6
unite_teams: FAILURE
remove_team: FAILURE
add_player: FAILURE
play_match: SUCCESS
add_team: FAILURE
knockout_winner: SUCCESS, 17
knockout_winner: SUCCESS, 17
knockout_winner: SUCCESS, 7
knockout_winner: SUCCESS, 17
knockout_winner: FAILURE
play_match: FAILURE
get_top_scorer: SUCCESS, 36
add_player: FAILURE
knockout_winner: INVALID_INPUT
knockout_winner: INVALID_INPUT
knockout_winner: INVALID_INPUT
knockout_winner: INVALID_INPUT
knockout_winner: INVALID_INPUT
get_all_players_count: SUCCESS, 8
remove_team: FAILURE
get_top_scorer: SUCCESS, 20
update_player_stats: SUCCESS
add_team: FAILURE
unite_teams: FAILURE
get_top_scorer: SUCCESS, 19
add_player: FAILURE
add_team: FAILURE
get_num_played_games: SUCCESS, 20391
remove_team: FAILURE
remove_player: SUCCESS
get_all_players_count: SUCCESS, 12
get_num_played_games: SUCCESS, 19619
get_closest_player: SUCCESS, 24
remove_player: SUCCESS
get_team_points: SUCCESS, 2562
add_team: FAILURE
get_all_players_count: SUCCESS, 5
get_num_played_games: SUCCESS, 8762
add_team: FAILURE
unite_teams: FAILURE
add_team: FAILURE
knockout_winner: FAILURE
knockout_winner: INVALID_INPUT
knockout_winner: INVALID_INPUT
knockout_winner: FAILURE
knockout_winner: INVALID_INPUT
add_player: FAILURE
get_all_players_count: SUCCESS, 11
get_team_points: SUCCESS, 11484
remove_team: FAILURE
add_team: FAILURE
remove_player: SUCCESS
update_player_stats: SUCCESS
get_closest_player: SUCCESS, 179
knockout_winner: INVALID_INPUT
knockout_winner: SUCCESS, 7
knockout_winner: INVALID_INPUT
knockout_winner: INVALID_INPUT
knockout_winner: INVALID_INPUT
get_num_played_games: SUCCESS, 8533
unite_teams: FAILURE
update_player_stats: SUCCESS
get_team_points: SUCCESS, 5133
add_team: FAILURE
add_team: FAILURE
remove_player: SUCCESS
get_num_played_games: SUCCESS, 11319
get_num_played_games: SUCCESS, 7406
get_top_scorer: SUCCESS, 16
update_player_stats: SUCCESS
get_team_points: SUCCESS, 22157
add_player: FAILURE
unite_teams: FAILURE
unite_teams: FAILURE
play_match: FAILURE
remove_team: FAILURE
get_top_scorer: SUCCESS, 19
add_player: FAILURE
play_match: FAILURE
add_team: FAILURE
get_top_scorer: SUCCESS, 12
remove_player: SUCCESS
get_all_players: SUCCESS
153
73
190
97
53
get_all_players: SUCCESS
45
21
169
104
61
145
28
38
130
144
126
180
182
46
135
24
30
54
60
47
62
64
remove_player: SUCCESS
unite_teams: FAILURE
remove_team: FAILURE
remove_team: FAILURE
get_all_players: SUCCESS
80
86
90
165
35
add_team: FAILURE
get_closest_player: SUCCESS, 115
get_all_players_count: SUCCESS, 9
get_top_scorer: SUCCESS, 64
remove_team: FAILURE
add_team: FAILURE
add_team: FAILURE
get_team_points: SUCCESS, 1983
get_all_players: SUCCESS
131
115
134
123
add_team: FAILURE
remove_team: FAILURE
get_all_players: SUCCESS
157
37
11
knockout_winner: SUCCESS, 17
knockout_winner: SUCCESS, 17
knockout_winner: FAILURE
knockout_winner: FAILURE
knockout_winner: INVALID_INPUT
unite_teams: FAILURE
knockout_winner: FAILURE
knockout_winner: SUCCESS, 17
knockout_winner: FAILURE
knockout_winner: FAILURE
knockout_winner: INVALID_INPUT
get_all_players_count: SUCCESS, 11
get_all_players: SUCCESS
98
87
140
remove_player: SUCCESS
add_team: FAILURE
get_num_played_games: SUCCESS, 8068
knockout_winner: FAILURE
knockout_winner: SUCCESS, 17
knockout_winner: FAILURE
knockout_winner: SUCCESS, 17
knockout_winner: INVALID_INPUT
get_all_players: SUCCESS
153
73
190
97
53
update_player_stats: SUCCESS
get_team_points: SUCCESS, 11484
get_top_scorer: SUCCESS, 19
unite_teams: FAILURE
update_player_stats: SUCCESS
get_num_played_games: SUCCESS, 1354
add_player: FAILURE
knockout_winner: FAILURE
knockout_winner: SUCCESS, 10
knockout_winner: FAILURE
knockout_winner: FAILURE
knockout_winner: INVALID_INPUT
play_match: FAILURE
remove_player: SUCCESS
get_all_players: SUCCESS
143
200
187
109
108
58
get_team_points: SUCCESS, 8315
remove_player: SUCCESS
add_team: FAILURE
get_closest_player: SUCCESS, 108
get_all_players_count: SUCCESS, 22
get_top_scorer: SUCCESS, 16
update_player_stats: SUCCESS
update_player_stats: SUCCESS
remove_player: SUCCESS
remove_team: FAILURE
get_closest_player: SUCCESS, 76
update_player_stats: SUCCESS
get_all_players_count: SUCCESS, 7
play_match: FAILURE
remove_player: SUCCESS
get_all_players_count: SUCCESS, 3
get_team_points: SUCCESS, 4770
get_closest_player: SUCCESS, 107
remove_team: FAILURE
get_all_players: SUCCESS
80
86
90
165
add_player: FAILURE
get_closest_player: SUCCESS, 135
get_num_played_games: SUCCESS, 2917
get_all_players_count: SUCCESS, 3
remove_player: SUCCESS
get_all_players_count: SUCCESS, 7
get_all_players_count: SUCCESS, 4
play_match: FAILURE
knockout_winner: FAILURE
knockout_winner: INVALID_INPUT
knockout_winner: INVALID_INPUT
knockout_winner: FAILURE
knockout_winner: INVALID_INPUT
unite_teams: FAILURE
get_all_players: SUCCESS
92
33
189
27
127
112
5
116
68
31
update_player_stats: SUCCESS
remove_player: SUCCESS
get_all_players: SUCCESS
92
33
189
27
127
112
5
116
68
31
add_player: FAILURE
add_player: FAILURE
get_top_scorer: SUCCESS, 118
unite_teams: FAILURE
unite_teams: FAILURE
get_team_points: SUCCESS, 732
remove_player: SUCCESS
remove_player: SUCCESS
play_match: FAILURE
remove_player: SUCCESS
remove_player: SUCCESS
remove_player: SUCCESS
remove_player: SUCCESS
remove_player: SUCCESS
remove_player: SUCCESS
remove_player: SUCCESS
remove_player: SUCCESS
remove_player: SUCCESS
remove_player: SUCCESS
remove_player: SUCCESS
remove_player: SUCCESS
remove_player: SUCCESS
remove_player: SUCCESS
remove_player: SUCCESS
remove_player: SUCCESS
remove_player: SUCCESS
remove_player: SUCCESS
remove_player: SUCCESS
remove_player: SUCCESS
remove_player: SUCCESS
remove_player: SUCCESS
remove_player: SUCCESS
remove_player: SUCCESS
remove_player: SUCCESS
remove_player: SUCCESS
remove_player: SUCCESS
remove_player: SUCCESS
remove_player: SUCCESS
remove_player: SUCCESS
remove_player: SUCCESS
remove_player: SUCCESS
remove_player: SUCCESS
remove_player: SUCCESS
remove_player: SUCCESS
remove_player: SUCCESS
remove_player: SUCCESS
remove_player: SUCCESS
remove_player: SUCCESS
remove_player: SUCCESS
remove_player: SUCCESS
remove_player: SUCCESS
remove_player: SUCCESS
remove_player: SUCCESS
remove_player: SUCCESS
remove_player: SUCCESS
remove_player: SUCCESS
remove_player: SUCCESS
remove_player: SUCCESS
remove_player: SUCCESS
remove_player: SUCCESS
remove_player: SUCCESS
remove_player: SUCCESS
remove_player: SUCCESS
remove_player: SUCCESS
remove_player: SUCCESS
remove_player: SUCCESS
remove_player: SUCCESS
remove_player: SUCCESS
remove_player: SUCCESS
remove_player: SUCCESS
remove_player: SUCCESS
remove_player: SUCCESS
remove_player: SUCCESS
remove_player: SUCCESS
remove_player: SUCCESS
remove_player: SUCCESS
remove_player: SUCCESS
remove_player: SUCCESS
remove_player: SUCCESS
remove_player: SUCCESS
remove_player: SUCCESS
remove_player: SUCCESS
remove_player: SUCCESS
remove_player: SUCCESS
remove_player: SUCCESS
remove_player: SUCCESS
remove_player: SUCCESS
remove_player: SUCCESS
remove_player: SUCCESS
remove_player: SUCCESS
remove_player: SUCCESS
remove_player: SUCCESS
remove_player: SUCCESS
remove_player: SUCCESS
remove_player: SUCCESS
remove_player: SUCCESS
remove_player: SUCCESS
remove_player: SUCCESS
remove_player: SUCCESS
remove_player: SUCCESS
remove_player: SUCCESS
remove_player: SUCCESS
remove_player: SUCCESS
remove_player: SUCCESS
remove_player: SUCCESS
remove_player: SUCCESS
remove_player: SUCCESS
remove_player: SUCCESS
remove_player: SUCCESS
remove_player: SUCCESS
remove_player: SUCCESS
remove_player: SUCCESS
remove_player: SUCCESS
remove_player: SUCCESS
remove_player: SUCCESS
remove_player: SUCCESS
remove_team: SUCCESS
remove_team: SUCCESS
remove_team: SUCCESS
remove_team: SUCCESS
remove_team: SUCCESS
remove_team: SUCCESS
remove_team: SUCCESS
remove_team: SUCCESS
remove_team: SUCCESS
remove_team: SUCCESS
remove_team: SUCCESS
remove_team: SUCCESS
remove_team: SUCCESS
remove_team: SUCCESS
remove_team: SUCCESS
remove_team: SUCCESS
remove_team: SUCCESS
