add_team: SUCCESS
add_team: SUCCESS
add_team: SUCCESS
add_team: SUCCESS
add_team: SUCCESS
add_team: SUCCESS
add_team: SUCCESS
add_team: SUCCESS
add_team: SUCCESS
add_team: SUCCESS
add_team: SUCCESS
add_team: SUCCESS
add_team: SUCCESS
add_team: SUCCESS
add_team: SUCCESS
add_team: SUCCESS
add_team: SUCCESS
add_team: SUCCESS
add_team: SUCCESS
add_team: SUCCESS
add_player: SUCCESS
add_player: SUCCESS
add_player: SUCCESS
add_player: SUCCESS
add_player: SUCCESS
add_player: SUCCESS
add_player: SUCCESS
add_player: SUCCESS
add_player: SUCCESS
add_player: SUCCESS
add_player: SUCCESS
add_player: SUCCESS
add_player: SUCCESS
add_player: SUCCESS
add_player: SUCCESS
add_player: SUCCESS
add_player: SUCCESS
add_player: SUCCESS
add_player: SUCCESS
add_player: SUCCESS
add_player: SUCCESS
add_player: SUCCESS
add_player: SUCCESS
add_player: SUCCESS
add_player: SUCCESS
add_player: SUCCESS
add_player: SUCCESS
add_player: SUCCESS
add_player: SUCCESS
add_player: SUCCESS
add_player: SUCCESS
add_player: SUCCESS
add_player: SUCCESS
add_player: SUCCESS
add_player: SUCCESS
add_player: SUCCESS
add_player: SUCCESS
add_player: SUCCESS
add_player: SUCCESS
add_player: SUCCESS
add_player: SUCCESS
add_player: SUCCESS
add_player: SUCCESS
add_player: SUCCESS
add_player: SUCCESS
add_player: SUCCESS
add_player: SUCCESS
add_player: SUCCESS
add_player: SUCCESS
add_player: SUCCESS
add_player: SUCCESS
add_player: SUCCESS
add_player: SUCCESS
add_player: SUCCESS
add_player: SUCCESS
add_player: SUCCESS
add_player: SUCCESS
add_player: SUCCESS
add_player: SUCCESS
add_player: SUCCESS
add_player: SUCCESS
add_player: SUCCESS
add_player: SUCCESS
add_player: SUCCESS
add_player: SUCCESS
add_player: SUCCESS
add_player: SUCCESS
add_player: SUCCESS
add_player: SUCCESS
add_player: SUCCESS
add_player: SUCCESS
add_player: SUCCESS
add_player: SUCCESS
add_player: SUCCESS
add_player: SUCCESS
add_player: SUCCESS
add_player: SUCCESS
add_player: SUCCESS
add_player: SUCCESS
add_player: SUCCESS
add_player: SUCCESS
add_player: SUCCESS
add_player: SUCCESS
add_player: SUCCESS
add_player: SUCCESS
add_player: SUCCESS
add_player: SUCCESS
add_player: SUCCESS
add_player: SUCCESS
add_player: SUCCESS
add_player: SUCCESS
add_player: SUCCESS
add_player: SUCCESS
add_player: SUCCESS
add_player: SUCCESS
add_player: SUCCESS
add_player: SUCCESS
add_player: SUCCESS
add_player: SUCCESS
add_player: SUCCESS
add_player: SUCCESS
add_player: SUCCESS
add_player: SUCCESS
add_player: SUCCESS
add_player: SUCCESS
add_player: SUCCESS
add_player: SUCCESS
add_player: SUCCESS
add_player: SUCCESS
add_player: SUCCESS
add_player: SUCCESS
add_player: SUCCESS
add_player: SUCCESS
add_player: SUCCESS
add_player: SUCCESS
add_player: SUCCESS
add_player: SUCCESS
add_player: SUCCESS
add_player: SUCCESS
add_player: SUCCESS
add_player: SUCCESS
add_player: SUCCESS
add_player: SUCCESS
add_player: SUCCESS
add_player: SUCCESS
add_player: SUCCESS
add_player: SUCCESS
add_player: SUCCESS
add_player: SUCCESS
add_player: SUCCESS
add_player: SUCCESS
add_player: SUCCESS
add_player: SUCCESS
add_player: SUCCESS
add_player: SUCCESS
add_player: SUCCESS
add_player: SUCCESS
add_player: SUCCESS
add_player: SUCCESS
add_player: SUCCESS
add_player: SUCCESS
add_player: SUCCESS
add_player: SUCCESS
add_player: SUCCESS
add_player: SUCCESS
add_player: SUCCESS
add_player: SUCCESS
add_player: SUCCESS
add_player: SUCCESS
add_player: SUCCESS
add_player: SUCCESS
add_player: SUCCESS
add_player: SUCCESS
add_player: SUCCESS
add_player: SUCCESS
add_player: SUCCESS
add_player: SUCCESS
add_player: SUCCESS
add_player: SUCCESS
add_player: SUCCESS
add_player: SUCCESS
add_player: SUCCESS
add_player: SUCCESS
add_player: SUCCESS
add_player: SUCCESS
add_player: SUCCESS
add_player: SUCCESS
add_player: SUCCESS
add_player: SUCCESS
add_player: SUCCESS
add_player: SUCCESS
add_player: SUCCESS
add_player: SUCCESS
add_player: SUCCESS
add_player: SUCCESS
add_player: SUCCESS
add_player: SUCCESS
add_player: SUCCESS
add_player: SUCCESS
add_player: SUCCESS
add_player: SUCCESS
add_player: SUCCESS
add_player: SUCCESS
add_player: SUCCESS
add_player: SUCCESS
add_player: SUCCESS
add_player: SUCCESS
add_player: SUCCESS
add_player: SUCCESS
add_player: SUCCESS
add_player: SUCCESS
add_player: SUCCESS
add_player: SUCCESS
add_player: SUCCESS
add_player: SUCCESS
add_player: SUCCESS
add_player: SUCCESS
add_player: SUCCESS
add_player: SUCCESS
add_player: SUCCESS
remove_player: SUCCESS
update_player_stats: SUCCESS
add_player: FAILURE
get_closest_player: SUCCESS, 197
update_player_stats: SUCCESS
add_team: FAILURE
unite_teams: FAILURE
get_all_players_count: SUCCESS, 10
unite_teams: FAILURE
remove_player: SUCCESS
get_top_scorer: SUCCESS, 75
add_team: FAILURE
knockout_winner: SUCCESS, 8
knockout_winner: INVALID_INPUT
knockout_winner: INVALID_INPUT
knockout_winner: SUCCESS, 15
knockout_winner: SUCCESS, 8
add_team: FAILURE
add_player: FAILURE
add_team: FAILURE
get_all_players_count: SUCCESS, 10
get_all_players: SUCCESS
143
94
141
164
174
50
84
add_player: FAILURE
get_team_points: SUCCESS, 8371
get_top_scorer: SUCCESS, 131
get_closest_player: SUCCESS, 138
unite_teams: FAILURE
get_top_scorer: SUCCESS, 58
get_top_scorer: SUCCESS, 195
remove_team: FAILURE
get_team_points: SUCCESS, 9672
play_match: FAILURE
play_match: FAILURE
update_player_stats: SUCCESS
remove_team: FAILURE
add_player: FAILURE
update_player_stats: SUCCESS
get_num_played_games: SUCCESS, 10879
remove_team: FAILURE
update_player_stats: SUCCESS
update_player_stats: SUCCESS
knockout_winner: SUCCESS, 8
knockout_winner: SUCCESS, 15
knockout_winner: SUCCESS, 8
knockout_winner: SUCCESS, 15
knockout_winner: INVALID_INPUT
get_top_scorer: SUCCESS, 22
update_player_stats: SUCCESS
add_player: FAILURE
get_num_played_games: SUCCESS, 11203
get_closest_player: SUCCESS, 130
remove_player: SUCCESS
get_top_scorer: SUCCESS, 13
get_num_played_games: SUCCESS, 189
get_all_players_count: SUCCESS, 4
get_closest_player: SUCCESS, 70
get_top_scorer: SUCCESS, 85
update_player_stats: SUCCESS
get_num_played_games: SUCCESS, 6102
remove_team: FAILURE
unite_teams: FAILURE
remove_player: SUCCESS
unite_teams: FAILURE
unite_teams: SUCCESS
get_team_points: SUCCESS, 9682
get_num_played_games: SUCCESS, 9826
get_num_played_games: SUCCESS, 2696
play_match: FAILURE
get_team_points: SUCCESS, 9672
unite_teams: FAILURE
get_team_points: SUCCESS, 11415
update_player_stats: SUCCESS
unite_teams: FAILURE
get_top_scorer: SUCCESS, 85
unite_teams: FAILURE
play_match: FAILURE
add_player: FAILURE
play_match: SUCCESS
get_all_players: SUCCESS
157
8
131
get_all_players: SUCCESS
172
137
130
112
176
156
154
180
59
19
54
166
29
109
unite_teams: INVALID_INPUT
play_match: SUCCESS
add_team: FAILURE
play_match: INVALID_INPUT
get_top_scorer: SUCCESS, 109
get_all_players: SUCCESS
67
181
182
179
49
98
25
27
10
1
12
195
add_player: FAILURE
get_top_scorer: SUCCESS, 46
get_team_points: SUCCESS, 863
get_all_players: SUCCESS
143
94
141
164
50
84
174
get_num_played_games: SUCCESS, 5905
remove_team: FAILURE
unite_teams: FAILURE
play_match: FAILURE
get_closest_player: SUCCESS, 183
get_closest_player: SUCCESS, 65
update_player_stats: SUCCESS
get_all_players_count: SUCCESS, 9
update_player_stats: SUCCESS
add_player: FAILURE
get_closest_player: SUCCESS, 63
get_top_scorer: SUCCESS, 85
add_player: FAILURE
get_team_points: SUCCESS, 22876
remove_team: FAILURE
update_player_stats: SUCCESS
remove_team: FAILURE
knockout_winner: SUCCESS, 13
knockout_winner: SUCCESS, 15
knockout_winner: SUCCESS, 8
knockout_winner: SUCCESS, 15
knockout_winner: INVALID_INPUT
get_closest_player: SUCCESS, 175
update_player_stats: SUCCESS
get_closest_player: SUCCESS, 104
get_num_played_games: SUCCESS, 13088
add_player: FAILURE
play_match: FAILURE
remove_player: SUCCESS
add_player: FAILURE
get_num_played_games: SUCCESS, 5244
get_all_players_count: SUCCESS, 8
get_all_players: SUCCESS
123
128
111
77
get_top_scorer: SUCCESS, 8
get_top_scorer: SUCCESS, 22
play_match: FAILURE
unite_teams: FAILURE
get_team_points: SUCCESS, 5928
unite_teams: SUCCESS
update_player_stats: SUCCESS
add_team: FAILURE
knockout_winner: SUCCESS, 8
knockout_winner: INVALID_INPUT
knockout_winner: INVALID_INPUT
knockout_winner: SUCCESS, 8
knockout_winner: INVALID_INPUT
get_all_players: SUCCESS
143
94
141
164
50
84
174
remove_team: FAILURE
get_top_scorer: SUCCESS, 174
get_all_players: SUCCESS
62
107
51
21
178
110
44
140
56
88
16
6
196
23
100
39
125
60
63
191
90
53
142
58
3
unite_teams: SUCCESS
get_all_players: SUCCESS
66
32
177
20
163
95
200
122
76
22
remove_team: FAILURE
unite_teams: INVALID_INPUT
get_closest_player: SUCCESS, 19
get_closest_player: SUCCESS, 171
play_match: FAILURE
get_closest_player: SUCCESS, 175
get_top_scorer: SUCCESS, 109
add_player: FAILURE
get_top_scorer: SUCCESS, 8
get_closest_player: SUCCESS, 151
add_team: FAILURE
add_team: FAILURE
get_all_players_count: SUCCESS, 9
get_num_played_games: SUCCESS, 12077
knockout_winner: INVALID_INPUT
knockout_winner: SUCCESS, 8
knockout_winner: INVALID_INPUT
knockout_winner: INVALID_INPUT
knockout_winner: INVALID_INPUT
get_team_points: SUCCESS, 2506
get_team_points: SUCCESS, 19546
get_num_played_games: SUCCESS, 2725
get_team_points: SUCCESS, 1607
get_all_players: SUCCESS
67
181
182
179
49
98
25
10
1
12
195
27
get_top_scorer: SUCCESS, 136
get_top_scorer: SUCCESS, 102
add_player: FAILURE
add_team: FAILURE
get_closest_player: SUCCESS, 114
remove_player: SUCCESS
update_player_stats: SUCCESS
add_player: FAILURE
play_match: FAILURE
play_match: SUCCESS
update_player_stats: SUCCESS
play_match: FAILURE
remove_team: FAILURE
remove_team: FAILURE
remove_team: FAILURE
get_closest_player: SUCCESS, 172
unite_teams: FAILURE
get_all_players: SUCCESS
48
79
158
92
115
165
11
69
113
57
45
get_num_played_games: SUCCESS, 9201
unite_teams: FAILURE
remove_team: FAILURE
remove_player: SUCCESS
get_all_players: SUCCESS
175
120
135
133
41
192
83
134
43
81
171
remove_player: SUCCESS
update_player_stats: SUCCESS
update_player_stats: SUCCESS
get_all_players: SUCCESS
67
181
182
179
49
98
25
10
1
12
195
27
get_team_points: SUCCESS, 9672
add_team: FAILURE
add_player: FAILURE
get_all_players: SUCCESS
175
120
135
133
41
192
83
134
43
81
171
update_player_stats: SUCCESS
remove_player: SUCCESS
get_closest_player: SUCCESS, 59
remove_team: FAILURE
get_team_points: SUCCESS, 7090
add_player: FAILURE
get_num_played_games: SUCCESS, 1914
get_top_scorer: SUCCESS, 115
remove_player: SUCCESS
unite_teams: SUCCESS
unite_teams: FAILURE
get_closest_player: SUCCESS, 41
get_top_scorer: SUCCESS, 115
get_all_players: SUCCESS
172
137
130
176
156
154
180
59
19
54
166
29
109
get_closest_player: SUCCESS, 31
add_player: FAILURE
unite_teams: FAILURE
remove_player: SUCCESS
knockout_winner: INVALID_INPUT
knockout_winner: SUCCESS, 15
knockout_winner: INVALID_INPUT
knockout_winner: INVALID_INPUT
knockout_winner: INVALID_INPUT
knockout_winner: SUCCESS, 6
knockout_winner: SUCCESS, 8
knockout_winner: SUCCESS, 2
knockout_winner: SUCCESS, 10
knockout_winner: INVALID_INPUT
update_player_stats: SUCCESS
knockout_winner: SUCCESS, 7
knockout_winner: SUCCESS, 8
knockout_winner: SUCCESS, 2
knockout_winner: FAILURE
knockout_winner: INVALID_INPUT
unite_teams: FAILURE
add_player: FAILURE
remove_player: SUCCESS
remove_team: FAILURE
get_num_played_games: SUCCESS, 3840
add_team: FAILURE
remove_team: FAILURE
remove_player: SUCCESS
update_player_stats: SUCCESS
get_num_played_games: SUCCESS, 5885
update_player_stats: SUCCESS
knockout_winner: SUCCESS, 8
knockout_winner: SUCCESS, 10
knockout_winner: SUCCESS, 6
knockout_winner: SUCCESS, 10
knockout_winner: INVALID_INPUT
get_team_points: SUCCESS, 1607
update_player_stats: SUCCESS
knockout_winner: SUCCESS, 8
knockout_winner: INVALID_INPUT
knockout_winner: INVALID_INPUT
knockout_winner: SUCCESS, 8
knockout_winner: SUCCESS, 8
get_closest_player: SUCCESS, 166
get_all_players: SUCCESS
62
107
51
21
178
110
44
140
56
88
16
6
196
23
100
39
125
60
63
191
90
53
142
58
3
unite_teams: FAILURE
remove_team: FAILURE
remove_team: FAILURE
update_player_stats: SUCCESS
get_top_scorer: SUCCESS, 124
get_all_players: SUCCESS
62
107
51
21
178
110
44
140
56
88
16
6
196
23
100
39
125
60
63
191
90
53
142
58
3
remove_player: SUCCESS
knockout_winner: INVALID_INPUT
knockout_winner: SUCCESS, 10
knockout_winner: INVALID_INPUT
knockout_winner: INVALID_INPUT
knockout_winner: INVALID_INPUT
add_team: FAILURE
get_closest_player: SUCCESS, 72
get_top_scorer: SUCCESS, 29
play_match: INVALID_INPUT
unite_teams: FAILURE
add_player: FAILURE
get_top_scorer: SUCCESS, 46
play_match: FAILURE
add_team: FAILURE
get_all_players_count: SUCCESS, 11
get_top_scorer: SUCCESS, 76
add_player: FAILURE
update_player_stats: SUCCESS
play_match: FAILURE
get_top_scorer: SUCCESS, 116
knockout_winner: SUCCESS, 8
knockout_winner: SUCCESS, 10
knockout_winner: SUCCESS, 2
knockout_winner: SUCCESS, 15
knockout_winner: INVALID_INPUT
remove_player: SUCCESS
get_top_scorer: SUCCESS, 173
knockout_winner: INVALID_INPUT
knockout_winner: SUCCESS, 15
knockout_winner: INVALID_INPUT
knockout_winner: INVALID_INPUT
knockout_winner: INVALID_INPUT
get_top_scorer: SUCCESS, 85
get_top_scorer: SUCCESS, 76
get_all_players: SUCCESS
157
131
8
add_team: FAILURE
get_top_scorer: SUCCESS, 123
add_team: FAILURE
get_top_scorer: SUCCESS, 78
get_all_players: SUCCESS
143
94
141
164
50
84
174
remove_team: FAILURE
add_player: FAILURE
update_player_stats: SUCCESS
get_team_points: SUCCESS, 19546
add_player: FAILURE
play_match: SUCCESS
get_team_points: SUCCESS, 5889
get_num_played_games: SUCCESS, 8384
update_player_stats: SUCCESS
get_num_played_games: SUCCESS, 3722
get_team_points: SUCCESS, 6557
remove_player: SUCCESS
get_num_played_games: SUCCESS, 754
get_team_points: SUCCESS, 2506
get_team_points: SUCCESS, 5889
get_top_scorer: SUCCESS, 12
unite_teams: FAILURE
remove_team: FAILURE
get_all_players: SUCCESS
62
107
51
21
178
110
44
140
56
88
16
6
196
23
100
39
125
60
63
191
90
53
142
58
3
get_top_scorer: SUCCESS, 29
get_all_players_count: SUCCESS, 10
unite_teams: FAILURE
remove_team: FAILURE
knockout_winner: SUCCESS, 8
knockout_winner: INVALID_INPUT
knockout_winner: INVALID_INPUT
knockout_winner: SUCCESS, 8
knockout_winner: SUCCESS, 7
get_all_players: SUCCESS
30
188
9
190
73
199
183
105
189
124
get_num_played_games: SUCCESS, 1854
get_team_points: SUCCESS, 5889
get_closest_player: SUCCESS, 56
remove_team: FAILURE
unite_teams: SUCCESS
get_all_players: SUCCESS
30
188
9
190
73
199
183
105
189
124
add_team: FAILURE
play_match: SUCCESS
get_all_players_count: SUCCESS, 11
unite_teams: FAILURE
get_top_scorer: SUCCESS, 76
get_closest_player: SUCCESS, 59
get_top_scorer: SUCCESS, 78
get_team_points: SUCCESS, 8113
get_all_players_count: SUCCESS, 15
unite_teams: SUCCESS
get_all_players: SUCCESS
86
143
185
117
94
31
153
141
164
169
50
26
84
151
108
34
65
126
93
102
174
74
update_player_stats: SUCCESS
get_closest_player: SUCCESS, 129
get_team_points: SUCCESS, 5892
update_player_stats: SUCCESS
add_team: FAILURE
get_num_played_games: SUCCESS, 977
get_num_played_games: SUCCESS, 11354
unite_teams: INVALID_INPUT
remove_player: SUCCESS
get_all_players_count: SUCCESS, 7
update_player_stats: SUCCESS
knockout_winner: SUCCESS, 7
knockout_winner: SUCCESS, 11
knockout_winner: SUCCESS, 2
knockout_winner: SUCCESS, 11
knockout_winner: INVALID_INPUT
remove_team: FAILURE
add_player: FAILURE
get_team_points: SUCCESS, 7090
get_closest_player: SUCCESS, 124
knockout_winner: SUCCESS, 8
knockout_winner: SUCCESS, 8
knockout_winner: SUCCESS, 7
knockout_winner: SUCCESS, 11
knockout_winner: INVALID_INPUT
knockout_winner: SUCCESS, 8
knockout_winner: SUCCESS, 11
knockout_winner: SUCCESS, 2
knockout_winner: SUCCESS, 11
knockout_winner: INVALID_INPUT
remove_team: FAILURE
remove_player: SUCCESS
get_top_scorer: SUCCESS, 173
play_match: FAILURE
unite_teams: FAILURE
play_match: FAILURE
get_all_players: SUCCESS
86
143
185
117
94
31
153
141
164
169
50
26
84
151
108
34
65
126
93
102
174
74
update_player_stats: SUCCESS
play_match: FAILURE
remove_player: SUCCESS
unite_teams: FAILURE
add_player: FAILURE
get_team_points: SUCCESS, 6557
get_all_players_count: SUCCESS, 17
get_num_played_games: SUCCESS, 4672
get_top_scorer: SUCCESS, 123
update_player_stats: SUCCESS
get_all_players: SUCCESS
103
80
14
28
162
42
170
24
147
193
82
13
52
168
18
40
173
get_top_scorer: SUCCESS, 167
knockout_winner: FAILURE
knockout_winner: SUCCESS, 14
knockout_winner: FAILURE
knockout_winner: FAILURE
knockout_winner: INVALID_INPUT
get_all_players_count: SUCCESS, 8
add_player: FAILURE
unite_teams: FAILURE
get_num_played_games: SUCCESS, 10572
add_player: FAILURE
get_top_scorer: SUCCESS, 165
get_team_points: SUCCESS, 6557
get_all_players: SUCCESS
106
89
144
47
139
104
72
15
play_match: FAILURE
get_top_scorer: SUCCESS, 76
remove_player: SUCCESS
get_closest_player: SUCCESS, 90
update_player_stats: SUCCESS
get_team_points: SUCCESS, 2951
unite_teams: FAILURE
unite_teams: SUCCESS
remove_team: FAILURE
get_all_players: SUCCESS
103
80
14
28
162
42
170
24
147
193
82
13
52
168
18
40
173
get_num_played_games: SUCCESS, 9904
add_player: FAILURE
knockout_winner: SUCCESS, 11
knockout_winner: SUCCESS, 11
knockout_winner: SUCCESS, 8
knockout_winner: SUCCESS, 16
knockout_winner: INVALID_INPUT
update_player_stats: SUCCESS
remove_player: SUCCESS
unite_teams: FAILURE
add_team: FAILURE
update_player_stats: SUCCESS
get_top_scorer: SUCCESS, 173
update_player_stats: SUCCESS
remove_team: FAILURE
update_player_stats: SUCCESS
get_all_players: SUCCESS
66
32
161
186
36
99
20
160
163
95
155
38
200
122
129
5
85
177
138
22
76
remove_player: SUCCESS
get_team_points: SUCCESS, 2951
add_player: FAILURE
knockout_winner: INVALID_INPUT
knockout_winner: SUCCESS, 14
knockout_winner: INVALID_INPUT
knockout_winner: INVALID_INPUT
knockout_winner: INVALID_INPUT
add_player: FAILURE
get_all_players: SUCCESS
106
89
144
139
47
104
72
15
update_player_stats: SUCCESS
get_all_players: SUCCESS
86
143
185
117
94
31
153
141
164
169
50
26
84
151
108
65
126
93
102
74
34
174
remove_player: SUCCESS
knockout_winner: SUCCESS, 16
knockout_winner: SUCCESS, 11
knockout_winner: SUCCESS, 11
knockout_winner: FAILURE
knockout_winner: INVALID_INPUT
get_team_points: SUCCESS, 2506
get_closest_player: SUCCESS, 87
get_closest_player: SUCCESS, 176
get_all_players_count: SUCCESS, 3
remove_team: FAILURE
get_team_points: SUCCESS, 4552
unite_teams: SUCCESS
get_top_scorer: SUCCESS, 15
remove_team: FAILURE
remove_team: FAILURE
unite_teams: FAILURE
knockout_winner: SUCCESS, 8
knockout_winner: INVALID_INPUT
knockout_winner: INVALID_INPUT
knockout_winner: SUCCESS, 11
knockout_winner: INVALID_INPUT
knockout_winner: SUCCESS, 11
knockout_winner: SUCCESS, 11
knockout_winner: FAILURE
knockout_winner: SUCCESS, 16
knockout_winner: INVALID_INPUT
play_match: FAILURE
remove_player: SUCCESS
play_match: FAILURE
add_team: FAILURE
remove_player: SUCCESS
get_all_players: SUCCESS
86
143
185
117
94
31
153
141
164
169
50
26
84
151
108
65
126
93
102
74
34
174
unite_teams: FAILURE
knockout_winner: SUCCESS, 8
knockout_winner: INVALID_INPUT
knockout_winner: INVALID_INPUT
knockout_winner: SUCCESS, 11
knockout_winner: SUCCESS, 11
update_player_stats: SUCCESS
get_team_points: SUCCESS, 16341
get_all_players_count: SUCCESS, 2
get_all_players: SUCCESS
67
181
182
179
98
25
10
1
195
49
27
get_closest_player: SUCCESS, 72
add_team: FAILURE
remove_player: SUCCESS
knockout_winner: SUCCESS, 2
knockout_winner: INVALID_INPUT
knockout_winner: INVALID_INPUT
knockout_winner: SUCCESS, 8
knockout_winner: INVALID_INPUT
add_player: FAILURE
get_all_players: SUCCESS
143
185
117
94
31
153
141
164
169
50
26
84
151
108
65
126
86
93
102
74
34
174
update_player_stats: SUCCESS
add_team: FAILURE
unite_teams: FAILURE
remove_team: FAILURE
get_closest_player: SUCCESS, 105
get_all_players_count: SUCCESS, 11
get_all_players: SUCCESS
67
181
182
179
98
25
10
1
195
49
27
get_all_players_count: SUCCESS, 22
unite_teams: SUCCESS
get_top_scorer: SUCCESS, 8
knockout_winner: SUCCESS, 7
knockout_winner: SUCCESS, 10
knockout_winner: SUCCESS, 2
knockout_winner: SUCCESS, 12
knockout_winner: INVALID_INPUT
get_all_players_count: SUCCESS, 21
get_closest_player: SUCCESS, 94
knockout_winner: SUCCESS, 10
knockout_winner: SUCCESS, 10
knockout_winner: FAILURE
knockout_winner: FAILURE
knockout_winner: INVALID_INPUT
get_team_points: SUCCESS, 16341
play_match: FAILURE
get_all_players: SUCCESS
67
181
182
179
98
25
10
1
195
49
27
remove_player: SUCCESS
play_match: SUCCESS
add_team: FAILURE
unite_teams: FAILURE
get_closest_player: SUCCESS, 193
remove_player: SUCCESS
unite_teams: FAILURE
get_top_scorer: SUCCESS, 27
add_team: FAILURE
remove_team: FAILURE
get_top_scorer: SUCCESS, 165
unite_teams: FAILURE
get_num_played_games: SUCCESS, 1936
get_num_played_games: SUCCESS, 2793
get_top_scorer: SUCCESS, 165
get_top_scorer: SUCCESS, 174
update_player_stats: SUCCESS
play_match: FAILURE
get_top_scorer: SUCCESS, 27
get_num_played_games: SUCCESS, 6933
get_top_scorer: SUCCESS, 78
remove_team: FAILURE
update_player_stats: SUCCESS
remove_team: FAILURE
play_match: SUCCESS
play_match: SUCCESS
get_all_players_count: SUCCESS, 15
get_all_players_count: SUCCESS, 15
add_team: FAILURE
get_closest_player: SUCCESS, 149
remove_player: SUCCESS
get_top_scorer: SUCCESS, 58
remove_team: FAILURE
get_all_players: SUCCESS
143
185
117
94
31
153
141
164
169
50
26
151
108
65
126
86
93
102
74
84
34
174
knockout_winner: SUCCESS, 10
knockout_winner: SUCCESS, 10
knockout_winner: SUCCESS, 8
knockout_winner: SUCCESS, 10
knockout_winner: INVALID_INPUT
update_player_stats: SUCCESS
play_match: FAILURE
get_closest_player: SUCCESS, 173
add_team: FAILURE
get_all_players_count: SUCCESS, 24
get_top_scorer: SUCCESS, 15
get_closest_player: SUCCESS, 92
get_top_scorer: SUCCESS, 138
play_match: SUCCESS
remove_team: FAILURE
get_team_points: SUCCESS, 10528
get_top_scorer: SUCCESS, 78
knockout_winner: SUCCESS, 10
knockout_winner: SUCCESS, 10
knockout_winner: FAILURE
knockout_winner: FAILURE
knockout_winner: INVALID_INPUT
get_closest_player: SUCCESS, 29
remove_player: SUCCESS
get_top_scorer: SUCCESS, 58
get_closest_player: SUCCESS, 144
remove_player: SUCCESS
get_all_players: SUCCESS
107
51
21
110
44
140
56
16
6
196
23
100
39
125
60
63
191
90
53
142
58
play_match: FAILURE
get_top_scorer: SUCCESS, 45
get_all_players_count: SUCCESS, 23
update_player_stats: SUCCESS
get_all_players: SUCCESS
175
30
120
135
133
41
192
9
190
83
134
128
43
73
81
199
171
111
183
105
189
188
124
123
get_closest_player: SUCCESS, 128
get_num_played_games: SUCCESS, 9826
add_player: FAILURE
get_closest_player: SUCCESS, 21
get_closest_player: SUCCESS, 99
remove_player: SUCCESS
remove_team: FAILURE
play_match: INVALID_INPUT
remove_team: FAILURE
knockout_winner: SUCCESS, 12
knockout_winner: SUCCESS, 10
knockout_winner: SUCCESS, 7
knockout_winner: FAILURE
knockout_winner: INVALID_INPUT
remove_team: FAILURE
remove_team: FAILURE
get_all_players: SUCCESS
80
14
28
162
170
24
147
193
82
13
52
168
18
40
173
knockout_winner: SUCCESS, 10
knockout_winner: INVALID_INPUT
knockout_winner: INVALID_INPUT
knockout_winner: SUCCESS, 10
knockout_winner: INVALID_INPUT
remove_player: SUCCESS
remove_player: SUCCESS
get_closest_player: SUCCESS, 2
get_all_players_count: SUCCESS, 18
update_player_stats: SUCCESS
unite_teams: FAILURE
play_match: SUCCESS
update_player_stats: SUCCESS
remove_team: FAILURE
unite_teams: INVALID_INPUT
get_top_scorer: SUCCESS, 58
get_top_scorer: SUCCESS, 173
get_all_players: SUCCESS
143
185
117
94
31
153
141
164
169
50
26
151
108
65
126
86
93
102
74
84
34
174
get_all_players: SUCCESS
106
89
144
139
47
104
72
15
get_all_players: SUCCESS
107
51
21
44
140
56
16
6
196
100
39
125
60
191
90
53
23
110
142
63
58
get_closest_player: SUCCESS, 167
knockout_winner: SUCCESS, 10
knockout_winner: SUCCESS, 10
knockout_winner: SUCCESS, 7
knockout_winner: SUCCESS, 16
knockout_winner: INVALID_INPUT
get_all_players_count: SUCCESS, 2
get_closest_player: SUCCESS, 135
update_player_stats: SUCCESS
remove_team: FAILURE
get_top_scorer: SUCCESS, 8
get_num_played_games: SUCCESS, 13855
play_match: SUCCESS
unite_teams: FAILURE
get_team_points: SUCCESS, 8170
get_all_players_count: SUCCESS, 23
get_num_played_games: SUCCESS, 12188
get_all_players_count: SUCCESS, 16
get_team_points: SUCCESS, 16341
knockout_winner: SUCCESS, 10
knockout_winner: SUCCESS, 10
knockout_winner: SUCCESS, 10
knockout_winner: SUCCESS, 10
knockout_winner: SUCCESS, 10
get_all_players: SUCCESS
175
30
120
135
133
192
9
190
83
134
128
43
73
81
199
171
111
183
105
189
188
123
124
get_all_players_count: SUCCESS, 15
update_player_stats: SUCCESS
remove_player: SUCCESS
add_player: FAILURE
add_player: FAILURE
get_top_scorer: SUCCESS, 167
remove_team: FAILURE
remove_player: SUCCESS
get_all_players_count: SUCCESS, 10
knockout_winner: SUCCESS, 11
knockout_winner: SUCCESS, 10
knockout_winner: FAILURE
knockout_winner: SUCCESS, 16
knockout_winner: INVALID_INPUT
get_top_scorer: SUCCESS, 15
knockout_winner: INVALID_INPUT
knockout_winner: SUCCESS, 10
knockout_winner: INVALID_INPUT
knockout_winner: INVALID_INPUT
knockout_winner: INVALID_INPUT
get_all_players_count: SUCCESS, 21
remove_team: FAILURE
get_all_players: SUCCESS
67
181
182
179
98
10
1
195
49
27
get_team_points: SUCCESS, 23739
get_closest_player: SUCCESS, 179
get_team_points: SUCCESS, 8170
update_player_stats: SUCCESS
unite_teams: INVALID_INPUT
get_team_points: SUCCESS, 19549
play_match: SUCCESS
knockout_winner: SUCCESS, 10
knockout_winner: SUCCESS, 10
knockout_winner: SUCCESS, 7
knockout_winner: SUCCESS, 14
knockout_winner: INVALID_INPUT
knockout_winner: SUCCESS, 10
knockout_winner: SUCCESS, 10
knockout_winner: SUCCESS, 8
knockout_winner: SUCCESS, 10
knockout_winner: INVALID_INPUT
get_all_players: SUCCESS
149
101
87
148
121
194
132
114
159
68
187
17
97
33
116
75
get_team_points: SUCCESS, 8170
update_player_stats: SUCCESS
knockout_winner: FAILURE
knockout_winner: INVALID_INPUT
knockout_winner: INVALID_INPUT
knockout_winner: SUCCESS, 8
knockout_winner: INVALID_INPUT
knockout_winner: SUCCESS, 10
knockout_winner: SUCCESS, 10
knockout_winner: FAILURE
knockout_winner: FAILURE
knockout_winner: INVALID_INPUT
update_player_stats: SUCCESS
knockout_winner: SUCCESS, 8
knockout_winner: SUCCESS, 10
knockout_winner: FAILURE
knockout_winner: SUCCESS, 10
knockout_winner: INVALID_INPUT
update_player_stats: SUCCESS
get_num_played_games: SUCCESS, 15292
get_all_players: SUCCESS
80
14
28
162
170
24
147
193
82
13
52
168
18
40
173
remove_player: SUCCESS
remove_player: SUCCESS
update_player_stats: SUCCESS
add_team: FAILURE
get_num_played_games: SUCCESS, 11514
remove_team: FAILURE
add_player: FAILURE
add_player: FAILURE
remove_team: FAILURE
get_top_scorer: SUCCESS, 167
add_player: FAILURE
add_player: FAILURE
remove_player: SUCCESS
remove_team: FAILURE
knockout_winner: SUCCESS, 8
knockout_winner: INVALID_INPUT
knockout_winner: INVALID_INPUT
knockout_winner: SUCCESS, 10
knockout_winner: INVALID_INPUT
remove_team: FAILURE
get_team_points: SUCCESS, 19549
add_player: FAILURE
get_top_scorer: SUCCESS, 124
unite_teams: FAILURE
get_all_players: SUCCESS
143
185
117
94
153
141
169
164
50
26
151
108
65
86
93
102
74
84
34
126
174
get_all_players: SUCCESS
131
8
remove_team: FAILURE
get_team_points: SUCCESS, 8170
knockout_winner: INVALID_INPUT
knockout_winner: SUCCESS, 10
knockout_winner: INVALID_INPUT
knockout_winner: INVALID_INPUT
knockout_winner: INVALID_INPUT
add_player: FAILURE
knockout_winner: SUCCESS, 10
knockout_winner: SUCCESS, 10
knockout_winner: SUCCESS, 8
knockout_winner: SUCCESS, 16
knockout_winner: INVALID_INPUT
get_all_players: SUCCESS
89
144
47
104
72
15
106
139
get_all_players_count: SUCCESS, 18
play_match: SUCCESS
get_num_played_games: SUCCESS, 5719
remove_player: SUCCESS
get_all_players: SUCCESS
143
185
117
94
153
141
169
164
50
26
151
108
65
86
93
102
74
84
34
126
174
add_team: FAILURE
get_top_scorer: SUCCESS, 173
get_team_points: SUCCESS, 23739
remove_team: FAILURE
update_player_stats: SUCCESS
get_closest_player: SUCCESS, 152
get_num_played_games: SUCCESS, 13226
get_num_played_games: SUCCESS, 6443
unite_teams: FAILURE
update_player_stats: SUCCESS
remove_player: SUCCESS
get_team_points: SUCCESS, 8170
play_match: FAILURE
unite_teams: FAILURE
knockout_winner: SUCCESS, 7
knockout_winner: SUCCESS, 10
knockout_winner: FAILURE
knockout_winner: SUCCESS, 10
knockout_winner: INVALID_INPUT
remove_player: SUCCESS
get_all_players: SUCCESS
131
8
get_team_points: SUCCESS, 10537
get_all_players: SUCCESS
137
130
184
118
176
156
197
7
154
180
152
35
59
145
2
46
54
166
109
29
19
167
get_all_players: SUCCESS
80
14
28
162
170
24
147
82
13
52
168
18
193
40
173
add_player: FAILURE
remove_team: FAILURE
update_player_stats: SUCCESS
add_player: FAILURE
get_all_players_count: SUCCESS, 9
get_all_players_count: SUCCESS, 15
get_team_points: SUCCESS, 10041
get_all_players: SUCCESS
175
30
120
135
192
9
190
83
134
128
43
73
81
199
171
111
183
105
189
188
123
124
remove_team: FAILURE
remove_player: SUCCESS
unite_teams: FAILURE
get_team_points: SUCCESS, 10041
get_top_scorer: SUCCESS, 124
get_all_players_count: SUCCESS, 20
update_player_stats: SUCCESS
get_all_players_count: SUCCESS, 14
remove_player: SUCCESS
add_player: FAILURE
get_closest_player: SUCCESS, 81
knockout_winner: SUCCESS, 10
knockout_winner: SUCCESS, 10
knockout_winner: SUCCESS, 10
knockout_winner: SUCCESS, 10
knockout_winner: SUCCESS, 10
add_team: FAILURE
update_player_stats: SUCCESS
knockout_winner: FAILURE
knockout_winner: INVALID_INPUT
knockout_winner: INVALID_INPUT
knockout_winner: SUCCESS, 8
knockout_winner: INVALID_INPUT
get_all_players_count: SUCCESS, 16
add_team: FAILURE
get_num_played_games: SUCCESS, 758
knockout_winner: SUCCESS, 10
knockout_winner: SUCCESS, 10
knockout_winner: FAILURE
knockout_winner: SUCCESS, 16
knockout_winner: INVALID_INPUT
get_num_played_games: SUCCESS, 18506
add_player: FAILURE
add_team: FAILURE
play_match: INVALID_INPUT
get_team_points: SUCCESS, 10537
remove_team: FAILURE
get_closest_player: SUCCESS, 92
get_num_played_games: SUCCESS, 2250
update_player_stats: SUCCESS
get_team_points: SUCCESS, 10537
add_player: FAILURE
remove_team: FAILURE
get_num_played_games: SUCCESS, 758
knockout_winner: INVALID_INPUT
knockout_winner: SUCCESS, 14
knockout_winner: INVALID_INPUT
knockout_winner: INVALID_INPUT
knockout_winner: INVALID_INPUT
add_player: FAILURE
unite_teams: FAILURE
add_team: FAILURE
add_team: FAILURE
get_all_players_count: SUCCESS, 8
remove_team: FAILURE
get_num_played_games: SUCCESS, 9813
remove_player: SUCCESS
get_closest_player: SUCCESS, 18
get_team_points: SUCCESS, 10537
remove_player: SUCCESS
remove_player: SUCCESS
add_team: FAILURE
get_top_scorer: SUCCESS, 17
get_team_points: SUCCESS, 2506
knockout_winner: SUCCESS, 12
knockout_winner: SUCCESS, 10
knockout_winner: SUCCESS, 7
knockout_winner: FAILURE
knockout_winner: INVALID_INPUT
remove_team: FAILURE
remove_team: FAILURE
update_player_stats: SUCCESS
remove_team: FAILURE
get_all_players_count: SUCCESS, 21
knockout_winner: SUCCESS, 10
knockout_winner: INVALID_INPUT
knockout_winner: INVALID_INPUT
knockout_winner: SUCCESS, 10
knockout_winner: SUCCESS, 8
get_closest_player: SUCCESS, 53
get_all_players: SUCCESS
67
182
98
10
1
195
27
49
get_closest_player: SUCCESS, 167
get_num_played_games: SUCCESS, 6443
update_player_stats: SUCCESS
unite_teams: FAILURE
knockout_winner: INVALID_INPUT
knockout_winner: SUCCESS, 10
knockout_winner: INVALID_INPUT
knockout_winner: INVALID_INPUT
knockout_winner: INVALID_INPUT
get_team_points: SUCCESS, 5895
update_player_stats: SUCCESS
update_player_stats: SUCCESS
update_player_stats: SUCCESS
knockout_winner: FAILURE
knockout_winner: SUCCESS, 8
knockout_winner: FAILURE
knockout_winner: SUCCESS, 10
knockout_winner: INVALID_INPUT
get_num_played_games: SUCCESS, 18506
get_all_players: SUCCESS
149
101
87
148
121
194
132
114
68
187
97
116
75
17
get_all_players: SUCCESS
89
144
47
104
72
15
106
139
unite_teams: INVALID_INPUT
get_closest_player: SUCCESS, 65
get_top_scorer: SUCCESS, 45
unite_teams: SUCCESS
knockout_winner: INVALID_INPUT
knockout_winner: SUCCESS, 8
knockout_winner: INVALID_INPUT
knockout_winner: INVALID_INPUT
knockout_winner: INVALID_INPUT
get_all_players: SUCCESS
185
117
94
153
141
143
169
164
50
26
108
65
86
93
102
74
84
34
151
126
174
get_top_scorer: SUCCESS, 138
play_match: SUCCESS
play_match: SUCCESS
get_closest_player: SUCCESS, 113
remove_team: FAILURE
get_team_points: SUCCESS, 10537
get_all_players: SUCCESS
80
14
28
162
24
147
13
52
168
18
193
40
82
173
remove_team: FAILURE
get_all_players: SUCCESS
175
30
120
135
192
9
190
83
134
128
43
73
81
199
171
111
183
105
189
188
123
124
get_all_players: SUCCESS
8
get_all_players_count: SUCCESS, 14
unite_teams: FAILURE
get_top_scorer: SUCCESS, 8
get_team_points: SUCCESS, 12188
remove_player: SUCCESS
play_match: FAILURE
remove_team: FAILURE
get_all_players: SUCCESS
66
186
99
36
20
95
38
122
129
5
163
177
155
22
76
138
get_team_points: SUCCESS, 8170
unite_teams: SUCCESS
get_team_points: SUCCESS, 20581
play_match: FAILURE
remove_player: SUCCESS
update_player_stats: SUCCESS
get_closest_player: SUCCESS, 196
add_player: FAILURE
add_player: FAILURE
add_player: FAILURE
get_top_scorer: SUCCESS, 45
get_closest_player: SUCCESS, 63
get_closest_player: SUCCESS, 117
add_player: FAILURE
play_match: SUCCESS
unite_teams: FAILURE
get_team_points: SUCCESS, 19555
get_team_points: SUCCESS, 8170
get_all_players_count: SUCCESS, 1
play_match: SUCCESS
update_player_stats: SUCCESS
get_all_players: SUCCESS
185
117
94
153
141
169
164
50
26
108
65
86
93
102
74
84
34
151
126
174
update_player_stats: SUCCESS
add_team: FAILURE
knockout_winner: INVALID_INPUT
knockout_winner: SUCCESS, 10
knockout_winner: INVALID_INPUT
knockout_winner: INVALID_INPUT
knockout_winner: INVALID_INPUT
add_team: FAILURE
get_top_scorer: SUCCESS, 174
add_player: FAILURE
update_player_stats: SUCCESS
get_all_players: SUCCESS
66
186
99
20
95
38
122
129
5
36
177
155
22
76
138
get_all_players_count: SUCCESS, 8
remove_player: SUCCESS
knockout_winner: INVALID_INPUT
knockout_winner: FAILURE
knockout_winner: INVALID_INPUT
knockout_winner: INVALID_INPUT
knockout_winner: INVALID_INPUT
add_team: FAILURE
play_match: SUCCESS
get_top_scorer: SUCCESS, 124
knockout_winner: INVALID_INPUT
knockout_winner: SUCCESS, 10
knockout_winner: INVALID_INPUT
knockout_winner: INVALID_INPUT
knockout_winner: INVALID_INPUT
remove_player: SUCCESS
knockout_winner: SUCCESS, 14
knockout_winner: SUCCESS, 10
knockout_winner: FAILURE
knockout_winner: FAILURE
knockout_winner: INVALID_INPUT
unite_teams: FAILURE
get_top_scorer: SUCCESS, 49
get_all_players_count: SUCCESS, 34
add_player: FAILURE
get_team_points: SUCCESS, 19558
get_all_players_count: SUCCESS, 14
add_player: FAILURE
get_num_played_games: SUCCESS, 1976
play_match: FAILURE
get_all_players_count: SUCCESS, 14
remove_team: FAILURE
update_player_stats: SUCCESS
get_all_players_count: SUCCESS, 19
add_player: FAILURE
play_match: FAILURE
get_closest_player: SUCCESS, 74
knockout_winner: SUCCESS, 10
knockout_winner: SUCCESS, 10
knockout_winner: FAILURE
knockout_winner: SUCCESS, 16
knockout_winner: INVALID_INPUT
add_team: FAILURE
get_all_players: SUCCESS
8
add_player: FAILURE
get_team_points: SUCCESS, 12188
get_team_points: SUCCESS, 16341
get_all_players_count: SUCCESS, 20
add_player: FAILURE
update_player_stats: SUCCESS
add_player: FAILURE
get_num_played_games: SUCCESS, 6282
get_all_players: SUCCESS
185
117
94
153
141
169
164
50
26
108
65
93
102
74
84
34
151
126
174
remove_player: SUCCESS
add_player: FAILURE
get_team_points: SUCCESS, 4555
knockout_winner: SUCCESS, 8
knockout_winner: INVALID_INPUT
knockout_winner: INVALID_INPUT
knockout_winner: SUCCESS, 8
knockout_winner: INVALID_INPUT
update_player_stats: SUCCESS
update_player_stats: SUCCESS
play_match: FAILURE
get_all_players_count: SUCCESS, 20
remove_team: FAILURE
get_team_points: SUCCESS, 4555
get_closest_player: SUCCESS, 84
unite_teams: FAILURE
get_team_points: SUCCESS, 19558
add_player: FAILURE
add_player: FAILURE
get_all_players_count: SUCCESS, 1
remove_player: SUCCESS
knockout_winner: INVALID_INPUT
knockout_winner: SUCCESS, 11
knockout_winner: INVALID_INPUT
knockout_winner: INVALID_INPUT
knockout_winner: INVALID_INPUT
get_top_scorer: SUCCESS, 138
get_all_players: SUCCESS
67
182
98
10
1
195
27
49
get_all_players: SUCCESS
67
182
98
10
1
195
27
49
remove_player: SUCCESS
play_match: FAILURE
get_all_players: SUCCESS
8
unite_teams: FAILURE
remove_team: FAILURE
get_closest_player: SUCCESS, 165
update_player_stats: SUCCESS
update_player_stats: SUCCESS
knockout_winner: INVALID_INPUT
knockout_winner: SUCCESS, 14
knockout_winner: INVALID_INPUT
knockout_winner: INVALID_INPUT
knockout_winner: INVALID_INPUT
play_match: FAILURE
get_closest_player: SUCCESS, 76
get_team_points: SUCCESS, 9672
add_player: FAILURE
remove_team: FAILURE
add_player: FAILURE
get_all_players: SUCCESS
66
186
99
20
95
38
122
129
5
36
177
155
22
76
138
unite_teams: INVALID_INPUT
get_top_scorer: SUCCESS, 49
get_all_players_count: SUCCESS, 14
get_all_players: SUCCESS
130
184
118
176
156
197
7
154
180
152
35
145
2
46
54
166
29
19
59
167
get_top_scorer: SUCCESS, 138
get_top_scorer: SUCCESS, 167
get_num_played_games: SUCCESS, 9204
update_player_stats: SUCCESS
unite_teams: SUCCESS
get_team_points: SUCCESS, 40142
play_match: SUCCESS
knockout_winner: INVALID_INPUT
knockout_winner: SUCCESS, 11
knockout_winner: INVALID_INPUT
knockout_winner: INVALID_INPUT
knockout_winner: INVALID_INPUT
get_num_played_games: SUCCESS, 8330
update_player_stats: SUCCESS
get_num_played_games: SUCCESS, 15604
remove_team: FAILURE
get_all_players: SUCCESS
175
30
120
135
192
9
190
83
128
43
73
81
171
111
183
105
189
188
199
123
124
update_player_stats: SUCCESS
update_player_stats: SUCCESS
add_team: FAILURE
get_team_points: SUCCESS, 9672
remove_team: FAILURE
get_top_scorer: SUCCESS, 167
get_all_players_count: SUCCESS, 46
add_team: FAILURE
get_closest_player: SUCCESS, 50
unite_teams: FAILURE
remove_team: FAILURE
get_all_players_count: SUCCESS, 8
get_all_players_count: SUCCESS, 8
play_match: SUCCESS
remove_player: SUCCESS
remove_player: SUCCESS
add_player: FAILURE
unite_teams: FAILURE
get_all_players: SUCCESS
175
30
120
135
192
9
190
83
43
73
81
171
111
183
189
188
199
105
123
124
unite_teams: SUCCESS
unite_teams: FAILURE
get_closest_player: SUCCESS, 58
remove_team: FAILURE
get_all_players: SUCCESS
175
30
120
135
192
9
190
83
43
73
81
171
111
183
189
188
199
105
123
124
add_player: FAILURE
get_all_players_count: SUCCESS, 20
play_match: SUCCESS
get_all_players_count: SUCCESS, 20
get_all_players: SUCCESS
149
101
107
51
87
148
80
14
121
44
28
162
140
132
114
24
68
16
6
147
187
97
100
39
125
13
116
60
52
168
191
90
53
23
75
142
18
63
110
17
193
40
82
196
58
173
remove_player: SUCCESS
get_all_players: SUCCESS
66
186
99
20
95
38
122
129
5
36
177
155
22
76
138
get_all_players_count: SUCCESS, 15
get_all_players: SUCCESS
185
117
94
153
141
169
164
50
108
65
93
102
26
84
34
151
126
74
174
add_player: FAILURE
get_team_points: SUCCESS, 15567
play_match: FAILURE
update_player_stats: SUCCESS
remove_player: SUCCESS
add_team: FAILURE
get_team_points: SUCCESS, 40145
get_closest_player: SUCCESS, 197
get_all_players: SUCCESS
67
182
98
10
1
195
27
8
49
add_player: FAILURE
remove_player: SUCCESS
play_match: INVALID_INPUT
get_all_players: SUCCESS
149
101
107
51
87
148
80
14
121
44
28
162
140
132
114
24
68
16
6
147
187
97
100
39
125
13
116
60
52
168
191
90
53
23
75
142
18
63
110
17
40
82
196
58
173
unite_teams: FAILURE
get_all_players_count: SUCCESS, 45
remove_team: FAILURE
unite_teams: FAILURE
update_player_stats: SUCCESS
get_top_scorer: SUCCESS, 167
knockout_winner: SUCCESS, 8
knockout_winner: INVALID_INPUT
knockout_winner: INVALID_INPUT
knockout_winner: SUCCESS, 8
knockout_winner: INVALID_INPUT
unite_teams: FAILURE
get_all_players_count: SUCCESS, 15
remove_team: FAILURE
get_num_played_games: SUCCESS, 8916
get_all_players: SUCCESS
130
184
118
176
156
197
7
154
152
35
145
2
46
54
166
29
180
19
59
167
get_team_points: SUCCESS, 15567
play_match: FAILURE
add_player: FAILURE
update_player_stats: SUCCESS
add_player: FAILURE
get_top_scorer: SUCCESS, 106
get_closest_player: SUCCESS, 117
unite_teams: FAILURE
add_player: FAILURE
update_player_stats: SUCCESS
play_match: FAILURE
update_player_stats: SUCCESS
play_match: SUCCESS
add_player: FAILURE
update_player_stats: SUCCESS
get_top_scorer: SUCCESS, 138
get_all_players: SUCCESS
130
184
118
176
156
197
7
154
152
35
145
2
46
54
166
29
180
19
59
167
play_match: SUCCESS
get_num_played_games: SUCCESS, 4675
remove_team: FAILURE
unite_teams: FAILURE
add_player: FAILURE
get_num_played_games: SUCCESS, 17877
update_player_stats: SUCCESS
add_team: FAILURE
get_top_scorer: SUCCESS, 173
get_top_scorer: SUCCESS, 167
add_player: FAILURE
play_match: SUCCESS
add_team: FAILURE
knockout_winner: SUCCESS, 14
knockout_winner: SUCCESS, 11
knockout_winner: FAILURE
knockout_winner: FAILURE
knockout_winner: INVALID_INPUT
get_all_players_count: SUCCESS, 19
play_match: INVALID_INPUT
get_all_players_count: SUCCESS, 20
add_player: FAILURE
add_player: FAILURE
unite_teams: FAILURE
remove_team: FAILURE
get_team_points: SUCCESS, 15567
remove_player: SUCCESS
get_all_players: SUCCESS
101
107
51
149
148
80
14
121
28
162
87
140
132
114
24
68
16
6
147
187
97
100
39
125
13
116
60
52
168
191
90
53
23
75
142
18
63
44
110
17
40
82
196
58
173
get_team_points: SUCCESS, 16344
remove_team: FAILURE
update_player_stats: SUCCESS
add_team: FAILURE
knockout_winner: FAILURE
knockout_winner: SUCCESS, 14
knockout_winner: FAILURE
knockout_winner: FAILURE
knockout_winner: INVALID_INPUT
get_team_points: SUCCESS, 40148
get_top_scorer: SUCCESS, 173
get_all_players: SUCCESS
175
30
120
135
192
9
190
83
43
73
81
171
111
189
188
199
105
124
play_match: SUCCESS
remove_team: FAILURE
add_team: FAILURE
play_match: SUCCESS
remove_player: SUCCESS
get_all_players_count: SUCCESS, 14
get_all_players: SUCCESS
66
186
99
20
95
38
122
129
36
177
155
22
5
76
138
add_team: FAILURE
add_player: FAILURE
get_num_played_games: SUCCESS, 17510
remove_player: SUCCESS
get_all_players_count: SUCCESS, 14
get_closest_player: SUCCESS, 165
unite_teams: FAILURE
unite_teams: FAILURE
add_player: FAILURE
add_player: FAILURE
play_match: SUCCESS
remove_team: FAILURE
remove_player: SUCCESS
unite_teams: FAILURE
play_match: FAILURE
get_closest_player: SUCCESS, 45
remove_team: FAILURE
get_top_scorer: SUCCESS, 174
get_all_players: SUCCESS
175
30
120
135
192
9
190
83
43
73
81
171
111
189
188
199
105
124
update_player_stats: SUCCESS
add_player: FAILURE
remove_team: FAILURE
add_team: FAILURE
unite_teams: SUCCESS
unite_teams: FAILURE
get_all_players_count: SUCCESS, 18
remove_team: FAILURE
play_match: SUCCESS
play_match: FAILURE
knockout_winner: INVALID_INPUT
knockout_winner: SUCCESS, 8
knockout_winner: INVALID_INPUT
knockout_winner: INVALID_INPUT
knockout_winner: INVALID_INPUT
remove_team: FAILURE
get_top_scorer: SUCCESS, 138
get_num_played_games: SUCCESS, 12008
remove_team: FAILURE
get_all_players_count: SUCCESS, 14
unite_teams: FAILURE
add_player: FAILURE
update_player_stats: SUCCESS
get_num_played_games: SUCCESS, 12251
update_player_stats: SUCCESS
knockout_winner: SUCCESS, 7
knockout_winner: SUCCESS, 8
knockout_winner: FAILURE
knockout_winner: FAILURE
knockout_winner: INVALID_INPUT
get_all_players: SUCCESS
67
182
98
10
1
195
27
8
49
get_closest_player: SUCCESS, 100
get_all_players: SUCCESS
66
186
99
20
95
122
38
129
36
177
155
22
76
138
get_all_players: SUCCESS
67
182
98
10
1
195
27
8
49
add_team: FAILURE
get_num_played_games: SUCCESS, 21028
get_num_played_games: SUCCESS, 6516
get_team_points: SUCCESS, 4558
get_all_players: SUCCESS
101
107
51
149
148
80
14
121
28
162
87
140
132
114
24
68
16
6
147
187
97
100
125
13
116
60
52
168
191
90
53
75
142
18
63
44
110
17
39
40
82
196
58
173
unite_teams: FAILURE
remove_player: SUCCESS
remove_player: SUCCESS
remove_player: SUCCESS
remove_player: SUCCESS
remove_player: SUCCESS
remove_player: SUCCESS
remove_player: SUCCESS
remove_player: SUCCESS
remove_player: SUCCESS
remove_player: SUCCESS
remove_player: SUCCESS
remove_player: SUCCESS
remove_player: SUCCESS
remove_player: SUCCESS
remove_player: SUCCESS
remove_player: SUCCESS
remove_player: SUCCESS
remove_player: SUCCESS
remove_player: SUCCESS
remove_player: SUCCESS
remove_player: SUCCESS
remove_player: SUCCESS
remove_player: SUCCESS
remove_player: SUCCESS
remove_player: SUCCESS
remove_player: SUCCESS
remove_player: SUCCESS
remove_player: SUCCESS
remove_player: SUCCESS
remove_player: SUCCESS
remove_player: SUCCESS
remove_player: SUCCESS
remove_player: SUCCESS
remove_player: SUCCESS
remove_player: SUCCESS
remove_player: SUCCESS
remove_player: SUCCESS
remove_player: SUCCESS
remove_player: SUCCESS
remove_player: SUCCESS
remove_player: SUCCESS
remove_player: SUCCESS
remove_player: SUCCESS
remove_player: SUCCESS
remove_player: SUCCESS
remove_player: SUCCESS
remove_player: SUCCESS
remove_player: SUCCESS
remove_player: SUCCESS
remove_player: SUCCESS
remove_player: SUCCESS
remove_player: SUCCESS
remove_player: SUCCESS
remove_player: SUCCESS
remove_player: SUCCESS
remove_player: SUCCESS
remove_player: SUCCESS
remove_player: SUCCESS
remove_player: SUCCESS
remove_player: SUCCESS
remove_player: SUCCESS
remove_player: SUCCESS
remove_player: SUCCESS
remove_player: SUCCESS
remove_player: SUCCESS
remove_player: SUCCESS
remove_player: SUCCESS
remove_player: SUCCESS
remove_player: SUCCESS
remove_player: SUCCESS
remove_player: SUCCESS
remove_player: SUCCESS
remove_player: SUCCESS
remove_player: SUCCESS
remove_player: SUCCESS
remove_player: SUCCESS
remove_player: SUCCESS
remove_player: SUCCESS
remove_player: SUCCESS
remove_player: SUCCESS
remove_player: SUCCESS
remove_player: SUCCESS
remove_player: SUCCESS
remove_player: SUCCESS
remove_player: SUCCESS
remove_player: SUCCESS
remove_player: SUCCESS
remove_player: SUCCESS
remove_player: SUCCESS
remove_player: SUCCESS
remove_player: SUCCESS
remove_player: SUCCESS
remove_player: SUCCESS
remove_player: SUCCESS
remove_player: SUCCESS
remove_player: SUCCESS
remove_player: SUCCESS
remove_player: SUCCESS
remove_player: SUCCESS
remove_player: SUCCESS
remove_player: SUCCESS
remove_player: SUCCESS
remove_player: SUCCESS
remove_player: SUCCESS
remove_player: SUCCESS
remove_player: SUCCESS
remove_player: SUCCESS
remove_player: SUCCESS
remove_player: SUCCESS
remove_player: SUCCESS
remove_player: SUCCESS
remove_player: SUCCESS
remove_player: SUCCESS
remove_player: SUCCESS
remove_player: SUCCESS
remove_player: SUCCESS
remove_player: SUCCESS
remove_player: SUCCESS
remove_player: SUCCESS
remove_player: SUCCESS
remove_player: SUCCESS
remove_player: SUCCESS
remove_player: SUCCESS
remove_player: SUCCESS
remove_player: SUCCESS
remove_player: SUCCESS
remove_player: SUCCESS
remove_player: SUCCESS
remove_player: SUCCESS
remove_player: SUCCESS
remove_player: SUCCESS
remove_player: SUCCESS
remove_player: SUCCESS
remove_player: SUCCESS
remove_player: SUCCESS
remove_player: SUCCESS
remove_player: SUCCESS
remove_team: SUCCESS
remove_team: SUCCESS
remove_team: SUCCESS
remove_team: SUCCESS
remove_team: SUCCESS
remove_team: SUCCESS
