add_team: SUCCESS
add_team: SUCCESS
add_team: SUCCESS
add_team: SUCCESS
add_team: SUCCESS
add_team: SUCCESS
add_team: SUCCESS
add_team: SUCCESS
add_team: SUCCESS
add_team: SUCCESS
add_team: SUCCESS
add_team: SUCCESS
add_team: SUCCESS
add_team: SUCCESS
add_team: SUCCESS
add_team: SUCCESS
add_team: SUCCESS
add_team: SUCCESS
add_team: SUCCESS
add_team: SUCCESS
add_player: SUCCESS
add_player: SUCCESS
add_player: SUCCESS
add_player: SUCCESS
add_player: SUCCESS
add_player: SUCCESS
add_player: SUCCESS
add_player: SUCCESS
add_player: SUCCESS
add_player: SUCCESS
add_player: SUCCESS
add_player: SUCCESS
add_player: SUCCESS
add_player: SUCCESS
add_player: SUCCESS
add_player: SUCCESS
add_player: SUCCESS
add_player: SUCCESS
add_player: SUCCESS
add_player: SUCCESS
add_player: SUCCESS
add_player: SUCCESS
add_player: SUCCESS
add_player: SUCCESS
add_player: SUCCESS
add_player: SUCCESS
add_player: SUCCESS
add_player: SUCCESS
add_player: SUCCESS
add_player: SUCCESS
add_player: SUCCESS
add_player: SUCCESS
add_player: SUCCESS
add_player: SUCCESS
add_player: SUCCESS
add_player: SUCCESS
add_player: SUCCESS
add_player: SUCCESS
add_player: SUCCESS
add_player: SUCCESS
add_player: SUCCESS
add_player: SUCCESS
add_player: SUCCESS
add_player: SUCCESS
add_player: SUCCESS
add_player: SUCCESS
add_player: SUCCESS
add_player: SUCCESS
add_player: SUCCESS
add_player: SUCCESS
add_player: SUCCESS
add_player: SUCCESS
add_player: SUCCESS
add_player: SUCCESS
add_player: SUCCESS
add_player: SUCCESS
add_player: SUCCESS
add_player: SUCCESS
add_player: SUCCESS
add_player: SUCCESS
add_player: SUCCESS
add_player: SUCCESS
add_player: SUCCESS
add_player: SUCCESS
add_player: SUCCESS
add_player: SUCCESS
add_player: SUCCESS
add_player: SUCCESS
add_player: SUCCESS
add_player: SUCCESS
add_player: SUCCESS
add_player: SUCCESS
add_player: SUCCESS
add_player: SUCCESS
add_player: SUCCESS
add_player: SUCCESS
add_player: SUCCESS
add_player: SUCCESS
add_player: SUCCESS
add_player: SUCCESS
add_player: SUCCESS
add_player: SUCCESS
add_player: SUCCESS
add_player: SUCCESS
add_player: SUCCESS
add_player: SUCCESS
add_player: SUCCESS
add_player: SUCCESS
add_player: SUCCESS
add_player: SUCCESS
add_player: SUCCESS
add_player: SUCCESS
add_player: SUCCESS
add_player: SUCCESS
add_player: SUCCESS
add_player: SUCCESS
add_player: SUCCESS
add_player: SUCCESS
add_player: SUCCESS
add_player: SUCCESS
add_player: SUCCESS
add_player: SUCCESS
add_player: SUCCESS
add_player: SUCCESS
add_player: SUCCESS
add_player: SUCCESS
add_player: SUCCESS
add_player: SUCCESS
add_player: SUCCESS
add_player: SUCCESS
add_player: SUCCESS
add_player: SUCCESS
add_player: SUCCESS
add_player: SUCCESS
add_player: SUCCESS
add_player: SUCCESS
add_player: SUCCESS
add_player: SUCCESS
add_player: SUCCESS
add_player: SUCCESS
add_player: SUCCESS
add_player: SUCCESS
add_player: SUCCESS
add_player: SUCCESS
add_player: SUCCESS
add_player: SUCCESS
add_player: SUCCESS
add_player: SUCCESS
add_player: SUCCESS
add_player: SUCCESS
add_player: SUCCESS
add_player: SUCCESS
add_player: SUCCESS
add_player: SUCCESS
add_player: SUCCESS
add_player: SUCCESS
add_player: SUCCESS
add_player: SUCCESS
add_player: SUCCESS
add_player: SUCCESS
add_player: SUCCESS
add_player: SUCCESS
add_player: SUCCESS
add_player: SUCCESS
add_player: SUCCESS
add_player: SUCCESS
add_player: SUCCESS
add_player: SUCCESS
add_player: SUCCESS
add_player: SUCCESS
add_player: SUCCESS
add_player: SUCCESS
add_player: SUCCESS
add_player: SUCCESS
add_player: SUCCESS
add_player: SUCCESS
add_player: SUCCESS
add_player: SUCCESS
add_player: SUCCESS
add_player: SUCCESS
add_player: SUCCESS
add_player: SUCCESS
add_player: SUCCESS
add_player: SUCCESS
add_player: SUCCESS
add_player: SUCCESS
add_player: SUCCESS
add_player: SUCCESS
add_player: SUCCESS
add_player: SUCCESS
add_player: SUCCESS
add_player: SUCCESS
add_player: SUCCESS
add_player: SUCCESS
add_player: SUCCESS
add_player: SUCCESS
add_player: SUCCESS
add_player: SUCCESS
add_player: SUCCESS
add_player: SUCCESS
add_player: SUCCESS
add_player: SUCCESS
add_player: SUCCESS
add_player: SUCCESS
add_player: SUCCESS
add_player: SUCCESS
add_player: SUCCESS
add_player: SUCCESS
add_player: SUCCESS
add_player: SUCCESS
add_player: SUCCESS
add_player: SUCCESS
add_player: SUCCESS
add_player: SUCCESS
add_player: SUCCESS
add_player: SUCCESS
add_player: SUCCESS
add_player: SUCCESS
add_player: SUCCESS
add_player: SUCCESS
get_all_players: SUCCESS
106
120
116
121
15
134
110
189
152
55
67
188
get_top_scorer: SUCCESS, 26
get_closest_player: SUCCESS, 142
get_all_players_count: SUCCESS, 11
get_all_players: SUCCESS
50
42
9
195
173
119
get_top_scorer: SUCCESS, 181
update_player_stats: SUCCESS
remove_player: SUCCESS
get_closest_player: SUCCESS, 97
get_all_players: SUCCESS
163
72
84
23
111
170
82
184
45
191
27
181
get_num_played_games: SUCCESS, 10612
get_all_players_count: SUCCESS, 7
get_all_players_count: SUCCESS, 14
remove_player: SUCCESS
get_top_scorer: SUCCESS, 194
get_num_played_games: SUCCESS, 2765
get_top_scorer: SUCCESS, 78
update_player_stats: SUCCESS
get_all_players: SUCCESS
106
120
116
121
15
134
110
189
152
55
67
188
update_player_stats: SUCCESS
update_player_stats: SUCCESS
get_all_players_count: SUCCESS, 5
get_closest_player: SUCCESS, 180
add_player: FAILURE
get_all_players_count: SUCCESS, 11
get_all_players: SUCCESS
52
73
198
148
138
get_num_played_games: SUCCESS, 10000
get_all_players: SUCCESS
136
200
161
128
169
88
132
2
58
162
140
177
93
56
158
12
97
get_num_played_games: SUCCESS, 4301
unite_teams: FAILURE
remove_player: SUCCESS
remove_team: FAILURE
get_all_players_count: SUCCESS, 11
get_team_points: SUCCESS, 6693
get_num_played_games: SUCCESS, 1447
get_team_points: SUCCESS, 10988
get_team_points: SUCCESS, 3656
remove_team: FAILURE
remove_team: FAILURE
knockout_winner: SUCCESS, 9
knockout_winner: INVALID_INPUT
knockout_winner: INVALID_INPUT
knockout_winner: SUCCESS, 13
knockout_winner: INVALID_INPUT
update_player_stats: SUCCESS
knockout_winner: SUCCESS, 6
knockout_winner: SUCCESS, 13
knockout_winner: SUCCESS, 6
knockout_winner: SUCCESS, 13
knockout_winner: INVALID_INPUT
get_num_played_games: SUCCESS, 9386
get_all_players: SUCCESS
131
17
41
159
40
update_player_stats: SUCCESS
play_match: SUCCESS
get_all_players_count: SUCCESS, 17
get_team_points: SUCCESS, 165
get_closest_player: SUCCESS, 30
get_all_players_count: SUCCESS, 5
remove_team: FAILURE
remove_team: FAILURE
knockout_winner: SUCCESS, 6
knockout_winner: INVALID_INPUT
knockout_winner: INVALID_INPUT
knockout_winner: SUCCESS, 13
knockout_winner: INVALID_INPUT
play_match: INVALID_INPUT
remove_team: FAILURE
knockout_winner: SUCCESS, 3
knockout_winner: INVALID_INPUT
knockout_winner: INVALID_INPUT
knockout_winner: SUCCESS, 6
knockout_winner: INVALID_INPUT
get_top_scorer: SUCCESS, 124
knockout_winner: SUCCESS, 13
knockout_winner: SUCCESS, 20
knockout_winner: SUCCESS, 6
knockout_winner: SUCCESS, 20
knockout_winner: INVALID_INPUT
get_closest_player: SUCCESS, 159
get_top_scorer: SUCCESS, 78
get_all_players_count: SUCCESS, 9
get_num_played_games: SUCCESS, 12314
play_match: FAILURE
get_all_players: SUCCESS
74
20
186
61
70
6
51
114
139
167
38
get_top_scorer: SUCCESS, 81
get_all_players: SUCCESS
199
35
64
3
157
44
178
87
75
8
unite_teams: FAILURE
get_team_points: SUCCESS, 4284
remove_team: FAILURE
knockout_winner: FAILURE
knockout_winner: SUCCESS, 13
knockout_winner: SUCCESS, 7
knockout_winner: FAILURE
knockout_winner: INVALID_INPUT
get_top_scorer: SUCCESS, 8
play_match: FAILURE
remove_player: SUCCESS
update_player_stats: SUCCESS
update_player_stats: SUCCESS
remove_player: SUCCESS
get_team_points: SUCCESS, 4222
add_player: FAILURE
get_closest_player: SUCCESS, 149
remove_player: SUCCESS
get_top_scorer: SUCCESS, 53
get_closest_player: SUCCESS, 14
get_num_played_games: SUCCESS, 11672
get_all_players_count: SUCCESS, 13
get_num_played_games: SUCCESS, 12269
get_num_played_games: SUCCESS, 8106
add_team: FAILURE
knockout_winner: SUCCESS, 20
knockout_winner: SUCCESS, 20
knockout_winner: SUCCESS, 13
knockout_winner: FAILURE
knockout_winner: INVALID_INPUT
get_closest_player: SUCCESS, 163
update_player_stats: SUCCESS
remove_player: SUCCESS
get_all_players_count: SUCCESS, 5
unite_teams: FAILURE
get_team_points: SUCCESS, 8203
get_team_points: SUCCESS, 6791
knockout_winner: FAILURE
knockout_winner: SUCCESS, 20
knockout_winner: SUCCESS, 13
knockout_winner: FAILURE
knockout_winner: INVALID_INPUT
play_match: SUCCESS
add_player: FAILURE
add_player: FAILURE
get_team_points: SUCCESS, 4641
get_all_players: SUCCESS
98
168
69
141
155
85
171
183
4
100
150
19
153
get_all_players_count: SUCCESS, 10
unite_teams: FAILURE
update_player_stats: SUCCESS
knockout_winner: SUCCESS, 13
knockout_winner: INVALID_INPUT
knockout_winner: INVALID_INPUT
knockout_winner: SUCCESS, 20
knockout_winner: SUCCESS, 6
knockout_winner: SUCCESS, 16
knockout_winner: SUCCESS, 20
knockout_winner: SUCCESS, 11
knockout_winner: SUCCESS, 20
knockout_winner: INVALID_INPUT
play_match: FAILURE
unite_teams: FAILURE
update_player_stats: SUCCESS
play_match: FAILURE
knockout_winner: SUCCESS, 20
knockout_winner: SUCCESS, 20
knockout_winner: FAILURE
knockout_winner: FAILURE
knockout_winner: INVALID_INPUT
update_player_stats: SUCCESS
remove_player: SUCCESS
add_team: FAILURE
get_num_played_games: SUCCESS, 6032
play_match: FAILURE
remove_player: SUCCESS
get_all_players_count: SUCCESS, 10
get_team_points: SUCCESS, 5866
get_all_players_count: SUCCESS, 13
get_all_players_count: SUCCESS, 5
get_all_players: SUCCESS
48
83
65
133
190
57
10
59
11
172
77
95
5
79
125
124
add_team: FAILURE
knockout_winner: SUCCESS, 13
knockout_winner: SUCCESS, 20
knockout_winner: SUCCESS, 13
knockout_winner: SUCCESS, 20
knockout_winner: SUCCESS, 13
play_match: FAILURE
get_closest_player: SUCCESS, 175
add_player: FAILURE
add_team: FAILURE
add_player: FAILURE
get_top_scorer: SUCCESS, 97
play_match: FAILURE
add_team: FAILURE
get_num_played_games: SUCCESS, 1621
add_player: FAILURE
get_all_players_count: SUCCESS, 6
add_player: FAILURE
update_player_stats: SUCCESS
play_match: FAILURE
get_top_scorer: SUCCESS, 119
update_player_stats: SUCCESS
remove_player: SUCCESS
get_top_scorer: SUCCESS, 81
get_all_players: SUCCESS
102
33
14
166
160
108
90
remove_player: SUCCESS
remove_team: FAILURE
get_all_players_count: SUCCESS, 11
add_player: FAILURE
remove_team: FAILURE
get_closest_player: SUCCESS, 141
update_player_stats: SUCCESS
knockout_winner: SUCCESS, 6
knockout_winner: INVALID_INPUT
knockout_winner: INVALID_INPUT
knockout_winner: SUCCESS, 9
knockout_winner: INVALID_INPUT
add_player: FAILURE
get_num_played_games: SUCCESS, 10320
add_player: FAILURE
unite_teams: SUCCESS
get_closest_player: SUCCESS, 86
remove_player: SUCCESS
play_match: SUCCESS
update_player_stats: SUCCESS
add_player: FAILURE
unite_teams: FAILURE
add_team: FAILURE
get_top_scorer: SUCCESS, 176
add_player: FAILURE
add_team: FAILURE
remove_player: SUCCESS
play_match: SUCCESS
play_match: FAILURE
remove_player: SUCCESS
get_team_points: SUCCESS, 4543
get_all_players_count: SUCCESS, 11
get_num_played_games: SUCCESS, 10141
remove_team: FAILURE
get_all_players_count: SUCCESS, 16
get_closest_player: SUCCESS, 56
play_match: FAILURE
add_player: FAILURE
get_closest_player: SUCCESS, 110
add_player: FAILURE
get_num_played_games: SUCCESS, 6336
add_team: FAILURE
get_all_players_count: SUCCESS, 7
add_team: FAILURE
get_all_players: SUCCESS
52
73
131
198
17
41
159
40
148
138
remove_player: SUCCESS
get_all_players: SUCCESS
24
174
112
107
185
147
28
21
68
109
78
update_player_stats: SUCCESS
remove_player: SUCCESS
unite_teams: FAILURE
get_closest_player: SUCCESS, 50
update_player_stats: SUCCESS
knockout_winner: SUCCESS, 20
knockout_winner: SUCCESS, 20
knockout_winner: SUCCESS, 11
knockout_winner: SUCCESS, 20
knockout_winner: INVALID_INPUT
remove_player: SUCCESS
unite_teams: FAILURE
update_player_stats: SUCCESS
unite_teams: FAILURE
unite_teams: INVALID_INPUT
get_closest_player: SUCCESS, 26
get_all_players_count: SUCCESS, 15
add_team: FAILURE
update_player_stats: SUCCESS
play_match: SUCCESS
get_num_played_games: SUCCESS, 12114
get_all_players: SUCCESS
106
120
116
121
15
134
110
189
152
55
67
188
add_player: FAILURE
get_all_players_count: SUCCESS, 7
add_team: FAILURE
get_team_points: SUCCESS, 4543
get_all_players_count: SUCCESS, 15
remove_player: SUCCESS
add_player: FAILURE
unite_teams: SUCCESS
knockout_winner: SUCCESS, 16
knockout_winner: SUCCESS, 20
knockout_winner: SUCCESS, 9
knockout_winner: SUCCESS, 20
knockout_winner: INVALID_INPUT
get_num_played_games: SUCCESS, 2194
knockout_winner: SUCCESS, 16
knockout_winner: SUCCESS, 20
knockout_winner: SUCCESS, 9
knockout_winner: SUCCESS, 20
knockout_winner: INVALID_INPUT
get_team_points: SUCCESS, 1326
add_player: FAILURE
get_all_players_count: SUCCESS, 10
get_all_players_count: SUCCESS, 13
update_player_stats: SUCCESS
add_team: FAILURE
get_team_points: SUCCESS, 5905
get_num_played_games: SUCCESS, 11005
remove_team: FAILURE
update_player_stats: SUCCESS
get_team_points: SUCCESS, 5905
get_num_played_games: SUCCESS, 3838
unite_teams: FAILURE
get_all_players: SUCCESS
7
137
156
176
unite_teams: INVALID_INPUT
knockout_winner: SUCCESS, 9
knockout_winner: INVALID_INPUT
knockout_winner: INVALID_INPUT
knockout_winner: SUCCESS, 20
knockout_winner: SUCCESS, 9
add_player: FAILURE
get_closest_player: SUCCESS, 114
knockout_winner: SUCCESS, 9
knockout_winner: SUCCESS, 20
knockout_winner: SUCCESS, 9
knockout_winner: SUCCESS, 20
knockout_winner: INVALID_INPUT
get_top_scorer: SUCCESS, 188
add_player: FAILURE
add_team: FAILURE
play_match: FAILURE
add_team: FAILURE
remove_team: FAILURE
get_team_points: SUCCESS, 5905
play_match: FAILURE
get_all_players_count: SUCCESS, 7
add_team: FAILURE
get_all_players_count: SUCCESS, 7
update_player_stats: SUCCESS
get_top_scorer: SUCCESS, 151
get_num_played_games: SUCCESS, 10141
get_num_played_games: SUCCESS, 9166
unite_teams: FAILURE
update_player_stats: SUCCESS
play_match: FAILURE
unite_teams: FAILURE
remove_team: FAILURE
get_all_players: SUCCESS
129
165
192
149
135
89
143
71
29
49
add_team: FAILURE
update_player_stats: SUCCESS
add_player: FAILURE
update_player_stats: SUCCESS
get_all_players: SUCCESS
163
72
111
170
191
27
184
82
update_player_stats: SUCCESS
play_match: FAILURE
remove_team: FAILURE
get_num_played_games: SUCCESS, 6687
knockout_winner: FAILURE
knockout_winner: SUCCESS, 20
knockout_winner: FAILURE
knockout_winner: SUCCESS, 20
knockout_winner: INVALID_INPUT
add_team: FAILURE
get_all_players_count: SUCCESS, 10
remove_player: SUCCESS
update_player_stats: SUCCESS
update_player_stats: SUCCESS
get_team_points: SUCCESS, 10232
play_match: FAILURE
get_closest_player: SUCCESS, 183
get_all_players: SUCCESS
7
137
156
176
remove_player: SUCCESS
get_closest_player: SUCCESS, 112
add_team: FAILURE
remove_player: SUCCESS
get_num_played_games: SUCCESS, 6806
play_match: FAILURE
unite_teams: SUCCESS
get_num_played_games: SUCCESS, 6687
remove_player: SUCCESS
get_top_scorer: SUCCESS, 138
get_top_scorer: SUCCESS, 5
unite_teams: FAILURE
get_top_scorer: SUCCESS, 81
add_team: FAILURE
play_match: FAILURE
play_match: FAILURE
get_team_points: SUCCESS, 12597
play_match: FAILURE
add_player: FAILURE
get_num_played_games: SUCCESS, 3371
unite_teams: FAILURE
get_closest_player: SUCCESS, 13
update_player_stats: SUCCESS
get_top_scorer: SUCCESS, 5
knockout_winner: INVALID_INPUT
knockout_winner: SUCCESS, 5
knockout_winner: INVALID_INPUT
knockout_winner: INVALID_INPUT
knockout_winner: INVALID_INPUT
knockout_winner: SUCCESS, 3
knockout_winner: INVALID_INPUT
knockout_winner: INVALID_INPUT
knockout_winner: FAILURE
knockout_winner: INVALID_INPUT
add_player: FAILURE
get_team_points: SUCCESS, 4222
get_all_players: SUCCESS
7
137
156
176
unite_teams: FAILURE
unite_teams: FAILURE
remove_player: SUCCESS
unite_teams: FAILURE
remove_player: SUCCESS
add_team: FAILURE
get_top_scorer: SUCCESS, 138
get_team_points: SUCCESS, 12828
get_team_points: SUCCESS, 4543
get_all_players: SUCCESS
175
179
43
96
126
30
remove_team: FAILURE
play_match: INVALID_INPUT
get_top_scorer: SUCCESS, 49
get_num_played_games: SUCCESS, 4302
get_all_players_count: SUCCESS, 13
get_all_players: SUCCESS
73
131
52
198
17
41
159
40
148
138
get_all_players_count: SUCCESS, 10
get_team_points: SUCCESS, 6693
get_all_players: SUCCESS
73
131
52
198
17
41
159
40
148
138
get_all_players: SUCCESS
163
72
111
170
191
27
184
82
get_closest_player: SUCCESS, 191
remove_player: SUCCESS
get_all_players: SUCCESS
175
179
43
96
126
30
update_player_stats: SUCCESS
get_team_points: SUCCESS, 12573
remove_team: FAILURE
knockout_winner: INVALID_INPUT
knockout_winner: SUCCESS, 16
knockout_winner: INVALID_INPUT
knockout_winner: INVALID_INPUT
knockout_winner: INVALID_INPUT
knockout_winner: INVALID_INPUT
knockout_winner: FAILURE
knockout_winner: INVALID_INPUT
knockout_winner: INVALID_INPUT
knockout_winner: INVALID_INPUT
get_top_scorer: SUCCESS, 188
play_match: FAILURE
remove_player: SUCCESS
play_match: FAILURE
remove_player: SUCCESS
add_team: FAILURE
get_top_scorer: SUCCESS, 129
unite_teams: FAILURE
play_match: FAILURE
get_all_players: SUCCESS
22
66
127
91
101
92
37
164
39
123
151
play_match: FAILURE
play_match: FAILURE
update_player_stats: SUCCESS
remove_player: SUCCESS
add_team: FAILURE
get_closest_player: SUCCESS, 32
update_player_stats: SUCCESS
get_num_played_games: SUCCESS, 12012
remove_player: SUCCESS
add_player: FAILURE
unite_teams: FAILURE
play_match: FAILURE
knockout_winner: SUCCESS, 5
knockout_winner: SUCCESS, 3
knockout_winner: SUCCESS, 3
knockout_winner: SUCCESS, 16
knockout_winner: INVALID_INPUT
remove_team: FAILURE
unite_teams: FAILURE
add_player: FAILURE
get_team_points: SUCCESS, 6693
remove_team: FAILURE
unite_teams: INVALID_INPUT
get_num_played_games: SUCCESS, 13668
add_team: FAILURE
update_player_stats: SUCCESS
add_player: FAILURE
get_all_players_count: SUCCESS, 27
update_player_stats: SUCCESS
get_all_players_count: SUCCESS, 10
add_player: FAILURE
get_team_points: SUCCESS, 4222
get_all_players: SUCCESS
175
43
96
179
126
30
play_match: FAILURE
remove_player: SUCCESS
update_player_stats: SUCCESS
play_match: FAILURE
get_num_played_games: SUCCESS, 2906
get_num_played_games: SUCCESS, 10867
get_team_points: SUCCESS, 165
remove_team: FAILURE
get_team_points: SUCCESS, 165
update_player_stats: SUCCESS
get_all_players: SUCCESS
200
83
65
161
128
133
190
57
10
88
132
59
2
58
11
172
77
162
169
79
140
177
158
124
97
95
5
unite_teams: FAILURE
unite_teams: FAILURE
play_match: FAILURE
get_closest_player: SUCCESS, 134
play_match: FAILURE
play_match: FAILURE
get_all_players_count: SUCCESS, 10
play_match: FAILURE
get_num_played_games: SUCCESS, 10473
remove_player: SUCCESS
play_match: FAILURE
get_top_scorer: SUCCESS, 188
unite_teams: FAILURE
get_all_players: SUCCESS
165
192
149
135
89
143
71
49
129
29
unite_teams: FAILURE
get_all_players_count: SUCCESS, 3
get_all_players: SUCCESS
175
43
96
179
126
30
get_num_played_games: SUCCESS, 17795
get_top_scorer: SUCCESS, 138
add_team: FAILURE
play_match: FAILURE
knockout_winner: FAILURE
knockout_winner: SUCCESS, 16
knockout_winner: FAILURE
knockout_winner: FAILURE
knockout_winner: INVALID_INPUT
remove_player: SUCCESS
get_all_players_count: SUCCESS, 12
update_player_stats: SUCCESS
add_team: FAILURE
add_player: FAILURE
get_all_players_count: SUCCESS, 6
get_closest_player: SUCCESS, 174
add_team: FAILURE
get_all_players: SUCCESS
106
120
116
121
15
134
110
189
152
55
67
188
get_closest_player: SUCCESS, 177
get_team_points: SUCCESS, 10232
unite_teams: FAILURE
get_team_points: SUCCESS, 10232
update_player_stats: SUCCESS
remove_player: SUCCESS
update_player_stats: SUCCESS
get_num_played_games: SUCCESS, 739
remove_team: FAILURE
play_match: FAILURE
get_team_points: SUCCESS, 6693
add_team: FAILURE
play_match: FAILURE
get_team_points: SUCCESS, 12588
unite_teams: FAILURE
unite_teams: FAILURE
get_all_players_count: SUCCESS, 9
get_all_players: SUCCESS
106
120
116
121
15
134
110
189
152
55
67
188
get_all_players: SUCCESS
105
142
122
34
16
36
194
remove_team: FAILURE
get_all_players_count: SUCCESS, 11
unite_teams: FAILURE
knockout_winner: SUCCESS, 16
knockout_winner: SUCCESS, 16
knockout_winner: SUCCESS, 11
knockout_winner: FAILURE
knockout_winner: INVALID_INPUT
remove_player: SUCCESS
get_closest_player: SUCCESS, 161
update_player_stats: SUCCESS
add_team: FAILURE
knockout_winner: SUCCESS, 11
knockout_winner: SUCCESS, 5
knockout_winner: SUCCESS, 5
knockout_winner: SUCCESS, 16
knockout_winner: INVALID_INPUT
unite_teams: FAILURE
get_team_points: SUCCESS, 8203
get_all_players_count: SUCCESS, 12
get_team_points: SUCCESS, 12837
get_top_scorer: SUCCESS, 29
add_team: FAILURE
get_all_players_count: SUCCESS, 9
add_team: FAILURE
get_closest_player: SUCCESS, 50
knockout_winner: SUCCESS, 16
knockout_winner: SUCCESS, 16
knockout_winner: SUCCESS, 11
knockout_winner: FAILURE
knockout_winner: INVALID_INPUT
unite_teams: FAILURE
add_player: FAILURE
get_num_played_games: SUCCESS, 11032
knockout_winner: SUCCESS, 3
knockout_winner: INVALID_INPUT
knockout_winner: INVALID_INPUT
knockout_winner: SUCCESS, 16
knockout_winner: INVALID_INPUT
knockout_winner: INVALID_INPUT
knockout_winner: INVALID_INPUT
knockout_winner: INVALID_INPUT
knockout_winner: INVALID_INPUT
knockout_winner: INVALID_INPUT
unite_teams: SUCCESS
play_match: INVALID_INPUT
get_team_points: SUCCESS, 12843
get_all_players_count: SUCCESS, 7
remove_team: FAILURE
get_all_players_count: SUCCESS, 10
remove_player: SUCCESS
get_all_players_count: SUCCESS, 27
knockout_winner: FAILURE
knockout_winner: SUCCESS, 5
knockout_winner: SUCCESS, 5
knockout_winner: FAILURE
knockout_winner: INVALID_INPUT
get_top_scorer: SUCCESS, 151
knockout_winner: INVALID_INPUT
knockout_winner: INVALID_INPUT
knockout_winner: INVALID_INPUT
knockout_winner: INVALID_INPUT
knockout_winner: INVALID_INPUT
get_team_points: SUCCESS, 1362
get_closest_player: SUCCESS, 155
get_closest_player: SUCCESS, 191
get_all_players_count: SUCCESS, 7
knockout_winner: SUCCESS, 16
knockout_winner: SUCCESS, 16
knockout_winner: SUCCESS, 11
knockout_winner: FAILURE
knockout_winner: INVALID_INPUT
play_match: FAILURE
get_all_players_count: SUCCESS, 3
unite_teams: FAILURE
play_match: FAILURE
remove_team: FAILURE
get_top_scorer: SUCCESS, 194
knockout_winner: SUCCESS, 16
knockout_winner: SUCCESS, 16
knockout_winner: SUCCESS, 11
knockout_winner: FAILURE
knockout_winner: INVALID_INPUT
update_player_stats: SUCCESS
get_closest_player: SUCCESS, 39
get_team_points: SUCCESS, 1362
knockout_winner: SUCCESS, 16
knockout_winner: SUCCESS, 5
knockout_winner: SUCCESS, 5
knockout_winner: SUCCESS, 16
knockout_winner: INVALID_INPUT
remove_player: SUCCESS
remove_team: FAILURE
remove_team: FAILURE
get_all_players: SUCCESS
200
83
65
161
128
133
190
57
10
88
132
59
2
58
11
77
172
162
169
79
140
177
158
124
97
95
5
get_top_scorer: SUCCESS, 188
get_num_played_games: SUCCESS, 1583
get_top_scorer: SUCCESS, 188
update_player_stats: SUCCESS
remove_player: SUCCESS
remove_player: SUCCESS
play_match: SUCCESS
get_all_players: SUCCESS
106
116
121
15
134
110
189
152
55
67
188
get_team_points: SUCCESS, 10232
get_all_players: SUCCESS
106
116
121
15
134
110
189
152
55
67
188
get_all_players_count: SUCCESS, 7
knockout_winner: SUCCESS, 16
knockout_winner: SUCCESS, 16
knockout_winner: SUCCESS, 11
knockout_winner: FAILURE
knockout_winner: INVALID_INPUT
remove_team: FAILURE
get_num_played_games: SUCCESS, 9746
update_player_stats: SUCCESS
get_top_scorer: SUCCESS, 151
get_all_players: SUCCESS
200
83
65
161
128
133
190
10
88
132
59
2
58
11
77
172
162
169
79
140
57
158
124
97
95
5
get_team_points: SUCCESS, 7991
remove_team: FAILURE
add_team: FAILURE
add_player: FAILURE
get_num_played_games: SUCCESS, 10653
add_player: FAILURE
update_player_stats: SUCCESS
play_match: FAILURE
unite_teams: FAILURE
get_top_scorer: SUCCESS, 138
add_team: FAILURE
add_player: FAILURE
update_player_stats: SUCCESS
get_all_players_count: SUCCESS, 11
knockout_winner: SUCCESS, 5
knockout_winner: INVALID_INPUT
knockout_winner: INVALID_INPUT
knockout_winner: SUCCESS, 16
knockout_winner: SUCCESS, 11
get_all_players_count: SUCCESS, 9
add_player: FAILURE
knockout_winner: SUCCESS, 11
knockout_winner: SUCCESS, 16
knockout_winner: FAILURE
knockout_winner: SUCCESS, 16
knockout_winner: INVALID_INPUT
get_closest_player: SUCCESS, 179
get_num_played_games: SUCCESS, 2765
get_all_players: SUCCESS
33
14
102
160
unite_teams: FAILURE
play_match: FAILURE
remove_team: FAILURE
remove_player: SUCCESS
play_match: FAILURE
update_player_stats: SUCCESS
add_team: FAILURE
remove_team: FAILURE
get_top_scorer: SUCCESS, 76
knockout_winner: SUCCESS, 16
knockout_winner: SUCCESS, 5
knockout_winner: SUCCESS, 5
knockout_winner: SUCCESS, 16
knockout_winner: INVALID_INPUT
get_team_points: SUCCESS, 7991
get_closest_player: SUCCESS, 46
get_num_played_games: SUCCESS, 10653
get_closest_player: SUCCESS, 133
add_player: FAILURE
get_all_players: SUCCESS
24
98
174
168
112
185
69
141
147
85
107
171
21
183
150
19
4
78
153
155
get_all_players_count: SUCCESS, 20
get_team_points: SUCCESS, 165
play_match: FAILURE
remove_player: SUCCESS
add_team: FAILURE
get_closest_player: SUCCESS, 194
add_player: FAILURE
remove_player: SUCCESS
add_player: FAILURE
update_player_stats: SUCCESS
add_team: FAILURE
add_player: FAILURE
get_top_scorer: SUCCESS, 5
get_all_players_count: SUCCESS, 20
add_team: FAILURE
remove_team: FAILURE
add_team: FAILURE
get_all_players: SUCCESS
50
42
119
9
195
knockout_winner: INVALID_INPUT
knockout_winner: INVALID_INPUT
knockout_winner: INVALID_INPUT
knockout_winner: INVALID_INPUT
knockout_winner: INVALID_INPUT
get_team_points: SUCCESS, 12597
get_num_played_games: SUCCESS, 10867
update_player_stats: SUCCESS
knockout_winner: FAILURE
knockout_winner: SUCCESS, 16
knockout_winner: FAILURE
knockout_winner: FAILURE
knockout_winner: INVALID_INPUT
get_top_scorer: SUCCESS, 82
add_player: FAILURE
get_all_players_count: SUCCESS, 20
add_player: FAILURE
get_all_players: SUCCESS
106
116
121
15
134
110
189
152
55
67
188
knockout_winner: SUCCESS, 11
knockout_winner: SUCCESS, 5
knockout_winner: SUCCESS, 5
knockout_winner: SUCCESS, 16
knockout_winner: INVALID_INPUT
get_team_points: SUCCESS, 8203
get_team_points: SUCCESS, 460
knockout_winner: FAILURE
knockout_winner: SUCCESS, 5
knockout_winner: SUCCESS, 2
knockout_winner: FAILURE
knockout_winner: INVALID_INPUT
play_match: FAILURE
remove_team: FAILURE
get_num_played_games: SUCCESS, 10813
get_team_points: SUCCESS, 10232
add_player: FAILURE
unite_teams: SUCCESS
update_player_stats: SUCCESS
get_all_players_count: SUCCESS, 20
get_top_scorer: SUCCESS, 160
play_match: INVALID_INPUT
get_top_scorer: SUCCESS, 167
add_team: FAILURE
get_closest_player: SUCCESS, 13
add_team: FAILURE
unite_teams: FAILURE
add_team: FAILURE
get_top_scorer: SUCCESS, 176
get_all_players_count: SUCCESS, 3
remove_player: SUCCESS
unite_teams: FAILURE
play_match: SUCCESS
remove_team: FAILURE
get_num_played_games: SUCCESS, 6032
get_num_played_games: SUCCESS, 1801
get_all_players_count: SUCCESS, 3
knockout_winner: SUCCESS, 15
knockout_winner: SUCCESS, 16
knockout_winner: FAILURE
knockout_winner: FAILURE
knockout_winner: INVALID_INPUT
get_all_players: SUCCESS
73
131
52
198
41
159
148
138
17
add_player: FAILURE
get_team_points: SUCCESS, 11087
remove_player: SUCCESS
unite_teams: FAILURE
get_all_players: SUCCESS
165
192
149
135
89
143
49
129
29
knockout_winner: SUCCESS, 16
knockout_winner: INVALID_INPUT
knockout_winner: INVALID_INPUT
knockout_winner: SUCCESS, 16
knockout_winner: SUCCESS, 11
get_all_players_count: SUCCESS, 12
remove_player: SUCCESS
get_num_played_games: SUCCESS, 2723
add_player: FAILURE
add_team: FAILURE
get_num_played_games: SUCCESS, 19517
knockout_winner: INVALID_INPUT
knockout_winner: INVALID_INPUT
knockout_winner: INVALID_INPUT
knockout_winner: INVALID_INPUT
knockout_winner: INVALID_INPUT
get_all_players_count: SUCCESS, 3
knockout_winner: SUCCESS, 16
knockout_winner: SUCCESS, 16
knockout_winner: SUCCESS, 11
knockout_winner: FAILURE
knockout_winner: INVALID_INPUT
remove_team: FAILURE
play_match: FAILURE
add_player: FAILURE
play_match: FAILURE
play_match: FAILURE
unite_teams: FAILURE
get_top_scorer: SUCCESS, 82
remove_player: SUCCESS
add_team: FAILURE
play_match: FAILURE
get_num_played_games: SUCCESS, 7048
play_match: FAILURE
get_closest_player: SUCCESS, 140
remove_player: SUCCESS
add_team: FAILURE
play_match: FAILURE
knockout_winner: INVALID_INPUT
knockout_winner: INVALID_INPUT
knockout_winner: INVALID_INPUT
knockout_winner: INVALID_INPUT
knockout_winner: INVALID_INPUT
play_match: FAILURE
get_closest_player: SUCCESS, 58
add_player: FAILURE
knockout_winner: INVALID_INPUT
knockout_winner: FAILURE
knockout_winner: INVALID_INPUT
knockout_winner: INVALID_INPUT
knockout_winner: INVALID_INPUT
knockout_winner: INVALID_INPUT
knockout_winner: INVALID_INPUT
knockout_winner: INVALID_INPUT
knockout_winner: INVALID_INPUT
knockout_winner: INVALID_INPUT
get_all_players_count: SUCCESS, 7
get_top_scorer: SUCCESS, 5
unite_teams: INVALID_INPUT
get_all_players_count: SUCCESS, 10
get_all_players_count: SUCCESS, 11
get_num_played_games: SUCCESS, 3468
get_num_played_games: SUCCESS, 3425
update_player_stats: SUCCESS
get_closest_player: SUCCESS, 97
add_team: FAILURE
add_team: FAILURE
get_all_players: SUCCESS
199
35
64
72
3
111
170
157
44
178
87
75
191
27
8
184
82
add_player: FAILURE
remove_team: FAILURE
add_player: FAILURE
get_all_players_count: SUCCESS, 8
get_all_players_count: SUCCESS, 11
get_top_scorer: SUCCESS, 150
knockout_winner: SUCCESS, 16
knockout_winner: SUCCESS, 16
knockout_winner: FAILURE
knockout_winner: SUCCESS, 16
knockout_winner: INVALID_INPUT
add_team: FAILURE
remove_player: SUCCESS
update_player_stats: SUCCESS
update_player_stats: SUCCESS
remove_team: FAILURE
get_top_scorer: SUCCESS, 17
unite_teams: FAILURE
get_all_players: SUCCESS
7
156
176
get_top_scorer: SUCCESS, 151
update_player_stats: SUCCESS
get_num_played_games: SUCCESS, 1583
knockout_winner: SUCCESS, 5
knockout_winner: SUCCESS, 5
knockout_winner: SUCCESS, 5
knockout_winner: SUCCESS, 16
knockout_winner: FAILURE
get_num_played_games: SUCCESS, 2070
get_closest_player: SUCCESS, 70
get_all_players: SUCCESS
24
98
174
168
112
69
141
85
107
171
21
183
185
19
4
147
155
78
150
unite_teams: FAILURE
add_player: FAILURE
get_closest_player: SUCCESS, 187
unite_teams: FAILURE
add_team: FAILURE
add_player: FAILURE
add_player: FAILURE
get_top_scorer: SUCCESS, 26
get_top_scorer: SUCCESS, 194
get_all_players: SUCCESS
7
156
176
get_num_played_games: SUCCESS, 225
knockout_winner: SUCCESS, 15
knockout_winner: SUCCESS, 16
knockout_winner: FAILURE
knockout_winner: FAILURE
knockout_winner: INVALID_INPUT
get_all_players: SUCCESS
200
83
65
161
128
133
190
10
88
132
59
2
58
11
77
169
79
140
57
158
124
97
95
5
add_player: FAILURE
unite_teams: FAILURE
get_num_played_games: SUCCESS, 12091
add_player: FAILURE
get_team_points: SUCCESS, 8203
add_player: FAILURE
get_all_players_count: SUCCESS, 5
get_all_players_count: SUCCESS, 5
update_player_stats: SUCCESS
add_player: FAILURE
knockout_winner: SUCCESS, 5
knockout_winner: INVALID_INPUT
knockout_winner: INVALID_INPUT
knockout_winner: SUCCESS, 16
knockout_winner: FAILURE
add_team: FAILURE
get_all_players_count: SUCCESS, 24
get_team_points: SUCCESS, 11087
play_match: INVALID_INPUT
update_player_stats: SUCCESS
knockout_winner: SUCCESS, 5
knockout_winner: INVALID_INPUT
knockout_winner: INVALID_INPUT
knockout_winner: SUCCESS, 16
knockout_winner: FAILURE
knockout_winner: FAILURE
knockout_winner: SUCCESS, 16
knockout_winner: FAILURE
knockout_winner: FAILURE
knockout_winner: INVALID_INPUT
get_closest_player: SUCCESS, 110
add_team: FAILURE
get_all_players_count: SUCCESS, 24
update_player_stats: SUCCESS
get_closest_player: SUCCESS, 168
remove_team: FAILURE
get_all_players: SUCCESS
165
192
149
135
89
143
49
129
29
unite_teams: FAILURE
play_match: INVALID_INPUT
remove_player: SUCCESS
get_top_scorer: SUCCESS, 4
get_closest_player: SUCCESS, 92
knockout_winner: FAILURE
knockout_winner: SUCCESS, 5
knockout_winner: SUCCESS, 5
knockout_winner: SUCCESS, 16
knockout_winner: INVALID_INPUT
get_all_players_count: SUCCESS, 8
get_top_scorer: SUCCESS, 195
get_closest_player: SUCCESS, 78
remove_team: FAILURE
get_all_players_count: SUCCESS, 5
get_top_scorer: SUCCESS, 151
get_all_players_count: SUCCESS, 12
get_closest_player: SUCCESS, 144
add_team: FAILURE
knockout_winner: SUCCESS, 16
knockout_winner: SUCCESS, 5
knockout_winner: SUCCESS, 5
knockout_winner: SUCCESS, 16
knockout_winner: INVALID_INPUT
remove_team: FAILURE
get_top_scorer: SUCCESS, 53
play_match: FAILURE
unite_teams: FAILURE
get_team_points: SUCCESS, 1476
update_player_stats: SUCCESS
unite_teams: FAILURE
remove_team: FAILURE
add_player: FAILURE
get_top_scorer: SUCCESS, 26
get_num_played_games: SUCCESS, 11236
add_player: FAILURE
add_player: FAILURE
remove_team: FAILURE
add_team: FAILURE
remove_player: SUCCESS
knockout_winner: INVALID_INPUT
knockout_winner: SUCCESS, 16
knockout_winner: INVALID_INPUT
knockout_winner: INVALID_INPUT
knockout_winner: INVALID_INPUT
get_top_scorer: SUCCESS, 4
remove_team: FAILURE
add_team: FAILURE
get_closest_player: SUCCESS, 69
get_all_players_count: SUCCESS, 19
remove_team: FAILURE
get_closest_player: SUCCESS, 26
play_match: FAILURE
update_player_stats: SUCCESS
remove_team: FAILURE
update_player_stats: SUCCESS
get_all_players: SUCCESS
7
156
176
get_closest_player: SUCCESS, 62
get_all_players: SUCCESS
20
61
70
6
51
114
74
167
get_team_points: SUCCESS, 12597
play_match: FAILURE
update_player_stats: SUCCESS
get_closest_player: SUCCESS, 27
get_all_players_count: SUCCESS, 11
play_match: FAILURE
remove_team: FAILURE
add_team: FAILURE
remove_player: SUCCESS
add_player: FAILURE
remove_team: FAILURE
get_top_scorer: SUCCESS, 140
get_closest_player: SUCCESS, 103
remove_team: FAILURE
get_closest_player: SUCCESS, 188
knockout_winner: INVALID_INPUT
knockout_winner: SUCCESS, 16
knockout_winner: INVALID_INPUT
knockout_winner: INVALID_INPUT
knockout_winner: INVALID_INPUT
unite_teams: SUCCESS
get_all_players_count: SUCCESS, 8
update_player_stats: SUCCESS
remove_team: FAILURE
play_match: FAILURE
knockout_winner: INVALID_INPUT
knockout_winner: INVALID_INPUT
knockout_winner: INVALID_INPUT
knockout_winner: INVALID_INPUT
knockout_winner: INVALID_INPUT
get_team_points: SUCCESS, 11087
get_team_points: SUCCESS, 12597
get_closest_player: SUCCESS, 132
unite_teams: FAILURE
get_team_points: SUCCESS, 4284
add_team: FAILURE
get_all_players_count: SUCCESS, 9
remove_player: SUCCESS
unite_teams: FAILURE
get_all_players_count: SUCCESS, 3
add_team: FAILURE
remove_team: FAILURE
get_top_scorer: SUCCESS, 195
remove_team: FAILURE
get_all_players_count: SUCCESS, 11
remove_team: FAILURE
remove_team: FAILURE
knockout_winner: SUCCESS, 4
knockout_winner: INVALID_INPUT
knockout_winner: INVALID_INPUT
knockout_winner: FAILURE
knockout_winner: INVALID_INPUT
remove_player: SUCCESS
add_player: FAILURE
add_team: FAILURE
remove_player: SUCCESS
get_all_players_count: SUCCESS, 11
get_all_players: SUCCESS
66
91
101
92
127
37
39
22
123
151
get_closest_player: SUCCESS, 29
get_all_players: SUCCESS
99
175
103
43
86
94
126
30
31
96
53
add_player: FAILURE
unite_teams: SUCCESS
unite_teams: INVALID_INPUT
get_team_points: SUCCESS, 10232
get_team_points: SUCCESS, 12597
unite_teams: FAILURE
knockout_winner: INVALID_INPUT
knockout_winner: INVALID_INPUT
knockout_winner: INVALID_INPUT
knockout_winner: INVALID_INPUT
knockout_winner: INVALID_INPUT
knockout_winner: SUCCESS, 18
knockout_winner: SUCCESS, 16
knockout_winner: FAILURE
knockout_winner: FAILURE
knockout_winner: INVALID_INPUT
remove_player: SUCCESS
get_all_players: SUCCESS
106
116
121
15
134
110
189
152
55
67
188
unite_teams: INVALID_INPUT
knockout_winner: FAILURE
knockout_winner: SUCCESS, 16
knockout_winner: FAILURE
knockout_winner: SUCCESS, 16
knockout_winner: INVALID_INPUT
unite_teams: FAILURE
get_closest_player: SUCCESS, 171
update_player_stats: SUCCESS
get_team_points: SUCCESS, 12597
get_num_played_games: SUCCESS, 4705
get_all_players: SUCCESS
200
65
161
128
133
190
10
88
59
11
77
169
79
57
158
124
97
83
58
95
2
5
140
unite_teams: FAILURE
get_num_played_games: SUCCESS, 5118
unite_teams: FAILURE
unite_teams: FAILURE
knockout_winner: SUCCESS, 16
knockout_winner: SUCCESS, 16
knockout_winner: SUCCESS, 8
knockout_winner: SUCCESS, 16
knockout_winner: INVALID_INPUT
play_match: FAILURE
add_player: FAILURE
get_top_scorer: SUCCESS, 53
remove_player: SUCCESS
get_all_players_count: SUCCESS, 14
get_all_players: SUCCESS
20
61
70
6
51
114
74
167
get_num_played_games: SUCCESS, 9671
remove_team: FAILURE
get_all_players: SUCCESS
50
42
119
9
195
get_top_scorer: SUCCESS, 160
knockout_winner: SUCCESS, 3
knockout_winner: INVALID_INPUT
knockout_winner: INVALID_INPUT
knockout_winner: SUCCESS, 8
knockout_winner: INVALID_INPUT
play_match: FAILURE
remove_team: FAILURE
get_all_players: SUCCESS
66
91
101
92
127
37
39
22
123
151
add_team: FAILURE
add_player: FAILURE
get_team_points: SUCCESS, 8015
get_team_points: SUCCESS, 8203
play_match: FAILURE
remove_player: SUCCESS
unite_teams: FAILURE
get_top_scorer: SUCCESS, 29
get_top_scorer: SUCCESS, 160
get_top_scorer: SUCCESS, 160
remove_team: FAILURE
knockout_winner: SUCCESS, 4
knockout_winner: INVALID_INPUT
knockout_winner: INVALID_INPUT
knockout_winner: FAILURE
knockout_winner: INVALID_INPUT
update_player_stats: SUCCESS
get_num_played_games: SUCCESS, 5091
get_closest_player: SUCCESS, 87
get_all_players_count: SUCCESS, 7
get_team_points: SUCCESS, 12603
remove_team: FAILURE
get_top_scorer: SUCCESS, 160
get_all_players: SUCCESS
98
174
168
112
69
141
85
107
171
21
185
19
147
155
78
4
150
add_team: FAILURE
get_all_players: SUCCESS
98
174
168
112
69
141
85
107
171
21
185
19
147
155
78
4
150
unite_teams: FAILURE
get_num_played_games: SUCCESS, 6562
add_player: FAILURE
remove_team: FAILURE
get_all_players: SUCCESS
105
142
122
16
36
194
get_num_played_games: SUCCESS, 8877
get_closest_player: SUCCESS, 154
add_team: FAILURE
knockout_winner: SUCCESS, 3
knockout_winner: INVALID_INPUT
knockout_winner: INVALID_INPUT
knockout_winner: SUCCESS, 16
knockout_winner: SUCCESS, 8
get_top_scorer: SUCCESS, 150
add_team: FAILURE
get_top_scorer: SUCCESS, 82
remove_player: SUCCESS
get_all_players_count: SUCCESS, 20
play_match: FAILURE
update_player_stats: SUCCESS
add_player: FAILURE
knockout_winner: SUCCESS, 16
knockout_winner: SUCCESS, 16
knockout_winner: SUCCESS, 8
knockout_winner: SUCCESS, 16
knockout_winner: INVALID_INPUT
get_all_players_count: SUCCESS, 14
get_all_players: SUCCESS
66
91
101
92
127
37
39
22
123
151
get_all_players_count: SUCCESS, 7
add_player: FAILURE
get_num_played_games: SUCCESS, 12255
get_all_players: SUCCESS
73
131
52
198
41
159
148
138
17
play_match: FAILURE
knockout_winner: SUCCESS, 16
knockout_winner: SUCCESS, 16
knockout_winner: SUCCESS, 4
knockout_winner: SUCCESS, 16
knockout_winner: INVALID_INPUT
get_all_players_count: SUCCESS, 5
get_num_played_games: SUCCESS, 3446
play_match: FAILURE
get_all_players_count: SUCCESS, 22
get_all_players: SUCCESS
50
42
119
9
195
knockout_winner: INVALID_INPUT
knockout_winner: FAILURE
knockout_winner: INVALID_INPUT
knockout_winner: INVALID_INPUT
knockout_winner: INVALID_INPUT
remove_team: FAILURE
get_team_points: SUCCESS, 12597
remove_team: FAILURE
get_team_points: SUCCESS, 11708
get_top_scorer: SUCCESS, 102
get_all_players: SUCCESS
66
91
101
92
127
37
39
22
123
151
add_team: FAILURE
unite_teams: FAILURE
remove_team: FAILURE
get_all_players: SUCCESS
105
142
122
16
36
get_all_players_count: SUCCESS, 22
get_closest_player: SUCCESS, 196
get_all_players_count: SUCCESS, 10
update_player_stats: SUCCESS
get_num_played_games: SUCCESS, 225
get_team_points: SUCCESS, 4284
get_all_players_count: SUCCESS, 11
get_top_scorer: SUCCESS, 167
add_team: FAILURE
get_team_points: SUCCESS, 12987
update_player_stats: SUCCESS
remove_player: SUCCESS
update_player_stats: SUCCESS
get_num_played_games: SUCCESS, 2272
update_player_stats: SUCCESS
remove_player: SUCCESS
remove_team: FAILURE
unite_teams: SUCCESS
get_team_points: SUCCESS, 4284
knockout_winner: SUCCESS, 2
knockout_winner: INVALID_INPUT
knockout_winner: INVALID_INPUT
knockout_winner: FAILURE
knockout_winner: INVALID_INPUT
get_num_played_games: SUCCESS, 3325
get_all_players_count: SUCCESS, 19
get_all_players_count: SUCCESS, 14
remove_team: FAILURE
get_team_points: SUCCESS, 8203
get_all_players_count: SUCCESS, 5
remove_player: SUCCESS
get_team_points: SUCCESS, 18877
get_closest_player: SUCCESS, 110
get_team_points: SUCCESS, 8015
knockout_winner: FAILURE
knockout_winner: INVALID_INPUT
knockout_winner: INVALID_INPUT
knockout_winner: FAILURE
knockout_winner: INVALID_INPUT
get_top_scorer: SUCCESS, 167
remove_player: SUCCESS
remove_player: SUCCESS
get_num_played_games: SUCCESS, 6724
play_match: FAILURE
get_num_played_games: SUCCESS, 3488
get_all_players_count: SUCCESS, 14
knockout_winner: INVALID_INPUT
knockout_winner: FAILURE
knockout_winner: INVALID_INPUT
knockout_winner: INVALID_INPUT
knockout_winner: INVALID_INPUT
remove_team: FAILURE
get_top_scorer: SUCCESS, 16
get_closest_player: SUCCESS, 133
get_all_players: SUCCESS
73
131
52
198
41
159
148
138
17
knockout_winner: SUCCESS, 16
knockout_winner: INVALID_INPUT
knockout_winner: INVALID_INPUT
knockout_winner: SUCCESS, 16
knockout_winner: FAILURE
knockout_winner: FAILURE
knockout_winner: INVALID_INPUT
knockout_winner: INVALID_INPUT
knockout_winner: FAILURE
knockout_winner: INVALID_INPUT
get_num_played_games: SUCCESS, 13403
add_team: FAILURE
remove_team: FAILURE
add_player: FAILURE
remove_team: FAILURE
get_top_scorer: SUCCESS, 188
remove_player: SUCCESS
get_team_points: SUCCESS, 8203
get_closest_player: SUCCESS, 86
play_match: FAILURE
get_closest_player: SUCCESS, 149
get_top_scorer: SUCCESS, 195
remove_team: FAILURE
get_team_points: SUCCESS, 18883
knockout_winner: INVALID_INPUT
knockout_winner: SUCCESS, 16
knockout_winner: INVALID_INPUT
knockout_winner: INVALID_INPUT
knockout_winner: INVALID_INPUT
get_closest_player: SUCCESS, 39
knockout_winner: FAILURE
knockout_winner: SUCCESS, 8
knockout_winner: FAILURE
knockout_winner: FAILURE
knockout_winner: INVALID_INPUT
knockout_winner: SUCCESS, 3
knockout_winner: INVALID_INPUT
knockout_winner: INVALID_INPUT
knockout_winner: SUCCESS, 8
knockout_winner: INVALID_INPUT
update_player_stats: SUCCESS
unite_teams: FAILURE
play_match: INVALID_INPUT
add_player: FAILURE
get_closest_player: SUCCESS, 156
get_team_points: SUCCESS, 1641
get_team_points: SUCCESS, 10232
play_match: FAILURE
remove_team: FAILURE
play_match: FAILURE
get_team_points: SUCCESS, 8203
add_team: FAILURE
remove_team: FAILURE
update_player_stats: SUCCESS
add_team: FAILURE
get_all_players_count: SUCCESS, 14
play_match: FAILURE
get_num_played_games: SUCCESS, 9688
get_closest_player: SUCCESS, 144
play_match: FAILURE
remove_player: SUCCESS
remove_player: SUCCESS
remove_player: SUCCESS
get_closest_player: SUCCESS, 52
update_player_stats: SUCCESS
add_team: FAILURE
remove_team: FAILURE
get_all_players: SUCCESS
154
196
7
63
146
187
46
13
115
80
81
156
176
144
get_closest_player: SUCCESS, 30
unite_teams: FAILURE
get_team_points: SUCCESS, 18886
add_team: FAILURE
get_closest_player: SUCCESS, 35
remove_player: SUCCESS
remove_player: SUCCESS
remove_player: SUCCESS
remove_player: SUCCESS
remove_player: SUCCESS
remove_player: SUCCESS
remove_player: SUCCESS
remove_player: SUCCESS
remove_player: SUCCESS
remove_player: SUCCESS
remove_player: SUCCESS
remove_player: SUCCESS
remove_player: SUCCESS
remove_player: SUCCESS
remove_player: SUCCESS
remove_player: SUCCESS
remove_player: SUCCESS
remove_player: SUCCESS
remove_player: SUCCESS
remove_player: SUCCESS
remove_player: SUCCESS
remove_player: SUCCESS
remove_player: SUCCESS
remove_player: SUCCESS
remove_player: SUCCESS
remove_player: SUCCESS
remove_player: SUCCESS
remove_player: SUCCESS
remove_player: SUCCESS
remove_player: SUCCESS
remove_player: SUCCESS
remove_player: SUCCESS
remove_player: SUCCESS
remove_player: SUCCESS
remove_player: SUCCESS
remove_player: SUCCESS
remove_player: SUCCESS
remove_player: SUCCESS
remove_player: SUCCESS
remove_player: SUCCESS
remove_player: SUCCESS
remove_player: SUCCESS
remove_player: SUCCESS
remove_player: SUCCESS
remove_player: SUCCESS
remove_player: SUCCESS
remove_player: SUCCESS
remove_player: SUCCESS
remove_player: SUCCESS
remove_player: SUCCESS
remove_player: SUCCESS
remove_player: SUCCESS
remove_player: SUCCESS
remove_player: SUCCESS
remove_player: SUCCESS
remove_player: SUCCESS
remove_player: SUCCESS
remove_player: SUCCESS
remove_player: SUCCESS
remove_player: SUCCESS
remove_player: SUCCESS
remove_player: SUCCESS
remove_player: SUCCESS
remove_player: SUCCESS
remove_player: SUCCESS
remove_player: SUCCESS
remove_player: SUCCESS
remove_player: SUCCESS
remove_player: SUCCESS
remove_player: SUCCESS
remove_player: SUCCESS
remove_player: SUCCESS
remove_player: SUCCESS
remove_player: SUCCESS
remove_player: SUCCESS
remove_player: SUCCESS
remove_player: SUCCESS
remove_player: SUCCESS
remove_player: SUCCESS
remove_player: SUCCESS
remove_player: SUCCESS
remove_player: SUCCESS
remove_player: SUCCESS
remove_player: SUCCESS
remove_player: SUCCESS
remove_player: SUCCESS
remove_player: SUCCESS
remove_player: SUCCESS
remove_player: SUCCESS
remove_player: SUCCESS
remove_player: SUCCESS
remove_player: SUCCESS
remove_player: SUCCESS
remove_player: SUCCESS
remove_player: SUCCESS
remove_player: SUCCESS
remove_player: SUCCESS
remove_player: SUCCESS
remove_player: SUCCESS
remove_player: SUCCESS
remove_player: SUCCESS
remove_player: SUCCESS
remove_player: SUCCESS
remove_player: SUCCESS
remove_player: SUCCESS
remove_player: SUCCESS
remove_player: SUCCESS
remove_player: SUCCESS
remove_player: SUCCESS
remove_player: SUCCESS
remove_player: SUCCESS
remove_player: SUCCESS
remove_player: SUCCESS
remove_player: SUCCESS
remove_player: SUCCESS
remove_player: SUCCESS
remove_player: SUCCESS
remove_player: SUCCESS
remove_player: SUCCESS
remove_player: SUCCESS
remove_player: SUCCESS
remove_player: SUCCESS
remove_player: SUCCESS
remove_player: SUCCESS
remove_player: SUCCESS
remove_player: SUCCESS
remove_player: SUCCESS
remove_player: SUCCESS
remove_player: SUCCESS
remove_player: SUCCESS
remove_player: SUCCESS
remove_player: SUCCESS
remove_player: SUCCESS
remove_player: SUCCESS
remove_team: SUCCESS
remove_team: SUCCESS
remove_team: SUCCESS
remove_team: SUCCESS
remove_team: SUCCESS
remove_team: SUCCESS
remove_team: SUCCESS
remove_team: SUCCESS
remove_team: SUCCESS
remove_team: SUCCESS
remove_team: SUCCESS
remove_team: SUCCESS
