add_team: SUCCESS
add_team: SUCCESS
add_team: SUCCESS
add_team: SUCCESS
add_team: SUCCESS
add_team: SUCCESS
add_team: SUCCESS
add_team: SUCCESS
add_team: SUCCESS
add_team: SUCCESS
add_team: SUCCESS
add_team: SUCCESS
add_team: SUCCESS
add_team: SUCCESS
add_team: SUCCESS
add_team: SUCCESS
add_team: SUCCESS
add_team: SUCCESS
add_team: SUCCESS
add_team: SUCCESS
add_player: SUCCESS
add_player: SUCCESS
add_player: SUCCESS
add_player: SUCCESS
add_player: SUCCESS
add_player: SUCCESS
add_player: SUCCESS
add_player: SUCCESS
add_player: SUCCESS
add_player: SUCCESS
add_player: SUCCESS
add_player: SUCCESS
add_player: SUCCESS
add_player: SUCCESS
add_player: SUCCESS
add_player: SUCCESS
add_player: SUCCESS
add_player: SUCCESS
add_player: SUCCESS
add_player: SUCCESS
add_player: SUCCESS
add_player: SUCCESS
add_player: SUCCESS
add_player: SUCCESS
add_player: SUCCESS
add_player: SUCCESS
add_player: SUCCESS
add_player: SUCCESS
add_player: SUCCESS
add_player: SUCCESS
add_player: SUCCESS
add_player: SUCCESS
add_player: SUCCESS
add_player: SUCCESS
add_player: SUCCESS
add_player: SUCCESS
add_player: SUCCESS
add_player: SUCCESS
add_player: SUCCESS
add_player: SUCCESS
add_player: SUCCESS
add_player: SUCCESS
add_player: SUCCESS
add_player: SUCCESS
add_player: SUCCESS
add_player: SUCCESS
add_player: SUCCESS
add_player: SUCCESS
add_player: SUCCESS
add_player: SUCCESS
add_player: SUCCESS
add_player: SUCCESS
add_player: SUCCESS
add_player: SUCCESS
add_player: SUCCESS
add_player: SUCCESS
add_player: SUCCESS
add_player: SUCCESS
add_player: SUCCESS
add_player: SUCCESS
add_player: SUCCESS
add_player: SUCCESS
add_player: SUCCESS
add_player: SUCCESS
add_player: SUCCESS
add_player: SUCCESS
add_player: SUCCESS
add_player: SUCCESS
add_player: SUCCESS
add_player: SUCCESS
add_player: SUCCESS
add_player: SUCCESS
add_player: SUCCESS
add_player: SUCCESS
add_player: SUCCESS
add_player: SUCCESS
add_player: SUCCESS
add_player: SUCCESS
add_player: SUCCESS
add_player: SUCCESS
add_player: SUCCESS
add_player: SUCCESS
add_player: SUCCESS
add_player: SUCCESS
add_player: SUCCESS
add_player: SUCCESS
add_player: SUCCESS
add_player: SUCCESS
add_player: SUCCESS
add_player: SUCCESS
add_player: SUCCESS
add_player: SUCCESS
add_player: SUCCESS
add_player: SUCCESS
add_player: SUCCESS
add_player: SUCCESS
add_player: SUCCESS
add_player: SUCCESS
add_player: SUCCESS
add_player: SUCCESS
add_player: SUCCESS
add_player: SUCCESS
add_player: SUCCESS
add_player: SUCCESS
add_player: SUCCESS
add_player: SUCCESS
add_player: SUCCESS
add_player: SUCCESS
add_player: SUCCESS
add_player: SUCCESS
add_player: SUCCESS
add_player: SUCCESS
add_player: SUCCESS
add_player: SUCCESS
add_player: SUCCESS
add_player: SUCCESS
add_player: SUCCESS
add_player: SUCCESS
add_player: SUCCESS
add_player: SUCCESS
add_player: SUCCESS
add_player: SUCCESS
add_player: SUCCESS
add_player: SUCCESS
add_player: SUCCESS
add_player: SUCCESS
add_player: SUCCESS
add_player: SUCCESS
add_player: SUCCESS
add_player: SUCCESS
add_player: SUCCESS
add_player: SUCCESS
add_player: SUCCESS
add_player: SUCCESS
add_player: SUCCESS
add_player: SUCCESS
add_player: SUCCESS
add_player: SUCCESS
add_player: SUCCESS
add_player: SUCCESS
add_player: SUCCESS
add_player: SUCCESS
add_player: SUCCESS
add_player: SUCCESS
add_player: SUCCESS
add_player: SUCCESS
add_player: SUCCESS
add_player: SUCCESS
add_player: SUCCESS
add_player: SUCCESS
add_player: SUCCESS
add_player: SUCCESS
add_player: SUCCESS
add_player: SUCCESS
add_player: SUCCESS
add_player: SUCCESS
add_player: SUCCESS
add_player: SUCCESS
add_player: SUCCESS
add_player: SUCCESS
add_player: SUCCESS
add_player: SUCCESS
add_player: SUCCESS
add_player: SUCCESS
add_player: SUCCESS
add_player: SUCCESS
add_player: SUCCESS
add_player: SUCCESS
add_player: SUCCESS
add_player: SUCCESS
add_player: SUCCESS
add_player: SUCCESS
add_player: SUCCESS
add_player: SUCCESS
add_player: SUCCESS
add_player: SUCCESS
add_player: SUCCESS
add_player: SUCCESS
add_player: SUCCESS
add_player: SUCCESS
add_player: SUCCESS
add_player: SUCCESS
add_player: SUCCESS
add_player: SUCCESS
add_player: SUCCESS
add_player: SUCCESS
add_player: SUCCESS
add_player: SUCCESS
add_player: SUCCESS
add_player: SUCCESS
add_player: SUCCESS
add_player: SUCCESS
add_player: SUCCESS
add_player: SUCCESS
add_player: SUCCESS
add_player: SUCCESS
add_player: SUCCESS
add_player: SUCCESS
add_player: SUCCESS
add_player: SUCCESS
unite_teams: FAILURE
unite_teams: FAILURE
get_team_points: SUCCESS, 1824
get_top_scorer: SUCCESS, 85
get_team_points: SUCCESS, 8156
get_team_points: SUCCESS, 525
get_top_scorer: SUCCESS, 39
get_all_players: SUCCESS
41
36
139
129
45
162
14
74
78
remove_team: FAILURE
get_closest_player: SUCCESS, 63
update_player_stats: SUCCESS
get_all_players_count: SUCCESS, 11
add_player: FAILURE
get_team_points: SUCCESS, 11129
unite_teams: FAILURE
knockout_winner: SUCCESS, 16
knockout_winner: SUCCESS, 20
knockout_winner: SUCCESS, 10
knockout_winner: SUCCESS, 20
knockout_winner: INVALID_INPUT
get_top_scorer: SUCCESS, 180
unite_teams: FAILURE
get_team_points: SUCCESS, 3704
get_num_played_games: SUCCESS, 2257
remove_team: FAILURE
get_num_played_games: SUCCESS, 10677
remove_player: SUCCESS
get_top_scorer: SUCCESS, 168
unite_teams: FAILURE
get_team_points: SUCCESS, 6460
get_team_points: SUCCESS, 10327
get_all_players_count: SUCCESS, 11
update_player_stats: SUCCESS
get_num_played_games: SUCCESS, 10418
get_team_points: SUCCESS, 8156
get_team_points: SUCCESS, 5320
get_top_scorer: SUCCESS, 85
unite_teams: FAILURE
knockout_winner: SUCCESS, 16
knockout_winner: INVALID_INPUT
knockout_winner: INVALID_INPUT
knockout_winner: SUCCESS, 20
knockout_winner: SUCCESS, 10
unite_teams: FAILURE
play_match: FAILURE
unite_teams: SUCCESS
get_all_players_count: SUCCESS, 7
play_match: FAILURE
unite_teams: FAILURE
get_num_played_games: SUCCESS, 7718
add_player: FAILURE
knockout_winner: SUCCESS, 20
knockout_winner: SUCCESS, 20
knockout_winner: SUCCESS, 14
knockout_winner: SUCCESS, 20
knockout_winner: INVALID_INPUT
get_team_points: SUCCESS, 4873
update_player_stats: SUCCESS
remove_team: FAILURE
get_top_scorer: SUCCESS, 188
remove_team: FAILURE
get_all_players_count: SUCCESS, 8
add_player: FAILURE
get_closest_player: SUCCESS, 72
get_num_played_games: SUCCESS, 6262
play_match: FAILURE
play_match: SUCCESS
add_player: FAILURE
get_all_players: SUCCESS
63
60
121
31
170
135
114
86
91
7
168
get_top_scorer: SUCCESS, 43
play_match: FAILURE
add_team: FAILURE
remove_player: SUCCESS
add_player: FAILURE
unite_teams: FAILURE
get_top_scorer: SUCCESS, 131
get_num_played_games: SUCCESS, 5797
get_closest_player: SUCCESS, 114
get_team_points: SUCCESS, 11038
knockout_winner: SUCCESS, 14
knockout_winner: SUCCESS, 20
knockout_winner: SUCCESS, 10
knockout_winner: SUCCESS, 20
knockout_winner: INVALID_INPUT
get_all_players: SUCCESS
112
140
155
34
62
4
32
189
90
6
66
get_team_points: SUCCESS, 11129
add_team: FAILURE
add_team: FAILURE
get_num_played_games: SUCCESS, 5797
remove_team: FAILURE
get_num_played_games: SUCCESS, 9663
get_team_points: SUCCESS, 2889
play_match: FAILURE
get_all_players_count: SUCCESS, 26
add_player: FAILURE
remove_team: FAILURE
add_player: FAILURE
knockout_winner: SUCCESS, 10
knockout_winner: SUCCESS, 2
knockout_winner: SUCCESS, 2
knockout_winner: SUCCESS, 17
knockout_winner: INVALID_INPUT
add_team: FAILURE
get_top_scorer: SUCCESS, 158
update_player_stats: SUCCESS
update_player_stats: SUCCESS
get_team_points: SUCCESS, 8157
unite_teams: FAILURE
add_team: FAILURE
add_team: FAILURE
unite_teams: FAILURE
knockout_winner: SUCCESS, 2
knockout_winner: INVALID_INPUT
knockout_winner: INVALID_INPUT
knockout_winner: SUCCESS, 10
knockout_winner: INVALID_INPUT
add_team: FAILURE
get_closest_player: SUCCESS, 53
remove_team: FAILURE
get_all_players: SUCCESS
67
176
17
141
59
75
35
16
get_num_played_games: SUCCESS, 5460
get_all_players: SUCCESS
96
23
47
194
99
68
158
unite_teams: INVALID_INPUT
remove_player: SUCCESS
get_all_players: SUCCESS
176
17
141
59
75
35
16
get_all_players_count: SUCCESS, 11
add_player: FAILURE
knockout_winner: SUCCESS, 19
knockout_winner: SUCCESS, 20
knockout_winner: SUCCESS, 10
knockout_winner: SUCCESS, 20
knockout_winner: INVALID_INPUT
unite_teams: FAILURE
play_match: SUCCESS
play_match: INVALID_INPUT
remove_team: FAILURE
get_top_scorer: SUCCESS, 136
add_player: FAILURE
get_all_players: SUCCESS
176
17
141
59
75
35
16
play_match: FAILURE
get_num_played_games: SUCCESS, 9638
remove_team: FAILURE
add_player: FAILURE
play_match: FAILURE
get_num_played_games: SUCCESS, 1238
remove_team: FAILURE
add_team: FAILURE
get_all_players_count: SUCCESS, 12
remove_team: FAILURE
update_player_stats: SUCCESS
knockout_winner: SUCCESS, 10
knockout_winner: SUCCESS, 2
knockout_winner: SUCCESS, 2
knockout_winner: SUCCESS, 14
knockout_winner: INVALID_INPUT
update_player_stats: SUCCESS
get_all_players_count: SUCCESS, 12
knockout_winner: INVALID_INPUT
knockout_winner: SUCCESS, 10
knockout_winner: INVALID_INPUT
knockout_winner: INVALID_INPUT
knockout_winner: INVALID_INPUT
get_closest_player: SUCCESS, 199
knockout_winner: SUCCESS, 17
knockout_winner: SUCCESS, 20
knockout_winner: SUCCESS, 10
knockout_winner: SUCCESS, 20
knockout_winner: INVALID_INPUT
unite_teams: FAILURE
remove_team: FAILURE
get_all_players: SUCCESS
63
60
121
31
170
135
114
86
91
7
168
knockout_winner: INVALID_INPUT
knockout_winner: SUCCESS, 10
knockout_winner: INVALID_INPUT
knockout_winner: INVALID_INPUT
knockout_winner: INVALID_INPUT
get_all_players_count: SUCCESS, 12
get_num_played_games: SUCCESS, 4029
get_all_players_count: SUCCESS, 12
knockout_winner: SUCCESS, 2
knockout_winner: INVALID_INPUT
knockout_winner: INVALID_INPUT
knockout_winner: SUCCESS, 10
knockout_winner: INVALID_INPUT
get_team_points: SUCCESS, 6172
add_player: FAILURE
remove_player: SUCCESS
unite_teams: INVALID_INPUT
get_team_points: SUCCESS, 10622
get_num_played_games: SUCCESS, 10845
remove_team: FAILURE
play_match: FAILURE
remove_team: FAILURE
remove_player: SUCCESS
remove_team: FAILURE
get_all_players: SUCCESS
190
199
69
56
123
200
5
remove_player: SUCCESS
add_player: FAILURE
update_player_stats: SUCCESS
get_closest_player: SUCCESS, 190
remove_team: FAILURE
add_team: FAILURE
update_player_stats: SUCCESS
add_team: FAILURE
get_closest_player: SUCCESS, 187
remove_player: SUCCESS
add_team: FAILURE
get_top_scorer: SUCCESS, 177
get_closest_player: SUCCESS, 33
get_top_scorer: SUCCESS, 44
get_top_scorer: SUCCESS, 177
remove_player: SUCCESS
add_team: FAILURE
knockout_winner: SUCCESS, 20
knockout_winner: INVALID_INPUT
knockout_winner: INVALID_INPUT
knockout_winner: SUCCESS, 20
knockout_winner: SUCCESS, 14
get_top_scorer: SUCCESS, 168
remove_team: FAILURE
get_all_players: SUCCESS
115
156
173
58
82
72
38
89
119
177
add_player: FAILURE
get_closest_player: SUCCESS, 26
update_player_stats: SUCCESS
get_all_players_count: SUCCESS, 11
remove_player: SUCCESS
remove_player: SUCCESS
get_all_players_count: SUCCESS, 6
add_team: FAILURE
remove_team: FAILURE
knockout_winner: SUCCESS, 2
knockout_winner: INVALID_INPUT
knockout_winner: INVALID_INPUT
knockout_winner: SUCCESS, 8
knockout_winner: INVALID_INPUT
update_player_stats: SUCCESS
get_all_players_count: SUCCESS, 7
get_closest_player: SUCCESS, 59
get_top_scorer: SUCCESS, 44
get_all_players: SUCCESS
112
140
155
62
4
32
189
90
34
6
66
remove_player: SUCCESS
get_all_players: SUCCESS
97
70
109
106
143
79
160
33
151
53
188
unite_teams: FAILURE
get_closest_player: SUCCESS, 123
get_all_players: SUCCESS
30
100
92
126
185
29
25
add_player: FAILURE
get_team_points: SUCCESS, 8157
remove_player: SUCCESS
get_team_points: SUCCESS, 2079
get_num_played_games: SUCCESS, 11920
play_match: FAILURE
remove_player: SUCCESS
get_team_points: SUCCESS, 10622
play_match: FAILURE
update_player_stats: SUCCESS
get_team_points: SUCCESS, 4873
play_match: FAILURE
remove_team: FAILURE
get_team_points: SUCCESS, 9067
get_num_played_games: SUCCESS, 10677
play_match: SUCCESS
remove_team: FAILURE
get_num_played_games: SUCCESS, 6973
get_all_players_count: SUCCESS, 6
remove_player: SUCCESS
knockout_winner: SUCCESS, 8
knockout_winner: SUCCESS, 5
knockout_winner: FAILURE
knockout_winner: FAILURE
knockout_winner: INVALID_INPUT
get_closest_player: SUCCESS, 165
get_top_scorer: SUCCESS, 188
update_player_stats: SUCCESS
get_all_players: SUCCESS
186
145
178
195
88
81
137
42
146
130
85
add_player: FAILURE
knockout_winner: SUCCESS, 2
knockout_winner: INVALID_INPUT
knockout_winner: INVALID_INPUT
knockout_winner: SUCCESS, 12
knockout_winner: INVALID_INPUT
get_all_players: SUCCESS
64
181
116
154
108
161
193
57
21
150
28
55
164
50
191
124
166
15
163
54
20
87
48
49
remove_player: SUCCESS
remove_player: SUCCESS
add_player: FAILURE
add_player: FAILURE
remove_player: SUCCESS
play_match: SUCCESS
get_all_players: SUCCESS
144
76
175
118
187
157
102
27
44
get_team_points: SUCCESS, 9067
get_closest_player: SUCCESS, 167
remove_team: FAILURE
get_closest_player: SUCCESS, 3
get_closest_player: SUCCESS, 197
get_team_points: SUCCESS, 9067
get_top_scorer: SUCCESS, 136
get_team_points: SUCCESS, 11129
get_team_points: SUCCESS, 10622
get_all_players_count: SUCCESS, 11
get_num_played_games: SUCCESS, 20843
get_closest_player: SUCCESS, 48
get_closest_player: SUCCESS, 96
remove_player: SUCCESS
knockout_winner: SUCCESS, 12
knockout_winner: SUCCESS, 20
knockout_winner: SUCCESS, 12
knockout_winner: SUCCESS, 20
knockout_winner: INVALID_INPUT
remove_team: FAILURE
remove_team: FAILURE
remove_player: SUCCESS
update_player_stats: SUCCESS
add_player: FAILURE
get_all_players: SUCCESS
63
60
121
170
135
114
86
91
7
31
get_closest_player: SUCCESS, 121
add_player: FAILURE
remove_player: SUCCESS
update_player_stats: SUCCESS
get_all_players: SUCCESS
176
17
141
59
75
35
16
get_all_players: SUCCESS
73
148
61
103
153
40
132
120
113
192
167
136
get_team_points: SUCCESS, 2408
get_top_scorer: SUCCESS, 85
update_player_stats: SUCCESS
remove_player: SUCCESS
add_team: FAILURE
knockout_winner: SUCCESS, 12
knockout_winner: SUCCESS, 2
knockout_winner: SUCCESS, 2
knockout_winner: SUCCESS, 12
knockout_winner: INVALID_INPUT
knockout_winner: SUCCESS, 5
knockout_winner: SUCCESS, 2
knockout_winner: SUCCESS, 2
knockout_winner: SUCCESS, 12
knockout_winner: SUCCESS, 12
get_all_players: SUCCESS
73
148
61
103
153
40
132
120
113
192
167
136
add_player: FAILURE
play_match: FAILURE
get_top_scorer: SUCCESS, 188
get_top_scorer: SUCCESS, 16
remove_player: SUCCESS
get_num_played_games: SUCCESS, 5990
add_player: FAILURE
get_num_played_games: SUCCESS, 13876
get_all_players: SUCCESS
196
8
22
18
71
12
remove_team: FAILURE
remove_player: SUCCESS
get_num_played_games: SUCCESS, 1878
knockout_winner: FAILURE
knockout_winner: SUCCESS, 12
knockout_winner: SUCCESS, 12
knockout_winner: FAILURE
knockout_winner: INVALID_INPUT
remove_team: FAILURE
play_match: FAILURE
remove_team: FAILURE
get_top_scorer: SUCCESS, 171
get_team_points: SUCCESS, 2079
update_player_stats: SUCCESS
remove_player: SUCCESS
get_closest_player: SUCCESS, 55
add_player: FAILURE
add_player: FAILURE
play_match: FAILURE
get_top_scorer: SUCCESS, 46
add_team: FAILURE
get_all_players: SUCCESS
125
149
105
13
9
138
131
133
update_player_stats: SUCCESS
get_top_scorer: SUCCESS, 68
unite_teams: FAILURE
get_all_players_count: SUCCESS, 11
remove_player: SUCCESS
knockout_winner: SUCCESS, 5
knockout_winner: INVALID_INPUT
knockout_winner: INVALID_INPUT
knockout_winner: SUCCESS, 12
knockout_winner: SUCCESS, 12
get_num_played_games: SUCCESS, 6101
get_all_players: SUCCESS
94
83
3
152
127
171
remove_player: SUCCESS
add_team: FAILURE
remove_team: FAILURE
add_team: FAILURE
get_all_players: SUCCESS
169
110
24
51
10
128
93
198
46
update_player_stats: SUCCESS
add_player: FAILURE
get_closest_player: SUCCESS, 59
get_team_points: SUCCESS, 11129
get_closest_player: SUCCESS, 132
add_team: FAILURE
add_team: FAILURE
get_all_players: SUCCESS
73
148
61
103
153
40
132
113
192
167
136
update_player_stats: SUCCESS
update_player_stats: SUCCESS
get_all_players: SUCCESS
64
181
116
154
108
161
193
57
21
150
28
55
164
50
191
166
15
163
54
20
87
48
49
unite_teams: FAILURE
get_top_scorer: SUCCESS, 46
get_closest_player: SUCCESS, 193
get_team_points: SUCCESS, 8157
knockout_winner: SUCCESS, 2
knockout_winner: INVALID_INPUT
knockout_winner: INVALID_INPUT
knockout_winner: SUCCESS, 12
knockout_winner: SUCCESS, 8
play_match: FAILURE
remove_player: SUCCESS
knockout_winner: SUCCESS, 12
knockout_winner: SUCCESS, 12
knockout_winner: SUCCESS, 8
knockout_winner: FAILURE
knockout_winner: INVALID_INPUT
get_all_players_count: SUCCESS, 6
knockout_winner: FAILURE
knockout_winner: SUCCESS, 12
knockout_winner: SUCCESS, 12
knockout_winner: FAILURE
knockout_winner: INVALID_INPUT
add_player: FAILURE
get_all_players_count: SUCCESS, 9
add_team: FAILURE
play_match: FAILURE
play_match: FAILURE
add_team: FAILURE
unite_teams: FAILURE
unite_teams: FAILURE
update_player_stats: SUCCESS
update_player_stats: SUCCESS
get_team_points: SUCCESS, 2079
play_match: FAILURE
add_player: FAILURE
play_match: FAILURE
add_team: FAILURE
play_match: FAILURE
update_player_stats: SUCCESS
get_num_played_games: SUCCESS, 9227
unite_teams: FAILURE
unite_teams: FAILURE
update_player_stats: SUCCESS
get_all_players: SUCCESS
125
149
105
13
9
138
131
133
knockout_winner: SUCCESS, 12
knockout_winner: SUCCESS, 5
knockout_winner: SUCCESS, 5
knockout_winner: SUCCESS, 12
knockout_winner: INVALID_INPUT
play_match: FAILURE
remove_team: FAILURE
add_team: FAILURE
unite_teams: SUCCESS
get_team_points: SUCCESS, 525
play_match: FAILURE
add_player: FAILURE
get_all_players_count: SUCCESS, 19
get_num_played_games: SUCCESS, 576
unite_teams: FAILURE
get_top_scorer: SUCCESS, 133
add_team: FAILURE
get_num_played_games: SUCCESS, 17786
get_closest_player: SUCCESS, 80
add_team: FAILURE
get_top_scorer: SUCCESS, 27
get_num_played_games: SUCCESS, 1638
add_team: FAILURE
add_team: FAILURE
get_closest_player: SUCCESS, 115
get_all_players: SUCCESS
30
100
92
126
185
29
get_all_players: SUCCESS
145
178
88
81
137
42
186
146
130
85
remove_team: FAILURE
add_team: FAILURE
remove_team: FAILURE
get_num_played_games: SUCCESS, 10653
add_player: FAILURE
get_team_points: SUCCESS, 10173
remove_team: FAILURE
get_top_scorer: SUCCESS, 133
get_top_scorer: SUCCESS, 16
get_top_scorer: SUCCESS, 68
add_player: FAILURE
unite_teams: SUCCESS
remove_team: FAILURE
remove_team: FAILURE
update_player_stats: SUCCESS
remove_player: SUCCESS
get_all_players_count: SUCCESS, 9
unite_teams: INVALID_INPUT
get_closest_player: SUCCESS, 76
get_all_players_count: SUCCESS, 6
unite_teams: FAILURE
update_player_stats: SUCCESS
add_player: FAILURE
knockout_winner: SUCCESS, 20
knockout_winner: SUCCESS, 20
knockout_winner: SUCCESS, 6
knockout_winner: SUCCESS, 20
knockout_winner: FAILURE
get_team_points: SUCCESS, 10622
unite_teams: SUCCESS
play_match: INVALID_INPUT
get_top_scorer: SUCCESS, 68
get_all_players: SUCCESS
96
47
99
158
68
get_all_players: SUCCESS
73
148
61
103
153
40
132
113
192
167
136
get_all_players_count: SUCCESS, 6
update_player_stats: SUCCESS
knockout_winner: FAILURE
knockout_winner: SUCCESS, 19
knockout_winner: FAILURE
knockout_winner: SUCCESS, 19
knockout_winner: INVALID_INPUT
get_team_points: SUCCESS, 19195
get_top_scorer: SUCCESS, 31
remove_player: SUCCESS
unite_teams: FAILURE
get_closest_player: SUCCESS, 17
add_team: FAILURE
remove_team: FAILURE
remove_team: FAILURE
update_player_stats: SUCCESS
get_team_points: SUCCESS, 10327
knockout_winner: SUCCESS, 19
knockout_winner: SUCCESS, 20
knockout_winner: SUCCESS, 6
knockout_winner: SUCCESS, 20
knockout_winner: SUCCESS, 12
remove_player: SUCCESS
get_num_played_games: SUCCESS, 6683
update_player_stats: SUCCESS
add_player: FAILURE
add_player: FAILURE
play_match: FAILURE
remove_team: FAILURE
get_team_points: SUCCESS, 7981
remove_player: SUCCESS
remove_team: FAILURE
get_all_players_count: SUCCESS, 10
get_all_players_count: SUCCESS, 19
unite_teams: FAILURE
get_all_players_count: SUCCESS, 17
remove_team: FAILURE
add_team: FAILURE
knockout_winner: SUCCESS, 8
knockout_winner: SUCCESS, 8
knockout_winner: FAILURE
knockout_winner: FAILURE
knockout_winner: INVALID_INPUT
remove_team: FAILURE
get_all_players_count: SUCCESS, 8
get_team_points: SUCCESS, 10327
update_player_stats: SUCCESS
add_team: FAILURE
knockout_winner: FAILURE
knockout_winner: SUCCESS, 8
knockout_winner: FAILURE
knockout_winner: FAILURE
knockout_winner: INVALID_INPUT
get_num_played_games: SUCCESS, 1878
remove_player: SUCCESS
get_top_scorer: SUCCESS, 5
add_player: FAILURE
add_team: FAILURE
add_team: FAILURE
update_player_stats: SUCCESS
get_top_scorer: SUCCESS, 167
add_player: FAILURE
get_team_points: SUCCESS, 8156
play_match: FAILURE
get_closest_player: SUCCESS, 190
update_player_stats: SUCCESS
get_all_players_count: SUCCESS, 8
get_team_points: SUCCESS, 11129
get_num_played_games: SUCCESS, 6295
play_match: FAILURE
add_team: FAILURE
knockout_winner: SUCCESS, 8
knockout_winner: INVALID_INPUT
knockout_winner: INVALID_INPUT
knockout_winner: SUCCESS, 20
knockout_winner: FAILURE
knockout_winner: SUCCESS, 8
knockout_winner: INVALID_INPUT
knockout_winner: INVALID_INPUT
knockout_winner: SUCCESS, 8
knockout_winner: INVALID_INPUT
unite_teams: FAILURE
get_num_played_games: SUCCESS, 5922
play_match: SUCCESS
get_top_scorer: SUCCESS, 27
knockout_winner: SUCCESS, 19
knockout_winner: SUCCESS, 20
knockout_winner: SUCCESS, 8
knockout_winner: SUCCESS, 20
knockout_winner: FAILURE
add_player: FAILURE
update_player_stats: SUCCESS
get_closest_player: SUCCESS, 123
add_team: FAILURE
get_closest_player: SUCCESS, 197
knockout_winner: FAILURE
knockout_winner: INVALID_INPUT
knockout_winner: INVALID_INPUT
knockout_winner: SUCCESS, 8
knockout_winner: INVALID_INPUT
get_all_players: SUCCESS
144
76
175
118
157
102
44
27
knockout_winner: SUCCESS, 8
knockout_winner: INVALID_INPUT
knockout_winner: INVALID_INPUT
knockout_winner: FAILURE
knockout_winner: INVALID_INPUT
remove_player: SUCCESS
add_player: FAILURE
get_team_points: SUCCESS, 11129
update_player_stats: SUCCESS
get_team_points: SUCCESS, 4873
remove_player: SUCCESS
get_team_points: SUCCESS, 10327
remove_player: SUCCESS
get_all_players_count: SUCCESS, 19
knockout_winner: SUCCESS, 8
knockout_winner: SUCCESS, 8
knockout_winner: FAILURE
knockout_winner: FAILURE
knockout_winner: INVALID_INPUT
remove_team: FAILURE
get_closest_player: SUCCESS, 115
get_team_points: SUCCESS, 10622
get_all_players: SUCCESS
144
76
175
118
102
44
27
get_all_players_count: SUCCESS, 10
knockout_winner: SUCCESS, 8
knockout_winner: INVALID_INPUT
knockout_winner: INVALID_INPUT
knockout_winner: SUCCESS, 8
knockout_winner: INVALID_INPUT
get_closest_player: SUCCESS, 138
get_top_scorer: SUCCESS, 177
knockout_winner: INVALID_INPUT
knockout_winner: FAILURE
knockout_winner: INVALID_INPUT
knockout_winner: INVALID_INPUT
knockout_winner: INVALID_INPUT
play_match: FAILURE
update_player_stats: SUCCESS
play_match: FAILURE
get_team_points: SUCCESS, 525
knockout_winner: SUCCESS, 19
knockout_winner: SUCCESS, 20
knockout_winner: FAILURE
knockout_winner: FAILURE
knockout_winner: INVALID_INPUT
add_player: FAILURE
knockout_winner: SUCCESS, 20
knockout_winner: SUCCESS, 20
knockout_winner: SUCCESS, 8
knockout_winner: SUCCESS, 20
knockout_winner: FAILURE
remove_player: SUCCESS
play_match: FAILURE
remove_player: SUCCESS
remove_team: FAILURE
get_all_players_count: SUCCESS, 6
remove_team: FAILURE
add_player: FAILURE
play_match: FAILURE
add_player: FAILURE
remove_player: SUCCESS
add_team: FAILURE
add_player: FAILURE
knockout_winner: FAILURE
knockout_winner: INVALID_INPUT
knockout_winner: INVALID_INPUT
knockout_winner: SUCCESS, 8
knockout_winner: INVALID_INPUT
play_match: FAILURE
add_player: FAILURE
get_team_points: SUCCESS, 7981
remove_team: FAILURE
update_player_stats: SUCCESS
knockout_winner: FAILURE
knockout_winner: SUCCESS, 19
knockout_winner: SUCCESS, 8
knockout_winner: SUCCESS, 19
knockout_winner: INVALID_INPUT
unite_teams: FAILURE
play_match: FAILURE
remove_player: SUCCESS
get_all_players_count: SUCCESS, 6
remove_player: SUCCESS
get_top_scorer: SUCCESS, 177
get_all_players: SUCCESS
125
149
105
13
9
138
131
133
remove_team: FAILURE
remove_team: FAILURE
remove_team: FAILURE
get_all_players: SUCCESS
100
92
126
185
30
29
get_all_players_count: SUCCESS, 5
get_top_scorer: SUCCESS, 177
get_all_players: SUCCESS
144
76
175
118
102
44
27
remove_player: SUCCESS
add_team: FAILURE
get_all_players: SUCCESS
64
181
154
108
161
104
193
165
57
28
147
164
55
50
179
191
37
95
15
84
163
54
150
134
20
87
159
166
1
184
get_closest_player: SUCCESS, 125
add_player: FAILURE
remove_team: FAILURE
update_player_stats: SUCCESS
remove_team: FAILURE
get_all_players: SUCCESS
176
17
145
141
59
178
75
88
81
137
35
42
186
146
130
85
16
add_team: FAILURE
get_team_points: SUCCESS, 10176
get_closest_player: SUCCESS, 5
get_all_players_count: SUCCESS, 10
knockout_winner: INVALID_INPUT
knockout_winner: SUCCESS, 20
knockout_winner: INVALID_INPUT
knockout_winner: INVALID_INPUT
knockout_winner: INVALID_INPUT
get_closest_player: SUCCESS, 95
remove_player: SUCCESS
unite_teams: FAILURE
add_player: FAILURE
get_team_points: SUCCESS, 10327
knockout_winner: SUCCESS, 19
knockout_winner: SUCCESS, 20
knockout_winner: SUCCESS, 8
knockout_winner: SUCCESS, 20
knockout_winner: INVALID_INPUT
remove_player: SUCCESS
play_match: FAILURE
update_player_stats: SUCCESS
get_top_scorer: SUCCESS, 16
get_all_players: SUCCESS
96
47
99
158
68
unite_teams: FAILURE
add_team: FAILURE
remove_player: SUCCESS
get_all_players_count: SUCCESS, 16
play_match: FAILURE
remove_player: SUCCESS
get_closest_player: SUCCESS, 169
update_player_stats: SUCCESS
unite_teams: FAILURE
play_match: FAILURE
get_team_points: SUCCESS, 2079
get_team_points: SUCCESS, 2889
get_top_scorer: SUCCESS, 29
unite_teams: INVALID_INPUT
remove_player: SUCCESS
get_top_scorer: SUCCESS, 27
play_match: FAILURE
get_all_players: SUCCESS
115
38
89
156
119
58
177
update_player_stats: SUCCESS
add_team: FAILURE
get_team_points: SUCCESS, 2408
play_match: FAILURE
get_top_scorer: SUCCESS, 29
add_player: FAILURE
get_num_played_games: SUCCESS, 3061
add_player: FAILURE
unite_teams: FAILURE
remove_player: SUCCESS
remove_team: FAILURE
play_match: FAILURE
knockout_winner: SUCCESS, 8
knockout_winner: SUCCESS, 8
knockout_winner: FAILURE
knockout_winner: FAILURE
knockout_winner: INVALID_INPUT
get_team_points: SUCCESS, 8156
get_all_players: SUCCESS
64
181
154
108
161
104
193
165
57
28
147
164
55
50
179
191
37
95
15
84
163
54
150
134
87
159
166
1
184
get_closest_player: SUCCESS, 73
get_all_players: SUCCESS
96
47
99
158
68
add_player: FAILURE
get_team_points: SUCCESS, 2079
remove_team: FAILURE
get_all_players_count: SUCCESS, 8
update_player_stats: SUCCESS
update_player_stats: SUCCESS
get_top_scorer: SUCCESS, 133
get_top_scorer: SUCCESS, 6
get_num_played_games: SUCCESS, 1996
get_all_players: SUCCESS
64
181
154
108
161
104
193
165
57
28
147
164
55
50
179
191
95
15
84
163
54
150
134
87
159
166
37
1
184
get_all_players: SUCCESS
125
149
105
13
9
138
131
133
get_top_scorer: SUCCESS, 113
update_player_stats: SUCCESS
remove_player: SUCCESS
get_top_scorer: SUCCESS, 16
get_top_scorer: SUCCESS, 113
add_team: FAILURE
update_player_stats: SUCCESS
remove_player: SUCCESS
remove_team: FAILURE
get_top_scorer: SUCCESS, 5
get_num_played_games: SUCCESS, 3675
get_all_players: SUCCESS
63
121
135
114
60
86
91
7
31
update_player_stats: SUCCESS
knockout_winner: SUCCESS, 8
knockout_winner: SUCCESS, 8
knockout_winner: FAILURE
knockout_winner: FAILURE
knockout_winner: INVALID_INPUT
get_all_players_count: SUCCESS, 5
get_team_points: SUCCESS, 10622
play_match: FAILURE
update_player_stats: SUCCESS
get_closest_player: SUCCESS, 76
play_match: FAILURE
get_num_played_games: SUCCESS, 10776
get_closest_player: SUCCESS, 184
play_match: FAILURE
get_all_players_count: SUCCESS, 4
remove_team: FAILURE
add_player: FAILURE
get_num_played_games: SUCCESS, 6805
get_top_scorer: SUCCESS, 68
get_all_players_count: SUCCESS, 8
knockout_winner: SUCCESS, 19
knockout_winner: SUCCESS, 20
knockout_winner: FAILURE
knockout_winner: FAILURE
knockout_winner: INVALID_INPUT
unite_teams: FAILURE
update_player_stats: SUCCESS
knockout_winner: FAILURE
knockout_winner: SUCCESS, 8
knockout_winner: FAILURE
knockout_winner: FAILURE
knockout_winner: INVALID_INPUT
add_team: FAILURE
update_player_stats: SUCCESS
get_all_players: SUCCESS
125
149
105
13
9
138
131
133
get_all_players_count: SUCCESS, 16
get_top_scorer: SUCCESS, 5
get_top_scorer: SUCCESS, 40
get_num_played_games: SUCCESS, 20457
get_closest_player: SUCCESS, 153
remove_player: SUCCESS
knockout_winner: FAILURE
knockout_winner: INVALID_INPUT
knockout_winner: INVALID_INPUT
knockout_winner: FAILURE
knockout_winner: INVALID_INPUT
update_player_stats: SUCCESS
add_team: FAILURE
add_player: FAILURE
knockout_winner: SUCCESS, 19
knockout_winner: SUCCESS, 20
knockout_winner: SUCCESS, 8
knockout_winner: SUCCESS, 20
knockout_winner: INVALID_INPUT
remove_player: SUCCESS
get_top_scorer: SUCCESS, 16
get_num_played_games: SUCCESS, 20843
get_all_players_count: SUCCESS, 10
get_team_points: SUCCESS, 8156
get_all_players_count: SUCCESS, 5
remove_player: SUCCESS
add_team: FAILURE
knockout_winner: SUCCESS, 19
knockout_winner: SUCCESS, 20
knockout_winner: SUCCESS, 8
knockout_winner: SUCCESS, 20
knockout_winner: INVALID_INPUT
remove_team: FAILURE
get_team_points: SUCCESS, 1824
unite_teams: FAILURE
knockout_winner: SUCCESS, 19
knockout_winner: SUCCESS, 20
knockout_winner: SUCCESS, 8
knockout_winner: SUCCESS, 20
knockout_winner: INVALID_INPUT
add_team: FAILURE
get_closest_player: SUCCESS, 9
remove_team: FAILURE
add_player: FAILURE
add_team: FAILURE
unite_teams: FAILURE
get_all_players_count: SUCCESS, 3
play_match: FAILURE
update_player_stats: SUCCESS
get_all_players_count: SUCCESS, 7
get_closest_player: SUCCESS, 86
knockout_winner: SUCCESS, 20
knockout_winner: SUCCESS, 20
knockout_winner: FAILURE
knockout_winner: SUCCESS, 20
knockout_winner: INVALID_INPUT
get_all_players_count: SUCCESS, 5
play_match: FAILURE
get_top_scorer: SUCCESS, 177
get_top_scorer: SUCCESS, 36
get_closest_player: SUCCESS, 190
get_closest_player: SUCCESS, 80
get_all_players: SUCCESS
96
47
99
158
68
get_all_players_count: SUCCESS, 7
get_top_scorer: SUCCESS, 184
get_team_points: SUCCESS, 525
get_top_scorer: SUCCESS, 16
get_all_players_count: SUCCESS, 5
get_team_points: SUCCESS, 7981
add_team: FAILURE
remove_player: SUCCESS
knockout_winner: FAILURE
knockout_winner: SUCCESS, 8
knockout_winner: FAILURE
knockout_winner: FAILURE
knockout_winner: INVALID_INPUT
add_player: FAILURE
get_team_points: SUCCESS, 9067
knockout_winner: SUCCESS, 8
knockout_winner: SUCCESS, 8
knockout_winner: FAILURE
knockout_winner: FAILURE
knockout_winner: INVALID_INPUT
get_num_played_games: SUCCESS, 10179
play_match: FAILURE
get_num_played_games: SUCCESS, 6581
get_top_scorer: SUCCESS, 171
add_player: FAILURE
add_team: FAILURE
add_player: FAILURE
get_team_points: SUCCESS, 10622
get_top_scorer: SUCCESS, 177
get_closest_player: SUCCESS, 5
knockout_winner: FAILURE
knockout_winner: SUCCESS, 19
knockout_winner: SUCCESS, 8
knockout_winner: SUCCESS, 19
knockout_winner: INVALID_INPUT
get_closest_player: SUCCESS, 37
knockout_winner: SUCCESS, 8
knockout_winner: INVALID_INPUT
knockout_winner: INVALID_INPUT
knockout_winner: SUCCESS, 19
knockout_winner: SUCCESS, 8
update_player_stats: SUCCESS
get_num_played_games: SUCCESS, 6805
play_match: FAILURE
knockout_winner: SUCCESS, 8
knockout_winner: SUCCESS, 8
knockout_winner: FAILURE
knockout_winner: FAILURE
knockout_winner: INVALID_INPUT
add_team: FAILURE
remove_player: SUCCESS
add_team: FAILURE
get_team_points: SUCCESS, 10176
remove_player: SUCCESS
get_closest_player: SUCCESS, 102
get_top_scorer: SUCCESS, 16
play_match: FAILURE
remove_player: SUCCESS
get_all_players: SUCCESS
71
196
12
get_all_players_count: SUCCESS, 16
get_closest_player: SUCCESS, 53
get_all_players: SUCCESS
38
89
156
119
58
177
unite_teams: FAILURE
get_closest_player: SUCCESS, 193
remove_player: SUCCESS
get_all_players_count: SUCCESS, 8
remove_team: FAILURE
get_closest_player: SUCCESS, 32
play_match: FAILURE
remove_team: FAILURE
get_top_scorer: SUCCESS, 6
knockout_winner: SUCCESS, 19
knockout_winner: SUCCESS, 20
knockout_winner: SUCCESS, 8
knockout_winner: SUCCESS, 20
knockout_winner: FAILURE
get_closest_player: SUCCESS, 109
get_closest_player: SUCCESS, 79
unite_teams: FAILURE
get_closest_player: SUCCESS, 156
get_all_players_count: SUCCESS, 10
unite_teams: FAILURE
get_all_players_count: SUCCESS, 8
knockout_winner: SUCCESS, 8
knockout_winner: SUCCESS, 8
knockout_winner: FAILURE
knockout_winner: FAILURE
knockout_winner: INVALID_INPUT
play_match: FAILURE
remove_team: FAILURE
remove_team: FAILURE
add_team: FAILURE
get_num_played_games: SUCCESS, 107
unite_teams: FAILURE
get_num_played_games: SUCCESS, 10547
get_num_played_games: SUCCESS, 6973
get_closest_player: SUCCESS, 98
get_top_scorer: SUCCESS, 27
knockout_winner: FAILURE
knockout_winner: INVALID_INPUT
knockout_winner: INVALID_INPUT
knockout_winner: FAILURE
knockout_winner: INVALID_INPUT
get_closest_player: SUCCESS, 128
update_player_stats: SUCCESS
get_closest_player: SUCCESS, 171
get_top_scorer: SUCCESS, 133
get_num_played_games: SUCCESS, 6973
add_player: FAILURE
unite_teams: FAILURE
get_all_players: SUCCESS
176
17
145
141
59
178
75
88
81
137
35
42
186
146
130
16
get_top_scorer: SUCCESS, 133
play_match: FAILURE
unite_teams: SUCCESS
get_all_players: SUCCESS
112
155
32
189
34
66
4
6
unite_teams: FAILURE
get_all_players_count: SUCCESS, 6
remove_player: SUCCESS
get_team_points: SUCCESS, 8785
get_num_played_games: SUCCESS, 6995
remove_team: FAILURE
get_closest_player: SUCCESS, 191
get_top_scorer: SUCCESS, 68
add_team: FAILURE
get_all_players: SUCCESS
73
148
103
132
113
61
40
play_match: FAILURE
remove_player: SUCCESS
unite_teams: SUCCESS
get_all_players_count: SUCCESS, 5
knockout_winner: FAILURE
knockout_winner: INVALID_INPUT
knockout_winner: INVALID_INPUT
knockout_winner: SUCCESS, 8
knockout_winner: INVALID_INPUT
knockout_winner: FAILURE
knockout_winner: SUCCESS, 14
knockout_winner: FAILURE
knockout_winner: FAILURE
knockout_winner: INVALID_INPUT
add_player: FAILURE
unite_teams: FAILURE
play_match: FAILURE
unite_teams: FAILURE
knockout_winner: SUCCESS, 8
knockout_winner: SUCCESS, 8
knockout_winner: FAILURE
knockout_winner: FAILURE
knockout_winner: INVALID_INPUT
get_team_points: SUCCESS, 2408
update_player_stats: SUCCESS
play_match: FAILURE
get_team_points: SUCCESS, 2079
get_num_played_games: SUCCESS, 6341
get_closest_player: SUCCESS, 160
play_match: FAILURE
update_player_stats: SUCCESS
update_player_stats: SUCCESS
add_team: FAILURE
get_all_players: SUCCESS
144
76
118
102
44
27
get_all_players_count: SUCCESS, 7
knockout_winner: SUCCESS, 14
knockout_winner: SUCCESS, 19
knockout_winner: SUCCESS, 8
knockout_winner: SUCCESS, 19
knockout_winner: INVALID_INPUT
get_all_players_count: SUCCESS, 7
add_team: FAILURE
get_top_scorer: SUCCESS, 36
unite_teams: FAILURE
get_closest_player: SUCCESS, 135
get_closest_player: SUCCESS, 158
remove_team: FAILURE
play_match: FAILURE
get_team_points: SUCCESS, 8785
get_all_players: SUCCESS
185
30
29
126
unite_teams: FAILURE
get_num_played_games: SUCCESS, 22524
unite_teams: INVALID_INPUT
play_match: FAILURE
add_team: FAILURE
knockout_winner: SUCCESS, 14
knockout_winner: SUCCESS, 14
knockout_winner: FAILURE
knockout_winner: SUCCESS, 19
knockout_winner: INVALID_INPUT
remove_player: SUCCESS
update_player_stats: SUCCESS
get_team_points: SUCCESS, 8785
get_all_players_count: SUCCESS, 10
remove_player: SUCCESS
knockout_winner: SUCCESS, 8
knockout_winner: SUCCESS, 14
knockout_winner: FAILURE
knockout_winner: SUCCESS, 14
knockout_winner: INVALID_INPUT
get_all_players_count: SUCCESS, 4
get_all_players: SUCCESS
38
89
119
58
156
177
get_all_players_count: SUCCESS, 4
get_all_players: SUCCESS
190
41
199
56
129
45
123
162
200
14
5
36
remove_player: SUCCESS
get_num_played_games: SUCCESS, 6238
add_team: FAILURE
add_player: FAILURE
play_match: FAILURE
play_match: FAILURE
get_num_played_games: SUCCESS, 20843
get_num_played_games: SUCCESS, 3614
update_player_stats: SUCCESS
get_all_players: SUCCESS
71
196
12
get_num_played_games: SUCCESS, 14174
remove_team: FAILURE
play_match: FAILURE
add_player: FAILURE
get_top_scorer: SUCCESS, 46
get_top_scorer: SUCCESS, 46
get_num_played_games: SUCCESS, 4385
add_team: FAILURE
get_closest_player: SUCCESS, 113
get_all_players_count: SUCCESS, 7
get_all_players: SUCCESS
125
105
13
9
138
149
133
remove_player: SUCCESS
get_team_points: SUCCESS, 8156
get_closest_player: SUCCESS, 133
get_num_played_games: SUCCESS, 1268
get_closest_player: SUCCESS, 6
remove_player: SUCCESS
get_closest_player: SUCCESS, 88
remove_team: FAILURE
play_match: FAILURE
add_team: FAILURE
unite_teams: FAILURE
add_player: FAILURE
get_team_points: SUCCESS, 8156
get_team_points: SUCCESS, 10622
add_player: FAILURE
remove_player: SUCCESS
get_top_scorer: SUCCESS, 36
remove_team: FAILURE
get_all_players_count: SUCCESS, 4
get_all_players_count: SUCCESS, 15
get_all_players_count: SUCCESS, 12
remove_team: FAILURE
get_closest_player: SUCCESS, 84
get_all_players_count: SUCCESS, 7
unite_teams: SUCCESS
update_player_stats: SUCCESS
update_player_stats: SUCCESS
get_team_points: SUCCESS, 2408
get_top_scorer: SUCCESS, 46
add_player: FAILURE
knockout_winner: SUCCESS, 14
knockout_winner: SUCCESS, 19
knockout_winner: SUCCESS, 14
knockout_winner: SUCCESS, 19
knockout_winner: INVALID_INPUT
get_num_played_games: SUCCESS, 14647
update_player_stats: SUCCESS
get_top_scorer: SUCCESS, 30
get_all_players_count: SUCCESS, 7
remove_player: SUCCESS
get_all_players: SUCCESS
63
65
111
121
80
142
110
135
114
60
10
128
86
169
91
7
51
98
93
198
39
197
183
2
31
46
get_num_played_games: SUCCESS, 6683
get_team_points: SUCCESS, 10622
add_team: FAILURE
unite_teams: FAILURE
play_match: FAILURE
add_player: FAILURE
get_all_players: SUCCESS
185
30
get_all_players: SUCCESS
64
181
154
108
161
104
193
165
57
28
147
50
179
191
95
15
84
163
54
55
150
134
87
159
37
1
184
get_all_players: SUCCESS
63
65
111
121
80
142
110
135
114
60
10
128
86
169
91
7
51
98
93
198
39
197
183
2
31
46
get_all_players: SUCCESS
97
190
70
41
109
199
56
129
45
123
143
160
162
33
200
14
106
5
188
36
get_all_players_count: SUCCESS, 3
remove_team: FAILURE
add_team: FAILURE
remove_player: SUCCESS
update_player_stats: SUCCESS
get_closest_player: SUCCESS, 93
play_match: FAILURE
get_closest_player: SUCCESS, 73
get_closest_player: SUCCESS, 63
remove_player: SUCCESS
unite_teams: FAILURE
get_num_played_games: SUCCESS, 24592
get_all_players: SUCCESS
38
89
119
58
156
177
play_match: FAILURE
get_all_players: SUCCESS
38
89
119
58
156
177
remove_team: FAILURE
get_all_players: SUCCESS
125
105
13
9
138
149
133
get_all_players_count: SUCCESS, 7
add_player: FAILURE
add_player: FAILURE
get_all_players_count: SUCCESS, 3
get_all_players: SUCCESS
176
17
141
59
178
75
88
81
137
35
42
186
146
130
16
get_all_players: SUCCESS
73
148
103
132
113
61
40
get_all_players_count: SUCCESS, 2
get_team_points: SUCCESS, 10622
remove_player: SUCCESS
get_num_played_games: SUCCESS, 6238
update_player_stats: SUCCESS
get_team_points: SUCCESS, 8785
add_team: FAILURE
add_player: FAILURE
get_team_points: SUCCESS, 8785
get_all_players_count: SUCCESS, 24
add_team: FAILURE
get_team_points: SUCCESS, 2079
unite_teams: FAILURE
remove_player: SUCCESS
get_all_players: SUCCESS
97
190
70
41
109
199
56
129
45
123
143
160
162
33
200
14
106
5
188
36
get_all_players_count: SUCCESS, 4
remove_player: SUCCESS
get_all_players: SUCCESS
144
76
118
102
44
27
get_num_played_games: SUCCESS, 3398
update_player_stats: SUCCESS
get_all_players_count: SUCCESS, 7
unite_teams: FAILURE
add_team: FAILURE
get_all_players_count: SUCCESS, 4
add_team: FAILURE
update_player_stats: SUCCESS
get_team_points: SUCCESS, 10622
unite_teams: FAILURE
get_num_played_games: SUCCESS, 5460
get_team_points: SUCCESS, 8785
get_team_points: SUCCESS, 9067
add_team: FAILURE
add_team: FAILURE
get_all_players_count: SUCCESS, 7
get_num_played_games: SUCCESS, 6238
get_num_played_games: SUCCESS, 1878
unite_teams: FAILURE
get_team_points: SUCCESS, 10327
play_match: FAILURE
get_team_points: SUCCESS, 2079
remove_team: FAILURE
get_closest_player: SUCCESS, 112
remove_team: FAILURE
knockout_winner: SUCCESS, 8
knockout_winner: INVALID_INPUT
knockout_winner: INVALID_INPUT
knockout_winner: SUCCESS, 14
knockout_winner: INVALID_INPUT
update_player_stats: SUCCESS
get_closest_player: SUCCESS, 169
get_top_scorer: SUCCESS, 46
add_team: FAILURE
unite_teams: FAILURE
add_team: FAILURE
add_team: FAILURE
remove_player: SUCCESS
remove_team: FAILURE
get_closest_player: SUCCESS, 103
get_num_played_games: SUCCESS, 19914
unite_teams: SUCCESS
remove_team: FAILURE
get_top_scorer: SUCCESS, 171
get_closest_player: SUCCESS, 177
remove_player: SUCCESS
add_player: FAILURE
update_player_stats: SUCCESS
get_all_players_count: SUCCESS, 7
knockout_winner: SUCCESS, 18
knockout_winner: SUCCESS, 14
knockout_winner: FAILURE
knockout_winner: FAILURE
knockout_winner: INVALID_INPUT
remove_team: FAILURE
remove_team: FAILURE
get_top_scorer: SUCCESS, 133
play_match: SUCCESS
play_match: FAILURE
play_match: FAILURE
remove_team: FAILURE
get_all_players: SUCCESS
125
105
13
9
138
149
133
get_team_points: SUCCESS, 8785
remove_player: SUCCESS
get_closest_player: SUCCESS, 158
get_top_scorer: SUCCESS, 12
play_match: FAILURE
unite_teams: INVALID_INPUT
remove_player: SUCCESS
get_top_scorer: SUCCESS, 133
remove_player: SUCCESS
get_closest_player: SUCCESS, 38
get_all_players_count: SUCCESS, 6
add_player: FAILURE
unite_teams: INVALID_INPUT
remove_player: SUCCESS
remove_team: FAILURE
update_player_stats: SUCCESS
knockout_winner: SUCCESS, 8
knockout_winner: SUCCESS, 14
knockout_winner: FAILURE
knockout_winner: SUCCESS, 14
knockout_winner: INVALID_INPUT
knockout_winner: FAILURE
knockout_winner: SUCCESS, 14
knockout_winner: SUCCESS, 8
knockout_winner: SUCCESS, 14
knockout_winner: INVALID_INPUT
update_player_stats: SUCCESS
unite_teams: FAILURE
remove_player: SUCCESS
remove_player: SUCCESS
remove_player: SUCCESS
remove_player: SUCCESS
remove_player: SUCCESS
remove_player: SUCCESS
remove_player: SUCCESS
remove_player: SUCCESS
remove_player: SUCCESS
remove_player: SUCCESS
remove_player: SUCCESS
remove_player: SUCCESS
remove_player: SUCCESS
remove_player: SUCCESS
remove_player: SUCCESS
remove_player: SUCCESS
remove_player: SUCCESS
remove_player: SUCCESS
remove_player: SUCCESS
remove_player: SUCCESS
remove_player: SUCCESS
remove_player: SUCCESS
remove_player: SUCCESS
remove_player: SUCCESS
remove_player: SUCCESS
remove_player: SUCCESS
remove_player: SUCCESS
remove_player: SUCCESS
remove_player: SUCCESS
remove_player: SUCCESS
remove_player: SUCCESS
remove_player: SUCCESS
remove_player: SUCCESS
remove_player: SUCCESS
remove_player: SUCCESS
remove_player: SUCCESS
remove_player: SUCCESS
remove_player: SUCCESS
remove_player: SUCCESS
remove_player: SUCCESS
remove_player: SUCCESS
remove_player: SUCCESS
remove_player: SUCCESS
remove_player: SUCCESS
remove_player: SUCCESS
remove_player: SUCCESS
remove_player: SUCCESS
remove_player: SUCCESS
remove_player: SUCCESS
remove_player: SUCCESS
remove_player: SUCCESS
remove_player: SUCCESS
remove_player: SUCCESS
remove_player: SUCCESS
remove_player: SUCCESS
remove_player: SUCCESS
remove_player: SUCCESS
remove_player: SUCCESS
remove_player: SUCCESS
remove_player: SUCCESS
remove_player: SUCCESS
remove_player: SUCCESS
remove_player: SUCCESS
remove_player: SUCCESS
remove_player: SUCCESS
remove_player: SUCCESS
remove_player: SUCCESS
remove_player: SUCCESS
remove_player: SUCCESS
remove_player: SUCCESS
remove_player: SUCCESS
remove_player: SUCCESS
remove_player: SUCCESS
remove_player: SUCCESS
remove_player: SUCCESS
remove_player: SUCCESS
remove_player: SUCCESS
remove_player: SUCCESS
remove_player: SUCCESS
remove_player: SUCCESS
remove_player: SUCCESS
remove_player: SUCCESS
remove_player: SUCCESS
remove_player: SUCCESS
remove_player: SUCCESS
remove_player: SUCCESS
remove_player: SUCCESS
remove_player: SUCCESS
remove_player: SUCCESS
remove_player: SUCCESS
remove_player: SUCCESS
remove_player: SUCCESS
remove_player: SUCCESS
remove_player: SUCCESS
remove_player: SUCCESS
remove_player: SUCCESS
remove_player: SUCCESS
remove_player: SUCCESS
remove_player: SUCCESS
remove_player: SUCCESS
remove_player: SUCCESS
remove_player: SUCCESS
remove_player: SUCCESS
remove_player: SUCCESS
remove_player: SUCCESS
remove_player: SUCCESS
remove_player: SUCCESS
remove_player: SUCCESS
remove_player: SUCCESS
remove_player: SUCCESS
remove_player: SUCCESS
remove_player: SUCCESS
remove_player: SUCCESS
remove_player: SUCCESS
remove_player: SUCCESS
remove_player: SUCCESS
remove_player: SUCCESS
remove_player: SUCCESS
remove_player: SUCCESS
remove_player: SUCCESS
remove_player: SUCCESS
remove_player: SUCCESS
remove_player: SUCCESS
remove_team: SUCCESS
remove_team: SUCCESS
remove_team: SUCCESS
remove_team: SUCCESS
remove_team: SUCCESS
remove_team: SUCCESS
remove_team: SUCCESS
remove_team: SUCCESS
remove_team: SUCCESS
remove_team: SUCCESS
remove_team: SUCCESS
remove_team: SUCCESS
