add_team: SUCCESS
add_team: SUCCESS
add_team: SUCCESS
add_team: SUCCESS
add_team: SUCCESS
add_team: SUCCESS
add_team: SUCCESS
add_team: SUCCESS
add_team: SUCCESS
add_team: SUCCESS
add_team: SUCCESS
add_team: SUCCESS
add_team: SUCCESS
add_team: SUCCESS
add_team: SUCCESS
add_team: SUCCESS
add_team: SUCCESS
add_team: SUCCESS
add_team: SUCCESS
add_team: SUCCESS
add_player: SUCCESS
add_player: SUCCESS
add_player: SUCCESS
add_player: SUCCESS
add_player: SUCCESS
add_player: SUCCESS
add_player: SUCCESS
add_player: SUCCESS
add_player: SUCCESS
add_player: SUCCESS
add_player: SUCCESS
add_player: SUCCESS
add_player: SUCCESS
add_player: SUCCESS
add_player: SUCCESS
add_player: SUCCESS
add_player: SUCCESS
add_player: SUCCESS
add_player: SUCCESS
add_player: SUCCESS
add_player: SUCCESS
add_player: SUCCESS
add_player: SUCCESS
add_player: SUCCESS
add_player: SUCCESS
add_player: SUCCESS
add_player: SUCCESS
add_player: SUCCESS
add_player: SUCCESS
add_player: SUCCESS
add_player: SUCCESS
add_player: SUCCESS
add_player: SUCCESS
add_player: SUCCESS
add_player: SUCCESS
add_player: SUCCESS
add_player: SUCCESS
add_player: SUCCESS
add_player: SUCCESS
add_player: SUCCESS
add_player: SUCCESS
add_player: SUCCESS
add_player: SUCCESS
add_player: SUCCESS
add_player: SUCCESS
add_player: SUCCESS
add_player: SUCCESS
add_player: SUCCESS
add_player: SUCCESS
add_player: SUCCESS
add_player: SUCCESS
add_player: SUCCESS
add_player: SUCCESS
add_player: SUCCESS
add_player: SUCCESS
add_player: SUCCESS
add_player: SUCCESS
add_player: SUCCESS
add_player: SUCCESS
add_player: SUCCESS
add_player: SUCCESS
add_player: SUCCESS
add_player: SUCCESS
add_player: SUCCESS
add_player: SUCCESS
add_player: SUCCESS
add_player: SUCCESS
add_player: SUCCESS
add_player: SUCCESS
add_player: SUCCESS
add_player: SUCCESS
add_player: SUCCESS
add_player: SUCCESS
add_player: SUCCESS
add_player: SUCCESS
add_player: SUCCESS
add_player: SUCCESS
add_player: SUCCESS
add_player: SUCCESS
add_player: SUCCESS
add_player: SUCCESS
add_player: SUCCESS
add_player: SUCCESS
add_player: SUCCESS
add_player: SUCCESS
add_player: SUCCESS
add_player: SUCCESS
add_player: SUCCESS
add_player: SUCCESS
add_player: SUCCESS
add_player: SUCCESS
add_player: SUCCESS
add_player: SUCCESS
add_player: SUCCESS
add_player: SUCCESS
add_player: SUCCESS
add_player: SUCCESS
add_player: SUCCESS
add_player: SUCCESS
add_player: SUCCESS
add_player: SUCCESS
add_player: SUCCESS
add_player: SUCCESS
add_player: SUCCESS
add_player: SUCCESS
add_player: SUCCESS
add_player: SUCCESS
add_player: SUCCESS
add_player: SUCCESS
add_player: SUCCESS
add_player: SUCCESS
add_player: SUCCESS
add_player: SUCCESS
add_player: SUCCESS
add_player: SUCCESS
add_player: SUCCESS
add_player: SUCCESS
add_player: SUCCESS
add_player: SUCCESS
add_player: SUCCESS
add_player: SUCCESS
add_player: SUCCESS
add_player: SUCCESS
add_player: SUCCESS
add_player: SUCCESS
add_player: SUCCESS
add_player: SUCCESS
add_player: SUCCESS
add_player: SUCCESS
add_player: SUCCESS
add_player: SUCCESS
add_player: SUCCESS
add_player: SUCCESS
add_player: SUCCESS
add_player: SUCCESS
add_player: SUCCESS
add_player: SUCCESS
add_player: SUCCESS
add_player: SUCCESS
add_player: SUCCESS
add_player: SUCCESS
add_player: SUCCESS
add_player: SUCCESS
add_player: SUCCESS
add_player: SUCCESS
add_player: SUCCESS
add_player: SUCCESS
add_player: SUCCESS
add_player: SUCCESS
add_player: SUCCESS
add_player: SUCCESS
add_player: SUCCESS
add_player: SUCCESS
add_player: SUCCESS
add_player: SUCCESS
add_player: SUCCESS
add_player: SUCCESS
add_player: SUCCESS
add_player: SUCCESS
add_player: SUCCESS
add_player: SUCCESS
add_player: SUCCESS
add_player: SUCCESS
add_player: SUCCESS
add_player: SUCCESS
add_player: SUCCESS
add_player: SUCCESS
add_player: SUCCESS
add_player: SUCCESS
add_player: SUCCESS
add_player: SUCCESS
add_player: SUCCESS
add_player: SUCCESS
add_player: SUCCESS
add_player: SUCCESS
add_player: SUCCESS
add_player: SUCCESS
add_player: SUCCESS
add_player: SUCCESS
add_player: SUCCESS
add_player: SUCCESS
add_player: SUCCESS
add_player: SUCCESS
add_player: SUCCESS
add_player: SUCCESS
add_player: SUCCESS
add_player: SUCCESS
add_player: SUCCESS
add_player: SUCCESS
add_player: SUCCESS
add_player: SUCCESS
add_player: SUCCESS
add_player: SUCCESS
add_player: SUCCESS
add_player: SUCCESS
add_player: SUCCESS
add_player: SUCCESS
add_player: SUCCESS
add_player: SUCCESS
add_player: SUCCESS
play_match: FAILURE
knockout_winner: SUCCESS, 19
knockout_winner: SUCCESS, 19
knockout_winner: SUCCESS, 14
knockout_winner: FAILURE
knockout_winner: INVALID_INPUT
add_player: FAILURE
add_player: FAILURE
add_player: FAILURE
get_all_players_count: SUCCESS, 11
get_top_scorer: SUCCESS, 110
get_team_points: SUCCESS, 10929
knockout_winner: SUCCESS, 4
knockout_winner: INVALID_INPUT
knockout_winner: INVALID_INPUT
knockout_winner: SUCCESS, 9
knockout_winner: INVALID_INPUT
add_player: FAILURE
update_player_stats: SUCCESS
add_team: FAILURE
get_team_points: SUCCESS, 408
knockout_winner: SUCCESS, 9
knockout_winner: SUCCESS, 9
knockout_winner: SUCCESS, 6
knockout_winner: SUCCESS, 14
knockout_winner: INVALID_INPUT
remove_team: FAILURE
get_closest_player: SUCCESS, 73
unite_teams: FAILURE
add_team: FAILURE
add_team: FAILURE
get_all_players_count: SUCCESS, 7
remove_player: SUCCESS
add_player: FAILURE
unite_teams: FAILURE
play_match: FAILURE
get_all_players_count: SUCCESS, 10
get_team_points: SUCCESS, 8827
add_team: FAILURE
knockout_winner: SUCCESS, 19
knockout_winner: SUCCESS, 9
knockout_winner: SUCCESS, 9
knockout_winner: SUCCESS, 19
knockout_winner: INVALID_INPUT
get_all_players: SUCCESS
43
145
156
100
49
74
126
172
182
add_team: FAILURE
get_num_played_games: SUCCESS, 6134
get_closest_player: SUCCESS, 90
remove_team: FAILURE
add_player: FAILURE
unite_teams: FAILURE
remove_player: SUCCESS
play_match: FAILURE
get_top_scorer: SUCCESS, 105
get_num_played_games: SUCCESS, 311
get_num_played_games: SUCCESS, 3777
knockout_winner: SUCCESS, 4
knockout_winner: INVALID_INPUT
knockout_winner: INVALID_INPUT
knockout_winner: SUCCESS, 9
knockout_winner: INVALID_INPUT
knockout_winner: SUCCESS, 9
knockout_winner: SUCCESS, 19
knockout_winner: SUCCESS, 9
knockout_winner: SUCCESS, 19
knockout_winner: SUCCESS, 14
get_all_players: SUCCESS
117
73
68
22
60
96
64
149
17
178
add_player: FAILURE
get_top_scorer: SUCCESS, 79
unite_teams: FAILURE
update_player_stats: SUCCESS
add_player: FAILURE
add_team: FAILURE
get_all_players: SUCCESS
31
70
21
120
20
59
115
get_team_points: SUCCESS, 408
add_team: FAILURE
get_num_played_games: SUCCESS, 5893
unite_teams: FAILURE
unite_teams: FAILURE
get_all_players_count: SUCCESS, 6
remove_team: FAILURE
remove_player: SUCCESS
get_num_played_games: SUCCESS, 1595
remove_team: FAILURE
knockout_winner: SUCCESS, 5
knockout_winner: SUCCESS, 9
knockout_winner: FAILURE
knockout_winner: FAILURE
knockout_winner: INVALID_INPUT
get_num_played_games: SUCCESS, 4754
get_top_scorer: SUCCESS, 10
get_top_scorer: SUCCESS, 107
get_top_scorer: SUCCESS, 129
update_player_stats: SUCCESS
play_match: FAILURE
play_match: FAILURE
unite_teams: SUCCESS
get_team_points: SUCCESS, 11946
get_all_players_count: SUCCESS, 6
play_match: FAILURE
add_player: FAILURE
update_player_stats: SUCCESS
get_all_players: SUCCESS
117
73
68
22
60
96
64
149
17
178
get_all_players_count: SUCCESS, 9
play_match: SUCCESS
unite_teams: FAILURE
remove_player: SUCCESS
add_team: FAILURE
remove_player: SUCCESS
remove_team: FAILURE
get_team_points: SUCCESS, 4215
get_all_players_count: SUCCESS, 23
get_top_scorer: SUCCESS, 198
get_num_played_games: SUCCESS, 7306
play_match: FAILURE
add_player: FAILURE
unite_teams: FAILURE
add_team: FAILURE
get_team_points: SUCCESS, 8827
get_top_scorer: SUCCESS, 46
remove_team: FAILURE
get_top_scorer: SUCCESS, 178
update_player_stats: SUCCESS
knockout_winner: SUCCESS, 9
knockout_winner: SUCCESS, 9
knockout_winner: SUCCESS, 5
knockout_winner: SUCCESS, 14
knockout_winner: INVALID_INPUT
unite_teams: FAILURE
get_team_points: SUCCESS, 10929
get_closest_player: SUCCESS, 34
get_all_players: SUCCESS
75
187
57
194
113
167
175
181
6
146
125
15
35
67
193
184
11
166
16
188
111
130
198
get_team_points: SUCCESS, 408
knockout_winner: FAILURE
knockout_winner: SUCCESS, 19
knockout_winner: FAILURE
knockout_winner: SUCCESS, 20
knockout_winner: INVALID_INPUT
play_match: FAILURE
add_player: FAILURE
get_closest_player: SUCCESS, 17
add_player: FAILURE
get_all_players: SUCCESS
66
18
160
192
154
97
116
85
164
159
84
129
get_top_scorer: SUCCESS, 119
get_all_players_count: SUCCESS, 13
remove_team: FAILURE
remove_team: FAILURE
add_team: FAILURE
get_all_players_count: SUCCESS, 12
knockout_winner: SUCCESS, 19
knockout_winner: SUCCESS, 19
knockout_winner: SUCCESS, 14
knockout_winner: FAILURE
knockout_winner: INVALID_INPUT
play_match: FAILURE
knockout_winner: SUCCESS, 9
knockout_winner: SUCCESS, 9
knockout_winner: SUCCESS, 9
knockout_winner: SUCCESS, 19
knockout_winner: FAILURE
add_team: FAILURE
get_all_players_count: SUCCESS, 13
get_all_players: SUCCESS
40
2
200
8
94
77
151
69
183
1
42
82
114
119
update_player_stats: SUCCESS
unite_teams: FAILURE
play_match: FAILURE
get_team_points: SUCCESS, 2594
add_player: FAILURE
unite_teams: FAILURE
add_team: FAILURE
get_all_players_count: SUCCESS, 12
add_player: FAILURE
remove_team: FAILURE
unite_teams: INVALID_INPUT
get_all_players: SUCCESS
72
186
33
197
56
61
remove_team: FAILURE
get_team_points: SUCCESS, 2594
get_top_scorer: SUCCESS, 32
remove_player: SUCCESS
get_all_players: SUCCESS
40
2
200
8
94
77
151
69
183
1
42
82
114
119
remove_team: FAILURE
knockout_winner: FAILURE
knockout_winner: SUCCESS, 9
knockout_winner: FAILURE
knockout_winner: FAILURE
knockout_winner: INVALID_INPUT
remove_team: FAILURE
remove_team: FAILURE
get_top_scorer: SUCCESS, 152
remove_player: SUCCESS
knockout_winner: INVALID_INPUT
knockout_winner: SUCCESS, 14
knockout_winner: INVALID_INPUT
knockout_winner: INVALID_INPUT
knockout_winner: INVALID_INPUT
update_player_stats: SUCCESS
get_all_players_count: SUCCESS, 12
get_all_players: SUCCESS
101
36
189
103
92
46
get_all_players: SUCCESS
158
19
180
37
170
152
unite_teams: FAILURE
remove_team: FAILURE
add_player: FAILURE
get_num_played_games: SUCCESS, 386
remove_player: SUCCESS
get_all_players_count: SUCCESS, 6
remove_team: FAILURE
unite_teams: FAILURE
add_team: FAILURE
remove_player: SUCCESS
remove_team: FAILURE
get_top_scorer: SUCCESS, 129
get_all_players: SUCCESS
80
195
127
78
27
136
45
34
137
47
150
128
79
add_player: FAILURE
update_player_stats: SUCCESS
unite_teams: FAILURE
knockout_winner: SUCCESS, 19
knockout_winner: SUCCESS, 9
knockout_winner: SUCCESS, 9
knockout_winner: SUCCESS, 19
knockout_winner: INVALID_INPUT
get_closest_player: SUCCESS, 168
knockout_winner: INVALID_INPUT
knockout_winner: SUCCESS, 14
knockout_winner: INVALID_INPUT
knockout_winner: INVALID_INPUT
knockout_winner: INVALID_INPUT
add_player: FAILURE
get_top_scorer: SUCCESS, 106
get_closest_player: SUCCESS, 129
add_player: FAILURE
get_top_scorer: SUCCESS, 7
add_team: FAILURE
get_all_players_count: SUCCESS, 7
get_num_played_games: SUCCESS, 3502
get_num_played_games: SUCCESS, 3206
get_closest_player: SUCCESS, 58
add_player: FAILURE
remove_team: FAILURE
get_team_points: SUCCESS, 4215
get_num_played_games: SUCCESS, 5808
get_closest_player: SUCCESS, 136
get_all_players: SUCCESS
75
187
57
194
113
167
175
6
146
125
15
67
184
11
166
16
111
130
198
193
remove_team: FAILURE
get_num_played_games: SUCCESS, 4573
get_all_players: SUCCESS
163
65
123
3
161
131
89
190
139
get_team_points: SUCCESS, 3876
get_team_points: SUCCESS, 7600
get_all_players: SUCCESS
5
118
86
142
144
51
9
52
153
32
get_all_players_count: SUCCESS, 6
remove_player: SUCCESS
unite_teams: FAILURE
get_closest_player: SUCCESS, 106
get_num_played_games: SUCCESS, 1459
get_num_played_games: SUCCESS, 8129
get_top_scorer: SUCCESS, 7
add_team: FAILURE
remove_team: FAILURE
get_top_scorer: SUCCESS, 135
knockout_winner: SUCCESS, 9
knockout_winner: SUCCESS, 9
knockout_winner: SUCCESS, 4
knockout_winner: SUCCESS, 14
knockout_winner: INVALID_INPUT
get_closest_player: SUCCESS, 18
get_num_played_games: SUCCESS, 3340
remove_player: SUCCESS
get_num_played_games: SUCCESS, 588
unite_teams: FAILURE
remove_team: FAILURE
get_top_scorer: SUCCESS, 32
get_num_played_games: SUCCESS, 4940
add_player: FAILURE
get_all_players_count: SUCCESS, 13
get_all_players_count: SUCCESS, 12
knockout_winner: SUCCESS, 19
knockout_winner: SUCCESS, 9
knockout_winner: SUCCESS, 9
knockout_winner: SUCCESS, 19
knockout_winner: INVALID_INPUT
get_num_played_games: SUCCESS, 9525
get_all_players: SUCCESS
80
195
127
78
27
136
45
34
137
47
150
128
79
get_team_points: SUCCESS, 12138
add_player: FAILURE
get_closest_player: SUCCESS, 144
add_team: FAILURE
get_all_players: SUCCESS
14
147
23
50
171
106
remove_team: FAILURE
update_player_stats: SUCCESS
get_all_players: SUCCESS
43
145
156
100
49
74
126
172
182
add_player: FAILURE
get_num_played_games: SUCCESS, 11306
remove_team: FAILURE
remove_player: SUCCESS
get_closest_player: SUCCESS, 32
get_closest_player: SUCCESS, 57
get_all_players: SUCCESS
62
155
41
12
157
141
53
176
95
4
109
76
196
get_all_players: SUCCESS
80
195
127
78
27
136
45
34
137
47
150
128
79
get_top_scorer: SUCCESS, 119
play_match: FAILURE
get_num_played_games: SUCCESS, 311
add_player: FAILURE
add_team: FAILURE
get_num_played_games: SUCCESS, 5006
get_team_points: SUCCESS, 7600
get_all_players: SUCCESS
72
186
33
197
56
61
add_player: FAILURE
add_player: FAILURE
add_player: FAILURE
get_all_players: SUCCESS
43
145
156
100
49
74
126
172
182
remove_player: SUCCESS
get_num_played_games: SUCCESS, 11145
get_all_players: SUCCESS
133
98
13
132
138
124
199
122
185
105
99
get_all_players_count: SUCCESS, 10
add_team: FAILURE
get_num_played_games: SUCCESS, 5412
get_num_played_games: SUCCESS, 3171
remove_player: SUCCESS
get_top_scorer: SUCCESS, 106
get_top_scorer: SUCCESS, 115
play_match: FAILURE
add_team: FAILURE
get_num_played_games: SUCCESS, 3734
add_team: FAILURE
unite_teams: FAILURE
add_player: FAILURE
get_closest_player: SUCCESS, 95
knockout_winner: FAILURE
knockout_winner: INVALID_INPUT
knockout_winner: INVALID_INPUT
knockout_winner: SUCCESS, 8
knockout_winner: INVALID_INPUT
remove_player: SUCCESS
add_team: FAILURE
play_match: FAILURE
add_player: FAILURE
remove_team: FAILURE
remove_team: FAILURE
update_player_stats: SUCCESS
play_match: SUCCESS
knockout_winner: SUCCESS, 19
knockout_winner: SUCCESS, 19
knockout_winner: SUCCESS, 14
knockout_winner: FAILURE
knockout_winner: INVALID_INPUT
get_team_points: SUCCESS, 5756
get_all_players_count: SUCCESS, 13
get_top_scorer: SUCCESS, 196
add_player: FAILURE
get_top_scorer: SUCCESS, 186
get_all_players: SUCCESS
133
98
13
132
138
199
122
185
105
99
get_num_played_games: SUCCESS, 6326
get_all_players: SUCCESS
31
70
21
120
20
59
115
unite_teams: FAILURE
get_top_scorer: SUCCESS, 135
get_num_played_games: SUCCESS, 4755
knockout_winner: INVALID_INPUT
knockout_winner: INVALID_INPUT
knockout_winner: INVALID_INPUT
knockout_winner: INVALID_INPUT
knockout_winner: INVALID_INPUT
get_team_points: SUCCESS, 3876
add_player: FAILURE
get_num_played_games: SUCCESS, 311
get_team_points: SUCCESS, 956
add_team: FAILURE
get_closest_player: SUCCESS, 156
remove_player: SUCCESS
play_match: FAILURE
get_top_scorer: SUCCESS, 119
play_match: FAILURE
unite_teams: SUCCESS
play_match: FAILURE
add_player: FAILURE
unite_teams: INVALID_INPUT
remove_team: FAILURE
update_player_stats: SUCCESS
remove_player: SUCCESS
get_all_players_count: SUCCESS, 10
knockout_winner: SUCCESS, 14
knockout_winner: SUCCESS, 9
knockout_winner: SUCCESS, 9
knockout_winner: SUCCESS, 19
knockout_winner: INVALID_INPUT
add_player: FAILURE
get_num_played_games: SUCCESS, 5273
remove_team: FAILURE
remove_player: SUCCESS
get_top_scorer: SUCCESS, 193
get_top_scorer: SUCCESS, 99
knockout_winner: SUCCESS, 19
knockout_winner: SUCCESS, 19
knockout_winner: SUCCESS, 14
knockout_winner: FAILURE
knockout_winner: INVALID_INPUT
remove_team: FAILURE
unite_teams: FAILURE
remove_player: SUCCESS
play_match: FAILURE
update_player_stats: SUCCESS
play_match: FAILURE
get_all_players_count: SUCCESS, 8
remove_team: FAILURE
get_top_scorer: SUCCESS, 152
play_match: FAILURE
remove_player: SUCCESS
update_player_stats: SUCCESS
get_all_players: SUCCESS
31
21
120
20
59
115
knockout_winner: SUCCESS, 9
knockout_winner: SUCCESS, 9
knockout_winner: SUCCESS, 4
knockout_winner: SUCCESS, 14
knockout_winner: INVALID_INPUT
get_all_players_count: SUCCESS, 6
add_player: FAILURE
remove_team: FAILURE
get_all_players: SUCCESS
163
65
123
3
161
131
89
190
139
play_match: FAILURE
remove_player: SUCCESS
remove_player: SUCCESS
remove_player: SUCCESS
add_player: FAILURE
get_all_players: SUCCESS
163
65
123
3
161
131
89
190
139
remove_player: SUCCESS
get_team_points: SUCCESS, 7419
get_top_scorer: SUCCESS, 110
get_num_played_games: SUCCESS, 9981
get_closest_player: SUCCESS, 130
unite_teams: FAILURE
add_team: FAILURE
get_team_points: SUCCESS, 2594
unite_teams: FAILURE
remove_player: SUCCESS
get_top_scorer: SUCCESS, 106
get_top_scorer: SUCCESS, 196
remove_team: FAILURE
unite_teams: FAILURE
add_team: FAILURE
get_num_played_games: SUCCESS, 7742
add_team: FAILURE
add_player: FAILURE
add_player: FAILURE
remove_player: SUCCESS
remove_team: FAILURE
update_player_stats: SUCCESS
knockout_winner: INVALID_INPUT
knockout_winner: INVALID_INPUT
knockout_winner: INVALID_INPUT
knockout_winner: INVALID_INPUT
knockout_winner: INVALID_INPUT
knockout_winner: SUCCESS, 9
knockout_winner: INVALID_INPUT
knockout_winner: INVALID_INPUT
knockout_winner: SUCCESS, 9
knockout_winner: INVALID_INPUT
get_num_played_games: SUCCESS, 5015
remove_team: FAILURE
update_player_stats: SUCCESS
play_match: FAILURE
get_num_played_games: SUCCESS, 3400
remove_team: FAILURE
get_team_points: SUCCESS, 5756
add_player: FAILURE
get_all_players_count: SUCCESS, 6
knockout_winner: SUCCESS, 9
knockout_winner: SUCCESS, 9
knockout_winner: SUCCESS, 9
knockout_winner: SUCCESS, 19
knockout_winner: SUCCESS, 14
play_match: SUCCESS
get_all_players: SUCCESS
145
156
100
49
126
43
172
182
get_all_players_count: SUCCESS, 9
get_all_players: SUCCESS
117
73
68
22
60
96
17
178
get_all_players: SUCCESS
169
48
58
91
90
168
107
get_closest_player: SUCCESS, 142
remove_player: SUCCESS
get_num_played_games: SUCCESS, 3206
get_all_players: SUCCESS
19
180
37
170
152
158
knockout_winner: SUCCESS, 9
knockout_winner: SUCCESS, 9
knockout_winner: SUCCESS, 4
knockout_winner: SUCCESS, 14
knockout_winner: INVALID_INPUT
get_num_played_games: SUCCESS, 11208
unite_teams: FAILURE
update_player_stats: SUCCESS
get_all_players_count: SUCCESS, 10
get_all_players_count: SUCCESS, 9
remove_team: FAILURE
remove_team: FAILURE
get_closest_player: SUCCESS, 106
get_closest_player: SUCCESS, 84
get_all_players: SUCCESS
163
65
123
3
161
89
190
139
knockout_winner: SUCCESS, 9
knockout_winner: SUCCESS, 9
knockout_winner: SUCCESS, 4
knockout_winner: SUCCESS, 14
knockout_winner: INVALID_INPUT
remove_team: FAILURE
get_all_players: SUCCESS
145
156
100
49
126
43
172
182
get_closest_player: SUCCESS, 146
add_team: FAILURE
knockout_winner: SUCCESS, 6
knockout_winner: INVALID_INPUT
knockout_winner: INVALID_INPUT
knockout_winner: SUCCESS, 9
knockout_winner: INVALID_INPUT
update_player_stats: SUCCESS
knockout_winner: SUCCESS, 7
knockout_winner: SUCCESS, 9
knockout_winner: FAILURE
knockout_winner: FAILURE
knockout_winner: INVALID_INPUT
get_top_scorer: SUCCESS, 61
get_top_scorer: SUCCESS, 178
get_team_points: SUCCESS, 12138
add_team: FAILURE
add_team: FAILURE
get_closest_player: SUCCESS, 61
get_team_points: SUCCESS, 12138
remove_team: FAILURE
add_player: FAILURE
get_all_players_count: SUCCESS, 11
unite_teams: FAILURE
get_closest_player: SUCCESS, 97
get_all_players_count: SUCCESS, 8
remove_team: FAILURE
get_closest_player: SUCCESS, 50
knockout_winner: FAILURE
knockout_winner: SUCCESS, 9
knockout_winner: SUCCESS, 7
knockout_winner: FAILURE
knockout_winner: INVALID_INPUT
get_closest_player: SUCCESS, 61
add_team: FAILURE
get_all_players: SUCCESS
31
120
20
115
get_closest_player: SUCCESS, 93
remove_player: SUCCESS
update_player_stats: SUCCESS
get_closest_player: SUCCESS, 68
update_player_stats: SUCCESS
get_all_players: SUCCESS
72
33
197
56
61
get_closest_player: SUCCESS, 144
remove_player: SUCCESS
add_player: FAILURE
remove_player: SUCCESS
get_all_players_count: SUCCESS, 11
get_num_played_games: SUCCESS, 21631
remove_team: FAILURE
remove_team: FAILURE
get_top_scorer: SUCCESS, 182
get_team_points: SUCCESS, 11946
get_all_players: SUCCESS
75
187
57
194
113
167
175
6
146
125
67
184
11
166
16
111
130
198
193
remove_player: SUCCESS
knockout_winner: FAILURE
knockout_winner: SUCCESS, 19
knockout_winner: FAILURE
knockout_winner: FAILURE
knockout_winner: INVALID_INPUT
get_team_points: SUCCESS, 6386
knockout_winner: SUCCESS, 9
knockout_winner: INVALID_INPUT
knockout_winner: INVALID_INPUT
knockout_winner: SUCCESS, 9
knockout_winner: SUCCESS, 9
get_top_scorer: SUCCESS, 193
get_num_played_games: SUCCESS, 7179
update_player_stats: SUCCESS
play_match: FAILURE
get_closest_player: SUCCESS, 144
remove_team: FAILURE
get_closest_player: SUCCESS, 23
remove_team: FAILURE
update_player_stats: SUCCESS
add_team: FAILURE
get_num_played_games: SUCCESS, 297
add_team: FAILURE
unite_teams: FAILURE
add_team: FAILURE
get_num_played_games: SUCCESS, 4720
knockout_winner: SUCCESS, 9
knockout_winner: INVALID_INPUT
knockout_winner: INVALID_INPUT
knockout_winner: SUCCESS, 9
knockout_winner: SUCCESS, 9
get_num_played_games: SUCCESS, 23
unite_teams: FAILURE
get_num_played_games: SUCCESS, 8054
get_closest_player: SUCCESS, 56
update_player_stats: SUCCESS
get_num_played_games: SUCCESS, 12030
play_match: FAILURE
remove_team: FAILURE
remove_team: FAILURE
get_all_players: SUCCESS
62
155
41
12
157
141
53
176
95
4
109
196
add_team: FAILURE
get_top_scorer: SUCCESS, 182
get_team_points: SUCCESS, 11476
update_player_stats: SUCCESS
get_top_scorer: SUCCESS, 22
get_closest_player: SUCCESS, 143
get_all_players: SUCCESS
62
155
41
12
157
141
53
176
95
4
109
196
add_team: FAILURE
add_team: FAILURE
get_closest_player: SUCCESS, 153
remove_team: FAILURE
knockout_winner: SUCCESS, 9
knockout_winner: SUCCESS, 9
knockout_winner: SUCCESS, 4
knockout_winner: SUCCESS, 14
knockout_winner: INVALID_INPUT
get_top_scorer: SUCCESS, 90
remove_player: SUCCESS
get_all_players_count: SUCCESS, 9
add_team: FAILURE
play_match: FAILURE
get_all_players: SUCCESS
83
104
134
174
44
28
179
173
177
143
71
29
110
add_player: FAILURE
get_closest_player: SUCCESS, 71
get_all_players: SUCCESS
195
127
78
27
45
34
137
47
150
128
79
80
136
add_team: FAILURE
add_player: FAILURE
get_team_points: SUCCESS, 2657
add_team: FAILURE
update_player_stats: SUCCESS
add_player: FAILURE
get_closest_player: SUCCESS, 122
remove_player: SUCCESS
play_match: SUCCESS
add_player: FAILURE
play_match: FAILURE
add_player: FAILURE
remove_player: SUCCESS
add_player: FAILURE
unite_teams: FAILURE
get_top_scorer: SUCCESS, 9
get_all_players_count: SUCCESS, 10
update_player_stats: SUCCESS
play_match: FAILURE
unite_teams: FAILURE
add_player: FAILURE
add_player: FAILURE
play_match: FAILURE
update_player_stats: SUCCESS
add_team: FAILURE
remove_team: FAILURE
get_all_players: SUCCESS
133
98
13
132
138
199
122
185
99
105
knockout_winner: INVALID_INPUT
knockout_winner: INVALID_INPUT
knockout_winner: INVALID_INPUT
knockout_winner: INVALID_INPUT
knockout_winner: INVALID_INPUT
play_match: FAILURE
get_num_played_games: SUCCESS, 4573
update_player_stats: SUCCESS
get_top_scorer: SUCCESS, 196
get_top_scorer: SUCCESS, 22
get_num_played_games: SUCCESS, 10484
get_team_points: SUCCESS, 2594
get_team_points: SUCCESS, 11946
play_match: SUCCESS
get_num_played_games: SUCCESS, 9509
play_match: FAILURE
get_num_played_games: SUCCESS, 1736
unite_teams: FAILURE
get_top_scorer: SUCCESS, 61
get_closest_player: SUCCESS, 153
get_team_points: SUCCESS, 12138
get_all_players_count: SUCCESS, 13
get_all_players_count: SUCCESS, 10
play_match: FAILURE
unite_teams: FAILURE
get_closest_player: SUCCESS, 130
get_num_played_games: SUCCESS, 6509
add_team: FAILURE
get_all_players: SUCCESS
147
23
50
171
update_player_stats: SUCCESS
get_all_players: SUCCESS
169
58
48
168
107
90
remove_team: FAILURE
add_player: FAILURE
add_player: FAILURE
add_player: FAILURE
add_team: FAILURE
knockout_winner: SUCCESS, 9
knockout_winner: INVALID_INPUT
knockout_winner: INVALID_INPUT
knockout_winner: SUCCESS, 9
knockout_winner: INVALID_INPUT
add_team: FAILURE
get_num_played_games: SUCCESS, 5016
get_closest_player: SUCCESS, 194
unite_teams: FAILURE
update_player_stats: SUCCESS
get_num_played_games: SUCCESS, 29324
get_num_played_games: SUCCESS, 6737
get_all_players: SUCCESS
62
155
41
12
157
141
53
176
95
4
109
196
get_all_players_count: SUCCESS, 10
add_player: FAILURE
knockout_winner: SUCCESS, 19
knockout_winner: SUCCESS, 9
knockout_winner: SUCCESS, 9
knockout_winner: SUCCESS, 19
knockout_winner: INVALID_INPUT
remove_team: FAILURE
get_all_players: SUCCESS
19
180
37
170
152
158
remove_player: SUCCESS
get_closest_player: SUCCESS, 80
get_all_players: SUCCESS
19
180
37
170
152
158
get_num_played_games: SUCCESS, 1960
remove_player: SUCCESS
get_top_scorer: SUCCESS, 136
play_match: FAILURE
remove_team: FAILURE
get_team_points: SUCCESS, 11946
knockout_winner: SUCCESS, 9
knockout_winner: INVALID_INPUT
knockout_winner: INVALID_INPUT
knockout_winner: SUCCESS, 9
knockout_winner: SUCCESS, 9
remove_team: FAILURE
get_all_players_count: SUCCESS, 13
unite_teams: SUCCESS
remove_player: SUCCESS
knockout_winner: INVALID_INPUT
knockout_winner: SUCCESS, 19
knockout_winner: INVALID_INPUT
knockout_winner: INVALID_INPUT
knockout_winner: INVALID_INPUT
update_player_stats: SUCCESS
add_team: FAILURE
add_player: FAILURE
unite_teams: FAILURE
get_num_played_games: SUCCESS, 3701
add_team: FAILURE
knockout_winner: SUCCESS, 14
knockout_winner: SUCCESS, 9
knockout_winner: SUCCESS, 9
knockout_winner: SUCCESS, 19
knockout_winner: INVALID_INPUT
add_team: FAILURE
remove_team: FAILURE
play_match: FAILURE
play_match: FAILURE
remove_team: FAILURE
remove_team: FAILURE
get_closest_player: SUCCESS, 85
get_team_points: SUCCESS, 3451
play_match: SUCCESS
add_team: FAILURE
add_team: FAILURE
get_num_played_games: SUCCESS, 9386
knockout_winner: SUCCESS, 5
knockout_winner: SUCCESS, 9
knockout_winner: FAILURE
knockout_winner: FAILURE
knockout_winner: INVALID_INPUT
add_team: FAILURE
get_all_players_count: SUCCESS, 4
remove_player: SUCCESS
get_team_points: SUCCESS, 10016
unite_teams: FAILURE
add_player: FAILURE
knockout_winner: SUCCESS, 6
knockout_winner: SUCCESS, 9
knockout_winner: FAILURE
knockout_winner: FAILURE
knockout_winner: INVALID_INPUT
get_top_scorer: SUCCESS, 119
get_num_played_games: SUCCESS, 884
remove_team: FAILURE
play_match: SUCCESS
remove_player: SUCCESS
get_num_played_games: SUCCESS, 8798
unite_teams: FAILURE
play_match: FAILURE
unite_teams: FAILURE
remove_player: SUCCESS
add_team: FAILURE
get_team_points: SUCCESS, 6728
remove_player: SUCCESS
get_num_played_games: SUCCESS, 5893
add_team: FAILURE
remove_team: FAILURE
get_closest_player: SUCCESS, 23
get_team_points: SUCCESS, 956
add_player: FAILURE
get_num_played_games: SUCCESS, 1600
get_num_played_games: SUCCESS, 8693
remove_player: SUCCESS
get_top_scorer: SUCCESS, 158
add_team: FAILURE
get_top_scorer: SUCCESS, 158
unite_teams: FAILURE
unite_teams: FAILURE
get_num_played_games: SUCCESS, 5017
get_all_players_count: SUCCESS, 12
get_num_played_games: SUCCESS, 7744
get_all_players_count: SUCCESS, 5
play_match: FAILURE
add_player: FAILURE
update_player_stats: SUCCESS
remove_player: SUCCESS
get_team_points: SUCCESS, 11946
get_all_players_count: SUCCESS, 5
update_player_stats: SUCCESS
get_closest_player: SUCCESS, 20
get_num_played_games: SUCCESS, 6737
get_team_points: SUCCESS, 2657
add_team: FAILURE
add_team: FAILURE
knockout_winner: FAILURE
knockout_winner: SUCCESS, 19
knockout_winner: FAILURE
knockout_winner: FAILURE
knockout_winner: INVALID_INPUT
remove_team: FAILURE
get_num_played_games: SUCCESS, 9937
play_match: SUCCESS
remove_team: FAILURE
get_team_points: SUCCESS, 956
update_player_stats: SUCCESS
get_num_played_games: SUCCESS, 8601
add_player: FAILURE
play_match: SUCCESS
add_player: FAILURE
unite_teams: INVALID_INPUT
play_match: FAILURE
get_top_scorer: SUCCESS, 119
get_team_points: SUCCESS, 11479
get_all_players: SUCCESS
31
120
20
115
get_all_players: SUCCESS
5
118
86
142
144
51
153
32
9
update_player_stats: SUCCESS
get_num_played_games: SUCCESS, 10484
add_team: FAILURE
get_num_played_games: SUCCESS, 5010
knockout_winner: SUCCESS, 9
knockout_winner: INVALID_INPUT
knockout_winner: INVALID_INPUT
knockout_winner: SUCCESS, 9
knockout_winner: INVALID_INPUT
get_all_players: SUCCESS
104
134
174
44
28
173
177
143
71
29
179
110
unite_teams: FAILURE
update_player_stats: SUCCESS
remove_player: SUCCESS
remove_player: SUCCESS
get_all_players: SUCCESS
62
155
41
12
157
141
53
176
95
4
109
196
remove_player: SUCCESS
get_closest_player: SUCCESS, 17
get_closest_player: SUCCESS, 138
update_player_stats: SUCCESS
play_match: FAILURE
get_all_players_count: SUCCESS, 6
remove_team: FAILURE
play_match: FAILURE
get_closest_player: SUCCESS, 122
unite_teams: SUCCESS
remove_team: FAILURE
get_top_scorer: SUCCESS, 33
get_team_points: SUCCESS, 11946
get_num_played_games: SUCCESS, 7006
get_all_players_count: SUCCESS, 11
add_player: FAILURE
remove_team: FAILURE
unite_teams: FAILURE
unite_teams: FAILURE
add_team: FAILURE
remove_player: SUCCESS
get_top_scorer: SUCCESS, 158
get_num_played_games: SUCCESS, 3542
play_match: SUCCESS
remove_team: FAILURE
unite_teams: FAILURE
play_match: FAILURE
unite_teams: FAILURE
get_team_points: SUCCESS, 10929
get_top_scorer: SUCCESS, 150
play_match: FAILURE
get_all_players: SUCCESS
163
65
123
161
197
89
56
61
190
3
139
33
unite_teams: FAILURE
unite_teams: FAILURE
get_closest_player: SUCCESS, 6
get_team_points: SUCCESS, 10019
knockout_winner: SUCCESS, 15
knockout_winner: SUCCESS, 9
knockout_winner: SUCCESS, 9
knockout_winner: SUCCESS, 19
knockout_winner: INVALID_INPUT
get_all_players: SUCCESS
19
180
37
170
152
158
unite_teams: FAILURE
update_player_stats: SUCCESS
unite_teams: FAILURE
get_all_players: SUCCESS
169
58
168
107
get_all_players_count: SUCCESS, 4
play_match: SUCCESS
play_match: FAILURE
update_player_stats: SUCCESS
remove_team: FAILURE
get_all_players: SUCCESS
100
49
126
145
156
43
172
182
remove_team: FAILURE
update_player_stats: SUCCESS
play_match: SUCCESS
add_player: FAILURE
get_team_points: SUCCESS, 11482
get_num_played_games: SUCCESS, 10794
remove_team: FAILURE
remove_player: SUCCESS
add_team: FAILURE
unite_teams: FAILURE
get_top_scorer: SUCCESS, 150
get_top_scorer: SUCCESS, 115
get_all_players_count: SUCCESS, 4
get_all_players: SUCCESS
31
120
20
115
get_all_players_count: SUCCESS, 15
unite_teams: FAILURE
get_num_played_games: SUCCESS, 11643
remove_player: SUCCESS
play_match: INVALID_INPUT
get_all_players_count: SUCCESS, 12
play_match: INVALID_INPUT
get_closest_player: SUCCESS, 114
add_team: FAILURE
add_team: FAILURE
get_team_points: SUCCESS, 2594
play_match: FAILURE
unite_teams: FAILURE
unite_teams: FAILURE
add_player: FAILURE
knockout_winner: INVALID_INPUT
knockout_winner: SUCCESS, 9
knockout_winner: INVALID_INPUT
knockout_winner: INVALID_INPUT
knockout_winner: INVALID_INPUT
unite_teams: FAILURE
get_all_players_count: SUCCESS, 12
get_top_scorer: SUCCESS, 119
get_closest_player: SUCCESS, 194
get_all_players_count: SUCCESS, 4
get_num_played_games: SUCCESS, 8060
get_all_players: SUCCESS
133
98
132
138
199
122
185
99
105
remove_player: SUCCESS
remove_player: SUCCESS
play_match: FAILURE
add_team: FAILURE
get_team_points: SUCCESS, 6811
get_top_scorer: SUCCESS, 107
get_closest_player: SUCCESS, 166
remove_team: FAILURE
play_match: FAILURE
unite_teams: INVALID_INPUT
knockout_winner: SUCCESS, 9
knockout_winner: SUCCESS, 9
knockout_winner: SUCCESS, 9
knockout_winner: SUCCESS, 15
knockout_winner: INVALID_INPUT
knockout_winner: SUCCESS, 7
knockout_winner: SUCCESS, 9
knockout_winner: FAILURE
knockout_winner: FAILURE
knockout_winner: INVALID_INPUT
remove_team: FAILURE
unite_teams: FAILURE
unite_teams: FAILURE
get_team_points: SUCCESS, 408
update_player_stats: SUCCESS
add_team: FAILURE
get_closest_player: SUCCESS, 123
remove_team: FAILURE
get_team_points: SUCCESS, 4224
update_player_stats: SUCCESS
get_all_players: SUCCESS
5
118
86
142
144
51
153
9
32
get_all_players_count: SUCCESS, 14
unite_teams: FAILURE
remove_player: SUCCESS
play_match: FAILURE
knockout_winner: SUCCESS, 6
knockout_winner: SUCCESS, 9
knockout_winner: FAILURE
knockout_winner: FAILURE
knockout_winner: INVALID_INPUT
get_num_played_games: SUCCESS, 4755
knockout_winner: SUCCESS, 9
knockout_winner: SUCCESS, 9
knockout_winner: SUCCESS, 9
knockout_winner: SUCCESS, 15
knockout_winner: FAILURE
knockout_winner: FAILURE
knockout_winner: INVALID_INPUT
knockout_winner: INVALID_INPUT
knockout_winner: SUCCESS, 7
knockout_winner: INVALID_INPUT
add_team: FAILURE
remove_team: FAILURE
knockout_winner: SUCCESS, 7
knockout_winner: SUCCESS, 9
knockout_winner: FAILURE
knockout_winner: FAILURE
knockout_winner: INVALID_INPUT
get_all_players_count: SUCCESS, 4
add_player: FAILURE
remove_player: SUCCESS
unite_teams: FAILURE
unite_teams: FAILURE
play_match: FAILURE
get_num_played_games: SUCCESS, 7007
update_player_stats: SUCCESS
get_closest_player: SUCCESS, 134
knockout_winner: FAILURE
knockout_winner: SUCCESS, 15
knockout_winner: FAILURE
knockout_winner: FAILURE
knockout_winner: INVALID_INPUT
add_team: FAILURE
get_top_scorer: SUCCESS, 107
add_player: FAILURE
add_team: FAILURE
get_all_players_count: SUCCESS, 8
unite_teams: FAILURE
get_all_players_count: SUCCESS, 8
get_all_players_count: SUCCESS, 9
add_player: FAILURE
update_player_stats: SUCCESS
play_match: FAILURE
remove_player: SUCCESS
get_closest_player: SUCCESS, 200
update_player_stats: SUCCESS
remove_player: SUCCESS
play_match: INVALID_INPUT
add_team: FAILURE
play_match: FAILURE
add_player: FAILURE
add_player: FAILURE
remove_team: FAILURE
knockout_winner: SUCCESS, 9
knockout_winner: SUCCESS, 9
knockout_winner: SUCCESS, 9
knockout_winner: SUCCESS, 15
knockout_winner: INVALID_INPUT
unite_teams: FAILURE
get_all_players: SUCCESS
147
23
50
171
knockout_winner: SUCCESS, 4
knockout_winner: INVALID_INPUT
knockout_winner: INVALID_INPUT
knockout_winner: SUCCESS, 9
knockout_winner: INVALID_INPUT
add_team: FAILURE
add_player: FAILURE
remove_team: FAILURE
play_match: FAILURE
remove_player: SUCCESS
add_team: FAILURE
get_top_scorer: SUCCESS, 67
get_all_players_count: SUCCESS, 14
update_player_stats: SUCCESS
remove_team: FAILURE
get_top_scorer: SUCCESS, 12
add_player: FAILURE
get_closest_player: SUCCESS, 117
get_all_players: SUCCESS
88
162
55
36
63
108
189
46
103
191
92
101
get_team_points: SUCCESS, 10022
add_team: FAILURE
remove_player: SUCCESS
update_player_stats: SUCCESS
add_team: FAILURE
knockout_winner: SUCCESS, 4
knockout_winner: INVALID_INPUT
knockout_winner: INVALID_INPUT
knockout_winner: SUCCESS, 9
knockout_winner: INVALID_INPUT
remove_team: FAILURE
get_num_played_games: SUCCESS, 5065
get_all_players_count: SUCCESS, 4
unite_teams: FAILURE
unite_teams: FAILURE
add_team: FAILURE
update_player_stats: SUCCESS
remove_team: FAILURE
add_player: FAILURE
remove_team: FAILURE
get_closest_player: SUCCESS, 193
get_team_points: SUCCESS, 13094
get_closest_player: SUCCESS, 179
get_team_points: SUCCESS, 6811
update_player_stats: SUCCESS
add_team: FAILURE
add_team: FAILURE
get_closest_player: SUCCESS, 36
add_team: FAILURE
get_top_scorer: SUCCESS, 119
knockout_winner: SUCCESS, 9
knockout_winner: SUCCESS, 9
knockout_winner: SUCCESS, 9
knockout_winner: SUCCESS, 15
knockout_winner: INVALID_INPUT
remove_team: FAILURE
add_team: FAILURE
get_all_players_count: SUCCESS, 14
get_closest_player: SUCCESS, 156
remove_player: SUCCESS
get_top_scorer: SUCCESS, 178
remove_team: FAILURE
get_all_players: SUCCESS
62
41
157
141
53
176
95
4
109
196
155
12
add_player: FAILURE
get_team_points: SUCCESS, 11482
add_player: FAILURE
get_closest_player: SUCCESS, 33
unite_teams: FAILURE
add_player: FAILURE
unite_teams: FAILURE
play_match: FAILURE
add_team: FAILURE
play_match: SUCCESS
knockout_winner: SUCCESS, 9
knockout_winner: SUCCESS, 9
knockout_winner: SUCCESS, 9
knockout_winner: SUCCESS, 15
knockout_winner: INVALID_INPUT
remove_team: FAILURE
get_all_players: SUCCESS
195
127
78
45
34
137
47
128
79
80
136
150
add_team: FAILURE
update_player_stats: SUCCESS
unite_teams: FAILURE
get_top_scorer: SUCCESS, 150
get_top_scorer: SUCCESS, 150
add_team: FAILURE
add_team: FAILURE
unite_teams: FAILURE
knockout_winner: SUCCESS, 14
knockout_winner: SUCCESS, 9
knockout_winner: SUCCESS, 9
knockout_winner: FAILURE
knockout_winner: INVALID_INPUT
knockout_winner: INVALID_INPUT
knockout_winner: SUCCESS, 15
knockout_winner: INVALID_INPUT
knockout_winner: INVALID_INPUT
knockout_winner: INVALID_INPUT
update_player_stats: SUCCESS
update_player_stats: SUCCESS
get_all_players_count: SUCCESS, 3
get_num_played_games: SUCCESS, 9094
get_top_scorer: SUCCESS, 143
knockout_winner: FAILURE
knockout_winner: SUCCESS, 15
knockout_winner: SUCCESS, 15
knockout_winner: FAILURE
knockout_winner: INVALID_INPUT
unite_teams: FAILURE
get_all_players_count: SUCCESS, 5
unite_teams: FAILURE
add_team: FAILURE
add_player: FAILURE
remove_team: FAILURE
play_match: FAILURE
unite_teams: SUCCESS
get_all_players: SUCCESS
133
98
132
138
199
185
99
122
105
get_closest_player: SUCCESS, 159
add_team: FAILURE
update_player_stats: SUCCESS
remove_player: SUCCESS
knockout_winner: SUCCESS, 4
knockout_winner: INVALID_INPUT
knockout_winner: INVALID_INPUT
knockout_winner: SUCCESS, 7
knockout_winner: INVALID_INPUT
remove_team: FAILURE
get_closest_player: SUCCESS, 41
knockout_winner: SUCCESS, 14
knockout_winner: SUCCESS, 4
knockout_winner: SUCCESS, 4
knockout_winner: SUCCESS, 15
knockout_winner: INVALID_INPUT
get_team_points: SUCCESS, 4789
knockout_winner: INVALID_INPUT
knockout_winner: INVALID_INPUT
knockout_winner: INVALID_INPUT
knockout_winner: INVALID_INPUT
knockout_winner: INVALID_INPUT
play_match: FAILURE
get_closest_player: SUCCESS, 2
knockout_winner: SUCCESS, 4
knockout_winner: INVALID_INPUT
knockout_winner: INVALID_INPUT
knockout_winner: FAILURE
knockout_winner: INVALID_INPUT
get_all_players: SUCCESS
104
134
57
174
44
194
28
113
175
6
173
125
177
11
16
71
111
29
198
193
179
187
143
130
67
remove_team: FAILURE
unite_teams: FAILURE
play_match: INVALID_INPUT
get_top_scorer: SUCCESS, 170
get_all_players_count: SUCCESS, 12
add_team: FAILURE
get_all_players: SUCCESS
147
23
50
171
unite_teams: FAILURE
add_team: FAILURE
get_closest_player: SUCCESS, 58
get_num_played_games: SUCCESS, 8695
get_team_points: SUCCESS, 6811
add_player: FAILURE
play_match: SUCCESS
knockout_winner: FAILURE
knockout_winner: SUCCESS, 15
knockout_winner: SUCCESS, 14
knockout_winner: FAILURE
knockout_winner: INVALID_INPUT
knockout_winner: FAILURE
knockout_winner: INVALID_INPUT
knockout_winner: INVALID_INPUT
knockout_winner: FAILURE
knockout_winner: INVALID_INPUT
add_team: FAILURE
add_player: FAILURE
get_closest_player: SUCCESS, 37
get_top_scorer: SUCCESS, 107
add_team: FAILURE
get_all_players_count: SUCCESS, 12
knockout_winner: SUCCESS, 4
knockout_winner: INVALID_INPUT
knockout_winner: INVALID_INPUT
knockout_winner: SUCCESS, 15
knockout_winner: SUCCESS, 7
unite_teams: FAILURE
play_match: FAILURE
knockout_winner: SUCCESS, 15
knockout_winner: SUCCESS, 4
knockout_winner: SUCCESS, 4
knockout_winner: SUCCESS, 15
knockout_winner: INVALID_INPUT
get_top_scorer: SUCCESS, 170
get_top_scorer: SUCCESS, 171
get_team_points: SUCCESS, 11485
play_match: INVALID_INPUT
get_top_scorer: SUCCESS, 32
get_top_scorer: SUCCESS, 119
get_all_players: SUCCESS
5
118
86
142
144
153
9
32
get_all_players: SUCCESS
100
49
126
145
156
43
172
182
get_team_points: SUCCESS, 11485
update_player_stats: SUCCESS
remove_team: FAILURE
update_player_stats: SUCCESS
get_top_scorer: SUCCESS, 170
get_all_players: SUCCESS
88
162
55
36
63
108
189
46
103
191
92
update_player_stats: SUCCESS
get_all_players_count: SUCCESS, 13
remove_player: SUCCESS
unite_teams: FAILURE
play_match: FAILURE
get_team_points: SUCCESS, 2594
update_player_stats: SUCCESS
get_all_players_count: SUCCESS, 24
get_all_players_count: SUCCESS, 7
get_all_players: SUCCESS
147
23
50
171
unite_teams: FAILURE
add_player: FAILURE
unite_teams: FAILURE
knockout_winner: SUCCESS, 4
knockout_winner: INVALID_INPUT
knockout_winner: INVALID_INPUT
knockout_winner: FAILURE
knockout_winner: INVALID_INPUT
get_all_players: SUCCESS
5
118
86
142
144
153
9
32
play_match: FAILURE
get_num_played_games: SUCCESS, 11885
get_num_played_games: SUCCESS, 2289
unite_teams: FAILURE
play_match: FAILURE
get_num_played_games: SUCCESS, 12035
get_all_players_count: SUCCESS, 11
remove_player: SUCCESS
play_match: FAILURE
get_closest_player: SUCCESS, 17
knockout_winner: FAILURE
knockout_winner: INVALID_INPUT
knockout_winner: INVALID_INPUT
knockout_winner: SUCCESS, 7
knockout_winner: INVALID_INPUT
play_match: FAILURE
update_player_stats: SUCCESS
knockout_winner: INVALID_INPUT
knockout_winner: FAILURE
knockout_winner: INVALID_INPUT
knockout_winner: INVALID_INPUT
knockout_winner: INVALID_INPUT
get_all_players: SUCCESS
88
162
55
63
108
189
46
103
191
92
36
remove_team: FAILURE
unite_teams: FAILURE
get_top_scorer: SUCCESS, 182
get_all_players: SUCCESS
40
2
200
8
94
77
69
1
114
119
add_player: FAILURE
play_match: SUCCESS
play_match: FAILURE
get_num_played_games: SUCCESS, 19741
remove_team: FAILURE
get_all_players: SUCCESS
104
134
57
174
44
194
28
113
6
173
125
177
11
16
71
111
29
198
193
179
187
143
130
67
remove_player: SUCCESS
remove_player: SUCCESS
remove_player: SUCCESS
remove_player: SUCCESS
remove_player: SUCCESS
remove_player: SUCCESS
remove_player: SUCCESS
remove_player: SUCCESS
remove_player: SUCCESS
remove_player: SUCCESS
remove_player: SUCCESS
remove_player: SUCCESS
remove_player: SUCCESS
remove_player: SUCCESS
remove_player: SUCCESS
remove_player: SUCCESS
remove_player: SUCCESS
remove_player: SUCCESS
remove_player: SUCCESS
remove_player: SUCCESS
remove_player: SUCCESS
remove_player: SUCCESS
remove_player: SUCCESS
remove_player: SUCCESS
remove_player: SUCCESS
remove_player: SUCCESS
remove_player: SUCCESS
remove_player: SUCCESS
remove_player: SUCCESS
remove_player: SUCCESS
remove_player: SUCCESS
remove_player: SUCCESS
remove_player: SUCCESS
remove_player: SUCCESS
remove_player: SUCCESS
remove_player: SUCCESS
remove_player: SUCCESS
remove_player: SUCCESS
remove_player: SUCCESS
remove_player: SUCCESS
remove_player: SUCCESS
remove_player: SUCCESS
remove_player: SUCCESS
remove_player: SUCCESS
remove_player: SUCCESS
remove_player: SUCCESS
remove_player: SUCCESS
remove_player: SUCCESS
remove_player: SUCCESS
remove_player: SUCCESS
remove_player: SUCCESS
remove_player: SUCCESS
remove_player: SUCCESS
remove_player: SUCCESS
remove_player: SUCCESS
remove_player: SUCCESS
remove_player: SUCCESS
remove_player: SUCCESS
remove_player: SUCCESS
remove_player: SUCCESS
remove_player: SUCCESS
remove_player: SUCCESS
remove_player: SUCCESS
remove_player: SUCCESS
remove_player: SUCCESS
remove_player: SUCCESS
remove_player: SUCCESS
remove_player: SUCCESS
remove_player: SUCCESS
remove_player: SUCCESS
remove_player: SUCCESS
remove_player: SUCCESS
remove_player: SUCCESS
remove_player: SUCCESS
remove_player: SUCCESS
remove_player: SUCCESS
remove_player: SUCCESS
remove_player: SUCCESS
remove_player: SUCCESS
remove_player: SUCCESS
remove_player: SUCCESS
remove_player: SUCCESS
remove_player: SUCCESS
remove_player: SUCCESS
remove_player: SUCCESS
remove_player: SUCCESS
remove_player: SUCCESS
remove_player: SUCCESS
remove_player: SUCCESS
remove_player: SUCCESS
remove_player: SUCCESS
remove_player: SUCCESS
remove_player: SUCCESS
remove_player: SUCCESS
remove_player: SUCCESS
remove_player: SUCCESS
remove_player: SUCCESS
remove_player: SUCCESS
remove_player: SUCCESS
remove_player: SUCCESS
remove_player: SUCCESS
remove_player: SUCCESS
remove_player: SUCCESS
remove_player: SUCCESS
remove_player: SUCCESS
remove_player: SUCCESS
remove_player: SUCCESS
remove_player: SUCCESS
remove_player: SUCCESS
remove_player: SUCCESS
remove_player: SUCCESS
remove_player: SUCCESS
remove_player: SUCCESS
remove_player: SUCCESS
remove_player: SUCCESS
remove_player: SUCCESS
remove_player: SUCCESS
remove_player: SUCCESS
remove_player: SUCCESS
remove_player: SUCCESS
remove_player: SUCCESS
remove_player: SUCCESS
remove_player: SUCCESS
remove_player: SUCCESS
remove_player: SUCCESS
remove_player: SUCCESS
remove_player: SUCCESS
remove_player: SUCCESS
remove_player: SUCCESS
remove_player: SUCCESS
remove_player: SUCCESS
remove_player: SUCCESS
remove_player: SUCCESS
remove_player: SUCCESS
remove_player: SUCCESS
remove_player: SUCCESS
remove_player: SUCCESS
remove_player: SUCCESS
remove_player: SUCCESS
remove_team: SUCCESS
remove_team: SUCCESS
remove_team: SUCCESS
remove_team: SUCCESS
remove_team: SUCCESS
remove_team: SUCCESS
remove_team: SUCCESS
remove_team: SUCCESS
remove_team: SUCCESS
remove_team: SUCCESS
remove_team: SUCCESS
remove_team: SUCCESS
remove_team: SUCCESS
remove_team: SUCCESS
remove_team: SUCCESS
