add_team: SUCCESS
add_team: SUCCESS
add_team: SUCCESS
add_team: SUCCESS
add_team: SUCCESS
add_team: SUCCESS
add_team: SUCCESS
add_team: SUCCESS
add_team: SUCCESS
add_team: SUCCESS
add_team: SUCCESS
add_team: SUCCESS
add_team: SUCCESS
add_team: SUCCESS
add_team: SUCCESS
add_team: SUCCESS
add_team: SUCCESS
add_team: SUCCESS
add_team: SUCCESS
add_team: SUCCESS
add_player: SUCCESS
add_player: SUCCESS
add_player: SUCCESS
add_player: SUCCESS
add_player: SUCCESS
add_player: SUCCESS
add_player: SUCCESS
add_player: SUCCESS
add_player: SUCCESS
add_player: SUCCESS
add_player: SUCCESS
add_player: SUCCESS
add_player: SUCCESS
add_player: SUCCESS
add_player: SUCCESS
add_player: SUCCESS
add_player: SUCCESS
add_player: SUCCESS
add_player: SUCCESS
add_player: SUCCESS
add_player: SUCCESS
add_player: SUCCESS
add_player: SUCCESS
add_player: SUCCESS
add_player: SUCCESS
add_player: SUCCESS
add_player: SUCCESS
add_player: SUCCESS
add_player: SUCCESS
add_player: SUCCESS
add_player: SUCCESS
add_player: SUCCESS
add_player: SUCCESS
add_player: SUCCESS
add_player: SUCCESS
add_player: SUCCESS
add_player: SUCCESS
add_player: SUCCESS
add_player: SUCCESS
add_player: SUCCESS
add_player: SUCCESS
add_player: SUCCESS
add_player: SUCCESS
add_player: SUCCESS
add_player: SUCCESS
add_player: SUCCESS
add_player: SUCCESS
add_player: SUCCESS
add_player: SUCCESS
add_player: SUCCESS
add_player: SUCCESS
add_player: SUCCESS
add_player: SUCCESS
add_player: SUCCESS
add_player: SUCCESS
add_player: SUCCESS
add_player: SUCCESS
add_player: SUCCESS
add_player: SUCCESS
add_player: SUCCESS
add_player: SUCCESS
add_player: SUCCESS
add_player: SUCCESS
add_player: SUCCESS
add_player: SUCCESS
add_player: SUCCESS
add_player: SUCCESS
add_player: SUCCESS
add_player: SUCCESS
add_player: SUCCESS
add_player: SUCCESS
add_player: SUCCESS
add_player: SUCCESS
add_player: SUCCESS
add_player: SUCCESS
add_player: SUCCESS
add_player: SUCCESS
add_player: SUCCESS
add_player: SUCCESS
add_player: SUCCESS
add_player: SUCCESS
add_player: SUCCESS
add_player: SUCCESS
add_player: SUCCESS
add_player: SUCCESS
add_player: SUCCESS
add_player: SUCCESS
add_player: SUCCESS
add_player: SUCCESS
add_player: SUCCESS
add_player: SUCCESS
add_player: SUCCESS
add_player: SUCCESS
add_player: SUCCESS
add_player: SUCCESS
add_player: SUCCESS
add_player: SUCCESS
add_player: SUCCESS
add_player: SUCCESS
add_player: SUCCESS
add_player: SUCCESS
add_player: SUCCESS
add_player: SUCCESS
add_player: SUCCESS
add_player: SUCCESS
add_player: SUCCESS
add_player: SUCCESS
add_player: SUCCESS
add_player: SUCCESS
add_player: SUCCESS
add_player: SUCCESS
add_player: SUCCESS
add_player: SUCCESS
add_player: SUCCESS
add_player: SUCCESS
add_player: SUCCESS
add_player: SUCCESS
add_player: SUCCESS
add_player: SUCCESS
add_player: SUCCESS
add_player: SUCCESS
add_player: SUCCESS
add_player: SUCCESS
add_player: SUCCESS
add_player: SUCCESS
add_player: SUCCESS
add_player: SUCCESS
add_player: SUCCESS
add_player: SUCCESS
add_player: SUCCESS
add_player: SUCCESS
add_player: SUCCESS
add_player: SUCCESS
add_player: SUCCESS
add_player: SUCCESS
add_player: SUCCESS
add_player: SUCCESS
add_player: SUCCESS
add_player: SUCCESS
add_player: SUCCESS
add_player: SUCCESS
add_player: SUCCESS
add_player: SUCCESS
add_player: SUCCESS
add_player: SUCCESS
add_player: SUCCESS
add_player: SUCCESS
add_player: SUCCESS
add_player: SUCCESS
add_player: SUCCESS
add_player: SUCCESS
add_player: SUCCESS
add_player: SUCCESS
add_player: SUCCESS
add_player: SUCCESS
add_player: SUCCESS
add_player: SUCCESS
add_player: SUCCESS
add_player: SUCCESS
add_player: SUCCESS
add_player: SUCCESS
add_player: SUCCESS
add_player: SUCCESS
add_player: SUCCESS
add_player: SUCCESS
add_player: SUCCESS
add_player: SUCCESS
add_player: SUCCESS
add_player: SUCCESS
add_player: SUCCESS
add_player: SUCCESS
add_player: SUCCESS
add_player: SUCCESS
add_player: SUCCESS
add_player: SUCCESS
add_player: SUCCESS
add_player: SUCCESS
add_player: SUCCESS
add_player: SUCCESS
add_player: SUCCESS
add_player: SUCCESS
add_player: SUCCESS
add_player: SUCCESS
add_player: SUCCESS
add_player: SUCCESS
add_player: SUCCESS
add_player: SUCCESS
add_player: SUCCESS
add_player: SUCCESS
add_player: SUCCESS
add_player: SUCCESS
add_player: SUCCESS
add_player: SUCCESS
add_player: SUCCESS
add_player: SUCCESS
add_player: SUCCESS
add_player: SUCCESS
add_player: SUCCESS
add_player: SUCCESS
add_player: SUCCESS
get_closest_player: SUCCESS, 178
remove_player: SUCCESS
get_all_players_count: SUCCESS, 9
play_match: FAILURE
update_player_stats: SUCCESS
remove_player: SUCCESS
get_top_scorer: SUCCESS, 66
get_top_scorer: SUCCESS, 63
remove_team: FAILURE
update_player_stats: SUCCESS
get_all_players_count: SUCCESS, 11
knockout_winner: SUCCESS, 18
knockout_winner: SUCCESS, 18
knockout_winner: SUCCESS, 12
knockout_winner: FAILURE
knockout_winner: INVALID_INPUT
remove_team: FAILURE
get_all_players_count: SUCCESS, 8
get_all_players_count: SUCCESS, 6
add_team: FAILURE
get_team_points: SUCCESS, 1558
get_num_played_games: SUCCESS, 3932
get_team_points: SUCCESS, 10300
add_player: FAILURE
add_team: FAILURE
get_closest_player: SUCCESS, 39
knockout_winner: SUCCESS, 18
knockout_winner: SUCCESS, 18
knockout_winner: SUCCESS, 12
knockout_winner: FAILURE
knockout_winner: INVALID_INPUT
add_player: FAILURE
unite_teams: FAILURE
get_team_points: SUCCESS, 8382
unite_teams: FAILURE
knockout_winner: SUCCESS, 18
knockout_winner: SUCCESS, 18
knockout_winner: SUCCESS, 12
knockout_winner: FAILURE
knockout_winner: INVALID_INPUT
get_num_played_games: SUCCESS, 10097
get_closest_player: SUCCESS, 117
get_all_players_count: SUCCESS, 7
get_closest_player: SUCCESS, 173
add_team: FAILURE
add_team: FAILURE
knockout_winner: SUCCESS, 16
knockout_winner: SUCCESS, 18
knockout_winner: SUCCESS, 12
knockout_winner: FAILURE
knockout_winner: INVALID_INPUT
update_player_stats: SUCCESS
add_team: FAILURE
knockout_winner: SUCCESS, 4
knockout_winner: INVALID_INPUT
knockout_winner: INVALID_INPUT
knockout_winner: FAILURE
knockout_winner: INVALID_INPUT
remove_player: SUCCESS
unite_teams: FAILURE
get_all_players_count: SUCCESS, 10
knockout_winner: SUCCESS, 4
knockout_winner: INVALID_INPUT
knockout_winner: INVALID_INPUT
knockout_winner: SUCCESS, 18
knockout_winner: FAILURE
remove_player: SUCCESS
add_team: FAILURE
get_top_scorer: SUCCESS, 35
remove_player: SUCCESS
play_match: SUCCESS
play_match: FAILURE
remove_player: SUCCESS
get_closest_player: SUCCESS, 144
get_all_players: SUCCESS
125
143
100
67
154
5
59
62
88
127
get_num_played_games: SUCCESS, 7708
get_closest_player: SUCCESS, 89
add_team: FAILURE
get_closest_player: SUCCESS, 114
remove_player: SUCCESS
knockout_winner: SUCCESS, 4
knockout_winner: INVALID_INPUT
knockout_winner: INVALID_INPUT
knockout_winner: SUCCESS, 7
knockout_winner: INVALID_INPUT
remove_player: SUCCESS
add_player: FAILURE
add_team: FAILURE
remove_player: SUCCESS
get_team_points: SUCCESS, 9730
get_all_players_count: SUCCESS, 12
get_all_players_count: SUCCESS, 10
get_num_played_games: SUCCESS, 10282
get_num_played_games: SUCCESS, 1622
get_team_points: SUCCESS, 7570
add_player: FAILURE
get_closest_player: SUCCESS, 77
get_top_scorer: SUCCESS, 69
get_top_scorer: SUCCESS, 41
unite_teams: FAILURE
add_player: FAILURE
unite_teams: FAILURE
get_num_played_games: SUCCESS, 10545
get_all_players_count: SUCCESS, 9
add_team: FAILURE
update_player_stats: SUCCESS
remove_player: SUCCESS
add_player: FAILURE
knockout_winner: SUCCESS, 16
knockout_winner: SUCCESS, 19
knockout_winner: SUCCESS, 12
knockout_winner: SUCCESS, 19
knockout_winner: INVALID_INPUT
get_all_players_count: SUCCESS, 10
update_player_stats: SUCCESS
get_all_players_count: SUCCESS, 11
get_all_players: SUCCESS
128
30
177
58
108
119
192
194
156
47
remove_team: FAILURE
get_closest_player: SUCCESS, 142
remove_player: SUCCESS
get_closest_player: SUCCESS, 198
get_closest_player: SUCCESS, 66
play_match: FAILURE
get_all_players: SUCCESS
98
95
71
152
75
87
add_team: FAILURE
remove_team: FAILURE
unite_teams: FAILURE
get_all_players_count: SUCCESS, 9
get_all_players_count: SUCCESS, 15
get_all_players_count: SUCCESS, 8
get_num_played_games: SUCCESS, 8782
remove_team: FAILURE
get_team_points: SUCCESS, 1391
remove_team: FAILURE
get_closest_player: SUCCESS, 24
get_team_points: SUCCESS, 2533
update_player_stats: SUCCESS
get_num_played_games: SUCCESS, 5996
play_match: FAILURE
get_all_players_count: SUCCESS, 9
knockout_winner: SUCCESS, 12
knockout_winner: SUCCESS, 16
knockout_winner: SUCCESS, 7
knockout_winner: FAILURE
knockout_winner: INVALID_INPUT
unite_teams: FAILURE
remove_player: SUCCESS
unite_teams: FAILURE
remove_player: SUCCESS
remove_player: SUCCESS
get_closest_player: SUCCESS, 127
get_team_points: SUCCESS, 108
get_num_played_games: SUCCESS, 10097
get_all_players: SUCCESS
125
100
67
154
59
143
62
88
127
update_player_stats: SUCCESS
update_player_stats: SUCCESS
get_num_played_games: SUCCESS, 4859
add_player: FAILURE
get_num_played_games: SUCCESS, 4399
get_all_players: SUCCESS
34
84
21
33
8
70
12
107
149
151
20
148
add_player: FAILURE
add_team: FAILURE
remove_team: FAILURE
get_closest_player: SUCCESS, 200
knockout_winner: SUCCESS, 16
knockout_winner: SUCCESS, 16
knockout_winner: SUCCESS, 4
knockout_winner: SUCCESS, 16
knockout_winner: INVALID_INPUT
get_closest_player: SUCCESS, 176
remove_team: FAILURE
update_player_stats: SUCCESS
knockout_winner: SUCCESS, 16
knockout_winner: SUCCESS, 7
knockout_winner: SUCCESS, 7
knockout_winner: SUCCESS, 16
knockout_winner: INVALID_INPUT
get_num_played_games: SUCCESS, 5504
add_player: FAILURE
get_num_played_games: SUCCESS, 11233
play_match: FAILURE
get_top_scorer: SUCCESS, 132
play_match: FAILURE
add_team: FAILURE
remove_player: SUCCESS
unite_teams: FAILURE
get_num_played_games: SUCCESS, 12111
add_team: FAILURE
unite_teams: FAILURE
remove_player: SUCCESS
knockout_winner: SUCCESS, 12
knockout_winner: SUCCESS, 7
knockout_winner: SUCCESS, 7
knockout_winner: SUCCESS, 16
knockout_winner: INVALID_INPUT
knockout_winner: SUCCESS, 7
knockout_winner: SUCCESS, 16
knockout_winner: SUCCESS, 4
knockout_winner: SUCCESS, 16
knockout_winner: INVALID_INPUT
get_team_points: SUCCESS, 11184
unite_teams: FAILURE
add_player: FAILURE
get_closest_player: SUCCESS, 131
remove_player: SUCCESS
add_team: FAILURE
remove_team: FAILURE
get_all_players_count: SUCCESS, 14
remove_team: FAILURE
add_team: FAILURE
play_match: FAILURE
unite_teams: FAILURE
unite_teams: FAILURE
knockout_winner: FAILURE
knockout_winner: SUCCESS, 16
knockout_winner: FAILURE
knockout_winner: FAILURE
knockout_winner: INVALID_INPUT
play_match: FAILURE
add_player: FAILURE
knockout_winner: FAILURE
knockout_winner: SUCCESS, 4
knockout_winner: SUCCESS, 4
knockout_winner: FAILURE
knockout_winner: INVALID_INPUT
unite_teams: FAILURE
get_top_scorer: SUCCESS, 132
get_team_points: SUCCESS, 2605
knockout_winner: FAILURE
knockout_winner: SUCCESS, 4
knockout_winner: SUCCESS, 4
knockout_winner: FAILURE
knockout_winner: INVALID_INPUT
add_player: FAILURE
remove_player: SUCCESS
play_match: FAILURE
get_team_points: SUCCESS, 1415
knockout_winner: SUCCESS, 12
knockout_winner: SUCCESS, 16
knockout_winner: SUCCESS, 7
knockout_winner: FAILURE
knockout_winner: INVALID_INPUT
get_top_scorer: SUCCESS, 47
remove_player: SUCCESS
get_all_players_count: SUCCESS, 11
add_team: FAILURE
knockout_winner: FAILURE
knockout_winner: SUCCESS, 16
knockout_winner: FAILURE
knockout_winner: FAILURE
knockout_winner: INVALID_INPUT
update_player_stats: SUCCESS
knockout_winner: SUCCESS, 16
knockout_winner: SUCCESS, 16
knockout_winner: SUCCESS, 7
knockout_winner: FAILURE
knockout_winner: INVALID_INPUT
get_closest_player: SUCCESS, 193
get_closest_player: SUCCESS, 144
add_player: FAILURE
add_team: FAILURE
get_closest_player: SUCCESS, 146
get_num_played_games: SUCCESS, 4458
get_num_played_games: SUCCESS, 953
play_match: FAILURE
get_all_players: SUCCESS
167
81
9
185
140
131
96
157
17
get_team_points: SUCCESS, 7570
unite_teams: FAILURE
get_top_scorer: SUCCESS, 31
get_num_played_games: SUCCESS, 10181
remove_team: FAILURE
remove_team: FAILURE
get_num_played_games: SUCCESS, 12252
add_team: FAILURE
add_player: FAILURE
remove_player: SUCCESS
remove_player: SUCCESS
get_all_players: SUCCESS
92
117
19
145
51
184
23
133
61
10
89
179
31
add_team: FAILURE
remove_player: SUCCESS
get_team_points: SUCCESS, 4432
get_closest_player: SUCCESS, 80
get_closest_player: SUCCESS, 86
get_all_players: SUCCESS
80
32
22
28
72
27
3
150
183
49
97
82
101
187
get_all_players_count: SUCCESS, 6
play_match: FAILURE
add_player: FAILURE
add_player: FAILURE
get_team_points: SUCCESS, 1904
add_team: FAILURE
knockout_winner: FAILURE
knockout_winner: SUCCESS, 7
knockout_winner: FAILURE
knockout_winner: FAILURE
knockout_winner: INVALID_INPUT
add_team: FAILURE
remove_player: SUCCESS
remove_player: SUCCESS
knockout_winner: FAILURE
knockout_winner: SUCCESS, 16
knockout_winner: SUCCESS, 12
knockout_winner: FAILURE
knockout_winner: INVALID_INPUT
get_closest_player: SUCCESS, 77
get_team_points: SUCCESS, 9907
get_all_players: SUCCESS
168
37
123
129
24
60
175
122
add_player: FAILURE
update_player_stats: SUCCESS
add_player: FAILURE
get_top_scorer: SUCCESS, 4
get_top_scorer: SUCCESS, 191
get_closest_player: SUCCESS, 155
get_closest_player: SUCCESS, 83
remove_player: SUCCESS
get_team_points: SUCCESS, 1712
get_all_players_count: SUCCESS, 8
knockout_winner: FAILURE
knockout_winner: SUCCESS, 16
knockout_winner: FAILURE
knockout_winner: FAILURE
knockout_winner: INVALID_INPUT
unite_teams: FAILURE
add_player: FAILURE
update_player_stats: SUCCESS
get_all_players: SUCCESS
81
9
185
140
131
96
157
17
add_team: FAILURE
get_all_players: SUCCESS
25
77
197
6
74
16
181
69
get_top_scorer: SUCCESS, 195
get_closest_player: SUCCESS, 54
unite_teams: FAILURE
get_all_players_count: SUCCESS, 8
add_player: FAILURE
get_closest_player: SUCCESS, 192
get_top_scorer: SUCCESS, 87
remove_player: SUCCESS
add_player: FAILURE
unite_teams: FAILURE
remove_team: FAILURE
knockout_winner: FAILURE
knockout_winner: SUCCESS, 16
knockout_winner: FAILURE
knockout_winner: FAILURE
knockout_winner: INVALID_INPUT
get_num_played_games: SUCCESS, 8978
play_match: FAILURE
get_closest_player: SUCCESS, 200
add_team: FAILURE
get_all_players_count: SUCCESS, 13
remove_player: SUCCESS
get_all_players: SUCCESS
137
135
68
155
191
unite_teams: FAILURE
update_player_stats: SUCCESS
update_player_stats: SUCCESS
get_team_points: SUCCESS, 6971
update_player_stats: SUCCESS
unite_teams: FAILURE
knockout_winner: SUCCESS, 16
knockout_winner: SUCCESS, 7
knockout_winner: SUCCESS, 7
knockout_winner: SUCCESS, 16
knockout_winner: INVALID_INPUT
play_match: FAILURE
knockout_winner: FAILURE
knockout_winner: SUCCESS, 16
knockout_winner: FAILURE
knockout_winner: FAILURE
knockout_winner: INVALID_INPUT
unite_teams: FAILURE
get_all_players: SUCCESS
146
73
141
162
178
knockout_winner: SUCCESS, 16
knockout_winner: SUCCESS, 16
knockout_winner: SUCCESS, 4
knockout_winner: SUCCESS, 16
knockout_winner: SUCCESS, 12
get_top_scorer: SUCCESS, 191
add_team: FAILURE
add_team: FAILURE
get_all_players_count: SUCCESS, 7
get_num_played_games: SUCCESS, 9284
add_player: FAILURE
get_closest_player: SUCCESS, 181
get_team_points: SUCCESS, 9418
get_top_scorer: SUCCESS, 47
remove_player: SUCCESS
remove_team: FAILURE
get_all_players_count: SUCCESS, 13
add_player: FAILURE
get_num_played_games: SUCCESS, 2987
get_closest_player: SUCCESS, 158
add_player: FAILURE
get_all_players: SUCCESS
128
30
177
58
108
119
192
194
156
47
get_top_scorer: SUCCESS, 47
get_all_players_count: SUCCESS, 8
remove_player: SUCCESS
get_team_points: SUCCESS, 108
get_closest_player: SUCCESS, 58
get_team_points: SUCCESS, 3443
get_closest_player: SUCCESS, 73
get_team_points: SUCCESS, 9730
add_team: FAILURE
get_all_players_count: SUCCESS, 8
add_team: FAILURE
get_num_played_games: SUCCESS, 2262
remove_team: FAILURE
play_match: FAILURE
get_all_players_count: SUCCESS, 5
knockout_winner: SUCCESS, 7
knockout_winner: SUCCESS, 16
knockout_winner: SUCCESS, 7
knockout_winner: SUCCESS, 16
knockout_winner: INVALID_INPUT
update_player_stats: SUCCESS
unite_teams: FAILURE
play_match: SUCCESS
add_player: FAILURE
get_all_players: SUCCESS
92
117
19
145
51
184
23
133
61
10
89
179
31
get_all_players: SUCCESS
7
136
134
186
46
4
add_player: FAILURE
get_all_players: SUCCESS
92
117
19
145
51
184
23
133
61
10
89
179
31
update_player_stats: SUCCESS
get_all_players_count: SUCCESS, 6
remove_team: FAILURE
update_player_stats: SUCCESS
add_player: FAILURE
unite_teams: FAILURE
knockout_winner: SUCCESS, 4
knockout_winner: INVALID_INPUT
knockout_winner: INVALID_INPUT
knockout_winner: SUCCESS, 16
knockout_winner: SUCCESS, 7
get_all_players_count: SUCCESS, 8
remove_player: SUCCESS
get_top_scorer: SUCCESS, 122
knockout_winner: SUCCESS, 12
knockout_winner: SUCCESS, 16
knockout_winner: SUCCESS, 7
knockout_winner: FAILURE
knockout_winner: INVALID_INPUT
unite_teams: FAILURE
get_num_played_games: SUCCESS, 562
remove_team: FAILURE
add_team: FAILURE
get_num_played_games: SUCCESS, 3782
update_player_stats: SUCCESS
get_closest_player: SUCCESS, 34
update_player_stats: SUCCESS
get_closest_player: SUCCESS, 182
add_team: FAILURE
get_all_players: SUCCESS
160
2
200
164
54
159
173
138
163
105
195
remove_team: FAILURE
update_player_stats: SUCCESS
get_num_played_games: SUCCESS, 4471
play_match: FAILURE
add_team: FAILURE
get_team_points: SUCCESS, 11184
get_num_played_games: SUCCESS, 2325
add_team: FAILURE
add_team: FAILURE
add_player: FAILURE
remove_player: SUCCESS
get_team_points: SUCCESS, 9418
remove_player: SUCCESS
get_top_scorer: SUCCESS, 127
get_closest_player: SUCCESS, 175
get_num_played_games: SUCCESS, 206
get_num_played_games: SUCCESS, 118
remove_player: SUCCESS
add_team: FAILURE
knockout_winner: FAILURE
knockout_winner: SUCCESS, 16
knockout_winner: FAILURE
knockout_winner: FAILURE
knockout_winner: INVALID_INPUT
remove_team: FAILURE
unite_teams: FAILURE
get_all_players: SUCCESS
26
99
83
52
86
180
165
get_team_points: SUCCESS, 9730
unite_teams: FAILURE
get_team_points: SUCCESS, 2533
remove_player: SUCCESS
get_all_players: SUCCESS
7
136
134
46
4
add_team: FAILURE
play_match: FAILURE
get_closest_player: SUCCESS, 47
add_player: FAILURE
knockout_winner: SUCCESS, 4
knockout_winner: INVALID_INPUT
knockout_winner: INVALID_INPUT
knockout_winner: SUCCESS, 16
knockout_winner: INVALID_INPUT
update_player_stats: SUCCESS
remove_player: SUCCESS
get_num_played_games: SUCCESS, 7561
get_team_points: SUCCESS, 11184
get_closest_player: SUCCESS, 47
remove_team: FAILURE
knockout_winner: SUCCESS, 7
knockout_winner: SUCCESS, 16
knockout_winner: SUCCESS, 4
knockout_winner: SUCCESS, 16
knockout_winner: SUCCESS, 12
remove_player: SUCCESS
update_player_stats: SUCCESS
get_team_points: SUCCESS, 9730
remove_team: FAILURE
unite_teams: FAILURE
add_team: FAILURE
get_all_players: SUCCESS
160
2
200
164
54
173
138
163
105
195
159
knockout_winner: SUCCESS, 7
knockout_winner: SUCCESS, 16
knockout_winner: SUCCESS, 4
knockout_winner: SUCCESS, 16
knockout_winner: SUCCESS, 12
get_all_players_count: SUCCESS, 5
get_team_points: SUCCESS, 1391
get_closest_player: SUCCESS, 158
get_all_players: SUCCESS
92
117
19
145
184
23
133
61
10
89
179
31
unite_teams: FAILURE
get_all_players: SUCCESS
137
135
68
155
191
get_team_points: SUCCESS, 9418
remove_team: FAILURE
knockout_winner: SUCCESS, 16
knockout_winner: SUCCESS, 16
knockout_winner: SUCCESS, 12
knockout_winner: FAILURE
knockout_winner: INVALID_INPUT
get_all_players_count: SUCCESS, 11
add_team: FAILURE
get_team_points: SUCCESS, 3443
get_team_points: SUCCESS, 1712
update_player_stats: SUCCESS
update_player_stats: SUCCESS
get_top_scorer: SUCCESS, 41
get_team_points: SUCCESS, 8382
remove_player: SUCCESS
get_team_points: SUCCESS, 4432
get_all_players_count: SUCCESS, 7
knockout_winner: SUCCESS, 12
knockout_winner: SUCCESS, 16
knockout_winner: SUCCESS, 7
knockout_winner: FAILURE
knockout_winner: INVALID_INPUT
add_player: FAILURE
get_num_played_games: SUCCESS, 9333
unite_teams: FAILURE
get_all_players: SUCCESS
26
99
83
52
86
180
165
update_player_stats: SUCCESS
unite_teams: FAILURE
get_all_players: SUCCESS
137
135
68
191
155
add_team: FAILURE
remove_team: FAILURE
get_num_played_games: SUCCESS, 11927
get_all_players: SUCCESS
11
172
126
56
158
198
144
66
103
get_num_played_games: SUCCESS, 2165
get_all_players: SUCCESS
160
2
200
164
54
173
138
163
105
195
159
get_top_scorer: SUCCESS, 53
get_top_scorer: SUCCESS, 148
unite_teams: FAILURE
get_all_players_count: SUCCESS, 7
play_match: FAILURE
remove_team: FAILURE
get_top_scorer: SUCCESS, 127
play_match: FAILURE
get_all_players: SUCCESS
111
188
121
53
get_all_players: SUCCESS
80
32
28
27
3
150
183
49
97
82
101
187
get_num_played_games: SUCCESS, 4881
add_player: FAILURE
unite_teams: FAILURE
get_top_scorer: SUCCESS, 127
update_player_stats: SUCCESS
knockout_winner: SUCCESS, 16
knockout_winner: SUCCESS, 16
knockout_winner: SUCCESS, 12
knockout_winner: FAILURE
knockout_winner: INVALID_INPUT
add_team: FAILURE
add_player: FAILURE
get_num_played_games: SUCCESS, 4452
add_player: FAILURE
knockout_winner: SUCCESS, 12
knockout_winner: SUCCESS, 16
knockout_winner: SUCCESS, 7
knockout_winner: SUCCESS, 16
knockout_winner: INVALID_INPUT
add_player: FAILURE
knockout_winner: SUCCESS, 16
knockout_winner: SUCCESS, 16
knockout_winner: FAILURE
knockout_winner: FAILURE
knockout_winner: INVALID_INPUT
get_all_players: SUCCESS
92
117
19
145
184
23
133
61
10
89
179
31
remove_team: FAILURE
unite_teams: SUCCESS
get_num_played_games: SUCCESS, 2287
get_closest_player: SUCCESS, 128
get_team_points: SUCCESS, 11668
get_closest_player: SUCCESS, 138
remove_team: FAILURE
get_num_played_games: SUCCESS, 2229
play_match: FAILURE
add_player: FAILURE
unite_teams: SUCCESS
get_top_scorer: SUCCESS, 69
remove_team: FAILURE
add_team: FAILURE
get_all_players: SUCCESS
7
136
134
46
4
unite_teams: FAILURE
unite_teams: FAILURE
get_team_points: SUCCESS, 108
play_match: FAILURE
add_player: FAILURE
remove_team: FAILURE
get_all_players_count: SUCCESS, 6
get_all_players_count: SUCCESS, 8
update_player_stats: SUCCESS
get_all_players: SUCCESS
137
135
68
191
155
knockout_winner: INVALID_INPUT
knockout_winner: INVALID_INPUT
knockout_winner: INVALID_INPUT
knockout_winner: INVALID_INPUT
knockout_winner: INVALID_INPUT
add_player: FAILURE
get_top_scorer: SUCCESS, 127
remove_team: FAILURE
remove_team: FAILURE
get_team_points: SUCCESS, 4432
get_num_played_games: SUCCESS, 11927
unite_teams: SUCCESS
add_team: FAILURE
unite_teams: FAILURE
update_player_stats: SUCCESS
add_team: FAILURE
get_num_played_games: SUCCESS, 4309
get_closest_player: SUCCESS, 30
play_match: FAILURE
get_top_scorer: SUCCESS, 185
get_all_players_count: SUCCESS, 7
remove_team: FAILURE
play_match: FAILURE
get_closest_player: SUCCESS, 129
play_match: FAILURE
add_player: FAILURE
get_top_scorer: SUCCESS, 69
add_player: FAILURE
get_team_points: SUCCESS, 4432
remove_team: FAILURE
unite_teams: FAILURE
add_team: FAILURE
get_num_played_games: SUCCESS, 3113
add_team: FAILURE
get_closest_player: SUCCESS, 38
remove_team: FAILURE
add_player: FAILURE
remove_player: SUCCESS
remove_team: FAILURE
update_player_stats: SUCCESS
knockout_winner: SUCCESS, 7
knockout_winner: SUCCESS, 4
knockout_winner: FAILURE
knockout_winner: SUCCESS, 12
knockout_winner: INVALID_INPUT
get_top_scorer: SUCCESS, 194
unite_teams: INVALID_INPUT
add_team: FAILURE
update_player_stats: SUCCESS
unite_teams: SUCCESS
get_num_played_games: SUCCESS, 15696
get_all_players: SUCCESS
45
199
111
188
142
130
121
64
118
113
53
get_all_players: SUCCESS
73
141
146
162
178
get_closest_player: SUCCESS, 100
unite_teams: FAILURE
play_match: INVALID_INPUT
get_num_played_games: SUCCESS, 9333
add_player: FAILURE
get_num_played_games: SUCCESS, 4437
get_top_scorer: SUCCESS, 104
get_num_played_games: SUCCESS, 5372
get_team_points: SUCCESS, 1415
unite_teams: FAILURE
get_team_points: SUCCESS, 13342
get_all_players_count: SUCCESS, 6
remove_team: FAILURE
get_all_players_count: SUCCESS, 9
add_team: FAILURE
get_all_players: SUCCESS
25
197
6
74
16
181
69
get_all_players: SUCCESS
25
197
6
74
16
181
69
get_num_played_games: SUCCESS, 10275
remove_player: SUCCESS
get_all_players: SUCCESS
73
141
146
178
remove_team: FAILURE
get_top_scorer: SUCCESS, 87
get_team_points: SUCCESS, 11634
get_all_players: SUCCESS
125
67
154
59
143
88
100
127
remove_team: FAILURE
get_num_played_games: SUCCESS, 10279
remove_player: SUCCESS
get_closest_player: SUCCESS, 99
play_match: SUCCESS
play_match: FAILURE
play_match: FAILURE
remove_team: FAILURE
add_player: FAILURE
get_closest_player: SUCCESS, 157
add_team: FAILURE
update_player_stats: SUCCESS
get_all_players_count: SUCCESS, 12
get_closest_player: SUCCESS, 27
add_player: FAILURE
remove_team: FAILURE
unite_teams: FAILURE
get_closest_player: SUCCESS, 176
get_all_players: SUCCESS
80
32
28
27
3
150
183
49
97
82
101
187
remove_player: SUCCESS
get_team_points: SUCCESS, 15640
remove_team: FAILURE
get_closest_player: SUCCESS, 163
knockout_winner: INVALID_INPUT
knockout_winner: INVALID_INPUT
knockout_winner: INVALID_INPUT
knockout_winner: INVALID_INPUT
knockout_winner: INVALID_INPUT
play_match: FAILURE
get_top_scorer: SUCCESS, 127
get_team_points: SUCCESS, 1415
knockout_winner: FAILURE
knockout_winner: SUCCESS, 16
knockout_winner: FAILURE
knockout_winner: FAILURE
knockout_winner: INVALID_INPUT
add_team: FAILURE
play_match: FAILURE
play_match: SUCCESS
remove_player: SUCCESS
get_all_players_count: SUCCESS, 8
get_all_players: SUCCESS
25
197
74
16
181
69
get_closest_player: SUCCESS, 27
get_all_players: SUCCESS
81
140
131
96
157
17
9
185
knockout_winner: SUCCESS, 9
knockout_winner: SUCCESS, 6
knockout_winner: FAILURE
knockout_winner: FAILURE
knockout_winner: INVALID_INPUT
remove_team: FAILURE
knockout_winner: FAILURE
knockout_winner: SUCCESS, 16
knockout_winner: SUCCESS, 12
knockout_winner: FAILURE
knockout_winner: INVALID_INPUT
knockout_winner: SUCCESS, 16
knockout_winner: SUCCESS, 16
knockout_winner: SUCCESS, 6
knockout_winner: SUCCESS, 16
knockout_winner: INVALID_INPUT
unite_teams: SUCCESS
add_team: FAILURE
get_closest_player: SUCCESS, 176
get_team_points: SUCCESS, 1558
add_team: FAILURE
unite_teams: FAILURE
get_team_points: SUCCESS, 3443
add_team: FAILURE
get_team_points: SUCCESS, 7570
knockout_winner: SUCCESS, 16
knockout_winner: SUCCESS, 16
knockout_winner: SUCCESS, 12
knockout_winner: FAILURE
knockout_winner: INVALID_INPUT
knockout_winner: FAILURE
knockout_winner: SUCCESS, 16
knockout_winner: FAILURE
knockout_winner: FAILURE
knockout_winner: INVALID_INPUT
knockout_winner: SUCCESS, 12
knockout_winner: SUCCESS, 7
knockout_winner: SUCCESS, 7
knockout_winner: SUCCESS, 16
knockout_winner: INVALID_INPUT
get_num_played_games: SUCCESS, 8047
remove_team: FAILURE
get_top_scorer: SUCCESS, 127
add_team: FAILURE
get_closest_player: SUCCESS, 188
add_team: FAILURE
remove_player: SUCCESS
play_match: FAILURE
get_top_scorer: SUCCESS, 187
get_all_players: SUCCESS
78
193
14
115
42
114
41
176
add_player: FAILURE
play_match: FAILURE
play_match: FAILURE
get_closest_player: SUCCESS, 198
get_all_players: SUCCESS
73
141
146
178
get_all_players_count: SUCCESS, 6
knockout_winner: SUCCESS, 7
knockout_winner: SUCCESS, 7
knockout_winner: FAILURE
knockout_winner: SUCCESS, 12
knockout_winner: INVALID_INPUT
get_num_played_games: SUCCESS, 3470
knockout_winner: INVALID_INPUT
knockout_winner: FAILURE
knockout_winner: INVALID_INPUT
knockout_winner: INVALID_INPUT
knockout_winner: INVALID_INPUT
update_player_stats: SUCCESS
unite_teams: FAILURE
remove_player: SUCCESS
add_team: FAILURE
get_all_players: SUCCESS
98
95
71
75
152
87
get_top_scorer: SUCCESS, 87
get_all_players_count: SUCCESS, 8
get_num_played_games: SUCCESS, 8383
add_player: FAILURE
get_num_played_games: SUCCESS, 3494
knockout_winner: FAILURE
knockout_winner: SUCCESS, 16
knockout_winner: SUCCESS, 12
knockout_winner: FAILURE
knockout_winner: INVALID_INPUT
get_team_points: SUCCESS, 1712
remove_team: FAILURE
get_num_played_games: SUCCESS, 10341
get_team_points: SUCCESS, 1712
get_num_played_games: SUCCESS, 5528
unite_teams: SUCCESS
get_team_points: SUCCESS, 2605
knockout_winner: SUCCESS, 7
knockout_winner: INVALID_INPUT
knockout_winner: INVALID_INPUT
knockout_winner: SUCCESS, 16
knockout_winner: FAILURE
update_player_stats: SUCCESS
unite_teams: FAILURE
play_match: FAILURE
get_all_players_count: SUCCESS, 4
add_team: FAILURE
add_team: FAILURE
add_player: FAILURE
unite_teams: FAILURE
play_match: FAILURE
get_all_players_count: SUCCESS, 7
add_player: FAILURE
remove_player: SUCCESS
add_team: FAILURE
remove_team: FAILURE
get_team_points: SUCCESS, 7570
get_top_scorer: SUCCESS, 187
remove_team: FAILURE
remove_player: SUCCESS
get_all_players: SUCCESS
128
30
58
192
119
47
108
194
get_team_points: SUCCESS, 1712
knockout_winner: SUCCESS, 12
knockout_winner: SUCCESS, 16
knockout_winner: SUCCESS, 7
knockout_winner: FAILURE
knockout_winner: INVALID_INPUT
add_player: FAILURE
add_player: FAILURE
get_num_played_games: SUCCESS, 7559
remove_team: FAILURE
get_top_scorer: SUCCESS, 185
remove_team: FAILURE
get_all_players: SUCCESS
128
30
58
192
119
47
108
194
update_player_stats: SUCCESS
knockout_winner: SUCCESS, 6
knockout_winner: SUCCESS, 7
knockout_winner: FAILURE
knockout_winner: FAILURE
knockout_winner: INVALID_INPUT
unite_teams: FAILURE
get_team_points: SUCCESS, 4438
remove_team: FAILURE
remove_player: SUCCESS
update_player_stats: SUCCESS
add_player: FAILURE
knockout_winner: SUCCESS, 7
knockout_winner: SUCCESS, 7
knockout_winner: FAILURE
knockout_winner: FAILURE
knockout_winner: INVALID_INPUT
unite_teams: FAILURE
get_closest_player: SUCCESS, 158
update_player_stats: SUCCESS
add_player: FAILURE
update_player_stats: SUCCESS
get_num_played_games: SUCCESS, 118
unite_teams: FAILURE
add_team: FAILURE
get_all_players: SUCCESS
32
28
27
3
183
49
97
82
101
187
remove_team: FAILURE
get_num_played_games: SUCCESS, 11233
get_closest_player: SUCCESS, 42
play_match: FAILURE
unite_teams: INVALID_INPUT
get_all_players_count: SUCCESS, 4
get_team_points: SUCCESS, 7570
get_team_points: SUCCESS, 19083
remove_team: FAILURE
update_player_stats: SUCCESS
knockout_winner: SUCCESS, 16
knockout_winner: SUCCESS, 16
knockout_winner: FAILURE
knockout_winner: FAILURE
knockout_winner: INVALID_INPUT
remove_player: SUCCESS
add_team: FAILURE
unite_teams: FAILURE
knockout_winner: SUCCESS, 16
knockout_winner: SUCCESS, 16
knockout_winner: FAILURE
knockout_winner: FAILURE
knockout_winner: INVALID_INPUT
get_all_players_count: SUCCESS, 10
get_team_points: SUCCESS, 11668
get_team_points: SUCCESS, 7570
get_closest_player: SUCCESS, 10
unite_teams: FAILURE
get_team_points: SUCCESS, 11184
knockout_winner: SUCCESS, 16
knockout_winner: SUCCESS, 16
knockout_winner: FAILURE
knockout_winner: FAILURE
knockout_winner: INVALID_INPUT
add_player: FAILURE
update_player_stats: SUCCESS
remove_player: SUCCESS
remove_player: SUCCESS
update_player_stats: SUCCESS
get_num_played_games: SUCCESS, 6571
get_team_points: SUCCESS, 2605
remove_team: FAILURE
add_player: FAILURE
get_closest_player: SUCCESS, 42
remove_player: SUCCESS
play_match: FAILURE
get_top_scorer: SUCCESS, 69
add_player: FAILURE
get_top_scorer: SUCCESS, 176
remove_player: SUCCESS
get_team_points: SUCCESS, 19083
add_team: FAILURE
unite_teams: SUCCESS
get_all_players: SUCCESS
78
193
14
115
42
114
41
176
get_closest_player: SUCCESS, 188
get_team_points: SUCCESS, 2605
get_team_points: SUCCESS, 2605
remove_player: SUCCESS
get_all_players_count: SUCCESS, 10
play_match: FAILURE
get_num_played_games: SUCCESS, 5564
add_team: FAILURE
unite_teams: FAILURE
play_match: FAILURE
add_team: FAILURE
unite_teams: SUCCESS
add_player: FAILURE
get_all_players: SUCCESS
120
93
94
79
169
112
174
110
1
38
43
132
104
get_all_players_count: SUCCESS, 8
get_top_scorer: SUCCESS, 148
update_player_stats: SUCCESS
get_closest_player: SUCCESS, 89
remove_team: FAILURE
add_team: FAILURE
play_match: SUCCESS
get_team_points: SUCCESS, 6971
knockout_winner: INVALID_INPUT
knockout_winner: SUCCESS, 7
knockout_winner: INVALID_INPUT
knockout_winner: INVALID_INPUT
knockout_winner: INVALID_INPUT
remove_team: FAILURE
get_top_scorer: SUCCESS, 185
knockout_winner: SUCCESS, 16
knockout_winner: SUCCESS, 13
knockout_winner: SUCCESS, 13
knockout_winner: FAILURE
knockout_winner: INVALID_INPUT
update_player_stats: SUCCESS
add_player: FAILURE
remove_team: FAILURE
get_num_played_games: SUCCESS, 8978
get_num_played_games: SUCCESS, 14783
get_all_players: SUCCESS
25
74
16
181
69
add_team: FAILURE
get_closest_player: SUCCESS, 94
remove_player: SUCCESS
get_closest_player: SUCCESS, 174
get_top_scorer: SUCCESS, 155
get_top_scorer: SUCCESS, 146
update_player_stats: SUCCESS
remove_player: SUCCESS
unite_teams: FAILURE
update_player_stats: SUCCESS
update_player_stats: SUCCESS
remove_team: FAILURE
get_all_players: SUCCESS
32
28
27
3
183
49
97
82
101
187
remove_player: SUCCESS
add_team: FAILURE
unite_teams: FAILURE
knockout_winner: SUCCESS, 6
knockout_winner: INVALID_INPUT
knockout_winner: INVALID_INPUT
knockout_winner: SUCCESS, 13
knockout_winner: SUCCESS, 7
add_team: FAILURE
add_player: FAILURE
play_match: FAILURE
get_all_players_count: SUCCESS, 24
get_num_played_games: SUCCESS, 4861
get_team_points: SUCCESS, 6971
remove_player: SUCCESS
update_player_stats: SUCCESS
get_closest_player: SUCCESS, 158
get_all_players_count: SUCCESS, 12
add_team: FAILURE
add_player: FAILURE
play_match: FAILURE
add_player: FAILURE
get_closest_player: SUCCESS, 67
get_top_scorer: SUCCESS, 127
get_top_scorer: SUCCESS, 146
add_team: FAILURE
knockout_winner: SUCCESS, 13
knockout_winner: SUCCESS, 13
knockout_winner: SUCCESS, 7
knockout_winner: FAILURE
knockout_winner: INVALID_INPUT
add_player: FAILURE
get_closest_player: SUCCESS, 109
add_player: FAILURE
remove_team: FAILURE
get_team_points: SUCCESS, 6971
get_num_played_games: SUCCESS, 4980
get_closest_player: SUCCESS, 135
get_all_players_count: SUCCESS, 10
update_player_stats: SUCCESS
unite_teams: INVALID_INPUT
get_num_played_games: SUCCESS, 12324
get_closest_player: SUCCESS, 104
get_team_points: SUCCESS, 11184
update_player_stats: SUCCESS
get_top_scorer: SUCCESS, 187
remove_player: SUCCESS
remove_player: SUCCESS
remove_player: SUCCESS
play_match: SUCCESS
unite_teams: FAILURE
remove_team: FAILURE
get_all_players_count: SUCCESS, 5
get_num_played_games: SUCCESS, 5564
get_all_players_count: SUCCESS, 12
add_team: FAILURE
get_team_points: SUCCESS, 19083
update_player_stats: SUCCESS
unite_teams: FAILURE
remove_team: FAILURE
remove_team: FAILURE
add_player: FAILURE
remove_team: FAILURE
get_team_points: SUCCESS, 4438
get_top_scorer: SUCCESS, 185
get_closest_player: SUCCESS, 157
knockout_winner: FAILURE
knockout_winner: SUCCESS, 7
knockout_winner: FAILURE
knockout_winner: FAILURE
knockout_winner: INVALID_INPUT
get_top_scorer: SUCCESS, 194
get_team_points: SUCCESS, 11671
get_team_points: SUCCESS, 7570
add_team: FAILURE
add_player: FAILURE
play_match: FAILURE
knockout_winner: SUCCESS, 7
knockout_winner: SUCCESS, 1
knockout_winner: SUCCESS, 1
knockout_winner: SUCCESS, 16
knockout_winner: INVALID_INPUT
get_all_players_count: SUCCESS, 10
remove_player: SUCCESS
knockout_winner: INVALID_INPUT
knockout_winner: SUCCESS, 6
knockout_winner: INVALID_INPUT
knockout_winner: INVALID_INPUT
knockout_winner: INVALID_INPUT
get_all_players: SUCCESS
32
28
27
3
183
49
97
82
101
187
add_player: FAILURE
unite_teams: FAILURE
add_player: FAILURE
get_all_players_count: SUCCESS, 34
knockout_winner: SUCCESS, 6
knockout_winner: SUCCESS, 1
knockout_winner: SUCCESS, 1
knockout_winner: SUCCESS, 16
knockout_winner: FAILURE
remove_player: SUCCESS
get_all_players: SUCCESS
95
71
7
136
134
75
152
46
98
87
get_all_players: SUCCESS
26
34
11
84
99
172
21
33
83
52
158
144
70
107
103
86
151
180
198
56
66
12
148
remove_team: FAILURE
get_all_players: SUCCESS
128
30
58
119
192
47
108
194
get_closest_player: SUCCESS, 176
play_match: FAILURE
get_all_players: SUCCESS
137
135
68
191
155
get_all_players: SUCCESS
125
67
154
59
143
88
100
127
knockout_winner: INVALID_INPUT
knockout_winner: SUCCESS, 6
knockout_winner: INVALID_INPUT
knockout_winner: INVALID_INPUT
knockout_winner: INVALID_INPUT
remove_team: FAILURE
knockout_winner: SUCCESS, 16
knockout_winner: SUCCESS, 16
knockout_winner: FAILURE
knockout_winner: FAILURE
knockout_winner: INVALID_INPUT
add_team: FAILURE
get_team_points: SUCCESS, 19083
get_top_scorer: SUCCESS, 163
update_player_stats: SUCCESS
unite_teams: SUCCESS
remove_player: SUCCESS
get_all_players: SUCCESS
120
93
94
169
112
174
110
1
38
43
132
104
get_team_points: SUCCESS, 1523
unite_teams: FAILURE
get_all_players: SUCCESS
78
193
14
115
42
114
176
remove_player: SUCCESS
update_player_stats: SUCCESS
get_all_players: SUCCESS
67
154
59
143
88
100
127
update_player_stats: SUCCESS
get_num_played_games: SUCCESS, 11233
get_closest_player: SUCCESS, 132
remove_player: SUCCESS
unite_teams: FAILURE
remove_team: FAILURE
update_player_stats: SUCCESS
add_team: FAILURE
get_all_players: SUCCESS
123
129
24
60
175
140
131
96
157
17
9
185
update_player_stats: SUCCESS
get_team_points: SUCCESS, 11671
get_team_points: SUCCESS, 6971
add_player: FAILURE
knockout_winner: SUCCESS, 12
knockout_winner: SUCCESS, 6
knockout_winner: SUCCESS, 6
knockout_winner: SUCCESS, 16
knockout_winner: INVALID_INPUT
get_all_players: SUCCESS
25
74
16
181
69
update_player_stats: SUCCESS
remove_player: SUCCESS
unite_teams: FAILURE
get_all_players_count: SUCCESS, 7
add_player: FAILURE
unite_teams: FAILURE
unite_teams: FAILURE
knockout_winner: SUCCESS, 12
knockout_winner: SUCCESS, 6
knockout_winner: SUCCESS, 6
knockout_winner: SUCCESS, 16
knockout_winner: INVALID_INPUT
get_team_points: SUCCESS, 9907
get_closest_player: SUCCESS, 181
get_all_players_count: SUCCESS, 22
unite_teams: FAILURE
remove_team: FAILURE
get_all_players_count: SUCCESS, 8
knockout_winner: SUCCESS, 16
knockout_winner: SUCCESS, 6
knockout_winner: SUCCESS, 6
knockout_winner: SUCCESS, 16
knockout_winner: INVALID_INPUT
get_closest_player: SUCCESS, 175
remove_team: FAILURE
remove_player: SUCCESS
play_match: FAILURE
remove_player: SUCCESS
get_top_scorer: SUCCESS, 1
play_match: FAILURE
play_match: FAILURE
get_all_players_count: SUCCESS, 7
get_num_played_games: SUCCESS, 14961
play_match: FAILURE
remove_player: SUCCESS
get_all_players_count: SUCCESS, 33
get_num_played_games: SUCCESS, 10481
get_all_players: SUCCESS
123
129
24
60
175
140
131
96
157
17
9
get_all_players_count: SUCCESS, 7
remove_player: SUCCESS
update_player_stats: SUCCESS
play_match: FAILURE
get_team_points: SUCCESS, 6971
get_closest_player: SUCCESS, 47
add_player: FAILURE
get_top_scorer: SUCCESS, 176
add_team: FAILURE
add_team: FAILURE
play_match: FAILURE
add_team: FAILURE
get_all_players_count: SUCCESS, 8
get_closest_player: SUCCESS, 42
get_all_players_count: SUCCESS, 11
get_all_players_count: SUCCESS, 14
remove_team: FAILURE
knockout_winner: INVALID_INPUT
knockout_winner: SUCCESS, 6
knockout_winner: INVALID_INPUT
knockout_winner: INVALID_INPUT
knockout_winner: INVALID_INPUT
get_num_played_games: SUCCESS, 13969
knockout_winner: INVALID_INPUT
knockout_winner: SUCCESS, 16
knockout_winner: INVALID_INPUT
knockout_winner: INVALID_INPUT
knockout_winner: INVALID_INPUT
add_player: FAILURE
remove_player: SUCCESS
knockout_winner: SUCCESS, 6
knockout_winner: INVALID_INPUT
knockout_winner: INVALID_INPUT
knockout_winner: SUCCESS, 12
knockout_winner: INVALID_INPUT
knockout_winner: INVALID_INPUT
knockout_winner: SUCCESS, 12
knockout_winner: INVALID_INPUT
knockout_winner: INVALID_INPUT
knockout_winner: INVALID_INPUT
knockout_winner: FAILURE
knockout_winner: INVALID_INPUT
knockout_winner: INVALID_INPUT
knockout_winner: FAILURE
knockout_winner: INVALID_INPUT
remove_team: FAILURE
get_all_players_count: SUCCESS, 10
remove_team: FAILURE
get_team_points: SUCCESS, 11184
get_num_played_games: SUCCESS, 7560
add_player: FAILURE
add_team: FAILURE
get_all_players_count: SUCCESS, 8
remove_team: FAILURE
get_all_players: SUCCESS
160
45
124
111
184
109
91
23
188
36
145
133
61
164
54
139
161
173
90
10
121
89
64
118
113
182
31
195
130
159
142
163
remove_team: FAILURE
add_team: FAILURE
remove_player: SUCCESS
get_closest_player: SUCCESS, 129
get_closest_player: SUCCESS, 184
get_num_played_games: SUCCESS, 4795
get_closest_player: SUCCESS, 36
get_all_players_count: SUCCESS, 5
unite_teams: FAILURE
knockout_winner: SUCCESS, 6
knockout_winner: INVALID_INPUT
knockout_winner: INVALID_INPUT
knockout_winner: SUCCESS, 12
knockout_winner: INVALID_INPUT
play_match: FAILURE
get_top_scorer: SUCCESS, 98
update_player_stats: SUCCESS
get_top_scorer: SUCCESS, 98
play_match: FAILURE
get_closest_player: SUCCESS, 28
knockout_winner: SUCCESS, 6
knockout_winner: INVALID_INPUT
knockout_winner: INVALID_INPUT
knockout_winner: SUCCESS, 6
knockout_winner: SUCCESS, 6
play_match: FAILURE
get_closest_player: SUCCESS, 144
remove_team: FAILURE
unite_teams: FAILURE
remove_team: FAILURE
knockout_winner: INVALID_INPUT
knockout_winner: SUCCESS, 6
knockout_winner: INVALID_INPUT
knockout_winner: INVALID_INPUT
knockout_winner: INVALID_INPUT
get_team_points: SUCCESS, 24976
remove_team: FAILURE
get_all_players_count: SUCCESS, 11
get_closest_player: SUCCESS, 131
unite_teams: INVALID_INPUT
unite_teams: SUCCESS
knockout_winner: FAILURE
knockout_winner: SUCCESS, 6
knockout_winner: SUCCESS, 3
knockout_winner: SUCCESS, 12
knockout_winner: INVALID_INPUT
remove_team: FAILURE
remove_team: FAILURE
get_top_scorer: SUCCESS, 69
add_player: FAILURE
knockout_winner: INVALID_INPUT
knockout_winner: SUCCESS, 6
knockout_winner: INVALID_INPUT
knockout_winner: INVALID_INPUT
knockout_winner: INVALID_INPUT
play_match: INVALID_INPUT
get_team_points: SUCCESS, 7570
add_player: FAILURE
remove_team: FAILURE
unite_teams: SUCCESS
get_team_points: SUCCESS, 11671
get_all_players_count: SUCCESS, 11
unite_teams: SUCCESS
add_team: FAILURE
add_player: FAILURE
get_top_scorer: SUCCESS, 174
remove_player: SUCCESS
knockout_winner: INVALID_INPUT
knockout_winner: FAILURE
knockout_winner: INVALID_INPUT
knockout_winner: INVALID_INPUT
knockout_winner: INVALID_INPUT
get_team_points: SUCCESS, 34883
add_player: FAILURE
add_player: FAILURE
update_player_stats: SUCCESS
get_all_players: SUCCESS
120
93
94
169
112
110
38
132
1
174
remove_team: FAILURE
get_num_played_games: SUCCESS, 14039
add_team: FAILURE
get_team_points: SUCCESS, 1523
remove_team: FAILURE
get_closest_player: SUCCESS, 191
get_top_scorer: SUCCESS, 98
get_all_players: SUCCESS
26
34
11
84
99
172
21
33
83
52
158
144
70
107
103
86
151
180
56
66
12
148
get_all_players_count: SUCCESS, 39
add_player: FAILURE
knockout_winner: INVALID_INPUT
knockout_winner: INVALID_INPUT
knockout_winner: INVALID_INPUT
knockout_winner: INVALID_INPUT
knockout_winner: INVALID_INPUT
remove_player: SUCCESS
remove_player: SUCCESS
remove_player: SUCCESS
remove_player: SUCCESS
remove_player: SUCCESS
remove_player: SUCCESS
remove_player: SUCCESS
remove_player: SUCCESS
remove_player: SUCCESS
remove_player: SUCCESS
remove_player: SUCCESS
remove_player: SUCCESS
remove_player: SUCCESS
remove_player: SUCCESS
remove_player: SUCCESS
remove_player: SUCCESS
remove_player: SUCCESS
remove_player: SUCCESS
remove_player: SUCCESS
remove_player: SUCCESS
remove_player: SUCCESS
remove_player: SUCCESS
remove_player: SUCCESS
remove_player: SUCCESS
remove_player: SUCCESS
remove_player: SUCCESS
remove_player: SUCCESS
remove_player: SUCCESS
remove_player: SUCCESS
remove_player: SUCCESS
remove_player: SUCCESS
remove_player: SUCCESS
remove_player: SUCCESS
remove_player: SUCCESS
remove_player: SUCCESS
remove_player: SUCCESS
remove_player: SUCCESS
remove_player: SUCCESS
remove_player: SUCCESS
remove_player: SUCCESS
remove_player: SUCCESS
remove_player: SUCCESS
remove_player: SUCCESS
remove_player: SUCCESS
remove_player: SUCCESS
remove_player: SUCCESS
remove_player: SUCCESS
remove_player: SUCCESS
remove_player: SUCCESS
remove_player: SUCCESS
remove_player: SUCCESS
remove_player: SUCCESS
remove_player: SUCCESS
remove_player: SUCCESS
remove_player: SUCCESS
remove_player: SUCCESS
remove_player: SUCCESS
remove_player: SUCCESS
remove_player: SUCCESS
remove_player: SUCCESS
remove_player: SUCCESS
remove_player: SUCCESS
remove_player: SUCCESS
remove_player: SUCCESS
remove_player: SUCCESS
remove_player: SUCCESS
remove_player: SUCCESS
remove_player: SUCCESS
remove_player: SUCCESS
remove_player: SUCCESS
remove_player: SUCCESS
remove_player: SUCCESS
remove_player: SUCCESS
remove_player: SUCCESS
remove_player: SUCCESS
remove_player: SUCCESS
remove_player: SUCCESS
remove_player: SUCCESS
remove_player: SUCCESS
remove_player: SUCCESS
remove_player: SUCCESS
remove_player: SUCCESS
remove_player: SUCCESS
remove_player: SUCCESS
remove_player: SUCCESS
remove_player: SUCCESS
remove_player: SUCCESS
remove_player: SUCCESS
remove_player: SUCCESS
remove_player: SUCCESS
remove_player: SUCCESS
remove_player: SUCCESS
remove_player: SUCCESS
remove_player: SUCCESS
remove_player: SUCCESS
remove_player: SUCCESS
remove_player: SUCCESS
remove_player: SUCCESS
remove_player: SUCCESS
remove_player: SUCCESS
remove_player: SUCCESS
remove_player: SUCCESS
remove_player: SUCCESS
remove_player: SUCCESS
remove_player: SUCCESS
remove_player: SUCCESS
remove_player: SUCCESS
remove_player: SUCCESS
remove_player: SUCCESS
remove_player: SUCCESS
remove_player: SUCCESS
remove_player: SUCCESS
remove_player: SUCCESS
remove_player: SUCCESS
remove_player: SUCCESS
remove_player: SUCCESS
remove_player: SUCCESS
remove_player: SUCCESS
remove_player: SUCCESS
remove_player: SUCCESS
remove_player: SUCCESS
remove_player: SUCCESS
remove_player: SUCCESS
remove_player: SUCCESS
remove_player: SUCCESS
remove_player: SUCCESS
remove_player: SUCCESS
remove_team: SUCCESS
remove_team: SUCCESS
remove_team: SUCCESS
remove_team: SUCCESS
remove_team: SUCCESS
remove_team: SUCCESS
remove_team: SUCCESS
remove_team: SUCCESS
