add_team: SUCCESS
add_team: SUCCESS
add_team: SUCCESS
add_team: SUCCESS
add_team: SUCCESS
add_team: SUCCESS
add_team: SUCCESS
add_team: SUCCESS
add_team: SUCCESS
add_team: SUCCESS
add_team: SUCCESS
add_team: SUCCESS
add_team: SUCCESS
add_team: SUCCESS
add_team: SUCCESS
add_team: SUCCESS
add_team: SUCCESS
add_team: SUCCESS
add_team: SUCCESS
add_team: SUCCESS
add_player: SUCCESS
add_player: SUCCESS
add_player: SUCCESS
add_player: SUCCESS
add_player: SUCCESS
add_player: SUCCESS
add_player: SUCCESS
add_player: SUCCESS
add_player: SUCCESS
add_player: SUCCESS
add_player: SUCCESS
add_player: SUCCESS
add_player: SUCCESS
add_player: SUCCESS
add_player: SUCCESS
add_player: SUCCESS
add_player: SUCCESS
add_player: SUCCESS
add_player: SUCCESS
add_player: SUCCESS
add_player: SUCCESS
add_player: SUCCESS
add_player: SUCCESS
add_player: SUCCESS
add_player: SUCCESS
add_player: SUCCESS
add_player: SUCCESS
add_player: SUCCESS
add_player: SUCCESS
add_player: SUCCESS
add_player: SUCCESS
add_player: SUCCESS
add_player: SUCCESS
add_player: SUCCESS
add_player: SUCCESS
add_player: SUCCESS
add_player: SUCCESS
add_player: SUCCESS
add_player: SUCCESS
add_player: SUCCESS
add_player: SUCCESS
add_player: SUCCESS
add_player: SUCCESS
add_player: SUCCESS
add_player: SUCCESS
add_player: SUCCESS
add_player: SUCCESS
add_player: SUCCESS
add_player: SUCCESS
add_player: SUCCESS
add_player: SUCCESS
add_player: SUCCESS
add_player: SUCCESS
add_player: SUCCESS
add_player: SUCCESS
add_player: SUCCESS
add_player: SUCCESS
add_player: SUCCESS
add_player: SUCCESS
add_player: SUCCESS
add_player: SUCCESS
add_player: SUCCESS
add_player: SUCCESS
add_player: SUCCESS
add_player: SUCCESS
add_player: SUCCESS
add_player: SUCCESS
add_player: SUCCESS
add_player: SUCCESS
add_player: SUCCESS
add_player: SUCCESS
add_player: SUCCESS
add_player: SUCCESS
add_player: SUCCESS
add_player: SUCCESS
add_player: SUCCESS
add_player: SUCCESS
add_player: SUCCESS
add_player: SUCCESS
add_player: SUCCESS
add_player: SUCCESS
add_player: SUCCESS
add_player: SUCCESS
add_player: SUCCESS
add_player: SUCCESS
add_player: SUCCESS
add_player: SUCCESS
add_player: SUCCESS
add_player: SUCCESS
add_player: SUCCESS
add_player: SUCCESS
add_player: SUCCESS
add_player: SUCCESS
add_player: SUCCESS
add_player: SUCCESS
add_player: SUCCESS
add_player: SUCCESS
add_player: SUCCESS
add_player: SUCCESS
add_player: SUCCESS
add_player: SUCCESS
add_player: SUCCESS
add_player: SUCCESS
add_player: SUCCESS
add_player: SUCCESS
add_player: SUCCESS
add_player: SUCCESS
add_player: SUCCESS
add_player: SUCCESS
add_player: SUCCESS
add_player: SUCCESS
add_player: SUCCESS
add_player: SUCCESS
add_player: SUCCESS
add_player: SUCCESS
add_player: SUCCESS
add_player: SUCCESS
add_player: SUCCESS
add_player: SUCCESS
add_player: SUCCESS
add_player: SUCCESS
add_player: SUCCESS
add_player: SUCCESS
add_player: SUCCESS
add_player: SUCCESS
add_player: SUCCESS
add_player: SUCCESS
add_player: SUCCESS
add_player: SUCCESS
add_player: SUCCESS
add_player: SUCCESS
add_player: SUCCESS
add_player: SUCCESS
add_player: SUCCESS
add_player: SUCCESS
add_player: SUCCESS
add_player: SUCCESS
add_player: SUCCESS
add_player: SUCCESS
add_player: SUCCESS
add_player: SUCCESS
add_player: SUCCESS
add_player: SUCCESS
add_player: SUCCESS
add_player: SUCCESS
add_player: SUCCESS
add_player: SUCCESS
add_player: SUCCESS
add_player: SUCCESS
add_player: SUCCESS
add_player: SUCCESS
add_player: SUCCESS
add_player: SUCCESS
add_player: SUCCESS
add_player: SUCCESS
add_player: SUCCESS
add_player: SUCCESS
add_player: SUCCESS
add_player: SUCCESS
add_player: SUCCESS
add_player: SUCCESS
add_player: SUCCESS
add_player: SUCCESS
add_player: SUCCESS
add_player: SUCCESS
add_player: SUCCESS
add_player: SUCCESS
add_player: SUCCESS
add_player: SUCCESS
add_player: SUCCESS
add_player: SUCCESS
add_player: SUCCESS
add_player: SUCCESS
add_player: SUCCESS
add_player: SUCCESS
add_player: SUCCESS
add_player: SUCCESS
add_player: SUCCESS
add_player: SUCCESS
add_player: SUCCESS
add_player: SUCCESS
add_player: SUCCESS
add_player: SUCCESS
add_player: SUCCESS
add_player: SUCCESS
add_player: SUCCESS
add_player: SUCCESS
add_player: SUCCESS
add_player: SUCCESS
add_player: SUCCESS
add_player: SUCCESS
add_player: SUCCESS
add_player: SUCCESS
add_player: SUCCESS
add_player: SUCCESS
add_player: SUCCESS
add_player: SUCCESS
add_player: SUCCESS
add_player: SUCCESS
add_player: SUCCESS
knockout_winner: SUCCESS, 16
knockout_winner: INVALID_INPUT
knockout_winner: INVALID_INPUT
knockout_winner: SUCCESS, 17
knockout_winner: SUCCESS, 11
get_top_scorer: SUCCESS, 88
add_team: FAILURE
get_all_players_count: SUCCESS, 15
get_closest_player: SUCCESS, 190
remove_team: FAILURE
get_team_points: SUCCESS, 7947
add_team: FAILURE
play_match: FAILURE
update_player_stats: SUCCESS
get_team_points: SUCCESS, 4411
get_num_played_games: SUCCESS, 6526
get_num_played_games: SUCCESS, 10900
remove_team: FAILURE
update_player_stats: SUCCESS
add_player: FAILURE
get_top_scorer: SUCCESS, 194
get_all_players: SUCCESS
124
40
39
145
59
102
71
194
add_player: FAILURE
get_closest_player: SUCCESS, 164
update_player_stats: SUCCESS
update_player_stats: SUCCESS
remove_team: FAILURE
get_top_scorer: SUCCESS, 194
remove_team: FAILURE
get_all_players: SUCCESS
45
141
67
114
179
157
18
100
22
add_player: FAILURE
remove_player: SUCCESS
knockout_winner: FAILURE
knockout_winner: SUCCESS, 17
knockout_winner: FAILURE
knockout_winner: FAILURE
knockout_winner: INVALID_INPUT
unite_teams: FAILURE
remove_player: SUCCESS
remove_player: SUCCESS
play_match: FAILURE
add_team: FAILURE
add_team: FAILURE
get_team_points: SUCCESS, 7726
get_all_players_count: SUCCESS, 10
add_team: FAILURE
unite_teams: FAILURE
update_player_stats: SUCCESS
remove_player: SUCCESS
add_player: FAILURE
get_top_scorer: SUCCESS, 78
get_all_players_count: SUCCESS, 10
get_top_scorer: SUCCESS, 32
remove_player: SUCCESS
update_player_stats: SUCCESS
get_all_players: SUCCESS
181
80
125
3
121
76
113
11
add_team: FAILURE
knockout_winner: FAILURE
knockout_winner: SUCCESS, 17
knockout_winner: SUCCESS, 15
knockout_winner: FAILURE
knockout_winner: INVALID_INPUT
get_all_players_count: SUCCESS, 11
remove_team: FAILURE
add_player: FAILURE
unite_teams: FAILURE
get_top_scorer: SUCCESS, 183
play_match: FAILURE
get_all_players_count: SUCCESS, 11
remove_player: SUCCESS
update_player_stats: SUCCESS
get_closest_player: SUCCESS, 93
get_all_players: SUCCESS
143
163
193
37
99
92
115
196
42
73
106
get_closest_player: SUCCESS, 185
get_top_scorer: SUCCESS, 184
remove_player: SUCCESS
unite_teams: FAILURE
get_team_points: SUCCESS, 4411
get_all_players: SUCCESS
72
87
54
131
126
35
170
197
132
51
81
160
140
get_num_played_games: SUCCESS, 1191
unite_teams: FAILURE
play_match: FAILURE
get_team_points: SUCCESS, 6133
knockout_winner: SUCCESS, 6
knockout_winner: INVALID_INPUT
knockout_winner: INVALID_INPUT
knockout_winner: SUCCESS, 17
knockout_winner: SUCCESS, 11
get_closest_player: SUCCESS, 128
get_all_players_count: SUCCESS, 9
get_team_points: SUCCESS, 2487
get_num_played_games: SUCCESS, 8630
add_player: FAILURE
knockout_winner: SUCCESS, 6
knockout_winner: INVALID_INPUT
knockout_winner: INVALID_INPUT
knockout_winner: SUCCESS, 6
knockout_winner: INVALID_INPUT
knockout_winner: SUCCESS, 6
knockout_winner: INVALID_INPUT
knockout_winner: INVALID_INPUT
knockout_winner: SUCCESS, 17
knockout_winner: FAILURE
get_team_points: SUCCESS, 7726
knockout_winner: SUCCESS, 4
knockout_winner: INVALID_INPUT
knockout_winner: INVALID_INPUT
knockout_winner: FAILURE
knockout_winner: INVALID_INPUT
remove_player: SUCCESS
unite_teams: FAILURE
remove_team: FAILURE
get_all_players_count: SUCCESS, 11
unite_teams: FAILURE
add_team: FAILURE
play_match: FAILURE
unite_teams: FAILURE
get_all_players: SUCCESS
5
174
150
82
49
133
79
184
get_team_points: SUCCESS, 9839
update_player_stats: SUCCESS
get_team_points: SUCCESS, 7726
add_player: FAILURE
add_player: FAILURE
remove_team: FAILURE
get_all_players_count: SUCCESS, 11
get_all_players_count: SUCCESS, 6
get_top_scorer: SUCCESS, 200
unite_teams: INVALID_INPUT
get_all_players: SUCCESS
25
93
185
167
96
109
32
get_all_players: SUCCESS
118
74
112
155
153
186
130
28
180
85
70
137
138
remove_team: FAILURE
get_closest_player: SUCCESS, 166
remove_team: FAILURE
unite_teams: FAILURE
knockout_winner: SUCCESS, 17
knockout_winner: SUCCESS, 17
knockout_winner: SUCCESS, 11
knockout_winner: FAILURE
knockout_winner: INVALID_INPUT
update_player_stats: SUCCESS
get_closest_player: SUCCESS, 169
get_num_played_games: SUCCESS, 509
add_player: FAILURE
get_top_scorer: SUCCESS, 19
get_all_players_count: SUCCESS, 11
play_match: FAILURE
knockout_winner: SUCCESS, 15
knockout_winner: SUCCESS, 17
knockout_winner: FAILURE
knockout_winner: SUCCESS, 17
knockout_winner: INVALID_INPUT
update_player_stats: SUCCESS
knockout_winner: SUCCESS, 6
knockout_winner: SUCCESS, 15
knockout_winner: SUCCESS, 6
knockout_winner: SUCCESS, 17
knockout_winner: INVALID_INPUT
get_all_players_count: SUCCESS, 10
get_num_played_games: SUCCESS, 9906
get_team_points: SUCCESS, 2487
get_all_players: SUCCESS
181
80
125
3
121
76
113
11
remove_team: FAILURE
get_num_played_games: SUCCESS, 11006
get_closest_player: SUCCESS, 151
knockout_winner: FAILURE
knockout_winner: SUCCESS, 6
knockout_winner: FAILURE
knockout_winner: FAILURE
knockout_winner: INVALID_INPUT
knockout_winner: SUCCESS, 15
knockout_winner: SUCCESS, 17
knockout_winner: SUCCESS, 11
knockout_winner: SUCCESS, 17
knockout_winner: INVALID_INPUT
get_num_played_games: SUCCESS, 6646
add_player: FAILURE
remove_player: SUCCESS
play_match: FAILURE
update_player_stats: SUCCESS
get_num_played_games: SUCCESS, 5141
update_player_stats: SUCCESS
update_player_stats: SUCCESS
add_team: FAILURE
unite_teams: FAILURE
get_num_played_games: SUCCESS, 12158
unite_teams: FAILURE
remove_player: SUCCESS
get_all_players: SUCCESS
181
80
125
3
121
76
113
11
get_all_players_count: SUCCESS, 15
get_team_points: SUCCESS, 4411
knockout_winner: SUCCESS, 11
knockout_winner: SUCCESS, 15
knockout_winner: SUCCESS, 6
knockout_winner: SUCCESS, 15
knockout_winner: INVALID_INPUT
add_team: FAILURE
add_team: FAILURE
remove_team: FAILURE
update_player_stats: SUCCESS
get_top_scorer: SUCCESS, 177
update_player_stats: SUCCESS
get_top_scorer: SUCCESS, 56
get_num_played_games: SUCCESS, 7176
get_all_players: SUCCESS
144
13
122
1
34
105
169
191
101
55
43
116
175
62
88
unite_teams: FAILURE
get_top_scorer: SUCCESS, 188
add_team: FAILURE
knockout_winner: SUCCESS, 15
knockout_winner: SUCCESS, 15
knockout_winner: SUCCESS, 6
knockout_winner: SUCCESS, 16
knockout_winner: SUCCESS, 15
get_top_scorer: SUCCESS, 88
knockout_winner: SUCCESS, 6
knockout_winner: SUCCESS, 6
knockout_winner: FAILURE
knockout_winner: SUCCESS, 11
knockout_winner: INVALID_INPUT
update_player_stats: SUCCESS
update_player_stats: SUCCESS
update_player_stats: SUCCESS
get_top_scorer: SUCCESS, 56
get_team_points: SUCCESS, 6133
get_closest_player: SUCCESS, 50
add_team: FAILURE
unite_teams: FAILURE
get_num_played_games: SUCCESS, 9652
knockout_winner: SUCCESS, 11
knockout_winner: SUCCESS, 15
knockout_winner: SUCCESS, 6
knockout_winner: SUCCESS, 15
knockout_winner: INVALID_INPUT
play_match: SUCCESS
remove_player: SUCCESS
unite_teams: FAILURE
update_player_stats: SUCCESS
play_match: INVALID_INPUT
get_closest_player: SUCCESS, 124
remove_team: FAILURE
update_player_stats: SUCCESS
play_match: SUCCESS
get_top_scorer: SUCCESS, 177
add_player: FAILURE
unite_teams: FAILURE
get_closest_player: SUCCESS, 86
get_top_scorer: SUCCESS, 106
get_top_scorer: SUCCESS, 156
remove_player: SUCCESS
get_num_played_games: SUCCESS, 6899
get_num_played_games: SUCCESS, 3387
remove_team: FAILURE
get_all_players_count: SUCCESS, 8
knockout_winner: SUCCESS, 15
knockout_winner: SUCCESS, 17
knockout_winner: SUCCESS, 11
knockout_winner: SUCCESS, 19
knockout_winner: INVALID_INPUT
knockout_winner: SUCCESS, 6
knockout_winner: INVALID_INPUT
knockout_winner: INVALID_INPUT
knockout_winner: SUCCESS, 15
knockout_winner: SUCCESS, 6
get_closest_player: SUCCESS, 87
unite_teams: FAILURE
remove_team: FAILURE
play_match: FAILURE
add_team: FAILURE
add_player: FAILURE
get_team_points: SUCCESS, 7726
remove_team: FAILURE
get_team_points: SUCCESS, 3576
add_player: FAILURE
get_num_played_games: SUCCESS, 11062
knockout_winner: SUCCESS, 11
knockout_winner: SUCCESS, 15
knockout_winner: SUCCESS, 6
knockout_winner: SUCCESS, 15
knockout_winner: INVALID_INPUT
remove_team: FAILURE
add_team: FAILURE
get_closest_player: SUCCESS, 139
get_team_points: SUCCESS, 7947
remove_team: FAILURE
remove_team: FAILURE
get_closest_player: SUCCESS, 190
unite_teams: FAILURE
get_team_points: SUCCESS, 7950
get_team_points: SUCCESS, 3576
remove_team: FAILURE
remove_player: SUCCESS
knockout_winner: SUCCESS, 19
knockout_winner: SUCCESS, 19
knockout_winner: SUCCESS, 15
knockout_winner: FAILURE
knockout_winner: INVALID_INPUT
unite_teams: FAILURE
remove_team: FAILURE
add_player: FAILURE
remove_team: FAILURE
update_player_stats: SUCCESS
knockout_winner: SUCCESS, 17
knockout_winner: SUCCESS, 6
knockout_winner: SUCCESS, 6
knockout_winner: SUCCESS, 19
knockout_winner: INVALID_INPUT
unite_teams: FAILURE
get_all_players_count: SUCCESS, 7
remove_player: SUCCESS
get_num_played_games: SUCCESS, 357
get_num_played_games: SUCCESS, 8327
get_team_points: SUCCESS, 8311
remove_team: FAILURE
play_match: FAILURE
remove_team: FAILURE
add_player: FAILURE
get_top_scorer: SUCCESS, 130
update_player_stats: SUCCESS
add_player: FAILURE
get_team_points: SUCCESS, 6133
get_closest_player: SUCCESS, 42
get_all_players: SUCCESS
17
136
187
104
52
47
111
26
161
183
get_num_played_games: SUCCESS, 9880
update_player_stats: SUCCESS
knockout_winner: SUCCESS, 16
knockout_winner: SUCCESS, 15
knockout_winner: SUCCESS, 6
knockout_winner: SUCCESS, 17
knockout_winner: INVALID_INPUT
knockout_winner: FAILURE
knockout_winner: SUCCESS, 19
knockout_winner: SUCCESS, 15
knockout_winner: FAILURE
knockout_winner: INVALID_INPUT
remove_team: FAILURE
get_num_played_games: SUCCESS, 6799
get_closest_player: SUCCESS, 47
unite_teams: FAILURE
get_all_players: SUCCESS
152
199
64
29
142
41
36
66
get_all_players: SUCCESS
144
13
122
1
34
105
169
191
101
55
43
116
175
88
unite_teams: FAILURE
get_closest_player: SUCCESS, 178
get_top_scorer: SUCCESS, 194
get_top_scorer: SUCCESS, 19
add_player: FAILURE
add_team: FAILURE
add_team: FAILURE
knockout_winner: SUCCESS, 19
knockout_winner: SUCCESS, 17
knockout_winner: SUCCESS, 15
knockout_winner: SUCCESS, 19
knockout_winner: INVALID_INPUT
play_match: SUCCESS
remove_player: SUCCESS
remove_player: SUCCESS
get_all_players_count: SUCCESS, 7
get_team_points: SUCCESS, 7947
update_player_stats: SUCCESS
add_team: FAILURE
get_all_players_count: SUCCESS, 7
get_team_points: SUCCESS, 3576
knockout_winner: SUCCESS, 15
knockout_winner: SUCCESS, 15
knockout_winner: SUCCESS, 6
knockout_winner: SUCCESS, 19
knockout_winner: INVALID_INPUT
add_player: FAILURE
update_player_stats: SUCCESS
unite_teams: FAILURE
update_player_stats: SUCCESS
update_player_stats: SUCCESS
get_all_players: SUCCESS
45
141
67
114
179
157
100
22
18
get_all_players_count: SUCCESS, 12
remove_team: FAILURE
get_all_players_count: SUCCESS, 9
get_team_points: SUCCESS, 3576
knockout_winner: SUCCESS, 19
knockout_winner: SUCCESS, 19
knockout_winner: FAILURE
knockout_winner: FAILURE
knockout_winner: INVALID_INPUT
knockout_winner: SUCCESS, 17
knockout_winner: SUCCESS, 19
knockout_winner: FAILURE
knockout_winner: FAILURE
knockout_winner: INVALID_INPUT
get_team_points: SUCCESS, 7623
get_num_played_games: SUCCESS, 9466
get_all_players: SUCCESS
25
93
185
167
96
109
32
play_match: FAILURE
get_all_players: SUCCESS
15
94
65
27
46
162
4
166
117
165
unite_teams: FAILURE
add_team: FAILURE
add_team: FAILURE
get_closest_player: SUCCESS, 99
get_num_played_games: SUCCESS, 1081
get_all_players_count: SUCCESS, 7
add_player: FAILURE
remove_team: FAILURE
unite_teams: FAILURE
get_all_players: SUCCESS
30
50
164
198
2
182
31
128
200
remove_team: FAILURE
play_match: FAILURE
play_match: FAILURE
get_all_players_count: SUCCESS, 8
unite_teams: FAILURE
add_player: FAILURE
add_player: FAILURE
get_closest_player: SUCCESS, 185
knockout_winner: SUCCESS, 6
knockout_winner: INVALID_INPUT
knockout_winner: INVALID_INPUT
knockout_winner: SUCCESS, 11
knockout_winner: INVALID_INPUT
unite_teams: FAILURE
remove_player: SUCCESS
play_match: FAILURE
unite_teams: FAILURE
add_team: FAILURE
knockout_winner: FAILURE
knockout_winner: SUCCESS, 19
knockout_winner: SUCCESS, 15
knockout_winner: FAILURE
knockout_winner: INVALID_INPUT
knockout_winner: SUCCESS, 15
knockout_winner: SUCCESS, 17
knockout_winner: SUCCESS, 11
knockout_winner: FAILURE
knockout_winner: INVALID_INPUT
get_top_scorer: SUCCESS, 113
add_player: FAILURE
get_closest_player: SUCCESS, 149
unite_teams: SUCCESS
update_player_stats: SUCCESS
get_closest_player: SUCCESS, 89
get_team_points: SUCCESS, 11702
get_closest_player: SUCCESS, 177
update_player_stats: SUCCESS
get_team_points: SUCCESS, 3608
get_all_players: SUCCESS
25
93
185
167
96
109
32
play_match: FAILURE
get_num_played_games: SUCCESS, 8482
remove_player: SUCCESS
get_all_players: SUCCESS
74
155
153
28
180
85
70
137
138
118
186
130
play_match: INVALID_INPUT
unite_teams: FAILURE
get_all_players_count: SUCCESS, 7
knockout_winner: FAILURE
knockout_winner: SUCCESS, 19
knockout_winner: SUCCESS, 15
knockout_winner: FAILURE
knockout_winner: INVALID_INPUT
remove_player: SUCCESS
get_closest_player: SUCCESS, 87
add_player: FAILURE
get_team_points: SUCCESS, 9964
get_closest_player: SUCCESS, 92
get_team_points: SUCCESS, 2296
get_top_scorer: SUCCESS, 106
update_player_stats: SUCCESS
get_team_points: SUCCESS, 2296
add_team: FAILURE
knockout_winner: SUCCESS, 11
knockout_winner: SUCCESS, 6
knockout_winner: SUCCESS, 6
knockout_winner: SUCCESS, 15
knockout_winner: INVALID_INPUT
get_num_played_games: SUCCESS, 9653
unite_teams: SUCCESS
unite_teams: FAILURE
add_player: FAILURE
add_team: FAILURE
update_player_stats: SUCCESS
get_num_played_games: SUCCESS, 8327
knockout_winner: SUCCESS, 15
knockout_winner: SUCCESS, 17
knockout_winner: SUCCESS, 11
knockout_winner: SUCCESS, 19
knockout_winner: INVALID_INPUT
unite_teams: FAILURE
get_closest_player: SUCCESS, 198
get_all_players: SUCCESS
174
150
82
49
133
79
184
get_num_played_games: SUCCESS, 12296
get_num_played_games: SUCCESS, 4844
get_all_players_count: SUCCESS, 6
get_closest_player: SUCCESS, 147
get_team_points: SUCCESS, 8244
get_team_points: SUCCESS, 2493
get_num_played_games: SUCCESS, 8751
get_all_players: SUCCESS
154
9
168
149
189
57
23
61
192
89
19
remove_team: FAILURE
get_num_played_games: SUCCESS, 9401
play_match: FAILURE
get_top_scorer: SUCCESS, 165
play_match: FAILURE
unite_teams: FAILURE
add_player: FAILURE
get_all_players: SUCCESS
13
122
1
34
105
169
191
101
55
43
116
175
88
knockout_winner: INVALID_INPUT
knockout_winner: INVALID_INPUT
knockout_winner: INVALID_INPUT
knockout_winner: INVALID_INPUT
knockout_winner: INVALID_INPUT
get_all_players_count: SUCCESS, 6
add_player: FAILURE
update_player_stats: SUCCESS
remove_team: FAILURE
update_player_stats: SUCCESS
add_player: FAILURE
get_num_played_games: SUCCESS, 5717
remove_team: FAILURE
get_all_players: SUCCESS
181
3
125
121
76
113
add_player: FAILURE
get_all_players_count: SUCCESS, 9
get_closest_player: SUCCESS, 193
get_all_players_count: SUCCESS, 13
add_team: FAILURE
get_top_scorer: SUCCESS, 140
play_match: FAILURE
get_team_points: SUCCESS, 9839
get_team_points: SUCCESS, 8244
get_closest_player: SUCCESS, 103
update_player_stats: SUCCESS
get_team_points: SUCCESS, 4623
get_closest_player: SUCCESS, 100
get_all_players_count: SUCCESS, 7
add_team: FAILURE
remove_player: SUCCESS
get_team_points: SUCCESS, 3576
get_all_players: SUCCESS
154
9
168
149
189
57
23
61
192
89
19
add_team: FAILURE
get_closest_player: SUCCESS, 108
add_player: FAILURE
remove_player: SUCCESS
update_player_stats: SUCCESS
get_closest_player: SUCCESS, 166
add_team: FAILURE
update_player_stats: SUCCESS
get_top_scorer: SUCCESS, 130
add_team: FAILURE
play_match: FAILURE
knockout_winner: SUCCESS, 6
knockout_winner: SUCCESS, 6
knockout_winner: SUCCESS, 1
knockout_winner: SUCCESS, 11
knockout_winner: INVALID_INPUT
get_top_scorer: SUCCESS, 119
unite_teams: FAILURE
add_player: FAILURE
unite_teams: FAILURE
add_team: FAILURE
add_team: FAILURE
knockout_winner: FAILURE
knockout_winner: SUCCESS, 19
knockout_winner: SUCCESS, 15
knockout_winner: FAILURE
knockout_winner: INVALID_INPUT
get_team_points: SUCCESS, 9839
unite_teams: FAILURE
get_team_points: SUCCESS, 2493
unite_teams: FAILURE
add_team: FAILURE
unite_teams: FAILURE
add_player: FAILURE
get_top_scorer: SUCCESS, 119
remove_player: SUCCESS
play_match: FAILURE
update_player_stats: SUCCESS
get_team_points: SUCCESS, 7623
add_player: FAILURE
knockout_winner: SUCCESS, 15
knockout_winner: SUCCESS, 6
knockout_winner: SUCCESS, 6
knockout_winner: SUCCESS, 19
knockout_winner: INVALID_INPUT
get_num_played_games: SUCCESS, 11021
get_all_players: SUCCESS
30
50
164
198
2
182
31
128
200
update_player_stats: SUCCESS
get_top_scorer: SUCCESS, 113
get_top_scorer: SUCCESS, 184
unite_teams: FAILURE
add_team: FAILURE
knockout_winner: SUCCESS, 19
knockout_winner: SUCCESS, 17
knockout_winner: SUCCESS, 11
knockout_winner: FAILURE
knockout_winner: INVALID_INPUT
get_closest_player: SUCCESS, 190
get_num_played_games: SUCCESS, 11594
remove_team: FAILURE
remove_team: FAILURE
get_all_players_count: SUCCESS, 5
add_player: FAILURE
add_player: FAILURE
play_match: SUCCESS
get_num_played_games: SUCCESS, 4189
remove_player: SUCCESS
play_match: FAILURE
add_team: FAILURE
get_all_players_count: SUCCESS, 11
get_team_points: SUCCESS, 7947
get_all_players_count: SUCCESS, 11
add_team: FAILURE
get_top_scorer: SUCCESS, 194
get_closest_player: SUCCESS, 33
remove_player: SUCCESS
add_player: FAILURE
get_all_players: SUCCESS
15
7
94
65
159
12
27
17
136
46
187
162
4
8
104
158
178
188
166
111
161
183
117
165
26
add_team: FAILURE
knockout_winner: FAILURE
knockout_winner: SUCCESS, 17
knockout_winner: FAILURE
knockout_winner: SUCCESS, 17
knockout_winner: INVALID_INPUT
update_player_stats: SUCCESS
knockout_winner: SUCCESS, 6
knockout_winner: INVALID_INPUT
knockout_winner: INVALID_INPUT
knockout_winner: SUCCESS, 11
knockout_winner: INVALID_INPUT
unite_teams: FAILURE
remove_team: FAILURE
get_num_played_games: SUCCESS, 18274
get_closest_player: SUCCESS, 23
remove_team: FAILURE
update_player_stats: SUCCESS
get_all_players: SUCCESS
15
7
94
65
159
12
27
17
136
46
187
162
4
8
104
158
178
188
111
161
183
166
117
165
26
play_match: FAILURE
play_match: FAILURE
get_all_players_count: SUCCESS, 8
remove_team: FAILURE
get_closest_player: SUCCESS, 156
unite_teams: FAILURE
get_all_players: SUCCESS
181
3
125
76
113
get_all_players_count: SUCCESS, 9
get_closest_player: SUCCESS, 30
get_all_players: SUCCESS
174
150
82
49
133
79
184
get_closest_player: SUCCESS, 199
get_all_players_count: SUCCESS, 7
get_all_players_count: SUCCESS, 25
play_match: FAILURE
add_player: FAILURE
remove_team: FAILURE
add_team: FAILURE
get_team_points: SUCCESS, 3608
add_team: FAILURE
update_player_stats: SUCCESS
get_top_scorer: SUCCESS, 130
get_num_played_games: SUCCESS, 3693
add_player: FAILURE
play_match: FAILURE
unite_teams: FAILURE
play_match: INVALID_INPUT
get_top_scorer: SUCCESS, 140
remove_team: FAILURE
get_top_scorer: SUCCESS, 177
unite_teams: FAILURE
knockout_winner: INVALID_INPUT
knockout_winner: INVALID_INPUT
knockout_winner: INVALID_INPUT
knockout_winner: INVALID_INPUT
knockout_winner: INVALID_INPUT
get_closest_player: SUCCESS, 29
get_closest_player: SUCCESS, 93
get_num_played_games: SUCCESS, 527
get_all_players_count: SUCCESS, 13
add_player: FAILURE
remove_player: SUCCESS
add_player: FAILURE
remove_team: FAILURE
play_match: FAILURE
remove_team: FAILURE
get_all_players: SUCCESS
193
99
92
115
196
42
73
106
37
get_top_scorer: SUCCESS, 37
play_match: FAILURE
get_all_players: SUCCESS
98
69
190
171
151
60
75
63
78
135
16
remove_team: FAILURE
remove_team: FAILURE
play_match: FAILURE
get_closest_player: SUCCESS, 51
get_all_players_count: SUCCESS, 5
get_top_scorer: SUCCESS, 140
unite_teams: FAILURE
add_player: FAILURE
get_num_played_games: SUCCESS, 3693
add_team: FAILURE
update_player_stats: SUCCESS
get_top_scorer: SUCCESS, 19
add_player: FAILURE
play_match: FAILURE
get_num_played_games: SUCCESS, 4150
get_team_points: SUCCESS, 7623
remove_team: FAILURE
unite_teams: FAILURE
add_player: FAILURE
remove_team: FAILURE
remove_player: SUCCESS
get_closest_player: SUCCESS, 131
get_num_played_games: SUCCESS, 8011
get_all_players: SUCCESS
152
199
64
29
142
41
36
66
get_all_players_count: SUCCESS, 9
get_closest_player: SUCCESS, 39
unite_teams: SUCCESS
remove_team: FAILURE
remove_team: FAILURE
get_all_players_count: SUCCESS, 7
unite_teams: FAILURE
add_player: FAILURE
unite_teams: FAILURE
get_team_points: SUCCESS, 6133
get_top_scorer: SUCCESS, 26
get_top_scorer: SUCCESS, 130
play_match: FAILURE
add_player: FAILURE
play_match: INVALID_INPUT
add_player: FAILURE
get_closest_player: SUCCESS, 181
unite_teams: FAILURE
get_top_scorer: SUCCESS, 119
get_all_players: SUCCESS
72
87
124
40
39
54
131
126
35
59
102
71
132
51
81
170
194
160
197
140
play_match: FAILURE
update_player_stats: SUCCESS
play_match: FAILURE
unite_teams: INVALID_INPUT
update_player_stats: SUCCESS
get_all_players_count: SUCCESS, 9
get_num_played_games: SUCCESS, 10572
get_num_played_games: SUCCESS, 10572
remove_player: SUCCESS
get_num_played_games: SUCCESS, 9652
get_all_players: SUCCESS
45
141
67
114
179
157
100
22
18
remove_player: SUCCESS
remove_player: SUCCESS
update_player_stats: SUCCESS
update_player_stats: SUCCESS
play_match: SUCCESS
add_team: FAILURE
get_closest_player: SUCCESS, 59
get_closest_player: SUCCESS, 22
get_num_played_games: SUCCESS, 8269
add_team: FAILURE
add_player: FAILURE
get_all_players_count: SUCCESS, 9
add_team: FAILURE
get_all_players_count: SUCCESS, 8
get_top_scorer: SUCCESS, 132
get_team_points: SUCCESS, 7947
get_top_scorer: SUCCESS, 37
unite_teams: FAILURE
get_num_played_games: SUCCESS, 2309
get_top_scorer: SUCCESS, 200
get_closest_player: SUCCESS, 12
get_team_points: SUCCESS, 6133
get_all_players_count: SUCCESS, 11
add_team: FAILURE
remove_team: FAILURE
add_team: FAILURE
get_all_players: SUCCESS
155
153
28
180
85
70
137
138
118
74
186
130
play_match: FAILURE
remove_team: FAILURE
play_match: FAILURE
get_num_played_games: SUCCESS, 3255
knockout_winner: FAILURE
knockout_winner: SUCCESS, 19
knockout_winner: FAILURE
knockout_winner: FAILURE
knockout_winner: INVALID_INPUT
add_player: FAILURE
get_all_players: SUCCESS
45
141
114
67
157
100
22
179
18
remove_team: FAILURE
add_team: FAILURE
get_team_points: SUCCESS, 3576
get_all_players_count: SUCCESS, 5
get_all_players: SUCCESS
174
150
82
49
133
79
184
update_player_stats: SUCCESS
update_player_stats: SUCCESS
add_player: FAILURE
get_all_players: SUCCESS
45
141
114
67
157
100
22
179
18
get_num_played_games: SUCCESS, 9571
add_team: FAILURE
add_team: FAILURE
knockout_winner: INVALID_INPUT
knockout_winner: INVALID_INPUT
knockout_winner: INVALID_INPUT
knockout_winner: INVALID_INPUT
knockout_winner: INVALID_INPUT
add_team: FAILURE
remove_player: SUCCESS
knockout_winner: SUCCESS, 6
knockout_winner: INVALID_INPUT
knockout_winner: INVALID_INPUT
knockout_winner: SUCCESS, 6
knockout_winner: SUCCESS, 6
knockout_winner: SUCCESS, 19
knockout_winner: SUCCESS, 19
knockout_winner: FAILURE
knockout_winner: FAILURE
knockout_winner: INVALID_INPUT
get_all_players_count: SUCCESS, 7
unite_teams: INVALID_INPUT
remove_player: SUCCESS
get_all_players: SUCCESS
193
99
115
196
42
73
106
92
play_match: FAILURE
add_team: FAILURE
play_match: FAILURE
get_num_played_games: SUCCESS, 5459
knockout_winner: SUCCESS, 6
knockout_winner: INVALID_INPUT
knockout_winner: INVALID_INPUT
knockout_winner: SUCCESS, 19
knockout_winner: FAILURE
knockout_winner: SUCCESS, 15
knockout_winner: SUCCESS, 19
knockout_winner: FAILURE
knockout_winner: FAILURE
knockout_winner: INVALID_INPUT
add_player: FAILURE
get_num_played_games: SUCCESS, 11364
get_all_players: SUCCESS
173
123
108
24
33
get_top_scorer: SUCCESS, 93
remove_player: SUCCESS
get_num_played_games: SUCCESS, 3816
get_top_scorer: SUCCESS, 33
update_player_stats: SUCCESS
get_all_players: SUCCESS
72
87
124
40
39
54
131
126
35
59
102
71
51
81
170
194
160
197
140
132
add_player: FAILURE
get_all_players_count: SUCCESS, 20
unite_teams: SUCCESS
unite_teams: FAILURE
get_num_played_games: SUCCESS, 1434
remove_player: SUCCESS
play_match: FAILURE
add_player: FAILURE
play_match: SUCCESS
remove_team: FAILURE
unite_teams: FAILURE
get_team_points: SUCCESS, 9964
knockout_winner: SUCCESS, 6
knockout_winner: SUCCESS, 6
knockout_winner: SUCCESS, 6
knockout_winner: SUCCESS, 19
knockout_winner: FAILURE
get_all_players: SUCCESS
15
7
94
65
159
12
27
17
136
46
187
4
8
104
158
178
188
111
161
183
166
26
add_player: FAILURE
knockout_winner: SUCCESS, 5
knockout_winner: SUCCESS, 6
knockout_winner: FAILURE
knockout_winner: FAILURE
knockout_winner: INVALID_INPUT
knockout_winner: SUCCESS, 19
knockout_winner: SUCCESS, 19
knockout_winner: FAILURE
knockout_winner: FAILURE
knockout_winner: INVALID_INPUT
get_all_players: SUCCESS
181
3
125
76
113
knockout_winner: SUCCESS, 6
knockout_winner: INVALID_INPUT
knockout_winner: INVALID_INPUT
knockout_winner: FAILURE
knockout_winner: INVALID_INPUT
get_top_scorer: SUCCESS, 135
get_team_points: SUCCESS, 4623
remove_team: FAILURE
get_all_players_count: SUCCESS, 7
get_num_played_games: SUCCESS, 6527
remove_team: FAILURE
add_player: FAILURE
get_team_points: SUCCESS, 19428
get_team_points: SUCCESS, 12135
get_all_players_count: SUCCESS, 8
remove_player: SUCCESS
add_team: FAILURE
add_team: FAILURE
add_player: FAILURE
get_closest_player: SUCCESS, 87
get_all_players_count: SUCCESS, 11
knockout_winner: FAILURE
knockout_winner: SUCCESS, 19
knockout_winner: SUCCESS, 15
knockout_winner: FAILURE
knockout_winner: INVALID_INPUT
get_team_points: SUCCESS, 9964
get_all_players_count: SUCCESS, 8
get_team_points: SUCCESS, 8311
add_player: FAILURE
get_top_scorer: SUCCESS, 19
update_player_stats: SUCCESS
get_all_players_count: SUCCESS, 8
add_team: FAILURE
add_player: FAILURE
remove_player: SUCCESS
get_num_played_games: SUCCESS, 5405
unite_teams: INVALID_INPUT
get_team_points: SUCCESS, 7947
unite_teams: INVALID_INPUT
knockout_winner: INVALID_INPUT
knockout_winner: INVALID_INPUT
knockout_winner: INVALID_INPUT
knockout_winner: INVALID_INPUT
knockout_winner: INVALID_INPUT
update_player_stats: SUCCESS
update_player_stats: SUCCESS
get_team_points: SUCCESS, 8311
get_closest_player: SUCCESS, 110
get_all_players: SUCCESS
155
153
28
180
85
70
137
138
118
74
186
130
remove_player: SUCCESS
get_team_points: SUCCESS, 759
add_team: FAILURE
unite_teams: FAILURE
get_num_played_games: SUCCESS, 5947
update_player_stats: SUCCESS
get_closest_player: SUCCESS, 32
get_all_players_count: SUCCESS, 13
get_top_scorer: SUCCESS, 200
update_player_stats: SUCCESS
add_team: FAILURE
remove_player: SUCCESS
get_num_played_games: SUCCESS, 1192
get_all_players_count: SUCCESS, 11
remove_team: FAILURE
remove_player: SUCCESS
get_closest_player: SUCCESS, 9
get_team_points: SUCCESS, 8244
get_team_points: SUCCESS, 6133
update_player_stats: SUCCESS
add_team: FAILURE
play_match: FAILURE
play_match: FAILURE
add_team: FAILURE
get_all_players_count: SUCCESS, 11
get_all_players: SUCCESS
174
150
82
49
133
79
184
play_match: SUCCESS
get_team_points: SUCCESS, 3608
add_player: FAILURE
get_all_players_count: SUCCESS, 7
remove_team: FAILURE
add_player: FAILURE
add_team: FAILURE
get_top_scorer: SUCCESS, 177
get_closest_player: SUCCESS, 132
remove_team: FAILURE
get_closest_player: SUCCESS, 43
remove_player: SUCCESS
add_player: FAILURE
add_player: FAILURE
knockout_winner: SUCCESS, 17
knockout_winner: SUCCESS, 17
knockout_winner: FAILURE
knockout_winner: FAILURE
knockout_winner: INVALID_INPUT
add_team: FAILURE
unite_teams: SUCCESS
knockout_winner: SUCCESS, 5
knockout_winner: SUCCESS, 5
knockout_winner: FAILURE
knockout_winner: FAILURE
knockout_winner: INVALID_INPUT
get_closest_player: SUCCESS, 195
get_all_players_count: SUCCESS, 8
get_all_players: SUCCESS
129
21
172
38
134
84
110
83
195
120
147
103
127
177
unite_teams: FAILURE
get_num_played_games: SUCCESS, 3193
get_all_players_count: SUCCESS, 8
get_top_scorer: SUCCESS, 140
update_player_stats: SUCCESS
unite_teams: FAILURE
get_all_players_count: SUCCESS, 8
add_team: FAILURE
get_num_played_games: SUCCESS, 8630
get_closest_player: SUCCESS, 92
update_player_stats: SUCCESS
get_all_players: SUCCESS
13
122
169
191
101
55
43
116
175
105
get_closest_player: SUCCESS, 193
get_num_played_games: SUCCESS, 8363
unite_teams: FAILURE
get_num_played_games: SUCCESS, 4554
get_team_points: SUCCESS, 8311
remove_player: SUCCESS
get_num_played_games: SUCCESS, 8310
play_match: FAILURE
get_team_points: SUCCESS, 3576
unite_teams: FAILURE
play_match: FAILURE
get_team_points: SUCCESS, 8311
knockout_winner: SUCCESS, 16
knockout_winner: SUCCESS, 19
knockout_winner: FAILURE
knockout_winner: FAILURE
knockout_winner: INVALID_INPUT
get_closest_player: SUCCESS, 155
add_team: FAILURE
remove_player: SUCCESS
unite_teams: FAILURE
update_player_stats: SUCCESS
add_player: FAILURE
remove_team: FAILURE
add_player: FAILURE
get_top_scorer: SUCCESS, 177
get_top_scorer: SUCCESS, 146
remove_team: FAILURE
get_top_scorer: SUCCESS, 177
remove_player: SUCCESS
update_player_stats: SUCCESS
get_team_points: SUCCESS, 19431
knockout_winner: INVALID_INPUT
knockout_winner: FAILURE
knockout_winner: INVALID_INPUT
knockout_winner: INVALID_INPUT
knockout_winner: INVALID_INPUT
get_team_points: SUCCESS, 7947
unite_teams: FAILURE
play_match: FAILURE
get_top_scorer: SUCCESS, 184
remove_player: SUCCESS
add_player: FAILURE
get_team_points: SUCCESS, 9964
remove_player: SUCCESS
remove_team: FAILURE
get_all_players_count: SUCCESS, 4
play_match: FAILURE
add_team: FAILURE
add_team: FAILURE
get_num_played_games: SUCCESS, 5459
unite_teams: SUCCESS
add_player: FAILURE
unite_teams: INVALID_INPUT
add_team: FAILURE
knockout_winner: INVALID_INPUT
knockout_winner: FAILURE
knockout_winner: INVALID_INPUT
knockout_winner: INVALID_INPUT
knockout_winner: INVALID_INPUT
knockout_winner: INVALID_INPUT
knockout_winner: SUCCESS, 5
knockout_winner: INVALID_INPUT
knockout_winner: INVALID_INPUT
knockout_winner: INVALID_INPUT
update_player_stats: SUCCESS
get_all_players: SUCCESS
129
21
172
38
134
84
110
83
195
120
147
103
127
177
get_closest_player: SUCCESS, 183
update_player_stats: SUCCESS
get_closest_player: SUCCESS, 101
get_all_players: SUCCESS
181
3
125
76
113
add_player: FAILURE
get_closest_player: SUCCESS, 137
remove_team: FAILURE
knockout_winner: SUCCESS, 4
knockout_winner: INVALID_INPUT
knockout_winner: INVALID_INPUT
knockout_winner: FAILURE
knockout_winner: INVALID_INPUT
get_num_played_games: SUCCESS, 12297
remove_player: SUCCESS
remove_player: SUCCESS
play_match: FAILURE
unite_teams: FAILURE
get_all_players_count: SUCCESS, 6
add_team: FAILURE
remove_team: FAILURE
unite_teams: FAILURE
add_player: FAILURE
get_num_played_games: SUCCESS, 1572
knockout_winner: SUCCESS, 19
knockout_winner: SUCCESS, 19
knockout_winner: FAILURE
knockout_winner: FAILURE
knockout_winner: INVALID_INPUT
get_team_points: SUCCESS, 16194
get_all_players_count: SUCCESS, 9
remove_player: SUCCESS
remove_team: FAILURE
get_team_points: SUCCESS, 1812
play_match: FAILURE
remove_team: FAILURE
get_top_scorer: SUCCESS, 184
get_closest_player: SUCCESS, 158
unite_teams: SUCCESS
add_team: FAILURE
get_num_played_games: SUCCESS, 9983
update_player_stats: SUCCESS
knockout_winner: FAILURE
knockout_winner: SUCCESS, 5
knockout_winner: SUCCESS, 5
knockout_winner: SUCCESS, 19
knockout_winner: INVALID_INPUT
get_closest_player: SUCCESS, 173
update_player_stats: SUCCESS
get_team_points: SUCCESS, 7181
update_player_stats: SUCCESS
get_all_players_count: SUCCESS, 5
add_team: FAILURE
get_closest_player: SUCCESS, 78
play_match: FAILURE
unite_teams: SUCCESS
get_num_played_games: SUCCESS, 1081
get_num_played_games: SUCCESS, 7230
update_player_stats: SUCCESS
unite_teams: SUCCESS
remove_player: SUCCESS
get_team_points: SUCCESS, 7181
get_top_scorer: SUCCESS, 113
get_all_players: SUCCESS
25
72
87
40
54
39
131
167
155
126
35
153
59
185
102
71
96
51
28
85
194
32
160
70
137
197
118
93
170
186
132
74
130
140
add_player: FAILURE
get_num_played_games: SUCCESS, 11034
get_all_players_count: SUCCESS, 9
add_player: FAILURE
add_team: FAILURE
remove_team: FAILURE
get_num_played_games: SUCCESS, 9752
remove_player: SUCCESS
add_player: FAILURE
get_all_players_count: SUCCESS, 5
update_player_stats: SUCCESS
get_all_players_count: SUCCESS, 3
play_match: FAILURE
get_closest_player: SUCCESS, 51
remove_team: FAILURE
update_player_stats: SUCCESS
add_player: FAILURE
play_match: FAILURE
unite_teams: FAILURE
get_closest_player: SUCCESS, 174
get_closest_player: SUCCESS, 174
get_top_scorer: SUCCESS, 18
remove_team: FAILURE
play_match: FAILURE
unite_teams: FAILURE
play_match: FAILURE
remove_team: FAILURE
get_num_played_games: SUCCESS, 28920
play_match: FAILURE
add_player: FAILURE
add_team: FAILURE
unite_teams: FAILURE
get_all_players_count: SUCCESS, 5
get_team_points: SUCCESS, 3576
unite_teams: FAILURE
get_closest_player: SUCCESS, 182
add_player: FAILURE
get_top_scorer: SUCCESS, 66
add_team: FAILURE
play_match: FAILURE
get_top_scorer: SUCCESS, 148
add_player: FAILURE
play_match: FAILURE
unite_teams: FAILURE
add_team: FAILURE
update_player_stats: SUCCESS
update_player_stats: SUCCESS
unite_teams: FAILURE
get_top_scorer: SUCCESS, 200
get_team_points: SUCCESS, 6133
get_closest_player: SUCCESS, 87
get_num_played_games: SUCCESS, 8669
get_closest_player: SUCCESS, 54
unite_teams: FAILURE
unite_teams: INVALID_INPUT
remove_player: SUCCESS
get_team_points: SUCCESS, 3576
get_closest_player: SUCCESS, 72
remove_team: FAILURE
remove_player: SUCCESS
remove_player: SUCCESS
knockout_winner: INVALID_INPUT
knockout_winner: INVALID_INPUT
knockout_winner: INVALID_INPUT
knockout_winner: INVALID_INPUT
knockout_winner: INVALID_INPUT
get_num_played_games: SUCCESS, 2844
update_player_stats: SUCCESS
get_num_played_games: SUCCESS, 2457
remove_team: FAILURE
update_player_stats: SUCCESS
remove_player: SUCCESS
knockout_winner: INVALID_INPUT
knockout_winner: INVALID_INPUT
knockout_winner: INVALID_INPUT
knockout_winner: INVALID_INPUT
knockout_winner: INVALID_INPUT
play_match: SUCCESS
knockout_winner: FAILURE
knockout_winner: SUCCESS, 19
knockout_winner: FAILURE
knockout_winner: SUCCESS, 19
knockout_winner: INVALID_INPUT
add_team: FAILURE
add_player: FAILURE
add_player: FAILURE
update_player_stats: SUCCESS
play_match: INVALID_INPUT
add_player: FAILURE
add_team: FAILURE
add_team: FAILURE
get_all_players: SUCCESS
25
72
87
40
54
39
131
167
155
126
153
59
185
102
71
96
51
28
85
194
32
160
70
137
35
197
118
93
170
186
132
74
130
140
get_team_points: SUCCESS, 9964
add_team: FAILURE
remove_player: SUCCESS
get_team_points: SUCCESS, 7947
get_top_scorer: SUCCESS, 113
get_closest_player: SUCCESS, 193
update_player_stats: SUCCESS
play_match: FAILURE
play_match: FAILURE
unite_teams: FAILURE
add_team: FAILURE
get_all_players_count: SUCCESS, 10
update_player_stats: SUCCESS
get_team_points: SUCCESS, 8311
get_num_played_games: SUCCESS, 11035
get_top_scorer: SUCCESS, 177
add_team: FAILURE
get_all_players_count: SUCCESS, 34
remove_player: SUCCESS
play_match: FAILURE
get_num_played_games: SUCCESS, 3388
unite_teams: FAILURE
unite_teams: FAILURE
get_team_points: SUCCESS, 16194
add_team: FAILURE
knockout_winner: SUCCESS, 5
knockout_winner: INVALID_INPUT
knockout_winner: INVALID_INPUT
knockout_winner: FAILURE
knockout_winner: INVALID_INPUT
get_top_scorer: SUCCESS, 18
add_player: FAILURE
get_top_scorer: SUCCESS, 66
remove_team: FAILURE
add_player: FAILURE
get_all_players: SUCCESS
173
13
45
122
141
174
24
67
114
169
157
150
100
191
101
82
55
43
116
133
33
79
184
175
105
18
add_player: FAILURE
get_num_played_games: SUCCESS, 1880
update_player_stats: SUCCESS
get_closest_player: SUCCESS, 2
get_team_points: SUCCESS, 3576
update_player_stats: SUCCESS
add_player: FAILURE
get_closest_player: SUCCESS, 18
remove_team: FAILURE
remove_team: FAILURE
get_top_scorer: SUCCESS, 26
get_num_played_games: SUCCESS, 15654
get_top_scorer: SUCCESS, 200
get_closest_player: SUCCESS, 181
add_team: FAILURE
add_team: FAILURE
add_player: FAILURE
add_player: FAILURE
knockout_winner: SUCCESS, 5
knockout_winner: SUCCESS, 5
knockout_winner: SUCCESS, 5
knockout_winner: SUCCESS, 20
knockout_winner: FAILURE
get_all_players: SUCCESS
25
72
87
40
54
39
167
155
126
153
59
185
102
71
96
51
28
85
194
32
160
70
137
35
197
118
93
170
186
131
132
74
130
140
remove_player: SUCCESS
add_team: FAILURE
get_num_played_games: SUCCESS, 11030
add_player: FAILURE
add_team: FAILURE
add_team: FAILURE
get_top_scorer: SUCCESS, 200
add_player: FAILURE
remove_player: SUCCESS
add_player: FAILURE
play_match: FAILURE
remove_player: SUCCESS
add_player: FAILURE
get_team_points: SUCCESS, 16194
get_all_players: SUCCESS
98
69
190
151
60
75
63
171
78
135
remove_player: SUCCESS
remove_player: SUCCESS
remove_player: SUCCESS
remove_player: SUCCESS
remove_player: SUCCESS
remove_player: SUCCESS
remove_player: SUCCESS
remove_player: SUCCESS
remove_player: SUCCESS
remove_player: SUCCESS
remove_player: SUCCESS
remove_player: SUCCESS
remove_player: SUCCESS
remove_player: SUCCESS
remove_player: SUCCESS
remove_player: SUCCESS
remove_player: SUCCESS
remove_player: SUCCESS
remove_player: SUCCESS
remove_player: SUCCESS
remove_player: SUCCESS
remove_player: SUCCESS
remove_player: SUCCESS
remove_player: SUCCESS
remove_player: SUCCESS
remove_player: SUCCESS
remove_player: SUCCESS
remove_player: SUCCESS
remove_player: SUCCESS
remove_player: SUCCESS
remove_player: SUCCESS
remove_player: SUCCESS
remove_player: SUCCESS
remove_player: SUCCESS
remove_player: SUCCESS
remove_player: SUCCESS
remove_player: SUCCESS
remove_player: SUCCESS
remove_player: SUCCESS
remove_player: SUCCESS
remove_player: SUCCESS
remove_player: SUCCESS
remove_player: SUCCESS
remove_player: SUCCESS
remove_player: SUCCESS
remove_player: SUCCESS
remove_player: SUCCESS
remove_player: SUCCESS
remove_player: SUCCESS
remove_player: SUCCESS
remove_player: SUCCESS
remove_player: SUCCESS
remove_player: SUCCESS
remove_player: SUCCESS
remove_player: SUCCESS
remove_player: SUCCESS
remove_player: SUCCESS
remove_player: SUCCESS
remove_player: SUCCESS
remove_player: SUCCESS
remove_player: SUCCESS
remove_player: SUCCESS
remove_player: SUCCESS
remove_player: SUCCESS
remove_player: SUCCESS
remove_player: SUCCESS
remove_player: SUCCESS
remove_player: SUCCESS
remove_player: SUCCESS
remove_player: SUCCESS
remove_player: SUCCESS
remove_player: SUCCESS
remove_player: SUCCESS
remove_player: SUCCESS
remove_player: SUCCESS
remove_player: SUCCESS
remove_player: SUCCESS
remove_player: SUCCESS
remove_player: SUCCESS
remove_player: SUCCESS
remove_player: SUCCESS
remove_player: SUCCESS
remove_player: SUCCESS
remove_player: SUCCESS
remove_player: SUCCESS
remove_player: SUCCESS
remove_player: SUCCESS
remove_player: SUCCESS
remove_player: SUCCESS
remove_player: SUCCESS
remove_player: SUCCESS
remove_player: SUCCESS
remove_player: SUCCESS
remove_player: SUCCESS
remove_player: SUCCESS
remove_player: SUCCESS
remove_player: SUCCESS
remove_player: SUCCESS
remove_player: SUCCESS
remove_player: SUCCESS
remove_player: SUCCESS
remove_player: SUCCESS
remove_player: SUCCESS
remove_player: SUCCESS
remove_player: SUCCESS
remove_player: SUCCESS
remove_player: SUCCESS
remove_player: SUCCESS
remove_player: SUCCESS
remove_player: SUCCESS
remove_player: SUCCESS
remove_player: SUCCESS
remove_player: SUCCESS
remove_player: SUCCESS
remove_player: SUCCESS
remove_player: SUCCESS
remove_player: SUCCESS
remove_player: SUCCESS
remove_player: SUCCESS
remove_player: SUCCESS
remove_player: SUCCESS
remove_player: SUCCESS
remove_player: SUCCESS
remove_player: SUCCESS
remove_player: SUCCESS
remove_player: SUCCESS
remove_player: SUCCESS
remove_player: SUCCESS
remove_player: SUCCESS
remove_player: SUCCESS
remove_player: SUCCESS
remove_player: SUCCESS
remove_player: SUCCESS
remove_player: SUCCESS
remove_player: SUCCESS
remove_player: SUCCESS
remove_player: SUCCESS
remove_player: SUCCESS
remove_player: SUCCESS
remove_player: SUCCESS
remove_player: SUCCESS
remove_player: SUCCESS
remove_team: SUCCESS
remove_team: SUCCESS
remove_team: SUCCESS
remove_team: SUCCESS
remove_team: SUCCESS
remove_team: SUCCESS
remove_team: SUCCESS
remove_team: SUCCESS
remove_team: SUCCESS
remove_team: SUCCESS
remove_team: SUCCESS
