add_team: SUCCESS
add_team: SUCCESS
add_team: SUCCESS
add_team: SUCCESS
add_team: SUCCESS
add_team: SUCCESS
add_team: SUCCESS
add_team: SUCCESS
add_team: SUCCESS
add_team: SUCCESS
add_team: SUCCESS
add_team: SUCCESS
add_team: SUCCESS
add_team: SUCCESS
add_team: SUCCESS
add_team: SUCCESS
add_team: SUCCESS
add_team: SUCCESS
add_team: SUCCESS
add_team: SUCCESS
add_player: SUCCESS
add_player: SUCCESS
add_player: SUCCESS
add_player: SUCCESS
add_player: SUCCESS
add_player: SUCCESS
add_player: SUCCESS
add_player: SUCCESS
add_player: SUCCESS
add_player: SUCCESS
add_player: SUCCESS
add_player: SUCCESS
add_player: SUCCESS
add_player: SUCCESS
add_player: SUCCESS
add_player: SUCCESS
add_player: SUCCESS
add_player: SUCCESS
add_player: SUCCESS
add_player: SUCCESS
add_player: SUCCESS
add_player: SUCCESS
add_player: SUCCESS
add_player: SUCCESS
add_player: SUCCESS
add_player: SUCCESS
add_player: SUCCESS
add_player: SUCCESS
add_player: SUCCESS
add_player: SUCCESS
add_player: SUCCESS
add_player: SUCCESS
add_player: SUCCESS
add_player: SUCCESS
add_player: SUCCESS
add_player: SUCCESS
add_player: SUCCESS
add_player: SUCCESS
add_player: SUCCESS
add_player: SUCCESS
add_player: SUCCESS
add_player: SUCCESS
add_player: SUCCESS
add_player: SUCCESS
add_player: SUCCESS
add_player: SUCCESS
add_player: SUCCESS
add_player: SUCCESS
add_player: SUCCESS
add_player: SUCCESS
add_player: SUCCESS
add_player: SUCCESS
add_player: SUCCESS
add_player: SUCCESS
add_player: SUCCESS
add_player: SUCCESS
add_player: SUCCESS
add_player: SUCCESS
add_player: SUCCESS
add_player: SUCCESS
add_player: SUCCESS
add_player: SUCCESS
add_player: SUCCESS
add_player: SUCCESS
add_player: SUCCESS
add_player: SUCCESS
add_player: SUCCESS
add_player: SUCCESS
add_player: SUCCESS
add_player: SUCCESS
add_player: SUCCESS
add_player: SUCCESS
add_player: SUCCESS
add_player: SUCCESS
add_player: SUCCESS
add_player: SUCCESS
add_player: SUCCESS
add_player: SUCCESS
add_player: SUCCESS
add_player: SUCCESS
add_player: SUCCESS
add_player: SUCCESS
add_player: SUCCESS
add_player: SUCCESS
add_player: SUCCESS
add_player: SUCCESS
add_player: SUCCESS
add_player: SUCCESS
add_player: SUCCESS
add_player: SUCCESS
add_player: SUCCESS
add_player: SUCCESS
add_player: SUCCESS
add_player: SUCCESS
add_player: SUCCESS
add_player: SUCCESS
add_player: SUCCESS
add_player: SUCCESS
add_player: SUCCESS
add_player: SUCCESS
add_player: SUCCESS
add_player: SUCCESS
add_player: SUCCESS
add_player: SUCCESS
add_player: SUCCESS
add_player: SUCCESS
add_player: SUCCESS
add_player: SUCCESS
add_player: SUCCESS
add_player: SUCCESS
add_player: SUCCESS
add_player: SUCCESS
add_player: SUCCESS
add_player: SUCCESS
add_player: SUCCESS
add_player: SUCCESS
add_player: SUCCESS
add_player: SUCCESS
add_player: SUCCESS
add_player: SUCCESS
add_player: SUCCESS
add_player: SUCCESS
add_player: SUCCESS
add_player: SUCCESS
add_player: SUCCESS
add_player: SUCCESS
add_player: SUCCESS
add_player: SUCCESS
add_player: SUCCESS
add_player: SUCCESS
add_player: SUCCESS
add_player: SUCCESS
add_player: SUCCESS
add_player: SUCCESS
add_player: SUCCESS
add_player: SUCCESS
add_player: SUCCESS
add_player: SUCCESS
add_player: SUCCESS
add_player: SUCCESS
add_player: SUCCESS
add_player: SUCCESS
add_player: SUCCESS
add_player: SUCCESS
add_player: SUCCESS
add_player: SUCCESS
add_player: SUCCESS
add_player: SUCCESS
add_player: SUCCESS
add_player: SUCCESS
add_player: SUCCESS
add_player: SUCCESS
add_player: SUCCESS
add_player: SUCCESS
add_player: SUCCESS
add_player: SUCCESS
add_player: SUCCESS
add_player: SUCCESS
add_player: SUCCESS
add_player: SUCCESS
add_player: SUCCESS
add_player: SUCCESS
add_player: SUCCESS
add_player: SUCCESS
add_player: SUCCESS
add_player: SUCCESS
add_player: SUCCESS
add_player: SUCCESS
add_player: SUCCESS
add_player: SUCCESS
add_player: SUCCESS
add_player: SUCCESS
add_player: SUCCESS
add_player: SUCCESS
add_player: SUCCESS
add_player: SUCCESS
add_player: SUCCESS
add_player: SUCCESS
add_player: SUCCESS
add_player: SUCCESS
add_player: SUCCESS
add_player: SUCCESS
add_player: SUCCESS
add_player: SUCCESS
add_player: SUCCESS
add_player: SUCCESS
add_player: SUCCESS
add_player: SUCCESS
add_player: SUCCESS
add_player: SUCCESS
add_player: SUCCESS
add_player: SUCCESS
add_player: SUCCESS
add_player: SUCCESS
add_player: SUCCESS
add_player: SUCCESS
add_player: SUCCESS
add_player: SUCCESS
add_player: SUCCESS
add_player: SUCCESS
play_match: FAILURE
get_closest_player: SUCCESS, 8
add_team: FAILURE
get_num_played_games: SUCCESS, 9142
remove_player: SUCCESS
get_closest_player: SUCCESS, 133
get_num_played_games: SUCCESS, 9040
get_closest_player: SUCCESS, 104
knockout_winner: SUCCESS, 7
knockout_winner: SUCCESS, 10
knockout_winner: FAILURE
knockout_winner: SUCCESS, 12
knockout_winner: INVALID_INPUT
update_player_stats: SUCCESS
get_num_played_games: SUCCESS, 10803
get_num_played_games: SUCCESS, 3304
add_team: FAILURE
play_match: SUCCESS
get_all_players: SUCCESS
75
185
131
67
48
71
137
21
get_num_played_games: SUCCESS, 10276
get_all_players: SUCCESS
3
83
129
168
24
170
85
get_num_played_games: SUCCESS, 3556
add_player: FAILURE
remove_player: SUCCESS
add_team: FAILURE
remove_team: FAILURE
unite_teams: FAILURE
play_match: FAILURE
remove_player: SUCCESS
get_num_played_games: SUCCESS, 362
get_all_players_count: SUCCESS, 7
get_top_scorer: SUCCESS, 190
remove_player: SUCCESS
get_closest_player: SUCCESS, 82
add_player: FAILURE
get_top_scorer: SUCCESS, 21
add_team: FAILURE
update_player_stats: SUCCESS
add_player: FAILURE
remove_team: FAILURE
play_match: FAILURE
get_num_played_games: SUCCESS, 10110
get_top_scorer: SUCCESS, 88
play_match: FAILURE
get_team_points: SUCCESS, 7601
get_team_points: SUCCESS, 7114
get_team_points: SUCCESS, 4669
get_top_scorer: SUCCESS, 13
get_top_scorer: SUCCESS, 28
remove_player: SUCCESS
play_match: FAILURE
add_team: FAILURE
knockout_winner: SUCCESS, 7
knockout_winner: INVALID_INPUT
knockout_winner: INVALID_INPUT
knockout_winner: SUCCESS, 10
knockout_winner: INVALID_INPUT
knockout_winner: SUCCESS, 18
knockout_winner: SUCCESS, 10
knockout_winner: SUCCESS, 10
knockout_winner: FAILURE
knockout_winner: INVALID_INPUT
get_team_points: SUCCESS, 7720
play_match: FAILURE
get_top_scorer: SUCCESS, 88
knockout_winner: SUCCESS, 18
knockout_winner: SUCCESS, 18
knockout_winner: SUCCESS, 12
knockout_winner: FAILURE
knockout_winner: INVALID_INPUT
update_player_stats: SUCCESS
get_all_players: SUCCESS
1
107
191
143
125
123
175
7
61
39
94
13
knockout_winner: SUCCESS, 7
knockout_winner: SUCCESS, 7
knockout_winner: SUCCESS, 7
knockout_winner: SUCCESS, 18
knockout_winner: INVALID_INPUT
get_all_players_count: SUCCESS, 11
get_all_players_count: SUCCESS, 7
unite_teams: FAILURE
knockout_winner: SUCCESS, 12
knockout_winner: SUCCESS, 7
knockout_winner: SUCCESS, 7
knockout_winner: SUCCESS, 18
knockout_winner: INVALID_INPUT
knockout_winner: SUCCESS, 10
knockout_winner: SUCCESS, 7
knockout_winner: SUCCESS, 7
knockout_winner: SUCCESS, 18
knockout_winner: SUCCESS, 13
play_match: FAILURE
add_team: FAILURE
unite_teams: FAILURE
knockout_winner: FAILURE
knockout_winner: SUCCESS, 18
knockout_winner: FAILURE
knockout_winner: FAILURE
knockout_winner: INVALID_INPUT
remove_player: SUCCESS
add_player: FAILURE
add_player: FAILURE
get_num_played_games: SUCCESS, 11559
get_top_scorer: SUCCESS, 183
add_player: FAILURE
play_match: INVALID_INPUT
remove_team: FAILURE
remove_team: FAILURE
get_top_scorer: SUCCESS, 115
get_num_played_games: SUCCESS, 5701
play_match: FAILURE
get_all_players: SUCCESS
31
99
112
151
194
30
88
add_team: FAILURE
get_team_points: SUCCESS, 8738
update_player_stats: SUCCESS
get_closest_player: SUCCESS, 81
get_all_players: SUCCESS
46
159
15
70
106
155
47
140
121
remove_player: SUCCESS
play_match: INVALID_INPUT
remove_team: FAILURE
add_team: FAILURE
update_player_stats: SUCCESS
remove_player: SUCCESS
add_player: FAILURE
get_all_players_count: SUCCESS, 10
get_top_scorer: SUCCESS, 54
get_team_points: SUCCESS, 4669
remove_player: SUCCESS
get_num_played_games: SUCCESS, 557
get_all_players_count: SUCCESS, 16
get_all_players_count: SUCCESS, 8
get_closest_player: SUCCESS, 2
get_team_points: SUCCESS, 6612
add_team: FAILURE
unite_teams: FAILURE
update_player_stats: SUCCESS
remove_team: FAILURE
unite_teams: FAILURE
get_num_played_games: SUCCESS, 7573
remove_team: FAILURE
remove_team: FAILURE
knockout_winner: SUCCESS, 7
knockout_winner: SUCCESS, 7
knockout_winner: SUCCESS, 7
knockout_winner: SUCCESS, 18
knockout_winner: INVALID_INPUT
get_all_players_count: SUCCESS, 6
knockout_winner: FAILURE
knockout_winner: SUCCESS, 18
knockout_winner: FAILURE
knockout_winner: FAILURE
knockout_winner: INVALID_INPUT
add_player: FAILURE
play_match: FAILURE
get_num_played_games: SUCCESS, 5005
play_match: FAILURE
remove_team: FAILURE
knockout_winner: SUCCESS, 7
knockout_winner: INVALID_INPUT
knockout_winner: INVALID_INPUT
knockout_winner: SUCCESS, 7
knockout_winner: INVALID_INPUT
add_player: FAILURE
get_all_players_count: SUCCESS, 6
get_all_players_count: SUCCESS, 8
get_num_played_games: SUCCESS, 10232
add_player: FAILURE
add_player: FAILURE
remove_team: FAILURE
update_player_stats: SUCCESS
add_player: FAILURE
get_team_points: SUCCESS, 11363
play_match: FAILURE
remove_team: FAILURE
knockout_winner: SUCCESS, 18
knockout_winner: SUCCESS, 7
knockout_winner: SUCCESS, 7
knockout_winner: SUCCESS, 18
knockout_winner: INVALID_INPUT
unite_teams: FAILURE
add_player: FAILURE
get_team_points: SUCCESS, 3306
add_player: FAILURE
unite_teams: FAILURE
remove_player: SUCCESS
play_match: FAILURE
get_closest_player: SUCCESS, 9
knockout_winner: SUCCESS, 18
knockout_winner: SUCCESS, 18
knockout_winner: SUCCESS, 13
knockout_winner: FAILURE
knockout_winner: INVALID_INPUT
add_player: FAILURE
knockout_winner: SUCCESS, 7
knockout_winner: SUCCESS, 7
knockout_winner: SUCCESS, 3
knockout_winner: SUCCESS, 13
knockout_winner: INVALID_INPUT
play_match: FAILURE
get_team_points: SUCCESS, 6948
get_num_played_games: SUCCESS, 8278
add_team: FAILURE
get_top_scorer: SUCCESS, 151
get_top_scorer: SUCCESS, 28
get_team_points: SUCCESS, 2807
get_team_points: SUCCESS, 10762
get_closest_player: SUCCESS, 93
unite_teams: FAILURE
unite_teams: FAILURE
get_closest_player: SUCCESS, 56
remove_player: SUCCESS
get_num_played_games: SUCCESS, 5295
update_player_stats: SUCCESS
add_player: FAILURE
get_top_scorer: SUCCESS, 54
get_num_played_games: SUCCESS, 5573
update_player_stats: SUCCESS
knockout_winner: SUCCESS, 13
knockout_winner: SUCCESS, 7
knockout_winner: SUCCESS, 7
knockout_winner: SUCCESS, 18
knockout_winner: INVALID_INPUT
unite_teams: FAILURE
remove_player: SUCCESS
knockout_winner: SUCCESS, 18
knockout_winner: SUCCESS, 7
knockout_winner: SUCCESS, 7
knockout_winner: SUCCESS, 18
knockout_winner: SUCCESS, 13
add_player: FAILURE
add_team: FAILURE
update_player_stats: SUCCESS
get_num_played_games: SUCCESS, 431
get_closest_player: SUCCESS, 156
add_player: FAILURE
get_team_points: SUCCESS, 12134
remove_player: SUCCESS
get_closest_player: SUCCESS, 106
unite_teams: FAILURE
get_num_played_games: SUCCESS, 9845
add_team: FAILURE
get_all_players: SUCCESS
3
129
168
24
85
remove_team: FAILURE
knockout_winner: SUCCESS, 10
knockout_winner: SUCCESS, 7
knockout_winner: SUCCESS, 7
knockout_winner: SUCCESS, 18
knockout_winner: INVALID_INPUT
remove_team: FAILURE
add_team: FAILURE
add_team: FAILURE
update_player_stats: SUCCESS
update_player_stats: SUCCESS
knockout_winner: SUCCESS, 18
knockout_winner: SUCCESS, 18
knockout_winner: SUCCESS, 13
knockout_winner: FAILURE
knockout_winner: INVALID_INPUT
update_player_stats: SUCCESS
get_closest_player: SUCCESS, 77
play_match: FAILURE
get_team_points: SUCCESS, 2807
add_team: FAILURE
get_top_scorer: SUCCESS, 190
remove_team: FAILURE
get_all_players_count: SUCCESS, 7
get_top_scorer: SUCCESS, 163
add_team: FAILURE
get_all_players: SUCCESS
46
159
15
70
106
155
47
140
121
get_all_players: SUCCESS
23
38
111
199
29
79
117
153
154
183
get_team_points: SUCCESS, 11883
unite_teams: FAILURE
unite_teams: SUCCESS
get_all_players: SUCCESS
116
100
77
180
17
95
44
98
53
28
knockout_winner: FAILURE
knockout_winner: SUCCESS, 18
knockout_winner: FAILURE
knockout_winner: FAILURE
knockout_winner: INVALID_INPUT
get_all_players: SUCCESS
37
84
9
114
181
91
74
161
149
40
get_closest_player: SUCCESS, 124
get_closest_player: SUCCESS, 56
get_top_scorer: SUCCESS, 85
get_num_played_games: SUCCESS, 10597
play_match: FAILURE
get_all_players_count: SUCCESS, 6
update_player_stats: SUCCESS
get_all_players_count: SUCCESS, 5
add_player: FAILURE
remove_team: FAILURE
get_all_players: SUCCESS
46
159
15
70
106
155
47
140
121
add_player: FAILURE
get_num_played_games: SUCCESS, 2997
get_top_scorer: SUCCESS, 85
knockout_winner: SUCCESS, 10
knockout_winner: SUCCESS, 6
knockout_winner: SUCCESS, 6
knockout_winner: SUCCESS, 18
knockout_winner: INVALID_INPUT
add_player: FAILURE
remove_player: SUCCESS
add_player: FAILURE
play_match: FAILURE
remove_player: SUCCESS
get_closest_player: SUCCESS, 65
get_closest_player: SUCCESS, 190
get_team_points: SUCCESS, 12134
knockout_winner: SUCCESS, 18
knockout_winner: SUCCESS, 18
knockout_winner: SUCCESS, 13
knockout_winner: FAILURE
knockout_winner: INVALID_INPUT
add_team: FAILURE
unite_teams: FAILURE
get_closest_player: SUCCESS, 85
play_match: FAILURE
get_closest_player: SUCCESS, 112
play_match: FAILURE
update_player_stats: SUCCESS
knockout_winner: SUCCESS, 18
knockout_winner: SUCCESS, 10
knockout_winner: SUCCESS, 10
knockout_winner: SUCCESS, 18
knockout_winner: INVALID_INPUT
knockout_winner: SUCCESS, 18
knockout_winner: SUCCESS, 18
knockout_winner: SUCCESS, 13
knockout_winner: FAILURE
knockout_winner: INVALID_INPUT
get_num_played_games: SUCCESS, 7698
add_player: FAILURE
update_player_stats: SUCCESS
get_all_players_count: SUCCESS, 8
play_match: FAILURE
add_team: FAILURE
get_num_played_games: SUCCESS, 7171
add_team: FAILURE
get_all_players_count: SUCCESS, 2
unite_teams: FAILURE
add_team: FAILURE
update_player_stats: SUCCESS
get_team_points: SUCCESS, 11186
remove_player: SUCCESS
get_closest_player: SUCCESS, 143
get_num_played_games: SUCCESS, 7573
add_player: FAILURE
add_team: FAILURE
get_closest_player: SUCCESS, 45
update_player_stats: SUCCESS
get_all_players: SUCCESS
150
189
192
120
35
158
109
160
54
127
unite_teams: FAILURE
get_top_scorer: SUCCESS, 11
get_top_scorer: SUCCESS, 13
get_all_players_count: SUCCESS, 9
knockout_winner: SUCCESS, 13
knockout_winner: SUCCESS, 10
knockout_winner: SUCCESS, 10
knockout_winner: SUCCESS, 18
knockout_winner: INVALID_INPUT
remove_player: SUCCESS
unite_teams: FAILURE
get_all_players: SUCCESS
37
84
9
114
181
91
74
161
149
40
remove_player: SUCCESS
play_match: INVALID_INPUT
get_all_players: SUCCESS
86
45
177
138
12
163
get_team_points: SUCCESS, 6612
unite_teams: FAILURE
get_num_played_games: SUCCESS, 9737
get_closest_player: SUCCESS, 165
get_all_players: SUCCESS
75
185
131
67
48
71
137
21
add_player: FAILURE
get_num_played_games: SUCCESS, 1298
get_top_scorer: SUCCESS, 21
knockout_winner: SUCCESS, 10
knockout_winner: INVALID_INPUT
knockout_winner: INVALID_INPUT
knockout_winner: SUCCESS, 6
knockout_winner: SUCCESS, 6
get_team_points: SUCCESS, 12134
get_all_players: SUCCESS
1
107
191
143
125
123
175
7
61
39
94
13
update_player_stats: SUCCESS
get_num_played_games: SUCCESS, 9866
remove_team: FAILURE
get_top_scorer: SUCCESS, 163
remove_team: FAILURE
get_all_players: SUCCESS
37
84
9
114
181
91
74
161
149
40
unite_teams: FAILURE
add_player: FAILURE
update_player_stats: SUCCESS
update_player_stats: SUCCESS
update_player_stats: SUCCESS
get_team_points: SUCCESS, 11186
get_num_played_games: SUCCESS, 3936
update_player_stats: SUCCESS
get_num_played_games: SUCCESS, 2669
get_top_scorer: SUCCESS, 21
get_top_scorer: SUCCESS, 183
get_all_players_count: SUCCESS, 9
knockout_winner: SUCCESS, 10
knockout_winner: SUCCESS, 10
knockout_winner: SUCCESS, 10
knockout_winner: SUCCESS, 18
knockout_winner: INVALID_INPUT
knockout_winner: SUCCESS, 18
knockout_winner: SUCCESS, 10
knockout_winner: SUCCESS, 10
knockout_winner: SUCCESS, 18
knockout_winner: INVALID_INPUT
play_match: FAILURE
get_num_played_games: SUCCESS, 5472
remove_player: SUCCESS
get_all_players: SUCCESS
50
33
31
68
99
112
110
124
104
194
30
88
186
151
unite_teams: FAILURE
get_closest_player: SUCCESS, 150
knockout_winner: SUCCESS, 10
knockout_winner: SUCCESS, 10
knockout_winner: SUCCESS, 10
knockout_winner: SUCCESS, 18
knockout_winner: INVALID_INPUT
remove_player: SUCCESS
get_num_played_games: SUCCESS, 5514
knockout_winner: FAILURE
knockout_winner: SUCCESS, 6
knockout_winner: SUCCESS, 6
knockout_winner: FAILURE
knockout_winner: INVALID_INPUT
get_closest_player: SUCCESS, 178
unite_teams: FAILURE
knockout_winner: SUCCESS, 10
knockout_winner: SUCCESS, 6
knockout_winner: SUCCESS, 6
knockout_winner: SUCCESS, 18
knockout_winner: INVALID_INPUT
get_all_players: SUCCESS
1
107
191
143
125
123
175
7
61
39
94
13
get_all_players_count: SUCCESS, 8
play_match: FAILURE
update_player_stats: SUCCESS
add_team: FAILURE
remove_team: FAILURE
get_team_points: SUCCESS, 7601
get_all_players: SUCCESS
164
133
166
197
119
26
update_player_stats: SUCCESS
remove_team: FAILURE
add_player: FAILURE
knockout_winner: SUCCESS, 6
knockout_winner: INVALID_INPUT
knockout_winner: INVALID_INPUT
knockout_winner: SUCCESS, 10
knockout_winner: INVALID_INPUT
knockout_winner: SUCCESS, 13
knockout_winner: SUCCESS, 10
knockout_winner: SUCCESS, 10
knockout_winner: SUCCESS, 18
knockout_winner: INVALID_INPUT
knockout_winner: SUCCESS, 10
knockout_winner: INVALID_INPUT
knockout_winner: INVALID_INPUT
knockout_winner: SUCCESS, 6
knockout_winner: SUCCESS, 6
get_team_points: SUCCESS, 4679
add_player: FAILURE
get_team_points: SUCCESS, 3306
remove_player: SUCCESS
get_all_players: SUCCESS
22
187
130
57
96
16
2
11
add_team: FAILURE
update_player_stats: SUCCESS
remove_team: FAILURE
add_player: FAILURE
remove_team: FAILURE
get_all_players_count: SUCCESS, 2
get_num_played_games: SUCCESS, 13781
get_num_played_games: SUCCESS, 8278
get_team_points: SUCCESS, 3306
play_match: FAILURE
remove_team: FAILURE
update_player_stats: SUCCESS
add_player: FAILURE
get_team_points: SUCCESS, 6948
add_player: FAILURE
get_num_played_games: SUCCESS, 8740
add_player: FAILURE
add_player: FAILURE
add_player: FAILURE
remove_team: FAILURE
get_num_played_games: SUCCESS, 2669
get_team_points: SUCCESS, 8738
get_all_players_count: SUCCESS, 6
add_team: FAILURE
add_team: FAILURE
get_all_players: SUCCESS
50
33
31
68
99
112
110
124
104
194
88
186
151
get_all_players: SUCCESS
196
92
172
81
165
5
52
142
update_player_stats: SUCCESS
get_all_players_count: SUCCESS, 8
get_team_points: SUCCESS, 6948
knockout_winner: SUCCESS, 10
knockout_winner: INVALID_INPUT
knockout_winner: INVALID_INPUT
knockout_winner: SUCCESS, 6
knockout_winner: SUCCESS, 6
unite_teams: FAILURE
get_num_played_games: SUCCESS, 2178
remove_team: FAILURE
add_player: FAILURE
remove_team: FAILURE
update_player_stats: SUCCESS
get_all_players_count: SUCCESS, 10
get_all_players: SUCCESS
86
177
138
12
45
163
knockout_winner: FAILURE
knockout_winner: SUCCESS, 10
knockout_winner: SUCCESS, 10
knockout_winner: FAILURE
knockout_winner: INVALID_INPUT
update_player_stats: SUCCESS
remove_player: SUCCESS
get_closest_player: SUCCESS, 60
play_match: FAILURE
update_player_stats: SUCCESS
update_player_stats: SUCCESS
get_closest_player: SUCCESS, 37
get_top_scorer: SUCCESS, 13
remove_team: FAILURE
remove_team: FAILURE
remove_team: FAILURE
update_player_stats: SUCCESS
play_match: FAILURE
get_all_players_count: SUCCESS, 15
get_top_scorer: SUCCESS, 127
get_num_played_games: SUCCESS, 9186
get_all_players_count: SUCCESS, 4
add_team: FAILURE
play_match: FAILURE
get_all_players: SUCCESS
164
133
166
197
119
26
get_team_points: SUCCESS, 11186
get_team_points: SUCCESS, 2807
update_player_stats: SUCCESS
get_team_points: SUCCESS, 11363
knockout_winner: SUCCESS, 18
knockout_winner: SUCCESS, 18
knockout_winner: SUCCESS, 13
knockout_winner: FAILURE
knockout_winner: INVALID_INPUT
update_player_stats: SUCCESS
remove_player: SUCCESS
get_top_scorer: SUCCESS, 21
get_all_players_count: SUCCESS, 10
get_top_scorer: SUCCESS, 151
get_all_players: SUCCESS
14
167
get_closest_player: SUCCESS, 195
get_num_played_games: SUCCESS, 1497
get_num_played_games: SUCCESS, 9295
get_all_players_count: SUCCESS, 11
update_player_stats: SUCCESS
knockout_winner: SUCCESS, 13
knockout_winner: SUCCESS, 10
knockout_winner: SUCCESS, 10
knockout_winner: SUCCESS, 18
knockout_winner: INVALID_INPUT
get_closest_player: SUCCESS, 1
get_all_players: SUCCESS
65
173
62
82
101
156
80
108
19
64
66
118
169
60
25
51
179
get_top_scorer: SUCCESS, 140
add_player: FAILURE
update_player_stats: SUCCESS
get_top_scorer: SUCCESS, 190
get_team_points: SUCCESS, 11363
remove_team: FAILURE
unite_teams: FAILURE
get_top_scorer: SUCCESS, 21
knockout_winner: INVALID_INPUT
knockout_winner: FAILURE
knockout_winner: INVALID_INPUT
knockout_winner: INVALID_INPUT
knockout_winner: INVALID_INPUT
play_match: FAILURE
remove_player: SUCCESS
remove_player: SUCCESS
add_player: FAILURE
play_match: FAILURE
get_all_players_count: SUCCESS, 10
unite_teams: FAILURE
get_closest_player: SUCCESS, 190
get_all_players: SUCCESS
3
168
85
24
get_all_players: SUCCESS
87
6
134
59
32
105
128
get_top_scorer: SUCCESS, 21
get_top_scorer: SUCCESS, 24
get_num_played_games: SUCCESS, 5993
knockout_winner: SUCCESS, 10
knockout_winner: INVALID_INPUT
knockout_winner: INVALID_INPUT
knockout_winner: SUCCESS, 10
knockout_winner: SUCCESS, 6
play_match: FAILURE
get_all_players: SUCCESS
72
193
63
41
4
182
132
178
195
188
146
18
69
190
play_match: SUCCESS
unite_teams: FAILURE
play_match: INVALID_INPUT
get_all_players_count: SUCCESS, 8
get_all_players: SUCCESS
43
78
148
27
93
171
20
36
198
147
145
unite_teams: FAILURE
unite_teams: INVALID_INPUT
get_team_points: SUCCESS, 11883
get_all_players: SUCCESS
10
176
42
89
58
157
103
34
90
144
56
102
115
49
get_all_players_count: SUCCESS, 12
unite_teams: SUCCESS
get_num_played_games: SUCCESS, 11650
update_player_stats: SUCCESS
play_match: FAILURE
remove_team: FAILURE
knockout_winner: SUCCESS, 10
knockout_winner: INVALID_INPUT
knockout_winner: INVALID_INPUT
knockout_winner: SUCCESS, 10
knockout_winner: SUCCESS, 10
get_all_players_count: SUCCESS, 8
get_num_played_games: SUCCESS, 6400
remove_team: FAILURE
add_team: FAILURE
add_team: FAILURE
get_closest_player: SUCCESS, 35
remove_team: FAILURE
update_player_stats: SUCCESS
add_player: FAILURE
unite_teams: FAILURE
get_top_scorer: SUCCESS, 21
knockout_winner: SUCCESS, 10
knockout_winner: INVALID_INPUT
knockout_winner: INVALID_INPUT
knockout_winner: SUCCESS, 10
knockout_winner: INVALID_INPUT
add_player: FAILURE
remove_team: FAILURE
get_num_played_games: SUCCESS, 10912
get_all_players: SUCCESS
87
6
134
59
32
105
128
update_player_stats: SUCCESS
get_num_played_games: SUCCESS, 10505
remove_team: FAILURE
unite_teams: FAILURE
get_all_players: SUCCESS
87
6
134
59
32
105
128
get_all_players_count: SUCCESS, 11
get_all_players: SUCCESS
75
185
131
67
48
71
137
21
get_team_points: SUCCESS, 7691
remove_player: SUCCESS
get_team_points: SUCCESS, 11363
update_player_stats: SUCCESS
add_player: FAILURE
remove_team: FAILURE
get_all_players_count: SUCCESS, 7
get_all_players: SUCCESS
87
6
134
59
32
105
128
update_player_stats: SUCCESS
remove_player: SUCCESS
remove_player: SUCCESS
add_team: FAILURE
get_closest_player: SUCCESS, 15
remove_player: SUCCESS
add_player: FAILURE
add_team: FAILURE
remove_team: FAILURE
get_team_points: SUCCESS, 12134
get_top_scorer: SUCCESS, 26
play_match: FAILURE
knockout_winner: FAILURE
knockout_winner: SUCCESS, 18
knockout_winner: FAILURE
knockout_winner: FAILURE
knockout_winner: INVALID_INPUT
get_closest_player: SUCCESS, 63
get_all_players: SUCCESS
86
177
138
12
45
163
remove_player: SUCCESS
get_top_scorer: SUCCESS, 140
knockout_winner: INVALID_INPUT
knockout_winner: SUCCESS, 10
knockout_winner: INVALID_INPUT
knockout_winner: INVALID_INPUT
knockout_winner: INVALID_INPUT
add_team: FAILURE
get_closest_player: SUCCESS, 32
play_match: FAILURE
add_player: FAILURE
unite_teams: FAILURE
add_team: FAILURE
add_team: FAILURE
get_closest_player: SUCCESS, 176
get_closest_player: SUCCESS, 125
play_match: FAILURE
get_top_scorer: SUCCESS, 28
get_all_players: SUCCESS
50
33
31
68
99
112
110
124
104
194
88
151
get_closest_player: SUCCESS, 146
get_all_players_count: SUCCESS, 8
get_all_players: SUCCESS
87
6
134
59
32
105
128
add_player: FAILURE
remove_team: FAILURE
get_all_players_count: SUCCESS, 8
get_top_scorer: SUCCESS, 179
remove_team: FAILURE
add_player: FAILURE
get_all_players: SUCCESS
38
199
29
79
153
154
183
get_team_points: SUCCESS, 7691
knockout_winner: SUCCESS, 3
knockout_winner: INVALID_INPUT
knockout_winner: INVALID_INPUT
knockout_winner: SUCCESS, 6
knockout_winner: INVALID_INPUT
get_num_played_games: SUCCESS, 10732
get_num_played_games: SUCCESS, 5774
get_num_played_games: SUCCESS, 2245
get_all_players: SUCCESS
116
100
77
180
17
95
98
53
28
get_top_scorer: SUCCESS, 167
remove_player: SUCCESS
remove_player: SUCCESS
get_all_players: SUCCESS
84
9
114
91
74
161
149
40
37
get_all_players: SUCCESS
46
159
15
106
155
47
140
knockout_winner: SUCCESS, 3
knockout_winner: INVALID_INPUT
knockout_winner: INVALID_INPUT
knockout_winner: FAILURE
knockout_winner: INVALID_INPUT
get_all_players_count: SUCCESS, 8
play_match: INVALID_INPUT
remove_team: FAILURE
get_all_players: SUCCESS
86
177
138
12
45
163
play_match: FAILURE
get_top_scorer: SUCCESS, 183
get_team_points: SUCCESS, 1139
add_player: FAILURE
get_all_players: SUCCESS
87
6
134
59
32
105
128
get_all_players: SUCCESS
75
185
131
67
48
71
137
21
play_match: FAILURE
knockout_winner: INVALID_INPUT
knockout_winner: INVALID_INPUT
knockout_winner: INVALID_INPUT
knockout_winner: INVALID_INPUT
knockout_winner: INVALID_INPUT
unite_teams: FAILURE
unite_teams: SUCCESS
get_num_played_games: SUCCESS, 1731
add_player: FAILURE
remove_player: SUCCESS
add_player: FAILURE
get_team_points: SUCCESS, 5808
remove_team: FAILURE
get_all_players_count: SUCCESS, 11
get_all_players_count: SUCCESS, 7
play_match: FAILURE
get_top_scorer: SUCCESS, 13
remove_team: FAILURE
knockout_winner: FAILURE
knockout_winner: SUCCESS, 10
knockout_winner: SUCCESS, 10
knockout_winner: FAILURE
knockout_winner: INVALID_INPUT
update_player_stats: SUCCESS
get_closest_player: SUCCESS, 43
add_player: FAILURE
add_player: FAILURE
play_match: FAILURE
update_player_stats: SUCCESS
get_all_players: SUCCESS
10
42
89
58
157
103
34
90
144
56
102
115
49
remove_player: SUCCESS
get_team_points: SUCCESS, 3306
add_team: FAILURE
get_top_scorer: SUCCESS, 195
get_num_played_games: SUCCESS, 10597
get_top_scorer: SUCCESS, 49
knockout_winner: SUCCESS, 18
knockout_winner: SUCCESS, 10
knockout_winner: SUCCESS, 10
knockout_winner: SUCCESS, 18
knockout_winner: INVALID_INPUT
remove_player: SUCCESS
knockout_winner: SUCCESS, 1
knockout_winner: INVALID_INPUT
knockout_winner: INVALID_INPUT
knockout_winner: SUCCESS, 6
knockout_winner: INVALID_INPUT
update_player_stats: SUCCESS
get_all_players_count: SUCCESS, 11
get_all_players: SUCCESS
46
159
15
106
155
47
140
remove_team: FAILURE
knockout_winner: SUCCESS, 10
knockout_winner: SUCCESS, 10
knockout_winner: SUCCESS, 10
knockout_winner: SUCCESS, 10
knockout_winner: SUCCESS, 10
add_player: FAILURE
get_closest_player: SUCCESS, 142
update_player_stats: SUCCESS
get_top_scorer: SUCCESS, 28
add_player: FAILURE
unite_teams: FAILURE
get_closest_player: SUCCESS, 52
remove_player: SUCCESS
knockout_winner: INVALID_INPUT
knockout_winner: SUCCESS, 10
knockout_winner: INVALID_INPUT
knockout_winner: INVALID_INPUT
knockout_winner: INVALID_INPUT
add_team: FAILURE
knockout_winner: SUCCESS, 10
knockout_winner: INVALID_INPUT
knockout_winner: INVALID_INPUT
knockout_winner: SUCCESS, 10
knockout_winner: INVALID_INPUT
remove_team: FAILURE
play_match: FAILURE
knockout_winner: INVALID_INPUT
knockout_winner: SUCCESS, 6
knockout_winner: INVALID_INPUT
knockout_winner: INVALID_INPUT
knockout_winner: INVALID_INPUT
unite_teams: FAILURE
get_all_players: SUCCESS
22
187
57
96
2
11
16
remove_player: SUCCESS
get_team_points: SUCCESS, 11883
get_team_points: SUCCESS, 7114
get_num_played_games: SUCCESS, 8048
play_match: FAILURE
get_top_scorer: SUCCESS, 151
get_all_players: SUCCESS
22
187
57
96
2
11
16
get_closest_player: SUCCESS, 52
remove_player: SUCCESS
unite_teams: SUCCESS
get_all_players_count: SUCCESS, 11
get_all_players_count: SUCCESS, 13
get_all_players: SUCCESS
46
159
15
106
155
47
140
remove_player: SUCCESS
get_top_scorer: SUCCESS, 179
play_match: FAILURE
remove_player: SUCCESS
add_team: FAILURE
get_all_players: SUCCESS
46
159
15
106
155
47
140
get_num_played_games: SUCCESS, 14558
add_player: FAILURE
remove_player: SUCCESS
get_num_played_games: SUCCESS, 7573
get_num_played_games: SUCCESS, 5774
add_player: FAILURE
add_team: FAILURE
get_closest_player: SUCCESS, 28
get_all_players: SUCCESS
87
6
134
59
32
167
105
128
remove_player: SUCCESS
get_closest_player: SUCCESS, 3
add_player: FAILURE
remove_team: FAILURE
get_closest_player: SUCCESS, 188
unite_teams: FAILURE
knockout_winner: FAILURE
knockout_winner: SUCCESS, 18
knockout_winner: FAILURE
knockout_winner: FAILURE
knockout_winner: INVALID_INPUT
get_all_players: SUCCESS
87
6
134
59
32
167
105
128
get_all_players_count: SUCCESS, 6
knockout_winner: INVALID_INPUT
knockout_winner: SUCCESS, 7
knockout_winner: INVALID_INPUT
knockout_winner: INVALID_INPUT
knockout_winner: INVALID_INPUT
update_player_stats: SUCCESS
get_num_played_games: SUCCESS, 2669
remove_player: SUCCESS
remove_player: SUCCESS
get_num_played_games: SUCCESS, 9916
get_num_played_games: SUCCESS, 5005
add_team: FAILURE
remove_team: FAILURE
get_top_scorer: SUCCESS, 127
add_player: FAILURE
remove_team: FAILURE
remove_player: SUCCESS
add_player: FAILURE
remove_team: FAILURE
add_player: FAILURE
get_team_points: SUCCESS, 7691
get_num_played_games: SUCCESS, 9041
unite_teams: FAILURE
remove_player: SUCCESS
remove_team: FAILURE
get_num_played_games: SUCCESS, 10232
knockout_winner: INVALID_INPUT
knockout_winner: INVALID_INPUT
knockout_winner: INVALID_INPUT
knockout_winner: INVALID_INPUT
knockout_winner: INVALID_INPUT
remove_player: SUCCESS
remove_player: SUCCESS
add_player: FAILURE
update_player_stats: SUCCESS
remove_player: SUCCESS
add_player: FAILURE
get_top_scorer: SUCCESS, 142
get_team_points: SUCCESS, 11186
play_match: FAILURE
play_match: FAILURE
knockout_winner: SUCCESS, 7
knockout_winner: SUCCESS, 7
knockout_winner: SUCCESS, 1
knockout_winner: SUCCESS, 10
knockout_winner: INVALID_INPUT
get_top_scorer: SUCCESS, 28
remove_player: SUCCESS
remove_team: FAILURE
get_closest_player: SUCCESS, 137
get_num_played_games: SUCCESS, 4049
unite_teams: FAILURE
remove_player: SUCCESS
get_closest_player: SUCCESS, 75
get_team_points: SUCCESS, 5808
get_team_points: SUCCESS, 12134
get_num_played_games: SUCCESS, 6809
update_player_stats: SUCCESS
play_match: FAILURE
remove_player: SUCCESS
unite_teams: FAILURE
update_player_stats: SUCCESS
add_team: FAILURE
remove_team: FAILURE
get_all_players: SUCCESS
3
173
62
168
65
101
80
108
85
66
118
24
169
60
25
51
179
get_top_scorer: SUCCESS, 179
get_team_points: SUCCESS, 8738
get_all_players: SUCCESS
43
78
148
27
93
171
20
36
198
147
145
get_team_points: SUCCESS, 2807
get_all_players_count: SUCCESS, 17
get_top_scorer: SUCCESS, 179
unite_teams: FAILURE
get_team_points: SUCCESS, 5808
get_num_played_games: SUCCESS, 3556
get_team_points: SUCCESS, 11186
get_all_players: SUCCESS
43
78
148
27
93
171
20
36
198
147
145
get_num_played_games: SUCCESS, 1731
get_closest_player: SUCCESS, 182
update_player_stats: SUCCESS
get_closest_player: SUCCESS, 92
update_player_stats: SUCCESS
play_match: SUCCESS
add_team: FAILURE
get_all_players: SUCCESS
1
107
191
125
123
7
61
39
13
remove_player: SUCCESS
get_num_played_games: SUCCESS, 11938
get_num_played_games: SUCCESS, 1199
remove_player: SUCCESS
remove_team: FAILURE
get_top_scorer: SUCCESS, 109
remove_team: FAILURE
get_team_points: SUCCESS, 15444
unite_teams: FAILURE
unite_teams: FAILURE
get_top_scorer: SUCCESS, 109
get_all_players: SUCCESS
196
92
172
165
5
52
142
get_all_players_count: SUCCESS, 7
get_team_points: SUCCESS, 10760
add_team: FAILURE
update_player_stats: SUCCESS
knockout_winner: SUCCESS, 6
knockout_winner: SUCCESS, 10
knockout_winner: SUCCESS, 1
knockout_winner: FAILURE
knockout_winner: INVALID_INPUT
get_num_played_games: SUCCESS, 16909
update_player_stats: SUCCESS
remove_team: FAILURE
add_team: FAILURE
update_player_stats: SUCCESS
remove_team: FAILURE
get_team_points: SUCCESS, 3306
get_top_scorer: SUCCESS, 163
remove_team: FAILURE
update_player_stats: SUCCESS
get_all_players_count: SUCCESS, 6
get_top_scorer: SUCCESS, 145
get_closest_player: SUCCESS, 27
get_top_scorer: SUCCESS, 37
get_top_scorer: SUCCESS, 13
get_all_players: SUCCESS
72
63
41
182
132
178
188
146
18
190
195
unite_teams: FAILURE
add_team: FAILURE
get_num_played_games: SUCCESS, 4049
knockout_winner: SUCCESS, 10
knockout_winner: SUCCESS, 10
knockout_winner: SUCCESS, 10
knockout_winner: SUCCESS, 10
knockout_winner: SUCCESS, 10
knockout_winner: INVALID_INPUT
knockout_winner: SUCCESS, 10
knockout_winner: INVALID_INPUT
knockout_winner: INVALID_INPUT
knockout_winner: INVALID_INPUT
add_player: FAILURE
get_num_played_games: SUCCESS, 11560
play_match: FAILURE
get_num_played_games: SUCCESS, 1784
unite_teams: FAILURE
add_team: FAILURE
play_match: FAILURE
add_player: FAILURE
add_player: FAILURE
add_player: FAILURE
get_top_scorer: SUCCESS, 145
get_all_players: SUCCESS
38
199
79
153
154
183
update_player_stats: SUCCESS
get_top_scorer: SUCCESS, 151
remove_player: SUCCESS
add_team: FAILURE
add_team: FAILURE
get_closest_player: SUCCESS, 195
get_all_players_count: SUCCESS, 6
update_player_stats: SUCCESS
play_match: FAILURE
knockout_winner: SUCCESS, 10
knockout_winner: INVALID_INPUT
knockout_winner: INVALID_INPUT
knockout_winner: SUCCESS, 10
knockout_winner: SUCCESS, 10
get_all_players_count: SUCCESS, 6
get_top_scorer: SUCCESS, 179
add_player: FAILURE
remove_player: SUCCESS
get_closest_player: SUCCESS, 182
get_closest_player: SUCCESS, 110
get_team_points: SUCCESS, 11886
play_match: SUCCESS
get_closest_player: SUCCESS, 13
get_top_scorer: SUCCESS, 109
get_all_players: SUCCESS
87
134
59
32
167
105
128
get_all_players: SUCCESS
187
57
96
2
11
16
play_match: FAILURE
get_top_scorer: SUCCESS, 26
add_player: FAILURE
unite_teams: FAILURE
get_team_points: SUCCESS, 8738
get_all_players: SUCCESS
38
199
79
153
154
183
knockout_winner: SUCCESS, 7
knockout_winner: INVALID_INPUT
knockout_winner: INVALID_INPUT
knockout_winner: SUCCESS, 10
knockout_winner: INVALID_INPUT
remove_player: SUCCESS
get_num_played_games: SUCCESS, 10766
add_team: FAILURE
add_player: FAILURE
remove_team: FAILURE
remove_team: FAILURE
get_team_points: SUCCESS, 7114
get_top_scorer: SUCCESS, 26
add_player: FAILURE
get_num_played_games: SUCCESS, 7532
get_top_scorer: SUCCESS, 183
update_player_stats: SUCCESS
remove_player: SUCCESS
get_closest_player: SUCCESS, 106
update_player_stats: SUCCESS
remove_player: SUCCESS
update_player_stats: SUCCESS
get_team_points: SUCCESS, 7601
knockout_winner: SUCCESS, 6
knockout_winner: SUCCESS, 10
knockout_winner: SUCCESS, 1
knockout_winner: SUCCESS, 10
knockout_winner: INVALID_INPUT
add_player: FAILURE
get_team_points: SUCCESS, 7691
play_match: FAILURE
get_num_played_games: SUCCESS, 7573
update_player_stats: SUCCESS
knockout_winner: SUCCESS, 18
knockout_winner: SUCCESS, 10
knockout_winner: SUCCESS, 10
knockout_winner: SUCCESS, 18
knockout_winner: INVALID_INPUT
unite_teams: FAILURE
get_num_played_games: SUCCESS, 14035
play_match: INVALID_INPUT
remove_team: FAILURE
unite_teams: FAILURE
add_team: FAILURE
get_num_played_games: SUCCESS, 5295
add_player: FAILURE
get_all_players: SUCCESS
189
192
35
120
160
54
150
127
109
knockout_winner: INVALID_INPUT
knockout_winner: SUCCESS, 7
knockout_winner: INVALID_INPUT
knockout_winner: INVALID_INPUT
knockout_winner: INVALID_INPUT
get_all_players_count: SUCCESS, 9
get_top_scorer: SUCCESS, 183
get_num_played_games: SUCCESS, 3517
add_player: FAILURE
play_match: FAILURE
get_top_scorer: SUCCESS, 28
get_team_points: SUCCESS, 7691
add_player: FAILURE
get_team_points: SUCCESS, 7114
get_all_players: SUCCESS
3
173
62
168
65
101
80
108
85
66
118
24
60
25
51
169
179
remove_team: FAILURE
add_team: FAILURE
get_all_players: SUCCESS
84
9
114
91
74
40
37
get_num_played_games: SUCCESS, 383
get_closest_player: SUCCESS, 67
unite_teams: FAILURE
knockout_winner: INVALID_INPUT
knockout_winner: SUCCESS, 6
knockout_winner: INVALID_INPUT
knockout_winner: INVALID_INPUT
knockout_winner: INVALID_INPUT
get_all_players: SUCCESS
185
131
86
67
48
71
177
138
75
45
163
play_match: FAILURE
get_num_played_games: SUCCESS, 22361
get_all_players: SUCCESS
185
131
86
67
48
71
177
138
75
45
163
update_player_stats: SUCCESS
add_team: FAILURE
update_player_stats: SUCCESS
add_team: FAILURE
add_player: FAILURE
get_num_played_games: SUCCESS, 11867
get_closest_player: SUCCESS, 173
unite_teams: INVALID_INPUT
update_player_stats: SUCCESS
remove_player: SUCCESS
play_match: FAILURE
remove_player: SUCCESS
get_team_points: SUCCESS, 18311
remove_player: SUCCESS
get_closest_player: SUCCESS, 131
play_match: FAILURE
get_num_played_games: SUCCESS, 5295
get_closest_player: SUCCESS, 24
knockout_winner: FAILURE
knockout_winner: SUCCESS, 18
knockout_winner: FAILURE
knockout_winner: FAILURE
knockout_winner: INVALID_INPUT
play_match: INVALID_INPUT
get_all_players_count: SUCCESS, 7
update_player_stats: SUCCESS
remove_player: SUCCESS
update_player_stats: SUCCESS
play_match: FAILURE
get_team_points: SUCCESS, 8738
get_closest_player: SUCCESS, 58
add_team: FAILURE
play_match: FAILURE
get_team_points: SUCCESS, 2807
get_top_scorer: SUCCESS, 163
unite_teams: FAILURE
add_team: FAILURE
play_match: FAILURE
remove_player: SUCCESS
remove_team: FAILURE
remove_player: SUCCESS
get_top_scorer: SUCCESS, 28
play_match: FAILURE
get_top_scorer: SUCCESS, 142
knockout_winner: INVALID_INPUT
knockout_winner: SUCCESS, 10
knockout_winner: INVALID_INPUT
knockout_winner: INVALID_INPUT
knockout_winner: INVALID_INPUT
update_player_stats: SUCCESS
get_team_points: SUCCESS, 5451
remove_team: FAILURE
get_all_players_count: SUCCESS, 6
get_closest_player: SUCCESS, 125
add_team: FAILURE
get_top_scorer: SUCCESS, 142
remove_player: SUCCESS
get_team_points: SUCCESS, 5451
remove_player: SUCCESS
get_all_players_count: SUCCESS, 11
unite_teams: FAILURE
update_player_stats: SUCCESS
get_all_players: SUCCESS
38
199
79
153
154
183
remove_player: SUCCESS
remove_team: FAILURE
knockout_winner: FAILURE
knockout_winner: INVALID_INPUT
knockout_winner: INVALID_INPUT
knockout_winner: FAILURE
knockout_winner: INVALID_INPUT
get_top_scorer: SUCCESS, 183
get_top_scorer: SUCCESS, 194
unite_teams: FAILURE
get_all_players_count: SUCCESS, 7
add_team: FAILURE
add_team: FAILURE
get_num_played_games: SUCCESS, 7172
get_team_points: SUCCESS, 12134
add_player: FAILURE
remove_player: SUCCESS
remove_player: SUCCESS
unite_teams: FAILURE
get_all_players: SUCCESS
10
89
58
157
103
34
144
42
102
56
49
knockout_winner: FAILURE
knockout_winner: INVALID_INPUT
knockout_winner: INVALID_INPUT
knockout_winner: FAILURE
knockout_winner: INVALID_INPUT
get_team_points: SUCCESS, 15444
get_all_players_count: SUCCESS, 6
add_team: FAILURE
remove_team: FAILURE
add_player: FAILURE
get_all_players: SUCCESS
87
134
59
32
167
105
128
update_player_stats: SUCCESS
unite_teams: SUCCESS
get_all_players_count: SUCCESS, 6
knockout_winner: SUCCESS, 10
knockout_winner: SUCCESS, 10
knockout_winner: SUCCESS, 7
knockout_winner: SUCCESS, 18
knockout_winner: INVALID_INPUT
get_closest_player: SUCCESS, 47
unite_teams: SUCCESS
remove_team: FAILURE
unite_teams: FAILURE
update_player_stats: SUCCESS
get_num_played_games: SUCCESS, 10986
unite_teams: FAILURE
get_team_points: SUCCESS, 11186
add_player: FAILURE
play_match: FAILURE
update_player_stats: SUCCESS
get_all_players: SUCCESS
84
9
114
74
40
37
get_all_players: SUCCESS
10
89
58
157
103
34
144
42
102
56
49
get_team_points: SUCCESS, 7114
remove_player: SUCCESS
knockout_winner: INVALID_INPUT
knockout_winner: INVALID_INPUT
knockout_winner: INVALID_INPUT
knockout_winner: INVALID_INPUT
knockout_winner: INVALID_INPUT
knockout_winner: SUCCESS, 1
knockout_winner: INVALID_INPUT
knockout_winner: INVALID_INPUT
knockout_winner: FAILURE
knockout_winner: INVALID_INPUT
get_top_scorer: SUCCESS, 28
remove_team: FAILURE
remove_team: FAILURE
get_top_scorer: SUCCESS, 16
add_team: FAILURE
remove_team: FAILURE
unite_teams: FAILURE
unite_teams: FAILURE
remove_team: FAILURE
update_player_stats: SUCCESS
update_player_stats: SUCCESS
get_team_points: SUCCESS, 11886
get_all_players_count: SUCCESS, 5
get_team_points: SUCCESS, 19498
get_team_points: SUCCESS, 7601
get_top_scorer: SUCCESS, 37
get_team_points: SUCCESS, 18311
remove_player: SUCCESS
remove_team: FAILURE
remove_team: FAILURE
get_all_players: SUCCESS
1
185
131
86
191
125
123
7
48
71
138
61
39
75
13
45
177
163
get_all_players_count: SUCCESS, 18
get_team_points: SUCCESS, 15444
get_top_scorer: SUCCESS, 163
remove_player: SUCCESS
update_player_stats: SUCCESS
remove_team: FAILURE
add_player: FAILURE
play_match: SUCCESS
unite_teams: SUCCESS
add_player: FAILURE
knockout_winner: FAILURE
knockout_winner: INVALID_INPUT
knockout_winner: INVALID_INPUT
knockout_winner: FAILURE
knockout_winner: INVALID_INPUT
get_num_played_games: SUCCESS, 9143
knockout_winner: SUCCESS, 15
knockout_winner: SUCCESS, 15
knockout_winner: SUCCESS, 7
knockout_winner: SUCCESS, 15
knockout_winner: INVALID_INPUT
play_match: FAILURE
get_top_scorer: SUCCESS, 26
knockout_winner: FAILURE
knockout_winner: SUCCESS, 15
knockout_winner: FAILURE
knockout_winner: SUCCESS, 15
knockout_winner: INVALID_INPUT
play_match: FAILURE
get_team_points: SUCCESS, 12134
get_team_points: SUCCESS, 19498
get_closest_player: SUCCESS, 123
add_team: FAILURE
knockout_winner: INVALID_INPUT
knockout_winner: SUCCESS, 7
knockout_winner: INVALID_INPUT
knockout_winner: INVALID_INPUT
knockout_winner: INVALID_INPUT
add_team: FAILURE
remove_team: FAILURE
add_team: FAILURE
add_player: FAILURE
get_num_played_games: SUCCESS, 7991
knockout_winner: INVALID_INPUT
knockout_winner: SUCCESS, 15
knockout_winner: INVALID_INPUT
knockout_winner: INVALID_INPUT
knockout_winner: INVALID_INPUT
get_num_played_games: SUCCESS, 82
play_match: SUCCESS
update_player_stats: SUCCESS
get_num_played_games: SUCCESS, 8281
add_team: FAILURE
add_team: FAILURE
get_closest_player: SUCCESS, 195
get_top_scorer: SUCCESS, 190
get_all_players_count: SUCCESS, 15
knockout_winner: FAILURE
knockout_winner: SUCCESS, 15
knockout_winner: FAILURE
knockout_winner: FAILURE
knockout_winner: INVALID_INPUT
play_match: FAILURE
remove_player: SUCCESS
remove_player: SUCCESS
remove_player: SUCCESS
remove_player: SUCCESS
remove_player: SUCCESS
remove_player: SUCCESS
remove_player: SUCCESS
remove_player: SUCCESS
remove_player: SUCCESS
remove_player: SUCCESS
remove_player: SUCCESS
remove_player: SUCCESS
remove_player: SUCCESS
remove_player: SUCCESS
remove_player: SUCCESS
remove_player: SUCCESS
remove_player: SUCCESS
remove_player: SUCCESS
remove_player: SUCCESS
remove_player: SUCCESS
remove_player: SUCCESS
remove_player: SUCCESS
remove_player: SUCCESS
remove_player: SUCCESS
remove_player: SUCCESS
remove_player: SUCCESS
remove_player: SUCCESS
remove_player: SUCCESS
remove_player: SUCCESS
remove_player: SUCCESS
remove_player: SUCCESS
remove_player: SUCCESS
remove_player: SUCCESS
remove_player: SUCCESS
remove_player: SUCCESS
remove_player: SUCCESS
remove_player: SUCCESS
remove_player: SUCCESS
remove_player: SUCCESS
remove_player: SUCCESS
remove_player: SUCCESS
remove_player: SUCCESS
remove_player: SUCCESS
remove_player: SUCCESS
remove_player: SUCCESS
remove_player: SUCCESS
remove_player: SUCCESS
remove_player: SUCCESS
remove_player: SUCCESS
remove_player: SUCCESS
remove_player: SUCCESS
remove_player: SUCCESS
remove_player: SUCCESS
remove_player: SUCCESS
remove_player: SUCCESS
remove_player: SUCCESS
remove_player: SUCCESS
remove_player: SUCCESS
remove_player: SUCCESS
remove_player: SUCCESS
remove_player: SUCCESS
remove_player: SUCCESS
remove_player: SUCCESS
remove_player: SUCCESS
remove_player: SUCCESS
remove_player: SUCCESS
remove_player: SUCCESS
remove_player: SUCCESS
remove_player: SUCCESS
remove_player: SUCCESS
remove_player: SUCCESS
remove_player: SUCCESS
remove_player: SUCCESS
remove_player: SUCCESS
remove_player: SUCCESS
remove_player: SUCCESS
remove_player: SUCCESS
remove_player: SUCCESS
remove_player: SUCCESS
remove_player: SUCCESS
remove_player: SUCCESS
remove_player: SUCCESS
remove_player: SUCCESS
remove_player: SUCCESS
remove_player: SUCCESS
remove_player: SUCCESS
remove_player: SUCCESS
remove_player: SUCCESS
remove_player: SUCCESS
remove_player: SUCCESS
remove_player: SUCCESS
remove_player: SUCCESS
remove_player: SUCCESS
remove_player: SUCCESS
remove_player: SUCCESS
remove_player: SUCCESS
remove_player: SUCCESS
remove_player: SUCCESS
remove_player: SUCCESS
remove_player: SUCCESS
remove_player: SUCCESS
remove_player: SUCCESS
remove_player: SUCCESS
remove_player: SUCCESS
remove_player: SUCCESS
remove_player: SUCCESS
remove_player: SUCCESS
remove_player: SUCCESS
remove_player: SUCCESS
remove_player: SUCCESS
remove_player: SUCCESS
remove_player: SUCCESS
remove_player: SUCCESS
remove_player: SUCCESS
remove_player: SUCCESS
remove_player: SUCCESS
remove_player: SUCCESS
remove_player: SUCCESS
remove_player: SUCCESS
remove_player: SUCCESS
remove_player: SUCCESS
remove_player: SUCCESS
remove_player: SUCCESS
remove_player: SUCCESS
remove_player: SUCCESS
remove_player: SUCCESS
remove_player: SUCCESS
remove_team: SUCCESS
remove_team: SUCCESS
remove_team: SUCCESS
remove_team: SUCCESS
remove_team: SUCCESS
remove_team: SUCCESS
remove_team: SUCCESS
remove_team: SUCCESS
remove_team: SUCCESS
remove_team: SUCCESS
remove_team: SUCCESS
remove_team: SUCCESS
remove_team: SUCCESS
